11-Jun-2024 12:17:41 CEST  Initiating request to open file root://eoscms.cern.ch//eos/cms/store/mc/RunIISummer20UL17MiniAODv2/QCD_HT700to1000_TuneCP5_PSWeights_13TeV-madgraph-pythia8/MINIAODSIM/106X_mc2017_realistic_v9-v1/260000/8CB70636-53F1-0B48-AC9D-0FD580B9AB11.root
%MSG-w XrdAdaptorInternal:  file_open 11-Jun-2024 12:17:42 CEST pre-events
Failed to open file at URL root://eoscms.cern.ch:1094//eos/cms/store/mc/RunIISummer20UL17MiniAODv2/QCD_HT700to1000_TuneCP5_PSWeights_13TeV-madgraph-pythia8/MINIAODSIM/106X_mc2017_realistic_v9-v1/260000/8CB70636-53F1-0B48-AC9D-0FD580B9AB11.root.
%MSG
%MSG-w XrdAdaptorInternal:  file_open 11-Jun-2024 12:17:42 CEST pre-events
Failed to open file at URL root://eoscms.cern.ch:1094//eos/cms/store/mc/RunIISummer20UL17MiniAODv2/QCD_HT700to1000_TuneCP5_PSWeights_13TeV-madgraph-pythia8/MINIAODSIM/106X_mc2017_realistic_v9-v1/260000/8CB70636-53F1-0B48-AC9D-0FD580B9AB11.root?tried=.
%MSG
11-Jun-2024 12:17:42 CEST  Fallback request to file root://xrootd-cms.infn.it//store/mc/RunIISummer20UL17MiniAODv2/QCD_HT700to1000_TuneCP5_PSWeights_13TeV-madgraph-pythia8/MINIAODSIM/106X_mc2017_realistic_v9-v1/260000/8CB70636-53F1-0B48-AC9D-0FD580B9AB11.root
Unable to load sec.protocol plugin libXrdSecztn.so
%MSG-w XrdAdaptor:  file_open 11-Jun-2024 12:17:58 CEST pre-events
Data is served from fnal.gov instead of original site T2_FR_GRIF_LLR
%MSG
11-Jun-2024 12:18:04 CEST  Successfully opened file root://xrootd-cms.infn.it//store/mc/RunIISummer20UL17MiniAODv2/QCD_HT700to1000_TuneCP5_PSWeights_13TeV-madgraph-pythia8/MINIAODSIM/106X_mc2017_realistic_v9-v1/260000/8CB70636-53F1-0B48-AC9D-0FD580B9AB11.root
Unable to load sec.protocol plugin libXrdSecztn.so
Begin processing the 1st record. Run 1, Event 18645272, LumiSection 1982 on stream 0 at 11-Jun-2024 12:18:13.248 CEST
11-Jun-2024 12:18:16 CEST  Closed file root://xrootd-cms.infn.it//store/mc/RunIISummer20UL17MiniAODv2/QCD_HT700to1000_TuneCP5_PSWeights_13TeV-madgraph-pythia8/MINIAODSIM/106X_mc2017_realistic_v9-v1/260000/8CB70636-53F1-0B48-AC9D-0FD580B9AB11.root
11-Jun-2024 12:18:16 CEST  Initiating request to open file root://eoscms.cern.ch//eos/cms/store/mc/RunIISummer20UL17MiniAODv2/QCD_HT700to1000_TuneCP5_PSWeights_13TeV-madgraph-pythia8/MINIAODSIM/106X_mc2017_realistic_v9-v1/260000/CDAC2402-C67A-F940-9CD0-821C8FF69671.root
%MSG-w XrdAdaptorInternal:  file_open 11-Jun-2024 12:18:17 CEST PostProcessEvent
Failed to open file at URL root://eoscms.cern.ch:1094//eos/cms/store/mc/RunIISummer20UL17MiniAODv2/QCD_HT700to1000_TuneCP5_PSWeights_13TeV-madgraph-pythia8/MINIAODSIM/106X_mc2017_realistic_v9-v1/260000/CDAC2402-C67A-F940-9CD0-821C8FF69671.root.
%MSG
%MSG-w XrdAdaptorInternal:  file_open 11-Jun-2024 12:18:17 CEST PostProcessEvent
Failed to open file at URL root://eoscms.cern.ch:1094//eos/cms/store/mc/RunIISummer20UL17MiniAODv2/QCD_HT700to1000_TuneCP5_PSWeights_13TeV-madgraph-pythia8/MINIAODSIM/106X_mc2017_realistic_v9-v1/260000/CDAC2402-C67A-F940-9CD0-821C8FF69671.root?tried=.
%MSG
11-Jun-2024 12:18:17 CEST  Fallback request to file root://xrootd-cms.infn.it//store/mc/RunIISummer20UL17MiniAODv2/QCD_HT700to1000_TuneCP5_PSWeights_13TeV-madgraph-pythia8/MINIAODSIM/106X_mc2017_realistic_v9-v1/260000/CDAC2402-C67A-F940-9CD0-821C8FF69671.root
%MSG-w XrdAdaptor:  file_open 11-Jun-2024 12:18:29 CEST PostProcessEvent
Data is served from fnal.gov instead of original site T2_FR_GRIF_LLR
%MSG
11-Jun-2024 12:18:29 CEST  Successfully opened file root://xrootd-cms.infn.it//store/mc/RunIISummer20UL17MiniAODv2/QCD_HT700to1000_TuneCP5_PSWeights_13TeV-madgraph-pythia8/MINIAODSIM/106X_mc2017_realistic_v9-v1/260000/CDAC2402-C67A-F940-9CD0-821C8FF69671.root
Unable to load sec.protocol plugin libXrdSecztn.so
Begin processing the 100001st record. Run 1, Event 264847542, LumiSection 28140 on stream 0 at 11-Jun-2024 12:18:38.522 CEST
11-Jun-2024 12:18:39 CEST  Closed file root://xrootd-cms.infn.it//store/mc/RunIISummer20UL17MiniAODv2/QCD_HT700to1000_TuneCP5_PSWeights_13TeV-madgraph-pythia8/MINIAODSIM/106X_mc2017_realistic_v9-v1/260000/CDAC2402-C67A-F940-9CD0-821C8FF69671.root
11-Jun-2024 12:18:39 CEST  Initiating request to open file root://eoscms.cern.ch//eos/cms/store/mc/RunIISummer20UL17MiniAODv2/QCD_HT700to1000_TuneCP5_PSWeights_13TeV-madgraph-pythia8/MINIAODSIM/106X_mc2017_realistic_v9-v1/260000/EBE9A774-88DF-A344-9BB8-90592112146B.root
%MSG-w XrdAdaptorInternal:  file_open 11-Jun-2024 12:18:40 CEST PostProcessEvent
Failed to open file at URL root://eoscms.cern.ch:1094//eos/cms/store/mc/RunIISummer20UL17MiniAODv2/QCD_HT700to1000_TuneCP5_PSWeights_13TeV-madgraph-pythia8/MINIAODSIM/106X_mc2017_realistic_v9-v1/260000/EBE9A774-88DF-A344-9BB8-90592112146B.root.
%MSG
%MSG-w XrdAdaptorInternal:  file_open 11-Jun-2024 12:18:40 CEST PostProcessEvent
Failed to open file at URL root://eoscms.cern.ch:1094//eos/cms/store/mc/RunIISummer20UL17MiniAODv2/QCD_HT700to1000_TuneCP5_PSWeights_13TeV-madgraph-pythia8/MINIAODSIM/106X_mc2017_realistic_v9-v1/260000/EBE9A774-88DF-A344-9BB8-90592112146B.root?tried=.
%MSG
11-Jun-2024 12:18:40 CEST  Fallback request to file root://xrootd-cms.infn.it//store/mc/RunIISummer20UL17MiniAODv2/QCD_HT700to1000_TuneCP5_PSWeights_13TeV-madgraph-pythia8/MINIAODSIM/106X_mc2017_realistic_v9-v1/260000/EBE9A774-88DF-A344-9BB8-90592112146B.root
%MSG-w XrdAdaptor:  file_open 11-Jun-2024 12:18:53 CEST PostProcessEvent
Data is served from fnal.gov instead of original site T2_FR_GRIF_LLR
%MSG
11-Jun-2024 12:18:53 CEST  Successfully opened file root://xrootd-cms.infn.it//store/mc/RunIISummer20UL17MiniAODv2/QCD_HT700to1000_TuneCP5_PSWeights_13TeV-madgraph-pythia8/MINIAODSIM/106X_mc2017_realistic_v9-v1/260000/EBE9A774-88DF-A344-9BB8-90592112146B.root
11-Jun-2024 12:19:00 CEST  Closed file root://xrootd-cms.infn.it//store/mc/RunIISummer20UL17MiniAODv2/QCD_HT700to1000_TuneCP5_PSWeights_13TeV-madgraph-pythia8/MINIAODSIM/106X_mc2017_realistic_v9-v1/260000/EBE9A774-88DF-A344-9BB8-90592112146B.root
11-Jun-2024 12:19:00 CEST  Initiating request to open file root://eoscms.cern.ch//eos/cms/store/mc/RunIISummer20UL17MiniAODv2/QCD_HT700to1000_TuneCP5_PSWeights_13TeV-madgraph-pythia8/MINIAODSIM/106X_mc2017_realistic_v9-v1/260000/DF37EA6F-958E-6E43-96C7-3F23C99BFA70.root
%MSG-w XrdAdaptorInternal:  file_open 11-Jun-2024 12:19:01 CEST PostProcessEvent
Failed to open file at URL root://eoscms.cern.ch:1094//eos/cms/store/mc/RunIISummer20UL17MiniAODv2/QCD_HT700to1000_TuneCP5_PSWeights_13TeV-madgraph-pythia8/MINIAODSIM/106X_mc2017_realistic_v9-v1/260000/DF37EA6F-958E-6E43-96C7-3F23C99BFA70.root.
%MSG
%MSG-w XrdAdaptorInternal:  file_open 11-Jun-2024 12:19:01 CEST PostProcessEvent
Failed to open file at URL root://eoscms.cern.ch:1094//eos/cms/store/mc/RunIISummer20UL17MiniAODv2/QCD_HT700to1000_TuneCP5_PSWeights_13TeV-madgraph-pythia8/MINIAODSIM/106X_mc2017_realistic_v9-v1/260000/DF37EA6F-958E-6E43-96C7-3F23C99BFA70.root?tried=.
%MSG
11-Jun-2024 12:19:01 CEST  Fallback request to file root://xrootd-cms.infn.it//store/mc/RunIISummer20UL17MiniAODv2/QCD_HT700to1000_TuneCP5_PSWeights_13TeV-madgraph-pythia8/MINIAODSIM/106X_mc2017_realistic_v9-v1/260000/DF37EA6F-958E-6E43-96C7-3F23C99BFA70.root
%MSG-w XrdAdaptor:  file_open 11-Jun-2024 12:19:14 CEST PostProcessEvent
Data is served from fnal.gov instead of original site T2_FR_GRIF_LLR
%MSG
11-Jun-2024 12:19:14 CEST  Successfully opened file root://xrootd-cms.infn.it//store/mc/RunIISummer20UL17MiniAODv2/QCD_HT700to1000_TuneCP5_PSWeights_13TeV-madgraph-pythia8/MINIAODSIM/106X_mc2017_realistic_v9-v1/260000/DF37EA6F-958E-6E43-96C7-3F23C99BFA70.root
Begin processing the 200001st record. Run 1, Event 86143275, LumiSection 9153 on stream 0 at 11-Jun-2024 12:19:22.311 CEST
11-Jun-2024 12:19:24 CEST  Closed file root://xrootd-cms.infn.it//store/mc/RunIISummer20UL17MiniAODv2/QCD_HT700to1000_TuneCP5_PSWeights_13TeV-madgraph-pythia8/MINIAODSIM/106X_mc2017_realistic_v9-v1/260000/DF37EA6F-958E-6E43-96C7-3F23C99BFA70.root
11-Jun-2024 12:19:24 CEST  Initiating request to open file root://eoscms.cern.ch//eos/cms/store/mc/RunIISummer20UL17MiniAODv2/QCD_HT700to1000_TuneCP5_PSWeights_13TeV-madgraph-pythia8/MINIAODSIM/106X_mc2017_realistic_v9-v1/260000/94C1E85C-441E-E748-B60D-5917E903077F.root
%MSG-w XrdAdaptorInternal:  file_open 11-Jun-2024 12:19:25 CEST PostProcessEvent
Failed to open file at URL root://eoscms.cern.ch:1094//eos/cms/store/mc/RunIISummer20UL17MiniAODv2/QCD_HT700to1000_TuneCP5_PSWeights_13TeV-madgraph-pythia8/MINIAODSIM/106X_mc2017_realistic_v9-v1/260000/94C1E85C-441E-E748-B60D-5917E903077F.root.
%MSG
%MSG-w XrdAdaptorInternal:  file_open 11-Jun-2024 12:19:25 CEST PostProcessEvent
Failed to open file at URL root://eoscms.cern.ch:1094//eos/cms/store/mc/RunIISummer20UL17MiniAODv2/QCD_HT700to1000_TuneCP5_PSWeights_13TeV-madgraph-pythia8/MINIAODSIM/106X_mc2017_realistic_v9-v1/260000/94C1E85C-441E-E748-B60D-5917E903077F.root?tried=.
%MSG
11-Jun-2024 12:19:25 CEST  Fallback request to file root://xrootd-cms.infn.it//store/mc/RunIISummer20UL17MiniAODv2/QCD_HT700to1000_TuneCP5_PSWeights_13TeV-madgraph-pythia8/MINIAODSIM/106X_mc2017_realistic_v9-v1/260000/94C1E85C-441E-E748-B60D-5917E903077F.root
%MSG-w XrdAdaptor:  file_open 11-Jun-2024 12:19:37 CEST PostProcessEvent
Data is served from fnal.gov instead of original site T2_FR_GRIF_LLR
%MSG
11-Jun-2024 12:19:38 CEST  Successfully opened file root://xrootd-cms.infn.it//store/mc/RunIISummer20UL17MiniAODv2/QCD_HT700to1000_TuneCP5_PSWeights_13TeV-madgraph-pythia8/MINIAODSIM/106X_mc2017_realistic_v9-v1/260000/94C1E85C-441E-E748-B60D-5917E903077F.root
11-Jun-2024 12:19:46 CEST  Closed file root://xrootd-cms.infn.it//store/mc/RunIISummer20UL17MiniAODv2/QCD_HT700to1000_TuneCP5_PSWeights_13TeV-madgraph-pythia8/MINIAODSIM/106X_mc2017_realistic_v9-v1/260000/94C1E85C-441E-E748-B60D-5917E903077F.root
11-Jun-2024 12:19:46 CEST  Initiating request to open file root://eoscms.cern.ch//eos/cms/store/mc/RunIISummer20UL17MiniAODv2/QCD_HT700to1000_TuneCP5_PSWeights_13TeV-madgraph-pythia8/MINIAODSIM/106X_mc2017_realistic_v9-v1/260000/1D630535-3B26-4D44-B8E3-AF014A5DDAD7.root
%MSG-w XrdAdaptorInternal:  file_open 11-Jun-2024 12:19:47 CEST PostProcessEvent
Failed to open file at URL root://eoscms.cern.ch:1094//eos/cms/store/mc/RunIISummer20UL17MiniAODv2/QCD_HT700to1000_TuneCP5_PSWeights_13TeV-madgraph-pythia8/MINIAODSIM/106X_mc2017_realistic_v9-v1/260000/1D630535-3B26-4D44-B8E3-AF014A5DDAD7.root.
%MSG
%MSG-w XrdAdaptorInternal:  file_open 11-Jun-2024 12:19:47 CEST PostProcessEvent
Failed to open file at URL root://eoscms.cern.ch:1094//eos/cms/store/mc/RunIISummer20UL17MiniAODv2/QCD_HT700to1000_TuneCP5_PSWeights_13TeV-madgraph-pythia8/MINIAODSIM/106X_mc2017_realistic_v9-v1/260000/1D630535-3B26-4D44-B8E3-AF014A5DDAD7.root?tried=.
%MSG
11-Jun-2024 12:19:47 CEST  Fallback request to file root://xrootd-cms.infn.it//store/mc/RunIISummer20UL17MiniAODv2/QCD_HT700to1000_TuneCP5_PSWeights_13TeV-madgraph-pythia8/MINIAODSIM/106X_mc2017_realistic_v9-v1/260000/1D630535-3B26-4D44-B8E3-AF014A5DDAD7.root
%MSG-w XrdAdaptor:  file_open 11-Jun-2024 12:20:00 CEST PostProcessEvent
Data is served from fnal.gov instead of original site T2_FR_GRIF_LLR
%MSG
11-Jun-2024 12:20:01 CEST  Successfully opened file root://xrootd-cms.infn.it//store/mc/RunIISummer20UL17MiniAODv2/QCD_HT700to1000_TuneCP5_PSWeights_13TeV-madgraph-pythia8/MINIAODSIM/106X_mc2017_realistic_v9-v1/260000/1D630535-3B26-4D44-B8E3-AF014A5DDAD7.root
Begin processing the 300001st record. Run 1, Event 123851064, LumiSection 13159 on stream 0 at 11-Jun-2024 12:20:08.205 CEST
11-Jun-2024 12:20:10 CEST  Closed file root://xrootd-cms.infn.it//store/mc/RunIISummer20UL17MiniAODv2/QCD_HT700to1000_TuneCP5_PSWeights_13TeV-madgraph-pythia8/MINIAODSIM/106X_mc2017_realistic_v9-v1/260000/1D630535-3B26-4D44-B8E3-AF014A5DDAD7.root
11-Jun-2024 12:20:10 CEST  Initiating request to open file root://eoscms.cern.ch//eos/cms/store/mc/RunIISummer20UL17MiniAODv2/QCD_HT700to1000_TuneCP5_PSWeights_13TeV-madgraph-pythia8/MINIAODSIM/106X_mc2017_realistic_v9-v1/260000/FE2806F2-03CA-A446-B3CE-EDB0265CF652.root
%MSG-w XrdAdaptorInternal:  file_open 11-Jun-2024 12:20:11 CEST PostProcessEvent
Failed to open file at URL root://eoscms.cern.ch:1094//eos/cms/store/mc/RunIISummer20UL17MiniAODv2/QCD_HT700to1000_TuneCP5_PSWeights_13TeV-madgraph-pythia8/MINIAODSIM/106X_mc2017_realistic_v9-v1/260000/FE2806F2-03CA-A446-B3CE-EDB0265CF652.root.
%MSG
%MSG-w XrdAdaptorInternal:  file_open 11-Jun-2024 12:20:11 CEST PostProcessEvent
Failed to open file at URL root://eoscms.cern.ch:1094//eos/cms/store/mc/RunIISummer20UL17MiniAODv2/QCD_HT700to1000_TuneCP5_PSWeights_13TeV-madgraph-pythia8/MINIAODSIM/106X_mc2017_realistic_v9-v1/260000/FE2806F2-03CA-A446-B3CE-EDB0265CF652.root?tried=.
%MSG
11-Jun-2024 12:20:11 CEST  Fallback request to file root://xrootd-cms.infn.it//store/mc/RunIISummer20UL17MiniAODv2/QCD_HT700to1000_TuneCP5_PSWeights_13TeV-madgraph-pythia8/MINIAODSIM/106X_mc2017_realistic_v9-v1/260000/FE2806F2-03CA-A446-B3CE-EDB0265CF652.root
%MSG-w XrdAdaptor:  file_open 11-Jun-2024 12:20:24 CEST PostProcessEvent
Data is served from fnal.gov instead of original site T2_FR_GRIF_LLR
%MSG
11-Jun-2024 12:20:25 CEST  Successfully opened file root://xrootd-cms.infn.it//store/mc/RunIISummer20UL17MiniAODv2/QCD_HT700to1000_TuneCP5_PSWeights_13TeV-madgraph-pythia8/MINIAODSIM/106X_mc2017_realistic_v9-v1/260000/FE2806F2-03CA-A446-B3CE-EDB0265CF652.root
Begin processing the 400001st record. Run 1, Event 60977993, LumiSection 6479 on stream 0 at 11-Jun-2024 12:20:33.479 CEST
11-Jun-2024 12:20:34 CEST  Closed file root://xrootd-cms.infn.it//store/mc/RunIISummer20UL17MiniAODv2/QCD_HT700to1000_TuneCP5_PSWeights_13TeV-madgraph-pythia8/MINIAODSIM/106X_mc2017_realistic_v9-v1/260000/FE2806F2-03CA-A446-B3CE-EDB0265CF652.root
11-Jun-2024 12:20:34 CEST  Initiating request to open file root://eoscms.cern.ch//eos/cms/store/mc/RunIISummer20UL17MiniAODv2/QCD_HT700to1000_TuneCP5_PSWeights_13TeV-madgraph-pythia8/MINIAODSIM/106X_mc2017_realistic_v9-v1/260000/EEA9EAFA-1D4D-2A4E-9661-A9ACA1DCDF60.root
%MSG-w XrdAdaptorInternal:  file_open 11-Jun-2024 12:20:35 CEST PostProcessEvent
Failed to open file at URL root://eoscms.cern.ch:1094//eos/cms/store/mc/RunIISummer20UL17MiniAODv2/QCD_HT700to1000_TuneCP5_PSWeights_13TeV-madgraph-pythia8/MINIAODSIM/106X_mc2017_realistic_v9-v1/260000/EEA9EAFA-1D4D-2A4E-9661-A9ACA1DCDF60.root.
%MSG
%MSG-w XrdAdaptorInternal:  file_open 11-Jun-2024 12:20:35 CEST PostProcessEvent
Failed to open file at URL root://eoscms.cern.ch:1094//eos/cms/store/mc/RunIISummer20UL17MiniAODv2/QCD_HT700to1000_TuneCP5_PSWeights_13TeV-madgraph-pythia8/MINIAODSIM/106X_mc2017_realistic_v9-v1/260000/EEA9EAFA-1D4D-2A4E-9661-A9ACA1DCDF60.root?tried=.
%MSG
11-Jun-2024 12:20:35 CEST  Fallback request to file root://xrootd-cms.infn.it//store/mc/RunIISummer20UL17MiniAODv2/QCD_HT700to1000_TuneCP5_PSWeights_13TeV-madgraph-pythia8/MINIAODSIM/106X_mc2017_realistic_v9-v1/260000/EEA9EAFA-1D4D-2A4E-9661-A9ACA1DCDF60.root
%MSG-w XrdAdaptor:  file_open 11-Jun-2024 12:20:47 CEST PostProcessEvent
Data is served from fnal.gov instead of original site T2_FR_GRIF_LLR
%MSG
11-Jun-2024 12:20:48 CEST  Successfully opened file root://xrootd-cms.infn.it//store/mc/RunIISummer20UL17MiniAODv2/QCD_HT700to1000_TuneCP5_PSWeights_13TeV-madgraph-pythia8/MINIAODSIM/106X_mc2017_realistic_v9-v1/260000/EEA9EAFA-1D4D-2A4E-9661-A9ACA1DCDF60.root
11-Jun-2024 12:20:57 CEST  Closed file root://xrootd-cms.infn.it//store/mc/RunIISummer20UL17MiniAODv2/QCD_HT700to1000_TuneCP5_PSWeights_13TeV-madgraph-pythia8/MINIAODSIM/106X_mc2017_realistic_v9-v1/260000/EEA9EAFA-1D4D-2A4E-9661-A9ACA1DCDF60.root
11-Jun-2024 12:20:57 CEST  Initiating request to open file root://eoscms.cern.ch//eos/cms/store/mc/RunIISummer20UL17MiniAODv2/QCD_HT700to1000_TuneCP5_PSWeights_13TeV-madgraph-pythia8/MINIAODSIM/106X_mc2017_realistic_v9-v1/260000/0160E010-C412-B14B-B9D3-AE870DE4426C.root
%MSG-w XrdAdaptorInternal:  file_open 11-Jun-2024 12:20:58 CEST PostProcessEvent
Failed to open file at URL root://eoscms.cern.ch:1094//eos/cms/store/mc/RunIISummer20UL17MiniAODv2/QCD_HT700to1000_TuneCP5_PSWeights_13TeV-madgraph-pythia8/MINIAODSIM/106X_mc2017_realistic_v9-v1/260000/0160E010-C412-B14B-B9D3-AE870DE4426C.root.
%MSG
%MSG-w XrdAdaptorInternal:  file_open 11-Jun-2024 12:20:58 CEST PostProcessEvent
Failed to open file at URL root://eoscms.cern.ch:1094//eos/cms/store/mc/RunIISummer20UL17MiniAODv2/QCD_HT700to1000_TuneCP5_PSWeights_13TeV-madgraph-pythia8/MINIAODSIM/106X_mc2017_realistic_v9-v1/260000/0160E010-C412-B14B-B9D3-AE870DE4426C.root?tried=.
%MSG
11-Jun-2024 12:20:58 CEST  Fallback request to file root://xrootd-cms.infn.it//store/mc/RunIISummer20UL17MiniAODv2/QCD_HT700to1000_TuneCP5_PSWeights_13TeV-madgraph-pythia8/MINIAODSIM/106X_mc2017_realistic_v9-v1/260000/0160E010-C412-B14B-B9D3-AE870DE4426C.root
%MSG-w XrdAdaptor:  file_open 11-Jun-2024 12:21:10 CEST PostProcessEvent
Data is served from fnal.gov instead of original site T2_FR_GRIF_LLR
%MSG
11-Jun-2024 12:21:11 CEST  Successfully opened file root://xrootd-cms.infn.it//store/mc/RunIISummer20UL17MiniAODv2/QCD_HT700to1000_TuneCP5_PSWeights_13TeV-madgraph-pythia8/MINIAODSIM/106X_mc2017_realistic_v9-v1/260000/0160E010-C412-B14B-B9D3-AE870DE4426C.root
Begin processing the 500001st record. Run 1, Event 96637402, LumiSection 10268 on stream 0 at 11-Jun-2024 12:21:19.174 CEST
11-Jun-2024 12:21:20 CEST  Closed file root://xrootd-cms.infn.it//store/mc/RunIISummer20UL17MiniAODv2/QCD_HT700to1000_TuneCP5_PSWeights_13TeV-madgraph-pythia8/MINIAODSIM/106X_mc2017_realistic_v9-v1/260000/0160E010-C412-B14B-B9D3-AE870DE4426C.root
11-Jun-2024 12:21:20 CEST  Initiating request to open file root://eoscms.cern.ch//eos/cms/store/mc/RunIISummer20UL17MiniAODv2/QCD_HT700to1000_TuneCP5_PSWeights_13TeV-madgraph-pythia8/MINIAODSIM/106X_mc2017_realistic_v9-v1/260000/17A64F92-FB5C-5048-8448-D04FE9835C21.root
%MSG-w XrdAdaptorInternal:  file_open 11-Jun-2024 12:21:21 CEST PostProcessEvent
Failed to open file at URL root://eoscms.cern.ch:1094//eos/cms/store/mc/RunIISummer20UL17MiniAODv2/QCD_HT700to1000_TuneCP5_PSWeights_13TeV-madgraph-pythia8/MINIAODSIM/106X_mc2017_realistic_v9-v1/260000/17A64F92-FB5C-5048-8448-D04FE9835C21.root.
%MSG
%MSG-w XrdAdaptorInternal:  file_open 11-Jun-2024 12:21:21 CEST PostProcessEvent
Failed to open file at URL root://eoscms.cern.ch:1094//eos/cms/store/mc/RunIISummer20UL17MiniAODv2/QCD_HT700to1000_TuneCP5_PSWeights_13TeV-madgraph-pythia8/MINIAODSIM/106X_mc2017_realistic_v9-v1/260000/17A64F92-FB5C-5048-8448-D04FE9835C21.root?tried=.
%MSG
11-Jun-2024 12:21:21 CEST  Fallback request to file root://xrootd-cms.infn.it//store/mc/RunIISummer20UL17MiniAODv2/QCD_HT700to1000_TuneCP5_PSWeights_13TeV-madgraph-pythia8/MINIAODSIM/106X_mc2017_realistic_v9-v1/260000/17A64F92-FB5C-5048-8448-D04FE9835C21.root
%MSG-w XrdAdaptor:  file_open 11-Jun-2024 12:21:33 CEST PostProcessEvent
Data is served from fnal.gov instead of original site T2_FR_GRIF_LLR
%MSG
11-Jun-2024 12:21:34 CEST  Successfully opened file root://xrootd-cms.infn.it//store/mc/RunIISummer20UL17MiniAODv2/QCD_HT700to1000_TuneCP5_PSWeights_13TeV-madgraph-pythia8/MINIAODSIM/106X_mc2017_realistic_v9-v1/260000/17A64F92-FB5C-5048-8448-D04FE9835C21.root
11-Jun-2024 12:21:45 CEST  Closed file root://xrootd-cms.infn.it//store/mc/RunIISummer20UL17MiniAODv2/QCD_HT700to1000_TuneCP5_PSWeights_13TeV-madgraph-pythia8/MINIAODSIM/106X_mc2017_realistic_v9-v1/260000/17A64F92-FB5C-5048-8448-D04FE9835C21.root
11-Jun-2024 12:21:45 CEST  Initiating request to open file root://eoscms.cern.ch//eos/cms/store/mc/RunIISummer20UL17MiniAODv2/QCD_HT700to1000_TuneCP5_PSWeights_13TeV-madgraph-pythia8/MINIAODSIM/106X_mc2017_realistic_v9-v1/260000/B95F178F-D146-1C48-97E4-23E1F37EA774.root
%MSG-w XrdAdaptorInternal:  file_open 11-Jun-2024 12:21:46 CEST PostProcessEvent
Failed to open file at URL root://eoscms.cern.ch:1094//eos/cms/store/mc/RunIISummer20UL17MiniAODv2/QCD_HT700to1000_TuneCP5_PSWeights_13TeV-madgraph-pythia8/MINIAODSIM/106X_mc2017_realistic_v9-v1/260000/B95F178F-D146-1C48-97E4-23E1F37EA774.root.
%MSG
%MSG-w XrdAdaptorInternal:  file_open 11-Jun-2024 12:21:46 CEST PostProcessEvent
Failed to open file at URL root://eoscms.cern.ch:1094//eos/cms/store/mc/RunIISummer20UL17MiniAODv2/QCD_HT700to1000_TuneCP5_PSWeights_13TeV-madgraph-pythia8/MINIAODSIM/106X_mc2017_realistic_v9-v1/260000/B95F178F-D146-1C48-97E4-23E1F37EA774.root?tried=.
%MSG
11-Jun-2024 12:21:46 CEST  Fallback request to file root://xrootd-cms.infn.it//store/mc/RunIISummer20UL17MiniAODv2/QCD_HT700to1000_TuneCP5_PSWeights_13TeV-madgraph-pythia8/MINIAODSIM/106X_mc2017_realistic_v9-v1/260000/B95F178F-D146-1C48-97E4-23E1F37EA774.root
%MSG-w XrdAdaptor:  file_open 11-Jun-2024 12:21:59 CEST PostProcessEvent
Data is served from fnal.gov instead of original site T2_FR_GRIF_LLR
%MSG
11-Jun-2024 12:22:00 CEST  Successfully opened file root://xrootd-cms.infn.it//store/mc/RunIISummer20UL17MiniAODv2/QCD_HT700to1000_TuneCP5_PSWeights_13TeV-madgraph-pythia8/MINIAODSIM/106X_mc2017_realistic_v9-v1/260000/B95F178F-D146-1C48-97E4-23E1F37EA774.root
Begin processing the 600001st record. Run 1, Event 118103800, LumiSection 12549 on stream 0 at 11-Jun-2024 12:22:07.634 CEST
11-Jun-2024 12:22:10 CEST  Closed file root://xrootd-cms.infn.it//store/mc/RunIISummer20UL17MiniAODv2/QCD_HT700to1000_TuneCP5_PSWeights_13TeV-madgraph-pythia8/MINIAODSIM/106X_mc2017_realistic_v9-v1/260000/B95F178F-D146-1C48-97E4-23E1F37EA774.root
11-Jun-2024 12:22:10 CEST  Initiating request to open file root://eoscms.cern.ch//eos/cms/store/mc/RunIISummer20UL17MiniAODv2/QCD_HT700to1000_TuneCP5_PSWeights_13TeV-madgraph-pythia8/MINIAODSIM/106X_mc2017_realistic_v9-v1/260000/FD0AC6CF-BCD3-B345-A8BB-BCFA2C2D702A.root
%MSG-w XrdAdaptorInternal:  file_open 11-Jun-2024 12:22:11 CEST PostProcessEvent
Failed to open file at URL root://eoscms.cern.ch:1094//eos/cms/store/mc/RunIISummer20UL17MiniAODv2/QCD_HT700to1000_TuneCP5_PSWeights_13TeV-madgraph-pythia8/MINIAODSIM/106X_mc2017_realistic_v9-v1/260000/FD0AC6CF-BCD3-B345-A8BB-BCFA2C2D702A.root.
%MSG
%MSG-w XrdAdaptorInternal:  file_open 11-Jun-2024 12:22:11 CEST PostProcessEvent
Failed to open file at URL root://eoscms.cern.ch:1094//eos/cms/store/mc/RunIISummer20UL17MiniAODv2/QCD_HT700to1000_TuneCP5_PSWeights_13TeV-madgraph-pythia8/MINIAODSIM/106X_mc2017_realistic_v9-v1/260000/FD0AC6CF-BCD3-B345-A8BB-BCFA2C2D702A.root?tried=.
%MSG
11-Jun-2024 12:22:11 CEST  Fallback request to file root://xrootd-cms.infn.it//store/mc/RunIISummer20UL17MiniAODv2/QCD_HT700to1000_TuneCP5_PSWeights_13TeV-madgraph-pythia8/MINIAODSIM/106X_mc2017_realistic_v9-v1/260000/FD0AC6CF-BCD3-B345-A8BB-BCFA2C2D702A.root
%MSG-w XrdAdaptor:  file_open 11-Jun-2024 12:22:23 CEST PostProcessEvent
Data is served from fnal.gov instead of original site T2_FR_GRIF_LLR
%MSG
11-Jun-2024 12:22:24 CEST  Successfully opened file root://xrootd-cms.infn.it//store/mc/RunIISummer20UL17MiniAODv2/QCD_HT700to1000_TuneCP5_PSWeights_13TeV-madgraph-pythia8/MINIAODSIM/106X_mc2017_realistic_v9-v1/260000/FD0AC6CF-BCD3-B345-A8BB-BCFA2C2D702A.root
Begin processing the 700001st record. Run 1, Event 117368897, LumiSection 12471 on stream 0 at 11-Jun-2024 12:22:33.587 CEST
11-Jun-2024 12:22:34 CEST  Closed file root://xrootd-cms.infn.it//store/mc/RunIISummer20UL17MiniAODv2/QCD_HT700to1000_TuneCP5_PSWeights_13TeV-madgraph-pythia8/MINIAODSIM/106X_mc2017_realistic_v9-v1/260000/FD0AC6CF-BCD3-B345-A8BB-BCFA2C2D702A.root
11-Jun-2024 12:22:34 CEST  Initiating request to open file root://eoscms.cern.ch//eos/cms/store/mc/RunIISummer20UL17MiniAODv2/QCD_HT700to1000_TuneCP5_PSWeights_13TeV-madgraph-pythia8/MINIAODSIM/106X_mc2017_realistic_v9-v1/260000/8D57D406-117F-9048-B26F-C6200F144F6A.root
%MSG-w XrdAdaptorInternal:  file_open 11-Jun-2024 12:22:35 CEST PostProcessEvent
Failed to open file at URL root://eoscms.cern.ch:1094//eos/cms/store/mc/RunIISummer20UL17MiniAODv2/QCD_HT700to1000_TuneCP5_PSWeights_13TeV-madgraph-pythia8/MINIAODSIM/106X_mc2017_realistic_v9-v1/260000/8D57D406-117F-9048-B26F-C6200F144F6A.root.
%MSG
%MSG-w XrdAdaptorInternal:  file_open 11-Jun-2024 12:22:35 CEST PostProcessEvent
Failed to open file at URL root://eoscms.cern.ch:1094//eos/cms/store/mc/RunIISummer20UL17MiniAODv2/QCD_HT700to1000_TuneCP5_PSWeights_13TeV-madgraph-pythia8/MINIAODSIM/106X_mc2017_realistic_v9-v1/260000/8D57D406-117F-9048-B26F-C6200F144F6A.root?tried=.
%MSG
11-Jun-2024 12:22:35 CEST  Fallback request to file root://xrootd-cms.infn.it//store/mc/RunIISummer20UL17MiniAODv2/QCD_HT700to1000_TuneCP5_PSWeights_13TeV-madgraph-pythia8/MINIAODSIM/106X_mc2017_realistic_v9-v1/260000/8D57D406-117F-9048-B26F-C6200F144F6A.root
%MSG-w XrdAdaptor:  file_open 11-Jun-2024 12:22:48 CEST PostProcessEvent
Data is served from fnal.gov instead of original site T2_FR_GRIF_LLR
%MSG
11-Jun-2024 12:22:49 CEST  Successfully opened file root://xrootd-cms.infn.it//store/mc/RunIISummer20UL17MiniAODv2/QCD_HT700to1000_TuneCP5_PSWeights_13TeV-madgraph-pythia8/MINIAODSIM/106X_mc2017_realistic_v9-v1/260000/8D57D406-117F-9048-B26F-C6200F144F6A.root
11-Jun-2024 12:22:57 CEST  Closed file root://xrootd-cms.infn.it//store/mc/RunIISummer20UL17MiniAODv2/QCD_HT700to1000_TuneCP5_PSWeights_13TeV-madgraph-pythia8/MINIAODSIM/106X_mc2017_realistic_v9-v1/260000/8D57D406-117F-9048-B26F-C6200F144F6A.root
11-Jun-2024 12:22:57 CEST  Initiating request to open file root://eoscms.cern.ch//eos/cms/store/mc/RunIISummer20UL17MiniAODv2/QCD_HT700to1000_TuneCP5_PSWeights_13TeV-madgraph-pythia8/MINIAODSIM/106X_mc2017_realistic_v9-v1/260000/E2E6CEF2-5759-4948-817C-2900FF239D94.root
%MSG-w XrdAdaptorInternal:  file_open 11-Jun-2024 12:22:58 CEST PostProcessEvent
Failed to open file at URL root://eoscms.cern.ch:1094//eos/cms/store/mc/RunIISummer20UL17MiniAODv2/QCD_HT700to1000_TuneCP5_PSWeights_13TeV-madgraph-pythia8/MINIAODSIM/106X_mc2017_realistic_v9-v1/260000/E2E6CEF2-5759-4948-817C-2900FF239D94.root.
%MSG
%MSG-w XrdAdaptorInternal:  file_open 11-Jun-2024 12:22:58 CEST PostProcessEvent
Failed to open file at URL root://eoscms.cern.ch:1094//eos/cms/store/mc/RunIISummer20UL17MiniAODv2/QCD_HT700to1000_TuneCP5_PSWeights_13TeV-madgraph-pythia8/MINIAODSIM/106X_mc2017_realistic_v9-v1/260000/E2E6CEF2-5759-4948-817C-2900FF239D94.root?tried=.
%MSG
11-Jun-2024 12:22:58 CEST  Fallback request to file root://xrootd-cms.infn.it//store/mc/RunIISummer20UL17MiniAODv2/QCD_HT700to1000_TuneCP5_PSWeights_13TeV-madgraph-pythia8/MINIAODSIM/106X_mc2017_realistic_v9-v1/260000/E2E6CEF2-5759-4948-817C-2900FF239D94.root
%MSG-w XrdAdaptor:  file_open 11-Jun-2024 12:23:11 CEST PostProcessEvent
Data is served from fnal.gov instead of original site T2_FR_GRIF_LLR
%MSG
11-Jun-2024 12:23:12 CEST  Successfully opened file root://xrootd-cms.infn.it//store/mc/RunIISummer20UL17MiniAODv2/QCD_HT700to1000_TuneCP5_PSWeights_13TeV-madgraph-pythia8/MINIAODSIM/106X_mc2017_realistic_v9-v1/260000/E2E6CEF2-5759-4948-817C-2900FF239D94.root
Begin processing the 800001st record. Run 1, Event 260605577, LumiSection 27689 on stream 0 at 11-Jun-2024 12:23:19.988 CEST
11-Jun-2024 12:23:20 CEST  Closed file root://xrootd-cms.infn.it//store/mc/RunIISummer20UL17MiniAODv2/QCD_HT700to1000_TuneCP5_PSWeights_13TeV-madgraph-pythia8/MINIAODSIM/106X_mc2017_realistic_v9-v1/260000/E2E6CEF2-5759-4948-817C-2900FF239D94.root
11-Jun-2024 12:23:20 CEST  Initiating request to open file root://eoscms.cern.ch//eos/cms/store/mc/RunIISummer20UL17MiniAODv2/QCD_HT700to1000_TuneCP5_PSWeights_13TeV-madgraph-pythia8/MINIAODSIM/106X_mc2017_realistic_v9-v1/260000/152D7A5F-B5FC-7E48-9270-F2810B3AF7DA.root
%MSG-w XrdAdaptorInternal:  file_open 11-Jun-2024 12:23:21 CEST PostProcessEvent
Failed to open file at URL root://eoscms.cern.ch:1094//eos/cms/store/mc/RunIISummer20UL17MiniAODv2/QCD_HT700to1000_TuneCP5_PSWeights_13TeV-madgraph-pythia8/MINIAODSIM/106X_mc2017_realistic_v9-v1/260000/152D7A5F-B5FC-7E48-9270-F2810B3AF7DA.root.
%MSG
%MSG-w XrdAdaptorInternal:  file_open 11-Jun-2024 12:23:21 CEST PostProcessEvent
Failed to open file at URL root://eoscms.cern.ch:1094//eos/cms/store/mc/RunIISummer20UL17MiniAODv2/QCD_HT700to1000_TuneCP5_PSWeights_13TeV-madgraph-pythia8/MINIAODSIM/106X_mc2017_realistic_v9-v1/260000/152D7A5F-B5FC-7E48-9270-F2810B3AF7DA.root?tried=.
%MSG
11-Jun-2024 12:23:21 CEST  Fallback request to file root://xrootd-cms.infn.it//store/mc/RunIISummer20UL17MiniAODv2/QCD_HT700to1000_TuneCP5_PSWeights_13TeV-madgraph-pythia8/MINIAODSIM/106X_mc2017_realistic_v9-v1/260000/152D7A5F-B5FC-7E48-9270-F2810B3AF7DA.root
%MSG-w XrdAdaptor:  file_open 11-Jun-2024 12:23:34 CEST PostProcessEvent
Data is served from fnal.gov instead of original site T2_FR_GRIF_LLR
%MSG
11-Jun-2024 12:23:35 CEST  Successfully opened file root://xrootd-cms.infn.it//store/mc/RunIISummer20UL17MiniAODv2/QCD_HT700to1000_TuneCP5_PSWeights_13TeV-madgraph-pythia8/MINIAODSIM/106X_mc2017_realistic_v9-v1/260000/152D7A5F-B5FC-7E48-9270-F2810B3AF7DA.root
11-Jun-2024 12:23:43 CEST  Closed file root://xrootd-cms.infn.it//store/mc/RunIISummer20UL17MiniAODv2/QCD_HT700to1000_TuneCP5_PSWeights_13TeV-madgraph-pythia8/MINIAODSIM/106X_mc2017_realistic_v9-v1/260000/152D7A5F-B5FC-7E48-9270-F2810B3AF7DA.root
11-Jun-2024 12:23:43 CEST  Initiating request to open file root://eoscms.cern.ch//eos/cms/store/mc/RunIISummer20UL17MiniAODv2/QCD_HT700to1000_TuneCP5_PSWeights_13TeV-madgraph-pythia8/MINIAODSIM/106X_mc2017_realistic_v9-v1/260000/7ACB0206-659A-D243-BB3F-713C5DE64BC8.root
%MSG-w XrdAdaptorInternal:  file_open 11-Jun-2024 12:23:44 CEST PostProcessEvent
Failed to open file at URL root://eoscms.cern.ch:1094//eos/cms/store/mc/RunIISummer20UL17MiniAODv2/QCD_HT700to1000_TuneCP5_PSWeights_13TeV-madgraph-pythia8/MINIAODSIM/106X_mc2017_realistic_v9-v1/260000/7ACB0206-659A-D243-BB3F-713C5DE64BC8.root.
%MSG
%MSG-w XrdAdaptorInternal:  file_open 11-Jun-2024 12:23:44 CEST PostProcessEvent
Failed to open file at URL root://eoscms.cern.ch:1094//eos/cms/store/mc/RunIISummer20UL17MiniAODv2/QCD_HT700to1000_TuneCP5_PSWeights_13TeV-madgraph-pythia8/MINIAODSIM/106X_mc2017_realistic_v9-v1/260000/7ACB0206-659A-D243-BB3F-713C5DE64BC8.root?tried=.
%MSG
11-Jun-2024 12:23:44 CEST  Fallback request to file root://xrootd-cms.infn.it//store/mc/RunIISummer20UL17MiniAODv2/QCD_HT700to1000_TuneCP5_PSWeights_13TeV-madgraph-pythia8/MINIAODSIM/106X_mc2017_realistic_v9-v1/260000/7ACB0206-659A-D243-BB3F-713C5DE64BC8.root
%MSG-w XrdAdaptor:  file_open 11-Jun-2024 12:23:57 CEST PostProcessEvent
Data is served from fnal.gov instead of original site T2_FR_GRIF_LLR
%MSG
11-Jun-2024 12:23:58 CEST  Successfully opened file root://xrootd-cms.infn.it//store/mc/RunIISummer20UL17MiniAODv2/QCD_HT700to1000_TuneCP5_PSWeights_13TeV-madgraph-pythia8/MINIAODSIM/106X_mc2017_realistic_v9-v1/260000/7ACB0206-659A-D243-BB3F-713C5DE64BC8.root
Begin processing the 900001st record. Run 1, Event 134054649, LumiSection 14243 on stream 0 at 11-Jun-2024 12:24:06.193 CEST
11-Jun-2024 12:24:06 CEST  Closed file root://xrootd-cms.infn.it//store/mc/RunIISummer20UL17MiniAODv2/QCD_HT700to1000_TuneCP5_PSWeights_13TeV-madgraph-pythia8/MINIAODSIM/106X_mc2017_realistic_v9-v1/260000/7ACB0206-659A-D243-BB3F-713C5DE64BC8.root
11-Jun-2024 12:24:06 CEST  Initiating request to open file root://eoscms.cern.ch//eos/cms/store/mc/RunIISummer20UL17MiniAODv2/QCD_HT700to1000_TuneCP5_PSWeights_13TeV-madgraph-pythia8/MINIAODSIM/106X_mc2017_realistic_v9-v1/260000/1A3BCF9E-DDD9-6949-9456-A1B3F509C71E.root
%MSG-w XrdAdaptorInternal:  file_open 11-Jun-2024 12:24:07 CEST PostProcessEvent
Failed to open file at URL root://eoscms.cern.ch:1094//eos/cms/store/mc/RunIISummer20UL17MiniAODv2/QCD_HT700to1000_TuneCP5_PSWeights_13TeV-madgraph-pythia8/MINIAODSIM/106X_mc2017_realistic_v9-v1/260000/1A3BCF9E-DDD9-6949-9456-A1B3F509C71E.root.
%MSG
%MSG-w XrdAdaptorInternal:  file_open 11-Jun-2024 12:24:07 CEST PostProcessEvent
Failed to open file at URL root://eoscms.cern.ch:1094//eos/cms/store/mc/RunIISummer20UL17MiniAODv2/QCD_HT700to1000_TuneCP5_PSWeights_13TeV-madgraph-pythia8/MINIAODSIM/106X_mc2017_realistic_v9-v1/260000/1A3BCF9E-DDD9-6949-9456-A1B3F509C71E.root?tried=.
%MSG
11-Jun-2024 12:24:07 CEST  Fallback request to file root://xrootd-cms.infn.it//store/mc/RunIISummer20UL17MiniAODv2/QCD_HT700to1000_TuneCP5_PSWeights_13TeV-madgraph-pythia8/MINIAODSIM/106X_mc2017_realistic_v9-v1/260000/1A3BCF9E-DDD9-6949-9456-A1B3F509C71E.root
%MSG-w XrdAdaptor:  file_open 11-Jun-2024 12:24:20 CEST PostProcessEvent
Data is served from fnal.gov instead of original site T2_FR_GRIF_LLR
%MSG
11-Jun-2024 12:24:21 CEST  Successfully opened file root://xrootd-cms.infn.it//store/mc/RunIISummer20UL17MiniAODv2/QCD_HT700to1000_TuneCP5_PSWeights_13TeV-madgraph-pythia8/MINIAODSIM/106X_mc2017_realistic_v9-v1/260000/1A3BCF9E-DDD9-6949-9456-A1B3F509C71E.root
11-Jun-2024 12:24:29 CEST  Closed file root://xrootd-cms.infn.it//store/mc/RunIISummer20UL17MiniAODv2/QCD_HT700to1000_TuneCP5_PSWeights_13TeV-madgraph-pythia8/MINIAODSIM/106X_mc2017_realistic_v9-v1/260000/1A3BCF9E-DDD9-6949-9456-A1B3F509C71E.root
11-Jun-2024 12:24:29 CEST  Initiating request to open file root://eoscms.cern.ch//eos/cms/store/mc/RunIISummer20UL17MiniAODv2/QCD_HT700to1000_TuneCP5_PSWeights_13TeV-madgraph-pythia8/MINIAODSIM/106X_mc2017_realistic_v9-v1/260000/D4369EC4-E2AF-5A48-9267-45E01DA5F3C6.root
%MSG-w XrdAdaptorInternal:  file_open 11-Jun-2024 12:24:30 CEST PostProcessEvent
Failed to open file at URL root://eoscms.cern.ch:1094//eos/cms/store/mc/RunIISummer20UL17MiniAODv2/QCD_HT700to1000_TuneCP5_PSWeights_13TeV-madgraph-pythia8/MINIAODSIM/106X_mc2017_realistic_v9-v1/260000/D4369EC4-E2AF-5A48-9267-45E01DA5F3C6.root.
%MSG
%MSG-w XrdAdaptorInternal:  file_open 11-Jun-2024 12:24:30 CEST PostProcessEvent
Failed to open file at URL root://eoscms.cern.ch:1094//eos/cms/store/mc/RunIISummer20UL17MiniAODv2/QCD_HT700to1000_TuneCP5_PSWeights_13TeV-madgraph-pythia8/MINIAODSIM/106X_mc2017_realistic_v9-v1/260000/D4369EC4-E2AF-5A48-9267-45E01DA5F3C6.root?tried=.
%MSG
11-Jun-2024 12:24:30 CEST  Fallback request to file root://xrootd-cms.infn.it//store/mc/RunIISummer20UL17MiniAODv2/QCD_HT700to1000_TuneCP5_PSWeights_13TeV-madgraph-pythia8/MINIAODSIM/106X_mc2017_realistic_v9-v1/260000/D4369EC4-E2AF-5A48-9267-45E01DA5F3C6.root
%MSG-w XrdAdaptor:  file_open 11-Jun-2024 12:24:43 CEST PostProcessEvent
Data is served from fnal.gov instead of original site T2_FR_GRIF_LLR
%MSG
11-Jun-2024 12:24:44 CEST  Successfully opened file root://xrootd-cms.infn.it//store/mc/RunIISummer20UL17MiniAODv2/QCD_HT700to1000_TuneCP5_PSWeights_13TeV-madgraph-pythia8/MINIAODSIM/106X_mc2017_realistic_v9-v1/260000/D4369EC4-E2AF-5A48-9267-45E01DA5F3C6.root
  18089.810000    149.087700      8.131591             1
   2912.277000     40.214590      8.131591             0
  55532.450000    193.550200      8.131591             2
 
11-Jun-2024 12:24:51 CEST  Closed file root://xrootd-cms.infn.it//store/mc/RunIISummer20UL17MiniAODv2/QCD_HT700to1000_TuneCP5_PSWeights_13TeV-madgraph-pythia8/MINIAODSIM/106X_mc2017_realistic_v9-v1/260000/D4369EC4-E2AF-5A48-9267-45E01DA5F3C6.root

------------------------------------
GenXsecAnalyzer:
------------------------------------
-------------------------------------------------------------------------------------------------------------------------------------------------------------------------- 
Overall cross-section summary 
--------------------------------------------------------------------------------------------------------------------------------------------------------------------------
Process		xsec_before [pb]		passed	nposw	nnegw	tried	nposw	nnegw 	xsec_match [pb]			accepted [%]	 event_eff [%]
0		2.912e+03 +/- 1.123e+00		12658	12658	0	454989	454989	0	8.102e+01 +/- 7.108e-01		2.8 +/- 0.0	2.8 +/- 0.0
1		1.774e+04 +/- 4.022e+00		47277	47277	0	2761511	2761511	0	3.038e+02 +/- 1.387e+00		1.7 +/- 0.0	1.7 +/- 0.0
2		5.573e+04 +/- 5.872e+00		940462	940462	0	8642620	8642620	0	6.064e+03 +/- 5.938e+00		10.9 +/- 0.0	10.9 +/- 0.0
-------------------------------------------------------------------------------------------------------------------------------------------------------------------------- 
Total		7.639e+04 +/- 7.206e+00		1000397	1000397	0	11859120	11859120	0	6.444e+03 +/- 6.195e+00		8.4 +/- 0.0	8.4 +/- 0.0
--------------------------------------------------------------------------------------------------------------------------------------------------------------------------
Before matching: total cross section = 7.639e+04 +- 7.206e+00 pb
After matching: total cross section = 6.444e+03 +- 6.195e+00 pb
Matching efficiency = 0.1 +/- 0.0   [TO BE USED IN MCM]
Filter efficiency (taking into account weights)= (1.0004e+06) / (1.0004e+06) = 1.000e+00 +- 0.000e+00
Filter efficiency (event-level)= (1.0004e+06) / (1.0004e+06) = 1.000e+00 +- 0.000e+00    [TO BE USED IN MCM]

After filter: final cross section = 6.444e+03 +- 6.195e+00 pb
After filter: final fraction of events with negative weights = 0.000e+00 +- 0.000e+00
After filter: final equivalent lumi for 1M events (1/fb) = 1.552e-01 +- 2.153e-04

=============================================

MessageLogger Summary

 type     category        sev    module        subroutine        count    total
 ---- -------------------- -- ---------------- ----------------  -----    -----
    1 GenXSecAnalyzer      -w GenXSecAnalyzer:                      17       17
    2 XrdAdaptor           -w file_open                             18       18
    3 XrdAdaptorInternal   -w file_open                             36       36
    4 fileAction           -s file_close                            18       18
    5 fileAction           -s file_open                             54       54

 type    category    Examples: run/evt        run/evt          run/evt
 ---- -------------------- ---------------- ---------------- ----------------
    1 GenXSecAnalyzer      PostGlobalEndRun PostGlobalEndRun PostGlobalEndRun
    2 XrdAdaptor           pre-events       PostProcessEvent PostProcessEvent
    3 XrdAdaptorInternal   pre-events       pre-events       PostProcessEvent
    4 fileAction           PostProcessEvent PostProcessEvent PostGlobalEndRun
    5 fileAction           pre-events       pre-events       PostProcessEvent

Severity    # Occurrences   Total Occurrences
--------    -------------   -----------------
Warning                71                  71
System                 72                  72

dropped waiting message count 0
