11-Jun-2024 12:24:56 CEST  Initiating request to open file root://eoscms.cern.ch//eos/cms/store/mc/RunIISummer20UL17MiniAODv2/QCD_HT1000to1500_TuneCP5_PSWeights_13TeV-madgraph-pythia8/MINIAODSIM/106X_mc2017_realistic_v9-v1/2550000/612063CB-58C2-E64D-B5A1-B3E96776B305.root
%MSG-w XrdAdaptorInternal:  file_open 11-Jun-2024 12:24:57 CEST pre-events
Failed to open file at URL root://eoscms.cern.ch:1094//eos/cms/store/mc/RunIISummer20UL17MiniAODv2/QCD_HT1000to1500_TuneCP5_PSWeights_13TeV-madgraph-pythia8/MINIAODSIM/106X_mc2017_realistic_v9-v1/2550000/612063CB-58C2-E64D-B5A1-B3E96776B305.root.
%MSG
%MSG-w XrdAdaptorInternal:  file_open 11-Jun-2024 12:24:57 CEST pre-events
Failed to open file at URL root://eoscms.cern.ch:1094//eos/cms/store/mc/RunIISummer20UL17MiniAODv2/QCD_HT1000to1500_TuneCP5_PSWeights_13TeV-madgraph-pythia8/MINIAODSIM/106X_mc2017_realistic_v9-v1/2550000/612063CB-58C2-E64D-B5A1-B3E96776B305.root?tried=.
%MSG
11-Jun-2024 12:24:57 CEST  Fallback request to file root://xrootd-cms.infn.it//store/mc/RunIISummer20UL17MiniAODv2/QCD_HT1000to1500_TuneCP5_PSWeights_13TeV-madgraph-pythia8/MINIAODSIM/106X_mc2017_realistic_v9-v1/2550000/612063CB-58C2-E64D-B5A1-B3E96776B305.root
%MSG-w XrdAdaptor:  file_open 11-Jun-2024 12:25:13 CEST pre-events
Data is served from T2_US_Vanderbilt instead of original site T2_IT_Pisa
%MSG
11-Jun-2024 12:26:10 CEST  Successfully opened file root://xrootd-cms.infn.it//store/mc/RunIISummer20UL17MiniAODv2/QCD_HT1000to1500_TuneCP5_PSWeights_13TeV-madgraph-pythia8/MINIAODSIM/106X_mc2017_realistic_v9-v1/2550000/612063CB-58C2-E64D-B5A1-B3E96776B305.root
Begin processing the 1st record. Run 1, Event 38100056, LumiSection 30481 on stream 0 at 11-Jun-2024 12:26:21.286 CEST
11-Jun-2024 12:26:23 CEST  Closed file root://xrootd-cms.infn.it//store/mc/RunIISummer20UL17MiniAODv2/QCD_HT1000to1500_TuneCP5_PSWeights_13TeV-madgraph-pythia8/MINIAODSIM/106X_mc2017_realistic_v9-v1/2550000/612063CB-58C2-E64D-B5A1-B3E96776B305.root
11-Jun-2024 12:26:23 CEST  Initiating request to open file root://eoscms.cern.ch//eos/cms/store/mc/RunIISummer20UL17MiniAODv2/QCD_HT1000to1500_TuneCP5_PSWeights_13TeV-madgraph-pythia8/MINIAODSIM/106X_mc2017_realistic_v9-v1/80000/45C89936-03D9-B64E-96E9-146D7FE3E6DA.root
%MSG-w XrdAdaptorInternal:  file_open 11-Jun-2024 12:26:24 CEST PostProcessEvent
Failed to open file at URL root://eoscms.cern.ch:1094//eos/cms/store/mc/RunIISummer20UL17MiniAODv2/QCD_HT1000to1500_TuneCP5_PSWeights_13TeV-madgraph-pythia8/MINIAODSIM/106X_mc2017_realistic_v9-v1/80000/45C89936-03D9-B64E-96E9-146D7FE3E6DA.root.
%MSG
%MSG-w XrdAdaptorInternal:  file_open 11-Jun-2024 12:26:24 CEST PostProcessEvent
Failed to open file at URL root://eoscms.cern.ch:1094//eos/cms/store/mc/RunIISummer20UL17MiniAODv2/QCD_HT1000to1500_TuneCP5_PSWeights_13TeV-madgraph-pythia8/MINIAODSIM/106X_mc2017_realistic_v9-v1/80000/45C89936-03D9-B64E-96E9-146D7FE3E6DA.root?tried=.
%MSG
11-Jun-2024 12:26:24 CEST  Fallback request to file root://xrootd-cms.infn.it//store/mc/RunIISummer20UL17MiniAODv2/QCD_HT1000to1500_TuneCP5_PSWeights_13TeV-madgraph-pythia8/MINIAODSIM/106X_mc2017_realistic_v9-v1/80000/45C89936-03D9-B64E-96E9-146D7FE3E6DA.root
%MSG-w XrdAdaptor:  file_open 11-Jun-2024 12:26:39 CEST PostProcessEvent
Data is served from T2_US_Vanderbilt instead of original site T2_IT_Pisa
%MSG
11-Jun-2024 12:26:40 CEST  Successfully opened file root://xrootd-cms.infn.it//store/mc/RunIISummer20UL17MiniAODv2/QCD_HT1000to1500_TuneCP5_PSWeights_13TeV-madgraph-pythia8/MINIAODSIM/106X_mc2017_realistic_v9-v1/80000/45C89936-03D9-B64E-96E9-146D7FE3E6DA.root
11-Jun-2024 12:26:49 CEST  Closed file root://xrootd-cms.infn.it//store/mc/RunIISummer20UL17MiniAODv2/QCD_HT1000to1500_TuneCP5_PSWeights_13TeV-madgraph-pythia8/MINIAODSIM/106X_mc2017_realistic_v9-v1/80000/45C89936-03D9-B64E-96E9-146D7FE3E6DA.root
11-Jun-2024 12:26:49 CEST  Initiating request to open file root://eoscms.cern.ch//eos/cms/store/mc/RunIISummer20UL17MiniAODv2/QCD_HT1000to1500_TuneCP5_PSWeights_13TeV-madgraph-pythia8/MINIAODSIM/106X_mc2017_realistic_v9-v1/30000/ECB1B28B-9B58-A344-A058-2366470F72A7.root
%MSG-w XrdAdaptorInternal:  file_open 11-Jun-2024 12:26:50 CEST PostProcessEvent
Failed to open file at URL root://eoscms.cern.ch:1094//eos/cms/store/mc/RunIISummer20UL17MiniAODv2/QCD_HT1000to1500_TuneCP5_PSWeights_13TeV-madgraph-pythia8/MINIAODSIM/106X_mc2017_realistic_v9-v1/30000/ECB1B28B-9B58-A344-A058-2366470F72A7.root.
%MSG
%MSG-w XrdAdaptorInternal:  file_open 11-Jun-2024 12:26:50 CEST PostProcessEvent
Failed to open file at URL root://eoscms.cern.ch:1094//eos/cms/store/mc/RunIISummer20UL17MiniAODv2/QCD_HT1000to1500_TuneCP5_PSWeights_13TeV-madgraph-pythia8/MINIAODSIM/106X_mc2017_realistic_v9-v1/30000/ECB1B28B-9B58-A344-A058-2366470F72A7.root?tried=.
%MSG
11-Jun-2024 12:26:50 CEST  Fallback request to file root://xrootd-cms.infn.it//store/mc/RunIISummer20UL17MiniAODv2/QCD_HT1000to1500_TuneCP5_PSWeights_13TeV-madgraph-pythia8/MINIAODSIM/106X_mc2017_realistic_v9-v1/30000/ECB1B28B-9B58-A344-A058-2366470F72A7.root
%MSG-w XrdAdaptor:  file_open 11-Jun-2024 12:27:05 CEST PostProcessEvent
Data is served from T2_US_MIT instead of original site T2_IT_Pisa
%MSG
11-Jun-2024 12:27:06 CEST  Successfully opened file root://xrootd-cms.infn.it//store/mc/RunIISummer20UL17MiniAODv2/QCD_HT1000to1500_TuneCP5_PSWeights_13TeV-madgraph-pythia8/MINIAODSIM/106X_mc2017_realistic_v9-v1/30000/ECB1B28B-9B58-A344-A058-2366470F72A7.root
11-Jun-2024 12:27:13 CEST  Closed file root://xrootd-cms.infn.it//store/mc/RunIISummer20UL17MiniAODv2/QCD_HT1000to1500_TuneCP5_PSWeights_13TeV-madgraph-pythia8/MINIAODSIM/106X_mc2017_realistic_v9-v1/30000/ECB1B28B-9B58-A344-A058-2366470F72A7.root
11-Jun-2024 12:27:13 CEST  Initiating request to open file root://eoscms.cern.ch//eos/cms/store/mc/RunIISummer20UL17MiniAODv2/QCD_HT1000to1500_TuneCP5_PSWeights_13TeV-madgraph-pythia8/MINIAODSIM/106X_mc2017_realistic_v9-v1/30000/EF1C270A-6FE8-4E4E-951C-8DFC86F2E58A.root
%MSG-w XrdAdaptorInternal:  file_open 11-Jun-2024 12:27:14 CEST PostProcessEvent
Failed to open file at URL root://eoscms.cern.ch:1094//eos/cms/store/mc/RunIISummer20UL17MiniAODv2/QCD_HT1000to1500_TuneCP5_PSWeights_13TeV-madgraph-pythia8/MINIAODSIM/106X_mc2017_realistic_v9-v1/30000/EF1C270A-6FE8-4E4E-951C-8DFC86F2E58A.root.
%MSG
%MSG-w XrdAdaptorInternal:  file_open 11-Jun-2024 12:27:14 CEST PostProcessEvent
Failed to open file at URL root://eoscms.cern.ch:1094//eos/cms/store/mc/RunIISummer20UL17MiniAODv2/QCD_HT1000to1500_TuneCP5_PSWeights_13TeV-madgraph-pythia8/MINIAODSIM/106X_mc2017_realistic_v9-v1/30000/EF1C270A-6FE8-4E4E-951C-8DFC86F2E58A.root?tried=.
%MSG
11-Jun-2024 12:27:14 CEST  Fallback request to file root://xrootd-cms.infn.it//store/mc/RunIISummer20UL17MiniAODv2/QCD_HT1000to1500_TuneCP5_PSWeights_13TeV-madgraph-pythia8/MINIAODSIM/106X_mc2017_realistic_v9-v1/30000/EF1C270A-6FE8-4E4E-951C-8DFC86F2E58A.root
%MSG-w XrdAdaptor:  file_open 11-Jun-2024 12:27:28 CEST PostProcessEvent
Data is served from T2_US_MIT instead of original site T2_IT_Pisa
%MSG
11-Jun-2024 12:27:29 CEST  Successfully opened file root://xrootd-cms.infn.it//store/mc/RunIISummer20UL17MiniAODv2/QCD_HT1000to1500_TuneCP5_PSWeights_13TeV-madgraph-pythia8/MINIAODSIM/106X_mc2017_realistic_v9-v1/30000/EF1C270A-6FE8-4E4E-951C-8DFC86F2E58A.root
Begin processing the 100001st record. Run 1, Event 65654777, LumiSection 52524 on stream 0 at 11-Jun-2024 12:27:33.734 CEST
11-Jun-2024 12:27:35 CEST  Closed file root://xrootd-cms.infn.it//store/mc/RunIISummer20UL17MiniAODv2/QCD_HT1000to1500_TuneCP5_PSWeights_13TeV-madgraph-pythia8/MINIAODSIM/106X_mc2017_realistic_v9-v1/30000/EF1C270A-6FE8-4E4E-951C-8DFC86F2E58A.root
11-Jun-2024 12:27:35 CEST  Initiating request to open file root://eoscms.cern.ch//eos/cms/store/mc/RunIISummer20UL17MiniAODv2/QCD_HT1000to1500_TuneCP5_PSWeights_13TeV-madgraph-pythia8/MINIAODSIM/106X_mc2017_realistic_v9-v1/30000/B43565B5-6231-6A45-96E0-552A1EBFE6A0.root
%MSG-w XrdAdaptorInternal:  file_open 11-Jun-2024 12:27:36 CEST PostProcessEvent
Failed to open file at URL root://eoscms.cern.ch:1094//eos/cms/store/mc/RunIISummer20UL17MiniAODv2/QCD_HT1000to1500_TuneCP5_PSWeights_13TeV-madgraph-pythia8/MINIAODSIM/106X_mc2017_realistic_v9-v1/30000/B43565B5-6231-6A45-96E0-552A1EBFE6A0.root.
%MSG
%MSG-w XrdAdaptorInternal:  file_open 11-Jun-2024 12:27:36 CEST PostProcessEvent
Failed to open file at URL root://eoscms.cern.ch:1094//eos/cms/store/mc/RunIISummer20UL17MiniAODv2/QCD_HT1000to1500_TuneCP5_PSWeights_13TeV-madgraph-pythia8/MINIAODSIM/106X_mc2017_realistic_v9-v1/30000/B43565B5-6231-6A45-96E0-552A1EBFE6A0.root?tried=.
%MSG
11-Jun-2024 12:27:36 CEST  Fallback request to file root://xrootd-cms.infn.it//store/mc/RunIISummer20UL17MiniAODv2/QCD_HT1000to1500_TuneCP5_PSWeights_13TeV-madgraph-pythia8/MINIAODSIM/106X_mc2017_realistic_v9-v1/30000/B43565B5-6231-6A45-96E0-552A1EBFE6A0.root
%MSG-w XrdAdaptor:  file_open 11-Jun-2024 12:27:50 CEST PostProcessEvent
Data is served from T2_US_MIT instead of original site T2_IT_Pisa
%MSG
11-Jun-2024 12:27:51 CEST  Successfully opened file root://xrootd-cms.infn.it//store/mc/RunIISummer20UL17MiniAODv2/QCD_HT1000to1500_TuneCP5_PSWeights_13TeV-madgraph-pythia8/MINIAODSIM/106X_mc2017_realistic_v9-v1/30000/B43565B5-6231-6A45-96E0-552A1EBFE6A0.root
11-Jun-2024 12:28:01 CEST  Closed file root://xrootd-cms.infn.it//store/mc/RunIISummer20UL17MiniAODv2/QCD_HT1000to1500_TuneCP5_PSWeights_13TeV-madgraph-pythia8/MINIAODSIM/106X_mc2017_realistic_v9-v1/30000/B43565B5-6231-6A45-96E0-552A1EBFE6A0.root
11-Jun-2024 12:28:01 CEST  Initiating request to open file root://eoscms.cern.ch//eos/cms/store/mc/RunIISummer20UL17MiniAODv2/QCD_HT1000to1500_TuneCP5_PSWeights_13TeV-madgraph-pythia8/MINIAODSIM/106X_mc2017_realistic_v9-v1/30000/26402034-0B2A-3444-88EA-B34D11A3ADE5.root
%MSG-w XrdAdaptorInternal:  file_open 11-Jun-2024 12:28:02 CEST PostProcessEvent
Failed to open file at URL root://eoscms.cern.ch:1094//eos/cms/store/mc/RunIISummer20UL17MiniAODv2/QCD_HT1000to1500_TuneCP5_PSWeights_13TeV-madgraph-pythia8/MINIAODSIM/106X_mc2017_realistic_v9-v1/30000/26402034-0B2A-3444-88EA-B34D11A3ADE5.root.
%MSG
%MSG-w XrdAdaptorInternal:  file_open 11-Jun-2024 12:28:02 CEST PostProcessEvent
Failed to open file at URL root://eoscms.cern.ch:1094//eos/cms/store/mc/RunIISummer20UL17MiniAODv2/QCD_HT1000to1500_TuneCP5_PSWeights_13TeV-madgraph-pythia8/MINIAODSIM/106X_mc2017_realistic_v9-v1/30000/26402034-0B2A-3444-88EA-B34D11A3ADE5.root?tried=.
%MSG
11-Jun-2024 12:28:02 CEST  Fallback request to file root://xrootd-cms.infn.it//store/mc/RunIISummer20UL17MiniAODv2/QCD_HT1000to1500_TuneCP5_PSWeights_13TeV-madgraph-pythia8/MINIAODSIM/106X_mc2017_realistic_v9-v1/30000/26402034-0B2A-3444-88EA-B34D11A3ADE5.root
%MSG-w XrdAdaptor:  file_open 11-Jun-2024 12:28:16 CEST PostProcessEvent
Data is served from T2_US_MIT instead of original site T2_IT_Pisa
%MSG
11-Jun-2024 12:28:16 CEST  Successfully opened file root://xrootd-cms.infn.it//store/mc/RunIISummer20UL17MiniAODv2/QCD_HT1000to1500_TuneCP5_PSWeights_13TeV-madgraph-pythia8/MINIAODSIM/106X_mc2017_realistic_v9-v1/30000/26402034-0B2A-3444-88EA-B34D11A3ADE5.root
Begin processing the 200001st record. Run 1, Event 93487053, LumiSection 74790 on stream 0 at 11-Jun-2024 12:28:26.289 CEST
11-Jun-2024 12:28:28 CEST  Closed file root://xrootd-cms.infn.it//store/mc/RunIISummer20UL17MiniAODv2/QCD_HT1000to1500_TuneCP5_PSWeights_13TeV-madgraph-pythia8/MINIAODSIM/106X_mc2017_realistic_v9-v1/30000/26402034-0B2A-3444-88EA-B34D11A3ADE5.root
11-Jun-2024 12:28:28 CEST  Initiating request to open file root://eoscms.cern.ch//eos/cms/store/mc/RunIISummer20UL17MiniAODv2/QCD_HT1000to1500_TuneCP5_PSWeights_13TeV-madgraph-pythia8/MINIAODSIM/106X_mc2017_realistic_v9-v1/30000/2D40C80D-E9C7-0744-8EDF-736E6A84B04B.root
%MSG-w XrdAdaptorInternal:  file_open 11-Jun-2024 12:28:29 CEST PostProcessEvent
Failed to open file at URL root://eoscms.cern.ch:1094//eos/cms/store/mc/RunIISummer20UL17MiniAODv2/QCD_HT1000to1500_TuneCP5_PSWeights_13TeV-madgraph-pythia8/MINIAODSIM/106X_mc2017_realistic_v9-v1/30000/2D40C80D-E9C7-0744-8EDF-736E6A84B04B.root.
%MSG
%MSG-w XrdAdaptorInternal:  file_open 11-Jun-2024 12:28:29 CEST PostProcessEvent
Failed to open file at URL root://eoscms.cern.ch:1094//eos/cms/store/mc/RunIISummer20UL17MiniAODv2/QCD_HT1000to1500_TuneCP5_PSWeights_13TeV-madgraph-pythia8/MINIAODSIM/106X_mc2017_realistic_v9-v1/30000/2D40C80D-E9C7-0744-8EDF-736E6A84B04B.root?tried=.
%MSG
11-Jun-2024 12:28:29 CEST  Fallback request to file root://xrootd-cms.infn.it//store/mc/RunIISummer20UL17MiniAODv2/QCD_HT1000to1500_TuneCP5_PSWeights_13TeV-madgraph-pythia8/MINIAODSIM/106X_mc2017_realistic_v9-v1/30000/2D40C80D-E9C7-0744-8EDF-736E6A84B04B.root
%MSG-w XrdAdaptor:  file_open 11-Jun-2024 12:28:42 CEST PostProcessEvent
Data is served from T2_US_MIT instead of original site T2_IT_Pisa
%MSG
11-Jun-2024 12:28:42 CEST  Successfully opened file root://xrootd-cms.infn.it//store/mc/RunIISummer20UL17MiniAODv2/QCD_HT1000to1500_TuneCP5_PSWeights_13TeV-madgraph-pythia8/MINIAODSIM/106X_mc2017_realistic_v9-v1/30000/2D40C80D-E9C7-0744-8EDF-736E6A84B04B.root
Begin processing the 300001st record. Run 1, Event 79216751, LumiSection 63374 on stream 0 at 11-Jun-2024 12:28:57.727 CEST
11-Jun-2024 12:28:58 CEST  Closed file root://xrootd-cms.infn.it//store/mc/RunIISummer20UL17MiniAODv2/QCD_HT1000to1500_TuneCP5_PSWeights_13TeV-madgraph-pythia8/MINIAODSIM/106X_mc2017_realistic_v9-v1/30000/2D40C80D-E9C7-0744-8EDF-736E6A84B04B.root
11-Jun-2024 12:28:58 CEST  Initiating request to open file root://eoscms.cern.ch//eos/cms/store/mc/RunIISummer20UL17MiniAODv2/QCD_HT1000to1500_TuneCP5_PSWeights_13TeV-madgraph-pythia8/MINIAODSIM/106X_mc2017_realistic_v9-v1/30000/AB3A6FE9-33C5-604F-AEAA-FECA5BD8719E.root
%MSG-w XrdAdaptorInternal:  file_open 11-Jun-2024 12:28:59 CEST PostProcessEvent
Failed to open file at URL root://eoscms.cern.ch:1094//eos/cms/store/mc/RunIISummer20UL17MiniAODv2/QCD_HT1000to1500_TuneCP5_PSWeights_13TeV-madgraph-pythia8/MINIAODSIM/106X_mc2017_realistic_v9-v1/30000/AB3A6FE9-33C5-604F-AEAA-FECA5BD8719E.root.
%MSG
%MSG-w XrdAdaptorInternal:  file_open 11-Jun-2024 12:28:59 CEST PostProcessEvent
Failed to open file at URL root://eoscms.cern.ch:1094//eos/cms/store/mc/RunIISummer20UL17MiniAODv2/QCD_HT1000to1500_TuneCP5_PSWeights_13TeV-madgraph-pythia8/MINIAODSIM/106X_mc2017_realistic_v9-v1/30000/AB3A6FE9-33C5-604F-AEAA-FECA5BD8719E.root?tried=.
%MSG
11-Jun-2024 12:28:59 CEST  Fallback request to file root://xrootd-cms.infn.it//store/mc/RunIISummer20UL17MiniAODv2/QCD_HT1000to1500_TuneCP5_PSWeights_13TeV-madgraph-pythia8/MINIAODSIM/106X_mc2017_realistic_v9-v1/30000/AB3A6FE9-33C5-604F-AEAA-FECA5BD8719E.root
%MSG-w XrdAdaptor:  file_open 11-Jun-2024 12:29:13 CEST PostProcessEvent
Data is served from T2_US_MIT instead of original site T2_IT_Pisa
%MSG
11-Jun-2024 12:29:14 CEST  Successfully opened file root://xrootd-cms.infn.it//store/mc/RunIISummer20UL17MiniAODv2/QCD_HT1000to1500_TuneCP5_PSWeights_13TeV-madgraph-pythia8/MINIAODSIM/106X_mc2017_realistic_v9-v1/30000/AB3A6FE9-33C5-604F-AEAA-FECA5BD8719E.root
11-Jun-2024 12:29:30 CEST  Closed file root://xrootd-cms.infn.it//store/mc/RunIISummer20UL17MiniAODv2/QCD_HT1000to1500_TuneCP5_PSWeights_13TeV-madgraph-pythia8/MINIAODSIM/106X_mc2017_realistic_v9-v1/30000/AB3A6FE9-33C5-604F-AEAA-FECA5BD8719E.root
11-Jun-2024 12:29:30 CEST  Initiating request to open file root://eoscms.cern.ch//eos/cms/store/mc/RunIISummer20UL17MiniAODv2/QCD_HT1000to1500_TuneCP5_PSWeights_13TeV-madgraph-pythia8/MINIAODSIM/106X_mc2017_realistic_v9-v1/30000/E03AA402-8145-9945-B824-AD38224637AA.root
%MSG-w XrdAdaptorInternal:  file_open 11-Jun-2024 12:29:31 CEST PostProcessEvent
Failed to open file at URL root://eoscms.cern.ch:1094//eos/cms/store/mc/RunIISummer20UL17MiniAODv2/QCD_HT1000to1500_TuneCP5_PSWeights_13TeV-madgraph-pythia8/MINIAODSIM/106X_mc2017_realistic_v9-v1/30000/E03AA402-8145-9945-B824-AD38224637AA.root.
%MSG
%MSG-w XrdAdaptorInternal:  file_open 11-Jun-2024 12:29:31 CEST PostProcessEvent
Failed to open file at URL root://eoscms.cern.ch:1094//eos/cms/store/mc/RunIISummer20UL17MiniAODv2/QCD_HT1000to1500_TuneCP5_PSWeights_13TeV-madgraph-pythia8/MINIAODSIM/106X_mc2017_realistic_v9-v1/30000/E03AA402-8145-9945-B824-AD38224637AA.root?tried=.
%MSG
11-Jun-2024 12:29:31 CEST  Fallback request to file root://xrootd-cms.infn.it//store/mc/RunIISummer20UL17MiniAODv2/QCD_HT1000to1500_TuneCP5_PSWeights_13TeV-madgraph-pythia8/MINIAODSIM/106X_mc2017_realistic_v9-v1/30000/E03AA402-8145-9945-B824-AD38224637AA.root
%MSG-w XrdAdaptor:  file_open 11-Jun-2024 12:29:45 CEST PostProcessEvent
Data is served from T2_US_MIT instead of original site T2_IT_Pisa
%MSG
11-Jun-2024 12:29:45 CEST  Successfully opened file root://xrootd-cms.infn.it//store/mc/RunIISummer20UL17MiniAODv2/QCD_HT1000to1500_TuneCP5_PSWeights_13TeV-madgraph-pythia8/MINIAODSIM/106X_mc2017_realistic_v9-v1/30000/E03AA402-8145-9945-B824-AD38224637AA.root
Begin processing the 400001st record. Run 1, Event 8617338, LumiSection 6894 on stream 0 at 11-Jun-2024 12:29:49.520 CEST
11-Jun-2024 12:29:50 CEST  Closed file root://xrootd-cms.infn.it//store/mc/RunIISummer20UL17MiniAODv2/QCD_HT1000to1500_TuneCP5_PSWeights_13TeV-madgraph-pythia8/MINIAODSIM/106X_mc2017_realistic_v9-v1/30000/E03AA402-8145-9945-B824-AD38224637AA.root
11-Jun-2024 12:29:50 CEST  Initiating request to open file root://eoscms.cern.ch//eos/cms/store/mc/RunIISummer20UL17MiniAODv2/QCD_HT1000to1500_TuneCP5_PSWeights_13TeV-madgraph-pythia8/MINIAODSIM/106X_mc2017_realistic_v9-v1/2540000/897D1CB6-6A44-DE4C-B019-57344E7187EB.root
%MSG-w XrdAdaptorInternal:  file_open 11-Jun-2024 12:29:51 CEST PostProcessEvent
Failed to open file at URL root://eoscms.cern.ch:1094//eos/cms/store/mc/RunIISummer20UL17MiniAODv2/QCD_HT1000to1500_TuneCP5_PSWeights_13TeV-madgraph-pythia8/MINIAODSIM/106X_mc2017_realistic_v9-v1/2540000/897D1CB6-6A44-DE4C-B019-57344E7187EB.root.
%MSG
%MSG-w XrdAdaptorInternal:  file_open 11-Jun-2024 12:29:51 CEST PostProcessEvent
Failed to open file at URL root://eoscms.cern.ch:1094//eos/cms/store/mc/RunIISummer20UL17MiniAODv2/QCD_HT1000to1500_TuneCP5_PSWeights_13TeV-madgraph-pythia8/MINIAODSIM/106X_mc2017_realistic_v9-v1/2540000/897D1CB6-6A44-DE4C-B019-57344E7187EB.root?tried=.
%MSG
11-Jun-2024 12:29:51 CEST  Fallback request to file root://xrootd-cms.infn.it//store/mc/RunIISummer20UL17MiniAODv2/QCD_HT1000to1500_TuneCP5_PSWeights_13TeV-madgraph-pythia8/MINIAODSIM/106X_mc2017_realistic_v9-v1/2540000/897D1CB6-6A44-DE4C-B019-57344E7187EB.root
Unable to load sec.protocol plugin libXrdSecztn.so
%MSG-w XrdAdaptor:  file_open 11-Jun-2024 12:30:06 CEST PostProcessEvent
Data is served from fnal.gov instead of original site T2_IT_Pisa
%MSG
11-Jun-2024 12:30:07 CEST  Successfully opened file root://xrootd-cms.infn.it//store/mc/RunIISummer20UL17MiniAODv2/QCD_HT1000to1500_TuneCP5_PSWeights_13TeV-madgraph-pythia8/MINIAODSIM/106X_mc2017_realistic_v9-v1/2540000/897D1CB6-6A44-DE4C-B019-57344E7187EB.root
Unable to load sec.protocol plugin libXrdSecztn.so
11-Jun-2024 12:30:20 CEST  Closed file root://xrootd-cms.infn.it//store/mc/RunIISummer20UL17MiniAODv2/QCD_HT1000to1500_TuneCP5_PSWeights_13TeV-madgraph-pythia8/MINIAODSIM/106X_mc2017_realistic_v9-v1/2540000/897D1CB6-6A44-DE4C-B019-57344E7187EB.root
11-Jun-2024 12:30:20 CEST  Initiating request to open file root://eoscms.cern.ch//eos/cms/store/mc/RunIISummer20UL17MiniAODv2/QCD_HT1000to1500_TuneCP5_PSWeights_13TeV-madgraph-pythia8/MINIAODSIM/106X_mc2017_realistic_v9-v1/30000/E1852739-1CF6-304A-830F-F6A1A06611FB.root
%MSG-w XrdAdaptorInternal:  file_open 11-Jun-2024 12:30:21 CEST PostProcessEvent
Failed to open file at URL root://eoscms.cern.ch:1094//eos/cms/store/mc/RunIISummer20UL17MiniAODv2/QCD_HT1000to1500_TuneCP5_PSWeights_13TeV-madgraph-pythia8/MINIAODSIM/106X_mc2017_realistic_v9-v1/30000/E1852739-1CF6-304A-830F-F6A1A06611FB.root.
%MSG
%MSG-w XrdAdaptorInternal:  file_open 11-Jun-2024 12:30:21 CEST PostProcessEvent
Failed to open file at URL root://eoscms.cern.ch:1094//eos/cms/store/mc/RunIISummer20UL17MiniAODv2/QCD_HT1000to1500_TuneCP5_PSWeights_13TeV-madgraph-pythia8/MINIAODSIM/106X_mc2017_realistic_v9-v1/30000/E1852739-1CF6-304A-830F-F6A1A06611FB.root?tried=.
%MSG
11-Jun-2024 12:30:21 CEST  Fallback request to file root://xrootd-cms.infn.it//store/mc/RunIISummer20UL17MiniAODv2/QCD_HT1000to1500_TuneCP5_PSWeights_13TeV-madgraph-pythia8/MINIAODSIM/106X_mc2017_realistic_v9-v1/30000/E1852739-1CF6-304A-830F-F6A1A06611FB.root
Unable to load sec.protocol plugin libXrdSecztn.so
%MSG-w XrdAdaptor:  file_open 11-Jun-2024 12:30:36 CEST PostProcessEvent
Data is served from fnal.gov instead of original site T2_IT_Pisa
%MSG
11-Jun-2024 12:30:36 CEST  Successfully opened file root://xrootd-cms.infn.it//store/mc/RunIISummer20UL17MiniAODv2/QCD_HT1000to1500_TuneCP5_PSWeights_13TeV-madgraph-pythia8/MINIAODSIM/106X_mc2017_realistic_v9-v1/30000/E1852739-1CF6-304A-830F-F6A1A06611FB.root
11-Jun-2024 12:30:45 CEST  Closed file root://xrootd-cms.infn.it//store/mc/RunIISummer20UL17MiniAODv2/QCD_HT1000to1500_TuneCP5_PSWeights_13TeV-madgraph-pythia8/MINIAODSIM/106X_mc2017_realistic_v9-v1/30000/E1852739-1CF6-304A-830F-F6A1A06611FB.root
11-Jun-2024 12:30:45 CEST  Initiating request to open file root://eoscms.cern.ch//eos/cms/store/mc/RunIISummer20UL17MiniAODv2/QCD_HT1000to1500_TuneCP5_PSWeights_13TeV-madgraph-pythia8/MINIAODSIM/106X_mc2017_realistic_v9-v1/30000/1004F3FC-F802-C248-8F9D-65F63411E712.root
%MSG-w XrdAdaptorInternal:  file_open 11-Jun-2024 12:30:46 CEST PostProcessEvent
Failed to open file at URL root://eoscms.cern.ch:1094//eos/cms/store/mc/RunIISummer20UL17MiniAODv2/QCD_HT1000to1500_TuneCP5_PSWeights_13TeV-madgraph-pythia8/MINIAODSIM/106X_mc2017_realistic_v9-v1/30000/1004F3FC-F802-C248-8F9D-65F63411E712.root.
%MSG
%MSG-w XrdAdaptorInternal:  file_open 11-Jun-2024 12:30:46 CEST PostProcessEvent
Failed to open file at URL root://eoscms.cern.ch:1094//eos/cms/store/mc/RunIISummer20UL17MiniAODv2/QCD_HT1000to1500_TuneCP5_PSWeights_13TeV-madgraph-pythia8/MINIAODSIM/106X_mc2017_realistic_v9-v1/30000/1004F3FC-F802-C248-8F9D-65F63411E712.root?tried=.
%MSG
11-Jun-2024 12:30:46 CEST  Fallback request to file root://xrootd-cms.infn.it//store/mc/RunIISummer20UL17MiniAODv2/QCD_HT1000to1500_TuneCP5_PSWeights_13TeV-madgraph-pythia8/MINIAODSIM/106X_mc2017_realistic_v9-v1/30000/1004F3FC-F802-C248-8F9D-65F63411E712.root
%MSG-w XrdAdaptor:  file_open 11-Jun-2024 12:30:59 CEST PostProcessEvent
Data is served from fnal.gov instead of original site T2_IT_Pisa
%MSG
11-Jun-2024 12:31:00 CEST  Successfully opened file root://xrootd-cms.infn.it//store/mc/RunIISummer20UL17MiniAODv2/QCD_HT1000to1500_TuneCP5_PSWeights_13TeV-madgraph-pythia8/MINIAODSIM/106X_mc2017_realistic_v9-v1/30000/1004F3FC-F802-C248-8F9D-65F63411E712.root
Begin processing the 500001st record. Run 1, Event 34121838, LumiSection 27298 on stream 0 at 11-Jun-2024 12:31:06.116 CEST
11-Jun-2024 12:31:07 CEST  Closed file root://xrootd-cms.infn.it//store/mc/RunIISummer20UL17MiniAODv2/QCD_HT1000to1500_TuneCP5_PSWeights_13TeV-madgraph-pythia8/MINIAODSIM/106X_mc2017_realistic_v9-v1/30000/1004F3FC-F802-C248-8F9D-65F63411E712.root
11-Jun-2024 12:31:07 CEST  Initiating request to open file root://eoscms.cern.ch//eos/cms/store/mc/RunIISummer20UL17MiniAODv2/QCD_HT1000to1500_TuneCP5_PSWeights_13TeV-madgraph-pythia8/MINIAODSIM/106X_mc2017_realistic_v9-v1/30000/BF469E96-0BA7-F24C-A702-70DDEF85D366.root
%MSG-w XrdAdaptorInternal:  file_open 11-Jun-2024 12:31:08 CEST PostProcessEvent
Failed to open file at URL root://eoscms.cern.ch:1094//eos/cms/store/mc/RunIISummer20UL17MiniAODv2/QCD_HT1000to1500_TuneCP5_PSWeights_13TeV-madgraph-pythia8/MINIAODSIM/106X_mc2017_realistic_v9-v1/30000/BF469E96-0BA7-F24C-A702-70DDEF85D366.root.
%MSG
%MSG-w XrdAdaptorInternal:  file_open 11-Jun-2024 12:31:08 CEST PostProcessEvent
Failed to open file at URL root://eoscms.cern.ch:1094//eos/cms/store/mc/RunIISummer20UL17MiniAODv2/QCD_HT1000to1500_TuneCP5_PSWeights_13TeV-madgraph-pythia8/MINIAODSIM/106X_mc2017_realistic_v9-v1/30000/BF469E96-0BA7-F24C-A702-70DDEF85D366.root?tried=.
%MSG
11-Jun-2024 12:31:08 CEST  Fallback request to file root://xrootd-cms.infn.it//store/mc/RunIISummer20UL17MiniAODv2/QCD_HT1000to1500_TuneCP5_PSWeights_13TeV-madgraph-pythia8/MINIAODSIM/106X_mc2017_realistic_v9-v1/30000/BF469E96-0BA7-F24C-A702-70DDEF85D366.root
%MSG-w XrdAdaptor:  file_open 11-Jun-2024 12:31:21 CEST PostProcessEvent
Data is served from fnal.gov instead of original site T2_IT_Pisa
%MSG
11-Jun-2024 12:31:22 CEST  Successfully opened file root://xrootd-cms.infn.it//store/mc/RunIISummer20UL17MiniAODv2/QCD_HT1000to1500_TuneCP5_PSWeights_13TeV-madgraph-pythia8/MINIAODSIM/106X_mc2017_realistic_v9-v1/30000/BF469E96-0BA7-F24C-A702-70DDEF85D366.root
11-Jun-2024 12:31:30 CEST  Closed file root://xrootd-cms.infn.it//store/mc/RunIISummer20UL17MiniAODv2/QCD_HT1000to1500_TuneCP5_PSWeights_13TeV-madgraph-pythia8/MINIAODSIM/106X_mc2017_realistic_v9-v1/30000/BF469E96-0BA7-F24C-A702-70DDEF85D366.root
11-Jun-2024 12:31:30 CEST  Initiating request to open file root://eoscms.cern.ch//eos/cms/store/mc/RunIISummer20UL17MiniAODv2/QCD_HT1000to1500_TuneCP5_PSWeights_13TeV-madgraph-pythia8/MINIAODSIM/106X_mc2017_realistic_v9-v1/30000/6FCD67FE-42BB-3F47-855A-BD7DC88B7932.root
%MSG-w XrdAdaptorInternal:  file_open 11-Jun-2024 12:31:31 CEST PostProcessEvent
Failed to open file at URL root://eoscms.cern.ch:1094//eos/cms/store/mc/RunIISummer20UL17MiniAODv2/QCD_HT1000to1500_TuneCP5_PSWeights_13TeV-madgraph-pythia8/MINIAODSIM/106X_mc2017_realistic_v9-v1/30000/6FCD67FE-42BB-3F47-855A-BD7DC88B7932.root.
%MSG
%MSG-w XrdAdaptorInternal:  file_open 11-Jun-2024 12:31:31 CEST PostProcessEvent
Failed to open file at URL root://eoscms.cern.ch:1094//eos/cms/store/mc/RunIISummer20UL17MiniAODv2/QCD_HT1000to1500_TuneCP5_PSWeights_13TeV-madgraph-pythia8/MINIAODSIM/106X_mc2017_realistic_v9-v1/30000/6FCD67FE-42BB-3F47-855A-BD7DC88B7932.root?tried=.
%MSG
11-Jun-2024 12:31:31 CEST  Fallback request to file root://xrootd-cms.infn.it//store/mc/RunIISummer20UL17MiniAODv2/QCD_HT1000to1500_TuneCP5_PSWeights_13TeV-madgraph-pythia8/MINIAODSIM/106X_mc2017_realistic_v9-v1/30000/6FCD67FE-42BB-3F47-855A-BD7DC88B7932.root
%MSG-w XrdAdaptor:  file_open 11-Jun-2024 12:31:43 CEST PostProcessEvent
Data is served from fnal.gov instead of original site T2_IT_Pisa
%MSG
11-Jun-2024 12:31:44 CEST  Successfully opened file root://xrootd-cms.infn.it//store/mc/RunIISummer20UL17MiniAODv2/QCD_HT1000to1500_TuneCP5_PSWeights_13TeV-madgraph-pythia8/MINIAODSIM/106X_mc2017_realistic_v9-v1/30000/6FCD67FE-42BB-3F47-855A-BD7DC88B7932.root
11-Jun-2024 12:31:51 CEST  Closed file root://xrootd-cms.infn.it//store/mc/RunIISummer20UL17MiniAODv2/QCD_HT1000to1500_TuneCP5_PSWeights_13TeV-madgraph-pythia8/MINIAODSIM/106X_mc2017_realistic_v9-v1/30000/6FCD67FE-42BB-3F47-855A-BD7DC88B7932.root
11-Jun-2024 12:31:51 CEST  Initiating request to open file root://eoscms.cern.ch//eos/cms/store/mc/RunIISummer20UL17MiniAODv2/QCD_HT1000to1500_TuneCP5_PSWeights_13TeV-madgraph-pythia8/MINIAODSIM/106X_mc2017_realistic_v9-v1/30000/B5D4F166-1EA1-2D4A-945F-751923B86F6E.root
%MSG-w XrdAdaptorInternal:  file_open 11-Jun-2024 12:31:52 CEST PostProcessEvent
Failed to open file at URL root://eoscms.cern.ch:1094//eos/cms/store/mc/RunIISummer20UL17MiniAODv2/QCD_HT1000to1500_TuneCP5_PSWeights_13TeV-madgraph-pythia8/MINIAODSIM/106X_mc2017_realistic_v9-v1/30000/B5D4F166-1EA1-2D4A-945F-751923B86F6E.root.
%MSG
%MSG-w XrdAdaptorInternal:  file_open 11-Jun-2024 12:31:52 CEST PostProcessEvent
Failed to open file at URL root://eoscms.cern.ch:1094//eos/cms/store/mc/RunIISummer20UL17MiniAODv2/QCD_HT1000to1500_TuneCP5_PSWeights_13TeV-madgraph-pythia8/MINIAODSIM/106X_mc2017_realistic_v9-v1/30000/B5D4F166-1EA1-2D4A-945F-751923B86F6E.root?tried=.
%MSG
11-Jun-2024 12:31:52 CEST  Fallback request to file root://xrootd-cms.infn.it//store/mc/RunIISummer20UL17MiniAODv2/QCD_HT1000to1500_TuneCP5_PSWeights_13TeV-madgraph-pythia8/MINIAODSIM/106X_mc2017_realistic_v9-v1/30000/B5D4F166-1EA1-2D4A-945F-751923B86F6E.root
%MSG-w XrdAdaptor:  file_open 11-Jun-2024 12:32:05 CEST PostProcessEvent
Data is served from fnal.gov instead of original site T2_IT_Pisa
%MSG
11-Jun-2024 12:32:06 CEST  Successfully opened file root://xrootd-cms.infn.it//store/mc/RunIISummer20UL17MiniAODv2/QCD_HT1000to1500_TuneCP5_PSWeights_13TeV-madgraph-pythia8/MINIAODSIM/106X_mc2017_realistic_v9-v1/30000/B5D4F166-1EA1-2D4A-945F-751923B86F6E.root
Begin processing the 600001st record. Run 1, Event 24169546, LumiSection 19336 on stream 0 at 11-Jun-2024 12:32:12.006 CEST
11-Jun-2024 12:32:13 CEST  Closed file root://xrootd-cms.infn.it//store/mc/RunIISummer20UL17MiniAODv2/QCD_HT1000to1500_TuneCP5_PSWeights_13TeV-madgraph-pythia8/MINIAODSIM/106X_mc2017_realistic_v9-v1/30000/B5D4F166-1EA1-2D4A-945F-751923B86F6E.root
11-Jun-2024 12:32:13 CEST  Initiating request to open file root://eoscms.cern.ch//eos/cms/store/mc/RunIISummer20UL17MiniAODv2/QCD_HT1000to1500_TuneCP5_PSWeights_13TeV-madgraph-pythia8/MINIAODSIM/106X_mc2017_realistic_v9-v1/30000/0CF5D2D0-7C5F-A441-A5B0-5FFD3A784747.root
%MSG-w XrdAdaptorInternal:  file_open 11-Jun-2024 12:32:14 CEST PostProcessEvent
Failed to open file at URL root://eoscms.cern.ch:1094//eos/cms/store/mc/RunIISummer20UL17MiniAODv2/QCD_HT1000to1500_TuneCP5_PSWeights_13TeV-madgraph-pythia8/MINIAODSIM/106X_mc2017_realistic_v9-v1/30000/0CF5D2D0-7C5F-A441-A5B0-5FFD3A784747.root.
%MSG
%MSG-w XrdAdaptorInternal:  file_open 11-Jun-2024 12:32:14 CEST PostProcessEvent
Failed to open file at URL root://eoscms.cern.ch:1094//eos/cms/store/mc/RunIISummer20UL17MiniAODv2/QCD_HT1000to1500_TuneCP5_PSWeights_13TeV-madgraph-pythia8/MINIAODSIM/106X_mc2017_realistic_v9-v1/30000/0CF5D2D0-7C5F-A441-A5B0-5FFD3A784747.root?tried=.
%MSG
11-Jun-2024 12:32:14 CEST  Fallback request to file root://xrootd-cms.infn.it//store/mc/RunIISummer20UL17MiniAODv2/QCD_HT1000to1500_TuneCP5_PSWeights_13TeV-madgraph-pythia8/MINIAODSIM/106X_mc2017_realistic_v9-v1/30000/0CF5D2D0-7C5F-A441-A5B0-5FFD3A784747.root
%MSG-w XrdAdaptor:  file_open 11-Jun-2024 12:32:27 CEST PostProcessEvent
Data is served from fnal.gov instead of original site T2_IT_Pisa
%MSG
11-Jun-2024 12:32:28 CEST  Successfully opened file root://xrootd-cms.infn.it//store/mc/RunIISummer20UL17MiniAODv2/QCD_HT1000to1500_TuneCP5_PSWeights_13TeV-madgraph-pythia8/MINIAODSIM/106X_mc2017_realistic_v9-v1/30000/0CF5D2D0-7C5F-A441-A5B0-5FFD3A784747.root
11-Jun-2024 12:32:36 CEST  Closed file root://xrootd-cms.infn.it//store/mc/RunIISummer20UL17MiniAODv2/QCD_HT1000to1500_TuneCP5_PSWeights_13TeV-madgraph-pythia8/MINIAODSIM/106X_mc2017_realistic_v9-v1/30000/0CF5D2D0-7C5F-A441-A5B0-5FFD3A784747.root
11-Jun-2024 12:32:36 CEST  Initiating request to open file root://eoscms.cern.ch//eos/cms/store/mc/RunIISummer20UL17MiniAODv2/QCD_HT1000to1500_TuneCP5_PSWeights_13TeV-madgraph-pythia8/MINIAODSIM/106X_mc2017_realistic_v9-v1/30000/0ECDFDEB-CBAF-334B-BE8B-FD4D10C4B49E.root
%MSG-w XrdAdaptorInternal:  file_open 11-Jun-2024 12:32:37 CEST PostProcessEvent
Failed to open file at URL root://eoscms.cern.ch:1094//eos/cms/store/mc/RunIISummer20UL17MiniAODv2/QCD_HT1000to1500_TuneCP5_PSWeights_13TeV-madgraph-pythia8/MINIAODSIM/106X_mc2017_realistic_v9-v1/30000/0ECDFDEB-CBAF-334B-BE8B-FD4D10C4B49E.root.
%MSG
%MSG-w XrdAdaptorInternal:  file_open 11-Jun-2024 12:32:37 CEST PostProcessEvent
Failed to open file at URL root://eoscms.cern.ch:1094//eos/cms/store/mc/RunIISummer20UL17MiniAODv2/QCD_HT1000to1500_TuneCP5_PSWeights_13TeV-madgraph-pythia8/MINIAODSIM/106X_mc2017_realistic_v9-v1/30000/0ECDFDEB-CBAF-334B-BE8B-FD4D10C4B49E.root?tried=.
%MSG
11-Jun-2024 12:32:37 CEST  Fallback request to file root://xrootd-cms.infn.it//store/mc/RunIISummer20UL17MiniAODv2/QCD_HT1000to1500_TuneCP5_PSWeights_13TeV-madgraph-pythia8/MINIAODSIM/106X_mc2017_realistic_v9-v1/30000/0ECDFDEB-CBAF-334B-BE8B-FD4D10C4B49E.root
%MSG-w XrdAdaptor:  file_open 11-Jun-2024 12:32:50 CEST PostProcessEvent
Data is served from fnal.gov instead of original site T2_IT_Pisa
%MSG
11-Jun-2024 12:32:51 CEST  Successfully opened file root://xrootd-cms.infn.it//store/mc/RunIISummer20UL17MiniAODv2/QCD_HT1000to1500_TuneCP5_PSWeights_13TeV-madgraph-pythia8/MINIAODSIM/106X_mc2017_realistic_v9-v1/30000/0ECDFDEB-CBAF-334B-BE8B-FD4D10C4B49E.root
Begin processing the 700001st record. Run 1, Event 103296806, LumiSection 82638 on stream 0 at 11-Jun-2024 12:32:59.270 CEST
11-Jun-2024 12:33:01 CEST  Closed file root://xrootd-cms.infn.it//store/mc/RunIISummer20UL17MiniAODv2/QCD_HT1000to1500_TuneCP5_PSWeights_13TeV-madgraph-pythia8/MINIAODSIM/106X_mc2017_realistic_v9-v1/30000/0ECDFDEB-CBAF-334B-BE8B-FD4D10C4B49E.root
11-Jun-2024 12:33:01 CEST  Initiating request to open file root://eoscms.cern.ch//eos/cms/store/mc/RunIISummer20UL17MiniAODv2/QCD_HT1000to1500_TuneCP5_PSWeights_13TeV-madgraph-pythia8/MINIAODSIM/106X_mc2017_realistic_v9-v1/30000/6AFC8BFE-45ED-9744-9810-D30386D511B8.root
%MSG-w XrdAdaptorInternal:  file_open 11-Jun-2024 12:33:02 CEST PostProcessEvent
Failed to open file at URL root://eoscms.cern.ch:1094//eos/cms/store/mc/RunIISummer20UL17MiniAODv2/QCD_HT1000to1500_TuneCP5_PSWeights_13TeV-madgraph-pythia8/MINIAODSIM/106X_mc2017_realistic_v9-v1/30000/6AFC8BFE-45ED-9744-9810-D30386D511B8.root.
%MSG
%MSG-w XrdAdaptorInternal:  file_open 11-Jun-2024 12:33:02 CEST PostProcessEvent
Failed to open file at URL root://eoscms.cern.ch:1094//eos/cms/store/mc/RunIISummer20UL17MiniAODv2/QCD_HT1000to1500_TuneCP5_PSWeights_13TeV-madgraph-pythia8/MINIAODSIM/106X_mc2017_realistic_v9-v1/30000/6AFC8BFE-45ED-9744-9810-D30386D511B8.root?tried=.
%MSG
11-Jun-2024 12:33:02 CEST  Fallback request to file root://xrootd-cms.infn.it//store/mc/RunIISummer20UL17MiniAODv2/QCD_HT1000to1500_TuneCP5_PSWeights_13TeV-madgraph-pythia8/MINIAODSIM/106X_mc2017_realistic_v9-v1/30000/6AFC8BFE-45ED-9744-9810-D30386D511B8.root
%MSG-w XrdAdaptor:  file_open 11-Jun-2024 12:33:15 CEST PostProcessEvent
Data is served from fnal.gov instead of original site T2_IT_Pisa
%MSG
11-Jun-2024 12:33:16 CEST  Successfully opened file root://xrootd-cms.infn.it//store/mc/RunIISummer20UL17MiniAODv2/QCD_HT1000to1500_TuneCP5_PSWeights_13TeV-madgraph-pythia8/MINIAODSIM/106X_mc2017_realistic_v9-v1/30000/6AFC8BFE-45ED-9744-9810-D30386D511B8.root
11-Jun-2024 12:33:24 CEST  Closed file root://xrootd-cms.infn.it//store/mc/RunIISummer20UL17MiniAODv2/QCD_HT1000to1500_TuneCP5_PSWeights_13TeV-madgraph-pythia8/MINIAODSIM/106X_mc2017_realistic_v9-v1/30000/6AFC8BFE-45ED-9744-9810-D30386D511B8.root
11-Jun-2024 12:33:24 CEST  Initiating request to open file root://eoscms.cern.ch//eos/cms/store/mc/RunIISummer20UL17MiniAODv2/QCD_HT1000to1500_TuneCP5_PSWeights_13TeV-madgraph-pythia8/MINIAODSIM/106X_mc2017_realistic_v9-v1/30000/4CC8EB5E-0AC8-8743-83D7-F36D692D6760.root
%MSG-w XrdAdaptorInternal:  file_open 11-Jun-2024 12:33:25 CEST PostProcessEvent
Failed to open file at URL root://eoscms.cern.ch:1094//eos/cms/store/mc/RunIISummer20UL17MiniAODv2/QCD_HT1000to1500_TuneCP5_PSWeights_13TeV-madgraph-pythia8/MINIAODSIM/106X_mc2017_realistic_v9-v1/30000/4CC8EB5E-0AC8-8743-83D7-F36D692D6760.root.
%MSG
%MSG-w XrdAdaptorInternal:  file_open 11-Jun-2024 12:33:25 CEST PostProcessEvent
Failed to open file at URL root://eoscms.cern.ch:1094//eos/cms/store/mc/RunIISummer20UL17MiniAODv2/QCD_HT1000to1500_TuneCP5_PSWeights_13TeV-madgraph-pythia8/MINIAODSIM/106X_mc2017_realistic_v9-v1/30000/4CC8EB5E-0AC8-8743-83D7-F36D692D6760.root?tried=.
%MSG
11-Jun-2024 12:33:25 CEST  Fallback request to file root://xrootd-cms.infn.it//store/mc/RunIISummer20UL17MiniAODv2/QCD_HT1000to1500_TuneCP5_PSWeights_13TeV-madgraph-pythia8/MINIAODSIM/106X_mc2017_realistic_v9-v1/30000/4CC8EB5E-0AC8-8743-83D7-F36D692D6760.root
%MSG-w XrdAdaptor:  file_open 11-Jun-2024 12:33:37 CEST PostProcessEvent
Data is served from fnal.gov instead of original site T2_IT_Pisa
%MSG
11-Jun-2024 12:33:38 CEST  Successfully opened file root://xrootd-cms.infn.it//store/mc/RunIISummer20UL17MiniAODv2/QCD_HT1000to1500_TuneCP5_PSWeights_13TeV-madgraph-pythia8/MINIAODSIM/106X_mc2017_realistic_v9-v1/30000/4CC8EB5E-0AC8-8743-83D7-F36D692D6760.root
Begin processing the 800001st record. Run 1, Event 63454782, LumiSection 50764 on stream 0 at 11-Jun-2024 12:33:46.050 CEST
11-Jun-2024 12:33:47 CEST  Closed file root://xrootd-cms.infn.it//store/mc/RunIISummer20UL17MiniAODv2/QCD_HT1000to1500_TuneCP5_PSWeights_13TeV-madgraph-pythia8/MINIAODSIM/106X_mc2017_realistic_v9-v1/30000/4CC8EB5E-0AC8-8743-83D7-F36D692D6760.root
11-Jun-2024 12:33:47 CEST  Initiating request to open file root://eoscms.cern.ch//eos/cms/store/mc/RunIISummer20UL17MiniAODv2/QCD_HT1000to1500_TuneCP5_PSWeights_13TeV-madgraph-pythia8/MINIAODSIM/106X_mc2017_realistic_v9-v1/30000/674F3764-4100-4340-B808-46F9387368E0.root
%MSG-w XrdAdaptorInternal:  file_open 11-Jun-2024 12:33:48 CEST PostProcessEvent
Failed to open file at URL root://eoscms.cern.ch:1094//eos/cms/store/mc/RunIISummer20UL17MiniAODv2/QCD_HT1000to1500_TuneCP5_PSWeights_13TeV-madgraph-pythia8/MINIAODSIM/106X_mc2017_realistic_v9-v1/30000/674F3764-4100-4340-B808-46F9387368E0.root.
%MSG
%MSG-w XrdAdaptorInternal:  file_open 11-Jun-2024 12:33:48 CEST PostProcessEvent
Failed to open file at URL root://eoscms.cern.ch:1094//eos/cms/store/mc/RunIISummer20UL17MiniAODv2/QCD_HT1000to1500_TuneCP5_PSWeights_13TeV-madgraph-pythia8/MINIAODSIM/106X_mc2017_realistic_v9-v1/30000/674F3764-4100-4340-B808-46F9387368E0.root?tried=.
%MSG
11-Jun-2024 12:33:48 CEST  Fallback request to file root://xrootd-cms.infn.it//store/mc/RunIISummer20UL17MiniAODv2/QCD_HT1000to1500_TuneCP5_PSWeights_13TeV-madgraph-pythia8/MINIAODSIM/106X_mc2017_realistic_v9-v1/30000/674F3764-4100-4340-B808-46F9387368E0.root
%MSG-w XrdAdaptor:  file_open 11-Jun-2024 12:34:00 CEST PostProcessEvent
Data is served from fnal.gov instead of original site T2_IT_Pisa
%MSG
11-Jun-2024 12:34:00 CEST  Successfully opened file root://xrootd-cms.infn.it//store/mc/RunIISummer20UL17MiniAODv2/QCD_HT1000to1500_TuneCP5_PSWeights_13TeV-madgraph-pythia8/MINIAODSIM/106X_mc2017_realistic_v9-v1/30000/674F3764-4100-4340-B808-46F9387368E0.root
11-Jun-2024 12:34:10 CEST  Closed file root://xrootd-cms.infn.it//store/mc/RunIISummer20UL17MiniAODv2/QCD_HT1000to1500_TuneCP5_PSWeights_13TeV-madgraph-pythia8/MINIAODSIM/106X_mc2017_realistic_v9-v1/30000/674F3764-4100-4340-B808-46F9387368E0.root
11-Jun-2024 12:34:10 CEST  Initiating request to open file root://eoscms.cern.ch//eos/cms/store/mc/RunIISummer20UL17MiniAODv2/QCD_HT1000to1500_TuneCP5_PSWeights_13TeV-madgraph-pythia8/MINIAODSIM/106X_mc2017_realistic_v9-v1/30000/5BC2C262-22DF-3C46-A41D-BA498EA5D611.root
%MSG-w XrdAdaptorInternal:  file_open 11-Jun-2024 12:34:11 CEST PostProcessEvent
Failed to open file at URL root://eoscms.cern.ch:1094//eos/cms/store/mc/RunIISummer20UL17MiniAODv2/QCD_HT1000to1500_TuneCP5_PSWeights_13TeV-madgraph-pythia8/MINIAODSIM/106X_mc2017_realistic_v9-v1/30000/5BC2C262-22DF-3C46-A41D-BA498EA5D611.root.
%MSG
%MSG-w XrdAdaptorInternal:  file_open 11-Jun-2024 12:34:11 CEST PostProcessEvent
Failed to open file at URL root://eoscms.cern.ch:1094//eos/cms/store/mc/RunIISummer20UL17MiniAODv2/QCD_HT1000to1500_TuneCP5_PSWeights_13TeV-madgraph-pythia8/MINIAODSIM/106X_mc2017_realistic_v9-v1/30000/5BC2C262-22DF-3C46-A41D-BA498EA5D611.root?tried=.
%MSG
11-Jun-2024 12:34:11 CEST  Fallback request to file root://xrootd-cms.infn.it//store/mc/RunIISummer20UL17MiniAODv2/QCD_HT1000to1500_TuneCP5_PSWeights_13TeV-madgraph-pythia8/MINIAODSIM/106X_mc2017_realistic_v9-v1/30000/5BC2C262-22DF-3C46-A41D-BA498EA5D611.root
%MSG-w XrdAdaptor:  file_open 11-Jun-2024 12:34:24 CEST PostProcessEvent
Data is served from fnal.gov instead of original site T2_IT_Pisa
%MSG
11-Jun-2024 12:34:24 CEST  Successfully opened file root://xrootd-cms.infn.it//store/mc/RunIISummer20UL17MiniAODv2/QCD_HT1000to1500_TuneCP5_PSWeights_13TeV-madgraph-pythia8/MINIAODSIM/106X_mc2017_realistic_v9-v1/30000/5BC2C262-22DF-3C46-A41D-BA498EA5D611.root
Begin processing the 900001st record. Run 1, Event 126986342, LumiSection 101590 on stream 0 at 11-Jun-2024 12:34:32.462 CEST
11-Jun-2024 12:34:34 CEST  Closed file root://xrootd-cms.infn.it//store/mc/RunIISummer20UL17MiniAODv2/QCD_HT1000to1500_TuneCP5_PSWeights_13TeV-madgraph-pythia8/MINIAODSIM/106X_mc2017_realistic_v9-v1/30000/5BC2C262-22DF-3C46-A41D-BA498EA5D611.root
11-Jun-2024 12:34:34 CEST  Initiating request to open file root://eoscms.cern.ch//eos/cms/store/mc/RunIISummer20UL17MiniAODv2/QCD_HT1000to1500_TuneCP5_PSWeights_13TeV-madgraph-pythia8/MINIAODSIM/106X_mc2017_realistic_v9-v1/30000/E8078F1C-C741-B344-B003-320C0A19655C.root
%MSG-w XrdAdaptorInternal:  file_open 11-Jun-2024 12:34:35 CEST PostProcessEvent
Failed to open file at URL root://eoscms.cern.ch:1094//eos/cms/store/mc/RunIISummer20UL17MiniAODv2/QCD_HT1000to1500_TuneCP5_PSWeights_13TeV-madgraph-pythia8/MINIAODSIM/106X_mc2017_realistic_v9-v1/30000/E8078F1C-C741-B344-B003-320C0A19655C.root.
%MSG
%MSG-w XrdAdaptorInternal:  file_open 11-Jun-2024 12:34:35 CEST PostProcessEvent
Failed to open file at URL root://eoscms.cern.ch:1094//eos/cms/store/mc/RunIISummer20UL17MiniAODv2/QCD_HT1000to1500_TuneCP5_PSWeights_13TeV-madgraph-pythia8/MINIAODSIM/106X_mc2017_realistic_v9-v1/30000/E8078F1C-C741-B344-B003-320C0A19655C.root?tried=.
%MSG
11-Jun-2024 12:34:35 CEST  Fallback request to file root://xrootd-cms.infn.it//store/mc/RunIISummer20UL17MiniAODv2/QCD_HT1000to1500_TuneCP5_PSWeights_13TeV-madgraph-pythia8/MINIAODSIM/106X_mc2017_realistic_v9-v1/30000/E8078F1C-C741-B344-B003-320C0A19655C.root
%MSG-w XrdAdaptor:  file_open 11-Jun-2024 12:34:47 CEST PostProcessEvent
Data is served from fnal.gov instead of original site T2_IT_Pisa
%MSG
11-Jun-2024 12:34:47 CEST  Successfully opened file root://xrootd-cms.infn.it//store/mc/RunIISummer20UL17MiniAODv2/QCD_HT1000to1500_TuneCP5_PSWeights_13TeV-madgraph-pythia8/MINIAODSIM/106X_mc2017_realistic_v9-v1/30000/E8078F1C-C741-B344-B003-320C0A19655C.root
11-Jun-2024 12:34:55 CEST  Closed file root://xrootd-cms.infn.it//store/mc/RunIISummer20UL17MiniAODv2/QCD_HT1000to1500_TuneCP5_PSWeights_13TeV-madgraph-pythia8/MINIAODSIM/106X_mc2017_realistic_v9-v1/30000/E8078F1C-C741-B344-B003-320C0A19655C.root
11-Jun-2024 12:34:55 CEST  Initiating request to open file root://eoscms.cern.ch//eos/cms/store/mc/RunIISummer20UL17MiniAODv2/QCD_HT1000to1500_TuneCP5_PSWeights_13TeV-madgraph-pythia8/MINIAODSIM/106X_mc2017_realistic_v9-v1/30000/F77B93B9-992F-494D-A98B-B6986EC4A325.root
%MSG-w XrdAdaptorInternal:  file_open 11-Jun-2024 12:34:56 CEST PostProcessEvent
Failed to open file at URL root://eoscms.cern.ch:1094//eos/cms/store/mc/RunIISummer20UL17MiniAODv2/QCD_HT1000to1500_TuneCP5_PSWeights_13TeV-madgraph-pythia8/MINIAODSIM/106X_mc2017_realistic_v9-v1/30000/F77B93B9-992F-494D-A98B-B6986EC4A325.root.
%MSG
%MSG-w XrdAdaptorInternal:  file_open 11-Jun-2024 12:34:56 CEST PostProcessEvent
Failed to open file at URL root://eoscms.cern.ch:1094//eos/cms/store/mc/RunIISummer20UL17MiniAODv2/QCD_HT1000to1500_TuneCP5_PSWeights_13TeV-madgraph-pythia8/MINIAODSIM/106X_mc2017_realistic_v9-v1/30000/F77B93B9-992F-494D-A98B-B6986EC4A325.root?tried=.
%MSG
11-Jun-2024 12:34:56 CEST  Fallback request to file root://xrootd-cms.infn.it//store/mc/RunIISummer20UL17MiniAODv2/QCD_HT1000to1500_TuneCP5_PSWeights_13TeV-madgraph-pythia8/MINIAODSIM/106X_mc2017_realistic_v9-v1/30000/F77B93B9-992F-494D-A98B-B6986EC4A325.root
%MSG-w XrdAdaptor:  file_open 11-Jun-2024 12:35:09 CEST PostProcessEvent
Data is served from fnal.gov instead of original site T2_IT_Pisa
%MSG
11-Jun-2024 12:35:09 CEST  Successfully opened file root://xrootd-cms.infn.it//store/mc/RunIISummer20UL17MiniAODv2/QCD_HT1000to1500_TuneCP5_PSWeights_13TeV-madgraph-pythia8/MINIAODSIM/106X_mc2017_realistic_v9-v1/30000/F77B93B9-992F-494D-A98B-B6986EC4A325.root
  10530.200000     34.682800      5.689313             2
   3079.400000     21.167700      5.689313             1
    473.326000      5.227060      5.689313             0
 
11-Jun-2024 12:35:17 CEST  Closed file root://xrootd-cms.infn.it//store/mc/RunIISummer20UL17MiniAODv2/QCD_HT1000to1500_TuneCP5_PSWeights_13TeV-madgraph-pythia8/MINIAODSIM/106X_mc2017_realistic_v9-v1/30000/F77B93B9-992F-494D-A98B-B6986EC4A325.root

------------------------------------
GenXsecAnalyzer:
------------------------------------
-------------------------------------------------------------------------------------------------------------------------------------------------------------------------- 
Overall cross-section summary 
--------------------------------------------------------------------------------------------------------------------------------------------------------------------------
Process		xsec_before [pb]		passed	nposw	nnegw	tried	nposw	nnegw 	xsec_match [pb]			accepted [%]	 event_eff [%]
0		4.689e+02 +/- 1.450e-01		8807	8807	0	422604	422604	0	9.772e+00 +/- 1.031e-01		2.1 +/- 0.0	2.1 +/- 0.0
1		3.058e+03 +/- 6.055e-01		33466	33466	0	2745230	2745230	0	3.728e+01 +/- 2.027e-01		1.2 +/- 0.0	1.2 +/- 0.0
2		1.049e+04 +/- 9.150e-01		957807	957807	0	9387166	9387166	0	1.070e+03 +/- 1.041e+00		10.2 +/- 0.0	10.2 +/- 0.0
-------------------------------------------------------------------------------------------------------------------------------------------------------------------------- 
Total		1.402e+04 +/- 1.107e+00		1000080	1000080	0	12555000	12555000	0	1.117e+03 +/- 1.075e+00		8.0 +/- 0.0	8.0 +/- 0.0
--------------------------------------------------------------------------------------------------------------------------------------------------------------------------
Before matching: total cross section = 1.402e+04 +- 1.107e+00 pb
After matching: total cross section = 1.117e+03 +- 1.075e+00 pb
Matching efficiency = 0.1 +/- 0.0   [TO BE USED IN MCM]
Filter efficiency (taking into account weights)= (1.00008e+06) / (1.00008e+06) = 1.000e+00 +- 0.000e+00
Filter efficiency (event-level)= (1.00008e+06) / (1.00008e+06) = 1.000e+00 +- 0.000e+00    [TO BE USED IN MCM]

After filter: final cross section = 1.117e+03 +- 1.075e+00 pb
After filter: final fraction of events with negative weights = 0.000e+00 +- 0.000e+00
After filter: final equivalent lumi for 1M events (1/fb) = 8.956e-01 +- 1.243e-03

=============================================

MessageLogger Summary

 type     category        sev    module        subroutine        count    total
 ---- -------------------- -- ---------------- ----------------  -----    -----
    1 GenXSecAnalyzer      -w GenXSecAnalyzer:                      17       17
    2 XrdAdaptor           -w file_open                             23       23
    3 XrdAdaptorInternal   -w file_open                             46       46
    4 fileAction           -s file_close                            23       23
    5 fileAction           -s file_open                             69       69

 type    category    Examples: run/evt        run/evt          run/evt
 ---- -------------------- ---------------- ---------------- ----------------
    1 GenXSecAnalyzer      PostGlobalEndRun PostGlobalEndRun PostGlobalEndRun
    2 XrdAdaptor           pre-events       PostProcessEvent PostProcessEvent
    3 XrdAdaptorInternal   pre-events       pre-events       PostProcessEvent
    4 fileAction           PostProcessEvent PostProcessEvent PostGlobalEndRun
    5 fileAction           pre-events       pre-events       PostProcessEvent

Severity    # Occurrences   Total Occurrences
--------    -------------   -----------------
Warning                86                  86
System                 92                  92

dropped waiting message count 0
