11-Jun-2024 12:24:06 CEST  Initiating request to open file root://eoscms.cern.ch//eos/cms/store/mc/RunIISummer20UL17MiniAODv2/QCD_Pt_470to600_TuneCP5_13TeV_pythia8/MINIAODSIM/106X_mc2017_realistic_v9-v1/30000/0B2CF4AF-A711-9C44-AEB6-A189CECEE43E.root
%MSG-w XrdAdaptorInternal:  file_open 11-Jun-2024 12:24:07 CEST pre-events
Failed to open file at URL root://eoscms.cern.ch:1094//eos/cms/store/mc/RunIISummer20UL17MiniAODv2/QCD_Pt_470to600_TuneCP5_13TeV_pythia8/MINIAODSIM/106X_mc2017_realistic_v9-v1/30000/0B2CF4AF-A711-9C44-AEB6-A189CECEE43E.root.
%MSG
%MSG-w XrdAdaptorInternal:  file_open 11-Jun-2024 12:24:07 CEST pre-events
Failed to open file at URL root://eoscms.cern.ch:1094//eos/cms/store/mc/RunIISummer20UL17MiniAODv2/QCD_Pt_470to600_TuneCP5_13TeV_pythia8/MINIAODSIM/106X_mc2017_realistic_v9-v1/30000/0B2CF4AF-A711-9C44-AEB6-A189CECEE43E.root?tried=.
%MSG
11-Jun-2024 12:24:07 CEST  Fallback request to file root://xrootd-cms.infn.it//store/mc/RunIISummer20UL17MiniAODv2/QCD_Pt_470to600_TuneCP5_13TeV_pythia8/MINIAODSIM/106X_mc2017_realistic_v9-v1/30000/0B2CF4AF-A711-9C44-AEB6-A189CECEE43E.root
%MSG-w XrdAdaptor:  file_open 11-Jun-2024 12:24:22 CEST pre-events
Data is served from T2_US_MIT instead of original site T2_IT_Pisa
%MSG
11-Jun-2024 12:24:25 CEST  Successfully opened file root://xrootd-cms.infn.it//store/mc/RunIISummer20UL17MiniAODv2/QCD_Pt_470to600_TuneCP5_13TeV_pythia8/MINIAODSIM/106X_mc2017_realistic_v9-v1/30000/0B2CF4AF-A711-9C44-AEB6-A189CECEE43E.root
Begin processing the 1st record. Run 1, Event 351005, LumiSection 352 on stream 0 at 11-Jun-2024 12:24:33.541 CEST
11-Jun-2024 12:24:36 CEST  Closed file root://xrootd-cms.infn.it//store/mc/RunIISummer20UL17MiniAODv2/QCD_Pt_470to600_TuneCP5_13TeV_pythia8/MINIAODSIM/106X_mc2017_realistic_v9-v1/30000/0B2CF4AF-A711-9C44-AEB6-A189CECEE43E.root
11-Jun-2024 12:24:36 CEST  Initiating request to open file root://eoscms.cern.ch//eos/cms/store/mc/RunIISummer20UL17MiniAODv2/QCD_Pt_470to600_TuneCP5_13TeV_pythia8/MINIAODSIM/106X_mc2017_realistic_v9-v1/30000/4CCE334A-A1AE-274A-8C16-172CD067DB33.root
%MSG-w XrdAdaptorInternal:  file_open 11-Jun-2024 12:24:37 CEST PostProcessEvent
Failed to open file at URL root://eoscms.cern.ch:1094//eos/cms/store/mc/RunIISummer20UL17MiniAODv2/QCD_Pt_470to600_TuneCP5_13TeV_pythia8/MINIAODSIM/106X_mc2017_realistic_v9-v1/30000/4CCE334A-A1AE-274A-8C16-172CD067DB33.root.
%MSG
%MSG-w XrdAdaptorInternal:  file_open 11-Jun-2024 12:24:37 CEST PostProcessEvent
Failed to open file at URL root://eoscms.cern.ch:1094//eos/cms/store/mc/RunIISummer20UL17MiniAODv2/QCD_Pt_470to600_TuneCP5_13TeV_pythia8/MINIAODSIM/106X_mc2017_realistic_v9-v1/30000/4CCE334A-A1AE-274A-8C16-172CD067DB33.root?tried=.
%MSG
11-Jun-2024 12:24:37 CEST  Fallback request to file root://xrootd-cms.infn.it//store/mc/RunIISummer20UL17MiniAODv2/QCD_Pt_470to600_TuneCP5_13TeV_pythia8/MINIAODSIM/106X_mc2017_realistic_v9-v1/30000/4CCE334A-A1AE-274A-8C16-172CD067DB33.root
%MSG-w XrdAdaptor:  file_open 11-Jun-2024 12:24:51 CEST PostProcessEvent
Data is served from T2_US_MIT instead of original site T2_IT_Pisa
%MSG
11-Jun-2024 12:24:51 CEST  Successfully opened file root://xrootd-cms.infn.it//store/mc/RunIISummer20UL17MiniAODv2/QCD_Pt_470to600_TuneCP5_13TeV_pythia8/MINIAODSIM/106X_mc2017_realistic_v9-v1/30000/4CCE334A-A1AE-274A-8C16-172CD067DB33.root
Begin processing the 100001st record. Run 1, Event 2155002, LumiSection 2156 on stream 0 at 11-Jun-2024 12:25:00.696 CEST
11-Jun-2024 12:25:02 CEST  Closed file root://xrootd-cms.infn.it//store/mc/RunIISummer20UL17MiniAODv2/QCD_Pt_470to600_TuneCP5_13TeV_pythia8/MINIAODSIM/106X_mc2017_realistic_v9-v1/30000/4CCE334A-A1AE-274A-8C16-172CD067DB33.root
11-Jun-2024 12:25:02 CEST  Initiating request to open file root://eoscms.cern.ch//eos/cms/store/mc/RunIISummer20UL17MiniAODv2/QCD_Pt_470to600_TuneCP5_13TeV_pythia8/MINIAODSIM/106X_mc2017_realistic_v9-v1/30000/1A9AE661-704F-7341-B68E-E44384BE9063.root
%MSG-w XrdAdaptorInternal:  file_open 11-Jun-2024 12:25:03 CEST PostProcessEvent
Failed to open file at URL root://eoscms.cern.ch:1094//eos/cms/store/mc/RunIISummer20UL17MiniAODv2/QCD_Pt_470to600_TuneCP5_13TeV_pythia8/MINIAODSIM/106X_mc2017_realistic_v9-v1/30000/1A9AE661-704F-7341-B68E-E44384BE9063.root.
%MSG
%MSG-w XrdAdaptorInternal:  file_open 11-Jun-2024 12:25:03 CEST PostProcessEvent
Failed to open file at URL root://eoscms.cern.ch:1094//eos/cms/store/mc/RunIISummer20UL17MiniAODv2/QCD_Pt_470to600_TuneCP5_13TeV_pythia8/MINIAODSIM/106X_mc2017_realistic_v9-v1/30000/1A9AE661-704F-7341-B68E-E44384BE9063.root?tried=.
%MSG
11-Jun-2024 12:25:03 CEST  Fallback request to file root://xrootd-cms.infn.it//store/mc/RunIISummer20UL17MiniAODv2/QCD_Pt_470to600_TuneCP5_13TeV_pythia8/MINIAODSIM/106X_mc2017_realistic_v9-v1/30000/1A9AE661-704F-7341-B68E-E44384BE9063.root
%MSG-w XrdAdaptor:  file_open 11-Jun-2024 12:25:17 CEST PostProcessEvent
Data is served from T2_US_MIT instead of original site T2_IT_Pisa
%MSG
11-Jun-2024 12:25:17 CEST  Successfully opened file root://xrootd-cms.infn.it//store/mc/RunIISummer20UL17MiniAODv2/QCD_Pt_470to600_TuneCP5_13TeV_pythia8/MINIAODSIM/106X_mc2017_realistic_v9-v1/30000/1A9AE661-704F-7341-B68E-E44384BE9063.root
Begin processing the 200001st record. Run 1, Event 16085003, LumiSection 16086 on stream 0 at 11-Jun-2024 12:25:27.537 CEST
11-Jun-2024 12:25:28 CEST  Closed file root://xrootd-cms.infn.it//store/mc/RunIISummer20UL17MiniAODv2/QCD_Pt_470to600_TuneCP5_13TeV_pythia8/MINIAODSIM/106X_mc2017_realistic_v9-v1/30000/1A9AE661-704F-7341-B68E-E44384BE9063.root
11-Jun-2024 12:25:28 CEST  Initiating request to open file root://eoscms.cern.ch//eos/cms/store/mc/RunIISummer20UL17MiniAODv2/QCD_Pt_470to600_TuneCP5_13TeV_pythia8/MINIAODSIM/106X_mc2017_realistic_v9-v1/30000/83A4E75C-5727-7C47-9EF0-0606E5501BC2.root
%MSG-w XrdAdaptorInternal:  file_open 11-Jun-2024 12:25:29 CEST PostProcessEvent
Failed to open file at URL root://eoscms.cern.ch:1094//eos/cms/store/mc/RunIISummer20UL17MiniAODv2/QCD_Pt_470to600_TuneCP5_13TeV_pythia8/MINIAODSIM/106X_mc2017_realistic_v9-v1/30000/83A4E75C-5727-7C47-9EF0-0606E5501BC2.root.
%MSG
%MSG-w XrdAdaptorInternal:  file_open 11-Jun-2024 12:25:29 CEST PostProcessEvent
Failed to open file at URL root://eoscms.cern.ch:1094//eos/cms/store/mc/RunIISummer20UL17MiniAODv2/QCD_Pt_470to600_TuneCP5_13TeV_pythia8/MINIAODSIM/106X_mc2017_realistic_v9-v1/30000/83A4E75C-5727-7C47-9EF0-0606E5501BC2.root?tried=.
%MSG
11-Jun-2024 12:25:29 CEST  Fallback request to file root://xrootd-cms.infn.it//store/mc/RunIISummer20UL17MiniAODv2/QCD_Pt_470to600_TuneCP5_13TeV_pythia8/MINIAODSIM/106X_mc2017_realistic_v9-v1/30000/83A4E75C-5727-7C47-9EF0-0606E5501BC2.root
%MSG-w XrdAdaptor:  file_open 11-Jun-2024 12:25:43 CEST PostProcessEvent
Data is served from T2_US_MIT instead of original site T2_IT_Pisa
%MSG
11-Jun-2024 12:25:43 CEST  Successfully opened file root://xrootd-cms.infn.it//store/mc/RunIISummer20UL17MiniAODv2/QCD_Pt_470to600_TuneCP5_13TeV_pythia8/MINIAODSIM/106X_mc2017_realistic_v9-v1/30000/83A4E75C-5727-7C47-9EF0-0606E5501BC2.root
Begin processing the 300001st record. Run 1, Event 9432001, LumiSection 9433 on stream 0 at 11-Jun-2024 12:25:54.690 CEST
11-Jun-2024 12:25:55 CEST  Closed file root://xrootd-cms.infn.it//store/mc/RunIISummer20UL17MiniAODv2/QCD_Pt_470to600_TuneCP5_13TeV_pythia8/MINIAODSIM/106X_mc2017_realistic_v9-v1/30000/83A4E75C-5727-7C47-9EF0-0606E5501BC2.root
11-Jun-2024 12:25:55 CEST  Initiating request to open file root://eoscms.cern.ch//eos/cms/store/mc/RunIISummer20UL17MiniAODv2/QCD_Pt_470to600_TuneCP5_13TeV_pythia8/MINIAODSIM/106X_mc2017_realistic_v9-v1/30000/83A98EFE-93E7-8044-8F1A-4066774782CD.root
%MSG-w XrdAdaptorInternal:  file_open 11-Jun-2024 12:25:56 CEST PostProcessEvent
Failed to open file at URL root://eoscms.cern.ch:1094//eos/cms/store/mc/RunIISummer20UL17MiniAODv2/QCD_Pt_470to600_TuneCP5_13TeV_pythia8/MINIAODSIM/106X_mc2017_realistic_v9-v1/30000/83A98EFE-93E7-8044-8F1A-4066774782CD.root.
%MSG
%MSG-w XrdAdaptorInternal:  file_open 11-Jun-2024 12:25:56 CEST PostProcessEvent
Failed to open file at URL root://eoscms.cern.ch:1094//eos/cms/store/mc/RunIISummer20UL17MiniAODv2/QCD_Pt_470to600_TuneCP5_13TeV_pythia8/MINIAODSIM/106X_mc2017_realistic_v9-v1/30000/83A98EFE-93E7-8044-8F1A-4066774782CD.root?tried=.
%MSG
11-Jun-2024 12:25:56 CEST  Fallback request to file root://xrootd-cms.infn.it//store/mc/RunIISummer20UL17MiniAODv2/QCD_Pt_470to600_TuneCP5_13TeV_pythia8/MINIAODSIM/106X_mc2017_realistic_v9-v1/30000/83A98EFE-93E7-8044-8F1A-4066774782CD.root
%MSG-w XrdAdaptor:  file_open 11-Jun-2024 12:26:09 CEST PostProcessEvent
Data is served from T2_US_MIT instead of original site T2_IT_Pisa
%MSG
11-Jun-2024 12:26:09 CEST  Successfully opened file root://xrootd-cms.infn.it//store/mc/RunIISummer20UL17MiniAODv2/QCD_Pt_470to600_TuneCP5_13TeV_pythia8/MINIAODSIM/106X_mc2017_realistic_v9-v1/30000/83A98EFE-93E7-8044-8F1A-4066774782CD.root
Begin processing the 400001st record. Run 1, Event 45118016, LumiSection 45119 on stream 0 at 11-Jun-2024 12:28:23.059 CEST
11-Jun-2024 12:28:23 CEST  Closed file root://xrootd-cms.infn.it//store/mc/RunIISummer20UL17MiniAODv2/QCD_Pt_470to600_TuneCP5_13TeV_pythia8/MINIAODSIM/106X_mc2017_realistic_v9-v1/30000/83A98EFE-93E7-8044-8F1A-4066774782CD.root
11-Jun-2024 12:28:23 CEST  Initiating request to open file root://eoscms.cern.ch//eos/cms/store/mc/RunIISummer20UL17MiniAODv2/QCD_Pt_470to600_TuneCP5_13TeV_pythia8/MINIAODSIM/106X_mc2017_realistic_v9-v1/30000/AB1D835A-3303-614F-8CA6-EB88D7DF2858.root
%MSG-w XrdAdaptorInternal:  file_open 11-Jun-2024 12:28:24 CEST PostProcessEvent
Failed to open file at URL root://eoscms.cern.ch:1094//eos/cms/store/mc/RunIISummer20UL17MiniAODv2/QCD_Pt_470to600_TuneCP5_13TeV_pythia8/MINIAODSIM/106X_mc2017_realistic_v9-v1/30000/AB1D835A-3303-614F-8CA6-EB88D7DF2858.root.
%MSG
%MSG-w XrdAdaptorInternal:  file_open 11-Jun-2024 12:28:24 CEST PostProcessEvent
Failed to open file at URL root://eoscms.cern.ch:1094//eos/cms/store/mc/RunIISummer20UL17MiniAODv2/QCD_Pt_470to600_TuneCP5_13TeV_pythia8/MINIAODSIM/106X_mc2017_realistic_v9-v1/30000/AB1D835A-3303-614F-8CA6-EB88D7DF2858.root?tried=.
%MSG
11-Jun-2024 12:28:24 CEST  Fallback request to file root://xrootd-cms.infn.it//store/mc/RunIISummer20UL17MiniAODv2/QCD_Pt_470to600_TuneCP5_13TeV_pythia8/MINIAODSIM/106X_mc2017_realistic_v9-v1/30000/AB1D835A-3303-614F-8CA6-EB88D7DF2858.root
%MSG-w XrdAdaptor:  file_open 11-Jun-2024 12:28:37 CEST PostProcessEvent
Data is served from T2_US_MIT instead of original site T2_IT_Pisa
%MSG
11-Jun-2024 12:28:38 CEST  Successfully opened file root://xrootd-cms.infn.it//store/mc/RunIISummer20UL17MiniAODv2/QCD_Pt_470to600_TuneCP5_13TeV_pythia8/MINIAODSIM/106X_mc2017_realistic_v9-v1/30000/AB1D835A-3303-614F-8CA6-EB88D7DF2858.root
11-Jun-2024 12:28:49 CEST  Closed file root://xrootd-cms.infn.it//store/mc/RunIISummer20UL17MiniAODv2/QCD_Pt_470to600_TuneCP5_13TeV_pythia8/MINIAODSIM/106X_mc2017_realistic_v9-v1/30000/AB1D835A-3303-614F-8CA6-EB88D7DF2858.root
11-Jun-2024 12:28:49 CEST  Initiating request to open file root://eoscms.cern.ch//eos/cms/store/mc/RunIISummer20UL17MiniAODv2/QCD_Pt_470to600_TuneCP5_13TeV_pythia8/MINIAODSIM/106X_mc2017_realistic_v9-v1/30000/79069BFA-CA7B-A84B-8C6F-304280BB5018.root
%MSG-w XrdAdaptorInternal:  file_open 11-Jun-2024 12:28:50 CEST PostProcessEvent
Failed to open file at URL root://eoscms.cern.ch:1094//eos/cms/store/mc/RunIISummer20UL17MiniAODv2/QCD_Pt_470to600_TuneCP5_13TeV_pythia8/MINIAODSIM/106X_mc2017_realistic_v9-v1/30000/79069BFA-CA7B-A84B-8C6F-304280BB5018.root.
%MSG
%MSG-w XrdAdaptorInternal:  file_open 11-Jun-2024 12:28:50 CEST PostProcessEvent
Failed to open file at URL root://eoscms.cern.ch:1094//eos/cms/store/mc/RunIISummer20UL17MiniAODv2/QCD_Pt_470to600_TuneCP5_13TeV_pythia8/MINIAODSIM/106X_mc2017_realistic_v9-v1/30000/79069BFA-CA7B-A84B-8C6F-304280BB5018.root?tried=.
%MSG
11-Jun-2024 12:28:50 CEST  Fallback request to file root://xrootd-cms.infn.it//store/mc/RunIISummer20UL17MiniAODv2/QCD_Pt_470to600_TuneCP5_13TeV_pythia8/MINIAODSIM/106X_mc2017_realistic_v9-v1/30000/79069BFA-CA7B-A84B-8C6F-304280BB5018.root
%MSG-w XrdAdaptor:  file_open 11-Jun-2024 12:29:04 CEST PostProcessEvent
Data is served from T2_US_MIT instead of original site T2_IT_Pisa
%MSG
11-Jun-2024 12:29:04 CEST  Successfully opened file root://xrootd-cms.infn.it//store/mc/RunIISummer20UL17MiniAODv2/QCD_Pt_470to600_TuneCP5_13TeV_pythia8/MINIAODSIM/106X_mc2017_realistic_v9-v1/30000/79069BFA-CA7B-A84B-8C6F-304280BB5018.root
Begin processing the 500001st record. Run 1, Event 52646007, LumiSection 52647 on stream 0 at 11-Jun-2024 12:29:18.053 CEST
11-Jun-2024 12:29:20 CEST  Closed file root://xrootd-cms.infn.it//store/mc/RunIISummer20UL17MiniAODv2/QCD_Pt_470to600_TuneCP5_13TeV_pythia8/MINIAODSIM/106X_mc2017_realistic_v9-v1/30000/79069BFA-CA7B-A84B-8C6F-304280BB5018.root
11-Jun-2024 12:29:20 CEST  Initiating request to open file root://eoscms.cern.ch//eos/cms/store/mc/RunIISummer20UL17MiniAODv2/QCD_Pt_470to600_TuneCP5_13TeV_pythia8/MINIAODSIM/106X_mc2017_realistic_v9-v1/30000/C514C8D7-F031-744E-AC62-683ED74EA34D.root
%MSG-w XrdAdaptorInternal:  file_open 11-Jun-2024 12:29:21 CEST PostProcessEvent
Failed to open file at URL root://eoscms.cern.ch:1094//eos/cms/store/mc/RunIISummer20UL17MiniAODv2/QCD_Pt_470to600_TuneCP5_13TeV_pythia8/MINIAODSIM/106X_mc2017_realistic_v9-v1/30000/C514C8D7-F031-744E-AC62-683ED74EA34D.root.
%MSG
%MSG-w XrdAdaptorInternal:  file_open 11-Jun-2024 12:29:21 CEST PostProcessEvent
Failed to open file at URL root://eoscms.cern.ch:1094//eos/cms/store/mc/RunIISummer20UL17MiniAODv2/QCD_Pt_470to600_TuneCP5_13TeV_pythia8/MINIAODSIM/106X_mc2017_realistic_v9-v1/30000/C514C8D7-F031-744E-AC62-683ED74EA34D.root?tried=.
%MSG
11-Jun-2024 12:29:21 CEST  Fallback request to file root://xrootd-cms.infn.it//store/mc/RunIISummer20UL17MiniAODv2/QCD_Pt_470to600_TuneCP5_13TeV_pythia8/MINIAODSIM/106X_mc2017_realistic_v9-v1/30000/C514C8D7-F031-744E-AC62-683ED74EA34D.root
%MSG-w XrdAdaptor:  file_open 11-Jun-2024 12:29:35 CEST PostProcessEvent
Data is served from T2_US_MIT instead of original site T2_IT_Pisa
%MSG
11-Jun-2024 12:29:36 CEST  Successfully opened file root://xrootd-cms.infn.it//store/mc/RunIISummer20UL17MiniAODv2/QCD_Pt_470to600_TuneCP5_13TeV_pythia8/MINIAODSIM/106X_mc2017_realistic_v9-v1/30000/C514C8D7-F031-744E-AC62-683ED74EA34D.root
Begin processing the 600001st record. Run 1, Event 27417003, LumiSection 27418 on stream 0 at 11-Jun-2024 12:29:46.084 CEST
11-Jun-2024 12:29:47 CEST  Closed file root://xrootd-cms.infn.it//store/mc/RunIISummer20UL17MiniAODv2/QCD_Pt_470to600_TuneCP5_13TeV_pythia8/MINIAODSIM/106X_mc2017_realistic_v9-v1/30000/C514C8D7-F031-744E-AC62-683ED74EA34D.root
11-Jun-2024 12:29:47 CEST  Initiating request to open file root://eoscms.cern.ch//eos/cms/store/mc/RunIISummer20UL17MiniAODv2/QCD_Pt_470to600_TuneCP5_13TeV_pythia8/MINIAODSIM/106X_mc2017_realistic_v9-v1/30000/7FA80283-2C29-FF48-9481-FB37C1AAFF01.root
%MSG-w XrdAdaptorInternal:  file_open 11-Jun-2024 12:29:48 CEST PostProcessEvent
Failed to open file at URL root://eoscms.cern.ch:1094//eos/cms/store/mc/RunIISummer20UL17MiniAODv2/QCD_Pt_470to600_TuneCP5_13TeV_pythia8/MINIAODSIM/106X_mc2017_realistic_v9-v1/30000/7FA80283-2C29-FF48-9481-FB37C1AAFF01.root.
%MSG
%MSG-w XrdAdaptorInternal:  file_open 11-Jun-2024 12:29:48 CEST PostProcessEvent
Failed to open file at URL root://eoscms.cern.ch:1094//eos/cms/store/mc/RunIISummer20UL17MiniAODv2/QCD_Pt_470to600_TuneCP5_13TeV_pythia8/MINIAODSIM/106X_mc2017_realistic_v9-v1/30000/7FA80283-2C29-FF48-9481-FB37C1AAFF01.root?tried=.
%MSG
11-Jun-2024 12:29:49 CEST  Fallback request to file root://xrootd-cms.infn.it//store/mc/RunIISummer20UL17MiniAODv2/QCD_Pt_470to600_TuneCP5_13TeV_pythia8/MINIAODSIM/106X_mc2017_realistic_v9-v1/30000/7FA80283-2C29-FF48-9481-FB37C1AAFF01.root
%MSG-w XrdAdaptor:  file_open 11-Jun-2024 12:30:01 CEST PostProcessEvent
Data is served from T2_US_MIT instead of original site T2_IT_Pisa
%MSG
11-Jun-2024 12:30:02 CEST  Successfully opened file root://xrootd-cms.infn.it//store/mc/RunIISummer20UL17MiniAODv2/QCD_Pt_470to600_TuneCP5_13TeV_pythia8/MINIAODSIM/106X_mc2017_realistic_v9-v1/30000/7FA80283-2C29-FF48-9481-FB37C1AAFF01.root
Begin processing the 700001st record. Run 1, Event 51553001, LumiSection 51554 on stream 0 at 11-Jun-2024 12:30:11.688 CEST
11-Jun-2024 12:30:13 CEST  Closed file root://xrootd-cms.infn.it//store/mc/RunIISummer20UL17MiniAODv2/QCD_Pt_470to600_TuneCP5_13TeV_pythia8/MINIAODSIM/106X_mc2017_realistic_v9-v1/30000/7FA80283-2C29-FF48-9481-FB37C1AAFF01.root
11-Jun-2024 12:30:13 CEST  Initiating request to open file root://eoscms.cern.ch//eos/cms/store/mc/RunIISummer20UL17MiniAODv2/QCD_Pt_470to600_TuneCP5_13TeV_pythia8/MINIAODSIM/106X_mc2017_realistic_v9-v1/30000/0CDC5A94-0F9B-B941-A908-DBF7E09C1F04.root
%MSG-w XrdAdaptorInternal:  file_open 11-Jun-2024 12:30:14 CEST PostProcessEvent
Failed to open file at URL root://eoscms.cern.ch:1094//eos/cms/store/mc/RunIISummer20UL17MiniAODv2/QCD_Pt_470to600_TuneCP5_13TeV_pythia8/MINIAODSIM/106X_mc2017_realistic_v9-v1/30000/0CDC5A94-0F9B-B941-A908-DBF7E09C1F04.root.
%MSG
%MSG-w XrdAdaptorInternal:  file_open 11-Jun-2024 12:30:14 CEST PostProcessEvent
Failed to open file at URL root://eoscms.cern.ch:1094//eos/cms/store/mc/RunIISummer20UL17MiniAODv2/QCD_Pt_470to600_TuneCP5_13TeV_pythia8/MINIAODSIM/106X_mc2017_realistic_v9-v1/30000/0CDC5A94-0F9B-B941-A908-DBF7E09C1F04.root?tried=.
%MSG
11-Jun-2024 12:30:14 CEST  Fallback request to file root://xrootd-cms.infn.it//store/mc/RunIISummer20UL17MiniAODv2/QCD_Pt_470to600_TuneCP5_13TeV_pythia8/MINIAODSIM/106X_mc2017_realistic_v9-v1/30000/0CDC5A94-0F9B-B941-A908-DBF7E09C1F04.root
%MSG-w XrdAdaptor:  file_open 11-Jun-2024 12:30:29 CEST PostProcessEvent
Data is served from T2_US_MIT instead of original site T2_IT_Pisa
%MSG
11-Jun-2024 12:30:30 CEST  Successfully opened file root://xrootd-cms.infn.it//store/mc/RunIISummer20UL17MiniAODv2/QCD_Pt_470to600_TuneCP5_13TeV_pythia8/MINIAODSIM/106X_mc2017_realistic_v9-v1/30000/0CDC5A94-0F9B-B941-A908-DBF7E09C1F04.root
Begin processing the 800001st record. Run 1, Event 33764007, LumiSection 33765 on stream 0 at 11-Jun-2024 12:30:41.820 CEST
11-Jun-2024 12:30:42 CEST  Closed file root://xrootd-cms.infn.it//store/mc/RunIISummer20UL17MiniAODv2/QCD_Pt_470to600_TuneCP5_13TeV_pythia8/MINIAODSIM/106X_mc2017_realistic_v9-v1/30000/0CDC5A94-0F9B-B941-A908-DBF7E09C1F04.root
11-Jun-2024 12:30:42 CEST  Initiating request to open file root://eoscms.cern.ch//eos/cms/store/mc/RunIISummer20UL17MiniAODv2/QCD_Pt_470to600_TuneCP5_13TeV_pythia8/MINIAODSIM/106X_mc2017_realistic_v9-v1/30000/D9475FB1-802D-5F43-A422-BB2042A034FA.root
%MSG-w XrdAdaptorInternal:  file_open 11-Jun-2024 12:30:43 CEST PostProcessEvent
Failed to open file at URL root://eoscms.cern.ch:1094//eos/cms/store/mc/RunIISummer20UL17MiniAODv2/QCD_Pt_470to600_TuneCP5_13TeV_pythia8/MINIAODSIM/106X_mc2017_realistic_v9-v1/30000/D9475FB1-802D-5F43-A422-BB2042A034FA.root.
%MSG
%MSG-w XrdAdaptorInternal:  file_open 11-Jun-2024 12:30:43 CEST PostProcessEvent
Failed to open file at URL root://eoscms.cern.ch:1094//eos/cms/store/mc/RunIISummer20UL17MiniAODv2/QCD_Pt_470to600_TuneCP5_13TeV_pythia8/MINIAODSIM/106X_mc2017_realistic_v9-v1/30000/D9475FB1-802D-5F43-A422-BB2042A034FA.root?tried=.
%MSG
11-Jun-2024 12:30:43 CEST  Fallback request to file root://xrootd-cms.infn.it//store/mc/RunIISummer20UL17MiniAODv2/QCD_Pt_470to600_TuneCP5_13TeV_pythia8/MINIAODSIM/106X_mc2017_realistic_v9-v1/30000/D9475FB1-802D-5F43-A422-BB2042A034FA.root
%MSG-w XrdAdaptor:  file_open 11-Jun-2024 12:30:57 CEST PostProcessEvent
Data is served from T2_US_MIT instead of original site T2_IT_Pisa
%MSG
11-Jun-2024 12:30:57 CEST  Successfully opened file root://xrootd-cms.infn.it//store/mc/RunIISummer20UL17MiniAODv2/QCD_Pt_470to600_TuneCP5_13TeV_pythia8/MINIAODSIM/106X_mc2017_realistic_v9-v1/30000/D9475FB1-802D-5F43-A422-BB2042A034FA.root
Begin processing the 900001st record. Run 1, Event 35850002, LumiSection 35851 on stream 0 at 11-Jun-2024 12:31:09.480 CEST
11-Jun-2024 12:31:09 CEST  Closed file root://xrootd-cms.infn.it//store/mc/RunIISummer20UL17MiniAODv2/QCD_Pt_470to600_TuneCP5_13TeV_pythia8/MINIAODSIM/106X_mc2017_realistic_v9-v1/30000/D9475FB1-802D-5F43-A422-BB2042A034FA.root
11-Jun-2024 12:31:09 CEST  Initiating request to open file root://eoscms.cern.ch//eos/cms/store/mc/RunIISummer20UL17MiniAODv2/QCD_Pt_470to600_TuneCP5_13TeV_pythia8/MINIAODSIM/106X_mc2017_realistic_v9-v1/30000/2E355BDD-1211-9C49-817E-4A96E65220D6.root
%MSG-w XrdAdaptorInternal:  file_open 11-Jun-2024 12:31:10 CEST PostProcessEvent
Failed to open file at URL root://eoscms.cern.ch:1094//eos/cms/store/mc/RunIISummer20UL17MiniAODv2/QCD_Pt_470to600_TuneCP5_13TeV_pythia8/MINIAODSIM/106X_mc2017_realistic_v9-v1/30000/2E355BDD-1211-9C49-817E-4A96E65220D6.root.
%MSG
%MSG-w XrdAdaptorInternal:  file_open 11-Jun-2024 12:31:10 CEST PostProcessEvent
Failed to open file at URL root://eoscms.cern.ch:1094//eos/cms/store/mc/RunIISummer20UL17MiniAODv2/QCD_Pt_470to600_TuneCP5_13TeV_pythia8/MINIAODSIM/106X_mc2017_realistic_v9-v1/30000/2E355BDD-1211-9C49-817E-4A96E65220D6.root?tried=.
%MSG
11-Jun-2024 12:31:10 CEST  Fallback request to file root://xrootd-cms.infn.it//store/mc/RunIISummer20UL17MiniAODv2/QCD_Pt_470to600_TuneCP5_13TeV_pythia8/MINIAODSIM/106X_mc2017_realistic_v9-v1/30000/2E355BDD-1211-9C49-817E-4A96E65220D6.root
%MSG-w XrdAdaptor:  file_open 11-Jun-2024 12:31:24 CEST PostProcessEvent
Data is served from T2_US_MIT instead of original site T2_IT_Pisa
%MSG
11-Jun-2024 12:31:24 CEST  Successfully opened file root://xrootd-cms.infn.it//store/mc/RunIISummer20UL17MiniAODv2/QCD_Pt_470to600_TuneCP5_13TeV_pythia8/MINIAODSIM/106X_mc2017_realistic_v9-v1/30000/2E355BDD-1211-9C49-817E-4A96E65220D6.root
11-Jun-2024 12:31:35 CEST  Closed file root://xrootd-cms.infn.it//store/mc/RunIISummer20UL17MiniAODv2/QCD_Pt_470to600_TuneCP5_13TeV_pythia8/MINIAODSIM/106X_mc2017_realistic_v9-v1/30000/2E355BDD-1211-9C49-817E-4A96E65220D6.root
11-Jun-2024 12:31:35 CEST  Initiating request to open file root://eoscms.cern.ch//eos/cms/store/mc/RunIISummer20UL17MiniAODv2/QCD_Pt_470to600_TuneCP5_13TeV_pythia8/MINIAODSIM/106X_mc2017_realistic_v9-v1/30000/40B5BBF3-37D8-E34C-8B56-80B14960F587.root
%MSG-w XrdAdaptorInternal:  file_open 11-Jun-2024 12:31:36 CEST PostProcessEvent
Failed to open file at URL root://eoscms.cern.ch:1094//eos/cms/store/mc/RunIISummer20UL17MiniAODv2/QCD_Pt_470to600_TuneCP5_13TeV_pythia8/MINIAODSIM/106X_mc2017_realistic_v9-v1/30000/40B5BBF3-37D8-E34C-8B56-80B14960F587.root.
%MSG
%MSG-w XrdAdaptorInternal:  file_open 11-Jun-2024 12:31:36 CEST PostProcessEvent
Failed to open file at URL root://eoscms.cern.ch:1094//eos/cms/store/mc/RunIISummer20UL17MiniAODv2/QCD_Pt_470to600_TuneCP5_13TeV_pythia8/MINIAODSIM/106X_mc2017_realistic_v9-v1/30000/40B5BBF3-37D8-E34C-8B56-80B14960F587.root?tried=.
%MSG
11-Jun-2024 12:31:36 CEST  Fallback request to file root://xrootd-cms.infn.it//store/mc/RunIISummer20UL17MiniAODv2/QCD_Pt_470to600_TuneCP5_13TeV_pythia8/MINIAODSIM/106X_mc2017_realistic_v9-v1/30000/40B5BBF3-37D8-E34C-8B56-80B14960F587.root
%MSG-w XrdAdaptor:  file_open 11-Jun-2024 12:31:49 CEST PostProcessEvent
Data is served from T2_US_MIT instead of original site T2_IT_Pisa
%MSG
11-Jun-2024 12:31:50 CEST  Successfully opened file root://xrootd-cms.infn.it//store/mc/RunIISummer20UL17MiniAODv2/QCD_Pt_470to600_TuneCP5_13TeV_pythia8/MINIAODSIM/106X_mc2017_realistic_v9-v1/30000/40B5BBF3-37D8-E34C-8B56-80B14960F587.root
11-Jun-2024 12:31:58 CEST  Closed file root://xrootd-cms.infn.it//store/mc/RunIISummer20UL17MiniAODv2/QCD_Pt_470to600_TuneCP5_13TeV_pythia8/MINIAODSIM/106X_mc2017_realistic_v9-v1/30000/40B5BBF3-37D8-E34C-8B56-80B14960F587.root

------------------------------------
GenXsecAnalyzer:
------------------------------------
Before Filter: total cross section = 5.525e+02 +- 2.618e-01 pb
Filter efficiency (taking into account weights)= (1e+06) / (1e+06) = 1.000e+00 +- 0.000e+00
Filter efficiency (event-level)= (1e+06) / (1e+06) = 1.000e+00 +- 0.000e+00    [TO BE USED IN MCM]

After filter: final cross section = 5.525e+02 +- 2.618e-01 pb
After filter: final fraction of events with negative weights = 0.000e+00 +- 0.000e+00
After filter: final equivalent lumi for 1M events (1/fb) = 1.810e+00 +- 2.003e-03

=============================================

MessageLogger Summary

 type     category        sev    module        subroutine        count    total
 ---- -------------------- -- ---------------- ----------------  -----    -----
    1 GenXSecAnalyzer      -w GenXSecAnalyzer:                       7        7
    2 XrdAdaptor           -w file_open                             13       13
    3 XrdAdaptorInternal   -w file_open                             26       26
    4 fileAction           -s file_close                            13       13
    5 fileAction           -s file_open                             39       39

 type    category    Examples: run/evt        run/evt          run/evt
 ---- -------------------- ---------------- ---------------- ----------------
    1 GenXSecAnalyzer      PostGlobalEndRun PostGlobalEndRun PostGlobalEndRun
    2 XrdAdaptor           pre-events       PostProcessEvent PostProcessEvent
    3 XrdAdaptorInternal   pre-events       pre-events       PostProcessEvent
    4 fileAction           PostProcessEvent PostProcessEvent PostGlobalEndRun
    5 fileAction           pre-events       pre-events       PostProcessEvent

Severity    # Occurrences   Total Occurrences
--------    -------------   -----------------
Warning                46                  46
System                 52                  52

dropped waiting message count 0
