11-Jun-2024 12:12:41 CEST  Initiating request to open file root://eoscms.cern.ch//eos/cms/store/mc/RunIISummer20UL17MiniAODv2/QCD_Pt_170to300_TuneCP5_13TeV_pythia8/MINIAODSIM/106X_mc2017_realistic_v9-v1/240000/A4477651-6FF3-EC4B-8DCE-8BA459479267.root
%MSG-w XrdAdaptorInternal:  file_open 11-Jun-2024 12:12:42 CEST pre-events
Failed to open file at URL root://eoscms.cern.ch:1094//eos/cms/store/mc/RunIISummer20UL17MiniAODv2/QCD_Pt_170to300_TuneCP5_13TeV_pythia8/MINIAODSIM/106X_mc2017_realistic_v9-v1/240000/A4477651-6FF3-EC4B-8DCE-8BA459479267.root.
%MSG
%MSG-w XrdAdaptorInternal:  file_open 11-Jun-2024 12:12:42 CEST pre-events
Failed to open file at URL root://eoscms.cern.ch:1094//eos/cms/store/mc/RunIISummer20UL17MiniAODv2/QCD_Pt_170to300_TuneCP5_13TeV_pythia8/MINIAODSIM/106X_mc2017_realistic_v9-v1/240000/A4477651-6FF3-EC4B-8DCE-8BA459479267.root?tried=.
%MSG
11-Jun-2024 12:12:42 CEST  Fallback request to file root://xrootd-cms.infn.it//store/mc/RunIISummer20UL17MiniAODv2/QCD_Pt_170to300_TuneCP5_13TeV_pythia8/MINIAODSIM/106X_mc2017_realistic_v9-v1/240000/A4477651-6FF3-EC4B-8DCE-8BA459479267.root
Unable to load sec.protocol plugin libXrdSecztn.so
%MSG-w XrdAdaptor:  file_open 11-Jun-2024 12:12:58 CEST pre-events
Data is served from fnal.gov instead of original site infn.it
%MSG
11-Jun-2024 12:13:01 CEST  Successfully opened file root://xrootd-cms.infn.it//store/mc/RunIISummer20UL17MiniAODv2/QCD_Pt_170to300_TuneCP5_13TeV_pythia8/MINIAODSIM/106X_mc2017_realistic_v9-v1/240000/A4477651-6FF3-EC4B-8DCE-8BA459479267.root
Unable to load sec.protocol plugin libXrdSecztn.so
Begin processing the 1st record. Run 1, Event 2076008, LumiSection 2077 on stream 0 at 11-Jun-2024 12:13:08.700 CEST
11-Jun-2024 12:13:13 CEST  Closed file root://xrootd-cms.infn.it//store/mc/RunIISummer20UL17MiniAODv2/QCD_Pt_170to300_TuneCP5_13TeV_pythia8/MINIAODSIM/106X_mc2017_realistic_v9-v1/240000/A4477651-6FF3-EC4B-8DCE-8BA459479267.root
11-Jun-2024 12:13:13 CEST  Initiating request to open file root://eoscms.cern.ch//eos/cms/store/mc/RunIISummer20UL17MiniAODv2/QCD_Pt_170to300_TuneCP5_13TeV_pythia8/MINIAODSIM/106X_mc2017_realistic_v9-v1/240000/33964474-9FD8-6D44-953E-6B71BAEFD993.root
%MSG-w XrdAdaptorInternal:  file_open 11-Jun-2024 12:13:14 CEST PostProcessEvent
Failed to open file at URL root://eoscms.cern.ch:1094//eos/cms/store/mc/RunIISummer20UL17MiniAODv2/QCD_Pt_170to300_TuneCP5_13TeV_pythia8/MINIAODSIM/106X_mc2017_realistic_v9-v1/240000/33964474-9FD8-6D44-953E-6B71BAEFD993.root.
%MSG
%MSG-w XrdAdaptorInternal:  file_open 11-Jun-2024 12:13:14 CEST PostProcessEvent
Failed to open file at URL root://eoscms.cern.ch:1094//eos/cms/store/mc/RunIISummer20UL17MiniAODv2/QCD_Pt_170to300_TuneCP5_13TeV_pythia8/MINIAODSIM/106X_mc2017_realistic_v9-v1/240000/33964474-9FD8-6D44-953E-6B71BAEFD993.root?tried=.
%MSG
11-Jun-2024 12:13:14 CEST  Fallback request to file root://xrootd-cms.infn.it//store/mc/RunIISummer20UL17MiniAODv2/QCD_Pt_170to300_TuneCP5_13TeV_pythia8/MINIAODSIM/106X_mc2017_realistic_v9-v1/240000/33964474-9FD8-6D44-953E-6B71BAEFD993.root
%MSG-w XrdAdaptor:  file_open 11-Jun-2024 12:13:26 CEST PostProcessEvent
Data is served from fnal.gov instead of original site infn.it
%MSG
11-Jun-2024 12:13:27 CEST  Successfully opened file root://xrootd-cms.infn.it//store/mc/RunIISummer20UL17MiniAODv2/QCD_Pt_170to300_TuneCP5_13TeV_pythia8/MINIAODSIM/106X_mc2017_realistic_v9-v1/240000/33964474-9FD8-6D44-953E-6B71BAEFD993.root
Unable to load sec.protocol plugin libXrdSecztn.so
Begin processing the 100001st record. Run 1, Event 13873006, LumiSection 13874 on stream 0 at 11-Jun-2024 12:13:34.729 CEST
11-Jun-2024 12:13:36 CEST  Closed file root://xrootd-cms.infn.it//store/mc/RunIISummer20UL17MiniAODv2/QCD_Pt_170to300_TuneCP5_13TeV_pythia8/MINIAODSIM/106X_mc2017_realistic_v9-v1/240000/33964474-9FD8-6D44-953E-6B71BAEFD993.root
11-Jun-2024 12:13:36 CEST  Initiating request to open file root://eoscms.cern.ch//eos/cms/store/mc/RunIISummer20UL17MiniAODv2/QCD_Pt_170to300_TuneCP5_13TeV_pythia8/MINIAODSIM/106X_mc2017_realistic_v9-v1/240000/AE390A9B-D72B-D04B-BCC8-80F1B8EB25C2.root
%MSG-w XrdAdaptorInternal:  file_open 11-Jun-2024 12:13:37 CEST PostProcessEvent
Failed to open file at URL root://eoscms.cern.ch:1094//eos/cms/store/mc/RunIISummer20UL17MiniAODv2/QCD_Pt_170to300_TuneCP5_13TeV_pythia8/MINIAODSIM/106X_mc2017_realistic_v9-v1/240000/AE390A9B-D72B-D04B-BCC8-80F1B8EB25C2.root.
%MSG
%MSG-w XrdAdaptorInternal:  file_open 11-Jun-2024 12:13:37 CEST PostProcessEvent
Failed to open file at URL root://eoscms.cern.ch:1094//eos/cms/store/mc/RunIISummer20UL17MiniAODv2/QCD_Pt_170to300_TuneCP5_13TeV_pythia8/MINIAODSIM/106X_mc2017_realistic_v9-v1/240000/AE390A9B-D72B-D04B-BCC8-80F1B8EB25C2.root?tried=.
%MSG
11-Jun-2024 12:13:37 CEST  Fallback request to file root://xrootd-cms.infn.it//store/mc/RunIISummer20UL17MiniAODv2/QCD_Pt_170to300_TuneCP5_13TeV_pythia8/MINIAODSIM/106X_mc2017_realistic_v9-v1/240000/AE390A9B-D72B-D04B-BCC8-80F1B8EB25C2.root
%MSG-w XrdAdaptor:  file_open 11-Jun-2024 12:13:50 CEST PostProcessEvent
Data is served from fnal.gov instead of original site infn.it
%MSG
11-Jun-2024 12:13:51 CEST  Successfully opened file root://xrootd-cms.infn.it//store/mc/RunIISummer20UL17MiniAODv2/QCD_Pt_170to300_TuneCP5_13TeV_pythia8/MINIAODSIM/106X_mc2017_realistic_v9-v1/240000/AE390A9B-D72B-D04B-BCC8-80F1B8EB25C2.root
Begin processing the 200001st record. Run 1, Event 17552005, LumiSection 17553 on stream 0 at 11-Jun-2024 12:14:00.193 CEST
11-Jun-2024 12:14:01 CEST  Closed file root://xrootd-cms.infn.it//store/mc/RunIISummer20UL17MiniAODv2/QCD_Pt_170to300_TuneCP5_13TeV_pythia8/MINIAODSIM/106X_mc2017_realistic_v9-v1/240000/AE390A9B-D72B-D04B-BCC8-80F1B8EB25C2.root
11-Jun-2024 12:14:01 CEST  Initiating request to open file root://eoscms.cern.ch//eos/cms/store/mc/RunIISummer20UL17MiniAODv2/QCD_Pt_170to300_TuneCP5_13TeV_pythia8/MINIAODSIM/106X_mc2017_realistic_v9-v1/240000/1FDA1574-EE26-3B49-869F-46041E2428DB.root
%MSG-w XrdAdaptorInternal:  file_open 11-Jun-2024 12:14:02 CEST PostProcessEvent
Failed to open file at URL root://eoscms.cern.ch:1094//eos/cms/store/mc/RunIISummer20UL17MiniAODv2/QCD_Pt_170to300_TuneCP5_13TeV_pythia8/MINIAODSIM/106X_mc2017_realistic_v9-v1/240000/1FDA1574-EE26-3B49-869F-46041E2428DB.root.
%MSG
%MSG-w XrdAdaptorInternal:  file_open 11-Jun-2024 12:14:02 CEST PostProcessEvent
Failed to open file at URL root://eoscms.cern.ch:1094//eos/cms/store/mc/RunIISummer20UL17MiniAODv2/QCD_Pt_170to300_TuneCP5_13TeV_pythia8/MINIAODSIM/106X_mc2017_realistic_v9-v1/240000/1FDA1574-EE26-3B49-869F-46041E2428DB.root?tried=.
%MSG
11-Jun-2024 12:14:02 CEST  Fallback request to file root://xrootd-cms.infn.it//store/mc/RunIISummer20UL17MiniAODv2/QCD_Pt_170to300_TuneCP5_13TeV_pythia8/MINIAODSIM/106X_mc2017_realistic_v9-v1/240000/1FDA1574-EE26-3B49-869F-46041E2428DB.root
%MSG-w XrdAdaptor:  file_open 11-Jun-2024 12:14:15 CEST PostProcessEvent
Data is served from fnal.gov instead of original site infn.it
%MSG
11-Jun-2024 12:14:16 CEST  Successfully opened file root://xrootd-cms.infn.it//store/mc/RunIISummer20UL17MiniAODv2/QCD_Pt_170to300_TuneCP5_13TeV_pythia8/MINIAODSIM/106X_mc2017_realistic_v9-v1/240000/1FDA1574-EE26-3B49-869F-46041E2428DB.root
Begin processing the 300001st record. Run 1, Event 21870017, LumiSection 21871 on stream 0 at 11-Jun-2024 12:14:30.690 CEST
11-Jun-2024 12:14:31 CEST  Closed file root://xrootd-cms.infn.it//store/mc/RunIISummer20UL17MiniAODv2/QCD_Pt_170to300_TuneCP5_13TeV_pythia8/MINIAODSIM/106X_mc2017_realistic_v9-v1/240000/1FDA1574-EE26-3B49-869F-46041E2428DB.root
11-Jun-2024 12:14:31 CEST  Initiating request to open file root://eoscms.cern.ch//eos/cms/store/mc/RunIISummer20UL17MiniAODv2/QCD_Pt_170to300_TuneCP5_13TeV_pythia8/MINIAODSIM/106X_mc2017_realistic_v9-v1/240000/1DFA1579-29DE-CD4C-BDE0-F6E2391A3E76.root
%MSG-w XrdAdaptorInternal:  file_open 11-Jun-2024 12:14:32 CEST PostProcessEvent
Failed to open file at URL root://eoscms.cern.ch:1094//eos/cms/store/mc/RunIISummer20UL17MiniAODv2/QCD_Pt_170to300_TuneCP5_13TeV_pythia8/MINIAODSIM/106X_mc2017_realistic_v9-v1/240000/1DFA1579-29DE-CD4C-BDE0-F6E2391A3E76.root.
%MSG
%MSG-w XrdAdaptorInternal:  file_open 11-Jun-2024 12:14:32 CEST PostProcessEvent
Failed to open file at URL root://eoscms.cern.ch:1094//eos/cms/store/mc/RunIISummer20UL17MiniAODv2/QCD_Pt_170to300_TuneCP5_13TeV_pythia8/MINIAODSIM/106X_mc2017_realistic_v9-v1/240000/1DFA1579-29DE-CD4C-BDE0-F6E2391A3E76.root?tried=.
%MSG
11-Jun-2024 12:14:32 CEST  Fallback request to file root://xrootd-cms.infn.it//store/mc/RunIISummer20UL17MiniAODv2/QCD_Pt_170to300_TuneCP5_13TeV_pythia8/MINIAODSIM/106X_mc2017_realistic_v9-v1/240000/1DFA1579-29DE-CD4C-BDE0-F6E2391A3E76.root
%MSG-w XrdAdaptor:  file_open 11-Jun-2024 12:14:45 CEST PostProcessEvent
Data is served from fnal.gov instead of original site infn.it
%MSG
11-Jun-2024 12:14:46 CEST  Successfully opened file root://xrootd-cms.infn.it//store/mc/RunIISummer20UL17MiniAODv2/QCD_Pt_170to300_TuneCP5_13TeV_pythia8/MINIAODSIM/106X_mc2017_realistic_v9-v1/240000/1DFA1579-29DE-CD4C-BDE0-F6E2391A3E76.root
Begin processing the 400001st record. Run 1, Event 27301001, LumiSection 27302 on stream 0 at 11-Jun-2024 12:14:56.247 CEST
11-Jun-2024 12:14:56 CEST  Closed file root://xrootd-cms.infn.it//store/mc/RunIISummer20UL17MiniAODv2/QCD_Pt_170to300_TuneCP5_13TeV_pythia8/MINIAODSIM/106X_mc2017_realistic_v9-v1/240000/1DFA1579-29DE-CD4C-BDE0-F6E2391A3E76.root
11-Jun-2024 12:14:56 CEST  Initiating request to open file root://eoscms.cern.ch//eos/cms/store/mc/RunIISummer20UL17MiniAODv2/QCD_Pt_170to300_TuneCP5_13TeV_pythia8/MINIAODSIM/106X_mc2017_realistic_v9-v1/240000/E3ED937C-BECA-C94B-83F4-B0D61F10FF98.root
%MSG-w XrdAdaptorInternal:  file_open 11-Jun-2024 12:14:57 CEST PostProcessEvent
Failed to open file at URL root://eoscms.cern.ch:1094//eos/cms/store/mc/RunIISummer20UL17MiniAODv2/QCD_Pt_170to300_TuneCP5_13TeV_pythia8/MINIAODSIM/106X_mc2017_realistic_v9-v1/240000/E3ED937C-BECA-C94B-83F4-B0D61F10FF98.root.
%MSG
%MSG-w XrdAdaptorInternal:  file_open 11-Jun-2024 12:14:57 CEST PostProcessEvent
Failed to open file at URL root://eoscms.cern.ch:1094//eos/cms/store/mc/RunIISummer20UL17MiniAODv2/QCD_Pt_170to300_TuneCP5_13TeV_pythia8/MINIAODSIM/106X_mc2017_realistic_v9-v1/240000/E3ED937C-BECA-C94B-83F4-B0D61F10FF98.root?tried=.
%MSG
11-Jun-2024 12:14:57 CEST  Fallback request to file root://xrootd-cms.infn.it//store/mc/RunIISummer20UL17MiniAODv2/QCD_Pt_170to300_TuneCP5_13TeV_pythia8/MINIAODSIM/106X_mc2017_realistic_v9-v1/240000/E3ED937C-BECA-C94B-83F4-B0D61F10FF98.root
%MSG-w XrdAdaptor:  file_open 11-Jun-2024 12:15:10 CEST PostProcessEvent
Data is served from fnal.gov instead of original site infn.it
%MSG
11-Jun-2024 12:15:11 CEST  Successfully opened file root://xrootd-cms.infn.it//store/mc/RunIISummer20UL17MiniAODv2/QCD_Pt_170to300_TuneCP5_13TeV_pythia8/MINIAODSIM/106X_mc2017_realistic_v9-v1/240000/E3ED937C-BECA-C94B-83F4-B0D61F10FF98.root
Begin processing the 500001st record. Run 1, Event 27563008, LumiSection 27564 on stream 0 at 11-Jun-2024 12:15:27.636 CEST
11-Jun-2024 12:15:27 CEST  Closed file root://xrootd-cms.infn.it//store/mc/RunIISummer20UL17MiniAODv2/QCD_Pt_170to300_TuneCP5_13TeV_pythia8/MINIAODSIM/106X_mc2017_realistic_v9-v1/240000/E3ED937C-BECA-C94B-83F4-B0D61F10FF98.root
11-Jun-2024 12:15:27 CEST  Initiating request to open file root://eoscms.cern.ch//eos/cms/store/mc/RunIISummer20UL17MiniAODv2/QCD_Pt_170to300_TuneCP5_13TeV_pythia8/MINIAODSIM/106X_mc2017_realistic_v9-v1/240000/D70EB93F-5AC1-C742-9CEB-217719B7BD71.root
%MSG-w XrdAdaptorInternal:  file_open 11-Jun-2024 12:15:28 CEST PostProcessEvent
Failed to open file at URL root://eoscms.cern.ch:1094//eos/cms/store/mc/RunIISummer20UL17MiniAODv2/QCD_Pt_170to300_TuneCP5_13TeV_pythia8/MINIAODSIM/106X_mc2017_realistic_v9-v1/240000/D70EB93F-5AC1-C742-9CEB-217719B7BD71.root.
%MSG
%MSG-w XrdAdaptorInternal:  file_open 11-Jun-2024 12:15:28 CEST PostProcessEvent
Failed to open file at URL root://eoscms.cern.ch:1094//eos/cms/store/mc/RunIISummer20UL17MiniAODv2/QCD_Pt_170to300_TuneCP5_13TeV_pythia8/MINIAODSIM/106X_mc2017_realistic_v9-v1/240000/D70EB93F-5AC1-C742-9CEB-217719B7BD71.root?tried=.
%MSG
11-Jun-2024 12:15:28 CEST  Fallback request to file root://xrootd-cms.infn.it//store/mc/RunIISummer20UL17MiniAODv2/QCD_Pt_170to300_TuneCP5_13TeV_pythia8/MINIAODSIM/106X_mc2017_realistic_v9-v1/240000/D70EB93F-5AC1-C742-9CEB-217719B7BD71.root
%MSG-w XrdAdaptor:  file_open 11-Jun-2024 12:15:41 CEST PostProcessEvent
Data is served from fnal.gov instead of original site infn.it
%MSG
11-Jun-2024 12:15:42 CEST  Successfully opened file root://xrootd-cms.infn.it//store/mc/RunIISummer20UL17MiniAODv2/QCD_Pt_170to300_TuneCP5_13TeV_pythia8/MINIAODSIM/106X_mc2017_realistic_v9-v1/240000/D70EB93F-5AC1-C742-9CEB-217719B7BD71.root
11-Jun-2024 12:15:55 CEST  Closed file root://xrootd-cms.infn.it//store/mc/RunIISummer20UL17MiniAODv2/QCD_Pt_170to300_TuneCP5_13TeV_pythia8/MINIAODSIM/106X_mc2017_realistic_v9-v1/240000/D70EB93F-5AC1-C742-9CEB-217719B7BD71.root
11-Jun-2024 12:15:55 CEST  Initiating request to open file root://eoscms.cern.ch//eos/cms/store/mc/RunIISummer20UL17MiniAODv2/QCD_Pt_170to300_TuneCP5_13TeV_pythia8/MINIAODSIM/106X_mc2017_realistic_v9-v1/240000/80B32AB2-28DD-E34C-A6CD-DF5D6B00EFB1.root
%MSG-w XrdAdaptorInternal:  file_open 11-Jun-2024 12:15:56 CEST PostProcessEvent
Failed to open file at URL root://eoscms.cern.ch:1094//eos/cms/store/mc/RunIISummer20UL17MiniAODv2/QCD_Pt_170to300_TuneCP5_13TeV_pythia8/MINIAODSIM/106X_mc2017_realistic_v9-v1/240000/80B32AB2-28DD-E34C-A6CD-DF5D6B00EFB1.root.
%MSG
%MSG-w XrdAdaptorInternal:  file_open 11-Jun-2024 12:15:56 CEST PostProcessEvent
Failed to open file at URL root://eoscms.cern.ch:1094//eos/cms/store/mc/RunIISummer20UL17MiniAODv2/QCD_Pt_170to300_TuneCP5_13TeV_pythia8/MINIAODSIM/106X_mc2017_realistic_v9-v1/240000/80B32AB2-28DD-E34C-A6CD-DF5D6B00EFB1.root?tried=.
%MSG
11-Jun-2024 12:15:56 CEST  Fallback request to file root://xrootd-cms.infn.it//store/mc/RunIISummer20UL17MiniAODv2/QCD_Pt_170to300_TuneCP5_13TeV_pythia8/MINIAODSIM/106X_mc2017_realistic_v9-v1/240000/80B32AB2-28DD-E34C-A6CD-DF5D6B00EFB1.root
%MSG-w XrdAdaptor:  file_open 11-Jun-2024 12:16:09 CEST PostProcessEvent
Data is served from fnal.gov instead of original site infn.it
%MSG
11-Jun-2024 12:16:10 CEST  Successfully opened file root://xrootd-cms.infn.it//store/mc/RunIISummer20UL17MiniAODv2/QCD_Pt_170to300_TuneCP5_13TeV_pythia8/MINIAODSIM/106X_mc2017_realistic_v9-v1/240000/80B32AB2-28DD-E34C-A6CD-DF5D6B00EFB1.root
Begin processing the 600001st record. Run 1, Event 6360020, LumiSection 6361 on stream 0 at 11-Jun-2024 12:16:19.577 CEST
11-Jun-2024 12:16:21 CEST  Closed file root://xrootd-cms.infn.it//store/mc/RunIISummer20UL17MiniAODv2/QCD_Pt_170to300_TuneCP5_13TeV_pythia8/MINIAODSIM/106X_mc2017_realistic_v9-v1/240000/80B32AB2-28DD-E34C-A6CD-DF5D6B00EFB1.root
11-Jun-2024 12:16:21 CEST  Initiating request to open file root://eoscms.cern.ch//eos/cms/store/mc/RunIISummer20UL17MiniAODv2/QCD_Pt_170to300_TuneCP5_13TeV_pythia8/MINIAODSIM/106X_mc2017_realistic_v9-v1/240000/8FF0EE09-6D4C-3146-84C1-9D4876B7B7D5.root
%MSG-w XrdAdaptorInternal:  file_open 11-Jun-2024 12:16:22 CEST PostProcessEvent
Failed to open file at URL root://eoscms.cern.ch:1094//eos/cms/store/mc/RunIISummer20UL17MiniAODv2/QCD_Pt_170to300_TuneCP5_13TeV_pythia8/MINIAODSIM/106X_mc2017_realistic_v9-v1/240000/8FF0EE09-6D4C-3146-84C1-9D4876B7B7D5.root.
%MSG
%MSG-w XrdAdaptorInternal:  file_open 11-Jun-2024 12:16:22 CEST PostProcessEvent
Failed to open file at URL root://eoscms.cern.ch:1094//eos/cms/store/mc/RunIISummer20UL17MiniAODv2/QCD_Pt_170to300_TuneCP5_13TeV_pythia8/MINIAODSIM/106X_mc2017_realistic_v9-v1/240000/8FF0EE09-6D4C-3146-84C1-9D4876B7B7D5.root?tried=.
%MSG
11-Jun-2024 12:16:22 CEST  Fallback request to file root://xrootd-cms.infn.it//store/mc/RunIISummer20UL17MiniAODv2/QCD_Pt_170to300_TuneCP5_13TeV_pythia8/MINIAODSIM/106X_mc2017_realistic_v9-v1/240000/8FF0EE09-6D4C-3146-84C1-9D4876B7B7D5.root
%MSG-w XrdAdaptor:  file_open 11-Jun-2024 12:16:35 CEST PostProcessEvent
Data is served from fnal.gov instead of original site infn.it
%MSG
11-Jun-2024 12:16:36 CEST  Successfully opened file root://xrootd-cms.infn.it//store/mc/RunIISummer20UL17MiniAODv2/QCD_Pt_170to300_TuneCP5_13TeV_pythia8/MINIAODSIM/106X_mc2017_realistic_v9-v1/240000/8FF0EE09-6D4C-3146-84C1-9D4876B7B7D5.root
Begin processing the 700001st record. Run 1, Event 26839001, LumiSection 26840 on stream 0 at 11-Jun-2024 12:16:48.962 CEST
11-Jun-2024 12:16:50 CEST  Closed file root://xrootd-cms.infn.it//store/mc/RunIISummer20UL17MiniAODv2/QCD_Pt_170to300_TuneCP5_13TeV_pythia8/MINIAODSIM/106X_mc2017_realistic_v9-v1/240000/8FF0EE09-6D4C-3146-84C1-9D4876B7B7D5.root
11-Jun-2024 12:16:50 CEST  Initiating request to open file root://eoscms.cern.ch//eos/cms/store/mc/RunIISummer20UL17MiniAODv2/QCD_Pt_170to300_TuneCP5_13TeV_pythia8/MINIAODSIM/106X_mc2017_realistic_v9-v1/240000/F7792EB6-037C-984E-9473-E1F2D8AD3737.root
%MSG-w XrdAdaptorInternal:  file_open 11-Jun-2024 12:16:51 CEST PostProcessEvent
Failed to open file at URL root://eoscms.cern.ch:1094//eos/cms/store/mc/RunIISummer20UL17MiniAODv2/QCD_Pt_170to300_TuneCP5_13TeV_pythia8/MINIAODSIM/106X_mc2017_realistic_v9-v1/240000/F7792EB6-037C-984E-9473-E1F2D8AD3737.root.
%MSG
%MSG-w XrdAdaptorInternal:  file_open 11-Jun-2024 12:16:51 CEST PostProcessEvent
Failed to open file at URL root://eoscms.cern.ch:1094//eos/cms/store/mc/RunIISummer20UL17MiniAODv2/QCD_Pt_170to300_TuneCP5_13TeV_pythia8/MINIAODSIM/106X_mc2017_realistic_v9-v1/240000/F7792EB6-037C-984E-9473-E1F2D8AD3737.root?tried=.
%MSG
11-Jun-2024 12:16:51 CEST  Fallback request to file root://xrootd-cms.infn.it//store/mc/RunIISummer20UL17MiniAODv2/QCD_Pt_170to300_TuneCP5_13TeV_pythia8/MINIAODSIM/106X_mc2017_realistic_v9-v1/240000/F7792EB6-037C-984E-9473-E1F2D8AD3737.root
%MSG-w XrdAdaptor:  file_open 11-Jun-2024 12:17:04 CEST PostProcessEvent
Data is served from fnal.gov instead of original site infn.it
%MSG
11-Jun-2024 12:17:05 CEST  Successfully opened file root://xrootd-cms.infn.it//store/mc/RunIISummer20UL17MiniAODv2/QCD_Pt_170to300_TuneCP5_13TeV_pythia8/MINIAODSIM/106X_mc2017_realistic_v9-v1/240000/F7792EB6-037C-984E-9473-E1F2D8AD3737.root
Begin processing the 800001st record. Run 1, Event 11885006, LumiSection 11886 on stream 0 at 11-Jun-2024 12:17:17.576 CEST
11-Jun-2024 12:17:18 CEST  Closed file root://xrootd-cms.infn.it//store/mc/RunIISummer20UL17MiniAODv2/QCD_Pt_170to300_TuneCP5_13TeV_pythia8/MINIAODSIM/106X_mc2017_realistic_v9-v1/240000/F7792EB6-037C-984E-9473-E1F2D8AD3737.root
11-Jun-2024 12:17:18 CEST  Initiating request to open file root://eoscms.cern.ch//eos/cms/store/mc/RunIISummer20UL17MiniAODv2/QCD_Pt_170to300_TuneCP5_13TeV_pythia8/MINIAODSIM/106X_mc2017_realistic_v9-v1/240000/E9D2C7B3-91E0-5849-B567-0BCDAE28C5CF.root
%MSG-w XrdAdaptorInternal:  file_open 11-Jun-2024 12:17:19 CEST PostProcessEvent
Failed to open file at URL root://eoscms.cern.ch:1094//eos/cms/store/mc/RunIISummer20UL17MiniAODv2/QCD_Pt_170to300_TuneCP5_13TeV_pythia8/MINIAODSIM/106X_mc2017_realistic_v9-v1/240000/E9D2C7B3-91E0-5849-B567-0BCDAE28C5CF.root.
%MSG
%MSG-w XrdAdaptorInternal:  file_open 11-Jun-2024 12:17:19 CEST PostProcessEvent
Failed to open file at URL root://eoscms.cern.ch:1094//eos/cms/store/mc/RunIISummer20UL17MiniAODv2/QCD_Pt_170to300_TuneCP5_13TeV_pythia8/MINIAODSIM/106X_mc2017_realistic_v9-v1/240000/E9D2C7B3-91E0-5849-B567-0BCDAE28C5CF.root?tried=.
%MSG
11-Jun-2024 12:17:19 CEST  Fallback request to file root://xrootd-cms.infn.it//store/mc/RunIISummer20UL17MiniAODv2/QCD_Pt_170to300_TuneCP5_13TeV_pythia8/MINIAODSIM/106X_mc2017_realistic_v9-v1/240000/E9D2C7B3-91E0-5849-B567-0BCDAE28C5CF.root
%MSG-w XrdAdaptor:  file_open 11-Jun-2024 12:17:32 CEST PostProcessEvent
Data is served from fnal.gov instead of original site infn.it
%MSG
11-Jun-2024 12:17:33 CEST  Successfully opened file root://xrootd-cms.infn.it//store/mc/RunIISummer20UL17MiniAODv2/QCD_Pt_170to300_TuneCP5_13TeV_pythia8/MINIAODSIM/106X_mc2017_realistic_v9-v1/240000/E9D2C7B3-91E0-5849-B567-0BCDAE28C5CF.root
Begin processing the 900001st record. Run 1, Event 13677010, LumiSection 13678 on stream 0 at 11-Jun-2024 12:17:47.255 CEST
11-Jun-2024 12:17:48 CEST  Closed file root://xrootd-cms.infn.it//store/mc/RunIISummer20UL17MiniAODv2/QCD_Pt_170to300_TuneCP5_13TeV_pythia8/MINIAODSIM/106X_mc2017_realistic_v9-v1/240000/E9D2C7B3-91E0-5849-B567-0BCDAE28C5CF.root
11-Jun-2024 12:17:48 CEST  Initiating request to open file root://eoscms.cern.ch//eos/cms/store/mc/RunIISummer20UL17MiniAODv2/QCD_Pt_170to300_TuneCP5_13TeV_pythia8/MINIAODSIM/106X_mc2017_realistic_v9-v1/240000/FC26740F-E167-B245-A84B-6DC405217C0A.root
%MSG-w XrdAdaptorInternal:  file_open 11-Jun-2024 12:17:49 CEST PostProcessEvent
Failed to open file at URL root://eoscms.cern.ch:1094//eos/cms/store/mc/RunIISummer20UL17MiniAODv2/QCD_Pt_170to300_TuneCP5_13TeV_pythia8/MINIAODSIM/106X_mc2017_realistic_v9-v1/240000/FC26740F-E167-B245-A84B-6DC405217C0A.root.
%MSG
%MSG-w XrdAdaptorInternal:  file_open 11-Jun-2024 12:17:49 CEST PostProcessEvent
Failed to open file at URL root://eoscms.cern.ch:1094//eos/cms/store/mc/RunIISummer20UL17MiniAODv2/QCD_Pt_170to300_TuneCP5_13TeV_pythia8/MINIAODSIM/106X_mc2017_realistic_v9-v1/240000/FC26740F-E167-B245-A84B-6DC405217C0A.root?tried=.
%MSG
11-Jun-2024 12:17:49 CEST  Fallback request to file root://xrootd-cms.infn.it//store/mc/RunIISummer20UL17MiniAODv2/QCD_Pt_170to300_TuneCP5_13TeV_pythia8/MINIAODSIM/106X_mc2017_realistic_v9-v1/240000/FC26740F-E167-B245-A84B-6DC405217C0A.root
%MSG-w XrdAdaptor:  file_open 11-Jun-2024 12:18:01 CEST PostProcessEvent
Data is served from fnal.gov instead of original site infn.it
%MSG
11-Jun-2024 12:18:02 CEST  Successfully opened file root://xrootd-cms.infn.it//store/mc/RunIISummer20UL17MiniAODv2/QCD_Pt_170to300_TuneCP5_13TeV_pythia8/MINIAODSIM/106X_mc2017_realistic_v9-v1/240000/FC26740F-E167-B245-A84B-6DC405217C0A.root
11-Jun-2024 12:18:11 CEST  Closed file root://xrootd-cms.infn.it//store/mc/RunIISummer20UL17MiniAODv2/QCD_Pt_170to300_TuneCP5_13TeV_pythia8/MINIAODSIM/106X_mc2017_realistic_v9-v1/240000/FC26740F-E167-B245-A84B-6DC405217C0A.root

------------------------------------
GenXsecAnalyzer:
------------------------------------
Before Filter: total cross section = 1.036e+05 +- 5.060e+01 pb
Filter efficiency (taking into account weights)= (1e+06) / (1e+06) = 1.000e+00 +- 0.000e+00
Filter efficiency (event-level)= (1e+06) / (1e+06) = 1.000e+00 +- 0.000e+00    [TO BE USED IN MCM]

After filter: final cross section = 1.036e+05 +- 5.060e+01 pb
After filter: final fraction of events with negative weights = 0.000e+00 +- 0.000e+00
After filter: final equivalent lumi for 1M events (1/fb) = 9.656e-03 +- 1.075e-05

=============================================

MessageLogger Summary

 type     category        sev    module        subroutine        count    total
 ---- -------------------- -- ---------------- ----------------  -----    -----
    1 GenXSecAnalyzer      -w GenXSecAnalyzer:                       7        7
    2 XrdAdaptor           -w file_open                             12       12
    3 XrdAdaptorInternal   -w file_open                             24       24
    4 fileAction           -s file_close                            12       12
    5 fileAction           -s file_open                             36       36

 type    category    Examples: run/evt        run/evt          run/evt
 ---- -------------------- ---------------- ---------------- ----------------
    1 GenXSecAnalyzer      PostGlobalEndRun PostGlobalEndRun PostGlobalEndRun
    2 XrdAdaptor           pre-events       PostProcessEvent PostProcessEvent
    3 XrdAdaptorInternal   pre-events       pre-events       PostProcessEvent
    4 fileAction           PostProcessEvent PostProcessEvent PostGlobalEndRun
    5 fileAction           pre-events       pre-events       PostProcessEvent

Severity    # Occurrences   Total Occurrences
--------    -------------   -----------------
Warning                43                  43
System                 48                  48

dropped waiting message count 0
