11-Jun-2024 11:30:06 CEST  Initiating request to open file root://eoscms.cern.ch//eos/cms/store/mc/RunIISummer20UL17MiniAODv2/QCD_Pt-15to7000_TuneCP5_Flat2018_13TeV_pythia8/MINIAODSIM/106X_mc2017_realistic_v9-v2/2540000/2C1AAD7E-5EAA-6F40-BC6D-3D37900C05CA.root
%MSG-w XrdAdaptorInternal:  file_open 11-Jun-2024 11:30:07 CEST pre-events
Failed to open file at URL root://eoscms.cern.ch:1094//eos/cms/store/mc/RunIISummer20UL17MiniAODv2/QCD_Pt-15to7000_TuneCP5_Flat2018_13TeV_pythia8/MINIAODSIM/106X_mc2017_realistic_v9-v2/2540000/2C1AAD7E-5EAA-6F40-BC6D-3D37900C05CA.root.
%MSG
%MSG-w XrdAdaptorInternal:  file_open 11-Jun-2024 11:30:07 CEST pre-events
Failed to open file at URL root://eoscms.cern.ch:1094//eos/cms/store/mc/RunIISummer20UL17MiniAODv2/QCD_Pt-15to7000_TuneCP5_Flat2018_13TeV_pythia8/MINIAODSIM/106X_mc2017_realistic_v9-v2/2540000/2C1AAD7E-5EAA-6F40-BC6D-3D37900C05CA.root?tried=.
%MSG
11-Jun-2024 11:30:07 CEST  Fallback request to file root://xrootd-cms.infn.it//store/mc/RunIISummer20UL17MiniAODv2/QCD_Pt-15to7000_TuneCP5_Flat2018_13TeV_pythia8/MINIAODSIM/106X_mc2017_realistic_v9-v2/2540000/2C1AAD7E-5EAA-6F40-BC6D-3D37900C05CA.root
Unable to load sec.protocol plugin libXrdSecztn.so
%MSG-w XrdAdaptor:  file_open 11-Jun-2024 11:30:21 CEST pre-events
Data is served from fnal.gov instead of original site infn.it
%MSG
11-Jun-2024 11:30:27 CEST  Successfully opened file root://xrootd-cms.infn.it//store/mc/RunIISummer20UL17MiniAODv2/QCD_Pt-15to7000_TuneCP5_Flat2018_13TeV_pythia8/MINIAODSIM/106X_mc2017_realistic_v9-v2/2540000/2C1AAD7E-5EAA-6F40-BC6D-3D37900C05CA.root
Unable to load sec.protocol plugin libXrdSecztn.so
Begin processing the 1st record. Run 1, Event 6916003, LumiSection 6917 on stream 0 at 11-Jun-2024 11:30:33.566 CEST
11-Jun-2024 11:30:36 CEST  Closed file root://xrootd-cms.infn.it//store/mc/RunIISummer20UL17MiniAODv2/QCD_Pt-15to7000_TuneCP5_Flat2018_13TeV_pythia8/MINIAODSIM/106X_mc2017_realistic_v9-v2/2540000/2C1AAD7E-5EAA-6F40-BC6D-3D37900C05CA.root
11-Jun-2024 11:30:36 CEST  Initiating request to open file root://eoscms.cern.ch//eos/cms/store/mc/RunIISummer20UL17MiniAODv2/QCD_Pt-15to7000_TuneCP5_Flat2018_13TeV_pythia8/MINIAODSIM/106X_mc2017_realistic_v9-v2/2540000/82AB5EF5-B467-1C45-BACB-8B9A2536C270.root
%MSG-w XrdAdaptorInternal:  file_open 11-Jun-2024 11:30:37 CEST PostProcessEvent
Failed to open file at URL root://eoscms.cern.ch:1094//eos/cms/store/mc/RunIISummer20UL17MiniAODv2/QCD_Pt-15to7000_TuneCP5_Flat2018_13TeV_pythia8/MINIAODSIM/106X_mc2017_realistic_v9-v2/2540000/82AB5EF5-B467-1C45-BACB-8B9A2536C270.root.
%MSG
%MSG-w XrdAdaptorInternal:  file_open 11-Jun-2024 11:30:37 CEST PostProcessEvent
Failed to open file at URL root://eoscms.cern.ch:1094//eos/cms/store/mc/RunIISummer20UL17MiniAODv2/QCD_Pt-15to7000_TuneCP5_Flat2018_13TeV_pythia8/MINIAODSIM/106X_mc2017_realistic_v9-v2/2540000/82AB5EF5-B467-1C45-BACB-8B9A2536C270.root?tried=.
%MSG
11-Jun-2024 11:30:37 CEST  Fallback request to file root://xrootd-cms.infn.it//store/mc/RunIISummer20UL17MiniAODv2/QCD_Pt-15to7000_TuneCP5_Flat2018_13TeV_pythia8/MINIAODSIM/106X_mc2017_realistic_v9-v2/2540000/82AB5EF5-B467-1C45-BACB-8B9A2536C270.root
%MSG-w XrdAdaptor:  file_open 11-Jun-2024 11:30:50 CEST PostProcessEvent
Data is served from fnal.gov instead of original site infn.it
%MSG
11-Jun-2024 11:30:50 CEST  Successfully opened file root://xrootd-cms.infn.it//store/mc/RunIISummer20UL17MiniAODv2/QCD_Pt-15to7000_TuneCP5_Flat2018_13TeV_pythia8/MINIAODSIM/106X_mc2017_realistic_v9-v2/2540000/82AB5EF5-B467-1C45-BACB-8B9A2536C270.root
Begin processing the 100001st record. Run 1, Event 8437005, LumiSection 8438 on stream 0 at 11-Jun-2024 11:30:58.073 CEST
11-Jun-2024 11:30:59 CEST  Closed file root://xrootd-cms.infn.it//store/mc/RunIISummer20UL17MiniAODv2/QCD_Pt-15to7000_TuneCP5_Flat2018_13TeV_pythia8/MINIAODSIM/106X_mc2017_realistic_v9-v2/2540000/82AB5EF5-B467-1C45-BACB-8B9A2536C270.root
11-Jun-2024 11:30:59 CEST  Initiating request to open file root://eoscms.cern.ch//eos/cms/store/mc/RunIISummer20UL17MiniAODv2/QCD_Pt-15to7000_TuneCP5_Flat2018_13TeV_pythia8/MINIAODSIM/106X_mc2017_realistic_v9-v2/2540000/3111D0A5-2259-6B43-9D17-5D2FC28EFAB3.root
%MSG-w XrdAdaptorInternal:  file_open 11-Jun-2024 11:31:00 CEST PostProcessEvent
Failed to open file at URL root://eoscms.cern.ch:1094//eos/cms/store/mc/RunIISummer20UL17MiniAODv2/QCD_Pt-15to7000_TuneCP5_Flat2018_13TeV_pythia8/MINIAODSIM/106X_mc2017_realistic_v9-v2/2540000/3111D0A5-2259-6B43-9D17-5D2FC28EFAB3.root.
%MSG
%MSG-w XrdAdaptorInternal:  file_open 11-Jun-2024 11:31:00 CEST PostProcessEvent
Failed to open file at URL root://eoscms.cern.ch:1094//eos/cms/store/mc/RunIISummer20UL17MiniAODv2/QCD_Pt-15to7000_TuneCP5_Flat2018_13TeV_pythia8/MINIAODSIM/106X_mc2017_realistic_v9-v2/2540000/3111D0A5-2259-6B43-9D17-5D2FC28EFAB3.root?tried=.
%MSG
11-Jun-2024 11:31:00 CEST  Fallback request to file root://xrootd-cms.infn.it//store/mc/RunIISummer20UL17MiniAODv2/QCD_Pt-15to7000_TuneCP5_Flat2018_13TeV_pythia8/MINIAODSIM/106X_mc2017_realistic_v9-v2/2540000/3111D0A5-2259-6B43-9D17-5D2FC28EFAB3.root
Unable to load sec.protocol plugin libXrdSecztn.so
%MSG-w XrdAdaptor:  file_open 11-Jun-2024 11:31:14 CEST PostProcessEvent
Data is served from fnal.gov instead of original site infn.it
%MSG
11-Jun-2024 11:31:15 CEST  Successfully opened file root://xrootd-cms.infn.it//store/mc/RunIISummer20UL17MiniAODv2/QCD_Pt-15to7000_TuneCP5_Flat2018_13TeV_pythia8/MINIAODSIM/106X_mc2017_realistic_v9-v2/2540000/3111D0A5-2259-6B43-9D17-5D2FC28EFAB3.root
Begin processing the 200001st record. Run 1, Event 6126013, LumiSection 6127 on stream 0 at 11-Jun-2024 11:31:25.046 CEST
11-Jun-2024 11:31:25 CEST  Closed file root://xrootd-cms.infn.it//store/mc/RunIISummer20UL17MiniAODv2/QCD_Pt-15to7000_TuneCP5_Flat2018_13TeV_pythia8/MINIAODSIM/106X_mc2017_realistic_v9-v2/2540000/3111D0A5-2259-6B43-9D17-5D2FC28EFAB3.root
11-Jun-2024 11:31:25 CEST  Initiating request to open file root://eoscms.cern.ch//eos/cms/store/mc/RunIISummer20UL17MiniAODv2/QCD_Pt-15to7000_TuneCP5_Flat2018_13TeV_pythia8/MINIAODSIM/106X_mc2017_realistic_v9-v2/2540000/3F647DBA-C01C-754D-B3B4-0AEBC1F2CFBD.root
%MSG-w XrdAdaptorInternal:  file_open 11-Jun-2024 11:31:26 CEST PostProcessEvent
Failed to open file at URL root://eoscms.cern.ch:1094//eos/cms/store/mc/RunIISummer20UL17MiniAODv2/QCD_Pt-15to7000_TuneCP5_Flat2018_13TeV_pythia8/MINIAODSIM/106X_mc2017_realistic_v9-v2/2540000/3F647DBA-C01C-754D-B3B4-0AEBC1F2CFBD.root.
%MSG
%MSG-w XrdAdaptorInternal:  file_open 11-Jun-2024 11:31:26 CEST PostProcessEvent
Failed to open file at URL root://eoscms.cern.ch:1094//eos/cms/store/mc/RunIISummer20UL17MiniAODv2/QCD_Pt-15to7000_TuneCP5_Flat2018_13TeV_pythia8/MINIAODSIM/106X_mc2017_realistic_v9-v2/2540000/3F647DBA-C01C-754D-B3B4-0AEBC1F2CFBD.root?tried=.
%MSG
11-Jun-2024 11:31:26 CEST  Fallback request to file root://xrootd-cms.infn.it//store/mc/RunIISummer20UL17MiniAODv2/QCD_Pt-15to7000_TuneCP5_Flat2018_13TeV_pythia8/MINIAODSIM/106X_mc2017_realistic_v9-v2/2540000/3F647DBA-C01C-754D-B3B4-0AEBC1F2CFBD.root
%MSG-w XrdAdaptor:  file_open 11-Jun-2024 11:31:39 CEST PostProcessEvent
Data is served from fnal.gov instead of original site infn.it
%MSG
11-Jun-2024 11:31:39 CEST  Successfully opened file root://xrootd-cms.infn.it//store/mc/RunIISummer20UL17MiniAODv2/QCD_Pt-15to7000_TuneCP5_Flat2018_13TeV_pythia8/MINIAODSIM/106X_mc2017_realistic_v9-v2/2540000/3F647DBA-C01C-754D-B3B4-0AEBC1F2CFBD.root
11-Jun-2024 11:31:48 CEST  Closed file root://xrootd-cms.infn.it//store/mc/RunIISummer20UL17MiniAODv2/QCD_Pt-15to7000_TuneCP5_Flat2018_13TeV_pythia8/MINIAODSIM/106X_mc2017_realistic_v9-v2/2540000/3F647DBA-C01C-754D-B3B4-0AEBC1F2CFBD.root
11-Jun-2024 11:31:48 CEST  Initiating request to open file root://eoscms.cern.ch//eos/cms/store/mc/RunIISummer20UL17MiniAODv2/QCD_Pt-15to7000_TuneCP5_Flat2018_13TeV_pythia8/MINIAODSIM/106X_mc2017_realistic_v9-v2/2540000/5BCC3A3A-C3A4-6146-8F2C-DD775018992E.root
%MSG-w XrdAdaptorInternal:  file_open 11-Jun-2024 11:31:49 CEST PostProcessEvent
Failed to open file at URL root://eoscms.cern.ch:1094//eos/cms/store/mc/RunIISummer20UL17MiniAODv2/QCD_Pt-15to7000_TuneCP5_Flat2018_13TeV_pythia8/MINIAODSIM/106X_mc2017_realistic_v9-v2/2540000/5BCC3A3A-C3A4-6146-8F2C-DD775018992E.root.
%MSG
%MSG-w XrdAdaptorInternal:  file_open 11-Jun-2024 11:31:49 CEST PostProcessEvent
Failed to open file at URL root://eoscms.cern.ch:1094//eos/cms/store/mc/RunIISummer20UL17MiniAODv2/QCD_Pt-15to7000_TuneCP5_Flat2018_13TeV_pythia8/MINIAODSIM/106X_mc2017_realistic_v9-v2/2540000/5BCC3A3A-C3A4-6146-8F2C-DD775018992E.root?tried=.
%MSG
11-Jun-2024 11:31:49 CEST  Fallback request to file root://xrootd-cms.infn.it//store/mc/RunIISummer20UL17MiniAODv2/QCD_Pt-15to7000_TuneCP5_Flat2018_13TeV_pythia8/MINIAODSIM/106X_mc2017_realistic_v9-v2/2540000/5BCC3A3A-C3A4-6146-8F2C-DD775018992E.root
%MSG-w XrdAdaptor:  file_open 11-Jun-2024 11:32:02 CEST PostProcessEvent
Data is served from fnal.gov instead of original site infn.it
%MSG
11-Jun-2024 11:32:02 CEST  Successfully opened file root://xrootd-cms.infn.it//store/mc/RunIISummer20UL17MiniAODv2/QCD_Pt-15to7000_TuneCP5_Flat2018_13TeV_pythia8/MINIAODSIM/106X_mc2017_realistic_v9-v2/2540000/5BCC3A3A-C3A4-6146-8F2C-DD775018992E.root
Begin processing the 300001st record. Run 1, Event 8547009, LumiSection 8548 on stream 0 at 11-Jun-2024 11:32:10.239 CEST
11-Jun-2024 11:32:12 CEST  Closed file root://xrootd-cms.infn.it//store/mc/RunIISummer20UL17MiniAODv2/QCD_Pt-15to7000_TuneCP5_Flat2018_13TeV_pythia8/MINIAODSIM/106X_mc2017_realistic_v9-v2/2540000/5BCC3A3A-C3A4-6146-8F2C-DD775018992E.root
11-Jun-2024 11:32:12 CEST  Initiating request to open file root://eoscms.cern.ch//eos/cms/store/mc/RunIISummer20UL17MiniAODv2/QCD_Pt-15to7000_TuneCP5_Flat2018_13TeV_pythia8/MINIAODSIM/106X_mc2017_realistic_v9-v2/2540000/C7C0C253-21E8-1A49-B783-051BB23A4493.root
%MSG-w XrdAdaptorInternal:  file_open 11-Jun-2024 11:32:13 CEST PostProcessEvent
Failed to open file at URL root://eoscms.cern.ch:1094//eos/cms/store/mc/RunIISummer20UL17MiniAODv2/QCD_Pt-15to7000_TuneCP5_Flat2018_13TeV_pythia8/MINIAODSIM/106X_mc2017_realistic_v9-v2/2540000/C7C0C253-21E8-1A49-B783-051BB23A4493.root.
%MSG
%MSG-w XrdAdaptorInternal:  file_open 11-Jun-2024 11:32:13 CEST PostProcessEvent
Failed to open file at URL root://eoscms.cern.ch:1094//eos/cms/store/mc/RunIISummer20UL17MiniAODv2/QCD_Pt-15to7000_TuneCP5_Flat2018_13TeV_pythia8/MINIAODSIM/106X_mc2017_realistic_v9-v2/2540000/C7C0C253-21E8-1A49-B783-051BB23A4493.root?tried=.
%MSG
11-Jun-2024 11:32:13 CEST  Fallback request to file root://xrootd-cms.infn.it//store/mc/RunIISummer20UL17MiniAODv2/QCD_Pt-15to7000_TuneCP5_Flat2018_13TeV_pythia8/MINIAODSIM/106X_mc2017_realistic_v9-v2/2540000/C7C0C253-21E8-1A49-B783-051BB23A4493.root
%MSG-w XrdAdaptor:  file_open 11-Jun-2024 11:32:26 CEST PostProcessEvent
Data is served from fnal.gov instead of original site infn.it
%MSG
11-Jun-2024 11:32:26 CEST  Successfully opened file root://xrootd-cms.infn.it//store/mc/RunIISummer20UL17MiniAODv2/QCD_Pt-15to7000_TuneCP5_Flat2018_13TeV_pythia8/MINIAODSIM/106X_mc2017_realistic_v9-v2/2540000/C7C0C253-21E8-1A49-B783-051BB23A4493.root
11-Jun-2024 11:32:32 CEST  Closed file root://xrootd-cms.infn.it//store/mc/RunIISummer20UL17MiniAODv2/QCD_Pt-15to7000_TuneCP5_Flat2018_13TeV_pythia8/MINIAODSIM/106X_mc2017_realistic_v9-v2/2540000/C7C0C253-21E8-1A49-B783-051BB23A4493.root
11-Jun-2024 11:32:32 CEST  Initiating request to open file root://eoscms.cern.ch//eos/cms/store/mc/RunIISummer20UL17MiniAODv2/QCD_Pt-15to7000_TuneCP5_Flat2018_13TeV_pythia8/MINIAODSIM/106X_mc2017_realistic_v9-v2/2540000/D32E8EDF-2517-6D41-BC1E-7090DBCFB1E6.root
%MSG-w XrdAdaptorInternal:  file_open 11-Jun-2024 11:32:33 CEST PostProcessEvent
Failed to open file at URL root://eoscms.cern.ch:1094//eos/cms/store/mc/RunIISummer20UL17MiniAODv2/QCD_Pt-15to7000_TuneCP5_Flat2018_13TeV_pythia8/MINIAODSIM/106X_mc2017_realistic_v9-v2/2540000/D32E8EDF-2517-6D41-BC1E-7090DBCFB1E6.root.
%MSG
%MSG-w XrdAdaptorInternal:  file_open 11-Jun-2024 11:32:33 CEST PostProcessEvent
Failed to open file at URL root://eoscms.cern.ch:1094//eos/cms/store/mc/RunIISummer20UL17MiniAODv2/QCD_Pt-15to7000_TuneCP5_Flat2018_13TeV_pythia8/MINIAODSIM/106X_mc2017_realistic_v9-v2/2540000/D32E8EDF-2517-6D41-BC1E-7090DBCFB1E6.root?tried=.
%MSG
11-Jun-2024 11:32:33 CEST  Fallback request to file root://xrootd-cms.infn.it//store/mc/RunIISummer20UL17MiniAODv2/QCD_Pt-15to7000_TuneCP5_Flat2018_13TeV_pythia8/MINIAODSIM/106X_mc2017_realistic_v9-v2/2540000/D32E8EDF-2517-6D41-BC1E-7090DBCFB1E6.root
%MSG-w XrdAdaptor:  file_open 11-Jun-2024 11:32:46 CEST PostProcessEvent
Data is served from fnal.gov instead of original site infn.it
%MSG
11-Jun-2024 11:32:46 CEST  Successfully opened file root://xrootd-cms.infn.it//store/mc/RunIISummer20UL17MiniAODv2/QCD_Pt-15to7000_TuneCP5_Flat2018_13TeV_pythia8/MINIAODSIM/106X_mc2017_realistic_v9-v2/2540000/D32E8EDF-2517-6D41-BC1E-7090DBCFB1E6.root
Begin processing the 400001st record. Run 1, Event 1144008, LumiSection 1145 on stream 0 at 11-Jun-2024 11:32:52.526 CEST
11-Jun-2024 11:32:55 CEST  Closed file root://xrootd-cms.infn.it//store/mc/RunIISummer20UL17MiniAODv2/QCD_Pt-15to7000_TuneCP5_Flat2018_13TeV_pythia8/MINIAODSIM/106X_mc2017_realistic_v9-v2/2540000/D32E8EDF-2517-6D41-BC1E-7090DBCFB1E6.root
11-Jun-2024 11:32:55 CEST  Initiating request to open file root://eoscms.cern.ch//eos/cms/store/mc/RunIISummer20UL17MiniAODv2/QCD_Pt-15to7000_TuneCP5_Flat2018_13TeV_pythia8/MINIAODSIM/106X_mc2017_realistic_v9-v2/2540000/422B87F8-1E89-8F4D-8073-110DE4EB7CFA.root
%MSG-w XrdAdaptorInternal:  file_open 11-Jun-2024 11:32:56 CEST PostProcessEvent
Failed to open file at URL root://eoscms.cern.ch:1094//eos/cms/store/mc/RunIISummer20UL17MiniAODv2/QCD_Pt-15to7000_TuneCP5_Flat2018_13TeV_pythia8/MINIAODSIM/106X_mc2017_realistic_v9-v2/2540000/422B87F8-1E89-8F4D-8073-110DE4EB7CFA.root.
%MSG
%MSG-w XrdAdaptorInternal:  file_open 11-Jun-2024 11:32:56 CEST PostProcessEvent
Failed to open file at URL root://eoscms.cern.ch:1094//eos/cms/store/mc/RunIISummer20UL17MiniAODv2/QCD_Pt-15to7000_TuneCP5_Flat2018_13TeV_pythia8/MINIAODSIM/106X_mc2017_realistic_v9-v2/2540000/422B87F8-1E89-8F4D-8073-110DE4EB7CFA.root?tried=.
%MSG
11-Jun-2024 11:32:56 CEST  Fallback request to file root://xrootd-cms.infn.it//store/mc/RunIISummer20UL17MiniAODv2/QCD_Pt-15to7000_TuneCP5_Flat2018_13TeV_pythia8/MINIAODSIM/106X_mc2017_realistic_v9-v2/2540000/422B87F8-1E89-8F4D-8073-110DE4EB7CFA.root
%MSG-w XrdAdaptor:  file_open 11-Jun-2024 11:33:08 CEST PostProcessEvent
Data is served from fnal.gov instead of original site infn.it
%MSG
11-Jun-2024 11:33:08 CEST  Successfully opened file root://xrootd-cms.infn.it//store/mc/RunIISummer20UL17MiniAODv2/QCD_Pt-15to7000_TuneCP5_Flat2018_13TeV_pythia8/MINIAODSIM/106X_mc2017_realistic_v9-v2/2540000/422B87F8-1E89-8F4D-8073-110DE4EB7CFA.root
Begin processing the 500001st record. Run 1, Event 7899005, LumiSection 7900 on stream 0 at 11-Jun-2024 11:33:16.064 CEST
11-Jun-2024 11:33:17 CEST  Closed file root://xrootd-cms.infn.it//store/mc/RunIISummer20UL17MiniAODv2/QCD_Pt-15to7000_TuneCP5_Flat2018_13TeV_pythia8/MINIAODSIM/106X_mc2017_realistic_v9-v2/2540000/422B87F8-1E89-8F4D-8073-110DE4EB7CFA.root
11-Jun-2024 11:33:17 CEST  Initiating request to open file root://eoscms.cern.ch//eos/cms/store/mc/RunIISummer20UL17MiniAODv2/QCD_Pt-15to7000_TuneCP5_Flat2018_13TeV_pythia8/MINIAODSIM/106X_mc2017_realistic_v9-v2/2540000/2F498D76-483F-7549-8DC6-539579EBDF7D.root
%MSG-w XrdAdaptorInternal:  file_open 11-Jun-2024 11:33:18 CEST PostProcessEvent
Failed to open file at URL root://eoscms.cern.ch:1094//eos/cms/store/mc/RunIISummer20UL17MiniAODv2/QCD_Pt-15to7000_TuneCP5_Flat2018_13TeV_pythia8/MINIAODSIM/106X_mc2017_realistic_v9-v2/2540000/2F498D76-483F-7549-8DC6-539579EBDF7D.root.
%MSG
%MSG-w XrdAdaptorInternal:  file_open 11-Jun-2024 11:33:18 CEST PostProcessEvent
Failed to open file at URL root://eoscms.cern.ch:1094//eos/cms/store/mc/RunIISummer20UL17MiniAODv2/QCD_Pt-15to7000_TuneCP5_Flat2018_13TeV_pythia8/MINIAODSIM/106X_mc2017_realistic_v9-v2/2540000/2F498D76-483F-7549-8DC6-539579EBDF7D.root?tried=.
%MSG
11-Jun-2024 11:33:18 CEST  Fallback request to file root://xrootd-cms.infn.it//store/mc/RunIISummer20UL17MiniAODv2/QCD_Pt-15to7000_TuneCP5_Flat2018_13TeV_pythia8/MINIAODSIM/106X_mc2017_realistic_v9-v2/2540000/2F498D76-483F-7549-8DC6-539579EBDF7D.root
%MSG-w XrdAdaptor:  file_open 11-Jun-2024 11:33:31 CEST PostProcessEvent
Data is served from fnal.gov instead of original site infn.it
%MSG
11-Jun-2024 11:33:31 CEST  Successfully opened file root://xrootd-cms.infn.it//store/mc/RunIISummer20UL17MiniAODv2/QCD_Pt-15to7000_TuneCP5_Flat2018_13TeV_pythia8/MINIAODSIM/106X_mc2017_realistic_v9-v2/2540000/2F498D76-483F-7549-8DC6-539579EBDF7D.root
Begin processing the 600001st record. Run 1, Event 4376008, LumiSection 4377 on stream 0 at 11-Jun-2024 11:33:39.363 CEST
11-Jun-2024 11:33:40 CEST  Closed file root://xrootd-cms.infn.it//store/mc/RunIISummer20UL17MiniAODv2/QCD_Pt-15to7000_TuneCP5_Flat2018_13TeV_pythia8/MINIAODSIM/106X_mc2017_realistic_v9-v2/2540000/2F498D76-483F-7549-8DC6-539579EBDF7D.root
11-Jun-2024 11:33:40 CEST  Initiating request to open file root://eoscms.cern.ch//eos/cms/store/mc/RunIISummer20UL17MiniAODv2/QCD_Pt-15to7000_TuneCP5_Flat2018_13TeV_pythia8/MINIAODSIM/106X_mc2017_realistic_v9-v2/2540000/5E282635-FF2D-3A44-A471-0A700E7C3FD0.root
%MSG-w XrdAdaptorInternal:  file_open 11-Jun-2024 11:33:41 CEST PostProcessEvent
Failed to open file at URL root://eoscms.cern.ch:1094//eos/cms/store/mc/RunIISummer20UL17MiniAODv2/QCD_Pt-15to7000_TuneCP5_Flat2018_13TeV_pythia8/MINIAODSIM/106X_mc2017_realistic_v9-v2/2540000/5E282635-FF2D-3A44-A471-0A700E7C3FD0.root.
%MSG
%MSG-w XrdAdaptorInternal:  file_open 11-Jun-2024 11:33:41 CEST PostProcessEvent
Failed to open file at URL root://eoscms.cern.ch:1094//eos/cms/store/mc/RunIISummer20UL17MiniAODv2/QCD_Pt-15to7000_TuneCP5_Flat2018_13TeV_pythia8/MINIAODSIM/106X_mc2017_realistic_v9-v2/2540000/5E282635-FF2D-3A44-A471-0A700E7C3FD0.root?tried=.
%MSG
11-Jun-2024 11:33:41 CEST  Fallback request to file root://xrootd-cms.infn.it//store/mc/RunIISummer20UL17MiniAODv2/QCD_Pt-15to7000_TuneCP5_Flat2018_13TeV_pythia8/MINIAODSIM/106X_mc2017_realistic_v9-v2/2540000/5E282635-FF2D-3A44-A471-0A700E7C3FD0.root
%MSG-w XrdAdaptor:  file_open 11-Jun-2024 11:33:53 CEST PostProcessEvent
Data is served from fnal.gov instead of original site infn.it
%MSG
11-Jun-2024 11:33:53 CEST  Successfully opened file root://xrootd-cms.infn.it//store/mc/RunIISummer20UL17MiniAODv2/QCD_Pt-15to7000_TuneCP5_Flat2018_13TeV_pythia8/MINIAODSIM/106X_mc2017_realistic_v9-v2/2540000/5E282635-FF2D-3A44-A471-0A700E7C3FD0.root
11-Jun-2024 11:34:02 CEST  Closed file root://xrootd-cms.infn.it//store/mc/RunIISummer20UL17MiniAODv2/QCD_Pt-15to7000_TuneCP5_Flat2018_13TeV_pythia8/MINIAODSIM/106X_mc2017_realistic_v9-v2/2540000/5E282635-FF2D-3A44-A471-0A700E7C3FD0.root
11-Jun-2024 11:34:02 CEST  Initiating request to open file root://eoscms.cern.ch//eos/cms/store/mc/RunIISummer20UL17MiniAODv2/QCD_Pt-15to7000_TuneCP5_Flat2018_13TeV_pythia8/MINIAODSIM/106X_mc2017_realistic_v9-v2/2540000/9FDE4A70-9802-2848-9777-C9E4A1E9F2E4.root
%MSG-w XrdAdaptorInternal:  file_open 11-Jun-2024 11:34:03 CEST PostProcessEvent
Failed to open file at URL root://eoscms.cern.ch:1094//eos/cms/store/mc/RunIISummer20UL17MiniAODv2/QCD_Pt-15to7000_TuneCP5_Flat2018_13TeV_pythia8/MINIAODSIM/106X_mc2017_realistic_v9-v2/2540000/9FDE4A70-9802-2848-9777-C9E4A1E9F2E4.root.
%MSG
%MSG-w XrdAdaptorInternal:  file_open 11-Jun-2024 11:34:03 CEST PostProcessEvent
Failed to open file at URL root://eoscms.cern.ch:1094//eos/cms/store/mc/RunIISummer20UL17MiniAODv2/QCD_Pt-15to7000_TuneCP5_Flat2018_13TeV_pythia8/MINIAODSIM/106X_mc2017_realistic_v9-v2/2540000/9FDE4A70-9802-2848-9777-C9E4A1E9F2E4.root?tried=.
%MSG
11-Jun-2024 11:34:03 CEST  Fallback request to file root://xrootd-cms.infn.it//store/mc/RunIISummer20UL17MiniAODv2/QCD_Pt-15to7000_TuneCP5_Flat2018_13TeV_pythia8/MINIAODSIM/106X_mc2017_realistic_v9-v2/2540000/9FDE4A70-9802-2848-9777-C9E4A1E9F2E4.root
%MSG-w XrdAdaptor:  file_open 11-Jun-2024 11:34:16 CEST PostProcessEvent
Data is served from fnal.gov instead of original site infn.it
%MSG
11-Jun-2024 11:34:16 CEST  Successfully opened file root://xrootd-cms.infn.it//store/mc/RunIISummer20UL17MiniAODv2/QCD_Pt-15to7000_TuneCP5_Flat2018_13TeV_pythia8/MINIAODSIM/106X_mc2017_realistic_v9-v2/2540000/9FDE4A70-9802-2848-9777-C9E4A1E9F2E4.root
Begin processing the 700001st record. Run 1, Event 8722003, LumiSection 8723 on stream 0 at 11-Jun-2024 11:34:23.443 CEST
11-Jun-2024 11:34:25 CEST  Closed file root://xrootd-cms.infn.it//store/mc/RunIISummer20UL17MiniAODv2/QCD_Pt-15to7000_TuneCP5_Flat2018_13TeV_pythia8/MINIAODSIM/106X_mc2017_realistic_v9-v2/2540000/9FDE4A70-9802-2848-9777-C9E4A1E9F2E4.root
11-Jun-2024 11:34:25 CEST  Initiating request to open file root://eoscms.cern.ch//eos/cms/store/mc/RunIISummer20UL17MiniAODv2/QCD_Pt-15to7000_TuneCP5_Flat2018_13TeV_pythia8/MINIAODSIM/106X_mc2017_realistic_v9-v2/2540000/2D837713-37BB-6C4F-863B-7290B002C353.root
%MSG-w XrdAdaptorInternal:  file_open 11-Jun-2024 11:34:26 CEST PostProcessEvent
Failed to open file at URL root://eoscms.cern.ch:1094//eos/cms/store/mc/RunIISummer20UL17MiniAODv2/QCD_Pt-15to7000_TuneCP5_Flat2018_13TeV_pythia8/MINIAODSIM/106X_mc2017_realistic_v9-v2/2540000/2D837713-37BB-6C4F-863B-7290B002C353.root.
%MSG
%MSG-w XrdAdaptorInternal:  file_open 11-Jun-2024 11:34:26 CEST PostProcessEvent
Failed to open file at URL root://eoscms.cern.ch:1094//eos/cms/store/mc/RunIISummer20UL17MiniAODv2/QCD_Pt-15to7000_TuneCP5_Flat2018_13TeV_pythia8/MINIAODSIM/106X_mc2017_realistic_v9-v2/2540000/2D837713-37BB-6C4F-863B-7290B002C353.root?tried=.
%MSG
11-Jun-2024 11:34:26 CEST  Fallback request to file root://xrootd-cms.infn.it//store/mc/RunIISummer20UL17MiniAODv2/QCD_Pt-15to7000_TuneCP5_Flat2018_13TeV_pythia8/MINIAODSIM/106X_mc2017_realistic_v9-v2/2540000/2D837713-37BB-6C4F-863B-7290B002C353.root
%MSG-w XrdAdaptor:  file_open 11-Jun-2024 11:34:38 CEST PostProcessEvent
Data is served from fnal.gov instead of original site infn.it
%MSG
11-Jun-2024 11:34:39 CEST  Successfully opened file root://xrootd-cms.infn.it//store/mc/RunIISummer20UL17MiniAODv2/QCD_Pt-15to7000_TuneCP5_Flat2018_13TeV_pythia8/MINIAODSIM/106X_mc2017_realistic_v9-v2/2540000/2D837713-37BB-6C4F-863B-7290B002C353.root
Begin processing the 800001st record. Run 1, Event 11073007, LumiSection 11074 on stream 0 at 11-Jun-2024 11:34:47.357 CEST
11-Jun-2024 11:34:48 CEST  Closed file root://xrootd-cms.infn.it//store/mc/RunIISummer20UL17MiniAODv2/QCD_Pt-15to7000_TuneCP5_Flat2018_13TeV_pythia8/MINIAODSIM/106X_mc2017_realistic_v9-v2/2540000/2D837713-37BB-6C4F-863B-7290B002C353.root
11-Jun-2024 11:34:48 CEST  Initiating request to open file root://eoscms.cern.ch//eos/cms/store/mc/RunIISummer20UL17MiniAODv2/QCD_Pt-15to7000_TuneCP5_Flat2018_13TeV_pythia8/MINIAODSIM/106X_mc2017_realistic_v9-v2/2540000/B1C68E17-ADA9-714B-9D30-00613C0542AF.root
%MSG-w XrdAdaptorInternal:  file_open 11-Jun-2024 11:34:49 CEST PostProcessEvent
Failed to open file at URL root://eoscms.cern.ch:1094//eos/cms/store/mc/RunIISummer20UL17MiniAODv2/QCD_Pt-15to7000_TuneCP5_Flat2018_13TeV_pythia8/MINIAODSIM/106X_mc2017_realistic_v9-v2/2540000/B1C68E17-ADA9-714B-9D30-00613C0542AF.root.
%MSG
%MSG-w XrdAdaptorInternal:  file_open 11-Jun-2024 11:34:49 CEST PostProcessEvent
Failed to open file at URL root://eoscms.cern.ch:1094//eos/cms/store/mc/RunIISummer20UL17MiniAODv2/QCD_Pt-15to7000_TuneCP5_Flat2018_13TeV_pythia8/MINIAODSIM/106X_mc2017_realistic_v9-v2/2540000/B1C68E17-ADA9-714B-9D30-00613C0542AF.root?tried=.
%MSG
11-Jun-2024 11:34:49 CEST  Fallback request to file root://xrootd-cms.infn.it//store/mc/RunIISummer20UL17MiniAODv2/QCD_Pt-15to7000_TuneCP5_Flat2018_13TeV_pythia8/MINIAODSIM/106X_mc2017_realistic_v9-v2/2540000/B1C68E17-ADA9-714B-9D30-00613C0542AF.root
%MSG-w XrdAdaptor:  file_open 11-Jun-2024 11:35:02 CEST PostProcessEvent
Data is served from fnal.gov instead of original site infn.it
%MSG
11-Jun-2024 11:35:02 CEST  Successfully opened file root://xrootd-cms.infn.it//store/mc/RunIISummer20UL17MiniAODv2/QCD_Pt-15to7000_TuneCP5_Flat2018_13TeV_pythia8/MINIAODSIM/106X_mc2017_realistic_v9-v2/2540000/B1C68E17-ADA9-714B-9D30-00613C0542AF.root
Begin processing the 900001st record. Run 1, Event 6658013, LumiSection 6659 on stream 0 at 11-Jun-2024 11:35:12.642 CEST
11-Jun-2024 11:35:12 CEST  Closed file root://xrootd-cms.infn.it//store/mc/RunIISummer20UL17MiniAODv2/QCD_Pt-15to7000_TuneCP5_Flat2018_13TeV_pythia8/MINIAODSIM/106X_mc2017_realistic_v9-v2/2540000/B1C68E17-ADA9-714B-9D30-00613C0542AF.root
11-Jun-2024 11:35:12 CEST  Initiating request to open file root://eoscms.cern.ch//eos/cms/store/mc/RunIISummer20UL17MiniAODv2/QCD_Pt-15to7000_TuneCP5_Flat2018_13TeV_pythia8/MINIAODSIM/106X_mc2017_realistic_v9-v2/2540000/AF5CE5AB-5615-8E4D-B07A-DCD63875C8C8.root
%MSG-w XrdAdaptorInternal:  file_open 11-Jun-2024 11:35:13 CEST PostProcessEvent
Failed to open file at URL root://eoscms.cern.ch:1094//eos/cms/store/mc/RunIISummer20UL17MiniAODv2/QCD_Pt-15to7000_TuneCP5_Flat2018_13TeV_pythia8/MINIAODSIM/106X_mc2017_realistic_v9-v2/2540000/AF5CE5AB-5615-8E4D-B07A-DCD63875C8C8.root.
%MSG
%MSG-w XrdAdaptorInternal:  file_open 11-Jun-2024 11:35:13 CEST PostProcessEvent
Failed to open file at URL root://eoscms.cern.ch:1094//eos/cms/store/mc/RunIISummer20UL17MiniAODv2/QCD_Pt-15to7000_TuneCP5_Flat2018_13TeV_pythia8/MINIAODSIM/106X_mc2017_realistic_v9-v2/2540000/AF5CE5AB-5615-8E4D-B07A-DCD63875C8C8.root?tried=.
%MSG
11-Jun-2024 11:35:13 CEST  Fallback request to file root://xrootd-cms.infn.it//store/mc/RunIISummer20UL17MiniAODv2/QCD_Pt-15to7000_TuneCP5_Flat2018_13TeV_pythia8/MINIAODSIM/106X_mc2017_realistic_v9-v2/2540000/AF5CE5AB-5615-8E4D-B07A-DCD63875C8C8.root
%MSG-w XrdAdaptor:  file_open 11-Jun-2024 11:35:26 CEST PostProcessEvent
Data is served from fnal.gov instead of original site infn.it
%MSG
11-Jun-2024 11:35:26 CEST  Successfully opened file root://xrootd-cms.infn.it//store/mc/RunIISummer20UL17MiniAODv2/QCD_Pt-15to7000_TuneCP5_Flat2018_13TeV_pythia8/MINIAODSIM/106X_mc2017_realistic_v9-v2/2540000/AF5CE5AB-5615-8E4D-B07A-DCD63875C8C8.root
11-Jun-2024 11:35:36 CEST  Closed file root://xrootd-cms.infn.it//store/mc/RunIISummer20UL17MiniAODv2/QCD_Pt-15to7000_TuneCP5_Flat2018_13TeV_pythia8/MINIAODSIM/106X_mc2017_realistic_v9-v2/2540000/AF5CE5AB-5615-8E4D-B07A-DCD63875C8C8.root
11-Jun-2024 11:35:36 CEST  Initiating request to open file root://eoscms.cern.ch//eos/cms/store/mc/RunIISummer20UL17MiniAODv2/QCD_Pt-15to7000_TuneCP5_Flat2018_13TeV_pythia8/MINIAODSIM/106X_mc2017_realistic_v9-v2/2540000/6993C897-D125-A748-9D27-BE272D94F195.root
%MSG-w XrdAdaptorInternal:  file_open 11-Jun-2024 11:35:37 CEST PostProcessEvent
Failed to open file at URL root://eoscms.cern.ch:1094//eos/cms/store/mc/RunIISummer20UL17MiniAODv2/QCD_Pt-15to7000_TuneCP5_Flat2018_13TeV_pythia8/MINIAODSIM/106X_mc2017_realistic_v9-v2/2540000/6993C897-D125-A748-9D27-BE272D94F195.root.
%MSG
%MSG-w XrdAdaptorInternal:  file_open 11-Jun-2024 11:35:37 CEST PostProcessEvent
Failed to open file at URL root://eoscms.cern.ch:1094//eos/cms/store/mc/RunIISummer20UL17MiniAODv2/QCD_Pt-15to7000_TuneCP5_Flat2018_13TeV_pythia8/MINIAODSIM/106X_mc2017_realistic_v9-v2/2540000/6993C897-D125-A748-9D27-BE272D94F195.root?tried=.
%MSG
11-Jun-2024 11:35:37 CEST  Fallback request to file root://xrootd-cms.infn.it//store/mc/RunIISummer20UL17MiniAODv2/QCD_Pt-15to7000_TuneCP5_Flat2018_13TeV_pythia8/MINIAODSIM/106X_mc2017_realistic_v9-v2/2540000/6993C897-D125-A748-9D27-BE272D94F195.root
%MSG-w XrdAdaptor:  file_open 11-Jun-2024 11:35:50 CEST PostProcessEvent
Data is served from fnal.gov instead of original site infn.it
%MSG
11-Jun-2024 11:35:51 CEST  Successfully opened file root://xrootd-cms.infn.it//store/mc/RunIISummer20UL17MiniAODv2/QCD_Pt-15to7000_TuneCP5_Flat2018_13TeV_pythia8/MINIAODSIM/106X_mc2017_realistic_v9-v2/2540000/6993C897-D125-A748-9D27-BE272D94F195.root
11-Jun-2024 11:35:58 CEST  Closed file root://xrootd-cms.infn.it//store/mc/RunIISummer20UL17MiniAODv2/QCD_Pt-15to7000_TuneCP5_Flat2018_13TeV_pythia8/MINIAODSIM/106X_mc2017_realistic_v9-v2/2540000/6993C897-D125-A748-9D27-BE272D94F195.root

------------------------------------
GenXsecAnalyzer:
------------------------------------
Before Filter: total cross section = 1.349e+09 +- 8.578e+05 pb
Filter efficiency (taking into account weights)= (12616.3) / (12616.3) = 1.000e+00 +- 0.000e+00
Filter efficiency (event-level)= (1e+06) / (1e+06) = 1.000e+00 +- 0.000e+00    [TO BE USED IN MCM]

After filter: final cross section = 1.349e+09 +- 8.578e+05 pb
After filter: final fraction of events with negative weights = 0.000e+00 +- 0.000e+00
After filter: final equivalent lumi for 1M events (1/fb) = 7.413e-07 +- 8.785e-10

=============================================

MessageLogger Summary

 type     category        sev    module        subroutine        count    total
 ---- -------------------- -- ---------------- ----------------  -----    -----
    1 GenXSecAnalyzer      -w GenXSecAnalyzer:                       7        7
    2 XrdAdaptor           -w file_open                             15       15
    3 XrdAdaptorInternal   -w file_open                             30       30
    4 fileAction           -s file_close                            15       15
    5 fileAction           -s file_open                             45       45

 type    category    Examples: run/evt        run/evt          run/evt
 ---- -------------------- ---------------- ---------------- ----------------
    1 GenXSecAnalyzer      PostGlobalEndRun PostGlobalEndRun PostGlobalEndRun
    2 XrdAdaptor           pre-events       PostProcessEvent PostProcessEvent
    3 XrdAdaptorInternal   pre-events       pre-events       PostProcessEvent
    4 fileAction           PostProcessEvent PostProcessEvent PostGlobalEndRun
    5 fileAction           pre-events       pre-events       PostProcessEvent

Severity    # Occurrences   Total Occurrences
--------    -------------   -----------------
Warning                52                  52
System                 60                  60

dropped waiting message count 0
