11-Jun-2024 11:45:12 CEST  Initiating request to open file root://eoscms.cern.ch//eos/cms/store/mc/RunIISummer20UL17MiniAODv2/QCD_HT50to100_TuneCP5_PSWeights_13TeV-madgraph-pythia8/MINIAODSIM/106X_mc2017_realistic_v9-v1/270000/2C0B7756-DFAC-D640-AB58-115A5A173501.root
%MSG-w XrdAdaptorInternal:  file_open 11-Jun-2024 11:45:13 CEST pre-events
Failed to open file at URL root://eoscms.cern.ch:1094//eos/cms/store/mc/RunIISummer20UL17MiniAODv2/QCD_HT50to100_TuneCP5_PSWeights_13TeV-madgraph-pythia8/MINIAODSIM/106X_mc2017_realistic_v9-v1/270000/2C0B7756-DFAC-D640-AB58-115A5A173501.root.
%MSG
%MSG-w XrdAdaptorInternal:  file_open 11-Jun-2024 11:45:13 CEST pre-events
Failed to open file at URL root://eoscms.cern.ch:1094//eos/cms/store/mc/RunIISummer20UL17MiniAODv2/QCD_HT50to100_TuneCP5_PSWeights_13TeV-madgraph-pythia8/MINIAODSIM/106X_mc2017_realistic_v9-v1/270000/2C0B7756-DFAC-D640-AB58-115A5A173501.root?tried=.
%MSG
11-Jun-2024 11:45:13 CEST  Fallback request to file root://xrootd-cms.infn.it//store/mc/RunIISummer20UL17MiniAODv2/QCD_HT50to100_TuneCP5_PSWeights_13TeV-madgraph-pythia8/MINIAODSIM/106X_mc2017_realistic_v9-v1/270000/2C0B7756-DFAC-D640-AB58-115A5A173501.root
Unable to load sec.protocol plugin libXrdSecztn.so
%MSG-w XrdAdaptor:  file_open 11-Jun-2024 11:45:30 CEST pre-events
Data is served from fnal.gov instead of original site T2_IT_Pisa
%MSG
11-Jun-2024 11:45:36 CEST  Successfully opened file root://xrootd-cms.infn.it//store/mc/RunIISummer20UL17MiniAODv2/QCD_HT50to100_TuneCP5_PSWeights_13TeV-madgraph-pythia8/MINIAODSIM/106X_mc2017_realistic_v9-v1/270000/2C0B7756-DFAC-D640-AB58-115A5A173501.root
Unable to load sec.protocol plugin libXrdSecztn.so
Begin processing the 1st record. Run 1, Event 16003, LumiSection 5 on stream 0 at 11-Jun-2024 11:45:45.070 CEST
11-Jun-2024 11:45:48 CEST  Closed file root://xrootd-cms.infn.it//store/mc/RunIISummer20UL17MiniAODv2/QCD_HT50to100_TuneCP5_PSWeights_13TeV-madgraph-pythia8/MINIAODSIM/106X_mc2017_realistic_v9-v1/270000/2C0B7756-DFAC-D640-AB58-115A5A173501.root
11-Jun-2024 11:45:48 CEST  Initiating request to open file root://eoscms.cern.ch//eos/cms/store/mc/RunIISummer20UL17MiniAODv2/QCD_HT50to100_TuneCP5_PSWeights_13TeV-madgraph-pythia8/MINIAODSIM/106X_mc2017_realistic_v9-v1/270000/BB57BB71-2304-344D-97C7-9625CD6DBCBA.root
%MSG-w XrdAdaptorInternal:  file_open 11-Jun-2024 11:45:49 CEST PostProcessEvent
Failed to open file at URL root://eoscms.cern.ch:1094//eos/cms/store/mc/RunIISummer20UL17MiniAODv2/QCD_HT50to100_TuneCP5_PSWeights_13TeV-madgraph-pythia8/MINIAODSIM/106X_mc2017_realistic_v9-v1/270000/BB57BB71-2304-344D-97C7-9625CD6DBCBA.root.
%MSG
%MSG-w XrdAdaptorInternal:  file_open 11-Jun-2024 11:45:49 CEST PostProcessEvent
Failed to open file at URL root://eoscms.cern.ch:1094//eos/cms/store/mc/RunIISummer20UL17MiniAODv2/QCD_HT50to100_TuneCP5_PSWeights_13TeV-madgraph-pythia8/MINIAODSIM/106X_mc2017_realistic_v9-v1/270000/BB57BB71-2304-344D-97C7-9625CD6DBCBA.root?tried=.
%MSG
11-Jun-2024 11:45:49 CEST  Fallback request to file root://xrootd-cms.infn.it//store/mc/RunIISummer20UL17MiniAODv2/QCD_HT50to100_TuneCP5_PSWeights_13TeV-madgraph-pythia8/MINIAODSIM/106X_mc2017_realistic_v9-v1/270000/BB57BB71-2304-344D-97C7-9625CD6DBCBA.root
%MSG-w XrdAdaptor:  file_open 11-Jun-2024 11:46:02 CEST PostProcessEvent
Data is served from fnal.gov instead of original site T2_IT_Pisa
%MSG
11-Jun-2024 11:46:03 CEST  Successfully opened file root://xrootd-cms.infn.it//store/mc/RunIISummer20UL17MiniAODv2/QCD_HT50to100_TuneCP5_PSWeights_13TeV-madgraph-pythia8/MINIAODSIM/106X_mc2017_realistic_v9-v1/270000/BB57BB71-2304-344D-97C7-9625CD6DBCBA.root
Unable to load sec.protocol plugin libXrdSecztn.so
Begin processing the 100001st record. Run 1, Event 20101513, LumiSection 5026 on stream 0 at 11-Jun-2024 11:46:11.482 CEST
11-Jun-2024 11:46:14 CEST  Closed file root://xrootd-cms.infn.it//store/mc/RunIISummer20UL17MiniAODv2/QCD_HT50to100_TuneCP5_PSWeights_13TeV-madgraph-pythia8/MINIAODSIM/106X_mc2017_realistic_v9-v1/270000/BB57BB71-2304-344D-97C7-9625CD6DBCBA.root
11-Jun-2024 11:46:14 CEST  Initiating request to open file root://eoscms.cern.ch//eos/cms/store/mc/RunIISummer20UL17MiniAODv2/QCD_HT50to100_TuneCP5_PSWeights_13TeV-madgraph-pythia8/MINIAODSIM/106X_mc2017_realistic_v9-v1/270000/44A697A3-7870-4D42-A8B9-729CCD0F88D9.root
%MSG-w XrdAdaptorInternal:  file_open 11-Jun-2024 11:46:15 CEST PostProcessEvent
Failed to open file at URL root://eoscms.cern.ch:1094//eos/cms/store/mc/RunIISummer20UL17MiniAODv2/QCD_HT50to100_TuneCP5_PSWeights_13TeV-madgraph-pythia8/MINIAODSIM/106X_mc2017_realistic_v9-v1/270000/44A697A3-7870-4D42-A8B9-729CCD0F88D9.root.
%MSG
%MSG-w XrdAdaptorInternal:  file_open 11-Jun-2024 11:46:15 CEST PostProcessEvent
Failed to open file at URL root://eoscms.cern.ch:1094//eos/cms/store/mc/RunIISummer20UL17MiniAODv2/QCD_HT50to100_TuneCP5_PSWeights_13TeV-madgraph-pythia8/MINIAODSIM/106X_mc2017_realistic_v9-v1/270000/44A697A3-7870-4D42-A8B9-729CCD0F88D9.root?tried=.
%MSG
11-Jun-2024 11:46:15 CEST  Fallback request to file root://xrootd-cms.infn.it//store/mc/RunIISummer20UL17MiniAODv2/QCD_HT50to100_TuneCP5_PSWeights_13TeV-madgraph-pythia8/MINIAODSIM/106X_mc2017_realistic_v9-v1/270000/44A697A3-7870-4D42-A8B9-729CCD0F88D9.root
%MSG-w XrdAdaptor:  file_open 11-Jun-2024 11:46:28 CEST PostProcessEvent
Data is served from fnal.gov instead of original site T2_IT_Pisa
%MSG
11-Jun-2024 11:46:29 CEST  Successfully opened file root://xrootd-cms.infn.it//store/mc/RunIISummer20UL17MiniAODv2/QCD_HT50to100_TuneCP5_PSWeights_13TeV-madgraph-pythia8/MINIAODSIM/106X_mc2017_realistic_v9-v1/270000/44A697A3-7870-4D42-A8B9-729CCD0F88D9.root
Begin processing the 200001st record. Run 1, Event 19805107, LumiSection 4952 on stream 0 at 11-Jun-2024 11:46:38.434 CEST
11-Jun-2024 11:46:42 CEST  Closed file root://xrootd-cms.infn.it//store/mc/RunIISummer20UL17MiniAODv2/QCD_HT50to100_TuneCP5_PSWeights_13TeV-madgraph-pythia8/MINIAODSIM/106X_mc2017_realistic_v9-v1/270000/44A697A3-7870-4D42-A8B9-729CCD0F88D9.root
11-Jun-2024 11:46:42 CEST  Initiating request to open file root://eoscms.cern.ch//eos/cms/store/mc/RunIISummer20UL17MiniAODv2/QCD_HT50to100_TuneCP5_PSWeights_13TeV-madgraph-pythia8/MINIAODSIM/106X_mc2017_realistic_v9-v1/270000/E19AD9F7-A100-7440-9604-915C2F03A257.root
%MSG-w XrdAdaptorInternal:  file_open 11-Jun-2024 11:46:43 CEST PostProcessEvent
Failed to open file at URL root://eoscms.cern.ch:1094//eos/cms/store/mc/RunIISummer20UL17MiniAODv2/QCD_HT50to100_TuneCP5_PSWeights_13TeV-madgraph-pythia8/MINIAODSIM/106X_mc2017_realistic_v9-v1/270000/E19AD9F7-A100-7440-9604-915C2F03A257.root.
%MSG
%MSG-w XrdAdaptorInternal:  file_open 11-Jun-2024 11:46:43 CEST PostProcessEvent
Failed to open file at URL root://eoscms.cern.ch:1094//eos/cms/store/mc/RunIISummer20UL17MiniAODv2/QCD_HT50to100_TuneCP5_PSWeights_13TeV-madgraph-pythia8/MINIAODSIM/106X_mc2017_realistic_v9-v1/270000/E19AD9F7-A100-7440-9604-915C2F03A257.root?tried=.
%MSG
11-Jun-2024 11:46:43 CEST  Fallback request to file root://xrootd-cms.infn.it//store/mc/RunIISummer20UL17MiniAODv2/QCD_HT50to100_TuneCP5_PSWeights_13TeV-madgraph-pythia8/MINIAODSIM/106X_mc2017_realistic_v9-v1/270000/E19AD9F7-A100-7440-9604-915C2F03A257.root
%MSG-w XrdAdaptor:  file_open 11-Jun-2024 11:46:55 CEST PostProcessEvent
Data is served from fnal.gov instead of original site T2_IT_Pisa
%MSG
11-Jun-2024 11:46:56 CEST  Successfully opened file root://xrootd-cms.infn.it//store/mc/RunIISummer20UL17MiniAODv2/QCD_HT50to100_TuneCP5_PSWeights_13TeV-madgraph-pythia8/MINIAODSIM/106X_mc2017_realistic_v9-v1/270000/E19AD9F7-A100-7440-9604-915C2F03A257.root
Begin processing the 300001st record. Run 1, Event 44884843, LumiSection 11222 on stream 0 at 11-Jun-2024 11:47:04.368 CEST
11-Jun-2024 11:47:07 CEST  Closed file root://xrootd-cms.infn.it//store/mc/RunIISummer20UL17MiniAODv2/QCD_HT50to100_TuneCP5_PSWeights_13TeV-madgraph-pythia8/MINIAODSIM/106X_mc2017_realistic_v9-v1/270000/E19AD9F7-A100-7440-9604-915C2F03A257.root
11-Jun-2024 11:47:07 CEST  Initiating request to open file root://eoscms.cern.ch//eos/cms/store/mc/RunIISummer20UL17MiniAODv2/QCD_HT50to100_TuneCP5_PSWeights_13TeV-madgraph-pythia8/MINIAODSIM/106X_mc2017_realistic_v9-v1/270000/535A16FE-FC32-484F-8425-46C78190AD14.root
%MSG-w XrdAdaptorInternal:  file_open 11-Jun-2024 11:47:08 CEST PostProcessEvent
Failed to open file at URL root://eoscms.cern.ch:1094//eos/cms/store/mc/RunIISummer20UL17MiniAODv2/QCD_HT50to100_TuneCP5_PSWeights_13TeV-madgraph-pythia8/MINIAODSIM/106X_mc2017_realistic_v9-v1/270000/535A16FE-FC32-484F-8425-46C78190AD14.root.
%MSG
%MSG-w XrdAdaptorInternal:  file_open 11-Jun-2024 11:47:08 CEST PostProcessEvent
Failed to open file at URL root://eoscms.cern.ch:1094//eos/cms/store/mc/RunIISummer20UL17MiniAODv2/QCD_HT50to100_TuneCP5_PSWeights_13TeV-madgraph-pythia8/MINIAODSIM/106X_mc2017_realistic_v9-v1/270000/535A16FE-FC32-484F-8425-46C78190AD14.root?tried=.
%MSG
11-Jun-2024 11:47:08 CEST  Fallback request to file root://xrootd-cms.infn.it//store/mc/RunIISummer20UL17MiniAODv2/QCD_HT50to100_TuneCP5_PSWeights_13TeV-madgraph-pythia8/MINIAODSIM/106X_mc2017_realistic_v9-v1/270000/535A16FE-FC32-484F-8425-46C78190AD14.root
%MSG-w XrdAdaptor:  file_open 11-Jun-2024 11:47:21 CEST PostProcessEvent
Data is served from fnal.gov instead of original site T2_IT_Pisa
%MSG
11-Jun-2024 11:47:22 CEST  Successfully opened file root://xrootd-cms.infn.it//store/mc/RunIISummer20UL17MiniAODv2/QCD_HT50to100_TuneCP5_PSWeights_13TeV-madgraph-pythia8/MINIAODSIM/106X_mc2017_realistic_v9-v1/270000/535A16FE-FC32-484F-8425-46C78190AD14.root
Begin processing the 400001st record. Run 1, Event 62215308, LumiSection 15554 on stream 0 at 11-Jun-2024 11:47:31.648 CEST
11-Jun-2024 11:47:36 CEST  Closed file root://xrootd-cms.infn.it//store/mc/RunIISummer20UL17MiniAODv2/QCD_HT50to100_TuneCP5_PSWeights_13TeV-madgraph-pythia8/MINIAODSIM/106X_mc2017_realistic_v9-v1/270000/535A16FE-FC32-484F-8425-46C78190AD14.root
11-Jun-2024 11:47:36 CEST  Initiating request to open file root://eoscms.cern.ch//eos/cms/store/mc/RunIISummer20UL17MiniAODv2/QCD_HT50to100_TuneCP5_PSWeights_13TeV-madgraph-pythia8/MINIAODSIM/106X_mc2017_realistic_v9-v1/270000/309E7AB8-5528-934D-9799-16218853CDF1.root
%MSG-w XrdAdaptorInternal:  file_open 11-Jun-2024 11:47:37 CEST PostProcessEvent
Failed to open file at URL root://eoscms.cern.ch:1094//eos/cms/store/mc/RunIISummer20UL17MiniAODv2/QCD_HT50to100_TuneCP5_PSWeights_13TeV-madgraph-pythia8/MINIAODSIM/106X_mc2017_realistic_v9-v1/270000/309E7AB8-5528-934D-9799-16218853CDF1.root.
%MSG
%MSG-w XrdAdaptorInternal:  file_open 11-Jun-2024 11:47:37 CEST PostProcessEvent
Failed to open file at URL root://eoscms.cern.ch:1094//eos/cms/store/mc/RunIISummer20UL17MiniAODv2/QCD_HT50to100_TuneCP5_PSWeights_13TeV-madgraph-pythia8/MINIAODSIM/106X_mc2017_realistic_v9-v1/270000/309E7AB8-5528-934D-9799-16218853CDF1.root?tried=.
%MSG
11-Jun-2024 11:47:37 CEST  Fallback request to file root://xrootd-cms.infn.it//store/mc/RunIISummer20UL17MiniAODv2/QCD_HT50to100_TuneCP5_PSWeights_13TeV-madgraph-pythia8/MINIAODSIM/106X_mc2017_realistic_v9-v1/270000/309E7AB8-5528-934D-9799-16218853CDF1.root
%MSG-w XrdAdaptor:  file_open 11-Jun-2024 11:47:50 CEST PostProcessEvent
Data is served from fnal.gov instead of original site T2_IT_Pisa
%MSG
11-Jun-2024 11:47:51 CEST  Successfully opened file root://xrootd-cms.infn.it//store/mc/RunIISummer20UL17MiniAODv2/QCD_HT50to100_TuneCP5_PSWeights_13TeV-madgraph-pythia8/MINIAODSIM/106X_mc2017_realistic_v9-v1/270000/309E7AB8-5528-934D-9799-16218853CDF1.root
Begin processing the 500001st record. Run 1, Event 55250870, LumiSection 13813 on stream 0 at 11-Jun-2024 11:47:59.643 CEST
11-Jun-2024 11:48:02 CEST  Closed file root://xrootd-cms.infn.it//store/mc/RunIISummer20UL17MiniAODv2/QCD_HT50to100_TuneCP5_PSWeights_13TeV-madgraph-pythia8/MINIAODSIM/106X_mc2017_realistic_v9-v1/270000/309E7AB8-5528-934D-9799-16218853CDF1.root
11-Jun-2024 11:48:02 CEST  Initiating request to open file root://eoscms.cern.ch//eos/cms/store/mc/RunIISummer20UL17MiniAODv2/QCD_HT50to100_TuneCP5_PSWeights_13TeV-madgraph-pythia8/MINIAODSIM/106X_mc2017_realistic_v9-v1/270000/470A9645-F9DF-FE4A-A15F-7ADB6A2EB799.root
%MSG-w XrdAdaptorInternal:  file_open 11-Jun-2024 11:48:03 CEST PostProcessEvent
Failed to open file at URL root://eoscms.cern.ch:1094//eos/cms/store/mc/RunIISummer20UL17MiniAODv2/QCD_HT50to100_TuneCP5_PSWeights_13TeV-madgraph-pythia8/MINIAODSIM/106X_mc2017_realistic_v9-v1/270000/470A9645-F9DF-FE4A-A15F-7ADB6A2EB799.root.
%MSG
%MSG-w XrdAdaptorInternal:  file_open 11-Jun-2024 11:48:03 CEST PostProcessEvent
Failed to open file at URL root://eoscms.cern.ch:1094//eos/cms/store/mc/RunIISummer20UL17MiniAODv2/QCD_HT50to100_TuneCP5_PSWeights_13TeV-madgraph-pythia8/MINIAODSIM/106X_mc2017_realistic_v9-v1/270000/470A9645-F9DF-FE4A-A15F-7ADB6A2EB799.root?tried=.
%MSG
11-Jun-2024 11:48:03 CEST  Fallback request to file root://xrootd-cms.infn.it//store/mc/RunIISummer20UL17MiniAODv2/QCD_HT50to100_TuneCP5_PSWeights_13TeV-madgraph-pythia8/MINIAODSIM/106X_mc2017_realistic_v9-v1/270000/470A9645-F9DF-FE4A-A15F-7ADB6A2EB799.root
%MSG-w XrdAdaptor:  file_open 11-Jun-2024 11:48:17 CEST PostProcessEvent
Data is served from fnal.gov instead of original site T2_IT_Pisa
%MSG
11-Jun-2024 11:48:17 CEST  Successfully opened file root://xrootd-cms.infn.it//store/mc/RunIISummer20UL17MiniAODv2/QCD_HT50to100_TuneCP5_PSWeights_13TeV-madgraph-pythia8/MINIAODSIM/106X_mc2017_realistic_v9-v1/270000/470A9645-F9DF-FE4A-A15F-7ADB6A2EB799.root
Begin processing the 600001st record. Run 1, Event 85378846, LumiSection 21345 on stream 0 at 11-Jun-2024 11:48:28.776 CEST
11-Jun-2024 11:48:32 CEST  Closed file root://xrootd-cms.infn.it//store/mc/RunIISummer20UL17MiniAODv2/QCD_HT50to100_TuneCP5_PSWeights_13TeV-madgraph-pythia8/MINIAODSIM/106X_mc2017_realistic_v9-v1/270000/470A9645-F9DF-FE4A-A15F-7ADB6A2EB799.root
11-Jun-2024 11:48:32 CEST  Initiating request to open file root://eoscms.cern.ch//eos/cms/store/mc/RunIISummer20UL17MiniAODv2/QCD_HT50to100_TuneCP5_PSWeights_13TeV-madgraph-pythia8/MINIAODSIM/106X_mc2017_realistic_v9-v1/270000/D2FCD745-5C87-0B4A-9506-120FA9150037.root
%MSG-w XrdAdaptorInternal:  file_open 11-Jun-2024 11:48:33 CEST PostProcessEvent
Failed to open file at URL root://eoscms.cern.ch:1094//eos/cms/store/mc/RunIISummer20UL17MiniAODv2/QCD_HT50to100_TuneCP5_PSWeights_13TeV-madgraph-pythia8/MINIAODSIM/106X_mc2017_realistic_v9-v1/270000/D2FCD745-5C87-0B4A-9506-120FA9150037.root.
%MSG
%MSG-w XrdAdaptorInternal:  file_open 11-Jun-2024 11:48:33 CEST PostProcessEvent
Failed to open file at URL root://eoscms.cern.ch:1094//eos/cms/store/mc/RunIISummer20UL17MiniAODv2/QCD_HT50to100_TuneCP5_PSWeights_13TeV-madgraph-pythia8/MINIAODSIM/106X_mc2017_realistic_v9-v1/270000/D2FCD745-5C87-0B4A-9506-120FA9150037.root?tried=.
%MSG
11-Jun-2024 11:48:33 CEST  Fallback request to file root://xrootd-cms.infn.it//store/mc/RunIISummer20UL17MiniAODv2/QCD_HT50to100_TuneCP5_PSWeights_13TeV-madgraph-pythia8/MINIAODSIM/106X_mc2017_realistic_v9-v1/270000/D2FCD745-5C87-0B4A-9506-120FA9150037.root
%MSG-w XrdAdaptor:  file_open 11-Jun-2024 11:48:47 CEST PostProcessEvent
Data is served from fnal.gov instead of original site T2_IT_Pisa
%MSG
11-Jun-2024 11:48:47 CEST  Successfully opened file root://xrootd-cms.infn.it//store/mc/RunIISummer20UL17MiniAODv2/QCD_HT50to100_TuneCP5_PSWeights_13TeV-madgraph-pythia8/MINIAODSIM/106X_mc2017_realistic_v9-v1/270000/D2FCD745-5C87-0B4A-9506-120FA9150037.root
Begin processing the 700001st record. Run 1, Event 38017980, LumiSection 9505 on stream 0 at 11-Jun-2024 11:48:56.937 CEST
11-Jun-2024 11:49:00 CEST  Closed file root://xrootd-cms.infn.it//store/mc/RunIISummer20UL17MiniAODv2/QCD_HT50to100_TuneCP5_PSWeights_13TeV-madgraph-pythia8/MINIAODSIM/106X_mc2017_realistic_v9-v1/270000/D2FCD745-5C87-0B4A-9506-120FA9150037.root
11-Jun-2024 11:49:00 CEST  Initiating request to open file root://eoscms.cern.ch//eos/cms/store/mc/RunIISummer20UL17MiniAODv2/QCD_HT50to100_TuneCP5_PSWeights_13TeV-madgraph-pythia8/MINIAODSIM/106X_mc2017_realistic_v9-v1/270000/BB7C4AB0-B822-DB40-925A-03DDBC3CEE26.root
%MSG-w XrdAdaptorInternal:  file_open 11-Jun-2024 11:49:01 CEST PostProcessEvent
Failed to open file at URL root://eoscms.cern.ch:1094//eos/cms/store/mc/RunIISummer20UL17MiniAODv2/QCD_HT50to100_TuneCP5_PSWeights_13TeV-madgraph-pythia8/MINIAODSIM/106X_mc2017_realistic_v9-v1/270000/BB7C4AB0-B822-DB40-925A-03DDBC3CEE26.root.
%MSG
%MSG-w XrdAdaptorInternal:  file_open 11-Jun-2024 11:49:01 CEST PostProcessEvent
Failed to open file at URL root://eoscms.cern.ch:1094//eos/cms/store/mc/RunIISummer20UL17MiniAODv2/QCD_HT50to100_TuneCP5_PSWeights_13TeV-madgraph-pythia8/MINIAODSIM/106X_mc2017_realistic_v9-v1/270000/BB7C4AB0-B822-DB40-925A-03DDBC3CEE26.root?tried=.
%MSG
11-Jun-2024 11:49:01 CEST  Fallback request to file root://xrootd-cms.infn.it//store/mc/RunIISummer20UL17MiniAODv2/QCD_HT50to100_TuneCP5_PSWeights_13TeV-madgraph-pythia8/MINIAODSIM/106X_mc2017_realistic_v9-v1/270000/BB7C4AB0-B822-DB40-925A-03DDBC3CEE26.root
%MSG-w XrdAdaptor:  file_open 11-Jun-2024 11:49:15 CEST PostProcessEvent
Data is served from fnal.gov instead of original site T2_IT_Pisa
%MSG
11-Jun-2024 11:49:15 CEST  Successfully opened file root://xrootd-cms.infn.it//store/mc/RunIISummer20UL17MiniAODv2/QCD_HT50to100_TuneCP5_PSWeights_13TeV-madgraph-pythia8/MINIAODSIM/106X_mc2017_realistic_v9-v1/270000/BB7C4AB0-B822-DB40-925A-03DDBC3CEE26.root
Begin processing the 800001st record. Run 1, Event 66421519, LumiSection 16606 on stream 0 at 11-Jun-2024 11:49:24.672 CEST
11-Jun-2024 11:49:28 CEST  Closed file root://xrootd-cms.infn.it//store/mc/RunIISummer20UL17MiniAODv2/QCD_HT50to100_TuneCP5_PSWeights_13TeV-madgraph-pythia8/MINIAODSIM/106X_mc2017_realistic_v9-v1/270000/BB7C4AB0-B822-DB40-925A-03DDBC3CEE26.root
11-Jun-2024 11:49:28 CEST  Initiating request to open file root://eoscms.cern.ch//eos/cms/store/mc/RunIISummer20UL17MiniAODv2/QCD_HT50to100_TuneCP5_PSWeights_13TeV-madgraph-pythia8/MINIAODSIM/106X_mc2017_realistic_v9-v1/270000/114003B5-3573-4C44-9217-A3E8DF697D4E.root
%MSG-w XrdAdaptorInternal:  file_open 11-Jun-2024 11:49:29 CEST PostProcessEvent
Failed to open file at URL root://eoscms.cern.ch:1094//eos/cms/store/mc/RunIISummer20UL17MiniAODv2/QCD_HT50to100_TuneCP5_PSWeights_13TeV-madgraph-pythia8/MINIAODSIM/106X_mc2017_realistic_v9-v1/270000/114003B5-3573-4C44-9217-A3E8DF697D4E.root.
%MSG
%MSG-w XrdAdaptorInternal:  file_open 11-Jun-2024 11:49:29 CEST PostProcessEvent
Failed to open file at URL root://eoscms.cern.ch:1094//eos/cms/store/mc/RunIISummer20UL17MiniAODv2/QCD_HT50to100_TuneCP5_PSWeights_13TeV-madgraph-pythia8/MINIAODSIM/106X_mc2017_realistic_v9-v1/270000/114003B5-3573-4C44-9217-A3E8DF697D4E.root?tried=.
%MSG
11-Jun-2024 11:49:29 CEST  Fallback request to file root://xrootd-cms.infn.it//store/mc/RunIISummer20UL17MiniAODv2/QCD_HT50to100_TuneCP5_PSWeights_13TeV-madgraph-pythia8/MINIAODSIM/106X_mc2017_realistic_v9-v1/270000/114003B5-3573-4C44-9217-A3E8DF697D4E.root
%MSG-w XrdAdaptor:  file_open 11-Jun-2024 11:49:43 CEST PostProcessEvent
Data is served from fnal.gov instead of original site T2_IT_Pisa
%MSG
11-Jun-2024 11:49:43 CEST  Successfully opened file root://xrootd-cms.infn.it//store/mc/RunIISummer20UL17MiniAODv2/QCD_HT50to100_TuneCP5_PSWeights_13TeV-madgraph-pythia8/MINIAODSIM/106X_mc2017_realistic_v9-v1/270000/114003B5-3573-4C44-9217-A3E8DF697D4E.root
Begin processing the 900001st record. Run 1, Event 705128, LumiSection 177 on stream 0 at 11-Jun-2024 11:49:52.221 CEST
11-Jun-2024 11:49:56 CEST  Closed file root://xrootd-cms.infn.it//store/mc/RunIISummer20UL17MiniAODv2/QCD_HT50to100_TuneCP5_PSWeights_13TeV-madgraph-pythia8/MINIAODSIM/106X_mc2017_realistic_v9-v1/270000/114003B5-3573-4C44-9217-A3E8DF697D4E.root
11-Jun-2024 11:49:56 CEST  Initiating request to open file root://eoscms.cern.ch//eos/cms/store/mc/RunIISummer20UL17MiniAODv2/QCD_HT50to100_TuneCP5_PSWeights_13TeV-madgraph-pythia8/MINIAODSIM/106X_mc2017_realistic_v9-v1/270000/9981EA27-E83E-AE4F-89BB-D5266DE7FDFD.root
%MSG-w XrdAdaptorInternal:  file_open 11-Jun-2024 11:49:57 CEST PostProcessEvent
Failed to open file at URL root://eoscms.cern.ch:1094//eos/cms/store/mc/RunIISummer20UL17MiniAODv2/QCD_HT50to100_TuneCP5_PSWeights_13TeV-madgraph-pythia8/MINIAODSIM/106X_mc2017_realistic_v9-v1/270000/9981EA27-E83E-AE4F-89BB-D5266DE7FDFD.root.
%MSG
%MSG-w XrdAdaptorInternal:  file_open 11-Jun-2024 11:49:57 CEST PostProcessEvent
Failed to open file at URL root://eoscms.cern.ch:1094//eos/cms/store/mc/RunIISummer20UL17MiniAODv2/QCD_HT50to100_TuneCP5_PSWeights_13TeV-madgraph-pythia8/MINIAODSIM/106X_mc2017_realistic_v9-v1/270000/9981EA27-E83E-AE4F-89BB-D5266DE7FDFD.root?tried=.
%MSG
11-Jun-2024 11:49:57 CEST  Fallback request to file root://xrootd-cms.infn.it//store/mc/RunIISummer20UL17MiniAODv2/QCD_HT50to100_TuneCP5_PSWeights_13TeV-madgraph-pythia8/MINIAODSIM/106X_mc2017_realistic_v9-v1/270000/9981EA27-E83E-AE4F-89BB-D5266DE7FDFD.root
%MSG-w XrdAdaptor:  file_open 11-Jun-2024 11:50:10 CEST PostProcessEvent
Data is served from fnal.gov instead of original site T2_IT_Pisa
%MSG
11-Jun-2024 11:50:10 CEST  Successfully opened file root://xrootd-cms.infn.it//store/mc/RunIISummer20UL17MiniAODv2/QCD_HT50to100_TuneCP5_PSWeights_13TeV-madgraph-pythia8/MINIAODSIM/106X_mc2017_realistic_v9-v1/270000/9981EA27-E83E-AE4F-89BB-D5266DE7FDFD.root
395611600.0000002646906.000000 191596.100000             1
219738100.0000001731123.000000 191596.100000             0
151034700.0000001161944.000000 191596.100000             2
 
11-Jun-2024 11:50:19 CEST  Closed file root://xrootd-cms.infn.it//store/mc/RunIISummer20UL17MiniAODv2/QCD_HT50to100_TuneCP5_PSWeights_13TeV-madgraph-pythia8/MINIAODSIM/106X_mc2017_realistic_v9-v1/270000/9981EA27-E83E-AE4F-89BB-D5266DE7FDFD.root

------------------------------------
GenXsecAnalyzer:
------------------------------------
-------------------------------------------------------------------------------------------------------------------------------------------------------------------------- 
Overall cross-section summary 
--------------------------------------------------------------------------------------------------------------------------------------------------------------------------
Process		xsec_before [pb]		passed	nposw	nnegw	tried	nposw	nnegw 	xsec_match [pb]			accepted [%]	 event_eff [%]
0		2.194e+08 +/- 5.408e+04		533313	533313	0	1187508	1187508	0	9.855e+07 +/- 1.031e+05		44.9 +/- 0.0	44.9 +/- 0.0
1		3.937e+08 +/- 8.555e+04		403336	403336	0	2117060	2117060	0	7.500e+07 +/- 1.075e+05		19.1 +/- 0.0	19.1 +/- 0.0
2		1.499e+08 +/- 3.818e+04		63432	63432	0	803432	803432	0	1.184e+07 +/- 4.520e+04		7.9 +/- 0.0	7.9 +/- 0.0
-------------------------------------------------------------------------------------------------------------------------------------------------------------------------- 
Total		7.630e+08 +/- 1.082e+05		1000081	1000081	0	4108000	4108000	0	1.858e+08 +/- 1.637e+05		24.3 +/- 0.0	24.3 +/- 0.0
--------------------------------------------------------------------------------------------------------------------------------------------------------------------------
Before matching: total cross section = 7.630e+08 +- 1.082e+05 pb
After matching: total cross section = 1.858e+08 +- 1.637e+05 pb
Matching efficiency = 0.2 +/- 0.0   [TO BE USED IN MCM]
Filter efficiency (taking into account weights)= (1.00008e+06) / (1.00008e+06) = 1.000e+00 +- 0.000e+00
Filter efficiency (event-level)= (1.00008e+06) / (1.00008e+06) = 1.000e+00 +- 0.000e+00    [TO BE USED IN MCM]

After filter: final cross section = 1.858e+08 +- 1.637e+05 pb
After filter: final fraction of events with negative weights = 0.000e+00 +- 0.000e+00
After filter: final equivalent lumi for 1M events (1/fb) = 5.383e-06 +- 7.175e-09

=============================================

MessageLogger Summary

 type     category        sev    module        subroutine        count    total
 ---- -------------------- -- ---------------- ----------------  -----    -----
    1 GenXSecAnalyzer      -w GenXSecAnalyzer:                      17       17
    2 XrdAdaptor           -w file_open                             11       11
    3 XrdAdaptorInternal   -w file_open                             22       22
    4 fileAction           -s file_close                            11       11
    5 fileAction           -s file_open                             33       33

 type    category    Examples: run/evt        run/evt          run/evt
 ---- -------------------- ---------------- ---------------- ----------------
    1 GenXSecAnalyzer      PostGlobalEndRun PostGlobalEndRun PostGlobalEndRun
    2 XrdAdaptor           pre-events       PostProcessEvent PostProcessEvent
    3 XrdAdaptorInternal   pre-events       pre-events       PostProcessEvent
    4 fileAction           PostProcessEvent PostProcessEvent PostGlobalEndRun
    5 fileAction           pre-events       pre-events       PostProcessEvent

Severity    # Occurrences   Total Occurrences
--------    -------------   -----------------
Warning                50                  50
System                 44                  44

dropped waiting message count 0
