11-Jun-2024 12:01:28 CEST  Initiating request to open file root://eoscms.cern.ch//eos/cms/store/mc/RunIISummer20UL17MiniAODv2/QCD_Pt_80to120_TuneCP5_13TeV_pythia8/MINIAODSIM/106X_mc2017_realistic_v9-v1/100000/9B89DEF2-5A5A-794F-8E02-D12389D25A44.root
%MSG-w XrdAdaptorInternal:  file_open 11-Jun-2024 12:01:30 CEST pre-events
Failed to open file at URL root://eoscms.cern.ch:1094//eos/cms/store/mc/RunIISummer20UL17MiniAODv2/QCD_Pt_80to120_TuneCP5_13TeV_pythia8/MINIAODSIM/106X_mc2017_realistic_v9-v1/100000/9B89DEF2-5A5A-794F-8E02-D12389D25A44.root.
%MSG
%MSG-w XrdAdaptorInternal:  file_open 11-Jun-2024 12:01:30 CEST pre-events
Failed to open file at URL root://eoscms.cern.ch:1094//eos/cms/store/mc/RunIISummer20UL17MiniAODv2/QCD_Pt_80to120_TuneCP5_13TeV_pythia8/MINIAODSIM/106X_mc2017_realistic_v9-v1/100000/9B89DEF2-5A5A-794F-8E02-D12389D25A44.root?tried=.
%MSG
11-Jun-2024 12:01:30 CEST  Fallback request to file root://xrootd-cms.infn.it//store/mc/RunIISummer20UL17MiniAODv2/QCD_Pt_80to120_TuneCP5_13TeV_pythia8/MINIAODSIM/106X_mc2017_realistic_v9-v1/100000/9B89DEF2-5A5A-794F-8E02-D12389D25A44.root
Unable to load sec.protocol plugin libXrdSecztn.so
%MSG-w XrdAdaptor:  file_open 11-Jun-2024 12:01:45 CEST pre-events
Data is served from fnal.gov instead of original site T2_FR_GRIF_LLR
%MSG
11-Jun-2024 12:01:49 CEST  Successfully opened file root://xrootd-cms.infn.it//store/mc/RunIISummer20UL17MiniAODv2/QCD_Pt_80to120_TuneCP5_13TeV_pythia8/MINIAODSIM/106X_mc2017_realistic_v9-v1/100000/9B89DEF2-5A5A-794F-8E02-D12389D25A44.root
Unable to load sec.protocol plugin libXrdSecztn.so
Begin processing the 1st record. Run 1, Event 25041011, LumiSection 25042 on stream 0 at 11-Jun-2024 12:01:59.353 CEST
11-Jun-2024 12:02:06 CEST  Closed file root://xrootd-cms.infn.it//store/mc/RunIISummer20UL17MiniAODv2/QCD_Pt_80to120_TuneCP5_13TeV_pythia8/MINIAODSIM/106X_mc2017_realistic_v9-v1/100000/9B89DEF2-5A5A-794F-8E02-D12389D25A44.root
11-Jun-2024 12:02:06 CEST  Initiating request to open file root://eoscms.cern.ch//eos/cms/store/mc/RunIISummer20UL17MiniAODv2/QCD_Pt_80to120_TuneCP5_13TeV_pythia8/MINIAODSIM/106X_mc2017_realistic_v9-v1/100000/96D763E1-D46C-3A48-9FD5-9F5FCF1A13CC.root
%MSG-w XrdAdaptorInternal:  file_open 11-Jun-2024 12:02:07 CEST PostProcessEvent
Failed to open file at URL root://eoscms.cern.ch:1094//eos/cms/store/mc/RunIISummer20UL17MiniAODv2/QCD_Pt_80to120_TuneCP5_13TeV_pythia8/MINIAODSIM/106X_mc2017_realistic_v9-v1/100000/96D763E1-D46C-3A48-9FD5-9F5FCF1A13CC.root.
%MSG
%MSG-w XrdAdaptorInternal:  file_open 11-Jun-2024 12:02:07 CEST PostProcessEvent
Failed to open file at URL root://eoscms.cern.ch:1094//eos/cms/store/mc/RunIISummer20UL17MiniAODv2/QCD_Pt_80to120_TuneCP5_13TeV_pythia8/MINIAODSIM/106X_mc2017_realistic_v9-v1/100000/96D763E1-D46C-3A48-9FD5-9F5FCF1A13CC.root?tried=.
%MSG
11-Jun-2024 12:02:07 CEST  Fallback request to file root://xrootd-cms.infn.it//store/mc/RunIISummer20UL17MiniAODv2/QCD_Pt_80to120_TuneCP5_13TeV_pythia8/MINIAODSIM/106X_mc2017_realistic_v9-v1/100000/96D763E1-D46C-3A48-9FD5-9F5FCF1A13CC.root
Unable to load sec.protocol plugin libXrdSecztn.so
%MSG-w XrdAdaptor:  file_open 11-Jun-2024 12:02:22 CEST PostProcessEvent
Data is served from fnal.gov instead of original site T2_FR_GRIF_LLR
%MSG
11-Jun-2024 12:02:22 CEST  Successfully opened file root://xrootd-cms.infn.it//store/mc/RunIISummer20UL17MiniAODv2/QCD_Pt_80to120_TuneCP5_13TeV_pythia8/MINIAODSIM/106X_mc2017_realistic_v9-v1/100000/96D763E1-D46C-3A48-9FD5-9F5FCF1A13CC.root
Begin processing the 100001st record. Run 1, Event 24106011, LumiSection 24107 on stream 0 at 11-Jun-2024 12:02:30.661 CEST
11-Jun-2024 12:02:32 CEST  Closed file root://xrootd-cms.infn.it//store/mc/RunIISummer20UL17MiniAODv2/QCD_Pt_80to120_TuneCP5_13TeV_pythia8/MINIAODSIM/106X_mc2017_realistic_v9-v1/100000/96D763E1-D46C-3A48-9FD5-9F5FCF1A13CC.root
11-Jun-2024 12:02:32 CEST  Initiating request to open file root://eoscms.cern.ch//eos/cms/store/mc/RunIISummer20UL17MiniAODv2/QCD_Pt_80to120_TuneCP5_13TeV_pythia8/MINIAODSIM/106X_mc2017_realistic_v9-v1/100000/DAFD7BEE-66A5-3346-9A70-B84478BF4905.root
%MSG-w XrdAdaptorInternal:  file_open 11-Jun-2024 12:02:33 CEST PostProcessEvent
Failed to open file at URL root://eoscms.cern.ch:1094//eos/cms/store/mc/RunIISummer20UL17MiniAODv2/QCD_Pt_80to120_TuneCP5_13TeV_pythia8/MINIAODSIM/106X_mc2017_realistic_v9-v1/100000/DAFD7BEE-66A5-3346-9A70-B84478BF4905.root.
%MSG
%MSG-w XrdAdaptorInternal:  file_open 11-Jun-2024 12:02:33 CEST PostProcessEvent
Failed to open file at URL root://eoscms.cern.ch:1094//eos/cms/store/mc/RunIISummer20UL17MiniAODv2/QCD_Pt_80to120_TuneCP5_13TeV_pythia8/MINIAODSIM/106X_mc2017_realistic_v9-v1/100000/DAFD7BEE-66A5-3346-9A70-B84478BF4905.root?tried=.
%MSG
11-Jun-2024 12:02:33 CEST  Fallback request to file root://xrootd-cms.infn.it//store/mc/RunIISummer20UL17MiniAODv2/QCD_Pt_80to120_TuneCP5_13TeV_pythia8/MINIAODSIM/106X_mc2017_realistic_v9-v1/100000/DAFD7BEE-66A5-3346-9A70-B84478BF4905.root
%MSG-w XrdAdaptor:  file_open 11-Jun-2024 12:02:46 CEST PostProcessEvent
Data is served from fnal.gov instead of original site T2_FR_GRIF_LLR
%MSG
11-Jun-2024 12:02:47 CEST  Successfully opened file root://xrootd-cms.infn.it//store/mc/RunIISummer20UL17MiniAODv2/QCD_Pt_80to120_TuneCP5_13TeV_pythia8/MINIAODSIM/106X_mc2017_realistic_v9-v1/100000/DAFD7BEE-66A5-3346-9A70-B84478BF4905.root
Begin processing the 200001st record. Run 1, Event 24275007, LumiSection 24276 on stream 0 at 11-Jun-2024 12:02:55.532 CEST
11-Jun-2024 12:02:57 CEST  Closed file root://xrootd-cms.infn.it//store/mc/RunIISummer20UL17MiniAODv2/QCD_Pt_80to120_TuneCP5_13TeV_pythia8/MINIAODSIM/106X_mc2017_realistic_v9-v1/100000/DAFD7BEE-66A5-3346-9A70-B84478BF4905.root
11-Jun-2024 12:02:57 CEST  Initiating request to open file root://eoscms.cern.ch//eos/cms/store/mc/RunIISummer20UL17MiniAODv2/QCD_Pt_80to120_TuneCP5_13TeV_pythia8/MINIAODSIM/106X_mc2017_realistic_v9-v1/100000/D1A96A6F-333E-6341-95C4-DD13B928463C.root
%MSG-w XrdAdaptorInternal:  file_open 11-Jun-2024 12:02:58 CEST PostProcessEvent
Failed to open file at URL root://eoscms.cern.ch:1094//eos/cms/store/mc/RunIISummer20UL17MiniAODv2/QCD_Pt_80to120_TuneCP5_13TeV_pythia8/MINIAODSIM/106X_mc2017_realistic_v9-v1/100000/D1A96A6F-333E-6341-95C4-DD13B928463C.root.
%MSG
%MSG-w XrdAdaptorInternal:  file_open 11-Jun-2024 12:02:58 CEST PostProcessEvent
Failed to open file at URL root://eoscms.cern.ch:1094//eos/cms/store/mc/RunIISummer20UL17MiniAODv2/QCD_Pt_80to120_TuneCP5_13TeV_pythia8/MINIAODSIM/106X_mc2017_realistic_v9-v1/100000/D1A96A6F-333E-6341-95C4-DD13B928463C.root?tried=.
%MSG
11-Jun-2024 12:02:58 CEST  Fallback request to file root://xrootd-cms.infn.it//store/mc/RunIISummer20UL17MiniAODv2/QCD_Pt_80to120_TuneCP5_13TeV_pythia8/MINIAODSIM/106X_mc2017_realistic_v9-v1/100000/D1A96A6F-333E-6341-95C4-DD13B928463C.root
%MSG-w XrdAdaptor:  file_open 11-Jun-2024 12:03:12 CEST PostProcessEvent
Data is served from fnal.gov instead of original site T2_FR_GRIF_LLR
%MSG
11-Jun-2024 12:03:12 CEST  Successfully opened file root://xrootd-cms.infn.it//store/mc/RunIISummer20UL17MiniAODv2/QCD_Pt_80to120_TuneCP5_13TeV_pythia8/MINIAODSIM/106X_mc2017_realistic_v9-v1/100000/D1A96A6F-333E-6341-95C4-DD13B928463C.root
Begin processing the 300001st record. Run 1, Event 24960016, LumiSection 24961 on stream 0 at 11-Jun-2024 12:03:22.905 CEST
11-Jun-2024 12:03:24 CEST  Closed file root://xrootd-cms.infn.it//store/mc/RunIISummer20UL17MiniAODv2/QCD_Pt_80to120_TuneCP5_13TeV_pythia8/MINIAODSIM/106X_mc2017_realistic_v9-v1/100000/D1A96A6F-333E-6341-95C4-DD13B928463C.root
11-Jun-2024 12:03:24 CEST  Initiating request to open file root://eoscms.cern.ch//eos/cms/store/mc/RunIISummer20UL17MiniAODv2/QCD_Pt_80to120_TuneCP5_13TeV_pythia8/MINIAODSIM/106X_mc2017_realistic_v9-v1/100000/257DC77F-32D9-3345-A631-FDA524D92667.root
%MSG-w XrdAdaptorInternal:  file_open 11-Jun-2024 12:03:25 CEST PostProcessEvent
Failed to open file at URL root://eoscms.cern.ch:1094//eos/cms/store/mc/RunIISummer20UL17MiniAODv2/QCD_Pt_80to120_TuneCP5_13TeV_pythia8/MINIAODSIM/106X_mc2017_realistic_v9-v1/100000/257DC77F-32D9-3345-A631-FDA524D92667.root.
%MSG
%MSG-w XrdAdaptorInternal:  file_open 11-Jun-2024 12:03:25 CEST PostProcessEvent
Failed to open file at URL root://eoscms.cern.ch:1094//eos/cms/store/mc/RunIISummer20UL17MiniAODv2/QCD_Pt_80to120_TuneCP5_13TeV_pythia8/MINIAODSIM/106X_mc2017_realistic_v9-v1/100000/257DC77F-32D9-3345-A631-FDA524D92667.root?tried=.
%MSG
11-Jun-2024 12:03:25 CEST  Fallback request to file root://xrootd-cms.infn.it//store/mc/RunIISummer20UL17MiniAODv2/QCD_Pt_80to120_TuneCP5_13TeV_pythia8/MINIAODSIM/106X_mc2017_realistic_v9-v1/100000/257DC77F-32D9-3345-A631-FDA524D92667.root
%MSG-w XrdAdaptor:  file_open 11-Jun-2024 12:03:37 CEST PostProcessEvent
Data is served from fnal.gov instead of original site T2_FR_GRIF_LLR
%MSG
11-Jun-2024 12:03:38 CEST  Successfully opened file root://xrootd-cms.infn.it//store/mc/RunIISummer20UL17MiniAODv2/QCD_Pt_80to120_TuneCP5_13TeV_pythia8/MINIAODSIM/106X_mc2017_realistic_v9-v1/100000/257DC77F-32D9-3345-A631-FDA524D92667.root
Begin processing the 400001st record. Run 1, Event 29059001, LumiSection 29060 on stream 0 at 11-Jun-2024 12:03:47.784 CEST
11-Jun-2024 12:03:48 CEST  Closed file root://xrootd-cms.infn.it//store/mc/RunIISummer20UL17MiniAODv2/QCD_Pt_80to120_TuneCP5_13TeV_pythia8/MINIAODSIM/106X_mc2017_realistic_v9-v1/100000/257DC77F-32D9-3345-A631-FDA524D92667.root
11-Jun-2024 12:03:48 CEST  Initiating request to open file root://eoscms.cern.ch//eos/cms/store/mc/RunIISummer20UL17MiniAODv2/QCD_Pt_80to120_TuneCP5_13TeV_pythia8/MINIAODSIM/106X_mc2017_realistic_v9-v1/100000/7BE1D33F-54B7-2E4A-B72D-CBD7662D2E0B.root
%MSG-w XrdAdaptorInternal:  file_open 11-Jun-2024 12:03:49 CEST PostProcessEvent
Failed to open file at URL root://eoscms.cern.ch:1094//eos/cms/store/mc/RunIISummer20UL17MiniAODv2/QCD_Pt_80to120_TuneCP5_13TeV_pythia8/MINIAODSIM/106X_mc2017_realistic_v9-v1/100000/7BE1D33F-54B7-2E4A-B72D-CBD7662D2E0B.root.
%MSG
%MSG-w XrdAdaptorInternal:  file_open 11-Jun-2024 12:03:49 CEST PostProcessEvent
Failed to open file at URL root://eoscms.cern.ch:1094//eos/cms/store/mc/RunIISummer20UL17MiniAODv2/QCD_Pt_80to120_TuneCP5_13TeV_pythia8/MINIAODSIM/106X_mc2017_realistic_v9-v1/100000/7BE1D33F-54B7-2E4A-B72D-CBD7662D2E0B.root?tried=.
%MSG
11-Jun-2024 12:03:49 CEST  Fallback request to file root://xrootd-cms.infn.it//store/mc/RunIISummer20UL17MiniAODv2/QCD_Pt_80to120_TuneCP5_13TeV_pythia8/MINIAODSIM/106X_mc2017_realistic_v9-v1/100000/7BE1D33F-54B7-2E4A-B72D-CBD7662D2E0B.root
%MSG-w XrdAdaptor:  file_open 11-Jun-2024 12:04:02 CEST PostProcessEvent
Data is served from fnal.gov instead of original site T2_FR_GRIF_LLR
%MSG
11-Jun-2024 12:04:03 CEST  Successfully opened file root://xrootd-cms.infn.it//store/mc/RunIISummer20UL17MiniAODv2/QCD_Pt_80to120_TuneCP5_13TeV_pythia8/MINIAODSIM/106X_mc2017_realistic_v9-v1/100000/7BE1D33F-54B7-2E4A-B72D-CBD7662D2E0B.root
Begin processing the 500001st record. Run 1, Event 29354005, LumiSection 29355 on stream 0 at 11-Jun-2024 12:04:13.919 CEST
11-Jun-2024 12:04:14 CEST  Closed file root://xrootd-cms.infn.it//store/mc/RunIISummer20UL17MiniAODv2/QCD_Pt_80to120_TuneCP5_13TeV_pythia8/MINIAODSIM/106X_mc2017_realistic_v9-v1/100000/7BE1D33F-54B7-2E4A-B72D-CBD7662D2E0B.root
11-Jun-2024 12:04:14 CEST  Initiating request to open file root://eoscms.cern.ch//eos/cms/store/mc/RunIISummer20UL17MiniAODv2/QCD_Pt_80to120_TuneCP5_13TeV_pythia8/MINIAODSIM/106X_mc2017_realistic_v9-v1/100000/24949D6F-2DD7-5E45-96AE-3BD852E87D90.root
%MSG-w XrdAdaptorInternal:  file_open 11-Jun-2024 12:04:15 CEST PostProcessEvent
Failed to open file at URL root://eoscms.cern.ch:1094//eos/cms/store/mc/RunIISummer20UL17MiniAODv2/QCD_Pt_80to120_TuneCP5_13TeV_pythia8/MINIAODSIM/106X_mc2017_realistic_v9-v1/100000/24949D6F-2DD7-5E45-96AE-3BD852E87D90.root.
%MSG
%MSG-w XrdAdaptorInternal:  file_open 11-Jun-2024 12:04:15 CEST PostProcessEvent
Failed to open file at URL root://eoscms.cern.ch:1094//eos/cms/store/mc/RunIISummer20UL17MiniAODv2/QCD_Pt_80to120_TuneCP5_13TeV_pythia8/MINIAODSIM/106X_mc2017_realistic_v9-v1/100000/24949D6F-2DD7-5E45-96AE-3BD852E87D90.root?tried=.
%MSG
11-Jun-2024 12:04:15 CEST  Fallback request to file root://xrootd-cms.infn.it//store/mc/RunIISummer20UL17MiniAODv2/QCD_Pt_80to120_TuneCP5_13TeV_pythia8/MINIAODSIM/106X_mc2017_realistic_v9-v1/100000/24949D6F-2DD7-5E45-96AE-3BD852E87D90.root
%MSG-w XrdAdaptor:  file_open 11-Jun-2024 12:04:28 CEST PostProcessEvent
Data is served from fnal.gov instead of original site T2_FR_GRIF_LLR
%MSG
11-Jun-2024 12:04:28 CEST  Successfully opened file root://xrootd-cms.infn.it//store/mc/RunIISummer20UL17MiniAODv2/QCD_Pt_80to120_TuneCP5_13TeV_pythia8/MINIAODSIM/106X_mc2017_realistic_v9-v1/100000/24949D6F-2DD7-5E45-96AE-3BD852E87D90.root
11-Jun-2024 12:04:39 CEST  Closed file root://xrootd-cms.infn.it//store/mc/RunIISummer20UL17MiniAODv2/QCD_Pt_80to120_TuneCP5_13TeV_pythia8/MINIAODSIM/106X_mc2017_realistic_v9-v1/100000/24949D6F-2DD7-5E45-96AE-3BD852E87D90.root
11-Jun-2024 12:04:39 CEST  Initiating request to open file root://eoscms.cern.ch//eos/cms/store/mc/RunIISummer20UL17MiniAODv2/QCD_Pt_80to120_TuneCP5_13TeV_pythia8/MINIAODSIM/106X_mc2017_realistic_v9-v1/100000/21502901-8F3A-E444-AA5A-7F6CC7487A3F.root
%MSG-w XrdAdaptorInternal:  file_open 11-Jun-2024 12:04:40 CEST PostProcessEvent
Failed to open file at URL root://eoscms.cern.ch:1094//eos/cms/store/mc/RunIISummer20UL17MiniAODv2/QCD_Pt_80to120_TuneCP5_13TeV_pythia8/MINIAODSIM/106X_mc2017_realistic_v9-v1/100000/21502901-8F3A-E444-AA5A-7F6CC7487A3F.root.
%MSG
%MSG-w XrdAdaptorInternal:  file_open 11-Jun-2024 12:04:40 CEST PostProcessEvent
Failed to open file at URL root://eoscms.cern.ch:1094//eos/cms/store/mc/RunIISummer20UL17MiniAODv2/QCD_Pt_80to120_TuneCP5_13TeV_pythia8/MINIAODSIM/106X_mc2017_realistic_v9-v1/100000/21502901-8F3A-E444-AA5A-7F6CC7487A3F.root?tried=.
%MSG
11-Jun-2024 12:04:40 CEST  Fallback request to file root://xrootd-cms.infn.it//store/mc/RunIISummer20UL17MiniAODv2/QCD_Pt_80to120_TuneCP5_13TeV_pythia8/MINIAODSIM/106X_mc2017_realistic_v9-v1/100000/21502901-8F3A-E444-AA5A-7F6CC7487A3F.root
%MSG-w XrdAdaptor:  file_open 11-Jun-2024 12:04:53 CEST PostProcessEvent
Data is served from fnal.gov instead of original site T2_FR_GRIF_LLR
%MSG
11-Jun-2024 12:04:54 CEST  Successfully opened file root://xrootd-cms.infn.it//store/mc/RunIISummer20UL17MiniAODv2/QCD_Pt_80to120_TuneCP5_13TeV_pythia8/MINIAODSIM/106X_mc2017_realistic_v9-v1/100000/21502901-8F3A-E444-AA5A-7F6CC7487A3F.root
Begin processing the 600001st record. Run 1, Event 25437016, LumiSection 25438 on stream 0 at 11-Jun-2024 12:05:06.738 CEST
11-Jun-2024 12:05:09 CEST  Closed file root://xrootd-cms.infn.it//store/mc/RunIISummer20UL17MiniAODv2/QCD_Pt_80to120_TuneCP5_13TeV_pythia8/MINIAODSIM/106X_mc2017_realistic_v9-v1/100000/21502901-8F3A-E444-AA5A-7F6CC7487A3F.root
11-Jun-2024 12:05:09 CEST  Initiating request to open file root://eoscms.cern.ch//eos/cms/store/mc/RunIISummer20UL17MiniAODv2/QCD_Pt_80to120_TuneCP5_13TeV_pythia8/MINIAODSIM/106X_mc2017_realistic_v9-v1/100000/318410F7-9AE4-2C49-9D76-F704154A2B84.root
%MSG-w XrdAdaptorInternal:  file_open 11-Jun-2024 12:05:10 CEST PostProcessEvent
Failed to open file at URL root://eoscms.cern.ch:1094//eos/cms/store/mc/RunIISummer20UL17MiniAODv2/QCD_Pt_80to120_TuneCP5_13TeV_pythia8/MINIAODSIM/106X_mc2017_realistic_v9-v1/100000/318410F7-9AE4-2C49-9D76-F704154A2B84.root.
%MSG
%MSG-w XrdAdaptorInternal:  file_open 11-Jun-2024 12:05:10 CEST PostProcessEvent
Failed to open file at URL root://eoscms.cern.ch:1094//eos/cms/store/mc/RunIISummer20UL17MiniAODv2/QCD_Pt_80to120_TuneCP5_13TeV_pythia8/MINIAODSIM/106X_mc2017_realistic_v9-v1/100000/318410F7-9AE4-2C49-9D76-F704154A2B84.root?tried=.
%MSG
11-Jun-2024 12:05:10 CEST  Fallback request to file root://xrootd-cms.infn.it//store/mc/RunIISummer20UL17MiniAODv2/QCD_Pt_80to120_TuneCP5_13TeV_pythia8/MINIAODSIM/106X_mc2017_realistic_v9-v1/100000/318410F7-9AE4-2C49-9D76-F704154A2B84.root
%MSG-w XrdAdaptor:  file_open 11-Jun-2024 12:05:22 CEST PostProcessEvent
Data is served from fnal.gov instead of original site T2_FR_GRIF_LLR
%MSG
11-Jun-2024 12:05:23 CEST  Successfully opened file root://xrootd-cms.infn.it//store/mc/RunIISummer20UL17MiniAODv2/QCD_Pt_80to120_TuneCP5_13TeV_pythia8/MINIAODSIM/106X_mc2017_realistic_v9-v1/100000/318410F7-9AE4-2C49-9D76-F704154A2B84.root
Begin processing the 700001st record. Run 1, Event 26395006, LumiSection 26396 on stream 0 at 11-Jun-2024 12:05:31.608 CEST
11-Jun-2024 12:05:33 CEST  Closed file root://xrootd-cms.infn.it//store/mc/RunIISummer20UL17MiniAODv2/QCD_Pt_80to120_TuneCP5_13TeV_pythia8/MINIAODSIM/106X_mc2017_realistic_v9-v1/100000/318410F7-9AE4-2C49-9D76-F704154A2B84.root
11-Jun-2024 12:05:33 CEST  Initiating request to open file root://eoscms.cern.ch//eos/cms/store/mc/RunIISummer20UL17MiniAODv2/QCD_Pt_80to120_TuneCP5_13TeV_pythia8/MINIAODSIM/106X_mc2017_realistic_v9-v1/100000/06ABB233-6072-6742-AE11-A76A3C1D91A2.root
%MSG-w XrdAdaptorInternal:  file_open 11-Jun-2024 12:05:34 CEST PostProcessEvent
Failed to open file at URL root://eoscms.cern.ch:1094//eos/cms/store/mc/RunIISummer20UL17MiniAODv2/QCD_Pt_80to120_TuneCP5_13TeV_pythia8/MINIAODSIM/106X_mc2017_realistic_v9-v1/100000/06ABB233-6072-6742-AE11-A76A3C1D91A2.root.
%MSG
%MSG-w XrdAdaptorInternal:  file_open 11-Jun-2024 12:05:34 CEST PostProcessEvent
Failed to open file at URL root://eoscms.cern.ch:1094//eos/cms/store/mc/RunIISummer20UL17MiniAODv2/QCD_Pt_80to120_TuneCP5_13TeV_pythia8/MINIAODSIM/106X_mc2017_realistic_v9-v1/100000/06ABB233-6072-6742-AE11-A76A3C1D91A2.root?tried=.
%MSG
11-Jun-2024 12:05:34 CEST  Fallback request to file root://xrootd-cms.infn.it//store/mc/RunIISummer20UL17MiniAODv2/QCD_Pt_80to120_TuneCP5_13TeV_pythia8/MINIAODSIM/106X_mc2017_realistic_v9-v1/100000/06ABB233-6072-6742-AE11-A76A3C1D91A2.root
%MSG-w XrdAdaptor:  file_open 11-Jun-2024 12:05:47 CEST PostProcessEvent
Data is served from fnal.gov instead of original site T2_FR_GRIF_LLR
%MSG
11-Jun-2024 12:05:48 CEST  Successfully opened file root://xrootd-cms.infn.it//store/mc/RunIISummer20UL17MiniAODv2/QCD_Pt_80to120_TuneCP5_13TeV_pythia8/MINIAODSIM/106X_mc2017_realistic_v9-v1/100000/06ABB233-6072-6742-AE11-A76A3C1D91A2.root
Begin processing the 800001st record. Run 1, Event 26681009, LumiSection 26682 on stream 0 at 11-Jun-2024 12:05:57.072 CEST
11-Jun-2024 12:05:58 CEST  Closed file root://xrootd-cms.infn.it//store/mc/RunIISummer20UL17MiniAODv2/QCD_Pt_80to120_TuneCP5_13TeV_pythia8/MINIAODSIM/106X_mc2017_realistic_v9-v1/100000/06ABB233-6072-6742-AE11-A76A3C1D91A2.root
11-Jun-2024 12:05:58 CEST  Initiating request to open file root://eoscms.cern.ch//eos/cms/store/mc/RunIISummer20UL17MiniAODv2/QCD_Pt_80to120_TuneCP5_13TeV_pythia8/MINIAODSIM/106X_mc2017_realistic_v9-v1/100000/8755B846-D622-5145-A2E2-BB718C90EA64.root
%MSG-w XrdAdaptorInternal:  file_open 11-Jun-2024 12:05:59 CEST PostProcessEvent
Failed to open file at URL root://eoscms.cern.ch:1094//eos/cms/store/mc/RunIISummer20UL17MiniAODv2/QCD_Pt_80to120_TuneCP5_13TeV_pythia8/MINIAODSIM/106X_mc2017_realistic_v9-v1/100000/8755B846-D622-5145-A2E2-BB718C90EA64.root.
%MSG
%MSG-w XrdAdaptorInternal:  file_open 11-Jun-2024 12:05:59 CEST PostProcessEvent
Failed to open file at URL root://eoscms.cern.ch:1094//eos/cms/store/mc/RunIISummer20UL17MiniAODv2/QCD_Pt_80to120_TuneCP5_13TeV_pythia8/MINIAODSIM/106X_mc2017_realistic_v9-v1/100000/8755B846-D622-5145-A2E2-BB718C90EA64.root?tried=.
%MSG
11-Jun-2024 12:05:59 CEST  Fallback request to file root://xrootd-cms.infn.it//store/mc/RunIISummer20UL17MiniAODv2/QCD_Pt_80to120_TuneCP5_13TeV_pythia8/MINIAODSIM/106X_mc2017_realistic_v9-v1/100000/8755B846-D622-5145-A2E2-BB718C90EA64.root
%MSG-w XrdAdaptor:  file_open 11-Jun-2024 12:06:12 CEST PostProcessEvent
Data is served from fnal.gov instead of original site T2_FR_GRIF_LLR
%MSG
11-Jun-2024 12:06:13 CEST  Successfully opened file root://xrootd-cms.infn.it//store/mc/RunIISummer20UL17MiniAODv2/QCD_Pt_80to120_TuneCP5_13TeV_pythia8/MINIAODSIM/106X_mc2017_realistic_v9-v1/100000/8755B846-D622-5145-A2E2-BB718C90EA64.root
Begin processing the 900001st record. Run 1, Event 25866004, LumiSection 25867 on stream 0 at 11-Jun-2024 12:06:22.468 CEST
11-Jun-2024 12:06:23 CEST  Closed file root://xrootd-cms.infn.it//store/mc/RunIISummer20UL17MiniAODv2/QCD_Pt_80to120_TuneCP5_13TeV_pythia8/MINIAODSIM/106X_mc2017_realistic_v9-v1/100000/8755B846-D622-5145-A2E2-BB718C90EA64.root
11-Jun-2024 12:06:23 CEST  Initiating request to open file root://eoscms.cern.ch//eos/cms/store/mc/RunIISummer20UL17MiniAODv2/QCD_Pt_80to120_TuneCP5_13TeV_pythia8/MINIAODSIM/106X_mc2017_realistic_v9-v1/100000/8F299F5E-26A8-054F-93E7-CB34EA364D16.root
%MSG-w XrdAdaptorInternal:  file_open 11-Jun-2024 12:06:24 CEST PostProcessEvent
Failed to open file at URL root://eoscms.cern.ch:1094//eos/cms/store/mc/RunIISummer20UL17MiniAODv2/QCD_Pt_80to120_TuneCP5_13TeV_pythia8/MINIAODSIM/106X_mc2017_realistic_v9-v1/100000/8F299F5E-26A8-054F-93E7-CB34EA364D16.root.
%MSG
%MSG-w XrdAdaptorInternal:  file_open 11-Jun-2024 12:06:24 CEST PostProcessEvent
Failed to open file at URL root://eoscms.cern.ch:1094//eos/cms/store/mc/RunIISummer20UL17MiniAODv2/QCD_Pt_80to120_TuneCP5_13TeV_pythia8/MINIAODSIM/106X_mc2017_realistic_v9-v1/100000/8F299F5E-26A8-054F-93E7-CB34EA364D16.root?tried=.
%MSG
11-Jun-2024 12:06:24 CEST  Fallback request to file root://xrootd-cms.infn.it//store/mc/RunIISummer20UL17MiniAODv2/QCD_Pt_80to120_TuneCP5_13TeV_pythia8/MINIAODSIM/106X_mc2017_realistic_v9-v1/100000/8F299F5E-26A8-054F-93E7-CB34EA364D16.root
%MSG-w XrdAdaptor:  file_open 11-Jun-2024 12:06:37 CEST PostProcessEvent
Data is served from fnal.gov instead of original site T2_FR_GRIF_LLR
%MSG
11-Jun-2024 12:06:38 CEST  Successfully opened file root://xrootd-cms.infn.it//store/mc/RunIISummer20UL17MiniAODv2/QCD_Pt_80to120_TuneCP5_13TeV_pythia8/MINIAODSIM/106X_mc2017_realistic_v9-v1/100000/8F299F5E-26A8-054F-93E7-CB34EA364D16.root
11-Jun-2024 12:06:49 CEST  Closed file root://xrootd-cms.infn.it//store/mc/RunIISummer20UL17MiniAODv2/QCD_Pt_80to120_TuneCP5_13TeV_pythia8/MINIAODSIM/106X_mc2017_realistic_v9-v1/100000/8F299F5E-26A8-054F-93E7-CB34EA364D16.root

------------------------------------
GenXsecAnalyzer:
------------------------------------
Before Filter: total cross section = 2.341e+06 +- 1.218e+03 pb
Filter efficiency (taking into account weights)= (1.00012e+06) / (1.00012e+06) = 1.000e+00 +- 0.000e+00
Filter efficiency (event-level)= (1e+06) / (1e+06) = 1.000e+00 +- 0.000e+00    [TO BE USED IN MCM]

After filter: final cross section = 2.341e+06 +- 1.218e+03 pb
After filter: final fraction of events with negative weights = 0.000e+00 +- 0.000e+00
After filter: final equivalent lumi for 1M events (1/fb) = 4.271e-04 +- 4.815e-07

=============================================

MessageLogger Summary

 type     category        sev    module        subroutine        count    total
 ---- -------------------- -- ---------------- ----------------  -----    -----
    1 GenXSecAnalyzer      -w GenXSecAnalyzer:                       7        7
    2 XrdAdaptor           -w file_open                             12       12
    3 XrdAdaptorInternal   -w file_open                             24       24
    4 fileAction           -s file_close                            12       12
    5 fileAction           -s file_open                             36       36

 type    category    Examples: run/evt        run/evt          run/evt
 ---- -------------------- ---------------- ---------------- ----------------
    1 GenXSecAnalyzer      PostGlobalEndRun PostGlobalEndRun PostGlobalEndRun
    2 XrdAdaptor           pre-events       PostProcessEvent PostProcessEvent
    3 XrdAdaptorInternal   pre-events       pre-events       PostProcessEvent
    4 fileAction           PostProcessEvent PostProcessEvent PostGlobalEndRun
    5 fileAction           pre-events       pre-events       PostProcessEvent

Severity    # Occurrences   Total Occurrences
--------    -------------   -----------------
Warning                43                  43
System                 48                  48

dropped waiting message count 0
