11-Jun-2024 11:50:41 CEST  Initiating request to open file root://eoscms.cern.ch//eos/cms/store/mc/RunIISummer20UL17MiniAODv2/QCD_Pt_30to50_TuneCP5_13TeV_pythia8/MINIAODSIM/106X_mc2017_realistic_v9-v1/240000/E068330F-0A25-374A-97F3-9D32E312F2E2.root
%MSG-w XrdAdaptorInternal:  file_open 11-Jun-2024 11:50:42 CEST pre-events
Failed to open file at URL root://eoscms.cern.ch:1094//eos/cms/store/mc/RunIISummer20UL17MiniAODv2/QCD_Pt_30to50_TuneCP5_13TeV_pythia8/MINIAODSIM/106X_mc2017_realistic_v9-v1/240000/E068330F-0A25-374A-97F3-9D32E312F2E2.root.
%MSG
%MSG-w XrdAdaptorInternal:  file_open 11-Jun-2024 11:50:42 CEST pre-events
Failed to open file at URL root://eoscms.cern.ch:1094//eos/cms/store/mc/RunIISummer20UL17MiniAODv2/QCD_Pt_30to50_TuneCP5_13TeV_pythia8/MINIAODSIM/106X_mc2017_realistic_v9-v1/240000/E068330F-0A25-374A-97F3-9D32E312F2E2.root?tried=.
%MSG
11-Jun-2024 11:50:42 CEST  Fallback request to file root://xrootd-cms.infn.it//store/mc/RunIISummer20UL17MiniAODv2/QCD_Pt_30to50_TuneCP5_13TeV_pythia8/MINIAODSIM/106X_mc2017_realistic_v9-v1/240000/E068330F-0A25-374A-97F3-9D32E312F2E2.root
Unable to load sec.protocol plugin libXrdSecztn.so
%MSG-w XrdAdaptor:  file_open 11-Jun-2024 11:50:58 CEST pre-events
Data is served from fnal.gov instead of original site infn.it
%MSG
11-Jun-2024 11:51:02 CEST  Successfully opened file root://xrootd-cms.infn.it//store/mc/RunIISummer20UL17MiniAODv2/QCD_Pt_30to50_TuneCP5_13TeV_pythia8/MINIAODSIM/106X_mc2017_realistic_v9-v1/240000/E068330F-0A25-374A-97F3-9D32E312F2E2.root
Unable to load sec.protocol plugin libXrdSecztn.so
Begin processing the 1st record. Run 1, Event 9339008, LumiSection 9340 on stream 0 at 11-Jun-2024 11:51:08.731 CEST
11-Jun-2024 11:51:13 CEST  Closed file root://xrootd-cms.infn.it//store/mc/RunIISummer20UL17MiniAODv2/QCD_Pt_30to50_TuneCP5_13TeV_pythia8/MINIAODSIM/106X_mc2017_realistic_v9-v1/240000/E068330F-0A25-374A-97F3-9D32E312F2E2.root
11-Jun-2024 11:51:13 CEST  Initiating request to open file root://eoscms.cern.ch//eos/cms/store/mc/RunIISummer20UL17MiniAODv2/QCD_Pt_30to50_TuneCP5_13TeV_pythia8/MINIAODSIM/106X_mc2017_realistic_v9-v1/240000/EB21A5AB-74E4-5F4C-A080-5E32CA9BDD62.root
%MSG-w XrdAdaptorInternal:  file_open 11-Jun-2024 11:51:14 CEST PostProcessEvent
Failed to open file at URL root://eoscms.cern.ch:1094//eos/cms/store/mc/RunIISummer20UL17MiniAODv2/QCD_Pt_30to50_TuneCP5_13TeV_pythia8/MINIAODSIM/106X_mc2017_realistic_v9-v1/240000/EB21A5AB-74E4-5F4C-A080-5E32CA9BDD62.root.
%MSG
%MSG-w XrdAdaptorInternal:  file_open 11-Jun-2024 11:51:14 CEST PostProcessEvent
Failed to open file at URL root://eoscms.cern.ch:1094//eos/cms/store/mc/RunIISummer20UL17MiniAODv2/QCD_Pt_30to50_TuneCP5_13TeV_pythia8/MINIAODSIM/106X_mc2017_realistic_v9-v1/240000/EB21A5AB-74E4-5F4C-A080-5E32CA9BDD62.root?tried=.
%MSG
11-Jun-2024 11:51:14 CEST  Fallback request to file root://xrootd-cms.infn.it//store/mc/RunIISummer20UL17MiniAODv2/QCD_Pt_30to50_TuneCP5_13TeV_pythia8/MINIAODSIM/106X_mc2017_realistic_v9-v1/240000/EB21A5AB-74E4-5F4C-A080-5E32CA9BDD62.root
%MSG-w XrdAdaptor:  file_open 11-Jun-2024 11:51:26 CEST PostProcessEvent
Data is served from fnal.gov instead of original site infn.it
%MSG
11-Jun-2024 11:51:27 CEST  Successfully opened file root://xrootd-cms.infn.it//store/mc/RunIISummer20UL17MiniAODv2/QCD_Pt_30to50_TuneCP5_13TeV_pythia8/MINIAODSIM/106X_mc2017_realistic_v9-v1/240000/EB21A5AB-74E4-5F4C-A080-5E32CA9BDD62.root
Begin processing the 100001st record. Run 1, Event 13777007, LumiSection 13778 on stream 0 at 11-Jun-2024 11:51:35.158 CEST
11-Jun-2024 11:51:37 CEST  Closed file root://xrootd-cms.infn.it//store/mc/RunIISummer20UL17MiniAODv2/QCD_Pt_30to50_TuneCP5_13TeV_pythia8/MINIAODSIM/106X_mc2017_realistic_v9-v1/240000/EB21A5AB-74E4-5F4C-A080-5E32CA9BDD62.root
11-Jun-2024 11:51:37 CEST  Initiating request to open file root://eoscms.cern.ch//eos/cms/store/mc/RunIISummer20UL17MiniAODv2/QCD_Pt_30to50_TuneCP5_13TeV_pythia8/MINIAODSIM/106X_mc2017_realistic_v9-v1/240000/560AD8E7-32DC-BE40-85D4-6B119EA77F30.root
%MSG-w XrdAdaptorInternal:  file_open 11-Jun-2024 11:51:38 CEST PostProcessEvent
Failed to open file at URL root://eoscms.cern.ch:1094//eos/cms/store/mc/RunIISummer20UL17MiniAODv2/QCD_Pt_30to50_TuneCP5_13TeV_pythia8/MINIAODSIM/106X_mc2017_realistic_v9-v1/240000/560AD8E7-32DC-BE40-85D4-6B119EA77F30.root.
%MSG
%MSG-w XrdAdaptorInternal:  file_open 11-Jun-2024 11:51:38 CEST PostProcessEvent
Failed to open file at URL root://eoscms.cern.ch:1094//eos/cms/store/mc/RunIISummer20UL17MiniAODv2/QCD_Pt_30to50_TuneCP5_13TeV_pythia8/MINIAODSIM/106X_mc2017_realistic_v9-v1/240000/560AD8E7-32DC-BE40-85D4-6B119EA77F30.root?tried=.
%MSG
11-Jun-2024 11:51:38 CEST  Fallback request to file root://xrootd-cms.infn.it//store/mc/RunIISummer20UL17MiniAODv2/QCD_Pt_30to50_TuneCP5_13TeV_pythia8/MINIAODSIM/106X_mc2017_realistic_v9-v1/240000/560AD8E7-32DC-BE40-85D4-6B119EA77F30.root
%MSG-w XrdAdaptor:  file_open 11-Jun-2024 11:51:51 CEST PostProcessEvent
Data is served from fnal.gov instead of original site infn.it
%MSG
11-Jun-2024 11:51:52 CEST  Successfully opened file root://xrootd-cms.infn.it//store/mc/RunIISummer20UL17MiniAODv2/QCD_Pt_30to50_TuneCP5_13TeV_pythia8/MINIAODSIM/106X_mc2017_realistic_v9-v1/240000/560AD8E7-32DC-BE40-85D4-6B119EA77F30.root
Begin processing the 200001st record. Run 1, Event 18674004, LumiSection 18675 on stream 0 at 11-Jun-2024 11:52:01.132 CEST
11-Jun-2024 11:52:02 CEST  Closed file root://xrootd-cms.infn.it//store/mc/RunIISummer20UL17MiniAODv2/QCD_Pt_30to50_TuneCP5_13TeV_pythia8/MINIAODSIM/106X_mc2017_realistic_v9-v1/240000/560AD8E7-32DC-BE40-85D4-6B119EA77F30.root
11-Jun-2024 11:52:02 CEST  Initiating request to open file root://eoscms.cern.ch//eos/cms/store/mc/RunIISummer20UL17MiniAODv2/QCD_Pt_30to50_TuneCP5_13TeV_pythia8/MINIAODSIM/106X_mc2017_realistic_v9-v1/240000/8ECEEE10-16F3-AD4D-AA39-F73D5D603579.root
%MSG-w XrdAdaptorInternal:  file_open 11-Jun-2024 11:52:03 CEST PostProcessEvent
Failed to open file at URL root://eoscms.cern.ch:1094//eos/cms/store/mc/RunIISummer20UL17MiniAODv2/QCD_Pt_30to50_TuneCP5_13TeV_pythia8/MINIAODSIM/106X_mc2017_realistic_v9-v1/240000/8ECEEE10-16F3-AD4D-AA39-F73D5D603579.root.
%MSG
%MSG-w XrdAdaptorInternal:  file_open 11-Jun-2024 11:52:03 CEST PostProcessEvent
Failed to open file at URL root://eoscms.cern.ch:1094//eos/cms/store/mc/RunIISummer20UL17MiniAODv2/QCD_Pt_30to50_TuneCP5_13TeV_pythia8/MINIAODSIM/106X_mc2017_realistic_v9-v1/240000/8ECEEE10-16F3-AD4D-AA39-F73D5D603579.root?tried=.
%MSG
11-Jun-2024 11:52:03 CEST  Fallback request to file root://xrootd-cms.infn.it//store/mc/RunIISummer20UL17MiniAODv2/QCD_Pt_30to50_TuneCP5_13TeV_pythia8/MINIAODSIM/106X_mc2017_realistic_v9-v1/240000/8ECEEE10-16F3-AD4D-AA39-F73D5D603579.root
%MSG-w XrdAdaptor:  file_open 11-Jun-2024 11:52:16 CEST PostProcessEvent
Data is served from fnal.gov instead of original site infn.it
%MSG
11-Jun-2024 11:52:17 CEST  Successfully opened file root://xrootd-cms.infn.it//store/mc/RunIISummer20UL17MiniAODv2/QCD_Pt_30to50_TuneCP5_13TeV_pythia8/MINIAODSIM/106X_mc2017_realistic_v9-v1/240000/8ECEEE10-16F3-AD4D-AA39-F73D5D603579.root
Begin processing the 300001st record. Run 1, Event 17892007, LumiSection 17893 on stream 0 at 11-Jun-2024 11:52:31.613 CEST
11-Jun-2024 11:52:32 CEST  Closed file root://xrootd-cms.infn.it//store/mc/RunIISummer20UL17MiniAODv2/QCD_Pt_30to50_TuneCP5_13TeV_pythia8/MINIAODSIM/106X_mc2017_realistic_v9-v1/240000/8ECEEE10-16F3-AD4D-AA39-F73D5D603579.root
11-Jun-2024 11:52:32 CEST  Initiating request to open file root://eoscms.cern.ch//eos/cms/store/mc/RunIISummer20UL17MiniAODv2/QCD_Pt_30to50_TuneCP5_13TeV_pythia8/MINIAODSIM/106X_mc2017_realistic_v9-v1/240000/5C433A28-D8B1-F848-A024-B1C6A7688886.root
%MSG-w XrdAdaptorInternal:  file_open 11-Jun-2024 11:52:33 CEST PostProcessEvent
Failed to open file at URL root://eoscms.cern.ch:1094//eos/cms/store/mc/RunIISummer20UL17MiniAODv2/QCD_Pt_30to50_TuneCP5_13TeV_pythia8/MINIAODSIM/106X_mc2017_realistic_v9-v1/240000/5C433A28-D8B1-F848-A024-B1C6A7688886.root.
%MSG
%MSG-w XrdAdaptorInternal:  file_open 11-Jun-2024 11:52:33 CEST PostProcessEvent
Failed to open file at URL root://eoscms.cern.ch:1094//eos/cms/store/mc/RunIISummer20UL17MiniAODv2/QCD_Pt_30to50_TuneCP5_13TeV_pythia8/MINIAODSIM/106X_mc2017_realistic_v9-v1/240000/5C433A28-D8B1-F848-A024-B1C6A7688886.root?tried=.
%MSG
11-Jun-2024 11:52:33 CEST  Fallback request to file root://xrootd-cms.infn.it//store/mc/RunIISummer20UL17MiniAODv2/QCD_Pt_30to50_TuneCP5_13TeV_pythia8/MINIAODSIM/106X_mc2017_realistic_v9-v1/240000/5C433A28-D8B1-F848-A024-B1C6A7688886.root
%MSG-w XrdAdaptor:  file_open 11-Jun-2024 11:52:46 CEST PostProcessEvent
Data is served from fnal.gov instead of original site infn.it
%MSG
11-Jun-2024 11:52:47 CEST  Successfully opened file root://xrootd-cms.infn.it//store/mc/RunIISummer20UL17MiniAODv2/QCD_Pt_30to50_TuneCP5_13TeV_pythia8/MINIAODSIM/106X_mc2017_realistic_v9-v1/240000/5C433A28-D8B1-F848-A024-B1C6A7688886.root
Unable to load sec.protocol plugin libXrdSecztn.so
Begin processing the 400001st record. Run 1, Event 18637003, LumiSection 18638 on stream 0 at 11-Jun-2024 11:52:54.406 CEST
11-Jun-2024 11:52:54 CEST  Closed file root://xrootd-cms.infn.it//store/mc/RunIISummer20UL17MiniAODv2/QCD_Pt_30to50_TuneCP5_13TeV_pythia8/MINIAODSIM/106X_mc2017_realistic_v9-v1/240000/5C433A28-D8B1-F848-A024-B1C6A7688886.root
11-Jun-2024 11:52:54 CEST  Initiating request to open file root://eoscms.cern.ch//eos/cms/store/mc/RunIISummer20UL17MiniAODv2/QCD_Pt_30to50_TuneCP5_13TeV_pythia8/MINIAODSIM/106X_mc2017_realistic_v9-v1/240000/E4791935-68AD-6140-A296-BFBAA8FBBCAF.root
%MSG-w XrdAdaptorInternal:  file_open 11-Jun-2024 11:52:55 CEST PostProcessEvent
Failed to open file at URL root://eoscms.cern.ch:1094//eos/cms/store/mc/RunIISummer20UL17MiniAODv2/QCD_Pt_30to50_TuneCP5_13TeV_pythia8/MINIAODSIM/106X_mc2017_realistic_v9-v1/240000/E4791935-68AD-6140-A296-BFBAA8FBBCAF.root.
%MSG
%MSG-w XrdAdaptorInternal:  file_open 11-Jun-2024 11:52:55 CEST PostProcessEvent
Failed to open file at URL root://eoscms.cern.ch:1094//eos/cms/store/mc/RunIISummer20UL17MiniAODv2/QCD_Pt_30to50_TuneCP5_13TeV_pythia8/MINIAODSIM/106X_mc2017_realistic_v9-v1/240000/E4791935-68AD-6140-A296-BFBAA8FBBCAF.root?tried=.
%MSG
11-Jun-2024 11:52:55 CEST  Fallback request to file root://xrootd-cms.infn.it//store/mc/RunIISummer20UL17MiniAODv2/QCD_Pt_30to50_TuneCP5_13TeV_pythia8/MINIAODSIM/106X_mc2017_realistic_v9-v1/240000/E4791935-68AD-6140-A296-BFBAA8FBBCAF.root
%MSG-w XrdAdaptor:  file_open 11-Jun-2024 11:53:08 CEST PostProcessEvent
Data is served from fnal.gov instead of original site infn.it
%MSG
11-Jun-2024 11:53:09 CEST  Successfully opened file root://xrootd-cms.infn.it//store/mc/RunIISummer20UL17MiniAODv2/QCD_Pt_30to50_TuneCP5_13TeV_pythia8/MINIAODSIM/106X_mc2017_realistic_v9-v1/240000/E4791935-68AD-6140-A296-BFBAA8FBBCAF.root
11-Jun-2024 11:53:18 CEST  Closed file root://xrootd-cms.infn.it//store/mc/RunIISummer20UL17MiniAODv2/QCD_Pt_30to50_TuneCP5_13TeV_pythia8/MINIAODSIM/106X_mc2017_realistic_v9-v1/240000/E4791935-68AD-6140-A296-BFBAA8FBBCAF.root
11-Jun-2024 11:53:18 CEST  Initiating request to open file root://eoscms.cern.ch//eos/cms/store/mc/RunIISummer20UL17MiniAODv2/QCD_Pt_30to50_TuneCP5_13TeV_pythia8/MINIAODSIM/106X_mc2017_realistic_v9-v1/240000/28D50689-698B-C246-B4E1-D24F32EAD4A0.root
%MSG-w XrdAdaptorInternal:  file_open 11-Jun-2024 11:53:19 CEST PostProcessEvent
Failed to open file at URL root://eoscms.cern.ch:1094//eos/cms/store/mc/RunIISummer20UL17MiniAODv2/QCD_Pt_30to50_TuneCP5_13TeV_pythia8/MINIAODSIM/106X_mc2017_realistic_v9-v1/240000/28D50689-698B-C246-B4E1-D24F32EAD4A0.root.
%MSG
%MSG-w XrdAdaptorInternal:  file_open 11-Jun-2024 11:53:19 CEST PostProcessEvent
Failed to open file at URL root://eoscms.cern.ch:1094//eos/cms/store/mc/RunIISummer20UL17MiniAODv2/QCD_Pt_30to50_TuneCP5_13TeV_pythia8/MINIAODSIM/106X_mc2017_realistic_v9-v1/240000/28D50689-698B-C246-B4E1-D24F32EAD4A0.root?tried=.
%MSG
11-Jun-2024 11:53:19 CEST  Fallback request to file root://xrootd-cms.infn.it//store/mc/RunIISummer20UL17MiniAODv2/QCD_Pt_30to50_TuneCP5_13TeV_pythia8/MINIAODSIM/106X_mc2017_realistic_v9-v1/240000/28D50689-698B-C246-B4E1-D24F32EAD4A0.root
%MSG-w XrdAdaptor:  file_open 11-Jun-2024 11:53:32 CEST PostProcessEvent
Data is served from fnal.gov instead of original site infn.it
%MSG
11-Jun-2024 11:53:33 CEST  Successfully opened file root://xrootd-cms.infn.it//store/mc/RunIISummer20UL17MiniAODv2/QCD_Pt_30to50_TuneCP5_13TeV_pythia8/MINIAODSIM/106X_mc2017_realistic_v9-v1/240000/28D50689-698B-C246-B4E1-D24F32EAD4A0.root
Begin processing the 500001st record. Run 1, Event 308007, LumiSection 309 on stream 0 at 11-Jun-2024 11:53:40.764 CEST
11-Jun-2024 11:53:43 CEST  Closed file root://xrootd-cms.infn.it//store/mc/RunIISummer20UL17MiniAODv2/QCD_Pt_30to50_TuneCP5_13TeV_pythia8/MINIAODSIM/106X_mc2017_realistic_v9-v1/240000/28D50689-698B-C246-B4E1-D24F32EAD4A0.root
11-Jun-2024 11:53:43 CEST  Initiating request to open file root://eoscms.cern.ch//eos/cms/store/mc/RunIISummer20UL17MiniAODv2/QCD_Pt_30to50_TuneCP5_13TeV_pythia8/MINIAODSIM/106X_mc2017_realistic_v9-v1/240000/131D8FDE-85C4-974F-ADF1-E2412F646BA1.root
%MSG-w XrdAdaptorInternal:  file_open 11-Jun-2024 11:53:44 CEST PostProcessEvent
Failed to open file at URL root://eoscms.cern.ch:1094//eos/cms/store/mc/RunIISummer20UL17MiniAODv2/QCD_Pt_30to50_TuneCP5_13TeV_pythia8/MINIAODSIM/106X_mc2017_realistic_v9-v1/240000/131D8FDE-85C4-974F-ADF1-E2412F646BA1.root.
%MSG
%MSG-w XrdAdaptorInternal:  file_open 11-Jun-2024 11:53:44 CEST PostProcessEvent
Failed to open file at URL root://eoscms.cern.ch:1094//eos/cms/store/mc/RunIISummer20UL17MiniAODv2/QCD_Pt_30to50_TuneCP5_13TeV_pythia8/MINIAODSIM/106X_mc2017_realistic_v9-v1/240000/131D8FDE-85C4-974F-ADF1-E2412F646BA1.root?tried=.
%MSG
11-Jun-2024 11:53:44 CEST  Fallback request to file root://xrootd-cms.infn.it//store/mc/RunIISummer20UL17MiniAODv2/QCD_Pt_30to50_TuneCP5_13TeV_pythia8/MINIAODSIM/106X_mc2017_realistic_v9-v1/240000/131D8FDE-85C4-974F-ADF1-E2412F646BA1.root
%MSG-w XrdAdaptor:  file_open 11-Jun-2024 11:53:57 CEST PostProcessEvent
Data is served from fnal.gov instead of original site infn.it
%MSG
11-Jun-2024 11:53:58 CEST  Successfully opened file root://xrootd-cms.infn.it//store/mc/RunIISummer20UL17MiniAODv2/QCD_Pt_30to50_TuneCP5_13TeV_pythia8/MINIAODSIM/106X_mc2017_realistic_v9-v1/240000/131D8FDE-85C4-974F-ADF1-E2412F646BA1.root
Begin processing the 600001st record. Run 1, Event 5037004, LumiSection 5038 on stream 0 at 11-Jun-2024 11:54:06.438 CEST
11-Jun-2024 11:54:08 CEST  Closed file root://xrootd-cms.infn.it//store/mc/RunIISummer20UL17MiniAODv2/QCD_Pt_30to50_TuneCP5_13TeV_pythia8/MINIAODSIM/106X_mc2017_realistic_v9-v1/240000/131D8FDE-85C4-974F-ADF1-E2412F646BA1.root
11-Jun-2024 11:54:08 CEST  Initiating request to open file root://eoscms.cern.ch//eos/cms/store/mc/RunIISummer20UL17MiniAODv2/QCD_Pt_30to50_TuneCP5_13TeV_pythia8/MINIAODSIM/106X_mc2017_realistic_v9-v1/240000/1FC172F3-7DE0-C748-B89B-B319F3F9FE80.root
%MSG-w XrdAdaptorInternal:  file_open 11-Jun-2024 11:54:09 CEST PostProcessEvent
Failed to open file at URL root://eoscms.cern.ch:1094//eos/cms/store/mc/RunIISummer20UL17MiniAODv2/QCD_Pt_30to50_TuneCP5_13TeV_pythia8/MINIAODSIM/106X_mc2017_realistic_v9-v1/240000/1FC172F3-7DE0-C748-B89B-B319F3F9FE80.root.
%MSG
%MSG-w XrdAdaptorInternal:  file_open 11-Jun-2024 11:54:09 CEST PostProcessEvent
Failed to open file at URL root://eoscms.cern.ch:1094//eos/cms/store/mc/RunIISummer20UL17MiniAODv2/QCD_Pt_30to50_TuneCP5_13TeV_pythia8/MINIAODSIM/106X_mc2017_realistic_v9-v1/240000/1FC172F3-7DE0-C748-B89B-B319F3F9FE80.root?tried=.
%MSG
11-Jun-2024 11:54:09 CEST  Fallback request to file root://xrootd-cms.infn.it//store/mc/RunIISummer20UL17MiniAODv2/QCD_Pt_30to50_TuneCP5_13TeV_pythia8/MINIAODSIM/106X_mc2017_realistic_v9-v1/240000/1FC172F3-7DE0-C748-B89B-B319F3F9FE80.root
%MSG-w XrdAdaptor:  file_open 11-Jun-2024 11:54:22 CEST PostProcessEvent
Data is served from fnal.gov instead of original site infn.it
%MSG
11-Jun-2024 11:54:23 CEST  Successfully opened file root://xrootd-cms.infn.it//store/mc/RunIISummer20UL17MiniAODv2/QCD_Pt_30to50_TuneCP5_13TeV_pythia8/MINIAODSIM/106X_mc2017_realistic_v9-v1/240000/1FC172F3-7DE0-C748-B89B-B319F3F9FE80.root
Begin processing the 700001st record. Run 1, Event 4693012, LumiSection 4694 on stream 0 at 11-Jun-2024 11:54:31.970 CEST
11-Jun-2024 11:54:33 CEST  Closed file root://xrootd-cms.infn.it//store/mc/RunIISummer20UL17MiniAODv2/QCD_Pt_30to50_TuneCP5_13TeV_pythia8/MINIAODSIM/106X_mc2017_realistic_v9-v1/240000/1FC172F3-7DE0-C748-B89B-B319F3F9FE80.root
11-Jun-2024 11:54:33 CEST  Initiating request to open file root://eoscms.cern.ch//eos/cms/store/mc/RunIISummer20UL17MiniAODv2/QCD_Pt_30to50_TuneCP5_13TeV_pythia8/MINIAODSIM/106X_mc2017_realistic_v9-v1/240000/2189DD38-8D9B-984F-B17B-D2D63504EF0E.root
%MSG-w XrdAdaptorInternal:  file_open 11-Jun-2024 11:54:34 CEST PostProcessEvent
Failed to open file at URL root://eoscms.cern.ch:1094//eos/cms/store/mc/RunIISummer20UL17MiniAODv2/QCD_Pt_30to50_TuneCP5_13TeV_pythia8/MINIAODSIM/106X_mc2017_realistic_v9-v1/240000/2189DD38-8D9B-984F-B17B-D2D63504EF0E.root.
%MSG
%MSG-w XrdAdaptorInternal:  file_open 11-Jun-2024 11:54:34 CEST PostProcessEvent
Failed to open file at URL root://eoscms.cern.ch:1094//eos/cms/store/mc/RunIISummer20UL17MiniAODv2/QCD_Pt_30to50_TuneCP5_13TeV_pythia8/MINIAODSIM/106X_mc2017_realistic_v9-v1/240000/2189DD38-8D9B-984F-B17B-D2D63504EF0E.root?tried=.
%MSG
11-Jun-2024 11:54:34 CEST  Fallback request to file root://xrootd-cms.infn.it//store/mc/RunIISummer20UL17MiniAODv2/QCD_Pt_30to50_TuneCP5_13TeV_pythia8/MINIAODSIM/106X_mc2017_realistic_v9-v1/240000/2189DD38-8D9B-984F-B17B-D2D63504EF0E.root
%MSG-w XrdAdaptor:  file_open 11-Jun-2024 11:54:46 CEST PostProcessEvent
Data is served from fnal.gov instead of original site infn.it
%MSG
11-Jun-2024 11:54:47 CEST  Successfully opened file root://xrootd-cms.infn.it//store/mc/RunIISummer20UL17MiniAODv2/QCD_Pt_30to50_TuneCP5_13TeV_pythia8/MINIAODSIM/106X_mc2017_realistic_v9-v1/240000/2189DD38-8D9B-984F-B17B-D2D63504EF0E.root
Begin processing the 800001st record. Run 1, Event 107005, LumiSection 108 on stream 0 at 11-Jun-2024 11:55:01.860 CEST
11-Jun-2024 11:55:02 CEST  Closed file root://xrootd-cms.infn.it//store/mc/RunIISummer20UL17MiniAODv2/QCD_Pt_30to50_TuneCP5_13TeV_pythia8/MINIAODSIM/106X_mc2017_realistic_v9-v1/240000/2189DD38-8D9B-984F-B17B-D2D63504EF0E.root
11-Jun-2024 11:55:02 CEST  Initiating request to open file root://eoscms.cern.ch//eos/cms/store/mc/RunIISummer20UL17MiniAODv2/QCD_Pt_30to50_TuneCP5_13TeV_pythia8/MINIAODSIM/106X_mc2017_realistic_v9-v1/240000/F323AE1E-87F3-D84B-8097-A4DFB7B5CCDD.root
%MSG-w XrdAdaptorInternal:  file_open 11-Jun-2024 11:55:03 CEST PostProcessEvent
Failed to open file at URL root://eoscms.cern.ch:1094//eos/cms/store/mc/RunIISummer20UL17MiniAODv2/QCD_Pt_30to50_TuneCP5_13TeV_pythia8/MINIAODSIM/106X_mc2017_realistic_v9-v1/240000/F323AE1E-87F3-D84B-8097-A4DFB7B5CCDD.root.
%MSG
%MSG-w XrdAdaptorInternal:  file_open 11-Jun-2024 11:55:03 CEST PostProcessEvent
Failed to open file at URL root://eoscms.cern.ch:1094//eos/cms/store/mc/RunIISummer20UL17MiniAODv2/QCD_Pt_30to50_TuneCP5_13TeV_pythia8/MINIAODSIM/106X_mc2017_realistic_v9-v1/240000/F323AE1E-87F3-D84B-8097-A4DFB7B5CCDD.root?tried=.
%MSG
11-Jun-2024 11:55:03 CEST  Fallback request to file root://xrootd-cms.infn.it//store/mc/RunIISummer20UL17MiniAODv2/QCD_Pt_30to50_TuneCP5_13TeV_pythia8/MINIAODSIM/106X_mc2017_realistic_v9-v1/240000/F323AE1E-87F3-D84B-8097-A4DFB7B5CCDD.root
%MSG-w XrdAdaptor:  file_open 11-Jun-2024 11:55:16 CEST PostProcessEvent
Data is served from fnal.gov instead of original site infn.it
%MSG
11-Jun-2024 11:55:17 CEST  Successfully opened file root://xrootd-cms.infn.it//store/mc/RunIISummer20UL17MiniAODv2/QCD_Pt_30to50_TuneCP5_13TeV_pythia8/MINIAODSIM/106X_mc2017_realistic_v9-v1/240000/F323AE1E-87F3-D84B-8097-A4DFB7B5CCDD.root
Begin processing the 900001st record. Run 1, Event 3066005, LumiSection 3067 on stream 0 at 11-Jun-2024 11:55:27.800 CEST
11-Jun-2024 11:55:28 CEST  Closed file root://xrootd-cms.infn.it//store/mc/RunIISummer20UL17MiniAODv2/QCD_Pt_30to50_TuneCP5_13TeV_pythia8/MINIAODSIM/106X_mc2017_realistic_v9-v1/240000/F323AE1E-87F3-D84B-8097-A4DFB7B5CCDD.root
11-Jun-2024 11:55:28 CEST  Initiating request to open file root://eoscms.cern.ch//eos/cms/store/mc/RunIISummer20UL17MiniAODv2/QCD_Pt_30to50_TuneCP5_13TeV_pythia8/MINIAODSIM/106X_mc2017_realistic_v9-v1/240000/22C56FC3-C21E-724E-AF24-ACAEEB4F965E.root
%MSG-w XrdAdaptorInternal:  file_open 11-Jun-2024 11:55:29 CEST PostProcessEvent
Failed to open file at URL root://eoscms.cern.ch:1094//eos/cms/store/mc/RunIISummer20UL17MiniAODv2/QCD_Pt_30to50_TuneCP5_13TeV_pythia8/MINIAODSIM/106X_mc2017_realistic_v9-v1/240000/22C56FC3-C21E-724E-AF24-ACAEEB4F965E.root.
%MSG
%MSG-w XrdAdaptorInternal:  file_open 11-Jun-2024 11:55:29 CEST PostProcessEvent
Failed to open file at URL root://eoscms.cern.ch:1094//eos/cms/store/mc/RunIISummer20UL17MiniAODv2/QCD_Pt_30to50_TuneCP5_13TeV_pythia8/MINIAODSIM/106X_mc2017_realistic_v9-v1/240000/22C56FC3-C21E-724E-AF24-ACAEEB4F965E.root?tried=.
%MSG
11-Jun-2024 11:55:29 CEST  Fallback request to file root://xrootd-cms.infn.it//store/mc/RunIISummer20UL17MiniAODv2/QCD_Pt_30to50_TuneCP5_13TeV_pythia8/MINIAODSIM/106X_mc2017_realistic_v9-v1/240000/22C56FC3-C21E-724E-AF24-ACAEEB4F965E.root
%MSG-w XrdAdaptor:  file_open 11-Jun-2024 11:55:42 CEST PostProcessEvent
Data is served from fnal.gov instead of original site infn.it
%MSG
11-Jun-2024 11:55:43 CEST  Successfully opened file root://xrootd-cms.infn.it//store/mc/RunIISummer20UL17MiniAODv2/QCD_Pt_30to50_TuneCP5_13TeV_pythia8/MINIAODSIM/106X_mc2017_realistic_v9-v1/240000/22C56FC3-C21E-724E-AF24-ACAEEB4F965E.root
11-Jun-2024 11:55:52 CEST  Closed file root://xrootd-cms.infn.it//store/mc/RunIISummer20UL17MiniAODv2/QCD_Pt_30to50_TuneCP5_13TeV_pythia8/MINIAODSIM/106X_mc2017_realistic_v9-v1/240000/22C56FC3-C21E-724E-AF24-ACAEEB4F965E.root
11-Jun-2024 11:55:52 CEST  Initiating request to open file root://eoscms.cern.ch//eos/cms/store/mc/RunIISummer20UL17MiniAODv2/QCD_Pt_30to50_TuneCP5_13TeV_pythia8/MINIAODSIM/106X_mc2017_realistic_v9-v1/240000/40ADFA47-C7C7-2243-9477-55AEEDF57A4A.root
%MSG-w XrdAdaptorInternal:  file_open 11-Jun-2024 11:55:53 CEST PostProcessEvent
Failed to open file at URL root://eoscms.cern.ch:1094//eos/cms/store/mc/RunIISummer20UL17MiniAODv2/QCD_Pt_30to50_TuneCP5_13TeV_pythia8/MINIAODSIM/106X_mc2017_realistic_v9-v1/240000/40ADFA47-C7C7-2243-9477-55AEEDF57A4A.root.
%MSG
%MSG-w XrdAdaptorInternal:  file_open 11-Jun-2024 11:55:53 CEST PostProcessEvent
Failed to open file at URL root://eoscms.cern.ch:1094//eos/cms/store/mc/RunIISummer20UL17MiniAODv2/QCD_Pt_30to50_TuneCP5_13TeV_pythia8/MINIAODSIM/106X_mc2017_realistic_v9-v1/240000/40ADFA47-C7C7-2243-9477-55AEEDF57A4A.root?tried=.
%MSG
11-Jun-2024 11:55:53 CEST  Fallback request to file root://xrootd-cms.infn.it//store/mc/RunIISummer20UL17MiniAODv2/QCD_Pt_30to50_TuneCP5_13TeV_pythia8/MINIAODSIM/106X_mc2017_realistic_v9-v1/240000/40ADFA47-C7C7-2243-9477-55AEEDF57A4A.root
%MSG-w XrdAdaptor:  file_open 11-Jun-2024 11:56:06 CEST PostProcessEvent
Data is served from fnal.gov instead of original site infn.it
%MSG
11-Jun-2024 11:56:07 CEST  Successfully opened file root://xrootd-cms.infn.it//store/mc/RunIISummer20UL17MiniAODv2/QCD_Pt_30to50_TuneCP5_13TeV_pythia8/MINIAODSIM/106X_mc2017_realistic_v9-v1/240000/40ADFA47-C7C7-2243-9477-55AEEDF57A4A.root
11-Jun-2024 11:56:15 CEST  Closed file root://xrootd-cms.infn.it//store/mc/RunIISummer20UL17MiniAODv2/QCD_Pt_30to50_TuneCP5_13TeV_pythia8/MINIAODSIM/106X_mc2017_realistic_v9-v1/240000/40ADFA47-C7C7-2243-9477-55AEEDF57A4A.root

------------------------------------
GenXsecAnalyzer:
------------------------------------
Before Filter: total cross section = 1.069e+08 +- 5.548e+04 pb
Filter efficiency (taking into account weights)= (1e+06) / (1e+06) = 1.000e+00 +- 0.000e+00
Filter efficiency (event-level)= (1e+06) / (1e+06) = 1.000e+00 +- 0.000e+00    [TO BE USED IN MCM]

After filter: final cross section = 1.069e+08 +- 5.548e+04 pb
After filter: final fraction of events with negative weights = 0.000e+00 +- 0.000e+00
After filter: final equivalent lumi for 1M events (1/fb) = 9.353e-06 +- 1.054e-08

=============================================

MessageLogger Summary

 type     category        sev    module        subroutine        count    total
 ---- -------------------- -- ---------------- ----------------  -----    -----
    1 GenXSecAnalyzer      -w GenXSecAnalyzer:                       7        7
    2 XrdAdaptor           -w file_open                             13       13
    3 XrdAdaptorInternal   -w file_open                             26       26
    4 fileAction           -s file_close                            13       13
    5 fileAction           -s file_open                             39       39

 type    category    Examples: run/evt        run/evt          run/evt
 ---- -------------------- ---------------- ---------------- ----------------
    1 GenXSecAnalyzer      PostGlobalEndRun PostGlobalEndRun PostGlobalEndRun
    2 XrdAdaptor           pre-events       PostProcessEvent PostProcessEvent
    3 XrdAdaptorInternal   pre-events       pre-events       PostProcessEvent
    4 fileAction           PostProcessEvent PostProcessEvent PostGlobalEndRun
    5 fileAction           pre-events       pre-events       PostProcessEvent

Severity    # Occurrences   Total Occurrences
--------    -------------   -----------------
Warning                46                  46
System                 52                  52

dropped waiting message count 0
