11-Jun-2024 13:09:08 CEST  Initiating request to open file root://eoscms.cern.ch//eos/cms/store/mc/RunIISummer20UL17MiniAODv2/QCD_Pt_3200toInf_TuneCP5_13TeV_pythia8/MINIAODSIM/106X_mc2017_realistic_v9-v1/240000/76FDBDB5-65C1-9D48-BD41-B1B6AEEDD16A.root
%MSG-w XrdAdaptorInternal:  file_open 11-Jun-2024 13:09:09 CEST pre-events
Failed to open file at URL root://eoscms.cern.ch:1094//eos/cms/store/mc/RunIISummer20UL17MiniAODv2/QCD_Pt_3200toInf_TuneCP5_13TeV_pythia8/MINIAODSIM/106X_mc2017_realistic_v9-v1/240000/76FDBDB5-65C1-9D48-BD41-B1B6AEEDD16A.root.
%MSG
%MSG-w XrdAdaptorInternal:  file_open 11-Jun-2024 13:09:09 CEST pre-events
Failed to open file at URL root://eoscms.cern.ch:1094//eos/cms/store/mc/RunIISummer20UL17MiniAODv2/QCD_Pt_3200toInf_TuneCP5_13TeV_pythia8/MINIAODSIM/106X_mc2017_realistic_v9-v1/240000/76FDBDB5-65C1-9D48-BD41-B1B6AEEDD16A.root?tried=.
%MSG
11-Jun-2024 13:09:09 CEST  Fallback request to file root://xrootd-cms.infn.it//store/mc/RunIISummer20UL17MiniAODv2/QCD_Pt_3200toInf_TuneCP5_13TeV_pythia8/MINIAODSIM/106X_mc2017_realistic_v9-v1/240000/76FDBDB5-65C1-9D48-BD41-B1B6AEEDD16A.root
Unable to load sec.protocol plugin libXrdSecztn.so
%MSG-w XrdAdaptor:  file_open 11-Jun-2024 13:09:24 CEST pre-events
Data is served from fnal.gov instead of original site infn.it
%MSG
11-Jun-2024 13:09:28 CEST  Successfully opened file root://xrootd-cms.infn.it//store/mc/RunIISummer20UL17MiniAODv2/QCD_Pt_3200toInf_TuneCP5_13TeV_pythia8/MINIAODSIM/106X_mc2017_realistic_v9-v1/240000/76FDBDB5-65C1-9D48-BD41-B1B6AEEDD16A.root
Unable to load sec.protocol plugin libXrdSecztn.so
Begin processing the 1st record. Run 1, Event 9005, LumiSection 10 on stream 0 at 11-Jun-2024 13:09:37.665 CEST
11-Jun-2024 13:09:43 CEST  Closed file root://xrootd-cms.infn.it//store/mc/RunIISummer20UL17MiniAODv2/QCD_Pt_3200toInf_TuneCP5_13TeV_pythia8/MINIAODSIM/106X_mc2017_realistic_v9-v1/240000/76FDBDB5-65C1-9D48-BD41-B1B6AEEDD16A.root
11-Jun-2024 13:09:43 CEST  Initiating request to open file root://eoscms.cern.ch//eos/cms/store/mc/RunIISummer20UL17MiniAODv2/QCD_Pt_3200toInf_TuneCP5_13TeV_pythia8/MINIAODSIM/106X_mc2017_realistic_v9-v1/240000/CB60051E-A751-2E44-B5CC-57456CE15CAD.root
%MSG-w XrdAdaptorInternal:  file_open 11-Jun-2024 13:09:44 CEST PostProcessEvent
Failed to open file at URL root://eoscms.cern.ch:1094//eos/cms/store/mc/RunIISummer20UL17MiniAODv2/QCD_Pt_3200toInf_TuneCP5_13TeV_pythia8/MINIAODSIM/106X_mc2017_realistic_v9-v1/240000/CB60051E-A751-2E44-B5CC-57456CE15CAD.root.
%MSG
%MSG-w XrdAdaptorInternal:  file_open 11-Jun-2024 13:09:44 CEST PostProcessEvent
Failed to open file at URL root://eoscms.cern.ch:1094//eos/cms/store/mc/RunIISummer20UL17MiniAODv2/QCD_Pt_3200toInf_TuneCP5_13TeV_pythia8/MINIAODSIM/106X_mc2017_realistic_v9-v1/240000/CB60051E-A751-2E44-B5CC-57456CE15CAD.root?tried=.
%MSG
11-Jun-2024 13:09:44 CEST  Fallback request to file root://xrootd-cms.infn.it//store/mc/RunIISummer20UL17MiniAODv2/QCD_Pt_3200toInf_TuneCP5_13TeV_pythia8/MINIAODSIM/106X_mc2017_realistic_v9-v1/240000/CB60051E-A751-2E44-B5CC-57456CE15CAD.root
%MSG-w XrdAdaptor:  file_open 11-Jun-2024 13:09:57 CEST PostProcessEvent
Data is served from fnal.gov instead of original site infn.it
%MSG
11-Jun-2024 13:09:57 CEST  Successfully opened file root://xrootd-cms.infn.it//store/mc/RunIISummer20UL17MiniAODv2/QCD_Pt_3200toInf_TuneCP5_13TeV_pythia8/MINIAODSIM/106X_mc2017_realistic_v9-v1/240000/CB60051E-A751-2E44-B5CC-57456CE15CAD.root
Unable to load sec.protocol plugin libXrdSecztn.so
Begin processing the 100001st record. Run 1, Event 724005, LumiSection 725 on stream 0 at 11-Jun-2024 13:10:04.266 CEST
11-Jun-2024 13:10:05 CEST  Closed file root://xrootd-cms.infn.it//store/mc/RunIISummer20UL17MiniAODv2/QCD_Pt_3200toInf_TuneCP5_13TeV_pythia8/MINIAODSIM/106X_mc2017_realistic_v9-v1/240000/CB60051E-A751-2E44-B5CC-57456CE15CAD.root
11-Jun-2024 13:10:05 CEST  Initiating request to open file root://eoscms.cern.ch//eos/cms/store/mc/RunIISummer20UL17MiniAODv2/QCD_Pt_3200toInf_TuneCP5_13TeV_pythia8/MINIAODSIM/106X_mc2017_realistic_v9-v1/240000/ED063FE6-6AEF-694F-A870-6955902C8B9C.root
%MSG-w XrdAdaptorInternal:  file_open 11-Jun-2024 13:10:06 CEST PostProcessEvent
Failed to open file at URL root://eoscms.cern.ch:1094//eos/cms/store/mc/RunIISummer20UL17MiniAODv2/QCD_Pt_3200toInf_TuneCP5_13TeV_pythia8/MINIAODSIM/106X_mc2017_realistic_v9-v1/240000/ED063FE6-6AEF-694F-A870-6955902C8B9C.root.
%MSG
%MSG-w XrdAdaptorInternal:  file_open 11-Jun-2024 13:10:06 CEST PostProcessEvent
Failed to open file at URL root://eoscms.cern.ch:1094//eos/cms/store/mc/RunIISummer20UL17MiniAODv2/QCD_Pt_3200toInf_TuneCP5_13TeV_pythia8/MINIAODSIM/106X_mc2017_realistic_v9-v1/240000/ED063FE6-6AEF-694F-A870-6955902C8B9C.root?tried=.
%MSG
11-Jun-2024 13:10:06 CEST  Fallback request to file root://xrootd-cms.infn.it//store/mc/RunIISummer20UL17MiniAODv2/QCD_Pt_3200toInf_TuneCP5_13TeV_pythia8/MINIAODSIM/106X_mc2017_realistic_v9-v1/240000/ED063FE6-6AEF-694F-A870-6955902C8B9C.root
%MSG-w XrdAdaptor:  file_open 11-Jun-2024 13:10:18 CEST PostProcessEvent
Data is served from fnal.gov instead of original site infn.it
%MSG
11-Jun-2024 13:10:18 CEST  Successfully opened file root://xrootd-cms.infn.it//store/mc/RunIISummer20UL17MiniAODv2/QCD_Pt_3200toInf_TuneCP5_13TeV_pythia8/MINIAODSIM/106X_mc2017_realistic_v9-v1/240000/ED063FE6-6AEF-694F-A870-6955902C8B9C.root
11-Jun-2024 13:10:31 CEST  Closed file root://xrootd-cms.infn.it//store/mc/RunIISummer20UL17MiniAODv2/QCD_Pt_3200toInf_TuneCP5_13TeV_pythia8/MINIAODSIM/106X_mc2017_realistic_v9-v1/240000/ED063FE6-6AEF-694F-A870-6955902C8B9C.root
11-Jun-2024 13:10:31 CEST  Initiating request to open file root://eoscms.cern.ch//eos/cms/store/mc/RunIISummer20UL17MiniAODv2/QCD_Pt_3200toInf_TuneCP5_13TeV_pythia8/MINIAODSIM/106X_mc2017_realistic_v9-v1/00000/C0870FF6-0C94-1C4F-A1E6-4BB018EC0525.root
%MSG-w XrdAdaptorInternal:  file_open 11-Jun-2024 13:10:32 CEST PostProcessEvent
Failed to open file at URL root://eoscms.cern.ch:1094//eos/cms/store/mc/RunIISummer20UL17MiniAODv2/QCD_Pt_3200toInf_TuneCP5_13TeV_pythia8/MINIAODSIM/106X_mc2017_realistic_v9-v1/00000/C0870FF6-0C94-1C4F-A1E6-4BB018EC0525.root.
%MSG
%MSG-w XrdAdaptorInternal:  file_open 11-Jun-2024 13:10:32 CEST PostProcessEvent
Failed to open file at URL root://eoscms.cern.ch:1094//eos/cms/store/mc/RunIISummer20UL17MiniAODv2/QCD_Pt_3200toInf_TuneCP5_13TeV_pythia8/MINIAODSIM/106X_mc2017_realistic_v9-v1/00000/C0870FF6-0C94-1C4F-A1E6-4BB018EC0525.root?tried=.
%MSG
11-Jun-2024 13:10:32 CEST  Fallback request to file root://xrootd-cms.infn.it//store/mc/RunIISummer20UL17MiniAODv2/QCD_Pt_3200toInf_TuneCP5_13TeV_pythia8/MINIAODSIM/106X_mc2017_realistic_v9-v1/00000/C0870FF6-0C94-1C4F-A1E6-4BB018EC0525.root
%MSG-w XrdAdaptor:  file_open 11-Jun-2024 13:10:45 CEST PostProcessEvent
Data is served from fnal.gov instead of original site infn.it
%MSG
11-Jun-2024 13:10:45 CEST  Successfully opened file root://xrootd-cms.infn.it//store/mc/RunIISummer20UL17MiniAODv2/QCD_Pt_3200toInf_TuneCP5_13TeV_pythia8/MINIAODSIM/106X_mc2017_realistic_v9-v1/00000/C0870FF6-0C94-1C4F-A1E6-4BB018EC0525.root
11-Jun-2024 13:10:51 CEST  Closed file root://xrootd-cms.infn.it//store/mc/RunIISummer20UL17MiniAODv2/QCD_Pt_3200toInf_TuneCP5_13TeV_pythia8/MINIAODSIM/106X_mc2017_realistic_v9-v1/00000/C0870FF6-0C94-1C4F-A1E6-4BB018EC0525.root
11-Jun-2024 13:10:51 CEST  Initiating request to open file root://eoscms.cern.ch//eos/cms/store/mc/RunIISummer20UL17MiniAODv2/QCD_Pt_3200toInf_TuneCP5_13TeV_pythia8/MINIAODSIM/106X_mc2017_realistic_v9-v1/240000/8E4A8B09-D690-284C-88D3-62E61D619E13.root
%MSG-w XrdAdaptorInternal:  file_open 11-Jun-2024 13:10:52 CEST PostProcessEvent
Failed to open file at URL root://eoscms.cern.ch:1094//eos/cms/store/mc/RunIISummer20UL17MiniAODv2/QCD_Pt_3200toInf_TuneCP5_13TeV_pythia8/MINIAODSIM/106X_mc2017_realistic_v9-v1/240000/8E4A8B09-D690-284C-88D3-62E61D619E13.root.
%MSG
%MSG-w XrdAdaptorInternal:  file_open 11-Jun-2024 13:10:52 CEST PostProcessEvent
Failed to open file at URL root://eoscms.cern.ch:1094//eos/cms/store/mc/RunIISummer20UL17MiniAODv2/QCD_Pt_3200toInf_TuneCP5_13TeV_pythia8/MINIAODSIM/106X_mc2017_realistic_v9-v1/240000/8E4A8B09-D690-284C-88D3-62E61D619E13.root?tried=.
%MSG
11-Jun-2024 13:10:52 CEST  Fallback request to file root://xrootd-cms.infn.it//store/mc/RunIISummer20UL17MiniAODv2/QCD_Pt_3200toInf_TuneCP5_13TeV_pythia8/MINIAODSIM/106X_mc2017_realistic_v9-v1/240000/8E4A8B09-D690-284C-88D3-62E61D619E13.root
%MSG-w XrdAdaptor:  file_open 11-Jun-2024 13:11:06 CEST PostProcessEvent
Data is served from T2_US_MIT instead of original site infn.it
%MSG
11-Jun-2024 13:11:07 CEST  Successfully opened file root://xrootd-cms.infn.it//store/mc/RunIISummer20UL17MiniAODv2/QCD_Pt_3200toInf_TuneCP5_13TeV_pythia8/MINIAODSIM/106X_mc2017_realistic_v9-v1/240000/8E4A8B09-D690-284C-88D3-62E61D619E13.root
Begin processing the 200001st record. Run 1, Event 101002, LumiSection 102 on stream 0 at 11-Jun-2024 13:11:16.049 CEST
11-Jun-2024 13:11:17 CEST  Closed file root://xrootd-cms.infn.it//store/mc/RunIISummer20UL17MiniAODv2/QCD_Pt_3200toInf_TuneCP5_13TeV_pythia8/MINIAODSIM/106X_mc2017_realistic_v9-v1/240000/8E4A8B09-D690-284C-88D3-62E61D619E13.root
11-Jun-2024 13:11:17 CEST  Initiating request to open file root://eoscms.cern.ch//eos/cms/store/mc/RunIISummer20UL17MiniAODv2/QCD_Pt_3200toInf_TuneCP5_13TeV_pythia8/MINIAODSIM/106X_mc2017_realistic_v9-v1/110000/DDCE5BA9-A56E-2D4D-8A39-98AB2AAC4448.root
%MSG-w XrdAdaptorInternal:  file_open 11-Jun-2024 13:11:18 CEST PostProcessEvent
Failed to open file at URL root://eoscms.cern.ch:1094//eos/cms/store/mc/RunIISummer20UL17MiniAODv2/QCD_Pt_3200toInf_TuneCP5_13TeV_pythia8/MINIAODSIM/106X_mc2017_realistic_v9-v1/110000/DDCE5BA9-A56E-2D4D-8A39-98AB2AAC4448.root.
%MSG
%MSG-w XrdAdaptorInternal:  file_open 11-Jun-2024 13:11:18 CEST PostProcessEvent
Failed to open file at URL root://eoscms.cern.ch:1094//eos/cms/store/mc/RunIISummer20UL17MiniAODv2/QCD_Pt_3200toInf_TuneCP5_13TeV_pythia8/MINIAODSIM/106X_mc2017_realistic_v9-v1/110000/DDCE5BA9-A56E-2D4D-8A39-98AB2AAC4448.root?tried=.
%MSG
11-Jun-2024 13:11:18 CEST  Fallback request to file root://xrootd-cms.infn.it//store/mc/RunIISummer20UL17MiniAODv2/QCD_Pt_3200toInf_TuneCP5_13TeV_pythia8/MINIAODSIM/106X_mc2017_realistic_v9-v1/110000/DDCE5BA9-A56E-2D4D-8A39-98AB2AAC4448.root
%MSG-w XrdAdaptor:  file_open 11-Jun-2024 13:11:33 CEST PostProcessEvent
Data is served from T2_US_Caltech instead of original site infn.it
%MSG
11-Jun-2024 13:11:34 CEST  Successfully opened file root://xrootd-cms.infn.it//store/mc/RunIISummer20UL17MiniAODv2/QCD_Pt_3200toInf_TuneCP5_13TeV_pythia8/MINIAODSIM/106X_mc2017_realistic_v9-v1/110000/DDCE5BA9-A56E-2D4D-8A39-98AB2AAC4448.root
11-Jun-2024 13:11:48 CEST  Closed file root://xrootd-cms.infn.it//store/mc/RunIISummer20UL17MiniAODv2/QCD_Pt_3200toInf_TuneCP5_13TeV_pythia8/MINIAODSIM/106X_mc2017_realistic_v9-v1/110000/DDCE5BA9-A56E-2D4D-8A39-98AB2AAC4448.root
11-Jun-2024 13:11:48 CEST  Initiating request to open file root://eoscms.cern.ch//eos/cms/store/mc/RunIISummer20UL17MiniAODv2/QCD_Pt_3200toInf_TuneCP5_13TeV_pythia8/MINIAODSIM/106X_mc2017_realistic_v9-v1/110000/2CFE4ACA-6111-244F-9DB5-00E70840FDE4.root
%MSG-w XrdAdaptorInternal:  file_open 11-Jun-2024 13:11:49 CEST PostProcessEvent
Failed to open file at URL root://eoscms.cern.ch:1094//eos/cms/store/mc/RunIISummer20UL17MiniAODv2/QCD_Pt_3200toInf_TuneCP5_13TeV_pythia8/MINIAODSIM/106X_mc2017_realistic_v9-v1/110000/2CFE4ACA-6111-244F-9DB5-00E70840FDE4.root.
%MSG
%MSG-w XrdAdaptorInternal:  file_open 11-Jun-2024 13:11:49 CEST PostProcessEvent
Failed to open file at URL root://eoscms.cern.ch:1094//eos/cms/store/mc/RunIISummer20UL17MiniAODv2/QCD_Pt_3200toInf_TuneCP5_13TeV_pythia8/MINIAODSIM/106X_mc2017_realistic_v9-v1/110000/2CFE4ACA-6111-244F-9DB5-00E70840FDE4.root?tried=.
%MSG
11-Jun-2024 13:11:49 CEST  Fallback request to file root://xrootd-cms.infn.it//store/mc/RunIISummer20UL17MiniAODv2/QCD_Pt_3200toInf_TuneCP5_13TeV_pythia8/MINIAODSIM/106X_mc2017_realistic_v9-v1/110000/2CFE4ACA-6111-244F-9DB5-00E70840FDE4.root
%MSG-w XrdAdaptor:  file_open 11-Jun-2024 13:12:02 CEST PostProcessEvent
Data is served from T2_US_Caltech instead of original site infn.it
%MSG
11-Jun-2024 13:12:03 CEST  Successfully opened file root://xrootd-cms.infn.it//store/mc/RunIISummer20UL17MiniAODv2/QCD_Pt_3200toInf_TuneCP5_13TeV_pythia8/MINIAODSIM/106X_mc2017_realistic_v9-v1/110000/2CFE4ACA-6111-244F-9DB5-00E70840FDE4.root
Begin processing the 300001st record. Run 1, Event 348008, LumiSection 349 on stream 0 at 11-Jun-2024 13:12:11.288 CEST
11-Jun-2024 13:12:11 CEST  Closed file root://xrootd-cms.infn.it//store/mc/RunIISummer20UL17MiniAODv2/QCD_Pt_3200toInf_TuneCP5_13TeV_pythia8/MINIAODSIM/106X_mc2017_realistic_v9-v1/110000/2CFE4ACA-6111-244F-9DB5-00E70840FDE4.root
11-Jun-2024 13:12:11 CEST  Initiating request to open file root://eoscms.cern.ch//eos/cms/store/mc/RunIISummer20UL17MiniAODv2/QCD_Pt_3200toInf_TuneCP5_13TeV_pythia8/MINIAODSIM/106X_mc2017_realistic_v9-v1/230000/1929CA81-86BD-5E41-BA7E-C9E27708B78B.root
%MSG-w XrdAdaptorInternal:  file_open 11-Jun-2024 13:12:12 CEST PostProcessEvent
Failed to open file at URL root://eoscms.cern.ch:1094//eos/cms/store/mc/RunIISummer20UL17MiniAODv2/QCD_Pt_3200toInf_TuneCP5_13TeV_pythia8/MINIAODSIM/106X_mc2017_realistic_v9-v1/230000/1929CA81-86BD-5E41-BA7E-C9E27708B78B.root.
%MSG
%MSG-w XrdAdaptorInternal:  file_open 11-Jun-2024 13:12:12 CEST PostProcessEvent
Failed to open file at URL root://eoscms.cern.ch:1094//eos/cms/store/mc/RunIISummer20UL17MiniAODv2/QCD_Pt_3200toInf_TuneCP5_13TeV_pythia8/MINIAODSIM/106X_mc2017_realistic_v9-v1/230000/1929CA81-86BD-5E41-BA7E-C9E27708B78B.root?tried=.
%MSG
11-Jun-2024 13:12:12 CEST  Fallback request to file root://xrootd-cms.infn.it//store/mc/RunIISummer20UL17MiniAODv2/QCD_Pt_3200toInf_TuneCP5_13TeV_pythia8/MINIAODSIM/106X_mc2017_realistic_v9-v1/230000/1929CA81-86BD-5E41-BA7E-C9E27708B78B.root
%MSG-w XrdAdaptor:  file_open 11-Jun-2024 13:12:25 CEST PostProcessEvent
Data is served from fnal.gov instead of original site infn.it
%MSG
11-Jun-2024 13:12:25 CEST  Successfully opened file root://xrootd-cms.infn.it//store/mc/RunIISummer20UL17MiniAODv2/QCD_Pt_3200toInf_TuneCP5_13TeV_pythia8/MINIAODSIM/106X_mc2017_realistic_v9-v1/230000/1929CA81-86BD-5E41-BA7E-C9E27708B78B.root
11-Jun-2024 13:12:30 CEST  Closed file root://xrootd-cms.infn.it//store/mc/RunIISummer20UL17MiniAODv2/QCD_Pt_3200toInf_TuneCP5_13TeV_pythia8/MINIAODSIM/106X_mc2017_realistic_v9-v1/230000/1929CA81-86BD-5E41-BA7E-C9E27708B78B.root
11-Jun-2024 13:12:30 CEST  Initiating request to open file root://eoscms.cern.ch//eos/cms/store/mc/RunIISummer20UL17MiniAODv2/QCD_Pt_3200toInf_TuneCP5_13TeV_pythia8/MINIAODSIM/106X_mc2017_realistic_v9-v1/240000/72607E40-1C44-1148-BB55-2ED2E333071C.root
%MSG-w XrdAdaptorInternal:  file_open 11-Jun-2024 13:12:31 CEST PostProcessEvent
Failed to open file at URL root://eoscms.cern.ch:1094//eos/cms/store/mc/RunIISummer20UL17MiniAODv2/QCD_Pt_3200toInf_TuneCP5_13TeV_pythia8/MINIAODSIM/106X_mc2017_realistic_v9-v1/240000/72607E40-1C44-1148-BB55-2ED2E333071C.root.
%MSG
%MSG-w XrdAdaptorInternal:  file_open 11-Jun-2024 13:12:31 CEST PostProcessEvent
Failed to open file at URL root://eoscms.cern.ch:1094//eos/cms/store/mc/RunIISummer20UL17MiniAODv2/QCD_Pt_3200toInf_TuneCP5_13TeV_pythia8/MINIAODSIM/106X_mc2017_realistic_v9-v1/240000/72607E40-1C44-1148-BB55-2ED2E333071C.root?tried=.
%MSG
11-Jun-2024 13:12:31 CEST  Fallback request to file root://xrootd-cms.infn.it//store/mc/RunIISummer20UL17MiniAODv2/QCD_Pt_3200toInf_TuneCP5_13TeV_pythia8/MINIAODSIM/106X_mc2017_realistic_v9-v1/240000/72607E40-1C44-1148-BB55-2ED2E333071C.root
%MSG-w XrdAdaptor:  file_open 11-Jun-2024 13:12:44 CEST PostProcessEvent
Data is served from fnal.gov instead of original site infn.it
%MSG
11-Jun-2024 13:12:44 CEST  Successfully opened file root://xrootd-cms.infn.it//store/mc/RunIISummer20UL17MiniAODv2/QCD_Pt_3200toInf_TuneCP5_13TeV_pythia8/MINIAODSIM/106X_mc2017_realistic_v9-v1/240000/72607E40-1C44-1148-BB55-2ED2E333071C.root
11-Jun-2024 13:12:49 CEST  Closed file root://xrootd-cms.infn.it//store/mc/RunIISummer20UL17MiniAODv2/QCD_Pt_3200toInf_TuneCP5_13TeV_pythia8/MINIAODSIM/106X_mc2017_realistic_v9-v1/240000/72607E40-1C44-1148-BB55-2ED2E333071C.root
11-Jun-2024 13:12:49 CEST  Initiating request to open file root://eoscms.cern.ch//eos/cms/store/mc/RunIISummer20UL17MiniAODv2/QCD_Pt_3200toInf_TuneCP5_13TeV_pythia8/MINIAODSIM/106X_mc2017_realistic_v9-v1/00000/BE4316FD-1058-594D-AE2A-38361801343E.root
%MSG-w XrdAdaptorInternal:  file_open 11-Jun-2024 13:12:50 CEST PostProcessEvent
Failed to open file at URL root://eoscms.cern.ch:1094//eos/cms/store/mc/RunIISummer20UL17MiniAODv2/QCD_Pt_3200toInf_TuneCP5_13TeV_pythia8/MINIAODSIM/106X_mc2017_realistic_v9-v1/00000/BE4316FD-1058-594D-AE2A-38361801343E.root.
%MSG
%MSG-w XrdAdaptorInternal:  file_open 11-Jun-2024 13:12:50 CEST PostProcessEvent
Failed to open file at URL root://eoscms.cern.ch:1094//eos/cms/store/mc/RunIISummer20UL17MiniAODv2/QCD_Pt_3200toInf_TuneCP5_13TeV_pythia8/MINIAODSIM/106X_mc2017_realistic_v9-v1/00000/BE4316FD-1058-594D-AE2A-38361801343E.root?tried=.
%MSG
11-Jun-2024 13:12:50 CEST  Fallback request to file root://xrootd-cms.infn.it//store/mc/RunIISummer20UL17MiniAODv2/QCD_Pt_3200toInf_TuneCP5_13TeV_pythia8/MINIAODSIM/106X_mc2017_realistic_v9-v1/00000/BE4316FD-1058-594D-AE2A-38361801343E.root
%MSG-w XrdAdaptor:  file_open 11-Jun-2024 13:13:03 CEST PostProcessEvent
Data is served from fnal.gov instead of original site infn.it
%MSG
11-Jun-2024 13:13:04 CEST  Successfully opened file root://xrootd-cms.infn.it//store/mc/RunIISummer20UL17MiniAODv2/QCD_Pt_3200toInf_TuneCP5_13TeV_pythia8/MINIAODSIM/106X_mc2017_realistic_v9-v1/00000/BE4316FD-1058-594D-AE2A-38361801343E.root
11-Jun-2024 13:13:08 CEST  Closed file root://xrootd-cms.infn.it//store/mc/RunIISummer20UL17MiniAODv2/QCD_Pt_3200toInf_TuneCP5_13TeV_pythia8/MINIAODSIM/106X_mc2017_realistic_v9-v1/00000/BE4316FD-1058-594D-AE2A-38361801343E.root
11-Jun-2024 13:13:08 CEST  Initiating request to open file root://eoscms.cern.ch//eos/cms/store/mc/RunIISummer20UL17MiniAODv2/QCD_Pt_3200toInf_TuneCP5_13TeV_pythia8/MINIAODSIM/106X_mc2017_realistic_v9-v1/00000/C5FCACD9-09B9-6D4F-9252-807432042722.root
%MSG-w XrdAdaptorInternal:  file_open 11-Jun-2024 13:13:09 CEST PostProcessEvent
Failed to open file at URL root://eoscms.cern.ch:1094//eos/cms/store/mc/RunIISummer20UL17MiniAODv2/QCD_Pt_3200toInf_TuneCP5_13TeV_pythia8/MINIAODSIM/106X_mc2017_realistic_v9-v1/00000/C5FCACD9-09B9-6D4F-9252-807432042722.root.
%MSG
%MSG-w XrdAdaptorInternal:  file_open 11-Jun-2024 13:13:09 CEST PostProcessEvent
Failed to open file at URL root://eoscms.cern.ch:1094//eos/cms/store/mc/RunIISummer20UL17MiniAODv2/QCD_Pt_3200toInf_TuneCP5_13TeV_pythia8/MINIAODSIM/106X_mc2017_realistic_v9-v1/00000/C5FCACD9-09B9-6D4F-9252-807432042722.root?tried=.
%MSG
11-Jun-2024 13:13:09 CEST  Fallback request to file root://xrootd-cms.infn.it//store/mc/RunIISummer20UL17MiniAODv2/QCD_Pt_3200toInf_TuneCP5_13TeV_pythia8/MINIAODSIM/106X_mc2017_realistic_v9-v1/00000/C5FCACD9-09B9-6D4F-9252-807432042722.root
%MSG-w XrdAdaptor:  file_open 11-Jun-2024 13:13:24 CEST PostProcessEvent
Data is served from T2_US_Wisconsin instead of original site infn.it
%MSG
11-Jun-2024 13:13:25 CEST  Successfully opened file root://xrootd-cms.infn.it//store/mc/RunIISummer20UL17MiniAODv2/QCD_Pt_3200toInf_TuneCP5_13TeV_pythia8/MINIAODSIM/106X_mc2017_realistic_v9-v1/00000/C5FCACD9-09B9-6D4F-9252-807432042722.root
11-Jun-2024 13:13:32 CEST  Closed file root://xrootd-cms.infn.it//store/mc/RunIISummer20UL17MiniAODv2/QCD_Pt_3200toInf_TuneCP5_13TeV_pythia8/MINIAODSIM/106X_mc2017_realistic_v9-v1/00000/C5FCACD9-09B9-6D4F-9252-807432042722.root
11-Jun-2024 13:13:32 CEST  Initiating request to open file root://eoscms.cern.ch//eos/cms/store/mc/RunIISummer20UL17MiniAODv2/QCD_Pt_3200toInf_TuneCP5_13TeV_pythia8/MINIAODSIM/106X_mc2017_realistic_v9-v1/00000/7E23F8C7-B5A4-6440-9A68-C1DBDA5081C3.root
%MSG-w XrdAdaptorInternal:  file_open 11-Jun-2024 13:13:33 CEST PostProcessEvent
Failed to open file at URL root://eoscms.cern.ch:1094//eos/cms/store/mc/RunIISummer20UL17MiniAODv2/QCD_Pt_3200toInf_TuneCP5_13TeV_pythia8/MINIAODSIM/106X_mc2017_realistic_v9-v1/00000/7E23F8C7-B5A4-6440-9A68-C1DBDA5081C3.root.
%MSG
%MSG-w XrdAdaptorInternal:  file_open 11-Jun-2024 13:13:33 CEST PostProcessEvent
Failed to open file at URL root://eoscms.cern.ch:1094//eos/cms/store/mc/RunIISummer20UL17MiniAODv2/QCD_Pt_3200toInf_TuneCP5_13TeV_pythia8/MINIAODSIM/106X_mc2017_realistic_v9-v1/00000/7E23F8C7-B5A4-6440-9A68-C1DBDA5081C3.root?tried=.
%MSG
11-Jun-2024 13:13:33 CEST  Fallback request to file root://xrootd-cms.infn.it//store/mc/RunIISummer20UL17MiniAODv2/QCD_Pt_3200toInf_TuneCP5_13TeV_pythia8/MINIAODSIM/106X_mc2017_realistic_v9-v1/00000/7E23F8C7-B5A4-6440-9A68-C1DBDA5081C3.root
%MSG-w XrdAdaptor:  file_open 11-Jun-2024 13:13:45 CEST PostProcessEvent
Data is served from fnal.gov instead of original site infn.it
%MSG
11-Jun-2024 13:13:45 CEST  Successfully opened file root://xrootd-cms.infn.it//store/mc/RunIISummer20UL17MiniAODv2/QCD_Pt_3200toInf_TuneCP5_13TeV_pythia8/MINIAODSIM/106X_mc2017_realistic_v9-v1/00000/7E23F8C7-B5A4-6440-9A68-C1DBDA5081C3.root
11-Jun-2024 13:13:50 CEST  Closed file root://xrootd-cms.infn.it//store/mc/RunIISummer20UL17MiniAODv2/QCD_Pt_3200toInf_TuneCP5_13TeV_pythia8/MINIAODSIM/106X_mc2017_realistic_v9-v1/00000/7E23F8C7-B5A4-6440-9A68-C1DBDA5081C3.root
11-Jun-2024 13:13:50 CEST  Initiating request to open file root://eoscms.cern.ch//eos/cms/store/mc/RunIISummer20UL17MiniAODv2/QCD_Pt_3200toInf_TuneCP5_13TeV_pythia8/MINIAODSIM/106X_mc2017_realistic_v9-v1/230000/15FDD8B6-9937-7B45-8627-E0A45BFF6A6A.root
%MSG-w XrdAdaptorInternal:  file_open 11-Jun-2024 13:13:51 CEST PostProcessEvent
Failed to open file at URL root://eoscms.cern.ch:1094//eos/cms/store/mc/RunIISummer20UL17MiniAODv2/QCD_Pt_3200toInf_TuneCP5_13TeV_pythia8/MINIAODSIM/106X_mc2017_realistic_v9-v1/230000/15FDD8B6-9937-7B45-8627-E0A45BFF6A6A.root.
%MSG
%MSG-w XrdAdaptorInternal:  file_open 11-Jun-2024 13:13:51 CEST PostProcessEvent
Failed to open file at URL root://eoscms.cern.ch:1094//eos/cms/store/mc/RunIISummer20UL17MiniAODv2/QCD_Pt_3200toInf_TuneCP5_13TeV_pythia8/MINIAODSIM/106X_mc2017_realistic_v9-v1/230000/15FDD8B6-9937-7B45-8627-E0A45BFF6A6A.root?tried=.
%MSG
11-Jun-2024 13:13:51 CEST  Fallback request to file root://xrootd-cms.infn.it//store/mc/RunIISummer20UL17MiniAODv2/QCD_Pt_3200toInf_TuneCP5_13TeV_pythia8/MINIAODSIM/106X_mc2017_realistic_v9-v1/230000/15FDD8B6-9937-7B45-8627-E0A45BFF6A6A.root
%MSG-w XrdAdaptor:  file_open 11-Jun-2024 13:14:04 CEST PostProcessEvent
Data is served from T2_US_MIT instead of original site infn.it
%MSG
11-Jun-2024 13:14:04 CEST  Successfully opened file root://xrootd-cms.infn.it//store/mc/RunIISummer20UL17MiniAODv2/QCD_Pt_3200toInf_TuneCP5_13TeV_pythia8/MINIAODSIM/106X_mc2017_realistic_v9-v1/230000/15FDD8B6-9937-7B45-8627-E0A45BFF6A6A.root
11-Jun-2024 13:14:09 CEST  Closed file root://xrootd-cms.infn.it//store/mc/RunIISummer20UL17MiniAODv2/QCD_Pt_3200toInf_TuneCP5_13TeV_pythia8/MINIAODSIM/106X_mc2017_realistic_v9-v1/230000/15FDD8B6-9937-7B45-8627-E0A45BFF6A6A.root
11-Jun-2024 13:14:09 CEST  Initiating request to open file root://eoscms.cern.ch//eos/cms/store/mc/RunIISummer20UL17MiniAODv2/QCD_Pt_3200toInf_TuneCP5_13TeV_pythia8/MINIAODSIM/106X_mc2017_realistic_v9-v1/230000/0232507A-066C-9842-BF14-65D22EEA24D4.root
%MSG-w XrdAdaptorInternal:  file_open 11-Jun-2024 13:14:10 CEST PostProcessEvent
Failed to open file at URL root://eoscms.cern.ch:1094//eos/cms/store/mc/RunIISummer20UL17MiniAODv2/QCD_Pt_3200toInf_TuneCP5_13TeV_pythia8/MINIAODSIM/106X_mc2017_realistic_v9-v1/230000/0232507A-066C-9842-BF14-65D22EEA24D4.root.
%MSG
%MSG-w XrdAdaptorInternal:  file_open 11-Jun-2024 13:14:10 CEST PostProcessEvent
Failed to open file at URL root://eoscms.cern.ch:1094//eos/cms/store/mc/RunIISummer20UL17MiniAODv2/QCD_Pt_3200toInf_TuneCP5_13TeV_pythia8/MINIAODSIM/106X_mc2017_realistic_v9-v1/230000/0232507A-066C-9842-BF14-65D22EEA24D4.root?tried=.
%MSG
11-Jun-2024 13:14:10 CEST  Fallback request to file root://xrootd-cms.infn.it//store/mc/RunIISummer20UL17MiniAODv2/QCD_Pt_3200toInf_TuneCP5_13TeV_pythia8/MINIAODSIM/106X_mc2017_realistic_v9-v1/230000/0232507A-066C-9842-BF14-65D22EEA24D4.root
%MSG-w XrdAdaptor:  file_open 11-Jun-2024 13:14:23 CEST PostProcessEvent
Data is served from fnal.gov instead of original site infn.it
%MSG
11-Jun-2024 13:14:24 CEST  Successfully opened file root://xrootd-cms.infn.it//store/mc/RunIISummer20UL17MiniAODv2/QCD_Pt_3200toInf_TuneCP5_13TeV_pythia8/MINIAODSIM/106X_mc2017_realistic_v9-v1/230000/0232507A-066C-9842-BF14-65D22EEA24D4.root
Begin processing the 400001st record. Run 1, Event 994005, LumiSection 995 on stream 0 at 11-Jun-2024 13:14:30.890 CEST
11-Jun-2024 13:14:30 CEST  Closed file root://xrootd-cms.infn.it//store/mc/RunIISummer20UL17MiniAODv2/QCD_Pt_3200toInf_TuneCP5_13TeV_pythia8/MINIAODSIM/106X_mc2017_realistic_v9-v1/230000/0232507A-066C-9842-BF14-65D22EEA24D4.root
11-Jun-2024 13:14:30 CEST  Initiating request to open file root://eoscms.cern.ch//eos/cms/store/mc/RunIISummer20UL17MiniAODv2/QCD_Pt_3200toInf_TuneCP5_13TeV_pythia8/MINIAODSIM/106X_mc2017_realistic_v9-v1/240000/101EED42-0215-F64C-880F-57A78F910397.root
%MSG-w XrdAdaptorInternal:  file_open 11-Jun-2024 13:14:31 CEST PostProcessEvent
Failed to open file at URL root://eoscms.cern.ch:1094//eos/cms/store/mc/RunIISummer20UL17MiniAODv2/QCD_Pt_3200toInf_TuneCP5_13TeV_pythia8/MINIAODSIM/106X_mc2017_realistic_v9-v1/240000/101EED42-0215-F64C-880F-57A78F910397.root.
%MSG
%MSG-w XrdAdaptorInternal:  file_open 11-Jun-2024 13:14:31 CEST PostProcessEvent
Failed to open file at URL root://eoscms.cern.ch:1094//eos/cms/store/mc/RunIISummer20UL17MiniAODv2/QCD_Pt_3200toInf_TuneCP5_13TeV_pythia8/MINIAODSIM/106X_mc2017_realistic_v9-v1/240000/101EED42-0215-F64C-880F-57A78F910397.root?tried=.
%MSG
11-Jun-2024 13:14:31 CEST  Fallback request to file root://xrootd-cms.infn.it//store/mc/RunIISummer20UL17MiniAODv2/QCD_Pt_3200toInf_TuneCP5_13TeV_pythia8/MINIAODSIM/106X_mc2017_realistic_v9-v1/240000/101EED42-0215-F64C-880F-57A78F910397.root
%MSG-w XrdAdaptor:  file_open 11-Jun-2024 13:14:46 CEST PostProcessEvent
Data is served from T2_US_Nebraska instead of original site infn.it
%MSG
11-Jun-2024 13:14:46 CEST  Successfully opened file root://xrootd-cms.infn.it//store/mc/RunIISummer20UL17MiniAODv2/QCD_Pt_3200toInf_TuneCP5_13TeV_pythia8/MINIAODSIM/106X_mc2017_realistic_v9-v1/240000/101EED42-0215-F64C-880F-57A78F910397.root
11-Jun-2024 13:15:01 CEST  Closed file root://xrootd-cms.infn.it//store/mc/RunIISummer20UL17MiniAODv2/QCD_Pt_3200toInf_TuneCP5_13TeV_pythia8/MINIAODSIM/106X_mc2017_realistic_v9-v1/240000/101EED42-0215-F64C-880F-57A78F910397.root
11-Jun-2024 13:15:01 CEST  Initiating request to open file root://eoscms.cern.ch//eos/cms/store/mc/RunIISummer20UL17MiniAODv2/QCD_Pt_3200toInf_TuneCP5_13TeV_pythia8/MINIAODSIM/106X_mc2017_realistic_v9-v1/240000/2BB7BEB2-EDE6-F14B-9891-72B670A06300.root
%MSG-w XrdAdaptorInternal:  file_open 11-Jun-2024 13:15:02 CEST PostProcessEvent
Failed to open file at URL root://eoscms.cern.ch:1094//eos/cms/store/mc/RunIISummer20UL17MiniAODv2/QCD_Pt_3200toInf_TuneCP5_13TeV_pythia8/MINIAODSIM/106X_mc2017_realistic_v9-v1/240000/2BB7BEB2-EDE6-F14B-9891-72B670A06300.root.
%MSG
%MSG-w XrdAdaptorInternal:  file_open 11-Jun-2024 13:15:02 CEST PostProcessEvent
Failed to open file at URL root://eoscms.cern.ch:1094//eos/cms/store/mc/RunIISummer20UL17MiniAODv2/QCD_Pt_3200toInf_TuneCP5_13TeV_pythia8/MINIAODSIM/106X_mc2017_realistic_v9-v1/240000/2BB7BEB2-EDE6-F14B-9891-72B670A06300.root?tried=.
%MSG
11-Jun-2024 13:15:02 CEST  Fallback request to file root://xrootd-cms.infn.it//store/mc/RunIISummer20UL17MiniAODv2/QCD_Pt_3200toInf_TuneCP5_13TeV_pythia8/MINIAODSIM/106X_mc2017_realistic_v9-v1/240000/2BB7BEB2-EDE6-F14B-9891-72B670A06300.root
%MSG-w XrdAdaptor:  file_open 11-Jun-2024 13:15:15 CEST PostProcessEvent
Data is served from T2_US_Nebraska instead of original site infn.it
%MSG
11-Jun-2024 13:15:16 CEST  Successfully opened file root://xrootd-cms.infn.it//store/mc/RunIISummer20UL17MiniAODv2/QCD_Pt_3200toInf_TuneCP5_13TeV_pythia8/MINIAODSIM/106X_mc2017_realistic_v9-v1/240000/2BB7BEB2-EDE6-F14B-9891-72B670A06300.root
11-Jun-2024 13:15:36 CEST  Closed file root://xrootd-cms.infn.it//store/mc/RunIISummer20UL17MiniAODv2/QCD_Pt_3200toInf_TuneCP5_13TeV_pythia8/MINIAODSIM/106X_mc2017_realistic_v9-v1/240000/2BB7BEB2-EDE6-F14B-9891-72B670A06300.root
11-Jun-2024 13:15:36 CEST  Initiating request to open file root://eoscms.cern.ch//eos/cms/store/mc/RunIISummer20UL17MiniAODv2/QCD_Pt_3200toInf_TuneCP5_13TeV_pythia8/MINIAODSIM/106X_mc2017_realistic_v9-v1/240000/D6352560-DCAD-384E-BE07-CFEBD0C225D2.root
%MSG-w XrdAdaptorInternal:  file_open 11-Jun-2024 13:15:37 CEST PostProcessEvent
Failed to open file at URL root://eoscms.cern.ch:1094//eos/cms/store/mc/RunIISummer20UL17MiniAODv2/QCD_Pt_3200toInf_TuneCP5_13TeV_pythia8/MINIAODSIM/106X_mc2017_realistic_v9-v1/240000/D6352560-DCAD-384E-BE07-CFEBD0C225D2.root.
%MSG
%MSG-w XrdAdaptorInternal:  file_open 11-Jun-2024 13:15:37 CEST PostProcessEvent
Failed to open file at URL root://eoscms.cern.ch:1094//eos/cms/store/mc/RunIISummer20UL17MiniAODv2/QCD_Pt_3200toInf_TuneCP5_13TeV_pythia8/MINIAODSIM/106X_mc2017_realistic_v9-v1/240000/D6352560-DCAD-384E-BE07-CFEBD0C225D2.root?tried=.
%MSG
11-Jun-2024 13:15:37 CEST  Fallback request to file root://xrootd-cms.infn.it//store/mc/RunIISummer20UL17MiniAODv2/QCD_Pt_3200toInf_TuneCP5_13TeV_pythia8/MINIAODSIM/106X_mc2017_realistic_v9-v1/240000/D6352560-DCAD-384E-BE07-CFEBD0C225D2.root
%MSG-w XrdAdaptor:  file_open 11-Jun-2024 13:15:50 CEST PostProcessEvent
Data is served from T2_US_Nebraska instead of original site infn.it
%MSG
11-Jun-2024 13:15:51 CEST  Successfully opened file root://xrootd-cms.infn.it//store/mc/RunIISummer20UL17MiniAODv2/QCD_Pt_3200toInf_TuneCP5_13TeV_pythia8/MINIAODSIM/106X_mc2017_realistic_v9-v1/240000/D6352560-DCAD-384E-BE07-CFEBD0C225D2.root
Begin processing the 500001st record. Run 1, Event 361008, LumiSection 362 on stream 0 at 11-Jun-2024 13:15:58.427 CEST
11-Jun-2024 13:15:59 CEST  Closed file root://xrootd-cms.infn.it//store/mc/RunIISummer20UL17MiniAODv2/QCD_Pt_3200toInf_TuneCP5_13TeV_pythia8/MINIAODSIM/106X_mc2017_realistic_v9-v1/240000/D6352560-DCAD-384E-BE07-CFEBD0C225D2.root
11-Jun-2024 13:15:59 CEST  Initiating request to open file root://eoscms.cern.ch//eos/cms/store/mc/RunIISummer20UL17MiniAODv2/QCD_Pt_3200toInf_TuneCP5_13TeV_pythia8/MINIAODSIM/106X_mc2017_realistic_v9-v1/240000/46A33588-0878-DE4B-8E35-D3006F3ECBCB.root
%MSG-w XrdAdaptorInternal:  file_open 11-Jun-2024 13:16:00 CEST PostProcessEvent
Failed to open file at URL root://eoscms.cern.ch:1094//eos/cms/store/mc/RunIISummer20UL17MiniAODv2/QCD_Pt_3200toInf_TuneCP5_13TeV_pythia8/MINIAODSIM/106X_mc2017_realistic_v9-v1/240000/46A33588-0878-DE4B-8E35-D3006F3ECBCB.root.
%MSG
%MSG-w XrdAdaptorInternal:  file_open 11-Jun-2024 13:16:00 CEST PostProcessEvent
Failed to open file at URL root://eoscms.cern.ch:1094//eos/cms/store/mc/RunIISummer20UL17MiniAODv2/QCD_Pt_3200toInf_TuneCP5_13TeV_pythia8/MINIAODSIM/106X_mc2017_realistic_v9-v1/240000/46A33588-0878-DE4B-8E35-D3006F3ECBCB.root?tried=.
%MSG
11-Jun-2024 13:16:00 CEST  Fallback request to file root://xrootd-cms.infn.it//store/mc/RunIISummer20UL17MiniAODv2/QCD_Pt_3200toInf_TuneCP5_13TeV_pythia8/MINIAODSIM/106X_mc2017_realistic_v9-v1/240000/46A33588-0878-DE4B-8E35-D3006F3ECBCB.root
%MSG-w XrdAdaptor:  file_open 11-Jun-2024 13:16:13 CEST PostProcessEvent
Data is served from T2_US_Nebraska instead of original site infn.it
%MSG
11-Jun-2024 13:16:14 CEST  Successfully opened file root://xrootd-cms.infn.it//store/mc/RunIISummer20UL17MiniAODv2/QCD_Pt_3200toInf_TuneCP5_13TeV_pythia8/MINIAODSIM/106X_mc2017_realistic_v9-v1/240000/46A33588-0878-DE4B-8E35-D3006F3ECBCB.root
11-Jun-2024 13:16:22 CEST  Closed file root://xrootd-cms.infn.it//store/mc/RunIISummer20UL17MiniAODv2/QCD_Pt_3200toInf_TuneCP5_13TeV_pythia8/MINIAODSIM/106X_mc2017_realistic_v9-v1/240000/46A33588-0878-DE4B-8E35-D3006F3ECBCB.root
11-Jun-2024 13:16:22 CEST  Initiating request to open file root://eoscms.cern.ch//eos/cms/store/mc/RunIISummer20UL17MiniAODv2/QCD_Pt_3200toInf_TuneCP5_13TeV_pythia8/MINIAODSIM/106X_mc2017_realistic_v9-v1/240000/28D24EFF-9072-A245-878B-F7B6A56EAE94.root
%MSG-w XrdAdaptorInternal:  file_open 11-Jun-2024 13:16:23 CEST PostProcessEvent
Failed to open file at URL root://eoscms.cern.ch:1094//eos/cms/store/mc/RunIISummer20UL17MiniAODv2/QCD_Pt_3200toInf_TuneCP5_13TeV_pythia8/MINIAODSIM/106X_mc2017_realistic_v9-v1/240000/28D24EFF-9072-A245-878B-F7B6A56EAE94.root.
%MSG
%MSG-w XrdAdaptorInternal:  file_open 11-Jun-2024 13:16:23 CEST PostProcessEvent
Failed to open file at URL root://eoscms.cern.ch:1094//eos/cms/store/mc/RunIISummer20UL17MiniAODv2/QCD_Pt_3200toInf_TuneCP5_13TeV_pythia8/MINIAODSIM/106X_mc2017_realistic_v9-v1/240000/28D24EFF-9072-A245-878B-F7B6A56EAE94.root?tried=.
%MSG
11-Jun-2024 13:16:23 CEST  Fallback request to file root://xrootd-cms.infn.it//store/mc/RunIISummer20UL17MiniAODv2/QCD_Pt_3200toInf_TuneCP5_13TeV_pythia8/MINIAODSIM/106X_mc2017_realistic_v9-v1/240000/28D24EFF-9072-A245-878B-F7B6A56EAE94.root
%MSG-w XrdAdaptor:  file_open 11-Jun-2024 13:16:37 CEST PostProcessEvent
Data is served from T2_US_Nebraska instead of original site infn.it
%MSG
11-Jun-2024 13:16:38 CEST  Successfully opened file root://xrootd-cms.infn.it//store/mc/RunIISummer20UL17MiniAODv2/QCD_Pt_3200toInf_TuneCP5_13TeV_pythia8/MINIAODSIM/106X_mc2017_realistic_v9-v1/240000/28D24EFF-9072-A245-878B-F7B6A56EAE94.root
Begin processing the 600001st record. Run 1, Event 914007, LumiSection 915 on stream 0 at 11-Jun-2024 13:16:55.416 CEST
11-Jun-2024 13:16:55 CEST  Closed file root://xrootd-cms.infn.it//store/mc/RunIISummer20UL17MiniAODv2/QCD_Pt_3200toInf_TuneCP5_13TeV_pythia8/MINIAODSIM/106X_mc2017_realistic_v9-v1/240000/28D24EFF-9072-A245-878B-F7B6A56EAE94.root
11-Jun-2024 13:16:55 CEST  Initiating request to open file root://eoscms.cern.ch//eos/cms/store/mc/RunIISummer20UL17MiniAODv2/QCD_Pt_3200toInf_TuneCP5_13TeV_pythia8/MINIAODSIM/106X_mc2017_realistic_v9-v1/240000/2ED889E8-2171-3E42-B21B-A80BD6C40180.root
%MSG-w XrdAdaptorInternal:  file_open 11-Jun-2024 13:16:56 CEST PostProcessEvent
Failed to open file at URL root://eoscms.cern.ch:1094//eos/cms/store/mc/RunIISummer20UL17MiniAODv2/QCD_Pt_3200toInf_TuneCP5_13TeV_pythia8/MINIAODSIM/106X_mc2017_realistic_v9-v1/240000/2ED889E8-2171-3E42-B21B-A80BD6C40180.root.
%MSG
%MSG-w XrdAdaptorInternal:  file_open 11-Jun-2024 13:16:56 CEST PostProcessEvent
Failed to open file at URL root://eoscms.cern.ch:1094//eos/cms/store/mc/RunIISummer20UL17MiniAODv2/QCD_Pt_3200toInf_TuneCP5_13TeV_pythia8/MINIAODSIM/106X_mc2017_realistic_v9-v1/240000/2ED889E8-2171-3E42-B21B-A80BD6C40180.root?tried=.
%MSG
11-Jun-2024 13:16:56 CEST  Fallback request to file root://xrootd-cms.infn.it//store/mc/RunIISummer20UL17MiniAODv2/QCD_Pt_3200toInf_TuneCP5_13TeV_pythia8/MINIAODSIM/106X_mc2017_realistic_v9-v1/240000/2ED889E8-2171-3E42-B21B-A80BD6C40180.root
%MSG-w XrdAdaptor:  file_open 11-Jun-2024 13:17:09 CEST PostProcessEvent
Data is served from T2_US_Nebraska instead of original site infn.it
%MSG
11-Jun-2024 13:17:10 CEST  Successfully opened file root://xrootd-cms.infn.it//store/mc/RunIISummer20UL17MiniAODv2/QCD_Pt_3200toInf_TuneCP5_13TeV_pythia8/MINIAODSIM/106X_mc2017_realistic_v9-v1/240000/2ED889E8-2171-3E42-B21B-A80BD6C40180.root
11-Jun-2024 13:17:38 CEST  Closed file root://xrootd-cms.infn.it//store/mc/RunIISummer20UL17MiniAODv2/QCD_Pt_3200toInf_TuneCP5_13TeV_pythia8/MINIAODSIM/106X_mc2017_realistic_v9-v1/240000/2ED889E8-2171-3E42-B21B-A80BD6C40180.root
11-Jun-2024 13:17:38 CEST  Initiating request to open file root://eoscms.cern.ch//eos/cms/store/mc/RunIISummer20UL17MiniAODv2/QCD_Pt_3200toInf_TuneCP5_13TeV_pythia8/MINIAODSIM/106X_mc2017_realistic_v9-v1/240000/CC7F5173-27E5-DF4A-87DF-A2ECE881A2AA.root
%MSG-w XrdAdaptorInternal:  file_open 11-Jun-2024 13:17:39 CEST PostProcessEvent
Failed to open file at URL root://eoscms.cern.ch:1094//eos/cms/store/mc/RunIISummer20UL17MiniAODv2/QCD_Pt_3200toInf_TuneCP5_13TeV_pythia8/MINIAODSIM/106X_mc2017_realistic_v9-v1/240000/CC7F5173-27E5-DF4A-87DF-A2ECE881A2AA.root.
%MSG
%MSG-w XrdAdaptorInternal:  file_open 11-Jun-2024 13:17:39 CEST PostProcessEvent
Failed to open file at URL root://eoscms.cern.ch:1094//eos/cms/store/mc/RunIISummer20UL17MiniAODv2/QCD_Pt_3200toInf_TuneCP5_13TeV_pythia8/MINIAODSIM/106X_mc2017_realistic_v9-v1/240000/CC7F5173-27E5-DF4A-87DF-A2ECE881A2AA.root?tried=.
%MSG
11-Jun-2024 13:17:39 CEST  Fallback request to file root://xrootd-cms.infn.it//store/mc/RunIISummer20UL17MiniAODv2/QCD_Pt_3200toInf_TuneCP5_13TeV_pythia8/MINIAODSIM/106X_mc2017_realistic_v9-v1/240000/CC7F5173-27E5-DF4A-87DF-A2ECE881A2AA.root
%MSG-w XrdAdaptor:  file_open 11-Jun-2024 13:17:52 CEST PostProcessEvent
Data is served from T2_US_Nebraska instead of original site infn.it
%MSG
11-Jun-2024 13:17:53 CEST  Successfully opened file root://xrootd-cms.infn.it//store/mc/RunIISummer20UL17MiniAODv2/QCD_Pt_3200toInf_TuneCP5_13TeV_pythia8/MINIAODSIM/106X_mc2017_realistic_v9-v1/240000/CC7F5173-27E5-DF4A-87DF-A2ECE881A2AA.root
Begin processing the 700001st record. Run 1, Event 720010, LumiSection 721 on stream 0 at 11-Jun-2024 13:18:18.363 CEST
11-Jun-2024 13:18:20 CEST  Closed file root://xrootd-cms.infn.it//store/mc/RunIISummer20UL17MiniAODv2/QCD_Pt_3200toInf_TuneCP5_13TeV_pythia8/MINIAODSIM/106X_mc2017_realistic_v9-v1/240000/CC7F5173-27E5-DF4A-87DF-A2ECE881A2AA.root
11-Jun-2024 13:18:20 CEST  Initiating request to open file root://eoscms.cern.ch//eos/cms/store/mc/RunIISummer20UL17MiniAODv2/QCD_Pt_3200toInf_TuneCP5_13TeV_pythia8/MINIAODSIM/106X_mc2017_realistic_v9-v1/240000/CF267996-6005-C142-8B6A-A55EF7FBC285.root
%MSG-w XrdAdaptorInternal:  file_open 11-Jun-2024 13:18:21 CEST PostProcessEvent
Failed to open file at URL root://eoscms.cern.ch:1094//eos/cms/store/mc/RunIISummer20UL17MiniAODv2/QCD_Pt_3200toInf_TuneCP5_13TeV_pythia8/MINIAODSIM/106X_mc2017_realistic_v9-v1/240000/CF267996-6005-C142-8B6A-A55EF7FBC285.root.
%MSG
%MSG-w XrdAdaptorInternal:  file_open 11-Jun-2024 13:18:21 CEST PostProcessEvent
Failed to open file at URL root://eoscms.cern.ch:1094//eos/cms/store/mc/RunIISummer20UL17MiniAODv2/QCD_Pt_3200toInf_TuneCP5_13TeV_pythia8/MINIAODSIM/106X_mc2017_realistic_v9-v1/240000/CF267996-6005-C142-8B6A-A55EF7FBC285.root?tried=.
%MSG
11-Jun-2024 13:18:21 CEST  Fallback request to file root://xrootd-cms.infn.it//store/mc/RunIISummer20UL17MiniAODv2/QCD_Pt_3200toInf_TuneCP5_13TeV_pythia8/MINIAODSIM/106X_mc2017_realistic_v9-v1/240000/CF267996-6005-C142-8B6A-A55EF7FBC285.root
%MSG-w XrdAdaptor:  file_open 11-Jun-2024 13:18:34 CEST PostProcessEvent
Data is served from T2_US_Nebraska instead of original site infn.it
%MSG
11-Jun-2024 13:18:35 CEST  Successfully opened file root://xrootd-cms.infn.it//store/mc/RunIISummer20UL17MiniAODv2/QCD_Pt_3200toInf_TuneCP5_13TeV_pythia8/MINIAODSIM/106X_mc2017_realistic_v9-v1/240000/CF267996-6005-C142-8B6A-A55EF7FBC285.root
Begin processing the 800001st record. Run 1, Event 43007, LumiSection 44 on stream 0 at 11-Jun-2024 13:19:00.692 CEST
11-Jun-2024 13:19:02 CEST  Closed file root://xrootd-cms.infn.it//store/mc/RunIISummer20UL17MiniAODv2/QCD_Pt_3200toInf_TuneCP5_13TeV_pythia8/MINIAODSIM/106X_mc2017_realistic_v9-v1/240000/CF267996-6005-C142-8B6A-A55EF7FBC285.root
11-Jun-2024 13:19:02 CEST  Initiating request to open file root://eoscms.cern.ch//eos/cms/store/mc/RunIISummer20UL17MiniAODv2/QCD_Pt_3200toInf_TuneCP5_13TeV_pythia8/MINIAODSIM/106X_mc2017_realistic_v9-v1/240000/393906BD-3393-8F4F-8163-3D4B354887F4.root
%MSG-w XrdAdaptorInternal:  file_open 11-Jun-2024 13:19:03 CEST PostProcessEvent
Failed to open file at URL root://eoscms.cern.ch:1094//eos/cms/store/mc/RunIISummer20UL17MiniAODv2/QCD_Pt_3200toInf_TuneCP5_13TeV_pythia8/MINIAODSIM/106X_mc2017_realistic_v9-v1/240000/393906BD-3393-8F4F-8163-3D4B354887F4.root.
%MSG
%MSG-w XrdAdaptorInternal:  file_open 11-Jun-2024 13:19:03 CEST PostProcessEvent
Failed to open file at URL root://eoscms.cern.ch:1094//eos/cms/store/mc/RunIISummer20UL17MiniAODv2/QCD_Pt_3200toInf_TuneCP5_13TeV_pythia8/MINIAODSIM/106X_mc2017_realistic_v9-v1/240000/393906BD-3393-8F4F-8163-3D4B354887F4.root?tried=.
%MSG
11-Jun-2024 13:19:03 CEST  Fallback request to file root://xrootd-cms.infn.it//store/mc/RunIISummer20UL17MiniAODv2/QCD_Pt_3200toInf_TuneCP5_13TeV_pythia8/MINIAODSIM/106X_mc2017_realistic_v9-v1/240000/393906BD-3393-8F4F-8163-3D4B354887F4.root
%MSG-w XrdAdaptor:  file_open 11-Jun-2024 13:19:16 CEST PostProcessEvent
Data is served from T2_US_Nebraska instead of original site infn.it
%MSG
11-Jun-2024 13:19:17 CEST  Successfully opened file root://xrootd-cms.infn.it//store/mc/RunIISummer20UL17MiniAODv2/QCD_Pt_3200toInf_TuneCP5_13TeV_pythia8/MINIAODSIM/106X_mc2017_realistic_v9-v1/240000/393906BD-3393-8F4F-8163-3D4B354887F4.root
Begin processing the 900001st record. Run 1, Event 614003, LumiSection 615 on stream 0 at 11-Jun-2024 13:19:43.478 CEST
11-Jun-2024 13:19:44 CEST  Closed file root://xrootd-cms.infn.it//store/mc/RunIISummer20UL17MiniAODv2/QCD_Pt_3200toInf_TuneCP5_13TeV_pythia8/MINIAODSIM/106X_mc2017_realistic_v9-v1/240000/393906BD-3393-8F4F-8163-3D4B354887F4.root
11-Jun-2024 13:19:44 CEST  Initiating request to open file root://eoscms.cern.ch//eos/cms/store/mc/RunIISummer20UL17MiniAODv2/QCD_Pt_3200toInf_TuneCP5_13TeV_pythia8/MINIAODSIM/106X_mc2017_realistic_v9-v1/240000/C83B87EB-66E1-A447-BDB1-56B12A6EB8BA.root
%MSG-w XrdAdaptorInternal:  file_open 11-Jun-2024 13:19:45 CEST PostProcessEvent
Failed to open file at URL root://eoscms.cern.ch:1094//eos/cms/store/mc/RunIISummer20UL17MiniAODv2/QCD_Pt_3200toInf_TuneCP5_13TeV_pythia8/MINIAODSIM/106X_mc2017_realistic_v9-v1/240000/C83B87EB-66E1-A447-BDB1-56B12A6EB8BA.root.
%MSG
%MSG-w XrdAdaptorInternal:  file_open 11-Jun-2024 13:19:45 CEST PostProcessEvent
Failed to open file at URL root://eoscms.cern.ch:1094//eos/cms/store/mc/RunIISummer20UL17MiniAODv2/QCD_Pt_3200toInf_TuneCP5_13TeV_pythia8/MINIAODSIM/106X_mc2017_realistic_v9-v1/240000/C83B87EB-66E1-A447-BDB1-56B12A6EB8BA.root?tried=.
%MSG
11-Jun-2024 13:19:45 CEST  Fallback request to file root://xrootd-cms.infn.it//store/mc/RunIISummer20UL17MiniAODv2/QCD_Pt_3200toInf_TuneCP5_13TeV_pythia8/MINIAODSIM/106X_mc2017_realistic_v9-v1/240000/C83B87EB-66E1-A447-BDB1-56B12A6EB8BA.root
Unable to load sec.protocol plugin libXrdSecztn.so
%MSG-w XrdAdaptor:  file_open 11-Jun-2024 13:19:59 CEST PostProcessEvent
Data is served from fnal.gov instead of original site infn.it
%MSG
11-Jun-2024 13:20:00 CEST  Successfully opened file root://xrootd-cms.infn.it//store/mc/RunIISummer20UL17MiniAODv2/QCD_Pt_3200toInf_TuneCP5_13TeV_pythia8/MINIAODSIM/106X_mc2017_realistic_v9-v1/240000/C83B87EB-66E1-A447-BDB1-56B12A6EB8BA.root
Unable to load sec.protocol plugin libXrdSecztn.so
11-Jun-2024 13:20:06 CEST  Closed file root://xrootd-cms.infn.it//store/mc/RunIISummer20UL17MiniAODv2/QCD_Pt_3200toInf_TuneCP5_13TeV_pythia8/MINIAODSIM/106X_mc2017_realistic_v9-v1/240000/C83B87EB-66E1-A447-BDB1-56B12A6EB8BA.root
11-Jun-2024 13:20:06 CEST  Initiating request to open file root://eoscms.cern.ch//eos/cms/store/mc/RunIISummer20UL17MiniAODv2/QCD_Pt_3200toInf_TuneCP5_13TeV_pythia8/MINIAODSIM/106X_mc2017_realistic_v9-v1/00000/4E9A4E2A-AE56-7F49-B5DB-8B514BFDE1F3.root
%MSG-w XrdAdaptorInternal:  file_open 11-Jun-2024 13:20:07 CEST PostProcessEvent
Failed to open file at URL root://eoscms.cern.ch:1094//eos/cms/store/mc/RunIISummer20UL17MiniAODv2/QCD_Pt_3200toInf_TuneCP5_13TeV_pythia8/MINIAODSIM/106X_mc2017_realistic_v9-v1/00000/4E9A4E2A-AE56-7F49-B5DB-8B514BFDE1F3.root.
%MSG
%MSG-w XrdAdaptorInternal:  file_open 11-Jun-2024 13:20:07 CEST PostProcessEvent
Failed to open file at URL root://eoscms.cern.ch:1094//eos/cms/store/mc/RunIISummer20UL17MiniAODv2/QCD_Pt_3200toInf_TuneCP5_13TeV_pythia8/MINIAODSIM/106X_mc2017_realistic_v9-v1/00000/4E9A4E2A-AE56-7F49-B5DB-8B514BFDE1F3.root?tried=.
%MSG
11-Jun-2024 13:20:07 CEST  Fallback request to file root://xrootd-cms.infn.it//store/mc/RunIISummer20UL17MiniAODv2/QCD_Pt_3200toInf_TuneCP5_13TeV_pythia8/MINIAODSIM/106X_mc2017_realistic_v9-v1/00000/4E9A4E2A-AE56-7F49-B5DB-8B514BFDE1F3.root
%MSG-w XrdAdaptor:  file_open 11-Jun-2024 13:20:20 CEST PostProcessEvent
Data is served from fnal.gov instead of original site infn.it
%MSG
11-Jun-2024 13:20:20 CEST  Successfully opened file root://xrootd-cms.infn.it//store/mc/RunIISummer20UL17MiniAODv2/QCD_Pt_3200toInf_TuneCP5_13TeV_pythia8/MINIAODSIM/106X_mc2017_realistic_v9-v1/00000/4E9A4E2A-AE56-7F49-B5DB-8B514BFDE1F3.root
11-Jun-2024 13:20:26 CEST  Closed file root://xrootd-cms.infn.it//store/mc/RunIISummer20UL17MiniAODv2/QCD_Pt_3200toInf_TuneCP5_13TeV_pythia8/MINIAODSIM/106X_mc2017_realistic_v9-v1/00000/4E9A4E2A-AE56-7F49-B5DB-8B514BFDE1F3.root

------------------------------------
GenXsecAnalyzer:
------------------------------------
Before Filter: total cross section = 1.352e-04 +- 7.103e-08 pb
Filter efficiency (taking into account weights)= (1e+06) / (1e+06) = 1.000e+00 +- 0.000e+00
Filter efficiency (event-level)= (1e+06) / (1e+06) = 1.000e+00 +- 0.000e+00    [TO BE USED IN MCM]

After filter: final cross section = 1.352e-04 +- 7.103e-08 pb
After filter: final fraction of events with negative weights = 0.000e+00 +- 0.000e+00
After filter: final equivalent lumi for 1M events (1/fb) = 7.396e+06 +- 8.354e+03

=============================================

MessageLogger Summary

 type     category        sev    module        subroutine        count    total
 ---- -------------------- -- ---------------- ----------------  -----    -----
    1 GenXSecAnalyzer      -w GenXSecAnalyzer:                       7        7
    2 XrdAdaptor           -w file_open                             25       25
    3 XrdAdaptorInternal   -w file_open                             50       50
    4 fileAction           -s file_close                            25       25
    5 fileAction           -s file_open                             75       75

 type    category    Examples: run/evt        run/evt          run/evt
 ---- -------------------- ---------------- ---------------- ----------------
    1 GenXSecAnalyzer      PostGlobalEndRun PostGlobalEndRun PostGlobalEndRun
    2 XrdAdaptor           pre-events       PostProcessEvent PostProcessEvent
    3 XrdAdaptorInternal   pre-events       pre-events       PostProcessEvent
    4 fileAction           PostProcessEvent PostProcessEvent PostGlobalEndRun
    5 fileAction           pre-events       pre-events       PostProcessEvent

Severity    # Occurrences   Total Occurrences
--------    -------------   -----------------
Warning                82                  82
System                100                 100

dropped waiting message count 0
