11-Jun-2024 12:40:38 CEST  Initiating request to open file root://eoscms.cern.ch//eos/cms/store/mc/RunIISummer20UL17MiniAODv2/QCD_Pt_1000to1400_TuneCP5_13TeV_pythia8/MINIAODSIM/106X_mc2017_realistic_v9-v1/30000/659D69AC-236B-504A-A579-48F0D2C9152C.root
%MSG-w XrdAdaptorInternal:  file_open 11-Jun-2024 12:40:39 CEST pre-events
Failed to open file at URL root://eoscms.cern.ch:1094//eos/cms/store/mc/RunIISummer20UL17MiniAODv2/QCD_Pt_1000to1400_TuneCP5_13TeV_pythia8/MINIAODSIM/106X_mc2017_realistic_v9-v1/30000/659D69AC-236B-504A-A579-48F0D2C9152C.root.
%MSG
%MSG-w XrdAdaptorInternal:  file_open 11-Jun-2024 12:40:39 CEST pre-events
Failed to open file at URL root://eoscms.cern.ch:1094//eos/cms/store/mc/RunIISummer20UL17MiniAODv2/QCD_Pt_1000to1400_TuneCP5_13TeV_pythia8/MINIAODSIM/106X_mc2017_realistic_v9-v1/30000/659D69AC-236B-504A-A579-48F0D2C9152C.root?tried=.
%MSG
11-Jun-2024 12:40:39 CEST  Fallback request to file root://xrootd-cms.infn.it//store/mc/RunIISummer20UL17MiniAODv2/QCD_Pt_1000to1400_TuneCP5_13TeV_pythia8/MINIAODSIM/106X_mc2017_realistic_v9-v1/30000/659D69AC-236B-504A-A579-48F0D2C9152C.root
%MSG-w XrdAdaptor:  file_open 11-Jun-2024 12:40:55 CEST pre-events
Data is served from T2_US_Florida instead of original site T2_FR_GRIF_LLR
%MSG
11-Jun-2024 12:40:58 CEST  Successfully opened file root://xrootd-cms.infn.it//store/mc/RunIISummer20UL17MiniAODv2/QCD_Pt_1000to1400_TuneCP5_13TeV_pythia8/MINIAODSIM/106X_mc2017_realistic_v9-v1/30000/659D69AC-236B-504A-A579-48F0D2C9152C.root
Begin processing the 1st record. Run 1, Event 51002, LumiSection 52 on stream 0 at 11-Jun-2024 12:41:06.603 CEST
11-Jun-2024 12:41:10 CEST  Closed file root://xrootd-cms.infn.it//store/mc/RunIISummer20UL17MiniAODv2/QCD_Pt_1000to1400_TuneCP5_13TeV_pythia8/MINIAODSIM/106X_mc2017_realistic_v9-v1/30000/659D69AC-236B-504A-A579-48F0D2C9152C.root
11-Jun-2024 12:41:10 CEST  Initiating request to open file root://eoscms.cern.ch//eos/cms/store/mc/RunIISummer20UL17MiniAODv2/QCD_Pt_1000to1400_TuneCP5_13TeV_pythia8/MINIAODSIM/106X_mc2017_realistic_v9-v1/30000/3BBDE670-A6FF-414B-8F5C-3453984348F5.root
%MSG-w XrdAdaptorInternal:  file_open 11-Jun-2024 12:41:11 CEST PostProcessEvent
Failed to open file at URL root://eoscms.cern.ch:1094//eos/cms/store/mc/RunIISummer20UL17MiniAODv2/QCD_Pt_1000to1400_TuneCP5_13TeV_pythia8/MINIAODSIM/106X_mc2017_realistic_v9-v1/30000/3BBDE670-A6FF-414B-8F5C-3453984348F5.root.
%MSG
%MSG-w XrdAdaptorInternal:  file_open 11-Jun-2024 12:41:11 CEST PostProcessEvent
Failed to open file at URL root://eoscms.cern.ch:1094//eos/cms/store/mc/RunIISummer20UL17MiniAODv2/QCD_Pt_1000to1400_TuneCP5_13TeV_pythia8/MINIAODSIM/106X_mc2017_realistic_v9-v1/30000/3BBDE670-A6FF-414B-8F5C-3453984348F5.root?tried=.
%MSG
11-Jun-2024 12:41:11 CEST  Fallback request to file root://xrootd-cms.infn.it//store/mc/RunIISummer20UL17MiniAODv2/QCD_Pt_1000to1400_TuneCP5_13TeV_pythia8/MINIAODSIM/106X_mc2017_realistic_v9-v1/30000/3BBDE670-A6FF-414B-8F5C-3453984348F5.root
%MSG-w XrdAdaptor:  file_open 11-Jun-2024 12:41:25 CEST PostProcessEvent
Data is served from T2_US_Florida instead of original site T2_FR_GRIF_LLR
%MSG
11-Jun-2024 12:41:26 CEST  Successfully opened file root://xrootd-cms.infn.it//store/mc/RunIISummer20UL17MiniAODv2/QCD_Pt_1000to1400_TuneCP5_13TeV_pythia8/MINIAODSIM/106X_mc2017_realistic_v9-v1/30000/3BBDE670-A6FF-414B-8F5C-3453984348F5.root
Begin processing the 100001st record. Run 1, Event 8821010, LumiSection 8822 on stream 0 at 11-Jun-2024 12:41:35.831 CEST
11-Jun-2024 12:41:37 CEST  Closed file root://xrootd-cms.infn.it//store/mc/RunIISummer20UL17MiniAODv2/QCD_Pt_1000to1400_TuneCP5_13TeV_pythia8/MINIAODSIM/106X_mc2017_realistic_v9-v1/30000/3BBDE670-A6FF-414B-8F5C-3453984348F5.root
11-Jun-2024 12:41:37 CEST  Initiating request to open file root://eoscms.cern.ch//eos/cms/store/mc/RunIISummer20UL17MiniAODv2/QCD_Pt_1000to1400_TuneCP5_13TeV_pythia8/MINIAODSIM/106X_mc2017_realistic_v9-v1/30000/6C66B7C5-87EB-2B42-AC66-839D3F44636F.root
%MSG-w XrdAdaptorInternal:  file_open 11-Jun-2024 12:41:38 CEST PostProcessEvent
Failed to open file at URL root://eoscms.cern.ch:1094//eos/cms/store/mc/RunIISummer20UL17MiniAODv2/QCD_Pt_1000to1400_TuneCP5_13TeV_pythia8/MINIAODSIM/106X_mc2017_realistic_v9-v1/30000/6C66B7C5-87EB-2B42-AC66-839D3F44636F.root.
%MSG
%MSG-w XrdAdaptorInternal:  file_open 11-Jun-2024 12:41:38 CEST PostProcessEvent
Failed to open file at URL root://eoscms.cern.ch:1094//eos/cms/store/mc/RunIISummer20UL17MiniAODv2/QCD_Pt_1000to1400_TuneCP5_13TeV_pythia8/MINIAODSIM/106X_mc2017_realistic_v9-v1/30000/6C66B7C5-87EB-2B42-AC66-839D3F44636F.root?tried=.
%MSG
11-Jun-2024 12:41:38 CEST  Fallback request to file root://xrootd-cms.infn.it//store/mc/RunIISummer20UL17MiniAODv2/QCD_Pt_1000to1400_TuneCP5_13TeV_pythia8/MINIAODSIM/106X_mc2017_realistic_v9-v1/30000/6C66B7C5-87EB-2B42-AC66-839D3F44636F.root
%MSG-w XrdAdaptor:  file_open 11-Jun-2024 12:41:52 CEST PostProcessEvent
Data is served from T2_US_Florida instead of original site T2_FR_GRIF_LLR
%MSG
11-Jun-2024 12:41:52 CEST  Successfully opened file root://xrootd-cms.infn.it//store/mc/RunIISummer20UL17MiniAODv2/QCD_Pt_1000to1400_TuneCP5_13TeV_pythia8/MINIAODSIM/106X_mc2017_realistic_v9-v1/30000/6C66B7C5-87EB-2B42-AC66-839D3F44636F.root
Begin processing the 200001st record. Run 1, Event 18614006, LumiSection 18615 on stream 0 at 11-Jun-2024 12:42:02.282 CEST
11-Jun-2024 12:42:03 CEST  Closed file root://xrootd-cms.infn.it//store/mc/RunIISummer20UL17MiniAODv2/QCD_Pt_1000to1400_TuneCP5_13TeV_pythia8/MINIAODSIM/106X_mc2017_realistic_v9-v1/30000/6C66B7C5-87EB-2B42-AC66-839D3F44636F.root
11-Jun-2024 12:42:03 CEST  Initiating request to open file root://eoscms.cern.ch//eos/cms/store/mc/RunIISummer20UL17MiniAODv2/QCD_Pt_1000to1400_TuneCP5_13TeV_pythia8/MINIAODSIM/106X_mc2017_realistic_v9-v1/30000/AC8CD741-62A4-DC4C-B49F-30699987D37B.root
%MSG-w XrdAdaptorInternal:  file_open 11-Jun-2024 12:42:04 CEST PostProcessEvent
Failed to open file at URL root://eoscms.cern.ch:1094//eos/cms/store/mc/RunIISummer20UL17MiniAODv2/QCD_Pt_1000to1400_TuneCP5_13TeV_pythia8/MINIAODSIM/106X_mc2017_realistic_v9-v1/30000/AC8CD741-62A4-DC4C-B49F-30699987D37B.root.
%MSG
%MSG-w XrdAdaptorInternal:  file_open 11-Jun-2024 12:42:04 CEST PostProcessEvent
Failed to open file at URL root://eoscms.cern.ch:1094//eos/cms/store/mc/RunIISummer20UL17MiniAODv2/QCD_Pt_1000to1400_TuneCP5_13TeV_pythia8/MINIAODSIM/106X_mc2017_realistic_v9-v1/30000/AC8CD741-62A4-DC4C-B49F-30699987D37B.root?tried=.
%MSG
11-Jun-2024 12:42:04 CEST  Fallback request to file root://xrootd-cms.infn.it//store/mc/RunIISummer20UL17MiniAODv2/QCD_Pt_1000to1400_TuneCP5_13TeV_pythia8/MINIAODSIM/106X_mc2017_realistic_v9-v1/30000/AC8CD741-62A4-DC4C-B49F-30699987D37B.root
%MSG-w XrdAdaptor:  file_open 11-Jun-2024 12:42:19 CEST PostProcessEvent
Data is served from T2_US_Nebraska instead of original site T2_FR_GRIF_LLR
%MSG
11-Jun-2024 12:42:20 CEST  Successfully opened file root://xrootd-cms.infn.it//store/mc/RunIISummer20UL17MiniAODv2/QCD_Pt_1000to1400_TuneCP5_13TeV_pythia8/MINIAODSIM/106X_mc2017_realistic_v9-v1/30000/AC8CD741-62A4-DC4C-B49F-30699987D37B.root
Begin processing the 300001st record. Run 1, Event 1002011, LumiSection 1003 on stream 0 at 11-Jun-2024 12:42:45.387 CEST
11-Jun-2024 12:42:46 CEST  Closed file root://xrootd-cms.infn.it//store/mc/RunIISummer20UL17MiniAODv2/QCD_Pt_1000to1400_TuneCP5_13TeV_pythia8/MINIAODSIM/106X_mc2017_realistic_v9-v1/30000/AC8CD741-62A4-DC4C-B49F-30699987D37B.root
11-Jun-2024 12:42:46 CEST  Initiating request to open file root://eoscms.cern.ch//eos/cms/store/mc/RunIISummer20UL17MiniAODv2/QCD_Pt_1000to1400_TuneCP5_13TeV_pythia8/MINIAODSIM/106X_mc2017_realistic_v9-v1/30000/02F544AA-6527-D246-8B05-4A81B5AFBC12.root
%MSG-w XrdAdaptorInternal:  file_open 11-Jun-2024 12:42:47 CEST PostProcessEvent
Failed to open file at URL root://eoscms.cern.ch:1094//eos/cms/store/mc/RunIISummer20UL17MiniAODv2/QCD_Pt_1000to1400_TuneCP5_13TeV_pythia8/MINIAODSIM/106X_mc2017_realistic_v9-v1/30000/02F544AA-6527-D246-8B05-4A81B5AFBC12.root.
%MSG
%MSG-w XrdAdaptorInternal:  file_open 11-Jun-2024 12:42:47 CEST PostProcessEvent
Failed to open file at URL root://eoscms.cern.ch:1094//eos/cms/store/mc/RunIISummer20UL17MiniAODv2/QCD_Pt_1000to1400_TuneCP5_13TeV_pythia8/MINIAODSIM/106X_mc2017_realistic_v9-v1/30000/02F544AA-6527-D246-8B05-4A81B5AFBC12.root?tried=.
%MSG
11-Jun-2024 12:42:47 CEST  Fallback request to file root://xrootd-cms.infn.it//store/mc/RunIISummer20UL17MiniAODv2/QCD_Pt_1000to1400_TuneCP5_13TeV_pythia8/MINIAODSIM/106X_mc2017_realistic_v9-v1/30000/02F544AA-6527-D246-8B05-4A81B5AFBC12.root
%MSG-w XrdAdaptor:  file_open 11-Jun-2024 12:43:01 CEST PostProcessEvent
Data is served from T2_US_Nebraska instead of original site T2_FR_GRIF_LLR
%MSG
11-Jun-2024 12:43:02 CEST  Successfully opened file root://xrootd-cms.infn.it//store/mc/RunIISummer20UL17MiniAODv2/QCD_Pt_1000to1400_TuneCP5_13TeV_pythia8/MINIAODSIM/106X_mc2017_realistic_v9-v1/30000/02F544AA-6527-D246-8B05-4A81B5AFBC12.root
Begin processing the 400001st record. Run 1, Event 2323006, LumiSection 2324 on stream 0 at 11-Jun-2024 12:43:29.801 CEST
11-Jun-2024 12:43:30 CEST  Closed file root://xrootd-cms.infn.it//store/mc/RunIISummer20UL17MiniAODv2/QCD_Pt_1000to1400_TuneCP5_13TeV_pythia8/MINIAODSIM/106X_mc2017_realistic_v9-v1/30000/02F544AA-6527-D246-8B05-4A81B5AFBC12.root
11-Jun-2024 12:43:30 CEST  Initiating request to open file root://eoscms.cern.ch//eos/cms/store/mc/RunIISummer20UL17MiniAODv2/QCD_Pt_1000to1400_TuneCP5_13TeV_pythia8/MINIAODSIM/106X_mc2017_realistic_v9-v1/30000/F60EA8F6-3C35-054C-9265-CA2BEEF279F5.root
%MSG-w XrdAdaptorInternal:  file_open 11-Jun-2024 12:43:31 CEST PostProcessEvent
Failed to open file at URL root://eoscms.cern.ch:1094//eos/cms/store/mc/RunIISummer20UL17MiniAODv2/QCD_Pt_1000to1400_TuneCP5_13TeV_pythia8/MINIAODSIM/106X_mc2017_realistic_v9-v1/30000/F60EA8F6-3C35-054C-9265-CA2BEEF279F5.root.
%MSG
%MSG-w XrdAdaptorInternal:  file_open 11-Jun-2024 12:43:31 CEST PostProcessEvent
Failed to open file at URL root://eoscms.cern.ch:1094//eos/cms/store/mc/RunIISummer20UL17MiniAODv2/QCD_Pt_1000to1400_TuneCP5_13TeV_pythia8/MINIAODSIM/106X_mc2017_realistic_v9-v1/30000/F60EA8F6-3C35-054C-9265-CA2BEEF279F5.root?tried=.
%MSG
11-Jun-2024 12:43:31 CEST  Fallback request to file root://xrootd-cms.infn.it//store/mc/RunIISummer20UL17MiniAODv2/QCD_Pt_1000to1400_TuneCP5_13TeV_pythia8/MINIAODSIM/106X_mc2017_realistic_v9-v1/30000/F60EA8F6-3C35-054C-9265-CA2BEEF279F5.root
%MSG-w XrdAdaptor:  file_open 11-Jun-2024 12:43:45 CEST PostProcessEvent
Data is served from T2_US_Nebraska instead of original site T2_FR_GRIF_LLR
%MSG
11-Jun-2024 12:43:45 CEST  Successfully opened file root://xrootd-cms.infn.it//store/mc/RunIISummer20UL17MiniAODv2/QCD_Pt_1000to1400_TuneCP5_13TeV_pythia8/MINIAODSIM/106X_mc2017_realistic_v9-v1/30000/F60EA8F6-3C35-054C-9265-CA2BEEF279F5.root
Begin processing the 500001st record. Run 1, Event 3156003, LumiSection 3157 on stream 0 at 11-Jun-2024 12:44:10.803 CEST
11-Jun-2024 12:44:10 CEST  Closed file root://xrootd-cms.infn.it//store/mc/RunIISummer20UL17MiniAODv2/QCD_Pt_1000to1400_TuneCP5_13TeV_pythia8/MINIAODSIM/106X_mc2017_realistic_v9-v1/30000/F60EA8F6-3C35-054C-9265-CA2BEEF279F5.root
11-Jun-2024 12:44:10 CEST  Initiating request to open file root://eoscms.cern.ch//eos/cms/store/mc/RunIISummer20UL17MiniAODv2/QCD_Pt_1000to1400_TuneCP5_13TeV_pythia8/MINIAODSIM/106X_mc2017_realistic_v9-v1/30000/F37C8D9C-CCE2-F048-929C-A4E2B763D71A.root
%MSG-w XrdAdaptorInternal:  file_open 11-Jun-2024 12:44:11 CEST PostProcessEvent
Failed to open file at URL root://eoscms.cern.ch:1094//eos/cms/store/mc/RunIISummer20UL17MiniAODv2/QCD_Pt_1000to1400_TuneCP5_13TeV_pythia8/MINIAODSIM/106X_mc2017_realistic_v9-v1/30000/F37C8D9C-CCE2-F048-929C-A4E2B763D71A.root.
%MSG
%MSG-w XrdAdaptorInternal:  file_open 11-Jun-2024 12:44:11 CEST PostProcessEvent
Failed to open file at URL root://eoscms.cern.ch:1094//eos/cms/store/mc/RunIISummer20UL17MiniAODv2/QCD_Pt_1000to1400_TuneCP5_13TeV_pythia8/MINIAODSIM/106X_mc2017_realistic_v9-v1/30000/F37C8D9C-CCE2-F048-929C-A4E2B763D71A.root?tried=.
%MSG
11-Jun-2024 12:44:11 CEST  Fallback request to file root://xrootd-cms.infn.it//store/mc/RunIISummer20UL17MiniAODv2/QCD_Pt_1000to1400_TuneCP5_13TeV_pythia8/MINIAODSIM/106X_mc2017_realistic_v9-v1/30000/F37C8D9C-CCE2-F048-929C-A4E2B763D71A.root
%MSG-w XrdAdaptor:  file_open 11-Jun-2024 12:44:25 CEST PostProcessEvent
Data is served from T2_US_Nebraska instead of original site T2_FR_GRIF_LLR
%MSG
11-Jun-2024 12:44:25 CEST  Successfully opened file root://xrootd-cms.infn.it//store/mc/RunIISummer20UL17MiniAODv2/QCD_Pt_1000to1400_TuneCP5_13TeV_pythia8/MINIAODSIM/106X_mc2017_realistic_v9-v1/30000/F37C8D9C-CCE2-F048-929C-A4E2B763D71A.root
11-Jun-2024 12:44:51 CEST  Closed file root://xrootd-cms.infn.it//store/mc/RunIISummer20UL17MiniAODv2/QCD_Pt_1000to1400_TuneCP5_13TeV_pythia8/MINIAODSIM/106X_mc2017_realistic_v9-v1/30000/F37C8D9C-CCE2-F048-929C-A4E2B763D71A.root
11-Jun-2024 12:44:51 CEST  Initiating request to open file root://eoscms.cern.ch//eos/cms/store/mc/RunIISummer20UL17MiniAODv2/QCD_Pt_1000to1400_TuneCP5_13TeV_pythia8/MINIAODSIM/106X_mc2017_realistic_v9-v1/30000/8830C6B9-7469-F146-93F8-D7D8D7F1E61F.root
%MSG-w XrdAdaptorInternal:  file_open 11-Jun-2024 12:44:52 CEST PostProcessEvent
Failed to open file at URL root://eoscms.cern.ch:1094//eos/cms/store/mc/RunIISummer20UL17MiniAODv2/QCD_Pt_1000to1400_TuneCP5_13TeV_pythia8/MINIAODSIM/106X_mc2017_realistic_v9-v1/30000/8830C6B9-7469-F146-93F8-D7D8D7F1E61F.root.
%MSG
%MSG-w XrdAdaptorInternal:  file_open 11-Jun-2024 12:44:52 CEST PostProcessEvent
Failed to open file at URL root://eoscms.cern.ch:1094//eos/cms/store/mc/RunIISummer20UL17MiniAODv2/QCD_Pt_1000to1400_TuneCP5_13TeV_pythia8/MINIAODSIM/106X_mc2017_realistic_v9-v1/30000/8830C6B9-7469-F146-93F8-D7D8D7F1E61F.root?tried=.
%MSG
11-Jun-2024 12:44:52 CEST  Fallback request to file root://xrootd-cms.infn.it//store/mc/RunIISummer20UL17MiniAODv2/QCD_Pt_1000to1400_TuneCP5_13TeV_pythia8/MINIAODSIM/106X_mc2017_realistic_v9-v1/30000/8830C6B9-7469-F146-93F8-D7D8D7F1E61F.root
%MSG-w XrdAdaptor:  file_open 11-Jun-2024 12:45:05 CEST PostProcessEvent
Data is served from T2_US_Nebraska instead of original site T2_FR_GRIF_LLR
%MSG
11-Jun-2024 12:45:06 CEST  Successfully opened file root://xrootd-cms.infn.it//store/mc/RunIISummer20UL17MiniAODv2/QCD_Pt_1000to1400_TuneCP5_13TeV_pythia8/MINIAODSIM/106X_mc2017_realistic_v9-v1/30000/8830C6B9-7469-F146-93F8-D7D8D7F1E61F.root
Begin processing the 600001st record. Run 1, Event 3765005, LumiSection 3766 on stream 0 at 11-Jun-2024 12:45:32.163 CEST
11-Jun-2024 12:45:34 CEST  Closed file root://xrootd-cms.infn.it//store/mc/RunIISummer20UL17MiniAODv2/QCD_Pt_1000to1400_TuneCP5_13TeV_pythia8/MINIAODSIM/106X_mc2017_realistic_v9-v1/30000/8830C6B9-7469-F146-93F8-D7D8D7F1E61F.root
11-Jun-2024 12:45:34 CEST  Initiating request to open file root://eoscms.cern.ch//eos/cms/store/mc/RunIISummer20UL17MiniAODv2/QCD_Pt_1000to1400_TuneCP5_13TeV_pythia8/MINIAODSIM/106X_mc2017_realistic_v9-v1/30000/2283F4F2-CB76-1A48-AFE7-314D2100383B.root
%MSG-w XrdAdaptorInternal:  file_open 11-Jun-2024 12:45:35 CEST PostProcessEvent
Failed to open file at URL root://eoscms.cern.ch:1094//eos/cms/store/mc/RunIISummer20UL17MiniAODv2/QCD_Pt_1000to1400_TuneCP5_13TeV_pythia8/MINIAODSIM/106X_mc2017_realistic_v9-v1/30000/2283F4F2-CB76-1A48-AFE7-314D2100383B.root.
%MSG
%MSG-w XrdAdaptorInternal:  file_open 11-Jun-2024 12:45:35 CEST PostProcessEvent
Failed to open file at URL root://eoscms.cern.ch:1094//eos/cms/store/mc/RunIISummer20UL17MiniAODv2/QCD_Pt_1000to1400_TuneCP5_13TeV_pythia8/MINIAODSIM/106X_mc2017_realistic_v9-v1/30000/2283F4F2-CB76-1A48-AFE7-314D2100383B.root?tried=.
%MSG
11-Jun-2024 12:45:35 CEST  Fallback request to file root://xrootd-cms.infn.it//store/mc/RunIISummer20UL17MiniAODv2/QCD_Pt_1000to1400_TuneCP5_13TeV_pythia8/MINIAODSIM/106X_mc2017_realistic_v9-v1/30000/2283F4F2-CB76-1A48-AFE7-314D2100383B.root
%MSG-w XrdAdaptor:  file_open 11-Jun-2024 12:45:49 CEST PostProcessEvent
Data is served from T2_US_Nebraska instead of original site T2_FR_GRIF_LLR
%MSG
11-Jun-2024 12:45:50 CEST  Successfully opened file root://xrootd-cms.infn.it//store/mc/RunIISummer20UL17MiniAODv2/QCD_Pt_1000to1400_TuneCP5_13TeV_pythia8/MINIAODSIM/106X_mc2017_realistic_v9-v1/30000/2283F4F2-CB76-1A48-AFE7-314D2100383B.root
Begin processing the 700001st record. Run 1, Event 4816002, LumiSection 4817 on stream 0 at 11-Jun-2024 12:46:14.222 CEST
11-Jun-2024 12:46:15 CEST  Closed file root://xrootd-cms.infn.it//store/mc/RunIISummer20UL17MiniAODv2/QCD_Pt_1000to1400_TuneCP5_13TeV_pythia8/MINIAODSIM/106X_mc2017_realistic_v9-v1/30000/2283F4F2-CB76-1A48-AFE7-314D2100383B.root
11-Jun-2024 12:46:15 CEST  Initiating request to open file root://eoscms.cern.ch//eos/cms/store/mc/RunIISummer20UL17MiniAODv2/QCD_Pt_1000to1400_TuneCP5_13TeV_pythia8/MINIAODSIM/106X_mc2017_realistic_v9-v1/30000/B1D0E0B3-0E3F-8446-99D1-D82F69282A3A.root
%MSG-w XrdAdaptorInternal:  file_open 11-Jun-2024 12:46:16 CEST PostProcessEvent
Failed to open file at URL root://eoscms.cern.ch:1094//eos/cms/store/mc/RunIISummer20UL17MiniAODv2/QCD_Pt_1000to1400_TuneCP5_13TeV_pythia8/MINIAODSIM/106X_mc2017_realistic_v9-v1/30000/B1D0E0B3-0E3F-8446-99D1-D82F69282A3A.root.
%MSG
%MSG-w XrdAdaptorInternal:  file_open 11-Jun-2024 12:46:16 CEST PostProcessEvent
Failed to open file at URL root://eoscms.cern.ch:1094//eos/cms/store/mc/RunIISummer20UL17MiniAODv2/QCD_Pt_1000to1400_TuneCP5_13TeV_pythia8/MINIAODSIM/106X_mc2017_realistic_v9-v1/30000/B1D0E0B3-0E3F-8446-99D1-D82F69282A3A.root?tried=.
%MSG
11-Jun-2024 12:46:16 CEST  Fallback request to file root://xrootd-cms.infn.it//store/mc/RunIISummer20UL17MiniAODv2/QCD_Pt_1000to1400_TuneCP5_13TeV_pythia8/MINIAODSIM/106X_mc2017_realistic_v9-v1/30000/B1D0E0B3-0E3F-8446-99D1-D82F69282A3A.root
%MSG-w XrdAdaptor:  file_open 11-Jun-2024 12:46:30 CEST PostProcessEvent
Data is served from T2_US_Nebraska instead of original site T2_FR_GRIF_LLR
%MSG
11-Jun-2024 12:46:30 CEST  Successfully opened file root://xrootd-cms.infn.it//store/mc/RunIISummer20UL17MiniAODv2/QCD_Pt_1000to1400_TuneCP5_13TeV_pythia8/MINIAODSIM/106X_mc2017_realistic_v9-v1/30000/B1D0E0B3-0E3F-8446-99D1-D82F69282A3A.root
Begin processing the 800001st record. Run 1, Event 5420010, LumiSection 5421 on stream 0 at 11-Jun-2024 12:46:56.278 CEST
11-Jun-2024 12:46:57 CEST  Closed file root://xrootd-cms.infn.it//store/mc/RunIISummer20UL17MiniAODv2/QCD_Pt_1000to1400_TuneCP5_13TeV_pythia8/MINIAODSIM/106X_mc2017_realistic_v9-v1/30000/B1D0E0B3-0E3F-8446-99D1-D82F69282A3A.root
11-Jun-2024 12:46:57 CEST  Initiating request to open file root://eoscms.cern.ch//eos/cms/store/mc/RunIISummer20UL17MiniAODv2/QCD_Pt_1000to1400_TuneCP5_13TeV_pythia8/MINIAODSIM/106X_mc2017_realistic_v9-v1/30000/E47B0572-60CE-EB4D-8EC5-956F0A523A69.root
%MSG-w XrdAdaptorInternal:  file_open 11-Jun-2024 12:46:58 CEST PostProcessEvent
Failed to open file at URL root://eoscms.cern.ch:1094//eos/cms/store/mc/RunIISummer20UL17MiniAODv2/QCD_Pt_1000to1400_TuneCP5_13TeV_pythia8/MINIAODSIM/106X_mc2017_realistic_v9-v1/30000/E47B0572-60CE-EB4D-8EC5-956F0A523A69.root.
%MSG
%MSG-w XrdAdaptorInternal:  file_open 11-Jun-2024 12:46:58 CEST PostProcessEvent
Failed to open file at URL root://eoscms.cern.ch:1094//eos/cms/store/mc/RunIISummer20UL17MiniAODv2/QCD_Pt_1000to1400_TuneCP5_13TeV_pythia8/MINIAODSIM/106X_mc2017_realistic_v9-v1/30000/E47B0572-60CE-EB4D-8EC5-956F0A523A69.root?tried=.
%MSG
11-Jun-2024 12:46:58 CEST  Fallback request to file root://xrootd-cms.infn.it//store/mc/RunIISummer20UL17MiniAODv2/QCD_Pt_1000to1400_TuneCP5_13TeV_pythia8/MINIAODSIM/106X_mc2017_realistic_v9-v1/30000/E47B0572-60CE-EB4D-8EC5-956F0A523A69.root
%MSG-w XrdAdaptor:  file_open 11-Jun-2024 12:47:12 CEST PostProcessEvent
Data is served from T2_US_Nebraska instead of original site T2_FR_GRIF_LLR
%MSG
11-Jun-2024 12:47:13 CEST  Successfully opened file root://xrootd-cms.infn.it//store/mc/RunIISummer20UL17MiniAODv2/QCD_Pt_1000to1400_TuneCP5_13TeV_pythia8/MINIAODSIM/106X_mc2017_realistic_v9-v1/30000/E47B0572-60CE-EB4D-8EC5-956F0A523A69.root
Begin processing the 900001st record. Run 1, Event 7989001, LumiSection 7990 on stream 0 at 11-Jun-2024 12:47:38.425 CEST
11-Jun-2024 12:47:39 CEST  Closed file root://xrootd-cms.infn.it//store/mc/RunIISummer20UL17MiniAODv2/QCD_Pt_1000to1400_TuneCP5_13TeV_pythia8/MINIAODSIM/106X_mc2017_realistic_v9-v1/30000/E47B0572-60CE-EB4D-8EC5-956F0A523A69.root
11-Jun-2024 12:47:39 CEST  Initiating request to open file root://eoscms.cern.ch//eos/cms/store/mc/RunIISummer20UL17MiniAODv2/QCD_Pt_1000to1400_TuneCP5_13TeV_pythia8/MINIAODSIM/106X_mc2017_realistic_v9-v1/30000/53AC840C-4044-BA47-A17A-C593322CC828.root
%MSG-w XrdAdaptorInternal:  file_open 11-Jun-2024 12:47:40 CEST PostProcessEvent
Failed to open file at URL root://eoscms.cern.ch:1094//eos/cms/store/mc/RunIISummer20UL17MiniAODv2/QCD_Pt_1000to1400_TuneCP5_13TeV_pythia8/MINIAODSIM/106X_mc2017_realistic_v9-v1/30000/53AC840C-4044-BA47-A17A-C593322CC828.root.
%MSG
%MSG-w XrdAdaptorInternal:  file_open 11-Jun-2024 12:47:40 CEST PostProcessEvent
Failed to open file at URL root://eoscms.cern.ch:1094//eos/cms/store/mc/RunIISummer20UL17MiniAODv2/QCD_Pt_1000to1400_TuneCP5_13TeV_pythia8/MINIAODSIM/106X_mc2017_realistic_v9-v1/30000/53AC840C-4044-BA47-A17A-C593322CC828.root?tried=.
%MSG
11-Jun-2024 12:47:40 CEST  Fallback request to file root://xrootd-cms.infn.it//store/mc/RunIISummer20UL17MiniAODv2/QCD_Pt_1000to1400_TuneCP5_13TeV_pythia8/MINIAODSIM/106X_mc2017_realistic_v9-v1/30000/53AC840C-4044-BA47-A17A-C593322CC828.root
%MSG-w XrdAdaptor:  file_open 11-Jun-2024 12:47:53 CEST PostProcessEvent
Data is served from T2_US_Nebraska instead of original site T2_FR_GRIF_LLR
%MSG
11-Jun-2024 12:47:53 CEST  Successfully opened file root://xrootd-cms.infn.it//store/mc/RunIISummer20UL17MiniAODv2/QCD_Pt_1000to1400_TuneCP5_13TeV_pythia8/MINIAODSIM/106X_mc2017_realistic_v9-v1/30000/53AC840C-4044-BA47-A17A-C593322CC828.root
11-Jun-2024 12:48:20 CEST  Closed file root://xrootd-cms.infn.it//store/mc/RunIISummer20UL17MiniAODv2/QCD_Pt_1000to1400_TuneCP5_13TeV_pythia8/MINIAODSIM/106X_mc2017_realistic_v9-v1/30000/53AC840C-4044-BA47-A17A-C593322CC828.root

------------------------------------
GenXsecAnalyzer:
------------------------------------
Before Filter: total cross section = 7.474e+00 +- 3.569e-03 pb
Filter efficiency (taking into account weights)= (1e+06) / (1e+06) = 1.000e+00 +- 0.000e+00
Filter efficiency (event-level)= (1e+06) / (1e+06) = 1.000e+00 +- 0.000e+00    [TO BE USED IN MCM]

After filter: final cross section = 7.474e+00 +- 3.569e-03 pb
After filter: final fraction of events with negative weights = 0.000e+00 +- 0.000e+00
After filter: final equivalent lumi for 1M events (1/fb) = 1.338e+02 +- 1.483e-01

=============================================

MessageLogger Summary

 type     category        sev    module        subroutine        count    total
 ---- -------------------- -- ---------------- ----------------  -----    -----
    1 GenXSecAnalyzer      -w GenXSecAnalyzer:                       7        7
    2 XrdAdaptor           -w file_open                             12       12
    3 XrdAdaptorInternal   -w file_open                             24       24
    4 fileAction           -s file_close                            12       12
    5 fileAction           -s file_open                             36       36

 type    category    Examples: run/evt        run/evt          run/evt
 ---- -------------------- ---------------- ---------------- ----------------
    1 GenXSecAnalyzer      PostGlobalEndRun PostGlobalEndRun PostGlobalEndRun
    2 XrdAdaptor           pre-events       PostProcessEvent PostProcessEvent
    3 XrdAdaptorInternal   pre-events       pre-events       PostProcessEvent
    4 fileAction           PostProcessEvent PostProcessEvent PostGlobalEndRun
    5 fileAction           pre-events       pre-events       PostProcessEvent

Severity    # Occurrences   Total Occurrences
--------    -------------   -----------------
Warning                43                  43
System                 48                  48

dropped waiting message count 0
