11-Jun-2024 11:31:27 CEST  Initiating request to open file root://eoscms.cern.ch//eos/cms/store/mc/RunIISummer19UL17MiniAOD/QCD_Pt-15to7000_TuneCH3_Flat_13TeV_herwig7/MINIAODSIM/106X_mc2017_realistic_v6-v2/240000/C8BBAE31-C2EA-754F-93B5-9EE91C9AD15B.root
%MSG-w XrdAdaptorInternal:  file_open 11-Jun-2024 11:31:28 CEST pre-events
Failed to open file at URL root://eoscms.cern.ch:1094//eos/cms/store/mc/RunIISummer19UL17MiniAOD/QCD_Pt-15to7000_TuneCH3_Flat_13TeV_herwig7/MINIAODSIM/106X_mc2017_realistic_v6-v2/240000/C8BBAE31-C2EA-754F-93B5-9EE91C9AD15B.root.
%MSG
%MSG-w XrdAdaptorInternal:  file_open 11-Jun-2024 11:31:28 CEST pre-events
Failed to open file at URL root://eoscms.cern.ch:1094//eos/cms/store/mc/RunIISummer19UL17MiniAOD/QCD_Pt-15to7000_TuneCH3_Flat_13TeV_herwig7/MINIAODSIM/106X_mc2017_realistic_v6-v2/240000/C8BBAE31-C2EA-754F-93B5-9EE91C9AD15B.root?tried=.
%MSG
11-Jun-2024 11:31:28 CEST  Fallback request to file root://xrootd-cms.infn.it//store/mc/RunIISummer19UL17MiniAOD/QCD_Pt-15to7000_TuneCH3_Flat_13TeV_herwig7/MINIAODSIM/106X_mc2017_realistic_v6-v2/240000/C8BBAE31-C2EA-754F-93B5-9EE91C9AD15B.root
%MSG-w XrdAdaptor:  file_open 11-Jun-2024 11:31:44 CEST pre-events
Data is served from T2_US_Vanderbilt instead of original site infn.it
%MSG
11-Jun-2024 11:31:48 CEST  Successfully opened file root://xrootd-cms.infn.it//store/mc/RunIISummer19UL17MiniAOD/QCD_Pt-15to7000_TuneCH3_Flat_13TeV_herwig7/MINIAODSIM/106X_mc2017_realistic_v6-v2/240000/C8BBAE31-C2EA-754F-93B5-9EE91C9AD15B.root
Begin processing the 1st record. Run 1, Event 558910, LumiSection 5590 on stream 0 at 11-Jun-2024 11:31:55.036 CEST
11-Jun-2024 11:31:55 CEST  Closed file root://xrootd-cms.infn.it//store/mc/RunIISummer19UL17MiniAOD/QCD_Pt-15to7000_TuneCH3_Flat_13TeV_herwig7/MINIAODSIM/106X_mc2017_realistic_v6-v2/240000/C8BBAE31-C2EA-754F-93B5-9EE91C9AD15B.root
11-Jun-2024 11:31:55 CEST  Initiating request to open file root://eoscms.cern.ch//eos/cms/store/mc/RunIISummer19UL17MiniAOD/QCD_Pt-15to7000_TuneCH3_Flat_13TeV_herwig7/MINIAODSIM/106X_mc2017_realistic_v6-v2/240000/7D9E2F4E-B8EE-AF43-95EB-25BB64328D81.root
%MSG-w XrdAdaptorInternal:  file_open 11-Jun-2024 11:31:56 CEST PostProcessEvent
Failed to open file at URL root://eoscms.cern.ch:1094//eos/cms/store/mc/RunIISummer19UL17MiniAOD/QCD_Pt-15to7000_TuneCH3_Flat_13TeV_herwig7/MINIAODSIM/106X_mc2017_realistic_v6-v2/240000/7D9E2F4E-B8EE-AF43-95EB-25BB64328D81.root.
%MSG
%MSG-w XrdAdaptorInternal:  file_open 11-Jun-2024 11:31:56 CEST PostProcessEvent
Failed to open file at URL root://eoscms.cern.ch:1094//eos/cms/store/mc/RunIISummer19UL17MiniAOD/QCD_Pt-15to7000_TuneCH3_Flat_13TeV_herwig7/MINIAODSIM/106X_mc2017_realistic_v6-v2/240000/7D9E2F4E-B8EE-AF43-95EB-25BB64328D81.root?tried=.
%MSG
11-Jun-2024 11:31:56 CEST  Fallback request to file root://xrootd-cms.infn.it//store/mc/RunIISummer19UL17MiniAOD/QCD_Pt-15to7000_TuneCH3_Flat_13TeV_herwig7/MINIAODSIM/106X_mc2017_realistic_v6-v2/240000/7D9E2F4E-B8EE-AF43-95EB-25BB64328D81.root
%MSG-w XrdAdaptor:  file_open 11-Jun-2024 11:32:10 CEST PostProcessEvent
Data is served from T2_US_Vanderbilt instead of original site infn.it
%MSG
11-Jun-2024 11:32:11 CEST  Successfully opened file root://xrootd-cms.infn.it//store/mc/RunIISummer19UL17MiniAOD/QCD_Pt-15to7000_TuneCH3_Flat_13TeV_herwig7/MINIAODSIM/106X_mc2017_realistic_v6-v2/240000/7D9E2F4E-B8EE-AF43-95EB-25BB64328D81.root
11-Jun-2024 11:32:18 CEST  Closed file root://xrootd-cms.infn.it//store/mc/RunIISummer19UL17MiniAOD/QCD_Pt-15to7000_TuneCH3_Flat_13TeV_herwig7/MINIAODSIM/106X_mc2017_realistic_v6-v2/240000/7D9E2F4E-B8EE-AF43-95EB-25BB64328D81.root
11-Jun-2024 11:32:18 CEST  Initiating request to open file root://eoscms.cern.ch//eos/cms/store/mc/RunIISummer19UL17MiniAOD/QCD_Pt-15to7000_TuneCH3_Flat_13TeV_herwig7/MINIAODSIM/106X_mc2017_realistic_v6-v2/240000/40C1E039-E753-4B4F-B4DA-285E62038ED2.root
%MSG-w XrdAdaptorInternal:  file_open 11-Jun-2024 11:32:19 CEST PostProcessEvent
Failed to open file at URL root://eoscms.cern.ch:1094//eos/cms/store/mc/RunIISummer19UL17MiniAOD/QCD_Pt-15to7000_TuneCH3_Flat_13TeV_herwig7/MINIAODSIM/106X_mc2017_realistic_v6-v2/240000/40C1E039-E753-4B4F-B4DA-285E62038ED2.root.
%MSG
%MSG-w XrdAdaptorInternal:  file_open 11-Jun-2024 11:32:19 CEST PostProcessEvent
Failed to open file at URL root://eoscms.cern.ch:1094//eos/cms/store/mc/RunIISummer19UL17MiniAOD/QCD_Pt-15to7000_TuneCH3_Flat_13TeV_herwig7/MINIAODSIM/106X_mc2017_realistic_v6-v2/240000/40C1E039-E753-4B4F-B4DA-285E62038ED2.root?tried=.
%MSG
11-Jun-2024 11:32:19 CEST  Fallback request to file root://xrootd-cms.infn.it//store/mc/RunIISummer19UL17MiniAOD/QCD_Pt-15to7000_TuneCH3_Flat_13TeV_herwig7/MINIAODSIM/106X_mc2017_realistic_v6-v2/240000/40C1E039-E753-4B4F-B4DA-285E62038ED2.root
%MSG-w XrdAdaptor:  file_open 11-Jun-2024 11:32:33 CEST PostProcessEvent
Data is served from T2_US_Vanderbilt instead of original site infn.it
%MSG
11-Jun-2024 11:32:34 CEST  Successfully opened file root://xrootd-cms.infn.it//store/mc/RunIISummer19UL17MiniAOD/QCD_Pt-15to7000_TuneCH3_Flat_13TeV_herwig7/MINIAODSIM/106X_mc2017_realistic_v6-v2/240000/40C1E039-E753-4B4F-B4DA-285E62038ED2.root
11-Jun-2024 11:32:48 CEST  Closed file root://xrootd-cms.infn.it//store/mc/RunIISummer19UL17MiniAOD/QCD_Pt-15to7000_TuneCH3_Flat_13TeV_herwig7/MINIAODSIM/106X_mc2017_realistic_v6-v2/240000/40C1E039-E753-4B4F-B4DA-285E62038ED2.root
11-Jun-2024 11:32:48 CEST  Initiating request to open file root://eoscms.cern.ch//eos/cms/store/mc/RunIISummer19UL17MiniAOD/QCD_Pt-15to7000_TuneCH3_Flat_13TeV_herwig7/MINIAODSIM/106X_mc2017_realistic_v6-v2/240000/54D2D62D-4A93-1543-84AE-F9E050A41AE9.root
%MSG-w XrdAdaptorInternal:  file_open 11-Jun-2024 11:32:49 CEST PostProcessEvent
Failed to open file at URL root://eoscms.cern.ch:1094//eos/cms/store/mc/RunIISummer19UL17MiniAOD/QCD_Pt-15to7000_TuneCH3_Flat_13TeV_herwig7/MINIAODSIM/106X_mc2017_realistic_v6-v2/240000/54D2D62D-4A93-1543-84AE-F9E050A41AE9.root.
%MSG
%MSG-w XrdAdaptorInternal:  file_open 11-Jun-2024 11:32:49 CEST PostProcessEvent
Failed to open file at URL root://eoscms.cern.ch:1094//eos/cms/store/mc/RunIISummer19UL17MiniAOD/QCD_Pt-15to7000_TuneCH3_Flat_13TeV_herwig7/MINIAODSIM/106X_mc2017_realistic_v6-v2/240000/54D2D62D-4A93-1543-84AE-F9E050A41AE9.root?tried=.
%MSG
11-Jun-2024 11:32:49 CEST  Fallback request to file root://xrootd-cms.infn.it//store/mc/RunIISummer19UL17MiniAOD/QCD_Pt-15to7000_TuneCH3_Flat_13TeV_herwig7/MINIAODSIM/106X_mc2017_realistic_v6-v2/240000/54D2D62D-4A93-1543-84AE-F9E050A41AE9.root
%MSG-w XrdAdaptor:  file_open 11-Jun-2024 11:33:04 CEST PostProcessEvent
Data is served from T2_US_Vanderbilt instead of original site infn.it
%MSG
11-Jun-2024 11:33:05 CEST  Successfully opened file root://xrootd-cms.infn.it//store/mc/RunIISummer19UL17MiniAOD/QCD_Pt-15to7000_TuneCH3_Flat_13TeV_herwig7/MINIAODSIM/106X_mc2017_realistic_v6-v2/240000/54D2D62D-4A93-1543-84AE-F9E050A41AE9.root
11-Jun-2024 11:33:23 CEST  Closed file root://xrootd-cms.infn.it//store/mc/RunIISummer19UL17MiniAOD/QCD_Pt-15to7000_TuneCH3_Flat_13TeV_herwig7/MINIAODSIM/106X_mc2017_realistic_v6-v2/240000/54D2D62D-4A93-1543-84AE-F9E050A41AE9.root
11-Jun-2024 11:33:23 CEST  Initiating request to open file root://eoscms.cern.ch//eos/cms/store/mc/RunIISummer19UL17MiniAOD/QCD_Pt-15to7000_TuneCH3_Flat_13TeV_herwig7/MINIAODSIM/106X_mc2017_realistic_v6-v2/240000/C18FACBC-2AB4-0640-B798-F28E4EC48680.root
%MSG-w XrdAdaptorInternal:  file_open 11-Jun-2024 11:33:24 CEST PostProcessEvent
Failed to open file at URL root://eoscms.cern.ch:1094//eos/cms/store/mc/RunIISummer19UL17MiniAOD/QCD_Pt-15to7000_TuneCH3_Flat_13TeV_herwig7/MINIAODSIM/106X_mc2017_realistic_v6-v2/240000/C18FACBC-2AB4-0640-B798-F28E4EC48680.root.
%MSG
%MSG-w XrdAdaptorInternal:  file_open 11-Jun-2024 11:33:24 CEST PostProcessEvent
Failed to open file at URL root://eoscms.cern.ch:1094//eos/cms/store/mc/RunIISummer19UL17MiniAOD/QCD_Pt-15to7000_TuneCH3_Flat_13TeV_herwig7/MINIAODSIM/106X_mc2017_realistic_v6-v2/240000/C18FACBC-2AB4-0640-B798-F28E4EC48680.root?tried=.
%MSG
11-Jun-2024 11:33:24 CEST  Fallback request to file root://xrootd-cms.infn.it//store/mc/RunIISummer19UL17MiniAOD/QCD_Pt-15to7000_TuneCH3_Flat_13TeV_herwig7/MINIAODSIM/106X_mc2017_realistic_v6-v2/240000/C18FACBC-2AB4-0640-B798-F28E4EC48680.root
%MSG-w XrdAdaptor:  file_open 11-Jun-2024 11:33:38 CEST PostProcessEvent
Data is served from T2_US_Vanderbilt instead of original site infn.it
%MSG
11-Jun-2024 11:33:38 CEST  Successfully opened file root://xrootd-cms.infn.it//store/mc/RunIISummer19UL17MiniAOD/QCD_Pt-15to7000_TuneCH3_Flat_13TeV_herwig7/MINIAODSIM/106X_mc2017_realistic_v6-v2/240000/C18FACBC-2AB4-0640-B798-F28E4EC48680.root
Begin processing the 100001st record. Run 1, Event 156713, LumiSection 1568 on stream 0 at 11-Jun-2024 11:33:57.430 CEST
11-Jun-2024 11:33:59 CEST  Closed file root://xrootd-cms.infn.it//store/mc/RunIISummer19UL17MiniAOD/QCD_Pt-15to7000_TuneCH3_Flat_13TeV_herwig7/MINIAODSIM/106X_mc2017_realistic_v6-v2/240000/C18FACBC-2AB4-0640-B798-F28E4EC48680.root
11-Jun-2024 11:33:59 CEST  Initiating request to open file root://eoscms.cern.ch//eos/cms/store/mc/RunIISummer19UL17MiniAOD/QCD_Pt-15to7000_TuneCH3_Flat_13TeV_herwig7/MINIAODSIM/106X_mc2017_realistic_v6-v2/240000/A6DAFAD3-E177-E943-8385-4BAFF1B2AAA6.root
%MSG-w XrdAdaptorInternal:  file_open 11-Jun-2024 11:34:00 CEST PostProcessEvent
Failed to open file at URL root://eoscms.cern.ch:1094//eos/cms/store/mc/RunIISummer19UL17MiniAOD/QCD_Pt-15to7000_TuneCH3_Flat_13TeV_herwig7/MINIAODSIM/106X_mc2017_realistic_v6-v2/240000/A6DAFAD3-E177-E943-8385-4BAFF1B2AAA6.root.
%MSG
%MSG-w XrdAdaptorInternal:  file_open 11-Jun-2024 11:34:00 CEST PostProcessEvent
Failed to open file at URL root://eoscms.cern.ch:1094//eos/cms/store/mc/RunIISummer19UL17MiniAOD/QCD_Pt-15to7000_TuneCH3_Flat_13TeV_herwig7/MINIAODSIM/106X_mc2017_realistic_v6-v2/240000/A6DAFAD3-E177-E943-8385-4BAFF1B2AAA6.root?tried=.
%MSG
11-Jun-2024 11:34:00 CEST  Fallback request to file root://xrootd-cms.infn.it//store/mc/RunIISummer19UL17MiniAOD/QCD_Pt-15to7000_TuneCH3_Flat_13TeV_herwig7/MINIAODSIM/106X_mc2017_realistic_v6-v2/240000/A6DAFAD3-E177-E943-8385-4BAFF1B2AAA6.root
%MSG-w XrdAdaptor:  file_open 11-Jun-2024 11:34:15 CEST PostProcessEvent
Data is served from T2_US_Vanderbilt instead of original site infn.it
%MSG
11-Jun-2024 11:34:16 CEST  Successfully opened file root://xrootd-cms.infn.it//store/mc/RunIISummer19UL17MiniAOD/QCD_Pt-15to7000_TuneCH3_Flat_13TeV_herwig7/MINIAODSIM/106X_mc2017_realistic_v6-v2/240000/A6DAFAD3-E177-E943-8385-4BAFF1B2AAA6.root
11-Jun-2024 11:34:30 CEST  Closed file root://xrootd-cms.infn.it//store/mc/RunIISummer19UL17MiniAOD/QCD_Pt-15to7000_TuneCH3_Flat_13TeV_herwig7/MINIAODSIM/106X_mc2017_realistic_v6-v2/240000/A6DAFAD3-E177-E943-8385-4BAFF1B2AAA6.root
11-Jun-2024 11:34:30 CEST  Initiating request to open file root://eoscms.cern.ch//eos/cms/store/mc/RunIISummer19UL17MiniAOD/QCD_Pt-15to7000_TuneCH3_Flat_13TeV_herwig7/MINIAODSIM/106X_mc2017_realistic_v6-v2/240000/37AC53B4-3909-B141-BC49-DB468FEB1B11.root
%MSG-w XrdAdaptorInternal:  file_open 11-Jun-2024 11:34:31 CEST PostProcessEvent
Failed to open file at URL root://eoscms.cern.ch:1094//eos/cms/store/mc/RunIISummer19UL17MiniAOD/QCD_Pt-15to7000_TuneCH3_Flat_13TeV_herwig7/MINIAODSIM/106X_mc2017_realistic_v6-v2/240000/37AC53B4-3909-B141-BC49-DB468FEB1B11.root.
%MSG
%MSG-w XrdAdaptorInternal:  file_open 11-Jun-2024 11:34:31 CEST PostProcessEvent
Failed to open file at URL root://eoscms.cern.ch:1094//eos/cms/store/mc/RunIISummer19UL17MiniAOD/QCD_Pt-15to7000_TuneCH3_Flat_13TeV_herwig7/MINIAODSIM/106X_mc2017_realistic_v6-v2/240000/37AC53B4-3909-B141-BC49-DB468FEB1B11.root?tried=.
%MSG
11-Jun-2024 11:34:31 CEST  Fallback request to file root://xrootd-cms.infn.it//store/mc/RunIISummer19UL17MiniAOD/QCD_Pt-15to7000_TuneCH3_Flat_13TeV_herwig7/MINIAODSIM/106X_mc2017_realistic_v6-v2/240000/37AC53B4-3909-B141-BC49-DB468FEB1B11.root
%MSG-w XrdAdaptor:  file_open 11-Jun-2024 11:34:45 CEST PostProcessEvent
Data is served from T2_US_Vanderbilt instead of original site infn.it
%MSG
11-Jun-2024 11:34:46 CEST  Successfully opened file root://xrootd-cms.infn.it//store/mc/RunIISummer19UL17MiniAOD/QCD_Pt-15to7000_TuneCH3_Flat_13TeV_herwig7/MINIAODSIM/106X_mc2017_realistic_v6-v2/240000/37AC53B4-3909-B141-BC49-DB468FEB1B11.root
Begin processing the 200001st record. Run 1, Event 1568908, LumiSection 15690 on stream 0 at 11-Jun-2024 11:35:02.132 CEST
11-Jun-2024 11:35:04 CEST  Closed file root://xrootd-cms.infn.it//store/mc/RunIISummer19UL17MiniAOD/QCD_Pt-15to7000_TuneCH3_Flat_13TeV_herwig7/MINIAODSIM/106X_mc2017_realistic_v6-v2/240000/37AC53B4-3909-B141-BC49-DB468FEB1B11.root
11-Jun-2024 11:35:04 CEST  Initiating request to open file root://eoscms.cern.ch//eos/cms/store/mc/RunIISummer19UL17MiniAOD/QCD_Pt-15to7000_TuneCH3_Flat_13TeV_herwig7/MINIAODSIM/106X_mc2017_realistic_v6-v2/240000/A99CC2E0-EDC8-794E-A7A5-922DE9A4250F.root
%MSG-w XrdAdaptorInternal:  file_open 11-Jun-2024 11:35:05 CEST PostProcessEvent
Failed to open file at URL root://eoscms.cern.ch:1094//eos/cms/store/mc/RunIISummer19UL17MiniAOD/QCD_Pt-15to7000_TuneCH3_Flat_13TeV_herwig7/MINIAODSIM/106X_mc2017_realistic_v6-v2/240000/A99CC2E0-EDC8-794E-A7A5-922DE9A4250F.root.
%MSG
%MSG-w XrdAdaptorInternal:  file_open 11-Jun-2024 11:35:05 CEST PostProcessEvent
Failed to open file at URL root://eoscms.cern.ch:1094//eos/cms/store/mc/RunIISummer19UL17MiniAOD/QCD_Pt-15to7000_TuneCH3_Flat_13TeV_herwig7/MINIAODSIM/106X_mc2017_realistic_v6-v2/240000/A99CC2E0-EDC8-794E-A7A5-922DE9A4250F.root?tried=.
%MSG
11-Jun-2024 11:35:05 CEST  Fallback request to file root://xrootd-cms.infn.it//store/mc/RunIISummer19UL17MiniAOD/QCD_Pt-15to7000_TuneCH3_Flat_13TeV_herwig7/MINIAODSIM/106X_mc2017_realistic_v6-v2/240000/A99CC2E0-EDC8-794E-A7A5-922DE9A4250F.root
%MSG-w XrdAdaptor:  file_open 11-Jun-2024 11:35:19 CEST PostProcessEvent
Data is served from T2_US_Vanderbilt instead of original site infn.it
%MSG
11-Jun-2024 11:35:20 CEST  Successfully opened file root://xrootd-cms.infn.it//store/mc/RunIISummer19UL17MiniAOD/QCD_Pt-15to7000_TuneCH3_Flat_13TeV_herwig7/MINIAODSIM/106X_mc2017_realistic_v6-v2/240000/A99CC2E0-EDC8-794E-A7A5-922DE9A4250F.root
11-Jun-2024 11:35:35 CEST  Closed file root://xrootd-cms.infn.it//store/mc/RunIISummer19UL17MiniAOD/QCD_Pt-15to7000_TuneCH3_Flat_13TeV_herwig7/MINIAODSIM/106X_mc2017_realistic_v6-v2/240000/A99CC2E0-EDC8-794E-A7A5-922DE9A4250F.root
11-Jun-2024 11:35:35 CEST  Initiating request to open file root://eoscms.cern.ch//eos/cms/store/mc/RunIISummer19UL17MiniAOD/QCD_Pt-15to7000_TuneCH3_Flat_13TeV_herwig7/MINIAODSIM/106X_mc2017_realistic_v6-v2/240000/3FB57F19-F9EE-B847-8F2E-C0EEAEEF2355.root
%MSG-w XrdAdaptorInternal:  file_open 11-Jun-2024 11:35:36 CEST PostProcessEvent
Failed to open file at URL root://eoscms.cern.ch:1094//eos/cms/store/mc/RunIISummer19UL17MiniAOD/QCD_Pt-15to7000_TuneCH3_Flat_13TeV_herwig7/MINIAODSIM/106X_mc2017_realistic_v6-v2/240000/3FB57F19-F9EE-B847-8F2E-C0EEAEEF2355.root.
%MSG
%MSG-w XrdAdaptorInternal:  file_open 11-Jun-2024 11:35:36 CEST PostProcessEvent
Failed to open file at URL root://eoscms.cern.ch:1094//eos/cms/store/mc/RunIISummer19UL17MiniAOD/QCD_Pt-15to7000_TuneCH3_Flat_13TeV_herwig7/MINIAODSIM/106X_mc2017_realistic_v6-v2/240000/3FB57F19-F9EE-B847-8F2E-C0EEAEEF2355.root?tried=.
%MSG
11-Jun-2024 11:35:36 CEST  Fallback request to file root://xrootd-cms.infn.it//store/mc/RunIISummer19UL17MiniAOD/QCD_Pt-15to7000_TuneCH3_Flat_13TeV_herwig7/MINIAODSIM/106X_mc2017_realistic_v6-v2/240000/3FB57F19-F9EE-B847-8F2E-C0EEAEEF2355.root
%MSG-w XrdAdaptor:  file_open 11-Jun-2024 11:35:50 CEST PostProcessEvent
Data is served from T2_US_Vanderbilt instead of original site infn.it
%MSG
11-Jun-2024 11:35:51 CEST  Successfully opened file root://xrootd-cms.infn.it//store/mc/RunIISummer19UL17MiniAOD/QCD_Pt-15to7000_TuneCH3_Flat_13TeV_herwig7/MINIAODSIM/106X_mc2017_realistic_v6-v2/240000/3FB57F19-F9EE-B847-8F2E-C0EEAEEF2355.root
Begin processing the 300001st record. Run 1, Event 950715, LumiSection 9508 on stream 0 at 11-Jun-2024 11:35:59.535 CEST
11-Jun-2024 11:36:01 CEST  Closed file root://xrootd-cms.infn.it//store/mc/RunIISummer19UL17MiniAOD/QCD_Pt-15to7000_TuneCH3_Flat_13TeV_herwig7/MINIAODSIM/106X_mc2017_realistic_v6-v2/240000/3FB57F19-F9EE-B847-8F2E-C0EEAEEF2355.root
11-Jun-2024 11:36:01 CEST  Initiating request to open file root://eoscms.cern.ch//eos/cms/store/mc/RunIISummer19UL17MiniAOD/QCD_Pt-15to7000_TuneCH3_Flat_13TeV_herwig7/MINIAODSIM/106X_mc2017_realistic_v6-v2/240000/2621AAEF-9A5F-7F4B-B179-E096088088C1.root
%MSG-w XrdAdaptorInternal:  file_open 11-Jun-2024 11:36:02 CEST PostProcessEvent
Failed to open file at URL root://eoscms.cern.ch:1094//eos/cms/store/mc/RunIISummer19UL17MiniAOD/QCD_Pt-15to7000_TuneCH3_Flat_13TeV_herwig7/MINIAODSIM/106X_mc2017_realistic_v6-v2/240000/2621AAEF-9A5F-7F4B-B179-E096088088C1.root.
%MSG
%MSG-w XrdAdaptorInternal:  file_open 11-Jun-2024 11:36:02 CEST PostProcessEvent
Failed to open file at URL root://eoscms.cern.ch:1094//eos/cms/store/mc/RunIISummer19UL17MiniAOD/QCD_Pt-15to7000_TuneCH3_Flat_13TeV_herwig7/MINIAODSIM/106X_mc2017_realistic_v6-v2/240000/2621AAEF-9A5F-7F4B-B179-E096088088C1.root?tried=.
%MSG
11-Jun-2024 11:36:02 CEST  Fallback request to file root://xrootd-cms.infn.it//store/mc/RunIISummer19UL17MiniAOD/QCD_Pt-15to7000_TuneCH3_Flat_13TeV_herwig7/MINIAODSIM/106X_mc2017_realistic_v6-v2/240000/2621AAEF-9A5F-7F4B-B179-E096088088C1.root
%MSG-w XrdAdaptor:  file_open 11-Jun-2024 11:36:16 CEST PostProcessEvent
Data is served from T2_US_Vanderbilt instead of original site infn.it
%MSG
11-Jun-2024 11:36:17 CEST  Successfully opened file root://xrootd-cms.infn.it//store/mc/RunIISummer19UL17MiniAOD/QCD_Pt-15to7000_TuneCH3_Flat_13TeV_herwig7/MINIAODSIM/106X_mc2017_realistic_v6-v2/240000/2621AAEF-9A5F-7F4B-B179-E096088088C1.root
11-Jun-2024 11:36:31 CEST  Closed file root://xrootd-cms.infn.it//store/mc/RunIISummer19UL17MiniAOD/QCD_Pt-15to7000_TuneCH3_Flat_13TeV_herwig7/MINIAODSIM/106X_mc2017_realistic_v6-v2/240000/2621AAEF-9A5F-7F4B-B179-E096088088C1.root
11-Jun-2024 11:36:31 CEST  Initiating request to open file root://eoscms.cern.ch//eos/cms/store/mc/RunIISummer19UL17MiniAOD/QCD_Pt-15to7000_TuneCH3_Flat_13TeV_herwig7/MINIAODSIM/106X_mc2017_realistic_v6-v2/240000/5B9ECD25-8CD2-034A-BDB2-98BD92DAE27D.root
%MSG-w XrdAdaptorInternal:  file_open 11-Jun-2024 11:36:32 CEST PostProcessEvent
Failed to open file at URL root://eoscms.cern.ch:1094//eos/cms/store/mc/RunIISummer19UL17MiniAOD/QCD_Pt-15to7000_TuneCH3_Flat_13TeV_herwig7/MINIAODSIM/106X_mc2017_realistic_v6-v2/240000/5B9ECD25-8CD2-034A-BDB2-98BD92DAE27D.root.
%MSG
%MSG-w XrdAdaptorInternal:  file_open 11-Jun-2024 11:36:32 CEST PostProcessEvent
Failed to open file at URL root://eoscms.cern.ch:1094//eos/cms/store/mc/RunIISummer19UL17MiniAOD/QCD_Pt-15to7000_TuneCH3_Flat_13TeV_herwig7/MINIAODSIM/106X_mc2017_realistic_v6-v2/240000/5B9ECD25-8CD2-034A-BDB2-98BD92DAE27D.root?tried=.
%MSG
11-Jun-2024 11:36:32 CEST  Fallback request to file root://xrootd-cms.infn.it//store/mc/RunIISummer19UL17MiniAOD/QCD_Pt-15to7000_TuneCH3_Flat_13TeV_herwig7/MINIAODSIM/106X_mc2017_realistic_v6-v2/240000/5B9ECD25-8CD2-034A-BDB2-98BD92DAE27D.root
%MSG-w XrdAdaptor:  file_open 11-Jun-2024 11:36:46 CEST PostProcessEvent
Data is served from T2_US_Vanderbilt instead of original site infn.it
%MSG
11-Jun-2024 11:36:46 CEST  Successfully opened file root://xrootd-cms.infn.it//store/mc/RunIISummer19UL17MiniAOD/QCD_Pt-15to7000_TuneCH3_Flat_13TeV_herwig7/MINIAODSIM/106X_mc2017_realistic_v6-v2/240000/5B9ECD25-8CD2-034A-BDB2-98BD92DAE27D.root
Begin processing the 400001st record. Run 1, Event 6237417, LumiSection 62375 on stream 0 at 11-Jun-2024 11:36:54.728 CEST
11-Jun-2024 11:36:56 CEST  Closed file root://xrootd-cms.infn.it//store/mc/RunIISummer19UL17MiniAOD/QCD_Pt-15to7000_TuneCH3_Flat_13TeV_herwig7/MINIAODSIM/106X_mc2017_realistic_v6-v2/240000/5B9ECD25-8CD2-034A-BDB2-98BD92DAE27D.root
11-Jun-2024 11:36:56 CEST  Initiating request to open file root://eoscms.cern.ch//eos/cms/store/mc/RunIISummer19UL17MiniAOD/QCD_Pt-15to7000_TuneCH3_Flat_13TeV_herwig7/MINIAODSIM/106X_mc2017_realistic_v6-v2/240000/773C3398-DDFA-3947-A222-B07D0683F557.root
%MSG-w XrdAdaptorInternal:  file_open 11-Jun-2024 11:36:57 CEST PostProcessEvent
Failed to open file at URL root://eoscms.cern.ch:1094//eos/cms/store/mc/RunIISummer19UL17MiniAOD/QCD_Pt-15to7000_TuneCH3_Flat_13TeV_herwig7/MINIAODSIM/106X_mc2017_realistic_v6-v2/240000/773C3398-DDFA-3947-A222-B07D0683F557.root.
%MSG
%MSG-w XrdAdaptorInternal:  file_open 11-Jun-2024 11:36:57 CEST PostProcessEvent
Failed to open file at URL root://eoscms.cern.ch:1094//eos/cms/store/mc/RunIISummer19UL17MiniAOD/QCD_Pt-15to7000_TuneCH3_Flat_13TeV_herwig7/MINIAODSIM/106X_mc2017_realistic_v6-v2/240000/773C3398-DDFA-3947-A222-B07D0683F557.root?tried=.
%MSG
11-Jun-2024 11:36:57 CEST  Fallback request to file root://xrootd-cms.infn.it//store/mc/RunIISummer19UL17MiniAOD/QCD_Pt-15to7000_TuneCH3_Flat_13TeV_herwig7/MINIAODSIM/106X_mc2017_realistic_v6-v2/240000/773C3398-DDFA-3947-A222-B07D0683F557.root
%MSG-w XrdAdaptor:  file_open 11-Jun-2024 11:37:10 CEST PostProcessEvent
Data is served from T2_US_Vanderbilt instead of original site infn.it
%MSG
11-Jun-2024 11:37:10 CEST  Successfully opened file root://xrootd-cms.infn.it//store/mc/RunIISummer19UL17MiniAOD/QCD_Pt-15to7000_TuneCH3_Flat_13TeV_herwig7/MINIAODSIM/106X_mc2017_realistic_v6-v2/240000/773C3398-DDFA-3947-A222-B07D0683F557.root
11-Jun-2024 11:37:22 CEST  Closed file root://xrootd-cms.infn.it//store/mc/RunIISummer19UL17MiniAOD/QCD_Pt-15to7000_TuneCH3_Flat_13TeV_herwig7/MINIAODSIM/106X_mc2017_realistic_v6-v2/240000/773C3398-DDFA-3947-A222-B07D0683F557.root
11-Jun-2024 11:37:22 CEST  Initiating request to open file root://eoscms.cern.ch//eos/cms/store/mc/RunIISummer19UL17MiniAOD/QCD_Pt-15to7000_TuneCH3_Flat_13TeV_herwig7/MINIAODSIM/106X_mc2017_realistic_v6-v2/240000/BED38845-1279-4D4C-AAA0-C8EA0E1489B9.root
%MSG-w XrdAdaptorInternal:  file_open 11-Jun-2024 11:37:23 CEST PostProcessEvent
Failed to open file at URL root://eoscms.cern.ch:1094//eos/cms/store/mc/RunIISummer19UL17MiniAOD/QCD_Pt-15to7000_TuneCH3_Flat_13TeV_herwig7/MINIAODSIM/106X_mc2017_realistic_v6-v2/240000/BED38845-1279-4D4C-AAA0-C8EA0E1489B9.root.
%MSG
%MSG-w XrdAdaptorInternal:  file_open 11-Jun-2024 11:37:23 CEST PostProcessEvent
Failed to open file at URL root://eoscms.cern.ch:1094//eos/cms/store/mc/RunIISummer19UL17MiniAOD/QCD_Pt-15to7000_TuneCH3_Flat_13TeV_herwig7/MINIAODSIM/106X_mc2017_realistic_v6-v2/240000/BED38845-1279-4D4C-AAA0-C8EA0E1489B9.root?tried=.
%MSG
11-Jun-2024 11:37:23 CEST  Fallback request to file root://xrootd-cms.infn.it//store/mc/RunIISummer19UL17MiniAOD/QCD_Pt-15to7000_TuneCH3_Flat_13TeV_herwig7/MINIAODSIM/106X_mc2017_realistic_v6-v2/240000/BED38845-1279-4D4C-AAA0-C8EA0E1489B9.root
%MSG-w XrdAdaptor:  file_open 11-Jun-2024 11:37:37 CEST PostProcessEvent
Data is served from T2_US_Vanderbilt instead of original site infn.it
%MSG
11-Jun-2024 11:37:38 CEST  Successfully opened file root://xrootd-cms.infn.it//store/mc/RunIISummer19UL17MiniAOD/QCD_Pt-15to7000_TuneCH3_Flat_13TeV_herwig7/MINIAODSIM/106X_mc2017_realistic_v6-v2/240000/BED38845-1279-4D4C-AAA0-C8EA0E1489B9.root
Begin processing the 500001st record. Run 1, Event 7198713, LumiSection 71988 on stream 0 at 11-Jun-2024 11:37:46.573 CEST
11-Jun-2024 11:37:46 CEST  Closed file root://xrootd-cms.infn.it//store/mc/RunIISummer19UL17MiniAOD/QCD_Pt-15to7000_TuneCH3_Flat_13TeV_herwig7/MINIAODSIM/106X_mc2017_realistic_v6-v2/240000/BED38845-1279-4D4C-AAA0-C8EA0E1489B9.root
11-Jun-2024 11:37:46 CEST  Initiating request to open file root://eoscms.cern.ch//eos/cms/store/mc/RunIISummer19UL17MiniAOD/QCD_Pt-15to7000_TuneCH3_Flat_13TeV_herwig7/MINIAODSIM/106X_mc2017_realistic_v6-v2/240000/3535B057-B03C-B54D-9EAB-2D2859881B11.root
%MSG-w XrdAdaptorInternal:  file_open 11-Jun-2024 11:37:47 CEST PostProcessEvent
Failed to open file at URL root://eoscms.cern.ch:1094//eos/cms/store/mc/RunIISummer19UL17MiniAOD/QCD_Pt-15to7000_TuneCH3_Flat_13TeV_herwig7/MINIAODSIM/106X_mc2017_realistic_v6-v2/240000/3535B057-B03C-B54D-9EAB-2D2859881B11.root.
%MSG
%MSG-w XrdAdaptorInternal:  file_open 11-Jun-2024 11:37:47 CEST PostProcessEvent
Failed to open file at URL root://eoscms.cern.ch:1094//eos/cms/store/mc/RunIISummer19UL17MiniAOD/QCD_Pt-15to7000_TuneCH3_Flat_13TeV_herwig7/MINIAODSIM/106X_mc2017_realistic_v6-v2/240000/3535B057-B03C-B54D-9EAB-2D2859881B11.root?tried=.
%MSG
11-Jun-2024 11:37:47 CEST  Fallback request to file root://xrootd-cms.infn.it//store/mc/RunIISummer19UL17MiniAOD/QCD_Pt-15to7000_TuneCH3_Flat_13TeV_herwig7/MINIAODSIM/106X_mc2017_realistic_v6-v2/240000/3535B057-B03C-B54D-9EAB-2D2859881B11.root
%MSG-w XrdAdaptor:  file_open 11-Jun-2024 11:38:02 CEST PostProcessEvent
Data is served from T2_US_Vanderbilt instead of original site infn.it
%MSG
11-Jun-2024 11:38:03 CEST  Successfully opened file root://xrootd-cms.infn.it//store/mc/RunIISummer19UL17MiniAOD/QCD_Pt-15to7000_TuneCH3_Flat_13TeV_herwig7/MINIAODSIM/106X_mc2017_realistic_v6-v2/240000/3535B057-B03C-B54D-9EAB-2D2859881B11.root
11-Jun-2024 11:38:10 CEST  Closed file root://xrootd-cms.infn.it//store/mc/RunIISummer19UL17MiniAOD/QCD_Pt-15to7000_TuneCH3_Flat_13TeV_herwig7/MINIAODSIM/106X_mc2017_realistic_v6-v2/240000/3535B057-B03C-B54D-9EAB-2D2859881B11.root
11-Jun-2024 11:38:10 CEST  Initiating request to open file root://eoscms.cern.ch//eos/cms/store/mc/RunIISummer19UL17MiniAOD/QCD_Pt-15to7000_TuneCH3_Flat_13TeV_herwig7/MINIAODSIM/106X_mc2017_realistic_v6-v2/240000/6300D999-E5C1-134E-AFE8-B379EBB2D22C.root
%MSG-w XrdAdaptorInternal:  file_open 11-Jun-2024 11:38:11 CEST PostProcessEvent
Failed to open file at URL root://eoscms.cern.ch:1094//eos/cms/store/mc/RunIISummer19UL17MiniAOD/QCD_Pt-15to7000_TuneCH3_Flat_13TeV_herwig7/MINIAODSIM/106X_mc2017_realistic_v6-v2/240000/6300D999-E5C1-134E-AFE8-B379EBB2D22C.root.
%MSG
%MSG-w XrdAdaptorInternal:  file_open 11-Jun-2024 11:38:11 CEST PostProcessEvent
Failed to open file at URL root://eoscms.cern.ch:1094//eos/cms/store/mc/RunIISummer19UL17MiniAOD/QCD_Pt-15to7000_TuneCH3_Flat_13TeV_herwig7/MINIAODSIM/106X_mc2017_realistic_v6-v2/240000/6300D999-E5C1-134E-AFE8-B379EBB2D22C.root?tried=.
%MSG
11-Jun-2024 11:38:11 CEST  Fallback request to file root://xrootd-cms.infn.it//store/mc/RunIISummer19UL17MiniAOD/QCD_Pt-15to7000_TuneCH3_Flat_13TeV_herwig7/MINIAODSIM/106X_mc2017_realistic_v6-v2/240000/6300D999-E5C1-134E-AFE8-B379EBB2D22C.root
%MSG-w XrdAdaptor:  file_open 11-Jun-2024 11:38:25 CEST PostProcessEvent
Data is served from T2_US_Vanderbilt instead of original site infn.it
%MSG
11-Jun-2024 11:38:26 CEST  Successfully opened file root://xrootd-cms.infn.it//store/mc/RunIISummer19UL17MiniAOD/QCD_Pt-15to7000_TuneCH3_Flat_13TeV_herwig7/MINIAODSIM/106X_mc2017_realistic_v6-v2/240000/6300D999-E5C1-134E-AFE8-B379EBB2D22C.root
11-Jun-2024 11:38:47 CEST  Closed file root://xrootd-cms.infn.it//store/mc/RunIISummer19UL17MiniAOD/QCD_Pt-15to7000_TuneCH3_Flat_13TeV_herwig7/MINIAODSIM/106X_mc2017_realistic_v6-v2/240000/6300D999-E5C1-134E-AFE8-B379EBB2D22C.root
11-Jun-2024 11:38:47 CEST  Initiating request to open file root://eoscms.cern.ch//eos/cms/store/mc/RunIISummer19UL17MiniAOD/QCD_Pt-15to7000_TuneCH3_Flat_13TeV_herwig7/MINIAODSIM/106X_mc2017_realistic_v6-v2/240000/FCB1F056-5B73-8C47-A43D-2C43AFB37F19.root
%MSG-w XrdAdaptorInternal:  file_open 11-Jun-2024 11:38:48 CEST PostProcessEvent
Failed to open file at URL root://eoscms.cern.ch:1094//eos/cms/store/mc/RunIISummer19UL17MiniAOD/QCD_Pt-15to7000_TuneCH3_Flat_13TeV_herwig7/MINIAODSIM/106X_mc2017_realistic_v6-v2/240000/FCB1F056-5B73-8C47-A43D-2C43AFB37F19.root.
%MSG
%MSG-w XrdAdaptorInternal:  file_open 11-Jun-2024 11:38:48 CEST PostProcessEvent
Failed to open file at URL root://eoscms.cern.ch:1094//eos/cms/store/mc/RunIISummer19UL17MiniAOD/QCD_Pt-15to7000_TuneCH3_Flat_13TeV_herwig7/MINIAODSIM/106X_mc2017_realistic_v6-v2/240000/FCB1F056-5B73-8C47-A43D-2C43AFB37F19.root?tried=.
%MSG
11-Jun-2024 11:38:48 CEST  Fallback request to file root://xrootd-cms.infn.it//store/mc/RunIISummer19UL17MiniAOD/QCD_Pt-15to7000_TuneCH3_Flat_13TeV_herwig7/MINIAODSIM/106X_mc2017_realistic_v6-v2/240000/FCB1F056-5B73-8C47-A43D-2C43AFB37F19.root
%MSG-w XrdAdaptor:  file_open 11-Jun-2024 11:39:02 CEST PostProcessEvent
Data is served from T2_US_Vanderbilt instead of original site infn.it
%MSG
11-Jun-2024 11:39:03 CEST  Successfully opened file root://xrootd-cms.infn.it//store/mc/RunIISummer19UL17MiniAOD/QCD_Pt-15to7000_TuneCH3_Flat_13TeV_herwig7/MINIAODSIM/106X_mc2017_realistic_v6-v2/240000/FCB1F056-5B73-8C47-A43D-2C43AFB37F19.root
11-Jun-2024 11:39:08 CEST  Closed file root://xrootd-cms.infn.it//store/mc/RunIISummer19UL17MiniAOD/QCD_Pt-15to7000_TuneCH3_Flat_13TeV_herwig7/MINIAODSIM/106X_mc2017_realistic_v6-v2/240000/FCB1F056-5B73-8C47-A43D-2C43AFB37F19.root
11-Jun-2024 11:39:08 CEST  Initiating request to open file root://eoscms.cern.ch//eos/cms/store/mc/RunIISummer19UL17MiniAOD/QCD_Pt-15to7000_TuneCH3_Flat_13TeV_herwig7/MINIAODSIM/106X_mc2017_realistic_v6-v2/240000/240FFC35-9712-3548-B7A7-56430CF4812A.root
%MSG-w XrdAdaptorInternal:  file_open 11-Jun-2024 11:39:09 CEST PostProcessEvent
Failed to open file at URL root://eoscms.cern.ch:1094//eos/cms/store/mc/RunIISummer19UL17MiniAOD/QCD_Pt-15to7000_TuneCH3_Flat_13TeV_herwig7/MINIAODSIM/106X_mc2017_realistic_v6-v2/240000/240FFC35-9712-3548-B7A7-56430CF4812A.root.
%MSG
%MSG-w XrdAdaptorInternal:  file_open 11-Jun-2024 11:39:09 CEST PostProcessEvent
Failed to open file at URL root://eoscms.cern.ch:1094//eos/cms/store/mc/RunIISummer19UL17MiniAOD/QCD_Pt-15to7000_TuneCH3_Flat_13TeV_herwig7/MINIAODSIM/106X_mc2017_realistic_v6-v2/240000/240FFC35-9712-3548-B7A7-56430CF4812A.root?tried=.
%MSG
11-Jun-2024 11:39:09 CEST  Fallback request to file root://xrootd-cms.infn.it//store/mc/RunIISummer19UL17MiniAOD/QCD_Pt-15to7000_TuneCH3_Flat_13TeV_herwig7/MINIAODSIM/106X_mc2017_realistic_v6-v2/240000/240FFC35-9712-3548-B7A7-56430CF4812A.root
%MSG-w XrdAdaptor:  file_open 11-Jun-2024 11:39:24 CEST PostProcessEvent
Data is served from T2_US_Vanderbilt instead of original site infn.it
%MSG
11-Jun-2024 11:39:25 CEST  Successfully opened file root://xrootd-cms.infn.it//store/mc/RunIISummer19UL17MiniAOD/QCD_Pt-15to7000_TuneCH3_Flat_13TeV_herwig7/MINIAODSIM/106X_mc2017_realistic_v6-v2/240000/240FFC35-9712-3548-B7A7-56430CF4812A.root
Begin processing the 600001st record. Run 1, Event 10565701, LumiSection 105658 on stream 0 at 11-Jun-2024 11:39:39.206 CEST
11-Jun-2024 11:39:40 CEST  Closed file root://xrootd-cms.infn.it//store/mc/RunIISummer19UL17MiniAOD/QCD_Pt-15to7000_TuneCH3_Flat_13TeV_herwig7/MINIAODSIM/106X_mc2017_realistic_v6-v2/240000/240FFC35-9712-3548-B7A7-56430CF4812A.root
11-Jun-2024 11:39:40 CEST  Initiating request to open file root://eoscms.cern.ch//eos/cms/store/mc/RunIISummer19UL17MiniAOD/QCD_Pt-15to7000_TuneCH3_Flat_13TeV_herwig7/MINIAODSIM/106X_mc2017_realistic_v6-v2/240000/861920C3-88E5-4043-AC25-3C12C89BE68F.root
%MSG-w XrdAdaptorInternal:  file_open 11-Jun-2024 11:39:41 CEST PostProcessEvent
Failed to open file at URL root://eoscms.cern.ch:1094//eos/cms/store/mc/RunIISummer19UL17MiniAOD/QCD_Pt-15to7000_TuneCH3_Flat_13TeV_herwig7/MINIAODSIM/106X_mc2017_realistic_v6-v2/240000/861920C3-88E5-4043-AC25-3C12C89BE68F.root.
%MSG
%MSG-w XrdAdaptorInternal:  file_open 11-Jun-2024 11:39:41 CEST PostProcessEvent
Failed to open file at URL root://eoscms.cern.ch:1094//eos/cms/store/mc/RunIISummer19UL17MiniAOD/QCD_Pt-15to7000_TuneCH3_Flat_13TeV_herwig7/MINIAODSIM/106X_mc2017_realistic_v6-v2/240000/861920C3-88E5-4043-AC25-3C12C89BE68F.root?tried=.
%MSG
11-Jun-2024 11:39:41 CEST  Fallback request to file root://xrootd-cms.infn.it//store/mc/RunIISummer19UL17MiniAOD/QCD_Pt-15to7000_TuneCH3_Flat_13TeV_herwig7/MINIAODSIM/106X_mc2017_realistic_v6-v2/240000/861920C3-88E5-4043-AC25-3C12C89BE68F.root
%MSG-w XrdAdaptor:  file_open 11-Jun-2024 11:39:55 CEST PostProcessEvent
Data is served from T2_US_Vanderbilt instead of original site infn.it
%MSG
11-Jun-2024 11:39:56 CEST  Successfully opened file root://xrootd-cms.infn.it//store/mc/RunIISummer19UL17MiniAOD/QCD_Pt-15to7000_TuneCH3_Flat_13TeV_herwig7/MINIAODSIM/106X_mc2017_realistic_v6-v2/240000/861920C3-88E5-4043-AC25-3C12C89BE68F.root
11-Jun-2024 11:40:09 CEST  Closed file root://xrootd-cms.infn.it//store/mc/RunIISummer19UL17MiniAOD/QCD_Pt-15to7000_TuneCH3_Flat_13TeV_herwig7/MINIAODSIM/106X_mc2017_realistic_v6-v2/240000/861920C3-88E5-4043-AC25-3C12C89BE68F.root
11-Jun-2024 11:40:09 CEST  Initiating request to open file root://eoscms.cern.ch//eos/cms/store/mc/RunIISummer19UL17MiniAOD/QCD_Pt-15to7000_TuneCH3_Flat_13TeV_herwig7/MINIAODSIM/106X_mc2017_realistic_v6-v2/240000/D9663131-84F0-7C47-9233-40828F1CB822.root
%MSG-w XrdAdaptorInternal:  file_open 11-Jun-2024 11:40:10 CEST PostProcessEvent
Failed to open file at URL root://eoscms.cern.ch:1094//eos/cms/store/mc/RunIISummer19UL17MiniAOD/QCD_Pt-15to7000_TuneCH3_Flat_13TeV_herwig7/MINIAODSIM/106X_mc2017_realistic_v6-v2/240000/D9663131-84F0-7C47-9233-40828F1CB822.root.
%MSG
%MSG-w XrdAdaptorInternal:  file_open 11-Jun-2024 11:40:10 CEST PostProcessEvent
Failed to open file at URL root://eoscms.cern.ch:1094//eos/cms/store/mc/RunIISummer19UL17MiniAOD/QCD_Pt-15to7000_TuneCH3_Flat_13TeV_herwig7/MINIAODSIM/106X_mc2017_realistic_v6-v2/240000/D9663131-84F0-7C47-9233-40828F1CB822.root?tried=.
%MSG
11-Jun-2024 11:40:10 CEST  Fallback request to file root://xrootd-cms.infn.it//store/mc/RunIISummer19UL17MiniAOD/QCD_Pt-15to7000_TuneCH3_Flat_13TeV_herwig7/MINIAODSIM/106X_mc2017_realistic_v6-v2/240000/D9663131-84F0-7C47-9233-40828F1CB822.root
%MSG-w XrdAdaptor:  file_open 11-Jun-2024 11:40:24 CEST PostProcessEvent
Data is served from T2_US_Vanderbilt instead of original site infn.it
%MSG
11-Jun-2024 11:40:25 CEST  Successfully opened file root://xrootd-cms.infn.it//store/mc/RunIISummer19UL17MiniAOD/QCD_Pt-15to7000_TuneCH3_Flat_13TeV_herwig7/MINIAODSIM/106X_mc2017_realistic_v6-v2/240000/D9663131-84F0-7C47-9233-40828F1CB822.root
Begin processing the 700001st record. Run 1, Event 10465902, LumiSection 104660 on stream 0 at 11-Jun-2024 11:40:34.148 CEST
11-Jun-2024 11:40:36 CEST  Closed file root://xrootd-cms.infn.it//store/mc/RunIISummer19UL17MiniAOD/QCD_Pt-15to7000_TuneCH3_Flat_13TeV_herwig7/MINIAODSIM/106X_mc2017_realistic_v6-v2/240000/D9663131-84F0-7C47-9233-40828F1CB822.root
11-Jun-2024 11:40:36 CEST  Initiating request to open file root://eoscms.cern.ch//eos/cms/store/mc/RunIISummer19UL17MiniAOD/QCD_Pt-15to7000_TuneCH3_Flat_13TeV_herwig7/MINIAODSIM/106X_mc2017_realistic_v6-v2/240000/565FB0DA-A359-2A44-8519-0F4D200F31E2.root
%MSG-w XrdAdaptorInternal:  file_open 11-Jun-2024 11:40:37 CEST PostProcessEvent
Failed to open file at URL root://eoscms.cern.ch:1094//eos/cms/store/mc/RunIISummer19UL17MiniAOD/QCD_Pt-15to7000_TuneCH3_Flat_13TeV_herwig7/MINIAODSIM/106X_mc2017_realistic_v6-v2/240000/565FB0DA-A359-2A44-8519-0F4D200F31E2.root.
%MSG
%MSG-w XrdAdaptorInternal:  file_open 11-Jun-2024 11:40:37 CEST PostProcessEvent
Failed to open file at URL root://eoscms.cern.ch:1094//eos/cms/store/mc/RunIISummer19UL17MiniAOD/QCD_Pt-15to7000_TuneCH3_Flat_13TeV_herwig7/MINIAODSIM/106X_mc2017_realistic_v6-v2/240000/565FB0DA-A359-2A44-8519-0F4D200F31E2.root?tried=.
%MSG
11-Jun-2024 11:40:37 CEST  Fallback request to file root://xrootd-cms.infn.it//store/mc/RunIISummer19UL17MiniAOD/QCD_Pt-15to7000_TuneCH3_Flat_13TeV_herwig7/MINIAODSIM/106X_mc2017_realistic_v6-v2/240000/565FB0DA-A359-2A44-8519-0F4D200F31E2.root
%MSG-w XrdAdaptor:  file_open 11-Jun-2024 11:40:50 CEST PostProcessEvent
Data is served from T2_US_Vanderbilt instead of original site infn.it
%MSG
11-Jun-2024 11:40:50 CEST  Successfully opened file root://xrootd-cms.infn.it//store/mc/RunIISummer19UL17MiniAOD/QCD_Pt-15to7000_TuneCH3_Flat_13TeV_herwig7/MINIAODSIM/106X_mc2017_realistic_v6-v2/240000/565FB0DA-A359-2A44-8519-0F4D200F31E2.root
11-Jun-2024 11:41:02 CEST  Closed file root://xrootd-cms.infn.it//store/mc/RunIISummer19UL17MiniAOD/QCD_Pt-15to7000_TuneCH3_Flat_13TeV_herwig7/MINIAODSIM/106X_mc2017_realistic_v6-v2/240000/565FB0DA-A359-2A44-8519-0F4D200F31E2.root
11-Jun-2024 11:41:02 CEST  Initiating request to open file root://eoscms.cern.ch//eos/cms/store/mc/RunIISummer19UL17MiniAOD/QCD_Pt-15to7000_TuneCH3_Flat_13TeV_herwig7/MINIAODSIM/106X_mc2017_realistic_v6-v2/240000/CA7FEEA3-8F5F-A348-89FF-D28074D8F6AF.root
%MSG-w XrdAdaptorInternal:  file_open 11-Jun-2024 11:41:03 CEST PostProcessEvent
Failed to open file at URL root://eoscms.cern.ch:1094//eos/cms/store/mc/RunIISummer19UL17MiniAOD/QCD_Pt-15to7000_TuneCH3_Flat_13TeV_herwig7/MINIAODSIM/106X_mc2017_realistic_v6-v2/240000/CA7FEEA3-8F5F-A348-89FF-D28074D8F6AF.root.
%MSG
%MSG-w XrdAdaptorInternal:  file_open 11-Jun-2024 11:41:03 CEST PostProcessEvent
Failed to open file at URL root://eoscms.cern.ch:1094//eos/cms/store/mc/RunIISummer19UL17MiniAOD/QCD_Pt-15to7000_TuneCH3_Flat_13TeV_herwig7/MINIAODSIM/106X_mc2017_realistic_v6-v2/240000/CA7FEEA3-8F5F-A348-89FF-D28074D8F6AF.root?tried=.
%MSG
11-Jun-2024 11:41:03 CEST  Fallback request to file root://xrootd-cms.infn.it//store/mc/RunIISummer19UL17MiniAOD/QCD_Pt-15to7000_TuneCH3_Flat_13TeV_herwig7/MINIAODSIM/106X_mc2017_realistic_v6-v2/240000/CA7FEEA3-8F5F-A348-89FF-D28074D8F6AF.root
%MSG-w XrdAdaptor:  file_open 11-Jun-2024 11:41:16 CEST PostProcessEvent
Data is served from T2_US_Vanderbilt instead of original site infn.it
%MSG
11-Jun-2024 11:41:17 CEST  Successfully opened file root://xrootd-cms.infn.it//store/mc/RunIISummer19UL17MiniAOD/QCD_Pt-15to7000_TuneCH3_Flat_13TeV_herwig7/MINIAODSIM/106X_mc2017_realistic_v6-v2/240000/CA7FEEA3-8F5F-A348-89FF-D28074D8F6AF.root
Begin processing the 800001st record. Run 1, Event 10954711, LumiSection 109548 on stream 0 at 11-Jun-2024 11:41:26.250 CEST
11-Jun-2024 11:41:28 CEST  Closed file root://xrootd-cms.infn.it//store/mc/RunIISummer19UL17MiniAOD/QCD_Pt-15to7000_TuneCH3_Flat_13TeV_herwig7/MINIAODSIM/106X_mc2017_realistic_v6-v2/240000/CA7FEEA3-8F5F-A348-89FF-D28074D8F6AF.root
11-Jun-2024 11:41:28 CEST  Initiating request to open file root://eoscms.cern.ch//eos/cms/store/mc/RunIISummer19UL17MiniAOD/QCD_Pt-15to7000_TuneCH3_Flat_13TeV_herwig7/MINIAODSIM/106X_mc2017_realistic_v6-v2/240000/8BD43715-6FAF-3A4D-A8EA-882FF5952EA5.root
%MSG-w XrdAdaptorInternal:  file_open 11-Jun-2024 11:41:29 CEST PostProcessEvent
Failed to open file at URL root://eoscms.cern.ch:1094//eos/cms/store/mc/RunIISummer19UL17MiniAOD/QCD_Pt-15to7000_TuneCH3_Flat_13TeV_herwig7/MINIAODSIM/106X_mc2017_realistic_v6-v2/240000/8BD43715-6FAF-3A4D-A8EA-882FF5952EA5.root.
%MSG
%MSG-w XrdAdaptorInternal:  file_open 11-Jun-2024 11:41:29 CEST PostProcessEvent
Failed to open file at URL root://eoscms.cern.ch:1094//eos/cms/store/mc/RunIISummer19UL17MiniAOD/QCD_Pt-15to7000_TuneCH3_Flat_13TeV_herwig7/MINIAODSIM/106X_mc2017_realistic_v6-v2/240000/8BD43715-6FAF-3A4D-A8EA-882FF5952EA5.root?tried=.
%MSG
11-Jun-2024 11:41:29 CEST  Fallback request to file root://xrootd-cms.infn.it//store/mc/RunIISummer19UL17MiniAOD/QCD_Pt-15to7000_TuneCH3_Flat_13TeV_herwig7/MINIAODSIM/106X_mc2017_realistic_v6-v2/240000/8BD43715-6FAF-3A4D-A8EA-882FF5952EA5.root
%MSG-w XrdAdaptor:  file_open 11-Jun-2024 11:41:43 CEST PostProcessEvent
Data is served from T2_US_Vanderbilt instead of original site infn.it
%MSG
11-Jun-2024 11:41:43 CEST  Successfully opened file root://xrootd-cms.infn.it//store/mc/RunIISummer19UL17MiniAOD/QCD_Pt-15to7000_TuneCH3_Flat_13TeV_herwig7/MINIAODSIM/106X_mc2017_realistic_v6-v2/240000/8BD43715-6FAF-3A4D-A8EA-882FF5952EA5.root
11-Jun-2024 11:41:52 CEST  Closed file root://xrootd-cms.infn.it//store/mc/RunIISummer19UL17MiniAOD/QCD_Pt-15to7000_TuneCH3_Flat_13TeV_herwig7/MINIAODSIM/106X_mc2017_realistic_v6-v2/240000/8BD43715-6FAF-3A4D-A8EA-882FF5952EA5.root
11-Jun-2024 11:41:52 CEST  Initiating request to open file root://eoscms.cern.ch//eos/cms/store/mc/RunIISummer19UL17MiniAOD/QCD_Pt-15to7000_TuneCH3_Flat_13TeV_herwig7/MINIAODSIM/106X_mc2017_realistic_v6-v2/240000/82B8DC9C-0660-554F-B16A-AFA1F14E7826.root
%MSG-w XrdAdaptorInternal:  file_open 11-Jun-2024 11:41:53 CEST PostProcessEvent
Failed to open file at URL root://eoscms.cern.ch:1094//eos/cms/store/mc/RunIISummer19UL17MiniAOD/QCD_Pt-15to7000_TuneCH3_Flat_13TeV_herwig7/MINIAODSIM/106X_mc2017_realistic_v6-v2/240000/82B8DC9C-0660-554F-B16A-AFA1F14E7826.root.
%MSG
%MSG-w XrdAdaptorInternal:  file_open 11-Jun-2024 11:41:53 CEST PostProcessEvent
Failed to open file at URL root://eoscms.cern.ch:1094//eos/cms/store/mc/RunIISummer19UL17MiniAOD/QCD_Pt-15to7000_TuneCH3_Flat_13TeV_herwig7/MINIAODSIM/106X_mc2017_realistic_v6-v2/240000/82B8DC9C-0660-554F-B16A-AFA1F14E7826.root?tried=.
%MSG
11-Jun-2024 11:41:53 CEST  Fallback request to file root://xrootd-cms.infn.it//store/mc/RunIISummer19UL17MiniAOD/QCD_Pt-15to7000_TuneCH3_Flat_13TeV_herwig7/MINIAODSIM/106X_mc2017_realistic_v6-v2/240000/82B8DC9C-0660-554F-B16A-AFA1F14E7826.root
%MSG-w XrdAdaptor:  file_open 11-Jun-2024 11:42:07 CEST PostProcessEvent
Data is served from T2_US_Vanderbilt instead of original site infn.it
%MSG
11-Jun-2024 11:42:09 CEST  Successfully opened file root://xrootd-cms.infn.it//store/mc/RunIISummer19UL17MiniAOD/QCD_Pt-15to7000_TuneCH3_Flat_13TeV_herwig7/MINIAODSIM/106X_mc2017_realistic_v6-v2/240000/82B8DC9C-0660-554F-B16A-AFA1F14E7826.root
Begin processing the 900001st record. Run 1, Event 7212604, LumiSection 72127 on stream 0 at 11-Jun-2024 11:42:16.854 CEST
11-Jun-2024 11:42:18 CEST  Closed file root://xrootd-cms.infn.it//store/mc/RunIISummer19UL17MiniAOD/QCD_Pt-15to7000_TuneCH3_Flat_13TeV_herwig7/MINIAODSIM/106X_mc2017_realistic_v6-v2/240000/82B8DC9C-0660-554F-B16A-AFA1F14E7826.root
11-Jun-2024 11:42:18 CEST  Initiating request to open file root://eoscms.cern.ch//eos/cms/store/mc/RunIISummer19UL17MiniAOD/QCD_Pt-15to7000_TuneCH3_Flat_13TeV_herwig7/MINIAODSIM/106X_mc2017_realistic_v6-v2/240000/90D56213-ED44-8540-B7EB-2152C9B13D5B.root
%MSG-w XrdAdaptorInternal:  file_open 11-Jun-2024 11:42:19 CEST PostProcessEvent
Failed to open file at URL root://eoscms.cern.ch:1094//eos/cms/store/mc/RunIISummer19UL17MiniAOD/QCD_Pt-15to7000_TuneCH3_Flat_13TeV_herwig7/MINIAODSIM/106X_mc2017_realistic_v6-v2/240000/90D56213-ED44-8540-B7EB-2152C9B13D5B.root.
%MSG
%MSG-w XrdAdaptorInternal:  file_open 11-Jun-2024 11:42:19 CEST PostProcessEvent
Failed to open file at URL root://eoscms.cern.ch:1094//eos/cms/store/mc/RunIISummer19UL17MiniAOD/QCD_Pt-15to7000_TuneCH3_Flat_13TeV_herwig7/MINIAODSIM/106X_mc2017_realistic_v6-v2/240000/90D56213-ED44-8540-B7EB-2152C9B13D5B.root?tried=.
%MSG
11-Jun-2024 11:42:19 CEST  Fallback request to file root://xrootd-cms.infn.it//store/mc/RunIISummer19UL17MiniAOD/QCD_Pt-15to7000_TuneCH3_Flat_13TeV_herwig7/MINIAODSIM/106X_mc2017_realistic_v6-v2/240000/90D56213-ED44-8540-B7EB-2152C9B13D5B.root
%MSG-w XrdAdaptor:  file_open 11-Jun-2024 11:42:33 CEST PostProcessEvent
Data is served from T2_US_Vanderbilt instead of original site infn.it
%MSG
11-Jun-2024 11:42:34 CEST  Successfully opened file root://xrootd-cms.infn.it//store/mc/RunIISummer19UL17MiniAOD/QCD_Pt-15to7000_TuneCH3_Flat_13TeV_herwig7/MINIAODSIM/106X_mc2017_realistic_v6-v2/240000/90D56213-ED44-8540-B7EB-2152C9B13D5B.root
11-Jun-2024 11:42:47 CEST  Closed file root://xrootd-cms.infn.it//store/mc/RunIISummer19UL17MiniAOD/QCD_Pt-15to7000_TuneCH3_Flat_13TeV_herwig7/MINIAODSIM/106X_mc2017_realistic_v6-v2/240000/90D56213-ED44-8540-B7EB-2152C9B13D5B.root

------------------------------------
GenXsecAnalyzer:
------------------------------------
Before Filter: total cross section = 7.149e+08 +- 1.347e+07 pb
Filter efficiency (taking into account weights)= (20229.2) / (20229.2) = 1.000e+00 +- 0.000e+00
Filter efficiency (event-level)= (1e+06) / (1e+06) = 1.000e+00 +- 0.000e+00    [TO BE USED IN MCM]

After filter: final cross section = 7.149e+08 +- 1.347e+07 pb
After filter: final fraction of events with negative weights = 0.000e+00 +- 0.000e+00
After filter: final equivalent lumi for 1M events (1/fb) = 1.399e-06 +- 2.640e-08

=============================================

MessageLogger Summary

 type     category        sev    module        subroutine        count    total
 ---- -------------------- -- ---------------- ----------------  -----    -----
    1 GenXSecAnalyzer      -w GenXSecAnalyzer:                       7        7
    2 XrdAdaptor           -w file_open                             24       24
    3 XrdAdaptorInternal   -w file_open                             48       48
    4 fileAction           -s file_close                            24       24
    5 fileAction           -s file_open                             72       72

 type    category    Examples: run/evt        run/evt          run/evt
 ---- -------------------- ---------------- ---------------- ----------------
    1 GenXSecAnalyzer      PostGlobalEndRun PostGlobalEndRun PostGlobalEndRun
    2 XrdAdaptor           pre-events       PostProcessEvent PostProcessEvent
    3 XrdAdaptorInternal   pre-events       pre-events       PostProcessEvent
    4 fileAction           PostProcessEvent PostProcessEvent PostGlobalEndRun
    5 fileAction           pre-events       pre-events       PostProcessEvent

Severity    # Occurrences   Total Occurrences
--------    -------------   -----------------
Warning                79                  79
System                 96                  96

dropped waiting message count 0
