11-Jun-2024 12:45:33 CEST  Initiating request to open file root://eoscms.cern.ch//eos/cms/store/mc/RunIISummer20UL17MiniAODv2/QCD_HT2000toInf_TuneCP5_PSWeights_13TeV-madgraph-pythia8/MINIAODSIM/106X_mc2017_realistic_v9-v1/80000/F441A8BE-9EBB-7843-B6AC-037945119033.root
%MSG-w XrdAdaptorInternal:  file_open 11-Jun-2024 12:45:34 CEST pre-events
Failed to open file at URL root://eoscms.cern.ch:1094//eos/cms/store/mc/RunIISummer20UL17MiniAODv2/QCD_HT2000toInf_TuneCP5_PSWeights_13TeV-madgraph-pythia8/MINIAODSIM/106X_mc2017_realistic_v9-v1/80000/F441A8BE-9EBB-7843-B6AC-037945119033.root.
%MSG
%MSG-w XrdAdaptorInternal:  file_open 11-Jun-2024 12:45:34 CEST pre-events
Failed to open file at URL root://eoscms.cern.ch:1094//eos/cms/store/mc/RunIISummer20UL17MiniAODv2/QCD_HT2000toInf_TuneCP5_PSWeights_13TeV-madgraph-pythia8/MINIAODSIM/106X_mc2017_realistic_v9-v1/80000/F441A8BE-9EBB-7843-B6AC-037945119033.root?tried=.
%MSG
11-Jun-2024 12:45:34 CEST  Fallback request to file root://xrootd-cms.infn.it//store/mc/RunIISummer20UL17MiniAODv2/QCD_HT2000toInf_TuneCP5_PSWeights_13TeV-madgraph-pythia8/MINIAODSIM/106X_mc2017_realistic_v9-v1/80000/F441A8BE-9EBB-7843-B6AC-037945119033.root
Unable to load sec.protocol plugin libXrdSecztn.so
%MSG-w XrdAdaptor:  file_open 11-Jun-2024 12:45:38 CEST pre-events
Data is served from T2_UK_SGrid_RALPP instead of original site infn.it
%MSG
11-Jun-2024 12:45:43 CEST  Successfully opened file root://xrootd-cms.infn.it//store/mc/RunIISummer20UL17MiniAODv2/QCD_HT2000toInf_TuneCP5_PSWeights_13TeV-madgraph-pythia8/MINIAODSIM/106X_mc2017_realistic_v9-v1/80000/F441A8BE-9EBB-7843-B6AC-037945119033.root
Unable to load sec.protocol plugin libXrdSecztn.so
Begin processing the 1st record. Run 1, Event 21866591, LumiSection 2216 on stream 0 at 11-Jun-2024 12:45:45.711 CEST
11-Jun-2024 12:45:47 CEST  Closed file root://xrootd-cms.infn.it//store/mc/RunIISummer20UL17MiniAODv2/QCD_HT2000toInf_TuneCP5_PSWeights_13TeV-madgraph-pythia8/MINIAODSIM/106X_mc2017_realistic_v9-v1/80000/F441A8BE-9EBB-7843-B6AC-037945119033.root
11-Jun-2024 12:45:47 CEST  Initiating request to open file root://eoscms.cern.ch//eos/cms/store/mc/RunIISummer20UL17MiniAODv2/QCD_HT2000toInf_TuneCP5_PSWeights_13TeV-madgraph-pythia8/MINIAODSIM/106X_mc2017_realistic_v9-v1/2550000/BD4F2B3A-9932-9B48-A24A-04810EA757BE.root
%MSG-w XrdAdaptorInternal:  file_open 11-Jun-2024 12:45:48 CEST PostProcessEvent
Failed to open file at URL root://eoscms.cern.ch:1094//eos/cms/store/mc/RunIISummer20UL17MiniAODv2/QCD_HT2000toInf_TuneCP5_PSWeights_13TeV-madgraph-pythia8/MINIAODSIM/106X_mc2017_realistic_v9-v1/2550000/BD4F2B3A-9932-9B48-A24A-04810EA757BE.root.
%MSG
%MSG-w XrdAdaptorInternal:  file_open 11-Jun-2024 12:45:48 CEST PostProcessEvent
Failed to open file at URL root://eoscms.cern.ch:1094//eos/cms/store/mc/RunIISummer20UL17MiniAODv2/QCD_HT2000toInf_TuneCP5_PSWeights_13TeV-madgraph-pythia8/MINIAODSIM/106X_mc2017_realistic_v9-v1/2550000/BD4F2B3A-9932-9B48-A24A-04810EA757BE.root?tried=.
%MSG
11-Jun-2024 12:45:48 CEST  Fallback request to file root://xrootd-cms.infn.it//store/mc/RunIISummer20UL17MiniAODv2/QCD_HT2000toInf_TuneCP5_PSWeights_13TeV-madgraph-pythia8/MINIAODSIM/106X_mc2017_realistic_v9-v1/2550000/BD4F2B3A-9932-9B48-A24A-04810EA757BE.root
%MSG-w XrdAdaptor:  file_open 11-Jun-2024 12:45:50 CEST PostProcessEvent
Data is served from T2_UK_SGrid_RALPP instead of original site infn.it
%MSG
11-Jun-2024 12:45:50 CEST  Successfully opened file root://xrootd-cms.infn.it//store/mc/RunIISummer20UL17MiniAODv2/QCD_HT2000toInf_TuneCP5_PSWeights_13TeV-madgraph-pythia8/MINIAODSIM/106X_mc2017_realistic_v9-v1/2550000/BD4F2B3A-9932-9B48-A24A-04810EA757BE.root
11-Jun-2024 12:45:52 CEST  Closed file root://xrootd-cms.infn.it//store/mc/RunIISummer20UL17MiniAODv2/QCD_HT2000toInf_TuneCP5_PSWeights_13TeV-madgraph-pythia8/MINIAODSIM/106X_mc2017_realistic_v9-v1/2550000/BD4F2B3A-9932-9B48-A24A-04810EA757BE.root
11-Jun-2024 12:45:52 CEST  Initiating request to open file root://eoscms.cern.ch//eos/cms/store/mc/RunIISummer20UL17MiniAODv2/QCD_HT2000toInf_TuneCP5_PSWeights_13TeV-madgraph-pythia8/MINIAODSIM/106X_mc2017_realistic_v9-v1/30000/9E529C93-75FC-1E41-A582-DDD64CADF528.root
%MSG-w XrdAdaptorInternal:  file_open 11-Jun-2024 12:45:53 CEST PostProcessEvent
Failed to open file at URL root://eoscms.cern.ch:1094//eos/cms/store/mc/RunIISummer20UL17MiniAODv2/QCD_HT2000toInf_TuneCP5_PSWeights_13TeV-madgraph-pythia8/MINIAODSIM/106X_mc2017_realistic_v9-v1/30000/9E529C93-75FC-1E41-A582-DDD64CADF528.root.
%MSG
%MSG-w XrdAdaptorInternal:  file_open 11-Jun-2024 12:45:53 CEST PostProcessEvent
Failed to open file at URL root://eoscms.cern.ch:1094//eos/cms/store/mc/RunIISummer20UL17MiniAODv2/QCD_HT2000toInf_TuneCP5_PSWeights_13TeV-madgraph-pythia8/MINIAODSIM/106X_mc2017_realistic_v9-v1/30000/9E529C93-75FC-1E41-A582-DDD64CADF528.root?tried=.
%MSG
11-Jun-2024 12:45:53 CEST  Fallback request to file root://xrootd-cms.infn.it//store/mc/RunIISummer20UL17MiniAODv2/QCD_HT2000toInf_TuneCP5_PSWeights_13TeV-madgraph-pythia8/MINIAODSIM/106X_mc2017_realistic_v9-v1/30000/9E529C93-75FC-1E41-A582-DDD64CADF528.root
%MSG-w XrdAdaptor:  file_open 11-Jun-2024 12:45:55 CEST PostProcessEvent
Data is served from T2_UK_SGrid_RALPP instead of original site infn.it
%MSG
11-Jun-2024 12:45:55 CEST  Successfully opened file root://xrootd-cms.infn.it//store/mc/RunIISummer20UL17MiniAODv2/QCD_HT2000toInf_TuneCP5_PSWeights_13TeV-madgraph-pythia8/MINIAODSIM/106X_mc2017_realistic_v9-v1/30000/9E529C93-75FC-1E41-A582-DDD64CADF528.root
11-Jun-2024 12:45:56 CEST  Closed file root://xrootd-cms.infn.it//store/mc/RunIISummer20UL17MiniAODv2/QCD_HT2000toInf_TuneCP5_PSWeights_13TeV-madgraph-pythia8/MINIAODSIM/106X_mc2017_realistic_v9-v1/30000/9E529C93-75FC-1E41-A582-DDD64CADF528.root
11-Jun-2024 12:45:56 CEST  Initiating request to open file root://eoscms.cern.ch//eos/cms/store/mc/RunIISummer20UL17MiniAODv2/QCD_HT2000toInf_TuneCP5_PSWeights_13TeV-madgraph-pythia8/MINIAODSIM/106X_mc2017_realistic_v9-v1/30000/C47FABE9-FC6A-4243-8967-C7017B4369B8.root
%MSG-w XrdAdaptorInternal:  file_open 11-Jun-2024 12:45:57 CEST PostProcessEvent
Failed to open file at URL root://eoscms.cern.ch:1094//eos/cms/store/mc/RunIISummer20UL17MiniAODv2/QCD_HT2000toInf_TuneCP5_PSWeights_13TeV-madgraph-pythia8/MINIAODSIM/106X_mc2017_realistic_v9-v1/30000/C47FABE9-FC6A-4243-8967-C7017B4369B8.root.
%MSG
%MSG-w XrdAdaptorInternal:  file_open 11-Jun-2024 12:45:57 CEST PostProcessEvent
Failed to open file at URL root://eoscms.cern.ch:1094//eos/cms/store/mc/RunIISummer20UL17MiniAODv2/QCD_HT2000toInf_TuneCP5_PSWeights_13TeV-madgraph-pythia8/MINIAODSIM/106X_mc2017_realistic_v9-v1/30000/C47FABE9-FC6A-4243-8967-C7017B4369B8.root?tried=.
%MSG
11-Jun-2024 12:45:57 CEST  Fallback request to file root://xrootd-cms.infn.it//store/mc/RunIISummer20UL17MiniAODv2/QCD_HT2000toInf_TuneCP5_PSWeights_13TeV-madgraph-pythia8/MINIAODSIM/106X_mc2017_realistic_v9-v1/30000/C47FABE9-FC6A-4243-8967-C7017B4369B8.root
%MSG-w XrdAdaptor:  file_open 11-Jun-2024 12:45:59 CEST PostProcessEvent
Data is served from T2_UK_SGrid_RALPP instead of original site infn.it
%MSG
11-Jun-2024 12:46:00 CEST  Successfully opened file root://xrootd-cms.infn.it//store/mc/RunIISummer20UL17MiniAODv2/QCD_HT2000toInf_TuneCP5_PSWeights_13TeV-madgraph-pythia8/MINIAODSIM/106X_mc2017_realistic_v9-v1/30000/C47FABE9-FC6A-4243-8967-C7017B4369B8.root
11-Jun-2024 12:46:01 CEST  Closed file root://xrootd-cms.infn.it//store/mc/RunIISummer20UL17MiniAODv2/QCD_HT2000toInf_TuneCP5_PSWeights_13TeV-madgraph-pythia8/MINIAODSIM/106X_mc2017_realistic_v9-v1/30000/C47FABE9-FC6A-4243-8967-C7017B4369B8.root
11-Jun-2024 12:46:01 CEST  Initiating request to open file root://eoscms.cern.ch//eos/cms/store/mc/RunIISummer20UL17MiniAODv2/QCD_HT2000toInf_TuneCP5_PSWeights_13TeV-madgraph-pythia8/MINIAODSIM/106X_mc2017_realistic_v9-v1/2550000/3C07C3F3-8B78-4F4E-8B25-740616C338BB.root
%MSG-w XrdAdaptorInternal:  file_open 11-Jun-2024 12:46:02 CEST PostProcessEvent
Failed to open file at URL root://eoscms.cern.ch:1094//eos/cms/store/mc/RunIISummer20UL17MiniAODv2/QCD_HT2000toInf_TuneCP5_PSWeights_13TeV-madgraph-pythia8/MINIAODSIM/106X_mc2017_realistic_v9-v1/2550000/3C07C3F3-8B78-4F4E-8B25-740616C338BB.root.
%MSG
%MSG-w XrdAdaptorInternal:  file_open 11-Jun-2024 12:46:02 CEST PostProcessEvent
Failed to open file at URL root://eoscms.cern.ch:1094//eos/cms/store/mc/RunIISummer20UL17MiniAODv2/QCD_HT2000toInf_TuneCP5_PSWeights_13TeV-madgraph-pythia8/MINIAODSIM/106X_mc2017_realistic_v9-v1/2550000/3C07C3F3-8B78-4F4E-8B25-740616C338BB.root?tried=.
%MSG
11-Jun-2024 12:46:02 CEST  Fallback request to file root://xrootd-cms.infn.it//store/mc/RunIISummer20UL17MiniAODv2/QCD_HT2000toInf_TuneCP5_PSWeights_13TeV-madgraph-pythia8/MINIAODSIM/106X_mc2017_realistic_v9-v1/2550000/3C07C3F3-8B78-4F4E-8B25-740616C338BB.root
%MSG-w XrdAdaptor:  file_open 11-Jun-2024 12:46:05 CEST PostProcessEvent
Data is served from T2_UK_SGrid_RALPP instead of original site infn.it
%MSG
11-Jun-2024 12:46:05 CEST  Successfully opened file root://xrootd-cms.infn.it//store/mc/RunIISummer20UL17MiniAODv2/QCD_HT2000toInf_TuneCP5_PSWeights_13TeV-madgraph-pythia8/MINIAODSIM/106X_mc2017_realistic_v9-v1/2550000/3C07C3F3-8B78-4F4E-8B25-740616C338BB.root
11-Jun-2024 12:46:09 CEST  Closed file root://xrootd-cms.infn.it//store/mc/RunIISummer20UL17MiniAODv2/QCD_HT2000toInf_TuneCP5_PSWeights_13TeV-madgraph-pythia8/MINIAODSIM/106X_mc2017_realistic_v9-v1/2550000/3C07C3F3-8B78-4F4E-8B25-740616C338BB.root
11-Jun-2024 12:46:09 CEST  Initiating request to open file root://eoscms.cern.ch//eos/cms/store/mc/RunIISummer20UL17MiniAODv2/QCD_HT2000toInf_TuneCP5_PSWeights_13TeV-madgraph-pythia8/MINIAODSIM/106X_mc2017_realistic_v9-v1/30000/0DA78A2D-8F10-AA49-871D-9919BECB452D.root
%MSG-w XrdAdaptorInternal:  file_open 11-Jun-2024 12:46:10 CEST PostProcessEvent
Failed to open file at URL root://eoscms.cern.ch:1094//eos/cms/store/mc/RunIISummer20UL17MiniAODv2/QCD_HT2000toInf_TuneCP5_PSWeights_13TeV-madgraph-pythia8/MINIAODSIM/106X_mc2017_realistic_v9-v1/30000/0DA78A2D-8F10-AA49-871D-9919BECB452D.root.
%MSG
%MSG-w XrdAdaptorInternal:  file_open 11-Jun-2024 12:46:10 CEST PostProcessEvent
Failed to open file at URL root://eoscms.cern.ch:1094//eos/cms/store/mc/RunIISummer20UL17MiniAODv2/QCD_HT2000toInf_TuneCP5_PSWeights_13TeV-madgraph-pythia8/MINIAODSIM/106X_mc2017_realistic_v9-v1/30000/0DA78A2D-8F10-AA49-871D-9919BECB452D.root?tried=.
%MSG
11-Jun-2024 12:46:10 CEST  Fallback request to file root://xrootd-cms.infn.it//store/mc/RunIISummer20UL17MiniAODv2/QCD_HT2000toInf_TuneCP5_PSWeights_13TeV-madgraph-pythia8/MINIAODSIM/106X_mc2017_realistic_v9-v1/30000/0DA78A2D-8F10-AA49-871D-9919BECB452D.root
%MSG-w XrdAdaptor:  file_open 11-Jun-2024 12:46:12 CEST PostProcessEvent
Data is served from T2_UK_SGrid_RALPP instead of original site infn.it
%MSG
11-Jun-2024 12:46:13 CEST  Successfully opened file root://xrootd-cms.infn.it//store/mc/RunIISummer20UL17MiniAODv2/QCD_HT2000toInf_TuneCP5_PSWeights_13TeV-madgraph-pythia8/MINIAODSIM/106X_mc2017_realistic_v9-v1/30000/0DA78A2D-8F10-AA49-871D-9919BECB452D.root
Begin processing the 100001st record. Run 1, Event 20577970, LumiSection 2085 on stream 0 at 11-Jun-2024 12:46:15.158 CEST
11-Jun-2024 12:46:16 CEST  Closed file root://xrootd-cms.infn.it//store/mc/RunIISummer20UL17MiniAODv2/QCD_HT2000toInf_TuneCP5_PSWeights_13TeV-madgraph-pythia8/MINIAODSIM/106X_mc2017_realistic_v9-v1/30000/0DA78A2D-8F10-AA49-871D-9919BECB452D.root
11-Jun-2024 12:46:16 CEST  Initiating request to open file root://eoscms.cern.ch//eos/cms/store/mc/RunIISummer20UL17MiniAODv2/QCD_HT2000toInf_TuneCP5_PSWeights_13TeV-madgraph-pythia8/MINIAODSIM/106X_mc2017_realistic_v9-v1/30000/D2DE350E-6801-CC4B-A990-4D5AD59796E7.root
%MSG-w XrdAdaptorInternal:  file_open 11-Jun-2024 12:46:17 CEST PostProcessEvent
Failed to open file at URL root://eoscms.cern.ch:1094//eos/cms/store/mc/RunIISummer20UL17MiniAODv2/QCD_HT2000toInf_TuneCP5_PSWeights_13TeV-madgraph-pythia8/MINIAODSIM/106X_mc2017_realistic_v9-v1/30000/D2DE350E-6801-CC4B-A990-4D5AD59796E7.root.
%MSG
%MSG-w XrdAdaptorInternal:  file_open 11-Jun-2024 12:46:17 CEST PostProcessEvent
Failed to open file at URL root://eoscms.cern.ch:1094//eos/cms/store/mc/RunIISummer20UL17MiniAODv2/QCD_HT2000toInf_TuneCP5_PSWeights_13TeV-madgraph-pythia8/MINIAODSIM/106X_mc2017_realistic_v9-v1/30000/D2DE350E-6801-CC4B-A990-4D5AD59796E7.root?tried=.
%MSG
11-Jun-2024 12:46:17 CEST  Fallback request to file root://xrootd-cms.infn.it//store/mc/RunIISummer20UL17MiniAODv2/QCD_HT2000toInf_TuneCP5_PSWeights_13TeV-madgraph-pythia8/MINIAODSIM/106X_mc2017_realistic_v9-v1/30000/D2DE350E-6801-CC4B-A990-4D5AD59796E7.root
%MSG-w XrdAdaptor:  file_open 11-Jun-2024 12:46:19 CEST PostProcessEvent
Data is served from T2_UK_SGrid_RALPP instead of original site infn.it
%MSG
11-Jun-2024 12:46:19 CEST  Successfully opened file root://xrootd-cms.infn.it//store/mc/RunIISummer20UL17MiniAODv2/QCD_HT2000toInf_TuneCP5_PSWeights_13TeV-madgraph-pythia8/MINIAODSIM/106X_mc2017_realistic_v9-v1/30000/D2DE350E-6801-CC4B-A990-4D5AD59796E7.root
11-Jun-2024 12:46:22 CEST  Closed file root://xrootd-cms.infn.it//store/mc/RunIISummer20UL17MiniAODv2/QCD_HT2000toInf_TuneCP5_PSWeights_13TeV-madgraph-pythia8/MINIAODSIM/106X_mc2017_realistic_v9-v1/30000/D2DE350E-6801-CC4B-A990-4D5AD59796E7.root
11-Jun-2024 12:46:22 CEST  Initiating request to open file root://eoscms.cern.ch//eos/cms/store/mc/RunIISummer20UL17MiniAODv2/QCD_HT2000toInf_TuneCP5_PSWeights_13TeV-madgraph-pythia8/MINIAODSIM/106X_mc2017_realistic_v9-v1/30000/32222158-8875-364A-8DFD-A19245DB57B0.root
%MSG-w XrdAdaptorInternal:  file_open 11-Jun-2024 12:46:23 CEST PostProcessEvent
Failed to open file at URL root://eoscms.cern.ch:1094//eos/cms/store/mc/RunIISummer20UL17MiniAODv2/QCD_HT2000toInf_TuneCP5_PSWeights_13TeV-madgraph-pythia8/MINIAODSIM/106X_mc2017_realistic_v9-v1/30000/32222158-8875-364A-8DFD-A19245DB57B0.root.
%MSG
%MSG-w XrdAdaptorInternal:  file_open 11-Jun-2024 12:46:23 CEST PostProcessEvent
Failed to open file at URL root://eoscms.cern.ch:1094//eos/cms/store/mc/RunIISummer20UL17MiniAODv2/QCD_HT2000toInf_TuneCP5_PSWeights_13TeV-madgraph-pythia8/MINIAODSIM/106X_mc2017_realistic_v9-v1/30000/32222158-8875-364A-8DFD-A19245DB57B0.root?tried=.
%MSG
11-Jun-2024 12:46:23 CEST  Fallback request to file root://xrootd-cms.infn.it//store/mc/RunIISummer20UL17MiniAODv2/QCD_HT2000toInf_TuneCP5_PSWeights_13TeV-madgraph-pythia8/MINIAODSIM/106X_mc2017_realistic_v9-v1/30000/32222158-8875-364A-8DFD-A19245DB57B0.root
%MSG-w XrdAdaptor:  file_open 11-Jun-2024 12:46:25 CEST PostProcessEvent
Data is served from T2_UK_SGrid_RALPP instead of original site infn.it
%MSG
11-Jun-2024 12:46:26 CEST  Successfully opened file root://xrootd-cms.infn.it//store/mc/RunIISummer20UL17MiniAODv2/QCD_HT2000toInf_TuneCP5_PSWeights_13TeV-madgraph-pythia8/MINIAODSIM/106X_mc2017_realistic_v9-v1/30000/32222158-8875-364A-8DFD-A19245DB57B0.root
11-Jun-2024 12:46:32 CEST  Closed file root://xrootd-cms.infn.it//store/mc/RunIISummer20UL17MiniAODv2/QCD_HT2000toInf_TuneCP5_PSWeights_13TeV-madgraph-pythia8/MINIAODSIM/106X_mc2017_realistic_v9-v1/30000/32222158-8875-364A-8DFD-A19245DB57B0.root
11-Jun-2024 12:46:32 CEST  Initiating request to open file root://eoscms.cern.ch//eos/cms/store/mc/RunIISummer20UL17MiniAODv2/QCD_HT2000toInf_TuneCP5_PSWeights_13TeV-madgraph-pythia8/MINIAODSIM/106X_mc2017_realistic_v9-v1/30000/81EE99B3-578D-1346-8AAF-82B63FB4D39F.root
%MSG-w XrdAdaptorInternal:  file_open 11-Jun-2024 12:46:33 CEST PostProcessEvent
Failed to open file at URL root://eoscms.cern.ch:1094//eos/cms/store/mc/RunIISummer20UL17MiniAODv2/QCD_HT2000toInf_TuneCP5_PSWeights_13TeV-madgraph-pythia8/MINIAODSIM/106X_mc2017_realistic_v9-v1/30000/81EE99B3-578D-1346-8AAF-82B63FB4D39F.root.
%MSG
%MSG-w XrdAdaptorInternal:  file_open 11-Jun-2024 12:46:33 CEST PostProcessEvent
Failed to open file at URL root://eoscms.cern.ch:1094//eos/cms/store/mc/RunIISummer20UL17MiniAODv2/QCD_HT2000toInf_TuneCP5_PSWeights_13TeV-madgraph-pythia8/MINIAODSIM/106X_mc2017_realistic_v9-v1/30000/81EE99B3-578D-1346-8AAF-82B63FB4D39F.root?tried=.
%MSG
11-Jun-2024 12:46:33 CEST  Fallback request to file root://xrootd-cms.infn.it//store/mc/RunIISummer20UL17MiniAODv2/QCD_HT2000toInf_TuneCP5_PSWeights_13TeV-madgraph-pythia8/MINIAODSIM/106X_mc2017_realistic_v9-v1/30000/81EE99B3-578D-1346-8AAF-82B63FB4D39F.root
%MSG-w XrdAdaptor:  file_open 11-Jun-2024 12:46:35 CEST PostProcessEvent
Data is served from T2_UK_SGrid_RALPP instead of original site infn.it
%MSG
11-Jun-2024 12:46:35 CEST  Successfully opened file root://xrootd-cms.infn.it//store/mc/RunIISummer20UL17MiniAODv2/QCD_HT2000toInf_TuneCP5_PSWeights_13TeV-madgraph-pythia8/MINIAODSIM/106X_mc2017_realistic_v9-v1/30000/81EE99B3-578D-1346-8AAF-82B63FB4D39F.root
Begin processing the 200001st record. Run 1, Event 21654629, LumiSection 2194 on stream 0 at 11-Jun-2024 12:46:37.808 CEST
11-Jun-2024 12:46:39 CEST  Closed file root://xrootd-cms.infn.it//store/mc/RunIISummer20UL17MiniAODv2/QCD_HT2000toInf_TuneCP5_PSWeights_13TeV-madgraph-pythia8/MINIAODSIM/106X_mc2017_realistic_v9-v1/30000/81EE99B3-578D-1346-8AAF-82B63FB4D39F.root
11-Jun-2024 12:46:39 CEST  Initiating request to open file root://eoscms.cern.ch//eos/cms/store/mc/RunIISummer20UL17MiniAODv2/QCD_HT2000toInf_TuneCP5_PSWeights_13TeV-madgraph-pythia8/MINIAODSIM/106X_mc2017_realistic_v9-v1/30000/CD08F726-B49A-1746-8E47-F5E9CEACB561.root
%MSG-w XrdAdaptorInternal:  file_open 11-Jun-2024 12:46:40 CEST PostProcessEvent
Failed to open file at URL root://eoscms.cern.ch:1094//eos/cms/store/mc/RunIISummer20UL17MiniAODv2/QCD_HT2000toInf_TuneCP5_PSWeights_13TeV-madgraph-pythia8/MINIAODSIM/106X_mc2017_realistic_v9-v1/30000/CD08F726-B49A-1746-8E47-F5E9CEACB561.root.
%MSG
%MSG-w XrdAdaptorInternal:  file_open 11-Jun-2024 12:46:40 CEST PostProcessEvent
Failed to open file at URL root://eoscms.cern.ch:1094//eos/cms/store/mc/RunIISummer20UL17MiniAODv2/QCD_HT2000toInf_TuneCP5_PSWeights_13TeV-madgraph-pythia8/MINIAODSIM/106X_mc2017_realistic_v9-v1/30000/CD08F726-B49A-1746-8E47-F5E9CEACB561.root?tried=.
%MSG
11-Jun-2024 12:46:40 CEST  Fallback request to file root://xrootd-cms.infn.it//store/mc/RunIISummer20UL17MiniAODv2/QCD_HT2000toInf_TuneCP5_PSWeights_13TeV-madgraph-pythia8/MINIAODSIM/106X_mc2017_realistic_v9-v1/30000/CD08F726-B49A-1746-8E47-F5E9CEACB561.root
%MSG-w XrdAdaptor:  file_open 11-Jun-2024 12:46:43 CEST PostProcessEvent
Data is served from T2_UK_SGrid_RALPP instead of original site infn.it
%MSG
11-Jun-2024 12:46:43 CEST  Successfully opened file root://xrootd-cms.infn.it//store/mc/RunIISummer20UL17MiniAODv2/QCD_HT2000toInf_TuneCP5_PSWeights_13TeV-madgraph-pythia8/MINIAODSIM/106X_mc2017_realistic_v9-v1/30000/CD08F726-B49A-1746-8E47-F5E9CEACB561.root
Begin processing the 300001st record. Run 1, Event 39616620, LumiSection 4014 on stream 0 at 11-Jun-2024 12:46:52.044 CEST
11-Jun-2024 12:46:53 CEST  Closed file root://xrootd-cms.infn.it//store/mc/RunIISummer20UL17MiniAODv2/QCD_HT2000toInf_TuneCP5_PSWeights_13TeV-madgraph-pythia8/MINIAODSIM/106X_mc2017_realistic_v9-v1/30000/CD08F726-B49A-1746-8E47-F5E9CEACB561.root
11-Jun-2024 12:46:53 CEST  Initiating request to open file root://eoscms.cern.ch//eos/cms/store/mc/RunIISummer20UL17MiniAODv2/QCD_HT2000toInf_TuneCP5_PSWeights_13TeV-madgraph-pythia8/MINIAODSIM/106X_mc2017_realistic_v9-v1/30000/E56CC008-5324-744B-9579-3F43CFA61822.root
%MSG-w XrdAdaptorInternal:  file_open 11-Jun-2024 12:46:54 CEST PostProcessEvent
Failed to open file at URL root://eoscms.cern.ch:1094//eos/cms/store/mc/RunIISummer20UL17MiniAODv2/QCD_HT2000toInf_TuneCP5_PSWeights_13TeV-madgraph-pythia8/MINIAODSIM/106X_mc2017_realistic_v9-v1/30000/E56CC008-5324-744B-9579-3F43CFA61822.root.
%MSG
%MSG-w XrdAdaptorInternal:  file_open 11-Jun-2024 12:46:54 CEST PostProcessEvent
Failed to open file at URL root://eoscms.cern.ch:1094//eos/cms/store/mc/RunIISummer20UL17MiniAODv2/QCD_HT2000toInf_TuneCP5_PSWeights_13TeV-madgraph-pythia8/MINIAODSIM/106X_mc2017_realistic_v9-v1/30000/E56CC008-5324-744B-9579-3F43CFA61822.root?tried=.
%MSG
11-Jun-2024 12:46:54 CEST  Fallback request to file root://xrootd-cms.infn.it//store/mc/RunIISummer20UL17MiniAODv2/QCD_HT2000toInf_TuneCP5_PSWeights_13TeV-madgraph-pythia8/MINIAODSIM/106X_mc2017_realistic_v9-v1/30000/E56CC008-5324-744B-9579-3F43CFA61822.root
%MSG-w XrdAdaptor:  file_open 11-Jun-2024 12:46:56 CEST PostProcessEvent
Data is served from T2_UK_SGrid_RALPP instead of original site infn.it
%MSG
11-Jun-2024 12:46:56 CEST  Successfully opened file root://xrootd-cms.infn.it//store/mc/RunIISummer20UL17MiniAODv2/QCD_HT2000toInf_TuneCP5_PSWeights_13TeV-madgraph-pythia8/MINIAODSIM/106X_mc2017_realistic_v9-v1/30000/E56CC008-5324-744B-9579-3F43CFA61822.root
Begin processing the 400001st record. Run 1, Event 5167967, LumiSection 524 on stream 0 at 11-Jun-2024 12:47:03.332 CEST
11-Jun-2024 12:47:03 CEST  Closed file root://xrootd-cms.infn.it//store/mc/RunIISummer20UL17MiniAODv2/QCD_HT2000toInf_TuneCP5_PSWeights_13TeV-madgraph-pythia8/MINIAODSIM/106X_mc2017_realistic_v9-v1/30000/E56CC008-5324-744B-9579-3F43CFA61822.root
11-Jun-2024 12:47:03 CEST  Initiating request to open file root://eoscms.cern.ch//eos/cms/store/mc/RunIISummer20UL17MiniAODv2/QCD_HT2000toInf_TuneCP5_PSWeights_13TeV-madgraph-pythia8/MINIAODSIM/106X_mc2017_realistic_v9-v1/30000/BCCDF854-AB7C-5840-8331-E9BE9CAF1C65.root
%MSG-w XrdAdaptorInternal:  file_open 11-Jun-2024 12:47:04 CEST PostProcessEvent
Failed to open file at URL root://eoscms.cern.ch:1094//eos/cms/store/mc/RunIISummer20UL17MiniAODv2/QCD_HT2000toInf_TuneCP5_PSWeights_13TeV-madgraph-pythia8/MINIAODSIM/106X_mc2017_realistic_v9-v1/30000/BCCDF854-AB7C-5840-8331-E9BE9CAF1C65.root.
%MSG
%MSG-w XrdAdaptorInternal:  file_open 11-Jun-2024 12:47:04 CEST PostProcessEvent
Failed to open file at URL root://eoscms.cern.ch:1094//eos/cms/store/mc/RunIISummer20UL17MiniAODv2/QCD_HT2000toInf_TuneCP5_PSWeights_13TeV-madgraph-pythia8/MINIAODSIM/106X_mc2017_realistic_v9-v1/30000/BCCDF854-AB7C-5840-8331-E9BE9CAF1C65.root?tried=.
%MSG
11-Jun-2024 12:47:04 CEST  Fallback request to file root://xrootd-cms.infn.it//store/mc/RunIISummer20UL17MiniAODv2/QCD_HT2000toInf_TuneCP5_PSWeights_13TeV-madgraph-pythia8/MINIAODSIM/106X_mc2017_realistic_v9-v1/30000/BCCDF854-AB7C-5840-8331-E9BE9CAF1C65.root
%MSG-w XrdAdaptor:  file_open 11-Jun-2024 12:47:07 CEST PostProcessEvent
Data is served from T2_UK_SGrid_RALPP instead of original site infn.it
%MSG
11-Jun-2024 12:47:07 CEST  Successfully opened file root://xrootd-cms.infn.it//store/mc/RunIISummer20UL17MiniAODv2/QCD_HT2000toInf_TuneCP5_PSWeights_13TeV-madgraph-pythia8/MINIAODSIM/106X_mc2017_realistic_v9-v1/30000/BCCDF854-AB7C-5840-8331-E9BE9CAF1C65.root
11-Jun-2024 12:47:11 CEST  Closed file root://xrootd-cms.infn.it//store/mc/RunIISummer20UL17MiniAODv2/QCD_HT2000toInf_TuneCP5_PSWeights_13TeV-madgraph-pythia8/MINIAODSIM/106X_mc2017_realistic_v9-v1/30000/BCCDF854-AB7C-5840-8331-E9BE9CAF1C65.root
11-Jun-2024 12:47:11 CEST  Initiating request to open file root://eoscms.cern.ch//eos/cms/store/mc/RunIISummer20UL17MiniAODv2/QCD_HT2000toInf_TuneCP5_PSWeights_13TeV-madgraph-pythia8/MINIAODSIM/106X_mc2017_realistic_v9-v1/30000/D75180B6-E93F-3646-B8CD-43194BD45B1B.root
%MSG-w XrdAdaptorInternal:  file_open 11-Jun-2024 12:47:12 CEST PostProcessEvent
Failed to open file at URL root://eoscms.cern.ch:1094//eos/cms/store/mc/RunIISummer20UL17MiniAODv2/QCD_HT2000toInf_TuneCP5_PSWeights_13TeV-madgraph-pythia8/MINIAODSIM/106X_mc2017_realistic_v9-v1/30000/D75180B6-E93F-3646-B8CD-43194BD45B1B.root.
%MSG
%MSG-w XrdAdaptorInternal:  file_open 11-Jun-2024 12:47:12 CEST PostProcessEvent
Failed to open file at URL root://eoscms.cern.ch:1094//eos/cms/store/mc/RunIISummer20UL17MiniAODv2/QCD_HT2000toInf_TuneCP5_PSWeights_13TeV-madgraph-pythia8/MINIAODSIM/106X_mc2017_realistic_v9-v1/30000/D75180B6-E93F-3646-B8CD-43194BD45B1B.root?tried=.
%MSG
11-Jun-2024 12:47:12 CEST  Fallback request to file root://xrootd-cms.infn.it//store/mc/RunIISummer20UL17MiniAODv2/QCD_HT2000toInf_TuneCP5_PSWeights_13TeV-madgraph-pythia8/MINIAODSIM/106X_mc2017_realistic_v9-v1/30000/D75180B6-E93F-3646-B8CD-43194BD45B1B.root
%MSG-w XrdAdaptor:  file_open 11-Jun-2024 12:47:14 CEST PostProcessEvent
Data is served from T2_UK_SGrid_RALPP instead of original site infn.it
%MSG
11-Jun-2024 12:47:14 CEST  Successfully opened file root://xrootd-cms.infn.it//store/mc/RunIISummer20UL17MiniAODv2/QCD_HT2000toInf_TuneCP5_PSWeights_13TeV-madgraph-pythia8/MINIAODSIM/106X_mc2017_realistic_v9-v1/30000/D75180B6-E93F-3646-B8CD-43194BD45B1B.root
11-Jun-2024 12:47:17 CEST  Closed file root://xrootd-cms.infn.it//store/mc/RunIISummer20UL17MiniAODv2/QCD_HT2000toInf_TuneCP5_PSWeights_13TeV-madgraph-pythia8/MINIAODSIM/106X_mc2017_realistic_v9-v1/30000/D75180B6-E93F-3646-B8CD-43194BD45B1B.root
11-Jun-2024 12:47:17 CEST  Initiating request to open file root://eoscms.cern.ch//eos/cms/store/mc/RunIISummer20UL17MiniAODv2/QCD_HT2000toInf_TuneCP5_PSWeights_13TeV-madgraph-pythia8/MINIAODSIM/106X_mc2017_realistic_v9-v1/30000/A5B3E4C5-759E-D647-BAEB-2717B56CE79D.root
%MSG-w XrdAdaptorInternal:  file_open 11-Jun-2024 12:47:18 CEST PostProcessEvent
Failed to open file at URL root://eoscms.cern.ch:1094//eos/cms/store/mc/RunIISummer20UL17MiniAODv2/QCD_HT2000toInf_TuneCP5_PSWeights_13TeV-madgraph-pythia8/MINIAODSIM/106X_mc2017_realistic_v9-v1/30000/A5B3E4C5-759E-D647-BAEB-2717B56CE79D.root.
%MSG
%MSG-w XrdAdaptorInternal:  file_open 11-Jun-2024 12:47:18 CEST PostProcessEvent
Failed to open file at URL root://eoscms.cern.ch:1094//eos/cms/store/mc/RunIISummer20UL17MiniAODv2/QCD_HT2000toInf_TuneCP5_PSWeights_13TeV-madgraph-pythia8/MINIAODSIM/106X_mc2017_realistic_v9-v1/30000/A5B3E4C5-759E-D647-BAEB-2717B56CE79D.root?tried=.
%MSG
11-Jun-2024 12:47:18 CEST  Fallback request to file root://xrootd-cms.infn.it//store/mc/RunIISummer20UL17MiniAODv2/QCD_HT2000toInf_TuneCP5_PSWeights_13TeV-madgraph-pythia8/MINIAODSIM/106X_mc2017_realistic_v9-v1/30000/A5B3E4C5-759E-D647-BAEB-2717B56CE79D.root
%MSG-w XrdAdaptor:  file_open 11-Jun-2024 12:47:20 CEST PostProcessEvent
Data is served from T2_UK_SGrid_RALPP instead of original site infn.it
%MSG
11-Jun-2024 12:47:20 CEST  Successfully opened file root://xrootd-cms.infn.it//store/mc/RunIISummer20UL17MiniAODv2/QCD_HT2000toInf_TuneCP5_PSWeights_13TeV-madgraph-pythia8/MINIAODSIM/106X_mc2017_realistic_v9-v1/30000/A5B3E4C5-759E-D647-BAEB-2717B56CE79D.root
Begin processing the 500001st record. Run 1, Event 1688828, LumiSection 172 on stream 0 at 11-Jun-2024 12:47:26.212 CEST
11-Jun-2024 12:47:29 CEST  Closed file root://xrootd-cms.infn.it//store/mc/RunIISummer20UL17MiniAODv2/QCD_HT2000toInf_TuneCP5_PSWeights_13TeV-madgraph-pythia8/MINIAODSIM/106X_mc2017_realistic_v9-v1/30000/A5B3E4C5-759E-D647-BAEB-2717B56CE79D.root
11-Jun-2024 12:47:29 CEST  Initiating request to open file root://eoscms.cern.ch//eos/cms/store/mc/RunIISummer20UL17MiniAODv2/QCD_HT2000toInf_TuneCP5_PSWeights_13TeV-madgraph-pythia8/MINIAODSIM/106X_mc2017_realistic_v9-v1/30000/16D0994D-C571-CE43-AFCB-A79539650115.root
%MSG-w XrdAdaptorInternal:  file_open 11-Jun-2024 12:47:30 CEST PostProcessEvent
Failed to open file at URL root://eoscms.cern.ch:1094//eos/cms/store/mc/RunIISummer20UL17MiniAODv2/QCD_HT2000toInf_TuneCP5_PSWeights_13TeV-madgraph-pythia8/MINIAODSIM/106X_mc2017_realistic_v9-v1/30000/16D0994D-C571-CE43-AFCB-A79539650115.root.
%MSG
%MSG-w XrdAdaptorInternal:  file_open 11-Jun-2024 12:47:30 CEST PostProcessEvent
Failed to open file at URL root://eoscms.cern.ch:1094//eos/cms/store/mc/RunIISummer20UL17MiniAODv2/QCD_HT2000toInf_TuneCP5_PSWeights_13TeV-madgraph-pythia8/MINIAODSIM/106X_mc2017_realistic_v9-v1/30000/16D0994D-C571-CE43-AFCB-A79539650115.root?tried=.
%MSG
11-Jun-2024 12:47:30 CEST  Fallback request to file root://xrootd-cms.infn.it//store/mc/RunIISummer20UL17MiniAODv2/QCD_HT2000toInf_TuneCP5_PSWeights_13TeV-madgraph-pythia8/MINIAODSIM/106X_mc2017_realistic_v9-v1/30000/16D0994D-C571-CE43-AFCB-A79539650115.root
%MSG-w XrdAdaptor:  file_open 11-Jun-2024 12:47:32 CEST PostProcessEvent
Data is served from T2_UK_SGrid_RALPP instead of original site infn.it
%MSG
11-Jun-2024 12:47:33 CEST  Successfully opened file root://xrootd-cms.infn.it//store/mc/RunIISummer20UL17MiniAODv2/QCD_HT2000toInf_TuneCP5_PSWeights_13TeV-madgraph-pythia8/MINIAODSIM/106X_mc2017_realistic_v9-v1/30000/16D0994D-C571-CE43-AFCB-A79539650115.root
Begin processing the 600001st record. Run 1, Event 32945308, LumiSection 3338 on stream 0 at 11-Jun-2024 12:47:40.843 CEST
11-Jun-2024 12:47:43 CEST  Closed file root://xrootd-cms.infn.it//store/mc/RunIISummer20UL17MiniAODv2/QCD_HT2000toInf_TuneCP5_PSWeights_13TeV-madgraph-pythia8/MINIAODSIM/106X_mc2017_realistic_v9-v1/30000/16D0994D-C571-CE43-AFCB-A79539650115.root
11-Jun-2024 12:47:43 CEST  Initiating request to open file root://eoscms.cern.ch//eos/cms/store/mc/RunIISummer20UL17MiniAODv2/QCD_HT2000toInf_TuneCP5_PSWeights_13TeV-madgraph-pythia8/MINIAODSIM/106X_mc2017_realistic_v9-v1/2540000/7CEF2CFB-A453-2F45-8CAE-64E4FE56E167.root
%MSG-w XrdAdaptorInternal:  file_open 11-Jun-2024 12:47:44 CEST PostProcessEvent
Failed to open file at URL root://eoscms.cern.ch:1094//eos/cms/store/mc/RunIISummer20UL17MiniAODv2/QCD_HT2000toInf_TuneCP5_PSWeights_13TeV-madgraph-pythia8/MINIAODSIM/106X_mc2017_realistic_v9-v1/2540000/7CEF2CFB-A453-2F45-8CAE-64E4FE56E167.root.
%MSG
%MSG-w XrdAdaptorInternal:  file_open 11-Jun-2024 12:47:44 CEST PostProcessEvent
Failed to open file at URL root://eoscms.cern.ch:1094//eos/cms/store/mc/RunIISummer20UL17MiniAODv2/QCD_HT2000toInf_TuneCP5_PSWeights_13TeV-madgraph-pythia8/MINIAODSIM/106X_mc2017_realistic_v9-v1/2540000/7CEF2CFB-A453-2F45-8CAE-64E4FE56E167.root?tried=.
%MSG
11-Jun-2024 12:47:44 CEST  Fallback request to file root://xrootd-cms.infn.it//store/mc/RunIISummer20UL17MiniAODv2/QCD_HT2000toInf_TuneCP5_PSWeights_13TeV-madgraph-pythia8/MINIAODSIM/106X_mc2017_realistic_v9-v1/2540000/7CEF2CFB-A453-2F45-8CAE-64E4FE56E167.root
%MSG-w XrdAdaptor:  file_open 11-Jun-2024 12:47:46 CEST PostProcessEvent
Data is served from T2_UK_SGrid_RALPP instead of original site infn.it
%MSG
11-Jun-2024 12:47:47 CEST  Successfully opened file root://xrootd-cms.infn.it//store/mc/RunIISummer20UL17MiniAODv2/QCD_HT2000toInf_TuneCP5_PSWeights_13TeV-madgraph-pythia8/MINIAODSIM/106X_mc2017_realistic_v9-v1/2540000/7CEF2CFB-A453-2F45-8CAE-64E4FE56E167.root
11-Jun-2024 12:47:51 CEST  Closed file root://xrootd-cms.infn.it//store/mc/RunIISummer20UL17MiniAODv2/QCD_HT2000toInf_TuneCP5_PSWeights_13TeV-madgraph-pythia8/MINIAODSIM/106X_mc2017_realistic_v9-v1/2540000/7CEF2CFB-A453-2F45-8CAE-64E4FE56E167.root
11-Jun-2024 12:47:51 CEST  Initiating request to open file root://eoscms.cern.ch//eos/cms/store/mc/RunIISummer20UL17MiniAODv2/QCD_HT2000toInf_TuneCP5_PSWeights_13TeV-madgraph-pythia8/MINIAODSIM/106X_mc2017_realistic_v9-v1/2540000/07B7A3F4-7B5E-0C47-B632-CD4194F46CD0.root
%MSG-w XrdAdaptorInternal:  file_open 11-Jun-2024 12:47:52 CEST PostProcessEvent
Failed to open file at URL root://eoscms.cern.ch:1094//eos/cms/store/mc/RunIISummer20UL17MiniAODv2/QCD_HT2000toInf_TuneCP5_PSWeights_13TeV-madgraph-pythia8/MINIAODSIM/106X_mc2017_realistic_v9-v1/2540000/07B7A3F4-7B5E-0C47-B632-CD4194F46CD0.root.
%MSG
%MSG-w XrdAdaptorInternal:  file_open 11-Jun-2024 12:47:52 CEST PostProcessEvent
Failed to open file at URL root://eoscms.cern.ch:1094//eos/cms/store/mc/RunIISummer20UL17MiniAODv2/QCD_HT2000toInf_TuneCP5_PSWeights_13TeV-madgraph-pythia8/MINIAODSIM/106X_mc2017_realistic_v9-v1/2540000/07B7A3F4-7B5E-0C47-B632-CD4194F46CD0.root?tried=.
%MSG
11-Jun-2024 12:47:52 CEST  Fallback request to file root://xrootd-cms.infn.it//store/mc/RunIISummer20UL17MiniAODv2/QCD_HT2000toInf_TuneCP5_PSWeights_13TeV-madgraph-pythia8/MINIAODSIM/106X_mc2017_realistic_v9-v1/2540000/07B7A3F4-7B5E-0C47-B632-CD4194F46CD0.root
%MSG-w XrdAdaptor:  file_open 11-Jun-2024 12:47:54 CEST PostProcessEvent
Data is served from T2_UK_SGrid_RALPP instead of original site infn.it
%MSG
11-Jun-2024 12:47:54 CEST  Successfully opened file root://xrootd-cms.infn.it//store/mc/RunIISummer20UL17MiniAODv2/QCD_HT2000toInf_TuneCP5_PSWeights_13TeV-madgraph-pythia8/MINIAODSIM/106X_mc2017_realistic_v9-v1/2540000/07B7A3F4-7B5E-0C47-B632-CD4194F46CD0.root
Begin processing the 700001st record. Run 1, Event 3983864, LumiSection 404 on stream 0 at 11-Jun-2024 12:48:02.051 CEST
11-Jun-2024 12:48:05 CEST  Closed file root://xrootd-cms.infn.it//store/mc/RunIISummer20UL17MiniAODv2/QCD_HT2000toInf_TuneCP5_PSWeights_13TeV-madgraph-pythia8/MINIAODSIM/106X_mc2017_realistic_v9-v1/2540000/07B7A3F4-7B5E-0C47-B632-CD4194F46CD0.root
11-Jun-2024 12:48:05 CEST  Initiating request to open file root://eoscms.cern.ch//eos/cms/store/mc/RunIISummer20UL17MiniAODv2/QCD_HT2000toInf_TuneCP5_PSWeights_13TeV-madgraph-pythia8/MINIAODSIM/106X_mc2017_realistic_v9-v1/2540000/807AD7E7-74D4-5644-B5AB-821261571CB7.root
%MSG-w XrdAdaptorInternal:  file_open 11-Jun-2024 12:48:06 CEST PostProcessEvent
Failed to open file at URL root://eoscms.cern.ch:1094//eos/cms/store/mc/RunIISummer20UL17MiniAODv2/QCD_HT2000toInf_TuneCP5_PSWeights_13TeV-madgraph-pythia8/MINIAODSIM/106X_mc2017_realistic_v9-v1/2540000/807AD7E7-74D4-5644-B5AB-821261571CB7.root.
%MSG
%MSG-w XrdAdaptorInternal:  file_open 11-Jun-2024 12:48:06 CEST PostProcessEvent
Failed to open file at URL root://eoscms.cern.ch:1094//eos/cms/store/mc/RunIISummer20UL17MiniAODv2/QCD_HT2000toInf_TuneCP5_PSWeights_13TeV-madgraph-pythia8/MINIAODSIM/106X_mc2017_realistic_v9-v1/2540000/807AD7E7-74D4-5644-B5AB-821261571CB7.root?tried=.
%MSG
11-Jun-2024 12:48:06 CEST  Fallback request to file root://xrootd-cms.infn.it//store/mc/RunIISummer20UL17MiniAODv2/QCD_HT2000toInf_TuneCP5_PSWeights_13TeV-madgraph-pythia8/MINIAODSIM/106X_mc2017_realistic_v9-v1/2540000/807AD7E7-74D4-5644-B5AB-821261571CB7.root
%MSG-w XrdAdaptor:  file_open 11-Jun-2024 12:48:08 CEST PostProcessEvent
Data is served from T2_UK_SGrid_RALPP instead of original site infn.it
%MSG
11-Jun-2024 12:48:09 CEST  Successfully opened file root://xrootd-cms.infn.it//store/mc/RunIISummer20UL17MiniAODv2/QCD_HT2000toInf_TuneCP5_PSWeights_13TeV-madgraph-pythia8/MINIAODSIM/106X_mc2017_realistic_v9-v1/2540000/807AD7E7-74D4-5644-B5AB-821261571CB7.root
Begin processing the 800001st record. Run 1, Event 8388857, LumiSection 850 on stream 0 at 11-Jun-2024 12:48:17.892 CEST
11-Jun-2024 12:48:20 CEST  Closed file root://xrootd-cms.infn.it//store/mc/RunIISummer20UL17MiniAODv2/QCD_HT2000toInf_TuneCP5_PSWeights_13TeV-madgraph-pythia8/MINIAODSIM/106X_mc2017_realistic_v9-v1/2540000/807AD7E7-74D4-5644-B5AB-821261571CB7.root
11-Jun-2024 12:48:20 CEST  Initiating request to open file root://eoscms.cern.ch//eos/cms/store/mc/RunIISummer20UL17MiniAODv2/QCD_HT2000toInf_TuneCP5_PSWeights_13TeV-madgraph-pythia8/MINIAODSIM/106X_mc2017_realistic_v9-v1/2540000/C7BDC5C6-5CBC-3146-BFF9-65219F1D30F2.root
%MSG-w XrdAdaptorInternal:  file_open 11-Jun-2024 12:48:21 CEST PostProcessEvent
Failed to open file at URL root://eoscms.cern.ch:1094//eos/cms/store/mc/RunIISummer20UL17MiniAODv2/QCD_HT2000toInf_TuneCP5_PSWeights_13TeV-madgraph-pythia8/MINIAODSIM/106X_mc2017_realistic_v9-v1/2540000/C7BDC5C6-5CBC-3146-BFF9-65219F1D30F2.root.
%MSG
%MSG-w XrdAdaptorInternal:  file_open 11-Jun-2024 12:48:21 CEST PostProcessEvent
Failed to open file at URL root://eoscms.cern.ch:1094//eos/cms/store/mc/RunIISummer20UL17MiniAODv2/QCD_HT2000toInf_TuneCP5_PSWeights_13TeV-madgraph-pythia8/MINIAODSIM/106X_mc2017_realistic_v9-v1/2540000/C7BDC5C6-5CBC-3146-BFF9-65219F1D30F2.root?tried=.
%MSG
11-Jun-2024 12:48:21 CEST  Fallback request to file root://xrootd-cms.infn.it//store/mc/RunIISummer20UL17MiniAODv2/QCD_HT2000toInf_TuneCP5_PSWeights_13TeV-madgraph-pythia8/MINIAODSIM/106X_mc2017_realistic_v9-v1/2540000/C7BDC5C6-5CBC-3146-BFF9-65219F1D30F2.root
%MSG-w XrdAdaptor:  file_open 11-Jun-2024 12:48:24 CEST PostProcessEvent
Data is served from T2_UK_SGrid_RALPP instead of original site infn.it
%MSG
11-Jun-2024 12:48:24 CEST  Successfully opened file root://xrootd-cms.infn.it//store/mc/RunIISummer20UL17MiniAODv2/QCD_HT2000toInf_TuneCP5_PSWeights_13TeV-madgraph-pythia8/MINIAODSIM/106X_mc2017_realistic_v9-v1/2540000/C7BDC5C6-5CBC-3146-BFF9-65219F1D30F2.root
11-Jun-2024 12:48:26 CEST  Closed file root://xrootd-cms.infn.it//store/mc/RunIISummer20UL17MiniAODv2/QCD_HT2000toInf_TuneCP5_PSWeights_13TeV-madgraph-pythia8/MINIAODSIM/106X_mc2017_realistic_v9-v1/2540000/C7BDC5C6-5CBC-3146-BFF9-65219F1D30F2.root
11-Jun-2024 12:48:26 CEST  Initiating request to open file root://eoscms.cern.ch//eos/cms/store/mc/RunIISummer20UL17MiniAODv2/QCD_HT2000toInf_TuneCP5_PSWeights_13TeV-madgraph-pythia8/MINIAODSIM/106X_mc2017_realistic_v9-v1/30000/1EE8FCE3-E573-7E4B-B02C-B6CCF936417C.root
%MSG-w XrdAdaptorInternal:  file_open 11-Jun-2024 12:48:27 CEST PostProcessEvent
Failed to open file at URL root://eoscms.cern.ch:1094//eos/cms/store/mc/RunIISummer20UL17MiniAODv2/QCD_HT2000toInf_TuneCP5_PSWeights_13TeV-madgraph-pythia8/MINIAODSIM/106X_mc2017_realistic_v9-v1/30000/1EE8FCE3-E573-7E4B-B02C-B6CCF936417C.root.
%MSG
%MSG-w XrdAdaptorInternal:  file_open 11-Jun-2024 12:48:27 CEST PostProcessEvent
Failed to open file at URL root://eoscms.cern.ch:1094//eos/cms/store/mc/RunIISummer20UL17MiniAODv2/QCD_HT2000toInf_TuneCP5_PSWeights_13TeV-madgraph-pythia8/MINIAODSIM/106X_mc2017_realistic_v9-v1/30000/1EE8FCE3-E573-7E4B-B02C-B6CCF936417C.root?tried=.
%MSG
11-Jun-2024 12:48:27 CEST  Fallback request to file root://xrootd-cms.infn.it//store/mc/RunIISummer20UL17MiniAODv2/QCD_HT2000toInf_TuneCP5_PSWeights_13TeV-madgraph-pythia8/MINIAODSIM/106X_mc2017_realistic_v9-v1/30000/1EE8FCE3-E573-7E4B-B02C-B6CCF936417C.root
%MSG-w XrdAdaptor:  file_open 11-Jun-2024 12:48:29 CEST PostProcessEvent
Data is served from T2_UK_SGrid_RALPP instead of original site infn.it
%MSG
11-Jun-2024 12:48:29 CEST  Successfully opened file root://xrootd-cms.infn.it//store/mc/RunIISummer20UL17MiniAODv2/QCD_HT2000toInf_TuneCP5_PSWeights_13TeV-madgraph-pythia8/MINIAODSIM/106X_mc2017_realistic_v9-v1/30000/1EE8FCE3-E573-7E4B-B02C-B6CCF936417C.root
11-Jun-2024 12:48:30 CEST  Closed file root://xrootd-cms.infn.it//store/mc/RunIISummer20UL17MiniAODv2/QCD_HT2000toInf_TuneCP5_PSWeights_13TeV-madgraph-pythia8/MINIAODSIM/106X_mc2017_realistic_v9-v1/30000/1EE8FCE3-E573-7E4B-B02C-B6CCF936417C.root
11-Jun-2024 12:48:30 CEST  Initiating request to open file root://eoscms.cern.ch//eos/cms/store/mc/RunIISummer20UL17MiniAODv2/QCD_HT2000toInf_TuneCP5_PSWeights_13TeV-madgraph-pythia8/MINIAODSIM/106X_mc2017_realistic_v9-v1/80000/D52E108F-CDCF-F04B-889E-F79E73CF28CF.root
%MSG-w XrdAdaptorInternal:  file_open 11-Jun-2024 12:48:31 CEST PostProcessEvent
Failed to open file at URL root://eoscms.cern.ch:1094//eos/cms/store/mc/RunIISummer20UL17MiniAODv2/QCD_HT2000toInf_TuneCP5_PSWeights_13TeV-madgraph-pythia8/MINIAODSIM/106X_mc2017_realistic_v9-v1/80000/D52E108F-CDCF-F04B-889E-F79E73CF28CF.root.
%MSG
%MSG-w XrdAdaptorInternal:  file_open 11-Jun-2024 12:48:31 CEST PostProcessEvent
Failed to open file at URL root://eoscms.cern.ch:1094//eos/cms/store/mc/RunIISummer20UL17MiniAODv2/QCD_HT2000toInf_TuneCP5_PSWeights_13TeV-madgraph-pythia8/MINIAODSIM/106X_mc2017_realistic_v9-v1/80000/D52E108F-CDCF-F04B-889E-F79E73CF28CF.root?tried=.
%MSG
11-Jun-2024 12:48:31 CEST  Fallback request to file root://xrootd-cms.infn.it//store/mc/RunIISummer20UL17MiniAODv2/QCD_HT2000toInf_TuneCP5_PSWeights_13TeV-madgraph-pythia8/MINIAODSIM/106X_mc2017_realistic_v9-v1/80000/D52E108F-CDCF-F04B-889E-F79E73CF28CF.root
%MSG-w XrdAdaptor:  file_open 11-Jun-2024 12:48:34 CEST PostProcessEvent
Data is served from T2_UK_SGrid_RALPP instead of original site infn.it
%MSG
11-Jun-2024 12:48:34 CEST  Successfully opened file root://xrootd-cms.infn.it//store/mc/RunIISummer20UL17MiniAODv2/QCD_HT2000toInf_TuneCP5_PSWeights_13TeV-madgraph-pythia8/MINIAODSIM/106X_mc2017_realistic_v9-v1/80000/D52E108F-CDCF-F04B-889E-F79E73CF28CF.root
11-Jun-2024 12:48:35 CEST  Closed file root://xrootd-cms.infn.it//store/mc/RunIISummer20UL17MiniAODv2/QCD_HT2000toInf_TuneCP5_PSWeights_13TeV-madgraph-pythia8/MINIAODSIM/106X_mc2017_realistic_v9-v1/80000/D52E108F-CDCF-F04B-889E-F79E73CF28CF.root
11-Jun-2024 12:48:35 CEST  Initiating request to open file root://eoscms.cern.ch//eos/cms/store/mc/RunIISummer20UL17MiniAODv2/QCD_HT2000toInf_TuneCP5_PSWeights_13TeV-madgraph-pythia8/MINIAODSIM/106X_mc2017_realistic_v9-v1/80000/F50BB4CF-6330-B044-A01D-918C24ADAD55.root
%MSG-w XrdAdaptorInternal:  file_open 11-Jun-2024 12:48:36 CEST PostProcessEvent
Failed to open file at URL root://eoscms.cern.ch:1094//eos/cms/store/mc/RunIISummer20UL17MiniAODv2/QCD_HT2000toInf_TuneCP5_PSWeights_13TeV-madgraph-pythia8/MINIAODSIM/106X_mc2017_realistic_v9-v1/80000/F50BB4CF-6330-B044-A01D-918C24ADAD55.root.
%MSG
%MSG-w XrdAdaptorInternal:  file_open 11-Jun-2024 12:48:36 CEST PostProcessEvent
Failed to open file at URL root://eoscms.cern.ch:1094//eos/cms/store/mc/RunIISummer20UL17MiniAODv2/QCD_HT2000toInf_TuneCP5_PSWeights_13TeV-madgraph-pythia8/MINIAODSIM/106X_mc2017_realistic_v9-v1/80000/F50BB4CF-6330-B044-A01D-918C24ADAD55.root?tried=.
%MSG
11-Jun-2024 12:48:36 CEST  Fallback request to file root://xrootd-cms.infn.it//store/mc/RunIISummer20UL17MiniAODv2/QCD_HT2000toInf_TuneCP5_PSWeights_13TeV-madgraph-pythia8/MINIAODSIM/106X_mc2017_realistic_v9-v1/80000/F50BB4CF-6330-B044-A01D-918C24ADAD55.root
%MSG-w XrdAdaptor:  file_open 11-Jun-2024 12:48:45 CEST PostProcessEvent
Data is served from T2_UK_SGrid_RALPP instead of original site infn.it
%MSG
11-Jun-2024 12:48:45 CEST  Successfully opened file root://xrootd-cms.infn.it//store/mc/RunIISummer20UL17MiniAODv2/QCD_HT2000toInf_TuneCP5_PSWeights_13TeV-madgraph-pythia8/MINIAODSIM/106X_mc2017_realistic_v9-v1/80000/F50BB4CF-6330-B044-A01D-918C24ADAD55.root
Begin processing the 900001st record. Run 1, Event 39329315, LumiSection 3984 on stream 0 at 11-Jun-2024 12:48:48.028 CEST
11-Jun-2024 12:48:48 CEST  Closed file root://xrootd-cms.infn.it//store/mc/RunIISummer20UL17MiniAODv2/QCD_HT2000toInf_TuneCP5_PSWeights_13TeV-madgraph-pythia8/MINIAODSIM/106X_mc2017_realistic_v9-v1/80000/F50BB4CF-6330-B044-A01D-918C24ADAD55.root
11-Jun-2024 12:48:48 CEST  Initiating request to open file root://eoscms.cern.ch//eos/cms/store/mc/RunIISummer20UL17MiniAODv2/QCD_HT2000toInf_TuneCP5_PSWeights_13TeV-madgraph-pythia8/MINIAODSIM/106X_mc2017_realistic_v9-v1/80000/BBA71D32-AE36-1140-A31D-D7C0BF985932.root
%MSG-w XrdAdaptorInternal:  file_open 11-Jun-2024 12:48:49 CEST PostProcessEvent
Failed to open file at URL root://eoscms.cern.ch:1094//eos/cms/store/mc/RunIISummer20UL17MiniAODv2/QCD_HT2000toInf_TuneCP5_PSWeights_13TeV-madgraph-pythia8/MINIAODSIM/106X_mc2017_realistic_v9-v1/80000/BBA71D32-AE36-1140-A31D-D7C0BF985932.root.
%MSG
%MSG-w XrdAdaptorInternal:  file_open 11-Jun-2024 12:48:49 CEST PostProcessEvent
Failed to open file at URL root://eoscms.cern.ch:1094//eos/cms/store/mc/RunIISummer20UL17MiniAODv2/QCD_HT2000toInf_TuneCP5_PSWeights_13TeV-madgraph-pythia8/MINIAODSIM/106X_mc2017_realistic_v9-v1/80000/BBA71D32-AE36-1140-A31D-D7C0BF985932.root?tried=.
%MSG
11-Jun-2024 12:48:49 CEST  Fallback request to file root://xrootd-cms.infn.it//store/mc/RunIISummer20UL17MiniAODv2/QCD_HT2000toInf_TuneCP5_PSWeights_13TeV-madgraph-pythia8/MINIAODSIM/106X_mc2017_realistic_v9-v1/80000/BBA71D32-AE36-1140-A31D-D7C0BF985932.root
%MSG-w XrdAdaptor:  file_open 11-Jun-2024 12:48:52 CEST PostProcessEvent
Data is served from T2_UK_SGrid_RALPP instead of original site infn.it
%MSG
11-Jun-2024 12:48:52 CEST  Successfully opened file root://xrootd-cms.infn.it//store/mc/RunIISummer20UL17MiniAODv2/QCD_HT2000toInf_TuneCP5_PSWeights_13TeV-madgraph-pythia8/MINIAODSIM/106X_mc2017_realistic_v9-v1/80000/BBA71D32-AE36-1140-A31D-D7C0BF985932.root
11-Jun-2024 12:48:57 CEST  Closed file root://xrootd-cms.infn.it//store/mc/RunIISummer20UL17MiniAODv2/QCD_HT2000toInf_TuneCP5_PSWeights_13TeV-madgraph-pythia8/MINIAODSIM/106X_mc2017_realistic_v9-v1/80000/BBA71D32-AE36-1140-A31D-D7C0BF985932.root
11-Jun-2024 12:48:57 CEST  Initiating request to open file root://eoscms.cern.ch//eos/cms/store/mc/RunIISummer20UL17MiniAODv2/QCD_HT2000toInf_TuneCP5_PSWeights_13TeV-madgraph-pythia8/MINIAODSIM/106X_mc2017_realistic_v9-v1/80000/F3FEBDB6-EA51-5B40-AE81-B02EE6D5A720.root
%MSG-w XrdAdaptorInternal:  file_open 11-Jun-2024 12:48:58 CEST PostProcessEvent
Failed to open file at URL root://eoscms.cern.ch:1094//eos/cms/store/mc/RunIISummer20UL17MiniAODv2/QCD_HT2000toInf_TuneCP5_PSWeights_13TeV-madgraph-pythia8/MINIAODSIM/106X_mc2017_realistic_v9-v1/80000/F3FEBDB6-EA51-5B40-AE81-B02EE6D5A720.root.
%MSG
%MSG-w XrdAdaptorInternal:  file_open 11-Jun-2024 12:48:58 CEST PostProcessEvent
Failed to open file at URL root://eoscms.cern.ch:1094//eos/cms/store/mc/RunIISummer20UL17MiniAODv2/QCD_HT2000toInf_TuneCP5_PSWeights_13TeV-madgraph-pythia8/MINIAODSIM/106X_mc2017_realistic_v9-v1/80000/F3FEBDB6-EA51-5B40-AE81-B02EE6D5A720.root?tried=.
%MSG
11-Jun-2024 12:48:58 CEST  Fallback request to file root://xrootd-cms.infn.it//store/mc/RunIISummer20UL17MiniAODv2/QCD_HT2000toInf_TuneCP5_PSWeights_13TeV-madgraph-pythia8/MINIAODSIM/106X_mc2017_realistic_v9-v1/80000/F3FEBDB6-EA51-5B40-AE81-B02EE6D5A720.root
%MSG-w XrdAdaptor:  file_open 11-Jun-2024 12:49:00 CEST PostProcessEvent
Data is served from T2_UK_SGrid_RALPP instead of original site infn.it
%MSG
11-Jun-2024 12:49:01 CEST  Successfully opened file root://xrootd-cms.infn.it//store/mc/RunIISummer20UL17MiniAODv2/QCD_HT2000toInf_TuneCP5_PSWeights_13TeV-madgraph-pythia8/MINIAODSIM/106X_mc2017_realistic_v9-v1/80000/F3FEBDB6-EA51-5B40-AE81-B02EE6D5A720.root
     56.458060      0.455957      0.028401             1
      7.991401      0.100282      0.028401             0
    215.929100      0.731243      0.028401             2
 
11-Jun-2024 12:49:07 CEST  Closed file root://xrootd-cms.infn.it//store/mc/RunIISummer20UL17MiniAODv2/QCD_HT2000toInf_TuneCP5_PSWeights_13TeV-madgraph-pythia8/MINIAODSIM/106X_mc2017_realistic_v9-v1/80000/F3FEBDB6-EA51-5B40-AE81-B02EE6D5A720.root

------------------------------------
GenXsecAnalyzer:
------------------------------------
-------------------------------------------------------------------------------------------------------------------------------------------------------------------------- 
Overall cross-section summary 
--------------------------------------------------------------------------------------------------------------------------------------------------------------------------
Process		xsec_before [pb]		passed	nposw	nnegw	tried	nposw	nnegw 	xsec_match [pb]			accepted [%]	 event_eff [%]
0		7.998e+00 +/- 2.791e-03		5708	5708	0	365898	365898	0	1.248e-01 +/- 1.639e-03		1.6 +/- 0.0	1.6 +/- 0.0
1		5.628e+01 +/- 1.260e-02		21368	21368	0	2557051	2557051	0	4.703e-01 +/- 3.206e-03		0.8 +/- 0.0	0.8 +/- 0.0
2		2.157e+02 +/- 1.978e-02		973705	973705	0	9789147	9789147	0	2.146e+01 +/- 2.073e-02		9.9 +/- 0.0	9.9 +/- 0.0
-------------------------------------------------------------------------------------------------------------------------------------------------------------------------- 
Total		2.800e+02 +/- 2.362e-02		1000781	1000781	0	12712096	12712096	0	2.205e+01 +/- 2.123e-02		7.9 +/- 0.0	7.9 +/- 0.0
--------------------------------------------------------------------------------------------------------------------------------------------------------------------------
Before matching: total cross section = 2.800e+02 +- 2.362e-02 pb
After matching: total cross section = 2.205e+01 +- 2.123e-02 pb
Matching efficiency = 0.1 +/- 0.0   [TO BE USED IN MCM]
Filter efficiency (taking into account weights)= (1.00078e+06) / (1.00078e+06) = 1.000e+00 +- 0.000e+00
Filter efficiency (event-level)= (1.00078e+06) / (1.00078e+06) = 1.000e+00 +- 0.000e+00    [TO BE USED IN MCM]

After filter: final cross section = 2.205e+01 +- 2.123e-02 pb
After filter: final fraction of events with negative weights = 0.000e+00 +- 0.000e+00
After filter: final equivalent lumi for 1M events (1/fb) = 4.536e+01 +- 6.298e-02

=============================================

MessageLogger Summary

 type     category        sev    module        subroutine        count    total
 ---- -------------------- -- ---------------- ----------------  -----    -----
    1 GenXSecAnalyzer      -w GenXSecAnalyzer:                      17       17
    2 XrdAdaptor           -w file_open                             24       24
    3 XrdAdaptorInternal   -w file_open                             48       48
    4 fileAction           -s file_close                            24       24
    5 fileAction           -s file_open                             72       72

 type    category    Examples: run/evt        run/evt          run/evt
 ---- -------------------- ---------------- ---------------- ----------------
    1 GenXSecAnalyzer      PostGlobalEndRun PostGlobalEndRun PostGlobalEndRun
    2 XrdAdaptor           pre-events       PostProcessEvent PostProcessEvent
    3 XrdAdaptorInternal   pre-events       pre-events       PostProcessEvent
    4 fileAction           PostProcessEvent PostProcessEvent PostGlobalEndRun
    5 fileAction           pre-events       pre-events       PostProcessEvent

Severity    # Occurrences   Total Occurrences
--------    -------------   -----------------
Warning                89                  89
System                 96                  96

dropped waiting message count 0
