10-Jun-2024 18:50:25 CEST  Initiating request to open file root://eoscms.cern.ch//eos/cms/store/mc/RunIISummer20UL18MiniAODv2/QCD_Pt-15to7000_TuneCP5_Flat2018_13TeV_pythia8/MINIAODSIM/106X_upgrade2018_realistic_v16_L1v1-v2/2530000/AC754ACF-1386-DC4E-A21E-F921B9CD6D8A.root
%MSG-w XrdAdaptor:  file_open 10-Jun-2024 18:50:28 CEST pre-events
Data is served from CERN-PROD instead of original site eoscms
%MSG
10-Jun-2024 18:50:33 CEST  Successfully opened file root://eoscms.cern.ch//eos/cms/store/mc/RunIISummer20UL18MiniAODv2/QCD_Pt-15to7000_TuneCP5_Flat2018_13TeV_pythia8/MINIAODSIM/106X_upgrade2018_realistic_v16_L1v1-v2/2530000/AC754ACF-1386-DC4E-A21E-F921B9CD6D8A.root
Begin processing the 1st record. Run 1, Event 12711002, LumiSection 12712 on stream 0 at 10-Jun-2024 18:50:34.742 CEST
10-Jun-2024 18:50:36 CEST  Closed file root://eoscms.cern.ch//eos/cms/store/mc/RunIISummer20UL18MiniAODv2/QCD_Pt-15to7000_TuneCP5_Flat2018_13TeV_pythia8/MINIAODSIM/106X_upgrade2018_realistic_v16_L1v1-v2/2530000/AC754ACF-1386-DC4E-A21E-F921B9CD6D8A.root
10-Jun-2024 18:50:36 CEST  Initiating request to open file root://eoscms.cern.ch//eos/cms/store/mc/RunIISummer20UL18MiniAODv2/QCD_Pt-15to7000_TuneCP5_Flat2018_13TeV_pythia8/MINIAODSIM/106X_upgrade2018_realistic_v16_L1v1-v2/2530000/1162B835-1FA6-784A-BFC1-D74D5BD5C188.root
%MSG-w XrdAdaptor:  file_open 10-Jun-2024 18:50:38 CEST PostProcessEvent
Data is served from CERN-PROD instead of original site eoscms
%MSG
10-Jun-2024 18:50:38 CEST  Successfully opened file root://eoscms.cern.ch//eos/cms/store/mc/RunIISummer20UL18MiniAODv2/QCD_Pt-15to7000_TuneCP5_Flat2018_13TeV_pythia8/MINIAODSIM/106X_upgrade2018_realistic_v16_L1v1-v2/2530000/1162B835-1FA6-784A-BFC1-D74D5BD5C188.root
10-Jun-2024 18:50:41 CEST  Closed file root://eoscms.cern.ch//eos/cms/store/mc/RunIISummer20UL18MiniAODv2/QCD_Pt-15to7000_TuneCP5_Flat2018_13TeV_pythia8/MINIAODSIM/106X_upgrade2018_realistic_v16_L1v1-v2/2530000/1162B835-1FA6-784A-BFC1-D74D5BD5C188.root
10-Jun-2024 18:50:41 CEST  Initiating request to open file root://eoscms.cern.ch//eos/cms/store/mc/RunIISummer20UL18MiniAODv2/QCD_Pt-15to7000_TuneCP5_Flat2018_13TeV_pythia8/MINIAODSIM/106X_upgrade2018_realistic_v16_L1v1-v2/2530000/5D606787-8828-7940-8FC7-E17522481508.root
%MSG-w XrdAdaptor:  file_open 10-Jun-2024 18:50:43 CEST PostProcessEvent
Data is served from CERN-PROD instead of original site eoscms
%MSG
10-Jun-2024 18:50:43 CEST  Successfully opened file root://eoscms.cern.ch//eos/cms/store/mc/RunIISummer20UL18MiniAODv2/QCD_Pt-15to7000_TuneCP5_Flat2018_13TeV_pythia8/MINIAODSIM/106X_upgrade2018_realistic_v16_L1v1-v2/2530000/5D606787-8828-7940-8FC7-E17522481508.root
Begin processing the 100001st record. Run 1, Event 18670007, LumiSection 18671 on stream 0 at 10-Jun-2024 18:50:45.280 CEST
10-Jun-2024 18:50:46 CEST  Closed file root://eoscms.cern.ch//eos/cms/store/mc/RunIISummer20UL18MiniAODv2/QCD_Pt-15to7000_TuneCP5_Flat2018_13TeV_pythia8/MINIAODSIM/106X_upgrade2018_realistic_v16_L1v1-v2/2530000/5D606787-8828-7940-8FC7-E17522481508.root
10-Jun-2024 18:50:46 CEST  Initiating request to open file root://eoscms.cern.ch//eos/cms/store/mc/RunIISummer20UL18MiniAODv2/QCD_Pt-15to7000_TuneCP5_Flat2018_13TeV_pythia8/MINIAODSIM/106X_upgrade2018_realistic_v16_L1v1-v2/2530000/0083C2BC-9173-8841-9383-D50552804A7E.root
%MSG-w XrdAdaptor:  file_open 10-Jun-2024 18:50:48 CEST PostProcessEvent
Data is served from CERN-PROD instead of original site eoscms
%MSG
10-Jun-2024 18:50:48 CEST  Successfully opened file root://eoscms.cern.ch//eos/cms/store/mc/RunIISummer20UL18MiniAODv2/QCD_Pt-15to7000_TuneCP5_Flat2018_13TeV_pythia8/MINIAODSIM/106X_upgrade2018_realistic_v16_L1v1-v2/2530000/0083C2BC-9173-8841-9383-D50552804A7E.root
10-Jun-2024 18:50:51 CEST  Closed file root://eoscms.cern.ch//eos/cms/store/mc/RunIISummer20UL18MiniAODv2/QCD_Pt-15to7000_TuneCP5_Flat2018_13TeV_pythia8/MINIAODSIM/106X_upgrade2018_realistic_v16_L1v1-v2/2530000/0083C2BC-9173-8841-9383-D50552804A7E.root
10-Jun-2024 18:50:51 CEST  Initiating request to open file root://eoscms.cern.ch//eos/cms/store/mc/RunIISummer20UL18MiniAODv2/QCD_Pt-15to7000_TuneCP5_Flat2018_13TeV_pythia8/MINIAODSIM/106X_upgrade2018_realistic_v16_L1v1-v2/2530000/450D8A36-E954-5E44-B250-E673DB3EE9EB.root
%MSG-w XrdAdaptorInternal:  file_open 10-Jun-2024 18:50:52 CEST PostProcessEvent
Failed to open file at URL root://eoscms.cern.ch:1094//eos/cms/store/mc/RunIISummer20UL18MiniAODv2/QCD_Pt-15to7000_TuneCP5_Flat2018_13TeV_pythia8/MINIAODSIM/106X_upgrade2018_realistic_v16_L1v1-v2/2530000/450D8A36-E954-5E44-B250-E673DB3EE9EB.root.
%MSG
%MSG-w XrdAdaptorInternal:  file_open 10-Jun-2024 18:50:52 CEST PostProcessEvent
Failed to open file at URL root://eoscms.cern.ch:1094//eos/cms/store/mc/RunIISummer20UL18MiniAODv2/QCD_Pt-15to7000_TuneCP5_Flat2018_13TeV_pythia8/MINIAODSIM/106X_upgrade2018_realistic_v16_L1v1-v2/2530000/450D8A36-E954-5E44-B250-E673DB3EE9EB.root?tried=.
%MSG
10-Jun-2024 18:50:52 CEST  Fallback request to file root://xrootd-cms.infn.it//store/mc/RunIISummer20UL18MiniAODv2/QCD_Pt-15to7000_TuneCP5_Flat2018_13TeV_pythia8/MINIAODSIM/106X_upgrade2018_realistic_v16_L1v1-v2/2530000/450D8A36-E954-5E44-B250-E673DB3EE9EB.root
%MSG-w XrdAdaptor:  file_open 10-Jun-2024 18:51:10 CEST PostProcessEvent
Data is served from cms.rcac.purdue.edu instead of original site T2_IT_Pisa
%MSG
10-Jun-2024 18:51:10 CEST  Successfully opened file root://xrootd-cms.infn.it//store/mc/RunIISummer20UL18MiniAODv2/QCD_Pt-15to7000_TuneCP5_Flat2018_13TeV_pythia8/MINIAODSIM/106X_upgrade2018_realistic_v16_L1v1-v2/2530000/450D8A36-E954-5E44-B250-E673DB3EE9EB.root
10-Jun-2024 18:51:21 CEST  Closed file root://xrootd-cms.infn.it//store/mc/RunIISummer20UL18MiniAODv2/QCD_Pt-15to7000_TuneCP5_Flat2018_13TeV_pythia8/MINIAODSIM/106X_upgrade2018_realistic_v16_L1v1-v2/2530000/450D8A36-E954-5E44-B250-E673DB3EE9EB.root
10-Jun-2024 18:51:21 CEST  Initiating request to open file root://eoscms.cern.ch//eos/cms/store/mc/RunIISummer20UL18MiniAODv2/QCD_Pt-15to7000_TuneCP5_Flat2018_13TeV_pythia8/MINIAODSIM/106X_upgrade2018_realistic_v16_L1v1-v2/2530000/E9B069C5-A1F3-3340-BBCE-AA13D0BEB73F.root
%MSG-w XrdAdaptorInternal:  file_open 10-Jun-2024 18:51:22 CEST PostProcessEvent
Failed to open file at URL root://eoscms.cern.ch:1094//eos/cms/store/mc/RunIISummer20UL18MiniAODv2/QCD_Pt-15to7000_TuneCP5_Flat2018_13TeV_pythia8/MINIAODSIM/106X_upgrade2018_realistic_v16_L1v1-v2/2530000/E9B069C5-A1F3-3340-BBCE-AA13D0BEB73F.root.
%MSG
%MSG-w XrdAdaptorInternal:  file_open 10-Jun-2024 18:51:22 CEST PostProcessEvent
Failed to open file at URL root://eoscms.cern.ch:1094//eos/cms/store/mc/RunIISummer20UL18MiniAODv2/QCD_Pt-15to7000_TuneCP5_Flat2018_13TeV_pythia8/MINIAODSIM/106X_upgrade2018_realistic_v16_L1v1-v2/2530000/E9B069C5-A1F3-3340-BBCE-AA13D0BEB73F.root?tried=.
%MSG
10-Jun-2024 18:51:22 CEST  Fallback request to file root://xrootd-cms.infn.it//store/mc/RunIISummer20UL18MiniAODv2/QCD_Pt-15to7000_TuneCP5_Flat2018_13TeV_pythia8/MINIAODSIM/106X_upgrade2018_realistic_v16_L1v1-v2/2530000/E9B069C5-A1F3-3340-BBCE-AA13D0BEB73F.root
%MSG-w XrdAdaptor:  file_open 10-Jun-2024 18:51:38 CEST PostProcessEvent
Data is served from cms.rcac.purdue.edu instead of original site T2_IT_Pisa
%MSG
10-Jun-2024 18:51:39 CEST  Successfully opened file root://xrootd-cms.infn.it//store/mc/RunIISummer20UL18MiniAODv2/QCD_Pt-15to7000_TuneCP5_Flat2018_13TeV_pythia8/MINIAODSIM/106X_upgrade2018_realistic_v16_L1v1-v2/2530000/E9B069C5-A1F3-3340-BBCE-AA13D0BEB73F.root
Begin processing the 200001st record. Run 1, Event 13277007, LumiSection 13278 on stream 0 at 10-Jun-2024 18:51:45.755 CEST
10-Jun-2024 18:51:47 CEST  Closed file root://xrootd-cms.infn.it//store/mc/RunIISummer20UL18MiniAODv2/QCD_Pt-15to7000_TuneCP5_Flat2018_13TeV_pythia8/MINIAODSIM/106X_upgrade2018_realistic_v16_L1v1-v2/2530000/E9B069C5-A1F3-3340-BBCE-AA13D0BEB73F.root
10-Jun-2024 18:51:47 CEST  Initiating request to open file root://eoscms.cern.ch//eos/cms/store/mc/RunIISummer20UL18MiniAODv2/QCD_Pt-15to7000_TuneCP5_Flat2018_13TeV_pythia8/MINIAODSIM/106X_upgrade2018_realistic_v16_L1v1-v2/2530000/6A7B044F-AD3E-5248-9435-6ED47F5766CA.root
%MSG-w XrdAdaptorInternal:  file_open 10-Jun-2024 18:51:48 CEST PostProcessEvent
Failed to open file at URL root://eoscms.cern.ch:1094//eos/cms/store/mc/RunIISummer20UL18MiniAODv2/QCD_Pt-15to7000_TuneCP5_Flat2018_13TeV_pythia8/MINIAODSIM/106X_upgrade2018_realistic_v16_L1v1-v2/2530000/6A7B044F-AD3E-5248-9435-6ED47F5766CA.root.
%MSG
%MSG-w XrdAdaptorInternal:  file_open 10-Jun-2024 18:51:48 CEST PostProcessEvent
Failed to open file at URL root://eoscms.cern.ch:1094//eos/cms/store/mc/RunIISummer20UL18MiniAODv2/QCD_Pt-15to7000_TuneCP5_Flat2018_13TeV_pythia8/MINIAODSIM/106X_upgrade2018_realistic_v16_L1v1-v2/2530000/6A7B044F-AD3E-5248-9435-6ED47F5766CA.root?tried=.
%MSG
10-Jun-2024 18:51:48 CEST  Fallback request to file root://xrootd-cms.infn.it//store/mc/RunIISummer20UL18MiniAODv2/QCD_Pt-15to7000_TuneCP5_Flat2018_13TeV_pythia8/MINIAODSIM/106X_upgrade2018_realistic_v16_L1v1-v2/2530000/6A7B044F-AD3E-5248-9435-6ED47F5766CA.root
%MSG-w XrdAdaptor:  file_open 10-Jun-2024 18:52:02 CEST PostProcessEvent
Data is served from cms.rcac.purdue.edu instead of original site T2_IT_Pisa
%MSG
10-Jun-2024 18:52:03 CEST  Successfully opened file root://xrootd-cms.infn.it//store/mc/RunIISummer20UL18MiniAODv2/QCD_Pt-15to7000_TuneCP5_Flat2018_13TeV_pythia8/MINIAODSIM/106X_upgrade2018_realistic_v16_L1v1-v2/2530000/6A7B044F-AD3E-5248-9435-6ED47F5766CA.root
10-Jun-2024 18:52:12 CEST  Closed file root://xrootd-cms.infn.it//store/mc/RunIISummer20UL18MiniAODv2/QCD_Pt-15to7000_TuneCP5_Flat2018_13TeV_pythia8/MINIAODSIM/106X_upgrade2018_realistic_v16_L1v1-v2/2530000/6A7B044F-AD3E-5248-9435-6ED47F5766CA.root
10-Jun-2024 18:52:12 CEST  Initiating request to open file root://eoscms.cern.ch//eos/cms/store/mc/RunIISummer20UL18MiniAODv2/QCD_Pt-15to7000_TuneCP5_Flat2018_13TeV_pythia8/MINIAODSIM/106X_upgrade2018_realistic_v16_L1v1-v2/2530000/AB8E0C94-74EF-934D-8DEA-A4D38E302B7E.root
%MSG-w XrdAdaptorInternal:  file_open 10-Jun-2024 18:52:13 CEST PostProcessEvent
Failed to open file at URL root://eoscms.cern.ch:1094//eos/cms/store/mc/RunIISummer20UL18MiniAODv2/QCD_Pt-15to7000_TuneCP5_Flat2018_13TeV_pythia8/MINIAODSIM/106X_upgrade2018_realistic_v16_L1v1-v2/2530000/AB8E0C94-74EF-934D-8DEA-A4D38E302B7E.root.
%MSG
%MSG-w XrdAdaptorInternal:  file_open 10-Jun-2024 18:52:13 CEST PostProcessEvent
Failed to open file at URL root://eoscms.cern.ch:1094//eos/cms/store/mc/RunIISummer20UL18MiniAODv2/QCD_Pt-15to7000_TuneCP5_Flat2018_13TeV_pythia8/MINIAODSIM/106X_upgrade2018_realistic_v16_L1v1-v2/2530000/AB8E0C94-74EF-934D-8DEA-A4D38E302B7E.root?tried=.
%MSG
10-Jun-2024 18:52:13 CEST  Fallback request to file root://xrootd-cms.infn.it//store/mc/RunIISummer20UL18MiniAODv2/QCD_Pt-15to7000_TuneCP5_Flat2018_13TeV_pythia8/MINIAODSIM/106X_upgrade2018_realistic_v16_L1v1-v2/2530000/AB8E0C94-74EF-934D-8DEA-A4D38E302B7E.root
%MSG-w XrdAdaptor:  file_open 10-Jun-2024 18:52:27 CEST PostProcessEvent
Data is served from cms.rcac.purdue.edu instead of original site T2_IT_Pisa
%MSG
10-Jun-2024 18:52:28 CEST  Successfully opened file root://xrootd-cms.infn.it//store/mc/RunIISummer20UL18MiniAODv2/QCD_Pt-15to7000_TuneCP5_Flat2018_13TeV_pythia8/MINIAODSIM/106X_upgrade2018_realistic_v16_L1v1-v2/2530000/AB8E0C94-74EF-934D-8DEA-A4D38E302B7E.root
Begin processing the 300001st record. Run 1, Event 13282004, LumiSection 13283 on stream 0 at 10-Jun-2024 18:52:33.804 CEST
10-Jun-2024 18:52:35 CEST  Closed file root://xrootd-cms.infn.it//store/mc/RunIISummer20UL18MiniAODv2/QCD_Pt-15to7000_TuneCP5_Flat2018_13TeV_pythia8/MINIAODSIM/106X_upgrade2018_realistic_v16_L1v1-v2/2530000/AB8E0C94-74EF-934D-8DEA-A4D38E302B7E.root
10-Jun-2024 18:52:35 CEST  Initiating request to open file root://eoscms.cern.ch//eos/cms/store/mc/RunIISummer20UL18MiniAODv2/QCD_Pt-15to7000_TuneCP5_Flat2018_13TeV_pythia8/MINIAODSIM/106X_upgrade2018_realistic_v16_L1v1-v2/2530000/10F01BC7-3234-BC42-AE96-A9F24C15B52F.root
%MSG-w XrdAdaptorInternal:  file_open 10-Jun-2024 18:52:36 CEST PostProcessEvent
Failed to open file at URL root://eoscms.cern.ch:1094//eos/cms/store/mc/RunIISummer20UL18MiniAODv2/QCD_Pt-15to7000_TuneCP5_Flat2018_13TeV_pythia8/MINIAODSIM/106X_upgrade2018_realistic_v16_L1v1-v2/2530000/10F01BC7-3234-BC42-AE96-A9F24C15B52F.root.
%MSG
%MSG-w XrdAdaptorInternal:  file_open 10-Jun-2024 18:52:36 CEST PostProcessEvent
Failed to open file at URL root://eoscms.cern.ch:1094//eos/cms/store/mc/RunIISummer20UL18MiniAODv2/QCD_Pt-15to7000_TuneCP5_Flat2018_13TeV_pythia8/MINIAODSIM/106X_upgrade2018_realistic_v16_L1v1-v2/2530000/10F01BC7-3234-BC42-AE96-A9F24C15B52F.root?tried=.
%MSG
10-Jun-2024 18:52:36 CEST  Fallback request to file root://xrootd-cms.infn.it//store/mc/RunIISummer20UL18MiniAODv2/QCD_Pt-15to7000_TuneCP5_Flat2018_13TeV_pythia8/MINIAODSIM/106X_upgrade2018_realistic_v16_L1v1-v2/2530000/10F01BC7-3234-BC42-AE96-A9F24C15B52F.root
%MSG-w XrdAdaptor:  file_open 10-Jun-2024 18:52:50 CEST PostProcessEvent
Data is served from cms.rcac.purdue.edu instead of original site T2_IT_Pisa
%MSG
10-Jun-2024 18:52:51 CEST  Successfully opened file root://xrootd-cms.infn.it//store/mc/RunIISummer20UL18MiniAODv2/QCD_Pt-15to7000_TuneCP5_Flat2018_13TeV_pythia8/MINIAODSIM/106X_upgrade2018_realistic_v16_L1v1-v2/2530000/10F01BC7-3234-BC42-AE96-A9F24C15B52F.root
10-Jun-2024 18:53:00 CEST  Closed file root://xrootd-cms.infn.it//store/mc/RunIISummer20UL18MiniAODv2/QCD_Pt-15to7000_TuneCP5_Flat2018_13TeV_pythia8/MINIAODSIM/106X_upgrade2018_realistic_v16_L1v1-v2/2530000/10F01BC7-3234-BC42-AE96-A9F24C15B52F.root
10-Jun-2024 18:53:00 CEST  Initiating request to open file root://eoscms.cern.ch//eos/cms/store/mc/RunIISummer20UL18MiniAODv2/QCD_Pt-15to7000_TuneCP5_Flat2018_13TeV_pythia8/MINIAODSIM/106X_upgrade2018_realistic_v16_L1v1-v2/2530000/BCA29774-5E99-994E-B11A-6A8BE1C5FF93.root
%MSG-w XrdAdaptorInternal:  file_open 10-Jun-2024 18:53:01 CEST PostProcessEvent
Failed to open file at URL root://eoscms.cern.ch:1094//eos/cms/store/mc/RunIISummer20UL18MiniAODv2/QCD_Pt-15to7000_TuneCP5_Flat2018_13TeV_pythia8/MINIAODSIM/106X_upgrade2018_realistic_v16_L1v1-v2/2530000/BCA29774-5E99-994E-B11A-6A8BE1C5FF93.root.
%MSG
%MSG-w XrdAdaptorInternal:  file_open 10-Jun-2024 18:53:01 CEST PostProcessEvent
Failed to open file at URL root://eoscms.cern.ch:1094//eos/cms/store/mc/RunIISummer20UL18MiniAODv2/QCD_Pt-15to7000_TuneCP5_Flat2018_13TeV_pythia8/MINIAODSIM/106X_upgrade2018_realistic_v16_L1v1-v2/2530000/BCA29774-5E99-994E-B11A-6A8BE1C5FF93.root?tried=.
%MSG
10-Jun-2024 18:53:01 CEST  Fallback request to file root://xrootd-cms.infn.it//store/mc/RunIISummer20UL18MiniAODv2/QCD_Pt-15to7000_TuneCP5_Flat2018_13TeV_pythia8/MINIAODSIM/106X_upgrade2018_realistic_v16_L1v1-v2/2530000/BCA29774-5E99-994E-B11A-6A8BE1C5FF93.root
%MSG-w XrdAdaptor:  file_open 10-Jun-2024 18:53:16 CEST PostProcessEvent
Data is served from cms.rcac.purdue.edu instead of original site T2_IT_Pisa
%MSG
10-Jun-2024 18:53:16 CEST  Successfully opened file root://xrootd-cms.infn.it//store/mc/RunIISummer20UL18MiniAODv2/QCD_Pt-15to7000_TuneCP5_Flat2018_13TeV_pythia8/MINIAODSIM/106X_upgrade2018_realistic_v16_L1v1-v2/2530000/BCA29774-5E99-994E-B11A-6A8BE1C5FF93.root
Begin processing the 400001st record. Run 1, Event 14078001, LumiSection 14079 on stream 0 at 10-Jun-2024 18:53:24.531 CEST
10-Jun-2024 18:53:26 CEST  Closed file root://xrootd-cms.infn.it//store/mc/RunIISummer20UL18MiniAODv2/QCD_Pt-15to7000_TuneCP5_Flat2018_13TeV_pythia8/MINIAODSIM/106X_upgrade2018_realistic_v16_L1v1-v2/2530000/BCA29774-5E99-994E-B11A-6A8BE1C5FF93.root
10-Jun-2024 18:53:26 CEST  Initiating request to open file root://eoscms.cern.ch//eos/cms/store/mc/RunIISummer20UL18MiniAODv2/QCD_Pt-15to7000_TuneCP5_Flat2018_13TeV_pythia8/MINIAODSIM/106X_upgrade2018_realistic_v16_L1v1-v2/2530000/B91A8C93-258F-3843-ACCF-33C5F0BECE6A.root
%MSG-w XrdAdaptorInternal:  file_open 10-Jun-2024 18:53:27 CEST PostProcessEvent
Failed to open file at URL root://eoscms.cern.ch:1094//eos/cms/store/mc/RunIISummer20UL18MiniAODv2/QCD_Pt-15to7000_TuneCP5_Flat2018_13TeV_pythia8/MINIAODSIM/106X_upgrade2018_realistic_v16_L1v1-v2/2530000/B91A8C93-258F-3843-ACCF-33C5F0BECE6A.root.
%MSG
%MSG-w XrdAdaptorInternal:  file_open 10-Jun-2024 18:53:27 CEST PostProcessEvent
Failed to open file at URL root://eoscms.cern.ch:1094//eos/cms/store/mc/RunIISummer20UL18MiniAODv2/QCD_Pt-15to7000_TuneCP5_Flat2018_13TeV_pythia8/MINIAODSIM/106X_upgrade2018_realistic_v16_L1v1-v2/2530000/B91A8C93-258F-3843-ACCF-33C5F0BECE6A.root?tried=.
%MSG
10-Jun-2024 18:53:27 CEST  Fallback request to file root://xrootd-cms.infn.it//store/mc/RunIISummer20UL18MiniAODv2/QCD_Pt-15to7000_TuneCP5_Flat2018_13TeV_pythia8/MINIAODSIM/106X_upgrade2018_realistic_v16_L1v1-v2/2530000/B91A8C93-258F-3843-ACCF-33C5F0BECE6A.root
%MSG-w XrdAdaptor:  file_open 10-Jun-2024 18:53:40 CEST PostProcessEvent
Data is served from cms.rcac.purdue.edu instead of original site T2_IT_Pisa
%MSG
10-Jun-2024 18:53:41 CEST  Successfully opened file root://xrootd-cms.infn.it//store/mc/RunIISummer20UL18MiniAODv2/QCD_Pt-15to7000_TuneCP5_Flat2018_13TeV_pythia8/MINIAODSIM/106X_upgrade2018_realistic_v16_L1v1-v2/2530000/B91A8C93-258F-3843-ACCF-33C5F0BECE6A.root
10-Jun-2024 18:53:52 CEST  Closed file root://xrootd-cms.infn.it//store/mc/RunIISummer20UL18MiniAODv2/QCD_Pt-15to7000_TuneCP5_Flat2018_13TeV_pythia8/MINIAODSIM/106X_upgrade2018_realistic_v16_L1v1-v2/2530000/B91A8C93-258F-3843-ACCF-33C5F0BECE6A.root
10-Jun-2024 18:53:52 CEST  Initiating request to open file root://eoscms.cern.ch//eos/cms/store/mc/RunIISummer20UL18MiniAODv2/QCD_Pt-15to7000_TuneCP5_Flat2018_13TeV_pythia8/MINIAODSIM/106X_upgrade2018_realistic_v16_L1v1-v2/2530000/63EC2FBD-E110-C444-AB87-6E7ED101E10D.root
%MSG-w XrdAdaptorInternal:  file_open 10-Jun-2024 18:53:53 CEST PostProcessEvent
Failed to open file at URL root://eoscms.cern.ch:1094//eos/cms/store/mc/RunIISummer20UL18MiniAODv2/QCD_Pt-15to7000_TuneCP5_Flat2018_13TeV_pythia8/MINIAODSIM/106X_upgrade2018_realistic_v16_L1v1-v2/2530000/63EC2FBD-E110-C444-AB87-6E7ED101E10D.root.
%MSG
%MSG-w XrdAdaptorInternal:  file_open 10-Jun-2024 18:53:53 CEST PostProcessEvent
Failed to open file at URL root://eoscms.cern.ch:1094//eos/cms/store/mc/RunIISummer20UL18MiniAODv2/QCD_Pt-15to7000_TuneCP5_Flat2018_13TeV_pythia8/MINIAODSIM/106X_upgrade2018_realistic_v16_L1v1-v2/2530000/63EC2FBD-E110-C444-AB87-6E7ED101E10D.root?tried=.
%MSG
10-Jun-2024 18:53:53 CEST  Fallback request to file root://xrootd-cms.infn.it//store/mc/RunIISummer20UL18MiniAODv2/QCD_Pt-15to7000_TuneCP5_Flat2018_13TeV_pythia8/MINIAODSIM/106X_upgrade2018_realistic_v16_L1v1-v2/2530000/63EC2FBD-E110-C444-AB87-6E7ED101E10D.root
%MSG-w XrdAdaptor:  file_open 10-Jun-2024 18:54:07 CEST PostProcessEvent
Data is served from cms.rcac.purdue.edu instead of original site T2_IT_Pisa
%MSG
10-Jun-2024 18:54:11 CEST  Successfully opened file root://xrootd-cms.infn.it//store/mc/RunIISummer20UL18MiniAODv2/QCD_Pt-15to7000_TuneCP5_Flat2018_13TeV_pythia8/MINIAODSIM/106X_upgrade2018_realistic_v16_L1v1-v2/2530000/63EC2FBD-E110-C444-AB87-6E7ED101E10D.root
Begin processing the 500001st record. Run 1, Event 18495008, LumiSection 18496 on stream 0 at 10-Jun-2024 18:54:19.623 CEST
10-Jun-2024 18:54:20 CEST  Closed file root://xrootd-cms.infn.it//store/mc/RunIISummer20UL18MiniAODv2/QCD_Pt-15to7000_TuneCP5_Flat2018_13TeV_pythia8/MINIAODSIM/106X_upgrade2018_realistic_v16_L1v1-v2/2530000/63EC2FBD-E110-C444-AB87-6E7ED101E10D.root
10-Jun-2024 18:54:20 CEST  Initiating request to open file root://eoscms.cern.ch//eos/cms/store/mc/RunIISummer20UL18MiniAODv2/QCD_Pt-15to7000_TuneCP5_Flat2018_13TeV_pythia8/MINIAODSIM/106X_upgrade2018_realistic_v16_L1v1-v2/2530000/498E6695-AFDC-3240-A81B-E203C5A9E799.root
%MSG-w XrdAdaptorInternal:  file_open 10-Jun-2024 18:54:21 CEST PostProcessEvent
Failed to open file at URL root://eoscms.cern.ch:1094//eos/cms/store/mc/RunIISummer20UL18MiniAODv2/QCD_Pt-15to7000_TuneCP5_Flat2018_13TeV_pythia8/MINIAODSIM/106X_upgrade2018_realistic_v16_L1v1-v2/2530000/498E6695-AFDC-3240-A81B-E203C5A9E799.root.
%MSG
%MSG-w XrdAdaptorInternal:  file_open 10-Jun-2024 18:54:21 CEST PostProcessEvent
Failed to open file at URL root://eoscms.cern.ch:1094//eos/cms/store/mc/RunIISummer20UL18MiniAODv2/QCD_Pt-15to7000_TuneCP5_Flat2018_13TeV_pythia8/MINIAODSIM/106X_upgrade2018_realistic_v16_L1v1-v2/2530000/498E6695-AFDC-3240-A81B-E203C5A9E799.root?tried=.
%MSG
10-Jun-2024 18:54:21 CEST  Fallback request to file root://xrootd-cms.infn.it//store/mc/RunIISummer20UL18MiniAODv2/QCD_Pt-15to7000_TuneCP5_Flat2018_13TeV_pythia8/MINIAODSIM/106X_upgrade2018_realistic_v16_L1v1-v2/2530000/498E6695-AFDC-3240-A81B-E203C5A9E799.root
%MSG-w XrdAdaptor:  file_open 10-Jun-2024 18:54:35 CEST PostProcessEvent
Data is served from cms.rcac.purdue.edu instead of original site T2_IT_Pisa
%MSG
10-Jun-2024 18:54:36 CEST  Successfully opened file root://xrootd-cms.infn.it//store/mc/RunIISummer20UL18MiniAODv2/QCD_Pt-15to7000_TuneCP5_Flat2018_13TeV_pythia8/MINIAODSIM/106X_upgrade2018_realistic_v16_L1v1-v2/2530000/498E6695-AFDC-3240-A81B-E203C5A9E799.root
10-Jun-2024 18:54:48 CEST  Closed file root://xrootd-cms.infn.it//store/mc/RunIISummer20UL18MiniAODv2/QCD_Pt-15to7000_TuneCP5_Flat2018_13TeV_pythia8/MINIAODSIM/106X_upgrade2018_realistic_v16_L1v1-v2/2530000/498E6695-AFDC-3240-A81B-E203C5A9E799.root
10-Jun-2024 18:54:48 CEST  Initiating request to open file root://eoscms.cern.ch//eos/cms/store/mc/RunIISummer20UL18MiniAODv2/QCD_Pt-15to7000_TuneCP5_Flat2018_13TeV_pythia8/MINIAODSIM/106X_upgrade2018_realistic_v16_L1v1-v2/2530000/6CB8748C-343D-A84E-B59E-C66538688F39.root
%MSG-w XrdAdaptorInternal:  file_open 10-Jun-2024 18:54:49 CEST PostProcessEvent
Failed to open file at URL root://eoscms.cern.ch:1094//eos/cms/store/mc/RunIISummer20UL18MiniAODv2/QCD_Pt-15to7000_TuneCP5_Flat2018_13TeV_pythia8/MINIAODSIM/106X_upgrade2018_realistic_v16_L1v1-v2/2530000/6CB8748C-343D-A84E-B59E-C66538688F39.root.
%MSG
%MSG-w XrdAdaptorInternal:  file_open 10-Jun-2024 18:54:49 CEST PostProcessEvent
Failed to open file at URL root://eoscms.cern.ch:1094//eos/cms/store/mc/RunIISummer20UL18MiniAODv2/QCD_Pt-15to7000_TuneCP5_Flat2018_13TeV_pythia8/MINIAODSIM/106X_upgrade2018_realistic_v16_L1v1-v2/2530000/6CB8748C-343D-A84E-B59E-C66538688F39.root?tried=.
%MSG
10-Jun-2024 18:54:49 CEST  Fallback request to file root://xrootd-cms.infn.it//store/mc/RunIISummer20UL18MiniAODv2/QCD_Pt-15to7000_TuneCP5_Flat2018_13TeV_pythia8/MINIAODSIM/106X_upgrade2018_realistic_v16_L1v1-v2/2530000/6CB8748C-343D-A84E-B59E-C66538688F39.root
%MSG-w XrdAdaptor:  file_open 10-Jun-2024 18:55:02 CEST PostProcessEvent
Data is served from cms.rcac.purdue.edu instead of original site T2_IT_Pisa
%MSG
10-Jun-2024 18:55:03 CEST  Successfully opened file root://xrootd-cms.infn.it//store/mc/RunIISummer20UL18MiniAODv2/QCD_Pt-15to7000_TuneCP5_Flat2018_13TeV_pythia8/MINIAODSIM/106X_upgrade2018_realistic_v16_L1v1-v2/2530000/6CB8748C-343D-A84E-B59E-C66538688F39.root
Begin processing the 600001st record. Run 1, Event 13306002, LumiSection 13307 on stream 0 at 10-Jun-2024 18:55:10.116 CEST
10-Jun-2024 18:55:11 CEST  Closed file root://xrootd-cms.infn.it//store/mc/RunIISummer20UL18MiniAODv2/QCD_Pt-15to7000_TuneCP5_Flat2018_13TeV_pythia8/MINIAODSIM/106X_upgrade2018_realistic_v16_L1v1-v2/2530000/6CB8748C-343D-A84E-B59E-C66538688F39.root
10-Jun-2024 18:55:11 CEST  Initiating request to open file root://eoscms.cern.ch//eos/cms/store/mc/RunIISummer20UL18MiniAODv2/QCD_Pt-15to7000_TuneCP5_Flat2018_13TeV_pythia8/MINIAODSIM/106X_upgrade2018_realistic_v16_L1v1-v2/2530000/1C331200-351D-2845-A896-B13EEFFCF96F.root
%MSG-w XrdAdaptorInternal:  file_open 10-Jun-2024 18:55:12 CEST PostProcessEvent
Failed to open file at URL root://eoscms.cern.ch:1094//eos/cms/store/mc/RunIISummer20UL18MiniAODv2/QCD_Pt-15to7000_TuneCP5_Flat2018_13TeV_pythia8/MINIAODSIM/106X_upgrade2018_realistic_v16_L1v1-v2/2530000/1C331200-351D-2845-A896-B13EEFFCF96F.root.
%MSG
%MSG-w XrdAdaptorInternal:  file_open 10-Jun-2024 18:55:12 CEST PostProcessEvent
Failed to open file at URL root://eoscms.cern.ch:1094//eos/cms/store/mc/RunIISummer20UL18MiniAODv2/QCD_Pt-15to7000_TuneCP5_Flat2018_13TeV_pythia8/MINIAODSIM/106X_upgrade2018_realistic_v16_L1v1-v2/2530000/1C331200-351D-2845-A896-B13EEFFCF96F.root?tried=.
%MSG
10-Jun-2024 18:55:12 CEST  Fallback request to file root://xrootd-cms.infn.it//store/mc/RunIISummer20UL18MiniAODv2/QCD_Pt-15to7000_TuneCP5_Flat2018_13TeV_pythia8/MINIAODSIM/106X_upgrade2018_realistic_v16_L1v1-v2/2530000/1C331200-351D-2845-A896-B13EEFFCF96F.root
%MSG-w XrdAdaptor:  file_open 10-Jun-2024 18:55:26 CEST PostProcessEvent
Data is served from cms.rcac.purdue.edu instead of original site T2_IT_Pisa
%MSG
10-Jun-2024 18:55:27 CEST  Successfully opened file root://xrootd-cms.infn.it//store/mc/RunIISummer20UL18MiniAODv2/QCD_Pt-15to7000_TuneCP5_Flat2018_13TeV_pythia8/MINIAODSIM/106X_upgrade2018_realistic_v16_L1v1-v2/2530000/1C331200-351D-2845-A896-B13EEFFCF96F.root
10-Jun-2024 18:55:37 CEST  Closed file root://xrootd-cms.infn.it//store/mc/RunIISummer20UL18MiniAODv2/QCD_Pt-15to7000_TuneCP5_Flat2018_13TeV_pythia8/MINIAODSIM/106X_upgrade2018_realistic_v16_L1v1-v2/2530000/1C331200-351D-2845-A896-B13EEFFCF96F.root
10-Jun-2024 18:55:37 CEST  Initiating request to open file root://eoscms.cern.ch//eos/cms/store/mc/RunIISummer20UL18MiniAODv2/QCD_Pt-15to7000_TuneCP5_Flat2018_13TeV_pythia8/MINIAODSIM/106X_upgrade2018_realistic_v16_L1v1-v2/2530000/E21A0CFD-7C66-B04F-82DD-C82F8A865110.root
%MSG-w XrdAdaptorInternal:  file_open 10-Jun-2024 18:55:38 CEST PostProcessEvent
Failed to open file at URL root://eoscms.cern.ch:1094//eos/cms/store/mc/RunIISummer20UL18MiniAODv2/QCD_Pt-15to7000_TuneCP5_Flat2018_13TeV_pythia8/MINIAODSIM/106X_upgrade2018_realistic_v16_L1v1-v2/2530000/E21A0CFD-7C66-B04F-82DD-C82F8A865110.root.
%MSG
%MSG-w XrdAdaptorInternal:  file_open 10-Jun-2024 18:55:38 CEST PostProcessEvent
Failed to open file at URL root://eoscms.cern.ch:1094//eos/cms/store/mc/RunIISummer20UL18MiniAODv2/QCD_Pt-15to7000_TuneCP5_Flat2018_13TeV_pythia8/MINIAODSIM/106X_upgrade2018_realistic_v16_L1v1-v2/2530000/E21A0CFD-7C66-B04F-82DD-C82F8A865110.root?tried=.
%MSG
10-Jun-2024 18:55:38 CEST  Fallback request to file root://xrootd-cms.infn.it//store/mc/RunIISummer20UL18MiniAODv2/QCD_Pt-15to7000_TuneCP5_Flat2018_13TeV_pythia8/MINIAODSIM/106X_upgrade2018_realistic_v16_L1v1-v2/2530000/E21A0CFD-7C66-B04F-82DD-C82F8A865110.root
%MSG-w XrdAdaptor:  file_open 10-Jun-2024 18:55:52 CEST PostProcessEvent
Data is served from cms.rcac.purdue.edu instead of original site T2_IT_Pisa
%MSG
10-Jun-2024 18:55:53 CEST  Successfully opened file root://xrootd-cms.infn.it//store/mc/RunIISummer20UL18MiniAODv2/QCD_Pt-15to7000_TuneCP5_Flat2018_13TeV_pythia8/MINIAODSIM/106X_upgrade2018_realistic_v16_L1v1-v2/2530000/E21A0CFD-7C66-B04F-82DD-C82F8A865110.root
Begin processing the 700001st record. Run 1, Event 16322003, LumiSection 16323 on stream 0 at 10-Jun-2024 18:56:04.716 CEST
10-Jun-2024 18:56:05 CEST  Closed file root://xrootd-cms.infn.it//store/mc/RunIISummer20UL18MiniAODv2/QCD_Pt-15to7000_TuneCP5_Flat2018_13TeV_pythia8/MINIAODSIM/106X_upgrade2018_realistic_v16_L1v1-v2/2530000/E21A0CFD-7C66-B04F-82DD-C82F8A865110.root
10-Jun-2024 18:56:05 CEST  Initiating request to open file root://eoscms.cern.ch//eos/cms/store/mc/RunIISummer20UL18MiniAODv2/QCD_Pt-15to7000_TuneCP5_Flat2018_13TeV_pythia8/MINIAODSIM/106X_upgrade2018_realistic_v16_L1v1-v2/2530000/66790E76-9E01-5349-9A31-BF5617B5C006.root
%MSG-w XrdAdaptorInternal:  file_open 10-Jun-2024 18:56:06 CEST PostProcessEvent
Failed to open file at URL root://eoscms.cern.ch:1094//eos/cms/store/mc/RunIISummer20UL18MiniAODv2/QCD_Pt-15to7000_TuneCP5_Flat2018_13TeV_pythia8/MINIAODSIM/106X_upgrade2018_realistic_v16_L1v1-v2/2530000/66790E76-9E01-5349-9A31-BF5617B5C006.root.
%MSG
%MSG-w XrdAdaptorInternal:  file_open 10-Jun-2024 18:56:06 CEST PostProcessEvent
Failed to open file at URL root://eoscms.cern.ch:1094//eos/cms/store/mc/RunIISummer20UL18MiniAODv2/QCD_Pt-15to7000_TuneCP5_Flat2018_13TeV_pythia8/MINIAODSIM/106X_upgrade2018_realistic_v16_L1v1-v2/2530000/66790E76-9E01-5349-9A31-BF5617B5C006.root?tried=.
%MSG
10-Jun-2024 18:56:06 CEST  Fallback request to file root://xrootd-cms.infn.it//store/mc/RunIISummer20UL18MiniAODv2/QCD_Pt-15to7000_TuneCP5_Flat2018_13TeV_pythia8/MINIAODSIM/106X_upgrade2018_realistic_v16_L1v1-v2/2530000/66790E76-9E01-5349-9A31-BF5617B5C006.root
%MSG-w XrdAdaptor:  file_open 10-Jun-2024 18:56:20 CEST PostProcessEvent
Data is served from cms.rcac.purdue.edu instead of original site T2_IT_Pisa
%MSG
10-Jun-2024 18:56:21 CEST  Successfully opened file root://xrootd-cms.infn.it//store/mc/RunIISummer20UL18MiniAODv2/QCD_Pt-15to7000_TuneCP5_Flat2018_13TeV_pythia8/MINIAODSIM/106X_upgrade2018_realistic_v16_L1v1-v2/2530000/66790E76-9E01-5349-9A31-BF5617B5C006.root
10-Jun-2024 18:56:31 CEST  Closed file root://xrootd-cms.infn.it//store/mc/RunIISummer20UL18MiniAODv2/QCD_Pt-15to7000_TuneCP5_Flat2018_13TeV_pythia8/MINIAODSIM/106X_upgrade2018_realistic_v16_L1v1-v2/2530000/66790E76-9E01-5349-9A31-BF5617B5C006.root
10-Jun-2024 18:56:31 CEST  Initiating request to open file root://eoscms.cern.ch//eos/cms/store/mc/RunIISummer20UL18MiniAODv2/QCD_Pt-15to7000_TuneCP5_Flat2018_13TeV_pythia8/MINIAODSIM/106X_upgrade2018_realistic_v16_L1v1-v2/2530000/3D5826FF-E28E-B143-A76D-449E23A2CE1F.root
%MSG-w XrdAdaptorInternal:  file_open 10-Jun-2024 18:56:32 CEST PostProcessEvent
Failed to open file at URL root://eoscms.cern.ch:1094//eos/cms/store/mc/RunIISummer20UL18MiniAODv2/QCD_Pt-15to7000_TuneCP5_Flat2018_13TeV_pythia8/MINIAODSIM/106X_upgrade2018_realistic_v16_L1v1-v2/2530000/3D5826FF-E28E-B143-A76D-449E23A2CE1F.root.
%MSG
%MSG-w XrdAdaptorInternal:  file_open 10-Jun-2024 18:56:32 CEST PostProcessEvent
Failed to open file at URL root://eoscms.cern.ch:1094//eos/cms/store/mc/RunIISummer20UL18MiniAODv2/QCD_Pt-15to7000_TuneCP5_Flat2018_13TeV_pythia8/MINIAODSIM/106X_upgrade2018_realistic_v16_L1v1-v2/2530000/3D5826FF-E28E-B143-A76D-449E23A2CE1F.root?tried=.
%MSG
10-Jun-2024 18:56:32 CEST  Fallback request to file root://xrootd-cms.infn.it//store/mc/RunIISummer20UL18MiniAODv2/QCD_Pt-15to7000_TuneCP5_Flat2018_13TeV_pythia8/MINIAODSIM/106X_upgrade2018_realistic_v16_L1v1-v2/2530000/3D5826FF-E28E-B143-A76D-449E23A2CE1F.root
%MSG-w XrdAdaptor:  file_open 10-Jun-2024 18:56:45 CEST PostProcessEvent
Data is served from cms.rcac.purdue.edu instead of original site T2_IT_Pisa
%MSG
10-Jun-2024 18:56:46 CEST  Successfully opened file root://xrootd-cms.infn.it//store/mc/RunIISummer20UL18MiniAODv2/QCD_Pt-15to7000_TuneCP5_Flat2018_13TeV_pythia8/MINIAODSIM/106X_upgrade2018_realistic_v16_L1v1-v2/2530000/3D5826FF-E28E-B143-A76D-449E23A2CE1F.root
10-Jun-2024 18:56:56 CEST  Closed file root://xrootd-cms.infn.it//store/mc/RunIISummer20UL18MiniAODv2/QCD_Pt-15to7000_TuneCP5_Flat2018_13TeV_pythia8/MINIAODSIM/106X_upgrade2018_realistic_v16_L1v1-v2/2530000/3D5826FF-E28E-B143-A76D-449E23A2CE1F.root
10-Jun-2024 18:56:56 CEST  Initiating request to open file root://eoscms.cern.ch//eos/cms/store/mc/RunIISummer20UL18MiniAODv2/QCD_Pt-15to7000_TuneCP5_Flat2018_13TeV_pythia8/MINIAODSIM/106X_upgrade2018_realistic_v16_L1v1-v2/2530000/9EFFC01C-9490-774B-8CD2-8EF84ABF1B90.root
%MSG-w XrdAdaptorInternal:  file_open 10-Jun-2024 18:56:57 CEST PostProcessEvent
Failed to open file at URL root://eoscms.cern.ch:1094//eos/cms/store/mc/RunIISummer20UL18MiniAODv2/QCD_Pt-15to7000_TuneCP5_Flat2018_13TeV_pythia8/MINIAODSIM/106X_upgrade2018_realistic_v16_L1v1-v2/2530000/9EFFC01C-9490-774B-8CD2-8EF84ABF1B90.root.
%MSG
%MSG-w XrdAdaptorInternal:  file_open 10-Jun-2024 18:56:57 CEST PostProcessEvent
Failed to open file at URL root://eoscms.cern.ch:1094//eos/cms/store/mc/RunIISummer20UL18MiniAODv2/QCD_Pt-15to7000_TuneCP5_Flat2018_13TeV_pythia8/MINIAODSIM/106X_upgrade2018_realistic_v16_L1v1-v2/2530000/9EFFC01C-9490-774B-8CD2-8EF84ABF1B90.root?tried=.
%MSG
10-Jun-2024 18:56:57 CEST  Fallback request to file root://xrootd-cms.infn.it//store/mc/RunIISummer20UL18MiniAODv2/QCD_Pt-15to7000_TuneCP5_Flat2018_13TeV_pythia8/MINIAODSIM/106X_upgrade2018_realistic_v16_L1v1-v2/2530000/9EFFC01C-9490-774B-8CD2-8EF84ABF1B90.root
%MSG-w XrdAdaptor:  file_open 10-Jun-2024 18:57:11 CEST PostProcessEvent
Data is served from cms.rcac.purdue.edu instead of original site T2_IT_Pisa
%MSG
10-Jun-2024 18:57:12 CEST  Successfully opened file root://xrootd-cms.infn.it//store/mc/RunIISummer20UL18MiniAODv2/QCD_Pt-15to7000_TuneCP5_Flat2018_13TeV_pythia8/MINIAODSIM/106X_upgrade2018_realistic_v16_L1v1-v2/2530000/9EFFC01C-9490-774B-8CD2-8EF84ABF1B90.root
Begin processing the 800001st record. Run 1, Event 12357002, LumiSection 12358 on stream 0 at 10-Jun-2024 18:57:26.303 CEST
10-Jun-2024 18:57:27 CEST  Closed file root://xrootd-cms.infn.it//store/mc/RunIISummer20UL18MiniAODv2/QCD_Pt-15to7000_TuneCP5_Flat2018_13TeV_pythia8/MINIAODSIM/106X_upgrade2018_realistic_v16_L1v1-v2/2530000/9EFFC01C-9490-774B-8CD2-8EF84ABF1B90.root
10-Jun-2024 18:57:27 CEST  Initiating request to open file root://eoscms.cern.ch//eos/cms/store/mc/RunIISummer20UL18MiniAODv2/QCD_Pt-15to7000_TuneCP5_Flat2018_13TeV_pythia8/MINIAODSIM/106X_upgrade2018_realistic_v16_L1v1-v2/2530000/D7C62E6C-37A6-AC47-82A1-7F1695D36CFD.root
%MSG-w XrdAdaptorInternal:  file_open 10-Jun-2024 18:57:28 CEST PostProcessEvent
Failed to open file at URL root://eoscms.cern.ch:1094//eos/cms/store/mc/RunIISummer20UL18MiniAODv2/QCD_Pt-15to7000_TuneCP5_Flat2018_13TeV_pythia8/MINIAODSIM/106X_upgrade2018_realistic_v16_L1v1-v2/2530000/D7C62E6C-37A6-AC47-82A1-7F1695D36CFD.root.
%MSG
%MSG-w XrdAdaptorInternal:  file_open 10-Jun-2024 18:57:28 CEST PostProcessEvent
Failed to open file at URL root://eoscms.cern.ch:1094//eos/cms/store/mc/RunIISummer20UL18MiniAODv2/QCD_Pt-15to7000_TuneCP5_Flat2018_13TeV_pythia8/MINIAODSIM/106X_upgrade2018_realistic_v16_L1v1-v2/2530000/D7C62E6C-37A6-AC47-82A1-7F1695D36CFD.root?tried=.
%MSG
10-Jun-2024 18:57:28 CEST  Fallback request to file root://xrootd-cms.infn.it//store/mc/RunIISummer20UL18MiniAODv2/QCD_Pt-15to7000_TuneCP5_Flat2018_13TeV_pythia8/MINIAODSIM/106X_upgrade2018_realistic_v16_L1v1-v2/2530000/D7C62E6C-37A6-AC47-82A1-7F1695D36CFD.root
%MSG-w XrdAdaptor:  file_open 10-Jun-2024 18:57:42 CEST PostProcessEvent
Data is served from cms.rcac.purdue.edu instead of original site T2_IT_Pisa
%MSG
10-Jun-2024 18:57:43 CEST  Successfully opened file root://xrootd-cms.infn.it//store/mc/RunIISummer20UL18MiniAODv2/QCD_Pt-15to7000_TuneCP5_Flat2018_13TeV_pythia8/MINIAODSIM/106X_upgrade2018_realistic_v16_L1v1-v2/2530000/D7C62E6C-37A6-AC47-82A1-7F1695D36CFD.root
10-Jun-2024 18:57:52 CEST  Closed file root://xrootd-cms.infn.it//store/mc/RunIISummer20UL18MiniAODv2/QCD_Pt-15to7000_TuneCP5_Flat2018_13TeV_pythia8/MINIAODSIM/106X_upgrade2018_realistic_v16_L1v1-v2/2530000/D7C62E6C-37A6-AC47-82A1-7F1695D36CFD.root
10-Jun-2024 18:57:52 CEST  Initiating request to open file root://eoscms.cern.ch//eos/cms/store/mc/RunIISummer20UL18MiniAODv2/QCD_Pt-15to7000_TuneCP5_Flat2018_13TeV_pythia8/MINIAODSIM/106X_upgrade2018_realistic_v16_L1v1-v2/2530000/4D2B7F0C-1BE9-7B42-BF3B-3F80A6626025.root
%MSG-w XrdAdaptorInternal:  file_open 10-Jun-2024 18:57:53 CEST PostProcessEvent
Failed to open file at URL root://eoscms.cern.ch:1094//eos/cms/store/mc/RunIISummer20UL18MiniAODv2/QCD_Pt-15to7000_TuneCP5_Flat2018_13TeV_pythia8/MINIAODSIM/106X_upgrade2018_realistic_v16_L1v1-v2/2530000/4D2B7F0C-1BE9-7B42-BF3B-3F80A6626025.root.
%MSG
%MSG-w XrdAdaptorInternal:  file_open 10-Jun-2024 18:57:53 CEST PostProcessEvent
Failed to open file at URL root://eoscms.cern.ch:1094//eos/cms/store/mc/RunIISummer20UL18MiniAODv2/QCD_Pt-15to7000_TuneCP5_Flat2018_13TeV_pythia8/MINIAODSIM/106X_upgrade2018_realistic_v16_L1v1-v2/2530000/4D2B7F0C-1BE9-7B42-BF3B-3F80A6626025.root?tried=.
%MSG
10-Jun-2024 18:57:53 CEST  Fallback request to file root://xrootd-cms.infn.it//store/mc/RunIISummer20UL18MiniAODv2/QCD_Pt-15to7000_TuneCP5_Flat2018_13TeV_pythia8/MINIAODSIM/106X_upgrade2018_realistic_v16_L1v1-v2/2530000/4D2B7F0C-1BE9-7B42-BF3B-3F80A6626025.root
%MSG-w XrdAdaptor:  file_open 10-Jun-2024 18:58:07 CEST PostProcessEvent
Data is served from cms.rcac.purdue.edu instead of original site T2_IT_Pisa
%MSG
10-Jun-2024 18:58:08 CEST  Successfully opened file root://xrootd-cms.infn.it//store/mc/RunIISummer20UL18MiniAODv2/QCD_Pt-15to7000_TuneCP5_Flat2018_13TeV_pythia8/MINIAODSIM/106X_upgrade2018_realistic_v16_L1v1-v2/2530000/4D2B7F0C-1BE9-7B42-BF3B-3F80A6626025.root
Begin processing the 900001st record. Run 1, Event 13018002, LumiSection 13019 on stream 0 at 10-Jun-2024 18:58:15.682 CEST
10-Jun-2024 18:58:17 CEST  Closed file root://xrootd-cms.infn.it//store/mc/RunIISummer20UL18MiniAODv2/QCD_Pt-15to7000_TuneCP5_Flat2018_13TeV_pythia8/MINIAODSIM/106X_upgrade2018_realistic_v16_L1v1-v2/2530000/4D2B7F0C-1BE9-7B42-BF3B-3F80A6626025.root
10-Jun-2024 18:58:17 CEST  Initiating request to open file root://eoscms.cern.ch//eos/cms/store/mc/RunIISummer20UL18MiniAODv2/QCD_Pt-15to7000_TuneCP5_Flat2018_13TeV_pythia8/MINIAODSIM/106X_upgrade2018_realistic_v16_L1v1-v2/2530000/F6121A0F-C5CE-844D-9F3A-227C6AF1B944.root
%MSG-w XrdAdaptorInternal:  file_open 10-Jun-2024 18:58:18 CEST PostProcessEvent
Failed to open file at URL root://eoscms.cern.ch:1094//eos/cms/store/mc/RunIISummer20UL18MiniAODv2/QCD_Pt-15to7000_TuneCP5_Flat2018_13TeV_pythia8/MINIAODSIM/106X_upgrade2018_realistic_v16_L1v1-v2/2530000/F6121A0F-C5CE-844D-9F3A-227C6AF1B944.root.
%MSG
%MSG-w XrdAdaptorInternal:  file_open 10-Jun-2024 18:58:18 CEST PostProcessEvent
Failed to open file at URL root://eoscms.cern.ch:1094//eos/cms/store/mc/RunIISummer20UL18MiniAODv2/QCD_Pt-15to7000_TuneCP5_Flat2018_13TeV_pythia8/MINIAODSIM/106X_upgrade2018_realistic_v16_L1v1-v2/2530000/F6121A0F-C5CE-844D-9F3A-227C6AF1B944.root?tried=.
%MSG
10-Jun-2024 18:58:18 CEST  Fallback request to file root://xrootd-cms.infn.it//store/mc/RunIISummer20UL18MiniAODv2/QCD_Pt-15to7000_TuneCP5_Flat2018_13TeV_pythia8/MINIAODSIM/106X_upgrade2018_realistic_v16_L1v1-v2/2530000/F6121A0F-C5CE-844D-9F3A-227C6AF1B944.root
%MSG-w XrdAdaptor:  file_open 10-Jun-2024 18:58:32 CEST PostProcessEvent
Data is served from cms.rcac.purdue.edu instead of original site T2_IT_Pisa
%MSG
10-Jun-2024 18:58:33 CEST  Successfully opened file root://xrootd-cms.infn.it//store/mc/RunIISummer20UL18MiniAODv2/QCD_Pt-15to7000_TuneCP5_Flat2018_13TeV_pythia8/MINIAODSIM/106X_upgrade2018_realistic_v16_L1v1-v2/2530000/F6121A0F-C5CE-844D-9F3A-227C6AF1B944.root
10-Jun-2024 18:58:43 CEST  Closed file root://xrootd-cms.infn.it//store/mc/RunIISummer20UL18MiniAODv2/QCD_Pt-15to7000_TuneCP5_Flat2018_13TeV_pythia8/MINIAODSIM/106X_upgrade2018_realistic_v16_L1v1-v2/2530000/F6121A0F-C5CE-844D-9F3A-227C6AF1B944.root
10-Jun-2024 18:58:43 CEST  Initiating request to open file root://eoscms.cern.ch//eos/cms/store/mc/RunIISummer20UL18MiniAODv2/QCD_Pt-15to7000_TuneCP5_Flat2018_13TeV_pythia8/MINIAODSIM/106X_upgrade2018_realistic_v16_L1v1-v2/2530000/BF4EF8DC-8409-5244-B068-3E0D156727E0.root
%MSG-w XrdAdaptorInternal:  file_open 10-Jun-2024 18:58:44 CEST PostProcessEvent
Failed to open file at URL root://eoscms.cern.ch:1094//eos/cms/store/mc/RunIISummer20UL18MiniAODv2/QCD_Pt-15to7000_TuneCP5_Flat2018_13TeV_pythia8/MINIAODSIM/106X_upgrade2018_realistic_v16_L1v1-v2/2530000/BF4EF8DC-8409-5244-B068-3E0D156727E0.root.
%MSG
%MSG-w XrdAdaptorInternal:  file_open 10-Jun-2024 18:58:44 CEST PostProcessEvent
Failed to open file at URL root://eoscms.cern.ch:1094//eos/cms/store/mc/RunIISummer20UL18MiniAODv2/QCD_Pt-15to7000_TuneCP5_Flat2018_13TeV_pythia8/MINIAODSIM/106X_upgrade2018_realistic_v16_L1v1-v2/2530000/BF4EF8DC-8409-5244-B068-3E0D156727E0.root?tried=.
%MSG
10-Jun-2024 18:58:44 CEST  Fallback request to file root://xrootd-cms.infn.it//store/mc/RunIISummer20UL18MiniAODv2/QCD_Pt-15to7000_TuneCP5_Flat2018_13TeV_pythia8/MINIAODSIM/106X_upgrade2018_realistic_v16_L1v1-v2/2530000/BF4EF8DC-8409-5244-B068-3E0D156727E0.root
%MSG-w XrdAdaptor:  file_open 10-Jun-2024 18:58:58 CEST PostProcessEvent
Data is served from cms.rcac.purdue.edu instead of original site T2_IT_Pisa
%MSG
10-Jun-2024 18:58:59 CEST  Successfully opened file root://xrootd-cms.infn.it//store/mc/RunIISummer20UL18MiniAODv2/QCD_Pt-15to7000_TuneCP5_Flat2018_13TeV_pythia8/MINIAODSIM/106X_upgrade2018_realistic_v16_L1v1-v2/2530000/BF4EF8DC-8409-5244-B068-3E0D156727E0.root
10-Jun-2024 18:59:08 CEST  Closed file root://xrootd-cms.infn.it//store/mc/RunIISummer20UL18MiniAODv2/QCD_Pt-15to7000_TuneCP5_Flat2018_13TeV_pythia8/MINIAODSIM/106X_upgrade2018_realistic_v16_L1v1-v2/2530000/BF4EF8DC-8409-5244-B068-3E0D156727E0.root

------------------------------------
GenXsecAnalyzer:
------------------------------------
Before Filter: total cross section = 1.360e+09 +- 8.682e+05 pb
Filter efficiency (taking into account weights)= (12629.8) / (12629.8) = 1.000e+00 +- 0.000e+00
Filter efficiency (event-level)= (1e+06) / (1e+06) = 1.000e+00 +- 0.000e+00    [TO BE USED IN MCM]

After filter: final cross section = 1.360e+09 +- 8.682e+05 pb
After filter: final fraction of events with negative weights = 0.000e+00 +- 0.000e+00
After filter: final equivalent lumi for 1M events (1/fb) = 7.351e-07 +- 8.720e-10

=============================================

MessageLogger Summary

 type     category        sev    module        subroutine        count    total
 ---- -------------------- -- ---------------- ----------------  -----    -----
    1 GenXSecAnalyzer      -w GenXSecAnalyzer:                       7        7
    2 XrdAdaptor           -w file_open                             23       23
    3 XrdAdaptorInternal   -w file_open                             38       38
    4 fileAction           -s file_close                            23       23
    5 fileAction           -s file_open                             65       65

 type    category    Examples: run/evt        run/evt          run/evt
 ---- -------------------- ---------------- ---------------- ----------------
    1 GenXSecAnalyzer      PostGlobalEndRun PostGlobalEndRun PostGlobalEndRun
    2 XrdAdaptor           pre-events       PostProcessEvent PostProcessEvent
    3 XrdAdaptorInternal   PostProcessEvent PostProcessEvent PostProcessEvent
    4 fileAction           PostProcessEvent PostProcessEvent PostGlobalEndRun
    5 fileAction           pre-events       pre-events       PostProcessEvent

Severity    # Occurrences   Total Occurrences
--------    -------------   -----------------
Warning                68                  68
System                 88                  88

dropped waiting message count 0
