10-Jun-2024 15:33:17 CEST  Initiating request to open file root://eoscms.cern.ch//eos/cms/store/mc/RunIISummer20UL18MiniAODv2/QCD_Pt_1400to1800_TuneCP5_13TeV_pythia8/MINIAODSIM/106X_upgrade2018_realistic_v16_L1v1-v1/230000/C636C20D-AC90-7049-AAFB-A0936C09ED87.root
%MSG-w XrdAdaptorInternal:  file_open 10-Jun-2024 15:33:18 CEST pre-events
Failed to open file at URL root://eoscms.cern.ch:1094//eos/cms/store/mc/RunIISummer20UL18MiniAODv2/QCD_Pt_1400to1800_TuneCP5_13TeV_pythia8/MINIAODSIM/106X_upgrade2018_realistic_v16_L1v1-v1/230000/C636C20D-AC90-7049-AAFB-A0936C09ED87.root.
%MSG
%MSG-w XrdAdaptorInternal:  file_open 10-Jun-2024 15:33:18 CEST pre-events
Failed to open file at URL root://eoscms.cern.ch:1094//eos/cms/store/mc/RunIISummer20UL18MiniAODv2/QCD_Pt_1400to1800_TuneCP5_13TeV_pythia8/MINIAODSIM/106X_upgrade2018_realistic_v16_L1v1-v1/230000/C636C20D-AC90-7049-AAFB-A0936C09ED87.root?tried=.
%MSG
10-Jun-2024 15:33:18 CEST  Fallback request to file root://xrootd-cms.infn.it//store/mc/RunIISummer20UL18MiniAODv2/QCD_Pt_1400to1800_TuneCP5_13TeV_pythia8/MINIAODSIM/106X_upgrade2018_realistic_v16_L1v1-v1/230000/C636C20D-AC90-7049-AAFB-A0936C09ED87.root
%MSG-w XrdAdaptor:  file_open 10-Jun-2024 15:33:34 CEST pre-events
Data is served from T2_US_Wisconsin instead of original site T2_FR_GRIF_LLR
%MSG
10-Jun-2024 15:33:40 CEST  Successfully opened file root://xrootd-cms.infn.it//store/mc/RunIISummer20UL18MiniAODv2/QCD_Pt_1400to1800_TuneCP5_13TeV_pythia8/MINIAODSIM/106X_upgrade2018_realistic_v16_L1v1-v1/230000/C636C20D-AC90-7049-AAFB-A0936C09ED87.root
Begin processing the 1st record. Run 1, Event 1769005, LumiSection 1770 on stream 0 at 10-Jun-2024 15:33:51.492 CEST
10-Jun-2024 15:33:54 CEST  Closed file root://xrootd-cms.infn.it//store/mc/RunIISummer20UL18MiniAODv2/QCD_Pt_1400to1800_TuneCP5_13TeV_pythia8/MINIAODSIM/106X_upgrade2018_realistic_v16_L1v1-v1/230000/C636C20D-AC90-7049-AAFB-A0936C09ED87.root
10-Jun-2024 15:33:54 CEST  Initiating request to open file root://eoscms.cern.ch//eos/cms/store/mc/RunIISummer20UL18MiniAODv2/QCD_Pt_1400to1800_TuneCP5_13TeV_pythia8/MINIAODSIM/106X_upgrade2018_realistic_v16_L1v1-v1/230000/AF967E49-7B2F-C641-B754-341EDF72F61F.root
%MSG-w XrdAdaptorInternal:  file_open 10-Jun-2024 15:33:55 CEST PostProcessEvent
Failed to open file at URL root://eoscms.cern.ch:1094//eos/cms/store/mc/RunIISummer20UL18MiniAODv2/QCD_Pt_1400to1800_TuneCP5_13TeV_pythia8/MINIAODSIM/106X_upgrade2018_realistic_v16_L1v1-v1/230000/AF967E49-7B2F-C641-B754-341EDF72F61F.root.
%MSG
%MSG-w XrdAdaptorInternal:  file_open 10-Jun-2024 15:33:55 CEST PostProcessEvent
Failed to open file at URL root://eoscms.cern.ch:1094//eos/cms/store/mc/RunIISummer20UL18MiniAODv2/QCD_Pt_1400to1800_TuneCP5_13TeV_pythia8/MINIAODSIM/106X_upgrade2018_realistic_v16_L1v1-v1/230000/AF967E49-7B2F-C641-B754-341EDF72F61F.root?tried=.
%MSG
10-Jun-2024 15:33:55 CEST  Fallback request to file root://xrootd-cms.infn.it//store/mc/RunIISummer20UL18MiniAODv2/QCD_Pt_1400to1800_TuneCP5_13TeV_pythia8/MINIAODSIM/106X_upgrade2018_realistic_v16_L1v1-v1/230000/AF967E49-7B2F-C641-B754-341EDF72F61F.root
%MSG-w XrdAdaptor:  file_open 10-Jun-2024 15:34:10 CEST PostProcessEvent
Data is served from T2_US_Wisconsin instead of original site T2_FR_GRIF_LLR
%MSG
10-Jun-2024 15:34:10 CEST  Successfully opened file root://xrootd-cms.infn.it//store/mc/RunIISummer20UL18MiniAODv2/QCD_Pt_1400to1800_TuneCP5_13TeV_pythia8/MINIAODSIM/106X_upgrade2018_realistic_v16_L1v1-v1/230000/AF967E49-7B2F-C641-B754-341EDF72F61F.root
[2024-06-10 15:34:16.592965 +0200][Error  ][AsyncSock         ] [g34n06.hep.wisc.edu:1094 #0.0] Unable to connect: No route to host
[2024-06-10 15:34:16.593086 +0200][Error  ][PostMaster        ] [g34n06.hep.wisc.edu:1094 #0] elapsed = 2, pConnectionWindow = 31 seconds.
10-Jun-2024 15:34:24 CEST  Closed file root://xrootd-cms.infn.it//store/mc/RunIISummer20UL18MiniAODv2/QCD_Pt_1400to1800_TuneCP5_13TeV_pythia8/MINIAODSIM/106X_upgrade2018_realistic_v16_L1v1-v1/230000/AF967E49-7B2F-C641-B754-341EDF72F61F.root
10-Jun-2024 15:34:24 CEST  Initiating request to open file root://eoscms.cern.ch//eos/cms/store/mc/RunIISummer20UL18MiniAODv2/QCD_Pt_1400to1800_TuneCP5_13TeV_pythia8/MINIAODSIM/106X_upgrade2018_realistic_v16_L1v1-v1/230000/B5899CDD-E956-994D-9C48-E1260692058D.root
%MSG-w XrdAdaptorInternal:  file_open 10-Jun-2024 15:34:25 CEST PostProcessEvent
Failed to open file at URL root://eoscms.cern.ch:1094//eos/cms/store/mc/RunIISummer20UL18MiniAODv2/QCD_Pt_1400to1800_TuneCP5_13TeV_pythia8/MINIAODSIM/106X_upgrade2018_realistic_v16_L1v1-v1/230000/B5899CDD-E956-994D-9C48-E1260692058D.root.
%MSG
%MSG-w XrdAdaptorInternal:  file_open 10-Jun-2024 15:34:25 CEST PostProcessEvent
Failed to open file at URL root://eoscms.cern.ch:1094//eos/cms/store/mc/RunIISummer20UL18MiniAODv2/QCD_Pt_1400to1800_TuneCP5_13TeV_pythia8/MINIAODSIM/106X_upgrade2018_realistic_v16_L1v1-v1/230000/B5899CDD-E956-994D-9C48-E1260692058D.root?tried=.
%MSG
10-Jun-2024 15:34:25 CEST  Fallback request to file root://xrootd-cms.infn.it//store/mc/RunIISummer20UL18MiniAODv2/QCD_Pt_1400to1800_TuneCP5_13TeV_pythia8/MINIAODSIM/106X_upgrade2018_realistic_v16_L1v1-v1/230000/B5899CDD-E956-994D-9C48-E1260692058D.root
%MSG-w XrdAdaptor:  file_open 10-Jun-2024 15:34:40 CEST PostProcessEvent
Data is served from T2_US_Wisconsin instead of original site T2_FR_GRIF_LLR
%MSG
10-Jun-2024 15:34:41 CEST  Successfully opened file root://xrootd-cms.infn.it//store/mc/RunIISummer20UL18MiniAODv2/QCD_Pt_1400to1800_TuneCP5_13TeV_pythia8/MINIAODSIM/106X_upgrade2018_realistic_v16_L1v1-v1/230000/B5899CDD-E956-994D-9C48-E1260692058D.root
Begin processing the 100001st record. Run 1, Event 2482005, LumiSection 2483 on stream 0 at 10-Jun-2024 15:34:52.922 CEST
10-Jun-2024 15:34:54 CEST  Closed file root://xrootd-cms.infn.it//store/mc/RunIISummer20UL18MiniAODv2/QCD_Pt_1400to1800_TuneCP5_13TeV_pythia8/MINIAODSIM/106X_upgrade2018_realistic_v16_L1v1-v1/230000/B5899CDD-E956-994D-9C48-E1260692058D.root
10-Jun-2024 15:34:54 CEST  Initiating request to open file root://eoscms.cern.ch//eos/cms/store/mc/RunIISummer20UL18MiniAODv2/QCD_Pt_1400to1800_TuneCP5_13TeV_pythia8/MINIAODSIM/106X_upgrade2018_realistic_v16_L1v1-v1/230000/15ED318F-1B80-F747-9599-56437BB509FA.root
%MSG-w XrdAdaptorInternal:  file_open 10-Jun-2024 15:34:55 CEST PostProcessEvent
Failed to open file at URL root://eoscms.cern.ch:1094//eos/cms/store/mc/RunIISummer20UL18MiniAODv2/QCD_Pt_1400to1800_TuneCP5_13TeV_pythia8/MINIAODSIM/106X_upgrade2018_realistic_v16_L1v1-v1/230000/15ED318F-1B80-F747-9599-56437BB509FA.root.
%MSG
%MSG-w XrdAdaptorInternal:  file_open 10-Jun-2024 15:34:55 CEST PostProcessEvent
Failed to open file at URL root://eoscms.cern.ch:1094//eos/cms/store/mc/RunIISummer20UL18MiniAODv2/QCD_Pt_1400to1800_TuneCP5_13TeV_pythia8/MINIAODSIM/106X_upgrade2018_realistic_v16_L1v1-v1/230000/15ED318F-1B80-F747-9599-56437BB509FA.root?tried=.
%MSG
10-Jun-2024 15:34:55 CEST  Fallback request to file root://xrootd-cms.infn.it//store/mc/RunIISummer20UL18MiniAODv2/QCD_Pt_1400to1800_TuneCP5_13TeV_pythia8/MINIAODSIM/106X_upgrade2018_realistic_v16_L1v1-v1/230000/15ED318F-1B80-F747-9599-56437BB509FA.root
%MSG-w XrdAdaptor:  file_open 10-Jun-2024 15:35:09 CEST PostProcessEvent
Data is served from T2_US_Wisconsin instead of original site T2_FR_GRIF_LLR
%MSG
10-Jun-2024 15:35:09 CEST  Successfully opened file root://xrootd-cms.infn.it//store/mc/RunIISummer20UL18MiniAODv2/QCD_Pt_1400to1800_TuneCP5_13TeV_pythia8/MINIAODSIM/106X_upgrade2018_realistic_v16_L1v1-v1/230000/15ED318F-1B80-F747-9599-56437BB509FA.root
10-Jun-2024 15:35:24 CEST  Closed file root://xrootd-cms.infn.it//store/mc/RunIISummer20UL18MiniAODv2/QCD_Pt_1400to1800_TuneCP5_13TeV_pythia8/MINIAODSIM/106X_upgrade2018_realistic_v16_L1v1-v1/230000/15ED318F-1B80-F747-9599-56437BB509FA.root
10-Jun-2024 15:35:24 CEST  Initiating request to open file root://eoscms.cern.ch//eos/cms/store/mc/RunIISummer20UL18MiniAODv2/QCD_Pt_1400to1800_TuneCP5_13TeV_pythia8/MINIAODSIM/106X_upgrade2018_realistic_v16_L1v1-v1/230000/B6B1D070-C3C2-3C4B-949B-5A852FDD16F6.root
%MSG-w XrdAdaptorInternal:  file_open 10-Jun-2024 15:35:25 CEST PostProcessEvent
Failed to open file at URL root://eoscms.cern.ch:1094//eos/cms/store/mc/RunIISummer20UL18MiniAODv2/QCD_Pt_1400to1800_TuneCP5_13TeV_pythia8/MINIAODSIM/106X_upgrade2018_realistic_v16_L1v1-v1/230000/B6B1D070-C3C2-3C4B-949B-5A852FDD16F6.root.
%MSG
%MSG-w XrdAdaptorInternal:  file_open 10-Jun-2024 15:35:25 CEST PostProcessEvent
Failed to open file at URL root://eoscms.cern.ch:1094//eos/cms/store/mc/RunIISummer20UL18MiniAODv2/QCD_Pt_1400to1800_TuneCP5_13TeV_pythia8/MINIAODSIM/106X_upgrade2018_realistic_v16_L1v1-v1/230000/B6B1D070-C3C2-3C4B-949B-5A852FDD16F6.root?tried=.
%MSG
10-Jun-2024 15:35:25 CEST  Fallback request to file root://xrootd-cms.infn.it//store/mc/RunIISummer20UL18MiniAODv2/QCD_Pt_1400to1800_TuneCP5_13TeV_pythia8/MINIAODSIM/106X_upgrade2018_realistic_v16_L1v1-v1/230000/B6B1D070-C3C2-3C4B-949B-5A852FDD16F6.root
%MSG-w XrdAdaptor:  file_open 10-Jun-2024 15:35:39 CEST PostProcessEvent
Data is served from T2_US_Wisconsin instead of original site T2_FR_GRIF_LLR
%MSG
10-Jun-2024 15:35:39 CEST  Successfully opened file root://xrootd-cms.infn.it//store/mc/RunIISummer20UL18MiniAODv2/QCD_Pt_1400to1800_TuneCP5_13TeV_pythia8/MINIAODSIM/106X_upgrade2018_realistic_v16_L1v1-v1/230000/B6B1D070-C3C2-3C4B-949B-5A852FDD16F6.root
Begin processing the 200001st record. Run 1, Event 3098004, LumiSection 3099 on stream 0 at 10-Jun-2024 15:36:01.003 CEST
10-Jun-2024 15:36:02 CEST  Closed file root://xrootd-cms.infn.it//store/mc/RunIISummer20UL18MiniAODv2/QCD_Pt_1400to1800_TuneCP5_13TeV_pythia8/MINIAODSIM/106X_upgrade2018_realistic_v16_L1v1-v1/230000/B6B1D070-C3C2-3C4B-949B-5A852FDD16F6.root
10-Jun-2024 15:36:02 CEST  Initiating request to open file root://eoscms.cern.ch//eos/cms/store/mc/RunIISummer20UL18MiniAODv2/QCD_Pt_1400to1800_TuneCP5_13TeV_pythia8/MINIAODSIM/106X_upgrade2018_realistic_v16_L1v1-v1/230000/ECD6D55B-1147-9C4D-AF91-F7E9083B8C01.root
%MSG-w XrdAdaptorInternal:  file_open 10-Jun-2024 15:36:03 CEST PostProcessEvent
Failed to open file at URL root://eoscms.cern.ch:1094//eos/cms/store/mc/RunIISummer20UL18MiniAODv2/QCD_Pt_1400to1800_TuneCP5_13TeV_pythia8/MINIAODSIM/106X_upgrade2018_realistic_v16_L1v1-v1/230000/ECD6D55B-1147-9C4D-AF91-F7E9083B8C01.root.
%MSG
%MSG-w XrdAdaptorInternal:  file_open 10-Jun-2024 15:36:03 CEST PostProcessEvent
Failed to open file at URL root://eoscms.cern.ch:1094//eos/cms/store/mc/RunIISummer20UL18MiniAODv2/QCD_Pt_1400to1800_TuneCP5_13TeV_pythia8/MINIAODSIM/106X_upgrade2018_realistic_v16_L1v1-v1/230000/ECD6D55B-1147-9C4D-AF91-F7E9083B8C01.root?tried=.
%MSG
10-Jun-2024 15:36:03 CEST  Fallback request to file root://xrootd-cms.infn.it//store/mc/RunIISummer20UL18MiniAODv2/QCD_Pt_1400to1800_TuneCP5_13TeV_pythia8/MINIAODSIM/106X_upgrade2018_realistic_v16_L1v1-v1/230000/ECD6D55B-1147-9C4D-AF91-F7E9083B8C01.root
%MSG-w XrdAdaptor:  file_open 10-Jun-2024 15:36:17 CEST PostProcessEvent
Data is served from T2_US_Wisconsin instead of original site T2_FR_GRIF_LLR
%MSG
10-Jun-2024 15:36:17 CEST  Successfully opened file root://xrootd-cms.infn.it//store/mc/RunIISummer20UL18MiniAODv2/QCD_Pt_1400to1800_TuneCP5_13TeV_pythia8/MINIAODSIM/106X_upgrade2018_realistic_v16_L1v1-v1/230000/ECD6D55B-1147-9C4D-AF91-F7E9083B8C01.root
10-Jun-2024 15:36:32 CEST  Closed file root://xrootd-cms.infn.it//store/mc/RunIISummer20UL18MiniAODv2/QCD_Pt_1400to1800_TuneCP5_13TeV_pythia8/MINIAODSIM/106X_upgrade2018_realistic_v16_L1v1-v1/230000/ECD6D55B-1147-9C4D-AF91-F7E9083B8C01.root
10-Jun-2024 15:36:32 CEST  Initiating request to open file root://eoscms.cern.ch//eos/cms/store/mc/RunIISummer20UL18MiniAODv2/QCD_Pt_1400to1800_TuneCP5_13TeV_pythia8/MINIAODSIM/106X_upgrade2018_realistic_v16_L1v1-v1/230000/E75A9A08-3CF1-F344-B3EB-CEA491C46736.root
%MSG-w XrdAdaptorInternal:  file_open 10-Jun-2024 15:36:33 CEST PostProcessEvent
Failed to open file at URL root://eoscms.cern.ch:1094//eos/cms/store/mc/RunIISummer20UL18MiniAODv2/QCD_Pt_1400to1800_TuneCP5_13TeV_pythia8/MINIAODSIM/106X_upgrade2018_realistic_v16_L1v1-v1/230000/E75A9A08-3CF1-F344-B3EB-CEA491C46736.root.
%MSG
%MSG-w XrdAdaptorInternal:  file_open 10-Jun-2024 15:36:33 CEST PostProcessEvent
Failed to open file at URL root://eoscms.cern.ch:1094//eos/cms/store/mc/RunIISummer20UL18MiniAODv2/QCD_Pt_1400to1800_TuneCP5_13TeV_pythia8/MINIAODSIM/106X_upgrade2018_realistic_v16_L1v1-v1/230000/E75A9A08-3CF1-F344-B3EB-CEA491C46736.root?tried=.
%MSG
10-Jun-2024 15:36:33 CEST  Fallback request to file root://xrootd-cms.infn.it//store/mc/RunIISummer20UL18MiniAODv2/QCD_Pt_1400to1800_TuneCP5_13TeV_pythia8/MINIAODSIM/106X_upgrade2018_realistic_v16_L1v1-v1/230000/E75A9A08-3CF1-F344-B3EB-CEA491C46736.root
%MSG-w XrdAdaptor:  file_open 10-Jun-2024 15:36:47 CEST PostProcessEvent
Data is served from T2_US_Wisconsin instead of original site T2_FR_GRIF_LLR
%MSG
10-Jun-2024 15:36:47 CEST  Successfully opened file root://xrootd-cms.infn.it//store/mc/RunIISummer20UL18MiniAODv2/QCD_Pt_1400to1800_TuneCP5_13TeV_pythia8/MINIAODSIM/106X_upgrade2018_realistic_v16_L1v1-v1/230000/E75A9A08-3CF1-F344-B3EB-CEA491C46736.root
Begin processing the 300001st record. Run 1, Event 9867007, LumiSection 9868 on stream 0 at 10-Jun-2024 15:37:00.416 CEST
10-Jun-2024 15:37:02 CEST  Closed file root://xrootd-cms.infn.it//store/mc/RunIISummer20UL18MiniAODv2/QCD_Pt_1400to1800_TuneCP5_13TeV_pythia8/MINIAODSIM/106X_upgrade2018_realistic_v16_L1v1-v1/230000/E75A9A08-3CF1-F344-B3EB-CEA491C46736.root
10-Jun-2024 15:37:02 CEST  Initiating request to open file root://eoscms.cern.ch//eos/cms/store/mc/RunIISummer20UL18MiniAODv2/QCD_Pt_1400to1800_TuneCP5_13TeV_pythia8/MINIAODSIM/106X_upgrade2018_realistic_v16_L1v1-v1/230000/6E3F7F5E-696D-1741-8485-079C2816D5C1.root
%MSG-w XrdAdaptorInternal:  file_open 10-Jun-2024 15:37:03 CEST PostProcessEvent
Failed to open file at URL root://eoscms.cern.ch:1094//eos/cms/store/mc/RunIISummer20UL18MiniAODv2/QCD_Pt_1400to1800_TuneCP5_13TeV_pythia8/MINIAODSIM/106X_upgrade2018_realistic_v16_L1v1-v1/230000/6E3F7F5E-696D-1741-8485-079C2816D5C1.root.
%MSG
%MSG-w XrdAdaptorInternal:  file_open 10-Jun-2024 15:37:03 CEST PostProcessEvent
Failed to open file at URL root://eoscms.cern.ch:1094//eos/cms/store/mc/RunIISummer20UL18MiniAODv2/QCD_Pt_1400to1800_TuneCP5_13TeV_pythia8/MINIAODSIM/106X_upgrade2018_realistic_v16_L1v1-v1/230000/6E3F7F5E-696D-1741-8485-079C2816D5C1.root?tried=.
%MSG
10-Jun-2024 15:37:03 CEST  Fallback request to file root://xrootd-cms.infn.it//store/mc/RunIISummer20UL18MiniAODv2/QCD_Pt_1400to1800_TuneCP5_13TeV_pythia8/MINIAODSIM/106X_upgrade2018_realistic_v16_L1v1-v1/230000/6E3F7F5E-696D-1741-8485-079C2816D5C1.root
%MSG-w XrdAdaptor:  file_open 10-Jun-2024 15:37:16 CEST PostProcessEvent
Data is served from T2_US_Wisconsin instead of original site T2_FR_GRIF_LLR
%MSG
10-Jun-2024 15:37:17 CEST  Successfully opened file root://xrootd-cms.infn.it//store/mc/RunIISummer20UL18MiniAODv2/QCD_Pt_1400to1800_TuneCP5_13TeV_pythia8/MINIAODSIM/106X_upgrade2018_realistic_v16_L1v1-v1/230000/6E3F7F5E-696D-1741-8485-079C2816D5C1.root
10-Jun-2024 15:37:30 CEST  Closed file root://xrootd-cms.infn.it//store/mc/RunIISummer20UL18MiniAODv2/QCD_Pt_1400to1800_TuneCP5_13TeV_pythia8/MINIAODSIM/106X_upgrade2018_realistic_v16_L1v1-v1/230000/6E3F7F5E-696D-1741-8485-079C2816D5C1.root
10-Jun-2024 15:37:30 CEST  Initiating request to open file root://eoscms.cern.ch//eos/cms/store/mc/RunIISummer20UL18MiniAODv2/QCD_Pt_1400to1800_TuneCP5_13TeV_pythia8/MINIAODSIM/106X_upgrade2018_realistic_v16_L1v1-v1/230000/FF910A4E-B8C5-9347-A072-76F3ED299852.root
%MSG-w XrdAdaptorInternal:  file_open 10-Jun-2024 15:37:31 CEST PostProcessEvent
Failed to open file at URL root://eoscms.cern.ch:1094//eos/cms/store/mc/RunIISummer20UL18MiniAODv2/QCD_Pt_1400to1800_TuneCP5_13TeV_pythia8/MINIAODSIM/106X_upgrade2018_realistic_v16_L1v1-v1/230000/FF910A4E-B8C5-9347-A072-76F3ED299852.root.
%MSG
%MSG-w XrdAdaptorInternal:  file_open 10-Jun-2024 15:37:31 CEST PostProcessEvent
Failed to open file at URL root://eoscms.cern.ch:1094//eos/cms/store/mc/RunIISummer20UL18MiniAODv2/QCD_Pt_1400to1800_TuneCP5_13TeV_pythia8/MINIAODSIM/106X_upgrade2018_realistic_v16_L1v1-v1/230000/FF910A4E-B8C5-9347-A072-76F3ED299852.root?tried=.
%MSG
10-Jun-2024 15:37:31 CEST  Fallback request to file root://xrootd-cms.infn.it//store/mc/RunIISummer20UL18MiniAODv2/QCD_Pt_1400to1800_TuneCP5_13TeV_pythia8/MINIAODSIM/106X_upgrade2018_realistic_v16_L1v1-v1/230000/FF910A4E-B8C5-9347-A072-76F3ED299852.root
%MSG-w XrdAdaptor:  file_open 10-Jun-2024 15:37:45 CEST PostProcessEvent
Data is served from T2_US_Wisconsin instead of original site T2_FR_GRIF_LLR
%MSG
10-Jun-2024 15:37:45 CEST  Successfully opened file root://xrootd-cms.infn.it//store/mc/RunIISummer20UL18MiniAODv2/QCD_Pt_1400to1800_TuneCP5_13TeV_pythia8/MINIAODSIM/106X_upgrade2018_realistic_v16_L1v1-v1/230000/FF910A4E-B8C5-9347-A072-76F3ED299852.root
Begin processing the 400001st record. Run 1, Event 4822006, LumiSection 4823 on stream 0 at 10-Jun-2024 15:37:58.612 CEST
10-Jun-2024 15:38:00 CEST  Closed file root://xrootd-cms.infn.it//store/mc/RunIISummer20UL18MiniAODv2/QCD_Pt_1400to1800_TuneCP5_13TeV_pythia8/MINIAODSIM/106X_upgrade2018_realistic_v16_L1v1-v1/230000/FF910A4E-B8C5-9347-A072-76F3ED299852.root
10-Jun-2024 15:38:00 CEST  Initiating request to open file root://eoscms.cern.ch//eos/cms/store/mc/RunIISummer20UL18MiniAODv2/QCD_Pt_1400to1800_TuneCP5_13TeV_pythia8/MINIAODSIM/106X_upgrade2018_realistic_v16_L1v1-v1/230000/1405E2ED-34D5-DA44-83C8-51FF64CBFAE2.root
%MSG-w XrdAdaptorInternal:  file_open 10-Jun-2024 15:38:01 CEST PostProcessEvent
Failed to open file at URL root://eoscms.cern.ch:1094//eos/cms/store/mc/RunIISummer20UL18MiniAODv2/QCD_Pt_1400to1800_TuneCP5_13TeV_pythia8/MINIAODSIM/106X_upgrade2018_realistic_v16_L1v1-v1/230000/1405E2ED-34D5-DA44-83C8-51FF64CBFAE2.root.
%MSG
%MSG-w XrdAdaptorInternal:  file_open 10-Jun-2024 15:38:01 CEST PostProcessEvent
Failed to open file at URL root://eoscms.cern.ch:1094//eos/cms/store/mc/RunIISummer20UL18MiniAODv2/QCD_Pt_1400to1800_TuneCP5_13TeV_pythia8/MINIAODSIM/106X_upgrade2018_realistic_v16_L1v1-v1/230000/1405E2ED-34D5-DA44-83C8-51FF64CBFAE2.root?tried=.
%MSG
10-Jun-2024 15:38:01 CEST  Fallback request to file root://xrootd-cms.infn.it//store/mc/RunIISummer20UL18MiniAODv2/QCD_Pt_1400to1800_TuneCP5_13TeV_pythia8/MINIAODSIM/106X_upgrade2018_realistic_v16_L1v1-v1/230000/1405E2ED-34D5-DA44-83C8-51FF64CBFAE2.root
%MSG-w XrdAdaptor:  file_open 10-Jun-2024 15:38:14 CEST PostProcessEvent
Data is served from T2_US_Wisconsin instead of original site T2_FR_GRIF_LLR
%MSG
10-Jun-2024 15:38:14 CEST  Successfully opened file root://xrootd-cms.infn.it//store/mc/RunIISummer20UL18MiniAODv2/QCD_Pt_1400to1800_TuneCP5_13TeV_pythia8/MINIAODSIM/106X_upgrade2018_realistic_v16_L1v1-v1/230000/1405E2ED-34D5-DA44-83C8-51FF64CBFAE2.root
10-Jun-2024 15:38:28 CEST  Closed file root://xrootd-cms.infn.it//store/mc/RunIISummer20UL18MiniAODv2/QCD_Pt_1400to1800_TuneCP5_13TeV_pythia8/MINIAODSIM/106X_upgrade2018_realistic_v16_L1v1-v1/230000/1405E2ED-34D5-DA44-83C8-51FF64CBFAE2.root
10-Jun-2024 15:38:28 CEST  Initiating request to open file root://eoscms.cern.ch//eos/cms/store/mc/RunIISummer20UL18MiniAODv2/QCD_Pt_1400to1800_TuneCP5_13TeV_pythia8/MINIAODSIM/106X_upgrade2018_realistic_v16_L1v1-v1/230000/93B37B99-F4F0-0240-85DB-3A4D5A6BA506.root
%MSG-w XrdAdaptorInternal:  file_open 10-Jun-2024 15:38:29 CEST PostProcessEvent
Failed to open file at URL root://eoscms.cern.ch:1094//eos/cms/store/mc/RunIISummer20UL18MiniAODv2/QCD_Pt_1400to1800_TuneCP5_13TeV_pythia8/MINIAODSIM/106X_upgrade2018_realistic_v16_L1v1-v1/230000/93B37B99-F4F0-0240-85DB-3A4D5A6BA506.root.
%MSG
%MSG-w XrdAdaptorInternal:  file_open 10-Jun-2024 15:38:29 CEST PostProcessEvent
Failed to open file at URL root://eoscms.cern.ch:1094//eos/cms/store/mc/RunIISummer20UL18MiniAODv2/QCD_Pt_1400to1800_TuneCP5_13TeV_pythia8/MINIAODSIM/106X_upgrade2018_realistic_v16_L1v1-v1/230000/93B37B99-F4F0-0240-85DB-3A4D5A6BA506.root?tried=.
%MSG
10-Jun-2024 15:38:29 CEST  Fallback request to file root://xrootd-cms.infn.it//store/mc/RunIISummer20UL18MiniAODv2/QCD_Pt_1400to1800_TuneCP5_13TeV_pythia8/MINIAODSIM/106X_upgrade2018_realistic_v16_L1v1-v1/230000/93B37B99-F4F0-0240-85DB-3A4D5A6BA506.root
%MSG-w XrdAdaptor:  file_open 10-Jun-2024 15:38:43 CEST PostProcessEvent
Data is served from T2_US_Wisconsin instead of original site T2_FR_GRIF_LLR
%MSG
10-Jun-2024 15:38:43 CEST  Successfully opened file root://xrootd-cms.infn.it//store/mc/RunIISummer20UL18MiniAODv2/QCD_Pt_1400to1800_TuneCP5_13TeV_pythia8/MINIAODSIM/106X_upgrade2018_realistic_v16_L1v1-v1/230000/93B37B99-F4F0-0240-85DB-3A4D5A6BA506.root
Begin processing the 500001st record. Run 1, Event 9164007, LumiSection 9165 on stream 0 at 10-Jun-2024 15:38:57.411 CEST
10-Jun-2024 15:38:58 CEST  Closed file root://xrootd-cms.infn.it//store/mc/RunIISummer20UL18MiniAODv2/QCD_Pt_1400to1800_TuneCP5_13TeV_pythia8/MINIAODSIM/106X_upgrade2018_realistic_v16_L1v1-v1/230000/93B37B99-F4F0-0240-85DB-3A4D5A6BA506.root
10-Jun-2024 15:38:58 CEST  Initiating request to open file root://eoscms.cern.ch//eos/cms/store/mc/RunIISummer20UL18MiniAODv2/QCD_Pt_1400to1800_TuneCP5_13TeV_pythia8/MINIAODSIM/106X_upgrade2018_realistic_v16_L1v1-v1/230000/91976585-48C5-4D4D-9CD2-DD74B80317D9.root
%MSG-w XrdAdaptorInternal:  file_open 10-Jun-2024 15:38:59 CEST PostProcessEvent
Failed to open file at URL root://eoscms.cern.ch:1094//eos/cms/store/mc/RunIISummer20UL18MiniAODv2/QCD_Pt_1400to1800_TuneCP5_13TeV_pythia8/MINIAODSIM/106X_upgrade2018_realistic_v16_L1v1-v1/230000/91976585-48C5-4D4D-9CD2-DD74B80317D9.root.
%MSG
%MSG-w XrdAdaptorInternal:  file_open 10-Jun-2024 15:38:59 CEST PostProcessEvent
Failed to open file at URL root://eoscms.cern.ch:1094//eos/cms/store/mc/RunIISummer20UL18MiniAODv2/QCD_Pt_1400to1800_TuneCP5_13TeV_pythia8/MINIAODSIM/106X_upgrade2018_realistic_v16_L1v1-v1/230000/91976585-48C5-4D4D-9CD2-DD74B80317D9.root?tried=.
%MSG
10-Jun-2024 15:38:59 CEST  Fallback request to file root://xrootd-cms.infn.it//store/mc/RunIISummer20UL18MiniAODv2/QCD_Pt_1400to1800_TuneCP5_13TeV_pythia8/MINIAODSIM/106X_upgrade2018_realistic_v16_L1v1-v1/230000/91976585-48C5-4D4D-9CD2-DD74B80317D9.root
%MSG-w XrdAdaptor:  file_open 10-Jun-2024 15:39:13 CEST PostProcessEvent
Data is served from T2_US_Wisconsin instead of original site T2_FR_GRIF_LLR
%MSG
10-Jun-2024 15:39:14 CEST  Successfully opened file root://xrootd-cms.infn.it//store/mc/RunIISummer20UL18MiniAODv2/QCD_Pt_1400to1800_TuneCP5_13TeV_pythia8/MINIAODSIM/106X_upgrade2018_realistic_v16_L1v1-v1/230000/91976585-48C5-4D4D-9CD2-DD74B80317D9.root
10-Jun-2024 15:39:27 CEST  Closed file root://xrootd-cms.infn.it//store/mc/RunIISummer20UL18MiniAODv2/QCD_Pt_1400to1800_TuneCP5_13TeV_pythia8/MINIAODSIM/106X_upgrade2018_realistic_v16_L1v1-v1/230000/91976585-48C5-4D4D-9CD2-DD74B80317D9.root
10-Jun-2024 15:39:27 CEST  Initiating request to open file root://eoscms.cern.ch//eos/cms/store/mc/RunIISummer20UL18MiniAODv2/QCD_Pt_1400to1800_TuneCP5_13TeV_pythia8/MINIAODSIM/106X_upgrade2018_realistic_v16_L1v1-v1/230000/7B9501F8-BCD5-5F42-B977-30E46153A8D9.root
%MSG-w XrdAdaptorInternal:  file_open 10-Jun-2024 15:39:28 CEST PostProcessEvent
Failed to open file at URL root://eoscms.cern.ch:1094//eos/cms/store/mc/RunIISummer20UL18MiniAODv2/QCD_Pt_1400to1800_TuneCP5_13TeV_pythia8/MINIAODSIM/106X_upgrade2018_realistic_v16_L1v1-v1/230000/7B9501F8-BCD5-5F42-B977-30E46153A8D9.root.
%MSG
%MSG-w XrdAdaptorInternal:  file_open 10-Jun-2024 15:39:28 CEST PostProcessEvent
Failed to open file at URL root://eoscms.cern.ch:1094//eos/cms/store/mc/RunIISummer20UL18MiniAODv2/QCD_Pt_1400to1800_TuneCP5_13TeV_pythia8/MINIAODSIM/106X_upgrade2018_realistic_v16_L1v1-v1/230000/7B9501F8-BCD5-5F42-B977-30E46153A8D9.root?tried=.
%MSG
10-Jun-2024 15:39:28 CEST  Fallback request to file root://xrootd-cms.infn.it//store/mc/RunIISummer20UL18MiniAODv2/QCD_Pt_1400to1800_TuneCP5_13TeV_pythia8/MINIAODSIM/106X_upgrade2018_realistic_v16_L1v1-v1/230000/7B9501F8-BCD5-5F42-B977-30E46153A8D9.root
%MSG-w XrdAdaptor:  file_open 10-Jun-2024 15:39:42 CEST PostProcessEvent
Data is served from T2_US_Wisconsin instead of original site T2_FR_GRIF_LLR
%MSG
10-Jun-2024 15:39:42 CEST  Successfully opened file root://xrootd-cms.infn.it//store/mc/RunIISummer20UL18MiniAODv2/QCD_Pt_1400to1800_TuneCP5_13TeV_pythia8/MINIAODSIM/106X_upgrade2018_realistic_v16_L1v1-v1/230000/7B9501F8-BCD5-5F42-B977-30E46153A8D9.root
Begin processing the 600001st record. Run 1, Event 540006, LumiSection 541 on stream 0 at 10-Jun-2024 15:39:55.159 CEST
10-Jun-2024 15:39:56 CEST  Closed file root://xrootd-cms.infn.it//store/mc/RunIISummer20UL18MiniAODv2/QCD_Pt_1400to1800_TuneCP5_13TeV_pythia8/MINIAODSIM/106X_upgrade2018_realistic_v16_L1v1-v1/230000/7B9501F8-BCD5-5F42-B977-30E46153A8D9.root
10-Jun-2024 15:39:56 CEST  Initiating request to open file root://eoscms.cern.ch//eos/cms/store/mc/RunIISummer20UL18MiniAODv2/QCD_Pt_1400to1800_TuneCP5_13TeV_pythia8/MINIAODSIM/106X_upgrade2018_realistic_v16_L1v1-v1/230000/B4C6CB20-2006-9243-9242-51D7E3AC16BD.root
%MSG-w XrdAdaptorInternal:  file_open 10-Jun-2024 15:39:57 CEST PostProcessEvent
Failed to open file at URL root://eoscms.cern.ch:1094//eos/cms/store/mc/RunIISummer20UL18MiniAODv2/QCD_Pt_1400to1800_TuneCP5_13TeV_pythia8/MINIAODSIM/106X_upgrade2018_realistic_v16_L1v1-v1/230000/B4C6CB20-2006-9243-9242-51D7E3AC16BD.root.
%MSG
%MSG-w XrdAdaptorInternal:  file_open 10-Jun-2024 15:39:57 CEST PostProcessEvent
Failed to open file at URL root://eoscms.cern.ch:1094//eos/cms/store/mc/RunIISummer20UL18MiniAODv2/QCD_Pt_1400to1800_TuneCP5_13TeV_pythia8/MINIAODSIM/106X_upgrade2018_realistic_v16_L1v1-v1/230000/B4C6CB20-2006-9243-9242-51D7E3AC16BD.root?tried=.
%MSG
10-Jun-2024 15:39:57 CEST  Fallback request to file root://xrootd-cms.infn.it//store/mc/RunIISummer20UL18MiniAODv2/QCD_Pt_1400to1800_TuneCP5_13TeV_pythia8/MINIAODSIM/106X_upgrade2018_realistic_v16_L1v1-v1/230000/B4C6CB20-2006-9243-9242-51D7E3AC16BD.root
%MSG-w XrdAdaptor:  file_open 10-Jun-2024 15:40:10 CEST PostProcessEvent
Data is served from T2_US_Wisconsin instead of original site T2_FR_GRIF_LLR
%MSG
10-Jun-2024 15:40:11 CEST  Successfully opened file root://xrootd-cms.infn.it//store/mc/RunIISummer20UL18MiniAODv2/QCD_Pt_1400to1800_TuneCP5_13TeV_pythia8/MINIAODSIM/106X_upgrade2018_realistic_v16_L1v1-v1/230000/B4C6CB20-2006-9243-9242-51D7E3AC16BD.root
10-Jun-2024 15:40:24 CEST  Closed file root://xrootd-cms.infn.it//store/mc/RunIISummer20UL18MiniAODv2/QCD_Pt_1400to1800_TuneCP5_13TeV_pythia8/MINIAODSIM/106X_upgrade2018_realistic_v16_L1v1-v1/230000/B4C6CB20-2006-9243-9242-51D7E3AC16BD.root
10-Jun-2024 15:40:24 CEST  Initiating request to open file root://eoscms.cern.ch//eos/cms/store/mc/RunIISummer20UL18MiniAODv2/QCD_Pt_1400to1800_TuneCP5_13TeV_pythia8/MINIAODSIM/106X_upgrade2018_realistic_v16_L1v1-v1/230000/9845860C-1329-124F-8027-A118ECB5F607.root
%MSG-w XrdAdaptorInternal:  file_open 10-Jun-2024 15:40:25 CEST PostProcessEvent
Failed to open file at URL root://eoscms.cern.ch:1094//eos/cms/store/mc/RunIISummer20UL18MiniAODv2/QCD_Pt_1400to1800_TuneCP5_13TeV_pythia8/MINIAODSIM/106X_upgrade2018_realistic_v16_L1v1-v1/230000/9845860C-1329-124F-8027-A118ECB5F607.root.
%MSG
%MSG-w XrdAdaptorInternal:  file_open 10-Jun-2024 15:40:25 CEST PostProcessEvent
Failed to open file at URL root://eoscms.cern.ch:1094//eos/cms/store/mc/RunIISummer20UL18MiniAODv2/QCD_Pt_1400to1800_TuneCP5_13TeV_pythia8/MINIAODSIM/106X_upgrade2018_realistic_v16_L1v1-v1/230000/9845860C-1329-124F-8027-A118ECB5F607.root?tried=.
%MSG
10-Jun-2024 15:40:25 CEST  Fallback request to file root://xrootd-cms.infn.it//store/mc/RunIISummer20UL18MiniAODv2/QCD_Pt_1400to1800_TuneCP5_13TeV_pythia8/MINIAODSIM/106X_upgrade2018_realistic_v16_L1v1-v1/230000/9845860C-1329-124F-8027-A118ECB5F607.root
%MSG-w XrdAdaptor:  file_open 10-Jun-2024 15:40:39 CEST PostProcessEvent
Data is served from T2_US_Wisconsin instead of original site T2_FR_GRIF_LLR
%MSG
10-Jun-2024 15:40:40 CEST  Successfully opened file root://xrootd-cms.infn.it//store/mc/RunIISummer20UL18MiniAODv2/QCD_Pt_1400to1800_TuneCP5_13TeV_pythia8/MINIAODSIM/106X_upgrade2018_realistic_v16_L1v1-v1/230000/9845860C-1329-124F-8027-A118ECB5F607.root
Begin processing the 700001st record. Run 1, Event 3907008, LumiSection 3908 on stream 0 at 10-Jun-2024 15:40:53.522 CEST
10-Jun-2024 15:40:54 CEST  Closed file root://xrootd-cms.infn.it//store/mc/RunIISummer20UL18MiniAODv2/QCD_Pt_1400to1800_TuneCP5_13TeV_pythia8/MINIAODSIM/106X_upgrade2018_realistic_v16_L1v1-v1/230000/9845860C-1329-124F-8027-A118ECB5F607.root
10-Jun-2024 15:40:54 CEST  Initiating request to open file root://eoscms.cern.ch//eos/cms/store/mc/RunIISummer20UL18MiniAODv2/QCD_Pt_1400to1800_TuneCP5_13TeV_pythia8/MINIAODSIM/106X_upgrade2018_realistic_v16_L1v1-v1/230000/C892EF74-CF31-F14D-B075-722F5665382C.root
%MSG-w XrdAdaptorInternal:  file_open 10-Jun-2024 15:40:55 CEST PostProcessEvent
Failed to open file at URL root://eoscms.cern.ch:1094//eos/cms/store/mc/RunIISummer20UL18MiniAODv2/QCD_Pt_1400to1800_TuneCP5_13TeV_pythia8/MINIAODSIM/106X_upgrade2018_realistic_v16_L1v1-v1/230000/C892EF74-CF31-F14D-B075-722F5665382C.root.
%MSG
%MSG-w XrdAdaptorInternal:  file_open 10-Jun-2024 15:40:55 CEST PostProcessEvent
Failed to open file at URL root://eoscms.cern.ch:1094//eos/cms/store/mc/RunIISummer20UL18MiniAODv2/QCD_Pt_1400to1800_TuneCP5_13TeV_pythia8/MINIAODSIM/106X_upgrade2018_realistic_v16_L1v1-v1/230000/C892EF74-CF31-F14D-B075-722F5665382C.root?tried=.
%MSG
10-Jun-2024 15:40:55 CEST  Fallback request to file root://xrootd-cms.infn.it//store/mc/RunIISummer20UL18MiniAODv2/QCD_Pt_1400to1800_TuneCP5_13TeV_pythia8/MINIAODSIM/106X_upgrade2018_realistic_v16_L1v1-v1/230000/C892EF74-CF31-F14D-B075-722F5665382C.root
%MSG-w XrdAdaptor:  file_open 10-Jun-2024 15:41:09 CEST PostProcessEvent
Data is served from T2_US_Wisconsin instead of original site T2_FR_GRIF_LLR
%MSG
10-Jun-2024 15:41:10 CEST  Successfully opened file root://xrootd-cms.infn.it//store/mc/RunIISummer20UL18MiniAODv2/QCD_Pt_1400to1800_TuneCP5_13TeV_pythia8/MINIAODSIM/106X_upgrade2018_realistic_v16_L1v1-v1/230000/C892EF74-CF31-F14D-B075-722F5665382C.root
10-Jun-2024 15:41:19 CEST  Closed file root://xrootd-cms.infn.it//store/mc/RunIISummer20UL18MiniAODv2/QCD_Pt_1400to1800_TuneCP5_13TeV_pythia8/MINIAODSIM/106X_upgrade2018_realistic_v16_L1v1-v1/230000/C892EF74-CF31-F14D-B075-722F5665382C.root
10-Jun-2024 15:41:19 CEST  Initiating request to open file root://eoscms.cern.ch//eos/cms/store/mc/RunIISummer20UL18MiniAODv2/QCD_Pt_1400to1800_TuneCP5_13TeV_pythia8/MINIAODSIM/106X_upgrade2018_realistic_v16_L1v1-v1/230000/CF19A584-5824-0A42-AAB1-BB99F2F9AA9F.root
%MSG-w XrdAdaptorInternal:  file_open 10-Jun-2024 15:41:20 CEST PostProcessEvent
Failed to open file at URL root://eoscms.cern.ch:1094//eos/cms/store/mc/RunIISummer20UL18MiniAODv2/QCD_Pt_1400to1800_TuneCP5_13TeV_pythia8/MINIAODSIM/106X_upgrade2018_realistic_v16_L1v1-v1/230000/CF19A584-5824-0A42-AAB1-BB99F2F9AA9F.root.
%MSG
%MSG-w XrdAdaptorInternal:  file_open 10-Jun-2024 15:41:20 CEST PostProcessEvent
Failed to open file at URL root://eoscms.cern.ch:1094//eos/cms/store/mc/RunIISummer20UL18MiniAODv2/QCD_Pt_1400to1800_TuneCP5_13TeV_pythia8/MINIAODSIM/106X_upgrade2018_realistic_v16_L1v1-v1/230000/CF19A584-5824-0A42-AAB1-BB99F2F9AA9F.root?tried=.
%MSG
10-Jun-2024 15:41:20 CEST  Fallback request to file root://xrootd-cms.infn.it//store/mc/RunIISummer20UL18MiniAODv2/QCD_Pt_1400to1800_TuneCP5_13TeV_pythia8/MINIAODSIM/106X_upgrade2018_realistic_v16_L1v1-v1/230000/CF19A584-5824-0A42-AAB1-BB99F2F9AA9F.root
Unable to load sec.protocol plugin libXrdSecztn.so
%MSG-w XrdAdaptor:  file_open 10-Jun-2024 15:41:35 CEST PostProcessEvent
Data is served from T2_US_UCSD-ceph instead of original site T2_FR_GRIF_LLR
%MSG
10-Jun-2024 15:41:36 CEST  Successfully opened file root://xrootd-cms.infn.it//store/mc/RunIISummer20UL18MiniAODv2/QCD_Pt_1400to1800_TuneCP5_13TeV_pythia8/MINIAODSIM/106X_upgrade2018_realistic_v16_L1v1-v1/230000/CF19A584-5824-0A42-AAB1-BB99F2F9AA9F.root
Unable to load sec.protocol plugin libXrdSecztn.so
Begin processing the 800001st record. Run 1, Event 5723003, LumiSection 5724 on stream 0 at 10-Jun-2024 15:41:50.975 CEST
10-Jun-2024 15:41:52 CEST  Closed file root://xrootd-cms.infn.it//store/mc/RunIISummer20UL18MiniAODv2/QCD_Pt_1400to1800_TuneCP5_13TeV_pythia8/MINIAODSIM/106X_upgrade2018_realistic_v16_L1v1-v1/230000/CF19A584-5824-0A42-AAB1-BB99F2F9AA9F.root
10-Jun-2024 15:41:52 CEST  Initiating request to open file root://eoscms.cern.ch//eos/cms/store/mc/RunIISummer20UL18MiniAODv2/QCD_Pt_1400to1800_TuneCP5_13TeV_pythia8/MINIAODSIM/106X_upgrade2018_realistic_v16_L1v1-v1/230000/7611FAA1-9A0D-6D43-B5DF-DEBBD9874D9F.root
%MSG-w XrdAdaptorInternal:  file_open 10-Jun-2024 15:41:53 CEST PostProcessEvent
Failed to open file at URL root://eoscms.cern.ch:1094//eos/cms/store/mc/RunIISummer20UL18MiniAODv2/QCD_Pt_1400to1800_TuneCP5_13TeV_pythia8/MINIAODSIM/106X_upgrade2018_realistic_v16_L1v1-v1/230000/7611FAA1-9A0D-6D43-B5DF-DEBBD9874D9F.root.
%MSG
%MSG-w XrdAdaptorInternal:  file_open 10-Jun-2024 15:41:53 CEST PostProcessEvent
Failed to open file at URL root://eoscms.cern.ch:1094//eos/cms/store/mc/RunIISummer20UL18MiniAODv2/QCD_Pt_1400to1800_TuneCP5_13TeV_pythia8/MINIAODSIM/106X_upgrade2018_realistic_v16_L1v1-v1/230000/7611FAA1-9A0D-6D43-B5DF-DEBBD9874D9F.root?tried=.
%MSG
10-Jun-2024 15:41:53 CEST  Fallback request to file root://xrootd-cms.infn.it//store/mc/RunIISummer20UL18MiniAODv2/QCD_Pt_1400to1800_TuneCP5_13TeV_pythia8/MINIAODSIM/106X_upgrade2018_realistic_v16_L1v1-v1/230000/7611FAA1-9A0D-6D43-B5DF-DEBBD9874D9F.root
Unable to load sec.protocol plugin libXrdSecztn.so
%MSG-w XrdAdaptor:  file_open 10-Jun-2024 15:42:06 CEST PostProcessEvent
Data is served from T2_US_UCSD-ceph instead of original site T2_FR_GRIF_LLR
%MSG
10-Jun-2024 15:42:08 CEST  Successfully opened file root://xrootd-cms.infn.it//store/mc/RunIISummer20UL18MiniAODv2/QCD_Pt_1400to1800_TuneCP5_13TeV_pythia8/MINIAODSIM/106X_upgrade2018_realistic_v16_L1v1-v1/230000/7611FAA1-9A0D-6D43-B5DF-DEBBD9874D9F.root
Unable to load sec.protocol plugin libXrdSecztn.so
10-Jun-2024 15:42:24 CEST  Closed file root://xrootd-cms.infn.it//store/mc/RunIISummer20UL18MiniAODv2/QCD_Pt_1400to1800_TuneCP5_13TeV_pythia8/MINIAODSIM/106X_upgrade2018_realistic_v16_L1v1-v1/230000/7611FAA1-9A0D-6D43-B5DF-DEBBD9874D9F.root
10-Jun-2024 15:42:24 CEST  Initiating request to open file root://eoscms.cern.ch//eos/cms/store/mc/RunIISummer20UL18MiniAODv2/QCD_Pt_1400to1800_TuneCP5_13TeV_pythia8/MINIAODSIM/106X_upgrade2018_realistic_v16_L1v1-v1/230000/FC08161F-66AD-3248-9E3D-89D310645B10.root
%MSG-w XrdAdaptorInternal:  file_open 10-Jun-2024 15:42:25 CEST PostProcessEvent
Failed to open file at URL root://eoscms.cern.ch:1094//eos/cms/store/mc/RunIISummer20UL18MiniAODv2/QCD_Pt_1400to1800_TuneCP5_13TeV_pythia8/MINIAODSIM/106X_upgrade2018_realistic_v16_L1v1-v1/230000/FC08161F-66AD-3248-9E3D-89D310645B10.root.
%MSG
%MSG-w XrdAdaptorInternal:  file_open 10-Jun-2024 15:42:25 CEST PostProcessEvent
Failed to open file at URL root://eoscms.cern.ch:1094//eos/cms/store/mc/RunIISummer20UL18MiniAODv2/QCD_Pt_1400to1800_TuneCP5_13TeV_pythia8/MINIAODSIM/106X_upgrade2018_realistic_v16_L1v1-v1/230000/FC08161F-66AD-3248-9E3D-89D310645B10.root?tried=.
%MSG
10-Jun-2024 15:42:25 CEST  Fallback request to file root://xrootd-cms.infn.it//store/mc/RunIISummer20UL18MiniAODv2/QCD_Pt_1400to1800_TuneCP5_13TeV_pythia8/MINIAODSIM/106X_upgrade2018_realistic_v16_L1v1-v1/230000/FC08161F-66AD-3248-9E3D-89D310645B10.root
Unable to load sec.protocol plugin libXrdSecztn.so
%MSG-w XrdAdaptor:  file_open 10-Jun-2024 15:42:40 CEST PostProcessEvent
Data is served from T2_US_UCSD-ceph instead of original site T2_FR_GRIF_LLR
%MSG
10-Jun-2024 15:42:41 CEST  Successfully opened file root://xrootd-cms.infn.it//store/mc/RunIISummer20UL18MiniAODv2/QCD_Pt_1400to1800_TuneCP5_13TeV_pythia8/MINIAODSIM/106X_upgrade2018_realistic_v16_L1v1-v1/230000/FC08161F-66AD-3248-9E3D-89D310645B10.root
Unable to load sec.protocol plugin libXrdSecztn.so
Begin processing the 900001st record. Run 1, Event 3231011, LumiSection 3232 on stream 0 at 10-Jun-2024 15:42:56.830 CEST
10-Jun-2024 15:42:57 CEST  Closed file root://xrootd-cms.infn.it//store/mc/RunIISummer20UL18MiniAODv2/QCD_Pt_1400to1800_TuneCP5_13TeV_pythia8/MINIAODSIM/106X_upgrade2018_realistic_v16_L1v1-v1/230000/FC08161F-66AD-3248-9E3D-89D310645B10.root
10-Jun-2024 15:42:57 CEST  Initiating request to open file root://eoscms.cern.ch//eos/cms/store/mc/RunIISummer20UL18MiniAODv2/QCD_Pt_1400to1800_TuneCP5_13TeV_pythia8/MINIAODSIM/106X_upgrade2018_realistic_v16_L1v1-v1/230000/9576F6C0-5E64-E64A-ABED-0EF6E027B058.root
%MSG-w XrdAdaptorInternal:  file_open 10-Jun-2024 15:42:58 CEST PostProcessEvent
Failed to open file at URL root://eoscms.cern.ch:1094//eos/cms/store/mc/RunIISummer20UL18MiniAODv2/QCD_Pt_1400to1800_TuneCP5_13TeV_pythia8/MINIAODSIM/106X_upgrade2018_realistic_v16_L1v1-v1/230000/9576F6C0-5E64-E64A-ABED-0EF6E027B058.root.
%MSG
%MSG-w XrdAdaptorInternal:  file_open 10-Jun-2024 15:42:58 CEST PostProcessEvent
Failed to open file at URL root://eoscms.cern.ch:1094//eos/cms/store/mc/RunIISummer20UL18MiniAODv2/QCD_Pt_1400to1800_TuneCP5_13TeV_pythia8/MINIAODSIM/106X_upgrade2018_realistic_v16_L1v1-v1/230000/9576F6C0-5E64-E64A-ABED-0EF6E027B058.root?tried=.
%MSG
10-Jun-2024 15:42:58 CEST  Fallback request to file root://xrootd-cms.infn.it//store/mc/RunIISummer20UL18MiniAODv2/QCD_Pt_1400to1800_TuneCP5_13TeV_pythia8/MINIAODSIM/106X_upgrade2018_realistic_v16_L1v1-v1/230000/9576F6C0-5E64-E64A-ABED-0EF6E027B058.root
Unable to load sec.protocol plugin libXrdSecztn.so
%MSG-w XrdAdaptor:  file_open 10-Jun-2024 15:43:13 CEST PostProcessEvent
Data is served from T2_US_UCSD-ceph instead of original site T2_FR_GRIF_LLR
%MSG
10-Jun-2024 15:43:14 CEST  Successfully opened file root://xrootd-cms.infn.it//store/mc/RunIISummer20UL18MiniAODv2/QCD_Pt_1400to1800_TuneCP5_13TeV_pythia8/MINIAODSIM/106X_upgrade2018_realistic_v16_L1v1-v1/230000/9576F6C0-5E64-E64A-ABED-0EF6E027B058.root
10-Jun-2024 15:43:23 CEST  Closed file root://xrootd-cms.infn.it//store/mc/RunIISummer20UL18MiniAODv2/QCD_Pt_1400to1800_TuneCP5_13TeV_pythia8/MINIAODSIM/106X_upgrade2018_realistic_v16_L1v1-v1/230000/9576F6C0-5E64-E64A-ABED-0EF6E027B058.root
10-Jun-2024 15:43:23 CEST  Initiating request to open file root://eoscms.cern.ch//eos/cms/store/mc/RunIISummer20UL18MiniAODv2/QCD_Pt_1400to1800_TuneCP5_13TeV_pythia8/MINIAODSIM/106X_upgrade2018_realistic_v16_L1v1-v1/230000/E20AFE65-25B5-EE46-B959-D5AC4E3F3C88.root
%MSG-w XrdAdaptorInternal:  file_open 10-Jun-2024 15:43:24 CEST PostProcessEvent
Failed to open file at URL root://eoscms.cern.ch:1094//eos/cms/store/mc/RunIISummer20UL18MiniAODv2/QCD_Pt_1400to1800_TuneCP5_13TeV_pythia8/MINIAODSIM/106X_upgrade2018_realistic_v16_L1v1-v1/230000/E20AFE65-25B5-EE46-B959-D5AC4E3F3C88.root.
%MSG
%MSG-w XrdAdaptorInternal:  file_open 10-Jun-2024 15:43:24 CEST PostProcessEvent
Failed to open file at URL root://eoscms.cern.ch:1094//eos/cms/store/mc/RunIISummer20UL18MiniAODv2/QCD_Pt_1400to1800_TuneCP5_13TeV_pythia8/MINIAODSIM/106X_upgrade2018_realistic_v16_L1v1-v1/230000/E20AFE65-25B5-EE46-B959-D5AC4E3F3C88.root?tried=.
%MSG
10-Jun-2024 15:43:24 CEST  Fallback request to file root://xrootd-cms.infn.it//store/mc/RunIISummer20UL18MiniAODv2/QCD_Pt_1400to1800_TuneCP5_13TeV_pythia8/MINIAODSIM/106X_upgrade2018_realistic_v16_L1v1-v1/230000/E20AFE65-25B5-EE46-B959-D5AC4E3F3C88.root
%MSG-w XrdAdaptor:  file_open 10-Jun-2024 15:43:39 CEST PostProcessEvent
Data is served from T2_US_Caltech instead of original site T2_FR_GRIF_LLR
%MSG
10-Jun-2024 15:43:40 CEST  Successfully opened file root://xrootd-cms.infn.it//store/mc/RunIISummer20UL18MiniAODv2/QCD_Pt_1400to1800_TuneCP5_13TeV_pythia8/MINIAODSIM/106X_upgrade2018_realistic_v16_L1v1-v1/230000/E20AFE65-25B5-EE46-B959-D5AC4E3F3C88.root
10-Jun-2024 15:43:51 CEST  Closed file root://xrootd-cms.infn.it//store/mc/RunIISummer20UL18MiniAODv2/QCD_Pt_1400to1800_TuneCP5_13TeV_pythia8/MINIAODSIM/106X_upgrade2018_realistic_v16_L1v1-v1/230000/E20AFE65-25B5-EE46-B959-D5AC4E3F3C88.root
10-Jun-2024 15:43:51 CEST  Initiating request to open file root://eoscms.cern.ch//eos/cms/store/mc/RunIISummer20UL18MiniAODv2/QCD_Pt_1400to1800_TuneCP5_13TeV_pythia8/MINIAODSIM/106X_upgrade2018_realistic_v16_L1v1-v1/230000/41031278-ED60-CB49-8525-A1F797A47EB4.root
%MSG-w XrdAdaptorInternal:  file_open 10-Jun-2024 15:43:52 CEST PostProcessEvent
Failed to open file at URL root://eoscms.cern.ch:1094//eos/cms/store/mc/RunIISummer20UL18MiniAODv2/QCD_Pt_1400to1800_TuneCP5_13TeV_pythia8/MINIAODSIM/106X_upgrade2018_realistic_v16_L1v1-v1/230000/41031278-ED60-CB49-8525-A1F797A47EB4.root.
%MSG
%MSG-w XrdAdaptorInternal:  file_open 10-Jun-2024 15:43:52 CEST PostProcessEvent
Failed to open file at URL root://eoscms.cern.ch:1094//eos/cms/store/mc/RunIISummer20UL18MiniAODv2/QCD_Pt_1400to1800_TuneCP5_13TeV_pythia8/MINIAODSIM/106X_upgrade2018_realistic_v16_L1v1-v1/230000/41031278-ED60-CB49-8525-A1F797A47EB4.root?tried=.
%MSG
10-Jun-2024 15:43:52 CEST  Fallback request to file root://xrootd-cms.infn.it//store/mc/RunIISummer20UL18MiniAODv2/QCD_Pt_1400to1800_TuneCP5_13TeV_pythia8/MINIAODSIM/106X_upgrade2018_realistic_v16_L1v1-v1/230000/41031278-ED60-CB49-8525-A1F797A47EB4.root
%MSG-w XrdAdaptor:  file_open 10-Jun-2024 15:44:06 CEST PostProcessEvent
Data is served from T2_US_MIT instead of original site T2_FR_GRIF_LLR
%MSG
10-Jun-2024 15:44:07 CEST  Successfully opened file root://xrootd-cms.infn.it//store/mc/RunIISummer20UL18MiniAODv2/QCD_Pt_1400to1800_TuneCP5_13TeV_pythia8/MINIAODSIM/106X_upgrade2018_realistic_v16_L1v1-v1/230000/41031278-ED60-CB49-8525-A1F797A47EB4.root
10-Jun-2024 15:44:11 CEST  Closed file root://xrootd-cms.infn.it//store/mc/RunIISummer20UL18MiniAODv2/QCD_Pt_1400to1800_TuneCP5_13TeV_pythia8/MINIAODSIM/106X_upgrade2018_realistic_v16_L1v1-v1/230000/41031278-ED60-CB49-8525-A1F797A47EB4.root
10-Jun-2024 15:44:11 CEST  Initiating request to open file root://eoscms.cern.ch//eos/cms/store/mc/RunIISummer20UL18MiniAODv2/QCD_Pt_1400to1800_TuneCP5_13TeV_pythia8/MINIAODSIM/106X_upgrade2018_realistic_v16_L1v1-v1/230000/B8AF53D7-3893-884A-902E-6133100444F7.root
%MSG-w XrdAdaptorInternal:  file_open 10-Jun-2024 15:44:12 CEST PostProcessEvent
Failed to open file at URL root://eoscms.cern.ch:1094//eos/cms/store/mc/RunIISummer20UL18MiniAODv2/QCD_Pt_1400to1800_TuneCP5_13TeV_pythia8/MINIAODSIM/106X_upgrade2018_realistic_v16_L1v1-v1/230000/B8AF53D7-3893-884A-902E-6133100444F7.root.
%MSG
%MSG-w XrdAdaptorInternal:  file_open 10-Jun-2024 15:44:12 CEST PostProcessEvent
Failed to open file at URL root://eoscms.cern.ch:1094//eos/cms/store/mc/RunIISummer20UL18MiniAODv2/QCD_Pt_1400to1800_TuneCP5_13TeV_pythia8/MINIAODSIM/106X_upgrade2018_realistic_v16_L1v1-v1/230000/B8AF53D7-3893-884A-902E-6133100444F7.root?tried=.
%MSG
10-Jun-2024 15:44:12 CEST  Fallback request to file root://xrootd-cms.infn.it//store/mc/RunIISummer20UL18MiniAODv2/QCD_Pt_1400to1800_TuneCP5_13TeV_pythia8/MINIAODSIM/106X_upgrade2018_realistic_v16_L1v1-v1/230000/B8AF53D7-3893-884A-902E-6133100444F7.root
Unable to load sec.protocol plugin libXrdSecztn.so
%MSG-w XrdAdaptor:  file_open 10-Jun-2024 15:44:26 CEST PostProcessEvent
Data is served from fnal.gov instead of original site T2_FR_GRIF_LLR
%MSG
10-Jun-2024 15:44:27 CEST  Successfully opened file root://xrootd-cms.infn.it//store/mc/RunIISummer20UL18MiniAODv2/QCD_Pt_1400to1800_TuneCP5_13TeV_pythia8/MINIAODSIM/106X_upgrade2018_realistic_v16_L1v1-v1/230000/B8AF53D7-3893-884A-902E-6133100444F7.root
Unable to load sec.protocol plugin libXrdSecztn.so
10-Jun-2024 15:44:34 CEST  Closed file root://xrootd-cms.infn.it//store/mc/RunIISummer20UL18MiniAODv2/QCD_Pt_1400to1800_TuneCP5_13TeV_pythia8/MINIAODSIM/106X_upgrade2018_realistic_v16_L1v1-v1/230000/B8AF53D7-3893-884A-902E-6133100444F7.root

------------------------------------
GenXsecAnalyzer:
------------------------------------
Before Filter: total cross section = 6.483e-01 +- 3.101e-04 pb
Filter efficiency (taking into account weights)= (1e+06) / (1e+06) = 1.000e+00 +- 0.000e+00
Filter efficiency (event-level)= (1e+06) / (1e+06) = 1.000e+00 +- 0.000e+00    [TO BE USED IN MCM]

After filter: final cross section = 6.483e-01 +- 3.101e-04 pb
After filter: final fraction of events with negative weights = 0.000e+00 +- 0.000e+00
After filter: final equivalent lumi for 1M events (1/fb) = 1.542e+03 +- 1.710e+00

=============================================

MessageLogger Summary

 type     category        sev    module        subroutine        count    total
 ---- -------------------- -- ---------------- ----------------  -----    -----
    1 GenXSecAnalyzer      -w GenXSecAnalyzer:                       7        7
    2 XrdAdaptor           -w file_open                             23       23
    3 XrdAdaptorInternal   -w file_open                             46       46
    4 fileAction           -s file_close                            23       23
    5 fileAction           -s file_open                             69       69

 type    category    Examples: run/evt        run/evt          run/evt
 ---- -------------------- ---------------- ---------------- ----------------
    1 GenXSecAnalyzer      PostGlobalEndRun PostGlobalEndRun PostGlobalEndRun
    2 XrdAdaptor           pre-events       PostProcessEvent PostProcessEvent
    3 XrdAdaptorInternal   pre-events       pre-events       PostProcessEvent
    4 fileAction           PostProcessEvent PostProcessEvent PostGlobalEndRun
    5 fileAction           pre-events       pre-events       PostProcessEvent

Severity    # Occurrences   Total Occurrences
--------    -------------   -----------------
Warning                76                  76
System                 92                  92

dropped waiting message count 0
