10-Jun-2024 14:36:08 CEST  Initiating request to open file root://eoscms.cern.ch//eos/cms/store/mc/RunIISummer20UL18MiniAODv2/QCD_Pt_170to300_TuneCP5_13TeV_pythia8/MINIAODSIM/106X_upgrade2018_realistic_v16_L1v1-v1/240000/95D2AD84-CF05-9C46-8593-D77508336DC9.root
%MSG-w XrdAdaptorInternal:  file_open 10-Jun-2024 14:36:09 CEST pre-events
Failed to open file at URL root://eoscms.cern.ch:1094//eos/cms/store/mc/RunIISummer20UL18MiniAODv2/QCD_Pt_170to300_TuneCP5_13TeV_pythia8/MINIAODSIM/106X_upgrade2018_realistic_v16_L1v1-v1/240000/95D2AD84-CF05-9C46-8593-D77508336DC9.root.
%MSG
%MSG-w XrdAdaptorInternal:  file_open 10-Jun-2024 14:36:09 CEST pre-events
Failed to open file at URL root://eoscms.cern.ch:1094//eos/cms/store/mc/RunIISummer20UL18MiniAODv2/QCD_Pt_170to300_TuneCP5_13TeV_pythia8/MINIAODSIM/106X_upgrade2018_realistic_v16_L1v1-v1/240000/95D2AD84-CF05-9C46-8593-D77508336DC9.root?tried=.
%MSG
10-Jun-2024 14:36:09 CEST  Fallback request to file root://xrootd-cms.infn.it//store/mc/RunIISummer20UL18MiniAODv2/QCD_Pt_170to300_TuneCP5_13TeV_pythia8/MINIAODSIM/106X_upgrade2018_realistic_v16_L1v1-v1/240000/95D2AD84-CF05-9C46-8593-D77508336DC9.root
%MSG-w XrdAdaptor:  file_open 10-Jun-2024 14:36:25 CEST pre-events
Data is served from T2_US_Caltech instead of original site infn.it
%MSG
10-Jun-2024 14:36:32 CEST  Successfully opened file root://xrootd-cms.infn.it//store/mc/RunIISummer20UL18MiniAODv2/QCD_Pt_170to300_TuneCP5_13TeV_pythia8/MINIAODSIM/106X_upgrade2018_realistic_v16_L1v1-v1/240000/95D2AD84-CF05-9C46-8593-D77508336DC9.root
Begin processing the 1st record. Run 1, Event 7035014, LumiSection 7036 on stream 0 at 10-Jun-2024 14:36:47.370 CEST
10-Jun-2024 14:36:50 CEST  Closed file root://xrootd-cms.infn.it//store/mc/RunIISummer20UL18MiniAODv2/QCD_Pt_170to300_TuneCP5_13TeV_pythia8/MINIAODSIM/106X_upgrade2018_realistic_v16_L1v1-v1/240000/95D2AD84-CF05-9C46-8593-D77508336DC9.root
10-Jun-2024 14:36:50 CEST  Initiating request to open file root://eoscms.cern.ch//eos/cms/store/mc/RunIISummer20UL18MiniAODv2/QCD_Pt_170to300_TuneCP5_13TeV_pythia8/MINIAODSIM/106X_upgrade2018_realistic_v16_L1v1-v1/30000/944775E9-599D-EC46-86A0-EA09AF349F0C.root
%MSG-w XrdAdaptorInternal:  file_open 10-Jun-2024 14:36:51 CEST PostProcessEvent
Failed to open file at URL root://eoscms.cern.ch:1094//eos/cms/store/mc/RunIISummer20UL18MiniAODv2/QCD_Pt_170to300_TuneCP5_13TeV_pythia8/MINIAODSIM/106X_upgrade2018_realistic_v16_L1v1-v1/30000/944775E9-599D-EC46-86A0-EA09AF349F0C.root.
%MSG
%MSG-w XrdAdaptorInternal:  file_open 10-Jun-2024 14:36:51 CEST PostProcessEvent
Failed to open file at URL root://eoscms.cern.ch:1094//eos/cms/store/mc/RunIISummer20UL18MiniAODv2/QCD_Pt_170to300_TuneCP5_13TeV_pythia8/MINIAODSIM/106X_upgrade2018_realistic_v16_L1v1-v1/30000/944775E9-599D-EC46-86A0-EA09AF349F0C.root?tried=.
%MSG
10-Jun-2024 14:36:51 CEST  Fallback request to file root://xrootd-cms.infn.it//store/mc/RunIISummer20UL18MiniAODv2/QCD_Pt_170to300_TuneCP5_13TeV_pythia8/MINIAODSIM/106X_upgrade2018_realistic_v16_L1v1-v1/30000/944775E9-599D-EC46-86A0-EA09AF349F0C.root
%MSG-w XrdAdaptor:  file_open 10-Jun-2024 14:37:07 CEST PostProcessEvent
Data is served from T2_US_Wisconsin instead of original site infn.it
%MSG
10-Jun-2024 14:37:08 CEST  Successfully opened file root://xrootd-cms.infn.it//store/mc/RunIISummer20UL18MiniAODv2/QCD_Pt_170to300_TuneCP5_13TeV_pythia8/MINIAODSIM/106X_upgrade2018_realistic_v16_L1v1-v1/30000/944775E9-599D-EC46-86A0-EA09AF349F0C.root
[2024-06-10 14:37:14.603844 +0200][Error  ][AsyncSock         ] [g34n06.hep.wisc.edu:1094 #0.0] Unable to connect: No route to host
[2024-06-10 14:37:14.604101 +0200][Error  ][PostMaster        ] [g34n06.hep.wisc.edu:1094 #0] elapsed = 2, pConnectionWindow = 31 seconds.
10-Jun-2024 14:37:20 CEST  Closed file root://xrootd-cms.infn.it//store/mc/RunIISummer20UL18MiniAODv2/QCD_Pt_170to300_TuneCP5_13TeV_pythia8/MINIAODSIM/106X_upgrade2018_realistic_v16_L1v1-v1/30000/944775E9-599D-EC46-86A0-EA09AF349F0C.root
10-Jun-2024 14:37:20 CEST  Initiating request to open file root://eoscms.cern.ch//eos/cms/store/mc/RunIISummer20UL18MiniAODv2/QCD_Pt_170to300_TuneCP5_13TeV_pythia8/MINIAODSIM/106X_upgrade2018_realistic_v16_L1v1-v1/30000/B36564B5-7A08-2547-83B9-84442EA6A538.root
%MSG-w XrdAdaptorInternal:  file_open 10-Jun-2024 14:37:21 CEST PostProcessEvent
Failed to open file at URL root://eoscms.cern.ch:1094//eos/cms/store/mc/RunIISummer20UL18MiniAODv2/QCD_Pt_170to300_TuneCP5_13TeV_pythia8/MINIAODSIM/106X_upgrade2018_realistic_v16_L1v1-v1/30000/B36564B5-7A08-2547-83B9-84442EA6A538.root.
%MSG
%MSG-w XrdAdaptorInternal:  file_open 10-Jun-2024 14:37:21 CEST PostProcessEvent
Failed to open file at URL root://eoscms.cern.ch:1094//eos/cms/store/mc/RunIISummer20UL18MiniAODv2/QCD_Pt_170to300_TuneCP5_13TeV_pythia8/MINIAODSIM/106X_upgrade2018_realistic_v16_L1v1-v1/30000/B36564B5-7A08-2547-83B9-84442EA6A538.root?tried=.
%MSG
10-Jun-2024 14:37:21 CEST  Fallback request to file root://xrootd-cms.infn.it//store/mc/RunIISummer20UL18MiniAODv2/QCD_Pt_170to300_TuneCP5_13TeV_pythia8/MINIAODSIM/106X_upgrade2018_realistic_v16_L1v1-v1/30000/B36564B5-7A08-2547-83B9-84442EA6A538.root
%MSG-w XrdAdaptor:  file_open 10-Jun-2024 14:37:35 CEST PostProcessEvent
Data is served from T2_US_Wisconsin instead of original site infn.it
%MSG
10-Jun-2024 14:37:36 CEST  Successfully opened file root://xrootd-cms.infn.it//store/mc/RunIISummer20UL18MiniAODv2/QCD_Pt_170to300_TuneCP5_13TeV_pythia8/MINIAODSIM/106X_upgrade2018_realistic_v16_L1v1-v1/30000/B36564B5-7A08-2547-83B9-84442EA6A538.root
Begin processing the 100001st record. Run 1, Event 10252007, LumiSection 10253 on stream 0 at 10-Jun-2024 14:37:48.318 CEST
10-Jun-2024 14:37:50 CEST  Closed file root://xrootd-cms.infn.it//store/mc/RunIISummer20UL18MiniAODv2/QCD_Pt_170to300_TuneCP5_13TeV_pythia8/MINIAODSIM/106X_upgrade2018_realistic_v16_L1v1-v1/30000/B36564B5-7A08-2547-83B9-84442EA6A538.root
10-Jun-2024 14:37:50 CEST  Initiating request to open file root://eoscms.cern.ch//eos/cms/store/mc/RunIISummer20UL18MiniAODv2/QCD_Pt_170to300_TuneCP5_13TeV_pythia8/MINIAODSIM/106X_upgrade2018_realistic_v16_L1v1-v1/30000/80331DA3-FC0F-A84F-94A2-CF61A2377BDC.root
%MSG-w XrdAdaptorInternal:  file_open 10-Jun-2024 14:37:51 CEST PostProcessEvent
Failed to open file at URL root://eoscms.cern.ch:1094//eos/cms/store/mc/RunIISummer20UL18MiniAODv2/QCD_Pt_170to300_TuneCP5_13TeV_pythia8/MINIAODSIM/106X_upgrade2018_realistic_v16_L1v1-v1/30000/80331DA3-FC0F-A84F-94A2-CF61A2377BDC.root.
%MSG
%MSG-w XrdAdaptorInternal:  file_open 10-Jun-2024 14:37:51 CEST PostProcessEvent
Failed to open file at URL root://eoscms.cern.ch:1094//eos/cms/store/mc/RunIISummer20UL18MiniAODv2/QCD_Pt_170to300_TuneCP5_13TeV_pythia8/MINIAODSIM/106X_upgrade2018_realistic_v16_L1v1-v1/30000/80331DA3-FC0F-A84F-94A2-CF61A2377BDC.root?tried=.
%MSG
10-Jun-2024 14:37:51 CEST  Fallback request to file root://xrootd-cms.infn.it//store/mc/RunIISummer20UL18MiniAODv2/QCD_Pt_170to300_TuneCP5_13TeV_pythia8/MINIAODSIM/106X_upgrade2018_realistic_v16_L1v1-v1/30000/80331DA3-FC0F-A84F-94A2-CF61A2377BDC.root
%MSG-w XrdAdaptor:  file_open 10-Jun-2024 14:38:05 CEST PostProcessEvent
Data is served from T2_US_Wisconsin instead of original site infn.it
%MSG
10-Jun-2024 14:38:06 CEST  Successfully opened file root://xrootd-cms.infn.it//store/mc/RunIISummer20UL18MiniAODv2/QCD_Pt_170to300_TuneCP5_13TeV_pythia8/MINIAODSIM/106X_upgrade2018_realistic_v16_L1v1-v1/30000/80331DA3-FC0F-A84F-94A2-CF61A2377BDC.root
10-Jun-2024 14:38:19 CEST  Closed file root://xrootd-cms.infn.it//store/mc/RunIISummer20UL18MiniAODv2/QCD_Pt_170to300_TuneCP5_13TeV_pythia8/MINIAODSIM/106X_upgrade2018_realistic_v16_L1v1-v1/30000/80331DA3-FC0F-A84F-94A2-CF61A2377BDC.root
10-Jun-2024 14:38:19 CEST  Initiating request to open file root://eoscms.cern.ch//eos/cms/store/mc/RunIISummer20UL18MiniAODv2/QCD_Pt_170to300_TuneCP5_13TeV_pythia8/MINIAODSIM/106X_upgrade2018_realistic_v16_L1v1-v1/30000/DCC5160B-2D96-F34C-AAD2-98F682DDB95A.root
%MSG-w XrdAdaptorInternal:  file_open 10-Jun-2024 14:38:20 CEST PostProcessEvent
Failed to open file at URL root://eoscms.cern.ch:1094//eos/cms/store/mc/RunIISummer20UL18MiniAODv2/QCD_Pt_170to300_TuneCP5_13TeV_pythia8/MINIAODSIM/106X_upgrade2018_realistic_v16_L1v1-v1/30000/DCC5160B-2D96-F34C-AAD2-98F682DDB95A.root.
%MSG
%MSG-w XrdAdaptorInternal:  file_open 10-Jun-2024 14:38:20 CEST PostProcessEvent
Failed to open file at URL root://eoscms.cern.ch:1094//eos/cms/store/mc/RunIISummer20UL18MiniAODv2/QCD_Pt_170to300_TuneCP5_13TeV_pythia8/MINIAODSIM/106X_upgrade2018_realistic_v16_L1v1-v1/30000/DCC5160B-2D96-F34C-AAD2-98F682DDB95A.root?tried=.
%MSG
10-Jun-2024 14:38:20 CEST  Fallback request to file root://xrootd-cms.infn.it//store/mc/RunIISummer20UL18MiniAODv2/QCD_Pt_170to300_TuneCP5_13TeV_pythia8/MINIAODSIM/106X_upgrade2018_realistic_v16_L1v1-v1/30000/DCC5160B-2D96-F34C-AAD2-98F682DDB95A.root
%MSG-w XrdAdaptor:  file_open 10-Jun-2024 14:38:34 CEST PostProcessEvent
Data is served from T2_US_Wisconsin instead of original site infn.it
%MSG
10-Jun-2024 14:38:35 CEST  Successfully opened file root://xrootd-cms.infn.it//store/mc/RunIISummer20UL18MiniAODv2/QCD_Pt_170to300_TuneCP5_13TeV_pythia8/MINIAODSIM/106X_upgrade2018_realistic_v16_L1v1-v1/30000/DCC5160B-2D96-F34C-AAD2-98F682DDB95A.root
Begin processing the 200001st record. Run 1, Event 1706008, LumiSection 1707 on stream 0 at 10-Jun-2024 14:38:47.035 CEST
10-Jun-2024 14:38:49 CEST  Closed file root://xrootd-cms.infn.it//store/mc/RunIISummer20UL18MiniAODv2/QCD_Pt_170to300_TuneCP5_13TeV_pythia8/MINIAODSIM/106X_upgrade2018_realistic_v16_L1v1-v1/30000/DCC5160B-2D96-F34C-AAD2-98F682DDB95A.root
10-Jun-2024 14:38:49 CEST  Initiating request to open file root://eoscms.cern.ch//eos/cms/store/mc/RunIISummer20UL18MiniAODv2/QCD_Pt_170to300_TuneCP5_13TeV_pythia8/MINIAODSIM/106X_upgrade2018_realistic_v16_L1v1-v1/30000/537334D3-C897-1041-B899-EDBEE4B2E593.root
%MSG-w XrdAdaptorInternal:  file_open 10-Jun-2024 14:38:50 CEST PostProcessEvent
Failed to open file at URL root://eoscms.cern.ch:1094//eos/cms/store/mc/RunIISummer20UL18MiniAODv2/QCD_Pt_170to300_TuneCP5_13TeV_pythia8/MINIAODSIM/106X_upgrade2018_realistic_v16_L1v1-v1/30000/537334D3-C897-1041-B899-EDBEE4B2E593.root.
%MSG
%MSG-w XrdAdaptorInternal:  file_open 10-Jun-2024 14:38:50 CEST PostProcessEvent
Failed to open file at URL root://eoscms.cern.ch:1094//eos/cms/store/mc/RunIISummer20UL18MiniAODv2/QCD_Pt_170to300_TuneCP5_13TeV_pythia8/MINIAODSIM/106X_upgrade2018_realistic_v16_L1v1-v1/30000/537334D3-C897-1041-B899-EDBEE4B2E593.root?tried=.
%MSG
10-Jun-2024 14:38:50 CEST  Fallback request to file root://xrootd-cms.infn.it//store/mc/RunIISummer20UL18MiniAODv2/QCD_Pt_170to300_TuneCP5_13TeV_pythia8/MINIAODSIM/106X_upgrade2018_realistic_v16_L1v1-v1/30000/537334D3-C897-1041-B899-EDBEE4B2E593.root
%MSG-w XrdAdaptor:  file_open 10-Jun-2024 14:39:03 CEST PostProcessEvent
Data is served from T2_US_Wisconsin instead of original site infn.it
%MSG
10-Jun-2024 14:39:04 CEST  Successfully opened file root://xrootd-cms.infn.it//store/mc/RunIISummer20UL18MiniAODv2/QCD_Pt_170to300_TuneCP5_13TeV_pythia8/MINIAODSIM/106X_upgrade2018_realistic_v16_L1v1-v1/30000/537334D3-C897-1041-B899-EDBEE4B2E593.root
10-Jun-2024 14:39:16 CEST  Closed file root://xrootd-cms.infn.it//store/mc/RunIISummer20UL18MiniAODv2/QCD_Pt_170to300_TuneCP5_13TeV_pythia8/MINIAODSIM/106X_upgrade2018_realistic_v16_L1v1-v1/30000/537334D3-C897-1041-B899-EDBEE4B2E593.root
10-Jun-2024 14:39:16 CEST  Initiating request to open file root://eoscms.cern.ch//eos/cms/store/mc/RunIISummer20UL18MiniAODv2/QCD_Pt_170to300_TuneCP5_13TeV_pythia8/MINIAODSIM/106X_upgrade2018_realistic_v16_L1v1-v1/30000/0B9684F6-D2B0-CF4D-8CB6-026D9177EC3D.root
%MSG-w XrdAdaptorInternal:  file_open 10-Jun-2024 14:39:17 CEST PostProcessEvent
Failed to open file at URL root://eoscms.cern.ch:1094//eos/cms/store/mc/RunIISummer20UL18MiniAODv2/QCD_Pt_170to300_TuneCP5_13TeV_pythia8/MINIAODSIM/106X_upgrade2018_realistic_v16_L1v1-v1/30000/0B9684F6-D2B0-CF4D-8CB6-026D9177EC3D.root.
%MSG
%MSG-w XrdAdaptorInternal:  file_open 10-Jun-2024 14:39:17 CEST PostProcessEvent
Failed to open file at URL root://eoscms.cern.ch:1094//eos/cms/store/mc/RunIISummer20UL18MiniAODv2/QCD_Pt_170to300_TuneCP5_13TeV_pythia8/MINIAODSIM/106X_upgrade2018_realistic_v16_L1v1-v1/30000/0B9684F6-D2B0-CF4D-8CB6-026D9177EC3D.root?tried=.
%MSG
10-Jun-2024 14:39:17 CEST  Fallback request to file root://xrootd-cms.infn.it//store/mc/RunIISummer20UL18MiniAODv2/QCD_Pt_170to300_TuneCP5_13TeV_pythia8/MINIAODSIM/106X_upgrade2018_realistic_v16_L1v1-v1/30000/0B9684F6-D2B0-CF4D-8CB6-026D9177EC3D.root
%MSG-w XrdAdaptor:  file_open 10-Jun-2024 14:39:31 CEST PostProcessEvent
Data is served from T2_US_Wisconsin instead of original site infn.it
%MSG
10-Jun-2024 14:39:32 CEST  Successfully opened file root://xrootd-cms.infn.it//store/mc/RunIISummer20UL18MiniAODv2/QCD_Pt_170to300_TuneCP5_13TeV_pythia8/MINIAODSIM/106X_upgrade2018_realistic_v16_L1v1-v1/30000/0B9684F6-D2B0-CF4D-8CB6-026D9177EC3D.root
Begin processing the 300001st record. Run 1, Event 11739004, LumiSection 11740 on stream 0 at 10-Jun-2024 14:39:44.286 CEST
10-Jun-2024 14:39:46 CEST  Closed file root://xrootd-cms.infn.it//store/mc/RunIISummer20UL18MiniAODv2/QCD_Pt_170to300_TuneCP5_13TeV_pythia8/MINIAODSIM/106X_upgrade2018_realistic_v16_L1v1-v1/30000/0B9684F6-D2B0-CF4D-8CB6-026D9177EC3D.root
10-Jun-2024 14:39:46 CEST  Initiating request to open file root://eoscms.cern.ch//eos/cms/store/mc/RunIISummer20UL18MiniAODv2/QCD_Pt_170to300_TuneCP5_13TeV_pythia8/MINIAODSIM/106X_upgrade2018_realistic_v16_L1v1-v1/30000/C28B74DE-44EA-924A-B6E2-6BF85821974C.root
%MSG-w XrdAdaptorInternal:  file_open 10-Jun-2024 14:39:47 CEST PostProcessEvent
Failed to open file at URL root://eoscms.cern.ch:1094//eos/cms/store/mc/RunIISummer20UL18MiniAODv2/QCD_Pt_170to300_TuneCP5_13TeV_pythia8/MINIAODSIM/106X_upgrade2018_realistic_v16_L1v1-v1/30000/C28B74DE-44EA-924A-B6E2-6BF85821974C.root.
%MSG
%MSG-w XrdAdaptorInternal:  file_open 10-Jun-2024 14:39:47 CEST PostProcessEvent
Failed to open file at URL root://eoscms.cern.ch:1094//eos/cms/store/mc/RunIISummer20UL18MiniAODv2/QCD_Pt_170to300_TuneCP5_13TeV_pythia8/MINIAODSIM/106X_upgrade2018_realistic_v16_L1v1-v1/30000/C28B74DE-44EA-924A-B6E2-6BF85821974C.root?tried=.
%MSG
10-Jun-2024 14:39:47 CEST  Fallback request to file root://xrootd-cms.infn.it//store/mc/RunIISummer20UL18MiniAODv2/QCD_Pt_170to300_TuneCP5_13TeV_pythia8/MINIAODSIM/106X_upgrade2018_realistic_v16_L1v1-v1/30000/C28B74DE-44EA-924A-B6E2-6BF85821974C.root
%MSG-w XrdAdaptor:  file_open 10-Jun-2024 14:40:01 CEST PostProcessEvent
Data is served from T2_US_Wisconsin instead of original site infn.it
%MSG
10-Jun-2024 14:40:02 CEST  Successfully opened file root://xrootd-cms.infn.it//store/mc/RunIISummer20UL18MiniAODv2/QCD_Pt_170to300_TuneCP5_13TeV_pythia8/MINIAODSIM/106X_upgrade2018_realistic_v16_L1v1-v1/30000/C28B74DE-44EA-924A-B6E2-6BF85821974C.root
10-Jun-2024 14:40:15 CEST  Closed file root://xrootd-cms.infn.it//store/mc/RunIISummer20UL18MiniAODv2/QCD_Pt_170to300_TuneCP5_13TeV_pythia8/MINIAODSIM/106X_upgrade2018_realistic_v16_L1v1-v1/30000/C28B74DE-44EA-924A-B6E2-6BF85821974C.root
10-Jun-2024 14:40:15 CEST  Initiating request to open file root://eoscms.cern.ch//eos/cms/store/mc/RunIISummer20UL18MiniAODv2/QCD_Pt_170to300_TuneCP5_13TeV_pythia8/MINIAODSIM/106X_upgrade2018_realistic_v16_L1v1-v1/30000/51F8C7BF-8B2E-7E4C-B17A-47F2FF58981A.root
%MSG-w XrdAdaptorInternal:  file_open 10-Jun-2024 14:40:16 CEST PostProcessEvent
Failed to open file at URL root://eoscms.cern.ch:1094//eos/cms/store/mc/RunIISummer20UL18MiniAODv2/QCD_Pt_170to300_TuneCP5_13TeV_pythia8/MINIAODSIM/106X_upgrade2018_realistic_v16_L1v1-v1/30000/51F8C7BF-8B2E-7E4C-B17A-47F2FF58981A.root.
%MSG
%MSG-w XrdAdaptorInternal:  file_open 10-Jun-2024 14:40:16 CEST PostProcessEvent
Failed to open file at URL root://eoscms.cern.ch:1094//eos/cms/store/mc/RunIISummer20UL18MiniAODv2/QCD_Pt_170to300_TuneCP5_13TeV_pythia8/MINIAODSIM/106X_upgrade2018_realistic_v16_L1v1-v1/30000/51F8C7BF-8B2E-7E4C-B17A-47F2FF58981A.root?tried=.
%MSG
10-Jun-2024 14:40:16 CEST  Fallback request to file root://xrootd-cms.infn.it//store/mc/RunIISummer20UL18MiniAODv2/QCD_Pt_170to300_TuneCP5_13TeV_pythia8/MINIAODSIM/106X_upgrade2018_realistic_v16_L1v1-v1/30000/51F8C7BF-8B2E-7E4C-B17A-47F2FF58981A.root
%MSG-w XrdAdaptor:  file_open 10-Jun-2024 14:40:30 CEST PostProcessEvent
Data is served from T2_US_Wisconsin instead of original site infn.it
%MSG
10-Jun-2024 14:40:31 CEST  Successfully opened file root://xrootd-cms.infn.it//store/mc/RunIISummer20UL18MiniAODv2/QCD_Pt_170to300_TuneCP5_13TeV_pythia8/MINIAODSIM/106X_upgrade2018_realistic_v16_L1v1-v1/30000/51F8C7BF-8B2E-7E4C-B17A-47F2FF58981A.root
Begin processing the 400001st record. Run 1, Event 13072002, LumiSection 13073 on stream 0 at 10-Jun-2024 14:40:42.580 CEST
10-Jun-2024 14:40:44 CEST  Closed file root://xrootd-cms.infn.it//store/mc/RunIISummer20UL18MiniAODv2/QCD_Pt_170to300_TuneCP5_13TeV_pythia8/MINIAODSIM/106X_upgrade2018_realistic_v16_L1v1-v1/30000/51F8C7BF-8B2E-7E4C-B17A-47F2FF58981A.root
10-Jun-2024 14:40:44 CEST  Initiating request to open file root://eoscms.cern.ch//eos/cms/store/mc/RunIISummer20UL18MiniAODv2/QCD_Pt_170to300_TuneCP5_13TeV_pythia8/MINIAODSIM/106X_upgrade2018_realistic_v16_L1v1-v1/30000/AACEB49D-71FD-1645-8D41-5A5CC98FD8FE.root
%MSG-w XrdAdaptorInternal:  file_open 10-Jun-2024 14:40:45 CEST PostProcessEvent
Failed to open file at URL root://eoscms.cern.ch:1094//eos/cms/store/mc/RunIISummer20UL18MiniAODv2/QCD_Pt_170to300_TuneCP5_13TeV_pythia8/MINIAODSIM/106X_upgrade2018_realistic_v16_L1v1-v1/30000/AACEB49D-71FD-1645-8D41-5A5CC98FD8FE.root.
%MSG
%MSG-w XrdAdaptorInternal:  file_open 10-Jun-2024 14:40:45 CEST PostProcessEvent
Failed to open file at URL root://eoscms.cern.ch:1094//eos/cms/store/mc/RunIISummer20UL18MiniAODv2/QCD_Pt_170to300_TuneCP5_13TeV_pythia8/MINIAODSIM/106X_upgrade2018_realistic_v16_L1v1-v1/30000/AACEB49D-71FD-1645-8D41-5A5CC98FD8FE.root?tried=.
%MSG
10-Jun-2024 14:40:45 CEST  Fallback request to file root://xrootd-cms.infn.it//store/mc/RunIISummer20UL18MiniAODv2/QCD_Pt_170to300_TuneCP5_13TeV_pythia8/MINIAODSIM/106X_upgrade2018_realistic_v16_L1v1-v1/30000/AACEB49D-71FD-1645-8D41-5A5CC98FD8FE.root
%MSG-w XrdAdaptor:  file_open 10-Jun-2024 14:40:58 CEST PostProcessEvent
Data is served from T2_US_Wisconsin instead of original site infn.it
%MSG
10-Jun-2024 14:40:59 CEST  Successfully opened file root://xrootd-cms.infn.it//store/mc/RunIISummer20UL18MiniAODv2/QCD_Pt_170to300_TuneCP5_13TeV_pythia8/MINIAODSIM/106X_upgrade2018_realistic_v16_L1v1-v1/30000/AACEB49D-71FD-1645-8D41-5A5CC98FD8FE.root
10-Jun-2024 14:41:12 CEST  Closed file root://xrootd-cms.infn.it//store/mc/RunIISummer20UL18MiniAODv2/QCD_Pt_170to300_TuneCP5_13TeV_pythia8/MINIAODSIM/106X_upgrade2018_realistic_v16_L1v1-v1/30000/AACEB49D-71FD-1645-8D41-5A5CC98FD8FE.root
10-Jun-2024 14:41:12 CEST  Initiating request to open file root://eoscms.cern.ch//eos/cms/store/mc/RunIISummer20UL18MiniAODv2/QCD_Pt_170to300_TuneCP5_13TeV_pythia8/MINIAODSIM/106X_upgrade2018_realistic_v16_L1v1-v1/30000/7DF1742A-BB0B-014A-A633-491FF0FA0DEB.root
%MSG-w XrdAdaptorInternal:  file_open 10-Jun-2024 14:41:13 CEST PostProcessEvent
Failed to open file at URL root://eoscms.cern.ch:1094//eos/cms/store/mc/RunIISummer20UL18MiniAODv2/QCD_Pt_170to300_TuneCP5_13TeV_pythia8/MINIAODSIM/106X_upgrade2018_realistic_v16_L1v1-v1/30000/7DF1742A-BB0B-014A-A633-491FF0FA0DEB.root.
%MSG
%MSG-w XrdAdaptorInternal:  file_open 10-Jun-2024 14:41:13 CEST PostProcessEvent
Failed to open file at URL root://eoscms.cern.ch:1094//eos/cms/store/mc/RunIISummer20UL18MiniAODv2/QCD_Pt_170to300_TuneCP5_13TeV_pythia8/MINIAODSIM/106X_upgrade2018_realistic_v16_L1v1-v1/30000/7DF1742A-BB0B-014A-A633-491FF0FA0DEB.root?tried=.
%MSG
10-Jun-2024 14:41:13 CEST  Fallback request to file root://xrootd-cms.infn.it//store/mc/RunIISummer20UL18MiniAODv2/QCD_Pt_170to300_TuneCP5_13TeV_pythia8/MINIAODSIM/106X_upgrade2018_realistic_v16_L1v1-v1/30000/7DF1742A-BB0B-014A-A633-491FF0FA0DEB.root
%MSG-w XrdAdaptor:  file_open 10-Jun-2024 14:41:26 CEST PostProcessEvent
Data is served from T2_US_Wisconsin instead of original site infn.it
%MSG
10-Jun-2024 14:41:27 CEST  Successfully opened file root://xrootd-cms.infn.it//store/mc/RunIISummer20UL18MiniAODv2/QCD_Pt_170to300_TuneCP5_13TeV_pythia8/MINIAODSIM/106X_upgrade2018_realistic_v16_L1v1-v1/30000/7DF1742A-BB0B-014A-A633-491FF0FA0DEB.root
Begin processing the 500001st record. Run 1, Event 15506013, LumiSection 15507 on stream 0 at 10-Jun-2024 14:41:38.951 CEST
10-Jun-2024 14:41:40 CEST  Closed file root://xrootd-cms.infn.it//store/mc/RunIISummer20UL18MiniAODv2/QCD_Pt_170to300_TuneCP5_13TeV_pythia8/MINIAODSIM/106X_upgrade2018_realistic_v16_L1v1-v1/30000/7DF1742A-BB0B-014A-A633-491FF0FA0DEB.root
10-Jun-2024 14:41:40 CEST  Initiating request to open file root://eoscms.cern.ch//eos/cms/store/mc/RunIISummer20UL18MiniAODv2/QCD_Pt_170to300_TuneCP5_13TeV_pythia8/MINIAODSIM/106X_upgrade2018_realistic_v16_L1v1-v1/30000/BA48AB15-CDC5-894F-88EC-EC708E1AA305.root
%MSG-w XrdAdaptorInternal:  file_open 10-Jun-2024 14:41:41 CEST PostProcessEvent
Failed to open file at URL root://eoscms.cern.ch:1094//eos/cms/store/mc/RunIISummer20UL18MiniAODv2/QCD_Pt_170to300_TuneCP5_13TeV_pythia8/MINIAODSIM/106X_upgrade2018_realistic_v16_L1v1-v1/30000/BA48AB15-CDC5-894F-88EC-EC708E1AA305.root.
%MSG
%MSG-w XrdAdaptorInternal:  file_open 10-Jun-2024 14:41:41 CEST PostProcessEvent
Failed to open file at URL root://eoscms.cern.ch:1094//eos/cms/store/mc/RunIISummer20UL18MiniAODv2/QCD_Pt_170to300_TuneCP5_13TeV_pythia8/MINIAODSIM/106X_upgrade2018_realistic_v16_L1v1-v1/30000/BA48AB15-CDC5-894F-88EC-EC708E1AA305.root?tried=.
%MSG
10-Jun-2024 14:41:41 CEST  Fallback request to file root://xrootd-cms.infn.it//store/mc/RunIISummer20UL18MiniAODv2/QCD_Pt_170to300_TuneCP5_13TeV_pythia8/MINIAODSIM/106X_upgrade2018_realistic_v16_L1v1-v1/30000/BA48AB15-CDC5-894F-88EC-EC708E1AA305.root
%MSG-w XrdAdaptor:  file_open 10-Jun-2024 14:41:55 CEST PostProcessEvent
Data is served from T2_US_Wisconsin instead of original site infn.it
%MSG
10-Jun-2024 14:41:56 CEST  Successfully opened file root://xrootd-cms.infn.it//store/mc/RunIISummer20UL18MiniAODv2/QCD_Pt_170to300_TuneCP5_13TeV_pythia8/MINIAODSIM/106X_upgrade2018_realistic_v16_L1v1-v1/30000/BA48AB15-CDC5-894F-88EC-EC708E1AA305.root
10-Jun-2024 14:42:09 CEST  Closed file root://xrootd-cms.infn.it//store/mc/RunIISummer20UL18MiniAODv2/QCD_Pt_170to300_TuneCP5_13TeV_pythia8/MINIAODSIM/106X_upgrade2018_realistic_v16_L1v1-v1/30000/BA48AB15-CDC5-894F-88EC-EC708E1AA305.root
10-Jun-2024 14:42:09 CEST  Initiating request to open file root://eoscms.cern.ch//eos/cms/store/mc/RunIISummer20UL18MiniAODv2/QCD_Pt_170to300_TuneCP5_13TeV_pythia8/MINIAODSIM/106X_upgrade2018_realistic_v16_L1v1-v1/30000/4CF7BA80-6C8C-3049-8CCE-2B8BE91543C6.root
%MSG-w XrdAdaptorInternal:  file_open 10-Jun-2024 14:42:10 CEST PostProcessEvent
Failed to open file at URL root://eoscms.cern.ch:1094//eos/cms/store/mc/RunIISummer20UL18MiniAODv2/QCD_Pt_170to300_TuneCP5_13TeV_pythia8/MINIAODSIM/106X_upgrade2018_realistic_v16_L1v1-v1/30000/4CF7BA80-6C8C-3049-8CCE-2B8BE91543C6.root.
%MSG
%MSG-w XrdAdaptorInternal:  file_open 10-Jun-2024 14:42:10 CEST PostProcessEvent
Failed to open file at URL root://eoscms.cern.ch:1094//eos/cms/store/mc/RunIISummer20UL18MiniAODv2/QCD_Pt_170to300_TuneCP5_13TeV_pythia8/MINIAODSIM/106X_upgrade2018_realistic_v16_L1v1-v1/30000/4CF7BA80-6C8C-3049-8CCE-2B8BE91543C6.root?tried=.
%MSG
10-Jun-2024 14:42:10 CEST  Fallback request to file root://xrootd-cms.infn.it//store/mc/RunIISummer20UL18MiniAODv2/QCD_Pt_170to300_TuneCP5_13TeV_pythia8/MINIAODSIM/106X_upgrade2018_realistic_v16_L1v1-v1/30000/4CF7BA80-6C8C-3049-8CCE-2B8BE91543C6.root
%MSG-w XrdAdaptor:  file_open 10-Jun-2024 14:42:24 CEST PostProcessEvent
Data is served from T2_US_Wisconsin instead of original site infn.it
%MSG
10-Jun-2024 14:42:25 CEST  Successfully opened file root://xrootd-cms.infn.it//store/mc/RunIISummer20UL18MiniAODv2/QCD_Pt_170to300_TuneCP5_13TeV_pythia8/MINIAODSIM/106X_upgrade2018_realistic_v16_L1v1-v1/30000/4CF7BA80-6C8C-3049-8CCE-2B8BE91543C6.root
Begin processing the 600001st record. Run 1, Event 19194003, LumiSection 19195 on stream 0 at 10-Jun-2024 14:42:37.616 CEST
10-Jun-2024 14:42:38 CEST  Closed file root://xrootd-cms.infn.it//store/mc/RunIISummer20UL18MiniAODv2/QCD_Pt_170to300_TuneCP5_13TeV_pythia8/MINIAODSIM/106X_upgrade2018_realistic_v16_L1v1-v1/30000/4CF7BA80-6C8C-3049-8CCE-2B8BE91543C6.root
10-Jun-2024 14:42:38 CEST  Initiating request to open file root://eoscms.cern.ch//eos/cms/store/mc/RunIISummer20UL18MiniAODv2/QCD_Pt_170to300_TuneCP5_13TeV_pythia8/MINIAODSIM/106X_upgrade2018_realistic_v16_L1v1-v1/30000/BF465677-C6A9-2547-9C01-5D0551D98AF7.root
%MSG-w XrdAdaptorInternal:  file_open 10-Jun-2024 14:42:39 CEST PostProcessEvent
Failed to open file at URL root://eoscms.cern.ch:1094//eos/cms/store/mc/RunIISummer20UL18MiniAODv2/QCD_Pt_170to300_TuneCP5_13TeV_pythia8/MINIAODSIM/106X_upgrade2018_realistic_v16_L1v1-v1/30000/BF465677-C6A9-2547-9C01-5D0551D98AF7.root.
%MSG
%MSG-w XrdAdaptorInternal:  file_open 10-Jun-2024 14:42:39 CEST PostProcessEvent
Failed to open file at URL root://eoscms.cern.ch:1094//eos/cms/store/mc/RunIISummer20UL18MiniAODv2/QCD_Pt_170to300_TuneCP5_13TeV_pythia8/MINIAODSIM/106X_upgrade2018_realistic_v16_L1v1-v1/30000/BF465677-C6A9-2547-9C01-5D0551D98AF7.root?tried=.
%MSG
10-Jun-2024 14:42:39 CEST  Fallback request to file root://xrootd-cms.infn.it//store/mc/RunIISummer20UL18MiniAODv2/QCD_Pt_170to300_TuneCP5_13TeV_pythia8/MINIAODSIM/106X_upgrade2018_realistic_v16_L1v1-v1/30000/BF465677-C6A9-2547-9C01-5D0551D98AF7.root
%MSG-w XrdAdaptor:  file_open 10-Jun-2024 14:42:53 CEST PostProcessEvent
Data is served from T2_US_Wisconsin instead of original site infn.it
%MSG
10-Jun-2024 14:42:54 CEST  Successfully opened file root://xrootd-cms.infn.it//store/mc/RunIISummer20UL18MiniAODv2/QCD_Pt_170to300_TuneCP5_13TeV_pythia8/MINIAODSIM/106X_upgrade2018_realistic_v16_L1v1-v1/30000/BF465677-C6A9-2547-9C01-5D0551D98AF7.root
10-Jun-2024 14:43:07 CEST  Closed file root://xrootd-cms.infn.it//store/mc/RunIISummer20UL18MiniAODv2/QCD_Pt_170to300_TuneCP5_13TeV_pythia8/MINIAODSIM/106X_upgrade2018_realistic_v16_L1v1-v1/30000/BF465677-C6A9-2547-9C01-5D0551D98AF7.root
10-Jun-2024 14:43:07 CEST  Initiating request to open file root://eoscms.cern.ch//eos/cms/store/mc/RunIISummer20UL18MiniAODv2/QCD_Pt_170to300_TuneCP5_13TeV_pythia8/MINIAODSIM/106X_upgrade2018_realistic_v16_L1v1-v1/30000/1ED2C0BB-F058-F140-AF1A-10E29B213EA8.root
%MSG-w XrdAdaptorInternal:  file_open 10-Jun-2024 14:43:08 CEST PostProcessEvent
Failed to open file at URL root://eoscms.cern.ch:1094//eos/cms/store/mc/RunIISummer20UL18MiniAODv2/QCD_Pt_170to300_TuneCP5_13TeV_pythia8/MINIAODSIM/106X_upgrade2018_realistic_v16_L1v1-v1/30000/1ED2C0BB-F058-F140-AF1A-10E29B213EA8.root.
%MSG
%MSG-w XrdAdaptorInternal:  file_open 10-Jun-2024 14:43:08 CEST PostProcessEvent
Failed to open file at URL root://eoscms.cern.ch:1094//eos/cms/store/mc/RunIISummer20UL18MiniAODv2/QCD_Pt_170to300_TuneCP5_13TeV_pythia8/MINIAODSIM/106X_upgrade2018_realistic_v16_L1v1-v1/30000/1ED2C0BB-F058-F140-AF1A-10E29B213EA8.root?tried=.
%MSG
10-Jun-2024 14:43:08 CEST  Fallback request to file root://xrootd-cms.infn.it//store/mc/RunIISummer20UL18MiniAODv2/QCD_Pt_170to300_TuneCP5_13TeV_pythia8/MINIAODSIM/106X_upgrade2018_realistic_v16_L1v1-v1/30000/1ED2C0BB-F058-F140-AF1A-10E29B213EA8.root
%MSG-w XrdAdaptor:  file_open 10-Jun-2024 14:43:21 CEST PostProcessEvent
Data is served from T2_US_Wisconsin instead of original site infn.it
%MSG
10-Jun-2024 14:43:22 CEST  Successfully opened file root://xrootd-cms.infn.it//store/mc/RunIISummer20UL18MiniAODv2/QCD_Pt_170to300_TuneCP5_13TeV_pythia8/MINIAODSIM/106X_upgrade2018_realistic_v16_L1v1-v1/30000/1ED2C0BB-F058-F140-AF1A-10E29B213EA8.root
Begin processing the 700001st record. Run 1, Event 21556002, LumiSection 21557 on stream 0 at 10-Jun-2024 14:43:35.093 CEST
10-Jun-2024 14:43:36 CEST  Closed file root://xrootd-cms.infn.it//store/mc/RunIISummer20UL18MiniAODv2/QCD_Pt_170to300_TuneCP5_13TeV_pythia8/MINIAODSIM/106X_upgrade2018_realistic_v16_L1v1-v1/30000/1ED2C0BB-F058-F140-AF1A-10E29B213EA8.root
10-Jun-2024 14:43:36 CEST  Initiating request to open file root://eoscms.cern.ch//eos/cms/store/mc/RunIISummer20UL18MiniAODv2/QCD_Pt_170to300_TuneCP5_13TeV_pythia8/MINIAODSIM/106X_upgrade2018_realistic_v16_L1v1-v1/30000/D88448E1-03F8-104B-BBF1-27DEA06D3940.root
%MSG-w XrdAdaptorInternal:  file_open 10-Jun-2024 14:43:37 CEST PostProcessEvent
Failed to open file at URL root://eoscms.cern.ch:1094//eos/cms/store/mc/RunIISummer20UL18MiniAODv2/QCD_Pt_170to300_TuneCP5_13TeV_pythia8/MINIAODSIM/106X_upgrade2018_realistic_v16_L1v1-v1/30000/D88448E1-03F8-104B-BBF1-27DEA06D3940.root.
%MSG
%MSG-w XrdAdaptorInternal:  file_open 10-Jun-2024 14:43:37 CEST PostProcessEvent
Failed to open file at URL root://eoscms.cern.ch:1094//eos/cms/store/mc/RunIISummer20UL18MiniAODv2/QCD_Pt_170to300_TuneCP5_13TeV_pythia8/MINIAODSIM/106X_upgrade2018_realistic_v16_L1v1-v1/30000/D88448E1-03F8-104B-BBF1-27DEA06D3940.root?tried=.
%MSG
10-Jun-2024 14:43:37 CEST  Fallback request to file root://xrootd-cms.infn.it//store/mc/RunIISummer20UL18MiniAODv2/QCD_Pt_170to300_TuneCP5_13TeV_pythia8/MINIAODSIM/106X_upgrade2018_realistic_v16_L1v1-v1/30000/D88448E1-03F8-104B-BBF1-27DEA06D3940.root
%MSG-w XrdAdaptor:  file_open 10-Jun-2024 14:43:50 CEST PostProcessEvent
Data is served from T2_US_Wisconsin instead of original site infn.it
%MSG
10-Jun-2024 14:43:51 CEST  Successfully opened file root://xrootd-cms.infn.it//store/mc/RunIISummer20UL18MiniAODv2/QCD_Pt_170to300_TuneCP5_13TeV_pythia8/MINIAODSIM/106X_upgrade2018_realistic_v16_L1v1-v1/30000/D88448E1-03F8-104B-BBF1-27DEA06D3940.root
10-Jun-2024 14:44:04 CEST  Closed file root://xrootd-cms.infn.it//store/mc/RunIISummer20UL18MiniAODv2/QCD_Pt_170to300_TuneCP5_13TeV_pythia8/MINIAODSIM/106X_upgrade2018_realistic_v16_L1v1-v1/30000/D88448E1-03F8-104B-BBF1-27DEA06D3940.root
10-Jun-2024 14:44:04 CEST  Initiating request to open file root://eoscms.cern.ch//eos/cms/store/mc/RunIISummer20UL18MiniAODv2/QCD_Pt_170to300_TuneCP5_13TeV_pythia8/MINIAODSIM/106X_upgrade2018_realistic_v16_L1v1-v1/30000/A77AA0DC-6037-5842-A7A8-90E51F7644F6.root
%MSG-w XrdAdaptorInternal:  file_open 10-Jun-2024 14:44:05 CEST PostProcessEvent
Failed to open file at URL root://eoscms.cern.ch:1094//eos/cms/store/mc/RunIISummer20UL18MiniAODv2/QCD_Pt_170to300_TuneCP5_13TeV_pythia8/MINIAODSIM/106X_upgrade2018_realistic_v16_L1v1-v1/30000/A77AA0DC-6037-5842-A7A8-90E51F7644F6.root.
%MSG
%MSG-w XrdAdaptorInternal:  file_open 10-Jun-2024 14:44:05 CEST PostProcessEvent
Failed to open file at URL root://eoscms.cern.ch:1094//eos/cms/store/mc/RunIISummer20UL18MiniAODv2/QCD_Pt_170to300_TuneCP5_13TeV_pythia8/MINIAODSIM/106X_upgrade2018_realistic_v16_L1v1-v1/30000/A77AA0DC-6037-5842-A7A8-90E51F7644F6.root?tried=.
%MSG
10-Jun-2024 14:44:05 CEST  Fallback request to file root://xrootd-cms.infn.it//store/mc/RunIISummer20UL18MiniAODv2/QCD_Pt_170to300_TuneCP5_13TeV_pythia8/MINIAODSIM/106X_upgrade2018_realistic_v16_L1v1-v1/30000/A77AA0DC-6037-5842-A7A8-90E51F7644F6.root
%MSG-w XrdAdaptor:  file_open 10-Jun-2024 14:44:19 CEST PostProcessEvent
Data is served from T2_US_Wisconsin instead of original site infn.it
%MSG
10-Jun-2024 14:44:20 CEST  Successfully opened file root://xrootd-cms.infn.it//store/mc/RunIISummer20UL18MiniAODv2/QCD_Pt_170to300_TuneCP5_13TeV_pythia8/MINIAODSIM/106X_upgrade2018_realistic_v16_L1v1-v1/30000/A77AA0DC-6037-5842-A7A8-90E51F7644F6.root
Begin processing the 800001st record. Run 1, Event 1016009, LumiSection 1017 on stream 0 at 10-Jun-2024 14:44:32.687 CEST
10-Jun-2024 14:44:33 CEST  Closed file root://xrootd-cms.infn.it//store/mc/RunIISummer20UL18MiniAODv2/QCD_Pt_170to300_TuneCP5_13TeV_pythia8/MINIAODSIM/106X_upgrade2018_realistic_v16_L1v1-v1/30000/A77AA0DC-6037-5842-A7A8-90E51F7644F6.root
10-Jun-2024 14:44:33 CEST  Initiating request to open file root://eoscms.cern.ch//eos/cms/store/mc/RunIISummer20UL18MiniAODv2/QCD_Pt_170to300_TuneCP5_13TeV_pythia8/MINIAODSIM/106X_upgrade2018_realistic_v16_L1v1-v1/30000/A2A119DE-482F-FA45-B68F-C6EFFE4B4F54.root
%MSG-w XrdAdaptorInternal:  file_open 10-Jun-2024 14:44:34 CEST PostProcessEvent
Failed to open file at URL root://eoscms.cern.ch:1094//eos/cms/store/mc/RunIISummer20UL18MiniAODv2/QCD_Pt_170to300_TuneCP5_13TeV_pythia8/MINIAODSIM/106X_upgrade2018_realistic_v16_L1v1-v1/30000/A2A119DE-482F-FA45-B68F-C6EFFE4B4F54.root.
%MSG
%MSG-w XrdAdaptorInternal:  file_open 10-Jun-2024 14:44:34 CEST PostProcessEvent
Failed to open file at URL root://eoscms.cern.ch:1094//eos/cms/store/mc/RunIISummer20UL18MiniAODv2/QCD_Pt_170to300_TuneCP5_13TeV_pythia8/MINIAODSIM/106X_upgrade2018_realistic_v16_L1v1-v1/30000/A2A119DE-482F-FA45-B68F-C6EFFE4B4F54.root?tried=.
%MSG
10-Jun-2024 14:44:34 CEST  Fallback request to file root://xrootd-cms.infn.it//store/mc/RunIISummer20UL18MiniAODv2/QCD_Pt_170to300_TuneCP5_13TeV_pythia8/MINIAODSIM/106X_upgrade2018_realistic_v16_L1v1-v1/30000/A2A119DE-482F-FA45-B68F-C6EFFE4B4F54.root
%MSG-w XrdAdaptor:  file_open 10-Jun-2024 14:44:48 CEST PostProcessEvent
Data is served from T2_US_Wisconsin instead of original site infn.it
%MSG
10-Jun-2024 14:44:49 CEST  Successfully opened file root://xrootd-cms.infn.it//store/mc/RunIISummer20UL18MiniAODv2/QCD_Pt_170to300_TuneCP5_13TeV_pythia8/MINIAODSIM/106X_upgrade2018_realistic_v16_L1v1-v1/30000/A2A119DE-482F-FA45-B68F-C6EFFE4B4F54.root
10-Jun-2024 14:45:02 CEST  Closed file root://xrootd-cms.infn.it//store/mc/RunIISummer20UL18MiniAODv2/QCD_Pt_170to300_TuneCP5_13TeV_pythia8/MINIAODSIM/106X_upgrade2018_realistic_v16_L1v1-v1/30000/A2A119DE-482F-FA45-B68F-C6EFFE4B4F54.root
10-Jun-2024 14:45:02 CEST  Initiating request to open file root://eoscms.cern.ch//eos/cms/store/mc/RunIISummer20UL18MiniAODv2/QCD_Pt_170to300_TuneCP5_13TeV_pythia8/MINIAODSIM/106X_upgrade2018_realistic_v16_L1v1-v1/30000/5FA4B6EF-6FDA-C04B-BC70-91618D69F8A4.root
%MSG-w XrdAdaptorInternal:  file_open 10-Jun-2024 14:45:03 CEST PostProcessEvent
Failed to open file at URL root://eoscms.cern.ch:1094//eos/cms/store/mc/RunIISummer20UL18MiniAODv2/QCD_Pt_170to300_TuneCP5_13TeV_pythia8/MINIAODSIM/106X_upgrade2018_realistic_v16_L1v1-v1/30000/5FA4B6EF-6FDA-C04B-BC70-91618D69F8A4.root.
%MSG
%MSG-w XrdAdaptorInternal:  file_open 10-Jun-2024 14:45:03 CEST PostProcessEvent
Failed to open file at URL root://eoscms.cern.ch:1094//eos/cms/store/mc/RunIISummer20UL18MiniAODv2/QCD_Pt_170to300_TuneCP5_13TeV_pythia8/MINIAODSIM/106X_upgrade2018_realistic_v16_L1v1-v1/30000/5FA4B6EF-6FDA-C04B-BC70-91618D69F8A4.root?tried=.
%MSG
10-Jun-2024 14:45:03 CEST  Fallback request to file root://xrootd-cms.infn.it//store/mc/RunIISummer20UL18MiniAODv2/QCD_Pt_170to300_TuneCP5_13TeV_pythia8/MINIAODSIM/106X_upgrade2018_realistic_v16_L1v1-v1/30000/5FA4B6EF-6FDA-C04B-BC70-91618D69F8A4.root
%MSG-w XrdAdaptor:  file_open 10-Jun-2024 14:45:17 CEST PostProcessEvent
Data is served from T2_US_Wisconsin instead of original site infn.it
%MSG
10-Jun-2024 14:45:18 CEST  Successfully opened file root://xrootd-cms.infn.it//store/mc/RunIISummer20UL18MiniAODv2/QCD_Pt_170to300_TuneCP5_13TeV_pythia8/MINIAODSIM/106X_upgrade2018_realistic_v16_L1v1-v1/30000/5FA4B6EF-6FDA-C04B-BC70-91618D69F8A4.root
Begin processing the 900001st record. Run 1, Event 3354008, LumiSection 3355 on stream 0 at 10-Jun-2024 14:45:31.616 CEST
10-Jun-2024 14:45:32 CEST  Closed file root://xrootd-cms.infn.it//store/mc/RunIISummer20UL18MiniAODv2/QCD_Pt_170to300_TuneCP5_13TeV_pythia8/MINIAODSIM/106X_upgrade2018_realistic_v16_L1v1-v1/30000/5FA4B6EF-6FDA-C04B-BC70-91618D69F8A4.root
10-Jun-2024 14:45:32 CEST  Initiating request to open file root://eoscms.cern.ch//eos/cms/store/mc/RunIISummer20UL18MiniAODv2/QCD_Pt_170to300_TuneCP5_13TeV_pythia8/MINIAODSIM/106X_upgrade2018_realistic_v16_L1v1-v1/30000/82EAC934-38B3-E946-9635-7E511DC5004B.root
%MSG-w XrdAdaptorInternal:  file_open 10-Jun-2024 14:45:33 CEST PostProcessEvent
Failed to open file at URL root://eoscms.cern.ch:1094//eos/cms/store/mc/RunIISummer20UL18MiniAODv2/QCD_Pt_170to300_TuneCP5_13TeV_pythia8/MINIAODSIM/106X_upgrade2018_realistic_v16_L1v1-v1/30000/82EAC934-38B3-E946-9635-7E511DC5004B.root.
%MSG
%MSG-w XrdAdaptorInternal:  file_open 10-Jun-2024 14:45:33 CEST PostProcessEvent
Failed to open file at URL root://eoscms.cern.ch:1094//eos/cms/store/mc/RunIISummer20UL18MiniAODv2/QCD_Pt_170to300_TuneCP5_13TeV_pythia8/MINIAODSIM/106X_upgrade2018_realistic_v16_L1v1-v1/30000/82EAC934-38B3-E946-9635-7E511DC5004B.root?tried=.
%MSG
10-Jun-2024 14:45:33 CEST  Fallback request to file root://xrootd-cms.infn.it//store/mc/RunIISummer20UL18MiniAODv2/QCD_Pt_170to300_TuneCP5_13TeV_pythia8/MINIAODSIM/106X_upgrade2018_realistic_v16_L1v1-v1/30000/82EAC934-38B3-E946-9635-7E511DC5004B.root
%MSG-w XrdAdaptor:  file_open 10-Jun-2024 14:45:46 CEST PostProcessEvent
Data is served from T2_US_Wisconsin instead of original site infn.it
%MSG
10-Jun-2024 14:45:47 CEST  Successfully opened file root://xrootd-cms.infn.it//store/mc/RunIISummer20UL18MiniAODv2/QCD_Pt_170to300_TuneCP5_13TeV_pythia8/MINIAODSIM/106X_upgrade2018_realistic_v16_L1v1-v1/30000/82EAC934-38B3-E946-9635-7E511DC5004B.root
10-Jun-2024 14:46:02 CEST  Closed file root://xrootd-cms.infn.it//store/mc/RunIISummer20UL18MiniAODv2/QCD_Pt_170to300_TuneCP5_13TeV_pythia8/MINIAODSIM/106X_upgrade2018_realistic_v16_L1v1-v1/30000/82EAC934-38B3-E946-9635-7E511DC5004B.root
10-Jun-2024 14:46:02 CEST  Initiating request to open file root://eoscms.cern.ch//eos/cms/store/mc/RunIISummer20UL18MiniAODv2/QCD_Pt_170to300_TuneCP5_13TeV_pythia8/MINIAODSIM/106X_upgrade2018_realistic_v16_L1v1-v1/30000/2A943E52-E17B-F24E-89D2-336D268453E8.root
%MSG-w XrdAdaptorInternal:  file_open 10-Jun-2024 14:46:03 CEST PostProcessEvent
Failed to open file at URL root://eoscms.cern.ch:1094//eos/cms/store/mc/RunIISummer20UL18MiniAODv2/QCD_Pt_170to300_TuneCP5_13TeV_pythia8/MINIAODSIM/106X_upgrade2018_realistic_v16_L1v1-v1/30000/2A943E52-E17B-F24E-89D2-336D268453E8.root.
%MSG
%MSG-w XrdAdaptorInternal:  file_open 10-Jun-2024 14:46:03 CEST PostProcessEvent
Failed to open file at URL root://eoscms.cern.ch:1094//eos/cms/store/mc/RunIISummer20UL18MiniAODv2/QCD_Pt_170to300_TuneCP5_13TeV_pythia8/MINIAODSIM/106X_upgrade2018_realistic_v16_L1v1-v1/30000/2A943E52-E17B-F24E-89D2-336D268453E8.root?tried=.
%MSG
10-Jun-2024 14:46:03 CEST  Fallback request to file root://xrootd-cms.infn.it//store/mc/RunIISummer20UL18MiniAODv2/QCD_Pt_170to300_TuneCP5_13TeV_pythia8/MINIAODSIM/106X_upgrade2018_realistic_v16_L1v1-v1/30000/2A943E52-E17B-F24E-89D2-336D268453E8.root
%MSG-w XrdAdaptor:  file_open 10-Jun-2024 14:46:16 CEST PostProcessEvent
Data is served from T2_US_Wisconsin instead of original site infn.it
%MSG
10-Jun-2024 14:46:17 CEST  Successfully opened file root://xrootd-cms.infn.it//store/mc/RunIISummer20UL18MiniAODv2/QCD_Pt_170to300_TuneCP5_13TeV_pythia8/MINIAODSIM/106X_upgrade2018_realistic_v16_L1v1-v1/30000/2A943E52-E17B-F24E-89D2-336D268453E8.root
10-Jun-2024 14:46:31 CEST  Closed file root://xrootd-cms.infn.it//store/mc/RunIISummer20UL18MiniAODv2/QCD_Pt_170to300_TuneCP5_13TeV_pythia8/MINIAODSIM/106X_upgrade2018_realistic_v16_L1v1-v1/30000/2A943E52-E17B-F24E-89D2-336D268453E8.root

------------------------------------
GenXsecAnalyzer:
------------------------------------
Before Filter: total cross section = 1.036e+05 +- 5.063e+01 pb
Filter efficiency (taking into account weights)= (1e+06) / (1e+06) = 1.000e+00 +- 0.000e+00
Filter efficiency (event-level)= (1e+06) / (1e+06) = 1.000e+00 +- 0.000e+00    [TO BE USED IN MCM]

After filter: final cross section = 1.036e+05 +- 5.063e+01 pb
After filter: final fraction of events with negative weights = 0.000e+00 +- 0.000e+00
After filter: final equivalent lumi for 1M events (1/fb) = 9.657e-03 +- 1.075e-05

=============================================

MessageLogger Summary

 type     category        sev    module        subroutine        count    total
 ---- -------------------- -- ---------------- ----------------  -----    -----
    1 GenXSecAnalyzer      -w GenXSecAnalyzer:                       7        7
    2 XrdAdaptor           -w file_open                             21       21
    3 XrdAdaptorInternal   -w file_open                             42       42
    4 fileAction           -s file_close                            21       21
    5 fileAction           -s file_open                             63       63

 type    category    Examples: run/evt        run/evt          run/evt
 ---- -------------------- ---------------- ---------------- ----------------
    1 GenXSecAnalyzer      PostGlobalEndRun PostGlobalEndRun PostGlobalEndRun
    2 XrdAdaptor           pre-events       PostProcessEvent PostProcessEvent
    3 XrdAdaptorInternal   pre-events       pre-events       PostProcessEvent
    4 fileAction           PostProcessEvent PostProcessEvent PostGlobalEndRun
    5 fileAction           pre-events       pre-events       PostProcessEvent

Severity    # Occurrences   Total Occurrences
--------    -------------   -----------------
Warning                70                  70
System                 84                  84

dropped waiting message count 0
