10-Jun-2024 14:18:02 CEST  Initiating request to open file root://eoscms.cern.ch//eos/cms/store/mc/RunIISummer20UL18MiniAODv2/QCD_Pt_50to80_TuneCP5_13TeV_pythia8/MINIAODSIM/106X_upgrade2018_realistic_v16_L1v1-v1/240000/E883D8E6-C80B-DE40-811A-33A732C42E3F.root
%MSG-w XrdAdaptorInternal:  file_open 10-Jun-2024 14:18:03 CEST pre-events
Failed to open file at URL root://eoscms.cern.ch:1094//eos/cms/store/mc/RunIISummer20UL18MiniAODv2/QCD_Pt_50to80_TuneCP5_13TeV_pythia8/MINIAODSIM/106X_upgrade2018_realistic_v16_L1v1-v1/240000/E883D8E6-C80B-DE40-811A-33A732C42E3F.root.
%MSG
%MSG-w XrdAdaptorInternal:  file_open 10-Jun-2024 14:18:03 CEST pre-events
Failed to open file at URL root://eoscms.cern.ch:1094//eos/cms/store/mc/RunIISummer20UL18MiniAODv2/QCD_Pt_50to80_TuneCP5_13TeV_pythia8/MINIAODSIM/106X_upgrade2018_realistic_v16_L1v1-v1/240000/E883D8E6-C80B-DE40-811A-33A732C42E3F.root?tried=.
%MSG
10-Jun-2024 14:18:03 CEST  Fallback request to file root://xrootd-cms.infn.it//store/mc/RunIISummer20UL18MiniAODv2/QCD_Pt_50to80_TuneCP5_13TeV_pythia8/MINIAODSIM/106X_upgrade2018_realistic_v16_L1v1-v1/240000/E883D8E6-C80B-DE40-811A-33A732C42E3F.root
%MSG-w XrdAdaptor:  file_open 10-Jun-2024 14:18:19 CEST pre-events
Data is served from T2_US_Caltech instead of original site T2_FR_GRIF_LLR
%MSG
10-Jun-2024 14:18:26 CEST  Successfully opened file root://xrootd-cms.infn.it//store/mc/RunIISummer20UL18MiniAODv2/QCD_Pt_50to80_TuneCP5_13TeV_pythia8/MINIAODSIM/106X_upgrade2018_realistic_v16_L1v1-v1/240000/E883D8E6-C80B-DE40-811A-33A732C42E3F.root
Begin processing the 1st record. Run 1, Event 4134005, LumiSection 4135 on stream 0 at 10-Jun-2024 14:18:39.151 CEST
10-Jun-2024 14:18:45 CEST  Closed file root://xrootd-cms.infn.it//store/mc/RunIISummer20UL18MiniAODv2/QCD_Pt_50to80_TuneCP5_13TeV_pythia8/MINIAODSIM/106X_upgrade2018_realistic_v16_L1v1-v1/240000/E883D8E6-C80B-DE40-811A-33A732C42E3F.root
10-Jun-2024 14:18:45 CEST  Initiating request to open file root://eoscms.cern.ch//eos/cms/store/mc/RunIISummer20UL18MiniAODv2/QCD_Pt_50to80_TuneCP5_13TeV_pythia8/MINIAODSIM/106X_upgrade2018_realistic_v16_L1v1-v1/240000/0B13850C-AED4-1043-990D-991EF16C3FA0.root
%MSG-w XrdAdaptorInternal:  file_open 10-Jun-2024 14:18:46 CEST PostProcessEvent
Failed to open file at URL root://eoscms.cern.ch:1094//eos/cms/store/mc/RunIISummer20UL18MiniAODv2/QCD_Pt_50to80_TuneCP5_13TeV_pythia8/MINIAODSIM/106X_upgrade2018_realistic_v16_L1v1-v1/240000/0B13850C-AED4-1043-990D-991EF16C3FA0.root.
%MSG
%MSG-w XrdAdaptorInternal:  file_open 10-Jun-2024 14:18:46 CEST PostProcessEvent
Failed to open file at URL root://eoscms.cern.ch:1094//eos/cms/store/mc/RunIISummer20UL18MiniAODv2/QCD_Pt_50to80_TuneCP5_13TeV_pythia8/MINIAODSIM/106X_upgrade2018_realistic_v16_L1v1-v1/240000/0B13850C-AED4-1043-990D-991EF16C3FA0.root?tried=.
%MSG
10-Jun-2024 14:18:46 CEST  Fallback request to file root://xrootd-cms.infn.it//store/mc/RunIISummer20UL18MiniAODv2/QCD_Pt_50to80_TuneCP5_13TeV_pythia8/MINIAODSIM/106X_upgrade2018_realistic_v16_L1v1-v1/240000/0B13850C-AED4-1043-990D-991EF16C3FA0.root
%MSG-w XrdAdaptor:  file_open 10-Jun-2024 14:19:01 CEST PostProcessEvent
Data is served from T2_US_Caltech instead of original site T2_FR_GRIF_LLR
%MSG
10-Jun-2024 14:19:01 CEST  Successfully opened file root://xrootd-cms.infn.it//store/mc/RunIISummer20UL18MiniAODv2/QCD_Pt_50to80_TuneCP5_13TeV_pythia8/MINIAODSIM/106X_upgrade2018_realistic_v16_L1v1-v1/240000/0B13850C-AED4-1043-990D-991EF16C3FA0.root
Begin processing the 100001st record. Run 1, Event 11422009, LumiSection 11423 on stream 0 at 10-Jun-2024 14:19:13.193 CEST
10-Jun-2024 14:19:19 CEST  Closed file root://xrootd-cms.infn.it//store/mc/RunIISummer20UL18MiniAODv2/QCD_Pt_50to80_TuneCP5_13TeV_pythia8/MINIAODSIM/106X_upgrade2018_realistic_v16_L1v1-v1/240000/0B13850C-AED4-1043-990D-991EF16C3FA0.root
10-Jun-2024 14:19:19 CEST  Initiating request to open file root://eoscms.cern.ch//eos/cms/store/mc/RunIISummer20UL18MiniAODv2/QCD_Pt_50to80_TuneCP5_13TeV_pythia8/MINIAODSIM/106X_upgrade2018_realistic_v16_L1v1-v1/110000/58E1F417-BEED-CF4E-B071-0B1CC67AECFB.root
%MSG-w XrdAdaptorInternal:  file_open 10-Jun-2024 14:19:20 CEST PostProcessEvent
Failed to open file at URL root://eoscms.cern.ch:1094//eos/cms/store/mc/RunIISummer20UL18MiniAODv2/QCD_Pt_50to80_TuneCP5_13TeV_pythia8/MINIAODSIM/106X_upgrade2018_realistic_v16_L1v1-v1/110000/58E1F417-BEED-CF4E-B071-0B1CC67AECFB.root.
%MSG
%MSG-w XrdAdaptorInternal:  file_open 10-Jun-2024 14:19:20 CEST PostProcessEvent
Failed to open file at URL root://eoscms.cern.ch:1094//eos/cms/store/mc/RunIISummer20UL18MiniAODv2/QCD_Pt_50to80_TuneCP5_13TeV_pythia8/MINIAODSIM/106X_upgrade2018_realistic_v16_L1v1-v1/110000/58E1F417-BEED-CF4E-B071-0B1CC67AECFB.root?tried=.
%MSG
10-Jun-2024 14:19:20 CEST  Fallback request to file root://xrootd-cms.infn.it//store/mc/RunIISummer20UL18MiniAODv2/QCD_Pt_50to80_TuneCP5_13TeV_pythia8/MINIAODSIM/106X_upgrade2018_realistic_v16_L1v1-v1/110000/58E1F417-BEED-CF4E-B071-0B1CC67AECFB.root
Unable to load sec.protocol plugin libXrdSecztn.so
%MSG-w XrdAdaptor:  file_open 10-Jun-2024 14:19:35 CEST PostProcessEvent
Data is served from fnal.gov instead of original site T2_FR_GRIF_LLR
%MSG
10-Jun-2024 14:19:35 CEST  Successfully opened file root://xrootd-cms.infn.it//store/mc/RunIISummer20UL18MiniAODv2/QCD_Pt_50to80_TuneCP5_13TeV_pythia8/MINIAODSIM/106X_upgrade2018_realistic_v16_L1v1-v1/110000/58E1F417-BEED-CF4E-B071-0B1CC67AECFB.root
Begin processing the 200001st record. Run 1, Event 14753002, LumiSection 14754 on stream 0 at 10-Jun-2024 14:19:40.795 CEST
Unable to load sec.protocol plugin libXrdSecztn.so
10-Jun-2024 14:19:41 CEST  Closed file root://xrootd-cms.infn.it//store/mc/RunIISummer20UL18MiniAODv2/QCD_Pt_50to80_TuneCP5_13TeV_pythia8/MINIAODSIM/106X_upgrade2018_realistic_v16_L1v1-v1/110000/58E1F417-BEED-CF4E-B071-0B1CC67AECFB.root
10-Jun-2024 14:19:41 CEST  Initiating request to open file root://eoscms.cern.ch//eos/cms/store/mc/RunIISummer20UL18MiniAODv2/QCD_Pt_50to80_TuneCP5_13TeV_pythia8/MINIAODSIM/106X_upgrade2018_realistic_v16_L1v1-v1/230000/45E16F8E-6DE9-AD42-8C55-46408DAE7586.root
%MSG-w XrdAdaptorInternal:  file_open 10-Jun-2024 14:19:42 CEST PostProcessEvent
Failed to open file at URL root://eoscms.cern.ch:1094//eos/cms/store/mc/RunIISummer20UL18MiniAODv2/QCD_Pt_50to80_TuneCP5_13TeV_pythia8/MINIAODSIM/106X_upgrade2018_realistic_v16_L1v1-v1/230000/45E16F8E-6DE9-AD42-8C55-46408DAE7586.root.
%MSG
%MSG-w XrdAdaptorInternal:  file_open 10-Jun-2024 14:19:42 CEST PostProcessEvent
Failed to open file at URL root://eoscms.cern.ch:1094//eos/cms/store/mc/RunIISummer20UL18MiniAODv2/QCD_Pt_50to80_TuneCP5_13TeV_pythia8/MINIAODSIM/106X_upgrade2018_realistic_v16_L1v1-v1/230000/45E16F8E-6DE9-AD42-8C55-46408DAE7586.root?tried=.
%MSG
10-Jun-2024 14:19:42 CEST  Fallback request to file root://xrootd-cms.infn.it//store/mc/RunIISummer20UL18MiniAODv2/QCD_Pt_50to80_TuneCP5_13TeV_pythia8/MINIAODSIM/106X_upgrade2018_realistic_v16_L1v1-v1/230000/45E16F8E-6DE9-AD42-8C55-46408DAE7586.root
Unable to load sec.protocol plugin libXrdSecztn.so
%MSG-w XrdAdaptor:  file_open 10-Jun-2024 14:19:56 CEST PostProcessEvent
Data is served from fnal.gov instead of original site T2_FR_GRIF_LLR
%MSG
10-Jun-2024 14:19:56 CEST  Successfully opened file root://xrootd-cms.infn.it//store/mc/RunIISummer20UL18MiniAODv2/QCD_Pt_50to80_TuneCP5_13TeV_pythia8/MINIAODSIM/106X_upgrade2018_realistic_v16_L1v1-v1/230000/45E16F8E-6DE9-AD42-8C55-46408DAE7586.root
Begin processing the 300001st record. Run 1, Event 7113012, LumiSection 7114 on stream 0 at 10-Jun-2024 14:20:09.980 CEST
10-Jun-2024 14:20:10 CEST  Closed file root://xrootd-cms.infn.it//store/mc/RunIISummer20UL18MiniAODv2/QCD_Pt_50to80_TuneCP5_13TeV_pythia8/MINIAODSIM/106X_upgrade2018_realistic_v16_L1v1-v1/230000/45E16F8E-6DE9-AD42-8C55-46408DAE7586.root
10-Jun-2024 14:20:10 CEST  Initiating request to open file root://eoscms.cern.ch//eos/cms/store/mc/RunIISummer20UL18MiniAODv2/QCD_Pt_50to80_TuneCP5_13TeV_pythia8/MINIAODSIM/106X_upgrade2018_realistic_v16_L1v1-v1/230000/26711548-91BB-4040-849D-4AD8E36968D1.root
%MSG-w XrdAdaptorInternal:  file_open 10-Jun-2024 14:20:11 CEST PostProcessEvent
Failed to open file at URL root://eoscms.cern.ch:1094//eos/cms/store/mc/RunIISummer20UL18MiniAODv2/QCD_Pt_50to80_TuneCP5_13TeV_pythia8/MINIAODSIM/106X_upgrade2018_realistic_v16_L1v1-v1/230000/26711548-91BB-4040-849D-4AD8E36968D1.root.
%MSG
%MSG-w XrdAdaptorInternal:  file_open 10-Jun-2024 14:20:11 CEST PostProcessEvent
Failed to open file at URL root://eoscms.cern.ch:1094//eos/cms/store/mc/RunIISummer20UL18MiniAODv2/QCD_Pt_50to80_TuneCP5_13TeV_pythia8/MINIAODSIM/106X_upgrade2018_realistic_v16_L1v1-v1/230000/26711548-91BB-4040-849D-4AD8E36968D1.root?tried=.
%MSG
10-Jun-2024 14:20:11 CEST  Fallback request to file root://xrootd-cms.infn.it//store/mc/RunIISummer20UL18MiniAODv2/QCD_Pt_50to80_TuneCP5_13TeV_pythia8/MINIAODSIM/106X_upgrade2018_realistic_v16_L1v1-v1/230000/26711548-91BB-4040-849D-4AD8E36968D1.root
%MSG-w XrdAdaptor:  file_open 10-Jun-2024 14:20:23 CEST PostProcessEvent
Data is served from fnal.gov instead of original site T2_FR_GRIF_LLR
%MSG
10-Jun-2024 14:20:24 CEST  Successfully opened file root://xrootd-cms.infn.it//store/mc/RunIISummer20UL18MiniAODv2/QCD_Pt_50to80_TuneCP5_13TeV_pythia8/MINIAODSIM/106X_upgrade2018_realistic_v16_L1v1-v1/230000/26711548-91BB-4040-849D-4AD8E36968D1.root
10-Jun-2024 14:20:37 CEST  Closed file root://xrootd-cms.infn.it//store/mc/RunIISummer20UL18MiniAODv2/QCD_Pt_50to80_TuneCP5_13TeV_pythia8/MINIAODSIM/106X_upgrade2018_realistic_v16_L1v1-v1/230000/26711548-91BB-4040-849D-4AD8E36968D1.root
10-Jun-2024 14:20:37 CEST  Initiating request to open file root://eoscms.cern.ch//eos/cms/store/mc/RunIISummer20UL18MiniAODv2/QCD_Pt_50to80_TuneCP5_13TeV_pythia8/MINIAODSIM/106X_upgrade2018_realistic_v16_L1v1-v1/230000/52C0100A-6C9F-DA4D-8D80-C34FB0B71FD6.root
%MSG-w XrdAdaptorInternal:  file_open 10-Jun-2024 14:20:38 CEST PostProcessEvent
Failed to open file at URL root://eoscms.cern.ch:1094//eos/cms/store/mc/RunIISummer20UL18MiniAODv2/QCD_Pt_50to80_TuneCP5_13TeV_pythia8/MINIAODSIM/106X_upgrade2018_realistic_v16_L1v1-v1/230000/52C0100A-6C9F-DA4D-8D80-C34FB0B71FD6.root.
%MSG
%MSG-w XrdAdaptorInternal:  file_open 10-Jun-2024 14:20:38 CEST PostProcessEvent
Failed to open file at URL root://eoscms.cern.ch:1094//eos/cms/store/mc/RunIISummer20UL18MiniAODv2/QCD_Pt_50to80_TuneCP5_13TeV_pythia8/MINIAODSIM/106X_upgrade2018_realistic_v16_L1v1-v1/230000/52C0100A-6C9F-DA4D-8D80-C34FB0B71FD6.root?tried=.
%MSG
10-Jun-2024 14:20:38 CEST  Fallback request to file root://xrootd-cms.infn.it//store/mc/RunIISummer20UL18MiniAODv2/QCD_Pt_50to80_TuneCP5_13TeV_pythia8/MINIAODSIM/106X_upgrade2018_realistic_v16_L1v1-v1/230000/52C0100A-6C9F-DA4D-8D80-C34FB0B71FD6.root
%MSG-w XrdAdaptor:  file_open 10-Jun-2024 14:20:50 CEST PostProcessEvent
Data is served from fnal.gov instead of original site T2_FR_GRIF_LLR
%MSG
10-Jun-2024 14:20:51 CEST  Successfully opened file root://xrootd-cms.infn.it//store/mc/RunIISummer20UL18MiniAODv2/QCD_Pt_50to80_TuneCP5_13TeV_pythia8/MINIAODSIM/106X_upgrade2018_realistic_v16_L1v1-v1/230000/52C0100A-6C9F-DA4D-8D80-C34FB0B71FD6.root
Begin processing the 400001st record. Run 1, Event 316003, LumiSection 317 on stream 0 at 10-Jun-2024 14:20:58.073 CEST
10-Jun-2024 14:21:03 CEST  Closed file root://xrootd-cms.infn.it//store/mc/RunIISummer20UL18MiniAODv2/QCD_Pt_50to80_TuneCP5_13TeV_pythia8/MINIAODSIM/106X_upgrade2018_realistic_v16_L1v1-v1/230000/52C0100A-6C9F-DA4D-8D80-C34FB0B71FD6.root
10-Jun-2024 14:21:03 CEST  Initiating request to open file root://eoscms.cern.ch//eos/cms/store/mc/RunIISummer20UL18MiniAODv2/QCD_Pt_50to80_TuneCP5_13TeV_pythia8/MINIAODSIM/106X_upgrade2018_realistic_v16_L1v1-v1/230000/44B4D8B0-EA14-0847-919C-E851FCAA48EC.root
%MSG-w XrdAdaptorInternal:  file_open 10-Jun-2024 14:21:04 CEST PostProcessEvent
Failed to open file at URL root://eoscms.cern.ch:1094//eos/cms/store/mc/RunIISummer20UL18MiniAODv2/QCD_Pt_50to80_TuneCP5_13TeV_pythia8/MINIAODSIM/106X_upgrade2018_realistic_v16_L1v1-v1/230000/44B4D8B0-EA14-0847-919C-E851FCAA48EC.root.
%MSG
%MSG-w XrdAdaptorInternal:  file_open 10-Jun-2024 14:21:04 CEST PostProcessEvent
Failed to open file at URL root://eoscms.cern.ch:1094//eos/cms/store/mc/RunIISummer20UL18MiniAODv2/QCD_Pt_50to80_TuneCP5_13TeV_pythia8/MINIAODSIM/106X_upgrade2018_realistic_v16_L1v1-v1/230000/44B4D8B0-EA14-0847-919C-E851FCAA48EC.root?tried=.
%MSG
10-Jun-2024 14:21:04 CEST  Fallback request to file root://xrootd-cms.infn.it//store/mc/RunIISummer20UL18MiniAODv2/QCD_Pt_50to80_TuneCP5_13TeV_pythia8/MINIAODSIM/106X_upgrade2018_realistic_v16_L1v1-v1/230000/44B4D8B0-EA14-0847-919C-E851FCAA48EC.root
%MSG-w XrdAdaptor:  file_open 10-Jun-2024 14:21:18 CEST PostProcessEvent
Data is served from fnal.gov instead of original site T2_FR_GRIF_LLR
%MSG
10-Jun-2024 14:21:18 CEST  Successfully opened file root://xrootd-cms.infn.it//store/mc/RunIISummer20UL18MiniAODv2/QCD_Pt_50to80_TuneCP5_13TeV_pythia8/MINIAODSIM/106X_upgrade2018_realistic_v16_L1v1-v1/230000/44B4D8B0-EA14-0847-919C-E851FCAA48EC.root
Begin processing the 500001st record. Run 1, Event 8405009, LumiSection 8406 on stream 0 at 10-Jun-2024 14:21:26.602 CEST
10-Jun-2024 14:21:31 CEST  Closed file root://xrootd-cms.infn.it//store/mc/RunIISummer20UL18MiniAODv2/QCD_Pt_50to80_TuneCP5_13TeV_pythia8/MINIAODSIM/106X_upgrade2018_realistic_v16_L1v1-v1/230000/44B4D8B0-EA14-0847-919C-E851FCAA48EC.root
10-Jun-2024 14:21:31 CEST  Initiating request to open file root://eoscms.cern.ch//eos/cms/store/mc/RunIISummer20UL18MiniAODv2/QCD_Pt_50to80_TuneCP5_13TeV_pythia8/MINIAODSIM/106X_upgrade2018_realistic_v16_L1v1-v1/230000/14236A39-2FA9-694C-9BC6-40260A99117F.root
%MSG-w XrdAdaptorInternal:  file_open 10-Jun-2024 14:21:32 CEST PostProcessEvent
Failed to open file at URL root://eoscms.cern.ch:1094//eos/cms/store/mc/RunIISummer20UL18MiniAODv2/QCD_Pt_50to80_TuneCP5_13TeV_pythia8/MINIAODSIM/106X_upgrade2018_realistic_v16_L1v1-v1/230000/14236A39-2FA9-694C-9BC6-40260A99117F.root.
%MSG
%MSG-w XrdAdaptorInternal:  file_open 10-Jun-2024 14:21:32 CEST PostProcessEvent
Failed to open file at URL root://eoscms.cern.ch:1094//eos/cms/store/mc/RunIISummer20UL18MiniAODv2/QCD_Pt_50to80_TuneCP5_13TeV_pythia8/MINIAODSIM/106X_upgrade2018_realistic_v16_L1v1-v1/230000/14236A39-2FA9-694C-9BC6-40260A99117F.root?tried=.
%MSG
10-Jun-2024 14:21:32 CEST  Fallback request to file root://xrootd-cms.infn.it//store/mc/RunIISummer20UL18MiniAODv2/QCD_Pt_50to80_TuneCP5_13TeV_pythia8/MINIAODSIM/106X_upgrade2018_realistic_v16_L1v1-v1/230000/14236A39-2FA9-694C-9BC6-40260A99117F.root
%MSG-w XrdAdaptor:  file_open 10-Jun-2024 14:21:45 CEST PostProcessEvent
Data is served from fnal.gov instead of original site T2_FR_GRIF_LLR
%MSG
10-Jun-2024 14:21:46 CEST  Successfully opened file root://xrootd-cms.infn.it//store/mc/RunIISummer20UL18MiniAODv2/QCD_Pt_50to80_TuneCP5_13TeV_pythia8/MINIAODSIM/106X_upgrade2018_realistic_v16_L1v1-v1/230000/14236A39-2FA9-694C-9BC6-40260A99117F.root
Begin processing the 600001st record. Run 1, Event 15684017, LumiSection 15685 on stream 0 at 10-Jun-2024 14:21:53.470 CEST
10-Jun-2024 14:21:58 CEST  Closed file root://xrootd-cms.infn.it//store/mc/RunIISummer20UL18MiniAODv2/QCD_Pt_50to80_TuneCP5_13TeV_pythia8/MINIAODSIM/106X_upgrade2018_realistic_v16_L1v1-v1/230000/14236A39-2FA9-694C-9BC6-40260A99117F.root
10-Jun-2024 14:21:58 CEST  Initiating request to open file root://eoscms.cern.ch//eos/cms/store/mc/RunIISummer20UL18MiniAODv2/QCD_Pt_50to80_TuneCP5_13TeV_pythia8/MINIAODSIM/106X_upgrade2018_realistic_v16_L1v1-v1/230000/5384E91B-002A-4942-8742-69DA8A2C69A0.root
%MSG-w XrdAdaptorInternal:  file_open 10-Jun-2024 14:21:59 CEST PostProcessEvent
Failed to open file at URL root://eoscms.cern.ch:1094//eos/cms/store/mc/RunIISummer20UL18MiniAODv2/QCD_Pt_50to80_TuneCP5_13TeV_pythia8/MINIAODSIM/106X_upgrade2018_realistic_v16_L1v1-v1/230000/5384E91B-002A-4942-8742-69DA8A2C69A0.root.
%MSG
%MSG-w XrdAdaptorInternal:  file_open 10-Jun-2024 14:21:59 CEST PostProcessEvent
Failed to open file at URL root://eoscms.cern.ch:1094//eos/cms/store/mc/RunIISummer20UL18MiniAODv2/QCD_Pt_50to80_TuneCP5_13TeV_pythia8/MINIAODSIM/106X_upgrade2018_realistic_v16_L1v1-v1/230000/5384E91B-002A-4942-8742-69DA8A2C69A0.root?tried=.
%MSG
10-Jun-2024 14:21:59 CEST  Fallback request to file root://xrootd-cms.infn.it//store/mc/RunIISummer20UL18MiniAODv2/QCD_Pt_50to80_TuneCP5_13TeV_pythia8/MINIAODSIM/106X_upgrade2018_realistic_v16_L1v1-v1/230000/5384E91B-002A-4942-8742-69DA8A2C69A0.root
%MSG-w XrdAdaptor:  file_open 10-Jun-2024 14:22:12 CEST PostProcessEvent
Data is served from fnal.gov instead of original site T2_FR_GRIF_LLR
%MSG
10-Jun-2024 14:22:13 CEST  Successfully opened file root://xrootd-cms.infn.it//store/mc/RunIISummer20UL18MiniAODv2/QCD_Pt_50to80_TuneCP5_13TeV_pythia8/MINIAODSIM/106X_upgrade2018_realistic_v16_L1v1-v1/230000/5384E91B-002A-4942-8742-69DA8A2C69A0.root
Begin processing the 700001st record. Run 1, Event 13858001, LumiSection 13859 on stream 0 at 10-Jun-2024 14:22:20.004 CEST
10-Jun-2024 14:22:24 CEST  Closed file root://xrootd-cms.infn.it//store/mc/RunIISummer20UL18MiniAODv2/QCD_Pt_50to80_TuneCP5_13TeV_pythia8/MINIAODSIM/106X_upgrade2018_realistic_v16_L1v1-v1/230000/5384E91B-002A-4942-8742-69DA8A2C69A0.root
10-Jun-2024 14:22:24 CEST  Initiating request to open file root://eoscms.cern.ch//eos/cms/store/mc/RunIISummer20UL18MiniAODv2/QCD_Pt_50to80_TuneCP5_13TeV_pythia8/MINIAODSIM/106X_upgrade2018_realistic_v16_L1v1-v1/230000/7B72F39F-D37C-C84B-832B-5AA6DCEEA9B3.root
%MSG-w XrdAdaptorInternal:  file_open 10-Jun-2024 14:22:25 CEST PostProcessEvent
Failed to open file at URL root://eoscms.cern.ch:1094//eos/cms/store/mc/RunIISummer20UL18MiniAODv2/QCD_Pt_50to80_TuneCP5_13TeV_pythia8/MINIAODSIM/106X_upgrade2018_realistic_v16_L1v1-v1/230000/7B72F39F-D37C-C84B-832B-5AA6DCEEA9B3.root.
%MSG
%MSG-w XrdAdaptorInternal:  file_open 10-Jun-2024 14:22:25 CEST PostProcessEvent
Failed to open file at URL root://eoscms.cern.ch:1094//eos/cms/store/mc/RunIISummer20UL18MiniAODv2/QCD_Pt_50to80_TuneCP5_13TeV_pythia8/MINIAODSIM/106X_upgrade2018_realistic_v16_L1v1-v1/230000/7B72F39F-D37C-C84B-832B-5AA6DCEEA9B3.root?tried=.
%MSG
10-Jun-2024 14:22:25 CEST  Fallback request to file root://xrootd-cms.infn.it//store/mc/RunIISummer20UL18MiniAODv2/QCD_Pt_50to80_TuneCP5_13TeV_pythia8/MINIAODSIM/106X_upgrade2018_realistic_v16_L1v1-v1/230000/7B72F39F-D37C-C84B-832B-5AA6DCEEA9B3.root
%MSG-w XrdAdaptor:  file_open 10-Jun-2024 14:22:38 CEST PostProcessEvent
Data is served from fnal.gov instead of original site T2_FR_GRIF_LLR
%MSG
10-Jun-2024 14:22:39 CEST  Successfully opened file root://xrootd-cms.infn.it//store/mc/RunIISummer20UL18MiniAODv2/QCD_Pt_50to80_TuneCP5_13TeV_pythia8/MINIAODSIM/106X_upgrade2018_realistic_v16_L1v1-v1/230000/7B72F39F-D37C-C84B-832B-5AA6DCEEA9B3.root
Begin processing the 800001st record. Run 1, Event 2249005, LumiSection 2250 on stream 0 at 10-Jun-2024 14:22:47.236 CEST
10-Jun-2024 14:22:51 CEST  Closed file root://xrootd-cms.infn.it//store/mc/RunIISummer20UL18MiniAODv2/QCD_Pt_50to80_TuneCP5_13TeV_pythia8/MINIAODSIM/106X_upgrade2018_realistic_v16_L1v1-v1/230000/7B72F39F-D37C-C84B-832B-5AA6DCEEA9B3.root
10-Jun-2024 14:22:51 CEST  Initiating request to open file root://eoscms.cern.ch//eos/cms/store/mc/RunIISummer20UL18MiniAODv2/QCD_Pt_50to80_TuneCP5_13TeV_pythia8/MINIAODSIM/106X_upgrade2018_realistic_v16_L1v1-v1/240000/F54A6FDC-01B3-BF46-AF8E-11629D417F68.root
%MSG-w XrdAdaptorInternal:  file_open 10-Jun-2024 14:22:52 CEST PostProcessEvent
Failed to open file at URL root://eoscms.cern.ch:1094//eos/cms/store/mc/RunIISummer20UL18MiniAODv2/QCD_Pt_50to80_TuneCP5_13TeV_pythia8/MINIAODSIM/106X_upgrade2018_realistic_v16_L1v1-v1/240000/F54A6FDC-01B3-BF46-AF8E-11629D417F68.root.
%MSG
%MSG-w XrdAdaptorInternal:  file_open 10-Jun-2024 14:22:52 CEST PostProcessEvent
Failed to open file at URL root://eoscms.cern.ch:1094//eos/cms/store/mc/RunIISummer20UL18MiniAODv2/QCD_Pt_50to80_TuneCP5_13TeV_pythia8/MINIAODSIM/106X_upgrade2018_realistic_v16_L1v1-v1/240000/F54A6FDC-01B3-BF46-AF8E-11629D417F68.root?tried=.
%MSG
10-Jun-2024 14:22:52 CEST  Fallback request to file root://xrootd-cms.infn.it//store/mc/RunIISummer20UL18MiniAODv2/QCD_Pt_50to80_TuneCP5_13TeV_pythia8/MINIAODSIM/106X_upgrade2018_realistic_v16_L1v1-v1/240000/F54A6FDC-01B3-BF46-AF8E-11629D417F68.root
%MSG-w XrdAdaptor:  file_open 10-Jun-2024 14:23:07 CEST PostProcessEvent
Data is served from T2_US_Nebraska instead of original site T2_FR_GRIF_LLR
%MSG
10-Jun-2024 14:23:08 CEST  Successfully opened file root://xrootd-cms.infn.it//store/mc/RunIISummer20UL18MiniAODv2/QCD_Pt_50to80_TuneCP5_13TeV_pythia8/MINIAODSIM/106X_upgrade2018_realistic_v16_L1v1-v1/240000/F54A6FDC-01B3-BF46-AF8E-11629D417F68.root
Begin processing the 900001st record. Run 1, Event 474007, LumiSection 475 on stream 0 at 10-Jun-2024 14:23:16.539 CEST
10-Jun-2024 14:23:19 CEST  Closed file root://xrootd-cms.infn.it//store/mc/RunIISummer20UL18MiniAODv2/QCD_Pt_50to80_TuneCP5_13TeV_pythia8/MINIAODSIM/106X_upgrade2018_realistic_v16_L1v1-v1/240000/F54A6FDC-01B3-BF46-AF8E-11629D417F68.root
10-Jun-2024 14:23:19 CEST  Initiating request to open file root://eoscms.cern.ch//eos/cms/store/mc/RunIISummer20UL18MiniAODv2/QCD_Pt_50to80_TuneCP5_13TeV_pythia8/MINIAODSIM/106X_upgrade2018_realistic_v16_L1v1-v1/240000/246D2B95-6E49-9841-9C3A-B8700DC419E7.root
%MSG-w XrdAdaptorInternal:  file_open 10-Jun-2024 14:23:20 CEST PostProcessEvent
Failed to open file at URL root://eoscms.cern.ch:1094//eos/cms/store/mc/RunIISummer20UL18MiniAODv2/QCD_Pt_50to80_TuneCP5_13TeV_pythia8/MINIAODSIM/106X_upgrade2018_realistic_v16_L1v1-v1/240000/246D2B95-6E49-9841-9C3A-B8700DC419E7.root.
%MSG
%MSG-w XrdAdaptorInternal:  file_open 10-Jun-2024 14:23:20 CEST PostProcessEvent
Failed to open file at URL root://eoscms.cern.ch:1094//eos/cms/store/mc/RunIISummer20UL18MiniAODv2/QCD_Pt_50to80_TuneCP5_13TeV_pythia8/MINIAODSIM/106X_upgrade2018_realistic_v16_L1v1-v1/240000/246D2B95-6E49-9841-9C3A-B8700DC419E7.root?tried=.
%MSG
10-Jun-2024 14:23:20 CEST  Fallback request to file root://xrootd-cms.infn.it//store/mc/RunIISummer20UL18MiniAODv2/QCD_Pt_50to80_TuneCP5_13TeV_pythia8/MINIAODSIM/106X_upgrade2018_realistic_v16_L1v1-v1/240000/246D2B95-6E49-9841-9C3A-B8700DC419E7.root
%MSG-w XrdAdaptor:  file_open 10-Jun-2024 14:23:34 CEST PostProcessEvent
Data is served from T2_US_Nebraska instead of original site T2_FR_GRIF_LLR
%MSG
10-Jun-2024 14:23:34 CEST  Successfully opened file root://xrootd-cms.infn.it//store/mc/RunIISummer20UL18MiniAODv2/QCD_Pt_50to80_TuneCP5_13TeV_pythia8/MINIAODSIM/106X_upgrade2018_realistic_v16_L1v1-v1/240000/246D2B95-6E49-9841-9C3A-B8700DC419E7.root
10-Jun-2024 14:23:45 CEST  Closed file root://xrootd-cms.infn.it//store/mc/RunIISummer20UL18MiniAODv2/QCD_Pt_50to80_TuneCP5_13TeV_pythia8/MINIAODSIM/106X_upgrade2018_realistic_v16_L1v1-v1/240000/246D2B95-6E49-9841-9C3A-B8700DC419E7.root

------------------------------------
GenXsecAnalyzer:
------------------------------------
Before Filter: total cross section = 1.570e+07 +- 8.028e+03 pb
Filter efficiency (taking into account weights)= (1e+06) / (1e+06) = 1.000e+00 +- 0.000e+00
Filter efficiency (event-level)= (1e+06) / (1e+06) = 1.000e+00 +- 0.000e+00    [TO BE USED IN MCM]

After filter: final cross section = 1.570e+07 +- 8.028e+03 pb
After filter: final fraction of events with negative weights = 0.000e+00 +- 0.000e+00
After filter: final equivalent lumi for 1M events (1/fb) = 6.369e-05 +- 7.154e-08

=============================================

MessageLogger Summary

 type     category        sev    module        subroutine        count    total
 ---- -------------------- -- ---------------- ----------------  -----    -----
    1 GenXSecAnalyzer      -w GenXSecAnalyzer:                       7        7
    2 XrdAdaptor           -w file_open                             12       12
    3 XrdAdaptorInternal   -w file_open                             24       24
    4 fileAction           -s file_close                            12       12
    5 fileAction           -s file_open                             36       36

 type    category    Examples: run/evt        run/evt          run/evt
 ---- -------------------- ---------------- ---------------- ----------------
    1 GenXSecAnalyzer      PostGlobalEndRun PostGlobalEndRun PostGlobalEndRun
    2 XrdAdaptor           pre-events       PostProcessEvent PostProcessEvent
    3 XrdAdaptorInternal   pre-events       pre-events       PostProcessEvent
    4 fileAction           PostProcessEvent PostProcessEvent PostGlobalEndRun
    5 fileAction           pre-events       pre-events       PostProcessEvent

Severity    # Occurrences   Total Occurrences
--------    -------------   -----------------
Warning                43                  43
System                 48                  48

dropped waiting message count 0
