10-Jun-2024 15:49:12 CEST  Initiating request to open file root://eoscms.cern.ch//eos/cms/store/mc/RunIISummer20UL18MiniAODv2/QCD_HT200to300_TuneCP5_PSWeights_13TeV-madgraph-pythia8/MINIAODSIM/106X_upgrade2018_realistic_v16_L1v1-v1/270000/35198A78-B226-6942-BBE0-D497E926B4DB.root
%MSG-w XrdAdaptorInternal:  file_open 10-Jun-2024 15:49:17 CEST pre-events
Failed to open file at URL root://eoscms.cern.ch:1094//eos/cms/store/mc/RunIISummer20UL18MiniAODv2/QCD_HT200to300_TuneCP5_PSWeights_13TeV-madgraph-pythia8/MINIAODSIM/106X_upgrade2018_realistic_v16_L1v1-v1/270000/35198A78-B226-6942-BBE0-D497E926B4DB.root.
%MSG
%MSG-w XrdAdaptorInternal:  file_open 10-Jun-2024 15:49:17 CEST pre-events
Failed to open file at URL root://eoscms.cern.ch:1094//eos/cms/store/mc/RunIISummer20UL18MiniAODv2/QCD_HT200to300_TuneCP5_PSWeights_13TeV-madgraph-pythia8/MINIAODSIM/106X_upgrade2018_realistic_v16_L1v1-v1/270000/35198A78-B226-6942-BBE0-D497E926B4DB.root?tried=.
%MSG
10-Jun-2024 15:49:17 CEST  Fallback request to file root://xrootd-cms.infn.it//store/mc/RunIISummer20UL18MiniAODv2/QCD_HT200to300_TuneCP5_PSWeights_13TeV-madgraph-pythia8/MINIAODSIM/106X_upgrade2018_realistic_v16_L1v1-v1/270000/35198A78-B226-6942-BBE0-D497E926B4DB.root
Unable to load sec.protocol plugin libXrdSecztn.so
%MSG-w XrdAdaptor:  file_open 10-Jun-2024 15:49:33 CEST pre-events
Data is served from fnal.gov instead of original site T2_IT_Pisa
%MSG
10-Jun-2024 15:50:56 CEST  Successfully opened file root://xrootd-cms.infn.it//store/mc/RunIISummer20UL18MiniAODv2/QCD_HT200to300_TuneCP5_PSWeights_13TeV-madgraph-pythia8/MINIAODSIM/106X_upgrade2018_realistic_v16_L1v1-v1/270000/35198A78-B226-6942-BBE0-D497E926B4DB.root
Unable to load sec.protocol plugin libXrdSecztn.so
Unable to load sec.protocol plugin libXrdSecztn.so
Begin processing the 1st record. Run 1, Event 8111745, LumiSection 1035 on stream 0 at 10-Jun-2024 15:51:07.880 CEST
10-Jun-2024 15:51:10 CEST  Closed file root://xrootd-cms.infn.it//store/mc/RunIISummer20UL18MiniAODv2/QCD_HT200to300_TuneCP5_PSWeights_13TeV-madgraph-pythia8/MINIAODSIM/106X_upgrade2018_realistic_v16_L1v1-v1/270000/35198A78-B226-6942-BBE0-D497E926B4DB.root
10-Jun-2024 15:51:10 CEST  Initiating request to open file root://eoscms.cern.ch//eos/cms/store/mc/RunIISummer20UL18MiniAODv2/QCD_HT200to300_TuneCP5_PSWeights_13TeV-madgraph-pythia8/MINIAODSIM/106X_upgrade2018_realistic_v16_L1v1-v1/270000/9728A8D1-B4BE-4F4D-A2B9-22E8457325C4.root
%MSG-w XrdAdaptorInternal:  file_open 10-Jun-2024 15:51:11 CEST PostProcessEvent
Failed to open file at URL root://eoscms.cern.ch:1094//eos/cms/store/mc/RunIISummer20UL18MiniAODv2/QCD_HT200to300_TuneCP5_PSWeights_13TeV-madgraph-pythia8/MINIAODSIM/106X_upgrade2018_realistic_v16_L1v1-v1/270000/9728A8D1-B4BE-4F4D-A2B9-22E8457325C4.root.
%MSG
%MSG-w XrdAdaptorInternal:  file_open 10-Jun-2024 15:51:11 CEST PostProcessEvent
Failed to open file at URL root://eoscms.cern.ch:1094//eos/cms/store/mc/RunIISummer20UL18MiniAODv2/QCD_HT200to300_TuneCP5_PSWeights_13TeV-madgraph-pythia8/MINIAODSIM/106X_upgrade2018_realistic_v16_L1v1-v1/270000/9728A8D1-B4BE-4F4D-A2B9-22E8457325C4.root?tried=.
%MSG
10-Jun-2024 15:51:11 CEST  Fallback request to file root://xrootd-cms.infn.it//store/mc/RunIISummer20UL18MiniAODv2/QCD_HT200to300_TuneCP5_PSWeights_13TeV-madgraph-pythia8/MINIAODSIM/106X_upgrade2018_realistic_v16_L1v1-v1/270000/9728A8D1-B4BE-4F4D-A2B9-22E8457325C4.root
%MSG-w XrdAdaptor:  file_open 10-Jun-2024 15:51:24 CEST PostProcessEvent
Data is served from fnal.gov instead of original site T2_IT_Pisa
%MSG
10-Jun-2024 15:51:25 CEST  Successfully opened file root://xrootd-cms.infn.it//store/mc/RunIISummer20UL18MiniAODv2/QCD_HT200to300_TuneCP5_PSWeights_13TeV-madgraph-pythia8/MINIAODSIM/106X_upgrade2018_realistic_v16_L1v1-v1/270000/9728A8D1-B4BE-4F4D-A2B9-22E8457325C4.root
Begin processing the 100001st record. Run 1, Event 149294930, LumiSection 19031 on stream 0 at 10-Jun-2024 15:51:32.615 CEST
10-Jun-2024 15:51:34 CEST  Closed file root://xrootd-cms.infn.it//store/mc/RunIISummer20UL18MiniAODv2/QCD_HT200to300_TuneCP5_PSWeights_13TeV-madgraph-pythia8/MINIAODSIM/106X_upgrade2018_realistic_v16_L1v1-v1/270000/9728A8D1-B4BE-4F4D-A2B9-22E8457325C4.root
10-Jun-2024 15:51:34 CEST  Initiating request to open file root://eoscms.cern.ch//eos/cms/store/mc/RunIISummer20UL18MiniAODv2/QCD_HT200to300_TuneCP5_PSWeights_13TeV-madgraph-pythia8/MINIAODSIM/106X_upgrade2018_realistic_v16_L1v1-v1/270000/12D43D2D-A363-6248-BF64-31916EA93846.root
%MSG-w XrdAdaptorInternal:  file_open 10-Jun-2024 15:51:35 CEST PostProcessEvent
Failed to open file at URL root://eoscms.cern.ch:1094//eos/cms/store/mc/RunIISummer20UL18MiniAODv2/QCD_HT200to300_TuneCP5_PSWeights_13TeV-madgraph-pythia8/MINIAODSIM/106X_upgrade2018_realistic_v16_L1v1-v1/270000/12D43D2D-A363-6248-BF64-31916EA93846.root.
%MSG
%MSG-w XrdAdaptorInternal:  file_open 10-Jun-2024 15:51:35 CEST PostProcessEvent
Failed to open file at URL root://eoscms.cern.ch:1094//eos/cms/store/mc/RunIISummer20UL18MiniAODv2/QCD_HT200to300_TuneCP5_PSWeights_13TeV-madgraph-pythia8/MINIAODSIM/106X_upgrade2018_realistic_v16_L1v1-v1/270000/12D43D2D-A363-6248-BF64-31916EA93846.root?tried=.
%MSG
10-Jun-2024 15:51:35 CEST  Fallback request to file root://xrootd-cms.infn.it//store/mc/RunIISummer20UL18MiniAODv2/QCD_HT200to300_TuneCP5_PSWeights_13TeV-madgraph-pythia8/MINIAODSIM/106X_upgrade2018_realistic_v16_L1v1-v1/270000/12D43D2D-A363-6248-BF64-31916EA93846.root
%MSG-w XrdAdaptor:  file_open 10-Jun-2024 15:51:48 CEST PostProcessEvent
Data is served from fnal.gov instead of original site T2_IT_Pisa
%MSG
10-Jun-2024 15:51:49 CEST  Successfully opened file root://xrootd-cms.infn.it//store/mc/RunIISummer20UL18MiniAODv2/QCD_HT200to300_TuneCP5_PSWeights_13TeV-madgraph-pythia8/MINIAODSIM/106X_upgrade2018_realistic_v16_L1v1-v1/270000/12D43D2D-A363-6248-BF64-31916EA93846.root
Begin processing the 200001st record. Run 1, Event 174015262, LumiSection 22182 on stream 0 at 10-Jun-2024 15:51:57.502 CEST
10-Jun-2024 15:51:57 CEST  Closed file root://xrootd-cms.infn.it//store/mc/RunIISummer20UL18MiniAODv2/QCD_HT200to300_TuneCP5_PSWeights_13TeV-madgraph-pythia8/MINIAODSIM/106X_upgrade2018_realistic_v16_L1v1-v1/270000/12D43D2D-A363-6248-BF64-31916EA93846.root
10-Jun-2024 15:51:57 CEST  Initiating request to open file root://eoscms.cern.ch//eos/cms/store/mc/RunIISummer20UL18MiniAODv2/QCD_HT200to300_TuneCP5_PSWeights_13TeV-madgraph-pythia8/MINIAODSIM/106X_upgrade2018_realistic_v16_L1v1-v1/270000/F6CDF30D-A453-AC41-A522-E898B189585A.root
%MSG-w XrdAdaptorInternal:  file_open 10-Jun-2024 15:51:58 CEST PostProcessEvent
Failed to open file at URL root://eoscms.cern.ch:1094//eos/cms/store/mc/RunIISummer20UL18MiniAODv2/QCD_HT200to300_TuneCP5_PSWeights_13TeV-madgraph-pythia8/MINIAODSIM/106X_upgrade2018_realistic_v16_L1v1-v1/270000/F6CDF30D-A453-AC41-A522-E898B189585A.root.
%MSG
%MSG-w XrdAdaptorInternal:  file_open 10-Jun-2024 15:51:58 CEST PostProcessEvent
Failed to open file at URL root://eoscms.cern.ch:1094//eos/cms/store/mc/RunIISummer20UL18MiniAODv2/QCD_HT200to300_TuneCP5_PSWeights_13TeV-madgraph-pythia8/MINIAODSIM/106X_upgrade2018_realistic_v16_L1v1-v1/270000/F6CDF30D-A453-AC41-A522-E898B189585A.root?tried=.
%MSG
10-Jun-2024 15:51:58 CEST  Fallback request to file root://xrootd-cms.infn.it//store/mc/RunIISummer20UL18MiniAODv2/QCD_HT200to300_TuneCP5_PSWeights_13TeV-madgraph-pythia8/MINIAODSIM/106X_upgrade2018_realistic_v16_L1v1-v1/270000/F6CDF30D-A453-AC41-A522-E898B189585A.root
%MSG-w XrdAdaptor:  file_open 10-Jun-2024 15:52:11 CEST PostProcessEvent
Data is served from fnal.gov instead of original site T2_IT_Pisa
%MSG
10-Jun-2024 15:52:12 CEST  Successfully opened file root://xrootd-cms.infn.it//store/mc/RunIISummer20UL18MiniAODv2/QCD_HT200to300_TuneCP5_PSWeights_13TeV-madgraph-pythia8/MINIAODSIM/106X_upgrade2018_realistic_v16_L1v1-v1/270000/F6CDF30D-A453-AC41-A522-E898B189585A.root
10-Jun-2024 15:52:24 CEST  Closed file root://xrootd-cms.infn.it//store/mc/RunIISummer20UL18MiniAODv2/QCD_HT200to300_TuneCP5_PSWeights_13TeV-madgraph-pythia8/MINIAODSIM/106X_upgrade2018_realistic_v16_L1v1-v1/270000/F6CDF30D-A453-AC41-A522-E898B189585A.root
10-Jun-2024 15:52:24 CEST  Initiating request to open file root://eoscms.cern.ch//eos/cms/store/mc/RunIISummer20UL18MiniAODv2/QCD_HT200to300_TuneCP5_PSWeights_13TeV-madgraph-pythia8/MINIAODSIM/106X_upgrade2018_realistic_v16_L1v1-v1/270000/F737A099-FEC0-7D47-BD93-C9FCD38E3AB6.root
%MSG-w XrdAdaptorInternal:  file_open 10-Jun-2024 15:52:25 CEST PostProcessEvent
Failed to open file at URL root://eoscms.cern.ch:1094//eos/cms/store/mc/RunIISummer20UL18MiniAODv2/QCD_HT200to300_TuneCP5_PSWeights_13TeV-madgraph-pythia8/MINIAODSIM/106X_upgrade2018_realistic_v16_L1v1-v1/270000/F737A099-FEC0-7D47-BD93-C9FCD38E3AB6.root.
%MSG
%MSG-w XrdAdaptorInternal:  file_open 10-Jun-2024 15:52:25 CEST PostProcessEvent
Failed to open file at URL root://eoscms.cern.ch:1094//eos/cms/store/mc/RunIISummer20UL18MiniAODv2/QCD_HT200to300_TuneCP5_PSWeights_13TeV-madgraph-pythia8/MINIAODSIM/106X_upgrade2018_realistic_v16_L1v1-v1/270000/F737A099-FEC0-7D47-BD93-C9FCD38E3AB6.root?tried=.
%MSG
10-Jun-2024 15:52:25 CEST  Fallback request to file root://xrootd-cms.infn.it//store/mc/RunIISummer20UL18MiniAODv2/QCD_HT200to300_TuneCP5_PSWeights_13TeV-madgraph-pythia8/MINIAODSIM/106X_upgrade2018_realistic_v16_L1v1-v1/270000/F737A099-FEC0-7D47-BD93-C9FCD38E3AB6.root
%MSG-w XrdAdaptor:  file_open 10-Jun-2024 15:52:38 CEST PostProcessEvent
Data is served from fnal.gov instead of original site T2_IT_Pisa
%MSG
10-Jun-2024 15:52:38 CEST  Successfully opened file root://xrootd-cms.infn.it//store/mc/RunIISummer20UL18MiniAODv2/QCD_HT200to300_TuneCP5_PSWeights_13TeV-madgraph-pythia8/MINIAODSIM/106X_upgrade2018_realistic_v16_L1v1-v1/270000/F737A099-FEC0-7D47-BD93-C9FCD38E3AB6.root
10-Jun-2024 15:52:52 CEST  Closed file root://xrootd-cms.infn.it//store/mc/RunIISummer20UL18MiniAODv2/QCD_HT200to300_TuneCP5_PSWeights_13TeV-madgraph-pythia8/MINIAODSIM/106X_upgrade2018_realistic_v16_L1v1-v1/270000/F737A099-FEC0-7D47-BD93-C9FCD38E3AB6.root
10-Jun-2024 15:52:52 CEST  Initiating request to open file root://eoscms.cern.ch//eos/cms/store/mc/RunIISummer20UL18MiniAODv2/QCD_HT200to300_TuneCP5_PSWeights_13TeV-madgraph-pythia8/MINIAODSIM/106X_upgrade2018_realistic_v16_L1v1-v1/270000/C6E5214F-F558-7F4D-86A9-9EC82AE4E83C.root
%MSG-w XrdAdaptorInternal:  file_open 10-Jun-2024 15:52:53 CEST PostProcessEvent
Failed to open file at URL root://eoscms.cern.ch:1094//eos/cms/store/mc/RunIISummer20UL18MiniAODv2/QCD_HT200to300_TuneCP5_PSWeights_13TeV-madgraph-pythia8/MINIAODSIM/106X_upgrade2018_realistic_v16_L1v1-v1/270000/C6E5214F-F558-7F4D-86A9-9EC82AE4E83C.root.
%MSG
%MSG-w XrdAdaptorInternal:  file_open 10-Jun-2024 15:52:53 CEST PostProcessEvent
Failed to open file at URL root://eoscms.cern.ch:1094//eos/cms/store/mc/RunIISummer20UL18MiniAODv2/QCD_HT200to300_TuneCP5_PSWeights_13TeV-madgraph-pythia8/MINIAODSIM/106X_upgrade2018_realistic_v16_L1v1-v1/270000/C6E5214F-F558-7F4D-86A9-9EC82AE4E83C.root?tried=.
%MSG
10-Jun-2024 15:52:53 CEST  Fallback request to file root://xrootd-cms.infn.it//store/mc/RunIISummer20UL18MiniAODv2/QCD_HT200to300_TuneCP5_PSWeights_13TeV-madgraph-pythia8/MINIAODSIM/106X_upgrade2018_realistic_v16_L1v1-v1/270000/C6E5214F-F558-7F4D-86A9-9EC82AE4E83C.root
%MSG-w XrdAdaptor:  file_open 10-Jun-2024 15:53:05 CEST PostProcessEvent
Data is served from fnal.gov instead of original site T2_IT_Pisa
%MSG
10-Jun-2024 15:53:06 CEST  Successfully opened file root://xrootd-cms.infn.it//store/mc/RunIISummer20UL18MiniAODv2/QCD_HT200to300_TuneCP5_PSWeights_13TeV-madgraph-pythia8/MINIAODSIM/106X_upgrade2018_realistic_v16_L1v1-v1/270000/C6E5214F-F558-7F4D-86A9-9EC82AE4E83C.root
Begin processing the 300001st record. Run 1, Event 400097027, LumiSection 51001 on stream 0 at 10-Jun-2024 15:53:13.075 CEST
10-Jun-2024 15:53:14 CEST  Closed file root://xrootd-cms.infn.it//store/mc/RunIISummer20UL18MiniAODv2/QCD_HT200to300_TuneCP5_PSWeights_13TeV-madgraph-pythia8/MINIAODSIM/106X_upgrade2018_realistic_v16_L1v1-v1/270000/C6E5214F-F558-7F4D-86A9-9EC82AE4E83C.root
10-Jun-2024 15:53:14 CEST  Initiating request to open file root://eoscms.cern.ch//eos/cms/store/mc/RunIISummer20UL18MiniAODv2/QCD_HT200to300_TuneCP5_PSWeights_13TeV-madgraph-pythia8/MINIAODSIM/106X_upgrade2018_realistic_v16_L1v1-v1/270000/091620B6-F158-DC49-9658-30654373171F.root
%MSG-w XrdAdaptorInternal:  file_open 10-Jun-2024 15:53:15 CEST PostProcessEvent
Failed to open file at URL root://eoscms.cern.ch:1094//eos/cms/store/mc/RunIISummer20UL18MiniAODv2/QCD_HT200to300_TuneCP5_PSWeights_13TeV-madgraph-pythia8/MINIAODSIM/106X_upgrade2018_realistic_v16_L1v1-v1/270000/091620B6-F158-DC49-9658-30654373171F.root.
%MSG
%MSG-w XrdAdaptorInternal:  file_open 10-Jun-2024 15:53:15 CEST PostProcessEvent
Failed to open file at URL root://eoscms.cern.ch:1094//eos/cms/store/mc/RunIISummer20UL18MiniAODv2/QCD_HT200to300_TuneCP5_PSWeights_13TeV-madgraph-pythia8/MINIAODSIM/106X_upgrade2018_realistic_v16_L1v1-v1/270000/091620B6-F158-DC49-9658-30654373171F.root?tried=.
%MSG
10-Jun-2024 15:53:15 CEST  Fallback request to file root://xrootd-cms.infn.it//store/mc/RunIISummer20UL18MiniAODv2/QCD_HT200to300_TuneCP5_PSWeights_13TeV-madgraph-pythia8/MINIAODSIM/106X_upgrade2018_realistic_v16_L1v1-v1/270000/091620B6-F158-DC49-9658-30654373171F.root
%MSG-w XrdAdaptor:  file_open 10-Jun-2024 15:53:28 CEST PostProcessEvent
Data is served from fnal.gov instead of original site T2_IT_Pisa
%MSG
10-Jun-2024 15:53:29 CEST  Successfully opened file root://xrootd-cms.infn.it//store/mc/RunIISummer20UL18MiniAODv2/QCD_HT200to300_TuneCP5_PSWeights_13TeV-madgraph-pythia8/MINIAODSIM/106X_upgrade2018_realistic_v16_L1v1-v1/270000/091620B6-F158-DC49-9658-30654373171F.root
10-Jun-2024 15:53:37 CEST  Closed file root://xrootd-cms.infn.it//store/mc/RunIISummer20UL18MiniAODv2/QCD_HT200to300_TuneCP5_PSWeights_13TeV-madgraph-pythia8/MINIAODSIM/106X_upgrade2018_realistic_v16_L1v1-v1/270000/091620B6-F158-DC49-9658-30654373171F.root
10-Jun-2024 15:53:37 CEST  Initiating request to open file root://eoscms.cern.ch//eos/cms/store/mc/RunIISummer20UL18MiniAODv2/QCD_HT200to300_TuneCP5_PSWeights_13TeV-madgraph-pythia8/MINIAODSIM/106X_upgrade2018_realistic_v16_L1v1-v1/270000/718F67A6-58D0-AB43-9FDF-51EEB443F342.root
%MSG-w XrdAdaptorInternal:  file_open 10-Jun-2024 15:53:38 CEST PostProcessEvent
Failed to open file at URL root://eoscms.cern.ch:1094//eos/cms/store/mc/RunIISummer20UL18MiniAODv2/QCD_HT200to300_TuneCP5_PSWeights_13TeV-madgraph-pythia8/MINIAODSIM/106X_upgrade2018_realistic_v16_L1v1-v1/270000/718F67A6-58D0-AB43-9FDF-51EEB443F342.root.
%MSG
%MSG-w XrdAdaptorInternal:  file_open 10-Jun-2024 15:53:38 CEST PostProcessEvent
Failed to open file at URL root://eoscms.cern.ch:1094//eos/cms/store/mc/RunIISummer20UL18MiniAODv2/QCD_HT200to300_TuneCP5_PSWeights_13TeV-madgraph-pythia8/MINIAODSIM/106X_upgrade2018_realistic_v16_L1v1-v1/270000/718F67A6-58D0-AB43-9FDF-51EEB443F342.root?tried=.
%MSG
10-Jun-2024 15:53:38 CEST  Fallback request to file root://xrootd-cms.infn.it//store/mc/RunIISummer20UL18MiniAODv2/QCD_HT200to300_TuneCP5_PSWeights_13TeV-madgraph-pythia8/MINIAODSIM/106X_upgrade2018_realistic_v16_L1v1-v1/270000/718F67A6-58D0-AB43-9FDF-51EEB443F342.root
%MSG-w XrdAdaptor:  file_open 10-Jun-2024 15:53:51 CEST PostProcessEvent
Data is served from fnal.gov instead of original site T2_IT_Pisa
%MSG
10-Jun-2024 15:53:52 CEST  Successfully opened file root://xrootd-cms.infn.it//store/mc/RunIISummer20UL18MiniAODv2/QCD_HT200to300_TuneCP5_PSWeights_13TeV-madgraph-pythia8/MINIAODSIM/106X_upgrade2018_realistic_v16_L1v1-v1/270000/718F67A6-58D0-AB43-9FDF-51EEB443F342.root
Begin processing the 400001st record. Run 1, Event 408484690, LumiSection 52070 on stream 0 at 10-Jun-2024 15:53:59.794 CEST
10-Jun-2024 15:54:01 CEST  Closed file root://xrootd-cms.infn.it//store/mc/RunIISummer20UL18MiniAODv2/QCD_HT200to300_TuneCP5_PSWeights_13TeV-madgraph-pythia8/MINIAODSIM/106X_upgrade2018_realistic_v16_L1v1-v1/270000/718F67A6-58D0-AB43-9FDF-51EEB443F342.root
10-Jun-2024 15:54:01 CEST  Initiating request to open file root://eoscms.cern.ch//eos/cms/store/mc/RunIISummer20UL18MiniAODv2/QCD_HT200to300_TuneCP5_PSWeights_13TeV-madgraph-pythia8/MINIAODSIM/106X_upgrade2018_realistic_v16_L1v1-v1/270000/EBCE0506-3306-7748-964B-73832055ACF3.root
%MSG-w XrdAdaptorInternal:  file_open 10-Jun-2024 15:54:02 CEST PostProcessEvent
Failed to open file at URL root://eoscms.cern.ch:1094//eos/cms/store/mc/RunIISummer20UL18MiniAODv2/QCD_HT200to300_TuneCP5_PSWeights_13TeV-madgraph-pythia8/MINIAODSIM/106X_upgrade2018_realistic_v16_L1v1-v1/270000/EBCE0506-3306-7748-964B-73832055ACF3.root.
%MSG
%MSG-w XrdAdaptorInternal:  file_open 10-Jun-2024 15:54:02 CEST PostProcessEvent
Failed to open file at URL root://eoscms.cern.ch:1094//eos/cms/store/mc/RunIISummer20UL18MiniAODv2/QCD_HT200to300_TuneCP5_PSWeights_13TeV-madgraph-pythia8/MINIAODSIM/106X_upgrade2018_realistic_v16_L1v1-v1/270000/EBCE0506-3306-7748-964B-73832055ACF3.root?tried=.
%MSG
10-Jun-2024 15:54:02 CEST  Fallback request to file root://xrootd-cms.infn.it//store/mc/RunIISummer20UL18MiniAODv2/QCD_HT200to300_TuneCP5_PSWeights_13TeV-madgraph-pythia8/MINIAODSIM/106X_upgrade2018_realistic_v16_L1v1-v1/270000/EBCE0506-3306-7748-964B-73832055ACF3.root
%MSG-w XrdAdaptor:  file_open 10-Jun-2024 15:54:14 CEST PostProcessEvent
Data is served from fnal.gov instead of original site T2_IT_Pisa
%MSG
10-Jun-2024 15:54:15 CEST  Successfully opened file root://xrootd-cms.infn.it//store/mc/RunIISummer20UL18MiniAODv2/QCD_HT200to300_TuneCP5_PSWeights_13TeV-madgraph-pythia8/MINIAODSIM/106X_upgrade2018_realistic_v16_L1v1-v1/270000/EBCE0506-3306-7748-964B-73832055ACF3.root
Begin processing the 500001st record. Run 1, Event 449244751, LumiSection 57266 on stream 0 at 10-Jun-2024 15:54:24.257 CEST
10-Jun-2024 15:54:24 CEST  Closed file root://xrootd-cms.infn.it//store/mc/RunIISummer20UL18MiniAODv2/QCD_HT200to300_TuneCP5_PSWeights_13TeV-madgraph-pythia8/MINIAODSIM/106X_upgrade2018_realistic_v16_L1v1-v1/270000/EBCE0506-3306-7748-964B-73832055ACF3.root
10-Jun-2024 15:54:24 CEST  Initiating request to open file root://eoscms.cern.ch//eos/cms/store/mc/RunIISummer20UL18MiniAODv2/QCD_HT200to300_TuneCP5_PSWeights_13TeV-madgraph-pythia8/MINIAODSIM/106X_upgrade2018_realistic_v16_L1v1-v1/270000/05B1161C-8F58-054D-83A8-85CC80C6D976.root
%MSG-w XrdAdaptorInternal:  file_open 10-Jun-2024 15:54:25 CEST PostProcessEvent
Failed to open file at URL root://eoscms.cern.ch:1094//eos/cms/store/mc/RunIISummer20UL18MiniAODv2/QCD_HT200to300_TuneCP5_PSWeights_13TeV-madgraph-pythia8/MINIAODSIM/106X_upgrade2018_realistic_v16_L1v1-v1/270000/05B1161C-8F58-054D-83A8-85CC80C6D976.root.
%MSG
%MSG-w XrdAdaptorInternal:  file_open 10-Jun-2024 15:54:25 CEST PostProcessEvent
Failed to open file at URL root://eoscms.cern.ch:1094//eos/cms/store/mc/RunIISummer20UL18MiniAODv2/QCD_HT200to300_TuneCP5_PSWeights_13TeV-madgraph-pythia8/MINIAODSIM/106X_upgrade2018_realistic_v16_L1v1-v1/270000/05B1161C-8F58-054D-83A8-85CC80C6D976.root?tried=.
%MSG
10-Jun-2024 15:54:25 CEST  Fallback request to file root://xrootd-cms.infn.it//store/mc/RunIISummer20UL18MiniAODv2/QCD_HT200to300_TuneCP5_PSWeights_13TeV-madgraph-pythia8/MINIAODSIM/106X_upgrade2018_realistic_v16_L1v1-v1/270000/05B1161C-8F58-054D-83A8-85CC80C6D976.root
%MSG-w XrdAdaptor:  file_open 10-Jun-2024 15:54:39 CEST PostProcessEvent
Data is served from fnal.gov instead of original site T2_IT_Pisa
%MSG
10-Jun-2024 15:54:39 CEST  Successfully opened file root://xrootd-cms.infn.it//store/mc/RunIISummer20UL18MiniAODv2/QCD_HT200to300_TuneCP5_PSWeights_13TeV-madgraph-pythia8/MINIAODSIM/106X_upgrade2018_realistic_v16_L1v1-v1/270000/05B1161C-8F58-054D-83A8-85CC80C6D976.root
10-Jun-2024 15:54:48 CEST  Closed file root://xrootd-cms.infn.it//store/mc/RunIISummer20UL18MiniAODv2/QCD_HT200to300_TuneCP5_PSWeights_13TeV-madgraph-pythia8/MINIAODSIM/106X_upgrade2018_realistic_v16_L1v1-v1/270000/05B1161C-8F58-054D-83A8-85CC80C6D976.root
10-Jun-2024 15:54:48 CEST  Initiating request to open file root://eoscms.cern.ch//eos/cms/store/mc/RunIISummer20UL18MiniAODv2/QCD_HT200to300_TuneCP5_PSWeights_13TeV-madgraph-pythia8/MINIAODSIM/106X_upgrade2018_realistic_v16_L1v1-v1/270000/71F88D35-DC15-364E-9CB9-A68D24C843CB.root
%MSG-w XrdAdaptorInternal:  file_open 10-Jun-2024 15:54:49 CEST PostProcessEvent
Failed to open file at URL root://eoscms.cern.ch:1094//eos/cms/store/mc/RunIISummer20UL18MiniAODv2/QCD_HT200to300_TuneCP5_PSWeights_13TeV-madgraph-pythia8/MINIAODSIM/106X_upgrade2018_realistic_v16_L1v1-v1/270000/71F88D35-DC15-364E-9CB9-A68D24C843CB.root.
%MSG
%MSG-w XrdAdaptorInternal:  file_open 10-Jun-2024 15:54:49 CEST PostProcessEvent
Failed to open file at URL root://eoscms.cern.ch:1094//eos/cms/store/mc/RunIISummer20UL18MiniAODv2/QCD_HT200to300_TuneCP5_PSWeights_13TeV-madgraph-pythia8/MINIAODSIM/106X_upgrade2018_realistic_v16_L1v1-v1/270000/71F88D35-DC15-364E-9CB9-A68D24C843CB.root?tried=.
%MSG
10-Jun-2024 15:54:49 CEST  Fallback request to file root://xrootd-cms.infn.it//store/mc/RunIISummer20UL18MiniAODv2/QCD_HT200to300_TuneCP5_PSWeights_13TeV-madgraph-pythia8/MINIAODSIM/106X_upgrade2018_realistic_v16_L1v1-v1/270000/71F88D35-DC15-364E-9CB9-A68D24C843CB.root
%MSG-w XrdAdaptor:  file_open 10-Jun-2024 15:55:02 CEST PostProcessEvent
Data is served from fnal.gov instead of original site T2_IT_Pisa
%MSG
10-Jun-2024 15:55:02 CEST  Successfully opened file root://xrootd-cms.infn.it//store/mc/RunIISummer20UL18MiniAODv2/QCD_HT200to300_TuneCP5_PSWeights_13TeV-madgraph-pythia8/MINIAODSIM/106X_upgrade2018_realistic_v16_L1v1-v1/270000/71F88D35-DC15-364E-9CB9-A68D24C843CB.root
Begin processing the 600001st record. Run 1, Event 425855252, LumiSection 54284 on stream 0 at 10-Jun-2024 15:55:11.835 CEST
10-Jun-2024 15:55:12 CEST  Closed file root://xrootd-cms.infn.it//store/mc/RunIISummer20UL18MiniAODv2/QCD_HT200to300_TuneCP5_PSWeights_13TeV-madgraph-pythia8/MINIAODSIM/106X_upgrade2018_realistic_v16_L1v1-v1/270000/71F88D35-DC15-364E-9CB9-A68D24C843CB.root
10-Jun-2024 15:55:12 CEST  Initiating request to open file root://eoscms.cern.ch//eos/cms/store/mc/RunIISummer20UL18MiniAODv2/QCD_HT200to300_TuneCP5_PSWeights_13TeV-madgraph-pythia8/MINIAODSIM/106X_upgrade2018_realistic_v16_L1v1-v1/270000/B3DD6383-DB28-EB43-8F33-6E85043570AB.root
%MSG-w XrdAdaptorInternal:  file_open 10-Jun-2024 15:55:13 CEST PostProcessEvent
Failed to open file at URL root://eoscms.cern.ch:1094//eos/cms/store/mc/RunIISummer20UL18MiniAODv2/QCD_HT200to300_TuneCP5_PSWeights_13TeV-madgraph-pythia8/MINIAODSIM/106X_upgrade2018_realistic_v16_L1v1-v1/270000/B3DD6383-DB28-EB43-8F33-6E85043570AB.root.
%MSG
%MSG-w XrdAdaptorInternal:  file_open 10-Jun-2024 15:55:13 CEST PostProcessEvent
Failed to open file at URL root://eoscms.cern.ch:1094//eos/cms/store/mc/RunIISummer20UL18MiniAODv2/QCD_HT200to300_TuneCP5_PSWeights_13TeV-madgraph-pythia8/MINIAODSIM/106X_upgrade2018_realistic_v16_L1v1-v1/270000/B3DD6383-DB28-EB43-8F33-6E85043570AB.root?tried=.
%MSG
10-Jun-2024 15:55:13 CEST  Fallback request to file root://xrootd-cms.infn.it//store/mc/RunIISummer20UL18MiniAODv2/QCD_HT200to300_TuneCP5_PSWeights_13TeV-madgraph-pythia8/MINIAODSIM/106X_upgrade2018_realistic_v16_L1v1-v1/270000/B3DD6383-DB28-EB43-8F33-6E85043570AB.root
%MSG-w XrdAdaptor:  file_open 10-Jun-2024 15:55:26 CEST PostProcessEvent
Data is served from fnal.gov instead of original site T2_IT_Pisa
%MSG
10-Jun-2024 15:55:26 CEST  Successfully opened file root://xrootd-cms.infn.it//store/mc/RunIISummer20UL18MiniAODv2/QCD_HT200to300_TuneCP5_PSWeights_13TeV-madgraph-pythia8/MINIAODSIM/106X_upgrade2018_realistic_v16_L1v1-v1/270000/B3DD6383-DB28-EB43-8F33-6E85043570AB.root
10-Jun-2024 15:55:37 CEST  Closed file root://xrootd-cms.infn.it//store/mc/RunIISummer20UL18MiniAODv2/QCD_HT200to300_TuneCP5_PSWeights_13TeV-madgraph-pythia8/MINIAODSIM/106X_upgrade2018_realistic_v16_L1v1-v1/270000/B3DD6383-DB28-EB43-8F33-6E85043570AB.root
10-Jun-2024 15:55:37 CEST  Initiating request to open file root://eoscms.cern.ch//eos/cms/store/mc/RunIISummer20UL18MiniAODv2/QCD_HT200to300_TuneCP5_PSWeights_13TeV-madgraph-pythia8/MINIAODSIM/106X_upgrade2018_realistic_v16_L1v1-v1/270000/3B08CCCE-E47F-FB4E-B34E-E6AD848F8B2C.root
%MSG-w XrdAdaptorInternal:  file_open 10-Jun-2024 15:55:38 CEST PostProcessEvent
Failed to open file at URL root://eoscms.cern.ch:1094//eos/cms/store/mc/RunIISummer20UL18MiniAODv2/QCD_HT200to300_TuneCP5_PSWeights_13TeV-madgraph-pythia8/MINIAODSIM/106X_upgrade2018_realistic_v16_L1v1-v1/270000/3B08CCCE-E47F-FB4E-B34E-E6AD848F8B2C.root.
%MSG
%MSG-w XrdAdaptorInternal:  file_open 10-Jun-2024 15:55:38 CEST PostProcessEvent
Failed to open file at URL root://eoscms.cern.ch:1094//eos/cms/store/mc/RunIISummer20UL18MiniAODv2/QCD_HT200to300_TuneCP5_PSWeights_13TeV-madgraph-pythia8/MINIAODSIM/106X_upgrade2018_realistic_v16_L1v1-v1/270000/3B08CCCE-E47F-FB4E-B34E-E6AD848F8B2C.root?tried=.
%MSG
10-Jun-2024 15:55:38 CEST  Fallback request to file root://xrootd-cms.infn.it//store/mc/RunIISummer20UL18MiniAODv2/QCD_HT200to300_TuneCP5_PSWeights_13TeV-madgraph-pythia8/MINIAODSIM/106X_upgrade2018_realistic_v16_L1v1-v1/270000/3B08CCCE-E47F-FB4E-B34E-E6AD848F8B2C.root
%MSG-w XrdAdaptor:  file_open 10-Jun-2024 15:55:53 CEST PostProcessEvent
Data is served from fnal.gov instead of original site T2_IT_Pisa
%MSG
10-Jun-2024 15:55:53 CEST  Successfully opened file root://xrootd-cms.infn.it//store/mc/RunIISummer20UL18MiniAODv2/QCD_HT200to300_TuneCP5_PSWeights_13TeV-madgraph-pythia8/MINIAODSIM/106X_upgrade2018_realistic_v16_L1v1-v1/270000/3B08CCCE-E47F-FB4E-B34E-E6AD848F8B2C.root
Begin processing the 700001st record. Run 1, Event 332806398, LumiSection 42423 on stream 0 at 10-Jun-2024 15:56:01.064 CEST
10-Jun-2024 15:56:01 CEST  Closed file root://xrootd-cms.infn.it//store/mc/RunIISummer20UL18MiniAODv2/QCD_HT200to300_TuneCP5_PSWeights_13TeV-madgraph-pythia8/MINIAODSIM/106X_upgrade2018_realistic_v16_L1v1-v1/270000/3B08CCCE-E47F-FB4E-B34E-E6AD848F8B2C.root
10-Jun-2024 15:56:01 CEST  Initiating request to open file root://eoscms.cern.ch//eos/cms/store/mc/RunIISummer20UL18MiniAODv2/QCD_HT200to300_TuneCP5_PSWeights_13TeV-madgraph-pythia8/MINIAODSIM/106X_upgrade2018_realistic_v16_L1v1-v1/270000/BEA7C497-BCEA-9248-9EC1-A69E2B7796E7.root
%MSG-w XrdAdaptorInternal:  file_open 10-Jun-2024 15:56:02 CEST PostProcessEvent
Failed to open file at URL root://eoscms.cern.ch:1094//eos/cms/store/mc/RunIISummer20UL18MiniAODv2/QCD_HT200to300_TuneCP5_PSWeights_13TeV-madgraph-pythia8/MINIAODSIM/106X_upgrade2018_realistic_v16_L1v1-v1/270000/BEA7C497-BCEA-9248-9EC1-A69E2B7796E7.root.
%MSG
%MSG-w XrdAdaptorInternal:  file_open 10-Jun-2024 15:56:02 CEST PostProcessEvent
Failed to open file at URL root://eoscms.cern.ch:1094//eos/cms/store/mc/RunIISummer20UL18MiniAODv2/QCD_HT200to300_TuneCP5_PSWeights_13TeV-madgraph-pythia8/MINIAODSIM/106X_upgrade2018_realistic_v16_L1v1-v1/270000/BEA7C497-BCEA-9248-9EC1-A69E2B7796E7.root?tried=.
%MSG
10-Jun-2024 15:56:02 CEST  Fallback request to file root://xrootd-cms.infn.it//store/mc/RunIISummer20UL18MiniAODv2/QCD_HT200to300_TuneCP5_PSWeights_13TeV-madgraph-pythia8/MINIAODSIM/106X_upgrade2018_realistic_v16_L1v1-v1/270000/BEA7C497-BCEA-9248-9EC1-A69E2B7796E7.root
%MSG-w XrdAdaptor:  file_open 10-Jun-2024 15:56:15 CEST PostProcessEvent
Data is served from fnal.gov instead of original site T2_IT_Pisa
%MSG
10-Jun-2024 15:56:15 CEST  Successfully opened file root://xrootd-cms.infn.it//store/mc/RunIISummer20UL18MiniAODv2/QCD_HT200to300_TuneCP5_PSWeights_13TeV-madgraph-pythia8/MINIAODSIM/106X_upgrade2018_realistic_v16_L1v1-v1/270000/BEA7C497-BCEA-9248-9EC1-A69E2B7796E7.root
10-Jun-2024 15:56:24 CEST  Closed file root://xrootd-cms.infn.it//store/mc/RunIISummer20UL18MiniAODv2/QCD_HT200to300_TuneCP5_PSWeights_13TeV-madgraph-pythia8/MINIAODSIM/106X_upgrade2018_realistic_v16_L1v1-v1/270000/BEA7C497-BCEA-9248-9EC1-A69E2B7796E7.root
10-Jun-2024 15:56:24 CEST  Initiating request to open file root://eoscms.cern.ch//eos/cms/store/mc/RunIISummer20UL18MiniAODv2/QCD_HT200to300_TuneCP5_PSWeights_13TeV-madgraph-pythia8/MINIAODSIM/106X_upgrade2018_realistic_v16_L1v1-v1/270000/8156BB37-FB89-DB48-855F-2CEF7605CF3A.root
%MSG-w XrdAdaptorInternal:  file_open 10-Jun-2024 15:56:25 CEST PostProcessEvent
Failed to open file at URL root://eoscms.cern.ch:1094//eos/cms/store/mc/RunIISummer20UL18MiniAODv2/QCD_HT200to300_TuneCP5_PSWeights_13TeV-madgraph-pythia8/MINIAODSIM/106X_upgrade2018_realistic_v16_L1v1-v1/270000/8156BB37-FB89-DB48-855F-2CEF7605CF3A.root.
%MSG
%MSG-w XrdAdaptorInternal:  file_open 10-Jun-2024 15:56:25 CEST PostProcessEvent
Failed to open file at URL root://eoscms.cern.ch:1094//eos/cms/store/mc/RunIISummer20UL18MiniAODv2/QCD_HT200to300_TuneCP5_PSWeights_13TeV-madgraph-pythia8/MINIAODSIM/106X_upgrade2018_realistic_v16_L1v1-v1/270000/8156BB37-FB89-DB48-855F-2CEF7605CF3A.root?tried=.
%MSG
10-Jun-2024 15:56:25 CEST  Fallback request to file root://xrootd-cms.infn.it//store/mc/RunIISummer20UL18MiniAODv2/QCD_HT200to300_TuneCP5_PSWeights_13TeV-madgraph-pythia8/MINIAODSIM/106X_upgrade2018_realistic_v16_L1v1-v1/270000/8156BB37-FB89-DB48-855F-2CEF7605CF3A.root
%MSG-w XrdAdaptor:  file_open 10-Jun-2024 15:56:38 CEST PostProcessEvent
Data is served from fnal.gov instead of original site T2_IT_Pisa
%MSG
10-Jun-2024 15:56:38 CEST  Successfully opened file root://xrootd-cms.infn.it//store/mc/RunIISummer20UL18MiniAODv2/QCD_HT200to300_TuneCP5_PSWeights_13TeV-madgraph-pythia8/MINIAODSIM/106X_upgrade2018_realistic_v16_L1v1-v1/270000/8156BB37-FB89-DB48-855F-2CEF7605CF3A.root
Begin processing the 800001st record. Run 1, Event 297017568, LumiSection 37861 on stream 0 at 10-Jun-2024 15:56:50.647 CEST
10-Jun-2024 15:56:50 CEST  Closed file root://xrootd-cms.infn.it//store/mc/RunIISummer20UL18MiniAODv2/QCD_HT200to300_TuneCP5_PSWeights_13TeV-madgraph-pythia8/MINIAODSIM/106X_upgrade2018_realistic_v16_L1v1-v1/270000/8156BB37-FB89-DB48-855F-2CEF7605CF3A.root
10-Jun-2024 15:56:50 CEST  Initiating request to open file root://eoscms.cern.ch//eos/cms/store/mc/RunIISummer20UL18MiniAODv2/QCD_HT200to300_TuneCP5_PSWeights_13TeV-madgraph-pythia8/MINIAODSIM/106X_upgrade2018_realistic_v16_L1v1-v1/270000/8806D271-2A0F-0142-A680-4CAD6FAC749B.root
%MSG-w XrdAdaptorInternal:  file_open 10-Jun-2024 15:56:51 CEST PostProcessEvent
Failed to open file at URL root://eoscms.cern.ch:1094//eos/cms/store/mc/RunIISummer20UL18MiniAODv2/QCD_HT200to300_TuneCP5_PSWeights_13TeV-madgraph-pythia8/MINIAODSIM/106X_upgrade2018_realistic_v16_L1v1-v1/270000/8806D271-2A0F-0142-A680-4CAD6FAC749B.root.
%MSG
%MSG-w XrdAdaptorInternal:  file_open 10-Jun-2024 15:56:51 CEST PostProcessEvent
Failed to open file at URL root://eoscms.cern.ch:1094//eos/cms/store/mc/RunIISummer20UL18MiniAODv2/QCD_HT200to300_TuneCP5_PSWeights_13TeV-madgraph-pythia8/MINIAODSIM/106X_upgrade2018_realistic_v16_L1v1-v1/270000/8806D271-2A0F-0142-A680-4CAD6FAC749B.root?tried=.
%MSG
10-Jun-2024 15:56:51 CEST  Fallback request to file root://xrootd-cms.infn.it//store/mc/RunIISummer20UL18MiniAODv2/QCD_HT200to300_TuneCP5_PSWeights_13TeV-madgraph-pythia8/MINIAODSIM/106X_upgrade2018_realistic_v16_L1v1-v1/270000/8806D271-2A0F-0142-A680-4CAD6FAC749B.root
%MSG-w XrdAdaptor:  file_open 10-Jun-2024 15:57:04 CEST PostProcessEvent
Data is served from fnal.gov instead of original site T2_IT_Pisa
%MSG
10-Jun-2024 15:57:04 CEST  Successfully opened file root://xrootd-cms.infn.it//store/mc/RunIISummer20UL18MiniAODv2/QCD_HT200to300_TuneCP5_PSWeights_13TeV-madgraph-pythia8/MINIAODSIM/106X_upgrade2018_realistic_v16_L1v1-v1/270000/8806D271-2A0F-0142-A680-4CAD6FAC749B.root
10-Jun-2024 15:57:13 CEST  Closed file root://xrootd-cms.infn.it//store/mc/RunIISummer20UL18MiniAODv2/QCD_HT200to300_TuneCP5_PSWeights_13TeV-madgraph-pythia8/MINIAODSIM/106X_upgrade2018_realistic_v16_L1v1-v1/270000/8806D271-2A0F-0142-A680-4CAD6FAC749B.root
10-Jun-2024 15:57:13 CEST  Initiating request to open file root://eoscms.cern.ch//eos/cms/store/mc/RunIISummer20UL18MiniAODv2/QCD_HT200to300_TuneCP5_PSWeights_13TeV-madgraph-pythia8/MINIAODSIM/106X_upgrade2018_realistic_v16_L1v1-v1/270000/CF33FD6F-05E3-FF45-8C23-AF3958353F3D.root
%MSG-w XrdAdaptorInternal:  file_open 10-Jun-2024 15:57:14 CEST PostProcessEvent
Failed to open file at URL root://eoscms.cern.ch:1094//eos/cms/store/mc/RunIISummer20UL18MiniAODv2/QCD_HT200to300_TuneCP5_PSWeights_13TeV-madgraph-pythia8/MINIAODSIM/106X_upgrade2018_realistic_v16_L1v1-v1/270000/CF33FD6F-05E3-FF45-8C23-AF3958353F3D.root.
%MSG
%MSG-w XrdAdaptorInternal:  file_open 10-Jun-2024 15:57:14 CEST PostProcessEvent
Failed to open file at URL root://eoscms.cern.ch:1094//eos/cms/store/mc/RunIISummer20UL18MiniAODv2/QCD_HT200to300_TuneCP5_PSWeights_13TeV-madgraph-pythia8/MINIAODSIM/106X_upgrade2018_realistic_v16_L1v1-v1/270000/CF33FD6F-05E3-FF45-8C23-AF3958353F3D.root?tried=.
%MSG
10-Jun-2024 15:57:14 CEST  Fallback request to file root://xrootd-cms.infn.it//store/mc/RunIISummer20UL18MiniAODv2/QCD_HT200to300_TuneCP5_PSWeights_13TeV-madgraph-pythia8/MINIAODSIM/106X_upgrade2018_realistic_v16_L1v1-v1/270000/CF33FD6F-05E3-FF45-8C23-AF3958353F3D.root
%MSG-w XrdAdaptor:  file_open 10-Jun-2024 15:57:27 CEST PostProcessEvent
Data is served from fnal.gov instead of original site T2_IT_Pisa
%MSG
10-Jun-2024 15:57:27 CEST  Successfully opened file root://xrootd-cms.infn.it//store/mc/RunIISummer20UL18MiniAODv2/QCD_HT200to300_TuneCP5_PSWeights_13TeV-madgraph-pythia8/MINIAODSIM/106X_upgrade2018_realistic_v16_L1v1-v1/270000/CF33FD6F-05E3-FF45-8C23-AF3958353F3D.root
10-Jun-2024 15:57:35 CEST  Closed file root://xrootd-cms.infn.it//store/mc/RunIISummer20UL18MiniAODv2/QCD_HT200to300_TuneCP5_PSWeights_13TeV-madgraph-pythia8/MINIAODSIM/106X_upgrade2018_realistic_v16_L1v1-v1/270000/CF33FD6F-05E3-FF45-8C23-AF3958353F3D.root
10-Jun-2024 15:57:35 CEST  Initiating request to open file root://eoscms.cern.ch//eos/cms/store/mc/RunIISummer20UL18MiniAODv2/QCD_HT200to300_TuneCP5_PSWeights_13TeV-madgraph-pythia8/MINIAODSIM/106X_upgrade2018_realistic_v16_L1v1-v1/270000/004A2084-7E03-3E40-AEEE-120113D17C57.root
%MSG-w XrdAdaptorInternal:  file_open 10-Jun-2024 15:57:36 CEST PostProcessEvent
Failed to open file at URL root://eoscms.cern.ch:1094//eos/cms/store/mc/RunIISummer20UL18MiniAODv2/QCD_HT200to300_TuneCP5_PSWeights_13TeV-madgraph-pythia8/MINIAODSIM/106X_upgrade2018_realistic_v16_L1v1-v1/270000/004A2084-7E03-3E40-AEEE-120113D17C57.root.
%MSG
%MSG-w XrdAdaptorInternal:  file_open 10-Jun-2024 15:57:36 CEST PostProcessEvent
Failed to open file at URL root://eoscms.cern.ch:1094//eos/cms/store/mc/RunIISummer20UL18MiniAODv2/QCD_HT200to300_TuneCP5_PSWeights_13TeV-madgraph-pythia8/MINIAODSIM/106X_upgrade2018_realistic_v16_L1v1-v1/270000/004A2084-7E03-3E40-AEEE-120113D17C57.root?tried=.
%MSG
10-Jun-2024 15:57:36 CEST  Fallback request to file root://xrootd-cms.infn.it//store/mc/RunIISummer20UL18MiniAODv2/QCD_HT200to300_TuneCP5_PSWeights_13TeV-madgraph-pythia8/MINIAODSIM/106X_upgrade2018_realistic_v16_L1v1-v1/270000/004A2084-7E03-3E40-AEEE-120113D17C57.root
%MSG-w XrdAdaptor:  file_open 10-Jun-2024 15:57:49 CEST PostProcessEvent
Data is served from fnal.gov instead of original site T2_IT_Pisa
%MSG
10-Jun-2024 15:57:49 CEST  Successfully opened file root://xrootd-cms.infn.it//store/mc/RunIISummer20UL18MiniAODv2/QCD_HT200to300_TuneCP5_PSWeights_13TeV-madgraph-pythia8/MINIAODSIM/106X_upgrade2018_realistic_v16_L1v1-v1/270000/004A2084-7E03-3E40-AEEE-120113D17C57.root
Begin processing the 900001st record. Run 1, Event 239868259, LumiSection 30576 on stream 0 at 10-Jun-2024 15:57:57.022 CEST
10-Jun-2024 15:57:58 CEST  Closed file root://xrootd-cms.infn.it//store/mc/RunIISummer20UL18MiniAODv2/QCD_HT200to300_TuneCP5_PSWeights_13TeV-madgraph-pythia8/MINIAODSIM/106X_upgrade2018_realistic_v16_L1v1-v1/270000/004A2084-7E03-3E40-AEEE-120113D17C57.root
10-Jun-2024 15:57:58 CEST  Initiating request to open file root://eoscms.cern.ch//eos/cms/store/mc/RunIISummer20UL18MiniAODv2/QCD_HT200to300_TuneCP5_PSWeights_13TeV-madgraph-pythia8/MINIAODSIM/106X_upgrade2018_realistic_v16_L1v1-v1/270000/69704FAF-9B6B-0C44-8D91-53E3EA8DAD46.root
%MSG-w XrdAdaptorInternal:  file_open 10-Jun-2024 15:57:59 CEST PostProcessEvent
Failed to open file at URL root://eoscms.cern.ch:1094//eos/cms/store/mc/RunIISummer20UL18MiniAODv2/QCD_HT200to300_TuneCP5_PSWeights_13TeV-madgraph-pythia8/MINIAODSIM/106X_upgrade2018_realistic_v16_L1v1-v1/270000/69704FAF-9B6B-0C44-8D91-53E3EA8DAD46.root.
%MSG
%MSG-w XrdAdaptorInternal:  file_open 10-Jun-2024 15:57:59 CEST PostProcessEvent
Failed to open file at URL root://eoscms.cern.ch:1094//eos/cms/store/mc/RunIISummer20UL18MiniAODv2/QCD_HT200to300_TuneCP5_PSWeights_13TeV-madgraph-pythia8/MINIAODSIM/106X_upgrade2018_realistic_v16_L1v1-v1/270000/69704FAF-9B6B-0C44-8D91-53E3EA8DAD46.root?tried=.
%MSG
10-Jun-2024 15:57:59 CEST  Fallback request to file root://xrootd-cms.infn.it//store/mc/RunIISummer20UL18MiniAODv2/QCD_HT200to300_TuneCP5_PSWeights_13TeV-madgraph-pythia8/MINIAODSIM/106X_upgrade2018_realistic_v16_L1v1-v1/270000/69704FAF-9B6B-0C44-8D91-53E3EA8DAD46.root
%MSG-w XrdAdaptor:  file_open 10-Jun-2024 15:58:12 CEST PostProcessEvent
Data is served from fnal.gov instead of original site T2_IT_Pisa
%MSG
10-Jun-2024 15:58:13 CEST  Successfully opened file root://xrootd-cms.infn.it//store/mc/RunIISummer20UL18MiniAODv2/QCD_HT200to300_TuneCP5_PSWeights_13TeV-madgraph-pythia8/MINIAODSIM/106X_upgrade2018_realistic_v16_L1v1-v1/270000/69704FAF-9B6B-0C44-8D91-53E3EA8DAD46.root
10-Jun-2024 15:58:20 CEST  Closed file root://xrootd-cms.infn.it//store/mc/RunIISummer20UL18MiniAODv2/QCD_HT200to300_TuneCP5_PSWeights_13TeV-madgraph-pythia8/MINIAODSIM/106X_upgrade2018_realistic_v16_L1v1-v1/270000/69704FAF-9B6B-0C44-8D91-53E3EA8DAD46.root
10-Jun-2024 15:58:20 CEST  Initiating request to open file root://eoscms.cern.ch//eos/cms/store/mc/RunIISummer20UL18MiniAODv2/QCD_HT200to300_TuneCP5_PSWeights_13TeV-madgraph-pythia8/MINIAODSIM/106X_upgrade2018_realistic_v16_L1v1-v1/270000/79157C73-2380-DB46-BEBD-A73DE6A36E6B.root
%MSG-w XrdAdaptorInternal:  file_open 10-Jun-2024 15:58:21 CEST PostProcessEvent
Failed to open file at URL root://eoscms.cern.ch:1094//eos/cms/store/mc/RunIISummer20UL18MiniAODv2/QCD_HT200to300_TuneCP5_PSWeights_13TeV-madgraph-pythia8/MINIAODSIM/106X_upgrade2018_realistic_v16_L1v1-v1/270000/79157C73-2380-DB46-BEBD-A73DE6A36E6B.root.
%MSG
%MSG-w XrdAdaptorInternal:  file_open 10-Jun-2024 15:58:21 CEST PostProcessEvent
Failed to open file at URL root://eoscms.cern.ch:1094//eos/cms/store/mc/RunIISummer20UL18MiniAODv2/QCD_HT200to300_TuneCP5_PSWeights_13TeV-madgraph-pythia8/MINIAODSIM/106X_upgrade2018_realistic_v16_L1v1-v1/270000/79157C73-2380-DB46-BEBD-A73DE6A36E6B.root?tried=.
%MSG
10-Jun-2024 15:58:21 CEST  Fallback request to file root://xrootd-cms.infn.it//store/mc/RunIISummer20UL18MiniAODv2/QCD_HT200to300_TuneCP5_PSWeights_13TeV-madgraph-pythia8/MINIAODSIM/106X_upgrade2018_realistic_v16_L1v1-v1/270000/79157C73-2380-DB46-BEBD-A73DE6A36E6B.root
%MSG-w XrdAdaptor:  file_open 10-Jun-2024 15:58:34 CEST PostProcessEvent
Data is served from fnal.gov instead of original site T2_IT_Pisa
%MSG
10-Jun-2024 15:58:35 CEST  Successfully opened file root://xrootd-cms.infn.it//store/mc/RunIISummer20UL18MiniAODv2/QCD_HT200to300_TuneCP5_PSWeights_13TeV-madgraph-pythia8/MINIAODSIM/106X_upgrade2018_realistic_v16_L1v1-v1/270000/79157C73-2380-DB46-BEBD-A73DE6A36E6B.root
4036236.000000  28743.080000   1650.597000             1
 926224.000000   9890.399000   1650.597000             0
7986477.000000  34463.290000   1650.597000             2
 
10-Jun-2024 15:58:42 CEST  Closed file root://xrootd-cms.infn.it//store/mc/RunIISummer20UL18MiniAODv2/QCD_HT200to300_TuneCP5_PSWeights_13TeV-madgraph-pythia8/MINIAODSIM/106X_upgrade2018_realistic_v16_L1v1-v1/270000/79157C73-2380-DB46-BEBD-A73DE6A36E6B.root

------------------------------------
GenXsecAnalyzer:
------------------------------------
-------------------------------------------------------------------------------------------------------------------------------------------------------------------------- 
Overall cross-section summary 
--------------------------------------------------------------------------------------------------------------------------------------------------------------------------
Process		xsec_before [pb]		passed	nposw	nnegw	tried	nposw	nnegw 	xsec_match [pb]			accepted [%]	 event_eff [%]
0		9.358e+05 +/- 3.050e+02		63881	63881	0	610994	610994	0	9.784e+04 +/- 3.677e+02		10.5 +/- 0.0	10.5 +/- 0.0
1		4.005e+06 +/- 9.461e+02		185120	185120	0	2595446	2595446	0	2.856e+05 +/- 6.433e+02		7.1 +/- 0.0	7.1 +/- 0.0
2		7.956e+06 +/- 1.038e+03		751198	751198	0	5124950	5124950	0	1.166e+06 +/- 1.252e+03		14.7 +/- 0.0	14.7 +/- 0.0
-------------------------------------------------------------------------------------------------------------------------------------------------------------------------- 
Total		1.290e+07 +/- 1.437e+03		1000199	1000199	0	8331390	8331390	0	1.548e+06 +/- 1.462e+03		12.0 +/- 0.0	12.0 +/- 0.0
--------------------------------------------------------------------------------------------------------------------------------------------------------------------------
Before matching: total cross section = 1.290e+07 +- 1.437e+03 pb
After matching: total cross section = 1.548e+06 +- 1.462e+03 pb
Matching efficiency = 0.1 +/- 0.0   [TO BE USED IN MCM]
Filter efficiency (taking into account weights)= (1.0002e+06) / (1.0002e+06) = 1.000e+00 +- 0.000e+00
Filter efficiency (event-level)= (1.0002e+06) / (1.0002e+06) = 1.000e+00 +- 0.000e+00    [TO BE USED IN MCM]

After filter: final cross section = 1.548e+06 +- 1.462e+03 pb
After filter: final fraction of events with negative weights = 0.000e+00 +- 0.000e+00
After filter: final equivalent lumi for 1M events (1/fb) = 6.459e-04 +- 8.884e-07

=============================================

MessageLogger Summary

 type     category        sev    module        subroutine        count    total
 ---- -------------------- -- ---------------- ----------------  -----    -----
    1 GenXSecAnalyzer      -w GenXSecAnalyzer:                      17       17
    2 XrdAdaptor           -w file_open                             20       20
    3 XrdAdaptorInternal   -w file_open                             40       40
    4 fileAction           -s file_close                            20       20
    5 fileAction           -s file_open                             60       60

 type    category    Examples: run/evt        run/evt          run/evt
 ---- -------------------- ---------------- ---------------- ----------------
    1 GenXSecAnalyzer      PostGlobalEndRun PostGlobalEndRun PostGlobalEndRun
    2 XrdAdaptor           pre-events       PostProcessEvent PostProcessEvent
    3 XrdAdaptorInternal   pre-events       pre-events       PostProcessEvent
    4 fileAction           PostProcessEvent PostProcessEvent PostGlobalEndRun
    5 fileAction           pre-events       pre-events       PostProcessEvent

Severity    # Occurrences   Total Occurrences
--------    -------------   -----------------
Warning                77                  77
System                 80                  80

dropped waiting message count 0
