10-Jun-2024 15:34:19 CEST  Initiating request to open file root://eoscms.cern.ch//eos/cms/store/mc/RunIISummer20UL18MiniAODv2/QCD_HT50to100_TuneCP5_PSWeights_13TeV-madgraph-pythia8/MINIAODSIM/106X_upgrade2018_realistic_v16_L1v1-v1/30000/523AD769-EA01-9945-AB41-63922C7487BA.root
%MSG-w XrdAdaptorInternal:  file_open 10-Jun-2024 15:34:32 CEST pre-events
Failed to open file at URL root://eoscms.cern.ch:1094//eos/cms/store/mc/RunIISummer20UL18MiniAODv2/QCD_HT50to100_TuneCP5_PSWeights_13TeV-madgraph-pythia8/MINIAODSIM/106X_upgrade2018_realistic_v16_L1v1-v1/30000/523AD769-EA01-9945-AB41-63922C7487BA.root.
%MSG
%MSG-w XrdAdaptorInternal:  file_open 10-Jun-2024 15:34:32 CEST pre-events
Failed to open file at URL root://eoscms.cern.ch:1094//eos/cms/store/mc/RunIISummer20UL18MiniAODv2/QCD_HT50to100_TuneCP5_PSWeights_13TeV-madgraph-pythia8/MINIAODSIM/106X_upgrade2018_realistic_v16_L1v1-v1/30000/523AD769-EA01-9945-AB41-63922C7487BA.root?tried=.
%MSG
10-Jun-2024 15:34:32 CEST  Fallback request to file root://xrootd-cms.infn.it//store/mc/RunIISummer20UL18MiniAODv2/QCD_HT50to100_TuneCP5_PSWeights_13TeV-madgraph-pythia8/MINIAODSIM/106X_upgrade2018_realistic_v16_L1v1-v1/30000/523AD769-EA01-9945-AB41-63922C7487BA.root
%MSG-w XrdAdaptor:  file_open 10-Jun-2024 15:34:48 CEST pre-events
Data is served from T2_US_MIT instead of original site T2_FR_GRIF_LLR
%MSG
10-Jun-2024 15:35:19 CEST  Successfully opened file root://xrootd-cms.infn.it//store/mc/RunIISummer20UL18MiniAODv2/QCD_HT50to100_TuneCP5_PSWeights_13TeV-madgraph-pythia8/MINIAODSIM/106X_upgrade2018_realistic_v16_L1v1-v1/30000/523AD769-EA01-9945-AB41-63922C7487BA.root
Begin processing the 1st record. Run 1, Event 7256001, LumiSection 1815 on stream 0 at 10-Jun-2024 15:35:33.653 CEST
10-Jun-2024 15:35:36 CEST  Closed file root://xrootd-cms.infn.it//store/mc/RunIISummer20UL18MiniAODv2/QCD_HT50to100_TuneCP5_PSWeights_13TeV-madgraph-pythia8/MINIAODSIM/106X_upgrade2018_realistic_v16_L1v1-v1/30000/523AD769-EA01-9945-AB41-63922C7487BA.root
10-Jun-2024 15:35:36 CEST  Initiating request to open file root://eoscms.cern.ch//eos/cms/store/mc/RunIISummer20UL18MiniAODv2/QCD_HT50to100_TuneCP5_PSWeights_13TeV-madgraph-pythia8/MINIAODSIM/106X_upgrade2018_realistic_v16_L1v1-v1/30000/15B74954-F048-6745-AEF2-8C7A2E6EDE50.root
%MSG-w XrdAdaptorInternal:  file_open 10-Jun-2024 15:35:37 CEST PostProcessEvent
Failed to open file at URL root://eoscms.cern.ch:1094//eos/cms/store/mc/RunIISummer20UL18MiniAODv2/QCD_HT50to100_TuneCP5_PSWeights_13TeV-madgraph-pythia8/MINIAODSIM/106X_upgrade2018_realistic_v16_L1v1-v1/30000/15B74954-F048-6745-AEF2-8C7A2E6EDE50.root.
%MSG
%MSG-w XrdAdaptorInternal:  file_open 10-Jun-2024 15:35:37 CEST PostProcessEvent
Failed to open file at URL root://eoscms.cern.ch:1094//eos/cms/store/mc/RunIISummer20UL18MiniAODv2/QCD_HT50to100_TuneCP5_PSWeights_13TeV-madgraph-pythia8/MINIAODSIM/106X_upgrade2018_realistic_v16_L1v1-v1/30000/15B74954-F048-6745-AEF2-8C7A2E6EDE50.root?tried=.
%MSG
10-Jun-2024 15:35:37 CEST  Fallback request to file root://xrootd-cms.infn.it//store/mc/RunIISummer20UL18MiniAODv2/QCD_HT50to100_TuneCP5_PSWeights_13TeV-madgraph-pythia8/MINIAODSIM/106X_upgrade2018_realistic_v16_L1v1-v1/30000/15B74954-F048-6745-AEF2-8C7A2E6EDE50.root
%MSG-w XrdAdaptor:  file_open 10-Jun-2024 15:35:50 CEST PostProcessEvent
Data is served from T2_US_MIT instead of original site T2_FR_GRIF_LLR
%MSG
10-Jun-2024 15:35:51 CEST  Successfully opened file root://xrootd-cms.infn.it//store/mc/RunIISummer20UL18MiniAODv2/QCD_HT50to100_TuneCP5_PSWeights_13TeV-madgraph-pythia8/MINIAODSIM/106X_upgrade2018_realistic_v16_L1v1-v1/30000/15B74954-F048-6745-AEF2-8C7A2E6EDE50.root
Begin processing the 100001st record. Run 1, Event 84609839, LumiSection 21153 on stream 0 at 10-Jun-2024 15:35:59.846 CEST
10-Jun-2024 15:36:01 CEST  Closed file root://xrootd-cms.infn.it//store/mc/RunIISummer20UL18MiniAODv2/QCD_HT50to100_TuneCP5_PSWeights_13TeV-madgraph-pythia8/MINIAODSIM/106X_upgrade2018_realistic_v16_L1v1-v1/30000/15B74954-F048-6745-AEF2-8C7A2E6EDE50.root
10-Jun-2024 15:36:01 CEST  Initiating request to open file root://eoscms.cern.ch//eos/cms/store/mc/RunIISummer20UL18MiniAODv2/QCD_HT50to100_TuneCP5_PSWeights_13TeV-madgraph-pythia8/MINIAODSIM/106X_upgrade2018_realistic_v16_L1v1-v1/30000/600AED06-F468-9B44-B8CE-067C1A4045CF.root
%MSG-w XrdAdaptorInternal:  file_open 10-Jun-2024 15:36:02 CEST PostProcessEvent
Failed to open file at URL root://eoscms.cern.ch:1094//eos/cms/store/mc/RunIISummer20UL18MiniAODv2/QCD_HT50to100_TuneCP5_PSWeights_13TeV-madgraph-pythia8/MINIAODSIM/106X_upgrade2018_realistic_v16_L1v1-v1/30000/600AED06-F468-9B44-B8CE-067C1A4045CF.root.
%MSG
%MSG-w XrdAdaptorInternal:  file_open 10-Jun-2024 15:36:02 CEST PostProcessEvent
Failed to open file at URL root://eoscms.cern.ch:1094//eos/cms/store/mc/RunIISummer20UL18MiniAODv2/QCD_HT50to100_TuneCP5_PSWeights_13TeV-madgraph-pythia8/MINIAODSIM/106X_upgrade2018_realistic_v16_L1v1-v1/30000/600AED06-F468-9B44-B8CE-067C1A4045CF.root?tried=.
%MSG
10-Jun-2024 15:36:02 CEST  Fallback request to file root://xrootd-cms.infn.it//store/mc/RunIISummer20UL18MiniAODv2/QCD_HT50to100_TuneCP5_PSWeights_13TeV-madgraph-pythia8/MINIAODSIM/106X_upgrade2018_realistic_v16_L1v1-v1/30000/600AED06-F468-9B44-B8CE-067C1A4045CF.root
%MSG-w XrdAdaptor:  file_open 10-Jun-2024 15:36:16 CEST PostProcessEvent
Data is served from T2_US_MIT instead of original site T2_FR_GRIF_LLR
%MSG
10-Jun-2024 15:36:17 CEST  Successfully opened file root://xrootd-cms.infn.it//store/mc/RunIISummer20UL18MiniAODv2/QCD_HT50to100_TuneCP5_PSWeights_13TeV-madgraph-pythia8/MINIAODSIM/106X_upgrade2018_realistic_v16_L1v1-v1/30000/600AED06-F468-9B44-B8CE-067C1A4045CF.root
Begin processing the 200001st record. Run 1, Event 10588123, LumiSection 2648 on stream 0 at 10-Jun-2024 15:36:26.093 CEST
10-Jun-2024 15:36:27 CEST  Closed file root://xrootd-cms.infn.it//store/mc/RunIISummer20UL18MiniAODv2/QCD_HT50to100_TuneCP5_PSWeights_13TeV-madgraph-pythia8/MINIAODSIM/106X_upgrade2018_realistic_v16_L1v1-v1/30000/600AED06-F468-9B44-B8CE-067C1A4045CF.root
10-Jun-2024 15:36:27 CEST  Initiating request to open file root://eoscms.cern.ch//eos/cms/store/mc/RunIISummer20UL18MiniAODv2/QCD_HT50to100_TuneCP5_PSWeights_13TeV-madgraph-pythia8/MINIAODSIM/106X_upgrade2018_realistic_v16_L1v1-v1/30000/FB0B0629-119E-CA4F-A3D2-51C2F16755FF.root
%MSG-w XrdAdaptorInternal:  file_open 10-Jun-2024 15:36:28 CEST PostProcessEvent
Failed to open file at URL root://eoscms.cern.ch:1094//eos/cms/store/mc/RunIISummer20UL18MiniAODv2/QCD_HT50to100_TuneCP5_PSWeights_13TeV-madgraph-pythia8/MINIAODSIM/106X_upgrade2018_realistic_v16_L1v1-v1/30000/FB0B0629-119E-CA4F-A3D2-51C2F16755FF.root.
%MSG
%MSG-w XrdAdaptorInternal:  file_open 10-Jun-2024 15:36:28 CEST PostProcessEvent
Failed to open file at URL root://eoscms.cern.ch:1094//eos/cms/store/mc/RunIISummer20UL18MiniAODv2/QCD_HT50to100_TuneCP5_PSWeights_13TeV-madgraph-pythia8/MINIAODSIM/106X_upgrade2018_realistic_v16_L1v1-v1/30000/FB0B0629-119E-CA4F-A3D2-51C2F16755FF.root?tried=.
%MSG
10-Jun-2024 15:36:28 CEST  Fallback request to file root://xrootd-cms.infn.it//store/mc/RunIISummer20UL18MiniAODv2/QCD_HT50to100_TuneCP5_PSWeights_13TeV-madgraph-pythia8/MINIAODSIM/106X_upgrade2018_realistic_v16_L1v1-v1/30000/FB0B0629-119E-CA4F-A3D2-51C2F16755FF.root
%MSG-w XrdAdaptor:  file_open 10-Jun-2024 15:36:42 CEST PostProcessEvent
Data is served from T2_US_MIT instead of original site T2_FR_GRIF_LLR
%MSG
10-Jun-2024 15:36:43 CEST  Successfully opened file root://xrootd-cms.infn.it//store/mc/RunIISummer20UL18MiniAODv2/QCD_HT50to100_TuneCP5_PSWeights_13TeV-madgraph-pythia8/MINIAODSIM/106X_upgrade2018_realistic_v16_L1v1-v1/30000/FB0B0629-119E-CA4F-A3D2-51C2F16755FF.root
Begin processing the 300001st record. Run 1, Event 14431459, LumiSection 3608 on stream 0 at 10-Jun-2024 15:36:53.969 CEST
10-Jun-2024 15:36:55 CEST  Closed file root://xrootd-cms.infn.it//store/mc/RunIISummer20UL18MiniAODv2/QCD_HT50to100_TuneCP5_PSWeights_13TeV-madgraph-pythia8/MINIAODSIM/106X_upgrade2018_realistic_v16_L1v1-v1/30000/FB0B0629-119E-CA4F-A3D2-51C2F16755FF.root
10-Jun-2024 15:36:55 CEST  Initiating request to open file root://eoscms.cern.ch//eos/cms/store/mc/RunIISummer20UL18MiniAODv2/QCD_HT50to100_TuneCP5_PSWeights_13TeV-madgraph-pythia8/MINIAODSIM/106X_upgrade2018_realistic_v16_L1v1-v1/30000/87B5837F-D675-4E48-88EF-06D04975852B.root
%MSG-w XrdAdaptorInternal:  file_open 10-Jun-2024 15:36:56 CEST PostProcessEvent
Failed to open file at URL root://eoscms.cern.ch:1094//eos/cms/store/mc/RunIISummer20UL18MiniAODv2/QCD_HT50to100_TuneCP5_PSWeights_13TeV-madgraph-pythia8/MINIAODSIM/106X_upgrade2018_realistic_v16_L1v1-v1/30000/87B5837F-D675-4E48-88EF-06D04975852B.root.
%MSG
%MSG-w XrdAdaptorInternal:  file_open 10-Jun-2024 15:36:56 CEST PostProcessEvent
Failed to open file at URL root://eoscms.cern.ch:1094//eos/cms/store/mc/RunIISummer20UL18MiniAODv2/QCD_HT50to100_TuneCP5_PSWeights_13TeV-madgraph-pythia8/MINIAODSIM/106X_upgrade2018_realistic_v16_L1v1-v1/30000/87B5837F-D675-4E48-88EF-06D04975852B.root?tried=.
%MSG
10-Jun-2024 15:36:56 CEST  Fallback request to file root://xrootd-cms.infn.it//store/mc/RunIISummer20UL18MiniAODv2/QCD_HT50to100_TuneCP5_PSWeights_13TeV-madgraph-pythia8/MINIAODSIM/106X_upgrade2018_realistic_v16_L1v1-v1/30000/87B5837F-D675-4E48-88EF-06D04975852B.root
%MSG-w XrdAdaptor:  file_open 10-Jun-2024 15:37:10 CEST PostProcessEvent
Data is served from T2_US_MIT instead of original site T2_FR_GRIF_LLR
%MSG
10-Jun-2024 15:37:11 CEST  Successfully opened file root://xrootd-cms.infn.it//store/mc/RunIISummer20UL18MiniAODv2/QCD_HT50to100_TuneCP5_PSWeights_13TeV-madgraph-pythia8/MINIAODSIM/106X_upgrade2018_realistic_v16_L1v1-v1/30000/87B5837F-D675-4E48-88EF-06D04975852B.root
10-Jun-2024 15:37:18 CEST  Closed file root://xrootd-cms.infn.it//store/mc/RunIISummer20UL18MiniAODv2/QCD_HT50to100_TuneCP5_PSWeights_13TeV-madgraph-pythia8/MINIAODSIM/106X_upgrade2018_realistic_v16_L1v1-v1/30000/87B5837F-D675-4E48-88EF-06D04975852B.root
10-Jun-2024 15:37:18 CEST  Initiating request to open file root://eoscms.cern.ch//eos/cms/store/mc/RunIISummer20UL18MiniAODv2/QCD_HT50to100_TuneCP5_PSWeights_13TeV-madgraph-pythia8/MINIAODSIM/106X_upgrade2018_realistic_v16_L1v1-v1/2550000/2080D10A-868A-D145-98D5-F6E47B114C1D.root
%MSG-w XrdAdaptorInternal:  file_open 10-Jun-2024 15:37:19 CEST PostProcessEvent
Failed to open file at URL root://eoscms.cern.ch:1094//eos/cms/store/mc/RunIISummer20UL18MiniAODv2/QCD_HT50to100_TuneCP5_PSWeights_13TeV-madgraph-pythia8/MINIAODSIM/106X_upgrade2018_realistic_v16_L1v1-v1/2550000/2080D10A-868A-D145-98D5-F6E47B114C1D.root.
%MSG
%MSG-w XrdAdaptorInternal:  file_open 10-Jun-2024 15:37:19 CEST PostProcessEvent
Failed to open file at URL root://eoscms.cern.ch:1094//eos/cms/store/mc/RunIISummer20UL18MiniAODv2/QCD_HT50to100_TuneCP5_PSWeights_13TeV-madgraph-pythia8/MINIAODSIM/106X_upgrade2018_realistic_v16_L1v1-v1/2550000/2080D10A-868A-D145-98D5-F6E47B114C1D.root?tried=.
%MSG
10-Jun-2024 15:37:19 CEST  Fallback request to file root://xrootd-cms.infn.it//store/mc/RunIISummer20UL18MiniAODv2/QCD_HT50to100_TuneCP5_PSWeights_13TeV-madgraph-pythia8/MINIAODSIM/106X_upgrade2018_realistic_v16_L1v1-v1/2550000/2080D10A-868A-D145-98D5-F6E47B114C1D.root
%MSG-w XrdAdaptor:  file_open 10-Jun-2024 15:37:31 CEST PostProcessEvent
Data is served from T2_US_MIT instead of original site T2_FR_GRIF_LLR
%MSG
10-Jun-2024 15:37:32 CEST  Successfully opened file root://xrootd-cms.infn.it//store/mc/RunIISummer20UL18MiniAODv2/QCD_HT50to100_TuneCP5_PSWeights_13TeV-madgraph-pythia8/MINIAODSIM/106X_upgrade2018_realistic_v16_L1v1-v1/2550000/2080D10A-868A-D145-98D5-F6E47B114C1D.root
Begin processing the 400001st record. Run 1, Event 106874587, LumiSection 26719 on stream 0 at 10-Jun-2024 15:37:36.448 CEST
10-Jun-2024 15:37:36 CEST  Closed file root://xrootd-cms.infn.it//store/mc/RunIISummer20UL18MiniAODv2/QCD_HT50to100_TuneCP5_PSWeights_13TeV-madgraph-pythia8/MINIAODSIM/106X_upgrade2018_realistic_v16_L1v1-v1/2550000/2080D10A-868A-D145-98D5-F6E47B114C1D.root
10-Jun-2024 15:37:36 CEST  Initiating request to open file root://eoscms.cern.ch//eos/cms/store/mc/RunIISummer20UL18MiniAODv2/QCD_HT50to100_TuneCP5_PSWeights_13TeV-madgraph-pythia8/MINIAODSIM/106X_upgrade2018_realistic_v16_L1v1-v1/30000/ED243059-C273-8945-B71A-A4613D7016FF.root
%MSG-w XrdAdaptorInternal:  file_open 10-Jun-2024 15:37:37 CEST PostProcessEvent
Failed to open file at URL root://eoscms.cern.ch:1094//eos/cms/store/mc/RunIISummer20UL18MiniAODv2/QCD_HT50to100_TuneCP5_PSWeights_13TeV-madgraph-pythia8/MINIAODSIM/106X_upgrade2018_realistic_v16_L1v1-v1/30000/ED243059-C273-8945-B71A-A4613D7016FF.root.
%MSG
%MSG-w XrdAdaptorInternal:  file_open 10-Jun-2024 15:37:37 CEST PostProcessEvent
Failed to open file at URL root://eoscms.cern.ch:1094//eos/cms/store/mc/RunIISummer20UL18MiniAODv2/QCD_HT50to100_TuneCP5_PSWeights_13TeV-madgraph-pythia8/MINIAODSIM/106X_upgrade2018_realistic_v16_L1v1-v1/30000/ED243059-C273-8945-B71A-A4613D7016FF.root?tried=.
%MSG
10-Jun-2024 15:37:37 CEST  Fallback request to file root://xrootd-cms.infn.it//store/mc/RunIISummer20UL18MiniAODv2/QCD_HT50to100_TuneCP5_PSWeights_13TeV-madgraph-pythia8/MINIAODSIM/106X_upgrade2018_realistic_v16_L1v1-v1/30000/ED243059-C273-8945-B71A-A4613D7016FF.root
Unable to load sec.protocol plugin libXrdSecztn.so
%MSG-w XrdAdaptor:  file_open 10-Jun-2024 15:37:54 CEST PostProcessEvent
Data is served from fnal.gov instead of original site T2_FR_GRIF_LLR
%MSG
10-Jun-2024 15:37:54 CEST  Successfully opened file root://xrootd-cms.infn.it//store/mc/RunIISummer20UL18MiniAODv2/QCD_HT50to100_TuneCP5_PSWeights_13TeV-madgraph-pythia8/MINIAODSIM/106X_upgrade2018_realistic_v16_L1v1-v1/30000/ED243059-C273-8945-B71A-A4613D7016FF.root
Unable to load sec.protocol plugin libXrdSecztn.so
Begin processing the 500001st record. Run 1, Event 130863601, LumiSection 32716 on stream 0 at 10-Jun-2024 15:38:05.062 CEST
10-Jun-2024 15:38:05 CEST  Closed file root://xrootd-cms.infn.it//store/mc/RunIISummer20UL18MiniAODv2/QCD_HT50to100_TuneCP5_PSWeights_13TeV-madgraph-pythia8/MINIAODSIM/106X_upgrade2018_realistic_v16_L1v1-v1/30000/ED243059-C273-8945-B71A-A4613D7016FF.root
10-Jun-2024 15:38:05 CEST  Initiating request to open file root://eoscms.cern.ch//eos/cms/store/mc/RunIISummer20UL18MiniAODv2/QCD_HT50to100_TuneCP5_PSWeights_13TeV-madgraph-pythia8/MINIAODSIM/106X_upgrade2018_realistic_v16_L1v1-v1/30000/13F500E3-C74D-934A-ABEE-D5E72101C9EA.root
%MSG-w XrdAdaptorInternal:  file_open 10-Jun-2024 15:38:06 CEST PostProcessEvent
Failed to open file at URL root://eoscms.cern.ch:1094//eos/cms/store/mc/RunIISummer20UL18MiniAODv2/QCD_HT50to100_TuneCP5_PSWeights_13TeV-madgraph-pythia8/MINIAODSIM/106X_upgrade2018_realistic_v16_L1v1-v1/30000/13F500E3-C74D-934A-ABEE-D5E72101C9EA.root.
%MSG
%MSG-w XrdAdaptorInternal:  file_open 10-Jun-2024 15:38:06 CEST PostProcessEvent
Failed to open file at URL root://eoscms.cern.ch:1094//eos/cms/store/mc/RunIISummer20UL18MiniAODv2/QCD_HT50to100_TuneCP5_PSWeights_13TeV-madgraph-pythia8/MINIAODSIM/106X_upgrade2018_realistic_v16_L1v1-v1/30000/13F500E3-C74D-934A-ABEE-D5E72101C9EA.root?tried=.
%MSG
10-Jun-2024 15:38:06 CEST  Fallback request to file root://xrootd-cms.infn.it//store/mc/RunIISummer20UL18MiniAODv2/QCD_HT50to100_TuneCP5_PSWeights_13TeV-madgraph-pythia8/MINIAODSIM/106X_upgrade2018_realistic_v16_L1v1-v1/30000/13F500E3-C74D-934A-ABEE-D5E72101C9EA.root
%MSG-w XrdAdaptor:  file_open 10-Jun-2024 15:38:18 CEST PostProcessEvent
Data is served from fnal.gov instead of original site T2_FR_GRIF_LLR
%MSG
10-Jun-2024 15:38:19 CEST  Successfully opened file root://xrootd-cms.infn.it//store/mc/RunIISummer20UL18MiniAODv2/QCD_HT50to100_TuneCP5_PSWeights_13TeV-madgraph-pythia8/MINIAODSIM/106X_upgrade2018_realistic_v16_L1v1-v1/30000/13F500E3-C74D-934A-ABEE-D5E72101C9EA.root
10-Jun-2024 15:38:28 CEST  Closed file root://xrootd-cms.infn.it//store/mc/RunIISummer20UL18MiniAODv2/QCD_HT50to100_TuneCP5_PSWeights_13TeV-madgraph-pythia8/MINIAODSIM/106X_upgrade2018_realistic_v16_L1v1-v1/30000/13F500E3-C74D-934A-ABEE-D5E72101C9EA.root
10-Jun-2024 15:38:28 CEST  Initiating request to open file root://eoscms.cern.ch//eos/cms/store/mc/RunIISummer20UL18MiniAODv2/QCD_HT50to100_TuneCP5_PSWeights_13TeV-madgraph-pythia8/MINIAODSIM/106X_upgrade2018_realistic_v16_L1v1-v1/30000/D3276DC0-C5E8-CA4F-ABA6-7CF65AD62C82.root
%MSG-w XrdAdaptorInternal:  file_open 10-Jun-2024 15:38:29 CEST PostProcessEvent
Failed to open file at URL root://eoscms.cern.ch:1094//eos/cms/store/mc/RunIISummer20UL18MiniAODv2/QCD_HT50to100_TuneCP5_PSWeights_13TeV-madgraph-pythia8/MINIAODSIM/106X_upgrade2018_realistic_v16_L1v1-v1/30000/D3276DC0-C5E8-CA4F-ABA6-7CF65AD62C82.root.
%MSG
%MSG-w XrdAdaptorInternal:  file_open 10-Jun-2024 15:38:29 CEST PostProcessEvent
Failed to open file at URL root://eoscms.cern.ch:1094//eos/cms/store/mc/RunIISummer20UL18MiniAODv2/QCD_HT50to100_TuneCP5_PSWeights_13TeV-madgraph-pythia8/MINIAODSIM/106X_upgrade2018_realistic_v16_L1v1-v1/30000/D3276DC0-C5E8-CA4F-ABA6-7CF65AD62C82.root?tried=.
%MSG
10-Jun-2024 15:38:29 CEST  Fallback request to file root://xrootd-cms.infn.it//store/mc/RunIISummer20UL18MiniAODv2/QCD_HT50to100_TuneCP5_PSWeights_13TeV-madgraph-pythia8/MINIAODSIM/106X_upgrade2018_realistic_v16_L1v1-v1/30000/D3276DC0-C5E8-CA4F-ABA6-7CF65AD62C82.root
Unable to load sec.protocol plugin libXrdSecztn.so
%MSG-w XrdAdaptor:  file_open 10-Jun-2024 15:38:44 CEST PostProcessEvent
Data is served from fnal.gov instead of original site T2_FR_GRIF_LLR
%MSG
10-Jun-2024 15:38:45 CEST  Successfully opened file root://xrootd-cms.infn.it//store/mc/RunIISummer20UL18MiniAODv2/QCD_HT50to100_TuneCP5_PSWeights_13TeV-madgraph-pythia8/MINIAODSIM/106X_upgrade2018_realistic_v16_L1v1-v1/30000/D3276DC0-C5E8-CA4F-ABA6-7CF65AD62C82.root
Begin processing the 600001st record. Run 1, Event 59404726, LumiSection 14852 on stream 0 at 10-Jun-2024 15:38:53.713 CEST
10-Jun-2024 15:38:55 CEST  Closed file root://xrootd-cms.infn.it//store/mc/RunIISummer20UL18MiniAODv2/QCD_HT50to100_TuneCP5_PSWeights_13TeV-madgraph-pythia8/MINIAODSIM/106X_upgrade2018_realistic_v16_L1v1-v1/30000/D3276DC0-C5E8-CA4F-ABA6-7CF65AD62C82.root
10-Jun-2024 15:38:55 CEST  Initiating request to open file root://eoscms.cern.ch//eos/cms/store/mc/RunIISummer20UL18MiniAODv2/QCD_HT50to100_TuneCP5_PSWeights_13TeV-madgraph-pythia8/MINIAODSIM/106X_upgrade2018_realistic_v16_L1v1-v1/30000/1F1FFEF3-3E0F-8743-821A-EA24CD57AB9B.root
%MSG-w XrdAdaptorInternal:  file_open 10-Jun-2024 15:38:56 CEST PostProcessEvent
Failed to open file at URL root://eoscms.cern.ch:1094//eos/cms/store/mc/RunIISummer20UL18MiniAODv2/QCD_HT50to100_TuneCP5_PSWeights_13TeV-madgraph-pythia8/MINIAODSIM/106X_upgrade2018_realistic_v16_L1v1-v1/30000/1F1FFEF3-3E0F-8743-821A-EA24CD57AB9B.root.
%MSG
%MSG-w XrdAdaptorInternal:  file_open 10-Jun-2024 15:38:56 CEST PostProcessEvent
Failed to open file at URL root://eoscms.cern.ch:1094//eos/cms/store/mc/RunIISummer20UL18MiniAODv2/QCD_HT50to100_TuneCP5_PSWeights_13TeV-madgraph-pythia8/MINIAODSIM/106X_upgrade2018_realistic_v16_L1v1-v1/30000/1F1FFEF3-3E0F-8743-821A-EA24CD57AB9B.root?tried=.
%MSG
10-Jun-2024 15:38:56 CEST  Fallback request to file root://xrootd-cms.infn.it//store/mc/RunIISummer20UL18MiniAODv2/QCD_HT50to100_TuneCP5_PSWeights_13TeV-madgraph-pythia8/MINIAODSIM/106X_upgrade2018_realistic_v16_L1v1-v1/30000/1F1FFEF3-3E0F-8743-821A-EA24CD57AB9B.root
%MSG-w XrdAdaptor:  file_open 10-Jun-2024 15:39:09 CEST PostProcessEvent
Data is served from fnal.gov instead of original site T2_FR_GRIF_LLR
%MSG
10-Jun-2024 15:39:10 CEST  Successfully opened file root://xrootd-cms.infn.it//store/mc/RunIISummer20UL18MiniAODv2/QCD_HT50to100_TuneCP5_PSWeights_13TeV-madgraph-pythia8/MINIAODSIM/106X_upgrade2018_realistic_v16_L1v1-v1/30000/1F1FFEF3-3E0F-8743-821A-EA24CD57AB9B.root
Begin processing the 700001st record. Run 1, Event 7603358, LumiSection 1901 on stream 0 at 10-Jun-2024 15:39:18.066 CEST
10-Jun-2024 15:39:20 CEST  Closed file root://xrootd-cms.infn.it//store/mc/RunIISummer20UL18MiniAODv2/QCD_HT50to100_TuneCP5_PSWeights_13TeV-madgraph-pythia8/MINIAODSIM/106X_upgrade2018_realistic_v16_L1v1-v1/30000/1F1FFEF3-3E0F-8743-821A-EA24CD57AB9B.root
10-Jun-2024 15:39:20 CEST  Initiating request to open file root://eoscms.cern.ch//eos/cms/store/mc/RunIISummer20UL18MiniAODv2/QCD_HT50to100_TuneCP5_PSWeights_13TeV-madgraph-pythia8/MINIAODSIM/106X_upgrade2018_realistic_v16_L1v1-v1/30000/9052069E-0FE0-F647-A95A-C318993CD7BE.root
%MSG-w XrdAdaptorInternal:  file_open 10-Jun-2024 15:39:21 CEST PostProcessEvent
Failed to open file at URL root://eoscms.cern.ch:1094//eos/cms/store/mc/RunIISummer20UL18MiniAODv2/QCD_HT50to100_TuneCP5_PSWeights_13TeV-madgraph-pythia8/MINIAODSIM/106X_upgrade2018_realistic_v16_L1v1-v1/30000/9052069E-0FE0-F647-A95A-C318993CD7BE.root.
%MSG
%MSG-w XrdAdaptorInternal:  file_open 10-Jun-2024 15:39:21 CEST PostProcessEvent
Failed to open file at URL root://eoscms.cern.ch:1094//eos/cms/store/mc/RunIISummer20UL18MiniAODv2/QCD_HT50to100_TuneCP5_PSWeights_13TeV-madgraph-pythia8/MINIAODSIM/106X_upgrade2018_realistic_v16_L1v1-v1/30000/9052069E-0FE0-F647-A95A-C318993CD7BE.root?tried=.
%MSG
10-Jun-2024 15:39:21 CEST  Fallback request to file root://xrootd-cms.infn.it//store/mc/RunIISummer20UL18MiniAODv2/QCD_HT50to100_TuneCP5_PSWeights_13TeV-madgraph-pythia8/MINIAODSIM/106X_upgrade2018_realistic_v16_L1v1-v1/30000/9052069E-0FE0-F647-A95A-C318993CD7BE.root
%MSG-w XrdAdaptor:  file_open 10-Jun-2024 15:39:33 CEST PostProcessEvent
Data is served from fnal.gov instead of original site T2_FR_GRIF_LLR
%MSG
10-Jun-2024 15:39:34 CEST  Successfully opened file root://xrootd-cms.infn.it//store/mc/RunIISummer20UL18MiniAODv2/QCD_HT50to100_TuneCP5_PSWeights_13TeV-madgraph-pythia8/MINIAODSIM/106X_upgrade2018_realistic_v16_L1v1-v1/30000/9052069E-0FE0-F647-A95A-C318993CD7BE.root
Begin processing the 800001st record. Run 1, Event 59515964, LumiSection 14879 on stream 0 at 10-Jun-2024 15:39:43.524 CEST
10-Jun-2024 15:39:45 CEST  Closed file root://xrootd-cms.infn.it//store/mc/RunIISummer20UL18MiniAODv2/QCD_HT50to100_TuneCP5_PSWeights_13TeV-madgraph-pythia8/MINIAODSIM/106X_upgrade2018_realistic_v16_L1v1-v1/30000/9052069E-0FE0-F647-A95A-C318993CD7BE.root
10-Jun-2024 15:39:45 CEST  Initiating request to open file root://eoscms.cern.ch//eos/cms/store/mc/RunIISummer20UL18MiniAODv2/QCD_HT50to100_TuneCP5_PSWeights_13TeV-madgraph-pythia8/MINIAODSIM/106X_upgrade2018_realistic_v16_L1v1-v1/30000/5E4BF6E4-344E-4E4F-9D9E-7D1E8FD8BE02.root
%MSG-w XrdAdaptorInternal:  file_open 10-Jun-2024 15:39:46 CEST PostProcessEvent
Failed to open file at URL root://eoscms.cern.ch:1094//eos/cms/store/mc/RunIISummer20UL18MiniAODv2/QCD_HT50to100_TuneCP5_PSWeights_13TeV-madgraph-pythia8/MINIAODSIM/106X_upgrade2018_realistic_v16_L1v1-v1/30000/5E4BF6E4-344E-4E4F-9D9E-7D1E8FD8BE02.root.
%MSG
%MSG-w XrdAdaptorInternal:  file_open 10-Jun-2024 15:39:46 CEST PostProcessEvent
Failed to open file at URL root://eoscms.cern.ch:1094//eos/cms/store/mc/RunIISummer20UL18MiniAODv2/QCD_HT50to100_TuneCP5_PSWeights_13TeV-madgraph-pythia8/MINIAODSIM/106X_upgrade2018_realistic_v16_L1v1-v1/30000/5E4BF6E4-344E-4E4F-9D9E-7D1E8FD8BE02.root?tried=.
%MSG
10-Jun-2024 15:39:46 CEST  Fallback request to file root://xrootd-cms.infn.it//store/mc/RunIISummer20UL18MiniAODv2/QCD_HT50to100_TuneCP5_PSWeights_13TeV-madgraph-pythia8/MINIAODSIM/106X_upgrade2018_realistic_v16_L1v1-v1/30000/5E4BF6E4-344E-4E4F-9D9E-7D1E8FD8BE02.root
%MSG-w XrdAdaptor:  file_open 10-Jun-2024 15:40:00 CEST PostProcessEvent
Data is served from fnal.gov instead of original site T2_FR_GRIF_LLR
%MSG
10-Jun-2024 15:40:00 CEST  Successfully opened file root://xrootd-cms.infn.it//store/mc/RunIISummer20UL18MiniAODv2/QCD_HT50to100_TuneCP5_PSWeights_13TeV-madgraph-pythia8/MINIAODSIM/106X_upgrade2018_realistic_v16_L1v1-v1/30000/5E4BF6E4-344E-4E4F-9D9E-7D1E8FD8BE02.root
Begin processing the 900001st record. Run 1, Event 57570116, LumiSection 14393 on stream 0 at 10-Jun-2024 15:40:10.695 CEST
10-Jun-2024 15:40:12 CEST  Closed file root://xrootd-cms.infn.it//store/mc/RunIISummer20UL18MiniAODv2/QCD_HT50to100_TuneCP5_PSWeights_13TeV-madgraph-pythia8/MINIAODSIM/106X_upgrade2018_realistic_v16_L1v1-v1/30000/5E4BF6E4-344E-4E4F-9D9E-7D1E8FD8BE02.root
10-Jun-2024 15:40:12 CEST  Initiating request to open file root://eoscms.cern.ch//eos/cms/store/mc/RunIISummer20UL18MiniAODv2/QCD_HT50to100_TuneCP5_PSWeights_13TeV-madgraph-pythia8/MINIAODSIM/106X_upgrade2018_realistic_v16_L1v1-v1/30000/EFD91B80-EE6B-2343-B2A2-064A1B9B2189.root
%MSG-w XrdAdaptorInternal:  file_open 10-Jun-2024 15:40:13 CEST PostProcessEvent
Failed to open file at URL root://eoscms.cern.ch:1094//eos/cms/store/mc/RunIISummer20UL18MiniAODv2/QCD_HT50to100_TuneCP5_PSWeights_13TeV-madgraph-pythia8/MINIAODSIM/106X_upgrade2018_realistic_v16_L1v1-v1/30000/EFD91B80-EE6B-2343-B2A2-064A1B9B2189.root.
%MSG
%MSG-w XrdAdaptorInternal:  file_open 10-Jun-2024 15:40:13 CEST PostProcessEvent
Failed to open file at URL root://eoscms.cern.ch:1094//eos/cms/store/mc/RunIISummer20UL18MiniAODv2/QCD_HT50to100_TuneCP5_PSWeights_13TeV-madgraph-pythia8/MINIAODSIM/106X_upgrade2018_realistic_v16_L1v1-v1/30000/EFD91B80-EE6B-2343-B2A2-064A1B9B2189.root?tried=.
%MSG
10-Jun-2024 15:40:13 CEST  Fallback request to file root://xrootd-cms.infn.it//store/mc/RunIISummer20UL18MiniAODv2/QCD_HT50to100_TuneCP5_PSWeights_13TeV-madgraph-pythia8/MINIAODSIM/106X_upgrade2018_realistic_v16_L1v1-v1/30000/EFD91B80-EE6B-2343-B2A2-064A1B9B2189.root
%MSG-w XrdAdaptor:  file_open 10-Jun-2024 15:40:26 CEST PostProcessEvent
Data is served from fnal.gov instead of original site T2_FR_GRIF_LLR
%MSG
10-Jun-2024 15:40:27 CEST  Successfully opened file root://xrootd-cms.infn.it//store/mc/RunIISummer20UL18MiniAODv2/QCD_HT50to100_TuneCP5_PSWeights_13TeV-madgraph-pythia8/MINIAODSIM/106X_upgrade2018_realistic_v16_L1v1-v1/30000/EFD91B80-EE6B-2343-B2A2-064A1B9B2189.root
396680300.0000002097728.000000  95626.210000             1
217449900.0000001710026.000000  95626.210000             0
150879500.000000 991122.600000  95626.210000             2
 
10-Jun-2024 15:40:35 CEST  Closed file root://xrootd-cms.infn.it//store/mc/RunIISummer20UL18MiniAODv2/QCD_HT50to100_TuneCP5_PSWeights_13TeV-madgraph-pythia8/MINIAODSIM/106X_upgrade2018_realistic_v16_L1v1-v1/30000/EFD91B80-EE6B-2343-B2A2-064A1B9B2189.root

------------------------------------
GenXsecAnalyzer:
------------------------------------
-------------------------------------------------------------------------------------------------------------------------------------------------------------------------- 
Overall cross-section summary 
--------------------------------------------------------------------------------------------------------------------------------------------------------------------------
Process		xsec_before [pb]		passed	nposw	nnegw	tried	nposw	nnegw 	xsec_match [pb]			accepted [%]	 event_eff [%]
0		2.193e+08 +/- 5.662e+04		532461	532461	0	1185758	1185758	0	9.849e+07 +/- 1.034e+05		44.9 +/- 0.0	44.9 +/- 0.0
1		3.940e+08 +/- 8.018e+04		404486	404486	0	2121319	2121319	0	7.513e+07 +/- 1.074e+05		19.1 +/- 0.0	19.1 +/- 0.0
2		1.501e+08 +/- 3.778e+04		63950	63950	0	800923	800923	0	1.199e+07 +/- 4.558e+04		8.0 +/- 0.0	8.0 +/- 0.0
-------------------------------------------------------------------------------------------------------------------------------------------------------------------------- 
Total		7.635e+08 +/- 1.052e+05		1000897	1000897	0	4108000	4108000	0	1.860e+08 +/- 1.637e+05		24.4 +/- 0.0	24.4 +/- 0.0
--------------------------------------------------------------------------------------------------------------------------------------------------------------------------
Before matching: total cross section = 7.635e+08 +- 1.052e+05 pb
After matching: total cross section = 1.860e+08 +- 1.637e+05 pb
Matching efficiency = 0.2 +/- 0.0   [TO BE USED IN MCM]
Filter efficiency (taking into account weights)= (1.0009e+06) / (1.0009e+06) = 1.000e+00 +- 0.000e+00
Filter efficiency (event-level)= (1.0009e+06) / (1.0009e+06) = 1.000e+00 +- 0.000e+00    [TO BE USED IN MCM]

After filter: final cross section = 1.860e+08 +- 1.637e+05 pb
After filter: final fraction of events with negative weights = 0.000e+00 +- 0.000e+00
After filter: final equivalent lumi for 1M events (1/fb) = 5.376e-06 +- 7.161e-09

=============================================

MessageLogger Summary

 type     category        sev    module        subroutine        count    total
 ---- -------------------- -- ---------------- ----------------  -----    -----
    1 GenXSecAnalyzer      -w GenXSecAnalyzer:                      17       17
    2 XrdAdaptor           -w file_open                             13       13
    3 XrdAdaptorInternal   -w file_open                             26       26
    4 fileAction           -s file_close                            13       13
    5 fileAction           -s file_open                             39       39

 type    category    Examples: run/evt        run/evt          run/evt
 ---- -------------------- ---------------- ---------------- ----------------
    1 GenXSecAnalyzer      PostGlobalEndRun PostGlobalEndRun PostGlobalEndRun
    2 XrdAdaptor           pre-events       PostProcessEvent PostProcessEvent
    3 XrdAdaptorInternal   pre-events       pre-events       PostProcessEvent
    4 fileAction           PostProcessEvent PostProcessEvent PostGlobalEndRun
    5 fileAction           pre-events       pre-events       PostProcessEvent

Severity    # Occurrences   Total Occurrences
--------    -------------   -----------------
Warning                56                  56
System                 52                  52

dropped waiting message count 0
