10-Jun-2024 14:56:19 CEST  Initiating request to open file root://eoscms.cern.ch//eos/cms/store/mc/RunIISummer20UL18MiniAODv2/QCD_Pt_470to600_TuneCP5_13TeV_pythia8/MINIAODSIM/106X_upgrade2018_realistic_v16_L1v1-v1/240000/C387AFA6-D131-9046-89B9-C355AE118459.root
%MSG-w XrdAdaptorInternal:  file_open 10-Jun-2024 14:56:21 CEST pre-events
Failed to open file at URL root://eoscms.cern.ch:1094//eos/cms/store/mc/RunIISummer20UL18MiniAODv2/QCD_Pt_470to600_TuneCP5_13TeV_pythia8/MINIAODSIM/106X_upgrade2018_realistic_v16_L1v1-v1/240000/C387AFA6-D131-9046-89B9-C355AE118459.root.
%MSG
%MSG-w XrdAdaptorInternal:  file_open 10-Jun-2024 14:56:21 CEST pre-events
Failed to open file at URL root://eoscms.cern.ch:1094//eos/cms/store/mc/RunIISummer20UL18MiniAODv2/QCD_Pt_470to600_TuneCP5_13TeV_pythia8/MINIAODSIM/106X_upgrade2018_realistic_v16_L1v1-v1/240000/C387AFA6-D131-9046-89B9-C355AE118459.root?tried=.
%MSG
10-Jun-2024 14:56:21 CEST  Fallback request to file root://xrootd-cms.infn.it//store/mc/RunIISummer20UL18MiniAODv2/QCD_Pt_470to600_TuneCP5_13TeV_pythia8/MINIAODSIM/106X_upgrade2018_realistic_v16_L1v1-v1/240000/C387AFA6-D131-9046-89B9-C355AE118459.root
Unable to load sec.protocol plugin libXrdSecztn.so
%MSG-w XrdAdaptor:  file_open 10-Jun-2024 14:56:36 CEST pre-events
Data is served from T2_US_UCSD-ceph instead of original site T2_FR_GRIF_LLR
%MSG
10-Jun-2024 14:56:48 CEST  Successfully opened file root://xrootd-cms.infn.it//store/mc/RunIISummer20UL18MiniAODv2/QCD_Pt_470to600_TuneCP5_13TeV_pythia8/MINIAODSIM/106X_upgrade2018_realistic_v16_L1v1-v1/240000/C387AFA6-D131-9046-89B9-C355AE118459.root
Unable to load sec.protocol plugin libXrdSecztn.so
Begin processing the 1st record. Run 1, Event 49068004, LumiSection 49069 on stream 0 at 10-Jun-2024 14:56:59.589 CEST
10-Jun-2024 14:57:01 CEST  Closed file root://xrootd-cms.infn.it//store/mc/RunIISummer20UL18MiniAODv2/QCD_Pt_470to600_TuneCP5_13TeV_pythia8/MINIAODSIM/106X_upgrade2018_realistic_v16_L1v1-v1/240000/C387AFA6-D131-9046-89B9-C355AE118459.root
10-Jun-2024 14:57:01 CEST  Initiating request to open file root://eoscms.cern.ch//eos/cms/store/mc/RunIISummer20UL18MiniAODv2/QCD_Pt_470to600_TuneCP5_13TeV_pythia8/MINIAODSIM/106X_upgrade2018_realistic_v16_L1v1-v1/240000/9E33C3AE-3350-D748-A9DC-893D2C97083C.root
%MSG-w XrdAdaptorInternal:  file_open 10-Jun-2024 14:57:02 CEST PostProcessEvent
Failed to open file at URL root://eoscms.cern.ch:1094//eos/cms/store/mc/RunIISummer20UL18MiniAODv2/QCD_Pt_470to600_TuneCP5_13TeV_pythia8/MINIAODSIM/106X_upgrade2018_realistic_v16_L1v1-v1/240000/9E33C3AE-3350-D748-A9DC-893D2C97083C.root.
%MSG
%MSG-w XrdAdaptorInternal:  file_open 10-Jun-2024 14:57:02 CEST PostProcessEvent
Failed to open file at URL root://eoscms.cern.ch:1094//eos/cms/store/mc/RunIISummer20UL18MiniAODv2/QCD_Pt_470to600_TuneCP5_13TeV_pythia8/MINIAODSIM/106X_upgrade2018_realistic_v16_L1v1-v1/240000/9E33C3AE-3350-D748-A9DC-893D2C97083C.root?tried=.
%MSG
10-Jun-2024 14:57:02 CEST  Fallback request to file root://xrootd-cms.infn.it//store/mc/RunIISummer20UL18MiniAODv2/QCD_Pt_470to600_TuneCP5_13TeV_pythia8/MINIAODSIM/106X_upgrade2018_realistic_v16_L1v1-v1/240000/9E33C3AE-3350-D748-A9DC-893D2C97083C.root
Unable to load sec.protocol plugin libXrdSecztn.so
%MSG-w XrdAdaptor:  file_open 10-Jun-2024 14:57:17 CEST PostProcessEvent
Data is served from fnal.gov instead of original site T2_FR_GRIF_LLR
%MSG
10-Jun-2024 14:57:18 CEST  Successfully opened file root://xrootd-cms.infn.it//store/mc/RunIISummer20UL18MiniAODv2/QCD_Pt_470to600_TuneCP5_13TeV_pythia8/MINIAODSIM/106X_upgrade2018_realistic_v16_L1v1-v1/240000/9E33C3AE-3350-D748-A9DC-893D2C97083C.root
Unable to load sec.protocol plugin libXrdSecztn.so
10-Jun-2024 14:57:24 CEST  Closed file root://xrootd-cms.infn.it//store/mc/RunIISummer20UL18MiniAODv2/QCD_Pt_470to600_TuneCP5_13TeV_pythia8/MINIAODSIM/106X_upgrade2018_realistic_v16_L1v1-v1/240000/9E33C3AE-3350-D748-A9DC-893D2C97083C.root
10-Jun-2024 14:57:24 CEST  Initiating request to open file root://eoscms.cern.ch//eos/cms/store/mc/RunIISummer20UL18MiniAODv2/QCD_Pt_470to600_TuneCP5_13TeV_pythia8/MINIAODSIM/106X_upgrade2018_realistic_v16_L1v1-v1/230000/C02C8A6C-66A1-5B4A-8C39-BDCA203DD0B3.root
%MSG-w XrdAdaptorInternal:  file_open 10-Jun-2024 14:57:25 CEST PostProcessEvent
Failed to open file at URL root://eoscms.cern.ch:1094//eos/cms/store/mc/RunIISummer20UL18MiniAODv2/QCD_Pt_470to600_TuneCP5_13TeV_pythia8/MINIAODSIM/106X_upgrade2018_realistic_v16_L1v1-v1/230000/C02C8A6C-66A1-5B4A-8C39-BDCA203DD0B3.root.
%MSG
%MSG-w XrdAdaptorInternal:  file_open 10-Jun-2024 14:57:25 CEST PostProcessEvent
Failed to open file at URL root://eoscms.cern.ch:1094//eos/cms/store/mc/RunIISummer20UL18MiniAODv2/QCD_Pt_470to600_TuneCP5_13TeV_pythia8/MINIAODSIM/106X_upgrade2018_realistic_v16_L1v1-v1/230000/C02C8A6C-66A1-5B4A-8C39-BDCA203DD0B3.root?tried=.
%MSG
10-Jun-2024 14:57:25 CEST  Fallback request to file root://xrootd-cms.infn.it//store/mc/RunIISummer20UL18MiniAODv2/QCD_Pt_470to600_TuneCP5_13TeV_pythia8/MINIAODSIM/106X_upgrade2018_realistic_v16_L1v1-v1/230000/C02C8A6C-66A1-5B4A-8C39-BDCA203DD0B3.root
Unable to load sec.protocol plugin libXrdSecztn.so
%MSG-w XrdAdaptor:  file_open 10-Jun-2024 14:57:40 CEST PostProcessEvent
Data is served from fnal.gov instead of original site T2_FR_GRIF_LLR
%MSG
10-Jun-2024 14:57:40 CEST  Successfully opened file root://xrootd-cms.infn.it//store/mc/RunIISummer20UL18MiniAODv2/QCD_Pt_470to600_TuneCP5_13TeV_pythia8/MINIAODSIM/106X_upgrade2018_realistic_v16_L1v1-v1/230000/C02C8A6C-66A1-5B4A-8C39-BDCA203DD0B3.root
Begin processing the 100001st record. Run 1, Event 6751004, LumiSection 6752 on stream 0 at 10-Jun-2024 14:57:54.666 CEST
10-Jun-2024 14:57:54 CEST  Closed file root://xrootd-cms.infn.it//store/mc/RunIISummer20UL18MiniAODv2/QCD_Pt_470to600_TuneCP5_13TeV_pythia8/MINIAODSIM/106X_upgrade2018_realistic_v16_L1v1-v1/230000/C02C8A6C-66A1-5B4A-8C39-BDCA203DD0B3.root
10-Jun-2024 14:57:54 CEST  Initiating request to open file root://eoscms.cern.ch//eos/cms/store/mc/RunIISummer20UL18MiniAODv2/QCD_Pt_470to600_TuneCP5_13TeV_pythia8/MINIAODSIM/106X_upgrade2018_realistic_v16_L1v1-v1/230000/05E0435E-18A9-804C-8C7C-348DB0F3D572.root
%MSG-w XrdAdaptorInternal:  file_open 10-Jun-2024 14:57:55 CEST PostProcessEvent
Failed to open file at URL root://eoscms.cern.ch:1094//eos/cms/store/mc/RunIISummer20UL18MiniAODv2/QCD_Pt_470to600_TuneCP5_13TeV_pythia8/MINIAODSIM/106X_upgrade2018_realistic_v16_L1v1-v1/230000/05E0435E-18A9-804C-8C7C-348DB0F3D572.root.
%MSG
%MSG-w XrdAdaptorInternal:  file_open 10-Jun-2024 14:57:55 CEST PostProcessEvent
Failed to open file at URL root://eoscms.cern.ch:1094//eos/cms/store/mc/RunIISummer20UL18MiniAODv2/QCD_Pt_470to600_TuneCP5_13TeV_pythia8/MINIAODSIM/106X_upgrade2018_realistic_v16_L1v1-v1/230000/05E0435E-18A9-804C-8C7C-348DB0F3D572.root?tried=.
%MSG
10-Jun-2024 14:57:55 CEST  Fallback request to file root://xrootd-cms.infn.it//store/mc/RunIISummer20UL18MiniAODv2/QCD_Pt_470to600_TuneCP5_13TeV_pythia8/MINIAODSIM/106X_upgrade2018_realistic_v16_L1v1-v1/230000/05E0435E-18A9-804C-8C7C-348DB0F3D572.root
%MSG-w XrdAdaptor:  file_open 10-Jun-2024 14:58:08 CEST PostProcessEvent
Data is served from fnal.gov instead of original site T2_FR_GRIF_LLR
%MSG
10-Jun-2024 14:58:09 CEST  Successfully opened file root://xrootd-cms.infn.it//store/mc/RunIISummer20UL18MiniAODv2/QCD_Pt_470to600_TuneCP5_13TeV_pythia8/MINIAODSIM/106X_upgrade2018_realistic_v16_L1v1-v1/230000/05E0435E-18A9-804C-8C7C-348DB0F3D572.root
10-Jun-2024 14:58:18 CEST  Closed file root://xrootd-cms.infn.it//store/mc/RunIISummer20UL18MiniAODv2/QCD_Pt_470to600_TuneCP5_13TeV_pythia8/MINIAODSIM/106X_upgrade2018_realistic_v16_L1v1-v1/230000/05E0435E-18A9-804C-8C7C-348DB0F3D572.root
10-Jun-2024 14:58:18 CEST  Initiating request to open file root://eoscms.cern.ch//eos/cms/store/mc/RunIISummer20UL18MiniAODv2/QCD_Pt_470to600_TuneCP5_13TeV_pythia8/MINIAODSIM/106X_upgrade2018_realistic_v16_L1v1-v1/230000/516A0FFF-6183-CE46-A945-8E11D176B32E.root
%MSG-w XrdAdaptorInternal:  file_open 10-Jun-2024 14:58:19 CEST PostProcessEvent
Failed to open file at URL root://eoscms.cern.ch:1094//eos/cms/store/mc/RunIISummer20UL18MiniAODv2/QCD_Pt_470to600_TuneCP5_13TeV_pythia8/MINIAODSIM/106X_upgrade2018_realistic_v16_L1v1-v1/230000/516A0FFF-6183-CE46-A945-8E11D176B32E.root.
%MSG
%MSG-w XrdAdaptorInternal:  file_open 10-Jun-2024 14:58:19 CEST PostProcessEvent
Failed to open file at URL root://eoscms.cern.ch:1094//eos/cms/store/mc/RunIISummer20UL18MiniAODv2/QCD_Pt_470to600_TuneCP5_13TeV_pythia8/MINIAODSIM/106X_upgrade2018_realistic_v16_L1v1-v1/230000/516A0FFF-6183-CE46-A945-8E11D176B32E.root?tried=.
%MSG
10-Jun-2024 14:58:19 CEST  Fallback request to file root://xrootd-cms.infn.it//store/mc/RunIISummer20UL18MiniAODv2/QCD_Pt_470to600_TuneCP5_13TeV_pythia8/MINIAODSIM/106X_upgrade2018_realistic_v16_L1v1-v1/230000/516A0FFF-6183-CE46-A945-8E11D176B32E.root
%MSG-w XrdAdaptor:  file_open 10-Jun-2024 14:58:32 CEST PostProcessEvent
Data is served from fnal.gov instead of original site T2_FR_GRIF_LLR
%MSG
10-Jun-2024 14:58:33 CEST  Successfully opened file root://xrootd-cms.infn.it//store/mc/RunIISummer20UL18MiniAODv2/QCD_Pt_470to600_TuneCP5_13TeV_pythia8/MINIAODSIM/106X_upgrade2018_realistic_v16_L1v1-v1/230000/516A0FFF-6183-CE46-A945-8E11D176B32E.root
Begin processing the 200001st record. Run 1, Event 776003, LumiSection 777 on stream 0 at 10-Jun-2024 14:58:47.418 CEST
10-Jun-2024 14:58:47 CEST  Closed file root://xrootd-cms.infn.it//store/mc/RunIISummer20UL18MiniAODv2/QCD_Pt_470to600_TuneCP5_13TeV_pythia8/MINIAODSIM/106X_upgrade2018_realistic_v16_L1v1-v1/230000/516A0FFF-6183-CE46-A945-8E11D176B32E.root
10-Jun-2024 14:58:47 CEST  Initiating request to open file root://eoscms.cern.ch//eos/cms/store/mc/RunIISummer20UL18MiniAODv2/QCD_Pt_470to600_TuneCP5_13TeV_pythia8/MINIAODSIM/106X_upgrade2018_realistic_v16_L1v1-v1/230000/9C4B7018-2BBE-8949-9164-BB50FC618D42.root
%MSG-w XrdAdaptorInternal:  file_open 10-Jun-2024 14:58:48 CEST PostProcessEvent
Failed to open file at URL root://eoscms.cern.ch:1094//eos/cms/store/mc/RunIISummer20UL18MiniAODv2/QCD_Pt_470to600_TuneCP5_13TeV_pythia8/MINIAODSIM/106X_upgrade2018_realistic_v16_L1v1-v1/230000/9C4B7018-2BBE-8949-9164-BB50FC618D42.root.
%MSG
%MSG-w XrdAdaptorInternal:  file_open 10-Jun-2024 14:58:48 CEST PostProcessEvent
Failed to open file at URL root://eoscms.cern.ch:1094//eos/cms/store/mc/RunIISummer20UL18MiniAODv2/QCD_Pt_470to600_TuneCP5_13TeV_pythia8/MINIAODSIM/106X_upgrade2018_realistic_v16_L1v1-v1/230000/9C4B7018-2BBE-8949-9164-BB50FC618D42.root?tried=.
%MSG
10-Jun-2024 14:58:48 CEST  Fallback request to file root://xrootd-cms.infn.it//store/mc/RunIISummer20UL18MiniAODv2/QCD_Pt_470to600_TuneCP5_13TeV_pythia8/MINIAODSIM/106X_upgrade2018_realistic_v16_L1v1-v1/230000/9C4B7018-2BBE-8949-9164-BB50FC618D42.root
%MSG-w XrdAdaptor:  file_open 10-Jun-2024 14:59:01 CEST PostProcessEvent
Data is served from fnal.gov instead of original site T2_FR_GRIF_LLR
%MSG
10-Jun-2024 14:59:02 CEST  Successfully opened file root://xrootd-cms.infn.it//store/mc/RunIISummer20UL18MiniAODv2/QCD_Pt_470to600_TuneCP5_13TeV_pythia8/MINIAODSIM/106X_upgrade2018_realistic_v16_L1v1-v1/230000/9C4B7018-2BBE-8949-9164-BB50FC618D42.root
10-Jun-2024 14:59:12 CEST  Closed file root://xrootd-cms.infn.it//store/mc/RunIISummer20UL18MiniAODv2/QCD_Pt_470to600_TuneCP5_13TeV_pythia8/MINIAODSIM/106X_upgrade2018_realistic_v16_L1v1-v1/230000/9C4B7018-2BBE-8949-9164-BB50FC618D42.root
10-Jun-2024 14:59:12 CEST  Initiating request to open file root://eoscms.cern.ch//eos/cms/store/mc/RunIISummer20UL18MiniAODv2/QCD_Pt_470to600_TuneCP5_13TeV_pythia8/MINIAODSIM/106X_upgrade2018_realistic_v16_L1v1-v1/230000/0CAC9E53-E16C-8749-A9A0-67DE8D13CCC2.root
%MSG-w XrdAdaptorInternal:  file_open 10-Jun-2024 14:59:13 CEST PostProcessEvent
Failed to open file at URL root://eoscms.cern.ch:1094//eos/cms/store/mc/RunIISummer20UL18MiniAODv2/QCD_Pt_470to600_TuneCP5_13TeV_pythia8/MINIAODSIM/106X_upgrade2018_realistic_v16_L1v1-v1/230000/0CAC9E53-E16C-8749-A9A0-67DE8D13CCC2.root.
%MSG
%MSG-w XrdAdaptorInternal:  file_open 10-Jun-2024 14:59:13 CEST PostProcessEvent
Failed to open file at URL root://eoscms.cern.ch:1094//eos/cms/store/mc/RunIISummer20UL18MiniAODv2/QCD_Pt_470to600_TuneCP5_13TeV_pythia8/MINIAODSIM/106X_upgrade2018_realistic_v16_L1v1-v1/230000/0CAC9E53-E16C-8749-A9A0-67DE8D13CCC2.root?tried=.
%MSG
10-Jun-2024 14:59:13 CEST  Fallback request to file root://xrootd-cms.infn.it//store/mc/RunIISummer20UL18MiniAODv2/QCD_Pt_470to600_TuneCP5_13TeV_pythia8/MINIAODSIM/106X_upgrade2018_realistic_v16_L1v1-v1/230000/0CAC9E53-E16C-8749-A9A0-67DE8D13CCC2.root
%MSG-w XrdAdaptor:  file_open 10-Jun-2024 14:59:26 CEST PostProcessEvent
Data is served from fnal.gov instead of original site T2_FR_GRIF_LLR
%MSG
10-Jun-2024 14:59:27 CEST  Successfully opened file root://xrootd-cms.infn.it//store/mc/RunIISummer20UL18MiniAODv2/QCD_Pt_470to600_TuneCP5_13TeV_pythia8/MINIAODSIM/106X_upgrade2018_realistic_v16_L1v1-v1/230000/0CAC9E53-E16C-8749-A9A0-67DE8D13CCC2.root
10-Jun-2024 14:59:40 CEST  Closed file root://xrootd-cms.infn.it//store/mc/RunIISummer20UL18MiniAODv2/QCD_Pt_470to600_TuneCP5_13TeV_pythia8/MINIAODSIM/106X_upgrade2018_realistic_v16_L1v1-v1/230000/0CAC9E53-E16C-8749-A9A0-67DE8D13CCC2.root
10-Jun-2024 14:59:40 CEST  Initiating request to open file root://eoscms.cern.ch//eos/cms/store/mc/RunIISummer20UL18MiniAODv2/QCD_Pt_470to600_TuneCP5_13TeV_pythia8/MINIAODSIM/106X_upgrade2018_realistic_v16_L1v1-v1/230000/B56875F9-67FD-CD4F-BACA-A3B6E77E2F1E.root
%MSG-w XrdAdaptorInternal:  file_open 10-Jun-2024 14:59:41 CEST PostProcessEvent
Failed to open file at URL root://eoscms.cern.ch:1094//eos/cms/store/mc/RunIISummer20UL18MiniAODv2/QCD_Pt_470to600_TuneCP5_13TeV_pythia8/MINIAODSIM/106X_upgrade2018_realistic_v16_L1v1-v1/230000/B56875F9-67FD-CD4F-BACA-A3B6E77E2F1E.root.
%MSG
%MSG-w XrdAdaptorInternal:  file_open 10-Jun-2024 14:59:41 CEST PostProcessEvent
Failed to open file at URL root://eoscms.cern.ch:1094//eos/cms/store/mc/RunIISummer20UL18MiniAODv2/QCD_Pt_470to600_TuneCP5_13TeV_pythia8/MINIAODSIM/106X_upgrade2018_realistic_v16_L1v1-v1/230000/B56875F9-67FD-CD4F-BACA-A3B6E77E2F1E.root?tried=.
%MSG
10-Jun-2024 14:59:41 CEST  Fallback request to file root://xrootd-cms.infn.it//store/mc/RunIISummer20UL18MiniAODv2/QCD_Pt_470to600_TuneCP5_13TeV_pythia8/MINIAODSIM/106X_upgrade2018_realistic_v16_L1v1-v1/230000/B56875F9-67FD-CD4F-BACA-A3B6E77E2F1E.root
%MSG-w XrdAdaptor:  file_open 10-Jun-2024 14:59:54 CEST PostProcessEvent
Data is served from fnal.gov instead of original site T2_FR_GRIF_LLR
%MSG
10-Jun-2024 14:59:55 CEST  Successfully opened file root://xrootd-cms.infn.it//store/mc/RunIISummer20UL18MiniAODv2/QCD_Pt_470to600_TuneCP5_13TeV_pythia8/MINIAODSIM/106X_upgrade2018_realistic_v16_L1v1-v1/230000/B56875F9-67FD-CD4F-BACA-A3B6E77E2F1E.root
Begin processing the 300001st record. Run 1, Event 3624001, LumiSection 3625 on stream 0 at 10-Jun-2024 15:00:02.676 CEST
10-Jun-2024 15:00:04 CEST  Closed file root://xrootd-cms.infn.it//store/mc/RunIISummer20UL18MiniAODv2/QCD_Pt_470to600_TuneCP5_13TeV_pythia8/MINIAODSIM/106X_upgrade2018_realistic_v16_L1v1-v1/230000/B56875F9-67FD-CD4F-BACA-A3B6E77E2F1E.root
10-Jun-2024 15:00:04 CEST  Initiating request to open file root://eoscms.cern.ch//eos/cms/store/mc/RunIISummer20UL18MiniAODv2/QCD_Pt_470to600_TuneCP5_13TeV_pythia8/MINIAODSIM/106X_upgrade2018_realistic_v16_L1v1-v1/230000/900E056D-934B-2C40-A447-4B82EF39783B.root
%MSG-w XrdAdaptorInternal:  file_open 10-Jun-2024 15:00:05 CEST PostProcessEvent
Failed to open file at URL root://eoscms.cern.ch:1094//eos/cms/store/mc/RunIISummer20UL18MiniAODv2/QCD_Pt_470to600_TuneCP5_13TeV_pythia8/MINIAODSIM/106X_upgrade2018_realistic_v16_L1v1-v1/230000/900E056D-934B-2C40-A447-4B82EF39783B.root.
%MSG
%MSG-w XrdAdaptorInternal:  file_open 10-Jun-2024 15:00:05 CEST PostProcessEvent
Failed to open file at URL root://eoscms.cern.ch:1094//eos/cms/store/mc/RunIISummer20UL18MiniAODv2/QCD_Pt_470to600_TuneCP5_13TeV_pythia8/MINIAODSIM/106X_upgrade2018_realistic_v16_L1v1-v1/230000/900E056D-934B-2C40-A447-4B82EF39783B.root?tried=.
%MSG
10-Jun-2024 15:00:05 CEST  Fallback request to file root://xrootd-cms.infn.it//store/mc/RunIISummer20UL18MiniAODv2/QCD_Pt_470to600_TuneCP5_13TeV_pythia8/MINIAODSIM/106X_upgrade2018_realistic_v16_L1v1-v1/230000/900E056D-934B-2C40-A447-4B82EF39783B.root
%MSG-w XrdAdaptor:  file_open 10-Jun-2024 15:00:18 CEST PostProcessEvent
Data is served from fnal.gov instead of original site T2_FR_GRIF_LLR
%MSG
10-Jun-2024 15:00:19 CEST  Successfully opened file root://xrootd-cms.infn.it//store/mc/RunIISummer20UL18MiniAODv2/QCD_Pt_470to600_TuneCP5_13TeV_pythia8/MINIAODSIM/106X_upgrade2018_realistic_v16_L1v1-v1/230000/900E056D-934B-2C40-A447-4B82EF39783B.root
10-Jun-2024 15:00:30 CEST  Closed file root://xrootd-cms.infn.it//store/mc/RunIISummer20UL18MiniAODv2/QCD_Pt_470to600_TuneCP5_13TeV_pythia8/MINIAODSIM/106X_upgrade2018_realistic_v16_L1v1-v1/230000/900E056D-934B-2C40-A447-4B82EF39783B.root
10-Jun-2024 15:00:30 CEST  Initiating request to open file root://eoscms.cern.ch//eos/cms/store/mc/RunIISummer20UL18MiniAODv2/QCD_Pt_470to600_TuneCP5_13TeV_pythia8/MINIAODSIM/106X_upgrade2018_realistic_v16_L1v1-v1/230000/E3F71F1C-555E-F94E-8755-EEAF40C5260B.root
%MSG-w XrdAdaptorInternal:  file_open 10-Jun-2024 15:00:31 CEST PostProcessEvent
Failed to open file at URL root://eoscms.cern.ch:1094//eos/cms/store/mc/RunIISummer20UL18MiniAODv2/QCD_Pt_470to600_TuneCP5_13TeV_pythia8/MINIAODSIM/106X_upgrade2018_realistic_v16_L1v1-v1/230000/E3F71F1C-555E-F94E-8755-EEAF40C5260B.root.
%MSG
%MSG-w XrdAdaptorInternal:  file_open 10-Jun-2024 15:00:31 CEST PostProcessEvent
Failed to open file at URL root://eoscms.cern.ch:1094//eos/cms/store/mc/RunIISummer20UL18MiniAODv2/QCD_Pt_470to600_TuneCP5_13TeV_pythia8/MINIAODSIM/106X_upgrade2018_realistic_v16_L1v1-v1/230000/E3F71F1C-555E-F94E-8755-EEAF40C5260B.root?tried=.
%MSG
10-Jun-2024 15:00:31 CEST  Fallback request to file root://xrootd-cms.infn.it//store/mc/RunIISummer20UL18MiniAODv2/QCD_Pt_470to600_TuneCP5_13TeV_pythia8/MINIAODSIM/106X_upgrade2018_realistic_v16_L1v1-v1/230000/E3F71F1C-555E-F94E-8755-EEAF40C5260B.root
%MSG-w XrdAdaptor:  file_open 10-Jun-2024 15:00:44 CEST PostProcessEvent
Data is served from fnal.gov instead of original site T2_FR_GRIF_LLR
%MSG
10-Jun-2024 15:00:45 CEST  Successfully opened file root://xrootd-cms.infn.it//store/mc/RunIISummer20UL18MiniAODv2/QCD_Pt_470to600_TuneCP5_13TeV_pythia8/MINIAODSIM/106X_upgrade2018_realistic_v16_L1v1-v1/230000/E3F71F1C-555E-F94E-8755-EEAF40C5260B.root
Begin processing the 400001st record. Run 1, Event 45481019, LumiSection 45482 on stream 0 at 10-Jun-2024 15:00:56.574 CEST
10-Jun-2024 15:00:58 CEST  Closed file root://xrootd-cms.infn.it//store/mc/RunIISummer20UL18MiniAODv2/QCD_Pt_470to600_TuneCP5_13TeV_pythia8/MINIAODSIM/106X_upgrade2018_realistic_v16_L1v1-v1/230000/E3F71F1C-555E-F94E-8755-EEAF40C5260B.root
10-Jun-2024 15:00:58 CEST  Initiating request to open file root://eoscms.cern.ch//eos/cms/store/mc/RunIISummer20UL18MiniAODv2/QCD_Pt_470to600_TuneCP5_13TeV_pythia8/MINIAODSIM/106X_upgrade2018_realistic_v16_L1v1-v1/230000/33D3B15F-9287-B84C-9D82-5474A7371C05.root
%MSG-w XrdAdaptorInternal:  file_open 10-Jun-2024 15:00:59 CEST PostProcessEvent
Failed to open file at URL root://eoscms.cern.ch:1094//eos/cms/store/mc/RunIISummer20UL18MiniAODv2/QCD_Pt_470to600_TuneCP5_13TeV_pythia8/MINIAODSIM/106X_upgrade2018_realistic_v16_L1v1-v1/230000/33D3B15F-9287-B84C-9D82-5474A7371C05.root.
%MSG
%MSG-w XrdAdaptorInternal:  file_open 10-Jun-2024 15:00:59 CEST PostProcessEvent
Failed to open file at URL root://eoscms.cern.ch:1094//eos/cms/store/mc/RunIISummer20UL18MiniAODv2/QCD_Pt_470to600_TuneCP5_13TeV_pythia8/MINIAODSIM/106X_upgrade2018_realistic_v16_L1v1-v1/230000/33D3B15F-9287-B84C-9D82-5474A7371C05.root?tried=.
%MSG
10-Jun-2024 15:00:59 CEST  Fallback request to file root://xrootd-cms.infn.it//store/mc/RunIISummer20UL18MiniAODv2/QCD_Pt_470to600_TuneCP5_13TeV_pythia8/MINIAODSIM/106X_upgrade2018_realistic_v16_L1v1-v1/230000/33D3B15F-9287-B84C-9D82-5474A7371C05.root
%MSG-w XrdAdaptor:  file_open 10-Jun-2024 15:01:12 CEST PostProcessEvent
Data is served from fnal.gov instead of original site T2_FR_GRIF_LLR
%MSG
10-Jun-2024 15:01:13 CEST  Successfully opened file root://xrootd-cms.infn.it//store/mc/RunIISummer20UL18MiniAODv2/QCD_Pt_470to600_TuneCP5_13TeV_pythia8/MINIAODSIM/106X_upgrade2018_realistic_v16_L1v1-v1/230000/33D3B15F-9287-B84C-9D82-5474A7371C05.root
10-Jun-2024 15:01:23 CEST  Closed file root://xrootd-cms.infn.it//store/mc/RunIISummer20UL18MiniAODv2/QCD_Pt_470to600_TuneCP5_13TeV_pythia8/MINIAODSIM/106X_upgrade2018_realistic_v16_L1v1-v1/230000/33D3B15F-9287-B84C-9D82-5474A7371C05.root
10-Jun-2024 15:01:23 CEST  Initiating request to open file root://eoscms.cern.ch//eos/cms/store/mc/RunIISummer20UL18MiniAODv2/QCD_Pt_470to600_TuneCP5_13TeV_pythia8/MINIAODSIM/106X_upgrade2018_realistic_v16_L1v1-v1/230000/06B4BC2B-9DEE-1E44-8CAC-4E520AFBBDDB.root
%MSG-w XrdAdaptorInternal:  file_open 10-Jun-2024 15:01:24 CEST PostProcessEvent
Failed to open file at URL root://eoscms.cern.ch:1094//eos/cms/store/mc/RunIISummer20UL18MiniAODv2/QCD_Pt_470to600_TuneCP5_13TeV_pythia8/MINIAODSIM/106X_upgrade2018_realistic_v16_L1v1-v1/230000/06B4BC2B-9DEE-1E44-8CAC-4E520AFBBDDB.root.
%MSG
%MSG-w XrdAdaptorInternal:  file_open 10-Jun-2024 15:01:24 CEST PostProcessEvent
Failed to open file at URL root://eoscms.cern.ch:1094//eos/cms/store/mc/RunIISummer20UL18MiniAODv2/QCD_Pt_470to600_TuneCP5_13TeV_pythia8/MINIAODSIM/106X_upgrade2018_realistic_v16_L1v1-v1/230000/06B4BC2B-9DEE-1E44-8CAC-4E520AFBBDDB.root?tried=.
%MSG
10-Jun-2024 15:01:24 CEST  Fallback request to file root://xrootd-cms.infn.it//store/mc/RunIISummer20UL18MiniAODv2/QCD_Pt_470to600_TuneCP5_13TeV_pythia8/MINIAODSIM/106X_upgrade2018_realistic_v16_L1v1-v1/230000/06B4BC2B-9DEE-1E44-8CAC-4E520AFBBDDB.root
%MSG-w XrdAdaptor:  file_open 10-Jun-2024 15:01:36 CEST PostProcessEvent
Data is served from fnal.gov instead of original site T2_FR_GRIF_LLR
%MSG
10-Jun-2024 15:01:37 CEST  Successfully opened file root://xrootd-cms.infn.it//store/mc/RunIISummer20UL18MiniAODv2/QCD_Pt_470to600_TuneCP5_13TeV_pythia8/MINIAODSIM/106X_upgrade2018_realistic_v16_L1v1-v1/230000/06B4BC2B-9DEE-1E44-8CAC-4E520AFBBDDB.root
Begin processing the 500001st record. Run 1, Event 21533006, LumiSection 21534 on stream 0 at 10-Jun-2024 15:01:44.434 CEST
10-Jun-2024 15:01:46 CEST  Closed file root://xrootd-cms.infn.it//store/mc/RunIISummer20UL18MiniAODv2/QCD_Pt_470to600_TuneCP5_13TeV_pythia8/MINIAODSIM/106X_upgrade2018_realistic_v16_L1v1-v1/230000/06B4BC2B-9DEE-1E44-8CAC-4E520AFBBDDB.root
10-Jun-2024 15:01:46 CEST  Initiating request to open file root://eoscms.cern.ch//eos/cms/store/mc/RunIISummer20UL18MiniAODv2/QCD_Pt_470to600_TuneCP5_13TeV_pythia8/MINIAODSIM/106X_upgrade2018_realistic_v16_L1v1-v1/230000/D7D3DAC3-B1AA-F84A-8792-C5916A87E1D6.root
%MSG-w XrdAdaptorInternal:  file_open 10-Jun-2024 15:01:47 CEST PostProcessEvent
Failed to open file at URL root://eoscms.cern.ch:1094//eos/cms/store/mc/RunIISummer20UL18MiniAODv2/QCD_Pt_470to600_TuneCP5_13TeV_pythia8/MINIAODSIM/106X_upgrade2018_realistic_v16_L1v1-v1/230000/D7D3DAC3-B1AA-F84A-8792-C5916A87E1D6.root.
%MSG
%MSG-w XrdAdaptorInternal:  file_open 10-Jun-2024 15:01:47 CEST PostProcessEvent
Failed to open file at URL root://eoscms.cern.ch:1094//eos/cms/store/mc/RunIISummer20UL18MiniAODv2/QCD_Pt_470to600_TuneCP5_13TeV_pythia8/MINIAODSIM/106X_upgrade2018_realistic_v16_L1v1-v1/230000/D7D3DAC3-B1AA-F84A-8792-C5916A87E1D6.root?tried=.
%MSG
10-Jun-2024 15:01:47 CEST  Fallback request to file root://xrootd-cms.infn.it//store/mc/RunIISummer20UL18MiniAODv2/QCD_Pt_470to600_TuneCP5_13TeV_pythia8/MINIAODSIM/106X_upgrade2018_realistic_v16_L1v1-v1/230000/D7D3DAC3-B1AA-F84A-8792-C5916A87E1D6.root
%MSG-w XrdAdaptor:  file_open 10-Jun-2024 15:02:00 CEST PostProcessEvent
Data is served from fnal.gov instead of original site T2_FR_GRIF_LLR
%MSG
10-Jun-2024 15:02:01 CEST  Successfully opened file root://xrootd-cms.infn.it//store/mc/RunIISummer20UL18MiniAODv2/QCD_Pt_470to600_TuneCP5_13TeV_pythia8/MINIAODSIM/106X_upgrade2018_realistic_v16_L1v1-v1/230000/D7D3DAC3-B1AA-F84A-8792-C5916A87E1D6.root
10-Jun-2024 15:02:10 CEST  Closed file root://xrootd-cms.infn.it//store/mc/RunIISummer20UL18MiniAODv2/QCD_Pt_470to600_TuneCP5_13TeV_pythia8/MINIAODSIM/106X_upgrade2018_realistic_v16_L1v1-v1/230000/D7D3DAC3-B1AA-F84A-8792-C5916A87E1D6.root
10-Jun-2024 15:02:10 CEST  Initiating request to open file root://eoscms.cern.ch//eos/cms/store/mc/RunIISummer20UL18MiniAODv2/QCD_Pt_470to600_TuneCP5_13TeV_pythia8/MINIAODSIM/106X_upgrade2018_realistic_v16_L1v1-v1/230000/42E6BB10-C0D8-E247-92A8-CA15AE37FD58.root
%MSG-w XrdAdaptorInternal:  file_open 10-Jun-2024 15:02:11 CEST PostProcessEvent
Failed to open file at URL root://eoscms.cern.ch:1094//eos/cms/store/mc/RunIISummer20UL18MiniAODv2/QCD_Pt_470to600_TuneCP5_13TeV_pythia8/MINIAODSIM/106X_upgrade2018_realistic_v16_L1v1-v1/230000/42E6BB10-C0D8-E247-92A8-CA15AE37FD58.root.
%MSG
%MSG-w XrdAdaptorInternal:  file_open 10-Jun-2024 15:02:11 CEST PostProcessEvent
Failed to open file at URL root://eoscms.cern.ch:1094//eos/cms/store/mc/RunIISummer20UL18MiniAODv2/QCD_Pt_470to600_TuneCP5_13TeV_pythia8/MINIAODSIM/106X_upgrade2018_realistic_v16_L1v1-v1/230000/42E6BB10-C0D8-E247-92A8-CA15AE37FD58.root?tried=.
%MSG
10-Jun-2024 15:02:11 CEST  Fallback request to file root://xrootd-cms.infn.it//store/mc/RunIISummer20UL18MiniAODv2/QCD_Pt_470to600_TuneCP5_13TeV_pythia8/MINIAODSIM/106X_upgrade2018_realistic_v16_L1v1-v1/230000/42E6BB10-C0D8-E247-92A8-CA15AE37FD58.root
%MSG-w XrdAdaptor:  file_open 10-Jun-2024 15:02:23 CEST PostProcessEvent
Data is served from fnal.gov instead of original site T2_FR_GRIF_LLR
%MSG
10-Jun-2024 15:02:24 CEST  Successfully opened file root://xrootd-cms.infn.it//store/mc/RunIISummer20UL18MiniAODv2/QCD_Pt_470to600_TuneCP5_13TeV_pythia8/MINIAODSIM/106X_upgrade2018_realistic_v16_L1v1-v1/230000/42E6BB10-C0D8-E247-92A8-CA15AE37FD58.root
Begin processing the 600001st record. Run 1, Event 23877002, LumiSection 23878 on stream 0 at 10-Jun-2024 15:02:32.502 CEST
10-Jun-2024 15:02:34 CEST  Closed file root://xrootd-cms.infn.it//store/mc/RunIISummer20UL18MiniAODv2/QCD_Pt_470to600_TuneCP5_13TeV_pythia8/MINIAODSIM/106X_upgrade2018_realistic_v16_L1v1-v1/230000/42E6BB10-C0D8-E247-92A8-CA15AE37FD58.root
10-Jun-2024 15:02:34 CEST  Initiating request to open file root://eoscms.cern.ch//eos/cms/store/mc/RunIISummer20UL18MiniAODv2/QCD_Pt_470to600_TuneCP5_13TeV_pythia8/MINIAODSIM/106X_upgrade2018_realistic_v16_L1v1-v1/230000/434197D2-988D-F94E-B922-698FBC9D2899.root
%MSG-w XrdAdaptorInternal:  file_open 10-Jun-2024 15:02:35 CEST PostProcessEvent
Failed to open file at URL root://eoscms.cern.ch:1094//eos/cms/store/mc/RunIISummer20UL18MiniAODv2/QCD_Pt_470to600_TuneCP5_13TeV_pythia8/MINIAODSIM/106X_upgrade2018_realistic_v16_L1v1-v1/230000/434197D2-988D-F94E-B922-698FBC9D2899.root.
%MSG
%MSG-w XrdAdaptorInternal:  file_open 10-Jun-2024 15:02:35 CEST PostProcessEvent
Failed to open file at URL root://eoscms.cern.ch:1094//eos/cms/store/mc/RunIISummer20UL18MiniAODv2/QCD_Pt_470to600_TuneCP5_13TeV_pythia8/MINIAODSIM/106X_upgrade2018_realistic_v16_L1v1-v1/230000/434197D2-988D-F94E-B922-698FBC9D2899.root?tried=.
%MSG
10-Jun-2024 15:02:35 CEST  Fallback request to file root://xrootd-cms.infn.it//store/mc/RunIISummer20UL18MiniAODv2/QCD_Pt_470to600_TuneCP5_13TeV_pythia8/MINIAODSIM/106X_upgrade2018_realistic_v16_L1v1-v1/230000/434197D2-988D-F94E-B922-698FBC9D2899.root
%MSG-w XrdAdaptor:  file_open 10-Jun-2024 15:02:47 CEST PostProcessEvent
Data is served from fnal.gov instead of original site T2_FR_GRIF_LLR
%MSG
10-Jun-2024 15:02:48 CEST  Successfully opened file root://xrootd-cms.infn.it//store/mc/RunIISummer20UL18MiniAODv2/QCD_Pt_470to600_TuneCP5_13TeV_pythia8/MINIAODSIM/106X_upgrade2018_realistic_v16_L1v1-v1/230000/434197D2-988D-F94E-B922-698FBC9D2899.root
10-Jun-2024 15:03:01 CEST  Closed file root://xrootd-cms.infn.it//store/mc/RunIISummer20UL18MiniAODv2/QCD_Pt_470to600_TuneCP5_13TeV_pythia8/MINIAODSIM/106X_upgrade2018_realistic_v16_L1v1-v1/230000/434197D2-988D-F94E-B922-698FBC9D2899.root
10-Jun-2024 15:03:01 CEST  Initiating request to open file root://eoscms.cern.ch//eos/cms/store/mc/RunIISummer20UL18MiniAODv2/QCD_Pt_470to600_TuneCP5_13TeV_pythia8/MINIAODSIM/106X_upgrade2018_realistic_v16_L1v1-v1/230000/EB69592B-30B2-654A-BFAB-9A9B4962B47A.root
%MSG-w XrdAdaptorInternal:  file_open 10-Jun-2024 15:03:02 CEST PostProcessEvent
Failed to open file at URL root://eoscms.cern.ch:1094//eos/cms/store/mc/RunIISummer20UL18MiniAODv2/QCD_Pt_470to600_TuneCP5_13TeV_pythia8/MINIAODSIM/106X_upgrade2018_realistic_v16_L1v1-v1/230000/EB69592B-30B2-654A-BFAB-9A9B4962B47A.root.
%MSG
%MSG-w XrdAdaptorInternal:  file_open 10-Jun-2024 15:03:02 CEST PostProcessEvent
Failed to open file at URL root://eoscms.cern.ch:1094//eos/cms/store/mc/RunIISummer20UL18MiniAODv2/QCD_Pt_470to600_TuneCP5_13TeV_pythia8/MINIAODSIM/106X_upgrade2018_realistic_v16_L1v1-v1/230000/EB69592B-30B2-654A-BFAB-9A9B4962B47A.root?tried=.
%MSG
10-Jun-2024 15:03:02 CEST  Fallback request to file root://xrootd-cms.infn.it//store/mc/RunIISummer20UL18MiniAODv2/QCD_Pt_470to600_TuneCP5_13TeV_pythia8/MINIAODSIM/106X_upgrade2018_realistic_v16_L1v1-v1/230000/EB69592B-30B2-654A-BFAB-9A9B4962B47A.root
%MSG-w XrdAdaptor:  file_open 10-Jun-2024 15:03:15 CEST PostProcessEvent
Data is served from fnal.gov instead of original site T2_FR_GRIF_LLR
%MSG
10-Jun-2024 15:03:16 CEST  Successfully opened file root://xrootd-cms.infn.it//store/mc/RunIISummer20UL18MiniAODv2/QCD_Pt_470to600_TuneCP5_13TeV_pythia8/MINIAODSIM/106X_upgrade2018_realistic_v16_L1v1-v1/230000/EB69592B-30B2-654A-BFAB-9A9B4962B47A.root
Begin processing the 700001st record. Run 1, Event 967014, LumiSection 968 on stream 0 at 10-Jun-2024 15:03:23.967 CEST
10-Jun-2024 15:03:25 CEST  Closed file root://xrootd-cms.infn.it//store/mc/RunIISummer20UL18MiniAODv2/QCD_Pt_470to600_TuneCP5_13TeV_pythia8/MINIAODSIM/106X_upgrade2018_realistic_v16_L1v1-v1/230000/EB69592B-30B2-654A-BFAB-9A9B4962B47A.root
10-Jun-2024 15:03:25 CEST  Initiating request to open file root://eoscms.cern.ch//eos/cms/store/mc/RunIISummer20UL18MiniAODv2/QCD_Pt_470to600_TuneCP5_13TeV_pythia8/MINIAODSIM/106X_upgrade2018_realistic_v16_L1v1-v1/230000/4DCF9816-391E-1F41-B119-E9F393261623.root
%MSG-w XrdAdaptorInternal:  file_open 10-Jun-2024 15:03:26 CEST PostProcessEvent
Failed to open file at URL root://eoscms.cern.ch:1094//eos/cms/store/mc/RunIISummer20UL18MiniAODv2/QCD_Pt_470to600_TuneCP5_13TeV_pythia8/MINIAODSIM/106X_upgrade2018_realistic_v16_L1v1-v1/230000/4DCF9816-391E-1F41-B119-E9F393261623.root.
%MSG
%MSG-w XrdAdaptorInternal:  file_open 10-Jun-2024 15:03:26 CEST PostProcessEvent
Failed to open file at URL root://eoscms.cern.ch:1094//eos/cms/store/mc/RunIISummer20UL18MiniAODv2/QCD_Pt_470to600_TuneCP5_13TeV_pythia8/MINIAODSIM/106X_upgrade2018_realistic_v16_L1v1-v1/230000/4DCF9816-391E-1F41-B119-E9F393261623.root?tried=.
%MSG
10-Jun-2024 15:03:26 CEST  Fallback request to file root://xrootd-cms.infn.it//store/mc/RunIISummer20UL18MiniAODv2/QCD_Pt_470to600_TuneCP5_13TeV_pythia8/MINIAODSIM/106X_upgrade2018_realistic_v16_L1v1-v1/230000/4DCF9816-391E-1F41-B119-E9F393261623.root
%MSG-w XrdAdaptor:  file_open 10-Jun-2024 15:03:38 CEST PostProcessEvent
Data is served from fnal.gov instead of original site T2_FR_GRIF_LLR
%MSG
10-Jun-2024 15:03:39 CEST  Successfully opened file root://xrootd-cms.infn.it//store/mc/RunIISummer20UL18MiniAODv2/QCD_Pt_470to600_TuneCP5_13TeV_pythia8/MINIAODSIM/106X_upgrade2018_realistic_v16_L1v1-v1/230000/4DCF9816-391E-1F41-B119-E9F393261623.root
10-Jun-2024 15:03:49 CEST  Closed file root://xrootd-cms.infn.it//store/mc/RunIISummer20UL18MiniAODv2/QCD_Pt_470to600_TuneCP5_13TeV_pythia8/MINIAODSIM/106X_upgrade2018_realistic_v16_L1v1-v1/230000/4DCF9816-391E-1F41-B119-E9F393261623.root
10-Jun-2024 15:03:49 CEST  Initiating request to open file root://eoscms.cern.ch//eos/cms/store/mc/RunIISummer20UL18MiniAODv2/QCD_Pt_470to600_TuneCP5_13TeV_pythia8/MINIAODSIM/106X_upgrade2018_realistic_v16_L1v1-v1/230000/AE22370F-88D6-1D42-8A1E-84EA998CC657.root
%MSG-w XrdAdaptorInternal:  file_open 10-Jun-2024 15:03:50 CEST PostProcessEvent
Failed to open file at URL root://eoscms.cern.ch:1094//eos/cms/store/mc/RunIISummer20UL18MiniAODv2/QCD_Pt_470to600_TuneCP5_13TeV_pythia8/MINIAODSIM/106X_upgrade2018_realistic_v16_L1v1-v1/230000/AE22370F-88D6-1D42-8A1E-84EA998CC657.root.
%MSG
%MSG-w XrdAdaptorInternal:  file_open 10-Jun-2024 15:03:50 CEST PostProcessEvent
Failed to open file at URL root://eoscms.cern.ch:1094//eos/cms/store/mc/RunIISummer20UL18MiniAODv2/QCD_Pt_470to600_TuneCP5_13TeV_pythia8/MINIAODSIM/106X_upgrade2018_realistic_v16_L1v1-v1/230000/AE22370F-88D6-1D42-8A1E-84EA998CC657.root?tried=.
%MSG
10-Jun-2024 15:03:50 CEST  Fallback request to file root://xrootd-cms.infn.it//store/mc/RunIISummer20UL18MiniAODv2/QCD_Pt_470to600_TuneCP5_13TeV_pythia8/MINIAODSIM/106X_upgrade2018_realistic_v16_L1v1-v1/230000/AE22370F-88D6-1D42-8A1E-84EA998CC657.root
%MSG-w XrdAdaptor:  file_open 10-Jun-2024 15:04:03 CEST PostProcessEvent
Data is served from fnal.gov instead of original site T2_FR_GRIF_LLR
%MSG
10-Jun-2024 15:04:04 CEST  Successfully opened file root://xrootd-cms.infn.it//store/mc/RunIISummer20UL18MiniAODv2/QCD_Pt_470to600_TuneCP5_13TeV_pythia8/MINIAODSIM/106X_upgrade2018_realistic_v16_L1v1-v1/230000/AE22370F-88D6-1D42-8A1E-84EA998CC657.root
Begin processing the 800001st record. Run 1, Event 6968003, LumiSection 6969 on stream 0 at 10-Jun-2024 15:04:13.968 CEST
10-Jun-2024 15:04:15 CEST  Closed file root://xrootd-cms.infn.it//store/mc/RunIISummer20UL18MiniAODv2/QCD_Pt_470to600_TuneCP5_13TeV_pythia8/MINIAODSIM/106X_upgrade2018_realistic_v16_L1v1-v1/230000/AE22370F-88D6-1D42-8A1E-84EA998CC657.root
10-Jun-2024 15:04:15 CEST  Initiating request to open file root://eoscms.cern.ch//eos/cms/store/mc/RunIISummer20UL18MiniAODv2/QCD_Pt_470to600_TuneCP5_13TeV_pythia8/MINIAODSIM/106X_upgrade2018_realistic_v16_L1v1-v1/240000/1CEFCD15-87C4-B349-A9E9-548DC1FEC09D.root
%MSG-w XrdAdaptorInternal:  file_open 10-Jun-2024 15:04:16 CEST PostProcessEvent
Failed to open file at URL root://eoscms.cern.ch:1094//eos/cms/store/mc/RunIISummer20UL18MiniAODv2/QCD_Pt_470to600_TuneCP5_13TeV_pythia8/MINIAODSIM/106X_upgrade2018_realistic_v16_L1v1-v1/240000/1CEFCD15-87C4-B349-A9E9-548DC1FEC09D.root.
%MSG
%MSG-w XrdAdaptorInternal:  file_open 10-Jun-2024 15:04:16 CEST PostProcessEvent
Failed to open file at URL root://eoscms.cern.ch:1094//eos/cms/store/mc/RunIISummer20UL18MiniAODv2/QCD_Pt_470to600_TuneCP5_13TeV_pythia8/MINIAODSIM/106X_upgrade2018_realistic_v16_L1v1-v1/240000/1CEFCD15-87C4-B349-A9E9-548DC1FEC09D.root?tried=.
%MSG
10-Jun-2024 15:04:16 CEST  Fallback request to file root://xrootd-cms.infn.it//store/mc/RunIISummer20UL18MiniAODv2/QCD_Pt_470to600_TuneCP5_13TeV_pythia8/MINIAODSIM/106X_upgrade2018_realistic_v16_L1v1-v1/240000/1CEFCD15-87C4-B349-A9E9-548DC1FEC09D.root
%MSG-w XrdAdaptor:  file_open 10-Jun-2024 15:04:30 CEST PostProcessEvent
Data is served from T2_US_MIT instead of original site T2_FR_GRIF_LLR
%MSG
10-Jun-2024 15:04:31 CEST  Successfully opened file root://xrootd-cms.infn.it//store/mc/RunIISummer20UL18MiniAODv2/QCD_Pt_470to600_TuneCP5_13TeV_pythia8/MINIAODSIM/106X_upgrade2018_realistic_v16_L1v1-v1/240000/1CEFCD15-87C4-B349-A9E9-548DC1FEC09D.root
10-Jun-2024 15:04:35 CEST  Closed file root://xrootd-cms.infn.it//store/mc/RunIISummer20UL18MiniAODv2/QCD_Pt_470to600_TuneCP5_13TeV_pythia8/MINIAODSIM/106X_upgrade2018_realistic_v16_L1v1-v1/240000/1CEFCD15-87C4-B349-A9E9-548DC1FEC09D.root
10-Jun-2024 15:04:35 CEST  Initiating request to open file root://eoscms.cern.ch//eos/cms/store/mc/RunIISummer20UL18MiniAODv2/QCD_Pt_470to600_TuneCP5_13TeV_pythia8/MINIAODSIM/106X_upgrade2018_realistic_v16_L1v1-v1/230000/70362F96-4203-EC40-91E8-78D63CF380F1.root
%MSG-w XrdAdaptorInternal:  file_open 10-Jun-2024 15:04:36 CEST PostProcessEvent
Failed to open file at URL root://eoscms.cern.ch:1094//eos/cms/store/mc/RunIISummer20UL18MiniAODv2/QCD_Pt_470to600_TuneCP5_13TeV_pythia8/MINIAODSIM/106X_upgrade2018_realistic_v16_L1v1-v1/230000/70362F96-4203-EC40-91E8-78D63CF380F1.root.
%MSG
%MSG-w XrdAdaptorInternal:  file_open 10-Jun-2024 15:04:36 CEST PostProcessEvent
Failed to open file at URL root://eoscms.cern.ch:1094//eos/cms/store/mc/RunIISummer20UL18MiniAODv2/QCD_Pt_470to600_TuneCP5_13TeV_pythia8/MINIAODSIM/106X_upgrade2018_realistic_v16_L1v1-v1/230000/70362F96-4203-EC40-91E8-78D63CF380F1.root?tried=.
%MSG
10-Jun-2024 15:04:36 CEST  Fallback request to file root://xrootd-cms.infn.it//store/mc/RunIISummer20UL18MiniAODv2/QCD_Pt_470to600_TuneCP5_13TeV_pythia8/MINIAODSIM/106X_upgrade2018_realistic_v16_L1v1-v1/230000/70362F96-4203-EC40-91E8-78D63CF380F1.root
%MSG-w XrdAdaptor:  file_open 10-Jun-2024 15:04:49 CEST PostProcessEvent
Data is served from fnal.gov instead of original site T2_FR_GRIF_LLR
%MSG
10-Jun-2024 15:04:50 CEST  Successfully opened file root://xrootd-cms.infn.it//store/mc/RunIISummer20UL18MiniAODv2/QCD_Pt_470to600_TuneCP5_13TeV_pythia8/MINIAODSIM/106X_upgrade2018_realistic_v16_L1v1-v1/230000/70362F96-4203-EC40-91E8-78D63CF380F1.root
10-Jun-2024 15:04:59 CEST  Closed file root://xrootd-cms.infn.it//store/mc/RunIISummer20UL18MiniAODv2/QCD_Pt_470to600_TuneCP5_13TeV_pythia8/MINIAODSIM/106X_upgrade2018_realistic_v16_L1v1-v1/230000/70362F96-4203-EC40-91E8-78D63CF380F1.root
10-Jun-2024 15:04:59 CEST  Initiating request to open file root://eoscms.cern.ch//eos/cms/store/mc/RunIISummer20UL18MiniAODv2/QCD_Pt_470to600_TuneCP5_13TeV_pythia8/MINIAODSIM/106X_upgrade2018_realistic_v16_L1v1-v1/230000/91BC624D-52E4-CC4C-8D0F-5F0A2ADE289E.root
%MSG-w XrdAdaptorInternal:  file_open 10-Jun-2024 15:05:00 CEST PostProcessEvent
Failed to open file at URL root://eoscms.cern.ch:1094//eos/cms/store/mc/RunIISummer20UL18MiniAODv2/QCD_Pt_470to600_TuneCP5_13TeV_pythia8/MINIAODSIM/106X_upgrade2018_realistic_v16_L1v1-v1/230000/91BC624D-52E4-CC4C-8D0F-5F0A2ADE289E.root.
%MSG
%MSG-w XrdAdaptorInternal:  file_open 10-Jun-2024 15:05:00 CEST PostProcessEvent
Failed to open file at URL root://eoscms.cern.ch:1094//eos/cms/store/mc/RunIISummer20UL18MiniAODv2/QCD_Pt_470to600_TuneCP5_13TeV_pythia8/MINIAODSIM/106X_upgrade2018_realistic_v16_L1v1-v1/230000/91BC624D-52E4-CC4C-8D0F-5F0A2ADE289E.root?tried=.
%MSG
10-Jun-2024 15:05:00 CEST  Fallback request to file root://xrootd-cms.infn.it//store/mc/RunIISummer20UL18MiniAODv2/QCD_Pt_470to600_TuneCP5_13TeV_pythia8/MINIAODSIM/106X_upgrade2018_realistic_v16_L1v1-v1/230000/91BC624D-52E4-CC4C-8D0F-5F0A2ADE289E.root
%MSG-w XrdAdaptor:  file_open 10-Jun-2024 15:05:12 CEST PostProcessEvent
Data is served from fnal.gov instead of original site T2_FR_GRIF_LLR
%MSG
10-Jun-2024 15:05:13 CEST  Successfully opened file root://xrootd-cms.infn.it//store/mc/RunIISummer20UL18MiniAODv2/QCD_Pt_470to600_TuneCP5_13TeV_pythia8/MINIAODSIM/106X_upgrade2018_realistic_v16_L1v1-v1/230000/91BC624D-52E4-CC4C-8D0F-5F0A2ADE289E.root
Begin processing the 900001st record. Run 1, Event 22581004, LumiSection 22582 on stream 0 at 10-Jun-2024 15:05:22.173 CEST
10-Jun-2024 15:05:23 CEST  Closed file root://xrootd-cms.infn.it//store/mc/RunIISummer20UL18MiniAODv2/QCD_Pt_470to600_TuneCP5_13TeV_pythia8/MINIAODSIM/106X_upgrade2018_realistic_v16_L1v1-v1/230000/91BC624D-52E4-CC4C-8D0F-5F0A2ADE289E.root
10-Jun-2024 15:05:23 CEST  Initiating request to open file root://eoscms.cern.ch//eos/cms/store/mc/RunIISummer20UL18MiniAODv2/QCD_Pt_470to600_TuneCP5_13TeV_pythia8/MINIAODSIM/106X_upgrade2018_realistic_v16_L1v1-v1/230000/53CB04E0-4A00-CC46-952B-184D9F51DD52.root
%MSG-w XrdAdaptorInternal:  file_open 10-Jun-2024 15:05:24 CEST PostProcessEvent
Failed to open file at URL root://eoscms.cern.ch:1094//eos/cms/store/mc/RunIISummer20UL18MiniAODv2/QCD_Pt_470to600_TuneCP5_13TeV_pythia8/MINIAODSIM/106X_upgrade2018_realistic_v16_L1v1-v1/230000/53CB04E0-4A00-CC46-952B-184D9F51DD52.root.
%MSG
%MSG-w XrdAdaptorInternal:  file_open 10-Jun-2024 15:05:24 CEST PostProcessEvent
Failed to open file at URL root://eoscms.cern.ch:1094//eos/cms/store/mc/RunIISummer20UL18MiniAODv2/QCD_Pt_470to600_TuneCP5_13TeV_pythia8/MINIAODSIM/106X_upgrade2018_realistic_v16_L1v1-v1/230000/53CB04E0-4A00-CC46-952B-184D9F51DD52.root?tried=.
%MSG
10-Jun-2024 15:05:24 CEST  Fallback request to file root://xrootd-cms.infn.it//store/mc/RunIISummer20UL18MiniAODv2/QCD_Pt_470to600_TuneCP5_13TeV_pythia8/MINIAODSIM/106X_upgrade2018_realistic_v16_L1v1-v1/230000/53CB04E0-4A00-CC46-952B-184D9F51DD52.root
%MSG-w XrdAdaptor:  file_open 10-Jun-2024 15:05:38 CEST PostProcessEvent
Data is served from fnal.gov instead of original site T2_FR_GRIF_LLR
%MSG
10-Jun-2024 15:05:38 CEST  Successfully opened file root://xrootd-cms.infn.it//store/mc/RunIISummer20UL18MiniAODv2/QCD_Pt_470to600_TuneCP5_13TeV_pythia8/MINIAODSIM/106X_upgrade2018_realistic_v16_L1v1-v1/230000/53CB04E0-4A00-CC46-952B-184D9F51DD52.root
10-Jun-2024 15:05:51 CEST  Closed file root://xrootd-cms.infn.it//store/mc/RunIISummer20UL18MiniAODv2/QCD_Pt_470to600_TuneCP5_13TeV_pythia8/MINIAODSIM/106X_upgrade2018_realistic_v16_L1v1-v1/230000/53CB04E0-4A00-CC46-952B-184D9F51DD52.root
10-Jun-2024 15:05:51 CEST  Initiating request to open file root://eoscms.cern.ch//eos/cms/store/mc/RunIISummer20UL18MiniAODv2/QCD_Pt_470to600_TuneCP5_13TeV_pythia8/MINIAODSIM/106X_upgrade2018_realistic_v16_L1v1-v1/230000/5C7A7899-11D9-7D4C-929D-E4CE58FD637C.root
%MSG-w XrdAdaptorInternal:  file_open 10-Jun-2024 15:05:52 CEST PostProcessEvent
Failed to open file at URL root://eoscms.cern.ch:1094//eos/cms/store/mc/RunIISummer20UL18MiniAODv2/QCD_Pt_470to600_TuneCP5_13TeV_pythia8/MINIAODSIM/106X_upgrade2018_realistic_v16_L1v1-v1/230000/5C7A7899-11D9-7D4C-929D-E4CE58FD637C.root.
%MSG
%MSG-w XrdAdaptorInternal:  file_open 10-Jun-2024 15:05:52 CEST PostProcessEvent
Failed to open file at URL root://eoscms.cern.ch:1094//eos/cms/store/mc/RunIISummer20UL18MiniAODv2/QCD_Pt_470to600_TuneCP5_13TeV_pythia8/MINIAODSIM/106X_upgrade2018_realistic_v16_L1v1-v1/230000/5C7A7899-11D9-7D4C-929D-E4CE58FD637C.root?tried=.
%MSG
10-Jun-2024 15:05:52 CEST  Fallback request to file root://xrootd-cms.infn.it//store/mc/RunIISummer20UL18MiniAODv2/QCD_Pt_470to600_TuneCP5_13TeV_pythia8/MINIAODSIM/106X_upgrade2018_realistic_v16_L1v1-v1/230000/5C7A7899-11D9-7D4C-929D-E4CE58FD637C.root
%MSG-w XrdAdaptor:  file_open 10-Jun-2024 15:06:04 CEST PostProcessEvent
Data is served from fnal.gov instead of original site T2_FR_GRIF_LLR
%MSG
10-Jun-2024 15:06:05 CEST  Successfully opened file root://xrootd-cms.infn.it//store/mc/RunIISummer20UL18MiniAODv2/QCD_Pt_470to600_TuneCP5_13TeV_pythia8/MINIAODSIM/106X_upgrade2018_realistic_v16_L1v1-v1/230000/5C7A7899-11D9-7D4C-929D-E4CE58FD637C.root
10-Jun-2024 15:06:12 CEST  Closed file root://xrootd-cms.infn.it//store/mc/RunIISummer20UL18MiniAODv2/QCD_Pt_470to600_TuneCP5_13TeV_pythia8/MINIAODSIM/106X_upgrade2018_realistic_v16_L1v1-v1/230000/5C7A7899-11D9-7D4C-929D-E4CE58FD637C.root

------------------------------------
GenXsecAnalyzer:
------------------------------------
Before Filter: total cross section = 5.521e+02 +- 2.617e-01 pb
Filter efficiency (taking into account weights)= (1e+06) / (1e+06) = 1.000e+00 +- 0.000e+00
Filter efficiency (event-level)= (1e+06) / (1e+06) = 1.000e+00 +- 0.000e+00    [TO BE USED IN MCM]

After filter: final cross section = 5.521e+02 +- 2.617e-01 pb
After filter: final fraction of events with negative weights = 0.000e+00 +- 0.000e+00
After filter: final equivalent lumi for 1M events (1/fb) = 1.811e+00 +- 2.005e-03

=============================================

MessageLogger Summary

 type     category        sev    module        subroutine        count    total
 ---- -------------------- -- ---------------- ----------------  -----    -----
    1 GenXSecAnalyzer      -w GenXSecAnalyzer:                       7        7
    2 XrdAdaptor           -w file_open                             23       23
    3 XrdAdaptorInternal   -w file_open                             46       46
    4 fileAction           -s file_close                            23       23
    5 fileAction           -s file_open                             69       69

 type    category    Examples: run/evt        run/evt          run/evt
 ---- -------------------- ---------------- ---------------- ----------------
    1 GenXSecAnalyzer      PostGlobalEndRun PostGlobalEndRun PostGlobalEndRun
    2 XrdAdaptor           pre-events       PostProcessEvent PostProcessEvent
    3 XrdAdaptorInternal   pre-events       pre-events       PostProcessEvent
    4 fileAction           PostProcessEvent PostProcessEvent PostGlobalEndRun
    5 fileAction           pre-events       pre-events       PostProcessEvent

Severity    # Occurrences   Total Occurrences
--------    -------------   -----------------
Warning                76                  76
System                 92                  92

dropped waiting message count 0
