10-Jun-2024 16:49:52 CEST  Initiating request to open file root://eoscms.cern.ch//eos/cms/store/mc/RunIISummer20UL18MiniAODv2/QCD_HT1500to2000_TuneCP5_PSWeights_13TeV-madgraph-pythia8/MINIAODSIM/106X_upgrade2018_realistic_v16_L1v1-v1/30000/DA602EAD-F3EA-5740-951D-D45E44CD7B41.root
%MSG-w XrdAdaptorInternal:  file_open 10-Jun-2024 16:50:01 CEST pre-events
Failed to open file at URL root://eoscms.cern.ch:1094//eos/cms/store/mc/RunIISummer20UL18MiniAODv2/QCD_HT1500to2000_TuneCP5_PSWeights_13TeV-madgraph-pythia8/MINIAODSIM/106X_upgrade2018_realistic_v16_L1v1-v1/30000/DA602EAD-F3EA-5740-951D-D45E44CD7B41.root.
%MSG
%MSG-w XrdAdaptorInternal:  file_open 10-Jun-2024 16:50:01 CEST pre-events
Failed to open file at URL root://eoscms.cern.ch:1094//eos/cms/store/mc/RunIISummer20UL18MiniAODv2/QCD_HT1500to2000_TuneCP5_PSWeights_13TeV-madgraph-pythia8/MINIAODSIM/106X_upgrade2018_realistic_v16_L1v1-v1/30000/DA602EAD-F3EA-5740-951D-D45E44CD7B41.root?tried=.
%MSG
10-Jun-2024 16:50:01 CEST  Fallback request to file root://xrootd-cms.infn.it//store/mc/RunIISummer20UL18MiniAODv2/QCD_HT1500to2000_TuneCP5_PSWeights_13TeV-madgraph-pythia8/MINIAODSIM/106X_upgrade2018_realistic_v16_L1v1-v1/30000/DA602EAD-F3EA-5740-951D-D45E44CD7B41.root
Unable to load sec.protocol plugin libXrdSecztn.so
%MSG-w XrdAdaptor:  file_open 10-Jun-2024 16:50:17 CEST pre-events
Data is served from fnal.gov instead of original site T2_FR_GRIF_LLR
%MSG
10-Jun-2024 16:51:28 CEST  Successfully opened file root://xrootd-cms.infn.it//store/mc/RunIISummer20UL18MiniAODv2/QCD_HT1500to2000_TuneCP5_PSWeights_13TeV-madgraph-pythia8/MINIAODSIM/106X_upgrade2018_realistic_v16_L1v1-v1/30000/DA602EAD-F3EA-5740-951D-D45E44CD7B41.root
Unable to load sec.protocol plugin libXrdSecztn.so
Begin processing the 1st record. Run 1, Event 15487569, LumiSection 12391 on stream 0 at 10-Jun-2024 16:51:39.247 CEST
Unable to load sec.protocol plugin libXrdSecztn.so
10-Jun-2024 16:51:41 CEST  Closed file root://xrootd-cms.infn.it//store/mc/RunIISummer20UL18MiniAODv2/QCD_HT1500to2000_TuneCP5_PSWeights_13TeV-madgraph-pythia8/MINIAODSIM/106X_upgrade2018_realistic_v16_L1v1-v1/30000/DA602EAD-F3EA-5740-951D-D45E44CD7B41.root
10-Jun-2024 16:51:41 CEST  Initiating request to open file root://eoscms.cern.ch//eos/cms/store/mc/RunIISummer20UL18MiniAODv2/QCD_HT1500to2000_TuneCP5_PSWeights_13TeV-madgraph-pythia8/MINIAODSIM/106X_upgrade2018_realistic_v16_L1v1-v1/30000/37939F40-F097-4F4B-AAE2-D4A9058C8480.root
%MSG-w XrdAdaptorInternal:  file_open 10-Jun-2024 16:51:42 CEST PostProcessEvent
Failed to open file at URL root://eoscms.cern.ch:1094//eos/cms/store/mc/RunIISummer20UL18MiniAODv2/QCD_HT1500to2000_TuneCP5_PSWeights_13TeV-madgraph-pythia8/MINIAODSIM/106X_upgrade2018_realistic_v16_L1v1-v1/30000/37939F40-F097-4F4B-AAE2-D4A9058C8480.root.
%MSG
%MSG-w XrdAdaptorInternal:  file_open 10-Jun-2024 16:51:42 CEST PostProcessEvent
Failed to open file at URL root://eoscms.cern.ch:1094//eos/cms/store/mc/RunIISummer20UL18MiniAODv2/QCD_HT1500to2000_TuneCP5_PSWeights_13TeV-madgraph-pythia8/MINIAODSIM/106X_upgrade2018_realistic_v16_L1v1-v1/30000/37939F40-F097-4F4B-AAE2-D4A9058C8480.root?tried=.
%MSG
10-Jun-2024 16:51:42 CEST  Fallback request to file root://xrootd-cms.infn.it//store/mc/RunIISummer20UL18MiniAODv2/QCD_HT1500to2000_TuneCP5_PSWeights_13TeV-madgraph-pythia8/MINIAODSIM/106X_upgrade2018_realistic_v16_L1v1-v1/30000/37939F40-F097-4F4B-AAE2-D4A9058C8480.root
%MSG-w XrdAdaptor:  file_open 10-Jun-2024 16:51:54 CEST PostProcessEvent
Data is served from fnal.gov instead of original site T2_FR_GRIF_LLR
%MSG
10-Jun-2024 16:51:54 CEST  Successfully opened file root://xrootd-cms.infn.it//store/mc/RunIISummer20UL18MiniAODv2/QCD_HT1500to2000_TuneCP5_PSWeights_13TeV-madgraph-pythia8/MINIAODSIM/106X_upgrade2018_realistic_v16_L1v1-v1/30000/37939F40-F097-4F4B-AAE2-D4A9058C8480.root
10-Jun-2024 16:52:02 CEST  Closed file root://xrootd-cms.infn.it//store/mc/RunIISummer20UL18MiniAODv2/QCD_HT1500to2000_TuneCP5_PSWeights_13TeV-madgraph-pythia8/MINIAODSIM/106X_upgrade2018_realistic_v16_L1v1-v1/30000/37939F40-F097-4F4B-AAE2-D4A9058C8480.root
10-Jun-2024 16:52:02 CEST  Initiating request to open file root://eoscms.cern.ch//eos/cms/store/mc/RunIISummer20UL18MiniAODv2/QCD_HT1500to2000_TuneCP5_PSWeights_13TeV-madgraph-pythia8/MINIAODSIM/106X_upgrade2018_realistic_v16_L1v1-v1/30000/143E1CD9-C6C7-4B4E-A9EF-EBEE7A055CBB.root
%MSG-w XrdAdaptorInternal:  file_open 10-Jun-2024 16:52:03 CEST PostProcessEvent
Failed to open file at URL root://eoscms.cern.ch:1094//eos/cms/store/mc/RunIISummer20UL18MiniAODv2/QCD_HT1500to2000_TuneCP5_PSWeights_13TeV-madgraph-pythia8/MINIAODSIM/106X_upgrade2018_realistic_v16_L1v1-v1/30000/143E1CD9-C6C7-4B4E-A9EF-EBEE7A055CBB.root.
%MSG
%MSG-w XrdAdaptorInternal:  file_open 10-Jun-2024 16:52:03 CEST PostProcessEvent
Failed to open file at URL root://eoscms.cern.ch:1094//eos/cms/store/mc/RunIISummer20UL18MiniAODv2/QCD_HT1500to2000_TuneCP5_PSWeights_13TeV-madgraph-pythia8/MINIAODSIM/106X_upgrade2018_realistic_v16_L1v1-v1/30000/143E1CD9-C6C7-4B4E-A9EF-EBEE7A055CBB.root?tried=.
%MSG
10-Jun-2024 16:52:03 CEST  Fallback request to file root://xrootd-cms.infn.it//store/mc/RunIISummer20UL18MiniAODv2/QCD_HT1500to2000_TuneCP5_PSWeights_13TeV-madgraph-pythia8/MINIAODSIM/106X_upgrade2018_realistic_v16_L1v1-v1/30000/143E1CD9-C6C7-4B4E-A9EF-EBEE7A055CBB.root
%MSG-w XrdAdaptor:  file_open 10-Jun-2024 16:52:16 CEST PostProcessEvent
Data is served from fnal.gov instead of original site T2_FR_GRIF_LLR
%MSG
10-Jun-2024 16:52:17 CEST  Successfully opened file root://xrootd-cms.infn.it//store/mc/RunIISummer20UL18MiniAODv2/QCD_HT1500to2000_TuneCP5_PSWeights_13TeV-madgraph-pythia8/MINIAODSIM/106X_upgrade2018_realistic_v16_L1v1-v1/30000/143E1CD9-C6C7-4B4E-A9EF-EBEE7A055CBB.root
10-Jun-2024 16:52:25 CEST  Closed file root://xrootd-cms.infn.it//store/mc/RunIISummer20UL18MiniAODv2/QCD_HT1500to2000_TuneCP5_PSWeights_13TeV-madgraph-pythia8/MINIAODSIM/106X_upgrade2018_realistic_v16_L1v1-v1/30000/143E1CD9-C6C7-4B4E-A9EF-EBEE7A055CBB.root
10-Jun-2024 16:52:25 CEST  Initiating request to open file root://eoscms.cern.ch//eos/cms/store/mc/RunIISummer20UL18MiniAODv2/QCD_HT1500to2000_TuneCP5_PSWeights_13TeV-madgraph-pythia8/MINIAODSIM/106X_upgrade2018_realistic_v16_L1v1-v1/30000/96C45D10-0387-9341-9458-6115484B2247.root
%MSG-w XrdAdaptorInternal:  file_open 10-Jun-2024 16:52:26 CEST PostProcessEvent
Failed to open file at URL root://eoscms.cern.ch:1094//eos/cms/store/mc/RunIISummer20UL18MiniAODv2/QCD_HT1500to2000_TuneCP5_PSWeights_13TeV-madgraph-pythia8/MINIAODSIM/106X_upgrade2018_realistic_v16_L1v1-v1/30000/96C45D10-0387-9341-9458-6115484B2247.root.
%MSG
%MSG-w XrdAdaptorInternal:  file_open 10-Jun-2024 16:52:26 CEST PostProcessEvent
Failed to open file at URL root://eoscms.cern.ch:1094//eos/cms/store/mc/RunIISummer20UL18MiniAODv2/QCD_HT1500to2000_TuneCP5_PSWeights_13TeV-madgraph-pythia8/MINIAODSIM/106X_upgrade2018_realistic_v16_L1v1-v1/30000/96C45D10-0387-9341-9458-6115484B2247.root?tried=.
%MSG
10-Jun-2024 16:52:26 CEST  Fallback request to file root://xrootd-cms.infn.it//store/mc/RunIISummer20UL18MiniAODv2/QCD_HT1500to2000_TuneCP5_PSWeights_13TeV-madgraph-pythia8/MINIAODSIM/106X_upgrade2018_realistic_v16_L1v1-v1/30000/96C45D10-0387-9341-9458-6115484B2247.root
%MSG-w XrdAdaptor:  file_open 10-Jun-2024 16:52:38 CEST PostProcessEvent
Data is served from fnal.gov instead of original site T2_FR_GRIF_LLR
%MSG
10-Jun-2024 16:52:39 CEST  Successfully opened file root://xrootd-cms.infn.it//store/mc/RunIISummer20UL18MiniAODv2/QCD_HT1500to2000_TuneCP5_PSWeights_13TeV-madgraph-pythia8/MINIAODSIM/106X_upgrade2018_realistic_v16_L1v1-v1/30000/96C45D10-0387-9341-9458-6115484B2247.root
Begin processing the 100001st record. Run 1, Event 108607494, LumiSection 86886 on stream 0 at 10-Jun-2024 16:52:46.066 CEST
10-Jun-2024 16:52:47 CEST  Closed file root://xrootd-cms.infn.it//store/mc/RunIISummer20UL18MiniAODv2/QCD_HT1500to2000_TuneCP5_PSWeights_13TeV-madgraph-pythia8/MINIAODSIM/106X_upgrade2018_realistic_v16_L1v1-v1/30000/96C45D10-0387-9341-9458-6115484B2247.root
10-Jun-2024 16:52:47 CEST  Initiating request to open file root://eoscms.cern.ch//eos/cms/store/mc/RunIISummer20UL18MiniAODv2/QCD_HT1500to2000_TuneCP5_PSWeights_13TeV-madgraph-pythia8/MINIAODSIM/106X_upgrade2018_realistic_v16_L1v1-v1/30000/FD809747-4D2A-4F46-AA72-542F33730806.root
%MSG-w XrdAdaptorInternal:  file_open 10-Jun-2024 16:52:48 CEST PostProcessEvent
Failed to open file at URL root://eoscms.cern.ch:1094//eos/cms/store/mc/RunIISummer20UL18MiniAODv2/QCD_HT1500to2000_TuneCP5_PSWeights_13TeV-madgraph-pythia8/MINIAODSIM/106X_upgrade2018_realistic_v16_L1v1-v1/30000/FD809747-4D2A-4F46-AA72-542F33730806.root.
%MSG
%MSG-w XrdAdaptorInternal:  file_open 10-Jun-2024 16:52:48 CEST PostProcessEvent
Failed to open file at URL root://eoscms.cern.ch:1094//eos/cms/store/mc/RunIISummer20UL18MiniAODv2/QCD_HT1500to2000_TuneCP5_PSWeights_13TeV-madgraph-pythia8/MINIAODSIM/106X_upgrade2018_realistic_v16_L1v1-v1/30000/FD809747-4D2A-4F46-AA72-542F33730806.root?tried=.
%MSG
10-Jun-2024 16:52:48 CEST  Fallback request to file root://xrootd-cms.infn.it//store/mc/RunIISummer20UL18MiniAODv2/QCD_HT1500to2000_TuneCP5_PSWeights_13TeV-madgraph-pythia8/MINIAODSIM/106X_upgrade2018_realistic_v16_L1v1-v1/30000/FD809747-4D2A-4F46-AA72-542F33730806.root
%MSG-w XrdAdaptor:  file_open 10-Jun-2024 16:53:01 CEST PostProcessEvent
Data is served from fnal.gov instead of original site T2_FR_GRIF_LLR
%MSG
10-Jun-2024 16:53:02 CEST  Successfully opened file root://xrootd-cms.infn.it//store/mc/RunIISummer20UL18MiniAODv2/QCD_HT1500to2000_TuneCP5_PSWeights_13TeV-madgraph-pythia8/MINIAODSIM/106X_upgrade2018_realistic_v16_L1v1-v1/30000/FD809747-4D2A-4F46-AA72-542F33730806.root
10-Jun-2024 16:53:09 CEST  Closed file root://xrootd-cms.infn.it//store/mc/RunIISummer20UL18MiniAODv2/QCD_HT1500to2000_TuneCP5_PSWeights_13TeV-madgraph-pythia8/MINIAODSIM/106X_upgrade2018_realistic_v16_L1v1-v1/30000/FD809747-4D2A-4F46-AA72-542F33730806.root
10-Jun-2024 16:53:09 CEST  Initiating request to open file root://eoscms.cern.ch//eos/cms/store/mc/RunIISummer20UL18MiniAODv2/QCD_HT1500to2000_TuneCP5_PSWeights_13TeV-madgraph-pythia8/MINIAODSIM/106X_upgrade2018_realistic_v16_L1v1-v1/30000/DAFAC1EC-6690-CF44-87F2-CD0214A0CD29.root
%MSG-w XrdAdaptorInternal:  file_open 10-Jun-2024 16:53:10 CEST PostProcessEvent
Failed to open file at URL root://eoscms.cern.ch:1094//eos/cms/store/mc/RunIISummer20UL18MiniAODv2/QCD_HT1500to2000_TuneCP5_PSWeights_13TeV-madgraph-pythia8/MINIAODSIM/106X_upgrade2018_realistic_v16_L1v1-v1/30000/DAFAC1EC-6690-CF44-87F2-CD0214A0CD29.root.
%MSG
%MSG-w XrdAdaptorInternal:  file_open 10-Jun-2024 16:53:10 CEST PostProcessEvent
Failed to open file at URL root://eoscms.cern.ch:1094//eos/cms/store/mc/RunIISummer20UL18MiniAODv2/QCD_HT1500to2000_TuneCP5_PSWeights_13TeV-madgraph-pythia8/MINIAODSIM/106X_upgrade2018_realistic_v16_L1v1-v1/30000/DAFAC1EC-6690-CF44-87F2-CD0214A0CD29.root?tried=.
%MSG
10-Jun-2024 16:53:10 CEST  Fallback request to file root://xrootd-cms.infn.it//store/mc/RunIISummer20UL18MiniAODv2/QCD_HT1500to2000_TuneCP5_PSWeights_13TeV-madgraph-pythia8/MINIAODSIM/106X_upgrade2018_realistic_v16_L1v1-v1/30000/DAFAC1EC-6690-CF44-87F2-CD0214A0CD29.root
%MSG-w XrdAdaptor:  file_open 10-Jun-2024 16:53:23 CEST PostProcessEvent
Data is served from fnal.gov instead of original site T2_FR_GRIF_LLR
%MSG
10-Jun-2024 16:53:24 CEST  Successfully opened file root://xrootd-cms.infn.it//store/mc/RunIISummer20UL18MiniAODv2/QCD_HT1500to2000_TuneCP5_PSWeights_13TeV-madgraph-pythia8/MINIAODSIM/106X_upgrade2018_realistic_v16_L1v1-v1/30000/DAFAC1EC-6690-CF44-87F2-CD0214A0CD29.root
Begin processing the 200001st record. Run 1, Event 71819117, LumiSection 57456 on stream 0 at 10-Jun-2024 16:53:30.894 CEST
10-Jun-2024 16:53:31 CEST  Closed file root://xrootd-cms.infn.it//store/mc/RunIISummer20UL18MiniAODv2/QCD_HT1500to2000_TuneCP5_PSWeights_13TeV-madgraph-pythia8/MINIAODSIM/106X_upgrade2018_realistic_v16_L1v1-v1/30000/DAFAC1EC-6690-CF44-87F2-CD0214A0CD29.root
10-Jun-2024 16:53:31 CEST  Initiating request to open file root://eoscms.cern.ch//eos/cms/store/mc/RunIISummer20UL18MiniAODv2/QCD_HT1500to2000_TuneCP5_PSWeights_13TeV-madgraph-pythia8/MINIAODSIM/106X_upgrade2018_realistic_v16_L1v1-v1/30000/3EE2BCFF-214F-9841-A620-16A14113CF79.root
%MSG-w XrdAdaptorInternal:  file_open 10-Jun-2024 16:53:32 CEST PostProcessEvent
Failed to open file at URL root://eoscms.cern.ch:1094//eos/cms/store/mc/RunIISummer20UL18MiniAODv2/QCD_HT1500to2000_TuneCP5_PSWeights_13TeV-madgraph-pythia8/MINIAODSIM/106X_upgrade2018_realistic_v16_L1v1-v1/30000/3EE2BCFF-214F-9841-A620-16A14113CF79.root.
%MSG
%MSG-w XrdAdaptorInternal:  file_open 10-Jun-2024 16:53:32 CEST PostProcessEvent
Failed to open file at URL root://eoscms.cern.ch:1094//eos/cms/store/mc/RunIISummer20UL18MiniAODv2/QCD_HT1500to2000_TuneCP5_PSWeights_13TeV-madgraph-pythia8/MINIAODSIM/106X_upgrade2018_realistic_v16_L1v1-v1/30000/3EE2BCFF-214F-9841-A620-16A14113CF79.root?tried=.
%MSG
10-Jun-2024 16:53:32 CEST  Fallback request to file root://xrootd-cms.infn.it//store/mc/RunIISummer20UL18MiniAODv2/QCD_HT1500to2000_TuneCP5_PSWeights_13TeV-madgraph-pythia8/MINIAODSIM/106X_upgrade2018_realistic_v16_L1v1-v1/30000/3EE2BCFF-214F-9841-A620-16A14113CF79.root
%MSG-w XrdAdaptor:  file_open 10-Jun-2024 16:53:45 CEST PostProcessEvent
Data is served from fnal.gov instead of original site T2_FR_GRIF_LLR
%MSG
10-Jun-2024 16:53:46 CEST  Successfully opened file root://xrootd-cms.infn.it//store/mc/RunIISummer20UL18MiniAODv2/QCD_HT1500to2000_TuneCP5_PSWeights_13TeV-madgraph-pythia8/MINIAODSIM/106X_upgrade2018_realistic_v16_L1v1-v1/30000/3EE2BCFF-214F-9841-A620-16A14113CF79.root
10-Jun-2024 16:53:55 CEST  Closed file root://xrootd-cms.infn.it//store/mc/RunIISummer20UL18MiniAODv2/QCD_HT1500to2000_TuneCP5_PSWeights_13TeV-madgraph-pythia8/MINIAODSIM/106X_upgrade2018_realistic_v16_L1v1-v1/30000/3EE2BCFF-214F-9841-A620-16A14113CF79.root
10-Jun-2024 16:53:55 CEST  Initiating request to open file root://eoscms.cern.ch//eos/cms/store/mc/RunIISummer20UL18MiniAODv2/QCD_HT1500to2000_TuneCP5_PSWeights_13TeV-madgraph-pythia8/MINIAODSIM/106X_upgrade2018_realistic_v16_L1v1-v1/30000/0B64520A-4174-534B-9EC0-0F375D780C71.root
%MSG-w XrdAdaptorInternal:  file_open 10-Jun-2024 16:53:56 CEST PostProcessEvent
Failed to open file at URL root://eoscms.cern.ch:1094//eos/cms/store/mc/RunIISummer20UL18MiniAODv2/QCD_HT1500to2000_TuneCP5_PSWeights_13TeV-madgraph-pythia8/MINIAODSIM/106X_upgrade2018_realistic_v16_L1v1-v1/30000/0B64520A-4174-534B-9EC0-0F375D780C71.root.
%MSG
%MSG-w XrdAdaptorInternal:  file_open 10-Jun-2024 16:53:56 CEST PostProcessEvent
Failed to open file at URL root://eoscms.cern.ch:1094//eos/cms/store/mc/RunIISummer20UL18MiniAODv2/QCD_HT1500to2000_TuneCP5_PSWeights_13TeV-madgraph-pythia8/MINIAODSIM/106X_upgrade2018_realistic_v16_L1v1-v1/30000/0B64520A-4174-534B-9EC0-0F375D780C71.root?tried=.
%MSG
10-Jun-2024 16:53:56 CEST  Fallback request to file root://xrootd-cms.infn.it//store/mc/RunIISummer20UL18MiniAODv2/QCD_HT1500to2000_TuneCP5_PSWeights_13TeV-madgraph-pythia8/MINIAODSIM/106X_upgrade2018_realistic_v16_L1v1-v1/30000/0B64520A-4174-534B-9EC0-0F375D780C71.root
%MSG-w XrdAdaptor:  file_open 10-Jun-2024 16:54:09 CEST PostProcessEvent
Data is served from fnal.gov instead of original site T2_FR_GRIF_LLR
%MSG
10-Jun-2024 16:54:10 CEST  Successfully opened file root://xrootd-cms.infn.it//store/mc/RunIISummer20UL18MiniAODv2/QCD_HT1500to2000_TuneCP5_PSWeights_13TeV-madgraph-pythia8/MINIAODSIM/106X_upgrade2018_realistic_v16_L1v1-v1/30000/0B64520A-4174-534B-9EC0-0F375D780C71.root
Begin processing the 300001st record. Run 1, Event 133788002, LumiSection 107031 on stream 0 at 10-Jun-2024 16:54:16.521 CEST
10-Jun-2024 16:54:18 CEST  Closed file root://xrootd-cms.infn.it//store/mc/RunIISummer20UL18MiniAODv2/QCD_HT1500to2000_TuneCP5_PSWeights_13TeV-madgraph-pythia8/MINIAODSIM/106X_upgrade2018_realistic_v16_L1v1-v1/30000/0B64520A-4174-534B-9EC0-0F375D780C71.root
10-Jun-2024 16:54:18 CEST  Initiating request to open file root://eoscms.cern.ch//eos/cms/store/mc/RunIISummer20UL18MiniAODv2/QCD_HT1500to2000_TuneCP5_PSWeights_13TeV-madgraph-pythia8/MINIAODSIM/106X_upgrade2018_realistic_v16_L1v1-v1/30000/2FF65221-FA5A-694B-9835-10D3A408072D.root
%MSG-w XrdAdaptorInternal:  file_open 10-Jun-2024 16:54:19 CEST PostProcessEvent
Failed to open file at URL root://eoscms.cern.ch:1094//eos/cms/store/mc/RunIISummer20UL18MiniAODv2/QCD_HT1500to2000_TuneCP5_PSWeights_13TeV-madgraph-pythia8/MINIAODSIM/106X_upgrade2018_realistic_v16_L1v1-v1/30000/2FF65221-FA5A-694B-9835-10D3A408072D.root.
%MSG
%MSG-w XrdAdaptorInternal:  file_open 10-Jun-2024 16:54:19 CEST PostProcessEvent
Failed to open file at URL root://eoscms.cern.ch:1094//eos/cms/store/mc/RunIISummer20UL18MiniAODv2/QCD_HT1500to2000_TuneCP5_PSWeights_13TeV-madgraph-pythia8/MINIAODSIM/106X_upgrade2018_realistic_v16_L1v1-v1/30000/2FF65221-FA5A-694B-9835-10D3A408072D.root?tried=.
%MSG
10-Jun-2024 16:54:19 CEST  Fallback request to file root://xrootd-cms.infn.it//store/mc/RunIISummer20UL18MiniAODv2/QCD_HT1500to2000_TuneCP5_PSWeights_13TeV-madgraph-pythia8/MINIAODSIM/106X_upgrade2018_realistic_v16_L1v1-v1/30000/2FF65221-FA5A-694B-9835-10D3A408072D.root
%MSG-w XrdAdaptor:  file_open 10-Jun-2024 16:54:31 CEST PostProcessEvent
Data is served from fnal.gov instead of original site T2_FR_GRIF_LLR
%MSG
10-Jun-2024 16:54:32 CEST  Successfully opened file root://xrootd-cms.infn.it//store/mc/RunIISummer20UL18MiniAODv2/QCD_HT1500to2000_TuneCP5_PSWeights_13TeV-madgraph-pythia8/MINIAODSIM/106X_upgrade2018_realistic_v16_L1v1-v1/30000/2FF65221-FA5A-694B-9835-10D3A408072D.root
10-Jun-2024 16:54:38 CEST  Closed file root://xrootd-cms.infn.it//store/mc/RunIISummer20UL18MiniAODv2/QCD_HT1500to2000_TuneCP5_PSWeights_13TeV-madgraph-pythia8/MINIAODSIM/106X_upgrade2018_realistic_v16_L1v1-v1/30000/2FF65221-FA5A-694B-9835-10D3A408072D.root
10-Jun-2024 16:54:38 CEST  Initiating request to open file root://eoscms.cern.ch//eos/cms/store/mc/RunIISummer20UL18MiniAODv2/QCD_HT1500to2000_TuneCP5_PSWeights_13TeV-madgraph-pythia8/MINIAODSIM/106X_upgrade2018_realistic_v16_L1v1-v1/30000/589EC753-96CA-3945-BCF3-8FBC2212EDD0.root
%MSG-w XrdAdaptorInternal:  file_open 10-Jun-2024 16:54:39 CEST PostProcessEvent
Failed to open file at URL root://eoscms.cern.ch:1094//eos/cms/store/mc/RunIISummer20UL18MiniAODv2/QCD_HT1500to2000_TuneCP5_PSWeights_13TeV-madgraph-pythia8/MINIAODSIM/106X_upgrade2018_realistic_v16_L1v1-v1/30000/589EC753-96CA-3945-BCF3-8FBC2212EDD0.root.
%MSG
%MSG-w XrdAdaptorInternal:  file_open 10-Jun-2024 16:54:39 CEST PostProcessEvent
Failed to open file at URL root://eoscms.cern.ch:1094//eos/cms/store/mc/RunIISummer20UL18MiniAODv2/QCD_HT1500to2000_TuneCP5_PSWeights_13TeV-madgraph-pythia8/MINIAODSIM/106X_upgrade2018_realistic_v16_L1v1-v1/30000/589EC753-96CA-3945-BCF3-8FBC2212EDD0.root?tried=.
%MSG
10-Jun-2024 16:54:39 CEST  Fallback request to file root://xrootd-cms.infn.it//store/mc/RunIISummer20UL18MiniAODv2/QCD_HT1500to2000_TuneCP5_PSWeights_13TeV-madgraph-pythia8/MINIAODSIM/106X_upgrade2018_realistic_v16_L1v1-v1/30000/589EC753-96CA-3945-BCF3-8FBC2212EDD0.root
%MSG-w XrdAdaptor:  file_open 10-Jun-2024 16:54:51 CEST PostProcessEvent
Data is served from fnal.gov instead of original site T2_FR_GRIF_LLR
%MSG
10-Jun-2024 16:54:52 CEST  Successfully opened file root://xrootd-cms.infn.it//store/mc/RunIISummer20UL18MiniAODv2/QCD_HT1500to2000_TuneCP5_PSWeights_13TeV-madgraph-pythia8/MINIAODSIM/106X_upgrade2018_realistic_v16_L1v1-v1/30000/589EC753-96CA-3945-BCF3-8FBC2212EDD0.root
Begin processing the 400001st record. Run 1, Event 137170560, LumiSection 109737 on stream 0 at 10-Jun-2024 16:54:58.805 CEST
10-Jun-2024 16:54:59 CEST  Closed file root://xrootd-cms.infn.it//store/mc/RunIISummer20UL18MiniAODv2/QCD_HT1500to2000_TuneCP5_PSWeights_13TeV-madgraph-pythia8/MINIAODSIM/106X_upgrade2018_realistic_v16_L1v1-v1/30000/589EC753-96CA-3945-BCF3-8FBC2212EDD0.root
10-Jun-2024 16:54:59 CEST  Initiating request to open file root://eoscms.cern.ch//eos/cms/store/mc/RunIISummer20UL18MiniAODv2/QCD_HT1500to2000_TuneCP5_PSWeights_13TeV-madgraph-pythia8/MINIAODSIM/106X_upgrade2018_realistic_v16_L1v1-v1/30000/D71154B2-0C97-964D-9A30-0D684FDAE3FD.root
%MSG-w XrdAdaptorInternal:  file_open 10-Jun-2024 16:55:00 CEST PostProcessEvent
Failed to open file at URL root://eoscms.cern.ch:1094//eos/cms/store/mc/RunIISummer20UL18MiniAODv2/QCD_HT1500to2000_TuneCP5_PSWeights_13TeV-madgraph-pythia8/MINIAODSIM/106X_upgrade2018_realistic_v16_L1v1-v1/30000/D71154B2-0C97-964D-9A30-0D684FDAE3FD.root.
%MSG
%MSG-w XrdAdaptorInternal:  file_open 10-Jun-2024 16:55:00 CEST PostProcessEvent
Failed to open file at URL root://eoscms.cern.ch:1094//eos/cms/store/mc/RunIISummer20UL18MiniAODv2/QCD_HT1500to2000_TuneCP5_PSWeights_13TeV-madgraph-pythia8/MINIAODSIM/106X_upgrade2018_realistic_v16_L1v1-v1/30000/D71154B2-0C97-964D-9A30-0D684FDAE3FD.root?tried=.
%MSG
10-Jun-2024 16:55:00 CEST  Fallback request to file root://xrootd-cms.infn.it//store/mc/RunIISummer20UL18MiniAODv2/QCD_HT1500to2000_TuneCP5_PSWeights_13TeV-madgraph-pythia8/MINIAODSIM/106X_upgrade2018_realistic_v16_L1v1-v1/30000/D71154B2-0C97-964D-9A30-0D684FDAE3FD.root
%MSG-w XrdAdaptor:  file_open 10-Jun-2024 16:55:12 CEST PostProcessEvent
Data is served from fnal.gov instead of original site T2_FR_GRIF_LLR
%MSG
10-Jun-2024 16:55:13 CEST  Successfully opened file root://xrootd-cms.infn.it//store/mc/RunIISummer20UL18MiniAODv2/QCD_HT1500to2000_TuneCP5_PSWeights_13TeV-madgraph-pythia8/MINIAODSIM/106X_upgrade2018_realistic_v16_L1v1-v1/30000/D71154B2-0C97-964D-9A30-0D684FDAE3FD.root
10-Jun-2024 16:55:21 CEST  Closed file root://xrootd-cms.infn.it//store/mc/RunIISummer20UL18MiniAODv2/QCD_HT1500to2000_TuneCP5_PSWeights_13TeV-madgraph-pythia8/MINIAODSIM/106X_upgrade2018_realistic_v16_L1v1-v1/30000/D71154B2-0C97-964D-9A30-0D684FDAE3FD.root
10-Jun-2024 16:55:21 CEST  Initiating request to open file root://eoscms.cern.ch//eos/cms/store/mc/RunIISummer20UL18MiniAODv2/QCD_HT1500to2000_TuneCP5_PSWeights_13TeV-madgraph-pythia8/MINIAODSIM/106X_upgrade2018_realistic_v16_L1v1-v1/30000/02F6B0E6-32BB-6F49-AB49-B75B2E92E425.root
%MSG-w XrdAdaptorInternal:  file_open 10-Jun-2024 16:55:22 CEST PostProcessEvent
Failed to open file at URL root://eoscms.cern.ch:1094//eos/cms/store/mc/RunIISummer20UL18MiniAODv2/QCD_HT1500to2000_TuneCP5_PSWeights_13TeV-madgraph-pythia8/MINIAODSIM/106X_upgrade2018_realistic_v16_L1v1-v1/30000/02F6B0E6-32BB-6F49-AB49-B75B2E92E425.root.
%MSG
%MSG-w XrdAdaptorInternal:  file_open 10-Jun-2024 16:55:22 CEST PostProcessEvent
Failed to open file at URL root://eoscms.cern.ch:1094//eos/cms/store/mc/RunIISummer20UL18MiniAODv2/QCD_HT1500to2000_TuneCP5_PSWeights_13TeV-madgraph-pythia8/MINIAODSIM/106X_upgrade2018_realistic_v16_L1v1-v1/30000/02F6B0E6-32BB-6F49-AB49-B75B2E92E425.root?tried=.
%MSG
10-Jun-2024 16:55:22 CEST  Fallback request to file root://xrootd-cms.infn.it//store/mc/RunIISummer20UL18MiniAODv2/QCD_HT1500to2000_TuneCP5_PSWeights_13TeV-madgraph-pythia8/MINIAODSIM/106X_upgrade2018_realistic_v16_L1v1-v1/30000/02F6B0E6-32BB-6F49-AB49-B75B2E92E425.root
%MSG-w XrdAdaptor:  file_open 10-Jun-2024 16:55:35 CEST PostProcessEvent
Data is served from fnal.gov instead of original site T2_FR_GRIF_LLR
%MSG
10-Jun-2024 16:55:36 CEST  Successfully opened file root://xrootd-cms.infn.it//store/mc/RunIISummer20UL18MiniAODv2/QCD_HT1500to2000_TuneCP5_PSWeights_13TeV-madgraph-pythia8/MINIAODSIM/106X_upgrade2018_realistic_v16_L1v1-v1/30000/02F6B0E6-32BB-6F49-AB49-B75B2E92E425.root
Begin processing the 500001st record. Run 1, Event 88514186, LumiSection 70812 on stream 0 at 10-Jun-2024 16:55:44.114 CEST
10-Jun-2024 16:55:45 CEST  Closed file root://xrootd-cms.infn.it//store/mc/RunIISummer20UL18MiniAODv2/QCD_HT1500to2000_TuneCP5_PSWeights_13TeV-madgraph-pythia8/MINIAODSIM/106X_upgrade2018_realistic_v16_L1v1-v1/30000/02F6B0E6-32BB-6F49-AB49-B75B2E92E425.root
10-Jun-2024 16:55:45 CEST  Initiating request to open file root://eoscms.cern.ch//eos/cms/store/mc/RunIISummer20UL18MiniAODv2/QCD_HT1500to2000_TuneCP5_PSWeights_13TeV-madgraph-pythia8/MINIAODSIM/106X_upgrade2018_realistic_v16_L1v1-v1/30000/68D8A1C5-076F-8B4A-8E45-0E2A0F4FFE96.root
%MSG-w XrdAdaptorInternal:  file_open 10-Jun-2024 16:55:46 CEST PostProcessEvent
Failed to open file at URL root://eoscms.cern.ch:1094//eos/cms/store/mc/RunIISummer20UL18MiniAODv2/QCD_HT1500to2000_TuneCP5_PSWeights_13TeV-madgraph-pythia8/MINIAODSIM/106X_upgrade2018_realistic_v16_L1v1-v1/30000/68D8A1C5-076F-8B4A-8E45-0E2A0F4FFE96.root.
%MSG
%MSG-w XrdAdaptorInternal:  file_open 10-Jun-2024 16:55:46 CEST PostProcessEvent
Failed to open file at URL root://eoscms.cern.ch:1094//eos/cms/store/mc/RunIISummer20UL18MiniAODv2/QCD_HT1500to2000_TuneCP5_PSWeights_13TeV-madgraph-pythia8/MINIAODSIM/106X_upgrade2018_realistic_v16_L1v1-v1/30000/68D8A1C5-076F-8B4A-8E45-0E2A0F4FFE96.root?tried=.
%MSG
10-Jun-2024 16:55:46 CEST  Fallback request to file root://xrootd-cms.infn.it//store/mc/RunIISummer20UL18MiniAODv2/QCD_HT1500to2000_TuneCP5_PSWeights_13TeV-madgraph-pythia8/MINIAODSIM/106X_upgrade2018_realistic_v16_L1v1-v1/30000/68D8A1C5-076F-8B4A-8E45-0E2A0F4FFE96.root
%MSG-w XrdAdaptor:  file_open 10-Jun-2024 16:55:58 CEST PostProcessEvent
Data is served from fnal.gov instead of original site T2_FR_GRIF_LLR
%MSG
10-Jun-2024 16:55:59 CEST  Successfully opened file root://xrootd-cms.infn.it//store/mc/RunIISummer20UL18MiniAODv2/QCD_HT1500to2000_TuneCP5_PSWeights_13TeV-madgraph-pythia8/MINIAODSIM/106X_upgrade2018_realistic_v16_L1v1-v1/30000/68D8A1C5-076F-8B4A-8E45-0E2A0F4FFE96.root
10-Jun-2024 16:56:08 CEST  Closed file root://xrootd-cms.infn.it//store/mc/RunIISummer20UL18MiniAODv2/QCD_HT1500to2000_TuneCP5_PSWeights_13TeV-madgraph-pythia8/MINIAODSIM/106X_upgrade2018_realistic_v16_L1v1-v1/30000/68D8A1C5-076F-8B4A-8E45-0E2A0F4FFE96.root
10-Jun-2024 16:56:08 CEST  Initiating request to open file root://eoscms.cern.ch//eos/cms/store/mc/RunIISummer20UL18MiniAODv2/QCD_HT1500to2000_TuneCP5_PSWeights_13TeV-madgraph-pythia8/MINIAODSIM/106X_upgrade2018_realistic_v16_L1v1-v1/30000/7B61E964-286D-6242-94BA-6C050F8A52D4.root
%MSG-w XrdAdaptorInternal:  file_open 10-Jun-2024 16:56:09 CEST PostProcessEvent
Failed to open file at URL root://eoscms.cern.ch:1094//eos/cms/store/mc/RunIISummer20UL18MiniAODv2/QCD_HT1500to2000_TuneCP5_PSWeights_13TeV-madgraph-pythia8/MINIAODSIM/106X_upgrade2018_realistic_v16_L1v1-v1/30000/7B61E964-286D-6242-94BA-6C050F8A52D4.root.
%MSG
%MSG-w XrdAdaptorInternal:  file_open 10-Jun-2024 16:56:09 CEST PostProcessEvent
Failed to open file at URL root://eoscms.cern.ch:1094//eos/cms/store/mc/RunIISummer20UL18MiniAODv2/QCD_HT1500to2000_TuneCP5_PSWeights_13TeV-madgraph-pythia8/MINIAODSIM/106X_upgrade2018_realistic_v16_L1v1-v1/30000/7B61E964-286D-6242-94BA-6C050F8A52D4.root?tried=.
%MSG
10-Jun-2024 16:56:09 CEST  Fallback request to file root://xrootd-cms.infn.it//store/mc/RunIISummer20UL18MiniAODv2/QCD_HT1500to2000_TuneCP5_PSWeights_13TeV-madgraph-pythia8/MINIAODSIM/106X_upgrade2018_realistic_v16_L1v1-v1/30000/7B61E964-286D-6242-94BA-6C050F8A52D4.root
%MSG-w XrdAdaptor:  file_open 10-Jun-2024 16:56:22 CEST PostProcessEvent
Data is served from fnal.gov instead of original site T2_FR_GRIF_LLR
%MSG
10-Jun-2024 16:56:23 CEST  Successfully opened file root://xrootd-cms.infn.it//store/mc/RunIISummer20UL18MiniAODv2/QCD_HT1500to2000_TuneCP5_PSWeights_13TeV-madgraph-pythia8/MINIAODSIM/106X_upgrade2018_realistic_v16_L1v1-v1/30000/7B61E964-286D-6242-94BA-6C050F8A52D4.root
Begin processing the 600001st record. Run 1, Event 103097464, LumiSection 82478 on stream 0 at 10-Jun-2024 16:56:31.426 CEST
10-Jun-2024 16:56:32 CEST  Closed file root://xrootd-cms.infn.it//store/mc/RunIISummer20UL18MiniAODv2/QCD_HT1500to2000_TuneCP5_PSWeights_13TeV-madgraph-pythia8/MINIAODSIM/106X_upgrade2018_realistic_v16_L1v1-v1/30000/7B61E964-286D-6242-94BA-6C050F8A52D4.root
10-Jun-2024 16:56:32 CEST  Initiating request to open file root://eoscms.cern.ch//eos/cms/store/mc/RunIISummer20UL18MiniAODv2/QCD_HT1500to2000_TuneCP5_PSWeights_13TeV-madgraph-pythia8/MINIAODSIM/106X_upgrade2018_realistic_v16_L1v1-v1/30000/E1B839C7-C369-6D46-8746-600D072D024C.root
%MSG-w XrdAdaptorInternal:  file_open 10-Jun-2024 16:56:33 CEST PostProcessEvent
Failed to open file at URL root://eoscms.cern.ch:1094//eos/cms/store/mc/RunIISummer20UL18MiniAODv2/QCD_HT1500to2000_TuneCP5_PSWeights_13TeV-madgraph-pythia8/MINIAODSIM/106X_upgrade2018_realistic_v16_L1v1-v1/30000/E1B839C7-C369-6D46-8746-600D072D024C.root.
%MSG
%MSG-w XrdAdaptorInternal:  file_open 10-Jun-2024 16:56:33 CEST PostProcessEvent
Failed to open file at URL root://eoscms.cern.ch:1094//eos/cms/store/mc/RunIISummer20UL18MiniAODv2/QCD_HT1500to2000_TuneCP5_PSWeights_13TeV-madgraph-pythia8/MINIAODSIM/106X_upgrade2018_realistic_v16_L1v1-v1/30000/E1B839C7-C369-6D46-8746-600D072D024C.root?tried=.
%MSG
10-Jun-2024 16:56:33 CEST  Fallback request to file root://xrootd-cms.infn.it//store/mc/RunIISummer20UL18MiniAODv2/QCD_HT1500to2000_TuneCP5_PSWeights_13TeV-madgraph-pythia8/MINIAODSIM/106X_upgrade2018_realistic_v16_L1v1-v1/30000/E1B839C7-C369-6D46-8746-600D072D024C.root
%MSG-w XrdAdaptor:  file_open 10-Jun-2024 16:56:46 CEST PostProcessEvent
Data is served from fnal.gov instead of original site T2_FR_GRIF_LLR
%MSG
10-Jun-2024 16:56:47 CEST  Successfully opened file root://xrootd-cms.infn.it//store/mc/RunIISummer20UL18MiniAODv2/QCD_HT1500to2000_TuneCP5_PSWeights_13TeV-madgraph-pythia8/MINIAODSIM/106X_upgrade2018_realistic_v16_L1v1-v1/30000/E1B839C7-C369-6D46-8746-600D072D024C.root
10-Jun-2024 16:56:58 CEST  Closed file root://xrootd-cms.infn.it//store/mc/RunIISummer20UL18MiniAODv2/QCD_HT1500to2000_TuneCP5_PSWeights_13TeV-madgraph-pythia8/MINIAODSIM/106X_upgrade2018_realistic_v16_L1v1-v1/30000/E1B839C7-C369-6D46-8746-600D072D024C.root
10-Jun-2024 16:56:58 CEST  Initiating request to open file root://eoscms.cern.ch//eos/cms/store/mc/RunIISummer20UL18MiniAODv2/QCD_HT1500to2000_TuneCP5_PSWeights_13TeV-madgraph-pythia8/MINIAODSIM/106X_upgrade2018_realistic_v16_L1v1-v1/30000/29F62FA2-1793-1E40-90BC-17DB07A09458.root
%MSG-w XrdAdaptorInternal:  file_open 10-Jun-2024 16:56:59 CEST PostProcessEvent
Failed to open file at URL root://eoscms.cern.ch:1094//eos/cms/store/mc/RunIISummer20UL18MiniAODv2/QCD_HT1500to2000_TuneCP5_PSWeights_13TeV-madgraph-pythia8/MINIAODSIM/106X_upgrade2018_realistic_v16_L1v1-v1/30000/29F62FA2-1793-1E40-90BC-17DB07A09458.root.
%MSG
%MSG-w XrdAdaptorInternal:  file_open 10-Jun-2024 16:56:59 CEST PostProcessEvent
Failed to open file at URL root://eoscms.cern.ch:1094//eos/cms/store/mc/RunIISummer20UL18MiniAODv2/QCD_HT1500to2000_TuneCP5_PSWeights_13TeV-madgraph-pythia8/MINIAODSIM/106X_upgrade2018_realistic_v16_L1v1-v1/30000/29F62FA2-1793-1E40-90BC-17DB07A09458.root?tried=.
%MSG
10-Jun-2024 16:56:59 CEST  Fallback request to file root://xrootd-cms.infn.it//store/mc/RunIISummer20UL18MiniAODv2/QCD_HT1500to2000_TuneCP5_PSWeights_13TeV-madgraph-pythia8/MINIAODSIM/106X_upgrade2018_realistic_v16_L1v1-v1/30000/29F62FA2-1793-1E40-90BC-17DB07A09458.root
%MSG-w XrdAdaptor:  file_open 10-Jun-2024 16:57:12 CEST PostProcessEvent
Data is served from fnal.gov instead of original site T2_FR_GRIF_LLR
%MSG
10-Jun-2024 16:57:13 CEST  Successfully opened file root://xrootd-cms.infn.it//store/mc/RunIISummer20UL18MiniAODv2/QCD_HT1500to2000_TuneCP5_PSWeights_13TeV-madgraph-pythia8/MINIAODSIM/106X_upgrade2018_realistic_v16_L1v1-v1/30000/29F62FA2-1793-1E40-90BC-17DB07A09458.root
Begin processing the 700001st record. Run 1, Event 15528748, LumiSection 12423 on stream 0 at 10-Jun-2024 16:57:22.986 CEST
10-Jun-2024 16:57:23 CEST  Closed file root://xrootd-cms.infn.it//store/mc/RunIISummer20UL18MiniAODv2/QCD_HT1500to2000_TuneCP5_PSWeights_13TeV-madgraph-pythia8/MINIAODSIM/106X_upgrade2018_realistic_v16_L1v1-v1/30000/29F62FA2-1793-1E40-90BC-17DB07A09458.root
10-Jun-2024 16:57:23 CEST  Initiating request to open file root://eoscms.cern.ch//eos/cms/store/mc/RunIISummer20UL18MiniAODv2/QCD_HT1500to2000_TuneCP5_PSWeights_13TeV-madgraph-pythia8/MINIAODSIM/106X_upgrade2018_realistic_v16_L1v1-v1/30000/7B2C2866-4CE1-ED46-81AD-DA22E95BBA15.root
%MSG-w XrdAdaptorInternal:  file_open 10-Jun-2024 16:57:24 CEST PostProcessEvent
Failed to open file at URL root://eoscms.cern.ch:1094//eos/cms/store/mc/RunIISummer20UL18MiniAODv2/QCD_HT1500to2000_TuneCP5_PSWeights_13TeV-madgraph-pythia8/MINIAODSIM/106X_upgrade2018_realistic_v16_L1v1-v1/30000/7B2C2866-4CE1-ED46-81AD-DA22E95BBA15.root.
%MSG
%MSG-w XrdAdaptorInternal:  file_open 10-Jun-2024 16:57:24 CEST PostProcessEvent
Failed to open file at URL root://eoscms.cern.ch:1094//eos/cms/store/mc/RunIISummer20UL18MiniAODv2/QCD_HT1500to2000_TuneCP5_PSWeights_13TeV-madgraph-pythia8/MINIAODSIM/106X_upgrade2018_realistic_v16_L1v1-v1/30000/7B2C2866-4CE1-ED46-81AD-DA22E95BBA15.root?tried=.
%MSG
10-Jun-2024 16:57:24 CEST  Fallback request to file root://xrootd-cms.infn.it//store/mc/RunIISummer20UL18MiniAODv2/QCD_HT1500to2000_TuneCP5_PSWeights_13TeV-madgraph-pythia8/MINIAODSIM/106X_upgrade2018_realistic_v16_L1v1-v1/30000/7B2C2866-4CE1-ED46-81AD-DA22E95BBA15.root
%MSG-w XrdAdaptor:  file_open 10-Jun-2024 16:57:37 CEST PostProcessEvent
Data is served from fnal.gov instead of original site T2_FR_GRIF_LLR
%MSG
10-Jun-2024 16:57:38 CEST  Successfully opened file root://xrootd-cms.infn.it//store/mc/RunIISummer20UL18MiniAODv2/QCD_HT1500to2000_TuneCP5_PSWeights_13TeV-madgraph-pythia8/MINIAODSIM/106X_upgrade2018_realistic_v16_L1v1-v1/30000/7B2C2866-4CE1-ED46-81AD-DA22E95BBA15.root
10-Jun-2024 16:57:47 CEST  Closed file root://xrootd-cms.infn.it//store/mc/RunIISummer20UL18MiniAODv2/QCD_HT1500to2000_TuneCP5_PSWeights_13TeV-madgraph-pythia8/MINIAODSIM/106X_upgrade2018_realistic_v16_L1v1-v1/30000/7B2C2866-4CE1-ED46-81AD-DA22E95BBA15.root
10-Jun-2024 16:57:47 CEST  Initiating request to open file root://eoscms.cern.ch//eos/cms/store/mc/RunIISummer20UL18MiniAODv2/QCD_HT1500to2000_TuneCP5_PSWeights_13TeV-madgraph-pythia8/MINIAODSIM/106X_upgrade2018_realistic_v16_L1v1-v1/30000/68D033C0-0C21-EE49-B415-1891FF2F4949.root
%MSG-w XrdAdaptorInternal:  file_open 10-Jun-2024 16:57:48 CEST PostProcessEvent
Failed to open file at URL root://eoscms.cern.ch:1094//eos/cms/store/mc/RunIISummer20UL18MiniAODv2/QCD_HT1500to2000_TuneCP5_PSWeights_13TeV-madgraph-pythia8/MINIAODSIM/106X_upgrade2018_realistic_v16_L1v1-v1/30000/68D033C0-0C21-EE49-B415-1891FF2F4949.root.
%MSG
%MSG-w XrdAdaptorInternal:  file_open 10-Jun-2024 16:57:48 CEST PostProcessEvent
Failed to open file at URL root://eoscms.cern.ch:1094//eos/cms/store/mc/RunIISummer20UL18MiniAODv2/QCD_HT1500to2000_TuneCP5_PSWeights_13TeV-madgraph-pythia8/MINIAODSIM/106X_upgrade2018_realistic_v16_L1v1-v1/30000/68D033C0-0C21-EE49-B415-1891FF2F4949.root?tried=.
%MSG
10-Jun-2024 16:57:48 CEST  Fallback request to file root://xrootd-cms.infn.it//store/mc/RunIISummer20UL18MiniAODv2/QCD_HT1500to2000_TuneCP5_PSWeights_13TeV-madgraph-pythia8/MINIAODSIM/106X_upgrade2018_realistic_v16_L1v1-v1/30000/68D033C0-0C21-EE49-B415-1891FF2F4949.root
%MSG-w XrdAdaptor:  file_open 10-Jun-2024 16:58:02 CEST PostProcessEvent
Data is served from fnal.gov instead of original site T2_FR_GRIF_LLR
%MSG
10-Jun-2024 16:58:02 CEST  Successfully opened file root://xrootd-cms.infn.it//store/mc/RunIISummer20UL18MiniAODv2/QCD_HT1500to2000_TuneCP5_PSWeights_13TeV-madgraph-pythia8/MINIAODSIM/106X_upgrade2018_realistic_v16_L1v1-v1/30000/68D033C0-0C21-EE49-B415-1891FF2F4949.root
Begin processing the 800001st record. Run 1, Event 58115570, LumiSection 46493 on stream 0 at 10-Jun-2024 16:58:15.976 CEST
10-Jun-2024 16:58:17 CEST  Closed file root://xrootd-cms.infn.it//store/mc/RunIISummer20UL18MiniAODv2/QCD_HT1500to2000_TuneCP5_PSWeights_13TeV-madgraph-pythia8/MINIAODSIM/106X_upgrade2018_realistic_v16_L1v1-v1/30000/68D033C0-0C21-EE49-B415-1891FF2F4949.root
10-Jun-2024 16:58:17 CEST  Initiating request to open file root://eoscms.cern.ch//eos/cms/store/mc/RunIISummer20UL18MiniAODv2/QCD_HT1500to2000_TuneCP5_PSWeights_13TeV-madgraph-pythia8/MINIAODSIM/106X_upgrade2018_realistic_v16_L1v1-v1/30000/30B2AF87-F364-6241-9B59-0471E17FFA6F.root
%MSG-w XrdAdaptorInternal:  file_open 10-Jun-2024 16:58:18 CEST PostProcessEvent
Failed to open file at URL root://eoscms.cern.ch:1094//eos/cms/store/mc/RunIISummer20UL18MiniAODv2/QCD_HT1500to2000_TuneCP5_PSWeights_13TeV-madgraph-pythia8/MINIAODSIM/106X_upgrade2018_realistic_v16_L1v1-v1/30000/30B2AF87-F364-6241-9B59-0471E17FFA6F.root.
%MSG
%MSG-w XrdAdaptorInternal:  file_open 10-Jun-2024 16:58:18 CEST PostProcessEvent
Failed to open file at URL root://eoscms.cern.ch:1094//eos/cms/store/mc/RunIISummer20UL18MiniAODv2/QCD_HT1500to2000_TuneCP5_PSWeights_13TeV-madgraph-pythia8/MINIAODSIM/106X_upgrade2018_realistic_v16_L1v1-v1/30000/30B2AF87-F364-6241-9B59-0471E17FFA6F.root?tried=.
%MSG
10-Jun-2024 16:58:18 CEST  Fallback request to file root://xrootd-cms.infn.it//store/mc/RunIISummer20UL18MiniAODv2/QCD_HT1500to2000_TuneCP5_PSWeights_13TeV-madgraph-pythia8/MINIAODSIM/106X_upgrade2018_realistic_v16_L1v1-v1/30000/30B2AF87-F364-6241-9B59-0471E17FFA6F.root
%MSG-w XrdAdaptor:  file_open 10-Jun-2024 16:58:31 CEST PostProcessEvent
Data is served from fnal.gov instead of original site T2_FR_GRIF_LLR
%MSG
10-Jun-2024 16:58:32 CEST  Successfully opened file root://xrootd-cms.infn.it//store/mc/RunIISummer20UL18MiniAODv2/QCD_HT1500to2000_TuneCP5_PSWeights_13TeV-madgraph-pythia8/MINIAODSIM/106X_upgrade2018_realistic_v16_L1v1-v1/30000/30B2AF87-F364-6241-9B59-0471E17FFA6F.root
10-Jun-2024 16:58:42 CEST  Closed file root://xrootd-cms.infn.it//store/mc/RunIISummer20UL18MiniAODv2/QCD_HT1500to2000_TuneCP5_PSWeights_13TeV-madgraph-pythia8/MINIAODSIM/106X_upgrade2018_realistic_v16_L1v1-v1/30000/30B2AF87-F364-6241-9B59-0471E17FFA6F.root
10-Jun-2024 16:58:42 CEST  Initiating request to open file root://eoscms.cern.ch//eos/cms/store/mc/RunIISummer20UL18MiniAODv2/QCD_HT1500to2000_TuneCP5_PSWeights_13TeV-madgraph-pythia8/MINIAODSIM/106X_upgrade2018_realistic_v16_L1v1-v1/30000/1E4E2748-3E4E-6542-95E5-A2FA5590C91C.root
%MSG-w XrdAdaptorInternal:  file_open 10-Jun-2024 16:58:43 CEST PostProcessEvent
Failed to open file at URL root://eoscms.cern.ch:1094//eos/cms/store/mc/RunIISummer20UL18MiniAODv2/QCD_HT1500to2000_TuneCP5_PSWeights_13TeV-madgraph-pythia8/MINIAODSIM/106X_upgrade2018_realistic_v16_L1v1-v1/30000/1E4E2748-3E4E-6542-95E5-A2FA5590C91C.root.
%MSG
%MSG-w XrdAdaptorInternal:  file_open 10-Jun-2024 16:58:43 CEST PostProcessEvent
Failed to open file at URL root://eoscms.cern.ch:1094//eos/cms/store/mc/RunIISummer20UL18MiniAODv2/QCD_HT1500to2000_TuneCP5_PSWeights_13TeV-madgraph-pythia8/MINIAODSIM/106X_upgrade2018_realistic_v16_L1v1-v1/30000/1E4E2748-3E4E-6542-95E5-A2FA5590C91C.root?tried=.
%MSG
10-Jun-2024 16:58:43 CEST  Fallback request to file root://xrootd-cms.infn.it//store/mc/RunIISummer20UL18MiniAODv2/QCD_HT1500to2000_TuneCP5_PSWeights_13TeV-madgraph-pythia8/MINIAODSIM/106X_upgrade2018_realistic_v16_L1v1-v1/30000/1E4E2748-3E4E-6542-95E5-A2FA5590C91C.root
%MSG-w XrdAdaptor:  file_open 10-Jun-2024 16:58:57 CEST PostProcessEvent
Data is served from fnal.gov instead of original site T2_FR_GRIF_LLR
%MSG
10-Jun-2024 16:58:57 CEST  Successfully opened file root://xrootd-cms.infn.it//store/mc/RunIISummer20UL18MiniAODv2/QCD_HT1500to2000_TuneCP5_PSWeights_13TeV-madgraph-pythia8/MINIAODSIM/106X_upgrade2018_realistic_v16_L1v1-v1/30000/1E4E2748-3E4E-6542-95E5-A2FA5590C91C.root
Begin processing the 900001st record. Run 1, Event 46348755, LumiSection 37080 on stream 0 at 10-Jun-2024 16:59:07.280 CEST
10-Jun-2024 16:59:08 CEST  Closed file root://xrootd-cms.infn.it//store/mc/RunIISummer20UL18MiniAODv2/QCD_HT1500to2000_TuneCP5_PSWeights_13TeV-madgraph-pythia8/MINIAODSIM/106X_upgrade2018_realistic_v16_L1v1-v1/30000/1E4E2748-3E4E-6542-95E5-A2FA5590C91C.root
10-Jun-2024 16:59:08 CEST  Initiating request to open file root://eoscms.cern.ch//eos/cms/store/mc/RunIISummer20UL18MiniAODv2/QCD_HT1500to2000_TuneCP5_PSWeights_13TeV-madgraph-pythia8/MINIAODSIM/106X_upgrade2018_realistic_v16_L1v1-v1/30000/2570967C-9432-6240-B3E5-40B23888239E.root
%MSG-w XrdAdaptorInternal:  file_open 10-Jun-2024 16:59:09 CEST PostProcessEvent
Failed to open file at URL root://eoscms.cern.ch:1094//eos/cms/store/mc/RunIISummer20UL18MiniAODv2/QCD_HT1500to2000_TuneCP5_PSWeights_13TeV-madgraph-pythia8/MINIAODSIM/106X_upgrade2018_realistic_v16_L1v1-v1/30000/2570967C-9432-6240-B3E5-40B23888239E.root.
%MSG
%MSG-w XrdAdaptorInternal:  file_open 10-Jun-2024 16:59:09 CEST PostProcessEvent
Failed to open file at URL root://eoscms.cern.ch:1094//eos/cms/store/mc/RunIISummer20UL18MiniAODv2/QCD_HT1500to2000_TuneCP5_PSWeights_13TeV-madgraph-pythia8/MINIAODSIM/106X_upgrade2018_realistic_v16_L1v1-v1/30000/2570967C-9432-6240-B3E5-40B23888239E.root?tried=.
%MSG
10-Jun-2024 16:59:09 CEST  Fallback request to file root://xrootd-cms.infn.it//store/mc/RunIISummer20UL18MiniAODv2/QCD_HT1500to2000_TuneCP5_PSWeights_13TeV-madgraph-pythia8/MINIAODSIM/106X_upgrade2018_realistic_v16_L1v1-v1/30000/2570967C-9432-6240-B3E5-40B23888239E.root
%MSG-w XrdAdaptor:  file_open 10-Jun-2024 16:59:21 CEST PostProcessEvent
Data is served from fnal.gov instead of original site T2_FR_GRIF_LLR
%MSG
10-Jun-2024 16:59:22 CEST  Successfully opened file root://xrootd-cms.infn.it//store/mc/RunIISummer20UL18MiniAODv2/QCD_HT1500to2000_TuneCP5_PSWeights_13TeV-madgraph-pythia8/MINIAODSIM/106X_upgrade2018_realistic_v16_L1v1-v1/30000/2570967C-9432-6240-B3E5-40B23888239E.root
10-Jun-2024 16:59:32 CEST  Closed file root://xrootd-cms.infn.it//store/mc/RunIISummer20UL18MiniAODv2/QCD_HT1500to2000_TuneCP5_PSWeights_13TeV-madgraph-pythia8/MINIAODSIM/106X_upgrade2018_realistic_v16_L1v1-v1/30000/2570967C-9432-6240-B3E5-40B23888239E.root
10-Jun-2024 16:59:32 CEST  Initiating request to open file root://eoscms.cern.ch//eos/cms/store/mc/RunIISummer20UL18MiniAODv2/QCD_HT1500to2000_TuneCP5_PSWeights_13TeV-madgraph-pythia8/MINIAODSIM/106X_upgrade2018_realistic_v16_L1v1-v1/30000/37C3AE64-6384-6E41-BE8F-96CDFC97E833.root
%MSG-w XrdAdaptorInternal:  file_open 10-Jun-2024 16:59:33 CEST PostProcessEvent
Failed to open file at URL root://eoscms.cern.ch:1094//eos/cms/store/mc/RunIISummer20UL18MiniAODv2/QCD_HT1500to2000_TuneCP5_PSWeights_13TeV-madgraph-pythia8/MINIAODSIM/106X_upgrade2018_realistic_v16_L1v1-v1/30000/37C3AE64-6384-6E41-BE8F-96CDFC97E833.root.
%MSG
%MSG-w XrdAdaptorInternal:  file_open 10-Jun-2024 16:59:33 CEST PostProcessEvent
Failed to open file at URL root://eoscms.cern.ch:1094//eos/cms/store/mc/RunIISummer20UL18MiniAODv2/QCD_HT1500to2000_TuneCP5_PSWeights_13TeV-madgraph-pythia8/MINIAODSIM/106X_upgrade2018_realistic_v16_L1v1-v1/30000/37C3AE64-6384-6E41-BE8F-96CDFC97E833.root?tried=.
%MSG
10-Jun-2024 16:59:33 CEST  Fallback request to file root://xrootd-cms.infn.it//store/mc/RunIISummer20UL18MiniAODv2/QCD_HT1500to2000_TuneCP5_PSWeights_13TeV-madgraph-pythia8/MINIAODSIM/106X_upgrade2018_realistic_v16_L1v1-v1/30000/37C3AE64-6384-6E41-BE8F-96CDFC97E833.root
%MSG-w XrdAdaptor:  file_open 10-Jun-2024 16:59:46 CEST PostProcessEvent
Data is served from fnal.gov instead of original site T2_FR_GRIF_LLR
%MSG
10-Jun-2024 16:59:46 CEST  Successfully opened file root://xrootd-cms.infn.it//store/mc/RunIISummer20UL18MiniAODv2/QCD_HT1500to2000_TuneCP5_PSWeights_13TeV-madgraph-pythia8/MINIAODSIM/106X_upgrade2018_realistic_v16_L1v1-v1/30000/37C3AE64-6384-6E41-BE8F-96CDFC97E833.root
   1059.560000      3.088430      0.559493             2
    292.718000      2.062640      0.559493             1
     42.563700      0.568839      0.559493             0
 
10-Jun-2024 16:59:56 CEST  Closed file root://xrootd-cms.infn.it//store/mc/RunIISummer20UL18MiniAODv2/QCD_HT1500to2000_TuneCP5_PSWeights_13TeV-madgraph-pythia8/MINIAODSIM/106X_upgrade2018_realistic_v16_L1v1-v1/30000/37C3AE64-6384-6E41-BE8F-96CDFC97E833.root

------------------------------------
GenXsecAnalyzer:
------------------------------------
-------------------------------------------------------------------------------------------------------------------------------------------------------------------------- 
Overall cross-section summary 
--------------------------------------------------------------------------------------------------------------------------------------------------------------------------
Process		xsec_before [pb]		passed	nposw	nnegw	tried	nposw	nnegw 	xsec_match [pb]			accepted [%]	 event_eff [%]
0		4.188e+01 +/- 1.600e-02		6793	6793	0	390957	390957	0	7.278e-01 +/- 8.757e-03		1.7 +/- 0.0	1.7 +/- 0.0
1		2.879e+02 +/- 5.721e-02		25215	25215	0	2674026	2674026	0	2.715e+00 +/- 1.702e-02		0.9 +/- 0.0	0.9 +/- 0.0
2		1.060e+03 +/- 9.243e-02		968009	968009	0	9798767	9798767	0	1.047e+02 +/- 1.014e-01		9.9 +/- 0.0	9.9 +/- 0.0
-------------------------------------------------------------------------------------------------------------------------------------------------------------------------- 
Total		1.390e+03 +/- 1.099e-01		1000017	1000017	0	12863750	12863750	0	1.080e+02 +/- 1.041e-01		7.8 +/- 0.0	7.8 +/- 0.0
--------------------------------------------------------------------------------------------------------------------------------------------------------------------------
Before matching: total cross section = 1.390e+03 +- 1.099e-01 pb
After matching: total cross section = 1.080e+02 +- 1.041e-01 pb
Matching efficiency = 0.1 +/- 0.0   [TO BE USED IN MCM]
Filter efficiency (taking into account weights)= (1.00002e+06) / (1.00002e+06) = 1.000e+00 +- 0.000e+00
Filter efficiency (event-level)= (1.00002e+06) / (1.00002e+06) = 1.000e+00 +- 0.000e+00    [TO BE USED IN MCM]

After filter: final cross section = 1.080e+02 +- 1.041e-01 pb
After filter: final fraction of events with negative weights = 0.000e+00 +- 0.000e+00
After filter: final equivalent lumi for 1M events (1/fb) = 9.257e+00 +- 1.286e-02

=============================================

MessageLogger Summary

 type     category        sev    module        subroutine        count    total
 ---- -------------------- -- ---------------- ----------------  -----    -----
    1 GenXSecAnalyzer      -w GenXSecAnalyzer:                      17       17
    2 XrdAdaptor           -w file_open                             22       22
    3 XrdAdaptorInternal   -w file_open                             44       44
    4 fileAction           -s file_close                            22       22
    5 fileAction           -s file_open                             66       66

 type    category    Examples: run/evt        run/evt          run/evt
 ---- -------------------- ---------------- ---------------- ----------------
    1 GenXSecAnalyzer      PostGlobalEndRun PostGlobalEndRun PostGlobalEndRun
    2 XrdAdaptor           pre-events       PostProcessEvent PostProcessEvent
    3 XrdAdaptorInternal   pre-events       pre-events       PostProcessEvent
    4 fileAction           PostProcessEvent PostProcessEvent PostGlobalEndRun
    5 fileAction           pre-events       pre-events       PostProcessEvent

Severity    # Occurrences   Total Occurrences
--------    -------------   -----------------
Warning                83                  83
System                 88                  88

dropped waiting message count 0
