11-Jun-2024 09:53:37 CEST  Initiating request to open file root://eoscms.cern.ch//eos/cms/store/mc/RunIISummer20UL16MiniAODv2/QCD_Pt_1400to1800_TuneCP5_13TeV_pythia8/MINIAODSIM/106X_mcRun2_asymptotic_v17-v1/280000/F3B3A36A-22EB-B24B-9A33-0C91AA6D222E.root
%MSG-w XrdAdaptor:  file_open 11-Jun-2024 09:53:39 CEST pre-events
Data is served from CERN-PROD instead of original site eoscms
%MSG
11-Jun-2024 09:53:47 CEST  Successfully opened file root://eoscms.cern.ch//eos/cms/store/mc/RunIISummer20UL16MiniAODv2/QCD_Pt_1400to1800_TuneCP5_13TeV_pythia8/MINIAODSIM/106X_mcRun2_asymptotic_v17-v1/280000/F3B3A36A-22EB-B24B-9A33-0C91AA6D222E.root
Begin processing the 1st record. Run 1, Event 1394014, LumiSection 1395 on stream 0 at 11-Jun-2024 09:53:49.185 CEST
11-Jun-2024 09:53:50 CEST  Closed file root://eoscms.cern.ch//eos/cms/store/mc/RunIISummer20UL16MiniAODv2/QCD_Pt_1400to1800_TuneCP5_13TeV_pythia8/MINIAODSIM/106X_mcRun2_asymptotic_v17-v1/280000/F3B3A36A-22EB-B24B-9A33-0C91AA6D222E.root
11-Jun-2024 09:53:50 CEST  Initiating request to open file root://eoscms.cern.ch//eos/cms/store/mc/RunIISummer20UL16MiniAODv2/QCD_Pt_1400to1800_TuneCP5_13TeV_pythia8/MINIAODSIM/106X_mcRun2_asymptotic_v17-v1/280000/B64078ED-BA26-D44C-AF00-70355BAB92C4.root
%MSG-w XrdAdaptor:  file_open 11-Jun-2024 09:53:52 CEST PostProcessEvent
Data is served from CERN-PROD instead of original site eoscms
%MSG
11-Jun-2024 09:53:52 CEST  Successfully opened file root://eoscms.cern.ch//eos/cms/store/mc/RunIISummer20UL16MiniAODv2/QCD_Pt_1400to1800_TuneCP5_13TeV_pythia8/MINIAODSIM/106X_mcRun2_asymptotic_v17-v1/280000/B64078ED-BA26-D44C-AF00-70355BAB92C4.root
11-Jun-2024 09:53:53 CEST  Closed file root://eoscms.cern.ch//eos/cms/store/mc/RunIISummer20UL16MiniAODv2/QCD_Pt_1400to1800_TuneCP5_13TeV_pythia8/MINIAODSIM/106X_mcRun2_asymptotic_v17-v1/280000/B64078ED-BA26-D44C-AF00-70355BAB92C4.root
11-Jun-2024 09:53:53 CEST  Initiating request to open file root://eoscms.cern.ch//eos/cms/store/mc/RunIISummer20UL16MiniAODv2/QCD_Pt_1400to1800_TuneCP5_13TeV_pythia8/MINIAODSIM/106X_mcRun2_asymptotic_v17-v1/120000/42B1B881-22FE-9B47-8806-ACB8B5955127.root
%MSG-w XrdAdaptorInternal:  file_open 11-Jun-2024 09:53:54 CEST PostProcessEvent
Failed to open file at URL root://eoscms.cern.ch:1094//eos/cms/store/mc/RunIISummer20UL16MiniAODv2/QCD_Pt_1400to1800_TuneCP5_13TeV_pythia8/MINIAODSIM/106X_mcRun2_asymptotic_v17-v1/120000/42B1B881-22FE-9B47-8806-ACB8B5955127.root.
%MSG
%MSG-w XrdAdaptorInternal:  file_open 11-Jun-2024 09:53:54 CEST PostProcessEvent
Failed to open file at URL root://eoscms.cern.ch:1094//eos/cms/store/mc/RunIISummer20UL16MiniAODv2/QCD_Pt_1400to1800_TuneCP5_13TeV_pythia8/MINIAODSIM/106X_mcRun2_asymptotic_v17-v1/120000/42B1B881-22FE-9B47-8806-ACB8B5955127.root?tried=.
%MSG
11-Jun-2024 09:53:54 CEST  Fallback request to file root://xrootd-cms.infn.it//store/mc/RunIISummer20UL16MiniAODv2/QCD_Pt_1400to1800_TuneCP5_13TeV_pythia8/MINIAODSIM/106X_mcRun2_asymptotic_v17-v1/120000/42B1B881-22FE-9B47-8806-ACB8B5955127.root
%MSG-w XrdAdaptor:  file_open 11-Jun-2024 09:54:00 CEST PostProcessEvent
Data is served from T2_US_MIT instead of original site T2_IT_Pisa
%MSG
11-Jun-2024 09:54:00 CEST  Successfully opened file root://xrootd-cms.infn.it//store/mc/RunIISummer20UL16MiniAODv2/QCD_Pt_1400to1800_TuneCP5_13TeV_pythia8/MINIAODSIM/106X_mcRun2_asymptotic_v17-v1/120000/42B1B881-22FE-9B47-8806-ACB8B5955127.root
11-Jun-2024 09:54:04 CEST  Closed file root://xrootd-cms.infn.it//store/mc/RunIISummer20UL16MiniAODv2/QCD_Pt_1400to1800_TuneCP5_13TeV_pythia8/MINIAODSIM/106X_mcRun2_asymptotic_v17-v1/120000/42B1B881-22FE-9B47-8806-ACB8B5955127.root
11-Jun-2024 09:54:04 CEST  Initiating request to open file root://eoscms.cern.ch//eos/cms/store/mc/RunIISummer20UL16MiniAODv2/QCD_Pt_1400to1800_TuneCP5_13TeV_pythia8/MINIAODSIM/106X_mcRun2_asymptotic_v17-v1/280000/21C80581-17B9-C844-BE68-A5A9F5889729.root
%MSG-w XrdAdaptorInternal:  file_open 11-Jun-2024 09:54:05 CEST PostProcessEvent
Failed to open file at URL root://eoscms.cern.ch:1094//eos/cms/store/mc/RunIISummer20UL16MiniAODv2/QCD_Pt_1400to1800_TuneCP5_13TeV_pythia8/MINIAODSIM/106X_mcRun2_asymptotic_v17-v1/280000/21C80581-17B9-C844-BE68-A5A9F5889729.root.
%MSG
%MSG-w XrdAdaptorInternal:  file_open 11-Jun-2024 09:54:05 CEST PostProcessEvent
Failed to open file at URL root://eoscms.cern.ch:1094//eos/cms/store/mc/RunIISummer20UL16MiniAODv2/QCD_Pt_1400to1800_TuneCP5_13TeV_pythia8/MINIAODSIM/106X_mcRun2_asymptotic_v17-v1/280000/21C80581-17B9-C844-BE68-A5A9F5889729.root?tried=.
%MSG
11-Jun-2024 09:54:05 CEST  Fallback request to file root://xrootd-cms.infn.it//store/mc/RunIISummer20UL16MiniAODv2/QCD_Pt_1400to1800_TuneCP5_13TeV_pythia8/MINIAODSIM/106X_mcRun2_asymptotic_v17-v1/280000/21C80581-17B9-C844-BE68-A5A9F5889729.root
%MSG-w XrdAdaptor:  file_open 11-Jun-2024 09:54:07 CEST PostProcessEvent
Data is served from T2_HU_Budapest instead of original site T2_IT_Pisa
%MSG
11-Jun-2024 09:54:08 CEST  Successfully opened file root://xrootd-cms.infn.it//store/mc/RunIISummer20UL16MiniAODv2/QCD_Pt_1400to1800_TuneCP5_13TeV_pythia8/MINIAODSIM/106X_mcRun2_asymptotic_v17-v1/280000/21C80581-17B9-C844-BE68-A5A9F5889729.root
11-Jun-2024 09:54:09 CEST  Closed file root://xrootd-cms.infn.it//store/mc/RunIISummer20UL16MiniAODv2/QCD_Pt_1400to1800_TuneCP5_13TeV_pythia8/MINIAODSIM/106X_mcRun2_asymptotic_v17-v1/280000/21C80581-17B9-C844-BE68-A5A9F5889729.root
11-Jun-2024 09:54:09 CEST  Initiating request to open file root://eoscms.cern.ch//eos/cms/store/mc/RunIISummer20UL16MiniAODv2/QCD_Pt_1400to1800_TuneCP5_13TeV_pythia8/MINIAODSIM/106X_mcRun2_asymptotic_v17-v1/280000/0F10A3B9-D791-B44D-9693-2C493FF796BB.root
%MSG-w XrdAdaptorInternal:  file_open 11-Jun-2024 09:54:10 CEST PostProcessEvent
Failed to open file at URL root://eoscms.cern.ch:1094//eos/cms/store/mc/RunIISummer20UL16MiniAODv2/QCD_Pt_1400to1800_TuneCP5_13TeV_pythia8/MINIAODSIM/106X_mcRun2_asymptotic_v17-v1/280000/0F10A3B9-D791-B44D-9693-2C493FF796BB.root.
%MSG
%MSG-w XrdAdaptorInternal:  file_open 11-Jun-2024 09:54:10 CEST PostProcessEvent
Failed to open file at URL root://eoscms.cern.ch:1094//eos/cms/store/mc/RunIISummer20UL16MiniAODv2/QCD_Pt_1400to1800_TuneCP5_13TeV_pythia8/MINIAODSIM/106X_mcRun2_asymptotic_v17-v1/280000/0F10A3B9-D791-B44D-9693-2C493FF796BB.root?tried=.
%MSG
11-Jun-2024 09:54:10 CEST  Fallback request to file root://xrootd-cms.infn.it//store/mc/RunIISummer20UL16MiniAODv2/QCD_Pt_1400to1800_TuneCP5_13TeV_pythia8/MINIAODSIM/106X_mcRun2_asymptotic_v17-v1/280000/0F10A3B9-D791-B44D-9693-2C493FF796BB.root
Unable to load sec.protocol plugin libXrdSecztn.so
%MSG-w XrdAdaptor:  file_open 11-Jun-2024 09:54:25 CEST PostProcessEvent
Data is served from T2_US_UCSD-ceph instead of original site T2_IT_Pisa
%MSG
11-Jun-2024 09:54:26 CEST  Successfully opened file root://xrootd-cms.infn.it//store/mc/RunIISummer20UL16MiniAODv2/QCD_Pt_1400to1800_TuneCP5_13TeV_pythia8/MINIAODSIM/106X_mcRun2_asymptotic_v17-v1/280000/0F10A3B9-D791-B44D-9693-2C493FF796BB.root
Unable to load sec.protocol plugin libXrdSecztn.so
11-Jun-2024 09:54:32 CEST  Closed file root://xrootd-cms.infn.it//store/mc/RunIISummer20UL16MiniAODv2/QCD_Pt_1400to1800_TuneCP5_13TeV_pythia8/MINIAODSIM/106X_mcRun2_asymptotic_v17-v1/280000/0F10A3B9-D791-B44D-9693-2C493FF796BB.root
11-Jun-2024 09:54:32 CEST  Initiating request to open file root://eoscms.cern.ch//eos/cms/store/mc/RunIISummer20UL16MiniAODv2/QCD_Pt_1400to1800_TuneCP5_13TeV_pythia8/MINIAODSIM/106X_mcRun2_asymptotic_v17-v1/120000/83215043-8F7B-6145-A2DC-B528620E6957.root
%MSG-w XrdAdaptorInternal:  file_open 11-Jun-2024 09:54:33 CEST PostProcessEvent
Failed to open file at URL root://eoscms.cern.ch:1094//eos/cms/store/mc/RunIISummer20UL16MiniAODv2/QCD_Pt_1400to1800_TuneCP5_13TeV_pythia8/MINIAODSIM/106X_mcRun2_asymptotic_v17-v1/120000/83215043-8F7B-6145-A2DC-B528620E6957.root.
%MSG
%MSG-w XrdAdaptorInternal:  file_open 11-Jun-2024 09:54:33 CEST PostProcessEvent
Failed to open file at URL root://eoscms.cern.ch:1094//eos/cms/store/mc/RunIISummer20UL16MiniAODv2/QCD_Pt_1400to1800_TuneCP5_13TeV_pythia8/MINIAODSIM/106X_mcRun2_asymptotic_v17-v1/120000/83215043-8F7B-6145-A2DC-B528620E6957.root?tried=.
%MSG
11-Jun-2024 09:54:33 CEST  Fallback request to file root://xrootd-cms.infn.it//store/mc/RunIISummer20UL16MiniAODv2/QCD_Pt_1400to1800_TuneCP5_13TeV_pythia8/MINIAODSIM/106X_mcRun2_asymptotic_v17-v1/120000/83215043-8F7B-6145-A2DC-B528620E6957.root
Unable to load sec.protocol plugin libXrdSecztn.so
%MSG-w XrdAdaptor:  file_open 11-Jun-2024 09:54:48 CEST PostProcessEvent
Data is served from fnal.gov instead of original site T2_IT_Pisa
%MSG
11-Jun-2024 09:54:48 CEST  Successfully opened file root://xrootd-cms.infn.it//store/mc/RunIISummer20UL16MiniAODv2/QCD_Pt_1400to1800_TuneCP5_13TeV_pythia8/MINIAODSIM/106X_mcRun2_asymptotic_v17-v1/120000/83215043-8F7B-6145-A2DC-B528620E6957.root
Unable to load sec.protocol plugin libXrdSecztn.so
Begin processing the 100001st record. Run 1, Event 772013, LumiSection 773 on stream 0 at 11-Jun-2024 09:54:59.393 CEST
11-Jun-2024 09:54:59 CEST  Closed file root://xrootd-cms.infn.it//store/mc/RunIISummer20UL16MiniAODv2/QCD_Pt_1400to1800_TuneCP5_13TeV_pythia8/MINIAODSIM/106X_mcRun2_asymptotic_v17-v1/120000/83215043-8F7B-6145-A2DC-B528620E6957.root
11-Jun-2024 09:54:59 CEST  Initiating request to open file root://eoscms.cern.ch//eos/cms/store/mc/RunIISummer20UL16MiniAODv2/QCD_Pt_1400to1800_TuneCP5_13TeV_pythia8/MINIAODSIM/106X_mcRun2_asymptotic_v17-v1/120000/CB201C22-ACCE-BB4F-BE91-F5BE8683F50B.root
%MSG-w XrdAdaptorInternal:  file_open 11-Jun-2024 09:55:00 CEST PostProcessEvent
Failed to open file at URL root://eoscms.cern.ch:1094//eos/cms/store/mc/RunIISummer20UL16MiniAODv2/QCD_Pt_1400to1800_TuneCP5_13TeV_pythia8/MINIAODSIM/106X_mcRun2_asymptotic_v17-v1/120000/CB201C22-ACCE-BB4F-BE91-F5BE8683F50B.root.
%MSG
%MSG-w XrdAdaptorInternal:  file_open 11-Jun-2024 09:55:00 CEST PostProcessEvent
Failed to open file at URL root://eoscms.cern.ch:1094//eos/cms/store/mc/RunIISummer20UL16MiniAODv2/QCD_Pt_1400to1800_TuneCP5_13TeV_pythia8/MINIAODSIM/106X_mcRun2_asymptotic_v17-v1/120000/CB201C22-ACCE-BB4F-BE91-F5BE8683F50B.root?tried=.
%MSG
11-Jun-2024 09:55:00 CEST  Fallback request to file root://xrootd-cms.infn.it//store/mc/RunIISummer20UL16MiniAODv2/QCD_Pt_1400to1800_TuneCP5_13TeV_pythia8/MINIAODSIM/106X_mcRun2_asymptotic_v17-v1/120000/CB201C22-ACCE-BB4F-BE91-F5BE8683F50B.root
Unable to load sec.protocol plugin libXrdSecztn.so
%MSG-w XrdAdaptor:  file_open 11-Jun-2024 09:55:14 CEST PostProcessEvent
Data is served from fnal.gov instead of original site T2_IT_Pisa
%MSG
11-Jun-2024 09:55:15 CEST  Successfully opened file root://xrootd-cms.infn.it//store/mc/RunIISummer20UL16MiniAODv2/QCD_Pt_1400to1800_TuneCP5_13TeV_pythia8/MINIAODSIM/106X_mcRun2_asymptotic_v17-v1/120000/CB201C22-ACCE-BB4F-BE91-F5BE8683F50B.root
11-Jun-2024 09:55:22 CEST  Closed file root://xrootd-cms.infn.it//store/mc/RunIISummer20UL16MiniAODv2/QCD_Pt_1400to1800_TuneCP5_13TeV_pythia8/MINIAODSIM/106X_mcRun2_asymptotic_v17-v1/120000/CB201C22-ACCE-BB4F-BE91-F5BE8683F50B.root
11-Jun-2024 09:55:22 CEST  Initiating request to open file root://eoscms.cern.ch//eos/cms/store/mc/RunIISummer20UL16MiniAODv2/QCD_Pt_1400to1800_TuneCP5_13TeV_pythia8/MINIAODSIM/106X_mcRun2_asymptotic_v17-v1/120000/7F349BFB-4190-D14C-B2E8-42244464BEBA.root
%MSG-w XrdAdaptorInternal:  file_open 11-Jun-2024 09:55:23 CEST PostProcessEvent
Failed to open file at URL root://eoscms.cern.ch:1094//eos/cms/store/mc/RunIISummer20UL16MiniAODv2/QCD_Pt_1400to1800_TuneCP5_13TeV_pythia8/MINIAODSIM/106X_mcRun2_asymptotic_v17-v1/120000/7F349BFB-4190-D14C-B2E8-42244464BEBA.root.
%MSG
%MSG-w XrdAdaptorInternal:  file_open 11-Jun-2024 09:55:23 CEST PostProcessEvent
Failed to open file at URL root://eoscms.cern.ch:1094//eos/cms/store/mc/RunIISummer20UL16MiniAODv2/QCD_Pt_1400to1800_TuneCP5_13TeV_pythia8/MINIAODSIM/106X_mcRun2_asymptotic_v17-v1/120000/7F349BFB-4190-D14C-B2E8-42244464BEBA.root?tried=.
%MSG
11-Jun-2024 09:55:23 CEST  Fallback request to file root://xrootd-cms.infn.it//store/mc/RunIISummer20UL16MiniAODv2/QCD_Pt_1400to1800_TuneCP5_13TeV_pythia8/MINIAODSIM/106X_mcRun2_asymptotic_v17-v1/120000/7F349BFB-4190-D14C-B2E8-42244464BEBA.root
%MSG-w XrdAdaptor:  file_open 11-Jun-2024 09:55:36 CEST PostProcessEvent
Data is served from fnal.gov instead of original site T2_IT_Pisa
%MSG
11-Jun-2024 09:55:36 CEST  Successfully opened file root://xrootd-cms.infn.it//store/mc/RunIISummer20UL16MiniAODv2/QCD_Pt_1400to1800_TuneCP5_13TeV_pythia8/MINIAODSIM/106X_mcRun2_asymptotic_v17-v1/120000/7F349BFB-4190-D14C-B2E8-42244464BEBA.root
Begin processing the 200001st record. Run 1, Event 1268002, LumiSection 1269 on stream 0 at 11-Jun-2024 09:55:44.520 CEST
11-Jun-2024 09:55:44 CEST  Closed file root://xrootd-cms.infn.it//store/mc/RunIISummer20UL16MiniAODv2/QCD_Pt_1400to1800_TuneCP5_13TeV_pythia8/MINIAODSIM/106X_mcRun2_asymptotic_v17-v1/120000/7F349BFB-4190-D14C-B2E8-42244464BEBA.root
11-Jun-2024 09:55:44 CEST  Initiating request to open file root://eoscms.cern.ch//eos/cms/store/mc/RunIISummer20UL16MiniAODv2/QCD_Pt_1400to1800_TuneCP5_13TeV_pythia8/MINIAODSIM/106X_mcRun2_asymptotic_v17-v1/120000/1DEA0282-2313-8D45-9061-1003036B33DD.root
%MSG-w XrdAdaptorInternal:  file_open 11-Jun-2024 09:55:45 CEST PostProcessEvent
Failed to open file at URL root://eoscms.cern.ch:1094//eos/cms/store/mc/RunIISummer20UL16MiniAODv2/QCD_Pt_1400to1800_TuneCP5_13TeV_pythia8/MINIAODSIM/106X_mcRun2_asymptotic_v17-v1/120000/1DEA0282-2313-8D45-9061-1003036B33DD.root.
%MSG
%MSG-w XrdAdaptorInternal:  file_open 11-Jun-2024 09:55:45 CEST PostProcessEvent
Failed to open file at URL root://eoscms.cern.ch:1094//eos/cms/store/mc/RunIISummer20UL16MiniAODv2/QCD_Pt_1400to1800_TuneCP5_13TeV_pythia8/MINIAODSIM/106X_mcRun2_asymptotic_v17-v1/120000/1DEA0282-2313-8D45-9061-1003036B33DD.root?tried=.
%MSG
11-Jun-2024 09:55:45 CEST  Fallback request to file root://xrootd-cms.infn.it//store/mc/RunIISummer20UL16MiniAODv2/QCD_Pt_1400to1800_TuneCP5_13TeV_pythia8/MINIAODSIM/106X_mcRun2_asymptotic_v17-v1/120000/1DEA0282-2313-8D45-9061-1003036B33DD.root
%MSG-w XrdAdaptor:  file_open 11-Jun-2024 09:55:58 CEST PostProcessEvent
Data is served from fnal.gov instead of original site T2_IT_Pisa
%MSG
11-Jun-2024 09:55:58 CEST  Successfully opened file root://xrootd-cms.infn.it//store/mc/RunIISummer20UL16MiniAODv2/QCD_Pt_1400to1800_TuneCP5_13TeV_pythia8/MINIAODSIM/106X_mcRun2_asymptotic_v17-v1/120000/1DEA0282-2313-8D45-9061-1003036B33DD.root
11-Jun-2024 09:56:06 CEST  Closed file root://xrootd-cms.infn.it//store/mc/RunIISummer20UL16MiniAODv2/QCD_Pt_1400to1800_TuneCP5_13TeV_pythia8/MINIAODSIM/106X_mcRun2_asymptotic_v17-v1/120000/1DEA0282-2313-8D45-9061-1003036B33DD.root
11-Jun-2024 09:56:06 CEST  Initiating request to open file root://eoscms.cern.ch//eos/cms/store/mc/RunIISummer20UL16MiniAODv2/QCD_Pt_1400to1800_TuneCP5_13TeV_pythia8/MINIAODSIM/106X_mcRun2_asymptotic_v17-v1/120000/E1FB0861-8F9F-784B-9CF7-F3DD23F27160.root
%MSG-w XrdAdaptorInternal:  file_open 11-Jun-2024 09:56:07 CEST PostProcessEvent
Failed to open file at URL root://eoscms.cern.ch:1094//eos/cms/store/mc/RunIISummer20UL16MiniAODv2/QCD_Pt_1400to1800_TuneCP5_13TeV_pythia8/MINIAODSIM/106X_mcRun2_asymptotic_v17-v1/120000/E1FB0861-8F9F-784B-9CF7-F3DD23F27160.root.
%MSG
%MSG-w XrdAdaptorInternal:  file_open 11-Jun-2024 09:56:07 CEST PostProcessEvent
Failed to open file at URL root://eoscms.cern.ch:1094//eos/cms/store/mc/RunIISummer20UL16MiniAODv2/QCD_Pt_1400to1800_TuneCP5_13TeV_pythia8/MINIAODSIM/106X_mcRun2_asymptotic_v17-v1/120000/E1FB0861-8F9F-784B-9CF7-F3DD23F27160.root?tried=.
%MSG
11-Jun-2024 09:56:07 CEST  Fallback request to file root://xrootd-cms.infn.it//store/mc/RunIISummer20UL16MiniAODv2/QCD_Pt_1400to1800_TuneCP5_13TeV_pythia8/MINIAODSIM/106X_mcRun2_asymptotic_v17-v1/120000/E1FB0861-8F9F-784B-9CF7-F3DD23F27160.root
%MSG-w XrdAdaptor:  file_open 11-Jun-2024 09:56:20 CEST PostProcessEvent
Data is served from fnal.gov instead of original site T2_IT_Pisa
%MSG
11-Jun-2024 09:56:20 CEST  Successfully opened file root://xrootd-cms.infn.it//store/mc/RunIISummer20UL16MiniAODv2/QCD_Pt_1400to1800_TuneCP5_13TeV_pythia8/MINIAODSIM/106X_mcRun2_asymptotic_v17-v1/120000/E1FB0861-8F9F-784B-9CF7-F3DD23F27160.root
11-Jun-2024 09:56:28 CEST  Closed file root://xrootd-cms.infn.it//store/mc/RunIISummer20UL16MiniAODv2/QCD_Pt_1400to1800_TuneCP5_13TeV_pythia8/MINIAODSIM/106X_mcRun2_asymptotic_v17-v1/120000/E1FB0861-8F9F-784B-9CF7-F3DD23F27160.root
11-Jun-2024 09:56:28 CEST  Initiating request to open file root://eoscms.cern.ch//eos/cms/store/mc/RunIISummer20UL16MiniAODv2/QCD_Pt_1400to1800_TuneCP5_13TeV_pythia8/MINIAODSIM/106X_mcRun2_asymptotic_v17-v1/120000/9609D64B-AE46-BD4B-B3DF-73ACC1B82EE2.root
%MSG-w XrdAdaptorInternal:  file_open 11-Jun-2024 09:56:29 CEST PostProcessEvent
Failed to open file at URL root://eoscms.cern.ch:1094//eos/cms/store/mc/RunIISummer20UL16MiniAODv2/QCD_Pt_1400to1800_TuneCP5_13TeV_pythia8/MINIAODSIM/106X_mcRun2_asymptotic_v17-v1/120000/9609D64B-AE46-BD4B-B3DF-73ACC1B82EE2.root.
%MSG
%MSG-w XrdAdaptorInternal:  file_open 11-Jun-2024 09:56:29 CEST PostProcessEvent
Failed to open file at URL root://eoscms.cern.ch:1094//eos/cms/store/mc/RunIISummer20UL16MiniAODv2/QCD_Pt_1400to1800_TuneCP5_13TeV_pythia8/MINIAODSIM/106X_mcRun2_asymptotic_v17-v1/120000/9609D64B-AE46-BD4B-B3DF-73ACC1B82EE2.root?tried=.
%MSG
11-Jun-2024 09:56:29 CEST  Fallback request to file root://xrootd-cms.infn.it//store/mc/RunIISummer20UL16MiniAODv2/QCD_Pt_1400to1800_TuneCP5_13TeV_pythia8/MINIAODSIM/106X_mcRun2_asymptotic_v17-v1/120000/9609D64B-AE46-BD4B-B3DF-73ACC1B82EE2.root
%MSG-w XrdAdaptor:  file_open 11-Jun-2024 09:56:41 CEST PostProcessEvent
Data is served from fnal.gov instead of original site T2_IT_Pisa
%MSG
11-Jun-2024 09:56:41 CEST  Successfully opened file root://xrootd-cms.infn.it//store/mc/RunIISummer20UL16MiniAODv2/QCD_Pt_1400to1800_TuneCP5_13TeV_pythia8/MINIAODSIM/106X_mcRun2_asymptotic_v17-v1/120000/9609D64B-AE46-BD4B-B3DF-73ACC1B82EE2.root
Begin processing the 300001st record. Run 1, Event 6642001, LumiSection 6643 on stream 0 at 11-Jun-2024 09:56:47.842 CEST
11-Jun-2024 09:56:49 CEST  Closed file root://xrootd-cms.infn.it//store/mc/RunIISummer20UL16MiniAODv2/QCD_Pt_1400to1800_TuneCP5_13TeV_pythia8/MINIAODSIM/106X_mcRun2_asymptotic_v17-v1/120000/9609D64B-AE46-BD4B-B3DF-73ACC1B82EE2.root
11-Jun-2024 09:56:49 CEST  Initiating request to open file root://eoscms.cern.ch//eos/cms/store/mc/RunIISummer20UL16MiniAODv2/QCD_Pt_1400to1800_TuneCP5_13TeV_pythia8/MINIAODSIM/106X_mcRun2_asymptotic_v17-v1/120000/A2CB73D3-CFDF-CC40-BC3B-70E9AE7A8E35.root
%MSG-w XrdAdaptorInternal:  file_open 11-Jun-2024 09:56:50 CEST PostProcessEvent
Failed to open file at URL root://eoscms.cern.ch:1094//eos/cms/store/mc/RunIISummer20UL16MiniAODv2/QCD_Pt_1400to1800_TuneCP5_13TeV_pythia8/MINIAODSIM/106X_mcRun2_asymptotic_v17-v1/120000/A2CB73D3-CFDF-CC40-BC3B-70E9AE7A8E35.root.
%MSG
%MSG-w XrdAdaptorInternal:  file_open 11-Jun-2024 09:56:50 CEST PostProcessEvent
Failed to open file at URL root://eoscms.cern.ch:1094//eos/cms/store/mc/RunIISummer20UL16MiniAODv2/QCD_Pt_1400to1800_TuneCP5_13TeV_pythia8/MINIAODSIM/106X_mcRun2_asymptotic_v17-v1/120000/A2CB73D3-CFDF-CC40-BC3B-70E9AE7A8E35.root?tried=.
%MSG
11-Jun-2024 09:56:50 CEST  Fallback request to file root://xrootd-cms.infn.it//store/mc/RunIISummer20UL16MiniAODv2/QCD_Pt_1400to1800_TuneCP5_13TeV_pythia8/MINIAODSIM/106X_mcRun2_asymptotic_v17-v1/120000/A2CB73D3-CFDF-CC40-BC3B-70E9AE7A8E35.root
%MSG-w XrdAdaptor:  file_open 11-Jun-2024 09:57:02 CEST PostProcessEvent
Data is served from fnal.gov instead of original site T2_IT_Pisa
%MSG
11-Jun-2024 09:57:02 CEST  Successfully opened file root://xrootd-cms.infn.it//store/mc/RunIISummer20UL16MiniAODv2/QCD_Pt_1400to1800_TuneCP5_13TeV_pythia8/MINIAODSIM/106X_mcRun2_asymptotic_v17-v1/120000/A2CB73D3-CFDF-CC40-BC3B-70E9AE7A8E35.root
11-Jun-2024 09:57:09 CEST  Closed file root://xrootd-cms.infn.it//store/mc/RunIISummer20UL16MiniAODv2/QCD_Pt_1400to1800_TuneCP5_13TeV_pythia8/MINIAODSIM/106X_mcRun2_asymptotic_v17-v1/120000/A2CB73D3-CFDF-CC40-BC3B-70E9AE7A8E35.root
11-Jun-2024 09:57:09 CEST  Initiating request to open file root://eoscms.cern.ch//eos/cms/store/mc/RunIISummer20UL16MiniAODv2/QCD_Pt_1400to1800_TuneCP5_13TeV_pythia8/MINIAODSIM/106X_mcRun2_asymptotic_v17-v1/120000/C46283A1-8741-8E4E-AEE0-D04AEB18A355.root
%MSG-w XrdAdaptorInternal:  file_open 11-Jun-2024 09:57:10 CEST PostProcessEvent
Failed to open file at URL root://eoscms.cern.ch:1094//eos/cms/store/mc/RunIISummer20UL16MiniAODv2/QCD_Pt_1400to1800_TuneCP5_13TeV_pythia8/MINIAODSIM/106X_mcRun2_asymptotic_v17-v1/120000/C46283A1-8741-8E4E-AEE0-D04AEB18A355.root.
%MSG
%MSG-w XrdAdaptorInternal:  file_open 11-Jun-2024 09:57:10 CEST PostProcessEvent
Failed to open file at URL root://eoscms.cern.ch:1094//eos/cms/store/mc/RunIISummer20UL16MiniAODv2/QCD_Pt_1400to1800_TuneCP5_13TeV_pythia8/MINIAODSIM/106X_mcRun2_asymptotic_v17-v1/120000/C46283A1-8741-8E4E-AEE0-D04AEB18A355.root?tried=.
%MSG
11-Jun-2024 09:57:10 CEST  Fallback request to file root://xrootd-cms.infn.it//store/mc/RunIISummer20UL16MiniAODv2/QCD_Pt_1400to1800_TuneCP5_13TeV_pythia8/MINIAODSIM/106X_mcRun2_asymptotic_v17-v1/120000/C46283A1-8741-8E4E-AEE0-D04AEB18A355.root
%MSG-w XrdAdaptor:  file_open 11-Jun-2024 09:57:23 CEST PostProcessEvent
Data is served from fnal.gov instead of original site T2_IT_Pisa
%MSG
11-Jun-2024 09:57:23 CEST  Successfully opened file root://xrootd-cms.infn.it//store/mc/RunIISummer20UL16MiniAODv2/QCD_Pt_1400to1800_TuneCP5_13TeV_pythia8/MINIAODSIM/106X_mcRun2_asymptotic_v17-v1/120000/C46283A1-8741-8E4E-AEE0-D04AEB18A355.root
Begin processing the 400001st record. Run 1, Event 1988010, LumiSection 1989 on stream 0 at 11-Jun-2024 09:57:29.646 CEST
11-Jun-2024 09:57:30 CEST  Closed file root://xrootd-cms.infn.it//store/mc/RunIISummer20UL16MiniAODv2/QCD_Pt_1400to1800_TuneCP5_13TeV_pythia8/MINIAODSIM/106X_mcRun2_asymptotic_v17-v1/120000/C46283A1-8741-8E4E-AEE0-D04AEB18A355.root
11-Jun-2024 09:57:30 CEST  Initiating request to open file root://eoscms.cern.ch//eos/cms/store/mc/RunIISummer20UL16MiniAODv2/QCD_Pt_1400to1800_TuneCP5_13TeV_pythia8/MINIAODSIM/106X_mcRun2_asymptotic_v17-v1/120000/3C0CEF9B-9E95-9D48-8502-30A5FC967BED.root
%MSG-w XrdAdaptorInternal:  file_open 11-Jun-2024 09:57:31 CEST PostProcessEvent
Failed to open file at URL root://eoscms.cern.ch:1094//eos/cms/store/mc/RunIISummer20UL16MiniAODv2/QCD_Pt_1400to1800_TuneCP5_13TeV_pythia8/MINIAODSIM/106X_mcRun2_asymptotic_v17-v1/120000/3C0CEF9B-9E95-9D48-8502-30A5FC967BED.root.
%MSG
%MSG-w XrdAdaptorInternal:  file_open 11-Jun-2024 09:57:31 CEST PostProcessEvent
Failed to open file at URL root://eoscms.cern.ch:1094//eos/cms/store/mc/RunIISummer20UL16MiniAODv2/QCD_Pt_1400to1800_TuneCP5_13TeV_pythia8/MINIAODSIM/106X_mcRun2_asymptotic_v17-v1/120000/3C0CEF9B-9E95-9D48-8502-30A5FC967BED.root?tried=.
%MSG
11-Jun-2024 09:57:31 CEST  Fallback request to file root://xrootd-cms.infn.it//store/mc/RunIISummer20UL16MiniAODv2/QCD_Pt_1400to1800_TuneCP5_13TeV_pythia8/MINIAODSIM/106X_mcRun2_asymptotic_v17-v1/120000/3C0CEF9B-9E95-9D48-8502-30A5FC967BED.root
%MSG-w XrdAdaptor:  file_open 11-Jun-2024 09:57:44 CEST PostProcessEvent
Data is served from fnal.gov instead of original site T2_IT_Pisa
%MSG
11-Jun-2024 09:57:44 CEST  Successfully opened file root://xrootd-cms.infn.it//store/mc/RunIISummer20UL16MiniAODv2/QCD_Pt_1400to1800_TuneCP5_13TeV_pythia8/MINIAODSIM/106X_mcRun2_asymptotic_v17-v1/120000/3C0CEF9B-9E95-9D48-8502-30A5FC967BED.root
11-Jun-2024 09:57:52 CEST  Closed file root://xrootd-cms.infn.it//store/mc/RunIISummer20UL16MiniAODv2/QCD_Pt_1400to1800_TuneCP5_13TeV_pythia8/MINIAODSIM/106X_mcRun2_asymptotic_v17-v1/120000/3C0CEF9B-9E95-9D48-8502-30A5FC967BED.root
11-Jun-2024 09:57:52 CEST  Initiating request to open file root://eoscms.cern.ch//eos/cms/store/mc/RunIISummer20UL16MiniAODv2/QCD_Pt_1400to1800_TuneCP5_13TeV_pythia8/MINIAODSIM/106X_mcRun2_asymptotic_v17-v1/120000/6B64BB79-7FC0-CE46-B6AA-9872AEDD2375.root
%MSG-w XrdAdaptorInternal:  file_open 11-Jun-2024 09:57:53 CEST PostProcessEvent
Failed to open file at URL root://eoscms.cern.ch:1094//eos/cms/store/mc/RunIISummer20UL16MiniAODv2/QCD_Pt_1400to1800_TuneCP5_13TeV_pythia8/MINIAODSIM/106X_mcRun2_asymptotic_v17-v1/120000/6B64BB79-7FC0-CE46-B6AA-9872AEDD2375.root.
%MSG
%MSG-w XrdAdaptorInternal:  file_open 11-Jun-2024 09:57:53 CEST PostProcessEvent
Failed to open file at URL root://eoscms.cern.ch:1094//eos/cms/store/mc/RunIISummer20UL16MiniAODv2/QCD_Pt_1400to1800_TuneCP5_13TeV_pythia8/MINIAODSIM/106X_mcRun2_asymptotic_v17-v1/120000/6B64BB79-7FC0-CE46-B6AA-9872AEDD2375.root?tried=.
%MSG
11-Jun-2024 09:57:53 CEST  Fallback request to file root://xrootd-cms.infn.it//store/mc/RunIISummer20UL16MiniAODv2/QCD_Pt_1400to1800_TuneCP5_13TeV_pythia8/MINIAODSIM/106X_mcRun2_asymptotic_v17-v1/120000/6B64BB79-7FC0-CE46-B6AA-9872AEDD2375.root
%MSG-w XrdAdaptor:  file_open 11-Jun-2024 09:58:06 CEST PostProcessEvent
Data is served from fnal.gov instead of original site T2_IT_Pisa
%MSG
11-Jun-2024 09:58:06 CEST  Successfully opened file root://xrootd-cms.infn.it//store/mc/RunIISummer20UL16MiniAODv2/QCD_Pt_1400to1800_TuneCP5_13TeV_pythia8/MINIAODSIM/106X_mcRun2_asymptotic_v17-v1/120000/6B64BB79-7FC0-CE46-B6AA-9872AEDD2375.root
Begin processing the 500001st record. Run 1, Event 5482009, LumiSection 5483 on stream 0 at 11-Jun-2024 09:58:13.141 CEST
11-Jun-2024 09:58:13 CEST  Closed file root://xrootd-cms.infn.it//store/mc/RunIISummer20UL16MiniAODv2/QCD_Pt_1400to1800_TuneCP5_13TeV_pythia8/MINIAODSIM/106X_mcRun2_asymptotic_v17-v1/120000/6B64BB79-7FC0-CE46-B6AA-9872AEDD2375.root
11-Jun-2024 09:58:13 CEST  Initiating request to open file root://eoscms.cern.ch//eos/cms/store/mc/RunIISummer20UL16MiniAODv2/QCD_Pt_1400to1800_TuneCP5_13TeV_pythia8/MINIAODSIM/106X_mcRun2_asymptotic_v17-v1/120000/4B990949-7278-7B4E-97AD-400EFAC1CEBA.root
%MSG-w XrdAdaptorInternal:  file_open 11-Jun-2024 09:58:14 CEST PostProcessEvent
Failed to open file at URL root://eoscms.cern.ch:1094//eos/cms/store/mc/RunIISummer20UL16MiniAODv2/QCD_Pt_1400to1800_TuneCP5_13TeV_pythia8/MINIAODSIM/106X_mcRun2_asymptotic_v17-v1/120000/4B990949-7278-7B4E-97AD-400EFAC1CEBA.root.
%MSG
%MSG-w XrdAdaptorInternal:  file_open 11-Jun-2024 09:58:14 CEST PostProcessEvent
Failed to open file at URL root://eoscms.cern.ch:1094//eos/cms/store/mc/RunIISummer20UL16MiniAODv2/QCD_Pt_1400to1800_TuneCP5_13TeV_pythia8/MINIAODSIM/106X_mcRun2_asymptotic_v17-v1/120000/4B990949-7278-7B4E-97AD-400EFAC1CEBA.root?tried=.
%MSG
11-Jun-2024 09:58:14 CEST  Fallback request to file root://xrootd-cms.infn.it//store/mc/RunIISummer20UL16MiniAODv2/QCD_Pt_1400to1800_TuneCP5_13TeV_pythia8/MINIAODSIM/106X_mcRun2_asymptotic_v17-v1/120000/4B990949-7278-7B4E-97AD-400EFAC1CEBA.root
%MSG-w XrdAdaptor:  file_open 11-Jun-2024 09:58:27 CEST PostProcessEvent
Data is served from fnal.gov instead of original site T2_IT_Pisa
%MSG
11-Jun-2024 09:58:27 CEST  Successfully opened file root://xrootd-cms.infn.it//store/mc/RunIISummer20UL16MiniAODv2/QCD_Pt_1400to1800_TuneCP5_13TeV_pythia8/MINIAODSIM/106X_mcRun2_asymptotic_v17-v1/120000/4B990949-7278-7B4E-97AD-400EFAC1CEBA.root
11-Jun-2024 09:58:36 CEST  Closed file root://xrootd-cms.infn.it//store/mc/RunIISummer20UL16MiniAODv2/QCD_Pt_1400to1800_TuneCP5_13TeV_pythia8/MINIAODSIM/106X_mcRun2_asymptotic_v17-v1/120000/4B990949-7278-7B4E-97AD-400EFAC1CEBA.root
11-Jun-2024 09:58:36 CEST  Initiating request to open file root://eoscms.cern.ch//eos/cms/store/mc/RunIISummer20UL16MiniAODv2/QCD_Pt_1400to1800_TuneCP5_13TeV_pythia8/MINIAODSIM/106X_mcRun2_asymptotic_v17-v1/120000/C01080E5-15B5-9040-9893-9AF2D5FDA64E.root
%MSG-w XrdAdaptorInternal:  file_open 11-Jun-2024 09:58:37 CEST PostProcessEvent
Failed to open file at URL root://eoscms.cern.ch:1094//eos/cms/store/mc/RunIISummer20UL16MiniAODv2/QCD_Pt_1400to1800_TuneCP5_13TeV_pythia8/MINIAODSIM/106X_mcRun2_asymptotic_v17-v1/120000/C01080E5-15B5-9040-9893-9AF2D5FDA64E.root.
%MSG
%MSG-w XrdAdaptorInternal:  file_open 11-Jun-2024 09:58:37 CEST PostProcessEvent
Failed to open file at URL root://eoscms.cern.ch:1094//eos/cms/store/mc/RunIISummer20UL16MiniAODv2/QCD_Pt_1400to1800_TuneCP5_13TeV_pythia8/MINIAODSIM/106X_mcRun2_asymptotic_v17-v1/120000/C01080E5-15B5-9040-9893-9AF2D5FDA64E.root?tried=.
%MSG
11-Jun-2024 09:58:37 CEST  Fallback request to file root://xrootd-cms.infn.it//store/mc/RunIISummer20UL16MiniAODv2/QCD_Pt_1400to1800_TuneCP5_13TeV_pythia8/MINIAODSIM/106X_mcRun2_asymptotic_v17-v1/120000/C01080E5-15B5-9040-9893-9AF2D5FDA64E.root
%MSG-w XrdAdaptor:  file_open 11-Jun-2024 09:58:50 CEST PostProcessEvent
Data is served from fnal.gov instead of original site T2_IT_Pisa
%MSG
11-Jun-2024 09:58:50 CEST  Successfully opened file root://xrootd-cms.infn.it//store/mc/RunIISummer20UL16MiniAODv2/QCD_Pt_1400to1800_TuneCP5_13TeV_pythia8/MINIAODSIM/106X_mcRun2_asymptotic_v17-v1/120000/C01080E5-15B5-9040-9893-9AF2D5FDA64E.root
Begin processing the 600001st record. Run 1, Event 7930009, LumiSection 7931 on stream 0 at 11-Jun-2024 09:58:58.015 CEST
11-Jun-2024 09:58:58 CEST  Closed file root://xrootd-cms.infn.it//store/mc/RunIISummer20UL16MiniAODv2/QCD_Pt_1400to1800_TuneCP5_13TeV_pythia8/MINIAODSIM/106X_mcRun2_asymptotic_v17-v1/120000/C01080E5-15B5-9040-9893-9AF2D5FDA64E.root
11-Jun-2024 09:58:58 CEST  Initiating request to open file root://eoscms.cern.ch//eos/cms/store/mc/RunIISummer20UL16MiniAODv2/QCD_Pt_1400to1800_TuneCP5_13TeV_pythia8/MINIAODSIM/106X_mcRun2_asymptotic_v17-v1/120000/95F01566-4D43-6743-AD7B-442C911F20A2.root
%MSG-w XrdAdaptorInternal:  file_open 11-Jun-2024 09:58:59 CEST PostProcessEvent
Failed to open file at URL root://eoscms.cern.ch:1094//eos/cms/store/mc/RunIISummer20UL16MiniAODv2/QCD_Pt_1400to1800_TuneCP5_13TeV_pythia8/MINIAODSIM/106X_mcRun2_asymptotic_v17-v1/120000/95F01566-4D43-6743-AD7B-442C911F20A2.root.
%MSG
%MSG-w XrdAdaptorInternal:  file_open 11-Jun-2024 09:58:59 CEST PostProcessEvent
Failed to open file at URL root://eoscms.cern.ch:1094//eos/cms/store/mc/RunIISummer20UL16MiniAODv2/QCD_Pt_1400to1800_TuneCP5_13TeV_pythia8/MINIAODSIM/106X_mcRun2_asymptotic_v17-v1/120000/95F01566-4D43-6743-AD7B-442C911F20A2.root?tried=.
%MSG
11-Jun-2024 09:58:59 CEST  Fallback request to file root://xrootd-cms.infn.it//store/mc/RunIISummer20UL16MiniAODv2/QCD_Pt_1400to1800_TuneCP5_13TeV_pythia8/MINIAODSIM/106X_mcRun2_asymptotic_v17-v1/120000/95F01566-4D43-6743-AD7B-442C911F20A2.root
%MSG-w XrdAdaptor:  file_open 11-Jun-2024 09:59:12 CEST PostProcessEvent
Data is served from fnal.gov instead of original site T2_IT_Pisa
%MSG
11-Jun-2024 09:59:12 CEST  Successfully opened file root://xrootd-cms.infn.it//store/mc/RunIISummer20UL16MiniAODv2/QCD_Pt_1400to1800_TuneCP5_13TeV_pythia8/MINIAODSIM/106X_mcRun2_asymptotic_v17-v1/120000/95F01566-4D43-6743-AD7B-442C911F20A2.root
11-Jun-2024 09:59:21 CEST  Closed file root://xrootd-cms.infn.it//store/mc/RunIISummer20UL16MiniAODv2/QCD_Pt_1400to1800_TuneCP5_13TeV_pythia8/MINIAODSIM/106X_mcRun2_asymptotic_v17-v1/120000/95F01566-4D43-6743-AD7B-442C911F20A2.root
11-Jun-2024 09:59:21 CEST  Initiating request to open file root://eoscms.cern.ch//eos/cms/store/mc/RunIISummer20UL16MiniAODv2/QCD_Pt_1400to1800_TuneCP5_13TeV_pythia8/MINIAODSIM/106X_mcRun2_asymptotic_v17-v1/120000/61D37447-15FA-F747-A96D-E7334A6A29A3.root
%MSG-w XrdAdaptorInternal:  file_open 11-Jun-2024 09:59:22 CEST PostProcessEvent
Failed to open file at URL root://eoscms.cern.ch:1094//eos/cms/store/mc/RunIISummer20UL16MiniAODv2/QCD_Pt_1400to1800_TuneCP5_13TeV_pythia8/MINIAODSIM/106X_mcRun2_asymptotic_v17-v1/120000/61D37447-15FA-F747-A96D-E7334A6A29A3.root.
%MSG
%MSG-w XrdAdaptorInternal:  file_open 11-Jun-2024 09:59:22 CEST PostProcessEvent
Failed to open file at URL root://eoscms.cern.ch:1094//eos/cms/store/mc/RunIISummer20UL16MiniAODv2/QCD_Pt_1400to1800_TuneCP5_13TeV_pythia8/MINIAODSIM/106X_mcRun2_asymptotic_v17-v1/120000/61D37447-15FA-F747-A96D-E7334A6A29A3.root?tried=.
%MSG
11-Jun-2024 09:59:22 CEST  Fallback request to file root://xrootd-cms.infn.it//store/mc/RunIISummer20UL16MiniAODv2/QCD_Pt_1400to1800_TuneCP5_13TeV_pythia8/MINIAODSIM/106X_mcRun2_asymptotic_v17-v1/120000/61D37447-15FA-F747-A96D-E7334A6A29A3.root
%MSG-w XrdAdaptor:  file_open 11-Jun-2024 09:59:35 CEST PostProcessEvent
Data is served from fnal.gov instead of original site T2_IT_Pisa
%MSG
11-Jun-2024 09:59:36 CEST  Successfully opened file root://xrootd-cms.infn.it//store/mc/RunIISummer20UL16MiniAODv2/QCD_Pt_1400to1800_TuneCP5_13TeV_pythia8/MINIAODSIM/106X_mcRun2_asymptotic_v17-v1/120000/61D37447-15FA-F747-A96D-E7334A6A29A3.root
Begin processing the 700001st record. Run 1, Event 3700003, LumiSection 3701 on stream 0 at 11-Jun-2024 09:59:46.966 CEST
11-Jun-2024 09:59:47 CEST  Closed file root://xrootd-cms.infn.it//store/mc/RunIISummer20UL16MiniAODv2/QCD_Pt_1400to1800_TuneCP5_13TeV_pythia8/MINIAODSIM/106X_mcRun2_asymptotic_v17-v1/120000/61D37447-15FA-F747-A96D-E7334A6A29A3.root
11-Jun-2024 09:59:47 CEST  Initiating request to open file root://eoscms.cern.ch//eos/cms/store/mc/RunIISummer20UL16MiniAODv2/QCD_Pt_1400to1800_TuneCP5_13TeV_pythia8/MINIAODSIM/106X_mcRun2_asymptotic_v17-v1/120000/9373A3D8-A856-7E48-9551-EFD67676F9B4.root
%MSG-w XrdAdaptorInternal:  file_open 11-Jun-2024 09:59:48 CEST PostProcessEvent
Failed to open file at URL root://eoscms.cern.ch:1094//eos/cms/store/mc/RunIISummer20UL16MiniAODv2/QCD_Pt_1400to1800_TuneCP5_13TeV_pythia8/MINIAODSIM/106X_mcRun2_asymptotic_v17-v1/120000/9373A3D8-A856-7E48-9551-EFD67676F9B4.root.
%MSG
%MSG-w XrdAdaptorInternal:  file_open 11-Jun-2024 09:59:48 CEST PostProcessEvent
Failed to open file at URL root://eoscms.cern.ch:1094//eos/cms/store/mc/RunIISummer20UL16MiniAODv2/QCD_Pt_1400to1800_TuneCP5_13TeV_pythia8/MINIAODSIM/106X_mcRun2_asymptotic_v17-v1/120000/9373A3D8-A856-7E48-9551-EFD67676F9B4.root?tried=.
%MSG
11-Jun-2024 09:59:48 CEST  Fallback request to file root://xrootd-cms.infn.it//store/mc/RunIISummer20UL16MiniAODv2/QCD_Pt_1400to1800_TuneCP5_13TeV_pythia8/MINIAODSIM/106X_mcRun2_asymptotic_v17-v1/120000/9373A3D8-A856-7E48-9551-EFD67676F9B4.root
%MSG-w XrdAdaptor:  file_open 11-Jun-2024 10:00:00 CEST PostProcessEvent
Data is served from fnal.gov instead of original site T2_IT_Pisa
%MSG
11-Jun-2024 10:00:01 CEST  Successfully opened file root://xrootd-cms.infn.it//store/mc/RunIISummer20UL16MiniAODv2/QCD_Pt_1400to1800_TuneCP5_13TeV_pythia8/MINIAODSIM/106X_mcRun2_asymptotic_v17-v1/120000/9373A3D8-A856-7E48-9551-EFD67676F9B4.root
11-Jun-2024 10:00:10 CEST  Closed file root://xrootd-cms.infn.it//store/mc/RunIISummer20UL16MiniAODv2/QCD_Pt_1400to1800_TuneCP5_13TeV_pythia8/MINIAODSIM/106X_mcRun2_asymptotic_v17-v1/120000/9373A3D8-A856-7E48-9551-EFD67676F9B4.root
11-Jun-2024 10:00:10 CEST  Initiating request to open file root://eoscms.cern.ch//eos/cms/store/mc/RunIISummer20UL16MiniAODv2/QCD_Pt_1400to1800_TuneCP5_13TeV_pythia8/MINIAODSIM/106X_mcRun2_asymptotic_v17-v1/120000/AA8CAD20-BDC0-4A4C-8920-F24D93F2766B.root
%MSG-w XrdAdaptorInternal:  file_open 11-Jun-2024 10:00:11 CEST PostProcessEvent
Failed to open file at URL root://eoscms.cern.ch:1094//eos/cms/store/mc/RunIISummer20UL16MiniAODv2/QCD_Pt_1400to1800_TuneCP5_13TeV_pythia8/MINIAODSIM/106X_mcRun2_asymptotic_v17-v1/120000/AA8CAD20-BDC0-4A4C-8920-F24D93F2766B.root.
%MSG
%MSG-w XrdAdaptorInternal:  file_open 11-Jun-2024 10:00:11 CEST PostProcessEvent
Failed to open file at URL root://eoscms.cern.ch:1094//eos/cms/store/mc/RunIISummer20UL16MiniAODv2/QCD_Pt_1400to1800_TuneCP5_13TeV_pythia8/MINIAODSIM/106X_mcRun2_asymptotic_v17-v1/120000/AA8CAD20-BDC0-4A4C-8920-F24D93F2766B.root?tried=.
%MSG
11-Jun-2024 10:00:11 CEST  Fallback request to file root://xrootd-cms.infn.it//store/mc/RunIISummer20UL16MiniAODv2/QCD_Pt_1400to1800_TuneCP5_13TeV_pythia8/MINIAODSIM/106X_mcRun2_asymptotic_v17-v1/120000/AA8CAD20-BDC0-4A4C-8920-F24D93F2766B.root
%MSG-w XrdAdaptor:  file_open 11-Jun-2024 10:00:23 CEST PostProcessEvent
Data is served from fnal.gov instead of original site T2_IT_Pisa
%MSG
11-Jun-2024 10:00:23 CEST  Successfully opened file root://xrootd-cms.infn.it//store/mc/RunIISummer20UL16MiniAODv2/QCD_Pt_1400to1800_TuneCP5_13TeV_pythia8/MINIAODSIM/106X_mcRun2_asymptotic_v17-v1/120000/AA8CAD20-BDC0-4A4C-8920-F24D93F2766B.root
Begin processing the 800001st record. Run 1, Event 7556005, LumiSection 7557 on stream 0 at 11-Jun-2024 10:00:31.275 CEST
11-Jun-2024 10:00:31 CEST  Closed file root://xrootd-cms.infn.it//store/mc/RunIISummer20UL16MiniAODv2/QCD_Pt_1400to1800_TuneCP5_13TeV_pythia8/MINIAODSIM/106X_mcRun2_asymptotic_v17-v1/120000/AA8CAD20-BDC0-4A4C-8920-F24D93F2766B.root
11-Jun-2024 10:00:31 CEST  Initiating request to open file root://eoscms.cern.ch//eos/cms/store/mc/RunIISummer20UL16MiniAODv2/QCD_Pt_1400to1800_TuneCP5_13TeV_pythia8/MINIAODSIM/106X_mcRun2_asymptotic_v17-v1/120000/4EC153FB-651D-E348-9519-4D905A62741B.root
%MSG-w XrdAdaptorInternal:  file_open 11-Jun-2024 10:00:32 CEST PostProcessEvent
Failed to open file at URL root://eoscms.cern.ch:1094//eos/cms/store/mc/RunIISummer20UL16MiniAODv2/QCD_Pt_1400to1800_TuneCP5_13TeV_pythia8/MINIAODSIM/106X_mcRun2_asymptotic_v17-v1/120000/4EC153FB-651D-E348-9519-4D905A62741B.root.
%MSG
%MSG-w XrdAdaptorInternal:  file_open 11-Jun-2024 10:00:32 CEST PostProcessEvent
Failed to open file at URL root://eoscms.cern.ch:1094//eos/cms/store/mc/RunIISummer20UL16MiniAODv2/QCD_Pt_1400to1800_TuneCP5_13TeV_pythia8/MINIAODSIM/106X_mcRun2_asymptotic_v17-v1/120000/4EC153FB-651D-E348-9519-4D905A62741B.root?tried=.
%MSG
11-Jun-2024 10:00:32 CEST  Fallback request to file root://xrootd-cms.infn.it//store/mc/RunIISummer20UL16MiniAODv2/QCD_Pt_1400to1800_TuneCP5_13TeV_pythia8/MINIAODSIM/106X_mcRun2_asymptotic_v17-v1/120000/4EC153FB-651D-E348-9519-4D905A62741B.root
%MSG-w XrdAdaptor:  file_open 11-Jun-2024 10:00:45 CEST PostProcessEvent
Data is served from fnal.gov instead of original site T2_IT_Pisa
%MSG
11-Jun-2024 10:00:45 CEST  Successfully opened file root://xrootd-cms.infn.it//store/mc/RunIISummer20UL16MiniAODv2/QCD_Pt_1400to1800_TuneCP5_13TeV_pythia8/MINIAODSIM/106X_mcRun2_asymptotic_v17-v1/120000/4EC153FB-651D-E348-9519-4D905A62741B.root
11-Jun-2024 10:00:53 CEST  Closed file root://xrootd-cms.infn.it//store/mc/RunIISummer20UL16MiniAODv2/QCD_Pt_1400to1800_TuneCP5_13TeV_pythia8/MINIAODSIM/106X_mcRun2_asymptotic_v17-v1/120000/4EC153FB-651D-E348-9519-4D905A62741B.root
11-Jun-2024 10:00:53 CEST  Initiating request to open file root://eoscms.cern.ch//eos/cms/store/mc/RunIISummer20UL16MiniAODv2/QCD_Pt_1400to1800_TuneCP5_13TeV_pythia8/MINIAODSIM/106X_mcRun2_asymptotic_v17-v1/120000/9CF1CAC1-BE6A-5D4C-927A-16FF0617402E.root
%MSG-w XrdAdaptorInternal:  file_open 11-Jun-2024 10:00:54 CEST PostProcessEvent
Failed to open file at URL root://eoscms.cern.ch:1094//eos/cms/store/mc/RunIISummer20UL16MiniAODv2/QCD_Pt_1400to1800_TuneCP5_13TeV_pythia8/MINIAODSIM/106X_mcRun2_asymptotic_v17-v1/120000/9CF1CAC1-BE6A-5D4C-927A-16FF0617402E.root.
%MSG
%MSG-w XrdAdaptorInternal:  file_open 11-Jun-2024 10:00:54 CEST PostProcessEvent
Failed to open file at URL root://eoscms.cern.ch:1094//eos/cms/store/mc/RunIISummer20UL16MiniAODv2/QCD_Pt_1400to1800_TuneCP5_13TeV_pythia8/MINIAODSIM/106X_mcRun2_asymptotic_v17-v1/120000/9CF1CAC1-BE6A-5D4C-927A-16FF0617402E.root?tried=.
%MSG
11-Jun-2024 10:00:54 CEST  Fallback request to file root://xrootd-cms.infn.it//store/mc/RunIISummer20UL16MiniAODv2/QCD_Pt_1400to1800_TuneCP5_13TeV_pythia8/MINIAODSIM/106X_mcRun2_asymptotic_v17-v1/120000/9CF1CAC1-BE6A-5D4C-927A-16FF0617402E.root
%MSG-w XrdAdaptor:  file_open 11-Jun-2024 10:01:07 CEST PostProcessEvent
Data is served from fnal.gov instead of original site T2_IT_Pisa
%MSG
11-Jun-2024 10:01:07 CEST  Successfully opened file root://xrootd-cms.infn.it//store/mc/RunIISummer20UL16MiniAODv2/QCD_Pt_1400to1800_TuneCP5_13TeV_pythia8/MINIAODSIM/106X_mcRun2_asymptotic_v17-v1/120000/9CF1CAC1-BE6A-5D4C-927A-16FF0617402E.root
11-Jun-2024 10:01:19 CEST  Closed file root://xrootd-cms.infn.it//store/mc/RunIISummer20UL16MiniAODv2/QCD_Pt_1400to1800_TuneCP5_13TeV_pythia8/MINIAODSIM/106X_mcRun2_asymptotic_v17-v1/120000/9CF1CAC1-BE6A-5D4C-927A-16FF0617402E.root
11-Jun-2024 10:01:19 CEST  Initiating request to open file root://eoscms.cern.ch//eos/cms/store/mc/RunIISummer20UL16MiniAODv2/QCD_Pt_1400to1800_TuneCP5_13TeV_pythia8/MINIAODSIM/106X_mcRun2_asymptotic_v17-v1/120000/66B8E00B-59A5-3544-B347-F98C66A85522.root
%MSG-w XrdAdaptorInternal:  file_open 11-Jun-2024 10:01:20 CEST PostProcessEvent
Failed to open file at URL root://eoscms.cern.ch:1094//eos/cms/store/mc/RunIISummer20UL16MiniAODv2/QCD_Pt_1400to1800_TuneCP5_13TeV_pythia8/MINIAODSIM/106X_mcRun2_asymptotic_v17-v1/120000/66B8E00B-59A5-3544-B347-F98C66A85522.root.
%MSG
%MSG-w XrdAdaptorInternal:  file_open 11-Jun-2024 10:01:20 CEST PostProcessEvent
Failed to open file at URL root://eoscms.cern.ch:1094//eos/cms/store/mc/RunIISummer20UL16MiniAODv2/QCD_Pt_1400to1800_TuneCP5_13TeV_pythia8/MINIAODSIM/106X_mcRun2_asymptotic_v17-v1/120000/66B8E00B-59A5-3544-B347-F98C66A85522.root?tried=.
%MSG
11-Jun-2024 10:01:20 CEST  Fallback request to file root://xrootd-cms.infn.it//store/mc/RunIISummer20UL16MiniAODv2/QCD_Pt_1400to1800_TuneCP5_13TeV_pythia8/MINIAODSIM/106X_mcRun2_asymptotic_v17-v1/120000/66B8E00B-59A5-3544-B347-F98C66A85522.root
%MSG-w XrdAdaptor:  file_open 11-Jun-2024 10:01:33 CEST PostProcessEvent
Data is served from fnal.gov instead of original site T2_IT_Pisa
%MSG
11-Jun-2024 10:01:33 CEST  Successfully opened file root://xrootd-cms.infn.it//store/mc/RunIISummer20UL16MiniAODv2/QCD_Pt_1400to1800_TuneCP5_13TeV_pythia8/MINIAODSIM/106X_mcRun2_asymptotic_v17-v1/120000/66B8E00B-59A5-3544-B347-F98C66A85522.root
Begin processing the 900001st record. Run 1, Event 9656006, LumiSection 9657 on stream 0 at 11-Jun-2024 10:01:39.855 CEST
11-Jun-2024 10:01:41 CEST  Closed file root://xrootd-cms.infn.it//store/mc/RunIISummer20UL16MiniAODv2/QCD_Pt_1400to1800_TuneCP5_13TeV_pythia8/MINIAODSIM/106X_mcRun2_asymptotic_v17-v1/120000/66B8E00B-59A5-3544-B347-F98C66A85522.root
11-Jun-2024 10:01:41 CEST  Initiating request to open file root://eoscms.cern.ch//eos/cms/store/mc/RunIISummer20UL16MiniAODv2/QCD_Pt_1400to1800_TuneCP5_13TeV_pythia8/MINIAODSIM/106X_mcRun2_asymptotic_v17-v1/120000/7B8E8BFA-6615-9248-BA3A-AF84ED4E5BB0.root
%MSG-w XrdAdaptorInternal:  file_open 11-Jun-2024 10:01:42 CEST PostProcessEvent
Failed to open file at URL root://eoscms.cern.ch:1094//eos/cms/store/mc/RunIISummer20UL16MiniAODv2/QCD_Pt_1400to1800_TuneCP5_13TeV_pythia8/MINIAODSIM/106X_mcRun2_asymptotic_v17-v1/120000/7B8E8BFA-6615-9248-BA3A-AF84ED4E5BB0.root.
%MSG
%MSG-w XrdAdaptorInternal:  file_open 11-Jun-2024 10:01:42 CEST PostProcessEvent
Failed to open file at URL root://eoscms.cern.ch:1094//eos/cms/store/mc/RunIISummer20UL16MiniAODv2/QCD_Pt_1400to1800_TuneCP5_13TeV_pythia8/MINIAODSIM/106X_mcRun2_asymptotic_v17-v1/120000/7B8E8BFA-6615-9248-BA3A-AF84ED4E5BB0.root?tried=.
%MSG
11-Jun-2024 10:01:42 CEST  Fallback request to file root://xrootd-cms.infn.it//store/mc/RunIISummer20UL16MiniAODv2/QCD_Pt_1400to1800_TuneCP5_13TeV_pythia8/MINIAODSIM/106X_mcRun2_asymptotic_v17-v1/120000/7B8E8BFA-6615-9248-BA3A-AF84ED4E5BB0.root
%MSG-w XrdAdaptor:  file_open 11-Jun-2024 10:01:54 CEST PostProcessEvent
Data is served from fnal.gov instead of original site T2_IT_Pisa
%MSG
11-Jun-2024 10:01:54 CEST  Successfully opened file root://xrootd-cms.infn.it//store/mc/RunIISummer20UL16MiniAODv2/QCD_Pt_1400to1800_TuneCP5_13TeV_pythia8/MINIAODSIM/106X_mcRun2_asymptotic_v17-v1/120000/7B8E8BFA-6615-9248-BA3A-AF84ED4E5BB0.root
11-Jun-2024 10:02:01 CEST  Closed file root://xrootd-cms.infn.it//store/mc/RunIISummer20UL16MiniAODv2/QCD_Pt_1400to1800_TuneCP5_13TeV_pythia8/MINIAODSIM/106X_mcRun2_asymptotic_v17-v1/120000/7B8E8BFA-6615-9248-BA3A-AF84ED4E5BB0.root
11-Jun-2024 10:02:01 CEST  Initiating request to open file root://eoscms.cern.ch//eos/cms/store/mc/RunIISummer20UL16MiniAODv2/QCD_Pt_1400to1800_TuneCP5_13TeV_pythia8/MINIAODSIM/106X_mcRun2_asymptotic_v17-v1/120000/2333087F-684B-5B45-9F0A-63053539B3CB.root
%MSG-w XrdAdaptorInternal:  file_open 11-Jun-2024 10:02:02 CEST PostProcessEvent
Failed to open file at URL root://eoscms.cern.ch:1094//eos/cms/store/mc/RunIISummer20UL16MiniAODv2/QCD_Pt_1400to1800_TuneCP5_13TeV_pythia8/MINIAODSIM/106X_mcRun2_asymptotic_v17-v1/120000/2333087F-684B-5B45-9F0A-63053539B3CB.root.
%MSG
%MSG-w XrdAdaptorInternal:  file_open 11-Jun-2024 10:02:02 CEST PostProcessEvent
Failed to open file at URL root://eoscms.cern.ch:1094//eos/cms/store/mc/RunIISummer20UL16MiniAODv2/QCD_Pt_1400to1800_TuneCP5_13TeV_pythia8/MINIAODSIM/106X_mcRun2_asymptotic_v17-v1/120000/2333087F-684B-5B45-9F0A-63053539B3CB.root?tried=.
%MSG
11-Jun-2024 10:02:02 CEST  Fallback request to file root://xrootd-cms.infn.it//store/mc/RunIISummer20UL16MiniAODv2/QCD_Pt_1400to1800_TuneCP5_13TeV_pythia8/MINIAODSIM/106X_mcRun2_asymptotic_v17-v1/120000/2333087F-684B-5B45-9F0A-63053539B3CB.root
%MSG-w XrdAdaptor:  file_open 11-Jun-2024 10:02:14 CEST PostProcessEvent
Data is served from fnal.gov instead of original site T2_IT_Pisa
%MSG
11-Jun-2024 10:02:14 CEST  Successfully opened file root://xrootd-cms.infn.it//store/mc/RunIISummer20UL16MiniAODv2/QCD_Pt_1400to1800_TuneCP5_13TeV_pythia8/MINIAODSIM/106X_mcRun2_asymptotic_v17-v1/120000/2333087F-684B-5B45-9F0A-63053539B3CB.root
11-Jun-2024 10:02:23 CEST  Closed file root://xrootd-cms.infn.it//store/mc/RunIISummer20UL16MiniAODv2/QCD_Pt_1400to1800_TuneCP5_13TeV_pythia8/MINIAODSIM/106X_mcRun2_asymptotic_v17-v1/120000/2333087F-684B-5B45-9F0A-63053539B3CB.root

------------------------------------
GenXsecAnalyzer:
------------------------------------
Before Filter: total cross section = 6.479e-01 +- 3.096e-04 pb
Filter efficiency (taking into account weights)= (1e+06) / (1e+06) = 1.000e+00 +- 0.000e+00
Filter efficiency (event-level)= (1e+06) / (1e+06) = 1.000e+00 +- 0.000e+00    [TO BE USED IN MCM]

After filter: final cross section = 6.479e-01 +- 3.096e-04 pb
After filter: final fraction of events with negative weights = 0.000e+00 +- 0.000e+00
After filter: final equivalent lumi for 1M events (1/fb) = 1.544e+03 +- 1.711e+00

=============================================

MessageLogger Summary

 type     category        sev    module        subroutine        count    total
 ---- -------------------- -- ---------------- ----------------  -----    -----
    1 GenXSecAnalyzer      -w GenXSecAnalyzer:                       7        7
    2 XrdAdaptor           -w file_open                             26       26
    3 XrdAdaptorInternal   -w file_open                             48       48
    4 fileAction           -s file_close                            26       26
    5 fileAction           -s file_open                             76       76

 type    category    Examples: run/evt        run/evt          run/evt
 ---- -------------------- ---------------- ---------------- ----------------
    1 GenXSecAnalyzer      PostGlobalEndRun PostGlobalEndRun PostGlobalEndRun
    2 XrdAdaptor           pre-events       PostProcessEvent PostProcessEvent
    3 XrdAdaptorInternal   PostProcessEvent PostProcessEvent PostProcessEvent
    4 fileAction           PostProcessEvent PostProcessEvent PostGlobalEndRun
    5 fileAction           pre-events       pre-events       PostProcessEvent

Severity    # Occurrences   Total Occurrences
--------    -------------   -----------------
Warning                81                  81
System                102                 102

dropped waiting message count 0
