11-Jun-2024 09:22:54 CEST  Initiating request to open file root://eoscms.cern.ch//eos/cms/store/mc/RunIISummer20UL16MiniAODv2/QCD_Pt_600to800_TuneCP5_13TeV_pythia8/MINIAODSIM/106X_mcRun2_asymptotic_v17-v1/270000/863213C9-31BD-884C-B069-954C2469C6CE.root
%MSG-w XrdAdaptorInternal:  file_open 11-Jun-2024 09:23:01 CEST pre-events
Failed to open file at URL root://eoscms.cern.ch:1094//eos/cms/store/mc/RunIISummer20UL16MiniAODv2/QCD_Pt_600to800_TuneCP5_13TeV_pythia8/MINIAODSIM/106X_mcRun2_asymptotic_v17-v1/270000/863213C9-31BD-884C-B069-954C2469C6CE.root.
%MSG
%MSG-w XrdAdaptorInternal:  file_open 11-Jun-2024 09:23:01 CEST pre-events
Failed to open file at URL root://eoscms.cern.ch:1094//eos/cms/store/mc/RunIISummer20UL16MiniAODv2/QCD_Pt_600to800_TuneCP5_13TeV_pythia8/MINIAODSIM/106X_mcRun2_asymptotic_v17-v1/270000/863213C9-31BD-884C-B069-954C2469C6CE.root?tried=.
%MSG
11-Jun-2024 09:23:01 CEST  Fallback request to file root://xrootd-cms.infn.it//store/mc/RunIISummer20UL16MiniAODv2/QCD_Pt_600to800_TuneCP5_13TeV_pythia8/MINIAODSIM/106X_mcRun2_asymptotic_v17-v1/270000/863213C9-31BD-884C-B069-954C2469C6CE.root
%MSG-w XrdAdaptor:  file_open 11-Jun-2024 09:23:17 CEST pre-events
Data is served from T2_US_Wisconsin instead of original site infn.it
%MSG
11-Jun-2024 09:24:01 CEST  Successfully opened file root://xrootd-cms.infn.it//store/mc/RunIISummer20UL16MiniAODv2/QCD_Pt_600to800_TuneCP5_13TeV_pythia8/MINIAODSIM/106X_mcRun2_asymptotic_v17-v1/270000/863213C9-31BD-884C-B069-954C2469C6CE.root
Begin processing the 1st record. Run 1, Event 36258003, LumiSection 36259 on stream 0 at 11-Jun-2024 09:24:12.995 CEST
11-Jun-2024 09:24:15 CEST  Closed file root://xrootd-cms.infn.it//store/mc/RunIISummer20UL16MiniAODv2/QCD_Pt_600to800_TuneCP5_13TeV_pythia8/MINIAODSIM/106X_mcRun2_asymptotic_v17-v1/270000/863213C9-31BD-884C-B069-954C2469C6CE.root
11-Jun-2024 09:24:15 CEST  Initiating request to open file root://eoscms.cern.ch//eos/cms/store/mc/RunIISummer20UL16MiniAODv2/QCD_Pt_600to800_TuneCP5_13TeV_pythia8/MINIAODSIM/106X_mcRun2_asymptotic_v17-v1/270000/CE53BAA2-356E-384A-87DC-BA6D94F900BA.root
%MSG-w XrdAdaptorInternal:  file_open 11-Jun-2024 09:24:16 CEST PostProcessEvent
Failed to open file at URL root://eoscms.cern.ch:1094//eos/cms/store/mc/RunIISummer20UL16MiniAODv2/QCD_Pt_600to800_TuneCP5_13TeV_pythia8/MINIAODSIM/106X_mcRun2_asymptotic_v17-v1/270000/CE53BAA2-356E-384A-87DC-BA6D94F900BA.root.
%MSG
%MSG-w XrdAdaptorInternal:  file_open 11-Jun-2024 09:24:16 CEST PostProcessEvent
Failed to open file at URL root://eoscms.cern.ch:1094//eos/cms/store/mc/RunIISummer20UL16MiniAODv2/QCD_Pt_600to800_TuneCP5_13TeV_pythia8/MINIAODSIM/106X_mcRun2_asymptotic_v17-v1/270000/CE53BAA2-356E-384A-87DC-BA6D94F900BA.root?tried=.
%MSG
11-Jun-2024 09:24:16 CEST  Fallback request to file root://xrootd-cms.infn.it//store/mc/RunIISummer20UL16MiniAODv2/QCD_Pt_600to800_TuneCP5_13TeV_pythia8/MINIAODSIM/106X_mcRun2_asymptotic_v17-v1/270000/CE53BAA2-356E-384A-87DC-BA6D94F900BA.root
%MSG-w XrdAdaptor:  file_open 11-Jun-2024 09:24:31 CEST PostProcessEvent
Data is served from T2_US_Wisconsin instead of original site infn.it
%MSG
11-Jun-2024 09:24:31 CEST  Successfully opened file root://xrootd-cms.infn.it//store/mc/RunIISummer20UL16MiniAODv2/QCD_Pt_600to800_TuneCP5_13TeV_pythia8/MINIAODSIM/106X_mcRun2_asymptotic_v17-v1/270000/CE53BAA2-356E-384A-87DC-BA6D94F900BA.root
[2024-06-11 09:24:37.617029 +0200][Error  ][AsyncSock         ] [g34n06.hep.wisc.edu:1094 #0.0] Unable to connect: No route to host
[2024-06-11 09:24:37.617117 +0200][Error  ][PostMaster        ] [g34n06.hep.wisc.edu:1094 #0] elapsed = 2, pConnectionWindow = 31 seconds.
11-Jun-2024 09:24:39 CEST  Closed file root://xrootd-cms.infn.it//store/mc/RunIISummer20UL16MiniAODv2/QCD_Pt_600to800_TuneCP5_13TeV_pythia8/MINIAODSIM/106X_mcRun2_asymptotic_v17-v1/270000/CE53BAA2-356E-384A-87DC-BA6D94F900BA.root
11-Jun-2024 09:24:39 CEST  Initiating request to open file root://eoscms.cern.ch//eos/cms/store/mc/RunIISummer20UL16MiniAODv2/QCD_Pt_600to800_TuneCP5_13TeV_pythia8/MINIAODSIM/106X_mcRun2_asymptotic_v17-v1/270000/D81C89AD-BA09-3D47-A088-57064651D6F2.root
%MSG-w XrdAdaptorInternal:  file_open 11-Jun-2024 09:24:40 CEST PostProcessEvent
Failed to open file at URL root://eoscms.cern.ch:1094//eos/cms/store/mc/RunIISummer20UL16MiniAODv2/QCD_Pt_600to800_TuneCP5_13TeV_pythia8/MINIAODSIM/106X_mcRun2_asymptotic_v17-v1/270000/D81C89AD-BA09-3D47-A088-57064651D6F2.root.
%MSG
%MSG-w XrdAdaptorInternal:  file_open 11-Jun-2024 09:24:40 CEST PostProcessEvent
Failed to open file at URL root://eoscms.cern.ch:1094//eos/cms/store/mc/RunIISummer20UL16MiniAODv2/QCD_Pt_600to800_TuneCP5_13TeV_pythia8/MINIAODSIM/106X_mcRun2_asymptotic_v17-v1/270000/D81C89AD-BA09-3D47-A088-57064651D6F2.root?tried=.
%MSG
11-Jun-2024 09:24:40 CEST  Fallback request to file root://xrootd-cms.infn.it//store/mc/RunIISummer20UL16MiniAODv2/QCD_Pt_600to800_TuneCP5_13TeV_pythia8/MINIAODSIM/106X_mcRun2_asymptotic_v17-v1/270000/D81C89AD-BA09-3D47-A088-57064651D6F2.root
%MSG-w XrdAdaptor:  file_open 11-Jun-2024 09:24:54 CEST PostProcessEvent
Data is served from T2_US_Wisconsin instead of original site infn.it
%MSG
11-Jun-2024 09:24:54 CEST  Successfully opened file root://xrootd-cms.infn.it//store/mc/RunIISummer20UL16MiniAODv2/QCD_Pt_600to800_TuneCP5_13TeV_pythia8/MINIAODSIM/106X_mcRun2_asymptotic_v17-v1/270000/D81C89AD-BA09-3D47-A088-57064651D6F2.root
Begin processing the 100001st record. Run 1, Event 35412001, LumiSection 35413 on stream 0 at 11-Jun-2024 09:25:03.770 CEST
11-Jun-2024 09:25:05 CEST  Closed file root://xrootd-cms.infn.it//store/mc/RunIISummer20UL16MiniAODv2/QCD_Pt_600to800_TuneCP5_13TeV_pythia8/MINIAODSIM/106X_mcRun2_asymptotic_v17-v1/270000/D81C89AD-BA09-3D47-A088-57064651D6F2.root
11-Jun-2024 09:25:05 CEST  Initiating request to open file root://eoscms.cern.ch//eos/cms/store/mc/RunIISummer20UL16MiniAODv2/QCD_Pt_600to800_TuneCP5_13TeV_pythia8/MINIAODSIM/106X_mcRun2_asymptotic_v17-v1/270000/B87B7C14-ACB7-DF41-B14C-C66C525BEB7A.root
%MSG-w XrdAdaptorInternal:  file_open 11-Jun-2024 09:25:06 CEST PostProcessEvent
Failed to open file at URL root://eoscms.cern.ch:1094//eos/cms/store/mc/RunIISummer20UL16MiniAODv2/QCD_Pt_600to800_TuneCP5_13TeV_pythia8/MINIAODSIM/106X_mcRun2_asymptotic_v17-v1/270000/B87B7C14-ACB7-DF41-B14C-C66C525BEB7A.root.
%MSG
%MSG-w XrdAdaptorInternal:  file_open 11-Jun-2024 09:25:06 CEST PostProcessEvent
Failed to open file at URL root://eoscms.cern.ch:1094//eos/cms/store/mc/RunIISummer20UL16MiniAODv2/QCD_Pt_600to800_TuneCP5_13TeV_pythia8/MINIAODSIM/106X_mcRun2_asymptotic_v17-v1/270000/B87B7C14-ACB7-DF41-B14C-C66C525BEB7A.root?tried=.
%MSG
11-Jun-2024 09:25:06 CEST  Fallback request to file root://xrootd-cms.infn.it//store/mc/RunIISummer20UL16MiniAODv2/QCD_Pt_600to800_TuneCP5_13TeV_pythia8/MINIAODSIM/106X_mcRun2_asymptotic_v17-v1/270000/B87B7C14-ACB7-DF41-B14C-C66C525BEB7A.root
%MSG-w XrdAdaptor:  file_open 11-Jun-2024 09:25:20 CEST PostProcessEvent
Data is served from T2_US_Wisconsin instead of original site infn.it
%MSG
11-Jun-2024 09:25:21 CEST  Successfully opened file root://xrootd-cms.infn.it//store/mc/RunIISummer20UL16MiniAODv2/QCD_Pt_600to800_TuneCP5_13TeV_pythia8/MINIAODSIM/106X_mcRun2_asymptotic_v17-v1/270000/B87B7C14-ACB7-DF41-B14C-C66C525BEB7A.root
11-Jun-2024 09:25:33 CEST  Closed file root://xrootd-cms.infn.it//store/mc/RunIISummer20UL16MiniAODv2/QCD_Pt_600to800_TuneCP5_13TeV_pythia8/MINIAODSIM/106X_mcRun2_asymptotic_v17-v1/270000/B87B7C14-ACB7-DF41-B14C-C66C525BEB7A.root
11-Jun-2024 09:25:33 CEST  Initiating request to open file root://eoscms.cern.ch//eos/cms/store/mc/RunIISummer20UL16MiniAODv2/QCD_Pt_600to800_TuneCP5_13TeV_pythia8/MINIAODSIM/106X_mcRun2_asymptotic_v17-v1/270000/0B7D6E7F-D36C-5E43-ACBA-15661CD0FF73.root
%MSG-w XrdAdaptorInternal:  file_open 11-Jun-2024 09:25:34 CEST PostProcessEvent
Failed to open file at URL root://eoscms.cern.ch:1094//eos/cms/store/mc/RunIISummer20UL16MiniAODv2/QCD_Pt_600to800_TuneCP5_13TeV_pythia8/MINIAODSIM/106X_mcRun2_asymptotic_v17-v1/270000/0B7D6E7F-D36C-5E43-ACBA-15661CD0FF73.root.
%MSG
%MSG-w XrdAdaptorInternal:  file_open 11-Jun-2024 09:25:34 CEST PostProcessEvent
Failed to open file at URL root://eoscms.cern.ch:1094//eos/cms/store/mc/RunIISummer20UL16MiniAODv2/QCD_Pt_600to800_TuneCP5_13TeV_pythia8/MINIAODSIM/106X_mcRun2_asymptotic_v17-v1/270000/0B7D6E7F-D36C-5E43-ACBA-15661CD0FF73.root?tried=.
%MSG
11-Jun-2024 09:25:34 CEST  Fallback request to file root://xrootd-cms.infn.it//store/mc/RunIISummer20UL16MiniAODv2/QCD_Pt_600to800_TuneCP5_13TeV_pythia8/MINIAODSIM/106X_mcRun2_asymptotic_v17-v1/270000/0B7D6E7F-D36C-5E43-ACBA-15661CD0FF73.root
Unable to load sec.protocol plugin libXrdSecztn.so
%MSG-w XrdAdaptor:  file_open 11-Jun-2024 09:25:50 CEST PostProcessEvent
Data is served from fnal.gov instead of original site infn.it
%MSG
11-Jun-2024 09:25:51 CEST  Successfully opened file root://xrootd-cms.infn.it//store/mc/RunIISummer20UL16MiniAODv2/QCD_Pt_600to800_TuneCP5_13TeV_pythia8/MINIAODSIM/106X_mcRun2_asymptotic_v17-v1/270000/0B7D6E7F-D36C-5E43-ACBA-15661CD0FF73.root
Unable to load sec.protocol plugin libXrdSecztn.so
Begin processing the 200001st record. Run 1, Event 246003, LumiSection 247 on stream 0 at 11-Jun-2024 09:25:58.875 CEST
11-Jun-2024 09:25:59 CEST  Closed file root://xrootd-cms.infn.it//store/mc/RunIISummer20UL16MiniAODv2/QCD_Pt_600to800_TuneCP5_13TeV_pythia8/MINIAODSIM/106X_mcRun2_asymptotic_v17-v1/270000/0B7D6E7F-D36C-5E43-ACBA-15661CD0FF73.root
11-Jun-2024 09:25:59 CEST  Initiating request to open file root://eoscms.cern.ch//eos/cms/store/mc/RunIISummer20UL16MiniAODv2/QCD_Pt_600to800_TuneCP5_13TeV_pythia8/MINIAODSIM/106X_mcRun2_asymptotic_v17-v1/270000/73F6DCBB-0393-9747-A107-768D5D8D942A.root
%MSG-w XrdAdaptorInternal:  file_open 11-Jun-2024 09:26:00 CEST PostProcessEvent
Failed to open file at URL root://eoscms.cern.ch:1094//eos/cms/store/mc/RunIISummer20UL16MiniAODv2/QCD_Pt_600to800_TuneCP5_13TeV_pythia8/MINIAODSIM/106X_mcRun2_asymptotic_v17-v1/270000/73F6DCBB-0393-9747-A107-768D5D8D942A.root.
%MSG
%MSG-w XrdAdaptorInternal:  file_open 11-Jun-2024 09:26:00 CEST PostProcessEvent
Failed to open file at URL root://eoscms.cern.ch:1094//eos/cms/store/mc/RunIISummer20UL16MiniAODv2/QCD_Pt_600to800_TuneCP5_13TeV_pythia8/MINIAODSIM/106X_mcRun2_asymptotic_v17-v1/270000/73F6DCBB-0393-9747-A107-768D5D8D942A.root?tried=.
%MSG
11-Jun-2024 09:26:00 CEST  Fallback request to file root://xrootd-cms.infn.it//store/mc/RunIISummer20UL16MiniAODv2/QCD_Pt_600to800_TuneCP5_13TeV_pythia8/MINIAODSIM/106X_mcRun2_asymptotic_v17-v1/270000/73F6DCBB-0393-9747-A107-768D5D8D942A.root
Unable to load sec.protocol plugin libXrdSecztn.so
%MSG-w XrdAdaptor:  file_open 11-Jun-2024 09:26:15 CEST PostProcessEvent
Data is served from fnal.gov instead of original site infn.it
%MSG
11-Jun-2024 09:26:15 CEST  Successfully opened file root://xrootd-cms.infn.it//store/mc/RunIISummer20UL16MiniAODv2/QCD_Pt_600to800_TuneCP5_13TeV_pythia8/MINIAODSIM/106X_mcRun2_asymptotic_v17-v1/270000/73F6DCBB-0393-9747-A107-768D5D8D942A.root
11-Jun-2024 09:26:23 CEST  Closed file root://xrootd-cms.infn.it//store/mc/RunIISummer20UL16MiniAODv2/QCD_Pt_600to800_TuneCP5_13TeV_pythia8/MINIAODSIM/106X_mcRun2_asymptotic_v17-v1/270000/73F6DCBB-0393-9747-A107-768D5D8D942A.root
11-Jun-2024 09:26:23 CEST  Initiating request to open file root://eoscms.cern.ch//eos/cms/store/mc/RunIISummer20UL16MiniAODv2/QCD_Pt_600to800_TuneCP5_13TeV_pythia8/MINIAODSIM/106X_mcRun2_asymptotic_v17-v1/270000/5B1AB762-B4D1-E149-B19F-A36B205EFC0E.root
%MSG-w XrdAdaptorInternal:  file_open 11-Jun-2024 09:26:24 CEST PostProcessEvent
Failed to open file at URL root://eoscms.cern.ch:1094//eos/cms/store/mc/RunIISummer20UL16MiniAODv2/QCD_Pt_600to800_TuneCP5_13TeV_pythia8/MINIAODSIM/106X_mcRun2_asymptotic_v17-v1/270000/5B1AB762-B4D1-E149-B19F-A36B205EFC0E.root.
%MSG
%MSG-w XrdAdaptorInternal:  file_open 11-Jun-2024 09:26:24 CEST PostProcessEvent
Failed to open file at URL root://eoscms.cern.ch:1094//eos/cms/store/mc/RunIISummer20UL16MiniAODv2/QCD_Pt_600to800_TuneCP5_13TeV_pythia8/MINIAODSIM/106X_mcRun2_asymptotic_v17-v1/270000/5B1AB762-B4D1-E149-B19F-A36B205EFC0E.root?tried=.
%MSG
11-Jun-2024 09:26:24 CEST  Fallback request to file root://xrootd-cms.infn.it//store/mc/RunIISummer20UL16MiniAODv2/QCD_Pt_600to800_TuneCP5_13TeV_pythia8/MINIAODSIM/106X_mcRun2_asymptotic_v17-v1/270000/5B1AB762-B4D1-E149-B19F-A36B205EFC0E.root
%MSG-w XrdAdaptor:  file_open 11-Jun-2024 09:26:38 CEST PostProcessEvent
Data is served from fnal.gov instead of original site infn.it
%MSG
11-Jun-2024 09:26:39 CEST  Successfully opened file root://xrootd-cms.infn.it//store/mc/RunIISummer20UL16MiniAODv2/QCD_Pt_600to800_TuneCP5_13TeV_pythia8/MINIAODSIM/106X_mcRun2_asymptotic_v17-v1/270000/5B1AB762-B4D1-E149-B19F-A36B205EFC0E.root
Begin processing the 300001st record. Run 1, Event 32922005, LumiSection 32923 on stream 0 at 11-Jun-2024 09:26:45.728 CEST
11-Jun-2024 09:26:46 CEST  Closed file root://xrootd-cms.infn.it//store/mc/RunIISummer20UL16MiniAODv2/QCD_Pt_600to800_TuneCP5_13TeV_pythia8/MINIAODSIM/106X_mcRun2_asymptotic_v17-v1/270000/5B1AB762-B4D1-E149-B19F-A36B205EFC0E.root
11-Jun-2024 09:26:46 CEST  Initiating request to open file root://eoscms.cern.ch//eos/cms/store/mc/RunIISummer20UL16MiniAODv2/QCD_Pt_600to800_TuneCP5_13TeV_pythia8/MINIAODSIM/106X_mcRun2_asymptotic_v17-v1/270000/83262FAD-1120-8746-B26A-6A5569002002.root
%MSG-w XrdAdaptorInternal:  file_open 11-Jun-2024 09:26:47 CEST PostProcessEvent
Failed to open file at URL root://eoscms.cern.ch:1094//eos/cms/store/mc/RunIISummer20UL16MiniAODv2/QCD_Pt_600to800_TuneCP5_13TeV_pythia8/MINIAODSIM/106X_mcRun2_asymptotic_v17-v1/270000/83262FAD-1120-8746-B26A-6A5569002002.root.
%MSG
%MSG-w XrdAdaptorInternal:  file_open 11-Jun-2024 09:26:47 CEST PostProcessEvent
Failed to open file at URL root://eoscms.cern.ch:1094//eos/cms/store/mc/RunIISummer20UL16MiniAODv2/QCD_Pt_600to800_TuneCP5_13TeV_pythia8/MINIAODSIM/106X_mcRun2_asymptotic_v17-v1/270000/83262FAD-1120-8746-B26A-6A5569002002.root?tried=.
%MSG
11-Jun-2024 09:26:47 CEST  Fallback request to file root://xrootd-cms.infn.it//store/mc/RunIISummer20UL16MiniAODv2/QCD_Pt_600to800_TuneCP5_13TeV_pythia8/MINIAODSIM/106X_mcRun2_asymptotic_v17-v1/270000/83262FAD-1120-8746-B26A-6A5569002002.root
%MSG-w XrdAdaptor:  file_open 11-Jun-2024 09:27:01 CEST PostProcessEvent
Data is served from fnal.gov instead of original site infn.it
%MSG
11-Jun-2024 09:27:01 CEST  Successfully opened file root://xrootd-cms.infn.it//store/mc/RunIISummer20UL16MiniAODv2/QCD_Pt_600to800_TuneCP5_13TeV_pythia8/MINIAODSIM/106X_mcRun2_asymptotic_v17-v1/270000/83262FAD-1120-8746-B26A-6A5569002002.root
11-Jun-2024 09:27:09 CEST  Closed file root://xrootd-cms.infn.it//store/mc/RunIISummer20UL16MiniAODv2/QCD_Pt_600to800_TuneCP5_13TeV_pythia8/MINIAODSIM/106X_mcRun2_asymptotic_v17-v1/270000/83262FAD-1120-8746-B26A-6A5569002002.root
11-Jun-2024 09:27:09 CEST  Initiating request to open file root://eoscms.cern.ch//eos/cms/store/mc/RunIISummer20UL16MiniAODv2/QCD_Pt_600to800_TuneCP5_13TeV_pythia8/MINIAODSIM/106X_mcRun2_asymptotic_v17-v1/270000/B4D5F573-9D79-5443-AE5C-14867E4A8E80.root
%MSG-w XrdAdaptorInternal:  file_open 11-Jun-2024 09:27:10 CEST PostProcessEvent
Failed to open file at URL root://eoscms.cern.ch:1094//eos/cms/store/mc/RunIISummer20UL16MiniAODv2/QCD_Pt_600to800_TuneCP5_13TeV_pythia8/MINIAODSIM/106X_mcRun2_asymptotic_v17-v1/270000/B4D5F573-9D79-5443-AE5C-14867E4A8E80.root.
%MSG
%MSG-w XrdAdaptorInternal:  file_open 11-Jun-2024 09:27:10 CEST PostProcessEvent
Failed to open file at URL root://eoscms.cern.ch:1094//eos/cms/store/mc/RunIISummer20UL16MiniAODv2/QCD_Pt_600to800_TuneCP5_13TeV_pythia8/MINIAODSIM/106X_mcRun2_asymptotic_v17-v1/270000/B4D5F573-9D79-5443-AE5C-14867E4A8E80.root?tried=.
%MSG
11-Jun-2024 09:27:10 CEST  Fallback request to file root://xrootd-cms.infn.it//store/mc/RunIISummer20UL16MiniAODv2/QCD_Pt_600to800_TuneCP5_13TeV_pythia8/MINIAODSIM/106X_mcRun2_asymptotic_v17-v1/270000/B4D5F573-9D79-5443-AE5C-14867E4A8E80.root
%MSG-w XrdAdaptor:  file_open 11-Jun-2024 09:27:24 CEST PostProcessEvent
Data is served from fnal.gov instead of original site infn.it
%MSG
11-Jun-2024 09:27:24 CEST  Successfully opened file root://xrootd-cms.infn.it//store/mc/RunIISummer20UL16MiniAODv2/QCD_Pt_600to800_TuneCP5_13TeV_pythia8/MINIAODSIM/106X_mcRun2_asymptotic_v17-v1/270000/B4D5F573-9D79-5443-AE5C-14867E4A8E80.root
Begin processing the 400001st record. Run 1, Event 20088015, LumiSection 20089 on stream 0 at 11-Jun-2024 09:27:33.436 CEST
11-Jun-2024 09:27:34 CEST  Closed file root://xrootd-cms.infn.it//store/mc/RunIISummer20UL16MiniAODv2/QCD_Pt_600to800_TuneCP5_13TeV_pythia8/MINIAODSIM/106X_mcRun2_asymptotic_v17-v1/270000/B4D5F573-9D79-5443-AE5C-14867E4A8E80.root
11-Jun-2024 09:27:34 CEST  Initiating request to open file root://eoscms.cern.ch//eos/cms/store/mc/RunIISummer20UL16MiniAODv2/QCD_Pt_600to800_TuneCP5_13TeV_pythia8/MINIAODSIM/106X_mcRun2_asymptotic_v17-v1/270000/8504EC0A-1388-8544-AD3E-DC5727703D86.root
%MSG-w XrdAdaptorInternal:  file_open 11-Jun-2024 09:27:35 CEST PostProcessEvent
Failed to open file at URL root://eoscms.cern.ch:1094//eos/cms/store/mc/RunIISummer20UL16MiniAODv2/QCD_Pt_600to800_TuneCP5_13TeV_pythia8/MINIAODSIM/106X_mcRun2_asymptotic_v17-v1/270000/8504EC0A-1388-8544-AD3E-DC5727703D86.root.
%MSG
%MSG-w XrdAdaptorInternal:  file_open 11-Jun-2024 09:27:35 CEST PostProcessEvent
Failed to open file at URL root://eoscms.cern.ch:1094//eos/cms/store/mc/RunIISummer20UL16MiniAODv2/QCD_Pt_600to800_TuneCP5_13TeV_pythia8/MINIAODSIM/106X_mcRun2_asymptotic_v17-v1/270000/8504EC0A-1388-8544-AD3E-DC5727703D86.root?tried=.
%MSG
11-Jun-2024 09:27:35 CEST  Fallback request to file root://xrootd-cms.infn.it//store/mc/RunIISummer20UL16MiniAODv2/QCD_Pt_600to800_TuneCP5_13TeV_pythia8/MINIAODSIM/106X_mcRun2_asymptotic_v17-v1/270000/8504EC0A-1388-8544-AD3E-DC5727703D86.root
%MSG-w XrdAdaptor:  file_open 11-Jun-2024 09:27:48 CEST PostProcessEvent
Data is served from fnal.gov instead of original site infn.it
%MSG
11-Jun-2024 09:27:48 CEST  Successfully opened file root://xrootd-cms.infn.it//store/mc/RunIISummer20UL16MiniAODv2/QCD_Pt_600to800_TuneCP5_13TeV_pythia8/MINIAODSIM/106X_mcRun2_asymptotic_v17-v1/270000/8504EC0A-1388-8544-AD3E-DC5727703D86.root
11-Jun-2024 09:27:57 CEST  Closed file root://xrootd-cms.infn.it//store/mc/RunIISummer20UL16MiniAODv2/QCD_Pt_600to800_TuneCP5_13TeV_pythia8/MINIAODSIM/106X_mcRun2_asymptotic_v17-v1/270000/8504EC0A-1388-8544-AD3E-DC5727703D86.root
11-Jun-2024 09:27:57 CEST  Initiating request to open file root://eoscms.cern.ch//eos/cms/store/mc/RunIISummer20UL16MiniAODv2/QCD_Pt_600to800_TuneCP5_13TeV_pythia8/MINIAODSIM/106X_mcRun2_asymptotic_v17-v1/270000/31BDC40B-C7C6-0046-9907-6344C9A591DA.root
%MSG-w XrdAdaptorInternal:  file_open 11-Jun-2024 09:27:58 CEST PostProcessEvent
Failed to open file at URL root://eoscms.cern.ch:1094//eos/cms/store/mc/RunIISummer20UL16MiniAODv2/QCD_Pt_600to800_TuneCP5_13TeV_pythia8/MINIAODSIM/106X_mcRun2_asymptotic_v17-v1/270000/31BDC40B-C7C6-0046-9907-6344C9A591DA.root.
%MSG
%MSG-w XrdAdaptorInternal:  file_open 11-Jun-2024 09:27:58 CEST PostProcessEvent
Failed to open file at URL root://eoscms.cern.ch:1094//eos/cms/store/mc/RunIISummer20UL16MiniAODv2/QCD_Pt_600to800_TuneCP5_13TeV_pythia8/MINIAODSIM/106X_mcRun2_asymptotic_v17-v1/270000/31BDC40B-C7C6-0046-9907-6344C9A591DA.root?tried=.
%MSG
11-Jun-2024 09:27:58 CEST  Fallback request to file root://xrootd-cms.infn.it//store/mc/RunIISummer20UL16MiniAODv2/QCD_Pt_600to800_TuneCP5_13TeV_pythia8/MINIAODSIM/106X_mcRun2_asymptotic_v17-v1/270000/31BDC40B-C7C6-0046-9907-6344C9A591DA.root
%MSG-w XrdAdaptor:  file_open 11-Jun-2024 09:28:11 CEST PostProcessEvent
Data is served from fnal.gov instead of original site infn.it
%MSG
11-Jun-2024 09:28:11 CEST  Successfully opened file root://xrootd-cms.infn.it//store/mc/RunIISummer20UL16MiniAODv2/QCD_Pt_600to800_TuneCP5_13TeV_pythia8/MINIAODSIM/106X_mcRun2_asymptotic_v17-v1/270000/31BDC40B-C7C6-0046-9907-6344C9A591DA.root
Begin processing the 500001st record. Run 1, Event 35590009, LumiSection 35591 on stream 0 at 11-Jun-2024 09:28:19.938 CEST
11-Jun-2024 09:28:20 CEST  Closed file root://xrootd-cms.infn.it//store/mc/RunIISummer20UL16MiniAODv2/QCD_Pt_600to800_TuneCP5_13TeV_pythia8/MINIAODSIM/106X_mcRun2_asymptotic_v17-v1/270000/31BDC40B-C7C6-0046-9907-6344C9A591DA.root
11-Jun-2024 09:28:20 CEST  Initiating request to open file root://eoscms.cern.ch//eos/cms/store/mc/RunIISummer20UL16MiniAODv2/QCD_Pt_600to800_TuneCP5_13TeV_pythia8/MINIAODSIM/106X_mcRun2_asymptotic_v17-v1/270000/3272C66F-FB6A-8440-9AD5-C837AD7A5356.root
%MSG-w XrdAdaptorInternal:  file_open 11-Jun-2024 09:28:21 CEST PostProcessEvent
Failed to open file at URL root://eoscms.cern.ch:1094//eos/cms/store/mc/RunIISummer20UL16MiniAODv2/QCD_Pt_600to800_TuneCP5_13TeV_pythia8/MINIAODSIM/106X_mcRun2_asymptotic_v17-v1/270000/3272C66F-FB6A-8440-9AD5-C837AD7A5356.root.
%MSG
%MSG-w XrdAdaptorInternal:  file_open 11-Jun-2024 09:28:21 CEST PostProcessEvent
Failed to open file at URL root://eoscms.cern.ch:1094//eos/cms/store/mc/RunIISummer20UL16MiniAODv2/QCD_Pt_600to800_TuneCP5_13TeV_pythia8/MINIAODSIM/106X_mcRun2_asymptotic_v17-v1/270000/3272C66F-FB6A-8440-9AD5-C837AD7A5356.root?tried=.
%MSG
11-Jun-2024 09:28:21 CEST  Fallback request to file root://xrootd-cms.infn.it//store/mc/RunIISummer20UL16MiniAODv2/QCD_Pt_600to800_TuneCP5_13TeV_pythia8/MINIAODSIM/106X_mcRun2_asymptotic_v17-v1/270000/3272C66F-FB6A-8440-9AD5-C837AD7A5356.root
%MSG-w XrdAdaptor:  file_open 11-Jun-2024 09:28:33 CEST PostProcessEvent
Data is served from fnal.gov instead of original site infn.it
%MSG
11-Jun-2024 09:28:33 CEST  Successfully opened file root://xrootd-cms.infn.it//store/mc/RunIISummer20UL16MiniAODv2/QCD_Pt_600to800_TuneCP5_13TeV_pythia8/MINIAODSIM/106X_mcRun2_asymptotic_v17-v1/270000/3272C66F-FB6A-8440-9AD5-C837AD7A5356.root
11-Jun-2024 09:28:44 CEST  Closed file root://xrootd-cms.infn.it//store/mc/RunIISummer20UL16MiniAODv2/QCD_Pt_600to800_TuneCP5_13TeV_pythia8/MINIAODSIM/106X_mcRun2_asymptotic_v17-v1/270000/3272C66F-FB6A-8440-9AD5-C837AD7A5356.root
11-Jun-2024 09:28:44 CEST  Initiating request to open file root://eoscms.cern.ch//eos/cms/store/mc/RunIISummer20UL16MiniAODv2/QCD_Pt_600to800_TuneCP5_13TeV_pythia8/MINIAODSIM/106X_mcRun2_asymptotic_v17-v1/270000/806E295D-53B3-FD40-89C1-1B0B2C941E3B.root
%MSG-w XrdAdaptorInternal:  file_open 11-Jun-2024 09:28:45 CEST PostProcessEvent
Failed to open file at URL root://eoscms.cern.ch:1094//eos/cms/store/mc/RunIISummer20UL16MiniAODv2/QCD_Pt_600to800_TuneCP5_13TeV_pythia8/MINIAODSIM/106X_mcRun2_asymptotic_v17-v1/270000/806E295D-53B3-FD40-89C1-1B0B2C941E3B.root.
%MSG
%MSG-w XrdAdaptorInternal:  file_open 11-Jun-2024 09:28:45 CEST PostProcessEvent
Failed to open file at URL root://eoscms.cern.ch:1094//eos/cms/store/mc/RunIISummer20UL16MiniAODv2/QCD_Pt_600to800_TuneCP5_13TeV_pythia8/MINIAODSIM/106X_mcRun2_asymptotic_v17-v1/270000/806E295D-53B3-FD40-89C1-1B0B2C941E3B.root?tried=.
%MSG
11-Jun-2024 09:28:45 CEST  Fallback request to file root://xrootd-cms.infn.it//store/mc/RunIISummer20UL16MiniAODv2/QCD_Pt_600to800_TuneCP5_13TeV_pythia8/MINIAODSIM/106X_mcRun2_asymptotic_v17-v1/270000/806E295D-53B3-FD40-89C1-1B0B2C941E3B.root
%MSG-w XrdAdaptor:  file_open 11-Jun-2024 09:28:57 CEST PostProcessEvent
Data is served from fnal.gov instead of original site infn.it
%MSG
11-Jun-2024 09:28:57 CEST  Successfully opened file root://xrootd-cms.infn.it//store/mc/RunIISummer20UL16MiniAODv2/QCD_Pt_600to800_TuneCP5_13TeV_pythia8/MINIAODSIM/106X_mcRun2_asymptotic_v17-v1/270000/806E295D-53B3-FD40-89C1-1B0B2C941E3B.root
11-Jun-2024 09:29:05 CEST  Closed file root://xrootd-cms.infn.it//store/mc/RunIISummer20UL16MiniAODv2/QCD_Pt_600to800_TuneCP5_13TeV_pythia8/MINIAODSIM/106X_mcRun2_asymptotic_v17-v1/270000/806E295D-53B3-FD40-89C1-1B0B2C941E3B.root
11-Jun-2024 09:29:05 CEST  Initiating request to open file root://eoscms.cern.ch//eos/cms/store/mc/RunIISummer20UL16MiniAODv2/QCD_Pt_600to800_TuneCP5_13TeV_pythia8/MINIAODSIM/106X_mcRun2_asymptotic_v17-v1/270000/2D4A1522-3ED3-8B4E-8F01-77B3A0B101C6.root
%MSG-w XrdAdaptorInternal:  file_open 11-Jun-2024 09:29:06 CEST PostProcessEvent
Failed to open file at URL root://eoscms.cern.ch:1094//eos/cms/store/mc/RunIISummer20UL16MiniAODv2/QCD_Pt_600to800_TuneCP5_13TeV_pythia8/MINIAODSIM/106X_mcRun2_asymptotic_v17-v1/270000/2D4A1522-3ED3-8B4E-8F01-77B3A0B101C6.root.
%MSG
%MSG-w XrdAdaptorInternal:  file_open 11-Jun-2024 09:29:06 CEST PostProcessEvent
Failed to open file at URL root://eoscms.cern.ch:1094//eos/cms/store/mc/RunIISummer20UL16MiniAODv2/QCD_Pt_600to800_TuneCP5_13TeV_pythia8/MINIAODSIM/106X_mcRun2_asymptotic_v17-v1/270000/2D4A1522-3ED3-8B4E-8F01-77B3A0B101C6.root?tried=.
%MSG
11-Jun-2024 09:29:06 CEST  Fallback request to file root://xrootd-cms.infn.it//store/mc/RunIISummer20UL16MiniAODv2/QCD_Pt_600to800_TuneCP5_13TeV_pythia8/MINIAODSIM/106X_mcRun2_asymptotic_v17-v1/270000/2D4A1522-3ED3-8B4E-8F01-77B3A0B101C6.root
%MSG-w XrdAdaptor:  file_open 11-Jun-2024 09:29:19 CEST PostProcessEvent
Data is served from fnal.gov instead of original site infn.it
%MSG
11-Jun-2024 09:29:20 CEST  Successfully opened file root://xrootd-cms.infn.it//store/mc/RunIISummer20UL16MiniAODv2/QCD_Pt_600to800_TuneCP5_13TeV_pythia8/MINIAODSIM/106X_mcRun2_asymptotic_v17-v1/270000/2D4A1522-3ED3-8B4E-8F01-77B3A0B101C6.root
Begin processing the 600001st record. Run 1, Event 24742012, LumiSection 24743 on stream 0 at 11-Jun-2024 09:29:26.450 CEST
11-Jun-2024 09:29:27 CEST  Closed file root://xrootd-cms.infn.it//store/mc/RunIISummer20UL16MiniAODv2/QCD_Pt_600to800_TuneCP5_13TeV_pythia8/MINIAODSIM/106X_mcRun2_asymptotic_v17-v1/270000/2D4A1522-3ED3-8B4E-8F01-77B3A0B101C6.root
11-Jun-2024 09:29:27 CEST  Initiating request to open file root://eoscms.cern.ch//eos/cms/store/mc/RunIISummer20UL16MiniAODv2/QCD_Pt_600to800_TuneCP5_13TeV_pythia8/MINIAODSIM/106X_mcRun2_asymptotic_v17-v1/270000/5FF22509-4C1E-0346-A6BE-5F41B5B8517F.root
%MSG-w XrdAdaptorInternal:  file_open 11-Jun-2024 09:29:28 CEST PostProcessEvent
Failed to open file at URL root://eoscms.cern.ch:1094//eos/cms/store/mc/RunIISummer20UL16MiniAODv2/QCD_Pt_600to800_TuneCP5_13TeV_pythia8/MINIAODSIM/106X_mcRun2_asymptotic_v17-v1/270000/5FF22509-4C1E-0346-A6BE-5F41B5B8517F.root.
%MSG
%MSG-w XrdAdaptorInternal:  file_open 11-Jun-2024 09:29:28 CEST PostProcessEvent
Failed to open file at URL root://eoscms.cern.ch:1094//eos/cms/store/mc/RunIISummer20UL16MiniAODv2/QCD_Pt_600to800_TuneCP5_13TeV_pythia8/MINIAODSIM/106X_mcRun2_asymptotic_v17-v1/270000/5FF22509-4C1E-0346-A6BE-5F41B5B8517F.root?tried=.
%MSG
11-Jun-2024 09:29:28 CEST  Fallback request to file root://xrootd-cms.infn.it//store/mc/RunIISummer20UL16MiniAODv2/QCD_Pt_600to800_TuneCP5_13TeV_pythia8/MINIAODSIM/106X_mcRun2_asymptotic_v17-v1/270000/5FF22509-4C1E-0346-A6BE-5F41B5B8517F.root
%MSG-w XrdAdaptor:  file_open 11-Jun-2024 09:29:41 CEST PostProcessEvent
Data is served from fnal.gov instead of original site infn.it
%MSG
11-Jun-2024 09:29:41 CEST  Successfully opened file root://xrootd-cms.infn.it//store/mc/RunIISummer20UL16MiniAODv2/QCD_Pt_600to800_TuneCP5_13TeV_pythia8/MINIAODSIM/106X_mcRun2_asymptotic_v17-v1/270000/5FF22509-4C1E-0346-A6BE-5F41B5B8517F.root
11-Jun-2024 09:29:50 CEST  Closed file root://xrootd-cms.infn.it//store/mc/RunIISummer20UL16MiniAODv2/QCD_Pt_600to800_TuneCP5_13TeV_pythia8/MINIAODSIM/106X_mcRun2_asymptotic_v17-v1/270000/5FF22509-4C1E-0346-A6BE-5F41B5B8517F.root
11-Jun-2024 09:29:50 CEST  Initiating request to open file root://eoscms.cern.ch//eos/cms/store/mc/RunIISummer20UL16MiniAODv2/QCD_Pt_600to800_TuneCP5_13TeV_pythia8/MINIAODSIM/106X_mcRun2_asymptotic_v17-v1/270000/94CD5D89-451A-0541-A07C-A0D8AFC54288.root
%MSG-w XrdAdaptorInternal:  file_open 11-Jun-2024 09:29:51 CEST PostProcessEvent
Failed to open file at URL root://eoscms.cern.ch:1094//eos/cms/store/mc/RunIISummer20UL16MiniAODv2/QCD_Pt_600to800_TuneCP5_13TeV_pythia8/MINIAODSIM/106X_mcRun2_asymptotic_v17-v1/270000/94CD5D89-451A-0541-A07C-A0D8AFC54288.root.
%MSG
%MSG-w XrdAdaptorInternal:  file_open 11-Jun-2024 09:29:51 CEST PostProcessEvent
Failed to open file at URL root://eoscms.cern.ch:1094//eos/cms/store/mc/RunIISummer20UL16MiniAODv2/QCD_Pt_600to800_TuneCP5_13TeV_pythia8/MINIAODSIM/106X_mcRun2_asymptotic_v17-v1/270000/94CD5D89-451A-0541-A07C-A0D8AFC54288.root?tried=.
%MSG
11-Jun-2024 09:29:51 CEST  Fallback request to file root://xrootd-cms.infn.it//store/mc/RunIISummer20UL16MiniAODv2/QCD_Pt_600to800_TuneCP5_13TeV_pythia8/MINIAODSIM/106X_mcRun2_asymptotic_v17-v1/270000/94CD5D89-451A-0541-A07C-A0D8AFC54288.root
%MSG-w XrdAdaptor:  file_open 11-Jun-2024 09:30:04 CEST PostProcessEvent
Data is served from fnal.gov instead of original site infn.it
%MSG
11-Jun-2024 09:30:05 CEST  Successfully opened file root://xrootd-cms.infn.it//store/mc/RunIISummer20UL16MiniAODv2/QCD_Pt_600to800_TuneCP5_13TeV_pythia8/MINIAODSIM/106X_mcRun2_asymptotic_v17-v1/270000/94CD5D89-451A-0541-A07C-A0D8AFC54288.root
Begin processing the 700001st record. Run 1, Event 24496004, LumiSection 24497 on stream 0 at 11-Jun-2024 09:30:11.777 CEST
11-Jun-2024 09:30:13 CEST  Closed file root://xrootd-cms.infn.it//store/mc/RunIISummer20UL16MiniAODv2/QCD_Pt_600to800_TuneCP5_13TeV_pythia8/MINIAODSIM/106X_mcRun2_asymptotic_v17-v1/270000/94CD5D89-451A-0541-A07C-A0D8AFC54288.root
11-Jun-2024 09:30:13 CEST  Initiating request to open file root://eoscms.cern.ch//eos/cms/store/mc/RunIISummer20UL16MiniAODv2/QCD_Pt_600to800_TuneCP5_13TeV_pythia8/MINIAODSIM/106X_mcRun2_asymptotic_v17-v1/270000/B669A9D8-4A8B-E947-B160-49DA11E7CFF0.root
%MSG-w XrdAdaptorInternal:  file_open 11-Jun-2024 09:30:14 CEST PostProcessEvent
Failed to open file at URL root://eoscms.cern.ch:1094//eos/cms/store/mc/RunIISummer20UL16MiniAODv2/QCD_Pt_600to800_TuneCP5_13TeV_pythia8/MINIAODSIM/106X_mcRun2_asymptotic_v17-v1/270000/B669A9D8-4A8B-E947-B160-49DA11E7CFF0.root.
%MSG
%MSG-w XrdAdaptorInternal:  file_open 11-Jun-2024 09:30:14 CEST PostProcessEvent
Failed to open file at URL root://eoscms.cern.ch:1094//eos/cms/store/mc/RunIISummer20UL16MiniAODv2/QCD_Pt_600to800_TuneCP5_13TeV_pythia8/MINIAODSIM/106X_mcRun2_asymptotic_v17-v1/270000/B669A9D8-4A8B-E947-B160-49DA11E7CFF0.root?tried=.
%MSG
11-Jun-2024 09:30:14 CEST  Fallback request to file root://xrootd-cms.infn.it//store/mc/RunIISummer20UL16MiniAODv2/QCD_Pt_600to800_TuneCP5_13TeV_pythia8/MINIAODSIM/106X_mcRun2_asymptotic_v17-v1/270000/B669A9D8-4A8B-E947-B160-49DA11E7CFF0.root
%MSG-w XrdAdaptor:  file_open 11-Jun-2024 09:30:26 CEST PostProcessEvent
Data is served from fnal.gov instead of original site infn.it
%MSG
11-Jun-2024 09:30:27 CEST  Successfully opened file root://xrootd-cms.infn.it//store/mc/RunIISummer20UL16MiniAODv2/QCD_Pt_600to800_TuneCP5_13TeV_pythia8/MINIAODSIM/106X_mcRun2_asymptotic_v17-v1/270000/B669A9D8-4A8B-E947-B160-49DA11E7CFF0.root
11-Jun-2024 09:30:35 CEST  Closed file root://xrootd-cms.infn.it//store/mc/RunIISummer20UL16MiniAODv2/QCD_Pt_600to800_TuneCP5_13TeV_pythia8/MINIAODSIM/106X_mcRun2_asymptotic_v17-v1/270000/B669A9D8-4A8B-E947-B160-49DA11E7CFF0.root
11-Jun-2024 09:30:35 CEST  Initiating request to open file root://eoscms.cern.ch//eos/cms/store/mc/RunIISummer20UL16MiniAODv2/QCD_Pt_600to800_TuneCP5_13TeV_pythia8/MINIAODSIM/106X_mcRun2_asymptotic_v17-v1/270000/26251940-B993-B74E-B899-841D6E1453B1.root
%MSG-w XrdAdaptorInternal:  file_open 11-Jun-2024 09:30:36 CEST PostProcessEvent
Failed to open file at URL root://eoscms.cern.ch:1094//eos/cms/store/mc/RunIISummer20UL16MiniAODv2/QCD_Pt_600to800_TuneCP5_13TeV_pythia8/MINIAODSIM/106X_mcRun2_asymptotic_v17-v1/270000/26251940-B993-B74E-B899-841D6E1453B1.root.
%MSG
%MSG-w XrdAdaptorInternal:  file_open 11-Jun-2024 09:30:36 CEST PostProcessEvent
Failed to open file at URL root://eoscms.cern.ch:1094//eos/cms/store/mc/RunIISummer20UL16MiniAODv2/QCD_Pt_600to800_TuneCP5_13TeV_pythia8/MINIAODSIM/106X_mcRun2_asymptotic_v17-v1/270000/26251940-B993-B74E-B899-841D6E1453B1.root?tried=.
%MSG
11-Jun-2024 09:30:36 CEST  Fallback request to file root://xrootd-cms.infn.it//store/mc/RunIISummer20UL16MiniAODv2/QCD_Pt_600to800_TuneCP5_13TeV_pythia8/MINIAODSIM/106X_mcRun2_asymptotic_v17-v1/270000/26251940-B993-B74E-B899-841D6E1453B1.root
%MSG-w XrdAdaptor:  file_open 11-Jun-2024 09:30:48 CEST PostProcessEvent
Data is served from fnal.gov instead of original site infn.it
%MSG
11-Jun-2024 09:30:49 CEST  Successfully opened file root://xrootd-cms.infn.it//store/mc/RunIISummer20UL16MiniAODv2/QCD_Pt_600to800_TuneCP5_13TeV_pythia8/MINIAODSIM/106X_mcRun2_asymptotic_v17-v1/270000/26251940-B993-B74E-B899-841D6E1453B1.root
Begin processing the 800001st record. Run 1, Event 1012010, LumiSection 1013 on stream 0 at 11-Jun-2024 09:30:57.152 CEST
11-Jun-2024 09:30:58 CEST  Closed file root://xrootd-cms.infn.it//store/mc/RunIISummer20UL16MiniAODv2/QCD_Pt_600to800_TuneCP5_13TeV_pythia8/MINIAODSIM/106X_mcRun2_asymptotic_v17-v1/270000/26251940-B993-B74E-B899-841D6E1453B1.root
11-Jun-2024 09:30:58 CEST  Initiating request to open file root://eoscms.cern.ch//eos/cms/store/mc/RunIISummer20UL16MiniAODv2/QCD_Pt_600to800_TuneCP5_13TeV_pythia8/MINIAODSIM/106X_mcRun2_asymptotic_v17-v1/270000/2FAA0A56-6920-794A-A1C1-FD169E0359E1.root
%MSG-w XrdAdaptorInternal:  file_open 11-Jun-2024 09:30:59 CEST PostProcessEvent
Failed to open file at URL root://eoscms.cern.ch:1094//eos/cms/store/mc/RunIISummer20UL16MiniAODv2/QCD_Pt_600to800_TuneCP5_13TeV_pythia8/MINIAODSIM/106X_mcRun2_asymptotic_v17-v1/270000/2FAA0A56-6920-794A-A1C1-FD169E0359E1.root.
%MSG
%MSG-w XrdAdaptorInternal:  file_open 11-Jun-2024 09:30:59 CEST PostProcessEvent
Failed to open file at URL root://eoscms.cern.ch:1094//eos/cms/store/mc/RunIISummer20UL16MiniAODv2/QCD_Pt_600to800_TuneCP5_13TeV_pythia8/MINIAODSIM/106X_mcRun2_asymptotic_v17-v1/270000/2FAA0A56-6920-794A-A1C1-FD169E0359E1.root?tried=.
%MSG
11-Jun-2024 09:30:59 CEST  Fallback request to file root://xrootd-cms.infn.it//store/mc/RunIISummer20UL16MiniAODv2/QCD_Pt_600to800_TuneCP5_13TeV_pythia8/MINIAODSIM/106X_mcRun2_asymptotic_v17-v1/270000/2FAA0A56-6920-794A-A1C1-FD169E0359E1.root
%MSG-w XrdAdaptor:  file_open 11-Jun-2024 09:31:12 CEST PostProcessEvent
Data is served from fnal.gov instead of original site infn.it
%MSG
11-Jun-2024 09:31:13 CEST  Successfully opened file root://xrootd-cms.infn.it//store/mc/RunIISummer20UL16MiniAODv2/QCD_Pt_600to800_TuneCP5_13TeV_pythia8/MINIAODSIM/106X_mcRun2_asymptotic_v17-v1/270000/2FAA0A56-6920-794A-A1C1-FD169E0359E1.root
11-Jun-2024 09:31:21 CEST  Closed file root://xrootd-cms.infn.it//store/mc/RunIISummer20UL16MiniAODv2/QCD_Pt_600to800_TuneCP5_13TeV_pythia8/MINIAODSIM/106X_mcRun2_asymptotic_v17-v1/270000/2FAA0A56-6920-794A-A1C1-FD169E0359E1.root
11-Jun-2024 09:31:21 CEST  Initiating request to open file root://eoscms.cern.ch//eos/cms/store/mc/RunIISummer20UL16MiniAODv2/QCD_Pt_600to800_TuneCP5_13TeV_pythia8/MINIAODSIM/106X_mcRun2_asymptotic_v17-v1/270000/1475D70C-05EE-1D48-8D66-348E62687A69.root
%MSG-w XrdAdaptorInternal:  file_open 11-Jun-2024 09:31:22 CEST PostProcessEvent
Failed to open file at URL root://eoscms.cern.ch:1094//eos/cms/store/mc/RunIISummer20UL16MiniAODv2/QCD_Pt_600to800_TuneCP5_13TeV_pythia8/MINIAODSIM/106X_mcRun2_asymptotic_v17-v1/270000/1475D70C-05EE-1D48-8D66-348E62687A69.root.
%MSG
%MSG-w XrdAdaptorInternal:  file_open 11-Jun-2024 09:31:22 CEST PostProcessEvent
Failed to open file at URL root://eoscms.cern.ch:1094//eos/cms/store/mc/RunIISummer20UL16MiniAODv2/QCD_Pt_600to800_TuneCP5_13TeV_pythia8/MINIAODSIM/106X_mcRun2_asymptotic_v17-v1/270000/1475D70C-05EE-1D48-8D66-348E62687A69.root?tried=.
%MSG
11-Jun-2024 09:31:22 CEST  Fallback request to file root://xrootd-cms.infn.it//store/mc/RunIISummer20UL16MiniAODv2/QCD_Pt_600to800_TuneCP5_13TeV_pythia8/MINIAODSIM/106X_mcRun2_asymptotic_v17-v1/270000/1475D70C-05EE-1D48-8D66-348E62687A69.root
%MSG-w XrdAdaptor:  file_open 11-Jun-2024 09:31:35 CEST PostProcessEvent
Data is served from fnal.gov instead of original site infn.it
%MSG
11-Jun-2024 09:31:36 CEST  Successfully opened file root://xrootd-cms.infn.it//store/mc/RunIISummer20UL16MiniAODv2/QCD_Pt_600to800_TuneCP5_13TeV_pythia8/MINIAODSIM/106X_mcRun2_asymptotic_v17-v1/270000/1475D70C-05EE-1D48-8D66-348E62687A69.root
Begin processing the 900001st record. Run 1, Event 21670012, LumiSection 21671 on stream 0 at 11-Jun-2024 09:31:48.053 CEST
11-Jun-2024 09:31:48 CEST  Closed file root://xrootd-cms.infn.it//store/mc/RunIISummer20UL16MiniAODv2/QCD_Pt_600to800_TuneCP5_13TeV_pythia8/MINIAODSIM/106X_mcRun2_asymptotic_v17-v1/270000/1475D70C-05EE-1D48-8D66-348E62687A69.root
11-Jun-2024 09:31:48 CEST  Initiating request to open file root://eoscms.cern.ch//eos/cms/store/mc/RunIISummer20UL16MiniAODv2/QCD_Pt_600to800_TuneCP5_13TeV_pythia8/MINIAODSIM/106X_mcRun2_asymptotic_v17-v1/270000/F21D0C31-51CF-5348-9118-C6EC1B852582.root
%MSG-w XrdAdaptorInternal:  file_open 11-Jun-2024 09:31:49 CEST PostProcessEvent
Failed to open file at URL root://eoscms.cern.ch:1094//eos/cms/store/mc/RunIISummer20UL16MiniAODv2/QCD_Pt_600to800_TuneCP5_13TeV_pythia8/MINIAODSIM/106X_mcRun2_asymptotic_v17-v1/270000/F21D0C31-51CF-5348-9118-C6EC1B852582.root.
%MSG
%MSG-w XrdAdaptorInternal:  file_open 11-Jun-2024 09:31:49 CEST PostProcessEvent
Failed to open file at URL root://eoscms.cern.ch:1094//eos/cms/store/mc/RunIISummer20UL16MiniAODv2/QCD_Pt_600to800_TuneCP5_13TeV_pythia8/MINIAODSIM/106X_mcRun2_asymptotic_v17-v1/270000/F21D0C31-51CF-5348-9118-C6EC1B852582.root?tried=.
%MSG
11-Jun-2024 09:31:49 CEST  Fallback request to file root://xrootd-cms.infn.it//store/mc/RunIISummer20UL16MiniAODv2/QCD_Pt_600to800_TuneCP5_13TeV_pythia8/MINIAODSIM/106X_mcRun2_asymptotic_v17-v1/270000/F21D0C31-51CF-5348-9118-C6EC1B852582.root
%MSG-w XrdAdaptor:  file_open 11-Jun-2024 09:32:02 CEST PostProcessEvent
Data is served from fnal.gov instead of original site infn.it
%MSG
11-Jun-2024 09:32:03 CEST  Successfully opened file root://xrootd-cms.infn.it//store/mc/RunIISummer20UL16MiniAODv2/QCD_Pt_600to800_TuneCP5_13TeV_pythia8/MINIAODSIM/106X_mcRun2_asymptotic_v17-v1/270000/F21D0C31-51CF-5348-9118-C6EC1B852582.root
11-Jun-2024 09:32:11 CEST  Closed file root://xrootd-cms.infn.it//store/mc/RunIISummer20UL16MiniAODv2/QCD_Pt_600to800_TuneCP5_13TeV_pythia8/MINIAODSIM/106X_mcRun2_asymptotic_v17-v1/270000/F21D0C31-51CF-5348-9118-C6EC1B852582.root
11-Jun-2024 09:32:11 CEST  Initiating request to open file root://eoscms.cern.ch//eos/cms/store/mc/RunIISummer20UL16MiniAODv2/QCD_Pt_600to800_TuneCP5_13TeV_pythia8/MINIAODSIM/106X_mcRun2_asymptotic_v17-v1/270000/6C9E8672-B77F-8C48-9751-59ECE6A7934D.root
%MSG-w XrdAdaptorInternal:  file_open 11-Jun-2024 09:32:12 CEST PostProcessEvent
Failed to open file at URL root://eoscms.cern.ch:1094//eos/cms/store/mc/RunIISummer20UL16MiniAODv2/QCD_Pt_600to800_TuneCP5_13TeV_pythia8/MINIAODSIM/106X_mcRun2_asymptotic_v17-v1/270000/6C9E8672-B77F-8C48-9751-59ECE6A7934D.root.
%MSG
%MSG-w XrdAdaptorInternal:  file_open 11-Jun-2024 09:32:12 CEST PostProcessEvent
Failed to open file at URL root://eoscms.cern.ch:1094//eos/cms/store/mc/RunIISummer20UL16MiniAODv2/QCD_Pt_600to800_TuneCP5_13TeV_pythia8/MINIAODSIM/106X_mcRun2_asymptotic_v17-v1/270000/6C9E8672-B77F-8C48-9751-59ECE6A7934D.root?tried=.
%MSG
11-Jun-2024 09:32:12 CEST  Fallback request to file root://xrootd-cms.infn.it//store/mc/RunIISummer20UL16MiniAODv2/QCD_Pt_600to800_TuneCP5_13TeV_pythia8/MINIAODSIM/106X_mcRun2_asymptotic_v17-v1/270000/6C9E8672-B77F-8C48-9751-59ECE6A7934D.root
%MSG-w XrdAdaptor:  file_open 11-Jun-2024 09:32:24 CEST PostProcessEvent
Data is served from fnal.gov instead of original site infn.it
%MSG
11-Jun-2024 09:32:25 CEST  Successfully opened file root://xrootd-cms.infn.it//store/mc/RunIISummer20UL16MiniAODv2/QCD_Pt_600to800_TuneCP5_13TeV_pythia8/MINIAODSIM/106X_mcRun2_asymptotic_v17-v1/270000/6C9E8672-B77F-8C48-9751-59ECE6A7934D.root
11-Jun-2024 09:32:32 CEST  Closed file root://xrootd-cms.infn.it//store/mc/RunIISummer20UL16MiniAODv2/QCD_Pt_600to800_TuneCP5_13TeV_pythia8/MINIAODSIM/106X_mcRun2_asymptotic_v17-v1/270000/6C9E8672-B77F-8C48-9751-59ECE6A7934D.root

------------------------------------
GenXsecAnalyzer:
------------------------------------
Before Filter: total cross section = 1.565e+02 +- 7.429e-02 pb
Filter efficiency (taking into account weights)= (1e+06) / (1e+06) = 1.000e+00 +- 0.000e+00
Filter efficiency (event-level)= (1e+06) / (1e+06) = 1.000e+00 +- 0.000e+00    [TO BE USED IN MCM]

After filter: final cross section = 1.565e+02 +- 7.429e-02 pb
After filter: final fraction of events with negative weights = 0.000e+00 +- 0.000e+00
After filter: final equivalent lumi for 1M events (1/fb) = 6.389e+00 +- 7.072e-03

=============================================

MessageLogger Summary

 type     category        sev    module        subroutine        count    total
 ---- -------------------- -- ---------------- ----------------  -----    -----
    1 GenXSecAnalyzer      -w GenXSecAnalyzer:                       7        7
    2 XrdAdaptor           -w file_open                             22       22
    3 XrdAdaptorInternal   -w file_open                             44       44
    4 fileAction           -s file_close                            22       22
    5 fileAction           -s file_open                             66       66

 type    category    Examples: run/evt        run/evt          run/evt
 ---- -------------------- ---------------- ---------------- ----------------
    1 GenXSecAnalyzer      PostGlobalEndRun PostGlobalEndRun PostGlobalEndRun
    2 XrdAdaptor           pre-events       PostProcessEvent PostProcessEvent
    3 XrdAdaptorInternal   pre-events       pre-events       PostProcessEvent
    4 fileAction           PostProcessEvent PostProcessEvent PostGlobalEndRun
    5 fileAction           pre-events       pre-events       PostProcessEvent

Severity    # Occurrences   Total Occurrences
--------    -------------   -----------------
Warning                73                  73
System                 88                  88

dropped waiting message count 0
