11-Jun-2024 08:49:56 CEST  Initiating request to open file root://eoscms.cern.ch//eos/cms/store/mc/RunIISummer20UL16MiniAODv2/QCD_Pt_120to170_TuneCP5_13TeV_pythia8/MINIAODSIM/106X_mcRun2_asymptotic_v17-v1/130000/A747048A-951D-DD4F-ACA9-EE813F8FC53A.root
%MSG-w XrdAdaptorInternal:  file_open 11-Jun-2024 08:49:57 CEST pre-events
Failed to open file at URL root://eoscms.cern.ch:1094//eos/cms/store/mc/RunIISummer20UL16MiniAODv2/QCD_Pt_120to170_TuneCP5_13TeV_pythia8/MINIAODSIM/106X_mcRun2_asymptotic_v17-v1/130000/A747048A-951D-DD4F-ACA9-EE813F8FC53A.root.
%MSG
%MSG-w XrdAdaptorInternal:  file_open 11-Jun-2024 08:49:57 CEST pre-events
Failed to open file at URL root://eoscms.cern.ch:1094//eos/cms/store/mc/RunIISummer20UL16MiniAODv2/QCD_Pt_120to170_TuneCP5_13TeV_pythia8/MINIAODSIM/106X_mcRun2_asymptotic_v17-v1/130000/A747048A-951D-DD4F-ACA9-EE813F8FC53A.root?tried=.
%MSG
11-Jun-2024 08:49:57 CEST  Fallback request to file root://xrootd-cms.infn.it//store/mc/RunIISummer20UL16MiniAODv2/QCD_Pt_120to170_TuneCP5_13TeV_pythia8/MINIAODSIM/106X_mcRun2_asymptotic_v17-v1/130000/A747048A-951D-DD4F-ACA9-EE813F8FC53A.root
%MSG-w XrdAdaptor:  file_open 11-Jun-2024 08:50:12 CEST pre-events
Data is served from T2_US_Florida instead of original site T2_IT_Pisa
%MSG
11-Jun-2024 08:50:16 CEST  Successfully opened file root://xrootd-cms.infn.it//store/mc/RunIISummer20UL16MiniAODv2/QCD_Pt_120to170_TuneCP5_13TeV_pythia8/MINIAODSIM/106X_mcRun2_asymptotic_v17-v1/130000/A747048A-951D-DD4F-ACA9-EE813F8FC53A.root
Begin processing the 1st record. Run 1, Event 400014, LumiSection 401 on stream 0 at 11-Jun-2024 08:50:22.719 CEST
11-Jun-2024 08:50:24 CEST  Closed file root://xrootd-cms.infn.it//store/mc/RunIISummer20UL16MiniAODv2/QCD_Pt_120to170_TuneCP5_13TeV_pythia8/MINIAODSIM/106X_mcRun2_asymptotic_v17-v1/130000/A747048A-951D-DD4F-ACA9-EE813F8FC53A.root
11-Jun-2024 08:50:24 CEST  Initiating request to open file root://eoscms.cern.ch//eos/cms/store/mc/RunIISummer20UL16MiniAODv2/QCD_Pt_120to170_TuneCP5_13TeV_pythia8/MINIAODSIM/106X_mcRun2_asymptotic_v17-v1/130000/CD1ED6D0-BD67-3B42-9F30-0049AB085ACE.root
%MSG-w XrdAdaptorInternal:  file_open 11-Jun-2024 08:50:25 CEST PostProcessEvent
Failed to open file at URL root://eoscms.cern.ch:1094//eos/cms/store/mc/RunIISummer20UL16MiniAODv2/QCD_Pt_120to170_TuneCP5_13TeV_pythia8/MINIAODSIM/106X_mcRun2_asymptotic_v17-v1/130000/CD1ED6D0-BD67-3B42-9F30-0049AB085ACE.root.
%MSG
%MSG-w XrdAdaptorInternal:  file_open 11-Jun-2024 08:50:25 CEST PostProcessEvent
Failed to open file at URL root://eoscms.cern.ch:1094//eos/cms/store/mc/RunIISummer20UL16MiniAODv2/QCD_Pt_120to170_TuneCP5_13TeV_pythia8/MINIAODSIM/106X_mcRun2_asymptotic_v17-v1/130000/CD1ED6D0-BD67-3B42-9F30-0049AB085ACE.root?tried=.
%MSG
11-Jun-2024 08:50:25 CEST  Fallback request to file root://xrootd-cms.infn.it//store/mc/RunIISummer20UL16MiniAODv2/QCD_Pt_120to170_TuneCP5_13TeV_pythia8/MINIAODSIM/106X_mcRun2_asymptotic_v17-v1/130000/CD1ED6D0-BD67-3B42-9F30-0049AB085ACE.root
%MSG-w XrdAdaptor:  file_open 11-Jun-2024 08:50:39 CEST PostProcessEvent
Data is served from T2_US_Florida instead of original site T2_IT_Pisa
%MSG
11-Jun-2024 08:50:40 CEST  Successfully opened file root://xrootd-cms.infn.it//store/mc/RunIISummer20UL16MiniAODv2/QCD_Pt_120to170_TuneCP5_13TeV_pythia8/MINIAODSIM/106X_mcRun2_asymptotic_v17-v1/130000/CD1ED6D0-BD67-3B42-9F30-0049AB085ACE.root
Begin processing the 100001st record. Run 1, Event 10692002, LumiSection 10693 on stream 0 at 11-Jun-2024 08:50:51.779 CEST
11-Jun-2024 08:50:53 CEST  Closed file root://xrootd-cms.infn.it//store/mc/RunIISummer20UL16MiniAODv2/QCD_Pt_120to170_TuneCP5_13TeV_pythia8/MINIAODSIM/106X_mcRun2_asymptotic_v17-v1/130000/CD1ED6D0-BD67-3B42-9F30-0049AB085ACE.root
11-Jun-2024 08:50:53 CEST  Initiating request to open file root://eoscms.cern.ch//eos/cms/store/mc/RunIISummer20UL16MiniAODv2/QCD_Pt_120to170_TuneCP5_13TeV_pythia8/MINIAODSIM/106X_mcRun2_asymptotic_v17-v1/70000/AE36EBDB-8828-0A47-8E53-6037C8C2B102.root
%MSG-w XrdAdaptorInternal:  file_open 11-Jun-2024 08:50:54 CEST PostProcessEvent
Failed to open file at URL root://eoscms.cern.ch:1094//eos/cms/store/mc/RunIISummer20UL16MiniAODv2/QCD_Pt_120to170_TuneCP5_13TeV_pythia8/MINIAODSIM/106X_mcRun2_asymptotic_v17-v1/70000/AE36EBDB-8828-0A47-8E53-6037C8C2B102.root.
%MSG
%MSG-w XrdAdaptorInternal:  file_open 11-Jun-2024 08:50:54 CEST PostProcessEvent
Failed to open file at URL root://eoscms.cern.ch:1094//eos/cms/store/mc/RunIISummer20UL16MiniAODv2/QCD_Pt_120to170_TuneCP5_13TeV_pythia8/MINIAODSIM/106X_mcRun2_asymptotic_v17-v1/70000/AE36EBDB-8828-0A47-8E53-6037C8C2B102.root?tried=.
%MSG
11-Jun-2024 08:50:54 CEST  Fallback request to file root://xrootd-cms.infn.it//store/mc/RunIISummer20UL16MiniAODv2/QCD_Pt_120to170_TuneCP5_13TeV_pythia8/MINIAODSIM/106X_mcRun2_asymptotic_v17-v1/70000/AE36EBDB-8828-0A47-8E53-6037C8C2B102.root
Unable to load sec.protocol plugin libXrdSecztn.so
%MSG-w XrdAdaptor:  file_open 11-Jun-2024 08:51:10 CEST PostProcessEvent
Data is served from T2_US_UCSD-ceph instead of original site T2_IT_Pisa
%MSG
11-Jun-2024 08:51:11 CEST  Successfully opened file root://xrootd-cms.infn.it//store/mc/RunIISummer20UL16MiniAODv2/QCD_Pt_120to170_TuneCP5_13TeV_pythia8/MINIAODSIM/106X_mcRun2_asymptotic_v17-v1/70000/AE36EBDB-8828-0A47-8E53-6037C8C2B102.root
Unable to load sec.protocol plugin libXrdSecztn.so
11-Jun-2024 08:51:20 CEST  Closed file root://xrootd-cms.infn.it//store/mc/RunIISummer20UL16MiniAODv2/QCD_Pt_120to170_TuneCP5_13TeV_pythia8/MINIAODSIM/106X_mcRun2_asymptotic_v17-v1/70000/AE36EBDB-8828-0A47-8E53-6037C8C2B102.root
11-Jun-2024 08:51:20 CEST  Initiating request to open file root://eoscms.cern.ch//eos/cms/store/mc/RunIISummer20UL16MiniAODv2/QCD_Pt_120to170_TuneCP5_13TeV_pythia8/MINIAODSIM/106X_mcRun2_asymptotic_v17-v1/280000/C0FB8FE2-42F7-054A-B1AD-B78F78C9E205.root
%MSG-w XrdAdaptorInternal:  file_open 11-Jun-2024 08:51:21 CEST PostProcessEvent
Failed to open file at URL root://eoscms.cern.ch:1094//eos/cms/store/mc/RunIISummer20UL16MiniAODv2/QCD_Pt_120to170_TuneCP5_13TeV_pythia8/MINIAODSIM/106X_mcRun2_asymptotic_v17-v1/280000/C0FB8FE2-42F7-054A-B1AD-B78F78C9E205.root.
%MSG
%MSG-w XrdAdaptorInternal:  file_open 11-Jun-2024 08:51:21 CEST PostProcessEvent
Failed to open file at URL root://eoscms.cern.ch:1094//eos/cms/store/mc/RunIISummer20UL16MiniAODv2/QCD_Pt_120to170_TuneCP5_13TeV_pythia8/MINIAODSIM/106X_mcRun2_asymptotic_v17-v1/280000/C0FB8FE2-42F7-054A-B1AD-B78F78C9E205.root?tried=.
%MSG
11-Jun-2024 08:51:21 CEST  Fallback request to file root://xrootd-cms.infn.it//store/mc/RunIISummer20UL16MiniAODv2/QCD_Pt_120to170_TuneCP5_13TeV_pythia8/MINIAODSIM/106X_mcRun2_asymptotic_v17-v1/280000/C0FB8FE2-42F7-054A-B1AD-B78F78C9E205.root
%MSG-w XrdAdaptor:  file_open 11-Jun-2024 08:51:33 CEST PostProcessEvent
Data is served from T2_US_Florida instead of original site T2_IT_Pisa
%MSG
11-Jun-2024 08:51:34 CEST  Successfully opened file root://xrootd-cms.infn.it//store/mc/RunIISummer20UL16MiniAODv2/QCD_Pt_120to170_TuneCP5_13TeV_pythia8/MINIAODSIM/106X_mcRun2_asymptotic_v17-v1/280000/C0FB8FE2-42F7-054A-B1AD-B78F78C9E205.root
Begin processing the 200001st record. Run 1, Event 14426002, LumiSection 14427 on stream 0 at 11-Jun-2024 08:51:39.658 CEST
11-Jun-2024 08:51:39 CEST  Closed file root://xrootd-cms.infn.it//store/mc/RunIISummer20UL16MiniAODv2/QCD_Pt_120to170_TuneCP5_13TeV_pythia8/MINIAODSIM/106X_mcRun2_asymptotic_v17-v1/280000/C0FB8FE2-42F7-054A-B1AD-B78F78C9E205.root
11-Jun-2024 08:51:39 CEST  Initiating request to open file root://eoscms.cern.ch//eos/cms/store/mc/RunIISummer20UL16MiniAODv2/QCD_Pt_120to170_TuneCP5_13TeV_pythia8/MINIAODSIM/106X_mcRun2_asymptotic_v17-v1/120000/13AC51F3-D6F2-C24E-8602-2EE74843F141.root
%MSG-w XrdAdaptorInternal:  file_open 11-Jun-2024 08:51:40 CEST PostProcessEvent
Failed to open file at URL root://eoscms.cern.ch:1094//eos/cms/store/mc/RunIISummer20UL16MiniAODv2/QCD_Pt_120to170_TuneCP5_13TeV_pythia8/MINIAODSIM/106X_mcRun2_asymptotic_v17-v1/120000/13AC51F3-D6F2-C24E-8602-2EE74843F141.root.
%MSG
%MSG-w XrdAdaptorInternal:  file_open 11-Jun-2024 08:51:40 CEST PostProcessEvent
Failed to open file at URL root://eoscms.cern.ch:1094//eos/cms/store/mc/RunIISummer20UL16MiniAODv2/QCD_Pt_120to170_TuneCP5_13TeV_pythia8/MINIAODSIM/106X_mcRun2_asymptotic_v17-v1/120000/13AC51F3-D6F2-C24E-8602-2EE74843F141.root?tried=.
%MSG
11-Jun-2024 08:51:40 CEST  Fallback request to file root://xrootd-cms.infn.it//store/mc/RunIISummer20UL16MiniAODv2/QCD_Pt_120to170_TuneCP5_13TeV_pythia8/MINIAODSIM/106X_mcRun2_asymptotic_v17-v1/120000/13AC51F3-D6F2-C24E-8602-2EE74843F141.root
%MSG-w XrdAdaptor:  file_open 11-Jun-2024 08:51:55 CEST PostProcessEvent
Data is served from T2_US_Nebraska instead of original site T2_IT_Pisa
%MSG
11-Jun-2024 08:51:56 CEST  Successfully opened file root://xrootd-cms.infn.it//store/mc/RunIISummer20UL16MiniAODv2/QCD_Pt_120to170_TuneCP5_13TeV_pythia8/MINIAODSIM/106X_mcRun2_asymptotic_v17-v1/120000/13AC51F3-D6F2-C24E-8602-2EE74843F141.root
11-Jun-2024 08:52:01 CEST  Closed file root://xrootd-cms.infn.it//store/mc/RunIISummer20UL16MiniAODv2/QCD_Pt_120to170_TuneCP5_13TeV_pythia8/MINIAODSIM/106X_mcRun2_asymptotic_v17-v1/120000/13AC51F3-D6F2-C24E-8602-2EE74843F141.root
11-Jun-2024 08:52:01 CEST  Initiating request to open file root://eoscms.cern.ch//eos/cms/store/mc/RunIISummer20UL16MiniAODv2/QCD_Pt_120to170_TuneCP5_13TeV_pythia8/MINIAODSIM/106X_mcRun2_asymptotic_v17-v1/270000/F9133DF8-8923-9341-8638-7070517F7EF5.root
%MSG-w XrdAdaptorInternal:  file_open 11-Jun-2024 08:52:02 CEST PostProcessEvent
Failed to open file at URL root://eoscms.cern.ch:1094//eos/cms/store/mc/RunIISummer20UL16MiniAODv2/QCD_Pt_120to170_TuneCP5_13TeV_pythia8/MINIAODSIM/106X_mcRun2_asymptotic_v17-v1/270000/F9133DF8-8923-9341-8638-7070517F7EF5.root.
%MSG
%MSG-w XrdAdaptorInternal:  file_open 11-Jun-2024 08:52:02 CEST PostProcessEvent
Failed to open file at URL root://eoscms.cern.ch:1094//eos/cms/store/mc/RunIISummer20UL16MiniAODv2/QCD_Pt_120to170_TuneCP5_13TeV_pythia8/MINIAODSIM/106X_mcRun2_asymptotic_v17-v1/270000/F9133DF8-8923-9341-8638-7070517F7EF5.root?tried=.
%MSG
11-Jun-2024 08:52:02 CEST  Fallback request to file root://xrootd-cms.infn.it//store/mc/RunIISummer20UL16MiniAODv2/QCD_Pt_120to170_TuneCP5_13TeV_pythia8/MINIAODSIM/106X_mcRun2_asymptotic_v17-v1/270000/F9133DF8-8923-9341-8638-7070517F7EF5.root
%MSG-w XrdAdaptor:  file_open 11-Jun-2024 08:52:19 CEST PostProcessEvent
Data is served from T2_US_Vanderbilt instead of original site T2_IT_Pisa
%MSG
11-Jun-2024 08:52:20 CEST  Successfully opened file root://xrootd-cms.infn.it//store/mc/RunIISummer20UL16MiniAODv2/QCD_Pt_120to170_TuneCP5_13TeV_pythia8/MINIAODSIM/106X_mcRun2_asymptotic_v17-v1/270000/F9133DF8-8923-9341-8638-7070517F7EF5.root
11-Jun-2024 08:52:31 CEST  Closed file root://xrootd-cms.infn.it//store/mc/RunIISummer20UL16MiniAODv2/QCD_Pt_120to170_TuneCP5_13TeV_pythia8/MINIAODSIM/106X_mcRun2_asymptotic_v17-v1/270000/F9133DF8-8923-9341-8638-7070517F7EF5.root
11-Jun-2024 08:52:31 CEST  Initiating request to open file root://eoscms.cern.ch//eos/cms/store/mc/RunIISummer20UL16MiniAODv2/QCD_Pt_120to170_TuneCP5_13TeV_pythia8/MINIAODSIM/106X_mcRun2_asymptotic_v17-v1/270000/BD42A353-FFC4-B148-8942-FFC81CD87CBD.root
%MSG-w XrdAdaptorInternal:  file_open 11-Jun-2024 08:52:32 CEST PostProcessEvent
Failed to open file at URL root://eoscms.cern.ch:1094//eos/cms/store/mc/RunIISummer20UL16MiniAODv2/QCD_Pt_120to170_TuneCP5_13TeV_pythia8/MINIAODSIM/106X_mcRun2_asymptotic_v17-v1/270000/BD42A353-FFC4-B148-8942-FFC81CD87CBD.root.
%MSG
%MSG-w XrdAdaptorInternal:  file_open 11-Jun-2024 08:52:32 CEST PostProcessEvent
Failed to open file at URL root://eoscms.cern.ch:1094//eos/cms/store/mc/RunIISummer20UL16MiniAODv2/QCD_Pt_120to170_TuneCP5_13TeV_pythia8/MINIAODSIM/106X_mcRun2_asymptotic_v17-v1/270000/BD42A353-FFC4-B148-8942-FFC81CD87CBD.root?tried=.
%MSG
11-Jun-2024 08:52:32 CEST  Fallback request to file root://xrootd-cms.infn.it//store/mc/RunIISummer20UL16MiniAODv2/QCD_Pt_120to170_TuneCP5_13TeV_pythia8/MINIAODSIM/106X_mcRun2_asymptotic_v17-v1/270000/BD42A353-FFC4-B148-8942-FFC81CD87CBD.root
[2024-06-11 08:52:47.710956 +0200][Error  ][AsyncSock         ] [g34n06.hep.wisc.edu:1094 #0.0] Unable to connect: No route to host
[2024-06-11 08:52:47.711056 +0200][Error  ][PostMaster        ] [g34n06.hep.wisc.edu:1094 #0] elapsed = 2, pConnectionWindow = 31 seconds.
%MSG-w XrdAdaptor:  file_open 11-Jun-2024 08:52:50 CEST PostProcessEvent
Data is served from T2_US_Wisconsin instead of original site T2_IT_Pisa
%MSG
11-Jun-2024 08:52:50 CEST  Successfully opened file root://xrootd-cms.infn.it//store/mc/RunIISummer20UL16MiniAODv2/QCD_Pt_120to170_TuneCP5_13TeV_pythia8/MINIAODSIM/106X_mcRun2_asymptotic_v17-v1/270000/BD42A353-FFC4-B148-8942-FFC81CD87CBD.root
Begin processing the 300001st record. Run 1, Event 23636008, LumiSection 23637 on stream 0 at 11-Jun-2024 08:52:58.781 CEST
11-Jun-2024 08:53:00 CEST  Closed file root://xrootd-cms.infn.it//store/mc/RunIISummer20UL16MiniAODv2/QCD_Pt_120to170_TuneCP5_13TeV_pythia8/MINIAODSIM/106X_mcRun2_asymptotic_v17-v1/270000/BD42A353-FFC4-B148-8942-FFC81CD87CBD.root
11-Jun-2024 08:53:00 CEST  Initiating request to open file root://eoscms.cern.ch//eos/cms/store/mc/RunIISummer20UL16MiniAODv2/QCD_Pt_120to170_TuneCP5_13TeV_pythia8/MINIAODSIM/106X_mcRun2_asymptotic_v17-v1/270000/677583E2-CB7A-8544-8C8F-55BA7C0C5E15.root
%MSG-w XrdAdaptorInternal:  file_open 11-Jun-2024 08:53:01 CEST PostProcessEvent
Failed to open file at URL root://eoscms.cern.ch:1094//eos/cms/store/mc/RunIISummer20UL16MiniAODv2/QCD_Pt_120to170_TuneCP5_13TeV_pythia8/MINIAODSIM/106X_mcRun2_asymptotic_v17-v1/270000/677583E2-CB7A-8544-8C8F-55BA7C0C5E15.root.
%MSG
%MSG-w XrdAdaptorInternal:  file_open 11-Jun-2024 08:53:01 CEST PostProcessEvent
Failed to open file at URL root://eoscms.cern.ch:1094//eos/cms/store/mc/RunIISummer20UL16MiniAODv2/QCD_Pt_120to170_TuneCP5_13TeV_pythia8/MINIAODSIM/106X_mcRun2_asymptotic_v17-v1/270000/677583E2-CB7A-8544-8C8F-55BA7C0C5E15.root?tried=.
%MSG
11-Jun-2024 08:53:01 CEST  Fallback request to file root://xrootd-cms.infn.it//store/mc/RunIISummer20UL16MiniAODv2/QCD_Pt_120to170_TuneCP5_13TeV_pythia8/MINIAODSIM/106X_mcRun2_asymptotic_v17-v1/270000/677583E2-CB7A-8544-8C8F-55BA7C0C5E15.root
%MSG-w XrdAdaptor:  file_open 11-Jun-2024 08:53:15 CEST PostProcessEvent
Data is served from T2_US_Wisconsin instead of original site T2_IT_Pisa
%MSG
11-Jun-2024 08:53:15 CEST  Successfully opened file root://xrootd-cms.infn.it//store/mc/RunIISummer20UL16MiniAODv2/QCD_Pt_120to170_TuneCP5_13TeV_pythia8/MINIAODSIM/106X_mcRun2_asymptotic_v17-v1/270000/677583E2-CB7A-8544-8C8F-55BA7C0C5E15.root
Begin processing the 400001st record. Run 1, Event 3170004, LumiSection 3171 on stream 0 at 11-Jun-2024 08:53:26.418 CEST
11-Jun-2024 08:53:27 CEST  Closed file root://xrootd-cms.infn.it//store/mc/RunIISummer20UL16MiniAODv2/QCD_Pt_120to170_TuneCP5_13TeV_pythia8/MINIAODSIM/106X_mcRun2_asymptotic_v17-v1/270000/677583E2-CB7A-8544-8C8F-55BA7C0C5E15.root
11-Jun-2024 08:53:27 CEST  Initiating request to open file root://eoscms.cern.ch//eos/cms/store/mc/RunIISummer20UL16MiniAODv2/QCD_Pt_120to170_TuneCP5_13TeV_pythia8/MINIAODSIM/106X_mcRun2_asymptotic_v17-v1/270000/CA1EA7A1-EC30-EA4E-B083-5144D9E8D8BE.root
%MSG-w XrdAdaptorInternal:  file_open 11-Jun-2024 08:53:28 CEST PostProcessEvent
Failed to open file at URL root://eoscms.cern.ch:1094//eos/cms/store/mc/RunIISummer20UL16MiniAODv2/QCD_Pt_120to170_TuneCP5_13TeV_pythia8/MINIAODSIM/106X_mcRun2_asymptotic_v17-v1/270000/CA1EA7A1-EC30-EA4E-B083-5144D9E8D8BE.root.
%MSG
%MSG-w XrdAdaptorInternal:  file_open 11-Jun-2024 08:53:28 CEST PostProcessEvent
Failed to open file at URL root://eoscms.cern.ch:1094//eos/cms/store/mc/RunIISummer20UL16MiniAODv2/QCD_Pt_120to170_TuneCP5_13TeV_pythia8/MINIAODSIM/106X_mcRun2_asymptotic_v17-v1/270000/CA1EA7A1-EC30-EA4E-B083-5144D9E8D8BE.root?tried=.
%MSG
11-Jun-2024 08:53:28 CEST  Fallback request to file root://xrootd-cms.infn.it//store/mc/RunIISummer20UL16MiniAODv2/QCD_Pt_120to170_TuneCP5_13TeV_pythia8/MINIAODSIM/106X_mcRun2_asymptotic_v17-v1/270000/CA1EA7A1-EC30-EA4E-B083-5144D9E8D8BE.root
%MSG-w XrdAdaptor:  file_open 11-Jun-2024 08:53:41 CEST PostProcessEvent
Data is served from T2_US_Wisconsin instead of original site T2_IT_Pisa
%MSG
11-Jun-2024 08:53:42 CEST  Successfully opened file root://xrootd-cms.infn.it//store/mc/RunIISummer20UL16MiniAODv2/QCD_Pt_120to170_TuneCP5_13TeV_pythia8/MINIAODSIM/106X_mcRun2_asymptotic_v17-v1/270000/CA1EA7A1-EC30-EA4E-B083-5144D9E8D8BE.root
11-Jun-2024 08:53:51 CEST  Closed file root://xrootd-cms.infn.it//store/mc/RunIISummer20UL16MiniAODv2/QCD_Pt_120to170_TuneCP5_13TeV_pythia8/MINIAODSIM/106X_mcRun2_asymptotic_v17-v1/270000/CA1EA7A1-EC30-EA4E-B083-5144D9E8D8BE.root
11-Jun-2024 08:53:51 CEST  Initiating request to open file root://eoscms.cern.ch//eos/cms/store/mc/RunIISummer20UL16MiniAODv2/QCD_Pt_120to170_TuneCP5_13TeV_pythia8/MINIAODSIM/106X_mcRun2_asymptotic_v17-v1/270000/F4AA0136-DDEA-C942-A620-B7761D6186AE.root
%MSG-w XrdAdaptorInternal:  file_open 11-Jun-2024 08:53:52 CEST PostProcessEvent
Failed to open file at URL root://eoscms.cern.ch:1094//eos/cms/store/mc/RunIISummer20UL16MiniAODv2/QCD_Pt_120to170_TuneCP5_13TeV_pythia8/MINIAODSIM/106X_mcRun2_asymptotic_v17-v1/270000/F4AA0136-DDEA-C942-A620-B7761D6186AE.root.
%MSG
%MSG-w XrdAdaptorInternal:  file_open 11-Jun-2024 08:53:52 CEST PostProcessEvent
Failed to open file at URL root://eoscms.cern.ch:1094//eos/cms/store/mc/RunIISummer20UL16MiniAODv2/QCD_Pt_120to170_TuneCP5_13TeV_pythia8/MINIAODSIM/106X_mcRun2_asymptotic_v17-v1/270000/F4AA0136-DDEA-C942-A620-B7761D6186AE.root?tried=.
%MSG
11-Jun-2024 08:53:52 CEST  Fallback request to file root://xrootd-cms.infn.it//store/mc/RunIISummer20UL16MiniAODv2/QCD_Pt_120to170_TuneCP5_13TeV_pythia8/MINIAODSIM/106X_mcRun2_asymptotic_v17-v1/270000/F4AA0136-DDEA-C942-A620-B7761D6186AE.root
%MSG-w XrdAdaptor:  file_open 11-Jun-2024 08:54:06 CEST PostProcessEvent
Data is served from T2_US_Wisconsin instead of original site T2_IT_Pisa
%MSG
11-Jun-2024 08:54:07 CEST  Successfully opened file root://xrootd-cms.infn.it//store/mc/RunIISummer20UL16MiniAODv2/QCD_Pt_120to170_TuneCP5_13TeV_pythia8/MINIAODSIM/106X_mcRun2_asymptotic_v17-v1/270000/F4AA0136-DDEA-C942-A620-B7761D6186AE.root
Begin processing the 500001st record. Run 1, Event 118007, LumiSection 119 on stream 0 at 11-Jun-2024 08:54:15.330 CEST
11-Jun-2024 08:54:19 CEST  Closed file root://xrootd-cms.infn.it//store/mc/RunIISummer20UL16MiniAODv2/QCD_Pt_120to170_TuneCP5_13TeV_pythia8/MINIAODSIM/106X_mcRun2_asymptotic_v17-v1/270000/F4AA0136-DDEA-C942-A620-B7761D6186AE.root
11-Jun-2024 08:54:19 CEST  Initiating request to open file root://eoscms.cern.ch//eos/cms/store/mc/RunIISummer20UL16MiniAODv2/QCD_Pt_120to170_TuneCP5_13TeV_pythia8/MINIAODSIM/106X_mcRun2_asymptotic_v17-v1/270000/1A423744-0FC7-3749-8983-3FD3DF459A0F.root
%MSG-w XrdAdaptorInternal:  file_open 11-Jun-2024 08:54:20 CEST PostProcessEvent
Failed to open file at URL root://eoscms.cern.ch:1094//eos/cms/store/mc/RunIISummer20UL16MiniAODv2/QCD_Pt_120to170_TuneCP5_13TeV_pythia8/MINIAODSIM/106X_mcRun2_asymptotic_v17-v1/270000/1A423744-0FC7-3749-8983-3FD3DF459A0F.root.
%MSG
%MSG-w XrdAdaptorInternal:  file_open 11-Jun-2024 08:54:20 CEST PostProcessEvent
Failed to open file at URL root://eoscms.cern.ch:1094//eos/cms/store/mc/RunIISummer20UL16MiniAODv2/QCD_Pt_120to170_TuneCP5_13TeV_pythia8/MINIAODSIM/106X_mcRun2_asymptotic_v17-v1/270000/1A423744-0FC7-3749-8983-3FD3DF459A0F.root?tried=.
%MSG
11-Jun-2024 08:54:20 CEST  Fallback request to file root://xrootd-cms.infn.it//store/mc/RunIISummer20UL16MiniAODv2/QCD_Pt_120to170_TuneCP5_13TeV_pythia8/MINIAODSIM/106X_mcRun2_asymptotic_v17-v1/270000/1A423744-0FC7-3749-8983-3FD3DF459A0F.root
%MSG-w XrdAdaptor:  file_open 11-Jun-2024 08:54:33 CEST PostProcessEvent
Data is served from T2_US_Wisconsin instead of original site T2_IT_Pisa
%MSG
11-Jun-2024 08:54:34 CEST  Successfully opened file root://xrootd-cms.infn.it//store/mc/RunIISummer20UL16MiniAODv2/QCD_Pt_120to170_TuneCP5_13TeV_pythia8/MINIAODSIM/106X_mcRun2_asymptotic_v17-v1/270000/1A423744-0FC7-3749-8983-3FD3DF459A0F.root
Begin processing the 600001st record. Run 1, Event 10376007, LumiSection 10377 on stream 0 at 11-Jun-2024 08:54:40.530 CEST
11-Jun-2024 08:54:43 CEST  Closed file root://xrootd-cms.infn.it//store/mc/RunIISummer20UL16MiniAODv2/QCD_Pt_120to170_TuneCP5_13TeV_pythia8/MINIAODSIM/106X_mcRun2_asymptotic_v17-v1/270000/1A423744-0FC7-3749-8983-3FD3DF459A0F.root
11-Jun-2024 08:54:43 CEST  Initiating request to open file root://eoscms.cern.ch//eos/cms/store/mc/RunIISummer20UL16MiniAODv2/QCD_Pt_120to170_TuneCP5_13TeV_pythia8/MINIAODSIM/106X_mcRun2_asymptotic_v17-v1/270000/5E197E2C-EA50-9A49-9DB8-E5AA26D7CD81.root
%MSG-w XrdAdaptorInternal:  file_open 11-Jun-2024 08:54:44 CEST PostProcessEvent
Failed to open file at URL root://eoscms.cern.ch:1094//eos/cms/store/mc/RunIISummer20UL16MiniAODv2/QCD_Pt_120to170_TuneCP5_13TeV_pythia8/MINIAODSIM/106X_mcRun2_asymptotic_v17-v1/270000/5E197E2C-EA50-9A49-9DB8-E5AA26D7CD81.root.
%MSG
%MSG-w XrdAdaptorInternal:  file_open 11-Jun-2024 08:54:44 CEST PostProcessEvent
Failed to open file at URL root://eoscms.cern.ch:1094//eos/cms/store/mc/RunIISummer20UL16MiniAODv2/QCD_Pt_120to170_TuneCP5_13TeV_pythia8/MINIAODSIM/106X_mcRun2_asymptotic_v17-v1/270000/5E197E2C-EA50-9A49-9DB8-E5AA26D7CD81.root?tried=.
%MSG
11-Jun-2024 08:54:44 CEST  Fallback request to file root://xrootd-cms.infn.it//store/mc/RunIISummer20UL16MiniAODv2/QCD_Pt_120to170_TuneCP5_13TeV_pythia8/MINIAODSIM/106X_mcRun2_asymptotic_v17-v1/270000/5E197E2C-EA50-9A49-9DB8-E5AA26D7CD81.root
%MSG-w XrdAdaptor:  file_open 11-Jun-2024 08:54:57 CEST PostProcessEvent
Data is served from T2_US_Wisconsin instead of original site T2_IT_Pisa
%MSG
11-Jun-2024 08:54:58 CEST  Successfully opened file root://xrootd-cms.infn.it//store/mc/RunIISummer20UL16MiniAODv2/QCD_Pt_120to170_TuneCP5_13TeV_pythia8/MINIAODSIM/106X_mcRun2_asymptotic_v17-v1/270000/5E197E2C-EA50-9A49-9DB8-E5AA26D7CD81.root
Begin processing the 700001st record. Run 1, Event 13134012, LumiSection 13135 on stream 0 at 11-Jun-2024 08:55:06.264 CEST
11-Jun-2024 08:55:09 CEST  Closed file root://xrootd-cms.infn.it//store/mc/RunIISummer20UL16MiniAODv2/QCD_Pt_120to170_TuneCP5_13TeV_pythia8/MINIAODSIM/106X_mcRun2_asymptotic_v17-v1/270000/5E197E2C-EA50-9A49-9DB8-E5AA26D7CD81.root
11-Jun-2024 08:55:09 CEST  Initiating request to open file root://eoscms.cern.ch//eos/cms/store/mc/RunIISummer20UL16MiniAODv2/QCD_Pt_120to170_TuneCP5_13TeV_pythia8/MINIAODSIM/106X_mcRun2_asymptotic_v17-v1/270000/1B253F3E-5694-C743-8072-5117B7122774.root
%MSG-w XrdAdaptorInternal:  file_open 11-Jun-2024 08:55:10 CEST PostProcessEvent
Failed to open file at URL root://eoscms.cern.ch:1094//eos/cms/store/mc/RunIISummer20UL16MiniAODv2/QCD_Pt_120to170_TuneCP5_13TeV_pythia8/MINIAODSIM/106X_mcRun2_asymptotic_v17-v1/270000/1B253F3E-5694-C743-8072-5117B7122774.root.
%MSG
%MSG-w XrdAdaptorInternal:  file_open 11-Jun-2024 08:55:10 CEST PostProcessEvent
Failed to open file at URL root://eoscms.cern.ch:1094//eos/cms/store/mc/RunIISummer20UL16MiniAODv2/QCD_Pt_120to170_TuneCP5_13TeV_pythia8/MINIAODSIM/106X_mcRun2_asymptotic_v17-v1/270000/1B253F3E-5694-C743-8072-5117B7122774.root?tried=.
%MSG
11-Jun-2024 08:55:10 CEST  Fallback request to file root://xrootd-cms.infn.it//store/mc/RunIISummer20UL16MiniAODv2/QCD_Pt_120to170_TuneCP5_13TeV_pythia8/MINIAODSIM/106X_mcRun2_asymptotic_v17-v1/270000/1B253F3E-5694-C743-8072-5117B7122774.root
%MSG-w XrdAdaptor:  file_open 11-Jun-2024 08:55:23 CEST PostProcessEvent
Data is served from T2_US_Wisconsin instead of original site T2_IT_Pisa
%MSG
11-Jun-2024 08:55:24 CEST  Successfully opened file root://xrootd-cms.infn.it//store/mc/RunIISummer20UL16MiniAODv2/QCD_Pt_120to170_TuneCP5_13TeV_pythia8/MINIAODSIM/106X_mcRun2_asymptotic_v17-v1/270000/1B253F3E-5694-C743-8072-5117B7122774.root
Begin processing the 800001st record. Run 1, Event 2010012, LumiSection 2011 on stream 0 at 11-Jun-2024 08:55:33.029 CEST
11-Jun-2024 08:55:35 CEST  Closed file root://xrootd-cms.infn.it//store/mc/RunIISummer20UL16MiniAODv2/QCD_Pt_120to170_TuneCP5_13TeV_pythia8/MINIAODSIM/106X_mcRun2_asymptotic_v17-v1/270000/1B253F3E-5694-C743-8072-5117B7122774.root
11-Jun-2024 08:55:35 CEST  Initiating request to open file root://eoscms.cern.ch//eos/cms/store/mc/RunIISummer20UL16MiniAODv2/QCD_Pt_120to170_TuneCP5_13TeV_pythia8/MINIAODSIM/106X_mcRun2_asymptotic_v17-v1/270000/43DBCA0A-FADC-DA40-AFF4-8BBDAD8F3346.root
%MSG-w XrdAdaptorInternal:  file_open 11-Jun-2024 08:55:36 CEST PostProcessEvent
Failed to open file at URL root://eoscms.cern.ch:1094//eos/cms/store/mc/RunIISummer20UL16MiniAODv2/QCD_Pt_120to170_TuneCP5_13TeV_pythia8/MINIAODSIM/106X_mcRun2_asymptotic_v17-v1/270000/43DBCA0A-FADC-DA40-AFF4-8BBDAD8F3346.root.
%MSG
%MSG-w XrdAdaptorInternal:  file_open 11-Jun-2024 08:55:36 CEST PostProcessEvent
Failed to open file at URL root://eoscms.cern.ch:1094//eos/cms/store/mc/RunIISummer20UL16MiniAODv2/QCD_Pt_120to170_TuneCP5_13TeV_pythia8/MINIAODSIM/106X_mcRun2_asymptotic_v17-v1/270000/43DBCA0A-FADC-DA40-AFF4-8BBDAD8F3346.root?tried=.
%MSG
11-Jun-2024 08:55:36 CEST  Fallback request to file root://xrootd-cms.infn.it//store/mc/RunIISummer20UL16MiniAODv2/QCD_Pt_120to170_TuneCP5_13TeV_pythia8/MINIAODSIM/106X_mcRun2_asymptotic_v17-v1/270000/43DBCA0A-FADC-DA40-AFF4-8BBDAD8F3346.root
%MSG-w XrdAdaptor:  file_open 11-Jun-2024 08:55:49 CEST PostProcessEvent
Data is served from T2_US_Wisconsin instead of original site T2_IT_Pisa
%MSG
11-Jun-2024 08:55:50 CEST  Successfully opened file root://xrootd-cms.infn.it//store/mc/RunIISummer20UL16MiniAODv2/QCD_Pt_120to170_TuneCP5_13TeV_pythia8/MINIAODSIM/106X_mcRun2_asymptotic_v17-v1/270000/43DBCA0A-FADC-DA40-AFF4-8BBDAD8F3346.root
Begin processing the 900001st record. Run 1, Event 2982009, LumiSection 2983 on stream 0 at 11-Jun-2024 08:55:59.736 CEST
11-Jun-2024 08:56:02 CEST  Closed file root://xrootd-cms.infn.it//store/mc/RunIISummer20UL16MiniAODv2/QCD_Pt_120to170_TuneCP5_13TeV_pythia8/MINIAODSIM/106X_mcRun2_asymptotic_v17-v1/270000/43DBCA0A-FADC-DA40-AFF4-8BBDAD8F3346.root
11-Jun-2024 08:56:02 CEST  Initiating request to open file root://eoscms.cern.ch//eos/cms/store/mc/RunIISummer20UL16MiniAODv2/QCD_Pt_120to170_TuneCP5_13TeV_pythia8/MINIAODSIM/106X_mcRun2_asymptotic_v17-v1/270000/AD44A401-C13A-4446-819D-B5F09960F5FC.root
%MSG-w XrdAdaptorInternal:  file_open 11-Jun-2024 08:56:03 CEST PostProcessEvent
Failed to open file at URL root://eoscms.cern.ch:1094//eos/cms/store/mc/RunIISummer20UL16MiniAODv2/QCD_Pt_120to170_TuneCP5_13TeV_pythia8/MINIAODSIM/106X_mcRun2_asymptotic_v17-v1/270000/AD44A401-C13A-4446-819D-B5F09960F5FC.root.
%MSG
%MSG-w XrdAdaptorInternal:  file_open 11-Jun-2024 08:56:03 CEST PostProcessEvent
Failed to open file at URL root://eoscms.cern.ch:1094//eos/cms/store/mc/RunIISummer20UL16MiniAODv2/QCD_Pt_120to170_TuneCP5_13TeV_pythia8/MINIAODSIM/106X_mcRun2_asymptotic_v17-v1/270000/AD44A401-C13A-4446-819D-B5F09960F5FC.root?tried=.
%MSG
11-Jun-2024 08:56:03 CEST  Fallback request to file root://xrootd-cms.infn.it//store/mc/RunIISummer20UL16MiniAODv2/QCD_Pt_120to170_TuneCP5_13TeV_pythia8/MINIAODSIM/106X_mcRun2_asymptotic_v17-v1/270000/AD44A401-C13A-4446-819D-B5F09960F5FC.root
%MSG-w XrdAdaptor:  file_open 11-Jun-2024 08:56:15 CEST PostProcessEvent
Data is served from T2_US_Wisconsin instead of original site T2_IT_Pisa
%MSG
11-Jun-2024 08:56:16 CEST  Successfully opened file root://xrootd-cms.infn.it//store/mc/RunIISummer20UL16MiniAODv2/QCD_Pt_120to170_TuneCP5_13TeV_pythia8/MINIAODSIM/106X_mcRun2_asymptotic_v17-v1/270000/AD44A401-C13A-4446-819D-B5F09960F5FC.root
11-Jun-2024 08:56:24 CEST  Closed file root://xrootd-cms.infn.it//store/mc/RunIISummer20UL16MiniAODv2/QCD_Pt_120to170_TuneCP5_13TeV_pythia8/MINIAODSIM/106X_mcRun2_asymptotic_v17-v1/270000/AD44A401-C13A-4446-819D-B5F09960F5FC.root

------------------------------------
GenXsecAnalyzer:
------------------------------------
Before Filter: total cross section = 4.075e+05 +- 2.004e+02 pb
Filter efficiency (taking into account weights)= (1.00001e+06) / (1.00001e+06) = 1.000e+00 +- 0.000e+00
Filter efficiency (event-level)= (1e+06) / (1e+06) = 1.000e+00 +- 0.000e+00    [TO BE USED IN MCM]

After filter: final cross section = 4.075e+05 +- 2.004e+02 pb
After filter: final fraction of events with negative weights = 0.000e+00 +- 0.000e+00
After filter: final equivalent lumi for 1M events (1/fb) = 2.454e-03 +- 2.735e-06

=============================================

MessageLogger Summary

 type     category        sev    module        subroutine        count    total
 ---- -------------------- -- ---------------- ----------------  -----    -----
    1 GenXSecAnalyzer      -w GenXSecAnalyzer:                       7        7
    2 XrdAdaptor           -w file_open                             15       15
    3 XrdAdaptorInternal   -w file_open                             30       30
    4 fileAction           -s file_close                            15       15
    5 fileAction           -s file_open                             45       45

 type    category    Examples: run/evt        run/evt          run/evt
 ---- -------------------- ---------------- ---------------- ----------------
    1 GenXSecAnalyzer      PostGlobalEndRun PostGlobalEndRun PostGlobalEndRun
    2 XrdAdaptor           pre-events       PostProcessEvent PostProcessEvent
    3 XrdAdaptorInternal   pre-events       pre-events       PostProcessEvent
    4 fileAction           PostProcessEvent PostProcessEvent PostGlobalEndRun
    5 fileAction           pre-events       pre-events       PostProcessEvent

Severity    # Occurrences   Total Occurrences
--------    -------------   -----------------
Warning                52                  52
System                 60                  60

dropped waiting message count 0
