11-Jun-2024 09:44:01 CEST  Initiating request to open file root://eoscms.cern.ch//eos/cms/store/mc/RunIISummer20UL16MiniAODv2/QCD_Pt_1000to1400_TuneCP5_13TeV_pythia8/MINIAODSIM/106X_mcRun2_asymptotic_v17-v1/280000/86EC98F5-F474-DD4A-858B-4CE2710AB107.root
%MSG-w XrdAdaptorInternal:  file_open 11-Jun-2024 09:44:02 CEST pre-events
Failed to open file at URL root://eoscms.cern.ch:1094//eos/cms/store/mc/RunIISummer20UL16MiniAODv2/QCD_Pt_1000to1400_TuneCP5_13TeV_pythia8/MINIAODSIM/106X_mcRun2_asymptotic_v17-v1/280000/86EC98F5-F474-DD4A-858B-4CE2710AB107.root.
%MSG
%MSG-w XrdAdaptorInternal:  file_open 11-Jun-2024 09:44:02 CEST pre-events
Failed to open file at URL root://eoscms.cern.ch:1094//eos/cms/store/mc/RunIISummer20UL16MiniAODv2/QCD_Pt_1000to1400_TuneCP5_13TeV_pythia8/MINIAODSIM/106X_mcRun2_asymptotic_v17-v1/280000/86EC98F5-F474-DD4A-858B-4CE2710AB107.root?tried=.
%MSG
11-Jun-2024 09:44:02 CEST  Fallback request to file root://xrootd-cms.infn.it//store/mc/RunIISummer20UL16MiniAODv2/QCD_Pt_1000to1400_TuneCP5_13TeV_pythia8/MINIAODSIM/106X_mcRun2_asymptotic_v17-v1/280000/86EC98F5-F474-DD4A-858B-4CE2710AB107.root
%MSG-w XrdAdaptor:  file_open 11-Jun-2024 09:44:17 CEST pre-events
Data is served from T2_US_Florida instead of original site infn.it
%MSG
11-Jun-2024 09:44:22 CEST  Successfully opened file root://xrootd-cms.infn.it//store/mc/RunIISummer20UL16MiniAODv2/QCD_Pt_1000to1400_TuneCP5_13TeV_pythia8/MINIAODSIM/106X_mcRun2_asymptotic_v17-v1/280000/86EC98F5-F474-DD4A-858B-4CE2710AB107.root
Begin processing the 1st record. Run 1, Event 15226003, LumiSection 15227 on stream 0 at 11-Jun-2024 09:44:27.958 CEST
11-Jun-2024 09:44:28 CEST  Closed file root://xrootd-cms.infn.it//store/mc/RunIISummer20UL16MiniAODv2/QCD_Pt_1000to1400_TuneCP5_13TeV_pythia8/MINIAODSIM/106X_mcRun2_asymptotic_v17-v1/280000/86EC98F5-F474-DD4A-858B-4CE2710AB107.root
11-Jun-2024 09:44:28 CEST  Initiating request to open file root://eoscms.cern.ch//eos/cms/store/mc/RunIISummer20UL16MiniAODv2/QCD_Pt_1000to1400_TuneCP5_13TeV_pythia8/MINIAODSIM/106X_mcRun2_asymptotic_v17-v1/140000/861C7C38-33AB-D740-AB6E-8CDC2E2A3BB0.root
%MSG-w XrdAdaptorInternal:  file_open 11-Jun-2024 09:44:29 CEST PostProcessEvent
Failed to open file at URL root://eoscms.cern.ch:1094//eos/cms/store/mc/RunIISummer20UL16MiniAODv2/QCD_Pt_1000to1400_TuneCP5_13TeV_pythia8/MINIAODSIM/106X_mcRun2_asymptotic_v17-v1/140000/861C7C38-33AB-D740-AB6E-8CDC2E2A3BB0.root.
%MSG
%MSG-w XrdAdaptorInternal:  file_open 11-Jun-2024 09:44:29 CEST PostProcessEvent
Failed to open file at URL root://eoscms.cern.ch:1094//eos/cms/store/mc/RunIISummer20UL16MiniAODv2/QCD_Pt_1000to1400_TuneCP5_13TeV_pythia8/MINIAODSIM/106X_mcRun2_asymptotic_v17-v1/140000/861C7C38-33AB-D740-AB6E-8CDC2E2A3BB0.root?tried=.
%MSG
11-Jun-2024 09:44:29 CEST  Fallback request to file root://xrootd-cms.infn.it//store/mc/RunIISummer20UL16MiniAODv2/QCD_Pt_1000to1400_TuneCP5_13TeV_pythia8/MINIAODSIM/106X_mcRun2_asymptotic_v17-v1/140000/861C7C38-33AB-D740-AB6E-8CDC2E2A3BB0.root
Unable to load sec.protocol plugin libXrdSecztn.so
%MSG-w XrdAdaptor:  file_open 11-Jun-2024 09:44:44 CEST PostProcessEvent
Data is served from fnal.gov instead of original site infn.it
%MSG
11-Jun-2024 09:44:45 CEST  Successfully opened file root://xrootd-cms.infn.it//store/mc/RunIISummer20UL16MiniAODv2/QCD_Pt_1000to1400_TuneCP5_13TeV_pythia8/MINIAODSIM/106X_mcRun2_asymptotic_v17-v1/140000/861C7C38-33AB-D740-AB6E-8CDC2E2A3BB0.root
Unable to load sec.protocol plugin libXrdSecztn.so
11-Jun-2024 09:44:52 CEST  Closed file root://xrootd-cms.infn.it//store/mc/RunIISummer20UL16MiniAODv2/QCD_Pt_1000to1400_TuneCP5_13TeV_pythia8/MINIAODSIM/106X_mcRun2_asymptotic_v17-v1/140000/861C7C38-33AB-D740-AB6E-8CDC2E2A3BB0.root
11-Jun-2024 09:44:52 CEST  Initiating request to open file root://eoscms.cern.ch//eos/cms/store/mc/RunIISummer20UL16MiniAODv2/QCD_Pt_1000to1400_TuneCP5_13TeV_pythia8/MINIAODSIM/106X_mcRun2_asymptotic_v17-v1/140000/290CE583-CDFA-EA44-9092-1768D8CA90C3.root
%MSG-w XrdAdaptorInternal:  file_open 11-Jun-2024 09:44:53 CEST PostProcessEvent
Failed to open file at URL root://eoscms.cern.ch:1094//eos/cms/store/mc/RunIISummer20UL16MiniAODv2/QCD_Pt_1000to1400_TuneCP5_13TeV_pythia8/MINIAODSIM/106X_mcRun2_asymptotic_v17-v1/140000/290CE583-CDFA-EA44-9092-1768D8CA90C3.root.
%MSG
%MSG-w XrdAdaptorInternal:  file_open 11-Jun-2024 09:44:53 CEST PostProcessEvent
Failed to open file at URL root://eoscms.cern.ch:1094//eos/cms/store/mc/RunIISummer20UL16MiniAODv2/QCD_Pt_1000to1400_TuneCP5_13TeV_pythia8/MINIAODSIM/106X_mcRun2_asymptotic_v17-v1/140000/290CE583-CDFA-EA44-9092-1768D8CA90C3.root?tried=.
%MSG
11-Jun-2024 09:44:53 CEST  Fallback request to file root://xrootd-cms.infn.it//store/mc/RunIISummer20UL16MiniAODv2/QCD_Pt_1000to1400_TuneCP5_13TeV_pythia8/MINIAODSIM/106X_mcRun2_asymptotic_v17-v1/140000/290CE583-CDFA-EA44-9092-1768D8CA90C3.root
%MSG-w XrdAdaptor:  file_open 11-Jun-2024 09:45:06 CEST PostProcessEvent
Data is served from fnal.gov instead of original site infn.it
%MSG
11-Jun-2024 09:45:07 CEST  Successfully opened file root://xrootd-cms.infn.it//store/mc/RunIISummer20UL16MiniAODv2/QCD_Pt_1000to1400_TuneCP5_13TeV_pythia8/MINIAODSIM/106X_mcRun2_asymptotic_v17-v1/140000/290CE583-CDFA-EA44-9092-1768D8CA90C3.root
11-Jun-2024 09:45:16 CEST  Closed file root://xrootd-cms.infn.it//store/mc/RunIISummer20UL16MiniAODv2/QCD_Pt_1000to1400_TuneCP5_13TeV_pythia8/MINIAODSIM/106X_mcRun2_asymptotic_v17-v1/140000/290CE583-CDFA-EA44-9092-1768D8CA90C3.root
11-Jun-2024 09:45:16 CEST  Initiating request to open file root://eoscms.cern.ch//eos/cms/store/mc/RunIISummer20UL16MiniAODv2/QCD_Pt_1000to1400_TuneCP5_13TeV_pythia8/MINIAODSIM/106X_mcRun2_asymptotic_v17-v1/140000/01B0EF05-355E-8643-AB2D-DFCF2D6BE618.root
%MSG-w XrdAdaptorInternal:  file_open 11-Jun-2024 09:45:17 CEST PostProcessEvent
Failed to open file at URL root://eoscms.cern.ch:1094//eos/cms/store/mc/RunIISummer20UL16MiniAODv2/QCD_Pt_1000to1400_TuneCP5_13TeV_pythia8/MINIAODSIM/106X_mcRun2_asymptotic_v17-v1/140000/01B0EF05-355E-8643-AB2D-DFCF2D6BE618.root.
%MSG
%MSG-w XrdAdaptorInternal:  file_open 11-Jun-2024 09:45:17 CEST PostProcessEvent
Failed to open file at URL root://eoscms.cern.ch:1094//eos/cms/store/mc/RunIISummer20UL16MiniAODv2/QCD_Pt_1000to1400_TuneCP5_13TeV_pythia8/MINIAODSIM/106X_mcRun2_asymptotic_v17-v1/140000/01B0EF05-355E-8643-AB2D-DFCF2D6BE618.root?tried=.
%MSG
11-Jun-2024 09:45:17 CEST  Fallback request to file root://xrootd-cms.infn.it//store/mc/RunIISummer20UL16MiniAODv2/QCD_Pt_1000to1400_TuneCP5_13TeV_pythia8/MINIAODSIM/106X_mcRun2_asymptotic_v17-v1/140000/01B0EF05-355E-8643-AB2D-DFCF2D6BE618.root
%MSG-w XrdAdaptor:  file_open 11-Jun-2024 09:45:30 CEST PostProcessEvent
Data is served from fnal.gov instead of original site infn.it
%MSG
11-Jun-2024 09:45:31 CEST  Successfully opened file root://xrootd-cms.infn.it//store/mc/RunIISummer20UL16MiniAODv2/QCD_Pt_1000to1400_TuneCP5_13TeV_pythia8/MINIAODSIM/106X_mcRun2_asymptotic_v17-v1/140000/01B0EF05-355E-8643-AB2D-DFCF2D6BE618.root
Begin processing the 100001st record. Run 1, Event 1498002, LumiSection 1499 on stream 0 at 11-Jun-2024 09:45:37.700 CEST
11-Jun-2024 09:45:38 CEST  Closed file root://xrootd-cms.infn.it//store/mc/RunIISummer20UL16MiniAODv2/QCD_Pt_1000to1400_TuneCP5_13TeV_pythia8/MINIAODSIM/106X_mcRun2_asymptotic_v17-v1/140000/01B0EF05-355E-8643-AB2D-DFCF2D6BE618.root
11-Jun-2024 09:45:38 CEST  Initiating request to open file root://eoscms.cern.ch//eos/cms/store/mc/RunIISummer20UL16MiniAODv2/QCD_Pt_1000to1400_TuneCP5_13TeV_pythia8/MINIAODSIM/106X_mcRun2_asymptotic_v17-v1/140000/2DEB13D7-DA75-104E-A638-CA74F8BAAE8B.root
%MSG-w XrdAdaptorInternal:  file_open 11-Jun-2024 09:45:39 CEST PostProcessEvent
Failed to open file at URL root://eoscms.cern.ch:1094//eos/cms/store/mc/RunIISummer20UL16MiniAODv2/QCD_Pt_1000to1400_TuneCP5_13TeV_pythia8/MINIAODSIM/106X_mcRun2_asymptotic_v17-v1/140000/2DEB13D7-DA75-104E-A638-CA74F8BAAE8B.root.
%MSG
%MSG-w XrdAdaptorInternal:  file_open 11-Jun-2024 09:45:39 CEST PostProcessEvent
Failed to open file at URL root://eoscms.cern.ch:1094//eos/cms/store/mc/RunIISummer20UL16MiniAODv2/QCD_Pt_1000to1400_TuneCP5_13TeV_pythia8/MINIAODSIM/106X_mcRun2_asymptotic_v17-v1/140000/2DEB13D7-DA75-104E-A638-CA74F8BAAE8B.root?tried=.
%MSG
11-Jun-2024 09:45:39 CEST  Fallback request to file root://xrootd-cms.infn.it//store/mc/RunIISummer20UL16MiniAODv2/QCD_Pt_1000to1400_TuneCP5_13TeV_pythia8/MINIAODSIM/106X_mcRun2_asymptotic_v17-v1/140000/2DEB13D7-DA75-104E-A638-CA74F8BAAE8B.root
%MSG-w XrdAdaptor:  file_open 11-Jun-2024 09:45:52 CEST PostProcessEvent
Data is served from fnal.gov instead of original site infn.it
%MSG
11-Jun-2024 09:45:53 CEST  Successfully opened file root://xrootd-cms.infn.it//store/mc/RunIISummer20UL16MiniAODv2/QCD_Pt_1000to1400_TuneCP5_13TeV_pythia8/MINIAODSIM/106X_mcRun2_asymptotic_v17-v1/140000/2DEB13D7-DA75-104E-A638-CA74F8BAAE8B.root
Unable to load sec.protocol plugin libXrdSecztn.so
11-Jun-2024 09:46:00 CEST  Closed file root://xrootd-cms.infn.it//store/mc/RunIISummer20UL16MiniAODv2/QCD_Pt_1000to1400_TuneCP5_13TeV_pythia8/MINIAODSIM/106X_mcRun2_asymptotic_v17-v1/140000/2DEB13D7-DA75-104E-A638-CA74F8BAAE8B.root
11-Jun-2024 09:46:00 CEST  Initiating request to open file root://eoscms.cern.ch//eos/cms/store/mc/RunIISummer20UL16MiniAODv2/QCD_Pt_1000to1400_TuneCP5_13TeV_pythia8/MINIAODSIM/106X_mcRun2_asymptotic_v17-v1/140000/EAB17ADD-599A-1441-A01B-39143F9FFEFE.root
%MSG-w XrdAdaptorInternal:  file_open 11-Jun-2024 09:46:01 CEST PostProcessEvent
Failed to open file at URL root://eoscms.cern.ch:1094//eos/cms/store/mc/RunIISummer20UL16MiniAODv2/QCD_Pt_1000to1400_TuneCP5_13TeV_pythia8/MINIAODSIM/106X_mcRun2_asymptotic_v17-v1/140000/EAB17ADD-599A-1441-A01B-39143F9FFEFE.root.
%MSG
%MSG-w XrdAdaptorInternal:  file_open 11-Jun-2024 09:46:01 CEST PostProcessEvent
Failed to open file at URL root://eoscms.cern.ch:1094//eos/cms/store/mc/RunIISummer20UL16MiniAODv2/QCD_Pt_1000to1400_TuneCP5_13TeV_pythia8/MINIAODSIM/106X_mcRun2_asymptotic_v17-v1/140000/EAB17ADD-599A-1441-A01B-39143F9FFEFE.root?tried=.
%MSG
11-Jun-2024 09:46:01 CEST  Fallback request to file root://xrootd-cms.infn.it//store/mc/RunIISummer20UL16MiniAODv2/QCD_Pt_1000to1400_TuneCP5_13TeV_pythia8/MINIAODSIM/106X_mcRun2_asymptotic_v17-v1/140000/EAB17ADD-599A-1441-A01B-39143F9FFEFE.root
%MSG-w XrdAdaptor:  file_open 11-Jun-2024 09:46:14 CEST PostProcessEvent
Data is served from fnal.gov instead of original site infn.it
%MSG
11-Jun-2024 09:46:15 CEST  Successfully opened file root://xrootd-cms.infn.it//store/mc/RunIISummer20UL16MiniAODv2/QCD_Pt_1000to1400_TuneCP5_13TeV_pythia8/MINIAODSIM/106X_mcRun2_asymptotic_v17-v1/140000/EAB17ADD-599A-1441-A01B-39143F9FFEFE.root
Begin processing the 200001st record. Run 1, Event 15556002, LumiSection 15557 on stream 0 at 11-Jun-2024 09:46:22.845 CEST
11-Jun-2024 09:46:23 CEST  Closed file root://xrootd-cms.infn.it//store/mc/RunIISummer20UL16MiniAODv2/QCD_Pt_1000to1400_TuneCP5_13TeV_pythia8/MINIAODSIM/106X_mcRun2_asymptotic_v17-v1/140000/EAB17ADD-599A-1441-A01B-39143F9FFEFE.root
11-Jun-2024 09:46:23 CEST  Initiating request to open file root://eoscms.cern.ch//eos/cms/store/mc/RunIISummer20UL16MiniAODv2/QCD_Pt_1000to1400_TuneCP5_13TeV_pythia8/MINIAODSIM/106X_mcRun2_asymptotic_v17-v1/140000/0771805A-3762-5443-B919-81D68573C305.root
%MSG-w XrdAdaptorInternal:  file_open 11-Jun-2024 09:46:24 CEST PostProcessEvent
Failed to open file at URL root://eoscms.cern.ch:1094//eos/cms/store/mc/RunIISummer20UL16MiniAODv2/QCD_Pt_1000to1400_TuneCP5_13TeV_pythia8/MINIAODSIM/106X_mcRun2_asymptotic_v17-v1/140000/0771805A-3762-5443-B919-81D68573C305.root.
%MSG
%MSG-w XrdAdaptorInternal:  file_open 11-Jun-2024 09:46:24 CEST PostProcessEvent
Failed to open file at URL root://eoscms.cern.ch:1094//eos/cms/store/mc/RunIISummer20UL16MiniAODv2/QCD_Pt_1000to1400_TuneCP5_13TeV_pythia8/MINIAODSIM/106X_mcRun2_asymptotic_v17-v1/140000/0771805A-3762-5443-B919-81D68573C305.root?tried=.
%MSG
11-Jun-2024 09:46:24 CEST  Fallback request to file root://xrootd-cms.infn.it//store/mc/RunIISummer20UL16MiniAODv2/QCD_Pt_1000to1400_TuneCP5_13TeV_pythia8/MINIAODSIM/106X_mcRun2_asymptotic_v17-v1/140000/0771805A-3762-5443-B919-81D68573C305.root
%MSG-w XrdAdaptor:  file_open 11-Jun-2024 09:46:37 CEST PostProcessEvent
Data is served from fnal.gov instead of original site infn.it
%MSG
11-Jun-2024 09:46:38 CEST  Successfully opened file root://xrootd-cms.infn.it//store/mc/RunIISummer20UL16MiniAODv2/QCD_Pt_1000to1400_TuneCP5_13TeV_pythia8/MINIAODSIM/106X_mcRun2_asymptotic_v17-v1/140000/0771805A-3762-5443-B919-81D68573C305.root
11-Jun-2024 09:46:49 CEST  Closed file root://xrootd-cms.infn.it//store/mc/RunIISummer20UL16MiniAODv2/QCD_Pt_1000to1400_TuneCP5_13TeV_pythia8/MINIAODSIM/106X_mcRun2_asymptotic_v17-v1/140000/0771805A-3762-5443-B919-81D68573C305.root
11-Jun-2024 09:46:49 CEST  Initiating request to open file root://eoscms.cern.ch//eos/cms/store/mc/RunIISummer20UL16MiniAODv2/QCD_Pt_1000to1400_TuneCP5_13TeV_pythia8/MINIAODSIM/106X_mcRun2_asymptotic_v17-v1/140000/0BDCCC7C-E260-AD4A-AB78-9B68AC88FB88.root
%MSG-w XrdAdaptorInternal:  file_open 11-Jun-2024 09:46:50 CEST PostProcessEvent
Failed to open file at URL root://eoscms.cern.ch:1094//eos/cms/store/mc/RunIISummer20UL16MiniAODv2/QCD_Pt_1000to1400_TuneCP5_13TeV_pythia8/MINIAODSIM/106X_mcRun2_asymptotic_v17-v1/140000/0BDCCC7C-E260-AD4A-AB78-9B68AC88FB88.root.
%MSG
%MSG-w XrdAdaptorInternal:  file_open 11-Jun-2024 09:46:50 CEST PostProcessEvent
Failed to open file at URL root://eoscms.cern.ch:1094//eos/cms/store/mc/RunIISummer20UL16MiniAODv2/QCD_Pt_1000to1400_TuneCP5_13TeV_pythia8/MINIAODSIM/106X_mcRun2_asymptotic_v17-v1/140000/0BDCCC7C-E260-AD4A-AB78-9B68AC88FB88.root?tried=.
%MSG
11-Jun-2024 09:46:50 CEST  Fallback request to file root://xrootd-cms.infn.it//store/mc/RunIISummer20UL16MiniAODv2/QCD_Pt_1000to1400_TuneCP5_13TeV_pythia8/MINIAODSIM/106X_mcRun2_asymptotic_v17-v1/140000/0BDCCC7C-E260-AD4A-AB78-9B68AC88FB88.root
%MSG-w XrdAdaptor:  file_open 11-Jun-2024 09:47:03 CEST PostProcessEvent
Data is served from fnal.gov instead of original site infn.it
%MSG
11-Jun-2024 09:47:04 CEST  Successfully opened file root://xrootd-cms.infn.it//store/mc/RunIISummer20UL16MiniAODv2/QCD_Pt_1000to1400_TuneCP5_13TeV_pythia8/MINIAODSIM/106X_mcRun2_asymptotic_v17-v1/140000/0BDCCC7C-E260-AD4A-AB78-9B68AC88FB88.root
Begin processing the 300001st record. Run 1, Event 9302008, LumiSection 9303 on stream 0 at 11-Jun-2024 09:47:10.918 CEST
11-Jun-2024 09:47:11 CEST  Closed file root://xrootd-cms.infn.it//store/mc/RunIISummer20UL16MiniAODv2/QCD_Pt_1000to1400_TuneCP5_13TeV_pythia8/MINIAODSIM/106X_mcRun2_asymptotic_v17-v1/140000/0BDCCC7C-E260-AD4A-AB78-9B68AC88FB88.root
11-Jun-2024 09:47:11 CEST  Initiating request to open file root://eoscms.cern.ch//eos/cms/store/mc/RunIISummer20UL16MiniAODv2/QCD_Pt_1000to1400_TuneCP5_13TeV_pythia8/MINIAODSIM/106X_mcRun2_asymptotic_v17-v1/140000/7C4FEEB9-5A2A-C447-B29C-78FEC2825E76.root
%MSG-w XrdAdaptorInternal:  file_open 11-Jun-2024 09:47:12 CEST PostProcessEvent
Failed to open file at URL root://eoscms.cern.ch:1094//eos/cms/store/mc/RunIISummer20UL16MiniAODv2/QCD_Pt_1000to1400_TuneCP5_13TeV_pythia8/MINIAODSIM/106X_mcRun2_asymptotic_v17-v1/140000/7C4FEEB9-5A2A-C447-B29C-78FEC2825E76.root.
%MSG
%MSG-w XrdAdaptorInternal:  file_open 11-Jun-2024 09:47:12 CEST PostProcessEvent
Failed to open file at URL root://eoscms.cern.ch:1094//eos/cms/store/mc/RunIISummer20UL16MiniAODv2/QCD_Pt_1000to1400_TuneCP5_13TeV_pythia8/MINIAODSIM/106X_mcRun2_asymptotic_v17-v1/140000/7C4FEEB9-5A2A-C447-B29C-78FEC2825E76.root?tried=.
%MSG
11-Jun-2024 09:47:12 CEST  Fallback request to file root://xrootd-cms.infn.it//store/mc/RunIISummer20UL16MiniAODv2/QCD_Pt_1000to1400_TuneCP5_13TeV_pythia8/MINIAODSIM/106X_mcRun2_asymptotic_v17-v1/140000/7C4FEEB9-5A2A-C447-B29C-78FEC2825E76.root
%MSG-w XrdAdaptor:  file_open 11-Jun-2024 09:47:25 CEST PostProcessEvent
Data is served from fnal.gov instead of original site infn.it
%MSG
11-Jun-2024 09:47:26 CEST  Successfully opened file root://xrootd-cms.infn.it//store/mc/RunIISummer20UL16MiniAODv2/QCD_Pt_1000to1400_TuneCP5_13TeV_pythia8/MINIAODSIM/106X_mcRun2_asymptotic_v17-v1/140000/7C4FEEB9-5A2A-C447-B29C-78FEC2825E76.root
11-Jun-2024 09:47:33 CEST  Closed file root://xrootd-cms.infn.it//store/mc/RunIISummer20UL16MiniAODv2/QCD_Pt_1000to1400_TuneCP5_13TeV_pythia8/MINIAODSIM/106X_mcRun2_asymptotic_v17-v1/140000/7C4FEEB9-5A2A-C447-B29C-78FEC2825E76.root
11-Jun-2024 09:47:33 CEST  Initiating request to open file root://eoscms.cern.ch//eos/cms/store/mc/RunIISummer20UL16MiniAODv2/QCD_Pt_1000to1400_TuneCP5_13TeV_pythia8/MINIAODSIM/106X_mcRun2_asymptotic_v17-v1/140000/FE1B8D06-2092-0441-876F-317F6EDC7691.root
%MSG-w XrdAdaptorInternal:  file_open 11-Jun-2024 09:47:34 CEST PostProcessEvent
Failed to open file at URL root://eoscms.cern.ch:1094//eos/cms/store/mc/RunIISummer20UL16MiniAODv2/QCD_Pt_1000to1400_TuneCP5_13TeV_pythia8/MINIAODSIM/106X_mcRun2_asymptotic_v17-v1/140000/FE1B8D06-2092-0441-876F-317F6EDC7691.root.
%MSG
%MSG-w XrdAdaptorInternal:  file_open 11-Jun-2024 09:47:34 CEST PostProcessEvent
Failed to open file at URL root://eoscms.cern.ch:1094//eos/cms/store/mc/RunIISummer20UL16MiniAODv2/QCD_Pt_1000to1400_TuneCP5_13TeV_pythia8/MINIAODSIM/106X_mcRun2_asymptotic_v17-v1/140000/FE1B8D06-2092-0441-876F-317F6EDC7691.root?tried=.
%MSG
11-Jun-2024 09:47:34 CEST  Fallback request to file root://xrootd-cms.infn.it//store/mc/RunIISummer20UL16MiniAODv2/QCD_Pt_1000to1400_TuneCP5_13TeV_pythia8/MINIAODSIM/106X_mcRun2_asymptotic_v17-v1/140000/FE1B8D06-2092-0441-876F-317F6EDC7691.root
%MSG-w XrdAdaptor:  file_open 11-Jun-2024 09:47:47 CEST PostProcessEvent
Data is served from fnal.gov instead of original site infn.it
%MSG
11-Jun-2024 09:47:48 CEST  Successfully opened file root://xrootd-cms.infn.it//store/mc/RunIISummer20UL16MiniAODv2/QCD_Pt_1000to1400_TuneCP5_13TeV_pythia8/MINIAODSIM/106X_mcRun2_asymptotic_v17-v1/140000/FE1B8D06-2092-0441-876F-317F6EDC7691.root
Begin processing the 400001st record. Run 1, Event 10770004, LumiSection 10771 on stream 0 at 11-Jun-2024 09:47:59.999 CEST
11-Jun-2024 09:48:00 CEST  Closed file root://xrootd-cms.infn.it//store/mc/RunIISummer20UL16MiniAODv2/QCD_Pt_1000to1400_TuneCP5_13TeV_pythia8/MINIAODSIM/106X_mcRun2_asymptotic_v17-v1/140000/FE1B8D06-2092-0441-876F-317F6EDC7691.root
11-Jun-2024 09:48:00 CEST  Initiating request to open file root://eoscms.cern.ch//eos/cms/store/mc/RunIISummer20UL16MiniAODv2/QCD_Pt_1000to1400_TuneCP5_13TeV_pythia8/MINIAODSIM/106X_mcRun2_asymptotic_v17-v1/140000/E339E312-BEE4-2845-A407-7F2D47767DF4.root
%MSG-w XrdAdaptorInternal:  file_open 11-Jun-2024 09:48:01 CEST PostProcessEvent
Failed to open file at URL root://eoscms.cern.ch:1094//eos/cms/store/mc/RunIISummer20UL16MiniAODv2/QCD_Pt_1000to1400_TuneCP5_13TeV_pythia8/MINIAODSIM/106X_mcRun2_asymptotic_v17-v1/140000/E339E312-BEE4-2845-A407-7F2D47767DF4.root.
%MSG
%MSG-w XrdAdaptorInternal:  file_open 11-Jun-2024 09:48:01 CEST PostProcessEvent
Failed to open file at URL root://eoscms.cern.ch:1094//eos/cms/store/mc/RunIISummer20UL16MiniAODv2/QCD_Pt_1000to1400_TuneCP5_13TeV_pythia8/MINIAODSIM/106X_mcRun2_asymptotic_v17-v1/140000/E339E312-BEE4-2845-A407-7F2D47767DF4.root?tried=.
%MSG
11-Jun-2024 09:48:01 CEST  Fallback request to file root://xrootd-cms.infn.it//store/mc/RunIISummer20UL16MiniAODv2/QCD_Pt_1000to1400_TuneCP5_13TeV_pythia8/MINIAODSIM/106X_mcRun2_asymptotic_v17-v1/140000/E339E312-BEE4-2845-A407-7F2D47767DF4.root
%MSG-w XrdAdaptor:  file_open 11-Jun-2024 09:48:14 CEST PostProcessEvent
Data is served from fnal.gov instead of original site infn.it
%MSG
11-Jun-2024 09:48:15 CEST  Successfully opened file root://xrootd-cms.infn.it//store/mc/RunIISummer20UL16MiniAODv2/QCD_Pt_1000to1400_TuneCP5_13TeV_pythia8/MINIAODSIM/106X_mcRun2_asymptotic_v17-v1/140000/E339E312-BEE4-2845-A407-7F2D47767DF4.root
11-Jun-2024 09:48:22 CEST  Closed file root://xrootd-cms.infn.it//store/mc/RunIISummer20UL16MiniAODv2/QCD_Pt_1000to1400_TuneCP5_13TeV_pythia8/MINIAODSIM/106X_mcRun2_asymptotic_v17-v1/140000/E339E312-BEE4-2845-A407-7F2D47767DF4.root
11-Jun-2024 09:48:22 CEST  Initiating request to open file root://eoscms.cern.ch//eos/cms/store/mc/RunIISummer20UL16MiniAODv2/QCD_Pt_1000to1400_TuneCP5_13TeV_pythia8/MINIAODSIM/106X_mcRun2_asymptotic_v17-v1/140000/D364B0BC-7BC1-B242-8D02-D7D532166A2C.root
%MSG-w XrdAdaptorInternal:  file_open 11-Jun-2024 09:48:23 CEST PostProcessEvent
Failed to open file at URL root://eoscms.cern.ch:1094//eos/cms/store/mc/RunIISummer20UL16MiniAODv2/QCD_Pt_1000to1400_TuneCP5_13TeV_pythia8/MINIAODSIM/106X_mcRun2_asymptotic_v17-v1/140000/D364B0BC-7BC1-B242-8D02-D7D532166A2C.root.
%MSG
%MSG-w XrdAdaptorInternal:  file_open 11-Jun-2024 09:48:23 CEST PostProcessEvent
Failed to open file at URL root://eoscms.cern.ch:1094//eos/cms/store/mc/RunIISummer20UL16MiniAODv2/QCD_Pt_1000to1400_TuneCP5_13TeV_pythia8/MINIAODSIM/106X_mcRun2_asymptotic_v17-v1/140000/D364B0BC-7BC1-B242-8D02-D7D532166A2C.root?tried=.
%MSG
11-Jun-2024 09:48:23 CEST  Fallback request to file root://xrootd-cms.infn.it//store/mc/RunIISummer20UL16MiniAODv2/QCD_Pt_1000to1400_TuneCP5_13TeV_pythia8/MINIAODSIM/106X_mcRun2_asymptotic_v17-v1/140000/D364B0BC-7BC1-B242-8D02-D7D532166A2C.root
%MSG-w XrdAdaptor:  file_open 11-Jun-2024 09:48:36 CEST PostProcessEvent
Data is served from fnal.gov instead of original site infn.it
%MSG
11-Jun-2024 09:48:37 CEST  Successfully opened file root://xrootd-cms.infn.it//store/mc/RunIISummer20UL16MiniAODv2/QCD_Pt_1000to1400_TuneCP5_13TeV_pythia8/MINIAODSIM/106X_mcRun2_asymptotic_v17-v1/140000/D364B0BC-7BC1-B242-8D02-D7D532166A2C.root
Begin processing the 500001st record. Run 1, Event 1812003, LumiSection 1813 on stream 0 at 11-Jun-2024 09:48:44.171 CEST
11-Jun-2024 09:48:44 CEST  Closed file root://xrootd-cms.infn.it//store/mc/RunIISummer20UL16MiniAODv2/QCD_Pt_1000to1400_TuneCP5_13TeV_pythia8/MINIAODSIM/106X_mcRun2_asymptotic_v17-v1/140000/D364B0BC-7BC1-B242-8D02-D7D532166A2C.root
11-Jun-2024 09:48:44 CEST  Initiating request to open file root://eoscms.cern.ch//eos/cms/store/mc/RunIISummer20UL16MiniAODv2/QCD_Pt_1000to1400_TuneCP5_13TeV_pythia8/MINIAODSIM/106X_mcRun2_asymptotic_v17-v1/140000/688F54D6-5230-0849-9B22-6F06AFDCA6D9.root
%MSG-w XrdAdaptorInternal:  file_open 11-Jun-2024 09:48:45 CEST PostProcessEvent
Failed to open file at URL root://eoscms.cern.ch:1094//eos/cms/store/mc/RunIISummer20UL16MiniAODv2/QCD_Pt_1000to1400_TuneCP5_13TeV_pythia8/MINIAODSIM/106X_mcRun2_asymptotic_v17-v1/140000/688F54D6-5230-0849-9B22-6F06AFDCA6D9.root.
%MSG
%MSG-w XrdAdaptorInternal:  file_open 11-Jun-2024 09:48:45 CEST PostProcessEvent
Failed to open file at URL root://eoscms.cern.ch:1094//eos/cms/store/mc/RunIISummer20UL16MiniAODv2/QCD_Pt_1000to1400_TuneCP5_13TeV_pythia8/MINIAODSIM/106X_mcRun2_asymptotic_v17-v1/140000/688F54D6-5230-0849-9B22-6F06AFDCA6D9.root?tried=.
%MSG
11-Jun-2024 09:48:45 CEST  Fallback request to file root://xrootd-cms.infn.it//store/mc/RunIISummer20UL16MiniAODv2/QCD_Pt_1000to1400_TuneCP5_13TeV_pythia8/MINIAODSIM/106X_mcRun2_asymptotic_v17-v1/140000/688F54D6-5230-0849-9B22-6F06AFDCA6D9.root
%MSG-w XrdAdaptor:  file_open 11-Jun-2024 09:48:58 CEST PostProcessEvent
Data is served from fnal.gov instead of original site infn.it
%MSG
11-Jun-2024 09:48:59 CEST  Successfully opened file root://xrootd-cms.infn.it//store/mc/RunIISummer20UL16MiniAODv2/QCD_Pt_1000to1400_TuneCP5_13TeV_pythia8/MINIAODSIM/106X_mcRun2_asymptotic_v17-v1/140000/688F54D6-5230-0849-9B22-6F06AFDCA6D9.root
11-Jun-2024 09:49:06 CEST  Closed file root://xrootd-cms.infn.it//store/mc/RunIISummer20UL16MiniAODv2/QCD_Pt_1000to1400_TuneCP5_13TeV_pythia8/MINIAODSIM/106X_mcRun2_asymptotic_v17-v1/140000/688F54D6-5230-0849-9B22-6F06AFDCA6D9.root
11-Jun-2024 09:49:06 CEST  Initiating request to open file root://eoscms.cern.ch//eos/cms/store/mc/RunIISummer20UL16MiniAODv2/QCD_Pt_1000to1400_TuneCP5_13TeV_pythia8/MINIAODSIM/106X_mcRun2_asymptotic_v17-v1/140000/5E60D3E2-0AD2-7643-81D6-785B4B0AC37A.root
%MSG-w XrdAdaptorInternal:  file_open 11-Jun-2024 09:49:07 CEST PostProcessEvent
Failed to open file at URL root://eoscms.cern.ch:1094//eos/cms/store/mc/RunIISummer20UL16MiniAODv2/QCD_Pt_1000to1400_TuneCP5_13TeV_pythia8/MINIAODSIM/106X_mcRun2_asymptotic_v17-v1/140000/5E60D3E2-0AD2-7643-81D6-785B4B0AC37A.root.
%MSG
%MSG-w XrdAdaptorInternal:  file_open 11-Jun-2024 09:49:07 CEST PostProcessEvent
Failed to open file at URL root://eoscms.cern.ch:1094//eos/cms/store/mc/RunIISummer20UL16MiniAODv2/QCD_Pt_1000to1400_TuneCP5_13TeV_pythia8/MINIAODSIM/106X_mcRun2_asymptotic_v17-v1/140000/5E60D3E2-0AD2-7643-81D6-785B4B0AC37A.root?tried=.
%MSG
11-Jun-2024 09:49:07 CEST  Fallback request to file root://xrootd-cms.infn.it//store/mc/RunIISummer20UL16MiniAODv2/QCD_Pt_1000to1400_TuneCP5_13TeV_pythia8/MINIAODSIM/106X_mcRun2_asymptotic_v17-v1/140000/5E60D3E2-0AD2-7643-81D6-785B4B0AC37A.root
%MSG-w XrdAdaptor:  file_open 11-Jun-2024 09:49:19 CEST PostProcessEvent
Data is served from fnal.gov instead of original site infn.it
%MSG
11-Jun-2024 09:49:20 CEST  Successfully opened file root://xrootd-cms.infn.it//store/mc/RunIISummer20UL16MiniAODv2/QCD_Pt_1000to1400_TuneCP5_13TeV_pythia8/MINIAODSIM/106X_mcRun2_asymptotic_v17-v1/140000/5E60D3E2-0AD2-7643-81D6-785B4B0AC37A.root
11-Jun-2024 09:49:28 CEST  Closed file root://xrootd-cms.infn.it//store/mc/RunIISummer20UL16MiniAODv2/QCD_Pt_1000to1400_TuneCP5_13TeV_pythia8/MINIAODSIM/106X_mcRun2_asymptotic_v17-v1/140000/5E60D3E2-0AD2-7643-81D6-785B4B0AC37A.root
11-Jun-2024 09:49:28 CEST  Initiating request to open file root://eoscms.cern.ch//eos/cms/store/mc/RunIISummer20UL16MiniAODv2/QCD_Pt_1000to1400_TuneCP5_13TeV_pythia8/MINIAODSIM/106X_mcRun2_asymptotic_v17-v1/140000/69A3DFAD-1C56-2947-A974-B129DBCF5679.root
%MSG-w XrdAdaptorInternal:  file_open 11-Jun-2024 09:49:29 CEST PostProcessEvent
Failed to open file at URL root://eoscms.cern.ch:1094//eos/cms/store/mc/RunIISummer20UL16MiniAODv2/QCD_Pt_1000to1400_TuneCP5_13TeV_pythia8/MINIAODSIM/106X_mcRun2_asymptotic_v17-v1/140000/69A3DFAD-1C56-2947-A974-B129DBCF5679.root.
%MSG
%MSG-w XrdAdaptorInternal:  file_open 11-Jun-2024 09:49:29 CEST PostProcessEvent
Failed to open file at URL root://eoscms.cern.ch:1094//eos/cms/store/mc/RunIISummer20UL16MiniAODv2/QCD_Pt_1000to1400_TuneCP5_13TeV_pythia8/MINIAODSIM/106X_mcRun2_asymptotic_v17-v1/140000/69A3DFAD-1C56-2947-A974-B129DBCF5679.root?tried=.
%MSG
11-Jun-2024 09:49:29 CEST  Fallback request to file root://xrootd-cms.infn.it//store/mc/RunIISummer20UL16MiniAODv2/QCD_Pt_1000to1400_TuneCP5_13TeV_pythia8/MINIAODSIM/106X_mcRun2_asymptotic_v17-v1/140000/69A3DFAD-1C56-2947-A974-B129DBCF5679.root
%MSG-w XrdAdaptor:  file_open 11-Jun-2024 09:49:42 CEST PostProcessEvent
Data is served from fnal.gov instead of original site infn.it
%MSG
11-Jun-2024 09:49:43 CEST  Successfully opened file root://xrootd-cms.infn.it//store/mc/RunIISummer20UL16MiniAODv2/QCD_Pt_1000to1400_TuneCP5_13TeV_pythia8/MINIAODSIM/106X_mcRun2_asymptotic_v17-v1/140000/69A3DFAD-1C56-2947-A974-B129DBCF5679.root
Begin processing the 600001st record. Run 1, Event 11002001, LumiSection 11003 on stream 0 at 11-Jun-2024 09:49:50.611 CEST
11-Jun-2024 09:49:51 CEST  Closed file root://xrootd-cms.infn.it//store/mc/RunIISummer20UL16MiniAODv2/QCD_Pt_1000to1400_TuneCP5_13TeV_pythia8/MINIAODSIM/106X_mcRun2_asymptotic_v17-v1/140000/69A3DFAD-1C56-2947-A974-B129DBCF5679.root
11-Jun-2024 09:49:51 CEST  Initiating request to open file root://eoscms.cern.ch//eos/cms/store/mc/RunIISummer20UL16MiniAODv2/QCD_Pt_1000to1400_TuneCP5_13TeV_pythia8/MINIAODSIM/106X_mcRun2_asymptotic_v17-v1/140000/B2DBCEF7-95E5-FF4C-A637-65446FCB805A.root
%MSG-w XrdAdaptorInternal:  file_open 11-Jun-2024 09:49:52 CEST PostProcessEvent
Failed to open file at URL root://eoscms.cern.ch:1094//eos/cms/store/mc/RunIISummer20UL16MiniAODv2/QCD_Pt_1000to1400_TuneCP5_13TeV_pythia8/MINIAODSIM/106X_mcRun2_asymptotic_v17-v1/140000/B2DBCEF7-95E5-FF4C-A637-65446FCB805A.root.
%MSG
%MSG-w XrdAdaptorInternal:  file_open 11-Jun-2024 09:49:52 CEST PostProcessEvent
Failed to open file at URL root://eoscms.cern.ch:1094//eos/cms/store/mc/RunIISummer20UL16MiniAODv2/QCD_Pt_1000to1400_TuneCP5_13TeV_pythia8/MINIAODSIM/106X_mcRun2_asymptotic_v17-v1/140000/B2DBCEF7-95E5-FF4C-A637-65446FCB805A.root?tried=.
%MSG
11-Jun-2024 09:49:52 CEST  Fallback request to file root://xrootd-cms.infn.it//store/mc/RunIISummer20UL16MiniAODv2/QCD_Pt_1000to1400_TuneCP5_13TeV_pythia8/MINIAODSIM/106X_mcRun2_asymptotic_v17-v1/140000/B2DBCEF7-95E5-FF4C-A637-65446FCB805A.root
%MSG-w XrdAdaptor:  file_open 11-Jun-2024 09:50:05 CEST PostProcessEvent
Data is served from fnal.gov instead of original site infn.it
%MSG
11-Jun-2024 09:50:06 CEST  Successfully opened file root://xrootd-cms.infn.it//store/mc/RunIISummer20UL16MiniAODv2/QCD_Pt_1000to1400_TuneCP5_13TeV_pythia8/MINIAODSIM/106X_mcRun2_asymptotic_v17-v1/140000/B2DBCEF7-95E5-FF4C-A637-65446FCB805A.root
11-Jun-2024 09:50:11 CEST  Closed file root://xrootd-cms.infn.it//store/mc/RunIISummer20UL16MiniAODv2/QCD_Pt_1000to1400_TuneCP5_13TeV_pythia8/MINIAODSIM/106X_mcRun2_asymptotic_v17-v1/140000/B2DBCEF7-95E5-FF4C-A637-65446FCB805A.root
11-Jun-2024 09:50:11 CEST  Initiating request to open file root://eoscms.cern.ch//eos/cms/store/mc/RunIISummer20UL16MiniAODv2/QCD_Pt_1000to1400_TuneCP5_13TeV_pythia8/MINIAODSIM/106X_mcRun2_asymptotic_v17-v1/120000/97E0D150-F142-EE4A-B3AD-E88A8AE2A032.root
%MSG-w XrdAdaptorInternal:  file_open 11-Jun-2024 09:50:12 CEST PostProcessEvent
Failed to open file at URL root://eoscms.cern.ch:1094//eos/cms/store/mc/RunIISummer20UL16MiniAODv2/QCD_Pt_1000to1400_TuneCP5_13TeV_pythia8/MINIAODSIM/106X_mcRun2_asymptotic_v17-v1/120000/97E0D150-F142-EE4A-B3AD-E88A8AE2A032.root.
%MSG
%MSG-w XrdAdaptorInternal:  file_open 11-Jun-2024 09:50:12 CEST PostProcessEvent
Failed to open file at URL root://eoscms.cern.ch:1094//eos/cms/store/mc/RunIISummer20UL16MiniAODv2/QCD_Pt_1000to1400_TuneCP5_13TeV_pythia8/MINIAODSIM/106X_mcRun2_asymptotic_v17-v1/120000/97E0D150-F142-EE4A-B3AD-E88A8AE2A032.root?tried=.
%MSG
11-Jun-2024 09:50:12 CEST  Fallback request to file root://xrootd-cms.infn.it//store/mc/RunIISummer20UL16MiniAODv2/QCD_Pt_1000to1400_TuneCP5_13TeV_pythia8/MINIAODSIM/106X_mcRun2_asymptotic_v17-v1/120000/97E0D150-F142-EE4A-B3AD-E88A8AE2A032.root
%MSG-w XrdAdaptor:  file_open 11-Jun-2024 09:50:25 CEST PostProcessEvent
Data is served from fnal.gov instead of original site infn.it
%MSG
11-Jun-2024 09:50:26 CEST  Successfully opened file root://xrootd-cms.infn.it//store/mc/RunIISummer20UL16MiniAODv2/QCD_Pt_1000to1400_TuneCP5_13TeV_pythia8/MINIAODSIM/106X_mcRun2_asymptotic_v17-v1/120000/97E0D150-F142-EE4A-B3AD-E88A8AE2A032.root
Begin processing the 700001st record. Run 1, Event 1374010, LumiSection 1375 on stream 0 at 11-Jun-2024 09:50:32.896 CEST
11-Jun-2024 09:50:33 CEST  Closed file root://xrootd-cms.infn.it//store/mc/RunIISummer20UL16MiniAODv2/QCD_Pt_1000to1400_TuneCP5_13TeV_pythia8/MINIAODSIM/106X_mcRun2_asymptotic_v17-v1/120000/97E0D150-F142-EE4A-B3AD-E88A8AE2A032.root
11-Jun-2024 09:50:33 CEST  Initiating request to open file root://eoscms.cern.ch//eos/cms/store/mc/RunIISummer20UL16MiniAODv2/QCD_Pt_1000to1400_TuneCP5_13TeV_pythia8/MINIAODSIM/106X_mcRun2_asymptotic_v17-v1/120000/66C23165-93DE-B44B-99C7-DBDB59FE2B3C.root
%MSG-w XrdAdaptorInternal:  file_open 11-Jun-2024 09:50:34 CEST PostProcessEvent
Failed to open file at URL root://eoscms.cern.ch:1094//eos/cms/store/mc/RunIISummer20UL16MiniAODv2/QCD_Pt_1000to1400_TuneCP5_13TeV_pythia8/MINIAODSIM/106X_mcRun2_asymptotic_v17-v1/120000/66C23165-93DE-B44B-99C7-DBDB59FE2B3C.root.
%MSG
%MSG-w XrdAdaptorInternal:  file_open 11-Jun-2024 09:50:34 CEST PostProcessEvent
Failed to open file at URL root://eoscms.cern.ch:1094//eos/cms/store/mc/RunIISummer20UL16MiniAODv2/QCD_Pt_1000to1400_TuneCP5_13TeV_pythia8/MINIAODSIM/106X_mcRun2_asymptotic_v17-v1/120000/66C23165-93DE-B44B-99C7-DBDB59FE2B3C.root?tried=.
%MSG
11-Jun-2024 09:50:34 CEST  Fallback request to file root://xrootd-cms.infn.it//store/mc/RunIISummer20UL16MiniAODv2/QCD_Pt_1000to1400_TuneCP5_13TeV_pythia8/MINIAODSIM/106X_mcRun2_asymptotic_v17-v1/120000/66C23165-93DE-B44B-99C7-DBDB59FE2B3C.root
%MSG-w XrdAdaptor:  file_open 11-Jun-2024 09:50:47 CEST PostProcessEvent
Data is served from fnal.gov instead of original site infn.it
%MSG
11-Jun-2024 09:50:48 CEST  Successfully opened file root://xrootd-cms.infn.it//store/mc/RunIISummer20UL16MiniAODv2/QCD_Pt_1000to1400_TuneCP5_13TeV_pythia8/MINIAODSIM/106X_mcRun2_asymptotic_v17-v1/120000/66C23165-93DE-B44B-99C7-DBDB59FE2B3C.root
11-Jun-2024 09:50:55 CEST  Closed file root://xrootd-cms.infn.it//store/mc/RunIISummer20UL16MiniAODv2/QCD_Pt_1000to1400_TuneCP5_13TeV_pythia8/MINIAODSIM/106X_mcRun2_asymptotic_v17-v1/120000/66C23165-93DE-B44B-99C7-DBDB59FE2B3C.root
11-Jun-2024 09:50:55 CEST  Initiating request to open file root://eoscms.cern.ch//eos/cms/store/mc/RunIISummer20UL16MiniAODv2/QCD_Pt_1000to1400_TuneCP5_13TeV_pythia8/MINIAODSIM/106X_mcRun2_asymptotic_v17-v1/120000/95AF524A-8BF7-A746-883D-BF2F7FECF22A.root
%MSG-w XrdAdaptorInternal:  file_open 11-Jun-2024 09:50:56 CEST PostProcessEvent
Failed to open file at URL root://eoscms.cern.ch:1094//eos/cms/store/mc/RunIISummer20UL16MiniAODv2/QCD_Pt_1000to1400_TuneCP5_13TeV_pythia8/MINIAODSIM/106X_mcRun2_asymptotic_v17-v1/120000/95AF524A-8BF7-A746-883D-BF2F7FECF22A.root.
%MSG
%MSG-w XrdAdaptorInternal:  file_open 11-Jun-2024 09:50:56 CEST PostProcessEvent
Failed to open file at URL root://eoscms.cern.ch:1094//eos/cms/store/mc/RunIISummer20UL16MiniAODv2/QCD_Pt_1000to1400_TuneCP5_13TeV_pythia8/MINIAODSIM/106X_mcRun2_asymptotic_v17-v1/120000/95AF524A-8BF7-A746-883D-BF2F7FECF22A.root?tried=.
%MSG
11-Jun-2024 09:50:56 CEST  Fallback request to file root://xrootd-cms.infn.it//store/mc/RunIISummer20UL16MiniAODv2/QCD_Pt_1000to1400_TuneCP5_13TeV_pythia8/MINIAODSIM/106X_mcRun2_asymptotic_v17-v1/120000/95AF524A-8BF7-A746-883D-BF2F7FECF22A.root
%MSG-w XrdAdaptor:  file_open 11-Jun-2024 09:51:09 CEST PostProcessEvent
Data is served from fnal.gov instead of original site infn.it
%MSG
11-Jun-2024 09:51:10 CEST  Successfully opened file root://xrootd-cms.infn.it//store/mc/RunIISummer20UL16MiniAODv2/QCD_Pt_1000to1400_TuneCP5_13TeV_pythia8/MINIAODSIM/106X_mcRun2_asymptotic_v17-v1/120000/95AF524A-8BF7-A746-883D-BF2F7FECF22A.root
Begin processing the 800001st record. Run 1, Event 9298008, LumiSection 9299 on stream 0 at 11-Jun-2024 09:51:18.212 CEST
11-Jun-2024 09:51:18 CEST  Closed file root://xrootd-cms.infn.it//store/mc/RunIISummer20UL16MiniAODv2/QCD_Pt_1000to1400_TuneCP5_13TeV_pythia8/MINIAODSIM/106X_mcRun2_asymptotic_v17-v1/120000/95AF524A-8BF7-A746-883D-BF2F7FECF22A.root
11-Jun-2024 09:51:18 CEST  Initiating request to open file root://eoscms.cern.ch//eos/cms/store/mc/RunIISummer20UL16MiniAODv2/QCD_Pt_1000to1400_TuneCP5_13TeV_pythia8/MINIAODSIM/106X_mcRun2_asymptotic_v17-v1/120000/F40FD0A1-3296-3F4B-9A3C-C80D43D3E324.root
%MSG-w XrdAdaptorInternal:  file_open 11-Jun-2024 09:51:19 CEST PostProcessEvent
Failed to open file at URL root://eoscms.cern.ch:1094//eos/cms/store/mc/RunIISummer20UL16MiniAODv2/QCD_Pt_1000to1400_TuneCP5_13TeV_pythia8/MINIAODSIM/106X_mcRun2_asymptotic_v17-v1/120000/F40FD0A1-3296-3F4B-9A3C-C80D43D3E324.root.
%MSG
%MSG-w XrdAdaptorInternal:  file_open 11-Jun-2024 09:51:19 CEST PostProcessEvent
Failed to open file at URL root://eoscms.cern.ch:1094//eos/cms/store/mc/RunIISummer20UL16MiniAODv2/QCD_Pt_1000to1400_TuneCP5_13TeV_pythia8/MINIAODSIM/106X_mcRun2_asymptotic_v17-v1/120000/F40FD0A1-3296-3F4B-9A3C-C80D43D3E324.root?tried=.
%MSG
11-Jun-2024 09:51:19 CEST  Fallback request to file root://xrootd-cms.infn.it//store/mc/RunIISummer20UL16MiniAODv2/QCD_Pt_1000to1400_TuneCP5_13TeV_pythia8/MINIAODSIM/106X_mcRun2_asymptotic_v17-v1/120000/F40FD0A1-3296-3F4B-9A3C-C80D43D3E324.root
%MSG-w XrdAdaptor:  file_open 11-Jun-2024 09:51:32 CEST PostProcessEvent
Data is served from fnal.gov instead of original site infn.it
%MSG
11-Jun-2024 09:51:33 CEST  Successfully opened file root://xrootd-cms.infn.it//store/mc/RunIISummer20UL16MiniAODv2/QCD_Pt_1000to1400_TuneCP5_13TeV_pythia8/MINIAODSIM/106X_mcRun2_asymptotic_v17-v1/120000/F40FD0A1-3296-3F4B-9A3C-C80D43D3E324.root
11-Jun-2024 09:51:40 CEST  Closed file root://xrootd-cms.infn.it//store/mc/RunIISummer20UL16MiniAODv2/QCD_Pt_1000to1400_TuneCP5_13TeV_pythia8/MINIAODSIM/106X_mcRun2_asymptotic_v17-v1/120000/F40FD0A1-3296-3F4B-9A3C-C80D43D3E324.root
11-Jun-2024 09:51:40 CEST  Initiating request to open file root://eoscms.cern.ch//eos/cms/store/mc/RunIISummer20UL16MiniAODv2/QCD_Pt_1000to1400_TuneCP5_13TeV_pythia8/MINIAODSIM/106X_mcRun2_asymptotic_v17-v1/120000/2F254961-2753-3A46-8671-D5A213605217.root
%MSG-w XrdAdaptorInternal:  file_open 11-Jun-2024 09:51:41 CEST PostProcessEvent
Failed to open file at URL root://eoscms.cern.ch:1094//eos/cms/store/mc/RunIISummer20UL16MiniAODv2/QCD_Pt_1000to1400_TuneCP5_13TeV_pythia8/MINIAODSIM/106X_mcRun2_asymptotic_v17-v1/120000/2F254961-2753-3A46-8671-D5A213605217.root.
%MSG
%MSG-w XrdAdaptorInternal:  file_open 11-Jun-2024 09:51:41 CEST PostProcessEvent
Failed to open file at URL root://eoscms.cern.ch:1094//eos/cms/store/mc/RunIISummer20UL16MiniAODv2/QCD_Pt_1000to1400_TuneCP5_13TeV_pythia8/MINIAODSIM/106X_mcRun2_asymptotic_v17-v1/120000/2F254961-2753-3A46-8671-D5A213605217.root?tried=.
%MSG
11-Jun-2024 09:51:41 CEST  Fallback request to file root://xrootd-cms.infn.it//store/mc/RunIISummer20UL16MiniAODv2/QCD_Pt_1000to1400_TuneCP5_13TeV_pythia8/MINIAODSIM/106X_mcRun2_asymptotic_v17-v1/120000/2F254961-2753-3A46-8671-D5A213605217.root
%MSG-w XrdAdaptor:  file_open 11-Jun-2024 09:51:54 CEST PostProcessEvent
Data is served from fnal.gov instead of original site infn.it
%MSG
11-Jun-2024 09:51:55 CEST  Successfully opened file root://xrootd-cms.infn.it//store/mc/RunIISummer20UL16MiniAODv2/QCD_Pt_1000to1400_TuneCP5_13TeV_pythia8/MINIAODSIM/106X_mcRun2_asymptotic_v17-v1/120000/2F254961-2753-3A46-8671-D5A213605217.root
Begin processing the 900001st record. Run 1, Event 13894016, LumiSection 13895 on stream 0 at 11-Jun-2024 09:52:02.164 CEST
11-Jun-2024 09:52:02 CEST  Closed file root://xrootd-cms.infn.it//store/mc/RunIISummer20UL16MiniAODv2/QCD_Pt_1000to1400_TuneCP5_13TeV_pythia8/MINIAODSIM/106X_mcRun2_asymptotic_v17-v1/120000/2F254961-2753-3A46-8671-D5A213605217.root
11-Jun-2024 09:52:02 CEST  Initiating request to open file root://eoscms.cern.ch//eos/cms/store/mc/RunIISummer20UL16MiniAODv2/QCD_Pt_1000to1400_TuneCP5_13TeV_pythia8/MINIAODSIM/106X_mcRun2_asymptotic_v17-v1/120000/E363F4AF-AA63-764D-9F41-34C61DE24691.root
%MSG-w XrdAdaptorInternal:  file_open 11-Jun-2024 09:52:03 CEST PostProcessEvent
Failed to open file at URL root://eoscms.cern.ch:1094//eos/cms/store/mc/RunIISummer20UL16MiniAODv2/QCD_Pt_1000to1400_TuneCP5_13TeV_pythia8/MINIAODSIM/106X_mcRun2_asymptotic_v17-v1/120000/E363F4AF-AA63-764D-9F41-34C61DE24691.root.
%MSG
%MSG-w XrdAdaptorInternal:  file_open 11-Jun-2024 09:52:03 CEST PostProcessEvent
Failed to open file at URL root://eoscms.cern.ch:1094//eos/cms/store/mc/RunIISummer20UL16MiniAODv2/QCD_Pt_1000to1400_TuneCP5_13TeV_pythia8/MINIAODSIM/106X_mcRun2_asymptotic_v17-v1/120000/E363F4AF-AA63-764D-9F41-34C61DE24691.root?tried=.
%MSG
11-Jun-2024 09:52:03 CEST  Fallback request to file root://xrootd-cms.infn.it//store/mc/RunIISummer20UL16MiniAODv2/QCD_Pt_1000to1400_TuneCP5_13TeV_pythia8/MINIAODSIM/106X_mcRun2_asymptotic_v17-v1/120000/E363F4AF-AA63-764D-9F41-34C61DE24691.root
%MSG-w XrdAdaptor:  file_open 11-Jun-2024 09:52:15 CEST PostProcessEvent
Data is served from fnal.gov instead of original site infn.it
%MSG
11-Jun-2024 09:52:16 CEST  Successfully opened file root://xrootd-cms.infn.it//store/mc/RunIISummer20UL16MiniAODv2/QCD_Pt_1000to1400_TuneCP5_13TeV_pythia8/MINIAODSIM/106X_mcRun2_asymptotic_v17-v1/120000/E363F4AF-AA63-764D-9F41-34C61DE24691.root
11-Jun-2024 09:52:24 CEST  Closed file root://xrootd-cms.infn.it//store/mc/RunIISummer20UL16MiniAODv2/QCD_Pt_1000to1400_TuneCP5_13TeV_pythia8/MINIAODSIM/106X_mcRun2_asymptotic_v17-v1/120000/E363F4AF-AA63-764D-9F41-34C61DE24691.root
11-Jun-2024 09:52:24 CEST  Initiating request to open file root://eoscms.cern.ch//eos/cms/store/mc/RunIISummer20UL16MiniAODv2/QCD_Pt_1000to1400_TuneCP5_13TeV_pythia8/MINIAODSIM/106X_mcRun2_asymptotic_v17-v1/120000/100E7694-DCCD-3F47-8FE4-B2B83A5A7B34.root
%MSG-w XrdAdaptorInternal:  file_open 11-Jun-2024 09:52:25 CEST PostProcessEvent
Failed to open file at URL root://eoscms.cern.ch:1094//eos/cms/store/mc/RunIISummer20UL16MiniAODv2/QCD_Pt_1000to1400_TuneCP5_13TeV_pythia8/MINIAODSIM/106X_mcRun2_asymptotic_v17-v1/120000/100E7694-DCCD-3F47-8FE4-B2B83A5A7B34.root.
%MSG
%MSG-w XrdAdaptorInternal:  file_open 11-Jun-2024 09:52:25 CEST PostProcessEvent
Failed to open file at URL root://eoscms.cern.ch:1094//eos/cms/store/mc/RunIISummer20UL16MiniAODv2/QCD_Pt_1000to1400_TuneCP5_13TeV_pythia8/MINIAODSIM/106X_mcRun2_asymptotic_v17-v1/120000/100E7694-DCCD-3F47-8FE4-B2B83A5A7B34.root?tried=.
%MSG
11-Jun-2024 09:52:25 CEST  Fallback request to file root://xrootd-cms.infn.it//store/mc/RunIISummer20UL16MiniAODv2/QCD_Pt_1000to1400_TuneCP5_13TeV_pythia8/MINIAODSIM/106X_mcRun2_asymptotic_v17-v1/120000/100E7694-DCCD-3F47-8FE4-B2B83A5A7B34.root
%MSG-w XrdAdaptor:  file_open 11-Jun-2024 09:52:38 CEST PostProcessEvent
Data is served from fnal.gov instead of original site infn.it
%MSG
11-Jun-2024 09:52:39 CEST  Successfully opened file root://xrootd-cms.infn.it//store/mc/RunIISummer20UL16MiniAODv2/QCD_Pt_1000to1400_TuneCP5_13TeV_pythia8/MINIAODSIM/106X_mcRun2_asymptotic_v17-v1/120000/100E7694-DCCD-3F47-8FE4-B2B83A5A7B34.root
Unable to load sec.protocol plugin libXrdSecztn.so
11-Jun-2024 09:53:01 CEST  Closed file root://xrootd-cms.infn.it//store/mc/RunIISummer20UL16MiniAODv2/QCD_Pt_1000to1400_TuneCP5_13TeV_pythia8/MINIAODSIM/106X_mcRun2_asymptotic_v17-v1/120000/100E7694-DCCD-3F47-8FE4-B2B83A5A7B34.root
11-Jun-2024 09:53:01 CEST  Initiating request to open file root://eoscms.cern.ch//eos/cms/store/mc/RunIISummer20UL16MiniAODv2/QCD_Pt_1000to1400_TuneCP5_13TeV_pythia8/MINIAODSIM/106X_mcRun2_asymptotic_v17-v1/120000/B2E70B96-8EA6-CB40-A6AB-7C0B715E2187.root
%MSG-w XrdAdaptorInternal:  file_open 11-Jun-2024 09:53:02 CEST PostProcessEvent
Failed to open file at URL root://eoscms.cern.ch:1094//eos/cms/store/mc/RunIISummer20UL16MiniAODv2/QCD_Pt_1000to1400_TuneCP5_13TeV_pythia8/MINIAODSIM/106X_mcRun2_asymptotic_v17-v1/120000/B2E70B96-8EA6-CB40-A6AB-7C0B715E2187.root.
%MSG
%MSG-w XrdAdaptorInternal:  file_open 11-Jun-2024 09:53:02 CEST PostProcessEvent
Failed to open file at URL root://eoscms.cern.ch:1094//eos/cms/store/mc/RunIISummer20UL16MiniAODv2/QCD_Pt_1000to1400_TuneCP5_13TeV_pythia8/MINIAODSIM/106X_mcRun2_asymptotic_v17-v1/120000/B2E70B96-8EA6-CB40-A6AB-7C0B715E2187.root?tried=.
%MSG
11-Jun-2024 09:53:02 CEST  Fallback request to file root://xrootd-cms.infn.it//store/mc/RunIISummer20UL16MiniAODv2/QCD_Pt_1000to1400_TuneCP5_13TeV_pythia8/MINIAODSIM/106X_mcRun2_asymptotic_v17-v1/120000/B2E70B96-8EA6-CB40-A6AB-7C0B715E2187.root
%MSG-w XrdAdaptor:  file_open 11-Jun-2024 09:53:15 CEST PostProcessEvent
Data is served from fnal.gov instead of original site infn.it
%MSG
11-Jun-2024 09:53:16 CEST  Successfully opened file root://xrootd-cms.infn.it//store/mc/RunIISummer20UL16MiniAODv2/QCD_Pt_1000to1400_TuneCP5_13TeV_pythia8/MINIAODSIM/106X_mcRun2_asymptotic_v17-v1/120000/B2E70B96-8EA6-CB40-A6AB-7C0B715E2187.root
11-Jun-2024 09:53:20 CEST  Closed file root://xrootd-cms.infn.it//store/mc/RunIISummer20UL16MiniAODv2/QCD_Pt_1000to1400_TuneCP5_13TeV_pythia8/MINIAODSIM/106X_mcRun2_asymptotic_v17-v1/120000/B2E70B96-8EA6-CB40-A6AB-7C0B715E2187.root

------------------------------------
GenXsecAnalyzer:
------------------------------------
Before Filter: total cross section = 7.475e+00 +- 3.569e-03 pb
Filter efficiency (taking into account weights)= (1e+06) / (1e+06) = 1.000e+00 +- 0.000e+00
Filter efficiency (event-level)= (1e+06) / (1e+06) = 1.000e+00 +- 0.000e+00    [TO BE USED IN MCM]

After filter: final cross section = 7.475e+00 +- 3.569e-03 pb
After filter: final fraction of events with negative weights = 0.000e+00 +- 0.000e+00
After filter: final equivalent lumi for 1M events (1/fb) = 1.338e+02 +- 1.482e-01

=============================================

MessageLogger Summary

 type     category        sev    module        subroutine        count    total
 ---- -------------------- -- ---------------- ----------------  -----    -----
    1 GenXSecAnalyzer      -w GenXSecAnalyzer:                       7        7
    2 XrdAdaptor           -w file_open                             24       24
    3 XrdAdaptorInternal   -w file_open                             48       48
    4 fileAction           -s file_close                            24       24
    5 fileAction           -s file_open                             72       72

 type    category    Examples: run/evt        run/evt          run/evt
 ---- -------------------- ---------------- ---------------- ----------------
    1 GenXSecAnalyzer      PostGlobalEndRun PostGlobalEndRun PostGlobalEndRun
    2 XrdAdaptor           pre-events       PostProcessEvent PostProcessEvent
    3 XrdAdaptorInternal   pre-events       pre-events       PostProcessEvent
    4 fileAction           PostProcessEvent PostProcessEvent PostGlobalEndRun
    5 fileAction           pre-events       pre-events       PostProcessEvent

Severity    # Occurrences   Total Occurrences
--------    -------------   -----------------
Warning                79                  79
System                 96                  96

dropped waiting message count 0
