11-Jun-2024 08:24:52 CEST  Initiating request to open file root://eoscms.cern.ch//eos/cms/store/mc/RunIISummer20UL16MiniAODv2/QCD_Pt-15to7000_TuneCP5_Flat2018_13TeV_pythia8/MINIAODSIM/106X_mcRun2_asymptotic_v17-v1/270000/030D9093-0513-0340-A5A4-15DE53778266.root
%MSG-w XrdAdaptorInternal:  file_open 11-Jun-2024 08:24:53 CEST pre-events
Failed to open file at URL root://eoscms.cern.ch:1094//eos/cms/store/mc/RunIISummer20UL16MiniAODv2/QCD_Pt-15to7000_TuneCP5_Flat2018_13TeV_pythia8/MINIAODSIM/106X_mcRun2_asymptotic_v17-v1/270000/030D9093-0513-0340-A5A4-15DE53778266.root.
%MSG
%MSG-w XrdAdaptorInternal:  file_open 11-Jun-2024 08:24:53 CEST pre-events
Failed to open file at URL root://eoscms.cern.ch:1094//eos/cms/store/mc/RunIISummer20UL16MiniAODv2/QCD_Pt-15to7000_TuneCP5_Flat2018_13TeV_pythia8/MINIAODSIM/106X_mcRun2_asymptotic_v17-v1/270000/030D9093-0513-0340-A5A4-15DE53778266.root?tried=.
%MSG
11-Jun-2024 08:24:53 CEST  Fallback request to file root://xrootd-cms.infn.it//store/mc/RunIISummer20UL16MiniAODv2/QCD_Pt-15to7000_TuneCP5_Flat2018_13TeV_pythia8/MINIAODSIM/106X_mcRun2_asymptotic_v17-v1/270000/030D9093-0513-0340-A5A4-15DE53778266.root
Unable to load sec.protocol plugin libXrdSecztn.so
%MSG-w XrdAdaptor:  file_open 11-Jun-2024 08:24:57 CEST pre-events
Data is served from fnal.gov instead of original site T2_IT_Pisa
%MSG
11-Jun-2024 08:25:00 CEST  Successfully opened file root://xrootd-cms.infn.it//store/mc/RunIISummer20UL16MiniAODv2/QCD_Pt-15to7000_TuneCP5_Flat2018_13TeV_pythia8/MINIAODSIM/106X_mcRun2_asymptotic_v17-v1/270000/030D9093-0513-0340-A5A4-15DE53778266.root
Unable to load sec.protocol plugin libXrdSecztn.so
Begin processing the 1st record. Run 1, Event 7214001, LumiSection 7215 on stream 0 at 11-Jun-2024 08:25:05.548 CEST
11-Jun-2024 08:25:07 CEST  Closed file root://xrootd-cms.infn.it//store/mc/RunIISummer20UL16MiniAODv2/QCD_Pt-15to7000_TuneCP5_Flat2018_13TeV_pythia8/MINIAODSIM/106X_mcRun2_asymptotic_v17-v1/270000/030D9093-0513-0340-A5A4-15DE53778266.root
11-Jun-2024 08:25:07 CEST  Initiating request to open file root://eoscms.cern.ch//eos/cms/store/mc/RunIISummer20UL16MiniAODv2/QCD_Pt-15to7000_TuneCP5_Flat2018_13TeV_pythia8/MINIAODSIM/106X_mcRun2_asymptotic_v17-v1/270000/B3A4AD86-F192-7741-8B28-03E1EBE91E96.root
%MSG-w XrdAdaptorInternal:  file_open 11-Jun-2024 08:25:08 CEST PostProcessEvent
Failed to open file at URL root://eoscms.cern.ch:1094//eos/cms/store/mc/RunIISummer20UL16MiniAODv2/QCD_Pt-15to7000_TuneCP5_Flat2018_13TeV_pythia8/MINIAODSIM/106X_mcRun2_asymptotic_v17-v1/270000/B3A4AD86-F192-7741-8B28-03E1EBE91E96.root.
%MSG
%MSG-w XrdAdaptorInternal:  file_open 11-Jun-2024 08:25:08 CEST PostProcessEvent
Failed to open file at URL root://eoscms.cern.ch:1094//eos/cms/store/mc/RunIISummer20UL16MiniAODv2/QCD_Pt-15to7000_TuneCP5_Flat2018_13TeV_pythia8/MINIAODSIM/106X_mcRun2_asymptotic_v17-v1/270000/B3A4AD86-F192-7741-8B28-03E1EBE91E96.root?tried=.
%MSG
11-Jun-2024 08:25:08 CEST  Fallback request to file root://xrootd-cms.infn.it//store/mc/RunIISummer20UL16MiniAODv2/QCD_Pt-15to7000_TuneCP5_Flat2018_13TeV_pythia8/MINIAODSIM/106X_mcRun2_asymptotic_v17-v1/270000/B3A4AD86-F192-7741-8B28-03E1EBE91E96.root
Unable to load sec.protocol plugin libXrdSecztn.so
%MSG-w XrdAdaptor:  file_open 11-Jun-2024 08:25:22 CEST PostProcessEvent
Data is served from fnal.gov instead of original site T2_IT_Pisa
%MSG
11-Jun-2024 08:25:23 CEST  Successfully opened file root://xrootd-cms.infn.it//store/mc/RunIISummer20UL16MiniAODv2/QCD_Pt-15to7000_TuneCP5_Flat2018_13TeV_pythia8/MINIAODSIM/106X_mcRun2_asymptotic_v17-v1/270000/B3A4AD86-F192-7741-8B28-03E1EBE91E96.root
Begin processing the 100001st record. Run 1, Event 12215007, LumiSection 12216 on stream 0 at 11-Jun-2024 08:25:30.526 CEST
11-Jun-2024 08:25:32 CEST  Closed file root://xrootd-cms.infn.it//store/mc/RunIISummer20UL16MiniAODv2/QCD_Pt-15to7000_TuneCP5_Flat2018_13TeV_pythia8/MINIAODSIM/106X_mcRun2_asymptotic_v17-v1/270000/B3A4AD86-F192-7741-8B28-03E1EBE91E96.root
11-Jun-2024 08:25:32 CEST  Initiating request to open file root://eoscms.cern.ch//eos/cms/store/mc/RunIISummer20UL16MiniAODv2/QCD_Pt-15to7000_TuneCP5_Flat2018_13TeV_pythia8/MINIAODSIM/106X_mcRun2_asymptotic_v17-v1/270000/ABF2D91D-07DA-7047-A1BD-B8088881D35F.root
%MSG-w XrdAdaptorInternal:  file_open 11-Jun-2024 08:25:33 CEST PostProcessEvent
Failed to open file at URL root://eoscms.cern.ch:1094//eos/cms/store/mc/RunIISummer20UL16MiniAODv2/QCD_Pt-15to7000_TuneCP5_Flat2018_13TeV_pythia8/MINIAODSIM/106X_mcRun2_asymptotic_v17-v1/270000/ABF2D91D-07DA-7047-A1BD-B8088881D35F.root.
%MSG
%MSG-w XrdAdaptorInternal:  file_open 11-Jun-2024 08:25:33 CEST PostProcessEvent
Failed to open file at URL root://eoscms.cern.ch:1094//eos/cms/store/mc/RunIISummer20UL16MiniAODv2/QCD_Pt-15to7000_TuneCP5_Flat2018_13TeV_pythia8/MINIAODSIM/106X_mcRun2_asymptotic_v17-v1/270000/ABF2D91D-07DA-7047-A1BD-B8088881D35F.root?tried=.
%MSG
11-Jun-2024 08:25:33 CEST  Fallback request to file root://xrootd-cms.infn.it//store/mc/RunIISummer20UL16MiniAODv2/QCD_Pt-15to7000_TuneCP5_Flat2018_13TeV_pythia8/MINIAODSIM/106X_mcRun2_asymptotic_v17-v1/270000/ABF2D91D-07DA-7047-A1BD-B8088881D35F.root
%MSG-w XrdAdaptor:  file_open 11-Jun-2024 08:25:45 CEST PostProcessEvent
Data is served from fnal.gov instead of original site T2_IT_Pisa
%MSG
11-Jun-2024 08:25:45 CEST  Successfully opened file root://xrootd-cms.infn.it//store/mc/RunIISummer20UL16MiniAODv2/QCD_Pt-15to7000_TuneCP5_Flat2018_13TeV_pythia8/MINIAODSIM/106X_mcRun2_asymptotic_v17-v1/270000/ABF2D91D-07DA-7047-A1BD-B8088881D35F.root
Begin processing the 200001st record. Run 1, Event 13523018, LumiSection 13524 on stream 0 at 11-Jun-2024 08:25:53.608 CEST
11-Jun-2024 08:25:54 CEST  Closed file root://xrootd-cms.infn.it//store/mc/RunIISummer20UL16MiniAODv2/QCD_Pt-15to7000_TuneCP5_Flat2018_13TeV_pythia8/MINIAODSIM/106X_mcRun2_asymptotic_v17-v1/270000/ABF2D91D-07DA-7047-A1BD-B8088881D35F.root
11-Jun-2024 08:25:54 CEST  Initiating request to open file root://eoscms.cern.ch//eos/cms/store/mc/RunIISummer20UL16MiniAODv2/QCD_Pt-15to7000_TuneCP5_Flat2018_13TeV_pythia8/MINIAODSIM/106X_mcRun2_asymptotic_v17-v1/270000/179B0E0F-FF42-7445-905D-CF433687B867.root
%MSG-w XrdAdaptorInternal:  file_open 11-Jun-2024 08:25:55 CEST PostProcessEvent
Failed to open file at URL root://eoscms.cern.ch:1094//eos/cms/store/mc/RunIISummer20UL16MiniAODv2/QCD_Pt-15to7000_TuneCP5_Flat2018_13TeV_pythia8/MINIAODSIM/106X_mcRun2_asymptotic_v17-v1/270000/179B0E0F-FF42-7445-905D-CF433687B867.root.
%MSG
%MSG-w XrdAdaptorInternal:  file_open 11-Jun-2024 08:25:55 CEST PostProcessEvent
Failed to open file at URL root://eoscms.cern.ch:1094//eos/cms/store/mc/RunIISummer20UL16MiniAODv2/QCD_Pt-15to7000_TuneCP5_Flat2018_13TeV_pythia8/MINIAODSIM/106X_mcRun2_asymptotic_v17-v1/270000/179B0E0F-FF42-7445-905D-CF433687B867.root?tried=.
%MSG
11-Jun-2024 08:25:55 CEST  Fallback request to file root://xrootd-cms.infn.it//store/mc/RunIISummer20UL16MiniAODv2/QCD_Pt-15to7000_TuneCP5_Flat2018_13TeV_pythia8/MINIAODSIM/106X_mcRun2_asymptotic_v17-v1/270000/179B0E0F-FF42-7445-905D-CF433687B867.root
%MSG-w XrdAdaptor:  file_open 11-Jun-2024 08:26:08 CEST PostProcessEvent
Data is served from fnal.gov instead of original site T2_IT_Pisa
%MSG
11-Jun-2024 08:26:08 CEST  Successfully opened file root://xrootd-cms.infn.it//store/mc/RunIISummer20UL16MiniAODv2/QCD_Pt-15to7000_TuneCP5_Flat2018_13TeV_pythia8/MINIAODSIM/106X_mcRun2_asymptotic_v17-v1/270000/179B0E0F-FF42-7445-905D-CF433687B867.root
Begin processing the 300001st record. Run 1, Event 12919009, LumiSection 12920 on stream 0 at 11-Jun-2024 08:26:15.906 CEST
11-Jun-2024 08:26:16 CEST  Closed file root://xrootd-cms.infn.it//store/mc/RunIISummer20UL16MiniAODv2/QCD_Pt-15to7000_TuneCP5_Flat2018_13TeV_pythia8/MINIAODSIM/106X_mcRun2_asymptotic_v17-v1/270000/179B0E0F-FF42-7445-905D-CF433687B867.root
11-Jun-2024 08:26:16 CEST  Initiating request to open file root://eoscms.cern.ch//eos/cms/store/mc/RunIISummer20UL16MiniAODv2/QCD_Pt-15to7000_TuneCP5_Flat2018_13TeV_pythia8/MINIAODSIM/106X_mcRun2_asymptotic_v17-v1/270000/8DB95226-CBE3-CD45-958E-9B8DAC3B6812.root
%MSG-w XrdAdaptorInternal:  file_open 11-Jun-2024 08:26:17 CEST PostProcessEvent
Failed to open file at URL root://eoscms.cern.ch:1094//eos/cms/store/mc/RunIISummer20UL16MiniAODv2/QCD_Pt-15to7000_TuneCP5_Flat2018_13TeV_pythia8/MINIAODSIM/106X_mcRun2_asymptotic_v17-v1/270000/8DB95226-CBE3-CD45-958E-9B8DAC3B6812.root.
%MSG
%MSG-w XrdAdaptorInternal:  file_open 11-Jun-2024 08:26:17 CEST PostProcessEvent
Failed to open file at URL root://eoscms.cern.ch:1094//eos/cms/store/mc/RunIISummer20UL16MiniAODv2/QCD_Pt-15to7000_TuneCP5_Flat2018_13TeV_pythia8/MINIAODSIM/106X_mcRun2_asymptotic_v17-v1/270000/8DB95226-CBE3-CD45-958E-9B8DAC3B6812.root?tried=.
%MSG
11-Jun-2024 08:26:17 CEST  Fallback request to file root://xrootd-cms.infn.it//store/mc/RunIISummer20UL16MiniAODv2/QCD_Pt-15to7000_TuneCP5_Flat2018_13TeV_pythia8/MINIAODSIM/106X_mcRun2_asymptotic_v17-v1/270000/8DB95226-CBE3-CD45-958E-9B8DAC3B6812.root
%MSG-w XrdAdaptor:  file_open 11-Jun-2024 08:26:30 CEST PostProcessEvent
Data is served from fnal.gov instead of original site T2_IT_Pisa
%MSG
11-Jun-2024 08:26:30 CEST  Successfully opened file root://xrootd-cms.infn.it//store/mc/RunIISummer20UL16MiniAODv2/QCD_Pt-15to7000_TuneCP5_Flat2018_13TeV_pythia8/MINIAODSIM/106X_mcRun2_asymptotic_v17-v1/270000/8DB95226-CBE3-CD45-958E-9B8DAC3B6812.root
Begin processing the 400001st record. Run 1, Event 11582009, LumiSection 11583 on stream 0 at 11-Jun-2024 08:26:40.425 CEST
11-Jun-2024 08:26:41 CEST  Closed file root://xrootd-cms.infn.it//store/mc/RunIISummer20UL16MiniAODv2/QCD_Pt-15to7000_TuneCP5_Flat2018_13TeV_pythia8/MINIAODSIM/106X_mcRun2_asymptotic_v17-v1/270000/8DB95226-CBE3-CD45-958E-9B8DAC3B6812.root
11-Jun-2024 08:26:41 CEST  Initiating request to open file root://eoscms.cern.ch//eos/cms/store/mc/RunIISummer20UL16MiniAODv2/QCD_Pt-15to7000_TuneCP5_Flat2018_13TeV_pythia8/MINIAODSIM/106X_mcRun2_asymptotic_v17-v1/270000/86CC8EE7-BC85-B941-A957-3ED6691356AB.root
%MSG-w XrdAdaptorInternal:  file_open 11-Jun-2024 08:26:42 CEST PostProcessEvent
Failed to open file at URL root://eoscms.cern.ch:1094//eos/cms/store/mc/RunIISummer20UL16MiniAODv2/QCD_Pt-15to7000_TuneCP5_Flat2018_13TeV_pythia8/MINIAODSIM/106X_mcRun2_asymptotic_v17-v1/270000/86CC8EE7-BC85-B941-A957-3ED6691356AB.root.
%MSG
%MSG-w XrdAdaptorInternal:  file_open 11-Jun-2024 08:26:42 CEST PostProcessEvent
Failed to open file at URL root://eoscms.cern.ch:1094//eos/cms/store/mc/RunIISummer20UL16MiniAODv2/QCD_Pt-15to7000_TuneCP5_Flat2018_13TeV_pythia8/MINIAODSIM/106X_mcRun2_asymptotic_v17-v1/270000/86CC8EE7-BC85-B941-A957-3ED6691356AB.root?tried=.
%MSG
11-Jun-2024 08:26:42 CEST  Fallback request to file root://xrootd-cms.infn.it//store/mc/RunIISummer20UL16MiniAODv2/QCD_Pt-15to7000_TuneCP5_Flat2018_13TeV_pythia8/MINIAODSIM/106X_mcRun2_asymptotic_v17-v1/270000/86CC8EE7-BC85-B941-A957-3ED6691356AB.root
%MSG-w XrdAdaptor:  file_open 11-Jun-2024 08:26:54 CEST PostProcessEvent
Data is served from fnal.gov instead of original site T2_IT_Pisa
%MSG
11-Jun-2024 08:26:54 CEST  Successfully opened file root://xrootd-cms.infn.it//store/mc/RunIISummer20UL16MiniAODv2/QCD_Pt-15to7000_TuneCP5_Flat2018_13TeV_pythia8/MINIAODSIM/106X_mcRun2_asymptotic_v17-v1/270000/86CC8EE7-BC85-B941-A957-3ED6691356AB.root
Begin processing the 500001st record. Run 1, Event 4978019, LumiSection 4979 on stream 0 at 11-Jun-2024 08:27:03.755 CEST
11-Jun-2024 08:27:04 CEST  Closed file root://xrootd-cms.infn.it//store/mc/RunIISummer20UL16MiniAODv2/QCD_Pt-15to7000_TuneCP5_Flat2018_13TeV_pythia8/MINIAODSIM/106X_mcRun2_asymptotic_v17-v1/270000/86CC8EE7-BC85-B941-A957-3ED6691356AB.root
11-Jun-2024 08:27:04 CEST  Initiating request to open file root://eoscms.cern.ch//eos/cms/store/mc/RunIISummer20UL16MiniAODv2/QCD_Pt-15to7000_TuneCP5_Flat2018_13TeV_pythia8/MINIAODSIM/106X_mcRun2_asymptotic_v17-v1/270000/E141C4CC-D8C6-CC46-A279-695054407AA2.root
%MSG-w XrdAdaptorInternal:  file_open 11-Jun-2024 08:27:05 CEST PostProcessEvent
Failed to open file at URL root://eoscms.cern.ch:1094//eos/cms/store/mc/RunIISummer20UL16MiniAODv2/QCD_Pt-15to7000_TuneCP5_Flat2018_13TeV_pythia8/MINIAODSIM/106X_mcRun2_asymptotic_v17-v1/270000/E141C4CC-D8C6-CC46-A279-695054407AA2.root.
%MSG
%MSG-w XrdAdaptorInternal:  file_open 11-Jun-2024 08:27:05 CEST PostProcessEvent
Failed to open file at URL root://eoscms.cern.ch:1094//eos/cms/store/mc/RunIISummer20UL16MiniAODv2/QCD_Pt-15to7000_TuneCP5_Flat2018_13TeV_pythia8/MINIAODSIM/106X_mcRun2_asymptotic_v17-v1/270000/E141C4CC-D8C6-CC46-A279-695054407AA2.root?tried=.
%MSG
11-Jun-2024 08:27:05 CEST  Fallback request to file root://xrootd-cms.infn.it//store/mc/RunIISummer20UL16MiniAODv2/QCD_Pt-15to7000_TuneCP5_Flat2018_13TeV_pythia8/MINIAODSIM/106X_mcRun2_asymptotic_v17-v1/270000/E141C4CC-D8C6-CC46-A279-695054407AA2.root
%MSG-w XrdAdaptor:  file_open 11-Jun-2024 08:27:17 CEST PostProcessEvent
Data is served from fnal.gov instead of original site T2_IT_Pisa
%MSG
11-Jun-2024 08:27:18 CEST  Successfully opened file root://xrootd-cms.infn.it//store/mc/RunIISummer20UL16MiniAODv2/QCD_Pt-15to7000_TuneCP5_Flat2018_13TeV_pythia8/MINIAODSIM/106X_mcRun2_asymptotic_v17-v1/270000/E141C4CC-D8C6-CC46-A279-695054407AA2.root
Begin processing the 600001st record. Run 1, Event 12249007, LumiSection 12250 on stream 0 at 11-Jun-2024 08:27:28.673 CEST
11-Jun-2024 08:27:28 CEST  Closed file root://xrootd-cms.infn.it//store/mc/RunIISummer20UL16MiniAODv2/QCD_Pt-15to7000_TuneCP5_Flat2018_13TeV_pythia8/MINIAODSIM/106X_mcRun2_asymptotic_v17-v1/270000/E141C4CC-D8C6-CC46-A279-695054407AA2.root
11-Jun-2024 08:27:28 CEST  Initiating request to open file root://eoscms.cern.ch//eos/cms/store/mc/RunIISummer20UL16MiniAODv2/QCD_Pt-15to7000_TuneCP5_Flat2018_13TeV_pythia8/MINIAODSIM/106X_mcRun2_asymptotic_v17-v1/270000/20BBC5CD-FAF3-5645-93B0-BD1F8E02307F.root
%MSG-w XrdAdaptorInternal:  file_open 11-Jun-2024 08:27:29 CEST PostProcessEvent
Failed to open file at URL root://eoscms.cern.ch:1094//eos/cms/store/mc/RunIISummer20UL16MiniAODv2/QCD_Pt-15to7000_TuneCP5_Flat2018_13TeV_pythia8/MINIAODSIM/106X_mcRun2_asymptotic_v17-v1/270000/20BBC5CD-FAF3-5645-93B0-BD1F8E02307F.root.
%MSG
%MSG-w XrdAdaptorInternal:  file_open 11-Jun-2024 08:27:29 CEST PostProcessEvent
Failed to open file at URL root://eoscms.cern.ch:1094//eos/cms/store/mc/RunIISummer20UL16MiniAODv2/QCD_Pt-15to7000_TuneCP5_Flat2018_13TeV_pythia8/MINIAODSIM/106X_mcRun2_asymptotic_v17-v1/270000/20BBC5CD-FAF3-5645-93B0-BD1F8E02307F.root?tried=.
%MSG
11-Jun-2024 08:27:29 CEST  Fallback request to file root://xrootd-cms.infn.it//store/mc/RunIISummer20UL16MiniAODv2/QCD_Pt-15to7000_TuneCP5_Flat2018_13TeV_pythia8/MINIAODSIM/106X_mcRun2_asymptotic_v17-v1/270000/20BBC5CD-FAF3-5645-93B0-BD1F8E02307F.root
%MSG-w XrdAdaptor:  file_open 11-Jun-2024 08:27:42 CEST PostProcessEvent
Data is served from fnal.gov instead of original site T2_IT_Pisa
%MSG
11-Jun-2024 08:27:43 CEST  Successfully opened file root://xrootd-cms.infn.it//store/mc/RunIISummer20UL16MiniAODv2/QCD_Pt-15to7000_TuneCP5_Flat2018_13TeV_pythia8/MINIAODSIM/106X_mcRun2_asymptotic_v17-v1/270000/20BBC5CD-FAF3-5645-93B0-BD1F8E02307F.root
11-Jun-2024 08:27:52 CEST  Closed file root://xrootd-cms.infn.it//store/mc/RunIISummer20UL16MiniAODv2/QCD_Pt-15to7000_TuneCP5_Flat2018_13TeV_pythia8/MINIAODSIM/106X_mcRun2_asymptotic_v17-v1/270000/20BBC5CD-FAF3-5645-93B0-BD1F8E02307F.root
11-Jun-2024 08:27:52 CEST  Initiating request to open file root://eoscms.cern.ch//eos/cms/store/mc/RunIISummer20UL16MiniAODv2/QCD_Pt-15to7000_TuneCP5_Flat2018_13TeV_pythia8/MINIAODSIM/106X_mcRun2_asymptotic_v17-v1/270000/F3B5E45A-D310-C546-AFF7-A6A3C734D9BB.root
%MSG-w XrdAdaptorInternal:  file_open 11-Jun-2024 08:27:53 CEST PostProcessEvent
Failed to open file at URL root://eoscms.cern.ch:1094//eos/cms/store/mc/RunIISummer20UL16MiniAODv2/QCD_Pt-15to7000_TuneCP5_Flat2018_13TeV_pythia8/MINIAODSIM/106X_mcRun2_asymptotic_v17-v1/270000/F3B5E45A-D310-C546-AFF7-A6A3C734D9BB.root.
%MSG
%MSG-w XrdAdaptorInternal:  file_open 11-Jun-2024 08:27:53 CEST PostProcessEvent
Failed to open file at URL root://eoscms.cern.ch:1094//eos/cms/store/mc/RunIISummer20UL16MiniAODv2/QCD_Pt-15to7000_TuneCP5_Flat2018_13TeV_pythia8/MINIAODSIM/106X_mcRun2_asymptotic_v17-v1/270000/F3B5E45A-D310-C546-AFF7-A6A3C734D9BB.root?tried=.
%MSG
11-Jun-2024 08:27:53 CEST  Fallback request to file root://xrootd-cms.infn.it//store/mc/RunIISummer20UL16MiniAODv2/QCD_Pt-15to7000_TuneCP5_Flat2018_13TeV_pythia8/MINIAODSIM/106X_mcRun2_asymptotic_v17-v1/270000/F3B5E45A-D310-C546-AFF7-A6A3C734D9BB.root
%MSG-w XrdAdaptor:  file_open 11-Jun-2024 08:28:06 CEST PostProcessEvent
Data is served from fnal.gov instead of original site T2_IT_Pisa
%MSG
11-Jun-2024 08:28:07 CEST  Successfully opened file root://xrootd-cms.infn.it//store/mc/RunIISummer20UL16MiniAODv2/QCD_Pt-15to7000_TuneCP5_Flat2018_13TeV_pythia8/MINIAODSIM/106X_mcRun2_asymptotic_v17-v1/270000/F3B5E45A-D310-C546-AFF7-A6A3C734D9BB.root
Begin processing the 700001st record. Run 1, Event 12870017, LumiSection 12871 on stream 0 at 11-Jun-2024 08:28:13.664 CEST
11-Jun-2024 08:28:16 CEST  Closed file root://xrootd-cms.infn.it//store/mc/RunIISummer20UL16MiniAODv2/QCD_Pt-15to7000_TuneCP5_Flat2018_13TeV_pythia8/MINIAODSIM/106X_mcRun2_asymptotic_v17-v1/270000/F3B5E45A-D310-C546-AFF7-A6A3C734D9BB.root
11-Jun-2024 08:28:16 CEST  Initiating request to open file root://eoscms.cern.ch//eos/cms/store/mc/RunIISummer20UL16MiniAODv2/QCD_Pt-15to7000_TuneCP5_Flat2018_13TeV_pythia8/MINIAODSIM/106X_mcRun2_asymptotic_v17-v1/270000/93C83D63-7F68-374A-B6CF-21946FFAFD4E.root
%MSG-w XrdAdaptorInternal:  file_open 11-Jun-2024 08:28:17 CEST PostProcessEvent
Failed to open file at URL root://eoscms.cern.ch:1094//eos/cms/store/mc/RunIISummer20UL16MiniAODv2/QCD_Pt-15to7000_TuneCP5_Flat2018_13TeV_pythia8/MINIAODSIM/106X_mcRun2_asymptotic_v17-v1/270000/93C83D63-7F68-374A-B6CF-21946FFAFD4E.root.
%MSG
%MSG-w XrdAdaptorInternal:  file_open 11-Jun-2024 08:28:17 CEST PostProcessEvent
Failed to open file at URL root://eoscms.cern.ch:1094//eos/cms/store/mc/RunIISummer20UL16MiniAODv2/QCD_Pt-15to7000_TuneCP5_Flat2018_13TeV_pythia8/MINIAODSIM/106X_mcRun2_asymptotic_v17-v1/270000/93C83D63-7F68-374A-B6CF-21946FFAFD4E.root?tried=.
%MSG
11-Jun-2024 08:28:17 CEST  Fallback request to file root://xrootd-cms.infn.it//store/mc/RunIISummer20UL16MiniAODv2/QCD_Pt-15to7000_TuneCP5_Flat2018_13TeV_pythia8/MINIAODSIM/106X_mcRun2_asymptotic_v17-v1/270000/93C83D63-7F68-374A-B6CF-21946FFAFD4E.root
%MSG-w XrdAdaptor:  file_open 11-Jun-2024 08:28:30 CEST PostProcessEvent
Data is served from fnal.gov instead of original site T2_IT_Pisa
%MSG
11-Jun-2024 08:28:31 CEST  Successfully opened file root://xrootd-cms.infn.it//store/mc/RunIISummer20UL16MiniAODv2/QCD_Pt-15to7000_TuneCP5_Flat2018_13TeV_pythia8/MINIAODSIM/106X_mcRun2_asymptotic_v17-v1/270000/93C83D63-7F68-374A-B6CF-21946FFAFD4E.root
Begin processing the 800001st record. Run 1, Event 10182002, LumiSection 10183 on stream 0 at 11-Jun-2024 08:28:37.400 CEST
11-Jun-2024 08:28:38 CEST  Closed file root://xrootd-cms.infn.it//store/mc/RunIISummer20UL16MiniAODv2/QCD_Pt-15to7000_TuneCP5_Flat2018_13TeV_pythia8/MINIAODSIM/106X_mcRun2_asymptotic_v17-v1/270000/93C83D63-7F68-374A-B6CF-21946FFAFD4E.root
11-Jun-2024 08:28:38 CEST  Initiating request to open file root://eoscms.cern.ch//eos/cms/store/mc/RunIISummer20UL16MiniAODv2/QCD_Pt-15to7000_TuneCP5_Flat2018_13TeV_pythia8/MINIAODSIM/106X_mcRun2_asymptotic_v17-v1/270000/E385760A-5FEB-ED41-876D-5CF00C93A55E.root
%MSG-w XrdAdaptorInternal:  file_open 11-Jun-2024 08:28:39 CEST PostProcessEvent
Failed to open file at URL root://eoscms.cern.ch:1094//eos/cms/store/mc/RunIISummer20UL16MiniAODv2/QCD_Pt-15to7000_TuneCP5_Flat2018_13TeV_pythia8/MINIAODSIM/106X_mcRun2_asymptotic_v17-v1/270000/E385760A-5FEB-ED41-876D-5CF00C93A55E.root.
%MSG
%MSG-w XrdAdaptorInternal:  file_open 11-Jun-2024 08:28:39 CEST PostProcessEvent
Failed to open file at URL root://eoscms.cern.ch:1094//eos/cms/store/mc/RunIISummer20UL16MiniAODv2/QCD_Pt-15to7000_TuneCP5_Flat2018_13TeV_pythia8/MINIAODSIM/106X_mcRun2_asymptotic_v17-v1/270000/E385760A-5FEB-ED41-876D-5CF00C93A55E.root?tried=.
%MSG
11-Jun-2024 08:28:39 CEST  Fallback request to file root://xrootd-cms.infn.it//store/mc/RunIISummer20UL16MiniAODv2/QCD_Pt-15to7000_TuneCP5_Flat2018_13TeV_pythia8/MINIAODSIM/106X_mcRun2_asymptotic_v17-v1/270000/E385760A-5FEB-ED41-876D-5CF00C93A55E.root
%MSG-w XrdAdaptor:  file_open 11-Jun-2024 08:28:52 CEST PostProcessEvent
Data is served from fnal.gov instead of original site T2_IT_Pisa
%MSG
11-Jun-2024 08:28:52 CEST  Successfully opened file root://xrootd-cms.infn.it//store/mc/RunIISummer20UL16MiniAODv2/QCD_Pt-15to7000_TuneCP5_Flat2018_13TeV_pythia8/MINIAODSIM/106X_mcRun2_asymptotic_v17-v1/270000/E385760A-5FEB-ED41-876D-5CF00C93A55E.root
Begin processing the 900001st record. Run 1, Event 1590006, LumiSection 1591 on stream 0 at 11-Jun-2024 08:29:01.191 CEST
11-Jun-2024 08:29:02 CEST  Closed file root://xrootd-cms.infn.it//store/mc/RunIISummer20UL16MiniAODv2/QCD_Pt-15to7000_TuneCP5_Flat2018_13TeV_pythia8/MINIAODSIM/106X_mcRun2_asymptotic_v17-v1/270000/E385760A-5FEB-ED41-876D-5CF00C93A55E.root
11-Jun-2024 08:29:02 CEST  Initiating request to open file root://eoscms.cern.ch//eos/cms/store/mc/RunIISummer20UL16MiniAODv2/QCD_Pt-15to7000_TuneCP5_Flat2018_13TeV_pythia8/MINIAODSIM/106X_mcRun2_asymptotic_v17-v1/270000/4F4A795C-4126-0D4C-A4B0-FF684005DC83.root
%MSG-w XrdAdaptorInternal:  file_open 11-Jun-2024 08:29:03 CEST PostProcessEvent
Failed to open file at URL root://eoscms.cern.ch:1094//eos/cms/store/mc/RunIISummer20UL16MiniAODv2/QCD_Pt-15to7000_TuneCP5_Flat2018_13TeV_pythia8/MINIAODSIM/106X_mcRun2_asymptotic_v17-v1/270000/4F4A795C-4126-0D4C-A4B0-FF684005DC83.root.
%MSG
%MSG-w XrdAdaptorInternal:  file_open 11-Jun-2024 08:29:03 CEST PostProcessEvent
Failed to open file at URL root://eoscms.cern.ch:1094//eos/cms/store/mc/RunIISummer20UL16MiniAODv2/QCD_Pt-15to7000_TuneCP5_Flat2018_13TeV_pythia8/MINIAODSIM/106X_mcRun2_asymptotic_v17-v1/270000/4F4A795C-4126-0D4C-A4B0-FF684005DC83.root?tried=.
%MSG
11-Jun-2024 08:29:03 CEST  Fallback request to file root://xrootd-cms.infn.it//store/mc/RunIISummer20UL16MiniAODv2/QCD_Pt-15to7000_TuneCP5_Flat2018_13TeV_pythia8/MINIAODSIM/106X_mcRun2_asymptotic_v17-v1/270000/4F4A795C-4126-0D4C-A4B0-FF684005DC83.root
%MSG-w XrdAdaptor:  file_open 11-Jun-2024 08:29:15 CEST PostProcessEvent
Data is served from fnal.gov instead of original site T2_IT_Pisa
%MSG
11-Jun-2024 08:29:15 CEST  Successfully opened file root://xrootd-cms.infn.it//store/mc/RunIISummer20UL16MiniAODv2/QCD_Pt-15to7000_TuneCP5_Flat2018_13TeV_pythia8/MINIAODSIM/106X_mcRun2_asymptotic_v17-v1/270000/4F4A795C-4126-0D4C-A4B0-FF684005DC83.root
11-Jun-2024 08:29:22 CEST  Closed file root://xrootd-cms.infn.it//store/mc/RunIISummer20UL16MiniAODv2/QCD_Pt-15to7000_TuneCP5_Flat2018_13TeV_pythia8/MINIAODSIM/106X_mcRun2_asymptotic_v17-v1/270000/4F4A795C-4126-0D4C-A4B0-FF684005DC83.root
11-Jun-2024 08:29:22 CEST  Initiating request to open file root://eoscms.cern.ch//eos/cms/store/mc/RunIISummer20UL16MiniAODv2/QCD_Pt-15to7000_TuneCP5_Flat2018_13TeV_pythia8/MINIAODSIM/106X_mcRun2_asymptotic_v17-v1/270000/ED843FD2-B7DB-024D-A83F-21BC83447F8E.root
%MSG-w XrdAdaptorInternal:  file_open 11-Jun-2024 08:29:23 CEST PostProcessEvent
Failed to open file at URL root://eoscms.cern.ch:1094//eos/cms/store/mc/RunIISummer20UL16MiniAODv2/QCD_Pt-15to7000_TuneCP5_Flat2018_13TeV_pythia8/MINIAODSIM/106X_mcRun2_asymptotic_v17-v1/270000/ED843FD2-B7DB-024D-A83F-21BC83447F8E.root.
%MSG
%MSG-w XrdAdaptorInternal:  file_open 11-Jun-2024 08:29:23 CEST PostProcessEvent
Failed to open file at URL root://eoscms.cern.ch:1094//eos/cms/store/mc/RunIISummer20UL16MiniAODv2/QCD_Pt-15to7000_TuneCP5_Flat2018_13TeV_pythia8/MINIAODSIM/106X_mcRun2_asymptotic_v17-v1/270000/ED843FD2-B7DB-024D-A83F-21BC83447F8E.root?tried=.
%MSG
11-Jun-2024 08:29:23 CEST  Fallback request to file root://xrootd-cms.infn.it//store/mc/RunIISummer20UL16MiniAODv2/QCD_Pt-15to7000_TuneCP5_Flat2018_13TeV_pythia8/MINIAODSIM/106X_mcRun2_asymptotic_v17-v1/270000/ED843FD2-B7DB-024D-A83F-21BC83447F8E.root
%MSG-w XrdAdaptor:  file_open 11-Jun-2024 08:29:36 CEST PostProcessEvent
Data is served from fnal.gov instead of original site T2_IT_Pisa
%MSG
11-Jun-2024 08:29:37 CEST  Successfully opened file root://xrootd-cms.infn.it//store/mc/RunIISummer20UL16MiniAODv2/QCD_Pt-15to7000_TuneCP5_Flat2018_13TeV_pythia8/MINIAODSIM/106X_mcRun2_asymptotic_v17-v1/270000/ED843FD2-B7DB-024D-A83F-21BC83447F8E.root
11-Jun-2024 08:29:43 CEST  Closed file root://xrootd-cms.infn.it//store/mc/RunIISummer20UL16MiniAODv2/QCD_Pt-15to7000_TuneCP5_Flat2018_13TeV_pythia8/MINIAODSIM/106X_mcRun2_asymptotic_v17-v1/270000/ED843FD2-B7DB-024D-A83F-21BC83447F8E.root

------------------------------------
GenXsecAnalyzer:
------------------------------------
Before Filter: total cross section = 1.371e+09 +- 8.682e+05 pb
Filter efficiency (taking into account weights)= (12670.9) / (12670.9) = 1.000e+00 +- 0.000e+00
Filter efficiency (event-level)= (1e+06) / (1e+06) = 1.000e+00 +- 0.000e+00    [TO BE USED IN MCM]

After filter: final cross section = 1.371e+09 +- 8.682e+05 pb
After filter: final fraction of events with negative weights = 0.000e+00 +- 0.000e+00
After filter: final equivalent lumi for 1M events (1/fb) = 7.296e-07 +- 8.637e-10

=============================================

MessageLogger Summary

 type     category        sev    module        subroutine        count    total
 ---- -------------------- -- ---------------- ----------------  -----    -----
    1 GenXSecAnalyzer      -w GenXSecAnalyzer:                       7        7
    2 XrdAdaptor           -w file_open                             13       13
    3 XrdAdaptorInternal   -w file_open                             26       26
    4 fileAction           -s file_close                            13       13
    5 fileAction           -s file_open                             39       39

 type    category    Examples: run/evt        run/evt          run/evt
 ---- -------------------- ---------------- ---------------- ----------------
    1 GenXSecAnalyzer      PostGlobalEndRun PostGlobalEndRun PostGlobalEndRun
    2 XrdAdaptor           pre-events       PostProcessEvent PostProcessEvent
    3 XrdAdaptorInternal   pre-events       pre-events       PostProcessEvent
    4 fileAction           PostProcessEvent PostProcessEvent PostGlobalEndRun
    5 fileAction           pre-events       pre-events       PostProcessEvent

Severity    # Occurrences   Total Occurrences
--------    -------------   -----------------
Warning                46                  46
System                 52                  52

dropped waiting message count 0
