11-Jun-2024 09:03:50 CEST  Initiating request to open file root://eoscms.cern.ch//eos/cms/store/mc/RunIISummer20UL16MiniAODv2/QCD_HT700to1000_TuneCP5_PSWeights_13TeV-madgraph-pythia8/MINIAODSIM/106X_mcRun2_asymptotic_v17-v1/2530000/3B816592-2203-8345-9218-E43BD3414A02.root
%MSG-w XrdAdaptorInternal:  file_open 11-Jun-2024 09:03:51 CEST pre-events
Failed to open file at URL root://eoscms.cern.ch:1094//eos/cms/store/mc/RunIISummer20UL16MiniAODv2/QCD_HT700to1000_TuneCP5_PSWeights_13TeV-madgraph-pythia8/MINIAODSIM/106X_mcRun2_asymptotic_v17-v1/2530000/3B816592-2203-8345-9218-E43BD3414A02.root.
%MSG
%MSG-w XrdAdaptorInternal:  file_open 11-Jun-2024 09:03:51 CEST pre-events
Failed to open file at URL root://eoscms.cern.ch:1094//eos/cms/store/mc/RunIISummer20UL16MiniAODv2/QCD_HT700to1000_TuneCP5_PSWeights_13TeV-madgraph-pythia8/MINIAODSIM/106X_mcRun2_asymptotic_v17-v1/2530000/3B816592-2203-8345-9218-E43BD3414A02.root?tried=.
%MSG
11-Jun-2024 09:03:51 CEST  Fallback request to file root://xrootd-cms.infn.it//store/mc/RunIISummer20UL16MiniAODv2/QCD_HT700to1000_TuneCP5_PSWeights_13TeV-madgraph-pythia8/MINIAODSIM/106X_mcRun2_asymptotic_v17-v1/2530000/3B816592-2203-8345-9218-E43BD3414A02.root
Unable to load sec.protocol plugin libXrdSecztn.so
%MSG-w XrdAdaptor:  file_open 11-Jun-2024 09:04:05 CEST pre-events
Data is served from fnal.gov instead of original site T2_IT_Pisa
%MSG
11-Jun-2024 09:04:09 CEST  Successfully opened file root://xrootd-cms.infn.it//store/mc/RunIISummer20UL16MiniAODv2/QCD_HT700to1000_TuneCP5_PSWeights_13TeV-madgraph-pythia8/MINIAODSIM/106X_mcRun2_asymptotic_v17-v1/2530000/3B816592-2203-8345-9218-E43BD3414A02.root
Unable to load sec.protocol plugin libXrdSecztn.so
Begin processing the 1st record. Run 1, Event 37727592, LumiSection 30183 on stream 0 at 11-Jun-2024 09:04:17.780 CEST
11-Jun-2024 09:04:20 CEST  Closed file root://xrootd-cms.infn.it//store/mc/RunIISummer20UL16MiniAODv2/QCD_HT700to1000_TuneCP5_PSWeights_13TeV-madgraph-pythia8/MINIAODSIM/106X_mcRun2_asymptotic_v17-v1/2530000/3B816592-2203-8345-9218-E43BD3414A02.root
11-Jun-2024 09:04:20 CEST  Initiating request to open file root://eoscms.cern.ch//eos/cms/store/mc/RunIISummer20UL16MiniAODv2/QCD_HT700to1000_TuneCP5_PSWeights_13TeV-madgraph-pythia8/MINIAODSIM/106X_mcRun2_asymptotic_v17-v1/2530000/DE64AA80-DE90-EB4E-AFC7-AE6740BC321E.root
%MSG-w XrdAdaptorInternal:  file_open 11-Jun-2024 09:04:21 CEST PostProcessEvent
Failed to open file at URL root://eoscms.cern.ch:1094//eos/cms/store/mc/RunIISummer20UL16MiniAODv2/QCD_HT700to1000_TuneCP5_PSWeights_13TeV-madgraph-pythia8/MINIAODSIM/106X_mcRun2_asymptotic_v17-v1/2530000/DE64AA80-DE90-EB4E-AFC7-AE6740BC321E.root.
%MSG
%MSG-w XrdAdaptorInternal:  file_open 11-Jun-2024 09:04:21 CEST PostProcessEvent
Failed to open file at URL root://eoscms.cern.ch:1094//eos/cms/store/mc/RunIISummer20UL16MiniAODv2/QCD_HT700to1000_TuneCP5_PSWeights_13TeV-madgraph-pythia8/MINIAODSIM/106X_mcRun2_asymptotic_v17-v1/2530000/DE64AA80-DE90-EB4E-AFC7-AE6740BC321E.root?tried=.
%MSG
11-Jun-2024 09:04:21 CEST  Fallback request to file root://xrootd-cms.infn.it//store/mc/RunIISummer20UL16MiniAODv2/QCD_HT700to1000_TuneCP5_PSWeights_13TeV-madgraph-pythia8/MINIAODSIM/106X_mcRun2_asymptotic_v17-v1/2530000/DE64AA80-DE90-EB4E-AFC7-AE6740BC321E.root
%MSG-w XrdAdaptor:  file_open 11-Jun-2024 09:04:34 CEST PostProcessEvent
Data is served from fnal.gov instead of original site T2_IT_Pisa
%MSG
11-Jun-2024 09:04:34 CEST  Successfully opened file root://xrootd-cms.infn.it//store/mc/RunIISummer20UL16MiniAODv2/QCD_HT700to1000_TuneCP5_PSWeights_13TeV-madgraph-pythia8/MINIAODSIM/106X_mcRun2_asymptotic_v17-v1/2530000/DE64AA80-DE90-EB4E-AFC7-AE6740BC321E.root
Unable to load sec.protocol plugin libXrdSecztn.so
11-Jun-2024 09:04:42 CEST  Closed file root://xrootd-cms.infn.it//store/mc/RunIISummer20UL16MiniAODv2/QCD_HT700to1000_TuneCP5_PSWeights_13TeV-madgraph-pythia8/MINIAODSIM/106X_mcRun2_asymptotic_v17-v1/2530000/DE64AA80-DE90-EB4E-AFC7-AE6740BC321E.root
11-Jun-2024 09:04:42 CEST  Initiating request to open file root://eoscms.cern.ch//eos/cms/store/mc/RunIISummer20UL16MiniAODv2/QCD_HT700to1000_TuneCP5_PSWeights_13TeV-madgraph-pythia8/MINIAODSIM/106X_mcRun2_asymptotic_v17-v1/2530000/CF86DE58-FF5B-EC4A-8A10-DF99156CFD9D.root
%MSG-w XrdAdaptorInternal:  file_open 11-Jun-2024 09:04:43 CEST PostProcessEvent
Failed to open file at URL root://eoscms.cern.ch:1094//eos/cms/store/mc/RunIISummer20UL16MiniAODv2/QCD_HT700to1000_TuneCP5_PSWeights_13TeV-madgraph-pythia8/MINIAODSIM/106X_mcRun2_asymptotic_v17-v1/2530000/CF86DE58-FF5B-EC4A-8A10-DF99156CFD9D.root.
%MSG
%MSG-w XrdAdaptorInternal:  file_open 11-Jun-2024 09:04:43 CEST PostProcessEvent
Failed to open file at URL root://eoscms.cern.ch:1094//eos/cms/store/mc/RunIISummer20UL16MiniAODv2/QCD_HT700to1000_TuneCP5_PSWeights_13TeV-madgraph-pythia8/MINIAODSIM/106X_mcRun2_asymptotic_v17-v1/2530000/CF86DE58-FF5B-EC4A-8A10-DF99156CFD9D.root?tried=.
%MSG
11-Jun-2024 09:04:43 CEST  Fallback request to file root://xrootd-cms.infn.it//store/mc/RunIISummer20UL16MiniAODv2/QCD_HT700to1000_TuneCP5_PSWeights_13TeV-madgraph-pythia8/MINIAODSIM/106X_mcRun2_asymptotic_v17-v1/2530000/CF86DE58-FF5B-EC4A-8A10-DF99156CFD9D.root
%MSG-w XrdAdaptor:  file_open 11-Jun-2024 09:04:56 CEST PostProcessEvent
Data is served from fnal.gov instead of original site T2_IT_Pisa
%MSG
11-Jun-2024 09:04:56 CEST  Successfully opened file root://xrootd-cms.infn.it//store/mc/RunIISummer20UL16MiniAODv2/QCD_HT700to1000_TuneCP5_PSWeights_13TeV-madgraph-pythia8/MINIAODSIM/106X_mcRun2_asymptotic_v17-v1/2530000/CF86DE58-FF5B-EC4A-8A10-DF99156CFD9D.root
Begin processing the 100001st record. Run 1, Event 1457853, LumiSection 1167 on stream 0 at 11-Jun-2024 09:05:05.376 CEST
11-Jun-2024 09:05:06 CEST  Closed file root://xrootd-cms.infn.it//store/mc/RunIISummer20UL16MiniAODv2/QCD_HT700to1000_TuneCP5_PSWeights_13TeV-madgraph-pythia8/MINIAODSIM/106X_mcRun2_asymptotic_v17-v1/2530000/CF86DE58-FF5B-EC4A-8A10-DF99156CFD9D.root
11-Jun-2024 09:05:06 CEST  Initiating request to open file root://eoscms.cern.ch//eos/cms/store/mc/RunIISummer20UL16MiniAODv2/QCD_HT700to1000_TuneCP5_PSWeights_13TeV-madgraph-pythia8/MINIAODSIM/106X_mcRun2_asymptotic_v17-v1/2530000/33B84E89-E788-FA4F-96F0-299B4E43D7B2.root
%MSG-w XrdAdaptorInternal:  file_open 11-Jun-2024 09:05:07 CEST PostProcessEvent
Failed to open file at URL root://eoscms.cern.ch:1094//eos/cms/store/mc/RunIISummer20UL16MiniAODv2/QCD_HT700to1000_TuneCP5_PSWeights_13TeV-madgraph-pythia8/MINIAODSIM/106X_mcRun2_asymptotic_v17-v1/2530000/33B84E89-E788-FA4F-96F0-299B4E43D7B2.root.
%MSG
%MSG-w XrdAdaptorInternal:  file_open 11-Jun-2024 09:05:07 CEST PostProcessEvent
Failed to open file at URL root://eoscms.cern.ch:1094//eos/cms/store/mc/RunIISummer20UL16MiniAODv2/QCD_HT700to1000_TuneCP5_PSWeights_13TeV-madgraph-pythia8/MINIAODSIM/106X_mcRun2_asymptotic_v17-v1/2530000/33B84E89-E788-FA4F-96F0-299B4E43D7B2.root?tried=.
%MSG
11-Jun-2024 09:05:07 CEST  Fallback request to file root://xrootd-cms.infn.it//store/mc/RunIISummer20UL16MiniAODv2/QCD_HT700to1000_TuneCP5_PSWeights_13TeV-madgraph-pythia8/MINIAODSIM/106X_mcRun2_asymptotic_v17-v1/2530000/33B84E89-E788-FA4F-96F0-299B4E43D7B2.root
%MSG-w XrdAdaptor:  file_open 11-Jun-2024 09:05:20 CEST PostProcessEvent
Data is served from fnal.gov instead of original site T2_IT_Pisa
%MSG
11-Jun-2024 09:05:20 CEST  Successfully opened file root://xrootd-cms.infn.it//store/mc/RunIISummer20UL16MiniAODv2/QCD_HT700to1000_TuneCP5_PSWeights_13TeV-madgraph-pythia8/MINIAODSIM/106X_mcRun2_asymptotic_v17-v1/2530000/33B84E89-E788-FA4F-96F0-299B4E43D7B2.root
11-Jun-2024 09:05:30 CEST  Closed file root://xrootd-cms.infn.it//store/mc/RunIISummer20UL16MiniAODv2/QCD_HT700to1000_TuneCP5_PSWeights_13TeV-madgraph-pythia8/MINIAODSIM/106X_mcRun2_asymptotic_v17-v1/2530000/33B84E89-E788-FA4F-96F0-299B4E43D7B2.root
11-Jun-2024 09:05:30 CEST  Initiating request to open file root://eoscms.cern.ch//eos/cms/store/mc/RunIISummer20UL16MiniAODv2/QCD_HT700to1000_TuneCP5_PSWeights_13TeV-madgraph-pythia8/MINIAODSIM/106X_mcRun2_asymptotic_v17-v1/2530000/8343BDEA-7271-8345-A848-B04674791069.root
%MSG-w XrdAdaptorInternal:  file_open 11-Jun-2024 09:05:31 CEST PostProcessEvent
Failed to open file at URL root://eoscms.cern.ch:1094//eos/cms/store/mc/RunIISummer20UL16MiniAODv2/QCD_HT700to1000_TuneCP5_PSWeights_13TeV-madgraph-pythia8/MINIAODSIM/106X_mcRun2_asymptotic_v17-v1/2530000/8343BDEA-7271-8345-A848-B04674791069.root.
%MSG
%MSG-w XrdAdaptorInternal:  file_open 11-Jun-2024 09:05:31 CEST PostProcessEvent
Failed to open file at URL root://eoscms.cern.ch:1094//eos/cms/store/mc/RunIISummer20UL16MiniAODv2/QCD_HT700to1000_TuneCP5_PSWeights_13TeV-madgraph-pythia8/MINIAODSIM/106X_mcRun2_asymptotic_v17-v1/2530000/8343BDEA-7271-8345-A848-B04674791069.root?tried=.
%MSG
11-Jun-2024 09:05:31 CEST  Fallback request to file root://xrootd-cms.infn.it//store/mc/RunIISummer20UL16MiniAODv2/QCD_HT700to1000_TuneCP5_PSWeights_13TeV-madgraph-pythia8/MINIAODSIM/106X_mcRun2_asymptotic_v17-v1/2530000/8343BDEA-7271-8345-A848-B04674791069.root
%MSG-w XrdAdaptor:  file_open 11-Jun-2024 09:05:43 CEST PostProcessEvent
Data is served from fnal.gov instead of original site T2_IT_Pisa
%MSG
11-Jun-2024 09:05:43 CEST  Successfully opened file root://xrootd-cms.infn.it//store/mc/RunIISummer20UL16MiniAODv2/QCD_HT700to1000_TuneCP5_PSWeights_13TeV-madgraph-pythia8/MINIAODSIM/106X_mcRun2_asymptotic_v17-v1/2530000/8343BDEA-7271-8345-A848-B04674791069.root
Begin processing the 200001st record. Run 1, Event 27913835, LumiSection 22332 on stream 0 at 11-Jun-2024 09:05:52.355 CEST
11-Jun-2024 09:05:53 CEST  Closed file root://xrootd-cms.infn.it//store/mc/RunIISummer20UL16MiniAODv2/QCD_HT700to1000_TuneCP5_PSWeights_13TeV-madgraph-pythia8/MINIAODSIM/106X_mcRun2_asymptotic_v17-v1/2530000/8343BDEA-7271-8345-A848-B04674791069.root
11-Jun-2024 09:05:53 CEST  Initiating request to open file root://eoscms.cern.ch//eos/cms/store/mc/RunIISummer20UL16MiniAODv2/QCD_HT700to1000_TuneCP5_PSWeights_13TeV-madgraph-pythia8/MINIAODSIM/106X_mcRun2_asymptotic_v17-v1/2530000/DF26A8EF-2652-DC41-8E39-F376F961BD16.root
%MSG-w XrdAdaptorInternal:  file_open 11-Jun-2024 09:05:54 CEST PostProcessEvent
Failed to open file at URL root://eoscms.cern.ch:1094//eos/cms/store/mc/RunIISummer20UL16MiniAODv2/QCD_HT700to1000_TuneCP5_PSWeights_13TeV-madgraph-pythia8/MINIAODSIM/106X_mcRun2_asymptotic_v17-v1/2530000/DF26A8EF-2652-DC41-8E39-F376F961BD16.root.
%MSG
%MSG-w XrdAdaptorInternal:  file_open 11-Jun-2024 09:05:54 CEST PostProcessEvent
Failed to open file at URL root://eoscms.cern.ch:1094//eos/cms/store/mc/RunIISummer20UL16MiniAODv2/QCD_HT700to1000_TuneCP5_PSWeights_13TeV-madgraph-pythia8/MINIAODSIM/106X_mcRun2_asymptotic_v17-v1/2530000/DF26A8EF-2652-DC41-8E39-F376F961BD16.root?tried=.
%MSG
11-Jun-2024 09:05:54 CEST  Fallback request to file root://xrootd-cms.infn.it//store/mc/RunIISummer20UL16MiniAODv2/QCD_HT700to1000_TuneCP5_PSWeights_13TeV-madgraph-pythia8/MINIAODSIM/106X_mcRun2_asymptotic_v17-v1/2530000/DF26A8EF-2652-DC41-8E39-F376F961BD16.root
%MSG-w XrdAdaptor:  file_open 11-Jun-2024 09:06:07 CEST PostProcessEvent
Data is served from fnal.gov instead of original site T2_IT_Pisa
%MSG
11-Jun-2024 09:06:07 CEST  Successfully opened file root://xrootd-cms.infn.it//store/mc/RunIISummer20UL16MiniAODv2/QCD_HT700to1000_TuneCP5_PSWeights_13TeV-madgraph-pythia8/MINIAODSIM/106X_mcRun2_asymptotic_v17-v1/2530000/DF26A8EF-2652-DC41-8E39-F376F961BD16.root
11-Jun-2024 09:06:20 CEST  Closed file root://xrootd-cms.infn.it//store/mc/RunIISummer20UL16MiniAODv2/QCD_HT700to1000_TuneCP5_PSWeights_13TeV-madgraph-pythia8/MINIAODSIM/106X_mcRun2_asymptotic_v17-v1/2530000/DF26A8EF-2652-DC41-8E39-F376F961BD16.root
11-Jun-2024 09:06:20 CEST  Initiating request to open file root://eoscms.cern.ch//eos/cms/store/mc/RunIISummer20UL16MiniAODv2/QCD_HT700to1000_TuneCP5_PSWeights_13TeV-madgraph-pythia8/MINIAODSIM/106X_mcRun2_asymptotic_v17-v1/2530000/8192E6A9-BEC9-6A45-AE90-11769DF91448.root
%MSG-w XrdAdaptorInternal:  file_open 11-Jun-2024 09:06:21 CEST PostProcessEvent
Failed to open file at URL root://eoscms.cern.ch:1094//eos/cms/store/mc/RunIISummer20UL16MiniAODv2/QCD_HT700to1000_TuneCP5_PSWeights_13TeV-madgraph-pythia8/MINIAODSIM/106X_mcRun2_asymptotic_v17-v1/2530000/8192E6A9-BEC9-6A45-AE90-11769DF91448.root.
%MSG
%MSG-w XrdAdaptorInternal:  file_open 11-Jun-2024 09:06:21 CEST PostProcessEvent
Failed to open file at URL root://eoscms.cern.ch:1094//eos/cms/store/mc/RunIISummer20UL16MiniAODv2/QCD_HT700to1000_TuneCP5_PSWeights_13TeV-madgraph-pythia8/MINIAODSIM/106X_mcRun2_asymptotic_v17-v1/2530000/8192E6A9-BEC9-6A45-AE90-11769DF91448.root?tried=.
%MSG
11-Jun-2024 09:06:21 CEST  Fallback request to file root://xrootd-cms.infn.it//store/mc/RunIISummer20UL16MiniAODv2/QCD_HT700to1000_TuneCP5_PSWeights_13TeV-madgraph-pythia8/MINIAODSIM/106X_mcRun2_asymptotic_v17-v1/2530000/8192E6A9-BEC9-6A45-AE90-11769DF91448.root
%MSG-w XrdAdaptor:  file_open 11-Jun-2024 09:06:33 CEST PostProcessEvent
Data is served from fnal.gov instead of original site T2_IT_Pisa
%MSG
11-Jun-2024 09:06:33 CEST  Successfully opened file root://xrootd-cms.infn.it//store/mc/RunIISummer20UL16MiniAODv2/QCD_HT700to1000_TuneCP5_PSWeights_13TeV-madgraph-pythia8/MINIAODSIM/106X_mcRun2_asymptotic_v17-v1/2530000/8192E6A9-BEC9-6A45-AE90-11769DF91448.root
Begin processing the 300001st record. Run 1, Event 91417214, LumiSection 73134 on stream 0 at 11-Jun-2024 09:06:41.528 CEST
11-Jun-2024 09:06:42 CEST  Closed file root://xrootd-cms.infn.it//store/mc/RunIISummer20UL16MiniAODv2/QCD_HT700to1000_TuneCP5_PSWeights_13TeV-madgraph-pythia8/MINIAODSIM/106X_mcRun2_asymptotic_v17-v1/2530000/8192E6A9-BEC9-6A45-AE90-11769DF91448.root
11-Jun-2024 09:06:42 CEST  Initiating request to open file root://eoscms.cern.ch//eos/cms/store/mc/RunIISummer20UL16MiniAODv2/QCD_HT700to1000_TuneCP5_PSWeights_13TeV-madgraph-pythia8/MINIAODSIM/106X_mcRun2_asymptotic_v17-v1/2530000/F42B04CB-BCBD-2640-9FCB-10C3608B6628.root
%MSG-w XrdAdaptorInternal:  file_open 11-Jun-2024 09:06:43 CEST PostProcessEvent
Failed to open file at URL root://eoscms.cern.ch:1094//eos/cms/store/mc/RunIISummer20UL16MiniAODv2/QCD_HT700to1000_TuneCP5_PSWeights_13TeV-madgraph-pythia8/MINIAODSIM/106X_mcRun2_asymptotic_v17-v1/2530000/F42B04CB-BCBD-2640-9FCB-10C3608B6628.root.
%MSG
%MSG-w XrdAdaptorInternal:  file_open 11-Jun-2024 09:06:43 CEST PostProcessEvent
Failed to open file at URL root://eoscms.cern.ch:1094//eos/cms/store/mc/RunIISummer20UL16MiniAODv2/QCD_HT700to1000_TuneCP5_PSWeights_13TeV-madgraph-pythia8/MINIAODSIM/106X_mcRun2_asymptotic_v17-v1/2530000/F42B04CB-BCBD-2640-9FCB-10C3608B6628.root?tried=.
%MSG
11-Jun-2024 09:06:43 CEST  Fallback request to file root://xrootd-cms.infn.it//store/mc/RunIISummer20UL16MiniAODv2/QCD_HT700to1000_TuneCP5_PSWeights_13TeV-madgraph-pythia8/MINIAODSIM/106X_mcRun2_asymptotic_v17-v1/2530000/F42B04CB-BCBD-2640-9FCB-10C3608B6628.root
%MSG-w XrdAdaptor:  file_open 11-Jun-2024 09:06:56 CEST PostProcessEvent
Data is served from fnal.gov instead of original site T2_IT_Pisa
%MSG
11-Jun-2024 09:06:56 CEST  Successfully opened file root://xrootd-cms.infn.it//store/mc/RunIISummer20UL16MiniAODv2/QCD_HT700to1000_TuneCP5_PSWeights_13TeV-madgraph-pythia8/MINIAODSIM/106X_mcRun2_asymptotic_v17-v1/2530000/F42B04CB-BCBD-2640-9FCB-10C3608B6628.root
11-Jun-2024 09:07:06 CEST  Closed file root://xrootd-cms.infn.it//store/mc/RunIISummer20UL16MiniAODv2/QCD_HT700to1000_TuneCP5_PSWeights_13TeV-madgraph-pythia8/MINIAODSIM/106X_mcRun2_asymptotic_v17-v1/2530000/F42B04CB-BCBD-2640-9FCB-10C3608B6628.root
11-Jun-2024 09:07:06 CEST  Initiating request to open file root://eoscms.cern.ch//eos/cms/store/mc/RunIISummer20UL16MiniAODv2/QCD_HT700to1000_TuneCP5_PSWeights_13TeV-madgraph-pythia8/MINIAODSIM/106X_mcRun2_asymptotic_v17-v1/2530000/BDB94BA9-CA48-5E4A-B389-1EA77BFCC3B1.root
%MSG-w XrdAdaptorInternal:  file_open 11-Jun-2024 09:07:07 CEST PostProcessEvent
Failed to open file at URL root://eoscms.cern.ch:1094//eos/cms/store/mc/RunIISummer20UL16MiniAODv2/QCD_HT700to1000_TuneCP5_PSWeights_13TeV-madgraph-pythia8/MINIAODSIM/106X_mcRun2_asymptotic_v17-v1/2530000/BDB94BA9-CA48-5E4A-B389-1EA77BFCC3B1.root.
%MSG
%MSG-w XrdAdaptorInternal:  file_open 11-Jun-2024 09:07:07 CEST PostProcessEvent
Failed to open file at URL root://eoscms.cern.ch:1094//eos/cms/store/mc/RunIISummer20UL16MiniAODv2/QCD_HT700to1000_TuneCP5_PSWeights_13TeV-madgraph-pythia8/MINIAODSIM/106X_mcRun2_asymptotic_v17-v1/2530000/BDB94BA9-CA48-5E4A-B389-1EA77BFCC3B1.root?tried=.
%MSG
11-Jun-2024 09:07:07 CEST  Fallback request to file root://xrootd-cms.infn.it//store/mc/RunIISummer20UL16MiniAODv2/QCD_HT700to1000_TuneCP5_PSWeights_13TeV-madgraph-pythia8/MINIAODSIM/106X_mcRun2_asymptotic_v17-v1/2530000/BDB94BA9-CA48-5E4A-B389-1EA77BFCC3B1.root
%MSG-w XrdAdaptor:  file_open 11-Jun-2024 09:07:19 CEST PostProcessEvent
Data is served from fnal.gov instead of original site T2_IT_Pisa
%MSG
11-Jun-2024 09:07:19 CEST  Successfully opened file root://xrootd-cms.infn.it//store/mc/RunIISummer20UL16MiniAODv2/QCD_HT700to1000_TuneCP5_PSWeights_13TeV-madgraph-pythia8/MINIAODSIM/106X_mcRun2_asymptotic_v17-v1/2530000/BDB94BA9-CA48-5E4A-B389-1EA77BFCC3B1.root
Begin processing the 400001st record. Run 1, Event 140541794, LumiSection 112434 on stream 0 at 11-Jun-2024 09:07:31.315 CEST
11-Jun-2024 09:07:31 CEST  Closed file root://xrootd-cms.infn.it//store/mc/RunIISummer20UL16MiniAODv2/QCD_HT700to1000_TuneCP5_PSWeights_13TeV-madgraph-pythia8/MINIAODSIM/106X_mcRun2_asymptotic_v17-v1/2530000/BDB94BA9-CA48-5E4A-B389-1EA77BFCC3B1.root
11-Jun-2024 09:07:31 CEST  Initiating request to open file root://eoscms.cern.ch//eos/cms/store/mc/RunIISummer20UL16MiniAODv2/QCD_HT700to1000_TuneCP5_PSWeights_13TeV-madgraph-pythia8/MINIAODSIM/106X_mcRun2_asymptotic_v17-v1/2530000/04DC065E-E13E-4F49-AD8A-A80223E64359.root
%MSG-w XrdAdaptorInternal:  file_open 11-Jun-2024 09:07:32 CEST PostProcessEvent
Failed to open file at URL root://eoscms.cern.ch:1094//eos/cms/store/mc/RunIISummer20UL16MiniAODv2/QCD_HT700to1000_TuneCP5_PSWeights_13TeV-madgraph-pythia8/MINIAODSIM/106X_mcRun2_asymptotic_v17-v1/2530000/04DC065E-E13E-4F49-AD8A-A80223E64359.root.
%MSG
%MSG-w XrdAdaptorInternal:  file_open 11-Jun-2024 09:07:32 CEST PostProcessEvent
Failed to open file at URL root://eoscms.cern.ch:1094//eos/cms/store/mc/RunIISummer20UL16MiniAODv2/QCD_HT700to1000_TuneCP5_PSWeights_13TeV-madgraph-pythia8/MINIAODSIM/106X_mcRun2_asymptotic_v17-v1/2530000/04DC065E-E13E-4F49-AD8A-A80223E64359.root?tried=.
%MSG
11-Jun-2024 09:07:32 CEST  Fallback request to file root://xrootd-cms.infn.it//store/mc/RunIISummer20UL16MiniAODv2/QCD_HT700to1000_TuneCP5_PSWeights_13TeV-madgraph-pythia8/MINIAODSIM/106X_mcRun2_asymptotic_v17-v1/2530000/04DC065E-E13E-4F49-AD8A-A80223E64359.root
%MSG-w XrdAdaptor:  file_open 11-Jun-2024 09:07:45 CEST PostProcessEvent
Data is served from fnal.gov instead of original site T2_IT_Pisa
%MSG
11-Jun-2024 09:07:45 CEST  Successfully opened file root://xrootd-cms.infn.it//store/mc/RunIISummer20UL16MiniAODv2/QCD_HT700to1000_TuneCP5_PSWeights_13TeV-madgraph-pythia8/MINIAODSIM/106X_mcRun2_asymptotic_v17-v1/2530000/04DC065E-E13E-4F49-AD8A-A80223E64359.root
11-Jun-2024 09:07:59 CEST  Closed file root://xrootd-cms.infn.it//store/mc/RunIISummer20UL16MiniAODv2/QCD_HT700to1000_TuneCP5_PSWeights_13TeV-madgraph-pythia8/MINIAODSIM/106X_mcRun2_asymptotic_v17-v1/2530000/04DC065E-E13E-4F49-AD8A-A80223E64359.root
11-Jun-2024 09:07:59 CEST  Initiating request to open file root://eoscms.cern.ch//eos/cms/store/mc/RunIISummer20UL16MiniAODv2/QCD_HT700to1000_TuneCP5_PSWeights_13TeV-madgraph-pythia8/MINIAODSIM/106X_mcRun2_asymptotic_v17-v1/2530000/185FF7B2-F67C-4044-9C4D-9475513969B1.root
%MSG-w XrdAdaptorInternal:  file_open 11-Jun-2024 09:08:00 CEST PostProcessEvent
Failed to open file at URL root://eoscms.cern.ch:1094//eos/cms/store/mc/RunIISummer20UL16MiniAODv2/QCD_HT700to1000_TuneCP5_PSWeights_13TeV-madgraph-pythia8/MINIAODSIM/106X_mcRun2_asymptotic_v17-v1/2530000/185FF7B2-F67C-4044-9C4D-9475513969B1.root.
%MSG
%MSG-w XrdAdaptorInternal:  file_open 11-Jun-2024 09:08:00 CEST PostProcessEvent
Failed to open file at URL root://eoscms.cern.ch:1094//eos/cms/store/mc/RunIISummer20UL16MiniAODv2/QCD_HT700to1000_TuneCP5_PSWeights_13TeV-madgraph-pythia8/MINIAODSIM/106X_mcRun2_asymptotic_v17-v1/2530000/185FF7B2-F67C-4044-9C4D-9475513969B1.root?tried=.
%MSG
11-Jun-2024 09:08:00 CEST  Fallback request to file root://xrootd-cms.infn.it//store/mc/RunIISummer20UL16MiniAODv2/QCD_HT700to1000_TuneCP5_PSWeights_13TeV-madgraph-pythia8/MINIAODSIM/106X_mcRun2_asymptotic_v17-v1/2530000/185FF7B2-F67C-4044-9C4D-9475513969B1.root
%MSG-w XrdAdaptor:  file_open 11-Jun-2024 09:08:12 CEST PostProcessEvent
Data is served from fnal.gov instead of original site T2_IT_Pisa
%MSG
11-Jun-2024 09:08:12 CEST  Successfully opened file root://xrootd-cms.infn.it//store/mc/RunIISummer20UL16MiniAODv2/QCD_HT700to1000_TuneCP5_PSWeights_13TeV-madgraph-pythia8/MINIAODSIM/106X_mcRun2_asymptotic_v17-v1/2530000/185FF7B2-F67C-4044-9C4D-9475513969B1.root
Begin processing the 500001st record. Run 1, Event 41083164, LumiSection 32867 on stream 0 at 11-Jun-2024 09:08:21.376 CEST
11-Jun-2024 09:08:21 CEST  Closed file root://xrootd-cms.infn.it//store/mc/RunIISummer20UL16MiniAODv2/QCD_HT700to1000_TuneCP5_PSWeights_13TeV-madgraph-pythia8/MINIAODSIM/106X_mcRun2_asymptotic_v17-v1/2530000/185FF7B2-F67C-4044-9C4D-9475513969B1.root
11-Jun-2024 09:08:21 CEST  Initiating request to open file root://eoscms.cern.ch//eos/cms/store/mc/RunIISummer20UL16MiniAODv2/QCD_HT700to1000_TuneCP5_PSWeights_13TeV-madgraph-pythia8/MINIAODSIM/106X_mcRun2_asymptotic_v17-v1/2530000/5CD4ABF4-62CB-A04D-91AB-EA35C77A1E2D.root
%MSG-w XrdAdaptorInternal:  file_open 11-Jun-2024 09:08:22 CEST PostProcessEvent
Failed to open file at URL root://eoscms.cern.ch:1094//eos/cms/store/mc/RunIISummer20UL16MiniAODv2/QCD_HT700to1000_TuneCP5_PSWeights_13TeV-madgraph-pythia8/MINIAODSIM/106X_mcRun2_asymptotic_v17-v1/2530000/5CD4ABF4-62CB-A04D-91AB-EA35C77A1E2D.root.
%MSG
%MSG-w XrdAdaptorInternal:  file_open 11-Jun-2024 09:08:22 CEST PostProcessEvent
Failed to open file at URL root://eoscms.cern.ch:1094//eos/cms/store/mc/RunIISummer20UL16MiniAODv2/QCD_HT700to1000_TuneCP5_PSWeights_13TeV-madgraph-pythia8/MINIAODSIM/106X_mcRun2_asymptotic_v17-v1/2530000/5CD4ABF4-62CB-A04D-91AB-EA35C77A1E2D.root?tried=.
%MSG
11-Jun-2024 09:08:22 CEST  Fallback request to file root://xrootd-cms.infn.it//store/mc/RunIISummer20UL16MiniAODv2/QCD_HT700to1000_TuneCP5_PSWeights_13TeV-madgraph-pythia8/MINIAODSIM/106X_mcRun2_asymptotic_v17-v1/2530000/5CD4ABF4-62CB-A04D-91AB-EA35C77A1E2D.root
%MSG-w XrdAdaptor:  file_open 11-Jun-2024 09:08:35 CEST PostProcessEvent
Data is served from fnal.gov instead of original site T2_IT_Pisa
%MSG
11-Jun-2024 09:08:35 CEST  Successfully opened file root://xrootd-cms.infn.it//store/mc/RunIISummer20UL16MiniAODv2/QCD_HT700to1000_TuneCP5_PSWeights_13TeV-madgraph-pythia8/MINIAODSIM/106X_mcRun2_asymptotic_v17-v1/2530000/5CD4ABF4-62CB-A04D-91AB-EA35C77A1E2D.root
11-Jun-2024 09:08:44 CEST  Closed file root://xrootd-cms.infn.it//store/mc/RunIISummer20UL16MiniAODv2/QCD_HT700to1000_TuneCP5_PSWeights_13TeV-madgraph-pythia8/MINIAODSIM/106X_mcRun2_asymptotic_v17-v1/2530000/5CD4ABF4-62CB-A04D-91AB-EA35C77A1E2D.root
11-Jun-2024 09:08:44 CEST  Initiating request to open file root://eoscms.cern.ch//eos/cms/store/mc/RunIISummer20UL16MiniAODv2/QCD_HT700to1000_TuneCP5_PSWeights_13TeV-madgraph-pythia8/MINIAODSIM/106X_mcRun2_asymptotic_v17-v1/2530000/337AC304-4CE4-5048-9AB0-5D100E8986EF.root
%MSG-w XrdAdaptorInternal:  file_open 11-Jun-2024 09:08:45 CEST PostProcessEvent
Failed to open file at URL root://eoscms.cern.ch:1094//eos/cms/store/mc/RunIISummer20UL16MiniAODv2/QCD_HT700to1000_TuneCP5_PSWeights_13TeV-madgraph-pythia8/MINIAODSIM/106X_mcRun2_asymptotic_v17-v1/2530000/337AC304-4CE4-5048-9AB0-5D100E8986EF.root.
%MSG
%MSG-w XrdAdaptorInternal:  file_open 11-Jun-2024 09:08:45 CEST PostProcessEvent
Failed to open file at URL root://eoscms.cern.ch:1094//eos/cms/store/mc/RunIISummer20UL16MiniAODv2/QCD_HT700to1000_TuneCP5_PSWeights_13TeV-madgraph-pythia8/MINIAODSIM/106X_mcRun2_asymptotic_v17-v1/2530000/337AC304-4CE4-5048-9AB0-5D100E8986EF.root?tried=.
%MSG
11-Jun-2024 09:08:45 CEST  Fallback request to file root://xrootd-cms.infn.it//store/mc/RunIISummer20UL16MiniAODv2/QCD_HT700to1000_TuneCP5_PSWeights_13TeV-madgraph-pythia8/MINIAODSIM/106X_mcRun2_asymptotic_v17-v1/2530000/337AC304-4CE4-5048-9AB0-5D100E8986EF.root
%MSG-w XrdAdaptor:  file_open 11-Jun-2024 09:08:58 CEST PostProcessEvent
Data is served from fnal.gov instead of original site T2_IT_Pisa
%MSG
11-Jun-2024 09:08:58 CEST  Successfully opened file root://xrootd-cms.infn.it//store/mc/RunIISummer20UL16MiniAODv2/QCD_HT700to1000_TuneCP5_PSWeights_13TeV-madgraph-pythia8/MINIAODSIM/106X_mcRun2_asymptotic_v17-v1/2530000/337AC304-4CE4-5048-9AB0-5D100E8986EF.root
Begin processing the 600001st record. Run 1, Event 44790400, LumiSection 35833 on stream 0 at 11-Jun-2024 09:09:09.094 CEST
11-Jun-2024 09:09:09 CEST  Closed file root://xrootd-cms.infn.it//store/mc/RunIISummer20UL16MiniAODv2/QCD_HT700to1000_TuneCP5_PSWeights_13TeV-madgraph-pythia8/MINIAODSIM/106X_mcRun2_asymptotic_v17-v1/2530000/337AC304-4CE4-5048-9AB0-5D100E8986EF.root
11-Jun-2024 09:09:09 CEST  Initiating request to open file root://eoscms.cern.ch//eos/cms/store/mc/RunIISummer20UL16MiniAODv2/QCD_HT700to1000_TuneCP5_PSWeights_13TeV-madgraph-pythia8/MINIAODSIM/106X_mcRun2_asymptotic_v17-v1/2530000/FF156AC6-9266-1849-8587-9397BC8050E6.root
%MSG-w XrdAdaptorInternal:  file_open 11-Jun-2024 09:09:10 CEST PostProcessEvent
Failed to open file at URL root://eoscms.cern.ch:1094//eos/cms/store/mc/RunIISummer20UL16MiniAODv2/QCD_HT700to1000_TuneCP5_PSWeights_13TeV-madgraph-pythia8/MINIAODSIM/106X_mcRun2_asymptotic_v17-v1/2530000/FF156AC6-9266-1849-8587-9397BC8050E6.root.
%MSG
%MSG-w XrdAdaptorInternal:  file_open 11-Jun-2024 09:09:10 CEST PostProcessEvent
Failed to open file at URL root://eoscms.cern.ch:1094//eos/cms/store/mc/RunIISummer20UL16MiniAODv2/QCD_HT700to1000_TuneCP5_PSWeights_13TeV-madgraph-pythia8/MINIAODSIM/106X_mcRun2_asymptotic_v17-v1/2530000/FF156AC6-9266-1849-8587-9397BC8050E6.root?tried=.
%MSG
11-Jun-2024 09:09:10 CEST  Fallback request to file root://xrootd-cms.infn.it//store/mc/RunIISummer20UL16MiniAODv2/QCD_HT700to1000_TuneCP5_PSWeights_13TeV-madgraph-pythia8/MINIAODSIM/106X_mcRun2_asymptotic_v17-v1/2530000/FF156AC6-9266-1849-8587-9397BC8050E6.root
%MSG-w XrdAdaptor:  file_open 11-Jun-2024 09:09:27 CEST PostProcessEvent
Data is served from fnal.gov instead of original site T2_IT_Pisa
%MSG
11-Jun-2024 09:09:27 CEST  Successfully opened file root://xrootd-cms.infn.it//store/mc/RunIISummer20UL16MiniAODv2/QCD_HT700to1000_TuneCP5_PSWeights_13TeV-madgraph-pythia8/MINIAODSIM/106X_mcRun2_asymptotic_v17-v1/2530000/FF156AC6-9266-1849-8587-9397BC8050E6.root
11-Jun-2024 09:09:39 CEST  Closed file root://xrootd-cms.infn.it//store/mc/RunIISummer20UL16MiniAODv2/QCD_HT700to1000_TuneCP5_PSWeights_13TeV-madgraph-pythia8/MINIAODSIM/106X_mcRun2_asymptotic_v17-v1/2530000/FF156AC6-9266-1849-8587-9397BC8050E6.root
11-Jun-2024 09:09:39 CEST  Initiating request to open file root://eoscms.cern.ch//eos/cms/store/mc/RunIISummer20UL16MiniAODv2/QCD_HT700to1000_TuneCP5_PSWeights_13TeV-madgraph-pythia8/MINIAODSIM/106X_mcRun2_asymptotic_v17-v1/2530000/E3F1AEAD-F17F-8044-B547-524F6EC272FB.root
%MSG-w XrdAdaptorInternal:  file_open 11-Jun-2024 09:09:40 CEST PostProcessEvent
Failed to open file at URL root://eoscms.cern.ch:1094//eos/cms/store/mc/RunIISummer20UL16MiniAODv2/QCD_HT700to1000_TuneCP5_PSWeights_13TeV-madgraph-pythia8/MINIAODSIM/106X_mcRun2_asymptotic_v17-v1/2530000/E3F1AEAD-F17F-8044-B547-524F6EC272FB.root.
%MSG
%MSG-w XrdAdaptorInternal:  file_open 11-Jun-2024 09:09:40 CEST PostProcessEvent
Failed to open file at URL root://eoscms.cern.ch:1094//eos/cms/store/mc/RunIISummer20UL16MiniAODv2/QCD_HT700to1000_TuneCP5_PSWeights_13TeV-madgraph-pythia8/MINIAODSIM/106X_mcRun2_asymptotic_v17-v1/2530000/E3F1AEAD-F17F-8044-B547-524F6EC272FB.root?tried=.
%MSG
11-Jun-2024 09:09:40 CEST  Fallback request to file root://xrootd-cms.infn.it//store/mc/RunIISummer20UL16MiniAODv2/QCD_HT700to1000_TuneCP5_PSWeights_13TeV-madgraph-pythia8/MINIAODSIM/106X_mcRun2_asymptotic_v17-v1/2530000/E3F1AEAD-F17F-8044-B547-524F6EC272FB.root
%MSG-w XrdAdaptor:  file_open 11-Jun-2024 09:09:52 CEST PostProcessEvent
Data is served from fnal.gov instead of original site T2_IT_Pisa
%MSG
11-Jun-2024 09:09:52 CEST  Successfully opened file root://xrootd-cms.infn.it//store/mc/RunIISummer20UL16MiniAODv2/QCD_HT700to1000_TuneCP5_PSWeights_13TeV-madgraph-pythia8/MINIAODSIM/106X_mcRun2_asymptotic_v17-v1/2530000/E3F1AEAD-F17F-8044-B547-524F6EC272FB.root
11-Jun-2024 09:10:02 CEST  Closed file root://xrootd-cms.infn.it//store/mc/RunIISummer20UL16MiniAODv2/QCD_HT700to1000_TuneCP5_PSWeights_13TeV-madgraph-pythia8/MINIAODSIM/106X_mcRun2_asymptotic_v17-v1/2530000/E3F1AEAD-F17F-8044-B547-524F6EC272FB.root
11-Jun-2024 09:10:02 CEST  Initiating request to open file root://eoscms.cern.ch//eos/cms/store/mc/RunIISummer20UL16MiniAODv2/QCD_HT700to1000_TuneCP5_PSWeights_13TeV-madgraph-pythia8/MINIAODSIM/106X_mcRun2_asymptotic_v17-v1/2530000/708818D7-7326-2F47-BEDA-0ABCF0F8AC80.root
%MSG-w XrdAdaptorInternal:  file_open 11-Jun-2024 09:10:03 CEST PostProcessEvent
Failed to open file at URL root://eoscms.cern.ch:1094//eos/cms/store/mc/RunIISummer20UL16MiniAODv2/QCD_HT700to1000_TuneCP5_PSWeights_13TeV-madgraph-pythia8/MINIAODSIM/106X_mcRun2_asymptotic_v17-v1/2530000/708818D7-7326-2F47-BEDA-0ABCF0F8AC80.root.
%MSG
%MSG-w XrdAdaptorInternal:  file_open 11-Jun-2024 09:10:03 CEST PostProcessEvent
Failed to open file at URL root://eoscms.cern.ch:1094//eos/cms/store/mc/RunIISummer20UL16MiniAODv2/QCD_HT700to1000_TuneCP5_PSWeights_13TeV-madgraph-pythia8/MINIAODSIM/106X_mcRun2_asymptotic_v17-v1/2530000/708818D7-7326-2F47-BEDA-0ABCF0F8AC80.root?tried=.
%MSG
11-Jun-2024 09:10:03 CEST  Fallback request to file root://xrootd-cms.infn.it//store/mc/RunIISummer20UL16MiniAODv2/QCD_HT700to1000_TuneCP5_PSWeights_13TeV-madgraph-pythia8/MINIAODSIM/106X_mcRun2_asymptotic_v17-v1/2530000/708818D7-7326-2F47-BEDA-0ABCF0F8AC80.root
%MSG-w XrdAdaptor:  file_open 11-Jun-2024 09:10:16 CEST PostProcessEvent
Data is served from fnal.gov instead of original site T2_IT_Pisa
%MSG
11-Jun-2024 09:10:16 CEST  Successfully opened file root://xrootd-cms.infn.it//store/mc/RunIISummer20UL16MiniAODv2/QCD_HT700to1000_TuneCP5_PSWeights_13TeV-madgraph-pythia8/MINIAODSIM/106X_mcRun2_asymptotic_v17-v1/2530000/708818D7-7326-2F47-BEDA-0ABCF0F8AC80.root
Begin processing the 700001st record. Run 1, Event 58163345, LumiSection 46531 on stream 0 at 11-Jun-2024 09:10:25.258 CEST
11-Jun-2024 09:10:25 CEST  Closed file root://xrootd-cms.infn.it//store/mc/RunIISummer20UL16MiniAODv2/QCD_HT700to1000_TuneCP5_PSWeights_13TeV-madgraph-pythia8/MINIAODSIM/106X_mcRun2_asymptotic_v17-v1/2530000/708818D7-7326-2F47-BEDA-0ABCF0F8AC80.root
11-Jun-2024 09:10:25 CEST  Initiating request to open file root://eoscms.cern.ch//eos/cms/store/mc/RunIISummer20UL16MiniAODv2/QCD_HT700to1000_TuneCP5_PSWeights_13TeV-madgraph-pythia8/MINIAODSIM/106X_mcRun2_asymptotic_v17-v1/2530000/5120641A-E5E4-D242-BBE6-543AAC7F87F0.root
%MSG-w XrdAdaptorInternal:  file_open 11-Jun-2024 09:10:26 CEST PostProcessEvent
Failed to open file at URL root://eoscms.cern.ch:1094//eos/cms/store/mc/RunIISummer20UL16MiniAODv2/QCD_HT700to1000_TuneCP5_PSWeights_13TeV-madgraph-pythia8/MINIAODSIM/106X_mcRun2_asymptotic_v17-v1/2530000/5120641A-E5E4-D242-BBE6-543AAC7F87F0.root.
%MSG
%MSG-w XrdAdaptorInternal:  file_open 11-Jun-2024 09:10:26 CEST PostProcessEvent
Failed to open file at URL root://eoscms.cern.ch:1094//eos/cms/store/mc/RunIISummer20UL16MiniAODv2/QCD_HT700to1000_TuneCP5_PSWeights_13TeV-madgraph-pythia8/MINIAODSIM/106X_mcRun2_asymptotic_v17-v1/2530000/5120641A-E5E4-D242-BBE6-543AAC7F87F0.root?tried=.
%MSG
11-Jun-2024 09:10:26 CEST  Fallback request to file root://xrootd-cms.infn.it//store/mc/RunIISummer20UL16MiniAODv2/QCD_HT700to1000_TuneCP5_PSWeights_13TeV-madgraph-pythia8/MINIAODSIM/106X_mcRun2_asymptotic_v17-v1/2530000/5120641A-E5E4-D242-BBE6-543AAC7F87F0.root
%MSG-w XrdAdaptor:  file_open 11-Jun-2024 09:10:39 CEST PostProcessEvent
Data is served from fnal.gov instead of original site T2_IT_Pisa
%MSG
11-Jun-2024 09:10:39 CEST  Successfully opened file root://xrootd-cms.infn.it//store/mc/RunIISummer20UL16MiniAODv2/QCD_HT700to1000_TuneCP5_PSWeights_13TeV-madgraph-pythia8/MINIAODSIM/106X_mcRun2_asymptotic_v17-v1/2530000/5120641A-E5E4-D242-BBE6-543AAC7F87F0.root
11-Jun-2024 09:10:54 CEST  Closed file root://xrootd-cms.infn.it//store/mc/RunIISummer20UL16MiniAODv2/QCD_HT700to1000_TuneCP5_PSWeights_13TeV-madgraph-pythia8/MINIAODSIM/106X_mcRun2_asymptotic_v17-v1/2530000/5120641A-E5E4-D242-BBE6-543AAC7F87F0.root
11-Jun-2024 09:10:54 CEST  Initiating request to open file root://eoscms.cern.ch//eos/cms/store/mc/RunIISummer20UL16MiniAODv2/QCD_HT700to1000_TuneCP5_PSWeights_13TeV-madgraph-pythia8/MINIAODSIM/106X_mcRun2_asymptotic_v17-v1/2530000/F3ACD49B-803F-5B42-92B4-208B43467964.root
%MSG-w XrdAdaptorInternal:  file_open 11-Jun-2024 09:10:55 CEST PostProcessEvent
Failed to open file at URL root://eoscms.cern.ch:1094//eos/cms/store/mc/RunIISummer20UL16MiniAODv2/QCD_HT700to1000_TuneCP5_PSWeights_13TeV-madgraph-pythia8/MINIAODSIM/106X_mcRun2_asymptotic_v17-v1/2530000/F3ACD49B-803F-5B42-92B4-208B43467964.root.
%MSG
%MSG-w XrdAdaptorInternal:  file_open 11-Jun-2024 09:10:55 CEST PostProcessEvent
Failed to open file at URL root://eoscms.cern.ch:1094//eos/cms/store/mc/RunIISummer20UL16MiniAODv2/QCD_HT700to1000_TuneCP5_PSWeights_13TeV-madgraph-pythia8/MINIAODSIM/106X_mcRun2_asymptotic_v17-v1/2530000/F3ACD49B-803F-5B42-92B4-208B43467964.root?tried=.
%MSG
11-Jun-2024 09:10:55 CEST  Fallback request to file root://xrootd-cms.infn.it//store/mc/RunIISummer20UL16MiniAODv2/QCD_HT700to1000_TuneCP5_PSWeights_13TeV-madgraph-pythia8/MINIAODSIM/106X_mcRun2_asymptotic_v17-v1/2530000/F3ACD49B-803F-5B42-92B4-208B43467964.root
%MSG-w XrdAdaptor:  file_open 11-Jun-2024 09:11:07 CEST PostProcessEvent
Data is served from fnal.gov instead of original site T2_IT_Pisa
%MSG
11-Jun-2024 09:11:08 CEST  Successfully opened file root://xrootd-cms.infn.it//store/mc/RunIISummer20UL16MiniAODv2/QCD_HT700to1000_TuneCP5_PSWeights_13TeV-madgraph-pythia8/MINIAODSIM/106X_mcRun2_asymptotic_v17-v1/2530000/F3ACD49B-803F-5B42-92B4-208B43467964.root
Begin processing the 800001st record. Run 1, Event 14928468, LumiSection 11943 on stream 0 at 11-Jun-2024 09:11:20.242 CEST
11-Jun-2024 09:11:20 CEST  Closed file root://xrootd-cms.infn.it//store/mc/RunIISummer20UL16MiniAODv2/QCD_HT700to1000_TuneCP5_PSWeights_13TeV-madgraph-pythia8/MINIAODSIM/106X_mcRun2_asymptotic_v17-v1/2530000/F3ACD49B-803F-5B42-92B4-208B43467964.root
11-Jun-2024 09:11:20 CEST  Initiating request to open file root://eoscms.cern.ch//eos/cms/store/mc/RunIISummer20UL16MiniAODv2/QCD_HT700to1000_TuneCP5_PSWeights_13TeV-madgraph-pythia8/MINIAODSIM/106X_mcRun2_asymptotic_v17-v1/2530000/6BE3E2CB-5E68-774A-9C8B-4F66E26E738E.root
%MSG-w XrdAdaptorInternal:  file_open 11-Jun-2024 09:11:21 CEST PostProcessEvent
Failed to open file at URL root://eoscms.cern.ch:1094//eos/cms/store/mc/RunIISummer20UL16MiniAODv2/QCD_HT700to1000_TuneCP5_PSWeights_13TeV-madgraph-pythia8/MINIAODSIM/106X_mcRun2_asymptotic_v17-v1/2530000/6BE3E2CB-5E68-774A-9C8B-4F66E26E738E.root.
%MSG
%MSG-w XrdAdaptorInternal:  file_open 11-Jun-2024 09:11:21 CEST PostProcessEvent
Failed to open file at URL root://eoscms.cern.ch:1094//eos/cms/store/mc/RunIISummer20UL16MiniAODv2/QCD_HT700to1000_TuneCP5_PSWeights_13TeV-madgraph-pythia8/MINIAODSIM/106X_mcRun2_asymptotic_v17-v1/2530000/6BE3E2CB-5E68-774A-9C8B-4F66E26E738E.root?tried=.
%MSG
11-Jun-2024 09:11:21 CEST  Fallback request to file root://xrootd-cms.infn.it//store/mc/RunIISummer20UL16MiniAODv2/QCD_HT700to1000_TuneCP5_PSWeights_13TeV-madgraph-pythia8/MINIAODSIM/106X_mcRun2_asymptotic_v17-v1/2530000/6BE3E2CB-5E68-774A-9C8B-4F66E26E738E.root
%MSG-w XrdAdaptor:  file_open 11-Jun-2024 09:11:34 CEST PostProcessEvent
Data is served from fnal.gov instead of original site T2_IT_Pisa
%MSG
11-Jun-2024 09:11:34 CEST  Successfully opened file root://xrootd-cms.infn.it//store/mc/RunIISummer20UL16MiniAODv2/QCD_HT700to1000_TuneCP5_PSWeights_13TeV-madgraph-pythia8/MINIAODSIM/106X_mcRun2_asymptotic_v17-v1/2530000/6BE3E2CB-5E68-774A-9C8B-4F66E26E738E.root
11-Jun-2024 09:11:49 CEST  Closed file root://xrootd-cms.infn.it//store/mc/RunIISummer20UL16MiniAODv2/QCD_HT700to1000_TuneCP5_PSWeights_13TeV-madgraph-pythia8/MINIAODSIM/106X_mcRun2_asymptotic_v17-v1/2530000/6BE3E2CB-5E68-774A-9C8B-4F66E26E738E.root
11-Jun-2024 09:11:49 CEST  Initiating request to open file root://eoscms.cern.ch//eos/cms/store/mc/RunIISummer20UL16MiniAODv2/QCD_HT700to1000_TuneCP5_PSWeights_13TeV-madgraph-pythia8/MINIAODSIM/106X_mcRun2_asymptotic_v17-v1/2530000/0B544C05-6AF1-9446-9016-3A2F63326453.root
%MSG-w XrdAdaptorInternal:  file_open 11-Jun-2024 09:11:50 CEST PostProcessEvent
Failed to open file at URL root://eoscms.cern.ch:1094//eos/cms/store/mc/RunIISummer20UL16MiniAODv2/QCD_HT700to1000_TuneCP5_PSWeights_13TeV-madgraph-pythia8/MINIAODSIM/106X_mcRun2_asymptotic_v17-v1/2530000/0B544C05-6AF1-9446-9016-3A2F63326453.root.
%MSG
%MSG-w XrdAdaptorInternal:  file_open 11-Jun-2024 09:11:50 CEST PostProcessEvent
Failed to open file at URL root://eoscms.cern.ch:1094//eos/cms/store/mc/RunIISummer20UL16MiniAODv2/QCD_HT700to1000_TuneCP5_PSWeights_13TeV-madgraph-pythia8/MINIAODSIM/106X_mcRun2_asymptotic_v17-v1/2530000/0B544C05-6AF1-9446-9016-3A2F63326453.root?tried=.
%MSG
11-Jun-2024 09:11:50 CEST  Fallback request to file root://xrootd-cms.infn.it//store/mc/RunIISummer20UL16MiniAODv2/QCD_HT700to1000_TuneCP5_PSWeights_13TeV-madgraph-pythia8/MINIAODSIM/106X_mcRun2_asymptotic_v17-v1/2530000/0B544C05-6AF1-9446-9016-3A2F63326453.root
%MSG-w XrdAdaptor:  file_open 11-Jun-2024 09:12:02 CEST PostProcessEvent
Data is served from fnal.gov instead of original site T2_IT_Pisa
%MSG
11-Jun-2024 09:12:02 CEST  Successfully opened file root://xrootd-cms.infn.it//store/mc/RunIISummer20UL16MiniAODv2/QCD_HT700to1000_TuneCP5_PSWeights_13TeV-madgraph-pythia8/MINIAODSIM/106X_mcRun2_asymptotic_v17-v1/2530000/0B544C05-6AF1-9446-9016-3A2F63326453.root
Begin processing the 900001st record. Run 1, Event 24907213, LumiSection 19926 on stream 0 at 11-Jun-2024 09:12:10.965 CEST
11-Jun-2024 09:12:11 CEST  Closed file root://xrootd-cms.infn.it//store/mc/RunIISummer20UL16MiniAODv2/QCD_HT700to1000_TuneCP5_PSWeights_13TeV-madgraph-pythia8/MINIAODSIM/106X_mcRun2_asymptotic_v17-v1/2530000/0B544C05-6AF1-9446-9016-3A2F63326453.root
11-Jun-2024 09:12:11 CEST  Initiating request to open file root://eoscms.cern.ch//eos/cms/store/mc/RunIISummer20UL16MiniAODv2/QCD_HT700to1000_TuneCP5_PSWeights_13TeV-madgraph-pythia8/MINIAODSIM/106X_mcRun2_asymptotic_v17-v1/2530000/24005178-C594-504F-9B4E-A2319FD2E637.root
%MSG-w XrdAdaptorInternal:  file_open 11-Jun-2024 09:12:12 CEST PostProcessEvent
Failed to open file at URL root://eoscms.cern.ch:1094//eos/cms/store/mc/RunIISummer20UL16MiniAODv2/QCD_HT700to1000_TuneCP5_PSWeights_13TeV-madgraph-pythia8/MINIAODSIM/106X_mcRun2_asymptotic_v17-v1/2530000/24005178-C594-504F-9B4E-A2319FD2E637.root.
%MSG
%MSG-w XrdAdaptorInternal:  file_open 11-Jun-2024 09:12:12 CEST PostProcessEvent
Failed to open file at URL root://eoscms.cern.ch:1094//eos/cms/store/mc/RunIISummer20UL16MiniAODv2/QCD_HT700to1000_TuneCP5_PSWeights_13TeV-madgraph-pythia8/MINIAODSIM/106X_mcRun2_asymptotic_v17-v1/2530000/24005178-C594-504F-9B4E-A2319FD2E637.root?tried=.
%MSG
11-Jun-2024 09:12:12 CEST  Fallback request to file root://xrootd-cms.infn.it//store/mc/RunIISummer20UL16MiniAODv2/QCD_HT700to1000_TuneCP5_PSWeights_13TeV-madgraph-pythia8/MINIAODSIM/106X_mcRun2_asymptotic_v17-v1/2530000/24005178-C594-504F-9B4E-A2319FD2E637.root
%MSG-w XrdAdaptor:  file_open 11-Jun-2024 09:12:24 CEST PostProcessEvent
Data is served from fnal.gov instead of original site T2_IT_Pisa
%MSG
11-Jun-2024 09:12:24 CEST  Successfully opened file root://xrootd-cms.infn.it//store/mc/RunIISummer20UL16MiniAODv2/QCD_HT700to1000_TuneCP5_PSWeights_13TeV-madgraph-pythia8/MINIAODSIM/106X_mcRun2_asymptotic_v17-v1/2530000/24005178-C594-504F-9B4E-A2319FD2E637.root
11-Jun-2024 09:12:35 CEST  Closed file root://xrootd-cms.infn.it//store/mc/RunIISummer20UL16MiniAODv2/QCD_HT700to1000_TuneCP5_PSWeights_13TeV-madgraph-pythia8/MINIAODSIM/106X_mcRun2_asymptotic_v17-v1/2530000/24005178-C594-504F-9B4E-A2319FD2E637.root
11-Jun-2024 09:12:35 CEST  Initiating request to open file root://eoscms.cern.ch//eos/cms/store/mc/RunIISummer20UL16MiniAODv2/QCD_HT700to1000_TuneCP5_PSWeights_13TeV-madgraph-pythia8/MINIAODSIM/106X_mcRun2_asymptotic_v17-v1/2530000/B6EED756-5013-8448-B50D-0CE7468E9A17.root
%MSG-w XrdAdaptorInternal:  file_open 11-Jun-2024 09:12:36 CEST PostProcessEvent
Failed to open file at URL root://eoscms.cern.ch:1094//eos/cms/store/mc/RunIISummer20UL16MiniAODv2/QCD_HT700to1000_TuneCP5_PSWeights_13TeV-madgraph-pythia8/MINIAODSIM/106X_mcRun2_asymptotic_v17-v1/2530000/B6EED756-5013-8448-B50D-0CE7468E9A17.root.
%MSG
%MSG-w XrdAdaptorInternal:  file_open 11-Jun-2024 09:12:36 CEST PostProcessEvent
Failed to open file at URL root://eoscms.cern.ch:1094//eos/cms/store/mc/RunIISummer20UL16MiniAODv2/QCD_HT700to1000_TuneCP5_PSWeights_13TeV-madgraph-pythia8/MINIAODSIM/106X_mcRun2_asymptotic_v17-v1/2530000/B6EED756-5013-8448-B50D-0CE7468E9A17.root?tried=.
%MSG
11-Jun-2024 09:12:36 CEST  Fallback request to file root://xrootd-cms.infn.it//store/mc/RunIISummer20UL16MiniAODv2/QCD_HT700to1000_TuneCP5_PSWeights_13TeV-madgraph-pythia8/MINIAODSIM/106X_mcRun2_asymptotic_v17-v1/2530000/B6EED756-5013-8448-B50D-0CE7468E9A17.root
%MSG-w XrdAdaptor:  file_open 11-Jun-2024 09:12:48 CEST PostProcessEvent
Data is served from fnal.gov instead of original site T2_IT_Pisa
%MSG
11-Jun-2024 09:12:48 CEST  Successfully opened file root://xrootd-cms.infn.it//store/mc/RunIISummer20UL16MiniAODv2/QCD_HT700to1000_TuneCP5_PSWeights_13TeV-madgraph-pythia8/MINIAODSIM/106X_mcRun2_asymptotic_v17-v1/2530000/B6EED756-5013-8448-B50D-0CE7468E9A17.root
11-Jun-2024 09:12:58 CEST  Closed file root://xrootd-cms.infn.it//store/mc/RunIISummer20UL16MiniAODv2/QCD_HT700to1000_TuneCP5_PSWeights_13TeV-madgraph-pythia8/MINIAODSIM/106X_mcRun2_asymptotic_v17-v1/2530000/B6EED756-5013-8448-B50D-0CE7468E9A17.root
11-Jun-2024 09:12:58 CEST  Initiating request to open file root://eoscms.cern.ch//eos/cms/store/mc/RunIISummer20UL16MiniAODv2/QCD_HT700to1000_TuneCP5_PSWeights_13TeV-madgraph-pythia8/MINIAODSIM/106X_mcRun2_asymptotic_v17-v1/2530000/38C97E39-2305-364E-8122-DAF6D0E989F3.root
%MSG-w XrdAdaptorInternal:  file_open 11-Jun-2024 09:12:59 CEST PostProcessEvent
Failed to open file at URL root://eoscms.cern.ch:1094//eos/cms/store/mc/RunIISummer20UL16MiniAODv2/QCD_HT700to1000_TuneCP5_PSWeights_13TeV-madgraph-pythia8/MINIAODSIM/106X_mcRun2_asymptotic_v17-v1/2530000/38C97E39-2305-364E-8122-DAF6D0E989F3.root.
%MSG
%MSG-w XrdAdaptorInternal:  file_open 11-Jun-2024 09:12:59 CEST PostProcessEvent
Failed to open file at URL root://eoscms.cern.ch:1094//eos/cms/store/mc/RunIISummer20UL16MiniAODv2/QCD_HT700to1000_TuneCP5_PSWeights_13TeV-madgraph-pythia8/MINIAODSIM/106X_mcRun2_asymptotic_v17-v1/2530000/38C97E39-2305-364E-8122-DAF6D0E989F3.root?tried=.
%MSG
11-Jun-2024 09:12:59 CEST  Fallback request to file root://xrootd-cms.infn.it//store/mc/RunIISummer20UL16MiniAODv2/QCD_HT700to1000_TuneCP5_PSWeights_13TeV-madgraph-pythia8/MINIAODSIM/106X_mcRun2_asymptotic_v17-v1/2530000/38C97E39-2305-364E-8122-DAF6D0E989F3.root
%MSG-w XrdAdaptor:  file_open 11-Jun-2024 09:13:12 CEST PostProcessEvent
Data is served from fnal.gov instead of original site T2_IT_Pisa
%MSG
11-Jun-2024 09:13:12 CEST  Successfully opened file root://xrootd-cms.infn.it//store/mc/RunIISummer20UL16MiniAODv2/QCD_HT700to1000_TuneCP5_PSWeights_13TeV-madgraph-pythia8/MINIAODSIM/106X_mcRun2_asymptotic_v17-v1/2530000/38C97E39-2305-364E-8122-DAF6D0E989F3.root
   2903.914434     27.433854      7.639088             0
  17675.487357     99.243442      7.639088             1
  55739.764978    148.741193      7.639088             2
 
11-Jun-2024 09:13:21 CEST  Closed file root://xrootd-cms.infn.it//store/mc/RunIISummer20UL16MiniAODv2/QCD_HT700to1000_TuneCP5_PSWeights_13TeV-madgraph-pythia8/MINIAODSIM/106X_mcRun2_asymptotic_v17-v1/2530000/38C97E39-2305-364E-8122-DAF6D0E989F3.root

------------------------------------
GenXsecAnalyzer:
------------------------------------
-------------------------------------------------------------------------------------------------------------------------------------------------------------------------- 
Overall cross-section summary 
--------------------------------------------------------------------------------------------------------------------------------------------------------------------------
Process		xsec_before [pb]		passed	nposw	nnegw	tried	nposw	nnegw 	xsec_match [pb]			accepted [%]	 event_eff [%]
0		2.913e+03 +/- 9.442e-01		12606	12606	0	455091	455091	0	8.068e+01 +/- 7.091e-01		2.8 +/- 0.0	2.8 +/- 0.0
1		1.775e+04 +/- 3.422e+00		47210	47210	0	2764709	2764709	0	3.030e+02 +/- 1.384e+00		1.7 +/- 0.0	1.7 +/- 0.0
2		5.573e+04 +/- 4.929e+00		940226	940226	0	8652700	8652700	0	6.056e+03 +/- 5.920e+00		10.9 +/- 0.0	10.9 +/- 0.0
-------------------------------------------------------------------------------------------------------------------------------------------------------------------------- 
Total		7.639e+04 +/- 6.074e+00		1000042	1000042	0	11872500	11872500	0	6.434e+03 +/- 6.178e+00		8.4 +/- 0.0	8.4 +/- 0.0
--------------------------------------------------------------------------------------------------------------------------------------------------------------------------
Before matching: total cross section = 7.639e+04 +- 6.074e+00 pb
After matching: total cross section = 6.434e+03 +- 6.178e+00 pb
Matching efficiency = 0.1 +/- 0.0   [TO BE USED IN MCM]
Filter efficiency (taking into account weights)= (1.00004e+06) / (1.00004e+06) = 1.000e+00 +- 0.000e+00
Filter efficiency (event-level)= (1.00004e+06) / (1.00004e+06) = 1.000e+00 +- 0.000e+00    [TO BE USED IN MCM]

After filter: final cross section = 6.434e+03 +- 6.178e+00 pb
After filter: final fraction of events with negative weights = 0.000e+00 +- 0.000e+00
After filter: final equivalent lumi for 1M events (1/fb) = 1.554e-01 +- 2.155e-04

=============================================

MessageLogger Summary

 type     category        sev    module        subroutine        count    total
 ---- -------------------- -- ---------------- ----------------  -----    -----
    1 GenXSecAnalyzer      -w GenXSecAnalyzer:                      17       17
    2 XrdAdaptor           -w file_open                             23       23
    3 XrdAdaptorInternal   -w file_open                             46       46
    4 fileAction           -s file_close                            23       23
    5 fileAction           -s file_open                             69       69

 type    category    Examples: run/evt        run/evt          run/evt
 ---- -------------------- ---------------- ---------------- ----------------
    1 GenXSecAnalyzer      PostGlobalEndRun PostGlobalEndRun PostGlobalEndRun
    2 XrdAdaptor           pre-events       PostProcessEvent PostProcessEvent
    3 XrdAdaptorInternal   pre-events       pre-events       PostProcessEvent
    4 fileAction           PostProcessEvent PostProcessEvent PostGlobalEndRun
    5 fileAction           pre-events       pre-events       PostProcessEvent

Severity    # Occurrences   Total Occurrences
--------    -------------   -----------------
Warning                86                  86
System                 92                  92

dropped waiting message count 0
