11-Jun-2024 08:35:08 CEST  Initiating request to open file root://eoscms.cern.ch//eos/cms/store/mc/RunIISummer20UL16MiniAODv2/QCD_Pt_30to50_TuneCP5_13TeV_pythia8/MINIAODSIM/106X_mcRun2_asymptotic_v17-v1/130000/C0AE373E-F6D3-B847-BBD3-E25CAF0541AC.root
%MSG-w XrdAdaptorInternal:  file_open 11-Jun-2024 08:35:10 CEST pre-events
Failed to open file at URL root://eoscms.cern.ch:1094//eos/cms/store/mc/RunIISummer20UL16MiniAODv2/QCD_Pt_30to50_TuneCP5_13TeV_pythia8/MINIAODSIM/106X_mcRun2_asymptotic_v17-v1/130000/C0AE373E-F6D3-B847-BBD3-E25CAF0541AC.root.
%MSG
%MSG-w XrdAdaptorInternal:  file_open 11-Jun-2024 08:35:10 CEST pre-events
Failed to open file at URL root://eoscms.cern.ch:1094//eos/cms/store/mc/RunIISummer20UL16MiniAODv2/QCD_Pt_30to50_TuneCP5_13TeV_pythia8/MINIAODSIM/106X_mcRun2_asymptotic_v17-v1/130000/C0AE373E-F6D3-B847-BBD3-E25CAF0541AC.root?tried=.
%MSG
11-Jun-2024 08:35:10 CEST  Fallback request to file root://xrootd-cms.infn.it//store/mc/RunIISummer20UL16MiniAODv2/QCD_Pt_30to50_TuneCP5_13TeV_pythia8/MINIAODSIM/106X_mcRun2_asymptotic_v17-v1/130000/C0AE373E-F6D3-B847-BBD3-E25CAF0541AC.root
%MSG-w XrdAdaptor:  file_open 11-Jun-2024 08:35:26 CEST pre-events
Data is served from T2_US_Wisconsin instead of original site T2_IT_Pisa
%MSG
11-Jun-2024 08:35:30 CEST  Successfully opened file root://xrootd-cms.infn.it//store/mc/RunIISummer20UL16MiniAODv2/QCD_Pt_30to50_TuneCP5_13TeV_pythia8/MINIAODSIM/106X_mcRun2_asymptotic_v17-v1/130000/C0AE373E-F6D3-B847-BBD3-E25CAF0541AC.root
[2024-06-11 08:35:33.417881 +0200][Error  ][AsyncSock         ] [g34n06.hep.wisc.edu:1094 #0.0] Unable to connect: No route to host
[2024-06-11 08:35:33.418000 +0200][Error  ][PostMaster        ] [g34n06.hep.wisc.edu:1094 #0] elapsed = 2, pConnectionWindow = 31 seconds.
Begin processing the 1st record. Run 1, Event 10017, LumiSection 11 on stream 0 at 11-Jun-2024 08:35:38.114 CEST
11-Jun-2024 08:35:40 CEST  Closed file root://xrootd-cms.infn.it//store/mc/RunIISummer20UL16MiniAODv2/QCD_Pt_30to50_TuneCP5_13TeV_pythia8/MINIAODSIM/106X_mcRun2_asymptotic_v17-v1/130000/C0AE373E-F6D3-B847-BBD3-E25CAF0541AC.root
11-Jun-2024 08:35:40 CEST  Initiating request to open file root://eoscms.cern.ch//eos/cms/store/mc/RunIISummer20UL16MiniAODv2/QCD_Pt_30to50_TuneCP5_13TeV_pythia8/MINIAODSIM/106X_mcRun2_asymptotic_v17-v1/130000/C866E6E7-42FE-D04D-A8FB-0383FA1B8086.root
%MSG-w XrdAdaptorInternal:  file_open 11-Jun-2024 08:35:41 CEST PostProcessEvent
Failed to open file at URL root://eoscms.cern.ch:1094//eos/cms/store/mc/RunIISummer20UL16MiniAODv2/QCD_Pt_30to50_TuneCP5_13TeV_pythia8/MINIAODSIM/106X_mcRun2_asymptotic_v17-v1/130000/C866E6E7-42FE-D04D-A8FB-0383FA1B8086.root.
%MSG
%MSG-w XrdAdaptorInternal:  file_open 11-Jun-2024 08:35:41 CEST PostProcessEvent
Failed to open file at URL root://eoscms.cern.ch:1094//eos/cms/store/mc/RunIISummer20UL16MiniAODv2/QCD_Pt_30to50_TuneCP5_13TeV_pythia8/MINIAODSIM/106X_mcRun2_asymptotic_v17-v1/130000/C866E6E7-42FE-D04D-A8FB-0383FA1B8086.root?tried=.
%MSG
11-Jun-2024 08:35:41 CEST  Fallback request to file root://xrootd-cms.infn.it//store/mc/RunIISummer20UL16MiniAODv2/QCD_Pt_30to50_TuneCP5_13TeV_pythia8/MINIAODSIM/106X_mcRun2_asymptotic_v17-v1/130000/C866E6E7-42FE-D04D-A8FB-0383FA1B8086.root
%MSG-w XrdAdaptor:  file_open 11-Jun-2024 08:35:56 CEST PostProcessEvent
Data is served from T2_US_Wisconsin instead of original site T2_IT_Pisa
%MSG
11-Jun-2024 08:35:57 CEST  Successfully opened file root://xrootd-cms.infn.it//store/mc/RunIISummer20UL16MiniAODv2/QCD_Pt_30to50_TuneCP5_13TeV_pythia8/MINIAODSIM/106X_mcRun2_asymptotic_v17-v1/130000/C866E6E7-42FE-D04D-A8FB-0383FA1B8086.root
Begin processing the 100001st record. Run 1, Event 8368008, LumiSection 8369 on stream 0 at 11-Jun-2024 08:36:05.278 CEST
11-Jun-2024 08:36:07 CEST  Closed file root://xrootd-cms.infn.it//store/mc/RunIISummer20UL16MiniAODv2/QCD_Pt_30to50_TuneCP5_13TeV_pythia8/MINIAODSIM/106X_mcRun2_asymptotic_v17-v1/130000/C866E6E7-42FE-D04D-A8FB-0383FA1B8086.root
11-Jun-2024 08:36:07 CEST  Initiating request to open file root://eoscms.cern.ch//eos/cms/store/mc/RunIISummer20UL16MiniAODv2/QCD_Pt_30to50_TuneCP5_13TeV_pythia8/MINIAODSIM/106X_mcRun2_asymptotic_v17-v1/130000/43763491-A4B5-4343-B131-EF0610426E54.root
%MSG-w XrdAdaptorInternal:  file_open 11-Jun-2024 08:36:08 CEST PostProcessEvent
Failed to open file at URL root://eoscms.cern.ch:1094//eos/cms/store/mc/RunIISummer20UL16MiniAODv2/QCD_Pt_30to50_TuneCP5_13TeV_pythia8/MINIAODSIM/106X_mcRun2_asymptotic_v17-v1/130000/43763491-A4B5-4343-B131-EF0610426E54.root.
%MSG
%MSG-w XrdAdaptorInternal:  file_open 11-Jun-2024 08:36:08 CEST PostProcessEvent
Failed to open file at URL root://eoscms.cern.ch:1094//eos/cms/store/mc/RunIISummer20UL16MiniAODv2/QCD_Pt_30to50_TuneCP5_13TeV_pythia8/MINIAODSIM/106X_mcRun2_asymptotic_v17-v1/130000/43763491-A4B5-4343-B131-EF0610426E54.root?tried=.
%MSG
11-Jun-2024 08:36:08 CEST  Fallback request to file root://xrootd-cms.infn.it//store/mc/RunIISummer20UL16MiniAODv2/QCD_Pt_30to50_TuneCP5_13TeV_pythia8/MINIAODSIM/106X_mcRun2_asymptotic_v17-v1/130000/43763491-A4B5-4343-B131-EF0610426E54.root
%MSG-w XrdAdaptor:  file_open 11-Jun-2024 08:36:21 CEST PostProcessEvent
Data is served from T2_US_Wisconsin instead of original site T2_IT_Pisa
%MSG
11-Jun-2024 08:36:21 CEST  Successfully opened file root://xrootd-cms.infn.it//store/mc/RunIISummer20UL16MiniAODv2/QCD_Pt_30to50_TuneCP5_13TeV_pythia8/MINIAODSIM/106X_mcRun2_asymptotic_v17-v1/130000/43763491-A4B5-4343-B131-EF0610426E54.root
Begin processing the 200001st record. Run 1, Event 11898004, LumiSection 11899 on stream 0 at 11-Jun-2024 08:36:31.325 CEST
11-Jun-2024 08:36:34 CEST  Closed file root://xrootd-cms.infn.it//store/mc/RunIISummer20UL16MiniAODv2/QCD_Pt_30to50_TuneCP5_13TeV_pythia8/MINIAODSIM/106X_mcRun2_asymptotic_v17-v1/130000/43763491-A4B5-4343-B131-EF0610426E54.root
11-Jun-2024 08:36:34 CEST  Initiating request to open file root://eoscms.cern.ch//eos/cms/store/mc/RunIISummer20UL16MiniAODv2/QCD_Pt_30to50_TuneCP5_13TeV_pythia8/MINIAODSIM/106X_mcRun2_asymptotic_v17-v1/130000/EE306549-DC6C-9543-8046-496D8DE3E252.root
%MSG-w XrdAdaptorInternal:  file_open 11-Jun-2024 08:36:35 CEST PostProcessEvent
Failed to open file at URL root://eoscms.cern.ch:1094//eos/cms/store/mc/RunIISummer20UL16MiniAODv2/QCD_Pt_30to50_TuneCP5_13TeV_pythia8/MINIAODSIM/106X_mcRun2_asymptotic_v17-v1/130000/EE306549-DC6C-9543-8046-496D8DE3E252.root.
%MSG
%MSG-w XrdAdaptorInternal:  file_open 11-Jun-2024 08:36:35 CEST PostProcessEvent
Failed to open file at URL root://eoscms.cern.ch:1094//eos/cms/store/mc/RunIISummer20UL16MiniAODv2/QCD_Pt_30to50_TuneCP5_13TeV_pythia8/MINIAODSIM/106X_mcRun2_asymptotic_v17-v1/130000/EE306549-DC6C-9543-8046-496D8DE3E252.root?tried=.
%MSG
11-Jun-2024 08:36:35 CEST  Fallback request to file root://xrootd-cms.infn.it//store/mc/RunIISummer20UL16MiniAODv2/QCD_Pt_30to50_TuneCP5_13TeV_pythia8/MINIAODSIM/106X_mcRun2_asymptotic_v17-v1/130000/EE306549-DC6C-9543-8046-496D8DE3E252.root
Unable to load sec.protocol plugin libXrdSecztn.so
%MSG-w XrdAdaptor:  file_open 11-Jun-2024 08:36:51 CEST PostProcessEvent
Data is served from fnal.gov instead of original site T2_IT_Pisa
%MSG
11-Jun-2024 08:36:51 CEST  Successfully opened file root://xrootd-cms.infn.it//store/mc/RunIISummer20UL16MiniAODv2/QCD_Pt_30to50_TuneCP5_13TeV_pythia8/MINIAODSIM/106X_mcRun2_asymptotic_v17-v1/130000/EE306549-DC6C-9543-8046-496D8DE3E252.root
Begin processing the 300001st record. Run 1, Event 10374001, LumiSection 10375 on stream 0 at 11-Jun-2024 08:36:56.966 CEST
Unable to load sec.protocol plugin libXrdSecztn.so
11-Jun-2024 08:36:59 CEST  Closed file root://xrootd-cms.infn.it//store/mc/RunIISummer20UL16MiniAODv2/QCD_Pt_30to50_TuneCP5_13TeV_pythia8/MINIAODSIM/106X_mcRun2_asymptotic_v17-v1/130000/EE306549-DC6C-9543-8046-496D8DE3E252.root
11-Jun-2024 08:36:59 CEST  Initiating request to open file root://eoscms.cern.ch//eos/cms/store/mc/RunIISummer20UL16MiniAODv2/QCD_Pt_30to50_TuneCP5_13TeV_pythia8/MINIAODSIM/106X_mcRun2_asymptotic_v17-v1/130000/5D5D43AE-DEF1-A644-AD2A-7DDE840AA45A.root
%MSG-w XrdAdaptorInternal:  file_open 11-Jun-2024 08:37:00 CEST PostProcessEvent
Failed to open file at URL root://eoscms.cern.ch:1094//eos/cms/store/mc/RunIISummer20UL16MiniAODv2/QCD_Pt_30to50_TuneCP5_13TeV_pythia8/MINIAODSIM/106X_mcRun2_asymptotic_v17-v1/130000/5D5D43AE-DEF1-A644-AD2A-7DDE840AA45A.root.
%MSG
%MSG-w XrdAdaptorInternal:  file_open 11-Jun-2024 08:37:00 CEST PostProcessEvent
Failed to open file at URL root://eoscms.cern.ch:1094//eos/cms/store/mc/RunIISummer20UL16MiniAODv2/QCD_Pt_30to50_TuneCP5_13TeV_pythia8/MINIAODSIM/106X_mcRun2_asymptotic_v17-v1/130000/5D5D43AE-DEF1-A644-AD2A-7DDE840AA45A.root?tried=.
%MSG
11-Jun-2024 08:37:00 CEST  Fallback request to file root://xrootd-cms.infn.it//store/mc/RunIISummer20UL16MiniAODv2/QCD_Pt_30to50_TuneCP5_13TeV_pythia8/MINIAODSIM/106X_mcRun2_asymptotic_v17-v1/130000/5D5D43AE-DEF1-A644-AD2A-7DDE840AA45A.root
%MSG-w XrdAdaptor:  file_open 11-Jun-2024 08:37:13 CEST PostProcessEvent
Data is served from fnal.gov instead of original site T2_IT_Pisa
%MSG
11-Jun-2024 08:37:14 CEST  Successfully opened file root://xrootd-cms.infn.it//store/mc/RunIISummer20UL16MiniAODv2/QCD_Pt_30to50_TuneCP5_13TeV_pythia8/MINIAODSIM/106X_mcRun2_asymptotic_v17-v1/130000/5D5D43AE-DEF1-A644-AD2A-7DDE840AA45A.root
Begin processing the 400001st record. Run 1, Event 10365014, LumiSection 10366 on stream 0 at 11-Jun-2024 08:37:21.834 CEST
11-Jun-2024 08:37:24 CEST  Closed file root://xrootd-cms.infn.it//store/mc/RunIISummer20UL16MiniAODv2/QCD_Pt_30to50_TuneCP5_13TeV_pythia8/MINIAODSIM/106X_mcRun2_asymptotic_v17-v1/130000/5D5D43AE-DEF1-A644-AD2A-7DDE840AA45A.root
11-Jun-2024 08:37:24 CEST  Initiating request to open file root://eoscms.cern.ch//eos/cms/store/mc/RunIISummer20UL16MiniAODv2/QCD_Pt_30to50_TuneCP5_13TeV_pythia8/MINIAODSIM/106X_mcRun2_asymptotic_v17-v1/130000/62CE14C6-3E9F-A543-A632-6067500A11CC.root
%MSG-w XrdAdaptorInternal:  file_open 11-Jun-2024 08:37:25 CEST PostProcessEvent
Failed to open file at URL root://eoscms.cern.ch:1094//eos/cms/store/mc/RunIISummer20UL16MiniAODv2/QCD_Pt_30to50_TuneCP5_13TeV_pythia8/MINIAODSIM/106X_mcRun2_asymptotic_v17-v1/130000/62CE14C6-3E9F-A543-A632-6067500A11CC.root.
%MSG
%MSG-w XrdAdaptorInternal:  file_open 11-Jun-2024 08:37:25 CEST PostProcessEvent
Failed to open file at URL root://eoscms.cern.ch:1094//eos/cms/store/mc/RunIISummer20UL16MiniAODv2/QCD_Pt_30to50_TuneCP5_13TeV_pythia8/MINIAODSIM/106X_mcRun2_asymptotic_v17-v1/130000/62CE14C6-3E9F-A543-A632-6067500A11CC.root?tried=.
%MSG
11-Jun-2024 08:37:25 CEST  Fallback request to file root://xrootd-cms.infn.it//store/mc/RunIISummer20UL16MiniAODv2/QCD_Pt_30to50_TuneCP5_13TeV_pythia8/MINIAODSIM/106X_mcRun2_asymptotic_v17-v1/130000/62CE14C6-3E9F-A543-A632-6067500A11CC.root
%MSG-w XrdAdaptor:  file_open 11-Jun-2024 08:37:38 CEST PostProcessEvent
Data is served from fnal.gov instead of original site T2_IT_Pisa
%MSG
11-Jun-2024 08:37:39 CEST  Successfully opened file root://xrootd-cms.infn.it//store/mc/RunIISummer20UL16MiniAODv2/QCD_Pt_30to50_TuneCP5_13TeV_pythia8/MINIAODSIM/106X_mcRun2_asymptotic_v17-v1/130000/62CE14C6-3E9F-A543-A632-6067500A11CC.root
Begin processing the 500001st record. Run 1, Event 10256008, LumiSection 10257 on stream 0 at 11-Jun-2024 08:37:45.646 CEST
11-Jun-2024 08:37:48 CEST  Closed file root://xrootd-cms.infn.it//store/mc/RunIISummer20UL16MiniAODv2/QCD_Pt_30to50_TuneCP5_13TeV_pythia8/MINIAODSIM/106X_mcRun2_asymptotic_v17-v1/130000/62CE14C6-3E9F-A543-A632-6067500A11CC.root
11-Jun-2024 08:37:48 CEST  Initiating request to open file root://eoscms.cern.ch//eos/cms/store/mc/RunIISummer20UL16MiniAODv2/QCD_Pt_30to50_TuneCP5_13TeV_pythia8/MINIAODSIM/106X_mcRun2_asymptotic_v17-v1/130000/1EDC2608-5FBD-3F4E-8D3D-556868E0F127.root
%MSG-w XrdAdaptorInternal:  file_open 11-Jun-2024 08:37:49 CEST PostProcessEvent
Failed to open file at URL root://eoscms.cern.ch:1094//eos/cms/store/mc/RunIISummer20UL16MiniAODv2/QCD_Pt_30to50_TuneCP5_13TeV_pythia8/MINIAODSIM/106X_mcRun2_asymptotic_v17-v1/130000/1EDC2608-5FBD-3F4E-8D3D-556868E0F127.root.
%MSG
%MSG-w XrdAdaptorInternal:  file_open 11-Jun-2024 08:37:49 CEST PostProcessEvent
Failed to open file at URL root://eoscms.cern.ch:1094//eos/cms/store/mc/RunIISummer20UL16MiniAODv2/QCD_Pt_30to50_TuneCP5_13TeV_pythia8/MINIAODSIM/106X_mcRun2_asymptotic_v17-v1/130000/1EDC2608-5FBD-3F4E-8D3D-556868E0F127.root?tried=.
%MSG
11-Jun-2024 08:37:49 CEST  Fallback request to file root://xrootd-cms.infn.it//store/mc/RunIISummer20UL16MiniAODv2/QCD_Pt_30to50_TuneCP5_13TeV_pythia8/MINIAODSIM/106X_mcRun2_asymptotic_v17-v1/130000/1EDC2608-5FBD-3F4E-8D3D-556868E0F127.root
Unable to load sec.protocol plugin libXrdSecztn.so
%MSG-w XrdAdaptor:  file_open 11-Jun-2024 08:38:04 CEST PostProcessEvent
Data is served from fnal.gov instead of original site T2_IT_Pisa
%MSG
11-Jun-2024 08:38:05 CEST  Successfully opened file root://xrootd-cms.infn.it//store/mc/RunIISummer20UL16MiniAODv2/QCD_Pt_30to50_TuneCP5_13TeV_pythia8/MINIAODSIM/106X_mcRun2_asymptotic_v17-v1/130000/1EDC2608-5FBD-3F4E-8D3D-556868E0F127.root
Begin processing the 600001st record. Run 1, Event 2788005, LumiSection 2789 on stream 0 at 11-Jun-2024 08:38:10.628 CEST
11-Jun-2024 08:38:12 CEST  Closed file root://xrootd-cms.infn.it//store/mc/RunIISummer20UL16MiniAODv2/QCD_Pt_30to50_TuneCP5_13TeV_pythia8/MINIAODSIM/106X_mcRun2_asymptotic_v17-v1/130000/1EDC2608-5FBD-3F4E-8D3D-556868E0F127.root
11-Jun-2024 08:38:12 CEST  Initiating request to open file root://eoscms.cern.ch//eos/cms/store/mc/RunIISummer20UL16MiniAODv2/QCD_Pt_30to50_TuneCP5_13TeV_pythia8/MINIAODSIM/106X_mcRun2_asymptotic_v17-v1/130000/AD11434A-904E-3340-814E-4DBFC96C3BB7.root
%MSG-w XrdAdaptorInternal:  file_open 11-Jun-2024 08:38:13 CEST PostProcessEvent
Failed to open file at URL root://eoscms.cern.ch:1094//eos/cms/store/mc/RunIISummer20UL16MiniAODv2/QCD_Pt_30to50_TuneCP5_13TeV_pythia8/MINIAODSIM/106X_mcRun2_asymptotic_v17-v1/130000/AD11434A-904E-3340-814E-4DBFC96C3BB7.root.
%MSG
%MSG-w XrdAdaptorInternal:  file_open 11-Jun-2024 08:38:13 CEST PostProcessEvent
Failed to open file at URL root://eoscms.cern.ch:1094//eos/cms/store/mc/RunIISummer20UL16MiniAODv2/QCD_Pt_30to50_TuneCP5_13TeV_pythia8/MINIAODSIM/106X_mcRun2_asymptotic_v17-v1/130000/AD11434A-904E-3340-814E-4DBFC96C3BB7.root?tried=.
%MSG
11-Jun-2024 08:38:13 CEST  Fallback request to file root://xrootd-cms.infn.it//store/mc/RunIISummer20UL16MiniAODv2/QCD_Pt_30to50_TuneCP5_13TeV_pythia8/MINIAODSIM/106X_mcRun2_asymptotic_v17-v1/130000/AD11434A-904E-3340-814E-4DBFC96C3BB7.root
%MSG-w XrdAdaptor:  file_open 11-Jun-2024 08:38:26 CEST PostProcessEvent
Data is served from fnal.gov instead of original site T2_IT_Pisa
%MSG
11-Jun-2024 08:38:27 CEST  Successfully opened file root://xrootd-cms.infn.it//store/mc/RunIISummer20UL16MiniAODv2/QCD_Pt_30to50_TuneCP5_13TeV_pythia8/MINIAODSIM/106X_mcRun2_asymptotic_v17-v1/130000/AD11434A-904E-3340-814E-4DBFC96C3BB7.root
Begin processing the 700001st record. Run 1, Event 7214018, LumiSection 7215 on stream 0 at 11-Jun-2024 08:38:34.651 CEST
11-Jun-2024 08:38:36 CEST  Closed file root://xrootd-cms.infn.it//store/mc/RunIISummer20UL16MiniAODv2/QCD_Pt_30to50_TuneCP5_13TeV_pythia8/MINIAODSIM/106X_mcRun2_asymptotic_v17-v1/130000/AD11434A-904E-3340-814E-4DBFC96C3BB7.root
11-Jun-2024 08:38:36 CEST  Initiating request to open file root://eoscms.cern.ch//eos/cms/store/mc/RunIISummer20UL16MiniAODv2/QCD_Pt_30to50_TuneCP5_13TeV_pythia8/MINIAODSIM/106X_mcRun2_asymptotic_v17-v1/130000/64709983-6300-1E4E-95A4-715CDE29F92E.root
%MSG-w XrdAdaptorInternal:  file_open 11-Jun-2024 08:38:37 CEST PostProcessEvent
Failed to open file at URL root://eoscms.cern.ch:1094//eos/cms/store/mc/RunIISummer20UL16MiniAODv2/QCD_Pt_30to50_TuneCP5_13TeV_pythia8/MINIAODSIM/106X_mcRun2_asymptotic_v17-v1/130000/64709983-6300-1E4E-95A4-715CDE29F92E.root.
%MSG
%MSG-w XrdAdaptorInternal:  file_open 11-Jun-2024 08:38:37 CEST PostProcessEvent
Failed to open file at URL root://eoscms.cern.ch:1094//eos/cms/store/mc/RunIISummer20UL16MiniAODv2/QCD_Pt_30to50_TuneCP5_13TeV_pythia8/MINIAODSIM/106X_mcRun2_asymptotic_v17-v1/130000/64709983-6300-1E4E-95A4-715CDE29F92E.root?tried=.
%MSG
11-Jun-2024 08:38:37 CEST  Fallback request to file root://xrootd-cms.infn.it//store/mc/RunIISummer20UL16MiniAODv2/QCD_Pt_30to50_TuneCP5_13TeV_pythia8/MINIAODSIM/106X_mcRun2_asymptotic_v17-v1/130000/64709983-6300-1E4E-95A4-715CDE29F92E.root
%MSG-w XrdAdaptor:  file_open 11-Jun-2024 08:38:50 CEST PostProcessEvent
Data is served from fnal.gov instead of original site T2_IT_Pisa
%MSG
11-Jun-2024 08:38:51 CEST  Successfully opened file root://xrootd-cms.infn.it//store/mc/RunIISummer20UL16MiniAODv2/QCD_Pt_30to50_TuneCP5_13TeV_pythia8/MINIAODSIM/106X_mcRun2_asymptotic_v17-v1/130000/64709983-6300-1E4E-95A4-715CDE29F92E.root
Begin processing the 800001st record. Run 1, Event 1454005, LumiSection 1455 on stream 0 at 11-Jun-2024 08:38:58.612 CEST
11-Jun-2024 08:39:00 CEST  Closed file root://xrootd-cms.infn.it//store/mc/RunIISummer20UL16MiniAODv2/QCD_Pt_30to50_TuneCP5_13TeV_pythia8/MINIAODSIM/106X_mcRun2_asymptotic_v17-v1/130000/64709983-6300-1E4E-95A4-715CDE29F92E.root
11-Jun-2024 08:39:00 CEST  Initiating request to open file root://eoscms.cern.ch//eos/cms/store/mc/RunIISummer20UL16MiniAODv2/QCD_Pt_30to50_TuneCP5_13TeV_pythia8/MINIAODSIM/106X_mcRun2_asymptotic_v17-v1/130000/CCA1CC32-E677-B648-80B5-56D135C215A3.root
%MSG-w XrdAdaptorInternal:  file_open 11-Jun-2024 08:39:01 CEST PostProcessEvent
Failed to open file at URL root://eoscms.cern.ch:1094//eos/cms/store/mc/RunIISummer20UL16MiniAODv2/QCD_Pt_30to50_TuneCP5_13TeV_pythia8/MINIAODSIM/106X_mcRun2_asymptotic_v17-v1/130000/CCA1CC32-E677-B648-80B5-56D135C215A3.root.
%MSG
%MSG-w XrdAdaptorInternal:  file_open 11-Jun-2024 08:39:01 CEST PostProcessEvent
Failed to open file at URL root://eoscms.cern.ch:1094//eos/cms/store/mc/RunIISummer20UL16MiniAODv2/QCD_Pt_30to50_TuneCP5_13TeV_pythia8/MINIAODSIM/106X_mcRun2_asymptotic_v17-v1/130000/CCA1CC32-E677-B648-80B5-56D135C215A3.root?tried=.
%MSG
11-Jun-2024 08:39:01 CEST  Fallback request to file root://xrootd-cms.infn.it//store/mc/RunIISummer20UL16MiniAODv2/QCD_Pt_30to50_TuneCP5_13TeV_pythia8/MINIAODSIM/106X_mcRun2_asymptotic_v17-v1/130000/CCA1CC32-E677-B648-80B5-56D135C215A3.root
%MSG-w XrdAdaptor:  file_open 11-Jun-2024 08:39:14 CEST PostProcessEvent
Data is served from fnal.gov instead of original site T2_IT_Pisa
%MSG
11-Jun-2024 08:39:15 CEST  Successfully opened file root://xrootd-cms.infn.it//store/mc/RunIISummer20UL16MiniAODv2/QCD_Pt_30to50_TuneCP5_13TeV_pythia8/MINIAODSIM/106X_mcRun2_asymptotic_v17-v1/130000/CCA1CC32-E677-B648-80B5-56D135C215A3.root
11-Jun-2024 08:39:21 CEST  Closed file root://xrootd-cms.infn.it//store/mc/RunIISummer20UL16MiniAODv2/QCD_Pt_30to50_TuneCP5_13TeV_pythia8/MINIAODSIM/106X_mcRun2_asymptotic_v17-v1/130000/CCA1CC32-E677-B648-80B5-56D135C215A3.root
11-Jun-2024 08:39:21 CEST  Initiating request to open file root://eoscms.cern.ch//eos/cms/store/mc/RunIISummer20UL16MiniAODv2/QCD_Pt_30to50_TuneCP5_13TeV_pythia8/MINIAODSIM/106X_mcRun2_asymptotic_v17-v1/130000/B7CFB08C-4E23-6945-9B60-E4429598FEF5.root
%MSG-w XrdAdaptorInternal:  file_open 11-Jun-2024 08:39:22 CEST PostProcessEvent
Failed to open file at URL root://eoscms.cern.ch:1094//eos/cms/store/mc/RunIISummer20UL16MiniAODv2/QCD_Pt_30to50_TuneCP5_13TeV_pythia8/MINIAODSIM/106X_mcRun2_asymptotic_v17-v1/130000/B7CFB08C-4E23-6945-9B60-E4429598FEF5.root.
%MSG
%MSG-w XrdAdaptorInternal:  file_open 11-Jun-2024 08:39:22 CEST PostProcessEvent
Failed to open file at URL root://eoscms.cern.ch:1094//eos/cms/store/mc/RunIISummer20UL16MiniAODv2/QCD_Pt_30to50_TuneCP5_13TeV_pythia8/MINIAODSIM/106X_mcRun2_asymptotic_v17-v1/130000/B7CFB08C-4E23-6945-9B60-E4429598FEF5.root?tried=.
%MSG
11-Jun-2024 08:39:22 CEST  Fallback request to file root://xrootd-cms.infn.it//store/mc/RunIISummer20UL16MiniAODv2/QCD_Pt_30to50_TuneCP5_13TeV_pythia8/MINIAODSIM/106X_mcRun2_asymptotic_v17-v1/130000/B7CFB08C-4E23-6945-9B60-E4429598FEF5.root
%MSG-w XrdAdaptor:  file_open 11-Jun-2024 08:39:35 CEST PostProcessEvent
Data is served from T2_US_Wisconsin instead of original site T2_IT_Pisa
%MSG
11-Jun-2024 08:39:35 CEST  Successfully opened file root://xrootd-cms.infn.it//store/mc/RunIISummer20UL16MiniAODv2/QCD_Pt_30to50_TuneCP5_13TeV_pythia8/MINIAODSIM/106X_mcRun2_asymptotic_v17-v1/130000/B7CFB08C-4E23-6945-9B60-E4429598FEF5.root
Begin processing the 900001st record. Run 1, Event 16782012, LumiSection 16783 on stream 0 at 11-Jun-2024 08:39:43.307 CEST
11-Jun-2024 08:39:45 CEST  Closed file root://xrootd-cms.infn.it//store/mc/RunIISummer20UL16MiniAODv2/QCD_Pt_30to50_TuneCP5_13TeV_pythia8/MINIAODSIM/106X_mcRun2_asymptotic_v17-v1/130000/B7CFB08C-4E23-6945-9B60-E4429598FEF5.root
11-Jun-2024 08:39:45 CEST  Initiating request to open file root://eoscms.cern.ch//eos/cms/store/mc/RunIISummer20UL16MiniAODv2/QCD_Pt_30to50_TuneCP5_13TeV_pythia8/MINIAODSIM/106X_mcRun2_asymptotic_v17-v1/130000/E7F36DD4-A566-BD47-B49D-C7D6C33B2321.root
%MSG-w XrdAdaptorInternal:  file_open 11-Jun-2024 08:39:46 CEST PostProcessEvent
Failed to open file at URL root://eoscms.cern.ch:1094//eos/cms/store/mc/RunIISummer20UL16MiniAODv2/QCD_Pt_30to50_TuneCP5_13TeV_pythia8/MINIAODSIM/106X_mcRun2_asymptotic_v17-v1/130000/E7F36DD4-A566-BD47-B49D-C7D6C33B2321.root.
%MSG
%MSG-w XrdAdaptorInternal:  file_open 11-Jun-2024 08:39:46 CEST PostProcessEvent
Failed to open file at URL root://eoscms.cern.ch:1094//eos/cms/store/mc/RunIISummer20UL16MiniAODv2/QCD_Pt_30to50_TuneCP5_13TeV_pythia8/MINIAODSIM/106X_mcRun2_asymptotic_v17-v1/130000/E7F36DD4-A566-BD47-B49D-C7D6C33B2321.root?tried=.
%MSG
11-Jun-2024 08:39:46 CEST  Fallback request to file root://xrootd-cms.infn.it//store/mc/RunIISummer20UL16MiniAODv2/QCD_Pt_30to50_TuneCP5_13TeV_pythia8/MINIAODSIM/106X_mcRun2_asymptotic_v17-v1/130000/E7F36DD4-A566-BD47-B49D-C7D6C33B2321.root
%MSG-w XrdAdaptor:  file_open 11-Jun-2024 08:40:03 CEST PostProcessEvent
Data is served from T2_US_Florida instead of original site T2_IT_Pisa
%MSG
11-Jun-2024 08:40:03 CEST  Successfully opened file root://xrootd-cms.infn.it//store/mc/RunIISummer20UL16MiniAODv2/QCD_Pt_30to50_TuneCP5_13TeV_pythia8/MINIAODSIM/106X_mcRun2_asymptotic_v17-v1/130000/E7F36DD4-A566-BD47-B49D-C7D6C33B2321.root
11-Jun-2024 08:40:14 CEST  Closed file root://xrootd-cms.infn.it//store/mc/RunIISummer20UL16MiniAODv2/QCD_Pt_30to50_TuneCP5_13TeV_pythia8/MINIAODSIM/106X_mcRun2_asymptotic_v17-v1/130000/E7F36DD4-A566-BD47-B49D-C7D6C33B2321.root

------------------------------------
GenXsecAnalyzer:
------------------------------------
Before Filter: total cross section = 1.069e+08 +- 5.547e+04 pb
Filter efficiency (taking into account weights)= (1e+06) / (1e+06) = 1.000e+00 +- 0.000e+00
Filter efficiency (event-level)= (1e+06) / (1e+06) = 1.000e+00 +- 0.000e+00    [TO BE USED IN MCM]

After filter: final cross section = 1.069e+08 +- 5.547e+04 pb
After filter: final fraction of events with negative weights = 0.000e+00 +- 0.000e+00
After filter: final equivalent lumi for 1M events (1/fb) = 9.356e-06 +- 1.054e-08

=============================================

MessageLogger Summary

 type     category        sev    module        subroutine        count    total
 ---- -------------------- -- ---------------- ----------------  -----    -----
    1 GenXSecAnalyzer      -w GenXSecAnalyzer:                       7        7
    2 XrdAdaptor           -w file_open                             12       12
    3 XrdAdaptorInternal   -w file_open                             24       24
    4 fileAction           -s file_close                            12       12
    5 fileAction           -s file_open                             36       36

 type    category    Examples: run/evt        run/evt          run/evt
 ---- -------------------- ---------------- ---------------- ----------------
    1 GenXSecAnalyzer      PostGlobalEndRun PostGlobalEndRun PostGlobalEndRun
    2 XrdAdaptor           pre-events       PostProcessEvent PostProcessEvent
    3 XrdAdaptorInternal   pre-events       pre-events       PostProcessEvent
    4 fileAction           PostProcessEvent PostProcessEvent PostGlobalEndRun
    5 fileAction           pre-events       pre-events       PostProcessEvent

Severity    # Occurrences   Total Occurrences
--------    -------------   -----------------
Warning                43                  43
System                 48                  48

dropped waiting message count 0
