11-Jun-2024 09:02:07 CEST  Initiating request to open file root://eoscms.cern.ch//eos/cms/store/mc/RunIISummer20UL16MiniAODv2/QCD_Pt_300to470_TuneCP5_13TeV_pythia8/MINIAODSIM/106X_mcRun2_asymptotic_v17-v1/280000/178F2C7E-CCCB-3D41-9DD9-0E346C0A1C00.root
%MSG-w XrdAdaptorInternal:  file_open 11-Jun-2024 09:02:09 CEST pre-events
Failed to open file at URL root://eoscms.cern.ch:1094//eos/cms/store/mc/RunIISummer20UL16MiniAODv2/QCD_Pt_300to470_TuneCP5_13TeV_pythia8/MINIAODSIM/106X_mcRun2_asymptotic_v17-v1/280000/178F2C7E-CCCB-3D41-9DD9-0E346C0A1C00.root.
%MSG
%MSG-w XrdAdaptorInternal:  file_open 11-Jun-2024 09:02:09 CEST pre-events
Failed to open file at URL root://eoscms.cern.ch:1094//eos/cms/store/mc/RunIISummer20UL16MiniAODv2/QCD_Pt_300to470_TuneCP5_13TeV_pythia8/MINIAODSIM/106X_mcRun2_asymptotic_v17-v1/280000/178F2C7E-CCCB-3D41-9DD9-0E346C0A1C00.root?tried=.
%MSG
11-Jun-2024 09:02:09 CEST  Fallback request to file root://xrootd-cms.infn.it//store/mc/RunIISummer20UL16MiniAODv2/QCD_Pt_300to470_TuneCP5_13TeV_pythia8/MINIAODSIM/106X_mcRun2_asymptotic_v17-v1/280000/178F2C7E-CCCB-3D41-9DD9-0E346C0A1C00.root
Unable to load sec.protocol plugin libXrdSecztn.so
%MSG-w XrdAdaptor:  file_open 11-Jun-2024 09:02:24 CEST pre-events
Data is served from fnal.gov instead of original site T2_IT_Pisa
%MSG
11-Jun-2024 09:02:28 CEST  Successfully opened file root://xrootd-cms.infn.it//store/mc/RunIISummer20UL16MiniAODv2/QCD_Pt_300to470_TuneCP5_13TeV_pythia8/MINIAODSIM/106X_mcRun2_asymptotic_v17-v1/280000/178F2C7E-CCCB-3D41-9DD9-0E346C0A1C00.root
Unable to load sec.protocol plugin libXrdSecztn.so
Begin processing the 1st record. Run 1, Event 10492014, LumiSection 10493 on stream 0 at 11-Jun-2024 09:02:35.391 CEST
11-Jun-2024 09:02:37 CEST  Closed file root://xrootd-cms.infn.it//store/mc/RunIISummer20UL16MiniAODv2/QCD_Pt_300to470_TuneCP5_13TeV_pythia8/MINIAODSIM/106X_mcRun2_asymptotic_v17-v1/280000/178F2C7E-CCCB-3D41-9DD9-0E346C0A1C00.root
11-Jun-2024 09:02:37 CEST  Initiating request to open file root://eoscms.cern.ch//eos/cms/store/mc/RunIISummer20UL16MiniAODv2/QCD_Pt_300to470_TuneCP5_13TeV_pythia8/MINIAODSIM/106X_mcRun2_asymptotic_v17-v1/280000/041195E7-99FC-4C49-9B27-0505A4ACC4C0.root
%MSG-w XrdAdaptorInternal:  file_open 11-Jun-2024 09:02:38 CEST PostProcessEvent
Failed to open file at URL root://eoscms.cern.ch:1094//eos/cms/store/mc/RunIISummer20UL16MiniAODv2/QCD_Pt_300to470_TuneCP5_13TeV_pythia8/MINIAODSIM/106X_mcRun2_asymptotic_v17-v1/280000/041195E7-99FC-4C49-9B27-0505A4ACC4C0.root.
%MSG
%MSG-w XrdAdaptorInternal:  file_open 11-Jun-2024 09:02:38 CEST PostProcessEvent
Failed to open file at URL root://eoscms.cern.ch:1094//eos/cms/store/mc/RunIISummer20UL16MiniAODv2/QCD_Pt_300to470_TuneCP5_13TeV_pythia8/MINIAODSIM/106X_mcRun2_asymptotic_v17-v1/280000/041195E7-99FC-4C49-9B27-0505A4ACC4C0.root?tried=.
%MSG
11-Jun-2024 09:02:38 CEST  Fallback request to file root://xrootd-cms.infn.it//store/mc/RunIISummer20UL16MiniAODv2/QCD_Pt_300to470_TuneCP5_13TeV_pythia8/MINIAODSIM/106X_mcRun2_asymptotic_v17-v1/280000/041195E7-99FC-4C49-9B27-0505A4ACC4C0.root
Unable to load sec.protocol plugin libXrdSecztn.so
%MSG-w XrdAdaptor:  file_open 11-Jun-2024 09:02:53 CEST PostProcessEvent
Data is served from fnal.gov instead of original site T2_IT_Pisa
%MSG
11-Jun-2024 09:02:54 CEST  Successfully opened file root://xrootd-cms.infn.it//store/mc/RunIISummer20UL16MiniAODv2/QCD_Pt_300to470_TuneCP5_13TeV_pythia8/MINIAODSIM/106X_mcRun2_asymptotic_v17-v1/280000/041195E7-99FC-4C49-9B27-0505A4ACC4C0.root
11-Jun-2024 09:03:01 CEST  Closed file root://xrootd-cms.infn.it//store/mc/RunIISummer20UL16MiniAODv2/QCD_Pt_300to470_TuneCP5_13TeV_pythia8/MINIAODSIM/106X_mcRun2_asymptotic_v17-v1/280000/041195E7-99FC-4C49-9B27-0505A4ACC4C0.root
11-Jun-2024 09:03:01 CEST  Initiating request to open file root://eoscms.cern.ch//eos/cms/store/mc/RunIISummer20UL16MiniAODv2/QCD_Pt_300to470_TuneCP5_13TeV_pythia8/MINIAODSIM/106X_mcRun2_asymptotic_v17-v1/280000/93FD2667-8B86-694C-AE02-57F7DAF63027.root
%MSG-w XrdAdaptorInternal:  file_open 11-Jun-2024 09:03:02 CEST PostProcessEvent
Failed to open file at URL root://eoscms.cern.ch:1094//eos/cms/store/mc/RunIISummer20UL16MiniAODv2/QCD_Pt_300to470_TuneCP5_13TeV_pythia8/MINIAODSIM/106X_mcRun2_asymptotic_v17-v1/280000/93FD2667-8B86-694C-AE02-57F7DAF63027.root.
%MSG
%MSG-w XrdAdaptorInternal:  file_open 11-Jun-2024 09:03:02 CEST PostProcessEvent
Failed to open file at URL root://eoscms.cern.ch:1094//eos/cms/store/mc/RunIISummer20UL16MiniAODv2/QCD_Pt_300to470_TuneCP5_13TeV_pythia8/MINIAODSIM/106X_mcRun2_asymptotic_v17-v1/280000/93FD2667-8B86-694C-AE02-57F7DAF63027.root?tried=.
%MSG
11-Jun-2024 09:03:02 CEST  Fallback request to file root://xrootd-cms.infn.it//store/mc/RunIISummer20UL16MiniAODv2/QCD_Pt_300to470_TuneCP5_13TeV_pythia8/MINIAODSIM/106X_mcRun2_asymptotic_v17-v1/280000/93FD2667-8B86-694C-AE02-57F7DAF63027.root
%MSG-w XrdAdaptor:  file_open 11-Jun-2024 09:03:15 CEST PostProcessEvent
Data is served from fnal.gov instead of original site T2_IT_Pisa
%MSG
11-Jun-2024 09:03:16 CEST  Successfully opened file root://xrootd-cms.infn.it//store/mc/RunIISummer20UL16MiniAODv2/QCD_Pt_300to470_TuneCP5_13TeV_pythia8/MINIAODSIM/106X_mcRun2_asymptotic_v17-v1/280000/93FD2667-8B86-694C-AE02-57F7DAF63027.root
Begin processing the 100001st record. Run 1, Event 14642007, LumiSection 14643 on stream 0 at 11-Jun-2024 09:03:23.546 CEST
11-Jun-2024 09:03:24 CEST  Closed file root://xrootd-cms.infn.it//store/mc/RunIISummer20UL16MiniAODv2/QCD_Pt_300to470_TuneCP5_13TeV_pythia8/MINIAODSIM/106X_mcRun2_asymptotic_v17-v1/280000/93FD2667-8B86-694C-AE02-57F7DAF63027.root
11-Jun-2024 09:03:24 CEST  Initiating request to open file root://eoscms.cern.ch//eos/cms/store/mc/RunIISummer20UL16MiniAODv2/QCD_Pt_300to470_TuneCP5_13TeV_pythia8/MINIAODSIM/106X_mcRun2_asymptotic_v17-v1/280000/B573D0CF-4173-0949-BF17-A396A1F0FB45.root
%MSG-w XrdAdaptorInternal:  file_open 11-Jun-2024 09:03:25 CEST PostProcessEvent
Failed to open file at URL root://eoscms.cern.ch:1094//eos/cms/store/mc/RunIISummer20UL16MiniAODv2/QCD_Pt_300to470_TuneCP5_13TeV_pythia8/MINIAODSIM/106X_mcRun2_asymptotic_v17-v1/280000/B573D0CF-4173-0949-BF17-A396A1F0FB45.root.
%MSG
%MSG-w XrdAdaptorInternal:  file_open 11-Jun-2024 09:03:25 CEST PostProcessEvent
Failed to open file at URL root://eoscms.cern.ch:1094//eos/cms/store/mc/RunIISummer20UL16MiniAODv2/QCD_Pt_300to470_TuneCP5_13TeV_pythia8/MINIAODSIM/106X_mcRun2_asymptotic_v17-v1/280000/B573D0CF-4173-0949-BF17-A396A1F0FB45.root?tried=.
%MSG
11-Jun-2024 09:03:25 CEST  Fallback request to file root://xrootd-cms.infn.it//store/mc/RunIISummer20UL16MiniAODv2/QCD_Pt_300to470_TuneCP5_13TeV_pythia8/MINIAODSIM/106X_mcRun2_asymptotic_v17-v1/280000/B573D0CF-4173-0949-BF17-A396A1F0FB45.root
%MSG-w XrdAdaptor:  file_open 11-Jun-2024 09:03:39 CEST PostProcessEvent
Data is served from fnal.gov instead of original site T2_IT_Pisa
%MSG
11-Jun-2024 09:03:39 CEST  Successfully opened file root://xrootd-cms.infn.it//store/mc/RunIISummer20UL16MiniAODv2/QCD_Pt_300to470_TuneCP5_13TeV_pythia8/MINIAODSIM/106X_mcRun2_asymptotic_v17-v1/280000/B573D0CF-4173-0949-BF17-A396A1F0FB45.root
11-Jun-2024 09:03:48 CEST  Closed file root://xrootd-cms.infn.it//store/mc/RunIISummer20UL16MiniAODv2/QCD_Pt_300to470_TuneCP5_13TeV_pythia8/MINIAODSIM/106X_mcRun2_asymptotic_v17-v1/280000/B573D0CF-4173-0949-BF17-A396A1F0FB45.root
11-Jun-2024 09:03:48 CEST  Initiating request to open file root://eoscms.cern.ch//eos/cms/store/mc/RunIISummer20UL16MiniAODv2/QCD_Pt_300to470_TuneCP5_13TeV_pythia8/MINIAODSIM/106X_mcRun2_asymptotic_v17-v1/280000/749047B4-4CDE-0C4E-A6B4-0E5B4362F85E.root
%MSG-w XrdAdaptorInternal:  file_open 11-Jun-2024 09:03:49 CEST PostProcessEvent
Failed to open file at URL root://eoscms.cern.ch:1094//eos/cms/store/mc/RunIISummer20UL16MiniAODv2/QCD_Pt_300to470_TuneCP5_13TeV_pythia8/MINIAODSIM/106X_mcRun2_asymptotic_v17-v1/280000/749047B4-4CDE-0C4E-A6B4-0E5B4362F85E.root.
%MSG
%MSG-w XrdAdaptorInternal:  file_open 11-Jun-2024 09:03:49 CEST PostProcessEvent
Failed to open file at URL root://eoscms.cern.ch:1094//eos/cms/store/mc/RunIISummer20UL16MiniAODv2/QCD_Pt_300to470_TuneCP5_13TeV_pythia8/MINIAODSIM/106X_mcRun2_asymptotic_v17-v1/280000/749047B4-4CDE-0C4E-A6B4-0E5B4362F85E.root?tried=.
%MSG
11-Jun-2024 09:03:49 CEST  Fallback request to file root://xrootd-cms.infn.it//store/mc/RunIISummer20UL16MiniAODv2/QCD_Pt_300to470_TuneCP5_13TeV_pythia8/MINIAODSIM/106X_mcRun2_asymptotic_v17-v1/280000/749047B4-4CDE-0C4E-A6B4-0E5B4362F85E.root
%MSG-w XrdAdaptor:  file_open 11-Jun-2024 09:04:03 CEST PostProcessEvent
Data is served from fnal.gov instead of original site T2_IT_Pisa
%MSG
11-Jun-2024 09:04:03 CEST  Successfully opened file root://xrootd-cms.infn.it//store/mc/RunIISummer20UL16MiniAODv2/QCD_Pt_300to470_TuneCP5_13TeV_pythia8/MINIAODSIM/106X_mcRun2_asymptotic_v17-v1/280000/749047B4-4CDE-0C4E-A6B4-0E5B4362F85E.root
Begin processing the 200001st record. Run 1, Event 41344009, LumiSection 41345 on stream 0 at 11-Jun-2024 09:04:11.546 CEST
11-Jun-2024 09:04:12 CEST  Closed file root://xrootd-cms.infn.it//store/mc/RunIISummer20UL16MiniAODv2/QCD_Pt_300to470_TuneCP5_13TeV_pythia8/MINIAODSIM/106X_mcRun2_asymptotic_v17-v1/280000/749047B4-4CDE-0C4E-A6B4-0E5B4362F85E.root
11-Jun-2024 09:04:12 CEST  Initiating request to open file root://eoscms.cern.ch//eos/cms/store/mc/RunIISummer20UL16MiniAODv2/QCD_Pt_300to470_TuneCP5_13TeV_pythia8/MINIAODSIM/106X_mcRun2_asymptotic_v17-v1/280000/330FD874-90EF-3D45-8EF5-6A3063CF21A6.root
%MSG-w XrdAdaptorInternal:  file_open 11-Jun-2024 09:04:13 CEST PostProcessEvent
Failed to open file at URL root://eoscms.cern.ch:1094//eos/cms/store/mc/RunIISummer20UL16MiniAODv2/QCD_Pt_300to470_TuneCP5_13TeV_pythia8/MINIAODSIM/106X_mcRun2_asymptotic_v17-v1/280000/330FD874-90EF-3D45-8EF5-6A3063CF21A6.root.
%MSG
%MSG-w XrdAdaptorInternal:  file_open 11-Jun-2024 09:04:13 CEST PostProcessEvent
Failed to open file at URL root://eoscms.cern.ch:1094//eos/cms/store/mc/RunIISummer20UL16MiniAODv2/QCD_Pt_300to470_TuneCP5_13TeV_pythia8/MINIAODSIM/106X_mcRun2_asymptotic_v17-v1/280000/330FD874-90EF-3D45-8EF5-6A3063CF21A6.root?tried=.
%MSG
11-Jun-2024 09:04:13 CEST  Fallback request to file root://xrootd-cms.infn.it//store/mc/RunIISummer20UL16MiniAODv2/QCD_Pt_300to470_TuneCP5_13TeV_pythia8/MINIAODSIM/106X_mcRun2_asymptotic_v17-v1/280000/330FD874-90EF-3D45-8EF5-6A3063CF21A6.root
%MSG-w XrdAdaptor:  file_open 11-Jun-2024 09:04:26 CEST PostProcessEvent
Data is served from fnal.gov instead of original site T2_IT_Pisa
%MSG
11-Jun-2024 09:04:27 CEST  Successfully opened file root://xrootd-cms.infn.it//store/mc/RunIISummer20UL16MiniAODv2/QCD_Pt_300to470_TuneCP5_13TeV_pythia8/MINIAODSIM/106X_mcRun2_asymptotic_v17-v1/280000/330FD874-90EF-3D45-8EF5-6A3063CF21A6.root
11-Jun-2024 09:04:34 CEST  Closed file root://xrootd-cms.infn.it//store/mc/RunIISummer20UL16MiniAODv2/QCD_Pt_300to470_TuneCP5_13TeV_pythia8/MINIAODSIM/106X_mcRun2_asymptotic_v17-v1/280000/330FD874-90EF-3D45-8EF5-6A3063CF21A6.root
11-Jun-2024 09:04:34 CEST  Initiating request to open file root://eoscms.cern.ch//eos/cms/store/mc/RunIISummer20UL16MiniAODv2/QCD_Pt_300to470_TuneCP5_13TeV_pythia8/MINIAODSIM/106X_mcRun2_asymptotic_v17-v1/280000/F0760520-8A89-EB4D-A44C-5E501BDCDFE4.root
%MSG-w XrdAdaptorInternal:  file_open 11-Jun-2024 09:04:35 CEST PostProcessEvent
Failed to open file at URL root://eoscms.cern.ch:1094//eos/cms/store/mc/RunIISummer20UL16MiniAODv2/QCD_Pt_300to470_TuneCP5_13TeV_pythia8/MINIAODSIM/106X_mcRun2_asymptotic_v17-v1/280000/F0760520-8A89-EB4D-A44C-5E501BDCDFE4.root.
%MSG
%MSG-w XrdAdaptorInternal:  file_open 11-Jun-2024 09:04:35 CEST PostProcessEvent
Failed to open file at URL root://eoscms.cern.ch:1094//eos/cms/store/mc/RunIISummer20UL16MiniAODv2/QCD_Pt_300to470_TuneCP5_13TeV_pythia8/MINIAODSIM/106X_mcRun2_asymptotic_v17-v1/280000/F0760520-8A89-EB4D-A44C-5E501BDCDFE4.root?tried=.
%MSG
11-Jun-2024 09:04:35 CEST  Fallback request to file root://xrootd-cms.infn.it//store/mc/RunIISummer20UL16MiniAODv2/QCD_Pt_300to470_TuneCP5_13TeV_pythia8/MINIAODSIM/106X_mcRun2_asymptotic_v17-v1/280000/F0760520-8A89-EB4D-A44C-5E501BDCDFE4.root
%MSG-w XrdAdaptor:  file_open 11-Jun-2024 09:04:49 CEST PostProcessEvent
Data is served from fnal.gov instead of original site T2_IT_Pisa
%MSG
11-Jun-2024 09:04:49 CEST  Successfully opened file root://xrootd-cms.infn.it//store/mc/RunIISummer20UL16MiniAODv2/QCD_Pt_300to470_TuneCP5_13TeV_pythia8/MINIAODSIM/106X_mcRun2_asymptotic_v17-v1/280000/F0760520-8A89-EB4D-A44C-5E501BDCDFE4.root
Begin processing the 300001st record. Run 1, Event 54596013, LumiSection 54597 on stream 0 at 11-Jun-2024 09:04:56.576 CEST
11-Jun-2024 09:04:57 CEST  Closed file root://xrootd-cms.infn.it//store/mc/RunIISummer20UL16MiniAODv2/QCD_Pt_300to470_TuneCP5_13TeV_pythia8/MINIAODSIM/106X_mcRun2_asymptotic_v17-v1/280000/F0760520-8A89-EB4D-A44C-5E501BDCDFE4.root
11-Jun-2024 09:04:57 CEST  Initiating request to open file root://eoscms.cern.ch//eos/cms/store/mc/RunIISummer20UL16MiniAODv2/QCD_Pt_300to470_TuneCP5_13TeV_pythia8/MINIAODSIM/106X_mcRun2_asymptotic_v17-v1/280000/FE31F89F-7371-4E43-B2C6-FAE0E672D78C.root
%MSG-w XrdAdaptorInternal:  file_open 11-Jun-2024 09:04:58 CEST PostProcessEvent
Failed to open file at URL root://eoscms.cern.ch:1094//eos/cms/store/mc/RunIISummer20UL16MiniAODv2/QCD_Pt_300to470_TuneCP5_13TeV_pythia8/MINIAODSIM/106X_mcRun2_asymptotic_v17-v1/280000/FE31F89F-7371-4E43-B2C6-FAE0E672D78C.root.
%MSG
%MSG-w XrdAdaptorInternal:  file_open 11-Jun-2024 09:04:58 CEST PostProcessEvent
Failed to open file at URL root://eoscms.cern.ch:1094//eos/cms/store/mc/RunIISummer20UL16MiniAODv2/QCD_Pt_300to470_TuneCP5_13TeV_pythia8/MINIAODSIM/106X_mcRun2_asymptotic_v17-v1/280000/FE31F89F-7371-4E43-B2C6-FAE0E672D78C.root?tried=.
%MSG
11-Jun-2024 09:04:58 CEST  Fallback request to file root://xrootd-cms.infn.it//store/mc/RunIISummer20UL16MiniAODv2/QCD_Pt_300to470_TuneCP5_13TeV_pythia8/MINIAODSIM/106X_mcRun2_asymptotic_v17-v1/280000/FE31F89F-7371-4E43-B2C6-FAE0E672D78C.root
%MSG-w XrdAdaptor:  file_open 11-Jun-2024 09:05:11 CEST PostProcessEvent
Data is served from fnal.gov instead of original site T2_IT_Pisa
%MSG
11-Jun-2024 09:05:11 CEST  Successfully opened file root://xrootd-cms.infn.it//store/mc/RunIISummer20UL16MiniAODv2/QCD_Pt_300to470_TuneCP5_13TeV_pythia8/MINIAODSIM/106X_mcRun2_asymptotic_v17-v1/280000/FE31F89F-7371-4E43-B2C6-FAE0E672D78C.root
11-Jun-2024 09:05:20 CEST  Closed file root://xrootd-cms.infn.it//store/mc/RunIISummer20UL16MiniAODv2/QCD_Pt_300to470_TuneCP5_13TeV_pythia8/MINIAODSIM/106X_mcRun2_asymptotic_v17-v1/280000/FE31F89F-7371-4E43-B2C6-FAE0E672D78C.root
11-Jun-2024 09:05:20 CEST  Initiating request to open file root://eoscms.cern.ch//eos/cms/store/mc/RunIISummer20UL16MiniAODv2/QCD_Pt_300to470_TuneCP5_13TeV_pythia8/MINIAODSIM/106X_mcRun2_asymptotic_v17-v1/280000/06089FA8-8363-EB4C-88B4-3384E330A2D8.root
%MSG-w XrdAdaptorInternal:  file_open 11-Jun-2024 09:05:21 CEST PostProcessEvent
Failed to open file at URL root://eoscms.cern.ch:1094//eos/cms/store/mc/RunIISummer20UL16MiniAODv2/QCD_Pt_300to470_TuneCP5_13TeV_pythia8/MINIAODSIM/106X_mcRun2_asymptotic_v17-v1/280000/06089FA8-8363-EB4C-88B4-3384E330A2D8.root.
%MSG
%MSG-w XrdAdaptorInternal:  file_open 11-Jun-2024 09:05:21 CEST PostProcessEvent
Failed to open file at URL root://eoscms.cern.ch:1094//eos/cms/store/mc/RunIISummer20UL16MiniAODv2/QCD_Pt_300to470_TuneCP5_13TeV_pythia8/MINIAODSIM/106X_mcRun2_asymptotic_v17-v1/280000/06089FA8-8363-EB4C-88B4-3384E330A2D8.root?tried=.
%MSG
11-Jun-2024 09:05:21 CEST  Fallback request to file root://xrootd-cms.infn.it//store/mc/RunIISummer20UL16MiniAODv2/QCD_Pt_300to470_TuneCP5_13TeV_pythia8/MINIAODSIM/106X_mcRun2_asymptotic_v17-v1/280000/06089FA8-8363-EB4C-88B4-3384E330A2D8.root
%MSG-w XrdAdaptor:  file_open 11-Jun-2024 09:05:34 CEST PostProcessEvent
Data is served from fnal.gov instead of original site T2_IT_Pisa
%MSG
11-Jun-2024 09:05:34 CEST  Successfully opened file root://xrootd-cms.infn.it//store/mc/RunIISummer20UL16MiniAODv2/QCD_Pt_300to470_TuneCP5_13TeV_pythia8/MINIAODSIM/106X_mcRun2_asymptotic_v17-v1/280000/06089FA8-8363-EB4C-88B4-3384E330A2D8.root
Begin processing the 400001st record. Run 1, Event 25348003, LumiSection 25349 on stream 0 at 11-Jun-2024 09:05:45.852 CEST
11-Jun-2024 09:05:46 CEST  Closed file root://xrootd-cms.infn.it//store/mc/RunIISummer20UL16MiniAODv2/QCD_Pt_300to470_TuneCP5_13TeV_pythia8/MINIAODSIM/106X_mcRun2_asymptotic_v17-v1/280000/06089FA8-8363-EB4C-88B4-3384E330A2D8.root
11-Jun-2024 09:05:46 CEST  Initiating request to open file root://eoscms.cern.ch//eos/cms/store/mc/RunIISummer20UL16MiniAODv2/QCD_Pt_300to470_TuneCP5_13TeV_pythia8/MINIAODSIM/106X_mcRun2_asymptotic_v17-v1/280000/CEC345B7-7B31-6348-81D6-C19E42969584.root
%MSG-w XrdAdaptorInternal:  file_open 11-Jun-2024 09:05:47 CEST PostProcessEvent
Failed to open file at URL root://eoscms.cern.ch:1094//eos/cms/store/mc/RunIISummer20UL16MiniAODv2/QCD_Pt_300to470_TuneCP5_13TeV_pythia8/MINIAODSIM/106X_mcRun2_asymptotic_v17-v1/280000/CEC345B7-7B31-6348-81D6-C19E42969584.root.
%MSG
%MSG-w XrdAdaptorInternal:  file_open 11-Jun-2024 09:05:47 CEST PostProcessEvent
Failed to open file at URL root://eoscms.cern.ch:1094//eos/cms/store/mc/RunIISummer20UL16MiniAODv2/QCD_Pt_300to470_TuneCP5_13TeV_pythia8/MINIAODSIM/106X_mcRun2_asymptotic_v17-v1/280000/CEC345B7-7B31-6348-81D6-C19E42969584.root?tried=.
%MSG
11-Jun-2024 09:05:47 CEST  Fallback request to file root://xrootd-cms.infn.it//store/mc/RunIISummer20UL16MiniAODv2/QCD_Pt_300to470_TuneCP5_13TeV_pythia8/MINIAODSIM/106X_mcRun2_asymptotic_v17-v1/280000/CEC345B7-7B31-6348-81D6-C19E42969584.root
%MSG-w XrdAdaptor:  file_open 11-Jun-2024 09:06:00 CEST PostProcessEvent
Data is served from fnal.gov instead of original site T2_IT_Pisa
%MSG
11-Jun-2024 09:06:00 CEST  Successfully opened file root://xrootd-cms.infn.it//store/mc/RunIISummer20UL16MiniAODv2/QCD_Pt_300to470_TuneCP5_13TeV_pythia8/MINIAODSIM/106X_mcRun2_asymptotic_v17-v1/280000/CEC345B7-7B31-6348-81D6-C19E42969584.root
11-Jun-2024 09:06:08 CEST  Closed file root://xrootd-cms.infn.it//store/mc/RunIISummer20UL16MiniAODv2/QCD_Pt_300to470_TuneCP5_13TeV_pythia8/MINIAODSIM/106X_mcRun2_asymptotic_v17-v1/280000/CEC345B7-7B31-6348-81D6-C19E42969584.root
11-Jun-2024 09:06:08 CEST  Initiating request to open file root://eoscms.cern.ch//eos/cms/store/mc/RunIISummer20UL16MiniAODv2/QCD_Pt_300to470_TuneCP5_13TeV_pythia8/MINIAODSIM/106X_mcRun2_asymptotic_v17-v1/280000/E3D1F161-5D14-884E-805E-D01997ACA20C.root
%MSG-w XrdAdaptorInternal:  file_open 11-Jun-2024 09:06:09 CEST PostProcessEvent
Failed to open file at URL root://eoscms.cern.ch:1094//eos/cms/store/mc/RunIISummer20UL16MiniAODv2/QCD_Pt_300to470_TuneCP5_13TeV_pythia8/MINIAODSIM/106X_mcRun2_asymptotic_v17-v1/280000/E3D1F161-5D14-884E-805E-D01997ACA20C.root.
%MSG
%MSG-w XrdAdaptorInternal:  file_open 11-Jun-2024 09:06:09 CEST PostProcessEvent
Failed to open file at URL root://eoscms.cern.ch:1094//eos/cms/store/mc/RunIISummer20UL16MiniAODv2/QCD_Pt_300to470_TuneCP5_13TeV_pythia8/MINIAODSIM/106X_mcRun2_asymptotic_v17-v1/280000/E3D1F161-5D14-884E-805E-D01997ACA20C.root?tried=.
%MSG
11-Jun-2024 09:06:09 CEST  Fallback request to file root://xrootd-cms.infn.it//store/mc/RunIISummer20UL16MiniAODv2/QCD_Pt_300to470_TuneCP5_13TeV_pythia8/MINIAODSIM/106X_mcRun2_asymptotic_v17-v1/280000/E3D1F161-5D14-884E-805E-D01997ACA20C.root
%MSG-w XrdAdaptor:  file_open 11-Jun-2024 09:06:23 CEST PostProcessEvent
Data is served from fnal.gov instead of original site T2_IT_Pisa
%MSG
11-Jun-2024 09:06:23 CEST  Successfully opened file root://xrootd-cms.infn.it//store/mc/RunIISummer20UL16MiniAODv2/QCD_Pt_300to470_TuneCP5_13TeV_pythia8/MINIAODSIM/106X_mcRun2_asymptotic_v17-v1/280000/E3D1F161-5D14-884E-805E-D01997ACA20C.root
Begin processing the 500001st record. Run 1, Event 50714003, LumiSection 50715 on stream 0 at 11-Jun-2024 09:06:32.578 CEST
11-Jun-2024 09:06:32 CEST  Closed file root://xrootd-cms.infn.it//store/mc/RunIISummer20UL16MiniAODv2/QCD_Pt_300to470_TuneCP5_13TeV_pythia8/MINIAODSIM/106X_mcRun2_asymptotic_v17-v1/280000/E3D1F161-5D14-884E-805E-D01997ACA20C.root
11-Jun-2024 09:06:32 CEST  Initiating request to open file root://eoscms.cern.ch//eos/cms/store/mc/RunIISummer20UL16MiniAODv2/QCD_Pt_300to470_TuneCP5_13TeV_pythia8/MINIAODSIM/106X_mcRun2_asymptotic_v17-v1/280000/D7CB009F-9CD7-0A43-A1C9-F3D33645BEE6.root
%MSG-w XrdAdaptorInternal:  file_open 11-Jun-2024 09:06:33 CEST PostProcessEvent
Failed to open file at URL root://eoscms.cern.ch:1094//eos/cms/store/mc/RunIISummer20UL16MiniAODv2/QCD_Pt_300to470_TuneCP5_13TeV_pythia8/MINIAODSIM/106X_mcRun2_asymptotic_v17-v1/280000/D7CB009F-9CD7-0A43-A1C9-F3D33645BEE6.root.
%MSG
%MSG-w XrdAdaptorInternal:  file_open 11-Jun-2024 09:06:33 CEST PostProcessEvent
Failed to open file at URL root://eoscms.cern.ch:1094//eos/cms/store/mc/RunIISummer20UL16MiniAODv2/QCD_Pt_300to470_TuneCP5_13TeV_pythia8/MINIAODSIM/106X_mcRun2_asymptotic_v17-v1/280000/D7CB009F-9CD7-0A43-A1C9-F3D33645BEE6.root?tried=.
%MSG
11-Jun-2024 09:06:33 CEST  Fallback request to file root://xrootd-cms.infn.it//store/mc/RunIISummer20UL16MiniAODv2/QCD_Pt_300to470_TuneCP5_13TeV_pythia8/MINIAODSIM/106X_mcRun2_asymptotic_v17-v1/280000/D7CB009F-9CD7-0A43-A1C9-F3D33645BEE6.root
%MSG-w XrdAdaptor:  file_open 11-Jun-2024 09:06:47 CEST PostProcessEvent
Data is served from fnal.gov instead of original site T2_IT_Pisa
%MSG
11-Jun-2024 09:06:47 CEST  Successfully opened file root://xrootd-cms.infn.it//store/mc/RunIISummer20UL16MiniAODv2/QCD_Pt_300to470_TuneCP5_13TeV_pythia8/MINIAODSIM/106X_mcRun2_asymptotic_v17-v1/280000/D7CB009F-9CD7-0A43-A1C9-F3D33645BEE6.root
11-Jun-2024 09:06:55 CEST  Closed file root://xrootd-cms.infn.it//store/mc/RunIISummer20UL16MiniAODv2/QCD_Pt_300to470_TuneCP5_13TeV_pythia8/MINIAODSIM/106X_mcRun2_asymptotic_v17-v1/280000/D7CB009F-9CD7-0A43-A1C9-F3D33645BEE6.root
11-Jun-2024 09:06:55 CEST  Initiating request to open file root://eoscms.cern.ch//eos/cms/store/mc/RunIISummer20UL16MiniAODv2/QCD_Pt_300to470_TuneCP5_13TeV_pythia8/MINIAODSIM/106X_mcRun2_asymptotic_v17-v1/280000/0A1B317E-8D75-754A-A26D-5E9A08A4AE6E.root
%MSG-w XrdAdaptorInternal:  file_open 11-Jun-2024 09:06:56 CEST PostProcessEvent
Failed to open file at URL root://eoscms.cern.ch:1094//eos/cms/store/mc/RunIISummer20UL16MiniAODv2/QCD_Pt_300to470_TuneCP5_13TeV_pythia8/MINIAODSIM/106X_mcRun2_asymptotic_v17-v1/280000/0A1B317E-8D75-754A-A26D-5E9A08A4AE6E.root.
%MSG
%MSG-w XrdAdaptorInternal:  file_open 11-Jun-2024 09:06:56 CEST PostProcessEvent
Failed to open file at URL root://eoscms.cern.ch:1094//eos/cms/store/mc/RunIISummer20UL16MiniAODv2/QCD_Pt_300to470_TuneCP5_13TeV_pythia8/MINIAODSIM/106X_mcRun2_asymptotic_v17-v1/280000/0A1B317E-8D75-754A-A26D-5E9A08A4AE6E.root?tried=.
%MSG
11-Jun-2024 09:06:56 CEST  Fallback request to file root://xrootd-cms.infn.it//store/mc/RunIISummer20UL16MiniAODv2/QCD_Pt_300to470_TuneCP5_13TeV_pythia8/MINIAODSIM/106X_mcRun2_asymptotic_v17-v1/280000/0A1B317E-8D75-754A-A26D-5E9A08A4AE6E.root
%MSG-w XrdAdaptor:  file_open 11-Jun-2024 09:07:10 CEST PostProcessEvent
Data is served from fnal.gov instead of original site T2_IT_Pisa
%MSG
11-Jun-2024 09:07:10 CEST  Successfully opened file root://xrootd-cms.infn.it//store/mc/RunIISummer20UL16MiniAODv2/QCD_Pt_300to470_TuneCP5_13TeV_pythia8/MINIAODSIM/106X_mcRun2_asymptotic_v17-v1/280000/0A1B317E-8D75-754A-A26D-5E9A08A4AE6E.root
11-Jun-2024 09:07:18 CEST  Closed file root://xrootd-cms.infn.it//store/mc/RunIISummer20UL16MiniAODv2/QCD_Pt_300to470_TuneCP5_13TeV_pythia8/MINIAODSIM/106X_mcRun2_asymptotic_v17-v1/280000/0A1B317E-8D75-754A-A26D-5E9A08A4AE6E.root
11-Jun-2024 09:07:18 CEST  Initiating request to open file root://eoscms.cern.ch//eos/cms/store/mc/RunIISummer20UL16MiniAODv2/QCD_Pt_300to470_TuneCP5_13TeV_pythia8/MINIAODSIM/106X_mcRun2_asymptotic_v17-v1/280000/CD5079D0-7778-154A-BD1C-21F927D526BB.root
%MSG-w XrdAdaptorInternal:  file_open 11-Jun-2024 09:07:19 CEST PostProcessEvent
Failed to open file at URL root://eoscms.cern.ch:1094//eos/cms/store/mc/RunIISummer20UL16MiniAODv2/QCD_Pt_300to470_TuneCP5_13TeV_pythia8/MINIAODSIM/106X_mcRun2_asymptotic_v17-v1/280000/CD5079D0-7778-154A-BD1C-21F927D526BB.root.
%MSG
%MSG-w XrdAdaptorInternal:  file_open 11-Jun-2024 09:07:19 CEST PostProcessEvent
Failed to open file at URL root://eoscms.cern.ch:1094//eos/cms/store/mc/RunIISummer20UL16MiniAODv2/QCD_Pt_300to470_TuneCP5_13TeV_pythia8/MINIAODSIM/106X_mcRun2_asymptotic_v17-v1/280000/CD5079D0-7778-154A-BD1C-21F927D526BB.root?tried=.
%MSG
11-Jun-2024 09:07:19 CEST  Fallback request to file root://xrootd-cms.infn.it//store/mc/RunIISummer20UL16MiniAODv2/QCD_Pt_300to470_TuneCP5_13TeV_pythia8/MINIAODSIM/106X_mcRun2_asymptotic_v17-v1/280000/CD5079D0-7778-154A-BD1C-21F927D526BB.root
%MSG-w XrdAdaptor:  file_open 11-Jun-2024 09:07:32 CEST PostProcessEvent
Data is served from fnal.gov instead of original site T2_IT_Pisa
%MSG
11-Jun-2024 09:07:33 CEST  Successfully opened file root://xrootd-cms.infn.it//store/mc/RunIISummer20UL16MiniAODv2/QCD_Pt_300to470_TuneCP5_13TeV_pythia8/MINIAODSIM/106X_mcRun2_asymptotic_v17-v1/280000/CD5079D0-7778-154A-BD1C-21F927D526BB.root
Begin processing the 600001st record. Run 1, Event 30894005, LumiSection 30895 on stream 0 at 11-Jun-2024 09:07:39.511 CEST
11-Jun-2024 09:07:40 CEST  Closed file root://xrootd-cms.infn.it//store/mc/RunIISummer20UL16MiniAODv2/QCD_Pt_300to470_TuneCP5_13TeV_pythia8/MINIAODSIM/106X_mcRun2_asymptotic_v17-v1/280000/CD5079D0-7778-154A-BD1C-21F927D526BB.root
11-Jun-2024 09:07:40 CEST  Initiating request to open file root://eoscms.cern.ch//eos/cms/store/mc/RunIISummer20UL16MiniAODv2/QCD_Pt_300to470_TuneCP5_13TeV_pythia8/MINIAODSIM/106X_mcRun2_asymptotic_v17-v1/280000/9854F06E-8586-5C4F-8735-844171B598FD.root
%MSG-w XrdAdaptorInternal:  file_open 11-Jun-2024 09:07:41 CEST PostProcessEvent
Failed to open file at URL root://eoscms.cern.ch:1094//eos/cms/store/mc/RunIISummer20UL16MiniAODv2/QCD_Pt_300to470_TuneCP5_13TeV_pythia8/MINIAODSIM/106X_mcRun2_asymptotic_v17-v1/280000/9854F06E-8586-5C4F-8735-844171B598FD.root.
%MSG
%MSG-w XrdAdaptorInternal:  file_open 11-Jun-2024 09:07:41 CEST PostProcessEvent
Failed to open file at URL root://eoscms.cern.ch:1094//eos/cms/store/mc/RunIISummer20UL16MiniAODv2/QCD_Pt_300to470_TuneCP5_13TeV_pythia8/MINIAODSIM/106X_mcRun2_asymptotic_v17-v1/280000/9854F06E-8586-5C4F-8735-844171B598FD.root?tried=.
%MSG
11-Jun-2024 09:07:41 CEST  Fallback request to file root://xrootd-cms.infn.it//store/mc/RunIISummer20UL16MiniAODv2/QCD_Pt_300to470_TuneCP5_13TeV_pythia8/MINIAODSIM/106X_mcRun2_asymptotic_v17-v1/280000/9854F06E-8586-5C4F-8735-844171B598FD.root
%MSG-w XrdAdaptor:  file_open 11-Jun-2024 09:07:55 CEST PostProcessEvent
Data is served from fnal.gov instead of original site T2_IT_Pisa
%MSG
11-Jun-2024 09:07:55 CEST  Successfully opened file root://xrootd-cms.infn.it//store/mc/RunIISummer20UL16MiniAODv2/QCD_Pt_300to470_TuneCP5_13TeV_pythia8/MINIAODSIM/106X_mcRun2_asymptotic_v17-v1/280000/9854F06E-8586-5C4F-8735-844171B598FD.root
11-Jun-2024 09:08:04 CEST  Closed file root://xrootd-cms.infn.it//store/mc/RunIISummer20UL16MiniAODv2/QCD_Pt_300to470_TuneCP5_13TeV_pythia8/MINIAODSIM/106X_mcRun2_asymptotic_v17-v1/280000/9854F06E-8586-5C4F-8735-844171B598FD.root
11-Jun-2024 09:08:04 CEST  Initiating request to open file root://eoscms.cern.ch//eos/cms/store/mc/RunIISummer20UL16MiniAODv2/QCD_Pt_300to470_TuneCP5_13TeV_pythia8/MINIAODSIM/106X_mcRun2_asymptotic_v17-v1/280000/0D8E0DA8-6B1A-6849-AA1D-520034D32271.root
%MSG-w XrdAdaptorInternal:  file_open 11-Jun-2024 09:08:05 CEST PostProcessEvent
Failed to open file at URL root://eoscms.cern.ch:1094//eos/cms/store/mc/RunIISummer20UL16MiniAODv2/QCD_Pt_300to470_TuneCP5_13TeV_pythia8/MINIAODSIM/106X_mcRun2_asymptotic_v17-v1/280000/0D8E0DA8-6B1A-6849-AA1D-520034D32271.root.
%MSG
%MSG-w XrdAdaptorInternal:  file_open 11-Jun-2024 09:08:05 CEST PostProcessEvent
Failed to open file at URL root://eoscms.cern.ch:1094//eos/cms/store/mc/RunIISummer20UL16MiniAODv2/QCD_Pt_300to470_TuneCP5_13TeV_pythia8/MINIAODSIM/106X_mcRun2_asymptotic_v17-v1/280000/0D8E0DA8-6B1A-6849-AA1D-520034D32271.root?tried=.
%MSG
11-Jun-2024 09:08:05 CEST  Fallback request to file root://xrootd-cms.infn.it//store/mc/RunIISummer20UL16MiniAODv2/QCD_Pt_300to470_TuneCP5_13TeV_pythia8/MINIAODSIM/106X_mcRun2_asymptotic_v17-v1/280000/0D8E0DA8-6B1A-6849-AA1D-520034D32271.root
%MSG-w XrdAdaptor:  file_open 11-Jun-2024 09:08:19 CEST PostProcessEvent
Data is served from fnal.gov instead of original site T2_IT_Pisa
%MSG
11-Jun-2024 09:08:19 CEST  Successfully opened file root://xrootd-cms.infn.it//store/mc/RunIISummer20UL16MiniAODv2/QCD_Pt_300to470_TuneCP5_13TeV_pythia8/MINIAODSIM/106X_mcRun2_asymptotic_v17-v1/280000/0D8E0DA8-6B1A-6849-AA1D-520034D32271.root
Begin processing the 700001st record. Run 1, Event 49648012, LumiSection 49649 on stream 0 at 11-Jun-2024 09:08:27.147 CEST
11-Jun-2024 09:08:28 CEST  Closed file root://xrootd-cms.infn.it//store/mc/RunIISummer20UL16MiniAODv2/QCD_Pt_300to470_TuneCP5_13TeV_pythia8/MINIAODSIM/106X_mcRun2_asymptotic_v17-v1/280000/0D8E0DA8-6B1A-6849-AA1D-520034D32271.root
11-Jun-2024 09:08:28 CEST  Initiating request to open file root://eoscms.cern.ch//eos/cms/store/mc/RunIISummer20UL16MiniAODv2/QCD_Pt_300to470_TuneCP5_13TeV_pythia8/MINIAODSIM/106X_mcRun2_asymptotic_v17-v1/280000/33DA2BAF-6910-8A4B-A404-38F94F1E9543.root
%MSG-w XrdAdaptorInternal:  file_open 11-Jun-2024 09:08:29 CEST PostProcessEvent
Failed to open file at URL root://eoscms.cern.ch:1094//eos/cms/store/mc/RunIISummer20UL16MiniAODv2/QCD_Pt_300to470_TuneCP5_13TeV_pythia8/MINIAODSIM/106X_mcRun2_asymptotic_v17-v1/280000/33DA2BAF-6910-8A4B-A404-38F94F1E9543.root.
%MSG
%MSG-w XrdAdaptorInternal:  file_open 11-Jun-2024 09:08:29 CEST PostProcessEvent
Failed to open file at URL root://eoscms.cern.ch:1094//eos/cms/store/mc/RunIISummer20UL16MiniAODv2/QCD_Pt_300to470_TuneCP5_13TeV_pythia8/MINIAODSIM/106X_mcRun2_asymptotic_v17-v1/280000/33DA2BAF-6910-8A4B-A404-38F94F1E9543.root?tried=.
%MSG
11-Jun-2024 09:08:29 CEST  Fallback request to file root://xrootd-cms.infn.it//store/mc/RunIISummer20UL16MiniAODv2/QCD_Pt_300to470_TuneCP5_13TeV_pythia8/MINIAODSIM/106X_mcRun2_asymptotic_v17-v1/280000/33DA2BAF-6910-8A4B-A404-38F94F1E9543.root
%MSG-w XrdAdaptor:  file_open 11-Jun-2024 09:08:43 CEST PostProcessEvent
Data is served from fnal.gov instead of original site T2_IT_Pisa
%MSG
11-Jun-2024 09:08:43 CEST  Successfully opened file root://xrootd-cms.infn.it//store/mc/RunIISummer20UL16MiniAODv2/QCD_Pt_300to470_TuneCP5_13TeV_pythia8/MINIAODSIM/106X_mcRun2_asymptotic_v17-v1/280000/33DA2BAF-6910-8A4B-A404-38F94F1E9543.root
11-Jun-2024 09:08:53 CEST  Closed file root://xrootd-cms.infn.it//store/mc/RunIISummer20UL16MiniAODv2/QCD_Pt_300to470_TuneCP5_13TeV_pythia8/MINIAODSIM/106X_mcRun2_asymptotic_v17-v1/280000/33DA2BAF-6910-8A4B-A404-38F94F1E9543.root
11-Jun-2024 09:08:53 CEST  Initiating request to open file root://eoscms.cern.ch//eos/cms/store/mc/RunIISummer20UL16MiniAODv2/QCD_Pt_300to470_TuneCP5_13TeV_pythia8/MINIAODSIM/106X_mcRun2_asymptotic_v17-v1/280000/5098DAE3-948B-E54A-A09C-9C066718F8CF.root
%MSG-w XrdAdaptorInternal:  file_open 11-Jun-2024 09:08:54 CEST PostProcessEvent
Failed to open file at URL root://eoscms.cern.ch:1094//eos/cms/store/mc/RunIISummer20UL16MiniAODv2/QCD_Pt_300to470_TuneCP5_13TeV_pythia8/MINIAODSIM/106X_mcRun2_asymptotic_v17-v1/280000/5098DAE3-948B-E54A-A09C-9C066718F8CF.root.
%MSG
%MSG-w XrdAdaptorInternal:  file_open 11-Jun-2024 09:08:54 CEST PostProcessEvent
Failed to open file at URL root://eoscms.cern.ch:1094//eos/cms/store/mc/RunIISummer20UL16MiniAODv2/QCD_Pt_300to470_TuneCP5_13TeV_pythia8/MINIAODSIM/106X_mcRun2_asymptotic_v17-v1/280000/5098DAE3-948B-E54A-A09C-9C066718F8CF.root?tried=.
%MSG
11-Jun-2024 09:08:54 CEST  Fallback request to file root://xrootd-cms.infn.it//store/mc/RunIISummer20UL16MiniAODv2/QCD_Pt_300to470_TuneCP5_13TeV_pythia8/MINIAODSIM/106X_mcRun2_asymptotic_v17-v1/280000/5098DAE3-948B-E54A-A09C-9C066718F8CF.root
%MSG-w XrdAdaptor:  file_open 11-Jun-2024 09:09:08 CEST PostProcessEvent
Data is served from fnal.gov instead of original site T2_IT_Pisa
%MSG
11-Jun-2024 09:09:09 CEST  Successfully opened file root://xrootd-cms.infn.it//store/mc/RunIISummer20UL16MiniAODv2/QCD_Pt_300to470_TuneCP5_13TeV_pythia8/MINIAODSIM/106X_mcRun2_asymptotic_v17-v1/280000/5098DAE3-948B-E54A-A09C-9C066718F8CF.root
Begin processing the 800001st record. Run 1, Event 57116013, LumiSection 57117 on stream 0 at 11-Jun-2024 09:09:17.048 CEST
11-Jun-2024 09:09:17 CEST  Closed file root://xrootd-cms.infn.it//store/mc/RunIISummer20UL16MiniAODv2/QCD_Pt_300to470_TuneCP5_13TeV_pythia8/MINIAODSIM/106X_mcRun2_asymptotic_v17-v1/280000/5098DAE3-948B-E54A-A09C-9C066718F8CF.root
11-Jun-2024 09:09:17 CEST  Initiating request to open file root://eoscms.cern.ch//eos/cms/store/mc/RunIISummer20UL16MiniAODv2/QCD_Pt_300to470_TuneCP5_13TeV_pythia8/MINIAODSIM/106X_mcRun2_asymptotic_v17-v1/280000/A3F0AA1C-39D1-4F49-8BC5-A44716567150.root
%MSG-w XrdAdaptorInternal:  file_open 11-Jun-2024 09:09:18 CEST PostProcessEvent
Failed to open file at URL root://eoscms.cern.ch:1094//eos/cms/store/mc/RunIISummer20UL16MiniAODv2/QCD_Pt_300to470_TuneCP5_13TeV_pythia8/MINIAODSIM/106X_mcRun2_asymptotic_v17-v1/280000/A3F0AA1C-39D1-4F49-8BC5-A44716567150.root.
%MSG
%MSG-w XrdAdaptorInternal:  file_open 11-Jun-2024 09:09:18 CEST PostProcessEvent
Failed to open file at URL root://eoscms.cern.ch:1094//eos/cms/store/mc/RunIISummer20UL16MiniAODv2/QCD_Pt_300to470_TuneCP5_13TeV_pythia8/MINIAODSIM/106X_mcRun2_asymptotic_v17-v1/280000/A3F0AA1C-39D1-4F49-8BC5-A44716567150.root?tried=.
%MSG
11-Jun-2024 09:09:18 CEST  Fallback request to file root://xrootd-cms.infn.it//store/mc/RunIISummer20UL16MiniAODv2/QCD_Pt_300to470_TuneCP5_13TeV_pythia8/MINIAODSIM/106X_mcRun2_asymptotic_v17-v1/280000/A3F0AA1C-39D1-4F49-8BC5-A44716567150.root
%MSG-w XrdAdaptor:  file_open 11-Jun-2024 09:09:33 CEST PostProcessEvent
Data is served from fnal.gov instead of original site T2_IT_Pisa
%MSG
11-Jun-2024 09:09:33 CEST  Successfully opened file root://xrootd-cms.infn.it//store/mc/RunIISummer20UL16MiniAODv2/QCD_Pt_300to470_TuneCP5_13TeV_pythia8/MINIAODSIM/106X_mcRun2_asymptotic_v17-v1/280000/A3F0AA1C-39D1-4F49-8BC5-A44716567150.root
11-Jun-2024 09:09:39 CEST  Closed file root://xrootd-cms.infn.it//store/mc/RunIISummer20UL16MiniAODv2/QCD_Pt_300to470_TuneCP5_13TeV_pythia8/MINIAODSIM/106X_mcRun2_asymptotic_v17-v1/280000/A3F0AA1C-39D1-4F49-8BC5-A44716567150.root
11-Jun-2024 09:09:39 CEST  Initiating request to open file root://eoscms.cern.ch//eos/cms/store/mc/RunIISummer20UL16MiniAODv2/QCD_Pt_300to470_TuneCP5_13TeV_pythia8/MINIAODSIM/106X_mcRun2_asymptotic_v17-v1/130000/FE73F7CF-14F7-9B46-8014-70345A07CBE3.root
%MSG-w XrdAdaptorInternal:  file_open 11-Jun-2024 09:09:40 CEST PostProcessEvent
Failed to open file at URL root://eoscms.cern.ch:1094//eos/cms/store/mc/RunIISummer20UL16MiniAODv2/QCD_Pt_300to470_TuneCP5_13TeV_pythia8/MINIAODSIM/106X_mcRun2_asymptotic_v17-v1/130000/FE73F7CF-14F7-9B46-8014-70345A07CBE3.root.
%MSG
%MSG-w XrdAdaptorInternal:  file_open 11-Jun-2024 09:09:40 CEST PostProcessEvent
Failed to open file at URL root://eoscms.cern.ch:1094//eos/cms/store/mc/RunIISummer20UL16MiniAODv2/QCD_Pt_300to470_TuneCP5_13TeV_pythia8/MINIAODSIM/106X_mcRun2_asymptotic_v17-v1/130000/FE73F7CF-14F7-9B46-8014-70345A07CBE3.root?tried=.
%MSG
11-Jun-2024 09:09:40 CEST  Fallback request to file root://xrootd-cms.infn.it//store/mc/RunIISummer20UL16MiniAODv2/QCD_Pt_300to470_TuneCP5_13TeV_pythia8/MINIAODSIM/106X_mcRun2_asymptotic_v17-v1/130000/FE73F7CF-14F7-9B46-8014-70345A07CBE3.root
%MSG-w XrdAdaptor:  file_open 11-Jun-2024 09:09:55 CEST PostProcessEvent
Data is served from fnal.gov instead of original site T2_IT_Pisa
%MSG
11-Jun-2024 09:09:55 CEST  Successfully opened file root://xrootd-cms.infn.it//store/mc/RunIISummer20UL16MiniAODv2/QCD_Pt_300to470_TuneCP5_13TeV_pythia8/MINIAODSIM/106X_mcRun2_asymptotic_v17-v1/130000/FE73F7CF-14F7-9B46-8014-70345A07CBE3.root
11-Jun-2024 09:09:59 CEST  Closed file root://xrootd-cms.infn.it//store/mc/RunIISummer20UL16MiniAODv2/QCD_Pt_300to470_TuneCP5_13TeV_pythia8/MINIAODSIM/106X_mcRun2_asymptotic_v17-v1/130000/FE73F7CF-14F7-9B46-8014-70345A07CBE3.root
11-Jun-2024 09:09:59 CEST  Initiating request to open file root://eoscms.cern.ch//eos/cms/store/mc/RunIISummer20UL16MiniAODv2/QCD_Pt_300to470_TuneCP5_13TeV_pythia8/MINIAODSIM/106X_mcRun2_asymptotic_v17-v1/70000/D6022647-7013-2845-998D-A1BCEEA6E2DC.root
%MSG-w XrdAdaptorInternal:  file_open 11-Jun-2024 09:10:00 CEST PostProcessEvent
Failed to open file at URL root://eoscms.cern.ch:1094//eos/cms/store/mc/RunIISummer20UL16MiniAODv2/QCD_Pt_300to470_TuneCP5_13TeV_pythia8/MINIAODSIM/106X_mcRun2_asymptotic_v17-v1/70000/D6022647-7013-2845-998D-A1BCEEA6E2DC.root.
%MSG
%MSG-w XrdAdaptorInternal:  file_open 11-Jun-2024 09:10:00 CEST PostProcessEvent
Failed to open file at URL root://eoscms.cern.ch:1094//eos/cms/store/mc/RunIISummer20UL16MiniAODv2/QCD_Pt_300to470_TuneCP5_13TeV_pythia8/MINIAODSIM/106X_mcRun2_asymptotic_v17-v1/70000/D6022647-7013-2845-998D-A1BCEEA6E2DC.root?tried=.
%MSG
11-Jun-2024 09:10:00 CEST  Fallback request to file root://xrootd-cms.infn.it//store/mc/RunIISummer20UL16MiniAODv2/QCD_Pt_300to470_TuneCP5_13TeV_pythia8/MINIAODSIM/106X_mcRun2_asymptotic_v17-v1/70000/D6022647-7013-2845-998D-A1BCEEA6E2DC.root
%MSG-w XrdAdaptor:  file_open 11-Jun-2024 09:10:16 CEST PostProcessEvent
Data is served from T2_US_MIT instead of original site T2_IT_Pisa
%MSG
11-Jun-2024 09:10:17 CEST  Successfully opened file root://xrootd-cms.infn.it//store/mc/RunIISummer20UL16MiniAODv2/QCD_Pt_300to470_TuneCP5_13TeV_pythia8/MINIAODSIM/106X_mcRun2_asymptotic_v17-v1/70000/D6022647-7013-2845-998D-A1BCEEA6E2DC.root
11-Jun-2024 09:10:20 CEST  Closed file root://xrootd-cms.infn.it//store/mc/RunIISummer20UL16MiniAODv2/QCD_Pt_300to470_TuneCP5_13TeV_pythia8/MINIAODSIM/106X_mcRun2_asymptotic_v17-v1/70000/D6022647-7013-2845-998D-A1BCEEA6E2DC.root
11-Jun-2024 09:10:20 CEST  Initiating request to open file root://eoscms.cern.ch//eos/cms/store/mc/RunIISummer20UL16MiniAODv2/QCD_Pt_300to470_TuneCP5_13TeV_pythia8/MINIAODSIM/106X_mcRun2_asymptotic_v17-v1/270000/25EFBC65-5CDC-E242-87B0-A45372C65E7C.root
%MSG-w XrdAdaptorInternal:  file_open 11-Jun-2024 09:10:21 CEST PostProcessEvent
Failed to open file at URL root://eoscms.cern.ch:1094//eos/cms/store/mc/RunIISummer20UL16MiniAODv2/QCD_Pt_300to470_TuneCP5_13TeV_pythia8/MINIAODSIM/106X_mcRun2_asymptotic_v17-v1/270000/25EFBC65-5CDC-E242-87B0-A45372C65E7C.root.
%MSG
%MSG-w XrdAdaptorInternal:  file_open 11-Jun-2024 09:10:21 CEST PostProcessEvent
Failed to open file at URL root://eoscms.cern.ch:1094//eos/cms/store/mc/RunIISummer20UL16MiniAODv2/QCD_Pt_300to470_TuneCP5_13TeV_pythia8/MINIAODSIM/106X_mcRun2_asymptotic_v17-v1/270000/25EFBC65-5CDC-E242-87B0-A45372C65E7C.root?tried=.
%MSG
11-Jun-2024 09:10:21 CEST  Fallback request to file root://xrootd-cms.infn.it//store/mc/RunIISummer20UL16MiniAODv2/QCD_Pt_300to470_TuneCP5_13TeV_pythia8/MINIAODSIM/106X_mcRun2_asymptotic_v17-v1/270000/25EFBC65-5CDC-E242-87B0-A45372C65E7C.root
%MSG-w XrdAdaptor:  file_open 11-Jun-2024 09:10:38 CEST PostProcessEvent
Data is served from T2_US_Florida instead of original site T2_IT_Pisa
%MSG
11-Jun-2024 09:10:38 CEST  Successfully opened file root://xrootd-cms.infn.it//store/mc/RunIISummer20UL16MiniAODv2/QCD_Pt_300to470_TuneCP5_13TeV_pythia8/MINIAODSIM/106X_mcRun2_asymptotic_v17-v1/270000/25EFBC65-5CDC-E242-87B0-A45372C65E7C.root
Begin processing the 900001st record. Run 1, Event 20334007, LumiSection 20335 on stream 0 at 11-Jun-2024 09:10:44.560 CEST
11-Jun-2024 09:10:45 CEST  Closed file root://xrootd-cms.infn.it//store/mc/RunIISummer20UL16MiniAODv2/QCD_Pt_300to470_TuneCP5_13TeV_pythia8/MINIAODSIM/106X_mcRun2_asymptotic_v17-v1/270000/25EFBC65-5CDC-E242-87B0-A45372C65E7C.root
11-Jun-2024 09:10:45 CEST  Initiating request to open file root://eoscms.cern.ch//eos/cms/store/mc/RunIISummer20UL16MiniAODv2/QCD_Pt_300to470_TuneCP5_13TeV_pythia8/MINIAODSIM/106X_mcRun2_asymptotic_v17-v1/270000/EF925238-4FE4-4240-8BCB-99AA3D91DD2D.root
%MSG-w XrdAdaptorInternal:  file_open 11-Jun-2024 09:10:46 CEST PostProcessEvent
Failed to open file at URL root://eoscms.cern.ch:1094//eos/cms/store/mc/RunIISummer20UL16MiniAODv2/QCD_Pt_300to470_TuneCP5_13TeV_pythia8/MINIAODSIM/106X_mcRun2_asymptotic_v17-v1/270000/EF925238-4FE4-4240-8BCB-99AA3D91DD2D.root.
%MSG
%MSG-w XrdAdaptorInternal:  file_open 11-Jun-2024 09:10:46 CEST PostProcessEvent
Failed to open file at URL root://eoscms.cern.ch:1094//eos/cms/store/mc/RunIISummer20UL16MiniAODv2/QCD_Pt_300to470_TuneCP5_13TeV_pythia8/MINIAODSIM/106X_mcRun2_asymptotic_v17-v1/270000/EF925238-4FE4-4240-8BCB-99AA3D91DD2D.root?tried=.
%MSG
11-Jun-2024 09:10:46 CEST  Fallback request to file root://xrootd-cms.infn.it//store/mc/RunIISummer20UL16MiniAODv2/QCD_Pt_300to470_TuneCP5_13TeV_pythia8/MINIAODSIM/106X_mcRun2_asymptotic_v17-v1/270000/EF925238-4FE4-4240-8BCB-99AA3D91DD2D.root
%MSG-w XrdAdaptor:  file_open 11-Jun-2024 09:11:01 CEST PostProcessEvent
Data is served from T2_US_Florida instead of original site T2_IT_Pisa
%MSG
11-Jun-2024 09:11:02 CEST  Successfully opened file root://xrootd-cms.infn.it//store/mc/RunIISummer20UL16MiniAODv2/QCD_Pt_300to470_TuneCP5_13TeV_pythia8/MINIAODSIM/106X_mcRun2_asymptotic_v17-v1/270000/EF925238-4FE4-4240-8BCB-99AA3D91DD2D.root
11-Jun-2024 09:11:11 CEST  Closed file root://xrootd-cms.infn.it//store/mc/RunIISummer20UL16MiniAODv2/QCD_Pt_300to470_TuneCP5_13TeV_pythia8/MINIAODSIM/106X_mcRun2_asymptotic_v17-v1/270000/EF925238-4FE4-4240-8BCB-99AA3D91DD2D.root
11-Jun-2024 09:11:11 CEST  Initiating request to open file root://eoscms.cern.ch//eos/cms/store/mc/RunIISummer20UL16MiniAODv2/QCD_Pt_300to470_TuneCP5_13TeV_pythia8/MINIAODSIM/106X_mcRun2_asymptotic_v17-v1/270000/F489604C-32FD-9547-BCA9-BFCDE1F9F324.root
%MSG-w XrdAdaptorInternal:  file_open 11-Jun-2024 09:11:12 CEST PostProcessEvent
Failed to open file at URL root://eoscms.cern.ch:1094//eos/cms/store/mc/RunIISummer20UL16MiniAODv2/QCD_Pt_300to470_TuneCP5_13TeV_pythia8/MINIAODSIM/106X_mcRun2_asymptotic_v17-v1/270000/F489604C-32FD-9547-BCA9-BFCDE1F9F324.root.
%MSG
%MSG-w XrdAdaptorInternal:  file_open 11-Jun-2024 09:11:12 CEST PostProcessEvent
Failed to open file at URL root://eoscms.cern.ch:1094//eos/cms/store/mc/RunIISummer20UL16MiniAODv2/QCD_Pt_300to470_TuneCP5_13TeV_pythia8/MINIAODSIM/106X_mcRun2_asymptotic_v17-v1/270000/F489604C-32FD-9547-BCA9-BFCDE1F9F324.root?tried=.
%MSG
11-Jun-2024 09:11:12 CEST  Fallback request to file root://xrootd-cms.infn.it//store/mc/RunIISummer20UL16MiniAODv2/QCD_Pt_300to470_TuneCP5_13TeV_pythia8/MINIAODSIM/106X_mcRun2_asymptotic_v17-v1/270000/F489604C-32FD-9547-BCA9-BFCDE1F9F324.root
%MSG-w XrdAdaptor:  file_open 11-Jun-2024 09:11:27 CEST PostProcessEvent
Data is served from T2_US_Florida instead of original site T2_IT_Pisa
%MSG
11-Jun-2024 09:11:27 CEST  Successfully opened file root://xrootd-cms.infn.it//store/mc/RunIISummer20UL16MiniAODv2/QCD_Pt_300to470_TuneCP5_13TeV_pythia8/MINIAODSIM/106X_mcRun2_asymptotic_v17-v1/270000/F489604C-32FD-9547-BCA9-BFCDE1F9F324.root
11-Jun-2024 09:11:34 CEST  Closed file root://xrootd-cms.infn.it//store/mc/RunIISummer20UL16MiniAODv2/QCD_Pt_300to470_TuneCP5_13TeV_pythia8/MINIAODSIM/106X_mcRun2_asymptotic_v17-v1/270000/F489604C-32FD-9547-BCA9-BFCDE1F9F324.root

------------------------------------
GenXsecAnalyzer:
------------------------------------
Before Filter: total cross section = 6.830e+03 +- 3.341e+00 pb
Filter efficiency (taking into account weights)= (1e+06) / (1e+06) = 1.000e+00 +- 0.000e+00
Filter efficiency (event-level)= (1e+06) / (1e+06) = 1.000e+00 +- 0.000e+00    [TO BE USED IN MCM]

After filter: final cross section = 6.830e+03 +- 3.341e+00 pb
After filter: final fraction of events with negative weights = 0.000e+00 +- 0.000e+00
After filter: final equivalent lumi for 1M events (1/fb) = 1.464e-01 +- 1.630e-04

=============================================

MessageLogger Summary

 type     category        sev    module        subroutine        count    total
 ---- -------------------- -- ---------------- ----------------  -----    -----
    1 GenXSecAnalyzer      -w GenXSecAnalyzer:                       7        7
    2 XrdAdaptor           -w file_open                             24       24
    3 XrdAdaptorInternal   -w file_open                             48       48
    4 fileAction           -s file_close                            24       24
    5 fileAction           -s file_open                             72       72

 type    category    Examples: run/evt        run/evt          run/evt
 ---- -------------------- ---------------- ---------------- ----------------
    1 GenXSecAnalyzer      PostGlobalEndRun PostGlobalEndRun PostGlobalEndRun
    2 XrdAdaptor           pre-events       PostProcessEvent PostProcessEvent
    3 XrdAdaptorInternal   pre-events       pre-events       PostProcessEvent
    4 fileAction           PostProcessEvent PostProcessEvent PostGlobalEndRun
    5 fileAction           pre-events       pre-events       PostProcessEvent

Severity    # Occurrences   Total Occurrences
--------    -------------   -----------------
Warning                79                  79
System                 96                  96

dropped waiting message count 0
