11-Jun-2024 10:24:00 CEST  Initiating request to open file root://eoscms.cern.ch//eos/cms/store/mc/RunIISummer20UL16MiniAODv2/QCD_Pt_3200toInf_TuneCP5_13TeV_pythia8/MINIAODSIM/106X_mcRun2_asymptotic_v17-v1/270000/0E3B718F-5504-E143-9F65-FE2FDDE39EF0.root
%MSG-w XrdAdaptorInternal:  file_open 11-Jun-2024 10:24:01 CEST pre-events
Failed to open file at URL root://eoscms.cern.ch:1094//eos/cms/store/mc/RunIISummer20UL16MiniAODv2/QCD_Pt_3200toInf_TuneCP5_13TeV_pythia8/MINIAODSIM/106X_mcRun2_asymptotic_v17-v1/270000/0E3B718F-5504-E143-9F65-FE2FDDE39EF0.root.
%MSG
%MSG-w XrdAdaptorInternal:  file_open 11-Jun-2024 10:24:01 CEST pre-events
Failed to open file at URL root://eoscms.cern.ch:1094//eos/cms/store/mc/RunIISummer20UL16MiniAODv2/QCD_Pt_3200toInf_TuneCP5_13TeV_pythia8/MINIAODSIM/106X_mcRun2_asymptotic_v17-v1/270000/0E3B718F-5504-E143-9F65-FE2FDDE39EF0.root?tried=.
%MSG
11-Jun-2024 10:24:01 CEST  Fallback request to file root://xrootd-cms.infn.it//store/mc/RunIISummer20UL16MiniAODv2/QCD_Pt_3200toInf_TuneCP5_13TeV_pythia8/MINIAODSIM/106X_mcRun2_asymptotic_v17-v1/270000/0E3B718F-5504-E143-9F65-FE2FDDE39EF0.root
%MSG-w XrdAdaptor:  file_open 11-Jun-2024 10:24:17 CEST pre-events
Data is served from T2_US_Vanderbilt instead of original site T2_IT_Pisa
%MSG
11-Jun-2024 10:24:25 CEST  Successfully opened file root://xrootd-cms.infn.it//store/mc/RunIISummer20UL16MiniAODv2/QCD_Pt_3200toInf_TuneCP5_13TeV_pythia8/MINIAODSIM/106X_mcRun2_asymptotic_v17-v1/270000/0E3B718F-5504-E143-9F65-FE2FDDE39EF0.root
Begin processing the 1st record. Run 1, Event 30001, LumiSection 31 on stream 0 at 11-Jun-2024 10:24:39.171 CEST
11-Jun-2024 10:24:40 CEST  Closed file root://xrootd-cms.infn.it//store/mc/RunIISummer20UL16MiniAODv2/QCD_Pt_3200toInf_TuneCP5_13TeV_pythia8/MINIAODSIM/106X_mcRun2_asymptotic_v17-v1/270000/0E3B718F-5504-E143-9F65-FE2FDDE39EF0.root
11-Jun-2024 10:24:40 CEST  Initiating request to open file root://eoscms.cern.ch//eos/cms/store/mc/RunIISummer20UL16MiniAODv2/QCD_Pt_3200toInf_TuneCP5_13TeV_pythia8/MINIAODSIM/106X_mcRun2_asymptotic_v17-v1/280000/D0B4A934-314B-6146-83B0-B151D9495934.root
%MSG-w XrdAdaptorInternal:  file_open 11-Jun-2024 10:24:41 CEST PostProcessEvent
Failed to open file at URL root://eoscms.cern.ch:1094//eos/cms/store/mc/RunIISummer20UL16MiniAODv2/QCD_Pt_3200toInf_TuneCP5_13TeV_pythia8/MINIAODSIM/106X_mcRun2_asymptotic_v17-v1/280000/D0B4A934-314B-6146-83B0-B151D9495934.root.
%MSG
%MSG-w XrdAdaptorInternal:  file_open 11-Jun-2024 10:24:41 CEST PostProcessEvent
Failed to open file at URL root://eoscms.cern.ch:1094//eos/cms/store/mc/RunIISummer20UL16MiniAODv2/QCD_Pt_3200toInf_TuneCP5_13TeV_pythia8/MINIAODSIM/106X_mcRun2_asymptotic_v17-v1/280000/D0B4A934-314B-6146-83B0-B151D9495934.root?tried=.
%MSG
11-Jun-2024 10:24:41 CEST  Fallback request to file root://xrootd-cms.infn.it//store/mc/RunIISummer20UL16MiniAODv2/QCD_Pt_3200toInf_TuneCP5_13TeV_pythia8/MINIAODSIM/106X_mcRun2_asymptotic_v17-v1/280000/D0B4A934-314B-6146-83B0-B151D9495934.root
Unable to load sec.protocol plugin libXrdSecztn.so
%MSG-w XrdAdaptor:  file_open 11-Jun-2024 10:24:55 CEST PostProcessEvent
Data is served from fnal.gov instead of original site T2_IT_Pisa
%MSG
11-Jun-2024 10:24:55 CEST  Successfully opened file root://xrootd-cms.infn.it//store/mc/RunIISummer20UL16MiniAODv2/QCD_Pt_3200toInf_TuneCP5_13TeV_pythia8/MINIAODSIM/106X_mcRun2_asymptotic_v17-v1/280000/D0B4A934-314B-6146-83B0-B151D9495934.root
Unable to load sec.protocol plugin libXrdSecztn.so
11-Jun-2024 10:25:02 CEST  Closed file root://xrootd-cms.infn.it//store/mc/RunIISummer20UL16MiniAODv2/QCD_Pt_3200toInf_TuneCP5_13TeV_pythia8/MINIAODSIM/106X_mcRun2_asymptotic_v17-v1/280000/D0B4A934-314B-6146-83B0-B151D9495934.root
11-Jun-2024 10:25:02 CEST  Initiating request to open file root://eoscms.cern.ch//eos/cms/store/mc/RunIISummer20UL16MiniAODv2/QCD_Pt_3200toInf_TuneCP5_13TeV_pythia8/MINIAODSIM/106X_mcRun2_asymptotic_v17-v1/140000/A2C54981-32A8-8142-8D80-DB142BBEDD1D.root
%MSG-w XrdAdaptorInternal:  file_open 11-Jun-2024 10:25:03 CEST PostProcessEvent
Failed to open file at URL root://eoscms.cern.ch:1094//eos/cms/store/mc/RunIISummer20UL16MiniAODv2/QCD_Pt_3200toInf_TuneCP5_13TeV_pythia8/MINIAODSIM/106X_mcRun2_asymptotic_v17-v1/140000/A2C54981-32A8-8142-8D80-DB142BBEDD1D.root.
%MSG
%MSG-w XrdAdaptorInternal:  file_open 11-Jun-2024 10:25:03 CEST PostProcessEvent
Failed to open file at URL root://eoscms.cern.ch:1094//eos/cms/store/mc/RunIISummer20UL16MiniAODv2/QCD_Pt_3200toInf_TuneCP5_13TeV_pythia8/MINIAODSIM/106X_mcRun2_asymptotic_v17-v1/140000/A2C54981-32A8-8142-8D80-DB142BBEDD1D.root?tried=.
%MSG
11-Jun-2024 10:25:03 CEST  Fallback request to file root://xrootd-cms.infn.it//store/mc/RunIISummer20UL16MiniAODv2/QCD_Pt_3200toInf_TuneCP5_13TeV_pythia8/MINIAODSIM/106X_mcRun2_asymptotic_v17-v1/140000/A2C54981-32A8-8142-8D80-DB142BBEDD1D.root
%MSG-w XrdAdaptor:  file_open 11-Jun-2024 10:25:15 CEST PostProcessEvent
Data is served from fnal.gov instead of original site T2_IT_Pisa
%MSG
11-Jun-2024 10:25:16 CEST  Successfully opened file root://xrootd-cms.infn.it//store/mc/RunIISummer20UL16MiniAODv2/QCD_Pt_3200toInf_TuneCP5_13TeV_pythia8/MINIAODSIM/106X_mcRun2_asymptotic_v17-v1/140000/A2C54981-32A8-8142-8D80-DB142BBEDD1D.root
11-Jun-2024 10:25:23 CEST  Closed file root://xrootd-cms.infn.it//store/mc/RunIISummer20UL16MiniAODv2/QCD_Pt_3200toInf_TuneCP5_13TeV_pythia8/MINIAODSIM/106X_mcRun2_asymptotic_v17-v1/140000/A2C54981-32A8-8142-8D80-DB142BBEDD1D.root
11-Jun-2024 10:25:23 CEST  Initiating request to open file root://eoscms.cern.ch//eos/cms/store/mc/RunIISummer20UL16MiniAODv2/QCD_Pt_3200toInf_TuneCP5_13TeV_pythia8/MINIAODSIM/106X_mcRun2_asymptotic_v17-v1/270000/8929EF63-0F73-B643-AF6D-2B3D667E28D4.root
%MSG-w XrdAdaptorInternal:  file_open 11-Jun-2024 10:25:24 CEST PostProcessEvent
Failed to open file at URL root://eoscms.cern.ch:1094//eos/cms/store/mc/RunIISummer20UL16MiniAODv2/QCD_Pt_3200toInf_TuneCP5_13TeV_pythia8/MINIAODSIM/106X_mcRun2_asymptotic_v17-v1/270000/8929EF63-0F73-B643-AF6D-2B3D667E28D4.root.
%MSG
%MSG-w XrdAdaptorInternal:  file_open 11-Jun-2024 10:25:24 CEST PostProcessEvent
Failed to open file at URL root://eoscms.cern.ch:1094//eos/cms/store/mc/RunIISummer20UL16MiniAODv2/QCD_Pt_3200toInf_TuneCP5_13TeV_pythia8/MINIAODSIM/106X_mcRun2_asymptotic_v17-v1/270000/8929EF63-0F73-B643-AF6D-2B3D667E28D4.root?tried=.
%MSG
11-Jun-2024 10:25:24 CEST  Fallback request to file root://xrootd-cms.infn.it//store/mc/RunIISummer20UL16MiniAODv2/QCD_Pt_3200toInf_TuneCP5_13TeV_pythia8/MINIAODSIM/106X_mcRun2_asymptotic_v17-v1/270000/8929EF63-0F73-B643-AF6D-2B3D667E28D4.root
%MSG-w XrdAdaptor:  file_open 11-Jun-2024 10:25:37 CEST PostProcessEvent
Data is served from fnal.gov instead of original site T2_IT_Pisa
%MSG
11-Jun-2024 10:25:38 CEST  Successfully opened file root://xrootd-cms.infn.it//store/mc/RunIISummer20UL16MiniAODv2/QCD_Pt_3200toInf_TuneCP5_13TeV_pythia8/MINIAODSIM/106X_mcRun2_asymptotic_v17-v1/270000/8929EF63-0F73-B643-AF6D-2B3D667E28D4.root
Begin processing the 100001st record. Run 1, Event 106003, LumiSection 107 on stream 0 at 11-Jun-2024 10:25:43.907 CEST
11-Jun-2024 10:25:44 CEST  Closed file root://xrootd-cms.infn.it//store/mc/RunIISummer20UL16MiniAODv2/QCD_Pt_3200toInf_TuneCP5_13TeV_pythia8/MINIAODSIM/106X_mcRun2_asymptotic_v17-v1/270000/8929EF63-0F73-B643-AF6D-2B3D667E28D4.root
11-Jun-2024 10:25:44 CEST  Initiating request to open file root://eoscms.cern.ch//eos/cms/store/mc/RunIISummer20UL16MiniAODv2/QCD_Pt_3200toInf_TuneCP5_13TeV_pythia8/MINIAODSIM/106X_mcRun2_asymptotic_v17-v1/270000/8488026B-9442-0041-9498-3F1E4D0A95F9.root
%MSG-w XrdAdaptorInternal:  file_open 11-Jun-2024 10:25:45 CEST PostProcessEvent
Failed to open file at URL root://eoscms.cern.ch:1094//eos/cms/store/mc/RunIISummer20UL16MiniAODv2/QCD_Pt_3200toInf_TuneCP5_13TeV_pythia8/MINIAODSIM/106X_mcRun2_asymptotic_v17-v1/270000/8488026B-9442-0041-9498-3F1E4D0A95F9.root.
%MSG
%MSG-w XrdAdaptorInternal:  file_open 11-Jun-2024 10:25:45 CEST PostProcessEvent
Failed to open file at URL root://eoscms.cern.ch:1094//eos/cms/store/mc/RunIISummer20UL16MiniAODv2/QCD_Pt_3200toInf_TuneCP5_13TeV_pythia8/MINIAODSIM/106X_mcRun2_asymptotic_v17-v1/270000/8488026B-9442-0041-9498-3F1E4D0A95F9.root?tried=.
%MSG
11-Jun-2024 10:25:45 CEST  Fallback request to file root://xrootd-cms.infn.it//store/mc/RunIISummer20UL16MiniAODv2/QCD_Pt_3200toInf_TuneCP5_13TeV_pythia8/MINIAODSIM/106X_mcRun2_asymptotic_v17-v1/270000/8488026B-9442-0041-9498-3F1E4D0A95F9.root
%MSG-w XrdAdaptor:  file_open 11-Jun-2024 10:25:58 CEST PostProcessEvent
Data is served from fnal.gov instead of original site T2_IT_Pisa
%MSG
11-Jun-2024 10:25:59 CEST  Successfully opened file root://xrootd-cms.infn.it//store/mc/RunIISummer20UL16MiniAODv2/QCD_Pt_3200toInf_TuneCP5_13TeV_pythia8/MINIAODSIM/106X_mcRun2_asymptotic_v17-v1/270000/8488026B-9442-0041-9498-3F1E4D0A95F9.root
Unable to load sec.protocol plugin libXrdSecztn.so
11-Jun-2024 10:26:05 CEST  Closed file root://xrootd-cms.infn.it//store/mc/RunIISummer20UL16MiniAODv2/QCD_Pt_3200toInf_TuneCP5_13TeV_pythia8/MINIAODSIM/106X_mcRun2_asymptotic_v17-v1/270000/8488026B-9442-0041-9498-3F1E4D0A95F9.root
11-Jun-2024 10:26:05 CEST  Initiating request to open file root://eoscms.cern.ch//eos/cms/store/mc/RunIISummer20UL16MiniAODv2/QCD_Pt_3200toInf_TuneCP5_13TeV_pythia8/MINIAODSIM/106X_mcRun2_asymptotic_v17-v1/270000/4F811C67-8B70-8F40-B3CD-80DFB5BB73CF.root
%MSG-w XrdAdaptorInternal:  file_open 11-Jun-2024 10:26:06 CEST PostProcessEvent
Failed to open file at URL root://eoscms.cern.ch:1094//eos/cms/store/mc/RunIISummer20UL16MiniAODv2/QCD_Pt_3200toInf_TuneCP5_13TeV_pythia8/MINIAODSIM/106X_mcRun2_asymptotic_v17-v1/270000/4F811C67-8B70-8F40-B3CD-80DFB5BB73CF.root.
%MSG
%MSG-w XrdAdaptorInternal:  file_open 11-Jun-2024 10:26:06 CEST PostProcessEvent
Failed to open file at URL root://eoscms.cern.ch:1094//eos/cms/store/mc/RunIISummer20UL16MiniAODv2/QCD_Pt_3200toInf_TuneCP5_13TeV_pythia8/MINIAODSIM/106X_mcRun2_asymptotic_v17-v1/270000/4F811C67-8B70-8F40-B3CD-80DFB5BB73CF.root?tried=.
%MSG
11-Jun-2024 10:26:06 CEST  Fallback request to file root://xrootd-cms.infn.it//store/mc/RunIISummer20UL16MiniAODv2/QCD_Pt_3200toInf_TuneCP5_13TeV_pythia8/MINIAODSIM/106X_mcRun2_asymptotic_v17-v1/270000/4F811C67-8B70-8F40-B3CD-80DFB5BB73CF.root
%MSG-w XrdAdaptor:  file_open 11-Jun-2024 10:26:19 CEST PostProcessEvent
Data is served from fnal.gov instead of original site T2_IT_Pisa
%MSG
11-Jun-2024 10:26:19 CEST  Successfully opened file root://xrootd-cms.infn.it//store/mc/RunIISummer20UL16MiniAODv2/QCD_Pt_3200toInf_TuneCP5_13TeV_pythia8/MINIAODSIM/106X_mcRun2_asymptotic_v17-v1/270000/4F811C67-8B70-8F40-B3CD-80DFB5BB73CF.root
Begin processing the 200001st record. Run 1, Event 456015, LumiSection 457 on stream 0 at 11-Jun-2024 10:26:25.909 CEST
11-Jun-2024 10:26:26 CEST  Closed file root://xrootd-cms.infn.it//store/mc/RunIISummer20UL16MiniAODv2/QCD_Pt_3200toInf_TuneCP5_13TeV_pythia8/MINIAODSIM/106X_mcRun2_asymptotic_v17-v1/270000/4F811C67-8B70-8F40-B3CD-80DFB5BB73CF.root
11-Jun-2024 10:26:26 CEST  Initiating request to open file root://eoscms.cern.ch//eos/cms/store/mc/RunIISummer20UL16MiniAODv2/QCD_Pt_3200toInf_TuneCP5_13TeV_pythia8/MINIAODSIM/106X_mcRun2_asymptotic_v17-v1/270000/18059C51-3D3E-7C4B-AAA4-9B568BC708F8.root
%MSG-w XrdAdaptorInternal:  file_open 11-Jun-2024 10:26:27 CEST PostProcessEvent
Failed to open file at URL root://eoscms.cern.ch:1094//eos/cms/store/mc/RunIISummer20UL16MiniAODv2/QCD_Pt_3200toInf_TuneCP5_13TeV_pythia8/MINIAODSIM/106X_mcRun2_asymptotic_v17-v1/270000/18059C51-3D3E-7C4B-AAA4-9B568BC708F8.root.
%MSG
%MSG-w XrdAdaptorInternal:  file_open 11-Jun-2024 10:26:27 CEST PostProcessEvent
Failed to open file at URL root://eoscms.cern.ch:1094//eos/cms/store/mc/RunIISummer20UL16MiniAODv2/QCD_Pt_3200toInf_TuneCP5_13TeV_pythia8/MINIAODSIM/106X_mcRun2_asymptotic_v17-v1/270000/18059C51-3D3E-7C4B-AAA4-9B568BC708F8.root?tried=.
%MSG
11-Jun-2024 10:26:27 CEST  Fallback request to file root://xrootd-cms.infn.it//store/mc/RunIISummer20UL16MiniAODv2/QCD_Pt_3200toInf_TuneCP5_13TeV_pythia8/MINIAODSIM/106X_mcRun2_asymptotic_v17-v1/270000/18059C51-3D3E-7C4B-AAA4-9B568BC708F8.root
%MSG-w XrdAdaptor:  file_open 11-Jun-2024 10:26:39 CEST PostProcessEvent
Data is served from fnal.gov instead of original site T2_IT_Pisa
%MSG
11-Jun-2024 10:26:39 CEST  Successfully opened file root://xrootd-cms.infn.it//store/mc/RunIISummer20UL16MiniAODv2/QCD_Pt_3200toInf_TuneCP5_13TeV_pythia8/MINIAODSIM/106X_mcRun2_asymptotic_v17-v1/270000/18059C51-3D3E-7C4B-AAA4-9B568BC708F8.root
11-Jun-2024 10:26:45 CEST  Closed file root://xrootd-cms.infn.it//store/mc/RunIISummer20UL16MiniAODv2/QCD_Pt_3200toInf_TuneCP5_13TeV_pythia8/MINIAODSIM/106X_mcRun2_asymptotic_v17-v1/270000/18059C51-3D3E-7C4B-AAA4-9B568BC708F8.root
11-Jun-2024 10:26:45 CEST  Initiating request to open file root://eoscms.cern.ch//eos/cms/store/mc/RunIISummer20UL16MiniAODv2/QCD_Pt_3200toInf_TuneCP5_13TeV_pythia8/MINIAODSIM/106X_mcRun2_asymptotic_v17-v1/270000/C28A84D2-96F5-A147-8581-AD803E5441CF.root
%MSG-w XrdAdaptorInternal:  file_open 11-Jun-2024 10:26:46 CEST PostProcessEvent
Failed to open file at URL root://eoscms.cern.ch:1094//eos/cms/store/mc/RunIISummer20UL16MiniAODv2/QCD_Pt_3200toInf_TuneCP5_13TeV_pythia8/MINIAODSIM/106X_mcRun2_asymptotic_v17-v1/270000/C28A84D2-96F5-A147-8581-AD803E5441CF.root.
%MSG
%MSG-w XrdAdaptorInternal:  file_open 11-Jun-2024 10:26:46 CEST PostProcessEvent
Failed to open file at URL root://eoscms.cern.ch:1094//eos/cms/store/mc/RunIISummer20UL16MiniAODv2/QCD_Pt_3200toInf_TuneCP5_13TeV_pythia8/MINIAODSIM/106X_mcRun2_asymptotic_v17-v1/270000/C28A84D2-96F5-A147-8581-AD803E5441CF.root?tried=.
%MSG
11-Jun-2024 10:26:46 CEST  Fallback request to file root://xrootd-cms.infn.it//store/mc/RunIISummer20UL16MiniAODv2/QCD_Pt_3200toInf_TuneCP5_13TeV_pythia8/MINIAODSIM/106X_mcRun2_asymptotic_v17-v1/270000/C28A84D2-96F5-A147-8581-AD803E5441CF.root
%MSG-w XrdAdaptor:  file_open 11-Jun-2024 10:26:59 CEST PostProcessEvent
Data is served from fnal.gov instead of original site T2_IT_Pisa
%MSG
11-Jun-2024 10:26:59 CEST  Successfully opened file root://xrootd-cms.infn.it//store/mc/RunIISummer20UL16MiniAODv2/QCD_Pt_3200toInf_TuneCP5_13TeV_pythia8/MINIAODSIM/106X_mcRun2_asymptotic_v17-v1/270000/C28A84D2-96F5-A147-8581-AD803E5441CF.root
11-Jun-2024 10:27:06 CEST  Closed file root://xrootd-cms.infn.it//store/mc/RunIISummer20UL16MiniAODv2/QCD_Pt_3200toInf_TuneCP5_13TeV_pythia8/MINIAODSIM/106X_mcRun2_asymptotic_v17-v1/270000/C28A84D2-96F5-A147-8581-AD803E5441CF.root
11-Jun-2024 10:27:06 CEST  Initiating request to open file root://eoscms.cern.ch//eos/cms/store/mc/RunIISummer20UL16MiniAODv2/QCD_Pt_3200toInf_TuneCP5_13TeV_pythia8/MINIAODSIM/106X_mcRun2_asymptotic_v17-v1/270000/CD3E95C7-678E-3D4F-B6AE-AD3E8FE527FE.root
%MSG-w XrdAdaptorInternal:  file_open 11-Jun-2024 10:27:07 CEST PostProcessEvent
Failed to open file at URL root://eoscms.cern.ch:1094//eos/cms/store/mc/RunIISummer20UL16MiniAODv2/QCD_Pt_3200toInf_TuneCP5_13TeV_pythia8/MINIAODSIM/106X_mcRun2_asymptotic_v17-v1/270000/CD3E95C7-678E-3D4F-B6AE-AD3E8FE527FE.root.
%MSG
%MSG-w XrdAdaptorInternal:  file_open 11-Jun-2024 10:27:07 CEST PostProcessEvent
Failed to open file at URL root://eoscms.cern.ch:1094//eos/cms/store/mc/RunIISummer20UL16MiniAODv2/QCD_Pt_3200toInf_TuneCP5_13TeV_pythia8/MINIAODSIM/106X_mcRun2_asymptotic_v17-v1/270000/CD3E95C7-678E-3D4F-B6AE-AD3E8FE527FE.root?tried=.
%MSG
11-Jun-2024 10:27:07 CEST  Fallback request to file root://xrootd-cms.infn.it//store/mc/RunIISummer20UL16MiniAODv2/QCD_Pt_3200toInf_TuneCP5_13TeV_pythia8/MINIAODSIM/106X_mcRun2_asymptotic_v17-v1/270000/CD3E95C7-678E-3D4F-B6AE-AD3E8FE527FE.root
%MSG-w XrdAdaptor:  file_open 11-Jun-2024 10:27:20 CEST PostProcessEvent
Data is served from fnal.gov instead of original site T2_IT_Pisa
%MSG
11-Jun-2024 10:27:21 CEST  Successfully opened file root://xrootd-cms.infn.it//store/mc/RunIISummer20UL16MiniAODv2/QCD_Pt_3200toInf_TuneCP5_13TeV_pythia8/MINIAODSIM/106X_mcRun2_asymptotic_v17-v1/270000/CD3E95C7-678E-3D4F-B6AE-AD3E8FE527FE.root
Begin processing the 300001st record. Run 1, Event 942006, LumiSection 943 on stream 0 at 11-Jun-2024 10:27:35.415 CEST
11-Jun-2024 10:27:36 CEST  Closed file root://xrootd-cms.infn.it//store/mc/RunIISummer20UL16MiniAODv2/QCD_Pt_3200toInf_TuneCP5_13TeV_pythia8/MINIAODSIM/106X_mcRun2_asymptotic_v17-v1/270000/CD3E95C7-678E-3D4F-B6AE-AD3E8FE527FE.root
11-Jun-2024 10:27:36 CEST  Initiating request to open file root://eoscms.cern.ch//eos/cms/store/mc/RunIISummer20UL16MiniAODv2/QCD_Pt_3200toInf_TuneCP5_13TeV_pythia8/MINIAODSIM/106X_mcRun2_asymptotic_v17-v1/270000/004C258A-3D9C-2B4A-A9F2-458D221F0952.root
%MSG-w XrdAdaptorInternal:  file_open 11-Jun-2024 10:27:37 CEST PostProcessEvent
Failed to open file at URL root://eoscms.cern.ch:1094//eos/cms/store/mc/RunIISummer20UL16MiniAODv2/QCD_Pt_3200toInf_TuneCP5_13TeV_pythia8/MINIAODSIM/106X_mcRun2_asymptotic_v17-v1/270000/004C258A-3D9C-2B4A-A9F2-458D221F0952.root.
%MSG
%MSG-w XrdAdaptorInternal:  file_open 11-Jun-2024 10:27:37 CEST PostProcessEvent
Failed to open file at URL root://eoscms.cern.ch:1094//eos/cms/store/mc/RunIISummer20UL16MiniAODv2/QCD_Pt_3200toInf_TuneCP5_13TeV_pythia8/MINIAODSIM/106X_mcRun2_asymptotic_v17-v1/270000/004C258A-3D9C-2B4A-A9F2-458D221F0952.root?tried=.
%MSG
11-Jun-2024 10:27:37 CEST  Fallback request to file root://xrootd-cms.infn.it//store/mc/RunIISummer20UL16MiniAODv2/QCD_Pt_3200toInf_TuneCP5_13TeV_pythia8/MINIAODSIM/106X_mcRun2_asymptotic_v17-v1/270000/004C258A-3D9C-2B4A-A9F2-458D221F0952.root
%MSG-w XrdAdaptor:  file_open 11-Jun-2024 10:27:50 CEST PostProcessEvent
Data is served from fnal.gov instead of original site T2_IT_Pisa
%MSG
11-Jun-2024 10:27:51 CEST  Successfully opened file root://xrootd-cms.infn.it//store/mc/RunIISummer20UL16MiniAODv2/QCD_Pt_3200toInf_TuneCP5_13TeV_pythia8/MINIAODSIM/106X_mcRun2_asymptotic_v17-v1/270000/004C258A-3D9C-2B4A-A9F2-458D221F0952.root
11-Jun-2024 10:27:57 CEST  Closed file root://xrootd-cms.infn.it//store/mc/RunIISummer20UL16MiniAODv2/QCD_Pt_3200toInf_TuneCP5_13TeV_pythia8/MINIAODSIM/106X_mcRun2_asymptotic_v17-v1/270000/004C258A-3D9C-2B4A-A9F2-458D221F0952.root
11-Jun-2024 10:27:57 CEST  Initiating request to open file root://eoscms.cern.ch//eos/cms/store/mc/RunIISummer20UL16MiniAODv2/QCD_Pt_3200toInf_TuneCP5_13TeV_pythia8/MINIAODSIM/106X_mcRun2_asymptotic_v17-v1/130000/F2B609CF-3453-DF4B-B483-8CC5A7872D9F.root
%MSG-w XrdAdaptorInternal:  file_open 11-Jun-2024 10:27:58 CEST PostProcessEvent
Failed to open file at URL root://eoscms.cern.ch:1094//eos/cms/store/mc/RunIISummer20UL16MiniAODv2/QCD_Pt_3200toInf_TuneCP5_13TeV_pythia8/MINIAODSIM/106X_mcRun2_asymptotic_v17-v1/130000/F2B609CF-3453-DF4B-B483-8CC5A7872D9F.root.
%MSG
%MSG-w XrdAdaptorInternal:  file_open 11-Jun-2024 10:27:58 CEST PostProcessEvent
Failed to open file at URL root://eoscms.cern.ch:1094//eos/cms/store/mc/RunIISummer20UL16MiniAODv2/QCD_Pt_3200toInf_TuneCP5_13TeV_pythia8/MINIAODSIM/106X_mcRun2_asymptotic_v17-v1/130000/F2B609CF-3453-DF4B-B483-8CC5A7872D9F.root?tried=.
%MSG
11-Jun-2024 10:27:58 CEST  Fallback request to file root://xrootd-cms.infn.it//store/mc/RunIISummer20UL16MiniAODv2/QCD_Pt_3200toInf_TuneCP5_13TeV_pythia8/MINIAODSIM/106X_mcRun2_asymptotic_v17-v1/130000/F2B609CF-3453-DF4B-B483-8CC5A7872D9F.root
%MSG-w XrdAdaptor:  file_open 11-Jun-2024 10:28:12 CEST PostProcessEvent
Data is served from T2_US_Vanderbilt instead of original site T2_IT_Pisa
%MSG
11-Jun-2024 10:28:13 CEST  Successfully opened file root://xrootd-cms.infn.it//store/mc/RunIISummer20UL16MiniAODv2/QCD_Pt_3200toInf_TuneCP5_13TeV_pythia8/MINIAODSIM/106X_mcRun2_asymptotic_v17-v1/130000/F2B609CF-3453-DF4B-B483-8CC5A7872D9F.root
11-Jun-2024 10:28:21 CEST  Closed file root://xrootd-cms.infn.it//store/mc/RunIISummer20UL16MiniAODv2/QCD_Pt_3200toInf_TuneCP5_13TeV_pythia8/MINIAODSIM/106X_mcRun2_asymptotic_v17-v1/130000/F2B609CF-3453-DF4B-B483-8CC5A7872D9F.root
11-Jun-2024 10:28:21 CEST  Initiating request to open file root://eoscms.cern.ch//eos/cms/store/mc/RunIISummer20UL16MiniAODv2/QCD_Pt_3200toInf_TuneCP5_13TeV_pythia8/MINIAODSIM/106X_mcRun2_asymptotic_v17-v1/280000/CB049A8E-2E91-E141-B619-1D15A90FD24B.root
%MSG-w XrdAdaptorInternal:  file_open 11-Jun-2024 10:28:22 CEST PostProcessEvent
Failed to open file at URL root://eoscms.cern.ch:1094//eos/cms/store/mc/RunIISummer20UL16MiniAODv2/QCD_Pt_3200toInf_TuneCP5_13TeV_pythia8/MINIAODSIM/106X_mcRun2_asymptotic_v17-v1/280000/CB049A8E-2E91-E141-B619-1D15A90FD24B.root.
%MSG
%MSG-w XrdAdaptorInternal:  file_open 11-Jun-2024 10:28:22 CEST PostProcessEvent
Failed to open file at URL root://eoscms.cern.ch:1094//eos/cms/store/mc/RunIISummer20UL16MiniAODv2/QCD_Pt_3200toInf_TuneCP5_13TeV_pythia8/MINIAODSIM/106X_mcRun2_asymptotic_v17-v1/280000/CB049A8E-2E91-E141-B619-1D15A90FD24B.root?tried=.
%MSG
11-Jun-2024 10:28:22 CEST  Fallback request to file root://xrootd-cms.infn.it//store/mc/RunIISummer20UL16MiniAODv2/QCD_Pt_3200toInf_TuneCP5_13TeV_pythia8/MINIAODSIM/106X_mcRun2_asymptotic_v17-v1/280000/CB049A8E-2E91-E141-B619-1D15A90FD24B.root
%MSG-w XrdAdaptor:  file_open 11-Jun-2024 10:28:35 CEST PostProcessEvent
Data is served from fnal.gov instead of original site T2_IT_Pisa
%MSG
11-Jun-2024 10:28:36 CEST  Successfully opened file root://xrootd-cms.infn.it//store/mc/RunIISummer20UL16MiniAODv2/QCD_Pt_3200toInf_TuneCP5_13TeV_pythia8/MINIAODSIM/106X_mcRun2_asymptotic_v17-v1/280000/CB049A8E-2E91-E141-B619-1D15A90FD24B.root
11-Jun-2024 10:28:42 CEST  Closed file root://xrootd-cms.infn.it//store/mc/RunIISummer20UL16MiniAODv2/QCD_Pt_3200toInf_TuneCP5_13TeV_pythia8/MINIAODSIM/106X_mcRun2_asymptotic_v17-v1/280000/CB049A8E-2E91-E141-B619-1D15A90FD24B.root
11-Jun-2024 10:28:42 CEST  Initiating request to open file root://eoscms.cern.ch//eos/cms/store/mc/RunIISummer20UL16MiniAODv2/QCD_Pt_3200toInf_TuneCP5_13TeV_pythia8/MINIAODSIM/106X_mcRun2_asymptotic_v17-v1/280000/F82EA0B9-E6AF-2B4F-9BC3-13C15C32BF99.root
%MSG-w XrdAdaptorInternal:  file_open 11-Jun-2024 10:28:43 CEST PostProcessEvent
Failed to open file at URL root://eoscms.cern.ch:1094//eos/cms/store/mc/RunIISummer20UL16MiniAODv2/QCD_Pt_3200toInf_TuneCP5_13TeV_pythia8/MINIAODSIM/106X_mcRun2_asymptotic_v17-v1/280000/F82EA0B9-E6AF-2B4F-9BC3-13C15C32BF99.root.
%MSG
%MSG-w XrdAdaptorInternal:  file_open 11-Jun-2024 10:28:43 CEST PostProcessEvent
Failed to open file at URL root://eoscms.cern.ch:1094//eos/cms/store/mc/RunIISummer20UL16MiniAODv2/QCD_Pt_3200toInf_TuneCP5_13TeV_pythia8/MINIAODSIM/106X_mcRun2_asymptotic_v17-v1/280000/F82EA0B9-E6AF-2B4F-9BC3-13C15C32BF99.root?tried=.
%MSG
11-Jun-2024 10:28:43 CEST  Fallback request to file root://xrootd-cms.infn.it//store/mc/RunIISummer20UL16MiniAODv2/QCD_Pt_3200toInf_TuneCP5_13TeV_pythia8/MINIAODSIM/106X_mcRun2_asymptotic_v17-v1/280000/F82EA0B9-E6AF-2B4F-9BC3-13C15C32BF99.root
%MSG-w XrdAdaptor:  file_open 11-Jun-2024 10:28:55 CEST PostProcessEvent
Data is served from fnal.gov instead of original site T2_IT_Pisa
%MSG
11-Jun-2024 10:28:56 CEST  Successfully opened file root://xrootd-cms.infn.it//store/mc/RunIISummer20UL16MiniAODv2/QCD_Pt_3200toInf_TuneCP5_13TeV_pythia8/MINIAODSIM/106X_mcRun2_asymptotic_v17-v1/280000/F82EA0B9-E6AF-2B4F-9BC3-13C15C32BF99.root
Begin processing the 400001st record. Run 1, Event 118001, LumiSection 119 on stream 0 at 11-Jun-2024 10:29:00.815 CEST
11-Jun-2024 10:29:02 CEST  Closed file root://xrootd-cms.infn.it//store/mc/RunIISummer20UL16MiniAODv2/QCD_Pt_3200toInf_TuneCP5_13TeV_pythia8/MINIAODSIM/106X_mcRun2_asymptotic_v17-v1/280000/F82EA0B9-E6AF-2B4F-9BC3-13C15C32BF99.root
11-Jun-2024 10:29:02 CEST  Initiating request to open file root://eoscms.cern.ch//eos/cms/store/mc/RunIISummer20UL16MiniAODv2/QCD_Pt_3200toInf_TuneCP5_13TeV_pythia8/MINIAODSIM/106X_mcRun2_asymptotic_v17-v1/280000/4CF742D6-601F-1543-9E5B-EABF1E9920E9.root
%MSG-w XrdAdaptorInternal:  file_open 11-Jun-2024 10:29:03 CEST PostProcessEvent
Failed to open file at URL root://eoscms.cern.ch:1094//eos/cms/store/mc/RunIISummer20UL16MiniAODv2/QCD_Pt_3200toInf_TuneCP5_13TeV_pythia8/MINIAODSIM/106X_mcRun2_asymptotic_v17-v1/280000/4CF742D6-601F-1543-9E5B-EABF1E9920E9.root.
%MSG
%MSG-w XrdAdaptorInternal:  file_open 11-Jun-2024 10:29:03 CEST PostProcessEvent
Failed to open file at URL root://eoscms.cern.ch:1094//eos/cms/store/mc/RunIISummer20UL16MiniAODv2/QCD_Pt_3200toInf_TuneCP5_13TeV_pythia8/MINIAODSIM/106X_mcRun2_asymptotic_v17-v1/280000/4CF742D6-601F-1543-9E5B-EABF1E9920E9.root?tried=.
%MSG
11-Jun-2024 10:29:03 CEST  Fallback request to file root://xrootd-cms.infn.it//store/mc/RunIISummer20UL16MiniAODv2/QCD_Pt_3200toInf_TuneCP5_13TeV_pythia8/MINIAODSIM/106X_mcRun2_asymptotic_v17-v1/280000/4CF742D6-601F-1543-9E5B-EABF1E9920E9.root
%MSG-w XrdAdaptor:  file_open 11-Jun-2024 10:29:16 CEST PostProcessEvent
Data is served from fnal.gov instead of original site T2_IT_Pisa
%MSG
11-Jun-2024 10:29:17 CEST  Successfully opened file root://xrootd-cms.infn.it//store/mc/RunIISummer20UL16MiniAODv2/QCD_Pt_3200toInf_TuneCP5_13TeV_pythia8/MINIAODSIM/106X_mcRun2_asymptotic_v17-v1/280000/4CF742D6-601F-1543-9E5B-EABF1E9920E9.root
11-Jun-2024 10:29:24 CEST  Closed file root://xrootd-cms.infn.it//store/mc/RunIISummer20UL16MiniAODv2/QCD_Pt_3200toInf_TuneCP5_13TeV_pythia8/MINIAODSIM/106X_mcRun2_asymptotic_v17-v1/280000/4CF742D6-601F-1543-9E5B-EABF1E9920E9.root
11-Jun-2024 10:29:24 CEST  Initiating request to open file root://eoscms.cern.ch//eos/cms/store/mc/RunIISummer20UL16MiniAODv2/QCD_Pt_3200toInf_TuneCP5_13TeV_pythia8/MINIAODSIM/106X_mcRun2_asymptotic_v17-v1/280000/5F9D49E9-FA57-3342-9EA7-294C2D15A05A.root
%MSG-w XrdAdaptorInternal:  file_open 11-Jun-2024 10:29:25 CEST PostProcessEvent
Failed to open file at URL root://eoscms.cern.ch:1094//eos/cms/store/mc/RunIISummer20UL16MiniAODv2/QCD_Pt_3200toInf_TuneCP5_13TeV_pythia8/MINIAODSIM/106X_mcRun2_asymptotic_v17-v1/280000/5F9D49E9-FA57-3342-9EA7-294C2D15A05A.root.
%MSG
%MSG-w XrdAdaptorInternal:  file_open 11-Jun-2024 10:29:25 CEST PostProcessEvent
Failed to open file at URL root://eoscms.cern.ch:1094//eos/cms/store/mc/RunIISummer20UL16MiniAODv2/QCD_Pt_3200toInf_TuneCP5_13TeV_pythia8/MINIAODSIM/106X_mcRun2_asymptotic_v17-v1/280000/5F9D49E9-FA57-3342-9EA7-294C2D15A05A.root?tried=.
%MSG
11-Jun-2024 10:29:25 CEST  Fallback request to file root://xrootd-cms.infn.it//store/mc/RunIISummer20UL16MiniAODv2/QCD_Pt_3200toInf_TuneCP5_13TeV_pythia8/MINIAODSIM/106X_mcRun2_asymptotic_v17-v1/280000/5F9D49E9-FA57-3342-9EA7-294C2D15A05A.root
%MSG-w XrdAdaptor:  file_open 11-Jun-2024 10:29:37 CEST PostProcessEvent
Data is served from fnal.gov instead of original site T2_IT_Pisa
%MSG
11-Jun-2024 10:29:38 CEST  Successfully opened file root://xrootd-cms.infn.it//store/mc/RunIISummer20UL16MiniAODv2/QCD_Pt_3200toInf_TuneCP5_13TeV_pythia8/MINIAODSIM/106X_mcRun2_asymptotic_v17-v1/280000/5F9D49E9-FA57-3342-9EA7-294C2D15A05A.root
Begin processing the 500001st record. Run 1, Event 396006, LumiSection 397 on stream 0 at 11-Jun-2024 10:29:45.218 CEST
11-Jun-2024 10:29:46 CEST  Closed file root://xrootd-cms.infn.it//store/mc/RunIISummer20UL16MiniAODv2/QCD_Pt_3200toInf_TuneCP5_13TeV_pythia8/MINIAODSIM/106X_mcRun2_asymptotic_v17-v1/280000/5F9D49E9-FA57-3342-9EA7-294C2D15A05A.root
11-Jun-2024 10:29:46 CEST  Initiating request to open file root://eoscms.cern.ch//eos/cms/store/mc/RunIISummer20UL16MiniAODv2/QCD_Pt_3200toInf_TuneCP5_13TeV_pythia8/MINIAODSIM/106X_mcRun2_asymptotic_v17-v1/280000/2EEA39E4-232C-A640-AE91-4DE449F77AED.root
%MSG-w XrdAdaptorInternal:  file_open 11-Jun-2024 10:29:47 CEST PostProcessEvent
Failed to open file at URL root://eoscms.cern.ch:1094//eos/cms/store/mc/RunIISummer20UL16MiniAODv2/QCD_Pt_3200toInf_TuneCP5_13TeV_pythia8/MINIAODSIM/106X_mcRun2_asymptotic_v17-v1/280000/2EEA39E4-232C-A640-AE91-4DE449F77AED.root.
%MSG
%MSG-w XrdAdaptorInternal:  file_open 11-Jun-2024 10:29:47 CEST PostProcessEvent
Failed to open file at URL root://eoscms.cern.ch:1094//eos/cms/store/mc/RunIISummer20UL16MiniAODv2/QCD_Pt_3200toInf_TuneCP5_13TeV_pythia8/MINIAODSIM/106X_mcRun2_asymptotic_v17-v1/280000/2EEA39E4-232C-A640-AE91-4DE449F77AED.root?tried=.
%MSG
11-Jun-2024 10:29:47 CEST  Fallback request to file root://xrootd-cms.infn.it//store/mc/RunIISummer20UL16MiniAODv2/QCD_Pt_3200toInf_TuneCP5_13TeV_pythia8/MINIAODSIM/106X_mcRun2_asymptotic_v17-v1/280000/2EEA39E4-232C-A640-AE91-4DE449F77AED.root
%MSG-w XrdAdaptor:  file_open 11-Jun-2024 10:30:00 CEST PostProcessEvent
Data is served from fnal.gov instead of original site T2_IT_Pisa
%MSG
11-Jun-2024 10:30:01 CEST  Successfully opened file root://xrootd-cms.infn.it//store/mc/RunIISummer20UL16MiniAODv2/QCD_Pt_3200toInf_TuneCP5_13TeV_pythia8/MINIAODSIM/106X_mcRun2_asymptotic_v17-v1/280000/2EEA39E4-232C-A640-AE91-4DE449F77AED.root
11-Jun-2024 10:30:07 CEST  Closed file root://xrootd-cms.infn.it//store/mc/RunIISummer20UL16MiniAODv2/QCD_Pt_3200toInf_TuneCP5_13TeV_pythia8/MINIAODSIM/106X_mcRun2_asymptotic_v17-v1/280000/2EEA39E4-232C-A640-AE91-4DE449F77AED.root
11-Jun-2024 10:30:07 CEST  Initiating request to open file root://eoscms.cern.ch//eos/cms/store/mc/RunIISummer20UL16MiniAODv2/QCD_Pt_3200toInf_TuneCP5_13TeV_pythia8/MINIAODSIM/106X_mcRun2_asymptotic_v17-v1/280000/09877EFC-A0ED-9C4B-A5BC-C3E1AE040487.root
%MSG-w XrdAdaptorInternal:  file_open 11-Jun-2024 10:30:08 CEST PostProcessEvent
Failed to open file at URL root://eoscms.cern.ch:1094//eos/cms/store/mc/RunIISummer20UL16MiniAODv2/QCD_Pt_3200toInf_TuneCP5_13TeV_pythia8/MINIAODSIM/106X_mcRun2_asymptotic_v17-v1/280000/09877EFC-A0ED-9C4B-A5BC-C3E1AE040487.root.
%MSG
%MSG-w XrdAdaptorInternal:  file_open 11-Jun-2024 10:30:08 CEST PostProcessEvent
Failed to open file at URL root://eoscms.cern.ch:1094//eos/cms/store/mc/RunIISummer20UL16MiniAODv2/QCD_Pt_3200toInf_TuneCP5_13TeV_pythia8/MINIAODSIM/106X_mcRun2_asymptotic_v17-v1/280000/09877EFC-A0ED-9C4B-A5BC-C3E1AE040487.root?tried=.
%MSG
11-Jun-2024 10:30:08 CEST  Fallback request to file root://xrootd-cms.infn.it//store/mc/RunIISummer20UL16MiniAODv2/QCD_Pt_3200toInf_TuneCP5_13TeV_pythia8/MINIAODSIM/106X_mcRun2_asymptotic_v17-v1/280000/09877EFC-A0ED-9C4B-A5BC-C3E1AE040487.root
%MSG-w XrdAdaptor:  file_open 11-Jun-2024 10:30:21 CEST PostProcessEvent
Data is served from fnal.gov instead of original site T2_IT_Pisa
%MSG
11-Jun-2024 10:30:22 CEST  Successfully opened file root://xrootd-cms.infn.it//store/mc/RunIISummer20UL16MiniAODv2/QCD_Pt_3200toInf_TuneCP5_13TeV_pythia8/MINIAODSIM/106X_mcRun2_asymptotic_v17-v1/280000/09877EFC-A0ED-9C4B-A5BC-C3E1AE040487.root
Begin processing the 600001st record. Run 1, Event 780008, LumiSection 781 on stream 0 at 11-Jun-2024 10:30:28.170 CEST
11-Jun-2024 10:30:29 CEST  Closed file root://xrootd-cms.infn.it//store/mc/RunIISummer20UL16MiniAODv2/QCD_Pt_3200toInf_TuneCP5_13TeV_pythia8/MINIAODSIM/106X_mcRun2_asymptotic_v17-v1/280000/09877EFC-A0ED-9C4B-A5BC-C3E1AE040487.root
11-Jun-2024 10:30:29 CEST  Initiating request to open file root://eoscms.cern.ch//eos/cms/store/mc/RunIISummer20UL16MiniAODv2/QCD_Pt_3200toInf_TuneCP5_13TeV_pythia8/MINIAODSIM/106X_mcRun2_asymptotic_v17-v1/280000/FAD805B0-D882-6146-87D1-B774DDCB00BD.root
%MSG-w XrdAdaptorInternal:  file_open 11-Jun-2024 10:30:30 CEST PostProcessEvent
Failed to open file at URL root://eoscms.cern.ch:1094//eos/cms/store/mc/RunIISummer20UL16MiniAODv2/QCD_Pt_3200toInf_TuneCP5_13TeV_pythia8/MINIAODSIM/106X_mcRun2_asymptotic_v17-v1/280000/FAD805B0-D882-6146-87D1-B774DDCB00BD.root.
%MSG
%MSG-w XrdAdaptorInternal:  file_open 11-Jun-2024 10:30:30 CEST PostProcessEvent
Failed to open file at URL root://eoscms.cern.ch:1094//eos/cms/store/mc/RunIISummer20UL16MiniAODv2/QCD_Pt_3200toInf_TuneCP5_13TeV_pythia8/MINIAODSIM/106X_mcRun2_asymptotic_v17-v1/280000/FAD805B0-D882-6146-87D1-B774DDCB00BD.root?tried=.
%MSG
11-Jun-2024 10:30:30 CEST  Fallback request to file root://xrootd-cms.infn.it//store/mc/RunIISummer20UL16MiniAODv2/QCD_Pt_3200toInf_TuneCP5_13TeV_pythia8/MINIAODSIM/106X_mcRun2_asymptotic_v17-v1/280000/FAD805B0-D882-6146-87D1-B774DDCB00BD.root
%MSG-w XrdAdaptor:  file_open 11-Jun-2024 10:30:42 CEST PostProcessEvent
Data is served from fnal.gov instead of original site T2_IT_Pisa
%MSG
11-Jun-2024 10:30:43 CEST  Successfully opened file root://xrootd-cms.infn.it//store/mc/RunIISummer20UL16MiniAODv2/QCD_Pt_3200toInf_TuneCP5_13TeV_pythia8/MINIAODSIM/106X_mcRun2_asymptotic_v17-v1/280000/FAD805B0-D882-6146-87D1-B774DDCB00BD.root
11-Jun-2024 10:30:49 CEST  Closed file root://xrootd-cms.infn.it//store/mc/RunIISummer20UL16MiniAODv2/QCD_Pt_3200toInf_TuneCP5_13TeV_pythia8/MINIAODSIM/106X_mcRun2_asymptotic_v17-v1/280000/FAD805B0-D882-6146-87D1-B774DDCB00BD.root
11-Jun-2024 10:30:49 CEST  Initiating request to open file root://eoscms.cern.ch//eos/cms/store/mc/RunIISummer20UL16MiniAODv2/QCD_Pt_3200toInf_TuneCP5_13TeV_pythia8/MINIAODSIM/106X_mcRun2_asymptotic_v17-v1/280000/9D673CF1-1F69-1E43-8DA9-5849AB4F2349.root
%MSG-w XrdAdaptorInternal:  file_open 11-Jun-2024 10:30:50 CEST PostProcessEvent
Failed to open file at URL root://eoscms.cern.ch:1094//eos/cms/store/mc/RunIISummer20UL16MiniAODv2/QCD_Pt_3200toInf_TuneCP5_13TeV_pythia8/MINIAODSIM/106X_mcRun2_asymptotic_v17-v1/280000/9D673CF1-1F69-1E43-8DA9-5849AB4F2349.root.
%MSG
%MSG-w XrdAdaptorInternal:  file_open 11-Jun-2024 10:30:50 CEST PostProcessEvent
Failed to open file at URL root://eoscms.cern.ch:1094//eos/cms/store/mc/RunIISummer20UL16MiniAODv2/QCD_Pt_3200toInf_TuneCP5_13TeV_pythia8/MINIAODSIM/106X_mcRun2_asymptotic_v17-v1/280000/9D673CF1-1F69-1E43-8DA9-5849AB4F2349.root?tried=.
%MSG
11-Jun-2024 10:30:50 CEST  Fallback request to file root://xrootd-cms.infn.it//store/mc/RunIISummer20UL16MiniAODv2/QCD_Pt_3200toInf_TuneCP5_13TeV_pythia8/MINIAODSIM/106X_mcRun2_asymptotic_v17-v1/280000/9D673CF1-1F69-1E43-8DA9-5849AB4F2349.root
%MSG-w XrdAdaptor:  file_open 11-Jun-2024 10:31:02 CEST PostProcessEvent
Data is served from fnal.gov instead of original site T2_IT_Pisa
%MSG
11-Jun-2024 10:31:03 CEST  Successfully opened file root://xrootd-cms.infn.it//store/mc/RunIISummer20UL16MiniAODv2/QCD_Pt_3200toInf_TuneCP5_13TeV_pythia8/MINIAODSIM/106X_mcRun2_asymptotic_v17-v1/280000/9D673CF1-1F69-1E43-8DA9-5849AB4F2349.root
Begin processing the 700001st record. Run 1, Event 974014, LumiSection 975 on stream 0 at 11-Jun-2024 10:31:09.669 CEST
11-Jun-2024 10:31:10 CEST  Closed file root://xrootd-cms.infn.it//store/mc/RunIISummer20UL16MiniAODv2/QCD_Pt_3200toInf_TuneCP5_13TeV_pythia8/MINIAODSIM/106X_mcRun2_asymptotic_v17-v1/280000/9D673CF1-1F69-1E43-8DA9-5849AB4F2349.root
11-Jun-2024 10:31:10 CEST  Initiating request to open file root://eoscms.cern.ch//eos/cms/store/mc/RunIISummer20UL16MiniAODv2/QCD_Pt_3200toInf_TuneCP5_13TeV_pythia8/MINIAODSIM/106X_mcRun2_asymptotic_v17-v1/280000/678542BE-0E9B-3648-AECB-2DB9422A09F6.root
%MSG-w XrdAdaptorInternal:  file_open 11-Jun-2024 10:31:11 CEST PostProcessEvent
Failed to open file at URL root://eoscms.cern.ch:1094//eos/cms/store/mc/RunIISummer20UL16MiniAODv2/QCD_Pt_3200toInf_TuneCP5_13TeV_pythia8/MINIAODSIM/106X_mcRun2_asymptotic_v17-v1/280000/678542BE-0E9B-3648-AECB-2DB9422A09F6.root.
%MSG
%MSG-w XrdAdaptorInternal:  file_open 11-Jun-2024 10:31:11 CEST PostProcessEvent
Failed to open file at URL root://eoscms.cern.ch:1094//eos/cms/store/mc/RunIISummer20UL16MiniAODv2/QCD_Pt_3200toInf_TuneCP5_13TeV_pythia8/MINIAODSIM/106X_mcRun2_asymptotic_v17-v1/280000/678542BE-0E9B-3648-AECB-2DB9422A09F6.root?tried=.
%MSG
11-Jun-2024 10:31:11 CEST  Fallback request to file root://xrootd-cms.infn.it//store/mc/RunIISummer20UL16MiniAODv2/QCD_Pt_3200toInf_TuneCP5_13TeV_pythia8/MINIAODSIM/106X_mcRun2_asymptotic_v17-v1/280000/678542BE-0E9B-3648-AECB-2DB9422A09F6.root
%MSG-w XrdAdaptor:  file_open 11-Jun-2024 10:31:24 CEST PostProcessEvent
Data is served from fnal.gov instead of original site T2_IT_Pisa
%MSG
11-Jun-2024 10:31:25 CEST  Successfully opened file root://xrootd-cms.infn.it//store/mc/RunIISummer20UL16MiniAODv2/QCD_Pt_3200toInf_TuneCP5_13TeV_pythia8/MINIAODSIM/106X_mcRun2_asymptotic_v17-v1/280000/678542BE-0E9B-3648-AECB-2DB9422A09F6.root
11-Jun-2024 10:31:33 CEST  Closed file root://xrootd-cms.infn.it//store/mc/RunIISummer20UL16MiniAODv2/QCD_Pt_3200toInf_TuneCP5_13TeV_pythia8/MINIAODSIM/106X_mcRun2_asymptotic_v17-v1/280000/678542BE-0E9B-3648-AECB-2DB9422A09F6.root
11-Jun-2024 10:31:33 CEST  Initiating request to open file root://eoscms.cern.ch//eos/cms/store/mc/RunIISummer20UL16MiniAODv2/QCD_Pt_3200toInf_TuneCP5_13TeV_pythia8/MINIAODSIM/106X_mcRun2_asymptotic_v17-v1/280000/5D3ED1A3-FE35-0E45-A985-D67289009168.root
%MSG-w XrdAdaptorInternal:  file_open 11-Jun-2024 10:31:34 CEST PostProcessEvent
Failed to open file at URL root://eoscms.cern.ch:1094//eos/cms/store/mc/RunIISummer20UL16MiniAODv2/QCD_Pt_3200toInf_TuneCP5_13TeV_pythia8/MINIAODSIM/106X_mcRun2_asymptotic_v17-v1/280000/5D3ED1A3-FE35-0E45-A985-D67289009168.root.
%MSG
%MSG-w XrdAdaptorInternal:  file_open 11-Jun-2024 10:31:34 CEST PostProcessEvent
Failed to open file at URL root://eoscms.cern.ch:1094//eos/cms/store/mc/RunIISummer20UL16MiniAODv2/QCD_Pt_3200toInf_TuneCP5_13TeV_pythia8/MINIAODSIM/106X_mcRun2_asymptotic_v17-v1/280000/5D3ED1A3-FE35-0E45-A985-D67289009168.root?tried=.
%MSG
11-Jun-2024 10:31:34 CEST  Fallback request to file root://xrootd-cms.infn.it//store/mc/RunIISummer20UL16MiniAODv2/QCD_Pt_3200toInf_TuneCP5_13TeV_pythia8/MINIAODSIM/106X_mcRun2_asymptotic_v17-v1/280000/5D3ED1A3-FE35-0E45-A985-D67289009168.root
%MSG-w XrdAdaptor:  file_open 11-Jun-2024 10:31:46 CEST PostProcessEvent
Data is served from fnal.gov instead of original site T2_IT_Pisa
%MSG
11-Jun-2024 10:31:47 CEST  Successfully opened file root://xrootd-cms.infn.it//store/mc/RunIISummer20UL16MiniAODv2/QCD_Pt_3200toInf_TuneCP5_13TeV_pythia8/MINIAODSIM/106X_mcRun2_asymptotic_v17-v1/280000/5D3ED1A3-FE35-0E45-A985-D67289009168.root
Begin processing the 800001st record. Run 1, Event 706005, LumiSection 707 on stream 0 at 11-Jun-2024 10:31:53.279 CEST
11-Jun-2024 10:31:53 CEST  Closed file root://xrootd-cms.infn.it//store/mc/RunIISummer20UL16MiniAODv2/QCD_Pt_3200toInf_TuneCP5_13TeV_pythia8/MINIAODSIM/106X_mcRun2_asymptotic_v17-v1/280000/5D3ED1A3-FE35-0E45-A985-D67289009168.root
11-Jun-2024 10:31:53 CEST  Initiating request to open file root://eoscms.cern.ch//eos/cms/store/mc/RunIISummer20UL16MiniAODv2/QCD_Pt_3200toInf_TuneCP5_13TeV_pythia8/MINIAODSIM/106X_mcRun2_asymptotic_v17-v1/280000/062A4C80-6C20-724A-95B8-0AE1D2A1E354.root
%MSG-w XrdAdaptorInternal:  file_open 11-Jun-2024 10:31:54 CEST PostProcessEvent
Failed to open file at URL root://eoscms.cern.ch:1094//eos/cms/store/mc/RunIISummer20UL16MiniAODv2/QCD_Pt_3200toInf_TuneCP5_13TeV_pythia8/MINIAODSIM/106X_mcRun2_asymptotic_v17-v1/280000/062A4C80-6C20-724A-95B8-0AE1D2A1E354.root.
%MSG
%MSG-w XrdAdaptorInternal:  file_open 11-Jun-2024 10:31:54 CEST PostProcessEvent
Failed to open file at URL root://eoscms.cern.ch:1094//eos/cms/store/mc/RunIISummer20UL16MiniAODv2/QCD_Pt_3200toInf_TuneCP5_13TeV_pythia8/MINIAODSIM/106X_mcRun2_asymptotic_v17-v1/280000/062A4C80-6C20-724A-95B8-0AE1D2A1E354.root?tried=.
%MSG
11-Jun-2024 10:31:54 CEST  Fallback request to file root://xrootd-cms.infn.it//store/mc/RunIISummer20UL16MiniAODv2/QCD_Pt_3200toInf_TuneCP5_13TeV_pythia8/MINIAODSIM/106X_mcRun2_asymptotic_v17-v1/280000/062A4C80-6C20-724A-95B8-0AE1D2A1E354.root
%MSG-w XrdAdaptor:  file_open 11-Jun-2024 10:32:07 CEST PostProcessEvent
Data is served from fnal.gov instead of original site T2_IT_Pisa
%MSG
11-Jun-2024 10:32:08 CEST  Successfully opened file root://xrootd-cms.infn.it//store/mc/RunIISummer20UL16MiniAODv2/QCD_Pt_3200toInf_TuneCP5_13TeV_pythia8/MINIAODSIM/106X_mcRun2_asymptotic_v17-v1/280000/062A4C80-6C20-724A-95B8-0AE1D2A1E354.root
11-Jun-2024 10:32:13 CEST  Closed file root://xrootd-cms.infn.it//store/mc/RunIISummer20UL16MiniAODv2/QCD_Pt_3200toInf_TuneCP5_13TeV_pythia8/MINIAODSIM/106X_mcRun2_asymptotic_v17-v1/280000/062A4C80-6C20-724A-95B8-0AE1D2A1E354.root
11-Jun-2024 10:32:13 CEST  Initiating request to open file root://eoscms.cern.ch//eos/cms/store/mc/RunIISummer20UL16MiniAODv2/QCD_Pt_3200toInf_TuneCP5_13TeV_pythia8/MINIAODSIM/106X_mcRun2_asymptotic_v17-v1/280000/91E98205-9C73-5C42-B1F6-8D6A61DF8E87.root
%MSG-w XrdAdaptorInternal:  file_open 11-Jun-2024 10:32:14 CEST PostProcessEvent
Failed to open file at URL root://eoscms.cern.ch:1094//eos/cms/store/mc/RunIISummer20UL16MiniAODv2/QCD_Pt_3200toInf_TuneCP5_13TeV_pythia8/MINIAODSIM/106X_mcRun2_asymptotic_v17-v1/280000/91E98205-9C73-5C42-B1F6-8D6A61DF8E87.root.
%MSG
%MSG-w XrdAdaptorInternal:  file_open 11-Jun-2024 10:32:14 CEST PostProcessEvent
Failed to open file at URL root://eoscms.cern.ch:1094//eos/cms/store/mc/RunIISummer20UL16MiniAODv2/QCD_Pt_3200toInf_TuneCP5_13TeV_pythia8/MINIAODSIM/106X_mcRun2_asymptotic_v17-v1/280000/91E98205-9C73-5C42-B1F6-8D6A61DF8E87.root?tried=.
%MSG
11-Jun-2024 10:32:14 CEST  Fallback request to file root://xrootd-cms.infn.it//store/mc/RunIISummer20UL16MiniAODv2/QCD_Pt_3200toInf_TuneCP5_13TeV_pythia8/MINIAODSIM/106X_mcRun2_asymptotic_v17-v1/280000/91E98205-9C73-5C42-B1F6-8D6A61DF8E87.root
%MSG-w XrdAdaptor:  file_open 11-Jun-2024 10:32:27 CEST PostProcessEvent
Data is served from fnal.gov instead of original site T2_IT_Pisa
%MSG
11-Jun-2024 10:32:27 CEST  Successfully opened file root://xrootd-cms.infn.it//store/mc/RunIISummer20UL16MiniAODv2/QCD_Pt_3200toInf_TuneCP5_13TeV_pythia8/MINIAODSIM/106X_mcRun2_asymptotic_v17-v1/280000/91E98205-9C73-5C42-B1F6-8D6A61DF8E87.root
11-Jun-2024 10:32:32 CEST  Closed file root://xrootd-cms.infn.it//store/mc/RunIISummer20UL16MiniAODv2/QCD_Pt_3200toInf_TuneCP5_13TeV_pythia8/MINIAODSIM/106X_mcRun2_asymptotic_v17-v1/280000/91E98205-9C73-5C42-B1F6-8D6A61DF8E87.root
11-Jun-2024 10:32:32 CEST  Initiating request to open file root://eoscms.cern.ch//eos/cms/store/mc/RunIISummer20UL16MiniAODv2/QCD_Pt_3200toInf_TuneCP5_13TeV_pythia8/MINIAODSIM/106X_mcRun2_asymptotic_v17-v1/130000/9212ABB1-7D8C-D644-829E-6BD2981F4B1B.root
%MSG-w XrdAdaptorInternal:  file_open 11-Jun-2024 10:32:33 CEST PostProcessEvent
Failed to open file at URL root://eoscms.cern.ch:1094//eos/cms/store/mc/RunIISummer20UL16MiniAODv2/QCD_Pt_3200toInf_TuneCP5_13TeV_pythia8/MINIAODSIM/106X_mcRun2_asymptotic_v17-v1/130000/9212ABB1-7D8C-D644-829E-6BD2981F4B1B.root.
%MSG
%MSG-w XrdAdaptorInternal:  file_open 11-Jun-2024 10:32:33 CEST PostProcessEvent
Failed to open file at URL root://eoscms.cern.ch:1094//eos/cms/store/mc/RunIISummer20UL16MiniAODv2/QCD_Pt_3200toInf_TuneCP5_13TeV_pythia8/MINIAODSIM/106X_mcRun2_asymptotic_v17-v1/130000/9212ABB1-7D8C-D644-829E-6BD2981F4B1B.root?tried=.
%MSG
11-Jun-2024 10:32:33 CEST  Fallback request to file root://xrootd-cms.infn.it//store/mc/RunIISummer20UL16MiniAODv2/QCD_Pt_3200toInf_TuneCP5_13TeV_pythia8/MINIAODSIM/106X_mcRun2_asymptotic_v17-v1/130000/9212ABB1-7D8C-D644-829E-6BD2981F4B1B.root
%MSG-w XrdAdaptor:  file_open 11-Jun-2024 10:32:46 CEST PostProcessEvent
Data is served from fnal.gov instead of original site T2_IT_Pisa
%MSG
11-Jun-2024 10:32:47 CEST  Successfully opened file root://xrootd-cms.infn.it//store/mc/RunIISummer20UL16MiniAODv2/QCD_Pt_3200toInf_TuneCP5_13TeV_pythia8/MINIAODSIM/106X_mcRun2_asymptotic_v17-v1/130000/9212ABB1-7D8C-D644-829E-6BD2981F4B1B.root
11-Jun-2024 10:32:51 CEST  Closed file root://xrootd-cms.infn.it//store/mc/RunIISummer20UL16MiniAODv2/QCD_Pt_3200toInf_TuneCP5_13TeV_pythia8/MINIAODSIM/106X_mcRun2_asymptotic_v17-v1/130000/9212ABB1-7D8C-D644-829E-6BD2981F4B1B.root
11-Jun-2024 10:32:51 CEST  Initiating request to open file root://eoscms.cern.ch//eos/cms/store/mc/RunIISummer20UL16MiniAODv2/QCD_Pt_3200toInf_TuneCP5_13TeV_pythia8/MINIAODSIM/106X_mcRun2_asymptotic_v17-v1/120000/06952735-4580-8042-A4D0-32AEF82560B0.root
%MSG-w XrdAdaptorInternal:  file_open 11-Jun-2024 10:32:52 CEST PostProcessEvent
Failed to open file at URL root://eoscms.cern.ch:1094//eos/cms/store/mc/RunIISummer20UL16MiniAODv2/QCD_Pt_3200toInf_TuneCP5_13TeV_pythia8/MINIAODSIM/106X_mcRun2_asymptotic_v17-v1/120000/06952735-4580-8042-A4D0-32AEF82560B0.root.
%MSG
%MSG-w XrdAdaptorInternal:  file_open 11-Jun-2024 10:32:52 CEST PostProcessEvent
Failed to open file at URL root://eoscms.cern.ch:1094//eos/cms/store/mc/RunIISummer20UL16MiniAODv2/QCD_Pt_3200toInf_TuneCP5_13TeV_pythia8/MINIAODSIM/106X_mcRun2_asymptotic_v17-v1/120000/06952735-4580-8042-A4D0-32AEF82560B0.root?tried=.
%MSG
11-Jun-2024 10:32:52 CEST  Fallback request to file root://xrootd-cms.infn.it//store/mc/RunIISummer20UL16MiniAODv2/QCD_Pt_3200toInf_TuneCP5_13TeV_pythia8/MINIAODSIM/106X_mcRun2_asymptotic_v17-v1/120000/06952735-4580-8042-A4D0-32AEF82560B0.root
%MSG-w XrdAdaptor:  file_open 11-Jun-2024 10:33:05 CEST PostProcessEvent
Data is served from fnal.gov instead of original site T2_IT_Pisa
%MSG
11-Jun-2024 10:33:06 CEST  Successfully opened file root://xrootd-cms.infn.it//store/mc/RunIISummer20UL16MiniAODv2/QCD_Pt_3200toInf_TuneCP5_13TeV_pythia8/MINIAODSIM/106X_mcRun2_asymptotic_v17-v1/120000/06952735-4580-8042-A4D0-32AEF82560B0.root
11-Jun-2024 10:33:11 CEST  Closed file root://xrootd-cms.infn.it//store/mc/RunIISummer20UL16MiniAODv2/QCD_Pt_3200toInf_TuneCP5_13TeV_pythia8/MINIAODSIM/106X_mcRun2_asymptotic_v17-v1/120000/06952735-4580-8042-A4D0-32AEF82560B0.root
11-Jun-2024 10:33:11 CEST  Initiating request to open file root://eoscms.cern.ch//eos/cms/store/mc/RunIISummer20UL16MiniAODv2/QCD_Pt_3200toInf_TuneCP5_13TeV_pythia8/MINIAODSIM/106X_mcRun2_asymptotic_v17-v1/140000/621F4CEB-0C16-C740-976F-E7C23AF7930B.root
%MSG-w XrdAdaptorInternal:  file_open 11-Jun-2024 10:33:12 CEST PostProcessEvent
Failed to open file at URL root://eoscms.cern.ch:1094//eos/cms/store/mc/RunIISummer20UL16MiniAODv2/QCD_Pt_3200toInf_TuneCP5_13TeV_pythia8/MINIAODSIM/106X_mcRun2_asymptotic_v17-v1/140000/621F4CEB-0C16-C740-976F-E7C23AF7930B.root.
%MSG
%MSG-w XrdAdaptorInternal:  file_open 11-Jun-2024 10:33:12 CEST PostProcessEvent
Failed to open file at URL root://eoscms.cern.ch:1094//eos/cms/store/mc/RunIISummer20UL16MiniAODv2/QCD_Pt_3200toInf_TuneCP5_13TeV_pythia8/MINIAODSIM/106X_mcRun2_asymptotic_v17-v1/140000/621F4CEB-0C16-C740-976F-E7C23AF7930B.root?tried=.
%MSG
11-Jun-2024 10:33:12 CEST  Fallback request to file root://xrootd-cms.infn.it//store/mc/RunIISummer20UL16MiniAODv2/QCD_Pt_3200toInf_TuneCP5_13TeV_pythia8/MINIAODSIM/106X_mcRun2_asymptotic_v17-v1/140000/621F4CEB-0C16-C740-976F-E7C23AF7930B.root
%MSG-w XrdAdaptor:  file_open 11-Jun-2024 10:33:27 CEST PostProcessEvent
Data is served from T2_US_Nebraska instead of original site T2_IT_Pisa
%MSG
11-Jun-2024 10:33:28 CEST  Successfully opened file root://xrootd-cms.infn.it//store/mc/RunIISummer20UL16MiniAODv2/QCD_Pt_3200toInf_TuneCP5_13TeV_pythia8/MINIAODSIM/106X_mcRun2_asymptotic_v17-v1/140000/621F4CEB-0C16-C740-976F-E7C23AF7930B.root
Begin processing the 900001st record. Run 1, Event 672015, LumiSection 673 on stream 0 at 11-Jun-2024 10:33:34.338 CEST
11-Jun-2024 10:33:34 CEST  Closed file root://xrootd-cms.infn.it//store/mc/RunIISummer20UL16MiniAODv2/QCD_Pt_3200toInf_TuneCP5_13TeV_pythia8/MINIAODSIM/106X_mcRun2_asymptotic_v17-v1/140000/621F4CEB-0C16-C740-976F-E7C23AF7930B.root
11-Jun-2024 10:33:34 CEST  Initiating request to open file root://eoscms.cern.ch//eos/cms/store/mc/RunIISummer20UL16MiniAODv2/QCD_Pt_3200toInf_TuneCP5_13TeV_pythia8/MINIAODSIM/106X_mcRun2_asymptotic_v17-v1/280000/4C34C6FA-6122-6C40-B2B9-002EBCB29959.root
%MSG-w XrdAdaptorInternal:  file_open 11-Jun-2024 10:33:35 CEST PostProcessEvent
Failed to open file at URL root://eoscms.cern.ch:1094//eos/cms/store/mc/RunIISummer20UL16MiniAODv2/QCD_Pt_3200toInf_TuneCP5_13TeV_pythia8/MINIAODSIM/106X_mcRun2_asymptotic_v17-v1/280000/4C34C6FA-6122-6C40-B2B9-002EBCB29959.root.
%MSG
%MSG-w XrdAdaptorInternal:  file_open 11-Jun-2024 10:33:35 CEST PostProcessEvent
Failed to open file at URL root://eoscms.cern.ch:1094//eos/cms/store/mc/RunIISummer20UL16MiniAODv2/QCD_Pt_3200toInf_TuneCP5_13TeV_pythia8/MINIAODSIM/106X_mcRun2_asymptotic_v17-v1/280000/4C34C6FA-6122-6C40-B2B9-002EBCB29959.root?tried=.
%MSG
11-Jun-2024 10:33:35 CEST  Fallback request to file root://xrootd-cms.infn.it//store/mc/RunIISummer20UL16MiniAODv2/QCD_Pt_3200toInf_TuneCP5_13TeV_pythia8/MINIAODSIM/106X_mcRun2_asymptotic_v17-v1/280000/4C34C6FA-6122-6C40-B2B9-002EBCB29959.root
%MSG-w XrdAdaptor:  file_open 11-Jun-2024 10:33:50 CEST PostProcessEvent
Data is served from T2_US_MIT instead of original site T2_IT_Pisa
%MSG
11-Jun-2024 10:33:50 CEST  Successfully opened file root://xrootd-cms.infn.it//store/mc/RunIISummer20UL16MiniAODv2/QCD_Pt_3200toInf_TuneCP5_13TeV_pythia8/MINIAODSIM/106X_mcRun2_asymptotic_v17-v1/280000/4C34C6FA-6122-6C40-B2B9-002EBCB29959.root
11-Jun-2024 10:33:57 CEST  Closed file root://xrootd-cms.infn.it//store/mc/RunIISummer20UL16MiniAODv2/QCD_Pt_3200toInf_TuneCP5_13TeV_pythia8/MINIAODSIM/106X_mcRun2_asymptotic_v17-v1/280000/4C34C6FA-6122-6C40-B2B9-002EBCB29959.root
11-Jun-2024 10:33:57 CEST  Initiating request to open file root://eoscms.cern.ch//eos/cms/store/mc/RunIISummer20UL16MiniAODv2/QCD_Pt_3200toInf_TuneCP5_13TeV_pythia8/MINIAODSIM/106X_mcRun2_asymptotic_v17-v1/280000/30AD803A-570C-3945-BF31-66AD8DCDD149.root
%MSG-w XrdAdaptorInternal:  file_open 11-Jun-2024 10:33:58 CEST PostProcessEvent
Failed to open file at URL root://eoscms.cern.ch:1094//eos/cms/store/mc/RunIISummer20UL16MiniAODv2/QCD_Pt_3200toInf_TuneCP5_13TeV_pythia8/MINIAODSIM/106X_mcRun2_asymptotic_v17-v1/280000/30AD803A-570C-3945-BF31-66AD8DCDD149.root.
%MSG
%MSG-w XrdAdaptorInternal:  file_open 11-Jun-2024 10:33:58 CEST PostProcessEvent
Failed to open file at URL root://eoscms.cern.ch:1094//eos/cms/store/mc/RunIISummer20UL16MiniAODv2/QCD_Pt_3200toInf_TuneCP5_13TeV_pythia8/MINIAODSIM/106X_mcRun2_asymptotic_v17-v1/280000/30AD803A-570C-3945-BF31-66AD8DCDD149.root?tried=.
%MSG
11-Jun-2024 10:33:58 CEST  Fallback request to file root://xrootd-cms.infn.it//store/mc/RunIISummer20UL16MiniAODv2/QCD_Pt_3200toInf_TuneCP5_13TeV_pythia8/MINIAODSIM/106X_mcRun2_asymptotic_v17-v1/280000/30AD803A-570C-3945-BF31-66AD8DCDD149.root
%MSG-w XrdAdaptor:  file_open 11-Jun-2024 10:34:12 CEST PostProcessEvent
Data is served from T2_US_MIT instead of original site T2_IT_Pisa
%MSG
11-Jun-2024 10:34:13 CEST  Successfully opened file root://xrootd-cms.infn.it//store/mc/RunIISummer20UL16MiniAODv2/QCD_Pt_3200toInf_TuneCP5_13TeV_pythia8/MINIAODSIM/106X_mcRun2_asymptotic_v17-v1/280000/30AD803A-570C-3945-BF31-66AD8DCDD149.root
11-Jun-2024 10:34:17 CEST  Closed file root://xrootd-cms.infn.it//store/mc/RunIISummer20UL16MiniAODv2/QCD_Pt_3200toInf_TuneCP5_13TeV_pythia8/MINIAODSIM/106X_mcRun2_asymptotic_v17-v1/280000/30AD803A-570C-3945-BF31-66AD8DCDD149.root

------------------------------------
GenXsecAnalyzer:
------------------------------------
Before Filter: total cross section = 1.352e-04 +- 7.119e-08 pb
Filter efficiency (taking into account weights)= (996000) / (996000) = 1.000e+00 +- 0.000e+00
Filter efficiency (event-level)= (996000) / (996000) = 1.000e+00 +- 0.000e+00    [TO BE USED IN MCM]

After filter: final cross section = 1.352e-04 +- 7.119e-08 pb
After filter: final fraction of events with negative weights = 0.000e+00 +- 0.000e+00
After filter: final equivalent lumi for 1M events (1/fb) = 7.398e+06 +- 8.362e+03

=============================================

MessageLogger Summary

 type     category        sev    module        subroutine        count    total
 ---- -------------------- -- ---------------- ----------------  -----    -----
    1 GenXSecAnalyzer      -w GenXSecAnalyzer:                       7        7
    2 XrdAdaptor           -w file_open                             28       28
    3 XrdAdaptorInternal   -w file_open                             56       56
    4 fileAction           -s file_close                            28       28
    5 fileAction           -s file_open                             84       84

 type    category    Examples: run/evt        run/evt          run/evt
 ---- -------------------- ---------------- ---------------- ----------------
    1 GenXSecAnalyzer      PostGlobalEndRun PostGlobalEndRun PostGlobalEndRun
    2 XrdAdaptor           pre-events       PostProcessEvent PostProcessEvent
    3 XrdAdaptorInternal   pre-events       pre-events       PostProcessEvent
    4 fileAction           PostProcessEvent PostProcessEvent PostGlobalEndRun
    5 fileAction           pre-events       pre-events       PostProcessEvent

Severity    # Occurrences   Total Occurrences
--------    -------------   -----------------
Warning                91                  91
System                112                 112

dropped waiting message count 0
[2024-06-11 10:34:18.683883 +0200][Error  ][AsyncSock         ] [xrootd12.cmsaf.mit.edu:1094 #0.0] Socket error encountered: [ERROR] Invalid operation
[2024-06-11 10:34:18.684037 +0200][Error  ][XRootD            ] [xrootd12.cmsaf.mit.edu:1094] Impossible to send message kXR_close (handle: 0x00000000). Trying to recover.
[2024-06-11 10:34:18.684050 +0200][Error  ][XRootD            ] [xrootd12.cmsaf.mit.edu:1094] Unable to get the response to request kXR_close (handle: 0x00000000)
[2024-06-11 10:34:18.684070 +0200][Error  ][AsyncSock         ] [xrootd5.cmsaf.mit.edu:1094 #0.0] Socket error encountered: [ERROR] Invalid operation
[2024-06-11 10:34:18.684092 +0200][Error  ][XRootD            ] [xrootd5.cmsaf.mit.edu:1094] Impossible to send message kXR_close (handle: 0x00000000). Trying to recover.
[2024-06-11 10:34:18.684095 +0200][Error  ][XRootD            ] [xrootd5.cmsaf.mit.edu:1094] Unable to get the response to request kXR_close (handle: 0x00000000)
