11-Jun-2024 08:33:40 CEST  Initiating request to open file root://eoscms.cern.ch//eos/cms/store/mc/RunIISummer20UL16MiniAODv2/QCD_HT50to100_TuneCP5_PSWeights_13TeV-madgraph-pythia8/MINIAODSIM/106X_mcRun2_asymptotic_v17-v1/2520000/1A3DAE34-2B00-B14A-ACED-6C4F111ACE4E.root
%MSG-w XrdAdaptorInternal:  file_open 11-Jun-2024 08:33:41 CEST pre-events
Failed to open file at URL root://eoscms.cern.ch:1094//eos/cms/store/mc/RunIISummer20UL16MiniAODv2/QCD_HT50to100_TuneCP5_PSWeights_13TeV-madgraph-pythia8/MINIAODSIM/106X_mcRun2_asymptotic_v17-v1/2520000/1A3DAE34-2B00-B14A-ACED-6C4F111ACE4E.root.
%MSG
%MSG-w XrdAdaptorInternal:  file_open 11-Jun-2024 08:33:41 CEST pre-events
Failed to open file at URL root://eoscms.cern.ch:1094//eos/cms/store/mc/RunIISummer20UL16MiniAODv2/QCD_HT50to100_TuneCP5_PSWeights_13TeV-madgraph-pythia8/MINIAODSIM/106X_mcRun2_asymptotic_v17-v1/2520000/1A3DAE34-2B00-B14A-ACED-6C4F111ACE4E.root?tried=.
%MSG
11-Jun-2024 08:33:41 CEST  Fallback request to file root://xrootd-cms.infn.it//store/mc/RunIISummer20UL16MiniAODv2/QCD_HT50to100_TuneCP5_PSWeights_13TeV-madgraph-pythia8/MINIAODSIM/106X_mcRun2_asymptotic_v17-v1/2520000/1A3DAE34-2B00-B14A-ACED-6C4F111ACE4E.root
Unable to load sec.protocol plugin libXrdSecztn.so
%MSG-w XrdAdaptor:  file_open 11-Jun-2024 08:33:57 CEST pre-events
Data is served from fnal.gov instead of original site T2_IT_Pisa
%MSG
11-Jun-2024 08:34:01 CEST  Successfully opened file root://xrootd-cms.infn.it//store/mc/RunIISummer20UL16MiniAODv2/QCD_HT50to100_TuneCP5_PSWeights_13TeV-madgraph-pythia8/MINIAODSIM/106X_mcRun2_asymptotic_v17-v1/2520000/1A3DAE34-2B00-B14A-ACED-6C4F111ACE4E.root
Unable to load sec.protocol plugin libXrdSecztn.so
Begin processing the 1st record. Run 1, Event 1220031, LumiSection 306 on stream 0 at 11-Jun-2024 08:34:09.054 CEST
Begin processing the 100001st record. Run 1, Event 22366349, LumiSection 5592 on stream 0 at 11-Jun-2024 08:34:12.441 CEST
11-Jun-2024 08:34:12 CEST  Closed file root://xrootd-cms.infn.it//store/mc/RunIISummer20UL16MiniAODv2/QCD_HT50to100_TuneCP5_PSWeights_13TeV-madgraph-pythia8/MINIAODSIM/106X_mcRun2_asymptotic_v17-v1/2520000/1A3DAE34-2B00-B14A-ACED-6C4F111ACE4E.root
11-Jun-2024 08:34:12 CEST  Initiating request to open file root://eoscms.cern.ch//eos/cms/store/mc/RunIISummer20UL16MiniAODv2/QCD_HT50to100_TuneCP5_PSWeights_13TeV-madgraph-pythia8/MINIAODSIM/106X_mcRun2_asymptotic_v17-v1/2520000/95E8D068-7887-F648-855D-BAC09D73F593.root
%MSG-w XrdAdaptorInternal:  file_open 11-Jun-2024 08:34:13 CEST PostProcessEvent
Failed to open file at URL root://eoscms.cern.ch:1094//eos/cms/store/mc/RunIISummer20UL16MiniAODv2/QCD_HT50to100_TuneCP5_PSWeights_13TeV-madgraph-pythia8/MINIAODSIM/106X_mcRun2_asymptotic_v17-v1/2520000/95E8D068-7887-F648-855D-BAC09D73F593.root.
%MSG
%MSG-w XrdAdaptorInternal:  file_open 11-Jun-2024 08:34:13 CEST PostProcessEvent
Failed to open file at URL root://eoscms.cern.ch:1094//eos/cms/store/mc/RunIISummer20UL16MiniAODv2/QCD_HT50to100_TuneCP5_PSWeights_13TeV-madgraph-pythia8/MINIAODSIM/106X_mcRun2_asymptotic_v17-v1/2520000/95E8D068-7887-F648-855D-BAC09D73F593.root?tried=.
%MSG
11-Jun-2024 08:34:13 CEST  Fallback request to file root://xrootd-cms.infn.it//store/mc/RunIISummer20UL16MiniAODv2/QCD_HT50to100_TuneCP5_PSWeights_13TeV-madgraph-pythia8/MINIAODSIM/106X_mcRun2_asymptotic_v17-v1/2520000/95E8D068-7887-F648-855D-BAC09D73F593.root
%MSG-w XrdAdaptor:  file_open 11-Jun-2024 08:34:26 CEST PostProcessEvent
Data is served from fnal.gov instead of original site T2_IT_Pisa
%MSG
11-Jun-2024 08:34:27 CEST  Successfully opened file root://xrootd-cms.infn.it//store/mc/RunIISummer20UL16MiniAODv2/QCD_HT50to100_TuneCP5_PSWeights_13TeV-madgraph-pythia8/MINIAODSIM/106X_mcRun2_asymptotic_v17-v1/2520000/95E8D068-7887-F648-855D-BAC09D73F593.root
Unable to load sec.protocol plugin libXrdSecztn.so
Begin processing the 200001st record. Run 1, Event 26473261, LumiSection 6619 on stream 0 at 11-Jun-2024 08:34:37.059 CEST
11-Jun-2024 08:34:38 CEST  Closed file root://xrootd-cms.infn.it//store/mc/RunIISummer20UL16MiniAODv2/QCD_HT50to100_TuneCP5_PSWeights_13TeV-madgraph-pythia8/MINIAODSIM/106X_mcRun2_asymptotic_v17-v1/2520000/95E8D068-7887-F648-855D-BAC09D73F593.root
11-Jun-2024 08:34:38 CEST  Initiating request to open file root://eoscms.cern.ch//eos/cms/store/mc/RunIISummer20UL16MiniAODv2/QCD_HT50to100_TuneCP5_PSWeights_13TeV-madgraph-pythia8/MINIAODSIM/106X_mcRun2_asymptotic_v17-v1/2520000/6208ED3B-35DD-2847-A0E6-F5F681C7DD55.root
%MSG-w XrdAdaptorInternal:  file_open 11-Jun-2024 08:34:39 CEST PostProcessEvent
Failed to open file at URL root://eoscms.cern.ch:1094//eos/cms/store/mc/RunIISummer20UL16MiniAODv2/QCD_HT50to100_TuneCP5_PSWeights_13TeV-madgraph-pythia8/MINIAODSIM/106X_mcRun2_asymptotic_v17-v1/2520000/6208ED3B-35DD-2847-A0E6-F5F681C7DD55.root.
%MSG
%MSG-w XrdAdaptorInternal:  file_open 11-Jun-2024 08:34:39 CEST PostProcessEvent
Failed to open file at URL root://eoscms.cern.ch:1094//eos/cms/store/mc/RunIISummer20UL16MiniAODv2/QCD_HT50to100_TuneCP5_PSWeights_13TeV-madgraph-pythia8/MINIAODSIM/106X_mcRun2_asymptotic_v17-v1/2520000/6208ED3B-35DD-2847-A0E6-F5F681C7DD55.root?tried=.
%MSG
11-Jun-2024 08:34:39 CEST  Fallback request to file root://xrootd-cms.infn.it//store/mc/RunIISummer20UL16MiniAODv2/QCD_HT50to100_TuneCP5_PSWeights_13TeV-madgraph-pythia8/MINIAODSIM/106X_mcRun2_asymptotic_v17-v1/2520000/6208ED3B-35DD-2847-A0E6-F5F681C7DD55.root
%MSG-w XrdAdaptor:  file_open 11-Jun-2024 08:34:51 CEST PostProcessEvent
Data is served from fnal.gov instead of original site T2_IT_Pisa
%MSG
11-Jun-2024 08:34:52 CEST  Successfully opened file root://xrootd-cms.infn.it//store/mc/RunIISummer20UL16MiniAODv2/QCD_HT50to100_TuneCP5_PSWeights_13TeV-madgraph-pythia8/MINIAODSIM/106X_mcRun2_asymptotic_v17-v1/2520000/6208ED3B-35DD-2847-A0E6-F5F681C7DD55.root
Begin processing the 300001st record. Run 1, Event 4522898, LumiSection 1131 on stream 0 at 11-Jun-2024 08:35:00.195 CEST
11-Jun-2024 08:35:01 CEST  Closed file root://xrootd-cms.infn.it//store/mc/RunIISummer20UL16MiniAODv2/QCD_HT50to100_TuneCP5_PSWeights_13TeV-madgraph-pythia8/MINIAODSIM/106X_mcRun2_asymptotic_v17-v1/2520000/6208ED3B-35DD-2847-A0E6-F5F681C7DD55.root
11-Jun-2024 08:35:01 CEST  Initiating request to open file root://eoscms.cern.ch//eos/cms/store/mc/RunIISummer20UL16MiniAODv2/QCD_HT50to100_TuneCP5_PSWeights_13TeV-madgraph-pythia8/MINIAODSIM/106X_mcRun2_asymptotic_v17-v1/2520000/2A7614CA-94CB-8F40-9D80-A007290B4BC3.root
%MSG-w XrdAdaptorInternal:  file_open 11-Jun-2024 08:35:02 CEST PostProcessEvent
Failed to open file at URL root://eoscms.cern.ch:1094//eos/cms/store/mc/RunIISummer20UL16MiniAODv2/QCD_HT50to100_TuneCP5_PSWeights_13TeV-madgraph-pythia8/MINIAODSIM/106X_mcRun2_asymptotic_v17-v1/2520000/2A7614CA-94CB-8F40-9D80-A007290B4BC3.root.
%MSG
%MSG-w XrdAdaptorInternal:  file_open 11-Jun-2024 08:35:02 CEST PostProcessEvent
Failed to open file at URL root://eoscms.cern.ch:1094//eos/cms/store/mc/RunIISummer20UL16MiniAODv2/QCD_HT50to100_TuneCP5_PSWeights_13TeV-madgraph-pythia8/MINIAODSIM/106X_mcRun2_asymptotic_v17-v1/2520000/2A7614CA-94CB-8F40-9D80-A007290B4BC3.root?tried=.
%MSG
11-Jun-2024 08:35:02 CEST  Fallback request to file root://xrootd-cms.infn.it//store/mc/RunIISummer20UL16MiniAODv2/QCD_HT50to100_TuneCP5_PSWeights_13TeV-madgraph-pythia8/MINIAODSIM/106X_mcRun2_asymptotic_v17-v1/2520000/2A7614CA-94CB-8F40-9D80-A007290B4BC3.root
%MSG-w XrdAdaptor:  file_open 11-Jun-2024 08:35:15 CEST PostProcessEvent
Data is served from fnal.gov instead of original site T2_IT_Pisa
%MSG
11-Jun-2024 08:35:16 CEST  Successfully opened file root://xrootd-cms.infn.it//store/mc/RunIISummer20UL16MiniAODv2/QCD_HT50to100_TuneCP5_PSWeights_13TeV-madgraph-pythia8/MINIAODSIM/106X_mcRun2_asymptotic_v17-v1/2520000/2A7614CA-94CB-8F40-9D80-A007290B4BC3.root
Begin processing the 400001st record. Run 1, Event 34021639, LumiSection 8506 on stream 0 at 11-Jun-2024 08:35:23.686 CEST
11-Jun-2024 08:35:24 CEST  Closed file root://xrootd-cms.infn.it//store/mc/RunIISummer20UL16MiniAODv2/QCD_HT50to100_TuneCP5_PSWeights_13TeV-madgraph-pythia8/MINIAODSIM/106X_mcRun2_asymptotic_v17-v1/2520000/2A7614CA-94CB-8F40-9D80-A007290B4BC3.root
11-Jun-2024 08:35:24 CEST  Initiating request to open file root://eoscms.cern.ch//eos/cms/store/mc/RunIISummer20UL16MiniAODv2/QCD_HT50to100_TuneCP5_PSWeights_13TeV-madgraph-pythia8/MINIAODSIM/106X_mcRun2_asymptotic_v17-v1/2520000/D5B63F2E-072A-754B-90B2-7D67BC88C7F5.root
%MSG-w XrdAdaptorInternal:  file_open 11-Jun-2024 08:35:25 CEST PostProcessEvent
Failed to open file at URL root://eoscms.cern.ch:1094//eos/cms/store/mc/RunIISummer20UL16MiniAODv2/QCD_HT50to100_TuneCP5_PSWeights_13TeV-madgraph-pythia8/MINIAODSIM/106X_mcRun2_asymptotic_v17-v1/2520000/D5B63F2E-072A-754B-90B2-7D67BC88C7F5.root.
%MSG
%MSG-w XrdAdaptorInternal:  file_open 11-Jun-2024 08:35:25 CEST PostProcessEvent
Failed to open file at URL root://eoscms.cern.ch:1094//eos/cms/store/mc/RunIISummer20UL16MiniAODv2/QCD_HT50to100_TuneCP5_PSWeights_13TeV-madgraph-pythia8/MINIAODSIM/106X_mcRun2_asymptotic_v17-v1/2520000/D5B63F2E-072A-754B-90B2-7D67BC88C7F5.root?tried=.
%MSG
11-Jun-2024 08:35:25 CEST  Fallback request to file root://xrootd-cms.infn.it//store/mc/RunIISummer20UL16MiniAODv2/QCD_HT50to100_TuneCP5_PSWeights_13TeV-madgraph-pythia8/MINIAODSIM/106X_mcRun2_asymptotic_v17-v1/2520000/D5B63F2E-072A-754B-90B2-7D67BC88C7F5.root
%MSG-w XrdAdaptor:  file_open 11-Jun-2024 08:35:38 CEST PostProcessEvent
Data is served from fnal.gov instead of original site T2_IT_Pisa
%MSG
11-Jun-2024 08:35:39 CEST  Successfully opened file root://xrootd-cms.infn.it//store/mc/RunIISummer20UL16MiniAODv2/QCD_HT50to100_TuneCP5_PSWeights_13TeV-madgraph-pythia8/MINIAODSIM/106X_mcRun2_asymptotic_v17-v1/2520000/D5B63F2E-072A-754B-90B2-7D67BC88C7F5.root
Begin processing the 500001st record. Run 1, Event 23764001, LumiSection 5942 on stream 0 at 11-Jun-2024 08:35:50.788 CEST
11-Jun-2024 08:35:52 CEST  Closed file root://xrootd-cms.infn.it//store/mc/RunIISummer20UL16MiniAODv2/QCD_HT50to100_TuneCP5_PSWeights_13TeV-madgraph-pythia8/MINIAODSIM/106X_mcRun2_asymptotic_v17-v1/2520000/D5B63F2E-072A-754B-90B2-7D67BC88C7F5.root
11-Jun-2024 08:35:52 CEST  Initiating request to open file root://eoscms.cern.ch//eos/cms/store/mc/RunIISummer20UL16MiniAODv2/QCD_HT50to100_TuneCP5_PSWeights_13TeV-madgraph-pythia8/MINIAODSIM/106X_mcRun2_asymptotic_v17-v1/2520000/68D7F556-2856-3642-BBEF-7B9EFF402FE6.root
%MSG-w XrdAdaptorInternal:  file_open 11-Jun-2024 08:35:53 CEST PostProcessEvent
Failed to open file at URL root://eoscms.cern.ch:1094//eos/cms/store/mc/RunIISummer20UL16MiniAODv2/QCD_HT50to100_TuneCP5_PSWeights_13TeV-madgraph-pythia8/MINIAODSIM/106X_mcRun2_asymptotic_v17-v1/2520000/68D7F556-2856-3642-BBEF-7B9EFF402FE6.root.
%MSG
%MSG-w XrdAdaptorInternal:  file_open 11-Jun-2024 08:35:53 CEST PostProcessEvent
Failed to open file at URL root://eoscms.cern.ch:1094//eos/cms/store/mc/RunIISummer20UL16MiniAODv2/QCD_HT50to100_TuneCP5_PSWeights_13TeV-madgraph-pythia8/MINIAODSIM/106X_mcRun2_asymptotic_v17-v1/2520000/68D7F556-2856-3642-BBEF-7B9EFF402FE6.root?tried=.
%MSG
11-Jun-2024 08:35:53 CEST  Fallback request to file root://xrootd-cms.infn.it//store/mc/RunIISummer20UL16MiniAODv2/QCD_HT50to100_TuneCP5_PSWeights_13TeV-madgraph-pythia8/MINIAODSIM/106X_mcRun2_asymptotic_v17-v1/2520000/68D7F556-2856-3642-BBEF-7B9EFF402FE6.root
%MSG-w XrdAdaptor:  file_open 11-Jun-2024 08:36:05 CEST PostProcessEvent
Data is served from fnal.gov instead of original site T2_IT_Pisa
%MSG
11-Jun-2024 08:36:06 CEST  Successfully opened file root://xrootd-cms.infn.it//store/mc/RunIISummer20UL16MiniAODv2/QCD_HT50to100_TuneCP5_PSWeights_13TeV-madgraph-pythia8/MINIAODSIM/106X_mcRun2_asymptotic_v17-v1/2520000/68D7F556-2856-3642-BBEF-7B9EFF402FE6.root
Begin processing the 600001st record. Run 1, Event 44734486, LumiSection 11184 on stream 0 at 11-Jun-2024 08:36:13.324 CEST
11-Jun-2024 08:36:13 CEST  Closed file root://xrootd-cms.infn.it//store/mc/RunIISummer20UL16MiniAODv2/QCD_HT50to100_TuneCP5_PSWeights_13TeV-madgraph-pythia8/MINIAODSIM/106X_mcRun2_asymptotic_v17-v1/2520000/68D7F556-2856-3642-BBEF-7B9EFF402FE6.root
11-Jun-2024 08:36:13 CEST  Initiating request to open file root://eoscms.cern.ch//eos/cms/store/mc/RunIISummer20UL16MiniAODv2/QCD_HT50to100_TuneCP5_PSWeights_13TeV-madgraph-pythia8/MINIAODSIM/106X_mcRun2_asymptotic_v17-v1/2520000/EACA5674-1119-114E-B75B-C14A134EF09F.root
%MSG-w XrdAdaptorInternal:  file_open 11-Jun-2024 08:36:14 CEST PostProcessEvent
Failed to open file at URL root://eoscms.cern.ch:1094//eos/cms/store/mc/RunIISummer20UL16MiniAODv2/QCD_HT50to100_TuneCP5_PSWeights_13TeV-madgraph-pythia8/MINIAODSIM/106X_mcRun2_asymptotic_v17-v1/2520000/EACA5674-1119-114E-B75B-C14A134EF09F.root.
%MSG
%MSG-w XrdAdaptorInternal:  file_open 11-Jun-2024 08:36:14 CEST PostProcessEvent
Failed to open file at URL root://eoscms.cern.ch:1094//eos/cms/store/mc/RunIISummer20UL16MiniAODv2/QCD_HT50to100_TuneCP5_PSWeights_13TeV-madgraph-pythia8/MINIAODSIM/106X_mcRun2_asymptotic_v17-v1/2520000/EACA5674-1119-114E-B75B-C14A134EF09F.root?tried=.
%MSG
11-Jun-2024 08:36:14 CEST  Fallback request to file root://xrootd-cms.infn.it//store/mc/RunIISummer20UL16MiniAODv2/QCD_HT50to100_TuneCP5_PSWeights_13TeV-madgraph-pythia8/MINIAODSIM/106X_mcRun2_asymptotic_v17-v1/2520000/EACA5674-1119-114E-B75B-C14A134EF09F.root
%MSG-w XrdAdaptor:  file_open 11-Jun-2024 08:36:27 CEST PostProcessEvent
Data is served from fnal.gov instead of original site T2_IT_Pisa
%MSG
11-Jun-2024 08:36:28 CEST  Successfully opened file root://xrootd-cms.infn.it//store/mc/RunIISummer20UL16MiniAODv2/QCD_HT50to100_TuneCP5_PSWeights_13TeV-madgraph-pythia8/MINIAODSIM/106X_mcRun2_asymptotic_v17-v1/2520000/EACA5674-1119-114E-B75B-C14A134EF09F.root
Begin processing the 700001st record. Run 1, Event 44645645, LumiSection 11162 on stream 0 at 11-Jun-2024 08:36:37.149 CEST
11-Jun-2024 08:36:37 CEST  Closed file root://xrootd-cms.infn.it//store/mc/RunIISummer20UL16MiniAODv2/QCD_HT50to100_TuneCP5_PSWeights_13TeV-madgraph-pythia8/MINIAODSIM/106X_mcRun2_asymptotic_v17-v1/2520000/EACA5674-1119-114E-B75B-C14A134EF09F.root
11-Jun-2024 08:36:37 CEST  Initiating request to open file root://eoscms.cern.ch//eos/cms/store/mc/RunIISummer20UL16MiniAODv2/QCD_HT50to100_TuneCP5_PSWeights_13TeV-madgraph-pythia8/MINIAODSIM/106X_mcRun2_asymptotic_v17-v1/2520000/FB680289-DBC6-3B4D-B2C5-396572142424.root
%MSG-w XrdAdaptorInternal:  file_open 11-Jun-2024 08:36:38 CEST PostProcessEvent
Failed to open file at URL root://eoscms.cern.ch:1094//eos/cms/store/mc/RunIISummer20UL16MiniAODv2/QCD_HT50to100_TuneCP5_PSWeights_13TeV-madgraph-pythia8/MINIAODSIM/106X_mcRun2_asymptotic_v17-v1/2520000/FB680289-DBC6-3B4D-B2C5-396572142424.root.
%MSG
%MSG-w XrdAdaptorInternal:  file_open 11-Jun-2024 08:36:38 CEST PostProcessEvent
Failed to open file at URL root://eoscms.cern.ch:1094//eos/cms/store/mc/RunIISummer20UL16MiniAODv2/QCD_HT50to100_TuneCP5_PSWeights_13TeV-madgraph-pythia8/MINIAODSIM/106X_mcRun2_asymptotic_v17-v1/2520000/FB680289-DBC6-3B4D-B2C5-396572142424.root?tried=.
%MSG
11-Jun-2024 08:36:38 CEST  Fallback request to file root://xrootd-cms.infn.it//store/mc/RunIISummer20UL16MiniAODv2/QCD_HT50to100_TuneCP5_PSWeights_13TeV-madgraph-pythia8/MINIAODSIM/106X_mcRun2_asymptotic_v17-v1/2520000/FB680289-DBC6-3B4D-B2C5-396572142424.root
%MSG-w XrdAdaptor:  file_open 11-Jun-2024 08:36:51 CEST PostProcessEvent
Data is served from fnal.gov instead of original site T2_IT_Pisa
%MSG
11-Jun-2024 08:36:52 CEST  Successfully opened file root://xrootd-cms.infn.it//store/mc/RunIISummer20UL16MiniAODv2/QCD_HT50to100_TuneCP5_PSWeights_13TeV-madgraph-pythia8/MINIAODSIM/106X_mcRun2_asymptotic_v17-v1/2520000/FB680289-DBC6-3B4D-B2C5-396572142424.root
11-Jun-2024 08:37:00 CEST  Closed file root://xrootd-cms.infn.it//store/mc/RunIISummer20UL16MiniAODv2/QCD_HT50to100_TuneCP5_PSWeights_13TeV-madgraph-pythia8/MINIAODSIM/106X_mcRun2_asymptotic_v17-v1/2520000/FB680289-DBC6-3B4D-B2C5-396572142424.root
11-Jun-2024 08:37:00 CEST  Initiating request to open file root://eoscms.cern.ch//eos/cms/store/mc/RunIISummer20UL16MiniAODv2/QCD_HT50to100_TuneCP5_PSWeights_13TeV-madgraph-pythia8/MINIAODSIM/106X_mcRun2_asymptotic_v17-v1/260000/0B605142-C7FD-4744-B77E-A3A93AC94BC7.root
%MSG-w XrdAdaptorInternal:  file_open 11-Jun-2024 08:37:01 CEST PostProcessEvent
Failed to open file at URL root://eoscms.cern.ch:1094//eos/cms/store/mc/RunIISummer20UL16MiniAODv2/QCD_HT50to100_TuneCP5_PSWeights_13TeV-madgraph-pythia8/MINIAODSIM/106X_mcRun2_asymptotic_v17-v1/260000/0B605142-C7FD-4744-B77E-A3A93AC94BC7.root.
%MSG
%MSG-w XrdAdaptorInternal:  file_open 11-Jun-2024 08:37:01 CEST PostProcessEvent
Failed to open file at URL root://eoscms.cern.ch:1094//eos/cms/store/mc/RunIISummer20UL16MiniAODv2/QCD_HT50to100_TuneCP5_PSWeights_13TeV-madgraph-pythia8/MINIAODSIM/106X_mcRun2_asymptotic_v17-v1/260000/0B605142-C7FD-4744-B77E-A3A93AC94BC7.root?tried=.
%MSG
11-Jun-2024 08:37:02 CEST  Fallback request to file root://xrootd-cms.infn.it//store/mc/RunIISummer20UL16MiniAODv2/QCD_HT50to100_TuneCP5_PSWeights_13TeV-madgraph-pythia8/MINIAODSIM/106X_mcRun2_asymptotic_v17-v1/260000/0B605142-C7FD-4744-B77E-A3A93AC94BC7.root
%MSG-w XrdAdaptor:  file_open 11-Jun-2024 08:37:14 CEST PostProcessEvent
Data is served from fnal.gov instead of original site T2_IT_Pisa
%MSG
11-Jun-2024 08:37:15 CEST  Successfully opened file root://xrootd-cms.infn.it//store/mc/RunIISummer20UL16MiniAODv2/QCD_HT50to100_TuneCP5_PSWeights_13TeV-madgraph-pythia8/MINIAODSIM/106X_mcRun2_asymptotic_v17-v1/260000/0B605142-C7FD-4744-B77E-A3A93AC94BC7.root
Begin processing the 800001st record. Run 1, Event 32445329, LumiSection 8112 on stream 0 at 11-Jun-2024 08:37:22.287 CEST
11-Jun-2024 08:37:24 CEST  Closed file root://xrootd-cms.infn.it//store/mc/RunIISummer20UL16MiniAODv2/QCD_HT50to100_TuneCP5_PSWeights_13TeV-madgraph-pythia8/MINIAODSIM/106X_mcRun2_asymptotic_v17-v1/260000/0B605142-C7FD-4744-B77E-A3A93AC94BC7.root
11-Jun-2024 08:37:24 CEST  Initiating request to open file root://eoscms.cern.ch//eos/cms/store/mc/RunIISummer20UL16MiniAODv2/QCD_HT50to100_TuneCP5_PSWeights_13TeV-madgraph-pythia8/MINIAODSIM/106X_mcRun2_asymptotic_v17-v1/260000/2769523C-0C4D-7D49-859D-577AA32A296B.root
%MSG-w XrdAdaptorInternal:  file_open 11-Jun-2024 08:37:25 CEST PostProcessEvent
Failed to open file at URL root://eoscms.cern.ch:1094//eos/cms/store/mc/RunIISummer20UL16MiniAODv2/QCD_HT50to100_TuneCP5_PSWeights_13TeV-madgraph-pythia8/MINIAODSIM/106X_mcRun2_asymptotic_v17-v1/260000/2769523C-0C4D-7D49-859D-577AA32A296B.root.
%MSG
%MSG-w XrdAdaptorInternal:  file_open 11-Jun-2024 08:37:25 CEST PostProcessEvent
Failed to open file at URL root://eoscms.cern.ch:1094//eos/cms/store/mc/RunIISummer20UL16MiniAODv2/QCD_HT50to100_TuneCP5_PSWeights_13TeV-madgraph-pythia8/MINIAODSIM/106X_mcRun2_asymptotic_v17-v1/260000/2769523C-0C4D-7D49-859D-577AA32A296B.root?tried=.
%MSG
11-Jun-2024 08:37:25 CEST  Fallback request to file root://xrootd-cms.infn.it//store/mc/RunIISummer20UL16MiniAODv2/QCD_HT50to100_TuneCP5_PSWeights_13TeV-madgraph-pythia8/MINIAODSIM/106X_mcRun2_asymptotic_v17-v1/260000/2769523C-0C4D-7D49-859D-577AA32A296B.root
%MSG-w XrdAdaptor:  file_open 11-Jun-2024 08:37:38 CEST PostProcessEvent
Data is served from fnal.gov instead of original site T2_IT_Pisa
%MSG
11-Jun-2024 08:37:39 CEST  Successfully opened file root://xrootd-cms.infn.it//store/mc/RunIISummer20UL16MiniAODv2/QCD_HT50to100_TuneCP5_PSWeights_13TeV-madgraph-pythia8/MINIAODSIM/106X_mcRun2_asymptotic_v17-v1/260000/2769523C-0C4D-7D49-859D-577AA32A296B.root
Begin processing the 900001st record. Run 1, Event 18828996, LumiSection 4708 on stream 0 at 11-Jun-2024 08:37:46.645 CEST
11-Jun-2024 08:37:48 CEST  Closed file root://xrootd-cms.infn.it//store/mc/RunIISummer20UL16MiniAODv2/QCD_HT50to100_TuneCP5_PSWeights_13TeV-madgraph-pythia8/MINIAODSIM/106X_mcRun2_asymptotic_v17-v1/260000/2769523C-0C4D-7D49-859D-577AA32A296B.root
11-Jun-2024 08:37:48 CEST  Initiating request to open file root://eoscms.cern.ch//eos/cms/store/mc/RunIISummer20UL16MiniAODv2/QCD_HT50to100_TuneCP5_PSWeights_13TeV-madgraph-pythia8/MINIAODSIM/106X_mcRun2_asymptotic_v17-v1/260000/B63D7243-1EA4-1C4A-9F1C-770B21A24FDD.root
%MSG-w XrdAdaptorInternal:  file_open 11-Jun-2024 08:37:49 CEST PostProcessEvent
Failed to open file at URL root://eoscms.cern.ch:1094//eos/cms/store/mc/RunIISummer20UL16MiniAODv2/QCD_HT50to100_TuneCP5_PSWeights_13TeV-madgraph-pythia8/MINIAODSIM/106X_mcRun2_asymptotic_v17-v1/260000/B63D7243-1EA4-1C4A-9F1C-770B21A24FDD.root.
%MSG
%MSG-w XrdAdaptorInternal:  file_open 11-Jun-2024 08:37:49 CEST PostProcessEvent
Failed to open file at URL root://eoscms.cern.ch:1094//eos/cms/store/mc/RunIISummer20UL16MiniAODv2/QCD_HT50to100_TuneCP5_PSWeights_13TeV-madgraph-pythia8/MINIAODSIM/106X_mcRun2_asymptotic_v17-v1/260000/B63D7243-1EA4-1C4A-9F1C-770B21A24FDD.root?tried=.
%MSG
11-Jun-2024 08:37:49 CEST  Fallback request to file root://xrootd-cms.infn.it//store/mc/RunIISummer20UL16MiniAODv2/QCD_HT50to100_TuneCP5_PSWeights_13TeV-madgraph-pythia8/MINIAODSIM/106X_mcRun2_asymptotic_v17-v1/260000/B63D7243-1EA4-1C4A-9F1C-770B21A24FDD.root
%MSG-w XrdAdaptor:  file_open 11-Jun-2024 08:38:02 CEST PostProcessEvent
Data is served from fnal.gov instead of original site T2_IT_Pisa
%MSG
11-Jun-2024 08:38:03 CEST  Successfully opened file root://xrootd-cms.infn.it//store/mc/RunIISummer20UL16MiniAODv2/QCD_HT50to100_TuneCP5_PSWeights_13TeV-madgraph-pythia8/MINIAODSIM/106X_mcRun2_asymptotic_v17-v1/260000/B63D7243-1EA4-1C4A-9F1C-770B21A24FDD.root
396704300.0000002874341.000000 190910.800000             1
216877600.0000001726357.000000 190910.800000             0
150061100.0000001284709.000000 190910.800000             2
 
11-Jun-2024 08:38:10 CEST  Closed file root://xrootd-cms.infn.it//store/mc/RunIISummer20UL16MiniAODv2/QCD_HT50to100_TuneCP5_PSWeights_13TeV-madgraph-pythia8/MINIAODSIM/106X_mcRun2_asymptotic_v17-v1/260000/B63D7243-1EA4-1C4A-9F1C-770B21A24FDD.root

------------------------------------
GenXsecAnalyzer:
------------------------------------
-------------------------------------------------------------------------------------------------------------------------------------------------------------------------- 
Overall cross-section summary 
--------------------------------------------------------------------------------------------------------------------------------------------------------------------------
Process		xsec_before [pb]		passed	nposw	nnegw	tried	nposw	nnegw 	xsec_match [pb]			accepted [%]	 event_eff [%]
0		2.193e+08 +/- 5.407e+04		533094	533094	0	1187348	1187348	0	9.848e+07 +/- 1.030e+05		44.9 +/- 0.0	44.9 +/- 0.0
1		3.938e+08 +/- 8.559e+04		404505	404505	0	2117293	2117293	0	7.523e+07 +/- 1.076e+05		19.1 +/- 0.0	19.1 +/- 0.0
2		1.500e+08 +/- 3.820e+04		63194	63194	0	803359	803359	0	1.180e+07 +/- 4.514e+04		7.9 +/- 0.0	7.9 +/- 0.0
-------------------------------------------------------------------------------------------------------------------------------------------------------------------------- 
Total		7.631e+08 +/- 1.082e+05		1000793	1000793	0	4108000	4108000	0	1.859e+08 +/- 1.637e+05		24.4 +/- 0.0	24.4 +/- 0.0
--------------------------------------------------------------------------------------------------------------------------------------------------------------------------
Before matching: total cross section = 7.631e+08 +- 1.082e+05 pb
After matching: total cross section = 1.859e+08 +- 1.637e+05 pb
Matching efficiency = 0.2 +/- 0.0   [TO BE USED IN MCM]
Filter efficiency (taking into account weights)= (1.00079e+06) / (1.00079e+06) = 1.000e+00 +- 0.000e+00
Filter efficiency (event-level)= (1.00079e+06) / (1.00079e+06) = 1.000e+00 +- 0.000e+00    [TO BE USED IN MCM]

After filter: final cross section = 1.859e+08 +- 1.637e+05 pb
After filter: final fraction of events with negative weights = 0.000e+00 +- 0.000e+00
After filter: final equivalent lumi for 1M events (1/fb) = 5.379e-06 +- 7.169e-09

=============================================

MessageLogger Summary

 type     category        sev    module        subroutine        count    total
 ---- -------------------- -- ---------------- ----------------  -----    -----
    1 GenXSecAnalyzer      -w GenXSecAnalyzer:                      17       17
    2 XrdAdaptor           -w file_open                             11       11
    3 XrdAdaptorInternal   -w file_open                             22       22
    4 fileAction           -s file_close                            11       11
    5 fileAction           -s file_open                             33       33

 type    category    Examples: run/evt        run/evt          run/evt
 ---- -------------------- ---------------- ---------------- ----------------
    1 GenXSecAnalyzer      PostGlobalEndRun PostGlobalEndRun PostGlobalEndRun
    2 XrdAdaptor           pre-events       PostProcessEvent PostProcessEvent
    3 XrdAdaptorInternal   pre-events       pre-events       PostProcessEvent
    4 fileAction           PostProcessEvent PostProcessEvent PostGlobalEndRun
    5 fileAction           pre-events       pre-events       PostProcessEvent

Severity    # Occurrences   Total Occurrences
--------    -------------   -----------------
Warning                50                  50
System                 44                  44

dropped waiting message count 0
