11-Jun-2024 09:22:15 CEST  Initiating request to open file root://eoscms.cern.ch//eos/cms/store/mc/RunIISummer20UL16MiniAODv2/QCD_HT1500to2000_TuneCP5_PSWeights_13TeV-madgraph-pythia8/MINIAODSIM/106X_mcRun2_asymptotic_v17-v1/2530000/AB1F4441-8FD7-F447-B71B-4B848CE9D12E.root
%MSG-w XrdAdaptorInternal:  file_open 11-Jun-2024 09:22:16 CEST pre-events
Failed to open file at URL root://eoscms.cern.ch:1094//eos/cms/store/mc/RunIISummer20UL16MiniAODv2/QCD_HT1500to2000_TuneCP5_PSWeights_13TeV-madgraph-pythia8/MINIAODSIM/106X_mcRun2_asymptotic_v17-v1/2530000/AB1F4441-8FD7-F447-B71B-4B848CE9D12E.root.
%MSG
%MSG-w XrdAdaptorInternal:  file_open 11-Jun-2024 09:22:16 CEST pre-events
Failed to open file at URL root://eoscms.cern.ch:1094//eos/cms/store/mc/RunIISummer20UL16MiniAODv2/QCD_HT1500to2000_TuneCP5_PSWeights_13TeV-madgraph-pythia8/MINIAODSIM/106X_mcRun2_asymptotic_v17-v1/2530000/AB1F4441-8FD7-F447-B71B-4B848CE9D12E.root?tried=.
%MSG
11-Jun-2024 09:22:16 CEST  Fallback request to file root://xrootd-cms.infn.it//store/mc/RunIISummer20UL16MiniAODv2/QCD_HT1500to2000_TuneCP5_PSWeights_13TeV-madgraph-pythia8/MINIAODSIM/106X_mcRun2_asymptotic_v17-v1/2530000/AB1F4441-8FD7-F447-B71B-4B848CE9D12E.root
%MSG-w XrdAdaptor:  file_open 11-Jun-2024 09:22:34 CEST pre-events
Data is served from cms.rcac.purdue.edu instead of original site infn.it
%MSG
11-Jun-2024 09:22:38 CEST  Successfully opened file root://xrootd-cms.infn.it//store/mc/RunIISummer20UL16MiniAODv2/QCD_HT1500to2000_TuneCP5_PSWeights_13TeV-madgraph-pythia8/MINIAODSIM/106X_mcRun2_asymptotic_v17-v1/2530000/AB1F4441-8FD7-F447-B71B-4B848CE9D12E.root
Begin processing the 1st record. Run 1, Event 3425839, LumiSection 373 on stream 0 at 11-Jun-2024 09:22:43.949 CEST
11-Jun-2024 09:22:44 CEST  Closed file root://xrootd-cms.infn.it//store/mc/RunIISummer20UL16MiniAODv2/QCD_HT1500to2000_TuneCP5_PSWeights_13TeV-madgraph-pythia8/MINIAODSIM/106X_mcRun2_asymptotic_v17-v1/2530000/AB1F4441-8FD7-F447-B71B-4B848CE9D12E.root
11-Jun-2024 09:22:44 CEST  Initiating request to open file root://eoscms.cern.ch//eos/cms/store/mc/RunIISummer20UL16MiniAODv2/QCD_HT1500to2000_TuneCP5_PSWeights_13TeV-madgraph-pythia8/MINIAODSIM/106X_mcRun2_asymptotic_v17-v1/260000/DCAEA804-2B2C-B543-A3BC-D81022606F0D.root
%MSG-w XrdAdaptorInternal:  file_open 11-Jun-2024 09:22:45 CEST PostProcessEvent
Failed to open file at URL root://eoscms.cern.ch:1094//eos/cms/store/mc/RunIISummer20UL16MiniAODv2/QCD_HT1500to2000_TuneCP5_PSWeights_13TeV-madgraph-pythia8/MINIAODSIM/106X_mcRun2_asymptotic_v17-v1/260000/DCAEA804-2B2C-B543-A3BC-D81022606F0D.root.
%MSG
%MSG-w XrdAdaptorInternal:  file_open 11-Jun-2024 09:22:45 CEST PostProcessEvent
Failed to open file at URL root://eoscms.cern.ch:1094//eos/cms/store/mc/RunIISummer20UL16MiniAODv2/QCD_HT1500to2000_TuneCP5_PSWeights_13TeV-madgraph-pythia8/MINIAODSIM/106X_mcRun2_asymptotic_v17-v1/260000/DCAEA804-2B2C-B543-A3BC-D81022606F0D.root?tried=.
%MSG
11-Jun-2024 09:22:45 CEST  Fallback request to file root://xrootd-cms.infn.it//store/mc/RunIISummer20UL16MiniAODv2/QCD_HT1500to2000_TuneCP5_PSWeights_13TeV-madgraph-pythia8/MINIAODSIM/106X_mcRun2_asymptotic_v17-v1/260000/DCAEA804-2B2C-B543-A3BC-D81022606F0D.root
%MSG-w XrdAdaptor:  file_open 11-Jun-2024 09:22:59 CEST PostProcessEvent
Data is served from cms.rcac.purdue.edu instead of original site infn.it
%MSG
11-Jun-2024 09:23:00 CEST  Successfully opened file root://xrootd-cms.infn.it//store/mc/RunIISummer20UL16MiniAODv2/QCD_HT1500to2000_TuneCP5_PSWeights_13TeV-madgraph-pythia8/MINIAODSIM/106X_mcRun2_asymptotic_v17-v1/260000/DCAEA804-2B2C-B543-A3BC-D81022606F0D.root
11-Jun-2024 09:23:06 CEST  Closed file root://xrootd-cms.infn.it//store/mc/RunIISummer20UL16MiniAODv2/QCD_HT1500to2000_TuneCP5_PSWeights_13TeV-madgraph-pythia8/MINIAODSIM/106X_mcRun2_asymptotic_v17-v1/260000/DCAEA804-2B2C-B543-A3BC-D81022606F0D.root
11-Jun-2024 09:23:06 CEST  Initiating request to open file root://eoscms.cern.ch//eos/cms/store/mc/RunIISummer20UL16MiniAODv2/QCD_HT1500to2000_TuneCP5_PSWeights_13TeV-madgraph-pythia8/MINIAODSIM/106X_mcRun2_asymptotic_v17-v1/260000/4AB9EB63-208B-604A-9BB6-FB0E400081DC.root
%MSG-w XrdAdaptorInternal:  file_open 11-Jun-2024 09:23:07 CEST PostProcessEvent
Failed to open file at URL root://eoscms.cern.ch:1094//eos/cms/store/mc/RunIISummer20UL16MiniAODv2/QCD_HT1500to2000_TuneCP5_PSWeights_13TeV-madgraph-pythia8/MINIAODSIM/106X_mcRun2_asymptotic_v17-v1/260000/4AB9EB63-208B-604A-9BB6-FB0E400081DC.root.
%MSG
%MSG-w XrdAdaptorInternal:  file_open 11-Jun-2024 09:23:07 CEST PostProcessEvent
Failed to open file at URL root://eoscms.cern.ch:1094//eos/cms/store/mc/RunIISummer20UL16MiniAODv2/QCD_HT1500to2000_TuneCP5_PSWeights_13TeV-madgraph-pythia8/MINIAODSIM/106X_mcRun2_asymptotic_v17-v1/260000/4AB9EB63-208B-604A-9BB6-FB0E400081DC.root?tried=.
%MSG
11-Jun-2024 09:23:07 CEST  Fallback request to file root://xrootd-cms.infn.it//store/mc/RunIISummer20UL16MiniAODv2/QCD_HT1500to2000_TuneCP5_PSWeights_13TeV-madgraph-pythia8/MINIAODSIM/106X_mcRun2_asymptotic_v17-v1/260000/4AB9EB63-208B-604A-9BB6-FB0E400081DC.root
%MSG-w XrdAdaptor:  file_open 11-Jun-2024 09:23:20 CEST PostProcessEvent
Data is served from cms.rcac.purdue.edu instead of original site infn.it
%MSG
11-Jun-2024 09:23:21 CEST  Successfully opened file root://xrootd-cms.infn.it//store/mc/RunIISummer20UL16MiniAODv2/QCD_HT1500to2000_TuneCP5_PSWeights_13TeV-madgraph-pythia8/MINIAODSIM/106X_mcRun2_asymptotic_v17-v1/260000/4AB9EB63-208B-604A-9BB6-FB0E400081DC.root
11-Jun-2024 09:23:30 CEST  Closed file root://xrootd-cms.infn.it//store/mc/RunIISummer20UL16MiniAODv2/QCD_HT1500to2000_TuneCP5_PSWeights_13TeV-madgraph-pythia8/MINIAODSIM/106X_mcRun2_asymptotic_v17-v1/260000/4AB9EB63-208B-604A-9BB6-FB0E400081DC.root
11-Jun-2024 09:23:30 CEST  Initiating request to open file root://eoscms.cern.ch//eos/cms/store/mc/RunIISummer20UL16MiniAODv2/QCD_HT1500to2000_TuneCP5_PSWeights_13TeV-madgraph-pythia8/MINIAODSIM/106X_mcRun2_asymptotic_v17-v1/260000/DFA45A85-447A-BF49-96BE-75B7B3119944.root
%MSG-w XrdAdaptorInternal:  file_open 11-Jun-2024 09:23:31 CEST PostProcessEvent
Failed to open file at URL root://eoscms.cern.ch:1094//eos/cms/store/mc/RunIISummer20UL16MiniAODv2/QCD_HT1500to2000_TuneCP5_PSWeights_13TeV-madgraph-pythia8/MINIAODSIM/106X_mcRun2_asymptotic_v17-v1/260000/DFA45A85-447A-BF49-96BE-75B7B3119944.root.
%MSG
%MSG-w XrdAdaptorInternal:  file_open 11-Jun-2024 09:23:31 CEST PostProcessEvent
Failed to open file at URL root://eoscms.cern.ch:1094//eos/cms/store/mc/RunIISummer20UL16MiniAODv2/QCD_HT1500to2000_TuneCP5_PSWeights_13TeV-madgraph-pythia8/MINIAODSIM/106X_mcRun2_asymptotic_v17-v1/260000/DFA45A85-447A-BF49-96BE-75B7B3119944.root?tried=.
%MSG
11-Jun-2024 09:23:31 CEST  Fallback request to file root://xrootd-cms.infn.it//store/mc/RunIISummer20UL16MiniAODv2/QCD_HT1500to2000_TuneCP5_PSWeights_13TeV-madgraph-pythia8/MINIAODSIM/106X_mcRun2_asymptotic_v17-v1/260000/DFA45A85-447A-BF49-96BE-75B7B3119944.root
%MSG-w XrdAdaptor:  file_open 11-Jun-2024 09:23:45 CEST PostProcessEvent
Data is served from cms.rcac.purdue.edu instead of original site infn.it
%MSG
11-Jun-2024 09:23:46 CEST  Successfully opened file root://xrootd-cms.infn.it//store/mc/RunIISummer20UL16MiniAODv2/QCD_HT1500to2000_TuneCP5_PSWeights_13TeV-madgraph-pythia8/MINIAODSIM/106X_mcRun2_asymptotic_v17-v1/260000/DFA45A85-447A-BF49-96BE-75B7B3119944.root
Begin processing the 100001st record. Run 1, Event 15650985, LumiSection 1700 on stream 0 at 11-Jun-2024 09:23:55.368 CEST
11-Jun-2024 09:23:56 CEST  Closed file root://xrootd-cms.infn.it//store/mc/RunIISummer20UL16MiniAODv2/QCD_HT1500to2000_TuneCP5_PSWeights_13TeV-madgraph-pythia8/MINIAODSIM/106X_mcRun2_asymptotic_v17-v1/260000/DFA45A85-447A-BF49-96BE-75B7B3119944.root
11-Jun-2024 09:23:56 CEST  Initiating request to open file root://eoscms.cern.ch//eos/cms/store/mc/RunIISummer20UL16MiniAODv2/QCD_HT1500to2000_TuneCP5_PSWeights_13TeV-madgraph-pythia8/MINIAODSIM/106X_mcRun2_asymptotic_v17-v1/260000/36818396-FDF1-AA4D-91BE-F87779A4248E.root
%MSG-w XrdAdaptorInternal:  file_open 11-Jun-2024 09:23:57 CEST PostProcessEvent
Failed to open file at URL root://eoscms.cern.ch:1094//eos/cms/store/mc/RunIISummer20UL16MiniAODv2/QCD_HT1500to2000_TuneCP5_PSWeights_13TeV-madgraph-pythia8/MINIAODSIM/106X_mcRun2_asymptotic_v17-v1/260000/36818396-FDF1-AA4D-91BE-F87779A4248E.root.
%MSG
%MSG-w XrdAdaptorInternal:  file_open 11-Jun-2024 09:23:57 CEST PostProcessEvent
Failed to open file at URL root://eoscms.cern.ch:1094//eos/cms/store/mc/RunIISummer20UL16MiniAODv2/QCD_HT1500to2000_TuneCP5_PSWeights_13TeV-madgraph-pythia8/MINIAODSIM/106X_mcRun2_asymptotic_v17-v1/260000/36818396-FDF1-AA4D-91BE-F87779A4248E.root?tried=.
%MSG
11-Jun-2024 09:23:57 CEST  Fallback request to file root://xrootd-cms.infn.it//store/mc/RunIISummer20UL16MiniAODv2/QCD_HT1500to2000_TuneCP5_PSWeights_13TeV-madgraph-pythia8/MINIAODSIM/106X_mcRun2_asymptotic_v17-v1/260000/36818396-FDF1-AA4D-91BE-F87779A4248E.root
%MSG-w XrdAdaptor:  file_open 11-Jun-2024 09:24:12 CEST PostProcessEvent
Data is served from cms.rcac.purdue.edu instead of original site infn.it
%MSG
11-Jun-2024 09:24:13 CEST  Successfully opened file root://xrootd-cms.infn.it//store/mc/RunIISummer20UL16MiniAODv2/QCD_HT1500to2000_TuneCP5_PSWeights_13TeV-madgraph-pythia8/MINIAODSIM/106X_mcRun2_asymptotic_v17-v1/260000/36818396-FDF1-AA4D-91BE-F87779A4248E.root
11-Jun-2024 09:24:19 CEST  Closed file root://xrootd-cms.infn.it//store/mc/RunIISummer20UL16MiniAODv2/QCD_HT1500to2000_TuneCP5_PSWeights_13TeV-madgraph-pythia8/MINIAODSIM/106X_mcRun2_asymptotic_v17-v1/260000/36818396-FDF1-AA4D-91BE-F87779A4248E.root
11-Jun-2024 09:24:19 CEST  Initiating request to open file root://eoscms.cern.ch//eos/cms/store/mc/RunIISummer20UL16MiniAODv2/QCD_HT1500to2000_TuneCP5_PSWeights_13TeV-madgraph-pythia8/MINIAODSIM/106X_mcRun2_asymptotic_v17-v1/260000/EB0F9DB2-2F0E-1D45-8B0C-D23084F23933.root
%MSG-w XrdAdaptorInternal:  file_open 11-Jun-2024 09:24:20 CEST PostProcessEvent
Failed to open file at URL root://eoscms.cern.ch:1094//eos/cms/store/mc/RunIISummer20UL16MiniAODv2/QCD_HT1500to2000_TuneCP5_PSWeights_13TeV-madgraph-pythia8/MINIAODSIM/106X_mcRun2_asymptotic_v17-v1/260000/EB0F9DB2-2F0E-1D45-8B0C-D23084F23933.root.
%MSG
%MSG-w XrdAdaptorInternal:  file_open 11-Jun-2024 09:24:20 CEST PostProcessEvent
Failed to open file at URL root://eoscms.cern.ch:1094//eos/cms/store/mc/RunIISummer20UL16MiniAODv2/QCD_HT1500to2000_TuneCP5_PSWeights_13TeV-madgraph-pythia8/MINIAODSIM/106X_mcRun2_asymptotic_v17-v1/260000/EB0F9DB2-2F0E-1D45-8B0C-D23084F23933.root?tried=.
%MSG
11-Jun-2024 09:24:20 CEST  Fallback request to file root://xrootd-cms.infn.it//store/mc/RunIISummer20UL16MiniAODv2/QCD_HT1500to2000_TuneCP5_PSWeights_13TeV-madgraph-pythia8/MINIAODSIM/106X_mcRun2_asymptotic_v17-v1/260000/EB0F9DB2-2F0E-1D45-8B0C-D23084F23933.root
%MSG-w XrdAdaptor:  file_open 11-Jun-2024 09:24:35 CEST PostProcessEvent
Data is served from cms.rcac.purdue.edu instead of original site infn.it
%MSG
11-Jun-2024 09:24:36 CEST  Successfully opened file root://xrootd-cms.infn.it//store/mc/RunIISummer20UL16MiniAODv2/QCD_HT1500to2000_TuneCP5_PSWeights_13TeV-madgraph-pythia8/MINIAODSIM/106X_mcRun2_asymptotic_v17-v1/260000/EB0F9DB2-2F0E-1D45-8B0C-D23084F23933.root
Begin processing the 200001st record. Run 1, Event 23976382, LumiSection 2604 on stream 0 at 11-Jun-2024 09:24:42.353 CEST
11-Jun-2024 09:24:43 CEST  Closed file root://xrootd-cms.infn.it//store/mc/RunIISummer20UL16MiniAODv2/QCD_HT1500to2000_TuneCP5_PSWeights_13TeV-madgraph-pythia8/MINIAODSIM/106X_mcRun2_asymptotic_v17-v1/260000/EB0F9DB2-2F0E-1D45-8B0C-D23084F23933.root
11-Jun-2024 09:24:43 CEST  Initiating request to open file root://eoscms.cern.ch//eos/cms/store/mc/RunIISummer20UL16MiniAODv2/QCD_HT1500to2000_TuneCP5_PSWeights_13TeV-madgraph-pythia8/MINIAODSIM/106X_mcRun2_asymptotic_v17-v1/260000/AD52EF8A-B974-3742-812B-C4C4A4375D02.root
%MSG-w XrdAdaptorInternal:  file_open 11-Jun-2024 09:24:44 CEST PostProcessEvent
Failed to open file at URL root://eoscms.cern.ch:1094//eos/cms/store/mc/RunIISummer20UL16MiniAODv2/QCD_HT1500to2000_TuneCP5_PSWeights_13TeV-madgraph-pythia8/MINIAODSIM/106X_mcRun2_asymptotic_v17-v1/260000/AD52EF8A-B974-3742-812B-C4C4A4375D02.root.
%MSG
%MSG-w XrdAdaptorInternal:  file_open 11-Jun-2024 09:24:44 CEST PostProcessEvent
Failed to open file at URL root://eoscms.cern.ch:1094//eos/cms/store/mc/RunIISummer20UL16MiniAODv2/QCD_HT1500to2000_TuneCP5_PSWeights_13TeV-madgraph-pythia8/MINIAODSIM/106X_mcRun2_asymptotic_v17-v1/260000/AD52EF8A-B974-3742-812B-C4C4A4375D02.root?tried=.
%MSG
11-Jun-2024 09:24:44 CEST  Fallback request to file root://xrootd-cms.infn.it//store/mc/RunIISummer20UL16MiniAODv2/QCD_HT1500to2000_TuneCP5_PSWeights_13TeV-madgraph-pythia8/MINIAODSIM/106X_mcRun2_asymptotic_v17-v1/260000/AD52EF8A-B974-3742-812B-C4C4A4375D02.root
%MSG-w XrdAdaptor:  file_open 11-Jun-2024 09:24:56 CEST PostProcessEvent
Data is served from cms.rcac.purdue.edu instead of original site infn.it
%MSG
11-Jun-2024 09:24:57 CEST  Successfully opened file root://xrootd-cms.infn.it//store/mc/RunIISummer20UL16MiniAODv2/QCD_HT1500to2000_TuneCP5_PSWeights_13TeV-madgraph-pythia8/MINIAODSIM/106X_mcRun2_asymptotic_v17-v1/260000/AD52EF8A-B974-3742-812B-C4C4A4375D02.root
11-Jun-2024 09:25:05 CEST  Closed file root://xrootd-cms.infn.it//store/mc/RunIISummer20UL16MiniAODv2/QCD_HT1500to2000_TuneCP5_PSWeights_13TeV-madgraph-pythia8/MINIAODSIM/106X_mcRun2_asymptotic_v17-v1/260000/AD52EF8A-B974-3742-812B-C4C4A4375D02.root
11-Jun-2024 09:25:05 CEST  Initiating request to open file root://eoscms.cern.ch//eos/cms/store/mc/RunIISummer20UL16MiniAODv2/QCD_HT1500to2000_TuneCP5_PSWeights_13TeV-madgraph-pythia8/MINIAODSIM/106X_mcRun2_asymptotic_v17-v1/260000/7EB789BB-A659-8E45-9E21-4498E6470765.root
%MSG-w XrdAdaptorInternal:  file_open 11-Jun-2024 09:25:06 CEST PostProcessEvent
Failed to open file at URL root://eoscms.cern.ch:1094//eos/cms/store/mc/RunIISummer20UL16MiniAODv2/QCD_HT1500to2000_TuneCP5_PSWeights_13TeV-madgraph-pythia8/MINIAODSIM/106X_mcRun2_asymptotic_v17-v1/260000/7EB789BB-A659-8E45-9E21-4498E6470765.root.
%MSG
%MSG-w XrdAdaptorInternal:  file_open 11-Jun-2024 09:25:06 CEST PostProcessEvent
Failed to open file at URL root://eoscms.cern.ch:1094//eos/cms/store/mc/RunIISummer20UL16MiniAODv2/QCD_HT1500to2000_TuneCP5_PSWeights_13TeV-madgraph-pythia8/MINIAODSIM/106X_mcRun2_asymptotic_v17-v1/260000/7EB789BB-A659-8E45-9E21-4498E6470765.root?tried=.
%MSG
11-Jun-2024 09:25:06 CEST  Fallback request to file root://xrootd-cms.infn.it//store/mc/RunIISummer20UL16MiniAODv2/QCD_HT1500to2000_TuneCP5_PSWeights_13TeV-madgraph-pythia8/MINIAODSIM/106X_mcRun2_asymptotic_v17-v1/260000/7EB789BB-A659-8E45-9E21-4498E6470765.root
%MSG-w XrdAdaptorInternal:  file_open 11-Jun-2024 09:25:17 CEST PostProcessEvent
Failed to open file at URL root://eos-c01.cms.rcac.purdue.edu:1101//store/mc/RunIISummer20UL16MiniAODv2/QCD_HT1500to2000_TuneCP5_PSWeights_13TeV-madgraph-pythia8/MINIAODSIM/106X_mcRun2_asymptotic_v17-v1/260000/7EB789BB-A659-8E45-9E21-4498E6470765.root?cap.msg=d9J3goYSFLAUInNxGNsU1Ur8UvaMAWcI3B3kRhXYaYH+jxlEn3wBE9m7cF/p2VNQFR1pgGPz+7VE7vfKbEmrrfQdzV7RcRXtwxooc+20ceF5uQcR1MMGsUV9wWoJJEa+v0OvtYnHRv2RMfefZk6UrwesdMQjIBx5hhy14DF/cjnOCvg7z9OWUhflQRbp4D9i4uMZByiO/O33OuNvKeW5tb3l34ya/p0+3PFKk3U2dzNkRyR0+K6s5jWOSBrm7+HC3QNs9nJpqqiAnbdAa/gdIOS+ZWd7r0PXcywAmDu7yq9ARgn0Wl2BMUmHuMFAhdtroU/F9ZVtjih+7eEJctu3pdznBi3tmiN+j3zlwbEOo85ziSABrRhojfbSUG6zxjgR59HfEco/9jBIdSnIOZnYZb8jTWjGq17CQh4l6GzMC2C8v4CkE+jeaLvVy+AEEIG0ZIE1c19RdfrYZw2ZhVGpwR2M/54rQG8Qw8CcGuwY7zyHGo+5ei4pSxZvkt4/toL+4fo7VqP8dHnFhkS51J18NBlL5bl3XlNhI1QsIf8XPSCwlznTQ/zgQfhbhR4Ja+uW1OzWdjQ4rlArsujItKLwaopV1PhnCDeKDdhwHE8tdBsX3KPDfOlkWb7xnPjqXaZzsTXMtP2iwP+evDz/KRKIQn9wG4VphRog8L/cI6CTgpF78IZe1bVybIIMtnTJfWbMnWDwdB1NQFMsE5bGmvTUwBRTyxlSpWVrGp8PRiDWbzKAJqtnCuv2JzBlQZkdwGIyVWVctc6DJsUSz3kvr+/opiquO97qoGwKjNxJ8zr7dZ5puGC4o7CXJJ9C3BuPMGJItuM2toYdhJZJziB9zzOlIygRyzHyoXkAVjWyz3EUMgROfubn4/20iTSBXxFRmlu6PDK8QgIZqgTE1T3dC/YpIg==&cap.sym=xU6mGpv9T0+hMNHFH2SXcWOdliY=&eos.clientinfo=zbase64:MDAwMDAwNmZ4nBXIUQ6EIAxF0a3MBmxg5o+ki9H2EUlUSKExs3vl79xbG65kgwP9vp9S03ZzufJUlx3KYXL8G3jznGHQOZqVyoq8+jFmv7sYZDBqXyREkrOTySrU3NRBUE8xhvgAhPEm3Q==&mgm.blockchecksum=ignore&mgm.id=0248e9ed&mgm.logid=c0b079c0-27c3-11ef-a70f-5c6f69a9c0f0&mgm.mtime=1697804509&mgm.replicahead=1&mgm.replicaindex=1&tried=+1213xrootd-cms-redir-int.cr.cnaf.infn.it.
%MSG
%MSG-w XrdAdaptor:  file_open 11-Jun-2024 09:25:19 CEST PostProcessEvent
Data is served from cms.rcac.purdue.edu instead of original site infn.it
%MSG
11-Jun-2024 09:25:20 CEST  Successfully opened file root://xrootd-cms.infn.it//store/mc/RunIISummer20UL16MiniAODv2/QCD_HT1500to2000_TuneCP5_PSWeights_13TeV-madgraph-pythia8/MINIAODSIM/106X_mcRun2_asymptotic_v17-v1/260000/7EB789BB-A659-8E45-9E21-4498E6470765.root
Begin processing the 300001st record. Run 1, Event 2856149, LumiSection 311 on stream 0 at 11-Jun-2024 09:25:29.795 CEST
11-Jun-2024 09:25:30 CEST  Closed file root://xrootd-cms.infn.it//store/mc/RunIISummer20UL16MiniAODv2/QCD_HT1500to2000_TuneCP5_PSWeights_13TeV-madgraph-pythia8/MINIAODSIM/106X_mcRun2_asymptotic_v17-v1/260000/7EB789BB-A659-8E45-9E21-4498E6470765.root
11-Jun-2024 09:25:30 CEST  Initiating request to open file root://eoscms.cern.ch//eos/cms/store/mc/RunIISummer20UL16MiniAODv2/QCD_HT1500to2000_TuneCP5_PSWeights_13TeV-madgraph-pythia8/MINIAODSIM/106X_mcRun2_asymptotic_v17-v1/260000/A1590031-76CC-6445-863D-8BA528D7FF0E.root
%MSG-w XrdAdaptorInternal:  file_open 11-Jun-2024 09:25:31 CEST PostProcessEvent
Failed to open file at URL root://eoscms.cern.ch:1094//eos/cms/store/mc/RunIISummer20UL16MiniAODv2/QCD_HT1500to2000_TuneCP5_PSWeights_13TeV-madgraph-pythia8/MINIAODSIM/106X_mcRun2_asymptotic_v17-v1/260000/A1590031-76CC-6445-863D-8BA528D7FF0E.root.
%MSG
%MSG-w XrdAdaptorInternal:  file_open 11-Jun-2024 09:25:31 CEST PostProcessEvent
Failed to open file at URL root://eoscms.cern.ch:1094//eos/cms/store/mc/RunIISummer20UL16MiniAODv2/QCD_HT1500to2000_TuneCP5_PSWeights_13TeV-madgraph-pythia8/MINIAODSIM/106X_mcRun2_asymptotic_v17-v1/260000/A1590031-76CC-6445-863D-8BA528D7FF0E.root?tried=.
%MSG
11-Jun-2024 09:25:31 CEST  Fallback request to file root://xrootd-cms.infn.it//store/mc/RunIISummer20UL16MiniAODv2/QCD_HT1500to2000_TuneCP5_PSWeights_13TeV-madgraph-pythia8/MINIAODSIM/106X_mcRun2_asymptotic_v17-v1/260000/A1590031-76CC-6445-863D-8BA528D7FF0E.root
%MSG-w XrdAdaptor:  file_open 11-Jun-2024 09:25:44 CEST PostProcessEvent
Data is served from cms.rcac.purdue.edu instead of original site infn.it
%MSG
11-Jun-2024 09:25:45 CEST  Successfully opened file root://xrootd-cms.infn.it//store/mc/RunIISummer20UL16MiniAODv2/QCD_HT1500to2000_TuneCP5_PSWeights_13TeV-madgraph-pythia8/MINIAODSIM/106X_mcRun2_asymptotic_v17-v1/260000/A1590031-76CC-6445-863D-8BA528D7FF0E.root
11-Jun-2024 09:25:57 CEST  Closed file root://xrootd-cms.infn.it//store/mc/RunIISummer20UL16MiniAODv2/QCD_HT1500to2000_TuneCP5_PSWeights_13TeV-madgraph-pythia8/MINIAODSIM/106X_mcRun2_asymptotic_v17-v1/260000/A1590031-76CC-6445-863D-8BA528D7FF0E.root
11-Jun-2024 09:25:57 CEST  Initiating request to open file root://eoscms.cern.ch//eos/cms/store/mc/RunIISummer20UL16MiniAODv2/QCD_HT1500to2000_TuneCP5_PSWeights_13TeV-madgraph-pythia8/MINIAODSIM/106X_mcRun2_asymptotic_v17-v1/260000/44CA2052-3552-D047-B90E-8977A8CB667D.root
%MSG-w XrdAdaptorInternal:  file_open 11-Jun-2024 09:25:58 CEST PostProcessEvent
Failed to open file at URL root://eoscms.cern.ch:1094//eos/cms/store/mc/RunIISummer20UL16MiniAODv2/QCD_HT1500to2000_TuneCP5_PSWeights_13TeV-madgraph-pythia8/MINIAODSIM/106X_mcRun2_asymptotic_v17-v1/260000/44CA2052-3552-D047-B90E-8977A8CB667D.root.
%MSG
%MSG-w XrdAdaptorInternal:  file_open 11-Jun-2024 09:25:58 CEST PostProcessEvent
Failed to open file at URL root://eoscms.cern.ch:1094//eos/cms/store/mc/RunIISummer20UL16MiniAODv2/QCD_HT1500to2000_TuneCP5_PSWeights_13TeV-madgraph-pythia8/MINIAODSIM/106X_mcRun2_asymptotic_v17-v1/260000/44CA2052-3552-D047-B90E-8977A8CB667D.root?tried=.
%MSG
11-Jun-2024 09:25:58 CEST  Fallback request to file root://xrootd-cms.infn.it//store/mc/RunIISummer20UL16MiniAODv2/QCD_HT1500to2000_TuneCP5_PSWeights_13TeV-madgraph-pythia8/MINIAODSIM/106X_mcRun2_asymptotic_v17-v1/260000/44CA2052-3552-D047-B90E-8977A8CB667D.root
%MSG-w XrdAdaptor:  file_open 11-Jun-2024 09:26:13 CEST PostProcessEvent
Data is served from cms.rcac.purdue.edu instead of original site infn.it
%MSG
11-Jun-2024 09:26:14 CEST  Successfully opened file root://xrootd-cms.infn.it//store/mc/RunIISummer20UL16MiniAODv2/QCD_HT1500to2000_TuneCP5_PSWeights_13TeV-madgraph-pythia8/MINIAODSIM/106X_mcRun2_asymptotic_v17-v1/260000/44CA2052-3552-D047-B90E-8977A8CB667D.root
Begin processing the 400001st record. Run 1, Event 23926363, LumiSection 2599 on stream 0 at 11-Jun-2024 09:26:26.971 CEST
11-Jun-2024 09:26:27 CEST  Closed file root://xrootd-cms.infn.it//store/mc/RunIISummer20UL16MiniAODv2/QCD_HT1500to2000_TuneCP5_PSWeights_13TeV-madgraph-pythia8/MINIAODSIM/106X_mcRun2_asymptotic_v17-v1/260000/44CA2052-3552-D047-B90E-8977A8CB667D.root
11-Jun-2024 09:26:27 CEST  Initiating request to open file root://eoscms.cern.ch//eos/cms/store/mc/RunIISummer20UL16MiniAODv2/QCD_HT1500to2000_TuneCP5_PSWeights_13TeV-madgraph-pythia8/MINIAODSIM/106X_mcRun2_asymptotic_v17-v1/260000/5676D240-7404-BE4A-92CA-307145BBF1A0.root
%MSG-w XrdAdaptorInternal:  file_open 11-Jun-2024 09:26:28 CEST PostProcessEvent
Failed to open file at URL root://eoscms.cern.ch:1094//eos/cms/store/mc/RunIISummer20UL16MiniAODv2/QCD_HT1500to2000_TuneCP5_PSWeights_13TeV-madgraph-pythia8/MINIAODSIM/106X_mcRun2_asymptotic_v17-v1/260000/5676D240-7404-BE4A-92CA-307145BBF1A0.root.
%MSG
%MSG-w XrdAdaptorInternal:  file_open 11-Jun-2024 09:26:28 CEST PostProcessEvent
Failed to open file at URL root://eoscms.cern.ch:1094//eos/cms/store/mc/RunIISummer20UL16MiniAODv2/QCD_HT1500to2000_TuneCP5_PSWeights_13TeV-madgraph-pythia8/MINIAODSIM/106X_mcRun2_asymptotic_v17-v1/260000/5676D240-7404-BE4A-92CA-307145BBF1A0.root?tried=.
%MSG
11-Jun-2024 09:26:28 CEST  Fallback request to file root://xrootd-cms.infn.it//store/mc/RunIISummer20UL16MiniAODv2/QCD_HT1500to2000_TuneCP5_PSWeights_13TeV-madgraph-pythia8/MINIAODSIM/106X_mcRun2_asymptotic_v17-v1/260000/5676D240-7404-BE4A-92CA-307145BBF1A0.root
%MSG-w XrdAdaptor:  file_open 11-Jun-2024 09:26:42 CEST PostProcessEvent
Data is served from cms.rcac.purdue.edu instead of original site infn.it
%MSG
11-Jun-2024 09:26:43 CEST  Successfully opened file root://xrootd-cms.infn.it//store/mc/RunIISummer20UL16MiniAODv2/QCD_HT1500to2000_TuneCP5_PSWeights_13TeV-madgraph-pythia8/MINIAODSIM/106X_mcRun2_asymptotic_v17-v1/260000/5676D240-7404-BE4A-92CA-307145BBF1A0.root
11-Jun-2024 09:26:49 CEST  Closed file root://xrootd-cms.infn.it//store/mc/RunIISummer20UL16MiniAODv2/QCD_HT1500to2000_TuneCP5_PSWeights_13TeV-madgraph-pythia8/MINIAODSIM/106X_mcRun2_asymptotic_v17-v1/260000/5676D240-7404-BE4A-92CA-307145BBF1A0.root
11-Jun-2024 09:26:49 CEST  Initiating request to open file root://eoscms.cern.ch//eos/cms/store/mc/RunIISummer20UL16MiniAODv2/QCD_HT1500to2000_TuneCP5_PSWeights_13TeV-madgraph-pythia8/MINIAODSIM/106X_mcRun2_asymptotic_v17-v1/2520000/4DE7F3BF-8E60-D848-9B95-04F1D551BC63.root
%MSG-w XrdAdaptorInternal:  file_open 11-Jun-2024 09:26:50 CEST PostProcessEvent
Failed to open file at URL root://eoscms.cern.ch:1094//eos/cms/store/mc/RunIISummer20UL16MiniAODv2/QCD_HT1500to2000_TuneCP5_PSWeights_13TeV-madgraph-pythia8/MINIAODSIM/106X_mcRun2_asymptotic_v17-v1/2520000/4DE7F3BF-8E60-D848-9B95-04F1D551BC63.root.
%MSG
%MSG-w XrdAdaptorInternal:  file_open 11-Jun-2024 09:26:50 CEST PostProcessEvent
Failed to open file at URL root://eoscms.cern.ch:1094//eos/cms/store/mc/RunIISummer20UL16MiniAODv2/QCD_HT1500to2000_TuneCP5_PSWeights_13TeV-madgraph-pythia8/MINIAODSIM/106X_mcRun2_asymptotic_v17-v1/2520000/4DE7F3BF-8E60-D848-9B95-04F1D551BC63.root?tried=.
%MSG
11-Jun-2024 09:26:50 CEST  Fallback request to file root://xrootd-cms.infn.it//store/mc/RunIISummer20UL16MiniAODv2/QCD_HT1500to2000_TuneCP5_PSWeights_13TeV-madgraph-pythia8/MINIAODSIM/106X_mcRun2_asymptotic_v17-v1/2520000/4DE7F3BF-8E60-D848-9B95-04F1D551BC63.root
%MSG-w XrdAdaptor:  file_open 11-Jun-2024 09:27:02 CEST PostProcessEvent
Data is served from cms.rcac.purdue.edu instead of original site infn.it
%MSG
11-Jun-2024 09:27:03 CEST  Successfully opened file root://xrootd-cms.infn.it//store/mc/RunIISummer20UL16MiniAODv2/QCD_HT1500to2000_TuneCP5_PSWeights_13TeV-madgraph-pythia8/MINIAODSIM/106X_mcRun2_asymptotic_v17-v1/2520000/4DE7F3BF-8E60-D848-9B95-04F1D551BC63.root
11-Jun-2024 09:27:12 CEST  Closed file root://xrootd-cms.infn.it//store/mc/RunIISummer20UL16MiniAODv2/QCD_HT1500to2000_TuneCP5_PSWeights_13TeV-madgraph-pythia8/MINIAODSIM/106X_mcRun2_asymptotic_v17-v1/2520000/4DE7F3BF-8E60-D848-9B95-04F1D551BC63.root
11-Jun-2024 09:27:12 CEST  Initiating request to open file root://eoscms.cern.ch//eos/cms/store/mc/RunIISummer20UL16MiniAODv2/QCD_HT1500to2000_TuneCP5_PSWeights_13TeV-madgraph-pythia8/MINIAODSIM/106X_mcRun2_asymptotic_v17-v1/2520000/573175E7-CA4F-D74D-A6F2-18CA05E64751.root
%MSG-w XrdAdaptorInternal:  file_open 11-Jun-2024 09:27:13 CEST PostProcessEvent
Failed to open file at URL root://eoscms.cern.ch:1094//eos/cms/store/mc/RunIISummer20UL16MiniAODv2/QCD_HT1500to2000_TuneCP5_PSWeights_13TeV-madgraph-pythia8/MINIAODSIM/106X_mcRun2_asymptotic_v17-v1/2520000/573175E7-CA4F-D74D-A6F2-18CA05E64751.root.
%MSG
%MSG-w XrdAdaptorInternal:  file_open 11-Jun-2024 09:27:13 CEST PostProcessEvent
Failed to open file at URL root://eoscms.cern.ch:1094//eos/cms/store/mc/RunIISummer20UL16MiniAODv2/QCD_HT1500to2000_TuneCP5_PSWeights_13TeV-madgraph-pythia8/MINIAODSIM/106X_mcRun2_asymptotic_v17-v1/2520000/573175E7-CA4F-D74D-A6F2-18CA05E64751.root?tried=.
%MSG
11-Jun-2024 09:27:13 CEST  Fallback request to file root://xrootd-cms.infn.it//store/mc/RunIISummer20UL16MiniAODv2/QCD_HT1500to2000_TuneCP5_PSWeights_13TeV-madgraph-pythia8/MINIAODSIM/106X_mcRun2_asymptotic_v17-v1/2520000/573175E7-CA4F-D74D-A6F2-18CA05E64751.root
%MSG-w XrdAdaptor:  file_open 11-Jun-2024 09:27:26 CEST PostProcessEvent
Data is served from cms.rcac.purdue.edu instead of original site infn.it
%MSG
11-Jun-2024 09:27:26 CEST  Successfully opened file root://xrootd-cms.infn.it//store/mc/RunIISummer20UL16MiniAODv2/QCD_HT1500to2000_TuneCP5_PSWeights_13TeV-madgraph-pythia8/MINIAODSIM/106X_mcRun2_asymptotic_v17-v1/2520000/573175E7-CA4F-D74D-A6F2-18CA05E64751.root
Begin processing the 500001st record. Run 1, Event 20766550, LumiSection 2256 on stream 0 at 11-Jun-2024 09:27:32.673 CEST
11-Jun-2024 09:27:33 CEST  Closed file root://xrootd-cms.infn.it//store/mc/RunIISummer20UL16MiniAODv2/QCD_HT1500to2000_TuneCP5_PSWeights_13TeV-madgraph-pythia8/MINIAODSIM/106X_mcRun2_asymptotic_v17-v1/2520000/573175E7-CA4F-D74D-A6F2-18CA05E64751.root
11-Jun-2024 09:27:33 CEST  Initiating request to open file root://eoscms.cern.ch//eos/cms/store/mc/RunIISummer20UL16MiniAODv2/QCD_HT1500to2000_TuneCP5_PSWeights_13TeV-madgraph-pythia8/MINIAODSIM/106X_mcRun2_asymptotic_v17-v1/2520000/01DE396F-4059-7B41-892A-23F1DD2832AE.root
%MSG-w XrdAdaptorInternal:  file_open 11-Jun-2024 09:27:34 CEST PostProcessEvent
Failed to open file at URL root://eoscms.cern.ch:1094//eos/cms/store/mc/RunIISummer20UL16MiniAODv2/QCD_HT1500to2000_TuneCP5_PSWeights_13TeV-madgraph-pythia8/MINIAODSIM/106X_mcRun2_asymptotic_v17-v1/2520000/01DE396F-4059-7B41-892A-23F1DD2832AE.root.
%MSG
%MSG-w XrdAdaptorInternal:  file_open 11-Jun-2024 09:27:34 CEST PostProcessEvent
Failed to open file at URL root://eoscms.cern.ch:1094//eos/cms/store/mc/RunIISummer20UL16MiniAODv2/QCD_HT1500to2000_TuneCP5_PSWeights_13TeV-madgraph-pythia8/MINIAODSIM/106X_mcRun2_asymptotic_v17-v1/2520000/01DE396F-4059-7B41-892A-23F1DD2832AE.root?tried=.
%MSG
11-Jun-2024 09:27:34 CEST  Fallback request to file root://xrootd-cms.infn.it//store/mc/RunIISummer20UL16MiniAODv2/QCD_HT1500to2000_TuneCP5_PSWeights_13TeV-madgraph-pythia8/MINIAODSIM/106X_mcRun2_asymptotic_v17-v1/2520000/01DE396F-4059-7B41-892A-23F1DD2832AE.root
%MSG-w XrdAdaptor:  file_open 11-Jun-2024 09:27:47 CEST PostProcessEvent
Data is served from cms.rcac.purdue.edu instead of original site infn.it
%MSG
11-Jun-2024 09:27:48 CEST  Successfully opened file root://xrootd-cms.infn.it//store/mc/RunIISummer20UL16MiniAODv2/QCD_HT1500to2000_TuneCP5_PSWeights_13TeV-madgraph-pythia8/MINIAODSIM/106X_mcRun2_asymptotic_v17-v1/2520000/01DE396F-4059-7B41-892A-23F1DD2832AE.root
11-Jun-2024 09:27:55 CEST  Closed file root://xrootd-cms.infn.it//store/mc/RunIISummer20UL16MiniAODv2/QCD_HT1500to2000_TuneCP5_PSWeights_13TeV-madgraph-pythia8/MINIAODSIM/106X_mcRun2_asymptotic_v17-v1/2520000/01DE396F-4059-7B41-892A-23F1DD2832AE.root
11-Jun-2024 09:27:55 CEST  Initiating request to open file root://eoscms.cern.ch//eos/cms/store/mc/RunIISummer20UL16MiniAODv2/QCD_HT1500to2000_TuneCP5_PSWeights_13TeV-madgraph-pythia8/MINIAODSIM/106X_mcRun2_asymptotic_v17-v1/2520000/D62263BD-5078-C54C-A3ED-82C540B78388.root
%MSG-w XrdAdaptorInternal:  file_open 11-Jun-2024 09:27:56 CEST PostProcessEvent
Failed to open file at URL root://eoscms.cern.ch:1094//eos/cms/store/mc/RunIISummer20UL16MiniAODv2/QCD_HT1500to2000_TuneCP5_PSWeights_13TeV-madgraph-pythia8/MINIAODSIM/106X_mcRun2_asymptotic_v17-v1/2520000/D62263BD-5078-C54C-A3ED-82C540B78388.root.
%MSG
%MSG-w XrdAdaptorInternal:  file_open 11-Jun-2024 09:27:56 CEST PostProcessEvent
Failed to open file at URL root://eoscms.cern.ch:1094//eos/cms/store/mc/RunIISummer20UL16MiniAODv2/QCD_HT1500to2000_TuneCP5_PSWeights_13TeV-madgraph-pythia8/MINIAODSIM/106X_mcRun2_asymptotic_v17-v1/2520000/D62263BD-5078-C54C-A3ED-82C540B78388.root?tried=.
%MSG
11-Jun-2024 09:27:56 CEST  Fallback request to file root://xrootd-cms.infn.it//store/mc/RunIISummer20UL16MiniAODv2/QCD_HT1500to2000_TuneCP5_PSWeights_13TeV-madgraph-pythia8/MINIAODSIM/106X_mcRun2_asymptotic_v17-v1/2520000/D62263BD-5078-C54C-A3ED-82C540B78388.root
%MSG-w XrdAdaptor:  file_open 11-Jun-2024 09:28:10 CEST PostProcessEvent
Data is served from cms.rcac.purdue.edu instead of original site infn.it
%MSG
11-Jun-2024 09:28:10 CEST  Successfully opened file root://xrootd-cms.infn.it//store/mc/RunIISummer20UL16MiniAODv2/QCD_HT1500to2000_TuneCP5_PSWeights_13TeV-madgraph-pythia8/MINIAODSIM/106X_mcRun2_asymptotic_v17-v1/2520000/D62263BD-5078-C54C-A3ED-82C540B78388.root
Begin processing the 600001st record. Run 1, Event 31532861, LumiSection 3425 on stream 0 at 11-Jun-2024 09:28:16.854 CEST
11-Jun-2024 09:28:17 CEST  Closed file root://xrootd-cms.infn.it//store/mc/RunIISummer20UL16MiniAODv2/QCD_HT1500to2000_TuneCP5_PSWeights_13TeV-madgraph-pythia8/MINIAODSIM/106X_mcRun2_asymptotic_v17-v1/2520000/D62263BD-5078-C54C-A3ED-82C540B78388.root
11-Jun-2024 09:28:17 CEST  Initiating request to open file root://eoscms.cern.ch//eos/cms/store/mc/RunIISummer20UL16MiniAODv2/QCD_HT1500to2000_TuneCP5_PSWeights_13TeV-madgraph-pythia8/MINIAODSIM/106X_mcRun2_asymptotic_v17-v1/2520000/8896F7D0-0031-3A49-A947-1ECC893EF227.root
%MSG-w XrdAdaptorInternal:  file_open 11-Jun-2024 09:28:18 CEST PostProcessEvent
Failed to open file at URL root://eoscms.cern.ch:1094//eos/cms/store/mc/RunIISummer20UL16MiniAODv2/QCD_HT1500to2000_TuneCP5_PSWeights_13TeV-madgraph-pythia8/MINIAODSIM/106X_mcRun2_asymptotic_v17-v1/2520000/8896F7D0-0031-3A49-A947-1ECC893EF227.root.
%MSG
%MSG-w XrdAdaptorInternal:  file_open 11-Jun-2024 09:28:18 CEST PostProcessEvent
Failed to open file at URL root://eoscms.cern.ch:1094//eos/cms/store/mc/RunIISummer20UL16MiniAODv2/QCD_HT1500to2000_TuneCP5_PSWeights_13TeV-madgraph-pythia8/MINIAODSIM/106X_mcRun2_asymptotic_v17-v1/2520000/8896F7D0-0031-3A49-A947-1ECC893EF227.root?tried=.
%MSG
11-Jun-2024 09:28:18 CEST  Fallback request to file root://xrootd-cms.infn.it//store/mc/RunIISummer20UL16MiniAODv2/QCD_HT1500to2000_TuneCP5_PSWeights_13TeV-madgraph-pythia8/MINIAODSIM/106X_mcRun2_asymptotic_v17-v1/2520000/8896F7D0-0031-3A49-A947-1ECC893EF227.root
%MSG-w XrdAdaptor:  file_open 11-Jun-2024 09:28:32 CEST PostProcessEvent
Data is served from cms.rcac.purdue.edu instead of original site infn.it
%MSG
11-Jun-2024 09:28:32 CEST  Successfully opened file root://xrootd-cms.infn.it//store/mc/RunIISummer20UL16MiniAODv2/QCD_HT1500to2000_TuneCP5_PSWeights_13TeV-madgraph-pythia8/MINIAODSIM/106X_mcRun2_asymptotic_v17-v1/2520000/8896F7D0-0031-3A49-A947-1ECC893EF227.root
11-Jun-2024 09:28:39 CEST  Closed file root://xrootd-cms.infn.it//store/mc/RunIISummer20UL16MiniAODv2/QCD_HT1500to2000_TuneCP5_PSWeights_13TeV-madgraph-pythia8/MINIAODSIM/106X_mcRun2_asymptotic_v17-v1/2520000/8896F7D0-0031-3A49-A947-1ECC893EF227.root
11-Jun-2024 09:28:39 CEST  Initiating request to open file root://eoscms.cern.ch//eos/cms/store/mc/RunIISummer20UL16MiniAODv2/QCD_HT1500to2000_TuneCP5_PSWeights_13TeV-madgraph-pythia8/MINIAODSIM/106X_mcRun2_asymptotic_v17-v1/2520000/157E4774-ED89-7B4A-9537-8B320B34C35E.root
%MSG-w XrdAdaptorInternal:  file_open 11-Jun-2024 09:28:40 CEST PostProcessEvent
Failed to open file at URL root://eoscms.cern.ch:1094//eos/cms/store/mc/RunIISummer20UL16MiniAODv2/QCD_HT1500to2000_TuneCP5_PSWeights_13TeV-madgraph-pythia8/MINIAODSIM/106X_mcRun2_asymptotic_v17-v1/2520000/157E4774-ED89-7B4A-9537-8B320B34C35E.root.
%MSG
%MSG-w XrdAdaptorInternal:  file_open 11-Jun-2024 09:28:40 CEST PostProcessEvent
Failed to open file at URL root://eoscms.cern.ch:1094//eos/cms/store/mc/RunIISummer20UL16MiniAODv2/QCD_HT1500to2000_TuneCP5_PSWeights_13TeV-madgraph-pythia8/MINIAODSIM/106X_mcRun2_asymptotic_v17-v1/2520000/157E4774-ED89-7B4A-9537-8B320B34C35E.root?tried=.
%MSG
11-Jun-2024 09:28:40 CEST  Fallback request to file root://xrootd-cms.infn.it//store/mc/RunIISummer20UL16MiniAODv2/QCD_HT1500to2000_TuneCP5_PSWeights_13TeV-madgraph-pythia8/MINIAODSIM/106X_mcRun2_asymptotic_v17-v1/2520000/157E4774-ED89-7B4A-9537-8B320B34C35E.root
%MSG-w XrdAdaptor:  file_open 11-Jun-2024 09:28:54 CEST PostProcessEvent
Data is served from cms.rcac.purdue.edu instead of original site infn.it
%MSG
11-Jun-2024 09:28:55 CEST  Successfully opened file root://xrootd-cms.infn.it//store/mc/RunIISummer20UL16MiniAODv2/QCD_HT1500to2000_TuneCP5_PSWeights_13TeV-madgraph-pythia8/MINIAODSIM/106X_mcRun2_asymptotic_v17-v1/2520000/157E4774-ED89-7B4A-9537-8B320B34C35E.root
11-Jun-2024 09:29:01 CEST  Closed file root://xrootd-cms.infn.it//store/mc/RunIISummer20UL16MiniAODv2/QCD_HT1500to2000_TuneCP5_PSWeights_13TeV-madgraph-pythia8/MINIAODSIM/106X_mcRun2_asymptotic_v17-v1/2520000/157E4774-ED89-7B4A-9537-8B320B34C35E.root
11-Jun-2024 09:29:01 CEST  Initiating request to open file root://eoscms.cern.ch//eos/cms/store/mc/RunIISummer20UL16MiniAODv2/QCD_HT1500to2000_TuneCP5_PSWeights_13TeV-madgraph-pythia8/MINIAODSIM/106X_mcRun2_asymptotic_v17-v1/2530000/078ACEA4-AADF-3041-8B88-8C76860DCCD9.root
%MSG-w XrdAdaptorInternal:  file_open 11-Jun-2024 09:29:02 CEST PostProcessEvent
Failed to open file at URL root://eoscms.cern.ch:1094//eos/cms/store/mc/RunIISummer20UL16MiniAODv2/QCD_HT1500to2000_TuneCP5_PSWeights_13TeV-madgraph-pythia8/MINIAODSIM/106X_mcRun2_asymptotic_v17-v1/2530000/078ACEA4-AADF-3041-8B88-8C76860DCCD9.root.
%MSG
%MSG-w XrdAdaptorInternal:  file_open 11-Jun-2024 09:29:02 CEST PostProcessEvent
Failed to open file at URL root://eoscms.cern.ch:1094//eos/cms/store/mc/RunIISummer20UL16MiniAODv2/QCD_HT1500to2000_TuneCP5_PSWeights_13TeV-madgraph-pythia8/MINIAODSIM/106X_mcRun2_asymptotic_v17-v1/2530000/078ACEA4-AADF-3041-8B88-8C76860DCCD9.root?tried=.
%MSG
11-Jun-2024 09:29:02 CEST  Fallback request to file root://xrootd-cms.infn.it//store/mc/RunIISummer20UL16MiniAODv2/QCD_HT1500to2000_TuneCP5_PSWeights_13TeV-madgraph-pythia8/MINIAODSIM/106X_mcRun2_asymptotic_v17-v1/2530000/078ACEA4-AADF-3041-8B88-8C76860DCCD9.root
%MSG-w XrdAdaptor:  file_open 11-Jun-2024 09:29:14 CEST PostProcessEvent
Data is served from cms.rcac.purdue.edu instead of original site infn.it
%MSG
11-Jun-2024 09:29:15 CEST  Successfully opened file root://xrootd-cms.infn.it//store/mc/RunIISummer20UL16MiniAODv2/QCD_HT1500to2000_TuneCP5_PSWeights_13TeV-madgraph-pythia8/MINIAODSIM/106X_mcRun2_asymptotic_v17-v1/2530000/078ACEA4-AADF-3041-8B88-8C76860DCCD9.root
Begin processing the 700001st record. Run 1, Event 3903670, LumiSection 424 on stream 0 at 11-Jun-2024 09:29:21.670 CEST
11-Jun-2024 09:29:22 CEST  Closed file root://xrootd-cms.infn.it//store/mc/RunIISummer20UL16MiniAODv2/QCD_HT1500to2000_TuneCP5_PSWeights_13TeV-madgraph-pythia8/MINIAODSIM/106X_mcRun2_asymptotic_v17-v1/2530000/078ACEA4-AADF-3041-8B88-8C76860DCCD9.root
11-Jun-2024 09:29:22 CEST  Initiating request to open file root://eoscms.cern.ch//eos/cms/store/mc/RunIISummer20UL16MiniAODv2/QCD_HT1500to2000_TuneCP5_PSWeights_13TeV-madgraph-pythia8/MINIAODSIM/106X_mcRun2_asymptotic_v17-v1/2530000/83BBC7F1-9CFA-D744-B578-76C033547485.root
%MSG-w XrdAdaptorInternal:  file_open 11-Jun-2024 09:29:23 CEST PostProcessEvent
Failed to open file at URL root://eoscms.cern.ch:1094//eos/cms/store/mc/RunIISummer20UL16MiniAODv2/QCD_HT1500to2000_TuneCP5_PSWeights_13TeV-madgraph-pythia8/MINIAODSIM/106X_mcRun2_asymptotic_v17-v1/2530000/83BBC7F1-9CFA-D744-B578-76C033547485.root.
%MSG
%MSG-w XrdAdaptorInternal:  file_open 11-Jun-2024 09:29:23 CEST PostProcessEvent
Failed to open file at URL root://eoscms.cern.ch:1094//eos/cms/store/mc/RunIISummer20UL16MiniAODv2/QCD_HT1500to2000_TuneCP5_PSWeights_13TeV-madgraph-pythia8/MINIAODSIM/106X_mcRun2_asymptotic_v17-v1/2530000/83BBC7F1-9CFA-D744-B578-76C033547485.root?tried=.
%MSG
11-Jun-2024 09:29:23 CEST  Fallback request to file root://xrootd-cms.infn.it//store/mc/RunIISummer20UL16MiniAODv2/QCD_HT1500to2000_TuneCP5_PSWeights_13TeV-madgraph-pythia8/MINIAODSIM/106X_mcRun2_asymptotic_v17-v1/2530000/83BBC7F1-9CFA-D744-B578-76C033547485.root
%MSG-w XrdAdaptor:  file_open 11-Jun-2024 09:29:37 CEST PostProcessEvent
Data is served from cms.rcac.purdue.edu instead of original site infn.it
%MSG
11-Jun-2024 09:29:38 CEST  Successfully opened file root://xrootd-cms.infn.it//store/mc/RunIISummer20UL16MiniAODv2/QCD_HT1500to2000_TuneCP5_PSWeights_13TeV-madgraph-pythia8/MINIAODSIM/106X_mcRun2_asymptotic_v17-v1/2530000/83BBC7F1-9CFA-D744-B578-76C033547485.root
11-Jun-2024 09:29:46 CEST  Closed file root://xrootd-cms.infn.it//store/mc/RunIISummer20UL16MiniAODv2/QCD_HT1500to2000_TuneCP5_PSWeights_13TeV-madgraph-pythia8/MINIAODSIM/106X_mcRun2_asymptotic_v17-v1/2530000/83BBC7F1-9CFA-D744-B578-76C033547485.root
11-Jun-2024 09:29:46 CEST  Initiating request to open file root://eoscms.cern.ch//eos/cms/store/mc/RunIISummer20UL16MiniAODv2/QCD_HT1500to2000_TuneCP5_PSWeights_13TeV-madgraph-pythia8/MINIAODSIM/106X_mcRun2_asymptotic_v17-v1/2530000/DDD52CA6-5E4B-9749-A96F-5575AEA6AE0F.root
%MSG-w XrdAdaptorInternal:  file_open 11-Jun-2024 09:29:47 CEST PostProcessEvent
Failed to open file at URL root://eoscms.cern.ch:1094//eos/cms/store/mc/RunIISummer20UL16MiniAODv2/QCD_HT1500to2000_TuneCP5_PSWeights_13TeV-madgraph-pythia8/MINIAODSIM/106X_mcRun2_asymptotic_v17-v1/2530000/DDD52CA6-5E4B-9749-A96F-5575AEA6AE0F.root.
%MSG
%MSG-w XrdAdaptorInternal:  file_open 11-Jun-2024 09:29:47 CEST PostProcessEvent
Failed to open file at URL root://eoscms.cern.ch:1094//eos/cms/store/mc/RunIISummer20UL16MiniAODv2/QCD_HT1500to2000_TuneCP5_PSWeights_13TeV-madgraph-pythia8/MINIAODSIM/106X_mcRun2_asymptotic_v17-v1/2530000/DDD52CA6-5E4B-9749-A96F-5575AEA6AE0F.root?tried=.
%MSG
11-Jun-2024 09:29:47 CEST  Fallback request to file root://xrootd-cms.infn.it//store/mc/RunIISummer20UL16MiniAODv2/QCD_HT1500to2000_TuneCP5_PSWeights_13TeV-madgraph-pythia8/MINIAODSIM/106X_mcRun2_asymptotic_v17-v1/2530000/DDD52CA6-5E4B-9749-A96F-5575AEA6AE0F.root
%MSG-w XrdAdaptorInternal:  file_open 11-Jun-2024 09:29:59 CEST PostProcessEvent
Failed to open file at URL root://eos-c01.cms.rcac.purdue.edu:1101//store/mc/RunIISummer20UL16MiniAODv2/QCD_HT1500to2000_TuneCP5_PSWeights_13TeV-madgraph-pythia8/MINIAODSIM/106X_mcRun2_asymptotic_v17-v1/2530000/DDD52CA6-5E4B-9749-A96F-5575AEA6AE0F.root?cap.msg=d9J3goYSFLAUInNxGNsU1Ur8UvaMAWcI3B3kRhXYaYH+jxlEn3wBE9m7cF/p2VNQFR1pgGPz+7VE7vfKbEmrrfQdzV7RcRXtwxooc+20ceF5uQcR1MMGsUV9wWoJJEa+v0OvtYnHRv2RMfefZk6UrwesdMQjIBx5hhy14DF/cjnOCvg7z9OWUhflQRbp4D9i4uMZByiO/O33OuNvKeW5tb3l34ya/p0+3PFKk3U2dzNkRyR0+K6s5jWOSBrm7+HC3QNs9nJpqqiAnbdAa/gdIKLVgJD36uiFRAVN+qwvwTwuLLtfKOnma++duuPb2rEY+YTg5Lnh7fS4zG0RszjG2Xw6YAESqHaPYM7rkqO2EUsEBbxqhGQoV2b7c9LhqH+g/W5Z5YRUWiqtpOnAqqDAqClnNHNpgmi8Sykh5JfGs4pDRHe+sxR4/q68AS4UfR34inK+hQPqwfk2UwvO/gybnD3Zi1j37DBJ1aEJiwQbFFW1000PnLeZTFp3W/qkefE6KGknOdUAQFqvD4hvzsl1uZLl88pefRYPIK8mqttELya01ZguUbU6ozQjhHnmcimnv+/ZAdUAS3f4iViDLc+7UYGnhQ4AF+C7CEbYD4qOoi8vnco3WcmiQvBtM4WiWMqw81lno82TpkQaQo9kyLkKB1A44U9BaMnHcU93/wkyl0/QWHPNbEzmEP1Sv0VJSHd9dTFC9CVLSly30mhjyYFvMbRiqtYhut7ExirBdLted4+s6wwjOI8Rp6TBgTRXmc2JDj+Vf1SQSNh3DJwczIT18Y85Q7Q5Fa2CqlRZvUPQh0J7sDM6EkUX+35XzN5vEJE9b6SbYFYXUacSFymLz4Jm2mvmUWBSJIWZ3UTAx6dFebwiOQzmK2831f1UjQDEEaJ+Zq49KOKoK8z3cjbkqAfZvA==&cap.sym=xU6mGpv9T0+hMNHFH2SXcWOdliY=&eos.clientinfo=zbase64:MDAwMDAwNmZ4nBXIUQrEIAxF0a3MBhp0vgYhi2mTJxXaKtFQZvetf+fe2nAlGxzo+/uUmraby5WnuuxQDpPj38Cb5wyDztGsVFbk1Y8x+93FIINR+yIhkpydTFah5qYOgnqKMcQHhuQm4g==&mgm.blockchecksum=ignore&mgm.id=00177638&mgm.logid=68cb2d30-27c4-11ef-8cfe-5c6f69a9c0f0&mgm.mtime=1670471953&mgm.replicahead=1&mgm.replicaindex=1&tried=+1213xrootd-cms-redir-int.cr.cnaf.infn.it.
%MSG
%MSG-w XrdAdaptor:  file_open 11-Jun-2024 09:30:01 CEST PostProcessEvent
Data is served from cms.rcac.purdue.edu instead of original site infn.it
%MSG
11-Jun-2024 09:30:02 CEST  Successfully opened file root://xrootd-cms.infn.it//store/mc/RunIISummer20UL16MiniAODv2/QCD_HT1500to2000_TuneCP5_PSWeights_13TeV-madgraph-pythia8/MINIAODSIM/106X_mcRun2_asymptotic_v17-v1/2530000/DDD52CA6-5E4B-9749-A96F-5575AEA6AE0F.root
Begin processing the 800001st record. Run 1, Event 30783746, LumiSection 3343 on stream 0 at 11-Jun-2024 09:30:08.905 CEST
11-Jun-2024 09:30:09 CEST  Closed file root://xrootd-cms.infn.it//store/mc/RunIISummer20UL16MiniAODv2/QCD_HT1500to2000_TuneCP5_PSWeights_13TeV-madgraph-pythia8/MINIAODSIM/106X_mcRun2_asymptotic_v17-v1/2530000/DDD52CA6-5E4B-9749-A96F-5575AEA6AE0F.root
11-Jun-2024 09:30:09 CEST  Initiating request to open file root://eoscms.cern.ch//eos/cms/store/mc/RunIISummer20UL16MiniAODv2/QCD_HT1500to2000_TuneCP5_PSWeights_13TeV-madgraph-pythia8/MINIAODSIM/106X_mcRun2_asymptotic_v17-v1/2530000/BA06B8E7-0033-BA4F-913C-1AED92C74E05.root
%MSG-w XrdAdaptorInternal:  file_open 11-Jun-2024 09:30:10 CEST PostProcessEvent
Failed to open file at URL root://eoscms.cern.ch:1094//eos/cms/store/mc/RunIISummer20UL16MiniAODv2/QCD_HT1500to2000_TuneCP5_PSWeights_13TeV-madgraph-pythia8/MINIAODSIM/106X_mcRun2_asymptotic_v17-v1/2530000/BA06B8E7-0033-BA4F-913C-1AED92C74E05.root.
%MSG
%MSG-w XrdAdaptorInternal:  file_open 11-Jun-2024 09:30:10 CEST PostProcessEvent
Failed to open file at URL root://eoscms.cern.ch:1094//eos/cms/store/mc/RunIISummer20UL16MiniAODv2/QCD_HT1500to2000_TuneCP5_PSWeights_13TeV-madgraph-pythia8/MINIAODSIM/106X_mcRun2_asymptotic_v17-v1/2530000/BA06B8E7-0033-BA4F-913C-1AED92C74E05.root?tried=.
%MSG
11-Jun-2024 09:30:10 CEST  Fallback request to file root://xrootd-cms.infn.it//store/mc/RunIISummer20UL16MiniAODv2/QCD_HT1500to2000_TuneCP5_PSWeights_13TeV-madgraph-pythia8/MINIAODSIM/106X_mcRun2_asymptotic_v17-v1/2530000/BA06B8E7-0033-BA4F-913C-1AED92C74E05.root
%MSG-w XrdAdaptor:  file_open 11-Jun-2024 09:30:24 CEST PostProcessEvent
Data is served from cms.rcac.purdue.edu instead of original site infn.it
%MSG
11-Jun-2024 09:30:25 CEST  Successfully opened file root://xrootd-cms.infn.it//store/mc/RunIISummer20UL16MiniAODv2/QCD_HT1500to2000_TuneCP5_PSWeights_13TeV-madgraph-pythia8/MINIAODSIM/106X_mcRun2_asymptotic_v17-v1/2530000/BA06B8E7-0033-BA4F-913C-1AED92C74E05.root
11-Jun-2024 09:30:32 CEST  Closed file root://xrootd-cms.infn.it//store/mc/RunIISummer20UL16MiniAODv2/QCD_HT1500to2000_TuneCP5_PSWeights_13TeV-madgraph-pythia8/MINIAODSIM/106X_mcRun2_asymptotic_v17-v1/2530000/BA06B8E7-0033-BA4F-913C-1AED92C74E05.root
11-Jun-2024 09:30:32 CEST  Initiating request to open file root://eoscms.cern.ch//eos/cms/store/mc/RunIISummer20UL16MiniAODv2/QCD_HT1500to2000_TuneCP5_PSWeights_13TeV-madgraph-pythia8/MINIAODSIM/106X_mcRun2_asymptotic_v17-v1/2530000/0D396B61-69D5-8A46-991E-832498F9294F.root
%MSG-w XrdAdaptorInternal:  file_open 11-Jun-2024 09:30:33 CEST PostProcessEvent
Failed to open file at URL root://eoscms.cern.ch:1094//eos/cms/store/mc/RunIISummer20UL16MiniAODv2/QCD_HT1500to2000_TuneCP5_PSWeights_13TeV-madgraph-pythia8/MINIAODSIM/106X_mcRun2_asymptotic_v17-v1/2530000/0D396B61-69D5-8A46-991E-832498F9294F.root.
%MSG
%MSG-w XrdAdaptorInternal:  file_open 11-Jun-2024 09:30:33 CEST PostProcessEvent
Failed to open file at URL root://eoscms.cern.ch:1094//eos/cms/store/mc/RunIISummer20UL16MiniAODv2/QCD_HT1500to2000_TuneCP5_PSWeights_13TeV-madgraph-pythia8/MINIAODSIM/106X_mcRun2_asymptotic_v17-v1/2530000/0D396B61-69D5-8A46-991E-832498F9294F.root?tried=.
%MSG
11-Jun-2024 09:30:33 CEST  Fallback request to file root://xrootd-cms.infn.it//store/mc/RunIISummer20UL16MiniAODv2/QCD_HT1500to2000_TuneCP5_PSWeights_13TeV-madgraph-pythia8/MINIAODSIM/106X_mcRun2_asymptotic_v17-v1/2530000/0D396B61-69D5-8A46-991E-832498F9294F.root
%MSG-w XrdAdaptor:  file_open 11-Jun-2024 09:30:46 CEST PostProcessEvent
Data is served from cms.rcac.purdue.edu instead of original site infn.it
%MSG
11-Jun-2024 09:30:47 CEST  Successfully opened file root://xrootd-cms.infn.it//store/mc/RunIISummer20UL16MiniAODv2/QCD_HT1500to2000_TuneCP5_PSWeights_13TeV-madgraph-pythia8/MINIAODSIM/106X_mcRun2_asymptotic_v17-v1/2530000/0D396B61-69D5-8A46-991E-832498F9294F.root
Begin processing the 900001st record. Run 1, Event 12553544, LumiSection 1364 on stream 0 at 11-Jun-2024 09:30:55.142 CEST
11-Jun-2024 09:30:55 CEST  Closed file root://xrootd-cms.infn.it//store/mc/RunIISummer20UL16MiniAODv2/QCD_HT1500to2000_TuneCP5_PSWeights_13TeV-madgraph-pythia8/MINIAODSIM/106X_mcRun2_asymptotic_v17-v1/2530000/0D396B61-69D5-8A46-991E-832498F9294F.root
11-Jun-2024 09:30:55 CEST  Initiating request to open file root://eoscms.cern.ch//eos/cms/store/mc/RunIISummer20UL16MiniAODv2/QCD_HT1500to2000_TuneCP5_PSWeights_13TeV-madgraph-pythia8/MINIAODSIM/106X_mcRun2_asymptotic_v17-v1/2530000/0C7170DF-6820-5E4B-BB32-38B6827B8054.root
%MSG-w XrdAdaptorInternal:  file_open 11-Jun-2024 09:30:56 CEST PostProcessEvent
Failed to open file at URL root://eoscms.cern.ch:1094//eos/cms/store/mc/RunIISummer20UL16MiniAODv2/QCD_HT1500to2000_TuneCP5_PSWeights_13TeV-madgraph-pythia8/MINIAODSIM/106X_mcRun2_asymptotic_v17-v1/2530000/0C7170DF-6820-5E4B-BB32-38B6827B8054.root.
%MSG
%MSG-w XrdAdaptorInternal:  file_open 11-Jun-2024 09:30:56 CEST PostProcessEvent
Failed to open file at URL root://eoscms.cern.ch:1094//eos/cms/store/mc/RunIISummer20UL16MiniAODv2/QCD_HT1500to2000_TuneCP5_PSWeights_13TeV-madgraph-pythia8/MINIAODSIM/106X_mcRun2_asymptotic_v17-v1/2530000/0C7170DF-6820-5E4B-BB32-38B6827B8054.root?tried=.
%MSG
11-Jun-2024 09:30:56 CEST  Fallback request to file root://xrootd-cms.infn.it//store/mc/RunIISummer20UL16MiniAODv2/QCD_HT1500to2000_TuneCP5_PSWeights_13TeV-madgraph-pythia8/MINIAODSIM/106X_mcRun2_asymptotic_v17-v1/2530000/0C7170DF-6820-5E4B-BB32-38B6827B8054.root
%MSG-w XrdAdaptor:  file_open 11-Jun-2024 09:31:09 CEST PostProcessEvent
Data is served from cms.rcac.purdue.edu instead of original site infn.it
%MSG
11-Jun-2024 09:31:10 CEST  Successfully opened file root://xrootd-cms.infn.it//store/mc/RunIISummer20UL16MiniAODv2/QCD_HT1500to2000_TuneCP5_PSWeights_13TeV-madgraph-pythia8/MINIAODSIM/106X_mcRun2_asymptotic_v17-v1/2530000/0C7170DF-6820-5E4B-BB32-38B6827B8054.root
11-Jun-2024 09:31:17 CEST  Closed file root://xrootd-cms.infn.it//store/mc/RunIISummer20UL16MiniAODv2/QCD_HT1500to2000_TuneCP5_PSWeights_13TeV-madgraph-pythia8/MINIAODSIM/106X_mcRun2_asymptotic_v17-v1/2530000/0C7170DF-6820-5E4B-BB32-38B6827B8054.root
11-Jun-2024 09:31:17 CEST  Initiating request to open file root://eoscms.cern.ch//eos/cms/store/mc/RunIISummer20UL16MiniAODv2/QCD_HT1500to2000_TuneCP5_PSWeights_13TeV-madgraph-pythia8/MINIAODSIM/106X_mcRun2_asymptotic_v17-v1/2530000/E06589D4-3B5E-5049-8A93-7C00352A9BDF.root
%MSG-w XrdAdaptorInternal:  file_open 11-Jun-2024 09:31:18 CEST PostProcessEvent
Failed to open file at URL root://eoscms.cern.ch:1094//eos/cms/store/mc/RunIISummer20UL16MiniAODv2/QCD_HT1500to2000_TuneCP5_PSWeights_13TeV-madgraph-pythia8/MINIAODSIM/106X_mcRun2_asymptotic_v17-v1/2530000/E06589D4-3B5E-5049-8A93-7C00352A9BDF.root.
%MSG
%MSG-w XrdAdaptorInternal:  file_open 11-Jun-2024 09:31:18 CEST PostProcessEvent
Failed to open file at URL root://eoscms.cern.ch:1094//eos/cms/store/mc/RunIISummer20UL16MiniAODv2/QCD_HT1500to2000_TuneCP5_PSWeights_13TeV-madgraph-pythia8/MINIAODSIM/106X_mcRun2_asymptotic_v17-v1/2530000/E06589D4-3B5E-5049-8A93-7C00352A9BDF.root?tried=.
%MSG
11-Jun-2024 09:31:18 CEST  Fallback request to file root://xrootd-cms.infn.it//store/mc/RunIISummer20UL16MiniAODv2/QCD_HT1500to2000_TuneCP5_PSWeights_13TeV-madgraph-pythia8/MINIAODSIM/106X_mcRun2_asymptotic_v17-v1/2530000/E06589D4-3B5E-5049-8A93-7C00352A9BDF.root
%MSG-w XrdAdaptor:  file_open 11-Jun-2024 09:31:32 CEST PostProcessEvent
Data is served from cms.rcac.purdue.edu instead of original site infn.it
%MSG
11-Jun-2024 09:31:33 CEST  Successfully opened file root://xrootd-cms.infn.it//store/mc/RunIISummer20UL16MiniAODv2/QCD_HT1500to2000_TuneCP5_PSWeights_13TeV-madgraph-pythia8/MINIAODSIM/106X_mcRun2_asymptotic_v17-v1/2530000/E06589D4-3B5E-5049-8A93-7C00352A9BDF.root
11-Jun-2024 09:31:40 CEST  Closed file root://xrootd-cms.infn.it//store/mc/RunIISummer20UL16MiniAODv2/QCD_HT1500to2000_TuneCP5_PSWeights_13TeV-madgraph-pythia8/MINIAODSIM/106X_mcRun2_asymptotic_v17-v1/2530000/E06589D4-3B5E-5049-8A93-7C00352A9BDF.root
11-Jun-2024 09:31:40 CEST  Initiating request to open file root://eoscms.cern.ch//eos/cms/store/mc/RunIISummer20UL16MiniAODv2/QCD_HT1500to2000_TuneCP5_PSWeights_13TeV-madgraph-pythia8/MINIAODSIM/106X_mcRun2_asymptotic_v17-v1/2530000/AE951E2B-DE3A-1A4B-A6A6-8075B6F25045.root
%MSG-w XrdAdaptorInternal:  file_open 11-Jun-2024 09:31:41 CEST PostProcessEvent
Failed to open file at URL root://eoscms.cern.ch:1094//eos/cms/store/mc/RunIISummer20UL16MiniAODv2/QCD_HT1500to2000_TuneCP5_PSWeights_13TeV-madgraph-pythia8/MINIAODSIM/106X_mcRun2_asymptotic_v17-v1/2530000/AE951E2B-DE3A-1A4B-A6A6-8075B6F25045.root.
%MSG
%MSG-w XrdAdaptorInternal:  file_open 11-Jun-2024 09:31:41 CEST PostProcessEvent
Failed to open file at URL root://eoscms.cern.ch:1094//eos/cms/store/mc/RunIISummer20UL16MiniAODv2/QCD_HT1500to2000_TuneCP5_PSWeights_13TeV-madgraph-pythia8/MINIAODSIM/106X_mcRun2_asymptotic_v17-v1/2530000/AE951E2B-DE3A-1A4B-A6A6-8075B6F25045.root?tried=.
%MSG
11-Jun-2024 09:31:41 CEST  Fallback request to file root://xrootd-cms.infn.it//store/mc/RunIISummer20UL16MiniAODv2/QCD_HT1500to2000_TuneCP5_PSWeights_13TeV-madgraph-pythia8/MINIAODSIM/106X_mcRun2_asymptotic_v17-v1/2530000/AE951E2B-DE3A-1A4B-A6A6-8075B6F25045.root
%MSG-w XrdAdaptor:  file_open 11-Jun-2024 09:31:55 CEST PostProcessEvent
Data is served from cms.rcac.purdue.edu instead of original site infn.it
%MSG
11-Jun-2024 09:31:55 CEST  Successfully opened file root://xrootd-cms.infn.it//store/mc/RunIISummer20UL16MiniAODv2/QCD_HT1500to2000_TuneCP5_PSWeights_13TeV-madgraph-pythia8/MINIAODSIM/106X_mcRun2_asymptotic_v17-v1/2530000/AE951E2B-DE3A-1A4B-A6A6-8075B6F25045.root
     42.355257      0.262281      0.151209             0
    287.092060      0.876569      0.151209             1
   1059.862401      1.453615      0.151209             2
 
11-Jun-2024 09:32:00 CEST  Closed file root://xrootd-cms.infn.it//store/mc/RunIISummer20UL16MiniAODv2/QCD_HT1500to2000_TuneCP5_PSWeights_13TeV-madgraph-pythia8/MINIAODSIM/106X_mcRun2_asymptotic_v17-v1/2530000/AE951E2B-DE3A-1A4B-A6A6-8075B6F25045.root

------------------------------------
GenXsecAnalyzer:
------------------------------------
-------------------------------------------------------------------------------------------------------------------------------------------------------------------------- 
Overall cross-section summary 
--------------------------------------------------------------------------------------------------------------------------------------------------------------------------
Process		xsec_before [pb]		passed	nposw	nnegw	tried	nposw	nnegw 	xsec_match [pb]			accepted [%]	 event_eff [%]
0		4.187e+01 +/- 1.837e-02		6602	6602	0	389118	389118	0	7.104e-01 +/- 8.674e-03		1.7 +/- 0.0	1.7 +/- 0.0
1		2.881e+02 +/- 6.156e-02		25247	25247	0	2671067	2671067	0	2.723e+00 +/- 1.707e-02		0.9 +/- 0.0	0.9 +/- 0.0
2		1.060e+03 +/- 1.014e-01		968821	968821	0	9777161	9777161	0	1.051e+02 +/- 1.018e-01		9.9 +/- 0.0	9.9 +/- 0.0
-------------------------------------------------------------------------------------------------------------------------------------------------------------------------- 
Total		1.390e+03 +/- 1.200e-01		1000670	1000670	0	12837346	12837346	0	1.084e+02 +/- 1.045e-01		7.8 +/- 0.0	7.8 +/- 0.0
--------------------------------------------------------------------------------------------------------------------------------------------------------------------------
Before matching: total cross section = 1.390e+03 +- 1.200e-01 pb
After matching: total cross section = 1.084e+02 +- 1.045e-01 pb
Matching efficiency = 0.1 +/- 0.0   [TO BE USED IN MCM]
Filter efficiency (taking into account weights)= (1.00067e+06) / (1.00067e+06) = 1.000e+00 +- 0.000e+00
Filter efficiency (event-level)= (1.00067e+06) / (1.00067e+06) = 1.000e+00 +- 0.000e+00    [TO BE USED IN MCM]

After filter: final cross section = 1.084e+02 +- 1.045e-01 pb
After filter: final fraction of events with negative weights = 0.000e+00 +- 0.000e+00
After filter: final equivalent lumi for 1M events (1/fb) = 9.227e+00 +- 1.281e-02

=============================================

MessageLogger Summary

 type     category        sev    module        subroutine        count    total
 ---- -------------------- -- ---------------- ----------------  -----    -----
    1 GenXSecAnalyzer      -w GenXSecAnalyzer:                      17       17
    2 XrdAdaptor           -w file_open                             25       25
    3 XrdAdaptorInternal   -w file_open                             52       52
    4 fileAction           -s file_close                            25       25
    5 fileAction           -s file_open                             75       75

 type    category    Examples: run/evt        run/evt          run/evt
 ---- -------------------- ---------------- ---------------- ----------------
    1 GenXSecAnalyzer      PostGlobalEndRun PostGlobalEndRun PostGlobalEndRun
    2 XrdAdaptor           pre-events       PostProcessEvent PostProcessEvent
    3 XrdAdaptorInternal   pre-events       pre-events       PostProcessEvent
    4 fileAction           PostProcessEvent PostProcessEvent PostGlobalEndRun
    5 fileAction           pre-events       pre-events       PostProcessEvent

Severity    # Occurrences   Total Occurrences
--------    -------------   -----------------
Warning                94                  94
System                100                 100

dropped waiting message count 0
