11-Jun-2024 08:40:21 CEST  Initiating request to open file root://eoscms.cern.ch//eos/cms/store/mc/RunIISummer20UL16MiniAODv2/QCD_Pt_50to80_TuneCP5_13TeV_pythia8/MINIAODSIM/106X_mcRun2_asymptotic_v17-v1/270000/5731AF10-0775-BB4A-8ACE-19D380AB0694.root
%MSG-w XrdAdaptorInternal:  file_open 11-Jun-2024 08:40:23 CEST pre-events
Failed to open file at URL root://eoscms.cern.ch:1094//eos/cms/store/mc/RunIISummer20UL16MiniAODv2/QCD_Pt_50to80_TuneCP5_13TeV_pythia8/MINIAODSIM/106X_mcRun2_asymptotic_v17-v1/270000/5731AF10-0775-BB4A-8ACE-19D380AB0694.root.
%MSG
%MSG-w XrdAdaptorInternal:  file_open 11-Jun-2024 08:40:23 CEST pre-events
Failed to open file at URL root://eoscms.cern.ch:1094//eos/cms/store/mc/RunIISummer20UL16MiniAODv2/QCD_Pt_50to80_TuneCP5_13TeV_pythia8/MINIAODSIM/106X_mcRun2_asymptotic_v17-v1/270000/5731AF10-0775-BB4A-8ACE-19D380AB0694.root?tried=.
%MSG
11-Jun-2024 08:40:23 CEST  Fallback request to file root://xrootd-cms.infn.it//store/mc/RunIISummer20UL16MiniAODv2/QCD_Pt_50to80_TuneCP5_13TeV_pythia8/MINIAODSIM/106X_mcRun2_asymptotic_v17-v1/270000/5731AF10-0775-BB4A-8ACE-19D380AB0694.root
%MSG-w XrdAdaptor:  file_open 11-Jun-2024 08:40:38 CEST pre-events
Data is served from T2_US_MIT instead of original site T2_FR_GRIF_LLR
%MSG
11-Jun-2024 08:40:42 CEST  Successfully opened file root://xrootd-cms.infn.it//store/mc/RunIISummer20UL16MiniAODv2/QCD_Pt_50to80_TuneCP5_13TeV_pythia8/MINIAODSIM/106X_mcRun2_asymptotic_v17-v1/270000/5731AF10-0775-BB4A-8ACE-19D380AB0694.root
Begin processing the 1st record. Run 1, Event 9626003, LumiSection 9627 on stream 0 at 11-Jun-2024 08:40:48.521 CEST
11-Jun-2024 08:40:51 CEST  Closed file root://xrootd-cms.infn.it//store/mc/RunIISummer20UL16MiniAODv2/QCD_Pt_50to80_TuneCP5_13TeV_pythia8/MINIAODSIM/106X_mcRun2_asymptotic_v17-v1/270000/5731AF10-0775-BB4A-8ACE-19D380AB0694.root
11-Jun-2024 08:40:51 CEST  Initiating request to open file root://eoscms.cern.ch//eos/cms/store/mc/RunIISummer20UL16MiniAODv2/QCD_Pt_50to80_TuneCP5_13TeV_pythia8/MINIAODSIM/106X_mcRun2_asymptotic_v17-v1/270000/2A990252-82D8-C643-AEA5-40E991381A1D.root
%MSG-w XrdAdaptorInternal:  file_open 11-Jun-2024 08:40:52 CEST PostProcessEvent
Failed to open file at URL root://eoscms.cern.ch:1094//eos/cms/store/mc/RunIISummer20UL16MiniAODv2/QCD_Pt_50to80_TuneCP5_13TeV_pythia8/MINIAODSIM/106X_mcRun2_asymptotic_v17-v1/270000/2A990252-82D8-C643-AEA5-40E991381A1D.root.
%MSG
%MSG-w XrdAdaptorInternal:  file_open 11-Jun-2024 08:40:52 CEST PostProcessEvent
Failed to open file at URL root://eoscms.cern.ch:1094//eos/cms/store/mc/RunIISummer20UL16MiniAODv2/QCD_Pt_50to80_TuneCP5_13TeV_pythia8/MINIAODSIM/106X_mcRun2_asymptotic_v17-v1/270000/2A990252-82D8-C643-AEA5-40E991381A1D.root?tried=.
%MSG
11-Jun-2024 08:40:52 CEST  Fallback request to file root://xrootd-cms.infn.it//store/mc/RunIISummer20UL16MiniAODv2/QCD_Pt_50to80_TuneCP5_13TeV_pythia8/MINIAODSIM/106X_mcRun2_asymptotic_v17-v1/270000/2A990252-82D8-C643-AEA5-40E991381A1D.root
%MSG-w XrdAdaptor:  file_open 11-Jun-2024 08:41:06 CEST PostProcessEvent
Data is served from T2_US_MIT instead of original site T2_FR_GRIF_LLR
%MSG
11-Jun-2024 08:41:07 CEST  Successfully opened file root://xrootd-cms.infn.it//store/mc/RunIISummer20UL16MiniAODv2/QCD_Pt_50to80_TuneCP5_13TeV_pythia8/MINIAODSIM/106X_mcRun2_asymptotic_v17-v1/270000/2A990252-82D8-C643-AEA5-40E991381A1D.root
Begin processing the 100001st record. Run 1, Event 12230009, LumiSection 12231 on stream 0 at 11-Jun-2024 08:41:12.542 CEST
11-Jun-2024 08:41:15 CEST  Closed file root://xrootd-cms.infn.it//store/mc/RunIISummer20UL16MiniAODv2/QCD_Pt_50to80_TuneCP5_13TeV_pythia8/MINIAODSIM/106X_mcRun2_asymptotic_v17-v1/270000/2A990252-82D8-C643-AEA5-40E991381A1D.root
11-Jun-2024 08:41:15 CEST  Initiating request to open file root://eoscms.cern.ch//eos/cms/store/mc/RunIISummer20UL16MiniAODv2/QCD_Pt_50to80_TuneCP5_13TeV_pythia8/MINIAODSIM/106X_mcRun2_asymptotic_v17-v1/270000/4E60DC3A-026F-E240-8A91-C10DE55190FC.root
%MSG-w XrdAdaptorInternal:  file_open 11-Jun-2024 08:41:16 CEST PostProcessEvent
Failed to open file at URL root://eoscms.cern.ch:1094//eos/cms/store/mc/RunIISummer20UL16MiniAODv2/QCD_Pt_50to80_TuneCP5_13TeV_pythia8/MINIAODSIM/106X_mcRun2_asymptotic_v17-v1/270000/4E60DC3A-026F-E240-8A91-C10DE55190FC.root.
%MSG
%MSG-w XrdAdaptorInternal:  file_open 11-Jun-2024 08:41:16 CEST PostProcessEvent
Failed to open file at URL root://eoscms.cern.ch:1094//eos/cms/store/mc/RunIISummer20UL16MiniAODv2/QCD_Pt_50to80_TuneCP5_13TeV_pythia8/MINIAODSIM/106X_mcRun2_asymptotic_v17-v1/270000/4E60DC3A-026F-E240-8A91-C10DE55190FC.root?tried=.
%MSG
11-Jun-2024 08:41:16 CEST  Fallback request to file root://xrootd-cms.infn.it//store/mc/RunIISummer20UL16MiniAODv2/QCD_Pt_50to80_TuneCP5_13TeV_pythia8/MINIAODSIM/106X_mcRun2_asymptotic_v17-v1/270000/4E60DC3A-026F-E240-8A91-C10DE55190FC.root
%MSG-w XrdAdaptor:  file_open 11-Jun-2024 08:41:29 CEST PostProcessEvent
Data is served from T2_US_MIT instead of original site T2_FR_GRIF_LLR
%MSG
11-Jun-2024 08:41:29 CEST  Successfully opened file root://xrootd-cms.infn.it//store/mc/RunIISummer20UL16MiniAODv2/QCD_Pt_50to80_TuneCP5_13TeV_pythia8/MINIAODSIM/106X_mcRun2_asymptotic_v17-v1/270000/4E60DC3A-026F-E240-8A91-C10DE55190FC.root
Begin processing the 200001st record. Run 1, Event 14126001, LumiSection 14127 on stream 0 at 11-Jun-2024 08:41:35.150 CEST
11-Jun-2024 08:41:37 CEST  Closed file root://xrootd-cms.infn.it//store/mc/RunIISummer20UL16MiniAODv2/QCD_Pt_50to80_TuneCP5_13TeV_pythia8/MINIAODSIM/106X_mcRun2_asymptotic_v17-v1/270000/4E60DC3A-026F-E240-8A91-C10DE55190FC.root
11-Jun-2024 08:41:37 CEST  Initiating request to open file root://eoscms.cern.ch//eos/cms/store/mc/RunIISummer20UL16MiniAODv2/QCD_Pt_50to80_TuneCP5_13TeV_pythia8/MINIAODSIM/106X_mcRun2_asymptotic_v17-v1/270000/D4E0665C-67B9-FD4D-BFCA-31A4B6667129.root
%MSG-w XrdAdaptorInternal:  file_open 11-Jun-2024 08:41:38 CEST PostProcessEvent
Failed to open file at URL root://eoscms.cern.ch:1094//eos/cms/store/mc/RunIISummer20UL16MiniAODv2/QCD_Pt_50to80_TuneCP5_13TeV_pythia8/MINIAODSIM/106X_mcRun2_asymptotic_v17-v1/270000/D4E0665C-67B9-FD4D-BFCA-31A4B6667129.root.
%MSG
%MSG-w XrdAdaptorInternal:  file_open 11-Jun-2024 08:41:38 CEST PostProcessEvent
Failed to open file at URL root://eoscms.cern.ch:1094//eos/cms/store/mc/RunIISummer20UL16MiniAODv2/QCD_Pt_50to80_TuneCP5_13TeV_pythia8/MINIAODSIM/106X_mcRun2_asymptotic_v17-v1/270000/D4E0665C-67B9-FD4D-BFCA-31A4B6667129.root?tried=.
%MSG
11-Jun-2024 08:41:38 CEST  Fallback request to file root://xrootd-cms.infn.it//store/mc/RunIISummer20UL16MiniAODv2/QCD_Pt_50to80_TuneCP5_13TeV_pythia8/MINIAODSIM/106X_mcRun2_asymptotic_v17-v1/270000/D4E0665C-67B9-FD4D-BFCA-31A4B6667129.root
%MSG-w XrdAdaptor:  file_open 11-Jun-2024 08:41:52 CEST PostProcessEvent
Data is served from T2_US_MIT instead of original site T2_FR_GRIF_LLR
%MSG
11-Jun-2024 08:41:53 CEST  Successfully opened file root://xrootd-cms.infn.it//store/mc/RunIISummer20UL16MiniAODv2/QCD_Pt_50to80_TuneCP5_13TeV_pythia8/MINIAODSIM/106X_mcRun2_asymptotic_v17-v1/270000/D4E0665C-67B9-FD4D-BFCA-31A4B6667129.root
Begin processing the 300001st record. Run 1, Event 13388002, LumiSection 13389 on stream 0 at 11-Jun-2024 08:42:01.912 CEST
11-Jun-2024 08:42:03 CEST  Closed file root://xrootd-cms.infn.it//store/mc/RunIISummer20UL16MiniAODv2/QCD_Pt_50to80_TuneCP5_13TeV_pythia8/MINIAODSIM/106X_mcRun2_asymptotic_v17-v1/270000/D4E0665C-67B9-FD4D-BFCA-31A4B6667129.root
11-Jun-2024 08:42:03 CEST  Initiating request to open file root://eoscms.cern.ch//eos/cms/store/mc/RunIISummer20UL16MiniAODv2/QCD_Pt_50to80_TuneCP5_13TeV_pythia8/MINIAODSIM/106X_mcRun2_asymptotic_v17-v1/270000/7EEB063E-C262-2445-BBC4-C0649D37072E.root
%MSG-w XrdAdaptorInternal:  file_open 11-Jun-2024 08:42:04 CEST PostProcessEvent
Failed to open file at URL root://eoscms.cern.ch:1094//eos/cms/store/mc/RunIISummer20UL16MiniAODv2/QCD_Pt_50to80_TuneCP5_13TeV_pythia8/MINIAODSIM/106X_mcRun2_asymptotic_v17-v1/270000/7EEB063E-C262-2445-BBC4-C0649D37072E.root.
%MSG
%MSG-w XrdAdaptorInternal:  file_open 11-Jun-2024 08:42:04 CEST PostProcessEvent
Failed to open file at URL root://eoscms.cern.ch:1094//eos/cms/store/mc/RunIISummer20UL16MiniAODv2/QCD_Pt_50to80_TuneCP5_13TeV_pythia8/MINIAODSIM/106X_mcRun2_asymptotic_v17-v1/270000/7EEB063E-C262-2445-BBC4-C0649D37072E.root?tried=.
%MSG
11-Jun-2024 08:42:04 CEST  Fallback request to file root://xrootd-cms.infn.it//store/mc/RunIISummer20UL16MiniAODv2/QCD_Pt_50to80_TuneCP5_13TeV_pythia8/MINIAODSIM/106X_mcRun2_asymptotic_v17-v1/270000/7EEB063E-C262-2445-BBC4-C0649D37072E.root
%MSG-w XrdAdaptor:  file_open 11-Jun-2024 08:42:18 CEST PostProcessEvent
Data is served from T2_US_MIT instead of original site T2_FR_GRIF_LLR
%MSG
11-Jun-2024 08:42:18 CEST  Successfully opened file root://xrootd-cms.infn.it//store/mc/RunIISummer20UL16MiniAODv2/QCD_Pt_50to80_TuneCP5_13TeV_pythia8/MINIAODSIM/106X_mcRun2_asymptotic_v17-v1/270000/7EEB063E-C262-2445-BBC4-C0649D37072E.root
Begin processing the 400001st record. Run 1, Event 13592016, LumiSection 13593 on stream 0 at 11-Jun-2024 08:42:24.468 CEST
11-Jun-2024 08:42:26 CEST  Closed file root://xrootd-cms.infn.it//store/mc/RunIISummer20UL16MiniAODv2/QCD_Pt_50to80_TuneCP5_13TeV_pythia8/MINIAODSIM/106X_mcRun2_asymptotic_v17-v1/270000/7EEB063E-C262-2445-BBC4-C0649D37072E.root
11-Jun-2024 08:42:26 CEST  Initiating request to open file root://eoscms.cern.ch//eos/cms/store/mc/RunIISummer20UL16MiniAODv2/QCD_Pt_50to80_TuneCP5_13TeV_pythia8/MINIAODSIM/106X_mcRun2_asymptotic_v17-v1/270000/7578BFA5-EF88-E046-8472-734B45D66C95.root
%MSG-w XrdAdaptorInternal:  file_open 11-Jun-2024 08:42:27 CEST PostProcessEvent
Failed to open file at URL root://eoscms.cern.ch:1094//eos/cms/store/mc/RunIISummer20UL16MiniAODv2/QCD_Pt_50to80_TuneCP5_13TeV_pythia8/MINIAODSIM/106X_mcRun2_asymptotic_v17-v1/270000/7578BFA5-EF88-E046-8472-734B45D66C95.root.
%MSG
%MSG-w XrdAdaptorInternal:  file_open 11-Jun-2024 08:42:27 CEST PostProcessEvent
Failed to open file at URL root://eoscms.cern.ch:1094//eos/cms/store/mc/RunIISummer20UL16MiniAODv2/QCD_Pt_50to80_TuneCP5_13TeV_pythia8/MINIAODSIM/106X_mcRun2_asymptotic_v17-v1/270000/7578BFA5-EF88-E046-8472-734B45D66C95.root?tried=.
%MSG
11-Jun-2024 08:42:27 CEST  Fallback request to file root://xrootd-cms.infn.it//store/mc/RunIISummer20UL16MiniAODv2/QCD_Pt_50to80_TuneCP5_13TeV_pythia8/MINIAODSIM/106X_mcRun2_asymptotic_v17-v1/270000/7578BFA5-EF88-E046-8472-734B45D66C95.root
%MSG-w XrdAdaptor:  file_open 11-Jun-2024 08:42:40 CEST PostProcessEvent
Data is served from T2_US_MIT instead of original site T2_FR_GRIF_LLR
%MSG
11-Jun-2024 08:42:40 CEST  Successfully opened file root://xrootd-cms.infn.it//store/mc/RunIISummer20UL16MiniAODv2/QCD_Pt_50to80_TuneCP5_13TeV_pythia8/MINIAODSIM/106X_mcRun2_asymptotic_v17-v1/270000/7578BFA5-EF88-E046-8472-734B45D66C95.root
Begin processing the 500001st record. Run 1, Event 13892011, LumiSection 13893 on stream 0 at 11-Jun-2024 08:42:46.875 CEST
11-Jun-2024 08:42:48 CEST  Closed file root://xrootd-cms.infn.it//store/mc/RunIISummer20UL16MiniAODv2/QCD_Pt_50to80_TuneCP5_13TeV_pythia8/MINIAODSIM/106X_mcRun2_asymptotic_v17-v1/270000/7578BFA5-EF88-E046-8472-734B45D66C95.root
11-Jun-2024 08:42:48 CEST  Initiating request to open file root://eoscms.cern.ch//eos/cms/store/mc/RunIISummer20UL16MiniAODv2/QCD_Pt_50to80_TuneCP5_13TeV_pythia8/MINIAODSIM/106X_mcRun2_asymptotic_v17-v1/270000/24D3A749-DB4C-7445-90F7-5A61768C8DB2.root
%MSG-w XrdAdaptorInternal:  file_open 11-Jun-2024 08:42:49 CEST PostProcessEvent
Failed to open file at URL root://eoscms.cern.ch:1094//eos/cms/store/mc/RunIISummer20UL16MiniAODv2/QCD_Pt_50to80_TuneCP5_13TeV_pythia8/MINIAODSIM/106X_mcRun2_asymptotic_v17-v1/270000/24D3A749-DB4C-7445-90F7-5A61768C8DB2.root.
%MSG
%MSG-w XrdAdaptorInternal:  file_open 11-Jun-2024 08:42:49 CEST PostProcessEvent
Failed to open file at URL root://eoscms.cern.ch:1094//eos/cms/store/mc/RunIISummer20UL16MiniAODv2/QCD_Pt_50to80_TuneCP5_13TeV_pythia8/MINIAODSIM/106X_mcRun2_asymptotic_v17-v1/270000/24D3A749-DB4C-7445-90F7-5A61768C8DB2.root?tried=.
%MSG
11-Jun-2024 08:42:49 CEST  Fallback request to file root://xrootd-cms.infn.it//store/mc/RunIISummer20UL16MiniAODv2/QCD_Pt_50to80_TuneCP5_13TeV_pythia8/MINIAODSIM/106X_mcRun2_asymptotic_v17-v1/270000/24D3A749-DB4C-7445-90F7-5A61768C8DB2.root
%MSG-w XrdAdaptor:  file_open 11-Jun-2024 08:43:03 CEST PostProcessEvent
Data is served from T2_US_MIT instead of original site T2_FR_GRIF_LLR
%MSG
11-Jun-2024 08:43:04 CEST  Successfully opened file root://xrootd-cms.infn.it//store/mc/RunIISummer20UL16MiniAODv2/QCD_Pt_50to80_TuneCP5_13TeV_pythia8/MINIAODSIM/106X_mcRun2_asymptotic_v17-v1/270000/24D3A749-DB4C-7445-90F7-5A61768C8DB2.root
Begin processing the 600001st record. Run 1, Event 14484014, LumiSection 14485 on stream 0 at 11-Jun-2024 08:43:10.470 CEST
11-Jun-2024 08:43:11 CEST  Closed file root://xrootd-cms.infn.it//store/mc/RunIISummer20UL16MiniAODv2/QCD_Pt_50to80_TuneCP5_13TeV_pythia8/MINIAODSIM/106X_mcRun2_asymptotic_v17-v1/270000/24D3A749-DB4C-7445-90F7-5A61768C8DB2.root
11-Jun-2024 08:43:11 CEST  Initiating request to open file root://eoscms.cern.ch//eos/cms/store/mc/RunIISummer20UL16MiniAODv2/QCD_Pt_50to80_TuneCP5_13TeV_pythia8/MINIAODSIM/106X_mcRun2_asymptotic_v17-v1/270000/75099800-F14B-954A-9EE8-F84FD83F7BF3.root
%MSG-w XrdAdaptorInternal:  file_open 11-Jun-2024 08:43:12 CEST PostProcessEvent
Failed to open file at URL root://eoscms.cern.ch:1094//eos/cms/store/mc/RunIISummer20UL16MiniAODv2/QCD_Pt_50to80_TuneCP5_13TeV_pythia8/MINIAODSIM/106X_mcRun2_asymptotic_v17-v1/270000/75099800-F14B-954A-9EE8-F84FD83F7BF3.root.
%MSG
%MSG-w XrdAdaptorInternal:  file_open 11-Jun-2024 08:43:12 CEST PostProcessEvent
Failed to open file at URL root://eoscms.cern.ch:1094//eos/cms/store/mc/RunIISummer20UL16MiniAODv2/QCD_Pt_50to80_TuneCP5_13TeV_pythia8/MINIAODSIM/106X_mcRun2_asymptotic_v17-v1/270000/75099800-F14B-954A-9EE8-F84FD83F7BF3.root?tried=.
%MSG
11-Jun-2024 08:43:12 CEST  Fallback request to file root://xrootd-cms.infn.it//store/mc/RunIISummer20UL16MiniAODv2/QCD_Pt_50to80_TuneCP5_13TeV_pythia8/MINIAODSIM/106X_mcRun2_asymptotic_v17-v1/270000/75099800-F14B-954A-9EE8-F84FD83F7BF3.root
%MSG-w XrdAdaptor:  file_open 11-Jun-2024 08:43:27 CEST PostProcessEvent
Data is served from T2_US_MIT instead of original site T2_FR_GRIF_LLR
%MSG
11-Jun-2024 08:43:27 CEST  Successfully opened file root://xrootd-cms.infn.it//store/mc/RunIISummer20UL16MiniAODv2/QCD_Pt_50to80_TuneCP5_13TeV_pythia8/MINIAODSIM/106X_mcRun2_asymptotic_v17-v1/270000/75099800-F14B-954A-9EE8-F84FD83F7BF3.root
Begin processing the 700001st record. Run 1, Event 14872003, LumiSection 14873 on stream 0 at 11-Jun-2024 08:43:33.962 CEST
11-Jun-2024 08:43:35 CEST  Closed file root://xrootd-cms.infn.it//store/mc/RunIISummer20UL16MiniAODv2/QCD_Pt_50to80_TuneCP5_13TeV_pythia8/MINIAODSIM/106X_mcRun2_asymptotic_v17-v1/270000/75099800-F14B-954A-9EE8-F84FD83F7BF3.root
11-Jun-2024 08:43:35 CEST  Initiating request to open file root://eoscms.cern.ch//eos/cms/store/mc/RunIISummer20UL16MiniAODv2/QCD_Pt_50to80_TuneCP5_13TeV_pythia8/MINIAODSIM/106X_mcRun2_asymptotic_v17-v1/270000/7A602FE7-FF4A-0B45-A0FC-E0C0E71DD008.root
%MSG-w XrdAdaptorInternal:  file_open 11-Jun-2024 08:43:36 CEST PostProcessEvent
Failed to open file at URL root://eoscms.cern.ch:1094//eos/cms/store/mc/RunIISummer20UL16MiniAODv2/QCD_Pt_50to80_TuneCP5_13TeV_pythia8/MINIAODSIM/106X_mcRun2_asymptotic_v17-v1/270000/7A602FE7-FF4A-0B45-A0FC-E0C0E71DD008.root.
%MSG
%MSG-w XrdAdaptorInternal:  file_open 11-Jun-2024 08:43:36 CEST PostProcessEvent
Failed to open file at URL root://eoscms.cern.ch:1094//eos/cms/store/mc/RunIISummer20UL16MiniAODv2/QCD_Pt_50to80_TuneCP5_13TeV_pythia8/MINIAODSIM/106X_mcRun2_asymptotic_v17-v1/270000/7A602FE7-FF4A-0B45-A0FC-E0C0E71DD008.root?tried=.
%MSG
11-Jun-2024 08:43:36 CEST  Fallback request to file root://xrootd-cms.infn.it//store/mc/RunIISummer20UL16MiniAODv2/QCD_Pt_50to80_TuneCP5_13TeV_pythia8/MINIAODSIM/106X_mcRun2_asymptotic_v17-v1/270000/7A602FE7-FF4A-0B45-A0FC-E0C0E71DD008.root
%MSG-w XrdAdaptor:  file_open 11-Jun-2024 08:43:50 CEST PostProcessEvent
Data is served from T2_US_MIT instead of original site T2_FR_GRIF_LLR
%MSG
11-Jun-2024 08:43:50 CEST  Successfully opened file root://xrootd-cms.infn.it//store/mc/RunIISummer20UL16MiniAODv2/QCD_Pt_50to80_TuneCP5_13TeV_pythia8/MINIAODSIM/106X_mcRun2_asymptotic_v17-v1/270000/7A602FE7-FF4A-0B45-A0FC-E0C0E71DD008.root
Begin processing the 800001st record. Run 1, Event 17632005, LumiSection 17633 on stream 0 at 11-Jun-2024 08:43:58.284 CEST
11-Jun-2024 08:44:00 CEST  Closed file root://xrootd-cms.infn.it//store/mc/RunIISummer20UL16MiniAODv2/QCD_Pt_50to80_TuneCP5_13TeV_pythia8/MINIAODSIM/106X_mcRun2_asymptotic_v17-v1/270000/7A602FE7-FF4A-0B45-A0FC-E0C0E71DD008.root
11-Jun-2024 08:44:00 CEST  Initiating request to open file root://eoscms.cern.ch//eos/cms/store/mc/RunIISummer20UL16MiniAODv2/QCD_Pt_50to80_TuneCP5_13TeV_pythia8/MINIAODSIM/106X_mcRun2_asymptotic_v17-v1/270000/435769A9-6FCA-8443-BF66-E4A706A20C13.root
%MSG-w XrdAdaptorInternal:  file_open 11-Jun-2024 08:44:01 CEST PostProcessEvent
Failed to open file at URL root://eoscms.cern.ch:1094//eos/cms/store/mc/RunIISummer20UL16MiniAODv2/QCD_Pt_50to80_TuneCP5_13TeV_pythia8/MINIAODSIM/106X_mcRun2_asymptotic_v17-v1/270000/435769A9-6FCA-8443-BF66-E4A706A20C13.root.
%MSG
%MSG-w XrdAdaptorInternal:  file_open 11-Jun-2024 08:44:01 CEST PostProcessEvent
Failed to open file at URL root://eoscms.cern.ch:1094//eos/cms/store/mc/RunIISummer20UL16MiniAODv2/QCD_Pt_50to80_TuneCP5_13TeV_pythia8/MINIAODSIM/106X_mcRun2_asymptotic_v17-v1/270000/435769A9-6FCA-8443-BF66-E4A706A20C13.root?tried=.
%MSG
11-Jun-2024 08:44:01 CEST  Fallback request to file root://xrootd-cms.infn.it//store/mc/RunIISummer20UL16MiniAODv2/QCD_Pt_50to80_TuneCP5_13TeV_pythia8/MINIAODSIM/106X_mcRun2_asymptotic_v17-v1/270000/435769A9-6FCA-8443-BF66-E4A706A20C13.root
%MSG-w XrdAdaptor:  file_open 11-Jun-2024 08:44:14 CEST PostProcessEvent
Data is served from T2_US_MIT instead of original site T2_FR_GRIF_LLR
%MSG
11-Jun-2024 08:44:14 CEST  Successfully opened file root://xrootd-cms.infn.it//store/mc/RunIISummer20UL16MiniAODv2/QCD_Pt_50to80_TuneCP5_13TeV_pythia8/MINIAODSIM/106X_mcRun2_asymptotic_v17-v1/270000/435769A9-6FCA-8443-BF66-E4A706A20C13.root
Begin processing the 900001st record. Run 1, Event 8294003, LumiSection 8295 on stream 0 at 11-Jun-2024 08:44:21.539 CEST
11-Jun-2024 08:44:24 CEST  Closed file root://xrootd-cms.infn.it//store/mc/RunIISummer20UL16MiniAODv2/QCD_Pt_50to80_TuneCP5_13TeV_pythia8/MINIAODSIM/106X_mcRun2_asymptotic_v17-v1/270000/435769A9-6FCA-8443-BF66-E4A706A20C13.root
11-Jun-2024 08:44:24 CEST  Initiating request to open file root://eoscms.cern.ch//eos/cms/store/mc/RunIISummer20UL16MiniAODv2/QCD_Pt_50to80_TuneCP5_13TeV_pythia8/MINIAODSIM/106X_mcRun2_asymptotic_v17-v1/270000/D2E45A3F-221A-0C4F-B32B-7E5911B2B20F.root
%MSG-w XrdAdaptorInternal:  file_open 11-Jun-2024 08:44:25 CEST PostProcessEvent
Failed to open file at URL root://eoscms.cern.ch:1094//eos/cms/store/mc/RunIISummer20UL16MiniAODv2/QCD_Pt_50to80_TuneCP5_13TeV_pythia8/MINIAODSIM/106X_mcRun2_asymptotic_v17-v1/270000/D2E45A3F-221A-0C4F-B32B-7E5911B2B20F.root.
%MSG
%MSG-w XrdAdaptorInternal:  file_open 11-Jun-2024 08:44:25 CEST PostProcessEvent
Failed to open file at URL root://eoscms.cern.ch:1094//eos/cms/store/mc/RunIISummer20UL16MiniAODv2/QCD_Pt_50to80_TuneCP5_13TeV_pythia8/MINIAODSIM/106X_mcRun2_asymptotic_v17-v1/270000/D2E45A3F-221A-0C4F-B32B-7E5911B2B20F.root?tried=.
%MSG
11-Jun-2024 08:44:25 CEST  Fallback request to file root://xrootd-cms.infn.it//store/mc/RunIISummer20UL16MiniAODv2/QCD_Pt_50to80_TuneCP5_13TeV_pythia8/MINIAODSIM/106X_mcRun2_asymptotic_v17-v1/270000/D2E45A3F-221A-0C4F-B32B-7E5911B2B20F.root
%MSG-w XrdAdaptor:  file_open 11-Jun-2024 08:44:38 CEST PostProcessEvent
Data is served from T2_US_MIT instead of original site T2_FR_GRIF_LLR
%MSG
11-Jun-2024 08:44:38 CEST  Successfully opened file root://xrootd-cms.infn.it//store/mc/RunIISummer20UL16MiniAODv2/QCD_Pt_50to80_TuneCP5_13TeV_pythia8/MINIAODSIM/106X_mcRun2_asymptotic_v17-v1/270000/D2E45A3F-221A-0C4F-B32B-7E5911B2B20F.root
11-Jun-2024 08:44:44 CEST  Closed file root://xrootd-cms.infn.it//store/mc/RunIISummer20UL16MiniAODv2/QCD_Pt_50to80_TuneCP5_13TeV_pythia8/MINIAODSIM/106X_mcRun2_asymptotic_v17-v1/270000/D2E45A3F-221A-0C4F-B32B-7E5911B2B20F.root

------------------------------------
GenXsecAnalyzer:
------------------------------------
Before Filter: total cross section = 1.571e+07 +- 8.029e+03 pb
Filter efficiency (taking into account weights)= (1e+06) / (1e+06) = 1.000e+00 +- 0.000e+00
Filter efficiency (event-level)= (1e+06) / (1e+06) = 1.000e+00 +- 0.000e+00    [TO BE USED IN MCM]

After filter: final cross section = 1.571e+07 +- 8.029e+03 pb
After filter: final fraction of events with negative weights = 0.000e+00 +- 0.000e+00
After filter: final equivalent lumi for 1M events (1/fb) = 6.366e-05 +- 7.150e-08

=============================================

MessageLogger Summary

 type     category        sev    module        subroutine        count    total
 ---- -------------------- -- ---------------- ----------------  -----    -----
    1 GenXSecAnalyzer      -w GenXSecAnalyzer:                       7        7
    2 XrdAdaptor           -w file_open                             11       11
    3 XrdAdaptorInternal   -w file_open                             22       22
    4 fileAction           -s file_close                            11       11
    5 fileAction           -s file_open                             33       33

 type    category    Examples: run/evt        run/evt          run/evt
 ---- -------------------- ---------------- ---------------- ----------------
    1 GenXSecAnalyzer      PostGlobalEndRun PostGlobalEndRun PostGlobalEndRun
    2 XrdAdaptor           pre-events       PostProcessEvent PostProcessEvent
    3 XrdAdaptorInternal   pre-events       pre-events       PostProcessEvent
    4 fileAction           PostProcessEvent PostProcessEvent PostGlobalEndRun
    5 fileAction           pre-events       pre-events       PostProcessEvent

Severity    # Occurrences   Total Occurrences
--------    -------------   -----------------
Warning                40                  40
System                 44                  44

dropped waiting message count 0
