10-Jun-2024 15:06:18 CEST  Initiating request to open file root://eoscms.cern.ch//eos/cms/store/mc/RunIISummer20UL18MiniAODv2/QCD_Pt_600to800_TuneCP5_13TeV_pythia8/MINIAODSIM/106X_upgrade2018_realistic_v16_L1v1-v1/100000/261554E8-0D86-274E-B2F8-DA1402302B7F.root
%MSG-w XrdAdaptorInternal:  file_open 10-Jun-2024 15:06:19 CEST pre-events
Failed to open file at URL root://eoscms.cern.ch:1094//eos/cms/store/mc/RunIISummer20UL18MiniAODv2/QCD_Pt_600to800_TuneCP5_13TeV_pythia8/MINIAODSIM/106X_upgrade2018_realistic_v16_L1v1-v1/100000/261554E8-0D86-274E-B2F8-DA1402302B7F.root.
%MSG
%MSG-w XrdAdaptorInternal:  file_open 10-Jun-2024 15:06:19 CEST pre-events
Failed to open file at URL root://eoscms.cern.ch:1094//eos/cms/store/mc/RunIISummer20UL18MiniAODv2/QCD_Pt_600to800_TuneCP5_13TeV_pythia8/MINIAODSIM/106X_upgrade2018_realistic_v16_L1v1-v1/100000/261554E8-0D86-274E-B2F8-DA1402302B7F.root?tried=.
%MSG
10-Jun-2024 15:06:19 CEST  Fallback request to file root://xrootd-cms.infn.it//store/mc/RunIISummer20UL18MiniAODv2/QCD_Pt_600to800_TuneCP5_13TeV_pythia8/MINIAODSIM/106X_upgrade2018_realistic_v16_L1v1-v1/100000/261554E8-0D86-274E-B2F8-DA1402302B7F.root
%MSG-w XrdAdaptor:  file_open 10-Jun-2024 15:06:21 CEST pre-events
Data is served from desy.de instead of original site T2_FR_GRIF_LLR
%MSG
10-Jun-2024 15:06:26 CEST  Successfully opened file root://xrootd-cms.infn.it//store/mc/RunIISummer20UL18MiniAODv2/QCD_Pt_600to800_TuneCP5_13TeV_pythia8/MINIAODSIM/106X_upgrade2018_realistic_v16_L1v1-v1/100000/261554E8-0D86-274E-B2F8-DA1402302B7F.root
Begin processing the 1st record. Run 1, Event 12480002, LumiSection 12481 on stream 0 at 10-Jun-2024 15:06:30.198 CEST
10-Jun-2024 15:06:33 CEST  Closed file root://xrootd-cms.infn.it//store/mc/RunIISummer20UL18MiniAODv2/QCD_Pt_600to800_TuneCP5_13TeV_pythia8/MINIAODSIM/106X_upgrade2018_realistic_v16_L1v1-v1/100000/261554E8-0D86-274E-B2F8-DA1402302B7F.root
10-Jun-2024 15:06:33 CEST  Initiating request to open file root://eoscms.cern.ch//eos/cms/store/mc/RunIISummer20UL18MiniAODv2/QCD_Pt_600to800_TuneCP5_13TeV_pythia8/MINIAODSIM/106X_upgrade2018_realistic_v16_L1v1-v1/100000/C8607797-DD49-9F48-BD22-941401BEFB38.root
%MSG-w XrdAdaptorInternal:  file_open 10-Jun-2024 15:06:34 CEST PostProcessEvent
Failed to open file at URL root://eoscms.cern.ch:1094//eos/cms/store/mc/RunIISummer20UL18MiniAODv2/QCD_Pt_600to800_TuneCP5_13TeV_pythia8/MINIAODSIM/106X_upgrade2018_realistic_v16_L1v1-v1/100000/C8607797-DD49-9F48-BD22-941401BEFB38.root.
%MSG
%MSG-w XrdAdaptorInternal:  file_open 10-Jun-2024 15:06:34 CEST PostProcessEvent
Failed to open file at URL root://eoscms.cern.ch:1094//eos/cms/store/mc/RunIISummer20UL18MiniAODv2/QCD_Pt_600to800_TuneCP5_13TeV_pythia8/MINIAODSIM/106X_upgrade2018_realistic_v16_L1v1-v1/100000/C8607797-DD49-9F48-BD22-941401BEFB38.root?tried=.
%MSG
10-Jun-2024 15:06:34 CEST  Fallback request to file root://xrootd-cms.infn.it//store/mc/RunIISummer20UL18MiniAODv2/QCD_Pt_600to800_TuneCP5_13TeV_pythia8/MINIAODSIM/106X_upgrade2018_realistic_v16_L1v1-v1/100000/C8607797-DD49-9F48-BD22-941401BEFB38.root
%MSG-w XrdAdaptor:  file_open 10-Jun-2024 15:06:35 CEST PostProcessEvent
Data is served from desy.de instead of original site T2_FR_GRIF_LLR
%MSG
10-Jun-2024 15:06:35 CEST  Successfully opened file root://xrootd-cms.infn.it//store/mc/RunIISummer20UL18MiniAODv2/QCD_Pt_600to800_TuneCP5_13TeV_pythia8/MINIAODSIM/106X_upgrade2018_realistic_v16_L1v1-v1/100000/C8607797-DD49-9F48-BD22-941401BEFB38.root
10-Jun-2024 15:06:41 CEST  Closed file root://xrootd-cms.infn.it//store/mc/RunIISummer20UL18MiniAODv2/QCD_Pt_600to800_TuneCP5_13TeV_pythia8/MINIAODSIM/106X_upgrade2018_realistic_v16_L1v1-v1/100000/C8607797-DD49-9F48-BD22-941401BEFB38.root
10-Jun-2024 15:06:41 CEST  Initiating request to open file root://eoscms.cern.ch//eos/cms/store/mc/RunIISummer20UL18MiniAODv2/QCD_Pt_600to800_TuneCP5_13TeV_pythia8/MINIAODSIM/106X_upgrade2018_realistic_v16_L1v1-v1/100000/4B346DAC-8B4F-614F-ADC0-0140B375DFD4.root
%MSG-w XrdAdaptorInternal:  file_open 10-Jun-2024 15:06:42 CEST PostProcessEvent
Failed to open file at URL root://eoscms.cern.ch:1094//eos/cms/store/mc/RunIISummer20UL18MiniAODv2/QCD_Pt_600to800_TuneCP5_13TeV_pythia8/MINIAODSIM/106X_upgrade2018_realistic_v16_L1v1-v1/100000/4B346DAC-8B4F-614F-ADC0-0140B375DFD4.root.
%MSG
%MSG-w XrdAdaptorInternal:  file_open 10-Jun-2024 15:06:42 CEST PostProcessEvent
Failed to open file at URL root://eoscms.cern.ch:1094//eos/cms/store/mc/RunIISummer20UL18MiniAODv2/QCD_Pt_600to800_TuneCP5_13TeV_pythia8/MINIAODSIM/106X_upgrade2018_realistic_v16_L1v1-v1/100000/4B346DAC-8B4F-614F-ADC0-0140B375DFD4.root?tried=.
%MSG
10-Jun-2024 15:06:42 CEST  Fallback request to file root://xrootd-cms.infn.it//store/mc/RunIISummer20UL18MiniAODv2/QCD_Pt_600to800_TuneCP5_13TeV_pythia8/MINIAODSIM/106X_upgrade2018_realistic_v16_L1v1-v1/100000/4B346DAC-8B4F-614F-ADC0-0140B375DFD4.root
%MSG-w XrdAdaptor:  file_open 10-Jun-2024 15:06:43 CEST PostProcessEvent
Data is served from desy.de instead of original site T2_FR_GRIF_LLR
%MSG
10-Jun-2024 15:06:44 CEST  Successfully opened file root://xrootd-cms.infn.it//store/mc/RunIISummer20UL18MiniAODv2/QCD_Pt_600to800_TuneCP5_13TeV_pythia8/MINIAODSIM/106X_upgrade2018_realistic_v16_L1v1-v1/100000/4B346DAC-8B4F-614F-ADC0-0140B375DFD4.root
Begin processing the 100001st record. Run 1, Event 43403008, LumiSection 43404 on stream 0 at 10-Jun-2024 15:06:47.752 CEST
10-Jun-2024 15:06:49 CEST  Closed file root://xrootd-cms.infn.it//store/mc/RunIISummer20UL18MiniAODv2/QCD_Pt_600to800_TuneCP5_13TeV_pythia8/MINIAODSIM/106X_upgrade2018_realistic_v16_L1v1-v1/100000/4B346DAC-8B4F-614F-ADC0-0140B375DFD4.root
10-Jun-2024 15:06:49 CEST  Initiating request to open file root://eoscms.cern.ch//eos/cms/store/mc/RunIISummer20UL18MiniAODv2/QCD_Pt_600to800_TuneCP5_13TeV_pythia8/MINIAODSIM/106X_upgrade2018_realistic_v16_L1v1-v1/100000/DC3FD612-B2E1-144C-9E97-A892AA1CCDED.root
%MSG-w XrdAdaptorInternal:  file_open 10-Jun-2024 15:06:50 CEST PostProcessEvent
Failed to open file at URL root://eoscms.cern.ch:1094//eos/cms/store/mc/RunIISummer20UL18MiniAODv2/QCD_Pt_600to800_TuneCP5_13TeV_pythia8/MINIAODSIM/106X_upgrade2018_realistic_v16_L1v1-v1/100000/DC3FD612-B2E1-144C-9E97-A892AA1CCDED.root.
%MSG
%MSG-w XrdAdaptorInternal:  file_open 10-Jun-2024 15:06:50 CEST PostProcessEvent
Failed to open file at URL root://eoscms.cern.ch:1094//eos/cms/store/mc/RunIISummer20UL18MiniAODv2/QCD_Pt_600to800_TuneCP5_13TeV_pythia8/MINIAODSIM/106X_upgrade2018_realistic_v16_L1v1-v1/100000/DC3FD612-B2E1-144C-9E97-A892AA1CCDED.root?tried=.
%MSG
10-Jun-2024 15:06:50 CEST  Fallback request to file root://xrootd-cms.infn.it//store/mc/RunIISummer20UL18MiniAODv2/QCD_Pt_600to800_TuneCP5_13TeV_pythia8/MINIAODSIM/106X_upgrade2018_realistic_v16_L1v1-v1/100000/DC3FD612-B2E1-144C-9E97-A892AA1CCDED.root
%MSG-w XrdAdaptor:  file_open 10-Jun-2024 15:06:52 CEST PostProcessEvent
Data is served from desy.de instead of original site T2_FR_GRIF_LLR
%MSG
10-Jun-2024 15:06:52 CEST  Successfully opened file root://xrootd-cms.infn.it//store/mc/RunIISummer20UL18MiniAODv2/QCD_Pt_600to800_TuneCP5_13TeV_pythia8/MINIAODSIM/106X_upgrade2018_realistic_v16_L1v1-v1/100000/DC3FD612-B2E1-144C-9E97-A892AA1CCDED.root
10-Jun-2024 15:06:58 CEST  Closed file root://xrootd-cms.infn.it//store/mc/RunIISummer20UL18MiniAODv2/QCD_Pt_600to800_TuneCP5_13TeV_pythia8/MINIAODSIM/106X_upgrade2018_realistic_v16_L1v1-v1/100000/DC3FD612-B2E1-144C-9E97-A892AA1CCDED.root
10-Jun-2024 15:06:58 CEST  Initiating request to open file root://eoscms.cern.ch//eos/cms/store/mc/RunIISummer20UL18MiniAODv2/QCD_Pt_600to800_TuneCP5_13TeV_pythia8/MINIAODSIM/106X_upgrade2018_realistic_v16_L1v1-v1/100000/D03415CD-87FE-5148-B34C-1348527232B0.root
%MSG-w XrdAdaptorInternal:  file_open 10-Jun-2024 15:06:59 CEST PostProcessEvent
Failed to open file at URL root://eoscms.cern.ch:1094//eos/cms/store/mc/RunIISummer20UL18MiniAODv2/QCD_Pt_600to800_TuneCP5_13TeV_pythia8/MINIAODSIM/106X_upgrade2018_realistic_v16_L1v1-v1/100000/D03415CD-87FE-5148-B34C-1348527232B0.root.
%MSG
%MSG-w XrdAdaptorInternal:  file_open 10-Jun-2024 15:06:59 CEST PostProcessEvent
Failed to open file at URL root://eoscms.cern.ch:1094//eos/cms/store/mc/RunIISummer20UL18MiniAODv2/QCD_Pt_600to800_TuneCP5_13TeV_pythia8/MINIAODSIM/106X_upgrade2018_realistic_v16_L1v1-v1/100000/D03415CD-87FE-5148-B34C-1348527232B0.root?tried=.
%MSG
10-Jun-2024 15:06:59 CEST  Fallback request to file root://xrootd-cms.infn.it//store/mc/RunIISummer20UL18MiniAODv2/QCD_Pt_600to800_TuneCP5_13TeV_pythia8/MINIAODSIM/106X_upgrade2018_realistic_v16_L1v1-v1/100000/D03415CD-87FE-5148-B34C-1348527232B0.root
%MSG-w XrdAdaptor:  file_open 10-Jun-2024 15:07:00 CEST PostProcessEvent
Data is served from desy.de instead of original site T2_FR_GRIF_LLR
%MSG
10-Jun-2024 15:07:00 CEST  Successfully opened file root://xrootd-cms.infn.it//store/mc/RunIISummer20UL18MiniAODv2/QCD_Pt_600to800_TuneCP5_13TeV_pythia8/MINIAODSIM/106X_upgrade2018_realistic_v16_L1v1-v1/100000/D03415CD-87FE-5148-B34C-1348527232B0.root
Begin processing the 200001st record. Run 1, Event 48206004, LumiSection 48207 on stream 0 at 10-Jun-2024 15:07:05.556 CEST
10-Jun-2024 15:07:07 CEST  Closed file root://xrootd-cms.infn.it//store/mc/RunIISummer20UL18MiniAODv2/QCD_Pt_600to800_TuneCP5_13TeV_pythia8/MINIAODSIM/106X_upgrade2018_realistic_v16_L1v1-v1/100000/D03415CD-87FE-5148-B34C-1348527232B0.root
10-Jun-2024 15:07:07 CEST  Initiating request to open file root://eoscms.cern.ch//eos/cms/store/mc/RunIISummer20UL18MiniAODv2/QCD_Pt_600to800_TuneCP5_13TeV_pythia8/MINIAODSIM/106X_upgrade2018_realistic_v16_L1v1-v1/100000/F08C5276-3843-CB4E-9E3D-AD22DA8B207F.root
%MSG-w XrdAdaptorInternal:  file_open 10-Jun-2024 15:07:08 CEST PostProcessEvent
Failed to open file at URL root://eoscms.cern.ch:1094//eos/cms/store/mc/RunIISummer20UL18MiniAODv2/QCD_Pt_600to800_TuneCP5_13TeV_pythia8/MINIAODSIM/106X_upgrade2018_realistic_v16_L1v1-v1/100000/F08C5276-3843-CB4E-9E3D-AD22DA8B207F.root.
%MSG
%MSG-w XrdAdaptorInternal:  file_open 10-Jun-2024 15:07:08 CEST PostProcessEvent
Failed to open file at URL root://eoscms.cern.ch:1094//eos/cms/store/mc/RunIISummer20UL18MiniAODv2/QCD_Pt_600to800_TuneCP5_13TeV_pythia8/MINIAODSIM/106X_upgrade2018_realistic_v16_L1v1-v1/100000/F08C5276-3843-CB4E-9E3D-AD22DA8B207F.root?tried=.
%MSG
10-Jun-2024 15:07:08 CEST  Fallback request to file root://xrootd-cms.infn.it//store/mc/RunIISummer20UL18MiniAODv2/QCD_Pt_600to800_TuneCP5_13TeV_pythia8/MINIAODSIM/106X_upgrade2018_realistic_v16_L1v1-v1/100000/F08C5276-3843-CB4E-9E3D-AD22DA8B207F.root
%MSG-w XrdAdaptor:  file_open 10-Jun-2024 15:07:09 CEST PostProcessEvent
Data is served from desy.de instead of original site T2_FR_GRIF_LLR
%MSG
10-Jun-2024 15:07:09 CEST  Successfully opened file root://xrootd-cms.infn.it//store/mc/RunIISummer20UL18MiniAODv2/QCD_Pt_600to800_TuneCP5_13TeV_pythia8/MINIAODSIM/106X_upgrade2018_realistic_v16_L1v1-v1/100000/F08C5276-3843-CB4E-9E3D-AD22DA8B207F.root
10-Jun-2024 15:07:15 CEST  Closed file root://xrootd-cms.infn.it//store/mc/RunIISummer20UL18MiniAODv2/QCD_Pt_600to800_TuneCP5_13TeV_pythia8/MINIAODSIM/106X_upgrade2018_realistic_v16_L1v1-v1/100000/F08C5276-3843-CB4E-9E3D-AD22DA8B207F.root
10-Jun-2024 15:07:15 CEST  Initiating request to open file root://eoscms.cern.ch//eos/cms/store/mc/RunIISummer20UL18MiniAODv2/QCD_Pt_600to800_TuneCP5_13TeV_pythia8/MINIAODSIM/106X_upgrade2018_realistic_v16_L1v1-v1/100000/1A80864F-5BC9-934D-BF8C-4341D963FEFD.root
%MSG-w XrdAdaptorInternal:  file_open 10-Jun-2024 15:07:16 CEST PostProcessEvent
Failed to open file at URL root://eoscms.cern.ch:1094//eos/cms/store/mc/RunIISummer20UL18MiniAODv2/QCD_Pt_600to800_TuneCP5_13TeV_pythia8/MINIAODSIM/106X_upgrade2018_realistic_v16_L1v1-v1/100000/1A80864F-5BC9-934D-BF8C-4341D963FEFD.root.
%MSG
%MSG-w XrdAdaptorInternal:  file_open 10-Jun-2024 15:07:16 CEST PostProcessEvent
Failed to open file at URL root://eoscms.cern.ch:1094//eos/cms/store/mc/RunIISummer20UL18MiniAODv2/QCD_Pt_600to800_TuneCP5_13TeV_pythia8/MINIAODSIM/106X_upgrade2018_realistic_v16_L1v1-v1/100000/1A80864F-5BC9-934D-BF8C-4341D963FEFD.root?tried=.
%MSG
10-Jun-2024 15:07:16 CEST  Fallback request to file root://xrootd-cms.infn.it//store/mc/RunIISummer20UL18MiniAODv2/QCD_Pt_600to800_TuneCP5_13TeV_pythia8/MINIAODSIM/106X_upgrade2018_realistic_v16_L1v1-v1/100000/1A80864F-5BC9-934D-BF8C-4341D963FEFD.root
%MSG-w XrdAdaptor:  file_open 10-Jun-2024 15:07:17 CEST PostProcessEvent
Data is served from desy.de instead of original site T2_FR_GRIF_LLR
%MSG
10-Jun-2024 15:07:17 CEST  Successfully opened file root://xrootd-cms.infn.it//store/mc/RunIISummer20UL18MiniAODv2/QCD_Pt_600to800_TuneCP5_13TeV_pythia8/MINIAODSIM/106X_upgrade2018_realistic_v16_L1v1-v1/100000/1A80864F-5BC9-934D-BF8C-4341D963FEFD.root
Begin processing the 300001st record. Run 1, Event 2445005, LumiSection 2446 on stream 0 at 10-Jun-2024 15:07:22.258 CEST
10-Jun-2024 15:07:23 CEST  Closed file root://xrootd-cms.infn.it//store/mc/RunIISummer20UL18MiniAODv2/QCD_Pt_600to800_TuneCP5_13TeV_pythia8/MINIAODSIM/106X_upgrade2018_realistic_v16_L1v1-v1/100000/1A80864F-5BC9-934D-BF8C-4341D963FEFD.root
10-Jun-2024 15:07:23 CEST  Initiating request to open file root://eoscms.cern.ch//eos/cms/store/mc/RunIISummer20UL18MiniAODv2/QCD_Pt_600to800_TuneCP5_13TeV_pythia8/MINIAODSIM/106X_upgrade2018_realistic_v16_L1v1-v1/100000/7AF76AC5-C09B-3340-90FC-7D2354226467.root
%MSG-w XrdAdaptorInternal:  file_open 10-Jun-2024 15:07:24 CEST PostProcessEvent
Failed to open file at URL root://eoscms.cern.ch:1094//eos/cms/store/mc/RunIISummer20UL18MiniAODv2/QCD_Pt_600to800_TuneCP5_13TeV_pythia8/MINIAODSIM/106X_upgrade2018_realistic_v16_L1v1-v1/100000/7AF76AC5-C09B-3340-90FC-7D2354226467.root.
%MSG
%MSG-w XrdAdaptorInternal:  file_open 10-Jun-2024 15:07:24 CEST PostProcessEvent
Failed to open file at URL root://eoscms.cern.ch:1094//eos/cms/store/mc/RunIISummer20UL18MiniAODv2/QCD_Pt_600to800_TuneCP5_13TeV_pythia8/MINIAODSIM/106X_upgrade2018_realistic_v16_L1v1-v1/100000/7AF76AC5-C09B-3340-90FC-7D2354226467.root?tried=.
%MSG
10-Jun-2024 15:07:24 CEST  Fallback request to file root://xrootd-cms.infn.it//store/mc/RunIISummer20UL18MiniAODv2/QCD_Pt_600to800_TuneCP5_13TeV_pythia8/MINIAODSIM/106X_upgrade2018_realistic_v16_L1v1-v1/100000/7AF76AC5-C09B-3340-90FC-7D2354226467.root
%MSG-w XrdAdaptor:  file_open 10-Jun-2024 15:07:26 CEST PostProcessEvent
Data is served from desy.de instead of original site T2_FR_GRIF_LLR
%MSG
10-Jun-2024 15:07:26 CEST  Successfully opened file root://xrootd-cms.infn.it//store/mc/RunIISummer20UL18MiniAODv2/QCD_Pt_600to800_TuneCP5_13TeV_pythia8/MINIAODSIM/106X_upgrade2018_realistic_v16_L1v1-v1/100000/7AF76AC5-C09B-3340-90FC-7D2354226467.root
10-Jun-2024 15:07:33 CEST  Closed file root://xrootd-cms.infn.it//store/mc/RunIISummer20UL18MiniAODv2/QCD_Pt_600to800_TuneCP5_13TeV_pythia8/MINIAODSIM/106X_upgrade2018_realistic_v16_L1v1-v1/100000/7AF76AC5-C09B-3340-90FC-7D2354226467.root
10-Jun-2024 15:07:33 CEST  Initiating request to open file root://eoscms.cern.ch//eos/cms/store/mc/RunIISummer20UL18MiniAODv2/QCD_Pt_600to800_TuneCP5_13TeV_pythia8/MINIAODSIM/106X_upgrade2018_realistic_v16_L1v1-v1/100000/649A5199-7071-F042-B28D-9AF3F6FC15FF.root
%MSG-w XrdAdaptorInternal:  file_open 10-Jun-2024 15:07:34 CEST PostProcessEvent
Failed to open file at URL root://eoscms.cern.ch:1094//eos/cms/store/mc/RunIISummer20UL18MiniAODv2/QCD_Pt_600to800_TuneCP5_13TeV_pythia8/MINIAODSIM/106X_upgrade2018_realistic_v16_L1v1-v1/100000/649A5199-7071-F042-B28D-9AF3F6FC15FF.root.
%MSG
%MSG-w XrdAdaptorInternal:  file_open 10-Jun-2024 15:07:34 CEST PostProcessEvent
Failed to open file at URL root://eoscms.cern.ch:1094//eos/cms/store/mc/RunIISummer20UL18MiniAODv2/QCD_Pt_600to800_TuneCP5_13TeV_pythia8/MINIAODSIM/106X_upgrade2018_realistic_v16_L1v1-v1/100000/649A5199-7071-F042-B28D-9AF3F6FC15FF.root?tried=.
%MSG
10-Jun-2024 15:07:34 CEST  Fallback request to file root://xrootd-cms.infn.it//store/mc/RunIISummer20UL18MiniAODv2/QCD_Pt_600to800_TuneCP5_13TeV_pythia8/MINIAODSIM/106X_upgrade2018_realistic_v16_L1v1-v1/100000/649A5199-7071-F042-B28D-9AF3F6FC15FF.root
%MSG-w XrdAdaptor:  file_open 10-Jun-2024 15:07:36 CEST PostProcessEvent
Data is served from desy.de instead of original site T2_FR_GRIF_LLR
%MSG
10-Jun-2024 15:07:36 CEST  Successfully opened file root://xrootd-cms.infn.it//store/mc/RunIISummer20UL18MiniAODv2/QCD_Pt_600to800_TuneCP5_13TeV_pythia8/MINIAODSIM/106X_upgrade2018_realistic_v16_L1v1-v1/100000/649A5199-7071-F042-B28D-9AF3F6FC15FF.root
Begin processing the 400001st record. Run 1, Event 394007, LumiSection 395 on stream 0 at 10-Jun-2024 15:07:40.722 CEST
10-Jun-2024 15:07:42 CEST  Closed file root://xrootd-cms.infn.it//store/mc/RunIISummer20UL18MiniAODv2/QCD_Pt_600to800_TuneCP5_13TeV_pythia8/MINIAODSIM/106X_upgrade2018_realistic_v16_L1v1-v1/100000/649A5199-7071-F042-B28D-9AF3F6FC15FF.root
10-Jun-2024 15:07:42 CEST  Initiating request to open file root://eoscms.cern.ch//eos/cms/store/mc/RunIISummer20UL18MiniAODv2/QCD_Pt_600to800_TuneCP5_13TeV_pythia8/MINIAODSIM/106X_upgrade2018_realistic_v16_L1v1-v1/100000/43F18413-0CB4-A840-BA05-271B26E78903.root
%MSG-w XrdAdaptorInternal:  file_open 10-Jun-2024 15:07:43 CEST PostProcessEvent
Failed to open file at URL root://eoscms.cern.ch:1094//eos/cms/store/mc/RunIISummer20UL18MiniAODv2/QCD_Pt_600to800_TuneCP5_13TeV_pythia8/MINIAODSIM/106X_upgrade2018_realistic_v16_L1v1-v1/100000/43F18413-0CB4-A840-BA05-271B26E78903.root.
%MSG
%MSG-w XrdAdaptorInternal:  file_open 10-Jun-2024 15:07:43 CEST PostProcessEvent
Failed to open file at URL root://eoscms.cern.ch:1094//eos/cms/store/mc/RunIISummer20UL18MiniAODv2/QCD_Pt_600to800_TuneCP5_13TeV_pythia8/MINIAODSIM/106X_upgrade2018_realistic_v16_L1v1-v1/100000/43F18413-0CB4-A840-BA05-271B26E78903.root?tried=.
%MSG
10-Jun-2024 15:07:43 CEST  Fallback request to file root://xrootd-cms.infn.it//store/mc/RunIISummer20UL18MiniAODv2/QCD_Pt_600to800_TuneCP5_13TeV_pythia8/MINIAODSIM/106X_upgrade2018_realistic_v16_L1v1-v1/100000/43F18413-0CB4-A840-BA05-271B26E78903.root
%MSG-w XrdAdaptor:  file_open 10-Jun-2024 15:07:44 CEST PostProcessEvent
Data is served from desy.de instead of original site T2_FR_GRIF_LLR
%MSG
10-Jun-2024 15:07:44 CEST  Successfully opened file root://xrootd-cms.infn.it//store/mc/RunIISummer20UL18MiniAODv2/QCD_Pt_600to800_TuneCP5_13TeV_pythia8/MINIAODSIM/106X_upgrade2018_realistic_v16_L1v1-v1/100000/43F18413-0CB4-A840-BA05-271B26E78903.root
10-Jun-2024 15:07:50 CEST  Closed file root://xrootd-cms.infn.it//store/mc/RunIISummer20UL18MiniAODv2/QCD_Pt_600to800_TuneCP5_13TeV_pythia8/MINIAODSIM/106X_upgrade2018_realistic_v16_L1v1-v1/100000/43F18413-0CB4-A840-BA05-271B26E78903.root
10-Jun-2024 15:07:50 CEST  Initiating request to open file root://eoscms.cern.ch//eos/cms/store/mc/RunIISummer20UL18MiniAODv2/QCD_Pt_600to800_TuneCP5_13TeV_pythia8/MINIAODSIM/106X_upgrade2018_realistic_v16_L1v1-v1/100000/2E733705-97A1-634A-AC72-5A754344A0FB.root
%MSG-w XrdAdaptorInternal:  file_open 10-Jun-2024 15:07:51 CEST PostProcessEvent
Failed to open file at URL root://eoscms.cern.ch:1094//eos/cms/store/mc/RunIISummer20UL18MiniAODv2/QCD_Pt_600to800_TuneCP5_13TeV_pythia8/MINIAODSIM/106X_upgrade2018_realistic_v16_L1v1-v1/100000/2E733705-97A1-634A-AC72-5A754344A0FB.root.
%MSG
%MSG-w XrdAdaptorInternal:  file_open 10-Jun-2024 15:07:51 CEST PostProcessEvent
Failed to open file at URL root://eoscms.cern.ch:1094//eos/cms/store/mc/RunIISummer20UL18MiniAODv2/QCD_Pt_600to800_TuneCP5_13TeV_pythia8/MINIAODSIM/106X_upgrade2018_realistic_v16_L1v1-v1/100000/2E733705-97A1-634A-AC72-5A754344A0FB.root?tried=.
%MSG
10-Jun-2024 15:07:51 CEST  Fallback request to file root://xrootd-cms.infn.it//store/mc/RunIISummer20UL18MiniAODv2/QCD_Pt_600to800_TuneCP5_13TeV_pythia8/MINIAODSIM/106X_upgrade2018_realistic_v16_L1v1-v1/100000/2E733705-97A1-634A-AC72-5A754344A0FB.root
%MSG-w XrdAdaptor:  file_open 10-Jun-2024 15:07:53 CEST PostProcessEvent
Data is served from desy.de instead of original site T2_FR_GRIF_LLR
%MSG
10-Jun-2024 15:07:53 CEST  Successfully opened file root://xrootd-cms.infn.it//store/mc/RunIISummer20UL18MiniAODv2/QCD_Pt_600to800_TuneCP5_13TeV_pythia8/MINIAODSIM/106X_upgrade2018_realistic_v16_L1v1-v1/100000/2E733705-97A1-634A-AC72-5A754344A0FB.root
Begin processing the 500001st record. Run 1, Event 16640001, LumiSection 16641 on stream 0 at 10-Jun-2024 15:07:59.098 CEST
10-Jun-2024 15:08:00 CEST  Closed file root://xrootd-cms.infn.it//store/mc/RunIISummer20UL18MiniAODv2/QCD_Pt_600to800_TuneCP5_13TeV_pythia8/MINIAODSIM/106X_upgrade2018_realistic_v16_L1v1-v1/100000/2E733705-97A1-634A-AC72-5A754344A0FB.root
10-Jun-2024 15:08:00 CEST  Initiating request to open file root://eoscms.cern.ch//eos/cms/store/mc/RunIISummer20UL18MiniAODv2/QCD_Pt_600to800_TuneCP5_13TeV_pythia8/MINIAODSIM/106X_upgrade2018_realistic_v16_L1v1-v1/100000/FE5DC517-6B0D-644D-B92A-1EE1509F106C.root
%MSG-w XrdAdaptorInternal:  file_open 10-Jun-2024 15:08:01 CEST PostProcessEvent
Failed to open file at URL root://eoscms.cern.ch:1094//eos/cms/store/mc/RunIISummer20UL18MiniAODv2/QCD_Pt_600to800_TuneCP5_13TeV_pythia8/MINIAODSIM/106X_upgrade2018_realistic_v16_L1v1-v1/100000/FE5DC517-6B0D-644D-B92A-1EE1509F106C.root.
%MSG
%MSG-w XrdAdaptorInternal:  file_open 10-Jun-2024 15:08:01 CEST PostProcessEvent
Failed to open file at URL root://eoscms.cern.ch:1094//eos/cms/store/mc/RunIISummer20UL18MiniAODv2/QCD_Pt_600to800_TuneCP5_13TeV_pythia8/MINIAODSIM/106X_upgrade2018_realistic_v16_L1v1-v1/100000/FE5DC517-6B0D-644D-B92A-1EE1509F106C.root?tried=.
%MSG
10-Jun-2024 15:08:01 CEST  Fallback request to file root://xrootd-cms.infn.it//store/mc/RunIISummer20UL18MiniAODv2/QCD_Pt_600to800_TuneCP5_13TeV_pythia8/MINIAODSIM/106X_upgrade2018_realistic_v16_L1v1-v1/100000/FE5DC517-6B0D-644D-B92A-1EE1509F106C.root
%MSG-w XrdAdaptor:  file_open 10-Jun-2024 15:08:02 CEST PostProcessEvent
Data is served from desy.de instead of original site T2_FR_GRIF_LLR
%MSG
10-Jun-2024 15:08:02 CEST  Successfully opened file root://xrootd-cms.infn.it//store/mc/RunIISummer20UL18MiniAODv2/QCD_Pt_600to800_TuneCP5_13TeV_pythia8/MINIAODSIM/106X_upgrade2018_realistic_v16_L1v1-v1/100000/FE5DC517-6B0D-644D-B92A-1EE1509F106C.root
10-Jun-2024 15:08:10 CEST  Closed file root://xrootd-cms.infn.it//store/mc/RunIISummer20UL18MiniAODv2/QCD_Pt_600to800_TuneCP5_13TeV_pythia8/MINIAODSIM/106X_upgrade2018_realistic_v16_L1v1-v1/100000/FE5DC517-6B0D-644D-B92A-1EE1509F106C.root
10-Jun-2024 15:08:10 CEST  Initiating request to open file root://eoscms.cern.ch//eos/cms/store/mc/RunIISummer20UL18MiniAODv2/QCD_Pt_600to800_TuneCP5_13TeV_pythia8/MINIAODSIM/106X_upgrade2018_realistic_v16_L1v1-v1/100000/CAA8E756-4F7F-5A40-8D60-03323CA97378.root
%MSG-w XrdAdaptorInternal:  file_open 10-Jun-2024 15:08:11 CEST PostProcessEvent
Failed to open file at URL root://eoscms.cern.ch:1094//eos/cms/store/mc/RunIISummer20UL18MiniAODv2/QCD_Pt_600to800_TuneCP5_13TeV_pythia8/MINIAODSIM/106X_upgrade2018_realistic_v16_L1v1-v1/100000/CAA8E756-4F7F-5A40-8D60-03323CA97378.root.
%MSG
%MSG-w XrdAdaptorInternal:  file_open 10-Jun-2024 15:08:11 CEST PostProcessEvent
Failed to open file at URL root://eoscms.cern.ch:1094//eos/cms/store/mc/RunIISummer20UL18MiniAODv2/QCD_Pt_600to800_TuneCP5_13TeV_pythia8/MINIAODSIM/106X_upgrade2018_realistic_v16_L1v1-v1/100000/CAA8E756-4F7F-5A40-8D60-03323CA97378.root?tried=.
%MSG
10-Jun-2024 15:08:11 CEST  Fallback request to file root://xrootd-cms.infn.it//store/mc/RunIISummer20UL18MiniAODv2/QCD_Pt_600to800_TuneCP5_13TeV_pythia8/MINIAODSIM/106X_upgrade2018_realistic_v16_L1v1-v1/100000/CAA8E756-4F7F-5A40-8D60-03323CA97378.root
%MSG-w XrdAdaptor:  file_open 10-Jun-2024 15:08:13 CEST PostProcessEvent
Data is served from desy.de instead of original site T2_FR_GRIF_LLR
%MSG
10-Jun-2024 15:08:13 CEST  Successfully opened file root://xrootd-cms.infn.it//store/mc/RunIISummer20UL18MiniAODv2/QCD_Pt_600to800_TuneCP5_13TeV_pythia8/MINIAODSIM/106X_upgrade2018_realistic_v16_L1v1-v1/100000/CAA8E756-4F7F-5A40-8D60-03323CA97378.root
Begin processing the 600001st record. Run 1, Event 20745007, LumiSection 20746 on stream 0 at 10-Jun-2024 15:08:18.548 CEST
10-Jun-2024 15:08:19 CEST  Closed file root://xrootd-cms.infn.it//store/mc/RunIISummer20UL18MiniAODv2/QCD_Pt_600to800_TuneCP5_13TeV_pythia8/MINIAODSIM/106X_upgrade2018_realistic_v16_L1v1-v1/100000/CAA8E756-4F7F-5A40-8D60-03323CA97378.root
10-Jun-2024 15:08:19 CEST  Initiating request to open file root://eoscms.cern.ch//eos/cms/store/mc/RunIISummer20UL18MiniAODv2/QCD_Pt_600to800_TuneCP5_13TeV_pythia8/MINIAODSIM/106X_upgrade2018_realistic_v16_L1v1-v1/100000/8C40A393-D312-BC44-987E-79DF5A82D6A3.root
%MSG-w XrdAdaptorInternal:  file_open 10-Jun-2024 15:08:20 CEST PostProcessEvent
Failed to open file at URL root://eoscms.cern.ch:1094//eos/cms/store/mc/RunIISummer20UL18MiniAODv2/QCD_Pt_600to800_TuneCP5_13TeV_pythia8/MINIAODSIM/106X_upgrade2018_realistic_v16_L1v1-v1/100000/8C40A393-D312-BC44-987E-79DF5A82D6A3.root.
%MSG
%MSG-w XrdAdaptorInternal:  file_open 10-Jun-2024 15:08:20 CEST PostProcessEvent
Failed to open file at URL root://eoscms.cern.ch:1094//eos/cms/store/mc/RunIISummer20UL18MiniAODv2/QCD_Pt_600to800_TuneCP5_13TeV_pythia8/MINIAODSIM/106X_upgrade2018_realistic_v16_L1v1-v1/100000/8C40A393-D312-BC44-987E-79DF5A82D6A3.root?tried=.
%MSG
10-Jun-2024 15:08:20 CEST  Fallback request to file root://xrootd-cms.infn.it//store/mc/RunIISummer20UL18MiniAODv2/QCD_Pt_600to800_TuneCP5_13TeV_pythia8/MINIAODSIM/106X_upgrade2018_realistic_v16_L1v1-v1/100000/8C40A393-D312-BC44-987E-79DF5A82D6A3.root
%MSG-w XrdAdaptor:  file_open 10-Jun-2024 15:08:21 CEST PostProcessEvent
Data is served from desy.de instead of original site T2_FR_GRIF_LLR
%MSG
10-Jun-2024 15:08:22 CEST  Successfully opened file root://xrootd-cms.infn.it//store/mc/RunIISummer20UL18MiniAODv2/QCD_Pt_600to800_TuneCP5_13TeV_pythia8/MINIAODSIM/106X_upgrade2018_realistic_v16_L1v1-v1/100000/8C40A393-D312-BC44-987E-79DF5A82D6A3.root
10-Jun-2024 15:08:27 CEST  Closed file root://xrootd-cms.infn.it//store/mc/RunIISummer20UL18MiniAODv2/QCD_Pt_600to800_TuneCP5_13TeV_pythia8/MINIAODSIM/106X_upgrade2018_realistic_v16_L1v1-v1/100000/8C40A393-D312-BC44-987E-79DF5A82D6A3.root
10-Jun-2024 15:08:27 CEST  Initiating request to open file root://eoscms.cern.ch//eos/cms/store/mc/RunIISummer20UL18MiniAODv2/QCD_Pt_600to800_TuneCP5_13TeV_pythia8/MINIAODSIM/106X_upgrade2018_realistic_v16_L1v1-v1/100000/4C615E61-36BE-2748-BDBC-847A6D5024E0.root
%MSG-w XrdAdaptorInternal:  file_open 10-Jun-2024 15:08:28 CEST PostProcessEvent
Failed to open file at URL root://eoscms.cern.ch:1094//eos/cms/store/mc/RunIISummer20UL18MiniAODv2/QCD_Pt_600to800_TuneCP5_13TeV_pythia8/MINIAODSIM/106X_upgrade2018_realistic_v16_L1v1-v1/100000/4C615E61-36BE-2748-BDBC-847A6D5024E0.root.
%MSG
%MSG-w XrdAdaptorInternal:  file_open 10-Jun-2024 15:08:28 CEST PostProcessEvent
Failed to open file at URL root://eoscms.cern.ch:1094//eos/cms/store/mc/RunIISummer20UL18MiniAODv2/QCD_Pt_600to800_TuneCP5_13TeV_pythia8/MINIAODSIM/106X_upgrade2018_realistic_v16_L1v1-v1/100000/4C615E61-36BE-2748-BDBC-847A6D5024E0.root?tried=.
%MSG
10-Jun-2024 15:08:28 CEST  Fallback request to file root://xrootd-cms.infn.it//store/mc/RunIISummer20UL18MiniAODv2/QCD_Pt_600to800_TuneCP5_13TeV_pythia8/MINIAODSIM/106X_upgrade2018_realistic_v16_L1v1-v1/100000/4C615E61-36BE-2748-BDBC-847A6D5024E0.root
%MSG-w XrdAdaptor:  file_open 10-Jun-2024 15:08:29 CEST PostProcessEvent
Data is served from desy.de instead of original site T2_FR_GRIF_LLR
%MSG
10-Jun-2024 15:08:30 CEST  Successfully opened file root://xrootd-cms.infn.it//store/mc/RunIISummer20UL18MiniAODv2/QCD_Pt_600to800_TuneCP5_13TeV_pythia8/MINIAODSIM/106X_upgrade2018_realistic_v16_L1v1-v1/100000/4C615E61-36BE-2748-BDBC-847A6D5024E0.root
Begin processing the 700001st record. Run 1, Event 24196005, LumiSection 24197 on stream 0 at 10-Jun-2024 15:08:34.432 CEST
10-Jun-2024 15:08:35 CEST  Closed file root://xrootd-cms.infn.it//store/mc/RunIISummer20UL18MiniAODv2/QCD_Pt_600to800_TuneCP5_13TeV_pythia8/MINIAODSIM/106X_upgrade2018_realistic_v16_L1v1-v1/100000/4C615E61-36BE-2748-BDBC-847A6D5024E0.root
10-Jun-2024 15:08:35 CEST  Initiating request to open file root://eoscms.cern.ch//eos/cms/store/mc/RunIISummer20UL18MiniAODv2/QCD_Pt_600to800_TuneCP5_13TeV_pythia8/MINIAODSIM/106X_upgrade2018_realistic_v16_L1v1-v1/100000/E1F69A2B-BF87-7140-BE7B-222A74D2972A.root
%MSG-w XrdAdaptorInternal:  file_open 10-Jun-2024 15:08:36 CEST PostProcessEvent
Failed to open file at URL root://eoscms.cern.ch:1094//eos/cms/store/mc/RunIISummer20UL18MiniAODv2/QCD_Pt_600to800_TuneCP5_13TeV_pythia8/MINIAODSIM/106X_upgrade2018_realistic_v16_L1v1-v1/100000/E1F69A2B-BF87-7140-BE7B-222A74D2972A.root.
%MSG
%MSG-w XrdAdaptorInternal:  file_open 10-Jun-2024 15:08:36 CEST PostProcessEvent
Failed to open file at URL root://eoscms.cern.ch:1094//eos/cms/store/mc/RunIISummer20UL18MiniAODv2/QCD_Pt_600to800_TuneCP5_13TeV_pythia8/MINIAODSIM/106X_upgrade2018_realistic_v16_L1v1-v1/100000/E1F69A2B-BF87-7140-BE7B-222A74D2972A.root?tried=.
%MSG
10-Jun-2024 15:08:36 CEST  Fallback request to file root://xrootd-cms.infn.it//store/mc/RunIISummer20UL18MiniAODv2/QCD_Pt_600to800_TuneCP5_13TeV_pythia8/MINIAODSIM/106X_upgrade2018_realistic_v16_L1v1-v1/100000/E1F69A2B-BF87-7140-BE7B-222A74D2972A.root
%MSG-w XrdAdaptor:  file_open 10-Jun-2024 15:08:37 CEST PostProcessEvent
Data is served from desy.de instead of original site T2_FR_GRIF_LLR
%MSG
10-Jun-2024 15:08:37 CEST  Successfully opened file root://xrootd-cms.infn.it//store/mc/RunIISummer20UL18MiniAODv2/QCD_Pt_600to800_TuneCP5_13TeV_pythia8/MINIAODSIM/106X_upgrade2018_realistic_v16_L1v1-v1/100000/E1F69A2B-BF87-7140-BE7B-222A74D2972A.root
10-Jun-2024 15:08:43 CEST  Closed file root://xrootd-cms.infn.it//store/mc/RunIISummer20UL18MiniAODv2/QCD_Pt_600to800_TuneCP5_13TeV_pythia8/MINIAODSIM/106X_upgrade2018_realistic_v16_L1v1-v1/100000/E1F69A2B-BF87-7140-BE7B-222A74D2972A.root
10-Jun-2024 15:08:43 CEST  Initiating request to open file root://eoscms.cern.ch//eos/cms/store/mc/RunIISummer20UL18MiniAODv2/QCD_Pt_600to800_TuneCP5_13TeV_pythia8/MINIAODSIM/106X_upgrade2018_realistic_v16_L1v1-v1/100000/9D76C475-C09F-EB4C-98CD-05968D50DE26.root
%MSG-w XrdAdaptorInternal:  file_open 10-Jun-2024 15:08:44 CEST PostProcessEvent
Failed to open file at URL root://eoscms.cern.ch:1094//eos/cms/store/mc/RunIISummer20UL18MiniAODv2/QCD_Pt_600to800_TuneCP5_13TeV_pythia8/MINIAODSIM/106X_upgrade2018_realistic_v16_L1v1-v1/100000/9D76C475-C09F-EB4C-98CD-05968D50DE26.root.
%MSG
%MSG-w XrdAdaptorInternal:  file_open 10-Jun-2024 15:08:44 CEST PostProcessEvent
Failed to open file at URL root://eoscms.cern.ch:1094//eos/cms/store/mc/RunIISummer20UL18MiniAODv2/QCD_Pt_600to800_TuneCP5_13TeV_pythia8/MINIAODSIM/106X_upgrade2018_realistic_v16_L1v1-v1/100000/9D76C475-C09F-EB4C-98CD-05968D50DE26.root?tried=.
%MSG
10-Jun-2024 15:08:44 CEST  Fallback request to file root://xrootd-cms.infn.it//store/mc/RunIISummer20UL18MiniAODv2/QCD_Pt_600to800_TuneCP5_13TeV_pythia8/MINIAODSIM/106X_upgrade2018_realistic_v16_L1v1-v1/100000/9D76C475-C09F-EB4C-98CD-05968D50DE26.root
%MSG-w XrdAdaptor:  file_open 10-Jun-2024 15:08:45 CEST PostProcessEvent
Data is served from desy.de instead of original site T2_FR_GRIF_LLR
%MSG
10-Jun-2024 15:08:45 CEST  Successfully opened file root://xrootd-cms.infn.it//store/mc/RunIISummer20UL18MiniAODv2/QCD_Pt_600to800_TuneCP5_13TeV_pythia8/MINIAODSIM/106X_upgrade2018_realistic_v16_L1v1-v1/100000/9D76C475-C09F-EB4C-98CD-05968D50DE26.root
Begin processing the 800001st record. Run 1, Event 27155015, LumiSection 27156 on stream 0 at 10-Jun-2024 15:08:51.354 CEST
10-Jun-2024 15:08:52 CEST  Closed file root://xrootd-cms.infn.it//store/mc/RunIISummer20UL18MiniAODv2/QCD_Pt_600to800_TuneCP5_13TeV_pythia8/MINIAODSIM/106X_upgrade2018_realistic_v16_L1v1-v1/100000/9D76C475-C09F-EB4C-98CD-05968D50DE26.root
10-Jun-2024 15:08:52 CEST  Initiating request to open file root://eoscms.cern.ch//eos/cms/store/mc/RunIISummer20UL18MiniAODv2/QCD_Pt_600to800_TuneCP5_13TeV_pythia8/MINIAODSIM/106X_upgrade2018_realistic_v16_L1v1-v1/100000/EEFE3299-A6FB-1144-8F11-14A8B6494EB8.root
%MSG-w XrdAdaptorInternal:  file_open 10-Jun-2024 15:08:53 CEST PostProcessEvent
Failed to open file at URL root://eoscms.cern.ch:1094//eos/cms/store/mc/RunIISummer20UL18MiniAODv2/QCD_Pt_600to800_TuneCP5_13TeV_pythia8/MINIAODSIM/106X_upgrade2018_realistic_v16_L1v1-v1/100000/EEFE3299-A6FB-1144-8F11-14A8B6494EB8.root.
%MSG
%MSG-w XrdAdaptorInternal:  file_open 10-Jun-2024 15:08:53 CEST PostProcessEvent
Failed to open file at URL root://eoscms.cern.ch:1094//eos/cms/store/mc/RunIISummer20UL18MiniAODv2/QCD_Pt_600to800_TuneCP5_13TeV_pythia8/MINIAODSIM/106X_upgrade2018_realistic_v16_L1v1-v1/100000/EEFE3299-A6FB-1144-8F11-14A8B6494EB8.root?tried=.
%MSG
10-Jun-2024 15:08:53 CEST  Fallback request to file root://xrootd-cms.infn.it//store/mc/RunIISummer20UL18MiniAODv2/QCD_Pt_600to800_TuneCP5_13TeV_pythia8/MINIAODSIM/106X_upgrade2018_realistic_v16_L1v1-v1/100000/EEFE3299-A6FB-1144-8F11-14A8B6494EB8.root
%MSG-w XrdAdaptor:  file_open 10-Jun-2024 15:08:54 CEST PostProcessEvent
Data is served from desy.de instead of original site T2_FR_GRIF_LLR
%MSG
10-Jun-2024 15:08:54 CEST  Successfully opened file root://xrootd-cms.infn.it//store/mc/RunIISummer20UL18MiniAODv2/QCD_Pt_600to800_TuneCP5_13TeV_pythia8/MINIAODSIM/106X_upgrade2018_realistic_v16_L1v1-v1/100000/EEFE3299-A6FB-1144-8F11-14A8B6494EB8.root
10-Jun-2024 15:09:00 CEST  Closed file root://xrootd-cms.infn.it//store/mc/RunIISummer20UL18MiniAODv2/QCD_Pt_600to800_TuneCP5_13TeV_pythia8/MINIAODSIM/106X_upgrade2018_realistic_v16_L1v1-v1/100000/EEFE3299-A6FB-1144-8F11-14A8B6494EB8.root
10-Jun-2024 15:09:00 CEST  Initiating request to open file root://eoscms.cern.ch//eos/cms/store/mc/RunIISummer20UL18MiniAODv2/QCD_Pt_600to800_TuneCP5_13TeV_pythia8/MINIAODSIM/106X_upgrade2018_realistic_v16_L1v1-v1/100000/0F86C7BD-7BCE-8049-B9FF-E0C18A4E628A.root
%MSG-w XrdAdaptorInternal:  file_open 10-Jun-2024 15:09:01 CEST PostProcessEvent
Failed to open file at URL root://eoscms.cern.ch:1094//eos/cms/store/mc/RunIISummer20UL18MiniAODv2/QCD_Pt_600to800_TuneCP5_13TeV_pythia8/MINIAODSIM/106X_upgrade2018_realistic_v16_L1v1-v1/100000/0F86C7BD-7BCE-8049-B9FF-E0C18A4E628A.root.
%MSG
%MSG-w XrdAdaptorInternal:  file_open 10-Jun-2024 15:09:01 CEST PostProcessEvent
Failed to open file at URL root://eoscms.cern.ch:1094//eos/cms/store/mc/RunIISummer20UL18MiniAODv2/QCD_Pt_600to800_TuneCP5_13TeV_pythia8/MINIAODSIM/106X_upgrade2018_realistic_v16_L1v1-v1/100000/0F86C7BD-7BCE-8049-B9FF-E0C18A4E628A.root?tried=.
%MSG
10-Jun-2024 15:09:01 CEST  Fallback request to file root://xrootd-cms.infn.it//store/mc/RunIISummer20UL18MiniAODv2/QCD_Pt_600to800_TuneCP5_13TeV_pythia8/MINIAODSIM/106X_upgrade2018_realistic_v16_L1v1-v1/100000/0F86C7BD-7BCE-8049-B9FF-E0C18A4E628A.root
%MSG-w XrdAdaptor:  file_open 10-Jun-2024 15:09:03 CEST PostProcessEvent
Data is served from desy.de instead of original site T2_FR_GRIF_LLR
%MSG
10-Jun-2024 15:09:03 CEST  Successfully opened file root://xrootd-cms.infn.it//store/mc/RunIISummer20UL18MiniAODv2/QCD_Pt_600to800_TuneCP5_13TeV_pythia8/MINIAODSIM/106X_upgrade2018_realistic_v16_L1v1-v1/100000/0F86C7BD-7BCE-8049-B9FF-E0C18A4E628A.root
Begin processing the 900001st record. Run 1, Event 60786010, LumiSection 60787 on stream 0 at 10-Jun-2024 15:09:08.722 CEST
10-Jun-2024 15:09:09 CEST  Closed file root://xrootd-cms.infn.it//store/mc/RunIISummer20UL18MiniAODv2/QCD_Pt_600to800_TuneCP5_13TeV_pythia8/MINIAODSIM/106X_upgrade2018_realistic_v16_L1v1-v1/100000/0F86C7BD-7BCE-8049-B9FF-E0C18A4E628A.root
10-Jun-2024 15:09:09 CEST  Initiating request to open file root://eoscms.cern.ch//eos/cms/store/mc/RunIISummer20UL18MiniAODv2/QCD_Pt_600to800_TuneCP5_13TeV_pythia8/MINIAODSIM/106X_upgrade2018_realistic_v16_L1v1-v1/100000/CD5EFAD6-90BF-244A-B663-883E812FA8A5.root
%MSG-w XrdAdaptorInternal:  file_open 10-Jun-2024 15:09:10 CEST PostProcessEvent
Failed to open file at URL root://eoscms.cern.ch:1094//eos/cms/store/mc/RunIISummer20UL18MiniAODv2/QCD_Pt_600to800_TuneCP5_13TeV_pythia8/MINIAODSIM/106X_upgrade2018_realistic_v16_L1v1-v1/100000/CD5EFAD6-90BF-244A-B663-883E812FA8A5.root.
%MSG
%MSG-w XrdAdaptorInternal:  file_open 10-Jun-2024 15:09:10 CEST PostProcessEvent
Failed to open file at URL root://eoscms.cern.ch:1094//eos/cms/store/mc/RunIISummer20UL18MiniAODv2/QCD_Pt_600to800_TuneCP5_13TeV_pythia8/MINIAODSIM/106X_upgrade2018_realistic_v16_L1v1-v1/100000/CD5EFAD6-90BF-244A-B663-883E812FA8A5.root?tried=.
%MSG
10-Jun-2024 15:09:10 CEST  Fallback request to file root://xrootd-cms.infn.it//store/mc/RunIISummer20UL18MiniAODv2/QCD_Pt_600to800_TuneCP5_13TeV_pythia8/MINIAODSIM/106X_upgrade2018_realistic_v16_L1v1-v1/100000/CD5EFAD6-90BF-244A-B663-883E812FA8A5.root
%MSG-w XrdAdaptor:  file_open 10-Jun-2024 15:09:11 CEST PostProcessEvent
Data is served from desy.de instead of original site T2_FR_GRIF_LLR
%MSG
10-Jun-2024 15:09:11 CEST  Successfully opened file root://xrootd-cms.infn.it//store/mc/RunIISummer20UL18MiniAODv2/QCD_Pt_600to800_TuneCP5_13TeV_pythia8/MINIAODSIM/106X_upgrade2018_realistic_v16_L1v1-v1/100000/CD5EFAD6-90BF-244A-B663-883E812FA8A5.root
10-Jun-2024 15:09:17 CEST  Closed file root://xrootd-cms.infn.it//store/mc/RunIISummer20UL18MiniAODv2/QCD_Pt_600to800_TuneCP5_13TeV_pythia8/MINIAODSIM/106X_upgrade2018_realistic_v16_L1v1-v1/100000/CD5EFAD6-90BF-244A-B663-883E812FA8A5.root
10-Jun-2024 15:09:17 CEST  Initiating request to open file root://eoscms.cern.ch//eos/cms/store/mc/RunIISummer20UL18MiniAODv2/QCD_Pt_600to800_TuneCP5_13TeV_pythia8/MINIAODSIM/106X_upgrade2018_realistic_v16_L1v1-v1/100000/277F65D3-3AB6-E64E-A0BC-2CEA070BA320.root
%MSG-w XrdAdaptorInternal:  file_open 10-Jun-2024 15:09:18 CEST PostProcessEvent
Failed to open file at URL root://eoscms.cern.ch:1094//eos/cms/store/mc/RunIISummer20UL18MiniAODv2/QCD_Pt_600to800_TuneCP5_13TeV_pythia8/MINIAODSIM/106X_upgrade2018_realistic_v16_L1v1-v1/100000/277F65D3-3AB6-E64E-A0BC-2CEA070BA320.root.
%MSG
%MSG-w XrdAdaptorInternal:  file_open 10-Jun-2024 15:09:18 CEST PostProcessEvent
Failed to open file at URL root://eoscms.cern.ch:1094//eos/cms/store/mc/RunIISummer20UL18MiniAODv2/QCD_Pt_600to800_TuneCP5_13TeV_pythia8/MINIAODSIM/106X_upgrade2018_realistic_v16_L1v1-v1/100000/277F65D3-3AB6-E64E-A0BC-2CEA070BA320.root?tried=.
%MSG
10-Jun-2024 15:09:18 CEST  Fallback request to file root://xrootd-cms.infn.it//store/mc/RunIISummer20UL18MiniAODv2/QCD_Pt_600to800_TuneCP5_13TeV_pythia8/MINIAODSIM/106X_upgrade2018_realistic_v16_L1v1-v1/100000/277F65D3-3AB6-E64E-A0BC-2CEA070BA320.root
%MSG-w XrdAdaptor:  file_open 10-Jun-2024 15:09:19 CEST PostProcessEvent
Data is served from desy.de instead of original site T2_FR_GRIF_LLR
%MSG
10-Jun-2024 15:09:19 CEST  Successfully opened file root://xrootd-cms.infn.it//store/mc/RunIISummer20UL18MiniAODv2/QCD_Pt_600to800_TuneCP5_13TeV_pythia8/MINIAODSIM/106X_upgrade2018_realistic_v16_L1v1-v1/100000/277F65D3-3AB6-E64E-A0BC-2CEA070BA320.root
10-Jun-2024 15:09:24 CEST  Closed file root://xrootd-cms.infn.it//store/mc/RunIISummer20UL18MiniAODv2/QCD_Pt_600to800_TuneCP5_13TeV_pythia8/MINIAODSIM/106X_upgrade2018_realistic_v16_L1v1-v1/100000/277F65D3-3AB6-E64E-A0BC-2CEA070BA320.root

------------------------------------
GenXsecAnalyzer:
------------------------------------
Before Filter: total cross section = 1.564e+02 +- 7.429e-02 pb
Filter efficiency (taking into account weights)= (1e+06) / (1e+06) = 1.000e+00 +- 0.000e+00
Filter efficiency (event-level)= (1e+06) / (1e+06) = 1.000e+00 +- 0.000e+00    [TO BE USED IN MCM]

After filter: final cross section = 1.564e+02 +- 7.429e-02 pb
After filter: final fraction of events with negative weights = 0.000e+00 +- 0.000e+00
After filter: final equivalent lumi for 1M events (1/fb) = 6.392e+00 +- 7.077e-03

=============================================

MessageLogger Summary

 type     category        sev    module        subroutine        count    total
 ---- -------------------- -- ---------------- ----------------  -----    -----
    1 GenXSecAnalyzer      -w GenXSecAnalyzer:                       7        7
    2 XrdAdaptor           -w file_open                             21       21
    3 XrdAdaptorInternal   -w file_open                             42       42
    4 fileAction           -s file_close                            21       21
    5 fileAction           -s file_open                             63       63

 type    category    Examples: run/evt        run/evt          run/evt
 ---- -------------------- ---------------- ---------------- ----------------
    1 GenXSecAnalyzer      PostGlobalEndRun PostGlobalEndRun PostGlobalEndRun
    2 XrdAdaptor           pre-events       PostProcessEvent PostProcessEvent
    3 XrdAdaptorInternal   pre-events       pre-events       PostProcessEvent
    4 fileAction           PostProcessEvent PostProcessEvent PostGlobalEndRun
    5 fileAction           pre-events       pre-events       PostProcessEvent

Severity    # Occurrences   Total Occurrences
--------    -------------   -----------------
Warning                70                  70
System                 84                  84

dropped waiting message count 0
