10-Jun-2024 14:26:32 CEST  Initiating request to open file root://eoscms.cern.ch//eos/cms/store/mc/RunIISummer20UL18MiniAODv2/QCD_Pt_120to170_TuneCP5_13TeV_pythia8/MINIAODSIM/106X_upgrade2018_realistic_v16_L1v1-v2/120000/B350AAE9-6E28-D042-AF02-FE7AF4296E74.root
%MSG-w XrdAdaptorInternal:  file_open 10-Jun-2024 14:26:33 CEST pre-events
Failed to open file at URL root://eoscms.cern.ch:1094//eos/cms/store/mc/RunIISummer20UL18MiniAODv2/QCD_Pt_120to170_TuneCP5_13TeV_pythia8/MINIAODSIM/106X_upgrade2018_realistic_v16_L1v1-v2/120000/B350AAE9-6E28-D042-AF02-FE7AF4296E74.root.
%MSG
%MSG-w XrdAdaptorInternal:  file_open 10-Jun-2024 14:26:33 CEST pre-events
Failed to open file at URL root://eoscms.cern.ch:1094//eos/cms/store/mc/RunIISummer20UL18MiniAODv2/QCD_Pt_120to170_TuneCP5_13TeV_pythia8/MINIAODSIM/106X_upgrade2018_realistic_v16_L1v1-v2/120000/B350AAE9-6E28-D042-AF02-FE7AF4296E74.root?tried=.
%MSG
10-Jun-2024 14:26:33 CEST  Fallback request to file root://xrootd-cms.infn.it//store/mc/RunIISummer20UL18MiniAODv2/QCD_Pt_120to170_TuneCP5_13TeV_pythia8/MINIAODSIM/106X_upgrade2018_realistic_v16_L1v1-v2/120000/B350AAE9-6E28-D042-AF02-FE7AF4296E74.root
Unable to load sec.protocol plugin libXrdSecztn.so
%MSG-w XrdAdaptor:  file_open 10-Jun-2024 14:26:49 CEST pre-events
Data is served from fnal.gov instead of original site infn.it
%MSG
10-Jun-2024 14:26:55 CEST  Successfully opened file root://xrootd-cms.infn.it//store/mc/RunIISummer20UL18MiniAODv2/QCD_Pt_120to170_TuneCP5_13TeV_pythia8/MINIAODSIM/106X_upgrade2018_realistic_v16_L1v1-v2/120000/B350AAE9-6E28-D042-AF02-FE7AF4296E74.root
Unable to load sec.protocol plugin libXrdSecztn.so
Begin processing the 1st record. Run 1, Event 29115009, LumiSection 29116 on stream 0 at 10-Jun-2024 14:27:02.092 CEST
10-Jun-2024 14:27:05 CEST  Closed file root://xrootd-cms.infn.it//store/mc/RunIISummer20UL18MiniAODv2/QCD_Pt_120to170_TuneCP5_13TeV_pythia8/MINIAODSIM/106X_upgrade2018_realistic_v16_L1v1-v2/120000/B350AAE9-6E28-D042-AF02-FE7AF4296E74.root
10-Jun-2024 14:27:05 CEST  Initiating request to open file root://eoscms.cern.ch//eos/cms/store/mc/RunIISummer20UL18MiniAODv2/QCD_Pt_120to170_TuneCP5_13TeV_pythia8/MINIAODSIM/106X_upgrade2018_realistic_v16_L1v1-v2/120000/F92093E2-FF7A-0A45-AC46-E7233A96F230.root
%MSG-w XrdAdaptorInternal:  file_open 10-Jun-2024 14:27:06 CEST PostProcessEvent
Failed to open file at URL root://eoscms.cern.ch:1094//eos/cms/store/mc/RunIISummer20UL18MiniAODv2/QCD_Pt_120to170_TuneCP5_13TeV_pythia8/MINIAODSIM/106X_upgrade2018_realistic_v16_L1v1-v2/120000/F92093E2-FF7A-0A45-AC46-E7233A96F230.root.
%MSG
%MSG-w XrdAdaptorInternal:  file_open 10-Jun-2024 14:27:06 CEST PostProcessEvent
Failed to open file at URL root://eoscms.cern.ch:1094//eos/cms/store/mc/RunIISummer20UL18MiniAODv2/QCD_Pt_120to170_TuneCP5_13TeV_pythia8/MINIAODSIM/106X_upgrade2018_realistic_v16_L1v1-v2/120000/F92093E2-FF7A-0A45-AC46-E7233A96F230.root?tried=.
%MSG
10-Jun-2024 14:27:06 CEST  Fallback request to file root://xrootd-cms.infn.it//store/mc/RunIISummer20UL18MiniAODv2/QCD_Pt_120to170_TuneCP5_13TeV_pythia8/MINIAODSIM/106X_upgrade2018_realistic_v16_L1v1-v2/120000/F92093E2-FF7A-0A45-AC46-E7233A96F230.root
%MSG-w XrdAdaptor:  file_open 10-Jun-2024 14:27:21 CEST PostProcessEvent
Data is served from T2_US_Caltech instead of original site infn.it
%MSG
10-Jun-2024 14:27:22 CEST  Successfully opened file root://xrootd-cms.infn.it//store/mc/RunIISummer20UL18MiniAODv2/QCD_Pt_120to170_TuneCP5_13TeV_pythia8/MINIAODSIM/106X_upgrade2018_realistic_v16_L1v1-v2/120000/F92093E2-FF7A-0A45-AC46-E7233A96F230.root
10-Jun-2024 14:27:31 CEST  Closed file root://xrootd-cms.infn.it//store/mc/RunIISummer20UL18MiniAODv2/QCD_Pt_120to170_TuneCP5_13TeV_pythia8/MINIAODSIM/106X_upgrade2018_realistic_v16_L1v1-v2/120000/F92093E2-FF7A-0A45-AC46-E7233A96F230.root
10-Jun-2024 14:27:31 CEST  Initiating request to open file root://eoscms.cern.ch//eos/cms/store/mc/RunIISummer20UL18MiniAODv2/QCD_Pt_120to170_TuneCP5_13TeV_pythia8/MINIAODSIM/106X_upgrade2018_realistic_v16_L1v1-v2/120000/1FCC5F14-C429-CA4F-B11C-E5BB7A84C30D.root
%MSG-w XrdAdaptorInternal:  file_open 10-Jun-2024 14:27:32 CEST PostProcessEvent
Failed to open file at URL root://eoscms.cern.ch:1094//eos/cms/store/mc/RunIISummer20UL18MiniAODv2/QCD_Pt_120to170_TuneCP5_13TeV_pythia8/MINIAODSIM/106X_upgrade2018_realistic_v16_L1v1-v2/120000/1FCC5F14-C429-CA4F-B11C-E5BB7A84C30D.root.
%MSG
%MSG-w XrdAdaptorInternal:  file_open 10-Jun-2024 14:27:32 CEST PostProcessEvent
Failed to open file at URL root://eoscms.cern.ch:1094//eos/cms/store/mc/RunIISummer20UL18MiniAODv2/QCD_Pt_120to170_TuneCP5_13TeV_pythia8/MINIAODSIM/106X_upgrade2018_realistic_v16_L1v1-v2/120000/1FCC5F14-C429-CA4F-B11C-E5BB7A84C30D.root?tried=.
%MSG
10-Jun-2024 14:27:32 CEST  Fallback request to file root://xrootd-cms.infn.it//store/mc/RunIISummer20UL18MiniAODv2/QCD_Pt_120to170_TuneCP5_13TeV_pythia8/MINIAODSIM/106X_upgrade2018_realistic_v16_L1v1-v2/120000/1FCC5F14-C429-CA4F-B11C-E5BB7A84C30D.root
%MSG-w XrdAdaptor:  file_open 10-Jun-2024 14:27:45 CEST PostProcessEvent
Data is served from fnal.gov instead of original site infn.it
%MSG
10-Jun-2024 14:27:46 CEST  Successfully opened file root://xrootd-cms.infn.it//store/mc/RunIISummer20UL18MiniAODv2/QCD_Pt_120to170_TuneCP5_13TeV_pythia8/MINIAODSIM/106X_upgrade2018_realistic_v16_L1v1-v2/120000/1FCC5F14-C429-CA4F-B11C-E5BB7A84C30D.root
10-Jun-2024 14:27:50 CEST  Closed file root://xrootd-cms.infn.it//store/mc/RunIISummer20UL18MiniAODv2/QCD_Pt_120to170_TuneCP5_13TeV_pythia8/MINIAODSIM/106X_upgrade2018_realistic_v16_L1v1-v2/120000/1FCC5F14-C429-CA4F-B11C-E5BB7A84C30D.root
10-Jun-2024 14:27:50 CEST  Initiating request to open file root://eoscms.cern.ch//eos/cms/store/mc/RunIISummer20UL18MiniAODv2/QCD_Pt_120to170_TuneCP5_13TeV_pythia8/MINIAODSIM/106X_upgrade2018_realistic_v16_L1v1-v2/120000/A2E3E3DA-BA82-9A42-B057-90E6E942FADC.root
Unable to load sec.protocol plugin libXrdSecztn.so
%MSG-w XrdAdaptorInternal:  file_open 10-Jun-2024 14:27:51 CEST PostProcessEvent
Failed to open file at URL root://eoscms.cern.ch:1094//eos/cms/store/mc/RunIISummer20UL18MiniAODv2/QCD_Pt_120to170_TuneCP5_13TeV_pythia8/MINIAODSIM/106X_upgrade2018_realistic_v16_L1v1-v2/120000/A2E3E3DA-BA82-9A42-B057-90E6E942FADC.root.
%MSG
%MSG-w XrdAdaptorInternal:  file_open 10-Jun-2024 14:27:51 CEST PostProcessEvent
Failed to open file at URL root://eoscms.cern.ch:1094//eos/cms/store/mc/RunIISummer20UL18MiniAODv2/QCD_Pt_120to170_TuneCP5_13TeV_pythia8/MINIAODSIM/106X_upgrade2018_realistic_v16_L1v1-v2/120000/A2E3E3DA-BA82-9A42-B057-90E6E942FADC.root?tried=.
%MSG
10-Jun-2024 14:27:51 CEST  Fallback request to file root://xrootd-cms.infn.it//store/mc/RunIISummer20UL18MiniAODv2/QCD_Pt_120to170_TuneCP5_13TeV_pythia8/MINIAODSIM/106X_upgrade2018_realistic_v16_L1v1-v2/120000/A2E3E3DA-BA82-9A42-B057-90E6E942FADC.root
%MSG-w XrdAdaptor:  file_open 10-Jun-2024 14:28:04 CEST PostProcessEvent
Data is served from fnal.gov instead of original site infn.it
%MSG
10-Jun-2024 14:28:05 CEST  Successfully opened file root://xrootd-cms.infn.it//store/mc/RunIISummer20UL18MiniAODv2/QCD_Pt_120to170_TuneCP5_13TeV_pythia8/MINIAODSIM/106X_upgrade2018_realistic_v16_L1v1-v2/120000/A2E3E3DA-BA82-9A42-B057-90E6E942FADC.root
10-Jun-2024 14:28:10 CEST  Closed file root://xrootd-cms.infn.it//store/mc/RunIISummer20UL18MiniAODv2/QCD_Pt_120to170_TuneCP5_13TeV_pythia8/MINIAODSIM/106X_upgrade2018_realistic_v16_L1v1-v2/120000/A2E3E3DA-BA82-9A42-B057-90E6E942FADC.root
10-Jun-2024 14:28:10 CEST  Initiating request to open file root://eoscms.cern.ch//eos/cms/store/mc/RunIISummer20UL18MiniAODv2/QCD_Pt_120to170_TuneCP5_13TeV_pythia8/MINIAODSIM/106X_upgrade2018_realistic_v16_L1v1-v2/120000/04067283-0E92-5547-B158-FB9F45B38AC3.root
%MSG-w XrdAdaptorInternal:  file_open 10-Jun-2024 14:28:11 CEST PostProcessEvent
Failed to open file at URL root://eoscms.cern.ch:1094//eos/cms/store/mc/RunIISummer20UL18MiniAODv2/QCD_Pt_120to170_TuneCP5_13TeV_pythia8/MINIAODSIM/106X_upgrade2018_realistic_v16_L1v1-v2/120000/04067283-0E92-5547-B158-FB9F45B38AC3.root.
%MSG
%MSG-w XrdAdaptorInternal:  file_open 10-Jun-2024 14:28:11 CEST PostProcessEvent
Failed to open file at URL root://eoscms.cern.ch:1094//eos/cms/store/mc/RunIISummer20UL18MiniAODv2/QCD_Pt_120to170_TuneCP5_13TeV_pythia8/MINIAODSIM/106X_upgrade2018_realistic_v16_L1v1-v2/120000/04067283-0E92-5547-B158-FB9F45B38AC3.root?tried=.
%MSG
10-Jun-2024 14:28:11 CEST  Fallback request to file root://xrootd-cms.infn.it//store/mc/RunIISummer20UL18MiniAODv2/QCD_Pt_120to170_TuneCP5_13TeV_pythia8/MINIAODSIM/106X_upgrade2018_realistic_v16_L1v1-v2/120000/04067283-0E92-5547-B158-FB9F45B38AC3.root
%MSG-w XrdAdaptor:  file_open 10-Jun-2024 14:28:23 CEST PostProcessEvent
Data is served from fnal.gov instead of original site infn.it
%MSG
10-Jun-2024 14:28:24 CEST  Successfully opened file root://xrootd-cms.infn.it//store/mc/RunIISummer20UL18MiniAODv2/QCD_Pt_120to170_TuneCP5_13TeV_pythia8/MINIAODSIM/106X_upgrade2018_realistic_v16_L1v1-v2/120000/04067283-0E92-5547-B158-FB9F45B38AC3.root
Begin processing the 100001st record. Run 1, Event 8944003, LumiSection 8945 on stream 0 at 10-Jun-2024 14:28:30.896 CEST
10-Jun-2024 14:28:32 CEST  Closed file root://xrootd-cms.infn.it//store/mc/RunIISummer20UL18MiniAODv2/QCD_Pt_120to170_TuneCP5_13TeV_pythia8/MINIAODSIM/106X_upgrade2018_realistic_v16_L1v1-v2/120000/04067283-0E92-5547-B158-FB9F45B38AC3.root
10-Jun-2024 14:28:32 CEST  Initiating request to open file root://eoscms.cern.ch//eos/cms/store/mc/RunIISummer20UL18MiniAODv2/QCD_Pt_120to170_TuneCP5_13TeV_pythia8/MINIAODSIM/106X_upgrade2018_realistic_v16_L1v1-v2/120000/C09F26EA-2F9A-4845-BA09-A11FAA036CBA.root
%MSG-w XrdAdaptorInternal:  file_open 10-Jun-2024 14:28:33 CEST PostProcessEvent
Failed to open file at URL root://eoscms.cern.ch:1094//eos/cms/store/mc/RunIISummer20UL18MiniAODv2/QCD_Pt_120to170_TuneCP5_13TeV_pythia8/MINIAODSIM/106X_upgrade2018_realistic_v16_L1v1-v2/120000/C09F26EA-2F9A-4845-BA09-A11FAA036CBA.root.
%MSG
%MSG-w XrdAdaptorInternal:  file_open 10-Jun-2024 14:28:33 CEST PostProcessEvent
Failed to open file at URL root://eoscms.cern.ch:1094//eos/cms/store/mc/RunIISummer20UL18MiniAODv2/QCD_Pt_120to170_TuneCP5_13TeV_pythia8/MINIAODSIM/106X_upgrade2018_realistic_v16_L1v1-v2/120000/C09F26EA-2F9A-4845-BA09-A11FAA036CBA.root?tried=.
%MSG
10-Jun-2024 14:28:33 CEST  Fallback request to file root://xrootd-cms.infn.it//store/mc/RunIISummer20UL18MiniAODv2/QCD_Pt_120to170_TuneCP5_13TeV_pythia8/MINIAODSIM/106X_upgrade2018_realistic_v16_L1v1-v2/120000/C09F26EA-2F9A-4845-BA09-A11FAA036CBA.root
%MSG-w XrdAdaptor:  file_open 10-Jun-2024 14:28:48 CEST PostProcessEvent
Data is served from T2_US_MIT instead of original site infn.it
%MSG
10-Jun-2024 14:28:49 CEST  Successfully opened file root://xrootd-cms.infn.it//store/mc/RunIISummer20UL18MiniAODv2/QCD_Pt_120to170_TuneCP5_13TeV_pythia8/MINIAODSIM/106X_upgrade2018_realistic_v16_L1v1-v2/120000/C09F26EA-2F9A-4845-BA09-A11FAA036CBA.root
10-Jun-2024 14:28:53 CEST  Closed file root://xrootd-cms.infn.it//store/mc/RunIISummer20UL18MiniAODv2/QCD_Pt_120to170_TuneCP5_13TeV_pythia8/MINIAODSIM/106X_upgrade2018_realistic_v16_L1v1-v2/120000/C09F26EA-2F9A-4845-BA09-A11FAA036CBA.root
10-Jun-2024 14:28:53 CEST  Initiating request to open file root://eoscms.cern.ch//eos/cms/store/mc/RunIISummer20UL18MiniAODv2/QCD_Pt_120to170_TuneCP5_13TeV_pythia8/MINIAODSIM/106X_upgrade2018_realistic_v16_L1v1-v2/120000/D7D4141E-EAF3-B44E-B61C-9A2BAFA9491A.root
%MSG-w XrdAdaptorInternal:  file_open 10-Jun-2024 14:28:54 CEST PostProcessEvent
Failed to open file at URL root://eoscms.cern.ch:1094//eos/cms/store/mc/RunIISummer20UL18MiniAODv2/QCD_Pt_120to170_TuneCP5_13TeV_pythia8/MINIAODSIM/106X_upgrade2018_realistic_v16_L1v1-v2/120000/D7D4141E-EAF3-B44E-B61C-9A2BAFA9491A.root.
%MSG
%MSG-w XrdAdaptorInternal:  file_open 10-Jun-2024 14:28:54 CEST PostProcessEvent
Failed to open file at URL root://eoscms.cern.ch:1094//eos/cms/store/mc/RunIISummer20UL18MiniAODv2/QCD_Pt_120to170_TuneCP5_13TeV_pythia8/MINIAODSIM/106X_upgrade2018_realistic_v16_L1v1-v2/120000/D7D4141E-EAF3-B44E-B61C-9A2BAFA9491A.root?tried=.
%MSG
10-Jun-2024 14:28:54 CEST  Fallback request to file root://xrootd-cms.infn.it//store/mc/RunIISummer20UL18MiniAODv2/QCD_Pt_120to170_TuneCP5_13TeV_pythia8/MINIAODSIM/106X_upgrade2018_realistic_v16_L1v1-v2/120000/D7D4141E-EAF3-B44E-B61C-9A2BAFA9491A.root
Unable to load sec.protocol plugin libXrdSecztn.so
%MSG-w XrdAdaptor:  file_open 10-Jun-2024 14:29:09 CEST PostProcessEvent
Data is served from T2_US_UCSD-ceph instead of original site infn.it
%MSG
10-Jun-2024 14:29:09 CEST  Successfully opened file root://xrootd-cms.infn.it//store/mc/RunIISummer20UL18MiniAODv2/QCD_Pt_120to170_TuneCP5_13TeV_pythia8/MINIAODSIM/106X_upgrade2018_realistic_v16_L1v1-v2/120000/D7D4141E-EAF3-B44E-B61C-9A2BAFA9491A.root
Unable to load sec.protocol plugin libXrdSecztn.so
10-Jun-2024 14:29:19 CEST  Closed file root://xrootd-cms.infn.it//store/mc/RunIISummer20UL18MiniAODv2/QCD_Pt_120to170_TuneCP5_13TeV_pythia8/MINIAODSIM/106X_upgrade2018_realistic_v16_L1v1-v2/120000/D7D4141E-EAF3-B44E-B61C-9A2BAFA9491A.root
10-Jun-2024 14:29:19 CEST  Initiating request to open file root://eoscms.cern.ch//eos/cms/store/mc/RunIISummer20UL18MiniAODv2/QCD_Pt_120to170_TuneCP5_13TeV_pythia8/MINIAODSIM/106X_upgrade2018_realistic_v16_L1v1-v2/120000/D9250EE5-8752-F045-9E97-5741824765E7.root
%MSG-w XrdAdaptorInternal:  file_open 10-Jun-2024 14:29:20 CEST PostProcessEvent
Failed to open file at URL root://eoscms.cern.ch:1094//eos/cms/store/mc/RunIISummer20UL18MiniAODv2/QCD_Pt_120to170_TuneCP5_13TeV_pythia8/MINIAODSIM/106X_upgrade2018_realistic_v16_L1v1-v2/120000/D9250EE5-8752-F045-9E97-5741824765E7.root.
%MSG
%MSG-w XrdAdaptorInternal:  file_open 10-Jun-2024 14:29:20 CEST PostProcessEvent
Failed to open file at URL root://eoscms.cern.ch:1094//eos/cms/store/mc/RunIISummer20UL18MiniAODv2/QCD_Pt_120to170_TuneCP5_13TeV_pythia8/MINIAODSIM/106X_upgrade2018_realistic_v16_L1v1-v2/120000/D9250EE5-8752-F045-9E97-5741824765E7.root?tried=.
%MSG
10-Jun-2024 14:29:20 CEST  Fallback request to file root://xrootd-cms.infn.it//store/mc/RunIISummer20UL18MiniAODv2/QCD_Pt_120to170_TuneCP5_13TeV_pythia8/MINIAODSIM/106X_upgrade2018_realistic_v16_L1v1-v2/120000/D9250EE5-8752-F045-9E97-5741824765E7.root
%MSG-w XrdAdaptor:  file_open 10-Jun-2024 14:29:35 CEST PostProcessEvent
Data is served from T2_US_Florida instead of original site infn.it
%MSG
10-Jun-2024 14:29:36 CEST  Successfully opened file root://xrootd-cms.infn.it//store/mc/RunIISummer20UL18MiniAODv2/QCD_Pt_120to170_TuneCP5_13TeV_pythia8/MINIAODSIM/106X_upgrade2018_realistic_v16_L1v1-v2/120000/D9250EE5-8752-F045-9E97-5741824765E7.root
10-Jun-2024 14:29:42 CEST  Closed file root://xrootd-cms.infn.it//store/mc/RunIISummer20UL18MiniAODv2/QCD_Pt_120to170_TuneCP5_13TeV_pythia8/MINIAODSIM/106X_upgrade2018_realistic_v16_L1v1-v2/120000/D9250EE5-8752-F045-9E97-5741824765E7.root
10-Jun-2024 14:29:42 CEST  Initiating request to open file root://eoscms.cern.ch//eos/cms/store/mc/RunIISummer20UL18MiniAODv2/QCD_Pt_120to170_TuneCP5_13TeV_pythia8/MINIAODSIM/106X_upgrade2018_realistic_v16_L1v1-v2/120000/274ECC2F-06B7-3E4F-9449-114D09DF178A.root
%MSG-w XrdAdaptorInternal:  file_open 10-Jun-2024 14:29:43 CEST PostProcessEvent
Failed to open file at URL root://eoscms.cern.ch:1094//eos/cms/store/mc/RunIISummer20UL18MiniAODv2/QCD_Pt_120to170_TuneCP5_13TeV_pythia8/MINIAODSIM/106X_upgrade2018_realistic_v16_L1v1-v2/120000/274ECC2F-06B7-3E4F-9449-114D09DF178A.root.
%MSG
%MSG-w XrdAdaptorInternal:  file_open 10-Jun-2024 14:29:43 CEST PostProcessEvent
Failed to open file at URL root://eoscms.cern.ch:1094//eos/cms/store/mc/RunIISummer20UL18MiniAODv2/QCD_Pt_120to170_TuneCP5_13TeV_pythia8/MINIAODSIM/106X_upgrade2018_realistic_v16_L1v1-v2/120000/274ECC2F-06B7-3E4F-9449-114D09DF178A.root?tried=.
%MSG
10-Jun-2024 14:29:43 CEST  Fallback request to file root://xrootd-cms.infn.it//store/mc/RunIISummer20UL18MiniAODv2/QCD_Pt_120to170_TuneCP5_13TeV_pythia8/MINIAODSIM/106X_upgrade2018_realistic_v16_L1v1-v2/120000/274ECC2F-06B7-3E4F-9449-114D09DF178A.root
%MSG-w XrdAdaptor:  file_open 10-Jun-2024 14:29:56 CEST PostProcessEvent
Data is served from fnal.gov instead of original site infn.it
%MSG
10-Jun-2024 14:29:57 CEST  Successfully opened file root://xrootd-cms.infn.it//store/mc/RunIISummer20UL18MiniAODv2/QCD_Pt_120to170_TuneCP5_13TeV_pythia8/MINIAODSIM/106X_upgrade2018_realistic_v16_L1v1-v2/120000/274ECC2F-06B7-3E4F-9449-114D09DF178A.root
Begin processing the 200001st record. Run 1, Event 29810003, LumiSection 29811 on stream 0 at 10-Jun-2024 14:30:03.247 CEST
10-Jun-2024 14:30:03 CEST  Closed file root://xrootd-cms.infn.it//store/mc/RunIISummer20UL18MiniAODv2/QCD_Pt_120to170_TuneCP5_13TeV_pythia8/MINIAODSIM/106X_upgrade2018_realistic_v16_L1v1-v2/120000/274ECC2F-06B7-3E4F-9449-114D09DF178A.root
10-Jun-2024 14:30:03 CEST  Initiating request to open file root://eoscms.cern.ch//eos/cms/store/mc/RunIISummer20UL18MiniAODv2/QCD_Pt_120to170_TuneCP5_13TeV_pythia8/MINIAODSIM/106X_upgrade2018_realistic_v16_L1v1-v2/120000/1716EFE2-AA69-A642-9CC1-34BFDDE9FB12.root
%MSG-w XrdAdaptorInternal:  file_open 10-Jun-2024 14:30:04 CEST PostProcessEvent
Failed to open file at URL root://eoscms.cern.ch:1094//eos/cms/store/mc/RunIISummer20UL18MiniAODv2/QCD_Pt_120to170_TuneCP5_13TeV_pythia8/MINIAODSIM/106X_upgrade2018_realistic_v16_L1v1-v2/120000/1716EFE2-AA69-A642-9CC1-34BFDDE9FB12.root.
%MSG
%MSG-w XrdAdaptorInternal:  file_open 10-Jun-2024 14:30:04 CEST PostProcessEvent
Failed to open file at URL root://eoscms.cern.ch:1094//eos/cms/store/mc/RunIISummer20UL18MiniAODv2/QCD_Pt_120to170_TuneCP5_13TeV_pythia8/MINIAODSIM/106X_upgrade2018_realistic_v16_L1v1-v2/120000/1716EFE2-AA69-A642-9CC1-34BFDDE9FB12.root?tried=.
%MSG
10-Jun-2024 14:30:04 CEST  Fallback request to file root://xrootd-cms.infn.it//store/mc/RunIISummer20UL18MiniAODv2/QCD_Pt_120to170_TuneCP5_13TeV_pythia8/MINIAODSIM/106X_upgrade2018_realistic_v16_L1v1-v2/120000/1716EFE2-AA69-A642-9CC1-34BFDDE9FB12.root
%MSG-w XrdAdaptor:  file_open 10-Jun-2024 14:30:18 CEST PostProcessEvent
Data is served from T2_US_MIT instead of original site infn.it
%MSG
10-Jun-2024 14:30:19 CEST  Successfully opened file root://xrootd-cms.infn.it//store/mc/RunIISummer20UL18MiniAODv2/QCD_Pt_120to170_TuneCP5_13TeV_pythia8/MINIAODSIM/106X_upgrade2018_realistic_v16_L1v1-v2/120000/1716EFE2-AA69-A642-9CC1-34BFDDE9FB12.root
10-Jun-2024 14:30:24 CEST  Closed file root://xrootd-cms.infn.it//store/mc/RunIISummer20UL18MiniAODv2/QCD_Pt_120to170_TuneCP5_13TeV_pythia8/MINIAODSIM/106X_upgrade2018_realistic_v16_L1v1-v2/120000/1716EFE2-AA69-A642-9CC1-34BFDDE9FB12.root
10-Jun-2024 14:30:24 CEST  Initiating request to open file root://eoscms.cern.ch//eos/cms/store/mc/RunIISummer20UL18MiniAODv2/QCD_Pt_120to170_TuneCP5_13TeV_pythia8/MINIAODSIM/106X_upgrade2018_realistic_v16_L1v1-v2/120000/39DE8E47-9A51-FC42-89DE-FDF523269AB2.root
%MSG-w XrdAdaptorInternal:  file_open 10-Jun-2024 14:30:25 CEST PostProcessEvent
Failed to open file at URL root://eoscms.cern.ch:1094//eos/cms/store/mc/RunIISummer20UL18MiniAODv2/QCD_Pt_120to170_TuneCP5_13TeV_pythia8/MINIAODSIM/106X_upgrade2018_realistic_v16_L1v1-v2/120000/39DE8E47-9A51-FC42-89DE-FDF523269AB2.root.
%MSG
%MSG-w XrdAdaptorInternal:  file_open 10-Jun-2024 14:30:25 CEST PostProcessEvent
Failed to open file at URL root://eoscms.cern.ch:1094//eos/cms/store/mc/RunIISummer20UL18MiniAODv2/QCD_Pt_120to170_TuneCP5_13TeV_pythia8/MINIAODSIM/106X_upgrade2018_realistic_v16_L1v1-v2/120000/39DE8E47-9A51-FC42-89DE-FDF523269AB2.root?tried=.
%MSG
10-Jun-2024 14:30:25 CEST  Fallback request to file root://xrootd-cms.infn.it//store/mc/RunIISummer20UL18MiniAODv2/QCD_Pt_120to170_TuneCP5_13TeV_pythia8/MINIAODSIM/106X_upgrade2018_realistic_v16_L1v1-v2/120000/39DE8E47-9A51-FC42-89DE-FDF523269AB2.root
%MSG-w XrdAdaptor:  file_open 10-Jun-2024 14:30:38 CEST PostProcessEvent
Data is served from fnal.gov instead of original site infn.it
%MSG
10-Jun-2024 14:30:39 CEST  Successfully opened file root://xrootd-cms.infn.it//store/mc/RunIISummer20UL18MiniAODv2/QCD_Pt_120to170_TuneCP5_13TeV_pythia8/MINIAODSIM/106X_upgrade2018_realistic_v16_L1v1-v2/120000/39DE8E47-9A51-FC42-89DE-FDF523269AB2.root
10-Jun-2024 14:30:43 CEST  Closed file root://xrootd-cms.infn.it//store/mc/RunIISummer20UL18MiniAODv2/QCD_Pt_120to170_TuneCP5_13TeV_pythia8/MINIAODSIM/106X_upgrade2018_realistic_v16_L1v1-v2/120000/39DE8E47-9A51-FC42-89DE-FDF523269AB2.root
10-Jun-2024 14:30:43 CEST  Initiating request to open file root://eoscms.cern.ch//eos/cms/store/mc/RunIISummer20UL18MiniAODv2/QCD_Pt_120to170_TuneCP5_13TeV_pythia8/MINIAODSIM/106X_upgrade2018_realistic_v16_L1v1-v2/120000/AA781D6B-B79F-434B-9AE6-E42B77E61EA1.root
%MSG-w XrdAdaptorInternal:  file_open 10-Jun-2024 14:30:44 CEST PostProcessEvent
Failed to open file at URL root://eoscms.cern.ch:1094//eos/cms/store/mc/RunIISummer20UL18MiniAODv2/QCD_Pt_120to170_TuneCP5_13TeV_pythia8/MINIAODSIM/106X_upgrade2018_realistic_v16_L1v1-v2/120000/AA781D6B-B79F-434B-9AE6-E42B77E61EA1.root.
%MSG
%MSG-w XrdAdaptorInternal:  file_open 10-Jun-2024 14:30:44 CEST PostProcessEvent
Failed to open file at URL root://eoscms.cern.ch:1094//eos/cms/store/mc/RunIISummer20UL18MiniAODv2/QCD_Pt_120to170_TuneCP5_13TeV_pythia8/MINIAODSIM/106X_upgrade2018_realistic_v16_L1v1-v2/120000/AA781D6B-B79F-434B-9AE6-E42B77E61EA1.root?tried=.
%MSG
10-Jun-2024 14:30:44 CEST  Fallback request to file root://xrootd-cms.infn.it//store/mc/RunIISummer20UL18MiniAODv2/QCD_Pt_120to170_TuneCP5_13TeV_pythia8/MINIAODSIM/106X_upgrade2018_realistic_v16_L1v1-v2/120000/AA781D6B-B79F-434B-9AE6-E42B77E61EA1.root
%MSG-w XrdAdaptor:  file_open 10-Jun-2024 14:30:57 CEST PostProcessEvent
Data is served from T2_US_MIT instead of original site infn.it
%MSG
10-Jun-2024 14:30:58 CEST  Successfully opened file root://xrootd-cms.infn.it//store/mc/RunIISummer20UL18MiniAODv2/QCD_Pt_120to170_TuneCP5_13TeV_pythia8/MINIAODSIM/106X_upgrade2018_realistic_v16_L1v1-v2/120000/AA781D6B-B79F-434B-9AE6-E42B77E61EA1.root
10-Jun-2024 14:31:03 CEST  Closed file root://xrootd-cms.infn.it//store/mc/RunIISummer20UL18MiniAODv2/QCD_Pt_120to170_TuneCP5_13TeV_pythia8/MINIAODSIM/106X_upgrade2018_realistic_v16_L1v1-v2/120000/AA781D6B-B79F-434B-9AE6-E42B77E61EA1.root
10-Jun-2024 14:31:03 CEST  Initiating request to open file root://eoscms.cern.ch//eos/cms/store/mc/RunIISummer20UL18MiniAODv2/QCD_Pt_120to170_TuneCP5_13TeV_pythia8/MINIAODSIM/106X_upgrade2018_realistic_v16_L1v1-v2/120000/143EB6B9-4E37-5341-B7C9-6AE6CDC2894E.root
%MSG-w XrdAdaptorInternal:  file_open 10-Jun-2024 14:31:04 CEST PostProcessEvent
Failed to open file at URL root://eoscms.cern.ch:1094//eos/cms/store/mc/RunIISummer20UL18MiniAODv2/QCD_Pt_120to170_TuneCP5_13TeV_pythia8/MINIAODSIM/106X_upgrade2018_realistic_v16_L1v1-v2/120000/143EB6B9-4E37-5341-B7C9-6AE6CDC2894E.root.
%MSG
%MSG-w XrdAdaptorInternal:  file_open 10-Jun-2024 14:31:04 CEST PostProcessEvent
Failed to open file at URL root://eoscms.cern.ch:1094//eos/cms/store/mc/RunIISummer20UL18MiniAODv2/QCD_Pt_120to170_TuneCP5_13TeV_pythia8/MINIAODSIM/106X_upgrade2018_realistic_v16_L1v1-v2/120000/143EB6B9-4E37-5341-B7C9-6AE6CDC2894E.root?tried=.
%MSG
10-Jun-2024 14:31:04 CEST  Fallback request to file root://xrootd-cms.infn.it//store/mc/RunIISummer20UL18MiniAODv2/QCD_Pt_120to170_TuneCP5_13TeV_pythia8/MINIAODSIM/106X_upgrade2018_realistic_v16_L1v1-v2/120000/143EB6B9-4E37-5341-B7C9-6AE6CDC2894E.root
%MSG-w XrdAdaptor:  file_open 10-Jun-2024 14:31:29 CEST PostProcessEvent
Data is served from cms.rcac.purdue.edu instead of original site infn.it
%MSG
10-Jun-2024 14:31:29 CEST  Successfully opened file root://xrootd-cms.infn.it//store/mc/RunIISummer20UL18MiniAODv2/QCD_Pt_120to170_TuneCP5_13TeV_pythia8/MINIAODSIM/106X_upgrade2018_realistic_v16_L1v1-v2/120000/143EB6B9-4E37-5341-B7C9-6AE6CDC2894E.root
10-Jun-2024 14:31:35 CEST  Closed file root://xrootd-cms.infn.it//store/mc/RunIISummer20UL18MiniAODv2/QCD_Pt_120to170_TuneCP5_13TeV_pythia8/MINIAODSIM/106X_upgrade2018_realistic_v16_L1v1-v2/120000/143EB6B9-4E37-5341-B7C9-6AE6CDC2894E.root
10-Jun-2024 14:31:35 CEST  Initiating request to open file root://eoscms.cern.ch//eos/cms/store/mc/RunIISummer20UL18MiniAODv2/QCD_Pt_120to170_TuneCP5_13TeV_pythia8/MINIAODSIM/106X_upgrade2018_realistic_v16_L1v1-v2/120000/1DCF6EA6-C83C-4242-8D4E-65415C67B5C7.root
%MSG-w XrdAdaptorInternal:  file_open 10-Jun-2024 14:31:36 CEST PostProcessEvent
Failed to open file at URL root://eoscms.cern.ch:1094//eos/cms/store/mc/RunIISummer20UL18MiniAODv2/QCD_Pt_120to170_TuneCP5_13TeV_pythia8/MINIAODSIM/106X_upgrade2018_realistic_v16_L1v1-v2/120000/1DCF6EA6-C83C-4242-8D4E-65415C67B5C7.root.
%MSG
%MSG-w XrdAdaptorInternal:  file_open 10-Jun-2024 14:31:36 CEST PostProcessEvent
Failed to open file at URL root://eoscms.cern.ch:1094//eos/cms/store/mc/RunIISummer20UL18MiniAODv2/QCD_Pt_120to170_TuneCP5_13TeV_pythia8/MINIAODSIM/106X_upgrade2018_realistic_v16_L1v1-v2/120000/1DCF6EA6-C83C-4242-8D4E-65415C67B5C7.root?tried=.
%MSG
10-Jun-2024 14:31:36 CEST  Fallback request to file root://xrootd-cms.infn.it//store/mc/RunIISummer20UL18MiniAODv2/QCD_Pt_120to170_TuneCP5_13TeV_pythia8/MINIAODSIM/106X_upgrade2018_realistic_v16_L1v1-v2/120000/1DCF6EA6-C83C-4242-8D4E-65415C67B5C7.root
%MSG-w XrdAdaptor:  file_open 10-Jun-2024 14:31:48 CEST PostProcessEvent
Data is served from fnal.gov instead of original site infn.it
%MSG
10-Jun-2024 14:31:49 CEST  Successfully opened file root://xrootd-cms.infn.it//store/mc/RunIISummer20UL18MiniAODv2/QCD_Pt_120to170_TuneCP5_13TeV_pythia8/MINIAODSIM/106X_upgrade2018_realistic_v16_L1v1-v2/120000/1DCF6EA6-C83C-4242-8D4E-65415C67B5C7.root
10-Jun-2024 14:31:56 CEST  Closed file root://xrootd-cms.infn.it//store/mc/RunIISummer20UL18MiniAODv2/QCD_Pt_120to170_TuneCP5_13TeV_pythia8/MINIAODSIM/106X_upgrade2018_realistic_v16_L1v1-v2/120000/1DCF6EA6-C83C-4242-8D4E-65415C67B5C7.root
10-Jun-2024 14:31:56 CEST  Initiating request to open file root://eoscms.cern.ch//eos/cms/store/mc/RunIISummer20UL18MiniAODv2/QCD_Pt_120to170_TuneCP5_13TeV_pythia8/MINIAODSIM/106X_upgrade2018_realistic_v16_L1v1-v2/120000/B17C3EF8-0A99-E643-8C45-705C04B11FCD.root
%MSG-w XrdAdaptorInternal:  file_open 10-Jun-2024 14:31:57 CEST PostProcessEvent
Failed to open file at URL root://eoscms.cern.ch:1094//eos/cms/store/mc/RunIISummer20UL18MiniAODv2/QCD_Pt_120to170_TuneCP5_13TeV_pythia8/MINIAODSIM/106X_upgrade2018_realistic_v16_L1v1-v2/120000/B17C3EF8-0A99-E643-8C45-705C04B11FCD.root.
%MSG
%MSG-w XrdAdaptorInternal:  file_open 10-Jun-2024 14:31:57 CEST PostProcessEvent
Failed to open file at URL root://eoscms.cern.ch:1094//eos/cms/store/mc/RunIISummer20UL18MiniAODv2/QCD_Pt_120to170_TuneCP5_13TeV_pythia8/MINIAODSIM/106X_upgrade2018_realistic_v16_L1v1-v2/120000/B17C3EF8-0A99-E643-8C45-705C04B11FCD.root?tried=.
%MSG
10-Jun-2024 14:31:57 CEST  Fallback request to file root://xrootd-cms.infn.it//store/mc/RunIISummer20UL18MiniAODv2/QCD_Pt_120to170_TuneCP5_13TeV_pythia8/MINIAODSIM/106X_upgrade2018_realistic_v16_L1v1-v2/120000/B17C3EF8-0A99-E643-8C45-705C04B11FCD.root
%MSG-w XrdAdaptor:  file_open 10-Jun-2024 14:32:09 CEST PostProcessEvent
Data is served from fnal.gov instead of original site infn.it
%MSG
10-Jun-2024 14:32:10 CEST  Successfully opened file root://xrootd-cms.infn.it//store/mc/RunIISummer20UL18MiniAODv2/QCD_Pt_120to170_TuneCP5_13TeV_pythia8/MINIAODSIM/106X_upgrade2018_realistic_v16_L1v1-v2/120000/B17C3EF8-0A99-E643-8C45-705C04B11FCD.root
Begin processing the 300001st record. Run 1, Event 9492014, LumiSection 9493 on stream 0 at 10-Jun-2024 14:32:15.483 CEST
10-Jun-2024 14:32:15 CEST  Closed file root://xrootd-cms.infn.it//store/mc/RunIISummer20UL18MiniAODv2/QCD_Pt_120to170_TuneCP5_13TeV_pythia8/MINIAODSIM/106X_upgrade2018_realistic_v16_L1v1-v2/120000/B17C3EF8-0A99-E643-8C45-705C04B11FCD.root
10-Jun-2024 14:32:15 CEST  Initiating request to open file root://eoscms.cern.ch//eos/cms/store/mc/RunIISummer20UL18MiniAODv2/QCD_Pt_120to170_TuneCP5_13TeV_pythia8/MINIAODSIM/106X_upgrade2018_realistic_v16_L1v1-v2/120000/3528709A-57A2-8244-BDB6-63C4FEFEEB78.root
%MSG-w XrdAdaptorInternal:  file_open 10-Jun-2024 14:32:16 CEST PostProcessEvent
Failed to open file at URL root://eoscms.cern.ch:1094//eos/cms/store/mc/RunIISummer20UL18MiniAODv2/QCD_Pt_120to170_TuneCP5_13TeV_pythia8/MINIAODSIM/106X_upgrade2018_realistic_v16_L1v1-v2/120000/3528709A-57A2-8244-BDB6-63C4FEFEEB78.root.
%MSG
%MSG-w XrdAdaptorInternal:  file_open 10-Jun-2024 14:32:16 CEST PostProcessEvent
Failed to open file at URL root://eoscms.cern.ch:1094//eos/cms/store/mc/RunIISummer20UL18MiniAODv2/QCD_Pt_120to170_TuneCP5_13TeV_pythia8/MINIAODSIM/106X_upgrade2018_realistic_v16_L1v1-v2/120000/3528709A-57A2-8244-BDB6-63C4FEFEEB78.root?tried=.
%MSG
10-Jun-2024 14:32:16 CEST  Fallback request to file root://xrootd-cms.infn.it//store/mc/RunIISummer20UL18MiniAODv2/QCD_Pt_120to170_TuneCP5_13TeV_pythia8/MINIAODSIM/106X_upgrade2018_realistic_v16_L1v1-v2/120000/3528709A-57A2-8244-BDB6-63C4FEFEEB78.root
%MSG-w XrdAdaptor:  file_open 10-Jun-2024 14:32:30 CEST PostProcessEvent
Data is served from T2_US_MIT instead of original site infn.it
%MSG
10-Jun-2024 14:32:31 CEST  Successfully opened file root://xrootd-cms.infn.it//store/mc/RunIISummer20UL18MiniAODv2/QCD_Pt_120to170_TuneCP5_13TeV_pythia8/MINIAODSIM/106X_upgrade2018_realistic_v16_L1v1-v2/120000/3528709A-57A2-8244-BDB6-63C4FEFEEB78.root
10-Jun-2024 14:32:35 CEST  Closed file root://xrootd-cms.infn.it//store/mc/RunIISummer20UL18MiniAODv2/QCD_Pt_120to170_TuneCP5_13TeV_pythia8/MINIAODSIM/106X_upgrade2018_realistic_v16_L1v1-v2/120000/3528709A-57A2-8244-BDB6-63C4FEFEEB78.root
10-Jun-2024 14:32:35 CEST  Initiating request to open file root://eoscms.cern.ch//eos/cms/store/mc/RunIISummer20UL18MiniAODv2/QCD_Pt_120to170_TuneCP5_13TeV_pythia8/MINIAODSIM/106X_upgrade2018_realistic_v16_L1v1-v2/120000/F421C161-23C2-AB4C-BD21-EE1EA28E8EED.root
%MSG-w XrdAdaptorInternal:  file_open 10-Jun-2024 14:32:36 CEST PostProcessEvent
Failed to open file at URL root://eoscms.cern.ch:1094//eos/cms/store/mc/RunIISummer20UL18MiniAODv2/QCD_Pt_120to170_TuneCP5_13TeV_pythia8/MINIAODSIM/106X_upgrade2018_realistic_v16_L1v1-v2/120000/F421C161-23C2-AB4C-BD21-EE1EA28E8EED.root.
%MSG
%MSG-w XrdAdaptorInternal:  file_open 10-Jun-2024 14:32:36 CEST PostProcessEvent
Failed to open file at URL root://eoscms.cern.ch:1094//eos/cms/store/mc/RunIISummer20UL18MiniAODv2/QCD_Pt_120to170_TuneCP5_13TeV_pythia8/MINIAODSIM/106X_upgrade2018_realistic_v16_L1v1-v2/120000/F421C161-23C2-AB4C-BD21-EE1EA28E8EED.root?tried=.
%MSG
10-Jun-2024 14:32:36 CEST  Fallback request to file root://xrootd-cms.infn.it//store/mc/RunIISummer20UL18MiniAODv2/QCD_Pt_120to170_TuneCP5_13TeV_pythia8/MINIAODSIM/106X_upgrade2018_realistic_v16_L1v1-v2/120000/F421C161-23C2-AB4C-BD21-EE1EA28E8EED.root
%MSG-w XrdAdaptor:  file_open 10-Jun-2024 14:32:49 CEST PostProcessEvent
Data is served from fnal.gov instead of original site infn.it
%MSG
10-Jun-2024 14:32:50 CEST  Successfully opened file root://xrootd-cms.infn.it//store/mc/RunIISummer20UL18MiniAODv2/QCD_Pt_120to170_TuneCP5_13TeV_pythia8/MINIAODSIM/106X_upgrade2018_realistic_v16_L1v1-v2/120000/F421C161-23C2-AB4C-BD21-EE1EA28E8EED.root
Begin processing the 400001st record. Run 1, Event 739001, LumiSection 740 on stream 0 at 10-Jun-2024 14:33:01.713 CEST
10-Jun-2024 14:33:02 CEST  Closed file root://xrootd-cms.infn.it//store/mc/RunIISummer20UL18MiniAODv2/QCD_Pt_120to170_TuneCP5_13TeV_pythia8/MINIAODSIM/106X_upgrade2018_realistic_v16_L1v1-v2/120000/F421C161-23C2-AB4C-BD21-EE1EA28E8EED.root
10-Jun-2024 14:33:02 CEST  Initiating request to open file root://eoscms.cern.ch//eos/cms/store/mc/RunIISummer20UL18MiniAODv2/QCD_Pt_120to170_TuneCP5_13TeV_pythia8/MINIAODSIM/106X_upgrade2018_realistic_v16_L1v1-v2/120000/BC0F8AEF-AFD6-8F49-926C-473650F86510.root
%MSG-w XrdAdaptorInternal:  file_open 10-Jun-2024 14:33:03 CEST PostProcessEvent
Failed to open file at URL root://eoscms.cern.ch:1094//eos/cms/store/mc/RunIISummer20UL18MiniAODv2/QCD_Pt_120to170_TuneCP5_13TeV_pythia8/MINIAODSIM/106X_upgrade2018_realistic_v16_L1v1-v2/120000/BC0F8AEF-AFD6-8F49-926C-473650F86510.root.
%MSG
%MSG-w XrdAdaptorInternal:  file_open 10-Jun-2024 14:33:03 CEST PostProcessEvent
Failed to open file at URL root://eoscms.cern.ch:1094//eos/cms/store/mc/RunIISummer20UL18MiniAODv2/QCD_Pt_120to170_TuneCP5_13TeV_pythia8/MINIAODSIM/106X_upgrade2018_realistic_v16_L1v1-v2/120000/BC0F8AEF-AFD6-8F49-926C-473650F86510.root?tried=.
%MSG
10-Jun-2024 14:33:03 CEST  Fallback request to file root://xrootd-cms.infn.it//store/mc/RunIISummer20UL18MiniAODv2/QCD_Pt_120to170_TuneCP5_13TeV_pythia8/MINIAODSIM/106X_upgrade2018_realistic_v16_L1v1-v2/120000/BC0F8AEF-AFD6-8F49-926C-473650F86510.root
%MSG-w XrdAdaptor:  file_open 10-Jun-2024 14:33:16 CEST PostProcessEvent
Data is served from fnal.gov instead of original site infn.it
%MSG
10-Jun-2024 14:33:17 CEST  Successfully opened file root://xrootd-cms.infn.it//store/mc/RunIISummer20UL18MiniAODv2/QCD_Pt_120to170_TuneCP5_13TeV_pythia8/MINIAODSIM/106X_upgrade2018_realistic_v16_L1v1-v2/120000/BC0F8AEF-AFD6-8F49-926C-473650F86510.root
Begin processing the 500001st record. Run 1, Event 1460002, LumiSection 1461 on stream 0 at 10-Jun-2024 14:33:28.469 CEST
10-Jun-2024 14:33:28 CEST  Closed file root://xrootd-cms.infn.it//store/mc/RunIISummer20UL18MiniAODv2/QCD_Pt_120to170_TuneCP5_13TeV_pythia8/MINIAODSIM/106X_upgrade2018_realistic_v16_L1v1-v2/120000/BC0F8AEF-AFD6-8F49-926C-473650F86510.root
10-Jun-2024 14:33:28 CEST  Initiating request to open file root://eoscms.cern.ch//eos/cms/store/mc/RunIISummer20UL18MiniAODv2/QCD_Pt_120to170_TuneCP5_13TeV_pythia8/MINIAODSIM/106X_upgrade2018_realistic_v16_L1v1-v2/120000/F3B40E5B-AD71-9742-A986-F2597028FA06.root
%MSG-w XrdAdaptorInternal:  file_open 10-Jun-2024 14:33:29 CEST PostProcessEvent
Failed to open file at URL root://eoscms.cern.ch:1094//eos/cms/store/mc/RunIISummer20UL18MiniAODv2/QCD_Pt_120to170_TuneCP5_13TeV_pythia8/MINIAODSIM/106X_upgrade2018_realistic_v16_L1v1-v2/120000/F3B40E5B-AD71-9742-A986-F2597028FA06.root.
%MSG
%MSG-w XrdAdaptorInternal:  file_open 10-Jun-2024 14:33:29 CEST PostProcessEvent
Failed to open file at URL root://eoscms.cern.ch:1094//eos/cms/store/mc/RunIISummer20UL18MiniAODv2/QCD_Pt_120to170_TuneCP5_13TeV_pythia8/MINIAODSIM/106X_upgrade2018_realistic_v16_L1v1-v2/120000/F3B40E5B-AD71-9742-A986-F2597028FA06.root?tried=.
%MSG
10-Jun-2024 14:33:29 CEST  Fallback request to file root://xrootd-cms.infn.it//store/mc/RunIISummer20UL18MiniAODv2/QCD_Pt_120to170_TuneCP5_13TeV_pythia8/MINIAODSIM/106X_upgrade2018_realistic_v16_L1v1-v2/120000/F3B40E5B-AD71-9742-A986-F2597028FA06.root
%MSG-w XrdAdaptor:  file_open 10-Jun-2024 14:33:42 CEST PostProcessEvent
Data is served from fnal.gov instead of original site infn.it
%MSG
10-Jun-2024 14:33:43 CEST  Successfully opened file root://xrootd-cms.infn.it//store/mc/RunIISummer20UL18MiniAODv2/QCD_Pt_120to170_TuneCP5_13TeV_pythia8/MINIAODSIM/106X_upgrade2018_realistic_v16_L1v1-v2/120000/F3B40E5B-AD71-9742-A986-F2597028FA06.root
Begin processing the 600001st record. Run 1, Event 2784007, LumiSection 2785 on stream 0 at 10-Jun-2024 14:33:54.312 CEST
10-Jun-2024 14:33:54 CEST  Closed file root://xrootd-cms.infn.it//store/mc/RunIISummer20UL18MiniAODv2/QCD_Pt_120to170_TuneCP5_13TeV_pythia8/MINIAODSIM/106X_upgrade2018_realistic_v16_L1v1-v2/120000/F3B40E5B-AD71-9742-A986-F2597028FA06.root
10-Jun-2024 14:33:54 CEST  Initiating request to open file root://eoscms.cern.ch//eos/cms/store/mc/RunIISummer20UL18MiniAODv2/QCD_Pt_120to170_TuneCP5_13TeV_pythia8/MINIAODSIM/106X_upgrade2018_realistic_v16_L1v1-v2/120000/23719600-048F-1F48-9D9D-7EAEB3D46595.root
%MSG-w XrdAdaptorInternal:  file_open 10-Jun-2024 14:33:55 CEST PostProcessEvent
Failed to open file at URL root://eoscms.cern.ch:1094//eos/cms/store/mc/RunIISummer20UL18MiniAODv2/QCD_Pt_120to170_TuneCP5_13TeV_pythia8/MINIAODSIM/106X_upgrade2018_realistic_v16_L1v1-v2/120000/23719600-048F-1F48-9D9D-7EAEB3D46595.root.
%MSG
%MSG-w XrdAdaptorInternal:  file_open 10-Jun-2024 14:33:55 CEST PostProcessEvent
Failed to open file at URL root://eoscms.cern.ch:1094//eos/cms/store/mc/RunIISummer20UL18MiniAODv2/QCD_Pt_120to170_TuneCP5_13TeV_pythia8/MINIAODSIM/106X_upgrade2018_realistic_v16_L1v1-v2/120000/23719600-048F-1F48-9D9D-7EAEB3D46595.root?tried=.
%MSG
10-Jun-2024 14:33:55 CEST  Fallback request to file root://xrootd-cms.infn.it//store/mc/RunIISummer20UL18MiniAODv2/QCD_Pt_120to170_TuneCP5_13TeV_pythia8/MINIAODSIM/106X_upgrade2018_realistic_v16_L1v1-v2/120000/23719600-048F-1F48-9D9D-7EAEB3D46595.root
%MSG-w XrdAdaptor:  file_open 10-Jun-2024 14:34:08 CEST PostProcessEvent
Data is served from fnal.gov instead of original site infn.it
%MSG
10-Jun-2024 14:34:09 CEST  Successfully opened file root://xrootd-cms.infn.it//store/mc/RunIISummer20UL18MiniAODv2/QCD_Pt_120to170_TuneCP5_13TeV_pythia8/MINIAODSIM/106X_upgrade2018_realistic_v16_L1v1-v2/120000/23719600-048F-1F48-9D9D-7EAEB3D46595.root
Begin processing the 700001st record. Run 1, Event 3091007, LumiSection 3092 on stream 0 at 10-Jun-2024 14:34:21.635 CEST
10-Jun-2024 14:34:21 CEST  Closed file root://xrootd-cms.infn.it//store/mc/RunIISummer20UL18MiniAODv2/QCD_Pt_120to170_TuneCP5_13TeV_pythia8/MINIAODSIM/106X_upgrade2018_realistic_v16_L1v1-v2/120000/23719600-048F-1F48-9D9D-7EAEB3D46595.root
10-Jun-2024 14:34:21 CEST  Initiating request to open file root://eoscms.cern.ch//eos/cms/store/mc/RunIISummer20UL18MiniAODv2/QCD_Pt_120to170_TuneCP5_13TeV_pythia8/MINIAODSIM/106X_upgrade2018_realistic_v16_L1v1-v2/120000/4A038199-4867-4F41-A578-DB25BFABA97C.root
%MSG-w XrdAdaptorInternal:  file_open 10-Jun-2024 14:34:22 CEST PostProcessEvent
Failed to open file at URL root://eoscms.cern.ch:1094//eos/cms/store/mc/RunIISummer20UL18MiniAODv2/QCD_Pt_120to170_TuneCP5_13TeV_pythia8/MINIAODSIM/106X_upgrade2018_realistic_v16_L1v1-v2/120000/4A038199-4867-4F41-A578-DB25BFABA97C.root.
%MSG
%MSG-w XrdAdaptorInternal:  file_open 10-Jun-2024 14:34:22 CEST PostProcessEvent
Failed to open file at URL root://eoscms.cern.ch:1094//eos/cms/store/mc/RunIISummer20UL18MiniAODv2/QCD_Pt_120to170_TuneCP5_13TeV_pythia8/MINIAODSIM/106X_upgrade2018_realistic_v16_L1v1-v2/120000/4A038199-4867-4F41-A578-DB25BFABA97C.root?tried=.
%MSG
10-Jun-2024 14:34:22 CEST  Fallback request to file root://xrootd-cms.infn.it//store/mc/RunIISummer20UL18MiniAODv2/QCD_Pt_120to170_TuneCP5_13TeV_pythia8/MINIAODSIM/106X_upgrade2018_realistic_v16_L1v1-v2/120000/4A038199-4867-4F41-A578-DB25BFABA97C.root
%MSG-w XrdAdaptor:  file_open 10-Jun-2024 14:34:35 CEST PostProcessEvent
Data is served from fnal.gov instead of original site infn.it
%MSG
10-Jun-2024 14:34:36 CEST  Successfully opened file root://xrootd-cms.infn.it//store/mc/RunIISummer20UL18MiniAODv2/QCD_Pt_120to170_TuneCP5_13TeV_pythia8/MINIAODSIM/106X_upgrade2018_realistic_v16_L1v1-v2/120000/4A038199-4867-4F41-A578-DB25BFABA97C.root
10-Jun-2024 14:34:48 CEST  Closed file root://xrootd-cms.infn.it//store/mc/RunIISummer20UL18MiniAODv2/QCD_Pt_120to170_TuneCP5_13TeV_pythia8/MINIAODSIM/106X_upgrade2018_realistic_v16_L1v1-v2/120000/4A038199-4867-4F41-A578-DB25BFABA97C.root
10-Jun-2024 14:34:48 CEST  Initiating request to open file root://eoscms.cern.ch//eos/cms/store/mc/RunIISummer20UL18MiniAODv2/QCD_Pt_120to170_TuneCP5_13TeV_pythia8/MINIAODSIM/106X_upgrade2018_realistic_v16_L1v1-v2/120000/1DBFDF32-9552-0742-8D05-0331D54588E2.root
%MSG-w XrdAdaptorInternal:  file_open 10-Jun-2024 14:34:49 CEST PostProcessEvent
Failed to open file at URL root://eoscms.cern.ch:1094//eos/cms/store/mc/RunIISummer20UL18MiniAODv2/QCD_Pt_120to170_TuneCP5_13TeV_pythia8/MINIAODSIM/106X_upgrade2018_realistic_v16_L1v1-v2/120000/1DBFDF32-9552-0742-8D05-0331D54588E2.root.
%MSG
%MSG-w XrdAdaptorInternal:  file_open 10-Jun-2024 14:34:49 CEST PostProcessEvent
Failed to open file at URL root://eoscms.cern.ch:1094//eos/cms/store/mc/RunIISummer20UL18MiniAODv2/QCD_Pt_120to170_TuneCP5_13TeV_pythia8/MINIAODSIM/106X_upgrade2018_realistic_v16_L1v1-v2/120000/1DBFDF32-9552-0742-8D05-0331D54588E2.root?tried=.
%MSG
10-Jun-2024 14:34:49 CEST  Fallback request to file root://xrootd-cms.infn.it//store/mc/RunIISummer20UL18MiniAODv2/QCD_Pt_120to170_TuneCP5_13TeV_pythia8/MINIAODSIM/106X_upgrade2018_realistic_v16_L1v1-v2/120000/1DBFDF32-9552-0742-8D05-0331D54588E2.root
%MSG-w XrdAdaptor:  file_open 10-Jun-2024 14:35:02 CEST PostProcessEvent
Data is served from fnal.gov instead of original site infn.it
%MSG
10-Jun-2024 14:35:03 CEST  Successfully opened file root://xrootd-cms.infn.it//store/mc/RunIISummer20UL18MiniAODv2/QCD_Pt_120to170_TuneCP5_13TeV_pythia8/MINIAODSIM/106X_upgrade2018_realistic_v16_L1v1-v2/120000/1DBFDF32-9552-0742-8D05-0331D54588E2.root
Begin processing the 800001st record. Run 1, Event 3383002, LumiSection 3384 on stream 0 at 10-Jun-2024 14:35:10.251 CEST
10-Jun-2024 14:35:15 CEST  Closed file root://xrootd-cms.infn.it//store/mc/RunIISummer20UL18MiniAODv2/QCD_Pt_120to170_TuneCP5_13TeV_pythia8/MINIAODSIM/106X_upgrade2018_realistic_v16_L1v1-v2/120000/1DBFDF32-9552-0742-8D05-0331D54588E2.root
10-Jun-2024 14:35:15 CEST  Initiating request to open file root://eoscms.cern.ch//eos/cms/store/mc/RunIISummer20UL18MiniAODv2/QCD_Pt_120to170_TuneCP5_13TeV_pythia8/MINIAODSIM/106X_upgrade2018_realistic_v16_L1v1-v2/120000/EA23F1DF-FFA4-6A40-9D3A-2C832C86355B.root
%MSG-w XrdAdaptorInternal:  file_open 10-Jun-2024 14:35:16 CEST PostProcessEvent
Failed to open file at URL root://eoscms.cern.ch:1094//eos/cms/store/mc/RunIISummer20UL18MiniAODv2/QCD_Pt_120to170_TuneCP5_13TeV_pythia8/MINIAODSIM/106X_upgrade2018_realistic_v16_L1v1-v2/120000/EA23F1DF-FFA4-6A40-9D3A-2C832C86355B.root.
%MSG
%MSG-w XrdAdaptorInternal:  file_open 10-Jun-2024 14:35:16 CEST PostProcessEvent
Failed to open file at URL root://eoscms.cern.ch:1094//eos/cms/store/mc/RunIISummer20UL18MiniAODv2/QCD_Pt_120to170_TuneCP5_13TeV_pythia8/MINIAODSIM/106X_upgrade2018_realistic_v16_L1v1-v2/120000/EA23F1DF-FFA4-6A40-9D3A-2C832C86355B.root?tried=.
%MSG
10-Jun-2024 14:35:16 CEST  Fallback request to file root://xrootd-cms.infn.it//store/mc/RunIISummer20UL18MiniAODv2/QCD_Pt_120to170_TuneCP5_13TeV_pythia8/MINIAODSIM/106X_upgrade2018_realistic_v16_L1v1-v2/120000/EA23F1DF-FFA4-6A40-9D3A-2C832C86355B.root
%MSG-w XrdAdaptor:  file_open 10-Jun-2024 14:35:29 CEST PostProcessEvent
Data is served from fnal.gov instead of original site infn.it
%MSG
10-Jun-2024 14:35:29 CEST  Successfully opened file root://xrootd-cms.infn.it//store/mc/RunIISummer20UL18MiniAODv2/QCD_Pt_120to170_TuneCP5_13TeV_pythia8/MINIAODSIM/106X_upgrade2018_realistic_v16_L1v1-v2/120000/EA23F1DF-FFA4-6A40-9D3A-2C832C86355B.root
Begin processing the 900001st record. Run 1, Event 3594007, LumiSection 3595 on stream 0 at 10-Jun-2024 14:35:36.550 CEST
10-Jun-2024 14:35:42 CEST  Closed file root://xrootd-cms.infn.it//store/mc/RunIISummer20UL18MiniAODv2/QCD_Pt_120to170_TuneCP5_13TeV_pythia8/MINIAODSIM/106X_upgrade2018_realistic_v16_L1v1-v2/120000/EA23F1DF-FFA4-6A40-9D3A-2C832C86355B.root
10-Jun-2024 14:35:42 CEST  Initiating request to open file root://eoscms.cern.ch//eos/cms/store/mc/RunIISummer20UL18MiniAODv2/QCD_Pt_120to170_TuneCP5_13TeV_pythia8/MINIAODSIM/106X_upgrade2018_realistic_v16_L1v1-v2/120000/F317F0B5-169E-F14F-9A8F-B54915289502.root
%MSG-w XrdAdaptorInternal:  file_open 10-Jun-2024 14:35:43 CEST PostProcessEvent
Failed to open file at URL root://eoscms.cern.ch:1094//eos/cms/store/mc/RunIISummer20UL18MiniAODv2/QCD_Pt_120to170_TuneCP5_13TeV_pythia8/MINIAODSIM/106X_upgrade2018_realistic_v16_L1v1-v2/120000/F317F0B5-169E-F14F-9A8F-B54915289502.root.
%MSG
%MSG-w XrdAdaptorInternal:  file_open 10-Jun-2024 14:35:43 CEST PostProcessEvent
Failed to open file at URL root://eoscms.cern.ch:1094//eos/cms/store/mc/RunIISummer20UL18MiniAODv2/QCD_Pt_120to170_TuneCP5_13TeV_pythia8/MINIAODSIM/106X_upgrade2018_realistic_v16_L1v1-v2/120000/F317F0B5-169E-F14F-9A8F-B54915289502.root?tried=.
%MSG
10-Jun-2024 14:35:43 CEST  Fallback request to file root://xrootd-cms.infn.it//store/mc/RunIISummer20UL18MiniAODv2/QCD_Pt_120to170_TuneCP5_13TeV_pythia8/MINIAODSIM/106X_upgrade2018_realistic_v16_L1v1-v2/120000/F317F0B5-169E-F14F-9A8F-B54915289502.root
%MSG-w XrdAdaptor:  file_open 10-Jun-2024 14:35:55 CEST PostProcessEvent
Data is served from fnal.gov instead of original site infn.it
%MSG
10-Jun-2024 14:35:56 CEST  Successfully opened file root://xrootd-cms.infn.it//store/mc/RunIISummer20UL18MiniAODv2/QCD_Pt_120to170_TuneCP5_13TeV_pythia8/MINIAODSIM/106X_upgrade2018_realistic_v16_L1v1-v2/120000/F317F0B5-169E-F14F-9A8F-B54915289502.root
10-Jun-2024 14:36:03 CEST  Closed file root://xrootd-cms.infn.it//store/mc/RunIISummer20UL18MiniAODv2/QCD_Pt_120to170_TuneCP5_13TeV_pythia8/MINIAODSIM/106X_upgrade2018_realistic_v16_L1v1-v2/120000/F317F0B5-169E-F14F-9A8F-B54915289502.root

------------------------------------
GenXsecAnalyzer:
------------------------------------
Before Filter: total cross section = 4.073e+05 +- 2.003e+02 pb
Filter efficiency (taking into account weights)= (1.00001e+06) / (1.00001e+06) = 1.000e+00 +- 0.000e+00
Filter efficiency (event-level)= (1e+06) / (1e+06) = 1.000e+00 +- 0.000e+00    [TO BE USED IN MCM]

After filter: final cross section = 4.073e+05 +- 2.003e+02 pb
After filter: final fraction of events with negative weights = 0.000e+00 +- 0.000e+00
After filter: final equivalent lumi for 1M events (1/fb) = 2.455e-03 +- 2.736e-06

=============================================

MessageLogger Summary

 type     category        sev    module        subroutine        count    total
 ---- -------------------- -- ---------------- ----------------  -----    -----
    1 GenXSecAnalyzer      -w GenXSecAnalyzer:                       7        7
    2 XrdAdaptor           -w file_open                             24       24
    3 XrdAdaptorInternal   -w file_open                             48       48
    4 fileAction           -s file_close                            24       24
    5 fileAction           -s file_open                             72       72

 type    category    Examples: run/evt        run/evt          run/evt
 ---- -------------------- ---------------- ---------------- ----------------
    1 GenXSecAnalyzer      PostGlobalEndRun PostGlobalEndRun PostGlobalEndRun
    2 XrdAdaptor           pre-events       PostProcessEvent PostProcessEvent
    3 XrdAdaptorInternal   pre-events       pre-events       PostProcessEvent
    4 fileAction           PostProcessEvent PostProcessEvent PostGlobalEndRun
    5 fileAction           pre-events       pre-events       PostProcessEvent

Severity    # Occurrences   Total Occurrences
--------    -------------   -----------------
Warning                79                  79
System                 96                  96

dropped waiting message count 0
