10-Jun-2024 16:00:07 CEST  Initiating request to open file root://eoscms.cern.ch//eos/cms/store/mc/RunIISummer20UL18MiniAODv2/QCD_HT300to500_TuneCP5_PSWeights_13TeV-madgraph-pythia8/MINIAODSIM/106X_upgrade2018_realistic_v16_L1v1-v1/2550000/9A5D35FA-68DE-A84D-BABE-71D073A34CA0.root
%MSG-w XrdAdaptorInternal:  file_open 10-Jun-2024 16:00:09 CEST pre-events
Failed to open file at URL root://eoscms.cern.ch:1094//eos/cms/store/mc/RunIISummer20UL18MiniAODv2/QCD_HT300to500_TuneCP5_PSWeights_13TeV-madgraph-pythia8/MINIAODSIM/106X_upgrade2018_realistic_v16_L1v1-v1/2550000/9A5D35FA-68DE-A84D-BABE-71D073A34CA0.root.
%MSG
%MSG-w XrdAdaptorInternal:  file_open 10-Jun-2024 16:00:09 CEST pre-events
Failed to open file at URL root://eoscms.cern.ch:1094//eos/cms/store/mc/RunIISummer20UL18MiniAODv2/QCD_HT300to500_TuneCP5_PSWeights_13TeV-madgraph-pythia8/MINIAODSIM/106X_upgrade2018_realistic_v16_L1v1-v1/2550000/9A5D35FA-68DE-A84D-BABE-71D073A34CA0.root?tried=.
%MSG
10-Jun-2024 16:00:09 CEST  Fallback request to file root://xrootd-cms.infn.it//store/mc/RunIISummer20UL18MiniAODv2/QCD_HT300to500_TuneCP5_PSWeights_13TeV-madgraph-pythia8/MINIAODSIM/106X_upgrade2018_realistic_v16_L1v1-v1/2550000/9A5D35FA-68DE-A84D-BABE-71D073A34CA0.root
%MSG-w XrdAdaptor:  file_open 10-Jun-2024 16:00:24 CEST pre-events
Data is served from T2_US_Nebraska instead of original site infn.it
%MSG
10-Jun-2024 16:01:24 CEST  Successfully opened file root://xrootd-cms.infn.it//store/mc/RunIISummer20UL18MiniAODv2/QCD_HT300to500_TuneCP5_PSWeights_13TeV-madgraph-pythia8/MINIAODSIM/106X_upgrade2018_realistic_v16_L1v1-v1/2550000/9A5D35FA-68DE-A84D-BABE-71D073A34CA0.root
Begin processing the 1st record. Run 1, Event 194701038, LumiSection 24464 on stream 0 at 10-Jun-2024 16:01:43.672 CEST
10-Jun-2024 16:01:45 CEST  Closed file root://xrootd-cms.infn.it//store/mc/RunIISummer20UL18MiniAODv2/QCD_HT300to500_TuneCP5_PSWeights_13TeV-madgraph-pythia8/MINIAODSIM/106X_upgrade2018_realistic_v16_L1v1-v1/2550000/9A5D35FA-68DE-A84D-BABE-71D073A34CA0.root
10-Jun-2024 16:01:45 CEST  Initiating request to open file root://eoscms.cern.ch//eos/cms/store/mc/RunIISummer20UL18MiniAODv2/QCD_HT300to500_TuneCP5_PSWeights_13TeV-madgraph-pythia8/MINIAODSIM/106X_upgrade2018_realistic_v16_L1v1-v1/2550000/BC2B8AA4-A12C-6C4A-9277-01D5388AA608.root
%MSG-w XrdAdaptorInternal:  file_open 10-Jun-2024 16:01:46 CEST PostProcessEvent
Failed to open file at URL root://eoscms.cern.ch:1094//eos/cms/store/mc/RunIISummer20UL18MiniAODv2/QCD_HT300to500_TuneCP5_PSWeights_13TeV-madgraph-pythia8/MINIAODSIM/106X_upgrade2018_realistic_v16_L1v1-v1/2550000/BC2B8AA4-A12C-6C4A-9277-01D5388AA608.root.
%MSG
%MSG-w XrdAdaptorInternal:  file_open 10-Jun-2024 16:01:46 CEST PostProcessEvent
Failed to open file at URL root://eoscms.cern.ch:1094//eos/cms/store/mc/RunIISummer20UL18MiniAODv2/QCD_HT300to500_TuneCP5_PSWeights_13TeV-madgraph-pythia8/MINIAODSIM/106X_upgrade2018_realistic_v16_L1v1-v1/2550000/BC2B8AA4-A12C-6C4A-9277-01D5388AA608.root?tried=.
%MSG
10-Jun-2024 16:01:46 CEST  Fallback request to file root://xrootd-cms.infn.it//store/mc/RunIISummer20UL18MiniAODv2/QCD_HT300to500_TuneCP5_PSWeights_13TeV-madgraph-pythia8/MINIAODSIM/106X_upgrade2018_realistic_v16_L1v1-v1/2550000/BC2B8AA4-A12C-6C4A-9277-01D5388AA608.root
%MSG-w XrdAdaptor:  file_open 10-Jun-2024 16:02:01 CEST PostProcessEvent
Data is served from T2_US_Nebraska instead of original site infn.it
%MSG
10-Jun-2024 16:02:01 CEST  Successfully opened file root://xrootd-cms.infn.it//store/mc/RunIISummer20UL18MiniAODv2/QCD_HT300to500_TuneCP5_PSWeights_13TeV-madgraph-pythia8/MINIAODSIM/106X_upgrade2018_realistic_v16_L1v1-v1/2550000/BC2B8AA4-A12C-6C4A-9277-01D5388AA608.root
10-Jun-2024 16:02:07 CEST  Closed file root://xrootd-cms.infn.it//store/mc/RunIISummer20UL18MiniAODv2/QCD_HT300to500_TuneCP5_PSWeights_13TeV-madgraph-pythia8/MINIAODSIM/106X_upgrade2018_realistic_v16_L1v1-v1/2550000/BC2B8AA4-A12C-6C4A-9277-01D5388AA608.root
10-Jun-2024 16:02:07 CEST  Initiating request to open file root://eoscms.cern.ch//eos/cms/store/mc/RunIISummer20UL18MiniAODv2/QCD_HT300to500_TuneCP5_PSWeights_13TeV-madgraph-pythia8/MINIAODSIM/106X_upgrade2018_realistic_v16_L1v1-v1/2550000/640B78F3-2E39-6240-B99B-A2AFF14FDFD5.root
%MSG-w XrdAdaptorInternal:  file_open 10-Jun-2024 16:02:08 CEST PostProcessEvent
Failed to open file at URL root://eoscms.cern.ch:1094//eos/cms/store/mc/RunIISummer20UL18MiniAODv2/QCD_HT300to500_TuneCP5_PSWeights_13TeV-madgraph-pythia8/MINIAODSIM/106X_upgrade2018_realistic_v16_L1v1-v1/2550000/640B78F3-2E39-6240-B99B-A2AFF14FDFD5.root.
%MSG
%MSG-w XrdAdaptorInternal:  file_open 10-Jun-2024 16:02:08 CEST PostProcessEvent
Failed to open file at URL root://eoscms.cern.ch:1094//eos/cms/store/mc/RunIISummer20UL18MiniAODv2/QCD_HT300to500_TuneCP5_PSWeights_13TeV-madgraph-pythia8/MINIAODSIM/106X_upgrade2018_realistic_v16_L1v1-v1/2550000/640B78F3-2E39-6240-B99B-A2AFF14FDFD5.root?tried=.
%MSG
10-Jun-2024 16:02:08 CEST  Fallback request to file root://xrootd-cms.infn.it//store/mc/RunIISummer20UL18MiniAODv2/QCD_HT300to500_TuneCP5_PSWeights_13TeV-madgraph-pythia8/MINIAODSIM/106X_upgrade2018_realistic_v16_L1v1-v1/2550000/640B78F3-2E39-6240-B99B-A2AFF14FDFD5.root
%MSG-w XrdAdaptor:  file_open 10-Jun-2024 16:02:24 CEST PostProcessEvent
Data is served from T2_US_Caltech instead of original site infn.it
%MSG
10-Jun-2024 16:02:25 CEST  Successfully opened file root://xrootd-cms.infn.it//store/mc/RunIISummer20UL18MiniAODv2/QCD_HT300to500_TuneCP5_PSWeights_13TeV-madgraph-pythia8/MINIAODSIM/106X_upgrade2018_realistic_v16_L1v1-v1/2550000/640B78F3-2E39-6240-B99B-A2AFF14FDFD5.root
10-Jun-2024 16:02:32 CEST  Closed file root://xrootd-cms.infn.it//store/mc/RunIISummer20UL18MiniAODv2/QCD_HT300to500_TuneCP5_PSWeights_13TeV-madgraph-pythia8/MINIAODSIM/106X_upgrade2018_realistic_v16_L1v1-v1/2550000/640B78F3-2E39-6240-B99B-A2AFF14FDFD5.root
10-Jun-2024 16:02:32 CEST  Initiating request to open file root://eoscms.cern.ch//eos/cms/store/mc/RunIISummer20UL18MiniAODv2/QCD_HT300to500_TuneCP5_PSWeights_13TeV-madgraph-pythia8/MINIAODSIM/106X_upgrade2018_realistic_v16_L1v1-v1/80000/1360D9AB-34DF-5D47-B708-C6022CE30082.root
%MSG-w XrdAdaptorInternal:  file_open 10-Jun-2024 16:02:33 CEST PostProcessEvent
Failed to open file at URL root://eoscms.cern.ch:1094//eos/cms/store/mc/RunIISummer20UL18MiniAODv2/QCD_HT300to500_TuneCP5_PSWeights_13TeV-madgraph-pythia8/MINIAODSIM/106X_upgrade2018_realistic_v16_L1v1-v1/80000/1360D9AB-34DF-5D47-B708-C6022CE30082.root.
%MSG
%MSG-w XrdAdaptorInternal:  file_open 10-Jun-2024 16:02:33 CEST PostProcessEvent
Failed to open file at URL root://eoscms.cern.ch:1094//eos/cms/store/mc/RunIISummer20UL18MiniAODv2/QCD_HT300to500_TuneCP5_PSWeights_13TeV-madgraph-pythia8/MINIAODSIM/106X_upgrade2018_realistic_v16_L1v1-v1/80000/1360D9AB-34DF-5D47-B708-C6022CE30082.root?tried=.
%MSG
10-Jun-2024 16:02:33 CEST  Fallback request to file root://xrootd-cms.infn.it//store/mc/RunIISummer20UL18MiniAODv2/QCD_HT300to500_TuneCP5_PSWeights_13TeV-madgraph-pythia8/MINIAODSIM/106X_upgrade2018_realistic_v16_L1v1-v1/80000/1360D9AB-34DF-5D47-B708-C6022CE30082.root
%MSG-w XrdAdaptor:  file_open 10-Jun-2024 16:02:50 CEST PostProcessEvent
Data is served from T2_US_MIT instead of original site infn.it
%MSG
10-Jun-2024 16:02:50 CEST  Successfully opened file root://xrootd-cms.infn.it//store/mc/RunIISummer20UL18MiniAODv2/QCD_HT300to500_TuneCP5_PSWeights_13TeV-madgraph-pythia8/MINIAODSIM/106X_upgrade2018_realistic_v16_L1v1-v1/80000/1360D9AB-34DF-5D47-B708-C6022CE30082.root
Begin processing the 100001st record. Run 1, Event 305553113, LumiSection 38391 on stream 0 at 10-Jun-2024 16:02:56.113 CEST
10-Jun-2024 16:02:56 CEST  Closed file root://xrootd-cms.infn.it//store/mc/RunIISummer20UL18MiniAODv2/QCD_HT300to500_TuneCP5_PSWeights_13TeV-madgraph-pythia8/MINIAODSIM/106X_upgrade2018_realistic_v16_L1v1-v1/80000/1360D9AB-34DF-5D47-B708-C6022CE30082.root
10-Jun-2024 16:02:56 CEST  Initiating request to open file root://eoscms.cern.ch//eos/cms/store/mc/RunIISummer20UL18MiniAODv2/QCD_HT300to500_TuneCP5_PSWeights_13TeV-madgraph-pythia8/MINIAODSIM/106X_upgrade2018_realistic_v16_L1v1-v1/30000/59431AB4-7EEF-1A4C-9DD6-D734F74836C6.root
%MSG-w XrdAdaptorInternal:  file_open 10-Jun-2024 16:02:57 CEST PostProcessEvent
Failed to open file at URL root://eoscms.cern.ch:1094//eos/cms/store/mc/RunIISummer20UL18MiniAODv2/QCD_HT300to500_TuneCP5_PSWeights_13TeV-madgraph-pythia8/MINIAODSIM/106X_upgrade2018_realistic_v16_L1v1-v1/30000/59431AB4-7EEF-1A4C-9DD6-D734F74836C6.root.
%MSG
%MSG-w XrdAdaptorInternal:  file_open 10-Jun-2024 16:02:57 CEST PostProcessEvent
Failed to open file at URL root://eoscms.cern.ch:1094//eos/cms/store/mc/RunIISummer20UL18MiniAODv2/QCD_HT300to500_TuneCP5_PSWeights_13TeV-madgraph-pythia8/MINIAODSIM/106X_upgrade2018_realistic_v16_L1v1-v1/30000/59431AB4-7EEF-1A4C-9DD6-D734F74836C6.root?tried=.
%MSG
10-Jun-2024 16:02:57 CEST  Fallback request to file root://xrootd-cms.infn.it//store/mc/RunIISummer20UL18MiniAODv2/QCD_HT300to500_TuneCP5_PSWeights_13TeV-madgraph-pythia8/MINIAODSIM/106X_upgrade2018_realistic_v16_L1v1-v1/30000/59431AB4-7EEF-1A4C-9DD6-D734F74836C6.root
Unable to load sec.protocol plugin libXrdSecztn.so
%MSG-w XrdAdaptor:  file_open 10-Jun-2024 16:03:12 CEST PostProcessEvent
Data is served from T2_US_UCSD-ceph instead of original site infn.it
%MSG
10-Jun-2024 16:03:13 CEST  Successfully opened file root://xrootd-cms.infn.it//store/mc/RunIISummer20UL18MiniAODv2/QCD_HT300to500_TuneCP5_PSWeights_13TeV-madgraph-pythia8/MINIAODSIM/106X_upgrade2018_realistic_v16_L1v1-v1/30000/59431AB4-7EEF-1A4C-9DD6-D734F74836C6.root
Unable to load sec.protocol plugin libXrdSecztn.so
10-Jun-2024 16:03:31 CEST  Closed file root://xrootd-cms.infn.it//store/mc/RunIISummer20UL18MiniAODv2/QCD_HT300to500_TuneCP5_PSWeights_13TeV-madgraph-pythia8/MINIAODSIM/106X_upgrade2018_realistic_v16_L1v1-v1/30000/59431AB4-7EEF-1A4C-9DD6-D734F74836C6.root
10-Jun-2024 16:03:31 CEST  Initiating request to open file root://eoscms.cern.ch//eos/cms/store/mc/RunIISummer20UL18MiniAODv2/QCD_HT300to500_TuneCP5_PSWeights_13TeV-madgraph-pythia8/MINIAODSIM/106X_upgrade2018_realistic_v16_L1v1-v1/30000/BA613383-A872-C84E-B152-D57363E3EDBD.root
%MSG-w XrdAdaptorInternal:  file_open 10-Jun-2024 16:03:32 CEST PostProcessEvent
Failed to open file at URL root://eoscms.cern.ch:1094//eos/cms/store/mc/RunIISummer20UL18MiniAODv2/QCD_HT300to500_TuneCP5_PSWeights_13TeV-madgraph-pythia8/MINIAODSIM/106X_upgrade2018_realistic_v16_L1v1-v1/30000/BA613383-A872-C84E-B152-D57363E3EDBD.root.
%MSG
%MSG-w XrdAdaptorInternal:  file_open 10-Jun-2024 16:03:32 CEST PostProcessEvent
Failed to open file at URL root://eoscms.cern.ch:1094//eos/cms/store/mc/RunIISummer20UL18MiniAODv2/QCD_HT300to500_TuneCP5_PSWeights_13TeV-madgraph-pythia8/MINIAODSIM/106X_upgrade2018_realistic_v16_L1v1-v1/30000/BA613383-A872-C84E-B152-D57363E3EDBD.root?tried=.
%MSG
10-Jun-2024 16:03:32 CEST  Fallback request to file root://xrootd-cms.infn.it//store/mc/RunIISummer20UL18MiniAODv2/QCD_HT300to500_TuneCP5_PSWeights_13TeV-madgraph-pythia8/MINIAODSIM/106X_upgrade2018_realistic_v16_L1v1-v1/30000/BA613383-A872-C84E-B152-D57363E3EDBD.root
%MSG-w XrdAdaptor:  file_open 10-Jun-2024 16:03:44 CEST PostProcessEvent
Data is served from T2_US_UCSD-ceph instead of original site infn.it
%MSG
10-Jun-2024 16:03:45 CEST  Successfully opened file root://xrootd-cms.infn.it//store/mc/RunIISummer20UL18MiniAODv2/QCD_HT300to500_TuneCP5_PSWeights_13TeV-madgraph-pythia8/MINIAODSIM/106X_upgrade2018_realistic_v16_L1v1-v1/30000/BA613383-A872-C84E-B152-D57363E3EDBD.root
Begin processing the 200001st record. Run 1, Event 185591896, LumiSection 23412 on stream 0 at 10-Jun-2024 16:04:04.123 CEST
10-Jun-2024 16:04:04 CEST  Closed file root://xrootd-cms.infn.it//store/mc/RunIISummer20UL18MiniAODv2/QCD_HT300to500_TuneCP5_PSWeights_13TeV-madgraph-pythia8/MINIAODSIM/106X_upgrade2018_realistic_v16_L1v1-v1/30000/BA613383-A872-C84E-B152-D57363E3EDBD.root
10-Jun-2024 16:04:04 CEST  Initiating request to open file root://eoscms.cern.ch//eos/cms/store/mc/RunIISummer20UL18MiniAODv2/QCD_HT300to500_TuneCP5_PSWeights_13TeV-madgraph-pythia8/MINIAODSIM/106X_upgrade2018_realistic_v16_L1v1-v1/30000/DD04A44A-9FC8-2E45-97FD-C8382DE84E55.root
%MSG-w XrdAdaptorInternal:  file_open 10-Jun-2024 16:04:05 CEST PostProcessEvent
Failed to open file at URL root://eoscms.cern.ch:1094//eos/cms/store/mc/RunIISummer20UL18MiniAODv2/QCD_HT300to500_TuneCP5_PSWeights_13TeV-madgraph-pythia8/MINIAODSIM/106X_upgrade2018_realistic_v16_L1v1-v1/30000/DD04A44A-9FC8-2E45-97FD-C8382DE84E55.root.
%MSG
%MSG-w XrdAdaptorInternal:  file_open 10-Jun-2024 16:04:05 CEST PostProcessEvent
Failed to open file at URL root://eoscms.cern.ch:1094//eos/cms/store/mc/RunIISummer20UL18MiniAODv2/QCD_HT300to500_TuneCP5_PSWeights_13TeV-madgraph-pythia8/MINIAODSIM/106X_upgrade2018_realistic_v16_L1v1-v1/30000/DD04A44A-9FC8-2E45-97FD-C8382DE84E55.root?tried=.
%MSG
10-Jun-2024 16:04:05 CEST  Fallback request to file root://xrootd-cms.infn.it//store/mc/RunIISummer20UL18MiniAODv2/QCD_HT300to500_TuneCP5_PSWeights_13TeV-madgraph-pythia8/MINIAODSIM/106X_upgrade2018_realistic_v16_L1v1-v1/30000/DD04A44A-9FC8-2E45-97FD-C8382DE84E55.root
Unable to load sec.protocol plugin libXrdSecztn.so
%MSG-w XrdAdaptor:  file_open 10-Jun-2024 16:04:18 CEST PostProcessEvent
Data is served from T2_US_UCSD-ceph instead of original site infn.it
%MSG
10-Jun-2024 16:04:19 CEST  Successfully opened file root://xrootd-cms.infn.it//store/mc/RunIISummer20UL18MiniAODv2/QCD_HT300to500_TuneCP5_PSWeights_13TeV-madgraph-pythia8/MINIAODSIM/106X_upgrade2018_realistic_v16_L1v1-v1/30000/DD04A44A-9FC8-2E45-97FD-C8382DE84E55.root
10-Jun-2024 16:04:36 CEST  Closed file root://xrootd-cms.infn.it//store/mc/RunIISummer20UL18MiniAODv2/QCD_HT300to500_TuneCP5_PSWeights_13TeV-madgraph-pythia8/MINIAODSIM/106X_upgrade2018_realistic_v16_L1v1-v1/30000/DD04A44A-9FC8-2E45-97FD-C8382DE84E55.root
10-Jun-2024 16:04:36 CEST  Initiating request to open file root://eoscms.cern.ch//eos/cms/store/mc/RunIISummer20UL18MiniAODv2/QCD_HT300to500_TuneCP5_PSWeights_13TeV-madgraph-pythia8/MINIAODSIM/106X_upgrade2018_realistic_v16_L1v1-v1/30000/B79DF6CD-9156-7F4E-999C-E39604D17985.root
%MSG-w XrdAdaptorInternal:  file_open 10-Jun-2024 16:04:37 CEST PostProcessEvent
Failed to open file at URL root://eoscms.cern.ch:1094//eos/cms/store/mc/RunIISummer20UL18MiniAODv2/QCD_HT300to500_TuneCP5_PSWeights_13TeV-madgraph-pythia8/MINIAODSIM/106X_upgrade2018_realistic_v16_L1v1-v1/30000/B79DF6CD-9156-7F4E-999C-E39604D17985.root.
%MSG
%MSG-w XrdAdaptorInternal:  file_open 10-Jun-2024 16:04:37 CEST PostProcessEvent
Failed to open file at URL root://eoscms.cern.ch:1094//eos/cms/store/mc/RunIISummer20UL18MiniAODv2/QCD_HT300to500_TuneCP5_PSWeights_13TeV-madgraph-pythia8/MINIAODSIM/106X_upgrade2018_realistic_v16_L1v1-v1/30000/B79DF6CD-9156-7F4E-999C-E39604D17985.root?tried=.
%MSG
10-Jun-2024 16:04:37 CEST  Fallback request to file root://xrootd-cms.infn.it//store/mc/RunIISummer20UL18MiniAODv2/QCD_HT300to500_TuneCP5_PSWeights_13TeV-madgraph-pythia8/MINIAODSIM/106X_upgrade2018_realistic_v16_L1v1-v1/30000/B79DF6CD-9156-7F4E-999C-E39604D17985.root
Unable to load sec.protocol plugin libXrdSecztn.so
%MSG-w XrdAdaptor:  file_open 10-Jun-2024 16:04:51 CEST PostProcessEvent
Data is served from T2_US_UCSD-ceph instead of original site infn.it
%MSG
10-Jun-2024 16:04:52 CEST  Successfully opened file root://xrootd-cms.infn.it//store/mc/RunIISummer20UL18MiniAODv2/QCD_HT300to500_TuneCP5_PSWeights_13TeV-madgraph-pythia8/MINIAODSIM/106X_upgrade2018_realistic_v16_L1v1-v1/30000/B79DF6CD-9156-7F4E-999C-E39604D17985.root
10-Jun-2024 16:05:11 CEST  Closed file root://xrootd-cms.infn.it//store/mc/RunIISummer20UL18MiniAODv2/QCD_HT300to500_TuneCP5_PSWeights_13TeV-madgraph-pythia8/MINIAODSIM/106X_upgrade2018_realistic_v16_L1v1-v1/30000/B79DF6CD-9156-7F4E-999C-E39604D17985.root
10-Jun-2024 16:05:11 CEST  Initiating request to open file root://eoscms.cern.ch//eos/cms/store/mc/RunIISummer20UL18MiniAODv2/QCD_HT300to500_TuneCP5_PSWeights_13TeV-madgraph-pythia8/MINIAODSIM/106X_upgrade2018_realistic_v16_L1v1-v1/30000/A4590E99-2501-EC4D-82A4-1FAD3EE1E2B3.root
%MSG-w XrdAdaptorInternal:  file_open 10-Jun-2024 16:05:12 CEST PostProcessEvent
Failed to open file at URL root://eoscms.cern.ch:1094//eos/cms/store/mc/RunIISummer20UL18MiniAODv2/QCD_HT300to500_TuneCP5_PSWeights_13TeV-madgraph-pythia8/MINIAODSIM/106X_upgrade2018_realistic_v16_L1v1-v1/30000/A4590E99-2501-EC4D-82A4-1FAD3EE1E2B3.root.
%MSG
%MSG-w XrdAdaptorInternal:  file_open 10-Jun-2024 16:05:12 CEST PostProcessEvent
Failed to open file at URL root://eoscms.cern.ch:1094//eos/cms/store/mc/RunIISummer20UL18MiniAODv2/QCD_HT300to500_TuneCP5_PSWeights_13TeV-madgraph-pythia8/MINIAODSIM/106X_upgrade2018_realistic_v16_L1v1-v1/30000/A4590E99-2501-EC4D-82A4-1FAD3EE1E2B3.root?tried=.
%MSG
10-Jun-2024 16:05:12 CEST  Fallback request to file root://xrootd-cms.infn.it//store/mc/RunIISummer20UL18MiniAODv2/QCD_HT300to500_TuneCP5_PSWeights_13TeV-madgraph-pythia8/MINIAODSIM/106X_upgrade2018_realistic_v16_L1v1-v1/30000/A4590E99-2501-EC4D-82A4-1FAD3EE1E2B3.root
Unable to load sec.protocol plugin libXrdSecztn.so
%MSG-w XrdAdaptor:  file_open 10-Jun-2024 16:05:26 CEST PostProcessEvent
Data is served from T2_US_UCSD-ceph instead of original site infn.it
%MSG
10-Jun-2024 16:05:27 CEST  Successfully opened file root://xrootd-cms.infn.it//store/mc/RunIISummer20UL18MiniAODv2/QCD_HT300to500_TuneCP5_PSWeights_13TeV-madgraph-pythia8/MINIAODSIM/106X_upgrade2018_realistic_v16_L1v1-v1/30000/A4590E99-2501-EC4D-82A4-1FAD3EE1E2B3.root
Unable to load sec.protocol plugin libXrdSecztn.so
Begin processing the 300001st record. Run 1, Event 110149758, LumiSection 13840 on stream 0 at 10-Jun-2024 16:05:42.366 CEST
10-Jun-2024 16:05:43 CEST  Closed file root://xrootd-cms.infn.it//store/mc/RunIISummer20UL18MiniAODv2/QCD_HT300to500_TuneCP5_PSWeights_13TeV-madgraph-pythia8/MINIAODSIM/106X_upgrade2018_realistic_v16_L1v1-v1/30000/A4590E99-2501-EC4D-82A4-1FAD3EE1E2B3.root
10-Jun-2024 16:05:43 CEST  Initiating request to open file root://eoscms.cern.ch//eos/cms/store/mc/RunIISummer20UL18MiniAODv2/QCD_HT300to500_TuneCP5_PSWeights_13TeV-madgraph-pythia8/MINIAODSIM/106X_upgrade2018_realistic_v16_L1v1-v1/30000/6997AF79-8C73-A04F-AB54-3E0E866A43E7.root
%MSG-w XrdAdaptorInternal:  file_open 10-Jun-2024 16:05:44 CEST PostProcessEvent
Failed to open file at URL root://eoscms.cern.ch:1094//eos/cms/store/mc/RunIISummer20UL18MiniAODv2/QCD_HT300to500_TuneCP5_PSWeights_13TeV-madgraph-pythia8/MINIAODSIM/106X_upgrade2018_realistic_v16_L1v1-v1/30000/6997AF79-8C73-A04F-AB54-3E0E866A43E7.root.
%MSG
%MSG-w XrdAdaptorInternal:  file_open 10-Jun-2024 16:05:44 CEST PostProcessEvent
Failed to open file at URL root://eoscms.cern.ch:1094//eos/cms/store/mc/RunIISummer20UL18MiniAODv2/QCD_HT300to500_TuneCP5_PSWeights_13TeV-madgraph-pythia8/MINIAODSIM/106X_upgrade2018_realistic_v16_L1v1-v1/30000/6997AF79-8C73-A04F-AB54-3E0E866A43E7.root?tried=.
%MSG
10-Jun-2024 16:05:44 CEST  Fallback request to file root://xrootd-cms.infn.it//store/mc/RunIISummer20UL18MiniAODv2/QCD_HT300to500_TuneCP5_PSWeights_13TeV-madgraph-pythia8/MINIAODSIM/106X_upgrade2018_realistic_v16_L1v1-v1/30000/6997AF79-8C73-A04F-AB54-3E0E866A43E7.root
Unable to load sec.protocol plugin libXrdSecztn.so
%MSG-w XrdAdaptor:  file_open 10-Jun-2024 16:05:58 CEST PostProcessEvent
Data is served from T2_US_UCSD-ceph instead of original site infn.it
%MSG
10-Jun-2024 16:05:59 CEST  Successfully opened file root://xrootd-cms.infn.it//store/mc/RunIISummer20UL18MiniAODv2/QCD_HT300to500_TuneCP5_PSWeights_13TeV-madgraph-pythia8/MINIAODSIM/106X_upgrade2018_realistic_v16_L1v1-v1/30000/6997AF79-8C73-A04F-AB54-3E0E866A43E7.root
Unable to load sec.protocol plugin libXrdSecztn.so
10-Jun-2024 16:06:17 CEST  Closed file root://xrootd-cms.infn.it//store/mc/RunIISummer20UL18MiniAODv2/QCD_HT300to500_TuneCP5_PSWeights_13TeV-madgraph-pythia8/MINIAODSIM/106X_upgrade2018_realistic_v16_L1v1-v1/30000/6997AF79-8C73-A04F-AB54-3E0E866A43E7.root
10-Jun-2024 16:06:17 CEST  Initiating request to open file root://eoscms.cern.ch//eos/cms/store/mc/RunIISummer20UL18MiniAODv2/QCD_HT300to500_TuneCP5_PSWeights_13TeV-madgraph-pythia8/MINIAODSIM/106X_upgrade2018_realistic_v16_L1v1-v1/30000/73A8351E-311B-1D45-BAB2-D22053EB9A22.root
%MSG-w XrdAdaptorInternal:  file_open 10-Jun-2024 16:06:18 CEST PostProcessEvent
Failed to open file at URL root://eoscms.cern.ch:1094//eos/cms/store/mc/RunIISummer20UL18MiniAODv2/QCD_HT300to500_TuneCP5_PSWeights_13TeV-madgraph-pythia8/MINIAODSIM/106X_upgrade2018_realistic_v16_L1v1-v1/30000/73A8351E-311B-1D45-BAB2-D22053EB9A22.root.
%MSG
%MSG-w XrdAdaptorInternal:  file_open 10-Jun-2024 16:06:18 CEST PostProcessEvent
Failed to open file at URL root://eoscms.cern.ch:1094//eos/cms/store/mc/RunIISummer20UL18MiniAODv2/QCD_HT300to500_TuneCP5_PSWeights_13TeV-madgraph-pythia8/MINIAODSIM/106X_upgrade2018_realistic_v16_L1v1-v1/30000/73A8351E-311B-1D45-BAB2-D22053EB9A22.root?tried=.
%MSG
10-Jun-2024 16:06:18 CEST  Fallback request to file root://xrootd-cms.infn.it//store/mc/RunIISummer20UL18MiniAODv2/QCD_HT300to500_TuneCP5_PSWeights_13TeV-madgraph-pythia8/MINIAODSIM/106X_upgrade2018_realistic_v16_L1v1-v1/30000/73A8351E-311B-1D45-BAB2-D22053EB9A22.root
%MSG-w XrdAdaptor:  file_open 10-Jun-2024 16:06:31 CEST PostProcessEvent
Data is served from T2_US_UCSD-ceph instead of original site infn.it
%MSG
10-Jun-2024 16:06:32 CEST  Successfully opened file root://xrootd-cms.infn.it//store/mc/RunIISummer20UL18MiniAODv2/QCD_HT300to500_TuneCP5_PSWeights_13TeV-madgraph-pythia8/MINIAODSIM/106X_upgrade2018_realistic_v16_L1v1-v1/30000/73A8351E-311B-1D45-BAB2-D22053EB9A22.root
Begin processing the 400001st record. Run 1, Event 134949308, LumiSection 16956 on stream 0 at 10-Jun-2024 16:06:48.694 CEST
10-Jun-2024 16:06:50 CEST  Closed file root://xrootd-cms.infn.it//store/mc/RunIISummer20UL18MiniAODv2/QCD_HT300to500_TuneCP5_PSWeights_13TeV-madgraph-pythia8/MINIAODSIM/106X_upgrade2018_realistic_v16_L1v1-v1/30000/73A8351E-311B-1D45-BAB2-D22053EB9A22.root
10-Jun-2024 16:06:50 CEST  Initiating request to open file root://eoscms.cern.ch//eos/cms/store/mc/RunIISummer20UL18MiniAODv2/QCD_HT300to500_TuneCP5_PSWeights_13TeV-madgraph-pythia8/MINIAODSIM/106X_upgrade2018_realistic_v16_L1v1-v1/30000/AA7BD9E3-391C-3D43-B96B-E6F7383CDADD.root
%MSG-w XrdAdaptorInternal:  file_open 10-Jun-2024 16:06:51 CEST PostProcessEvent
Failed to open file at URL root://eoscms.cern.ch:1094//eos/cms/store/mc/RunIISummer20UL18MiniAODv2/QCD_HT300to500_TuneCP5_PSWeights_13TeV-madgraph-pythia8/MINIAODSIM/106X_upgrade2018_realistic_v16_L1v1-v1/30000/AA7BD9E3-391C-3D43-B96B-E6F7383CDADD.root.
%MSG
%MSG-w XrdAdaptorInternal:  file_open 10-Jun-2024 16:06:51 CEST PostProcessEvent
Failed to open file at URL root://eoscms.cern.ch:1094//eos/cms/store/mc/RunIISummer20UL18MiniAODv2/QCD_HT300to500_TuneCP5_PSWeights_13TeV-madgraph-pythia8/MINIAODSIM/106X_upgrade2018_realistic_v16_L1v1-v1/30000/AA7BD9E3-391C-3D43-B96B-E6F7383CDADD.root?tried=.
%MSG
10-Jun-2024 16:06:51 CEST  Fallback request to file root://xrootd-cms.infn.it//store/mc/RunIISummer20UL18MiniAODv2/QCD_HT300to500_TuneCP5_PSWeights_13TeV-madgraph-pythia8/MINIAODSIM/106X_upgrade2018_realistic_v16_L1v1-v1/30000/AA7BD9E3-391C-3D43-B96B-E6F7383CDADD.root
Unable to load sec.protocol plugin libXrdSecztn.so
%MSG-w XrdAdaptor:  file_open 10-Jun-2024 16:07:05 CEST PostProcessEvent
Data is served from T2_US_UCSD-ceph instead of original site infn.it
%MSG
10-Jun-2024 16:07:06 CEST  Successfully opened file root://xrootd-cms.infn.it//store/mc/RunIISummer20UL18MiniAODv2/QCD_HT300to500_TuneCP5_PSWeights_13TeV-madgraph-pythia8/MINIAODSIM/106X_upgrade2018_realistic_v16_L1v1-v1/30000/AA7BD9E3-391C-3D43-B96B-E6F7383CDADD.root
10-Jun-2024 16:07:23 CEST  Closed file root://xrootd-cms.infn.it//store/mc/RunIISummer20UL18MiniAODv2/QCD_HT300to500_TuneCP5_PSWeights_13TeV-madgraph-pythia8/MINIAODSIM/106X_upgrade2018_realistic_v16_L1v1-v1/30000/AA7BD9E3-391C-3D43-B96B-E6F7383CDADD.root
10-Jun-2024 16:07:23 CEST  Initiating request to open file root://eoscms.cern.ch//eos/cms/store/mc/RunIISummer20UL18MiniAODv2/QCD_HT300to500_TuneCP5_PSWeights_13TeV-madgraph-pythia8/MINIAODSIM/106X_upgrade2018_realistic_v16_L1v1-v1/30000/5727A481-C636-CA4A-ACD4-C043CBE0091A.root
%MSG-w XrdAdaptorInternal:  file_open 10-Jun-2024 16:07:24 CEST PostProcessEvent
Failed to open file at URL root://eoscms.cern.ch:1094//eos/cms/store/mc/RunIISummer20UL18MiniAODv2/QCD_HT300to500_TuneCP5_PSWeights_13TeV-madgraph-pythia8/MINIAODSIM/106X_upgrade2018_realistic_v16_L1v1-v1/30000/5727A481-C636-CA4A-ACD4-C043CBE0091A.root.
%MSG
%MSG-w XrdAdaptorInternal:  file_open 10-Jun-2024 16:07:24 CEST PostProcessEvent
Failed to open file at URL root://eoscms.cern.ch:1094//eos/cms/store/mc/RunIISummer20UL18MiniAODv2/QCD_HT300to500_TuneCP5_PSWeights_13TeV-madgraph-pythia8/MINIAODSIM/106X_upgrade2018_realistic_v16_L1v1-v1/30000/5727A481-C636-CA4A-ACD4-C043CBE0091A.root?tried=.
%MSG
10-Jun-2024 16:07:24 CEST  Fallback request to file root://xrootd-cms.infn.it//store/mc/RunIISummer20UL18MiniAODv2/QCD_HT300to500_TuneCP5_PSWeights_13TeV-madgraph-pythia8/MINIAODSIM/106X_upgrade2018_realistic_v16_L1v1-v1/30000/5727A481-C636-CA4A-ACD4-C043CBE0091A.root
%MSG-w XrdAdaptor:  file_open 10-Jun-2024 16:07:37 CEST PostProcessEvent
Data is served from T2_US_UCSD-ceph instead of original site infn.it
%MSG
10-Jun-2024 16:07:38 CEST  Successfully opened file root://xrootd-cms.infn.it//store/mc/RunIISummer20UL18MiniAODv2/QCD_HT300to500_TuneCP5_PSWeights_13TeV-madgraph-pythia8/MINIAODSIM/106X_upgrade2018_realistic_v16_L1v1-v1/30000/5727A481-C636-CA4A-ACD4-C043CBE0091A.root
Begin processing the 500001st record. Run 1, Event 468409256, LumiSection 58853 on stream 0 at 10-Jun-2024 16:07:54.700 CEST
10-Jun-2024 16:07:55 CEST  Closed file root://xrootd-cms.infn.it//store/mc/RunIISummer20UL18MiniAODv2/QCD_HT300to500_TuneCP5_PSWeights_13TeV-madgraph-pythia8/MINIAODSIM/106X_upgrade2018_realistic_v16_L1v1-v1/30000/5727A481-C636-CA4A-ACD4-C043CBE0091A.root
10-Jun-2024 16:07:55 CEST  Initiating request to open file root://eoscms.cern.ch//eos/cms/store/mc/RunIISummer20UL18MiniAODv2/QCD_HT300to500_TuneCP5_PSWeights_13TeV-madgraph-pythia8/MINIAODSIM/106X_upgrade2018_realistic_v16_L1v1-v1/30000/CE7F8A28-B922-8543-8E4F-02F91D529AB0.root
%MSG-w XrdAdaptorInternal:  file_open 10-Jun-2024 16:07:56 CEST PostProcessEvent
Failed to open file at URL root://eoscms.cern.ch:1094//eos/cms/store/mc/RunIISummer20UL18MiniAODv2/QCD_HT300to500_TuneCP5_PSWeights_13TeV-madgraph-pythia8/MINIAODSIM/106X_upgrade2018_realistic_v16_L1v1-v1/30000/CE7F8A28-B922-8543-8E4F-02F91D529AB0.root.
%MSG
%MSG-w XrdAdaptorInternal:  file_open 10-Jun-2024 16:07:56 CEST PostProcessEvent
Failed to open file at URL root://eoscms.cern.ch:1094//eos/cms/store/mc/RunIISummer20UL18MiniAODv2/QCD_HT300to500_TuneCP5_PSWeights_13TeV-madgraph-pythia8/MINIAODSIM/106X_upgrade2018_realistic_v16_L1v1-v1/30000/CE7F8A28-B922-8543-8E4F-02F91D529AB0.root?tried=.
%MSG
10-Jun-2024 16:07:56 CEST  Fallback request to file root://xrootd-cms.infn.it//store/mc/RunIISummer20UL18MiniAODv2/QCD_HT300to500_TuneCP5_PSWeights_13TeV-madgraph-pythia8/MINIAODSIM/106X_upgrade2018_realistic_v16_L1v1-v1/30000/CE7F8A28-B922-8543-8E4F-02F91D529AB0.root
%MSG-w XrdAdaptor:  file_open 10-Jun-2024 16:08:09 CEST PostProcessEvent
Data is served from T2_US_UCSD-ceph instead of original site infn.it
%MSG
10-Jun-2024 16:08:10 CEST  Successfully opened file root://xrootd-cms.infn.it//store/mc/RunIISummer20UL18MiniAODv2/QCD_HT300to500_TuneCP5_PSWeights_13TeV-madgraph-pythia8/MINIAODSIM/106X_upgrade2018_realistic_v16_L1v1-v1/30000/CE7F8A28-B922-8543-8E4F-02F91D529AB0.root
Unable to load sec.protocol plugin libXrdSecztn.so
10-Jun-2024 16:08:29 CEST  Closed file root://xrootd-cms.infn.it//store/mc/RunIISummer20UL18MiniAODv2/QCD_HT300to500_TuneCP5_PSWeights_13TeV-madgraph-pythia8/MINIAODSIM/106X_upgrade2018_realistic_v16_L1v1-v1/30000/CE7F8A28-B922-8543-8E4F-02F91D529AB0.root
10-Jun-2024 16:08:29 CEST  Initiating request to open file root://eoscms.cern.ch//eos/cms/store/mc/RunIISummer20UL18MiniAODv2/QCD_HT300to500_TuneCP5_PSWeights_13TeV-madgraph-pythia8/MINIAODSIM/106X_upgrade2018_realistic_v16_L1v1-v1/30000/F9449567-E9DE-0E44-8E8F-C719F43CD67A.root
%MSG-w XrdAdaptorInternal:  file_open 10-Jun-2024 16:08:30 CEST PostProcessEvent
Failed to open file at URL root://eoscms.cern.ch:1094//eos/cms/store/mc/RunIISummer20UL18MiniAODv2/QCD_HT300to500_TuneCP5_PSWeights_13TeV-madgraph-pythia8/MINIAODSIM/106X_upgrade2018_realistic_v16_L1v1-v1/30000/F9449567-E9DE-0E44-8E8F-C719F43CD67A.root.
%MSG
%MSG-w XrdAdaptorInternal:  file_open 10-Jun-2024 16:08:30 CEST PostProcessEvent
Failed to open file at URL root://eoscms.cern.ch:1094//eos/cms/store/mc/RunIISummer20UL18MiniAODv2/QCD_HT300to500_TuneCP5_PSWeights_13TeV-madgraph-pythia8/MINIAODSIM/106X_upgrade2018_realistic_v16_L1v1-v1/30000/F9449567-E9DE-0E44-8E8F-C719F43CD67A.root?tried=.
%MSG
10-Jun-2024 16:08:30 CEST  Fallback request to file root://xrootd-cms.infn.it//store/mc/RunIISummer20UL18MiniAODv2/QCD_HT300to500_TuneCP5_PSWeights_13TeV-madgraph-pythia8/MINIAODSIM/106X_upgrade2018_realistic_v16_L1v1-v1/30000/F9449567-E9DE-0E44-8E8F-C719F43CD67A.root
Unable to load sec.protocol plugin libXrdSecztn.so
%MSG-w XrdAdaptor:  file_open 10-Jun-2024 16:08:45 CEST PostProcessEvent
Data is served from T2_US_UCSD-ceph instead of original site infn.it
%MSG
10-Jun-2024 16:08:46 CEST  Successfully opened file root://xrootd-cms.infn.it//store/mc/RunIISummer20UL18MiniAODv2/QCD_HT300to500_TuneCP5_PSWeights_13TeV-madgraph-pythia8/MINIAODSIM/106X_upgrade2018_realistic_v16_L1v1-v1/30000/F9449567-E9DE-0E44-8E8F-C719F43CD67A.root
Begin processing the 600001st record. Run 1, Event 536159604, LumiSection 67596 on stream 0 at 10-Jun-2024 16:08:58.644 CEST
10-Jun-2024 16:09:00 CEST  Closed file root://xrootd-cms.infn.it//store/mc/RunIISummer20UL18MiniAODv2/QCD_HT300to500_TuneCP5_PSWeights_13TeV-madgraph-pythia8/MINIAODSIM/106X_upgrade2018_realistic_v16_L1v1-v1/30000/F9449567-E9DE-0E44-8E8F-C719F43CD67A.root
10-Jun-2024 16:09:00 CEST  Initiating request to open file root://eoscms.cern.ch//eos/cms/store/mc/RunIISummer20UL18MiniAODv2/QCD_HT300to500_TuneCP5_PSWeights_13TeV-madgraph-pythia8/MINIAODSIM/106X_upgrade2018_realistic_v16_L1v1-v1/30000/5ABF1284-4742-6A4E-94E0-88C00B5DD8EC.root
%MSG-w XrdAdaptorInternal:  file_open 10-Jun-2024 16:09:01 CEST PostProcessEvent
Failed to open file at URL root://eoscms.cern.ch:1094//eos/cms/store/mc/RunIISummer20UL18MiniAODv2/QCD_HT300to500_TuneCP5_PSWeights_13TeV-madgraph-pythia8/MINIAODSIM/106X_upgrade2018_realistic_v16_L1v1-v1/30000/5ABF1284-4742-6A4E-94E0-88C00B5DD8EC.root.
%MSG
%MSG-w XrdAdaptorInternal:  file_open 10-Jun-2024 16:09:01 CEST PostProcessEvent
Failed to open file at URL root://eoscms.cern.ch:1094//eos/cms/store/mc/RunIISummer20UL18MiniAODv2/QCD_HT300to500_TuneCP5_PSWeights_13TeV-madgraph-pythia8/MINIAODSIM/106X_upgrade2018_realistic_v16_L1v1-v1/30000/5ABF1284-4742-6A4E-94E0-88C00B5DD8EC.root?tried=.
%MSG
10-Jun-2024 16:09:01 CEST  Fallback request to file root://xrootd-cms.infn.it//store/mc/RunIISummer20UL18MiniAODv2/QCD_HT300to500_TuneCP5_PSWeights_13TeV-madgraph-pythia8/MINIAODSIM/106X_upgrade2018_realistic_v16_L1v1-v1/30000/5ABF1284-4742-6A4E-94E0-88C00B5DD8EC.root
Unable to load sec.protocol plugin libXrdSecztn.so
%MSG-w XrdAdaptor:  file_open 10-Jun-2024 16:09:16 CEST PostProcessEvent
Data is served from T2_US_UCSD-ceph instead of original site infn.it
%MSG
10-Jun-2024 16:09:17 CEST  Successfully opened file root://xrootd-cms.infn.it//store/mc/RunIISummer20UL18MiniAODv2/QCD_HT300to500_TuneCP5_PSWeights_13TeV-madgraph-pythia8/MINIAODSIM/106X_upgrade2018_realistic_v16_L1v1-v1/30000/5ABF1284-4742-6A4E-94E0-88C00B5DD8EC.root
Begin processing the 700001st record. Run 1, Event 36078166, LumiSection 4534 on stream 0 at 10-Jun-2024 16:09:33.624 CEST
10-Jun-2024 16:09:33 CEST  Closed file root://xrootd-cms.infn.it//store/mc/RunIISummer20UL18MiniAODv2/QCD_HT300to500_TuneCP5_PSWeights_13TeV-madgraph-pythia8/MINIAODSIM/106X_upgrade2018_realistic_v16_L1v1-v1/30000/5ABF1284-4742-6A4E-94E0-88C00B5DD8EC.root
10-Jun-2024 16:09:33 CEST  Initiating request to open file root://eoscms.cern.ch//eos/cms/store/mc/RunIISummer20UL18MiniAODv2/QCD_HT300to500_TuneCP5_PSWeights_13TeV-madgraph-pythia8/MINIAODSIM/106X_upgrade2018_realistic_v16_L1v1-v1/30000/4A1442C7-5AEF-0A4C-BCFC-BF52C0F0D90D.root
%MSG-w XrdAdaptorInternal:  file_open 10-Jun-2024 16:09:34 CEST PostProcessEvent
Failed to open file at URL root://eoscms.cern.ch:1094//eos/cms/store/mc/RunIISummer20UL18MiniAODv2/QCD_HT300to500_TuneCP5_PSWeights_13TeV-madgraph-pythia8/MINIAODSIM/106X_upgrade2018_realistic_v16_L1v1-v1/30000/4A1442C7-5AEF-0A4C-BCFC-BF52C0F0D90D.root.
%MSG
%MSG-w XrdAdaptorInternal:  file_open 10-Jun-2024 16:09:34 CEST PostProcessEvent
Failed to open file at URL root://eoscms.cern.ch:1094//eos/cms/store/mc/RunIISummer20UL18MiniAODv2/QCD_HT300to500_TuneCP5_PSWeights_13TeV-madgraph-pythia8/MINIAODSIM/106X_upgrade2018_realistic_v16_L1v1-v1/30000/4A1442C7-5AEF-0A4C-BCFC-BF52C0F0D90D.root?tried=.
%MSG
10-Jun-2024 16:09:34 CEST  Fallback request to file root://xrootd-cms.infn.it//store/mc/RunIISummer20UL18MiniAODv2/QCD_HT300to500_TuneCP5_PSWeights_13TeV-madgraph-pythia8/MINIAODSIM/106X_upgrade2018_realistic_v16_L1v1-v1/30000/4A1442C7-5AEF-0A4C-BCFC-BF52C0F0D90D.root
%MSG-w XrdAdaptor:  file_open 10-Jun-2024 16:09:47 CEST PostProcessEvent
Data is served from T2_US_UCSD-ceph instead of original site infn.it
%MSG
10-Jun-2024 16:09:49 CEST  Successfully opened file root://xrootd-cms.infn.it//store/mc/RunIISummer20UL18MiniAODv2/QCD_HT300to500_TuneCP5_PSWeights_13TeV-madgraph-pythia8/MINIAODSIM/106X_upgrade2018_realistic_v16_L1v1-v1/30000/4A1442C7-5AEF-0A4C-BCFC-BF52C0F0D90D.root
10-Jun-2024 16:10:06 CEST  Closed file root://xrootd-cms.infn.it//store/mc/RunIISummer20UL18MiniAODv2/QCD_HT300to500_TuneCP5_PSWeights_13TeV-madgraph-pythia8/MINIAODSIM/106X_upgrade2018_realistic_v16_L1v1-v1/30000/4A1442C7-5AEF-0A4C-BCFC-BF52C0F0D90D.root
10-Jun-2024 16:10:06 CEST  Initiating request to open file root://eoscms.cern.ch//eos/cms/store/mc/RunIISummer20UL18MiniAODv2/QCD_HT300to500_TuneCP5_PSWeights_13TeV-madgraph-pythia8/MINIAODSIM/106X_upgrade2018_realistic_v16_L1v1-v1/30000/F8BEAFAA-D2F3-D14D-A99C-418ECA0CFF10.root
%MSG-w XrdAdaptorInternal:  file_open 10-Jun-2024 16:10:07 CEST PostProcessEvent
Failed to open file at URL root://eoscms.cern.ch:1094//eos/cms/store/mc/RunIISummer20UL18MiniAODv2/QCD_HT300to500_TuneCP5_PSWeights_13TeV-madgraph-pythia8/MINIAODSIM/106X_upgrade2018_realistic_v16_L1v1-v1/30000/F8BEAFAA-D2F3-D14D-A99C-418ECA0CFF10.root.
%MSG
%MSG-w XrdAdaptorInternal:  file_open 10-Jun-2024 16:10:07 CEST PostProcessEvent
Failed to open file at URL root://eoscms.cern.ch:1094//eos/cms/store/mc/RunIISummer20UL18MiniAODv2/QCD_HT300to500_TuneCP5_PSWeights_13TeV-madgraph-pythia8/MINIAODSIM/106X_upgrade2018_realistic_v16_L1v1-v1/30000/F8BEAFAA-D2F3-D14D-A99C-418ECA0CFF10.root?tried=.
%MSG
10-Jun-2024 16:10:07 CEST  Fallback request to file root://xrootd-cms.infn.it//store/mc/RunIISummer20UL18MiniAODv2/QCD_HT300to500_TuneCP5_PSWeights_13TeV-madgraph-pythia8/MINIAODSIM/106X_upgrade2018_realistic_v16_L1v1-v1/30000/F8BEAFAA-D2F3-D14D-A99C-418ECA0CFF10.root
%MSG-w XrdAdaptor:  file_open 10-Jun-2024 16:10:20 CEST PostProcessEvent
Data is served from T2_US_UCSD-ceph instead of original site infn.it
%MSG
10-Jun-2024 16:10:22 CEST  Successfully opened file root://xrootd-cms.infn.it//store/mc/RunIISummer20UL18MiniAODv2/QCD_HT300to500_TuneCP5_PSWeights_13TeV-madgraph-pythia8/MINIAODSIM/106X_upgrade2018_realistic_v16_L1v1-v1/30000/F8BEAFAA-D2F3-D14D-A99C-418ECA0CFF10.root
10-Jun-2024 16:10:38 CEST  Closed file root://xrootd-cms.infn.it//store/mc/RunIISummer20UL18MiniAODv2/QCD_HT300to500_TuneCP5_PSWeights_13TeV-madgraph-pythia8/MINIAODSIM/106X_upgrade2018_realistic_v16_L1v1-v1/30000/F8BEAFAA-D2F3-D14D-A99C-418ECA0CFF10.root
10-Jun-2024 16:10:38 CEST  Initiating request to open file root://eoscms.cern.ch//eos/cms/store/mc/RunIISummer20UL18MiniAODv2/QCD_HT300to500_TuneCP5_PSWeights_13TeV-madgraph-pythia8/MINIAODSIM/106X_upgrade2018_realistic_v16_L1v1-v1/30000/EAEC7B5C-C1C1-9F4B-ACAA-A8AFFD095830.root
%MSG-w XrdAdaptorInternal:  file_open 10-Jun-2024 16:10:39 CEST PostProcessEvent
Failed to open file at URL root://eoscms.cern.ch:1094//eos/cms/store/mc/RunIISummer20UL18MiniAODv2/QCD_HT300to500_TuneCP5_PSWeights_13TeV-madgraph-pythia8/MINIAODSIM/106X_upgrade2018_realistic_v16_L1v1-v1/30000/EAEC7B5C-C1C1-9F4B-ACAA-A8AFFD095830.root.
%MSG
%MSG-w XrdAdaptorInternal:  file_open 10-Jun-2024 16:10:39 CEST PostProcessEvent
Failed to open file at URL root://eoscms.cern.ch:1094//eos/cms/store/mc/RunIISummer20UL18MiniAODv2/QCD_HT300to500_TuneCP5_PSWeights_13TeV-madgraph-pythia8/MINIAODSIM/106X_upgrade2018_realistic_v16_L1v1-v1/30000/EAEC7B5C-C1C1-9F4B-ACAA-A8AFFD095830.root?tried=.
%MSG
10-Jun-2024 16:10:39 CEST  Fallback request to file root://xrootd-cms.infn.it//store/mc/RunIISummer20UL18MiniAODv2/QCD_HT300to500_TuneCP5_PSWeights_13TeV-madgraph-pythia8/MINIAODSIM/106X_upgrade2018_realistic_v16_L1v1-v1/30000/EAEC7B5C-C1C1-9F4B-ACAA-A8AFFD095830.root
%MSG-w XrdAdaptor:  file_open 10-Jun-2024 16:10:53 CEST PostProcessEvent
Data is served from T2_US_UCSD-ceph instead of original site infn.it
%MSG
10-Jun-2024 16:10:54 CEST  Successfully opened file root://xrootd-cms.infn.it//store/mc/RunIISummer20UL18MiniAODv2/QCD_HT300to500_TuneCP5_PSWeights_13TeV-madgraph-pythia8/MINIAODSIM/106X_upgrade2018_realistic_v16_L1v1-v1/30000/EAEC7B5C-C1C1-9F4B-ACAA-A8AFFD095830.root
Begin processing the 800001st record. Run 1, Event 403205744, LumiSection 50661 on stream 0 at 10-Jun-2024 16:11:11.279 CEST
10-Jun-2024 16:11:12 CEST  Closed file root://xrootd-cms.infn.it//store/mc/RunIISummer20UL18MiniAODv2/QCD_HT300to500_TuneCP5_PSWeights_13TeV-madgraph-pythia8/MINIAODSIM/106X_upgrade2018_realistic_v16_L1v1-v1/30000/EAEC7B5C-C1C1-9F4B-ACAA-A8AFFD095830.root
10-Jun-2024 16:11:12 CEST  Initiating request to open file root://eoscms.cern.ch//eos/cms/store/mc/RunIISummer20UL18MiniAODv2/QCD_HT300to500_TuneCP5_PSWeights_13TeV-madgraph-pythia8/MINIAODSIM/106X_upgrade2018_realistic_v16_L1v1-v1/30000/723E42B4-3522-5A4B-AFE9-C0B717C4FEC8.root
%MSG-w XrdAdaptorInternal:  file_open 10-Jun-2024 16:11:13 CEST PostProcessEvent
Failed to open file at URL root://eoscms.cern.ch:1094//eos/cms/store/mc/RunIISummer20UL18MiniAODv2/QCD_HT300to500_TuneCP5_PSWeights_13TeV-madgraph-pythia8/MINIAODSIM/106X_upgrade2018_realistic_v16_L1v1-v1/30000/723E42B4-3522-5A4B-AFE9-C0B717C4FEC8.root.
%MSG
%MSG-w XrdAdaptorInternal:  file_open 10-Jun-2024 16:11:13 CEST PostProcessEvent
Failed to open file at URL root://eoscms.cern.ch:1094//eos/cms/store/mc/RunIISummer20UL18MiniAODv2/QCD_HT300to500_TuneCP5_PSWeights_13TeV-madgraph-pythia8/MINIAODSIM/106X_upgrade2018_realistic_v16_L1v1-v1/30000/723E42B4-3522-5A4B-AFE9-C0B717C4FEC8.root?tried=.
%MSG
10-Jun-2024 16:11:13 CEST  Fallback request to file root://xrootd-cms.infn.it//store/mc/RunIISummer20UL18MiniAODv2/QCD_HT300to500_TuneCP5_PSWeights_13TeV-madgraph-pythia8/MINIAODSIM/106X_upgrade2018_realistic_v16_L1v1-v1/30000/723E42B4-3522-5A4B-AFE9-C0B717C4FEC8.root
Unable to load sec.protocol plugin libXrdSecztn.so
%MSG-w XrdAdaptor:  file_open 10-Jun-2024 16:11:28 CEST PostProcessEvent
Data is served from T2_US_UCSD-ceph instead of original site infn.it
%MSG
10-Jun-2024 16:11:29 CEST  Successfully opened file root://xrootd-cms.infn.it//store/mc/RunIISummer20UL18MiniAODv2/QCD_HT300to500_TuneCP5_PSWeights_13TeV-madgraph-pythia8/MINIAODSIM/106X_upgrade2018_realistic_v16_L1v1-v1/30000/723E42B4-3522-5A4B-AFE9-C0B717C4FEC8.root
Unable to load sec.protocol plugin libXrdSecztn.so
10-Jun-2024 16:11:47 CEST  Closed file root://xrootd-cms.infn.it//store/mc/RunIISummer20UL18MiniAODv2/QCD_HT300to500_TuneCP5_PSWeights_13TeV-madgraph-pythia8/MINIAODSIM/106X_upgrade2018_realistic_v16_L1v1-v1/30000/723E42B4-3522-5A4B-AFE9-C0B717C4FEC8.root
10-Jun-2024 16:11:47 CEST  Initiating request to open file root://eoscms.cern.ch//eos/cms/store/mc/RunIISummer20UL18MiniAODv2/QCD_HT300to500_TuneCP5_PSWeights_13TeV-madgraph-pythia8/MINIAODSIM/106X_upgrade2018_realistic_v16_L1v1-v1/30000/72D81C36-E6D2-4148-8E8A-79F487360337.root
%MSG-w XrdAdaptorInternal:  file_open 10-Jun-2024 16:11:48 CEST PostProcessEvent
Failed to open file at URL root://eoscms.cern.ch:1094//eos/cms/store/mc/RunIISummer20UL18MiniAODv2/QCD_HT300to500_TuneCP5_PSWeights_13TeV-madgraph-pythia8/MINIAODSIM/106X_upgrade2018_realistic_v16_L1v1-v1/30000/72D81C36-E6D2-4148-8E8A-79F487360337.root.
%MSG
%MSG-w XrdAdaptorInternal:  file_open 10-Jun-2024 16:11:48 CEST PostProcessEvent
Failed to open file at URL root://eoscms.cern.ch:1094//eos/cms/store/mc/RunIISummer20UL18MiniAODv2/QCD_HT300to500_TuneCP5_PSWeights_13TeV-madgraph-pythia8/MINIAODSIM/106X_upgrade2018_realistic_v16_L1v1-v1/30000/72D81C36-E6D2-4148-8E8A-79F487360337.root?tried=.
%MSG
10-Jun-2024 16:11:48 CEST  Fallback request to file root://xrootd-cms.infn.it//store/mc/RunIISummer20UL18MiniAODv2/QCD_HT300to500_TuneCP5_PSWeights_13TeV-madgraph-pythia8/MINIAODSIM/106X_upgrade2018_realistic_v16_L1v1-v1/30000/72D81C36-E6D2-4148-8E8A-79F487360337.root
%MSG-w XrdAdaptor:  file_open 10-Jun-2024 16:12:01 CEST PostProcessEvent
Data is served from T2_US_UCSD-ceph instead of original site infn.it
%MSG
10-Jun-2024 16:12:02 CEST  Successfully opened file root://xrootd-cms.infn.it//store/mc/RunIISummer20UL18MiniAODv2/QCD_HT300to500_TuneCP5_PSWeights_13TeV-madgraph-pythia8/MINIAODSIM/106X_upgrade2018_realistic_v16_L1v1-v1/30000/72D81C36-E6D2-4148-8E8A-79F487360337.root
Begin processing the 900001st record. Run 1, Event 590908466, LumiSection 74245 on stream 0 at 10-Jun-2024 16:12:17.789 CEST
10-Jun-2024 16:12:19 CEST  Closed file root://xrootd-cms.infn.it//store/mc/RunIISummer20UL18MiniAODv2/QCD_HT300to500_TuneCP5_PSWeights_13TeV-madgraph-pythia8/MINIAODSIM/106X_upgrade2018_realistic_v16_L1v1-v1/30000/72D81C36-E6D2-4148-8E8A-79F487360337.root
10-Jun-2024 16:12:19 CEST  Initiating request to open file root://eoscms.cern.ch//eos/cms/store/mc/RunIISummer20UL18MiniAODv2/QCD_HT300to500_TuneCP5_PSWeights_13TeV-madgraph-pythia8/MINIAODSIM/106X_upgrade2018_realistic_v16_L1v1-v1/30000/4E41DFE1-881A-DD49-8217-25BC59AC9581.root
%MSG-w XrdAdaptorInternal:  file_open 10-Jun-2024 16:12:20 CEST PostProcessEvent
Failed to open file at URL root://eoscms.cern.ch:1094//eos/cms/store/mc/RunIISummer20UL18MiniAODv2/QCD_HT300to500_TuneCP5_PSWeights_13TeV-madgraph-pythia8/MINIAODSIM/106X_upgrade2018_realistic_v16_L1v1-v1/30000/4E41DFE1-881A-DD49-8217-25BC59AC9581.root.
%MSG
%MSG-w XrdAdaptorInternal:  file_open 10-Jun-2024 16:12:20 CEST PostProcessEvent
Failed to open file at URL root://eoscms.cern.ch:1094//eos/cms/store/mc/RunIISummer20UL18MiniAODv2/QCD_HT300to500_TuneCP5_PSWeights_13TeV-madgraph-pythia8/MINIAODSIM/106X_upgrade2018_realistic_v16_L1v1-v1/30000/4E41DFE1-881A-DD49-8217-25BC59AC9581.root?tried=.
%MSG
10-Jun-2024 16:12:20 CEST  Fallback request to file root://xrootd-cms.infn.it//store/mc/RunIISummer20UL18MiniAODv2/QCD_HT300to500_TuneCP5_PSWeights_13TeV-madgraph-pythia8/MINIAODSIM/106X_upgrade2018_realistic_v16_L1v1-v1/30000/4E41DFE1-881A-DD49-8217-25BC59AC9581.root
Unable to load sec.protocol plugin libXrdSecztn.so
%MSG-w XrdAdaptor:  file_open 10-Jun-2024 16:12:34 CEST PostProcessEvent
Data is served from T2_US_UCSD-ceph instead of original site infn.it
%MSG
10-Jun-2024 16:12:35 CEST  Successfully opened file root://xrootd-cms.infn.it//store/mc/RunIISummer20UL18MiniAODv2/QCD_HT300to500_TuneCP5_PSWeights_13TeV-madgraph-pythia8/MINIAODSIM/106X_upgrade2018_realistic_v16_L1v1-v1/30000/4E41DFE1-881A-DD49-8217-25BC59AC9581.root
Unable to load sec.protocol plugin libXrdSecztn.so
10-Jun-2024 16:12:53 CEST  Closed file root://xrootd-cms.infn.it//store/mc/RunIISummer20UL18MiniAODv2/QCD_HT300to500_TuneCP5_PSWeights_13TeV-madgraph-pythia8/MINIAODSIM/106X_upgrade2018_realistic_v16_L1v1-v1/30000/4E41DFE1-881A-DD49-8217-25BC59AC9581.root
10-Jun-2024 16:12:53 CEST  Initiating request to open file root://eoscms.cern.ch//eos/cms/store/mc/RunIISummer20UL18MiniAODv2/QCD_HT300to500_TuneCP5_PSWeights_13TeV-madgraph-pythia8/MINIAODSIM/106X_upgrade2018_realistic_v16_L1v1-v1/30000/4748D08E-A44C-3142-8C2F-E24BEBBB7ACB.root
%MSG-w XrdAdaptorInternal:  file_open 10-Jun-2024 16:12:54 CEST PostProcessEvent
Failed to open file at URL root://eoscms.cern.ch:1094//eos/cms/store/mc/RunIISummer20UL18MiniAODv2/QCD_HT300to500_TuneCP5_PSWeights_13TeV-madgraph-pythia8/MINIAODSIM/106X_upgrade2018_realistic_v16_L1v1-v1/30000/4748D08E-A44C-3142-8C2F-E24BEBBB7ACB.root.
%MSG
%MSG-w XrdAdaptorInternal:  file_open 10-Jun-2024 16:12:54 CEST PostProcessEvent
Failed to open file at URL root://eoscms.cern.ch:1094//eos/cms/store/mc/RunIISummer20UL18MiniAODv2/QCD_HT300to500_TuneCP5_PSWeights_13TeV-madgraph-pythia8/MINIAODSIM/106X_upgrade2018_realistic_v16_L1v1-v1/30000/4748D08E-A44C-3142-8C2F-E24BEBBB7ACB.root?tried=.
%MSG
10-Jun-2024 16:12:54 CEST  Fallback request to file root://xrootd-cms.infn.it//store/mc/RunIISummer20UL18MiniAODv2/QCD_HT300to500_TuneCP5_PSWeights_13TeV-madgraph-pythia8/MINIAODSIM/106X_upgrade2018_realistic_v16_L1v1-v1/30000/4748D08E-A44C-3142-8C2F-E24BEBBB7ACB.root
%MSG-w XrdAdaptor:  file_open 10-Jun-2024 16:13:08 CEST PostProcessEvent
Data is served from T2_US_UCSD-ceph instead of original site infn.it
%MSG
10-Jun-2024 16:13:09 CEST  Successfully opened file root://xrootd-cms.infn.it//store/mc/RunIISummer20UL18MiniAODv2/QCD_HT300to500_TuneCP5_PSWeights_13TeV-madgraph-pythia8/MINIAODSIM/106X_upgrade2018_realistic_v16_L1v1-v1/30000/4748D08E-A44C-3142-8C2F-E24BEBBB7ACB.root
 873014.900000   6648.130000    393.099300             1
 175190.800000   1888.781000    393.099300             0
2080472.000000   8905.364000    393.099300             2
 
10-Jun-2024 16:13:25 CEST  Closed file root://xrootd-cms.infn.it//store/mc/RunIISummer20UL18MiniAODv2/QCD_HT300to500_TuneCP5_PSWeights_13TeV-madgraph-pythia8/MINIAODSIM/106X_upgrade2018_realistic_v16_L1v1-v1/30000/4748D08E-A44C-3142-8C2F-E24BEBBB7ACB.root

------------------------------------
GenXsecAnalyzer:
------------------------------------
-------------------------------------------------------------------------------------------------------------------------------------------------------------------------- 
Overall cross-section summary 
--------------------------------------------------------------------------------------------------------------------------------------------------------------------------
Process		xsec_before [pb]		passed	nposw	nnegw	tried	nposw	nnegw 	xsec_match [pb]			accepted [%]	 event_eff [%]
0		1.764e+05 +/- 5.430e+01		35338	35338	0	548096	548096	0	1.138e+04 +/- 5.864e+01		6.4 +/- 0.0	6.4 +/- 0.0
1		8.703e+05 +/- 2.001e+02		115073	115073	0	2691320	2691320	0	3.721e+04 +/- 1.077e+02		4.3 +/- 0.0	4.3 +/- 0.0
2		2.094e+06 +/- 2.492e+02		850319	850319	0	6454646	6454646	0	2.759e+05 +/- 2.807e+02		13.2 +/- 0.0	13.2 +/- 0.0
-------------------------------------------------------------------------------------------------------------------------------------------------------------------------- 
Total		3.141e+06 +/- 3.242e+02		1000730	1000730	0	9694062	9694062	0	3.243e+05 +/- 3.088e+02		10.3 +/- 0.0	10.3 +/- 0.0
--------------------------------------------------------------------------------------------------------------------------------------------------------------------------
Before matching: total cross section = 3.141e+06 +- 3.242e+02 pb
After matching: total cross section = 3.243e+05 +- 3.088e+02 pb
Matching efficiency = 0.1 +/- 0.0   [TO BE USED IN MCM]
Filter efficiency (taking into account weights)= (1.00073e+06) / (1.00073e+06) = 1.000e+00 +- 0.000e+00
Filter efficiency (event-level)= (1.00073e+06) / (1.00073e+06) = 1.000e+00 +- 0.000e+00    [TO BE USED IN MCM]

After filter: final cross section = 3.243e+05 +- 3.088e+02 pb
After filter: final fraction of events with negative weights = 0.000e+00 +- 0.000e+00
After filter: final equivalent lumi for 1M events (1/fb) = 3.084e-03 +- 4.258e-06

=============================================

MessageLogger Summary

 type     category        sev    module        subroutine        count    total
 ---- -------------------- -- ---------------- ----------------  -----    -----
    1 GenXSecAnalyzer      -w GenXSecAnalyzer:                      17       17
    2 XrdAdaptor           -w file_open                             23       23
    3 XrdAdaptorInternal   -w file_open                             46       46
    4 fileAction           -s file_close                            23       23
    5 fileAction           -s file_open                             69       69

 type    category    Examples: run/evt        run/evt          run/evt
 ---- -------------------- ---------------- ---------------- ----------------
    1 GenXSecAnalyzer      PostGlobalEndRun PostGlobalEndRun PostGlobalEndRun
    2 XrdAdaptor           pre-events       PostProcessEvent PostProcessEvent
    3 XrdAdaptorInternal   pre-events       pre-events       PostProcessEvent
    4 fileAction           PostProcessEvent PostProcessEvent PostGlobalEndRun
    5 fileAction           pre-events       pre-events       PostProcessEvent

Severity    # Occurrences   Total Occurrences
--------    -------------   -----------------
Warning                86                  86
System                 92                  92

dropped waiting message count 0
