10-Jun-2024 15:53:37 CEST  Initiating request to open file root://eoscms.cern.ch//eos/cms/store/mc/RunIISummer20UL18MiniAODv2/QCD_Pt_2400to3200_TuneCP5_13TeV_pythia8/MINIAODSIM/106X_upgrade2018_realistic_v16_L1v1-v1/240000/B1C72631-A453-224B-BCA0-4DBC36FCAB59.root
%MSG-w XrdAdaptorInternal:  file_open 10-Jun-2024 15:53:38 CEST pre-events
Failed to open file at URL root://eoscms.cern.ch:1094//eos/cms/store/mc/RunIISummer20UL18MiniAODv2/QCD_Pt_2400to3200_TuneCP5_13TeV_pythia8/MINIAODSIM/106X_upgrade2018_realistic_v16_L1v1-v1/240000/B1C72631-A453-224B-BCA0-4DBC36FCAB59.root.
%MSG
%MSG-w XrdAdaptorInternal:  file_open 10-Jun-2024 15:53:38 CEST pre-events
Failed to open file at URL root://eoscms.cern.ch:1094//eos/cms/store/mc/RunIISummer20UL18MiniAODv2/QCD_Pt_2400to3200_TuneCP5_13TeV_pythia8/MINIAODSIM/106X_upgrade2018_realistic_v16_L1v1-v1/240000/B1C72631-A453-224B-BCA0-4DBC36FCAB59.root?tried=.
%MSG
10-Jun-2024 15:53:38 CEST  Fallback request to file root://xrootd-cms.infn.it//store/mc/RunIISummer20UL18MiniAODv2/QCD_Pt_2400to3200_TuneCP5_13TeV_pythia8/MINIAODSIM/106X_upgrade2018_realistic_v16_L1v1-v1/240000/B1C72631-A453-224B-BCA0-4DBC36FCAB59.root
Unable to load sec.protocol plugin libXrdSecztn.so
%MSG-w XrdAdaptor:  file_open 10-Jun-2024 15:53:54 CEST pre-events
Data is served from fnal.gov instead of original site T2_IT_Pisa
%MSG
10-Jun-2024 15:54:00 CEST  Successfully opened file root://xrootd-cms.infn.it//store/mc/RunIISummer20UL18MiniAODv2/QCD_Pt_2400to3200_TuneCP5_13TeV_pythia8/MINIAODSIM/106X_upgrade2018_realistic_v16_L1v1-v1/240000/B1C72631-A453-224B-BCA0-4DBC36FCAB59.root
Unable to load sec.protocol plugin libXrdSecztn.so
Begin processing the 1st record. Run 1, Event 285006, LumiSection 286 on stream 0 at 10-Jun-2024 15:54:05.108 CEST
10-Jun-2024 15:54:05 CEST  Closed file root://xrootd-cms.infn.it//store/mc/RunIISummer20UL18MiniAODv2/QCD_Pt_2400to3200_TuneCP5_13TeV_pythia8/MINIAODSIM/106X_upgrade2018_realistic_v16_L1v1-v1/240000/B1C72631-A453-224B-BCA0-4DBC36FCAB59.root
10-Jun-2024 15:54:05 CEST  Initiating request to open file root://eoscms.cern.ch//eos/cms/store/mc/RunIISummer20UL18MiniAODv2/QCD_Pt_2400to3200_TuneCP5_13TeV_pythia8/MINIAODSIM/106X_upgrade2018_realistic_v16_L1v1-v1/240000/1B5AA399-3FB8-F340-B01E-CB4B7D947194.root
%MSG-w XrdAdaptorInternal:  file_open 10-Jun-2024 15:54:06 CEST PostProcessEvent
Failed to open file at URL root://eoscms.cern.ch:1094//eos/cms/store/mc/RunIISummer20UL18MiniAODv2/QCD_Pt_2400to3200_TuneCP5_13TeV_pythia8/MINIAODSIM/106X_upgrade2018_realistic_v16_L1v1-v1/240000/1B5AA399-3FB8-F340-B01E-CB4B7D947194.root.
%MSG
%MSG-w XrdAdaptorInternal:  file_open 10-Jun-2024 15:54:06 CEST PostProcessEvent
Failed to open file at URL root://eoscms.cern.ch:1094//eos/cms/store/mc/RunIISummer20UL18MiniAODv2/QCD_Pt_2400to3200_TuneCP5_13TeV_pythia8/MINIAODSIM/106X_upgrade2018_realistic_v16_L1v1-v1/240000/1B5AA399-3FB8-F340-B01E-CB4B7D947194.root?tried=.
%MSG
10-Jun-2024 15:54:06 CEST  Fallback request to file root://xrootd-cms.infn.it//store/mc/RunIISummer20UL18MiniAODv2/QCD_Pt_2400to3200_TuneCP5_13TeV_pythia8/MINIAODSIM/106X_upgrade2018_realistic_v16_L1v1-v1/240000/1B5AA399-3FB8-F340-B01E-CB4B7D947194.root
Unable to load sec.protocol plugin libXrdSecztn.so
%MSG-w XrdAdaptor:  file_open 10-Jun-2024 15:54:20 CEST PostProcessEvent
Data is served from fnal.gov instead of original site T2_IT_Pisa
%MSG
10-Jun-2024 15:54:21 CEST  Successfully opened file root://xrootd-cms.infn.it//store/mc/RunIISummer20UL18MiniAODv2/QCD_Pt_2400to3200_TuneCP5_13TeV_pythia8/MINIAODSIM/106X_upgrade2018_realistic_v16_L1v1-v1/240000/1B5AA399-3FB8-F340-B01E-CB4B7D947194.root
10-Jun-2024 15:54:29 CEST  Closed file root://xrootd-cms.infn.it//store/mc/RunIISummer20UL18MiniAODv2/QCD_Pt_2400to3200_TuneCP5_13TeV_pythia8/MINIAODSIM/106X_upgrade2018_realistic_v16_L1v1-v1/240000/1B5AA399-3FB8-F340-B01E-CB4B7D947194.root
10-Jun-2024 15:54:29 CEST  Initiating request to open file root://eoscms.cern.ch//eos/cms/store/mc/RunIISummer20UL18MiniAODv2/QCD_Pt_2400to3200_TuneCP5_13TeV_pythia8/MINIAODSIM/106X_upgrade2018_realistic_v16_L1v1-v1/240000/A49F84EA-0439-884F-8D6A-81536DB4A6C2.root
%MSG-w XrdAdaptorInternal:  file_open 10-Jun-2024 15:54:30 CEST PostProcessEvent
Failed to open file at URL root://eoscms.cern.ch:1094//eos/cms/store/mc/RunIISummer20UL18MiniAODv2/QCD_Pt_2400to3200_TuneCP5_13TeV_pythia8/MINIAODSIM/106X_upgrade2018_realistic_v16_L1v1-v1/240000/A49F84EA-0439-884F-8D6A-81536DB4A6C2.root.
%MSG
%MSG-w XrdAdaptorInternal:  file_open 10-Jun-2024 15:54:30 CEST PostProcessEvent
Failed to open file at URL root://eoscms.cern.ch:1094//eos/cms/store/mc/RunIISummer20UL18MiniAODv2/QCD_Pt_2400to3200_TuneCP5_13TeV_pythia8/MINIAODSIM/106X_upgrade2018_realistic_v16_L1v1-v1/240000/A49F84EA-0439-884F-8D6A-81536DB4A6C2.root?tried=.
%MSG
10-Jun-2024 15:54:30 CEST  Fallback request to file root://xrootd-cms.infn.it//store/mc/RunIISummer20UL18MiniAODv2/QCD_Pt_2400to3200_TuneCP5_13TeV_pythia8/MINIAODSIM/106X_upgrade2018_realistic_v16_L1v1-v1/240000/A49F84EA-0439-884F-8D6A-81536DB4A6C2.root
%MSG-w XrdAdaptor:  file_open 10-Jun-2024 15:54:43 CEST PostProcessEvent
Data is served from fnal.gov instead of original site T2_IT_Pisa
%MSG
10-Jun-2024 15:54:44 CEST  Successfully opened file root://xrootd-cms.infn.it//store/mc/RunIISummer20UL18MiniAODv2/QCD_Pt_2400to3200_TuneCP5_13TeV_pythia8/MINIAODSIM/106X_upgrade2018_realistic_v16_L1v1-v1/240000/A49F84EA-0439-884F-8D6A-81536DB4A6C2.root
10-Jun-2024 15:54:53 CEST  Closed file root://xrootd-cms.infn.it//store/mc/RunIISummer20UL18MiniAODv2/QCD_Pt_2400to3200_TuneCP5_13TeV_pythia8/MINIAODSIM/106X_upgrade2018_realistic_v16_L1v1-v1/240000/A49F84EA-0439-884F-8D6A-81536DB4A6C2.root
10-Jun-2024 15:54:53 CEST  Initiating request to open file root://eoscms.cern.ch//eos/cms/store/mc/RunIISummer20UL18MiniAODv2/QCD_Pt_2400to3200_TuneCP5_13TeV_pythia8/MINIAODSIM/106X_upgrade2018_realistic_v16_L1v1-v1/240000/74ED1030-33C4-CA40-9C69-B8966314B981.root
%MSG-w XrdAdaptorInternal:  file_open 10-Jun-2024 15:54:54 CEST PostProcessEvent
Failed to open file at URL root://eoscms.cern.ch:1094//eos/cms/store/mc/RunIISummer20UL18MiniAODv2/QCD_Pt_2400to3200_TuneCP5_13TeV_pythia8/MINIAODSIM/106X_upgrade2018_realistic_v16_L1v1-v1/240000/74ED1030-33C4-CA40-9C69-B8966314B981.root.
%MSG
%MSG-w XrdAdaptorInternal:  file_open 10-Jun-2024 15:54:54 CEST PostProcessEvent
Failed to open file at URL root://eoscms.cern.ch:1094//eos/cms/store/mc/RunIISummer20UL18MiniAODv2/QCD_Pt_2400to3200_TuneCP5_13TeV_pythia8/MINIAODSIM/106X_upgrade2018_realistic_v16_L1v1-v1/240000/74ED1030-33C4-CA40-9C69-B8966314B981.root?tried=.
%MSG
10-Jun-2024 15:54:54 CEST  Fallback request to file root://xrootd-cms.infn.it//store/mc/RunIISummer20UL18MiniAODv2/QCD_Pt_2400to3200_TuneCP5_13TeV_pythia8/MINIAODSIM/106X_upgrade2018_realistic_v16_L1v1-v1/240000/74ED1030-33C4-CA40-9C69-B8966314B981.root
%MSG-w XrdAdaptor:  file_open 10-Jun-2024 15:55:07 CEST PostProcessEvent
Data is served from fnal.gov instead of original site T2_IT_Pisa
%MSG
10-Jun-2024 15:55:08 CEST  Successfully opened file root://xrootd-cms.infn.it//store/mc/RunIISummer20UL18MiniAODv2/QCD_Pt_2400to3200_TuneCP5_13TeV_pythia8/MINIAODSIM/106X_upgrade2018_realistic_v16_L1v1-v1/240000/74ED1030-33C4-CA40-9C69-B8966314B981.root
Begin processing the 100001st record. Run 1, Event 2431001, LumiSection 2432 on stream 0 at 10-Jun-2024 15:55:14.424 CEST
10-Jun-2024 15:55:14 CEST  Closed file root://xrootd-cms.infn.it//store/mc/RunIISummer20UL18MiniAODv2/QCD_Pt_2400to3200_TuneCP5_13TeV_pythia8/MINIAODSIM/106X_upgrade2018_realistic_v16_L1v1-v1/240000/74ED1030-33C4-CA40-9C69-B8966314B981.root
10-Jun-2024 15:55:14 CEST  Initiating request to open file root://eoscms.cern.ch//eos/cms/store/mc/RunIISummer20UL18MiniAODv2/QCD_Pt_2400to3200_TuneCP5_13TeV_pythia8/MINIAODSIM/106X_upgrade2018_realistic_v16_L1v1-v1/240000/949CED50-8FBC-5043-A87E-678EA839DBA3.root
%MSG-w XrdAdaptorInternal:  file_open 10-Jun-2024 15:55:15 CEST PostProcessEvent
Failed to open file at URL root://eoscms.cern.ch:1094//eos/cms/store/mc/RunIISummer20UL18MiniAODv2/QCD_Pt_2400to3200_TuneCP5_13TeV_pythia8/MINIAODSIM/106X_upgrade2018_realistic_v16_L1v1-v1/240000/949CED50-8FBC-5043-A87E-678EA839DBA3.root.
%MSG
%MSG-w XrdAdaptorInternal:  file_open 10-Jun-2024 15:55:15 CEST PostProcessEvent
Failed to open file at URL root://eoscms.cern.ch:1094//eos/cms/store/mc/RunIISummer20UL18MiniAODv2/QCD_Pt_2400to3200_TuneCP5_13TeV_pythia8/MINIAODSIM/106X_upgrade2018_realistic_v16_L1v1-v1/240000/949CED50-8FBC-5043-A87E-678EA839DBA3.root?tried=.
%MSG
10-Jun-2024 15:55:15 CEST  Fallback request to file root://xrootd-cms.infn.it//store/mc/RunIISummer20UL18MiniAODv2/QCD_Pt_2400to3200_TuneCP5_13TeV_pythia8/MINIAODSIM/106X_upgrade2018_realistic_v16_L1v1-v1/240000/949CED50-8FBC-5043-A87E-678EA839DBA3.root
%MSG-w XrdAdaptor:  file_open 10-Jun-2024 15:55:30 CEST PostProcessEvent
Data is served from T2_US_Vanderbilt instead of original site T2_IT_Pisa
%MSG
10-Jun-2024 15:55:31 CEST  Successfully opened file root://xrootd-cms.infn.it//store/mc/RunIISummer20UL18MiniAODv2/QCD_Pt_2400to3200_TuneCP5_13TeV_pythia8/MINIAODSIM/106X_upgrade2018_realistic_v16_L1v1-v1/240000/949CED50-8FBC-5043-A87E-678EA839DBA3.root
10-Jun-2024 15:55:41 CEST  Closed file root://xrootd-cms.infn.it//store/mc/RunIISummer20UL18MiniAODv2/QCD_Pt_2400to3200_TuneCP5_13TeV_pythia8/MINIAODSIM/106X_upgrade2018_realistic_v16_L1v1-v1/240000/949CED50-8FBC-5043-A87E-678EA839DBA3.root
10-Jun-2024 15:55:41 CEST  Initiating request to open file root://eoscms.cern.ch//eos/cms/store/mc/RunIISummer20UL18MiniAODv2/QCD_Pt_2400to3200_TuneCP5_13TeV_pythia8/MINIAODSIM/106X_upgrade2018_realistic_v16_L1v1-v1/240000/6F6F85DF-2597-C94E-962D-8597E523A878.root
%MSG-w XrdAdaptorInternal:  file_open 10-Jun-2024 15:55:42 CEST PostProcessEvent
Failed to open file at URL root://eoscms.cern.ch:1094//eos/cms/store/mc/RunIISummer20UL18MiniAODv2/QCD_Pt_2400to3200_TuneCP5_13TeV_pythia8/MINIAODSIM/106X_upgrade2018_realistic_v16_L1v1-v1/240000/6F6F85DF-2597-C94E-962D-8597E523A878.root.
%MSG
%MSG-w XrdAdaptorInternal:  file_open 10-Jun-2024 15:55:42 CEST PostProcessEvent
Failed to open file at URL root://eoscms.cern.ch:1094//eos/cms/store/mc/RunIISummer20UL18MiniAODv2/QCD_Pt_2400to3200_TuneCP5_13TeV_pythia8/MINIAODSIM/106X_upgrade2018_realistic_v16_L1v1-v1/240000/6F6F85DF-2597-C94E-962D-8597E523A878.root?tried=.
%MSG
10-Jun-2024 15:55:42 CEST  Fallback request to file root://xrootd-cms.infn.it//store/mc/RunIISummer20UL18MiniAODv2/QCD_Pt_2400to3200_TuneCP5_13TeV_pythia8/MINIAODSIM/106X_upgrade2018_realistic_v16_L1v1-v1/240000/6F6F85DF-2597-C94E-962D-8597E523A878.root
%MSG-w XrdAdaptor:  file_open 10-Jun-2024 15:55:57 CEST PostProcessEvent
Data is served from T2_US_Florida instead of original site T2_IT_Pisa
%MSG
10-Jun-2024 15:55:58 CEST  Successfully opened file root://xrootd-cms.infn.it//store/mc/RunIISummer20UL18MiniAODv2/QCD_Pt_2400to3200_TuneCP5_13TeV_pythia8/MINIAODSIM/106X_upgrade2018_realistic_v16_L1v1-v1/240000/6F6F85DF-2597-C94E-962D-8597E523A878.root
10-Jun-2024 15:56:08 CEST  Closed file root://xrootd-cms.infn.it//store/mc/RunIISummer20UL18MiniAODv2/QCD_Pt_2400to3200_TuneCP5_13TeV_pythia8/MINIAODSIM/106X_upgrade2018_realistic_v16_L1v1-v1/240000/6F6F85DF-2597-C94E-962D-8597E523A878.root
10-Jun-2024 15:56:08 CEST  Initiating request to open file root://eoscms.cern.ch//eos/cms/store/mc/RunIISummer20UL18MiniAODv2/QCD_Pt_2400to3200_TuneCP5_13TeV_pythia8/MINIAODSIM/106X_upgrade2018_realistic_v16_L1v1-v1/240000/D39C1136-B681-1E4B-B5AE-17A8B00D2C91.root
%MSG-w XrdAdaptorInternal:  file_open 10-Jun-2024 15:56:09 CEST PostProcessEvent
Failed to open file at URL root://eoscms.cern.ch:1094//eos/cms/store/mc/RunIISummer20UL18MiniAODv2/QCD_Pt_2400to3200_TuneCP5_13TeV_pythia8/MINIAODSIM/106X_upgrade2018_realistic_v16_L1v1-v1/240000/D39C1136-B681-1E4B-B5AE-17A8B00D2C91.root.
%MSG
%MSG-w XrdAdaptorInternal:  file_open 10-Jun-2024 15:56:09 CEST PostProcessEvent
Failed to open file at URL root://eoscms.cern.ch:1094//eos/cms/store/mc/RunIISummer20UL18MiniAODv2/QCD_Pt_2400to3200_TuneCP5_13TeV_pythia8/MINIAODSIM/106X_upgrade2018_realistic_v16_L1v1-v1/240000/D39C1136-B681-1E4B-B5AE-17A8B00D2C91.root?tried=.
%MSG
10-Jun-2024 15:56:09 CEST  Fallback request to file root://xrootd-cms.infn.it//store/mc/RunIISummer20UL18MiniAODv2/QCD_Pt_2400to3200_TuneCP5_13TeV_pythia8/MINIAODSIM/106X_upgrade2018_realistic_v16_L1v1-v1/240000/D39C1136-B681-1E4B-B5AE-17A8B00D2C91.root
%MSG-w XrdAdaptor:  file_open 10-Jun-2024 15:56:23 CEST PostProcessEvent
Data is served from T2_US_Florida instead of original site T2_IT_Pisa
%MSG
10-Jun-2024 15:56:24 CEST  Successfully opened file root://xrootd-cms.infn.it//store/mc/RunIISummer20UL18MiniAODv2/QCD_Pt_2400to3200_TuneCP5_13TeV_pythia8/MINIAODSIM/106X_upgrade2018_realistic_v16_L1v1-v1/240000/D39C1136-B681-1E4B-B5AE-17A8B00D2C91.root
Begin processing the 200001st record. Run 1, Event 2108005, LumiSection 2109 on stream 0 at 10-Jun-2024 15:56:35.297 CEST
10-Jun-2024 15:56:35 CEST  Closed file root://xrootd-cms.infn.it//store/mc/RunIISummer20UL18MiniAODv2/QCD_Pt_2400to3200_TuneCP5_13TeV_pythia8/MINIAODSIM/106X_upgrade2018_realistic_v16_L1v1-v1/240000/D39C1136-B681-1E4B-B5AE-17A8B00D2C91.root
10-Jun-2024 15:56:35 CEST  Initiating request to open file root://eoscms.cern.ch//eos/cms/store/mc/RunIISummer20UL18MiniAODv2/QCD_Pt_2400to3200_TuneCP5_13TeV_pythia8/MINIAODSIM/106X_upgrade2018_realistic_v16_L1v1-v1/240000/72F5433F-3532-7040-90BD-770D6A79072E.root
%MSG-w XrdAdaptorInternal:  file_open 10-Jun-2024 15:56:36 CEST PostProcessEvent
Failed to open file at URL root://eoscms.cern.ch:1094//eos/cms/store/mc/RunIISummer20UL18MiniAODv2/QCD_Pt_2400to3200_TuneCP5_13TeV_pythia8/MINIAODSIM/106X_upgrade2018_realistic_v16_L1v1-v1/240000/72F5433F-3532-7040-90BD-770D6A79072E.root.
%MSG
%MSG-w XrdAdaptorInternal:  file_open 10-Jun-2024 15:56:36 CEST PostProcessEvent
Failed to open file at URL root://eoscms.cern.ch:1094//eos/cms/store/mc/RunIISummer20UL18MiniAODv2/QCD_Pt_2400to3200_TuneCP5_13TeV_pythia8/MINIAODSIM/106X_upgrade2018_realistic_v16_L1v1-v1/240000/72F5433F-3532-7040-90BD-770D6A79072E.root?tried=.
%MSG
10-Jun-2024 15:56:36 CEST  Fallback request to file root://xrootd-cms.infn.it//store/mc/RunIISummer20UL18MiniAODv2/QCD_Pt_2400to3200_TuneCP5_13TeV_pythia8/MINIAODSIM/106X_upgrade2018_realistic_v16_L1v1-v1/240000/72F5433F-3532-7040-90BD-770D6A79072E.root
%MSG-w XrdAdaptor:  file_open 10-Jun-2024 15:56:49 CEST PostProcessEvent
Data is served from T2_US_Florida instead of original site T2_IT_Pisa
%MSG
10-Jun-2024 15:56:50 CEST  Successfully opened file root://xrootd-cms.infn.it//store/mc/RunIISummer20UL18MiniAODv2/QCD_Pt_2400to3200_TuneCP5_13TeV_pythia8/MINIAODSIM/106X_upgrade2018_realistic_v16_L1v1-v1/240000/72F5433F-3532-7040-90BD-770D6A79072E.root
10-Jun-2024 15:57:03 CEST  Closed file root://xrootd-cms.infn.it//store/mc/RunIISummer20UL18MiniAODv2/QCD_Pt_2400to3200_TuneCP5_13TeV_pythia8/MINIAODSIM/106X_upgrade2018_realistic_v16_L1v1-v1/240000/72F5433F-3532-7040-90BD-770D6A79072E.root
10-Jun-2024 15:57:03 CEST  Initiating request to open file root://eoscms.cern.ch//eos/cms/store/mc/RunIISummer20UL18MiniAODv2/QCD_Pt_2400to3200_TuneCP5_13TeV_pythia8/MINIAODSIM/106X_upgrade2018_realistic_v16_L1v1-v1/240000/648F4DE0-8D70-3C4B-9555-62CAFC7D31E1.root
%MSG-w XrdAdaptorInternal:  file_open 10-Jun-2024 15:57:04 CEST PostProcessEvent
Failed to open file at URL root://eoscms.cern.ch:1094//eos/cms/store/mc/RunIISummer20UL18MiniAODv2/QCD_Pt_2400to3200_TuneCP5_13TeV_pythia8/MINIAODSIM/106X_upgrade2018_realistic_v16_L1v1-v1/240000/648F4DE0-8D70-3C4B-9555-62CAFC7D31E1.root.
%MSG
%MSG-w XrdAdaptorInternal:  file_open 10-Jun-2024 15:57:04 CEST PostProcessEvent
Failed to open file at URL root://eoscms.cern.ch:1094//eos/cms/store/mc/RunIISummer20UL18MiniAODv2/QCD_Pt_2400to3200_TuneCP5_13TeV_pythia8/MINIAODSIM/106X_upgrade2018_realistic_v16_L1v1-v1/240000/648F4DE0-8D70-3C4B-9555-62CAFC7D31E1.root?tried=.
%MSG
10-Jun-2024 15:57:04 CEST  Fallback request to file root://xrootd-cms.infn.it//store/mc/RunIISummer20UL18MiniAODv2/QCD_Pt_2400to3200_TuneCP5_13TeV_pythia8/MINIAODSIM/106X_upgrade2018_realistic_v16_L1v1-v1/240000/648F4DE0-8D70-3C4B-9555-62CAFC7D31E1.root
%MSG-w XrdAdaptor:  file_open 10-Jun-2024 15:57:17 CEST PostProcessEvent
Data is served from T2_US_Florida instead of original site T2_IT_Pisa
%MSG
10-Jun-2024 15:57:18 CEST  Successfully opened file root://xrootd-cms.infn.it//store/mc/RunIISummer20UL18MiniAODv2/QCD_Pt_2400to3200_TuneCP5_13TeV_pythia8/MINIAODSIM/106X_upgrade2018_realistic_v16_L1v1-v1/240000/648F4DE0-8D70-3C4B-9555-62CAFC7D31E1.root
10-Jun-2024 15:57:30 CEST  Closed file root://xrootd-cms.infn.it//store/mc/RunIISummer20UL18MiniAODv2/QCD_Pt_2400to3200_TuneCP5_13TeV_pythia8/MINIAODSIM/106X_upgrade2018_realistic_v16_L1v1-v1/240000/648F4DE0-8D70-3C4B-9555-62CAFC7D31E1.root
10-Jun-2024 15:57:30 CEST  Initiating request to open file root://eoscms.cern.ch//eos/cms/store/mc/RunIISummer20UL18MiniAODv2/QCD_Pt_2400to3200_TuneCP5_13TeV_pythia8/MINIAODSIM/106X_upgrade2018_realistic_v16_L1v1-v1/240000/C8ED7E80-AD95-5A48-9281-921CD26E4715.root
%MSG-w XrdAdaptorInternal:  file_open 10-Jun-2024 15:57:31 CEST PostProcessEvent
Failed to open file at URL root://eoscms.cern.ch:1094//eos/cms/store/mc/RunIISummer20UL18MiniAODv2/QCD_Pt_2400to3200_TuneCP5_13TeV_pythia8/MINIAODSIM/106X_upgrade2018_realistic_v16_L1v1-v1/240000/C8ED7E80-AD95-5A48-9281-921CD26E4715.root.
%MSG
%MSG-w XrdAdaptorInternal:  file_open 10-Jun-2024 15:57:31 CEST PostProcessEvent
Failed to open file at URL root://eoscms.cern.ch:1094//eos/cms/store/mc/RunIISummer20UL18MiniAODv2/QCD_Pt_2400to3200_TuneCP5_13TeV_pythia8/MINIAODSIM/106X_upgrade2018_realistic_v16_L1v1-v1/240000/C8ED7E80-AD95-5A48-9281-921CD26E4715.root?tried=.
%MSG
10-Jun-2024 15:57:31 CEST  Fallback request to file root://xrootd-cms.infn.it//store/mc/RunIISummer20UL18MiniAODv2/QCD_Pt_2400to3200_TuneCP5_13TeV_pythia8/MINIAODSIM/106X_upgrade2018_realistic_v16_L1v1-v1/240000/C8ED7E80-AD95-5A48-9281-921CD26E4715.root
%MSG-w XrdAdaptor:  file_open 10-Jun-2024 15:57:43 CEST PostProcessEvent
Data is served from T2_US_Florida instead of original site T2_IT_Pisa
%MSG
10-Jun-2024 15:57:44 CEST  Successfully opened file root://xrootd-cms.infn.it//store/mc/RunIISummer20UL18MiniAODv2/QCD_Pt_2400to3200_TuneCP5_13TeV_pythia8/MINIAODSIM/106X_upgrade2018_realistic_v16_L1v1-v1/240000/C8ED7E80-AD95-5A48-9281-921CD26E4715.root
Begin processing the 300001st record. Run 1, Event 1779004, LumiSection 1780 on stream 0 at 10-Jun-2024 15:57:51.172 CEST
10-Jun-2024 15:57:54 CEST  Closed file root://xrootd-cms.infn.it//store/mc/RunIISummer20UL18MiniAODv2/QCD_Pt_2400to3200_TuneCP5_13TeV_pythia8/MINIAODSIM/106X_upgrade2018_realistic_v16_L1v1-v1/240000/C8ED7E80-AD95-5A48-9281-921CD26E4715.root
10-Jun-2024 15:57:54 CEST  Initiating request to open file root://eoscms.cern.ch//eos/cms/store/mc/RunIISummer20UL18MiniAODv2/QCD_Pt_2400to3200_TuneCP5_13TeV_pythia8/MINIAODSIM/106X_upgrade2018_realistic_v16_L1v1-v1/240000/914F461C-0872-7847-8965-E5A504DF30CA.root
%MSG-w XrdAdaptorInternal:  file_open 10-Jun-2024 15:57:55 CEST PostProcessEvent
Failed to open file at URL root://eoscms.cern.ch:1094//eos/cms/store/mc/RunIISummer20UL18MiniAODv2/QCD_Pt_2400to3200_TuneCP5_13TeV_pythia8/MINIAODSIM/106X_upgrade2018_realistic_v16_L1v1-v1/240000/914F461C-0872-7847-8965-E5A504DF30CA.root.
%MSG
%MSG-w XrdAdaptorInternal:  file_open 10-Jun-2024 15:57:55 CEST PostProcessEvent
Failed to open file at URL root://eoscms.cern.ch:1094//eos/cms/store/mc/RunIISummer20UL18MiniAODv2/QCD_Pt_2400to3200_TuneCP5_13TeV_pythia8/MINIAODSIM/106X_upgrade2018_realistic_v16_L1v1-v1/240000/914F461C-0872-7847-8965-E5A504DF30CA.root?tried=.
%MSG
10-Jun-2024 15:57:55 CEST  Fallback request to file root://xrootd-cms.infn.it//store/mc/RunIISummer20UL18MiniAODv2/QCD_Pt_2400to3200_TuneCP5_13TeV_pythia8/MINIAODSIM/106X_upgrade2018_realistic_v16_L1v1-v1/240000/914F461C-0872-7847-8965-E5A504DF30CA.root
%MSG-w XrdAdaptor:  file_open 10-Jun-2024 15:58:07 CEST PostProcessEvent
Data is served from T2_US_Florida instead of original site T2_IT_Pisa
%MSG
10-Jun-2024 15:58:08 CEST  Successfully opened file root://xrootd-cms.infn.it//store/mc/RunIISummer20UL18MiniAODv2/QCD_Pt_2400to3200_TuneCP5_13TeV_pythia8/MINIAODSIM/106X_upgrade2018_realistic_v16_L1v1-v1/240000/914F461C-0872-7847-8965-E5A504DF30CA.root
10-Jun-2024 15:58:20 CEST  Closed file root://xrootd-cms.infn.it//store/mc/RunIISummer20UL18MiniAODv2/QCD_Pt_2400to3200_TuneCP5_13TeV_pythia8/MINIAODSIM/106X_upgrade2018_realistic_v16_L1v1-v1/240000/914F461C-0872-7847-8965-E5A504DF30CA.root
10-Jun-2024 15:58:20 CEST  Initiating request to open file root://eoscms.cern.ch//eos/cms/store/mc/RunIISummer20UL18MiniAODv2/QCD_Pt_2400to3200_TuneCP5_13TeV_pythia8/MINIAODSIM/106X_upgrade2018_realistic_v16_L1v1-v1/240000/991FFB3D-93CC-2042-ADD0-F29FD82C349D.root
%MSG-w XrdAdaptorInternal:  file_open 10-Jun-2024 15:58:21 CEST PostProcessEvent
Failed to open file at URL root://eoscms.cern.ch:1094//eos/cms/store/mc/RunIISummer20UL18MiniAODv2/QCD_Pt_2400to3200_TuneCP5_13TeV_pythia8/MINIAODSIM/106X_upgrade2018_realistic_v16_L1v1-v1/240000/991FFB3D-93CC-2042-ADD0-F29FD82C349D.root.
%MSG
%MSG-w XrdAdaptorInternal:  file_open 10-Jun-2024 15:58:21 CEST PostProcessEvent
Failed to open file at URL root://eoscms.cern.ch:1094//eos/cms/store/mc/RunIISummer20UL18MiniAODv2/QCD_Pt_2400to3200_TuneCP5_13TeV_pythia8/MINIAODSIM/106X_upgrade2018_realistic_v16_L1v1-v1/240000/991FFB3D-93CC-2042-ADD0-F29FD82C349D.root?tried=.
%MSG
10-Jun-2024 15:58:21 CEST  Fallback request to file root://xrootd-cms.infn.it//store/mc/RunIISummer20UL18MiniAODv2/QCD_Pt_2400to3200_TuneCP5_13TeV_pythia8/MINIAODSIM/106X_upgrade2018_realistic_v16_L1v1-v1/240000/991FFB3D-93CC-2042-ADD0-F29FD82C349D.root
%MSG-w XrdAdaptor:  file_open 10-Jun-2024 15:58:35 CEST PostProcessEvent
Data is served from T2_US_Florida instead of original site T2_IT_Pisa
%MSG
10-Jun-2024 15:58:36 CEST  Successfully opened file root://xrootd-cms.infn.it//store/mc/RunIISummer20UL18MiniAODv2/QCD_Pt_2400to3200_TuneCP5_13TeV_pythia8/MINIAODSIM/106X_upgrade2018_realistic_v16_L1v1-v1/240000/991FFB3D-93CC-2042-ADD0-F29FD82C349D.root
Begin processing the 400001st record. Run 1, Event 2449003, LumiSection 2450 on stream 0 at 10-Jun-2024 15:58:44.500 CEST
10-Jun-2024 15:58:46 CEST  Closed file root://xrootd-cms.infn.it//store/mc/RunIISummer20UL18MiniAODv2/QCD_Pt_2400to3200_TuneCP5_13TeV_pythia8/MINIAODSIM/106X_upgrade2018_realistic_v16_L1v1-v1/240000/991FFB3D-93CC-2042-ADD0-F29FD82C349D.root
10-Jun-2024 15:58:46 CEST  Initiating request to open file root://eoscms.cern.ch//eos/cms/store/mc/RunIISummer20UL18MiniAODv2/QCD_Pt_2400to3200_TuneCP5_13TeV_pythia8/MINIAODSIM/106X_upgrade2018_realistic_v16_L1v1-v1/240000/806AE990-2BDE-A04A-8BBF-09E70BCF6D85.root
%MSG-w XrdAdaptorInternal:  file_open 10-Jun-2024 15:58:47 CEST PostProcessEvent
Failed to open file at URL root://eoscms.cern.ch:1094//eos/cms/store/mc/RunIISummer20UL18MiniAODv2/QCD_Pt_2400to3200_TuneCP5_13TeV_pythia8/MINIAODSIM/106X_upgrade2018_realistic_v16_L1v1-v1/240000/806AE990-2BDE-A04A-8BBF-09E70BCF6D85.root.
%MSG
%MSG-w XrdAdaptorInternal:  file_open 10-Jun-2024 15:58:47 CEST PostProcessEvent
Failed to open file at URL root://eoscms.cern.ch:1094//eos/cms/store/mc/RunIISummer20UL18MiniAODv2/QCD_Pt_2400to3200_TuneCP5_13TeV_pythia8/MINIAODSIM/106X_upgrade2018_realistic_v16_L1v1-v1/240000/806AE990-2BDE-A04A-8BBF-09E70BCF6D85.root?tried=.
%MSG
10-Jun-2024 15:58:47 CEST  Fallback request to file root://xrootd-cms.infn.it//store/mc/RunIISummer20UL18MiniAODv2/QCD_Pt_2400to3200_TuneCP5_13TeV_pythia8/MINIAODSIM/106X_upgrade2018_realistic_v16_L1v1-v1/240000/806AE990-2BDE-A04A-8BBF-09E70BCF6D85.root
%MSG-w XrdAdaptor:  file_open 10-Jun-2024 15:59:00 CEST PostProcessEvent
Data is served from T2_US_Florida instead of original site T2_IT_Pisa
%MSG
10-Jun-2024 15:59:01 CEST  Successfully opened file root://xrootd-cms.infn.it//store/mc/RunIISummer20UL18MiniAODv2/QCD_Pt_2400to3200_TuneCP5_13TeV_pythia8/MINIAODSIM/106X_upgrade2018_realistic_v16_L1v1-v1/240000/806AE990-2BDE-A04A-8BBF-09E70BCF6D85.root
10-Jun-2024 15:59:06 CEST  Closed file root://xrootd-cms.infn.it//store/mc/RunIISummer20UL18MiniAODv2/QCD_Pt_2400to3200_TuneCP5_13TeV_pythia8/MINIAODSIM/106X_upgrade2018_realistic_v16_L1v1-v1/240000/806AE990-2BDE-A04A-8BBF-09E70BCF6D85.root
10-Jun-2024 15:59:06 CEST  Initiating request to open file root://eoscms.cern.ch//eos/cms/store/mc/RunIISummer20UL18MiniAODv2/QCD_Pt_2400to3200_TuneCP5_13TeV_pythia8/MINIAODSIM/106X_upgrade2018_realistic_v16_L1v1-v1/110000/B925B6A2-45B4-0543-9DD0-23703A946FF6.root
%MSG-w XrdAdaptorInternal:  file_open 10-Jun-2024 15:59:07 CEST PostProcessEvent
Failed to open file at URL root://eoscms.cern.ch:1094//eos/cms/store/mc/RunIISummer20UL18MiniAODv2/QCD_Pt_2400to3200_TuneCP5_13TeV_pythia8/MINIAODSIM/106X_upgrade2018_realistic_v16_L1v1-v1/110000/B925B6A2-45B4-0543-9DD0-23703A946FF6.root.
%MSG
%MSG-w XrdAdaptorInternal:  file_open 10-Jun-2024 15:59:07 CEST PostProcessEvent
Failed to open file at URL root://eoscms.cern.ch:1094//eos/cms/store/mc/RunIISummer20UL18MiniAODv2/QCD_Pt_2400to3200_TuneCP5_13TeV_pythia8/MINIAODSIM/106X_upgrade2018_realistic_v16_L1v1-v1/110000/B925B6A2-45B4-0543-9DD0-23703A946FF6.root?tried=.
%MSG
10-Jun-2024 15:59:07 CEST  Fallback request to file root://xrootd-cms.infn.it//store/mc/RunIISummer20UL18MiniAODv2/QCD_Pt_2400to3200_TuneCP5_13TeV_pythia8/MINIAODSIM/106X_upgrade2018_realistic_v16_L1v1-v1/110000/B925B6A2-45B4-0543-9DD0-23703A946FF6.root
%MSG-w XrdAdaptor:  file_open 10-Jun-2024 15:59:20 CEST PostProcessEvent
Data is served from fnal.gov instead of original site T2_IT_Pisa
%MSG
10-Jun-2024 15:59:21 CEST  Successfully opened file root://xrootd-cms.infn.it//store/mc/RunIISummer20UL18MiniAODv2/QCD_Pt_2400to3200_TuneCP5_13TeV_pythia8/MINIAODSIM/106X_upgrade2018_realistic_v16_L1v1-v1/110000/B925B6A2-45B4-0543-9DD0-23703A946FF6.root
10-Jun-2024 15:59:30 CEST  Closed file root://xrootd-cms.infn.it//store/mc/RunIISummer20UL18MiniAODv2/QCD_Pt_2400to3200_TuneCP5_13TeV_pythia8/MINIAODSIM/106X_upgrade2018_realistic_v16_L1v1-v1/110000/B925B6A2-45B4-0543-9DD0-23703A946FF6.root
10-Jun-2024 15:59:30 CEST  Initiating request to open file root://eoscms.cern.ch//eos/cms/store/mc/RunIISummer20UL18MiniAODv2/QCD_Pt_2400to3200_TuneCP5_13TeV_pythia8/MINIAODSIM/106X_upgrade2018_realistic_v16_L1v1-v1/110000/FBD71841-4F94-B94F-B2BC-A99B3695963D.root
%MSG-w XrdAdaptorInternal:  file_open 10-Jun-2024 15:59:31 CEST PostProcessEvent
Failed to open file at URL root://eoscms.cern.ch:1094//eos/cms/store/mc/RunIISummer20UL18MiniAODv2/QCD_Pt_2400to3200_TuneCP5_13TeV_pythia8/MINIAODSIM/106X_upgrade2018_realistic_v16_L1v1-v1/110000/FBD71841-4F94-B94F-B2BC-A99B3695963D.root.
%MSG
%MSG-w XrdAdaptorInternal:  file_open 10-Jun-2024 15:59:31 CEST PostProcessEvent
Failed to open file at URL root://eoscms.cern.ch:1094//eos/cms/store/mc/RunIISummer20UL18MiniAODv2/QCD_Pt_2400to3200_TuneCP5_13TeV_pythia8/MINIAODSIM/106X_upgrade2018_realistic_v16_L1v1-v1/110000/FBD71841-4F94-B94F-B2BC-A99B3695963D.root?tried=.
%MSG
10-Jun-2024 15:59:31 CEST  Fallback request to file root://xrootd-cms.infn.it//store/mc/RunIISummer20UL18MiniAODv2/QCD_Pt_2400to3200_TuneCP5_13TeV_pythia8/MINIAODSIM/106X_upgrade2018_realistic_v16_L1v1-v1/110000/FBD71841-4F94-B94F-B2BC-A99B3695963D.root
%MSG-w XrdAdaptor:  file_open 10-Jun-2024 15:59:44 CEST PostProcessEvent
Data is served from fnal.gov instead of original site T2_IT_Pisa
%MSG
10-Jun-2024 15:59:45 CEST  Successfully opened file root://xrootd-cms.infn.it//store/mc/RunIISummer20UL18MiniAODv2/QCD_Pt_2400to3200_TuneCP5_13TeV_pythia8/MINIAODSIM/106X_upgrade2018_realistic_v16_L1v1-v1/110000/FBD71841-4F94-B94F-B2BC-A99B3695963D.root
Begin processing the 500001st record. Run 1, Event 1076007, LumiSection 1077 on stream 0 at 10-Jun-2024 15:59:55.461 CEST
10-Jun-2024 15:59:57 CEST  Closed file root://xrootd-cms.infn.it//store/mc/RunIISummer20UL18MiniAODv2/QCD_Pt_2400to3200_TuneCP5_13TeV_pythia8/MINIAODSIM/106X_upgrade2018_realistic_v16_L1v1-v1/110000/FBD71841-4F94-B94F-B2BC-A99B3695963D.root
10-Jun-2024 15:59:57 CEST  Initiating request to open file root://eoscms.cern.ch//eos/cms/store/mc/RunIISummer20UL18MiniAODv2/QCD_Pt_2400to3200_TuneCP5_13TeV_pythia8/MINIAODSIM/106X_upgrade2018_realistic_v16_L1v1-v1/110000/65E3A0AA-272B-FB4E-93BB-C6852BED0E53.root
%MSG-w XrdAdaptorInternal:  file_open 10-Jun-2024 15:59:58 CEST PostProcessEvent
Failed to open file at URL root://eoscms.cern.ch:1094//eos/cms/store/mc/RunIISummer20UL18MiniAODv2/QCD_Pt_2400to3200_TuneCP5_13TeV_pythia8/MINIAODSIM/106X_upgrade2018_realistic_v16_L1v1-v1/110000/65E3A0AA-272B-FB4E-93BB-C6852BED0E53.root.
%MSG
%MSG-w XrdAdaptorInternal:  file_open 10-Jun-2024 15:59:58 CEST PostProcessEvent
Failed to open file at URL root://eoscms.cern.ch:1094//eos/cms/store/mc/RunIISummer20UL18MiniAODv2/QCD_Pt_2400to3200_TuneCP5_13TeV_pythia8/MINIAODSIM/106X_upgrade2018_realistic_v16_L1v1-v1/110000/65E3A0AA-272B-FB4E-93BB-C6852BED0E53.root?tried=.
%MSG
10-Jun-2024 15:59:58 CEST  Fallback request to file root://xrootd-cms.infn.it//store/mc/RunIISummer20UL18MiniAODv2/QCD_Pt_2400to3200_TuneCP5_13TeV_pythia8/MINIAODSIM/106X_upgrade2018_realistic_v16_L1v1-v1/110000/65E3A0AA-272B-FB4E-93BB-C6852BED0E53.root
Unable to load sec.protocol plugin libXrdSecztn.so
%MSG-w XrdAdaptor:  file_open 10-Jun-2024 16:00:12 CEST PostProcessEvent
Data is served from fnal.gov instead of original site T2_IT_Pisa
%MSG
10-Jun-2024 16:00:13 CEST  Successfully opened file root://xrootd-cms.infn.it//store/mc/RunIISummer20UL18MiniAODv2/QCD_Pt_2400to3200_TuneCP5_13TeV_pythia8/MINIAODSIM/106X_upgrade2018_realistic_v16_L1v1-v1/110000/65E3A0AA-272B-FB4E-93BB-C6852BED0E53.root
10-Jun-2024 16:00:21 CEST  Closed file root://xrootd-cms.infn.it//store/mc/RunIISummer20UL18MiniAODv2/QCD_Pt_2400to3200_TuneCP5_13TeV_pythia8/MINIAODSIM/106X_upgrade2018_realistic_v16_L1v1-v1/110000/65E3A0AA-272B-FB4E-93BB-C6852BED0E53.root
10-Jun-2024 16:00:21 CEST  Initiating request to open file root://eoscms.cern.ch//eos/cms/store/mc/RunIISummer20UL18MiniAODv2/QCD_Pt_2400to3200_TuneCP5_13TeV_pythia8/MINIAODSIM/106X_upgrade2018_realistic_v16_L1v1-v1/110000/16A09334-E800-9F43-8660-53AC737FDBA0.root
%MSG-w XrdAdaptorInternal:  file_open 10-Jun-2024 16:00:22 CEST PostProcessEvent
Failed to open file at URL root://eoscms.cern.ch:1094//eos/cms/store/mc/RunIISummer20UL18MiniAODv2/QCD_Pt_2400to3200_TuneCP5_13TeV_pythia8/MINIAODSIM/106X_upgrade2018_realistic_v16_L1v1-v1/110000/16A09334-E800-9F43-8660-53AC737FDBA0.root.
%MSG
%MSG-w XrdAdaptorInternal:  file_open 10-Jun-2024 16:00:22 CEST PostProcessEvent
Failed to open file at URL root://eoscms.cern.ch:1094//eos/cms/store/mc/RunIISummer20UL18MiniAODv2/QCD_Pt_2400to3200_TuneCP5_13TeV_pythia8/MINIAODSIM/106X_upgrade2018_realistic_v16_L1v1-v1/110000/16A09334-E800-9F43-8660-53AC737FDBA0.root?tried=.
%MSG
10-Jun-2024 16:00:22 CEST  Fallback request to file root://xrootd-cms.infn.it//store/mc/RunIISummer20UL18MiniAODv2/QCD_Pt_2400to3200_TuneCP5_13TeV_pythia8/MINIAODSIM/106X_upgrade2018_realistic_v16_L1v1-v1/110000/16A09334-E800-9F43-8660-53AC737FDBA0.root
%MSG-w XrdAdaptor:  file_open 10-Jun-2024 16:00:35 CEST PostProcessEvent
Data is served from fnal.gov instead of original site T2_IT_Pisa
%MSG
10-Jun-2024 16:00:36 CEST  Successfully opened file root://xrootd-cms.infn.it//store/mc/RunIISummer20UL18MiniAODv2/QCD_Pt_2400to3200_TuneCP5_13TeV_pythia8/MINIAODSIM/106X_upgrade2018_realistic_v16_L1v1-v1/110000/16A09334-E800-9F43-8660-53AC737FDBA0.root
Begin processing the 600001st record. Run 1, Event 1782007, LumiSection 1783 on stream 0 at 10-Jun-2024 16:00:43.794 CEST
10-Jun-2024 16:00:45 CEST  Closed file root://xrootd-cms.infn.it//store/mc/RunIISummer20UL18MiniAODv2/QCD_Pt_2400to3200_TuneCP5_13TeV_pythia8/MINIAODSIM/106X_upgrade2018_realistic_v16_L1v1-v1/110000/16A09334-E800-9F43-8660-53AC737FDBA0.root
10-Jun-2024 16:00:45 CEST  Initiating request to open file root://eoscms.cern.ch//eos/cms/store/mc/RunIISummer20UL18MiniAODv2/QCD_Pt_2400to3200_TuneCP5_13TeV_pythia8/MINIAODSIM/106X_upgrade2018_realistic_v16_L1v1-v1/240000/A73A25F2-1E7F-0848-A7DA-9687B169FBA4.root
%MSG-w XrdAdaptorInternal:  file_open 10-Jun-2024 16:00:46 CEST PostProcessEvent
Failed to open file at URL root://eoscms.cern.ch:1094//eos/cms/store/mc/RunIISummer20UL18MiniAODv2/QCD_Pt_2400to3200_TuneCP5_13TeV_pythia8/MINIAODSIM/106X_upgrade2018_realistic_v16_L1v1-v1/240000/A73A25F2-1E7F-0848-A7DA-9687B169FBA4.root.
%MSG
%MSG-w XrdAdaptorInternal:  file_open 10-Jun-2024 16:00:46 CEST PostProcessEvent
Failed to open file at URL root://eoscms.cern.ch:1094//eos/cms/store/mc/RunIISummer20UL18MiniAODv2/QCD_Pt_2400to3200_TuneCP5_13TeV_pythia8/MINIAODSIM/106X_upgrade2018_realistic_v16_L1v1-v1/240000/A73A25F2-1E7F-0848-A7DA-9687B169FBA4.root?tried=.
%MSG
10-Jun-2024 16:00:46 CEST  Fallback request to file root://xrootd-cms.infn.it//store/mc/RunIISummer20UL18MiniAODv2/QCD_Pt_2400to3200_TuneCP5_13TeV_pythia8/MINIAODSIM/106X_upgrade2018_realistic_v16_L1v1-v1/240000/A73A25F2-1E7F-0848-A7DA-9687B169FBA4.root
%MSG-w XrdAdaptor:  file_open 10-Jun-2024 16:01:01 CEST PostProcessEvent
Data is served from T2_US_Nebraska instead of original site T2_IT_Pisa
%MSG
10-Jun-2024 16:01:02 CEST  Successfully opened file root://xrootd-cms.infn.it//store/mc/RunIISummer20UL18MiniAODv2/QCD_Pt_2400to3200_TuneCP5_13TeV_pythia8/MINIAODSIM/106X_upgrade2018_realistic_v16_L1v1-v1/240000/A73A25F2-1E7F-0848-A7DA-9687B169FBA4.root
10-Jun-2024 16:01:07 CEST  Closed file root://xrootd-cms.infn.it//store/mc/RunIISummer20UL18MiniAODv2/QCD_Pt_2400to3200_TuneCP5_13TeV_pythia8/MINIAODSIM/106X_upgrade2018_realistic_v16_L1v1-v1/240000/A73A25F2-1E7F-0848-A7DA-9687B169FBA4.root
10-Jun-2024 16:01:07 CEST  Initiating request to open file root://eoscms.cern.ch//eos/cms/store/mc/RunIISummer20UL18MiniAODv2/QCD_Pt_2400to3200_TuneCP5_13TeV_pythia8/MINIAODSIM/106X_upgrade2018_realistic_v16_L1v1-v1/240000/971484E0-49C9-C545-9342-1593F6F2EFB5.root
%MSG-w XrdAdaptorInternal:  file_open 10-Jun-2024 16:01:08 CEST PostProcessEvent
Failed to open file at URL root://eoscms.cern.ch:1094//eos/cms/store/mc/RunIISummer20UL18MiniAODv2/QCD_Pt_2400to3200_TuneCP5_13TeV_pythia8/MINIAODSIM/106X_upgrade2018_realistic_v16_L1v1-v1/240000/971484E0-49C9-C545-9342-1593F6F2EFB5.root.
%MSG
%MSG-w XrdAdaptorInternal:  file_open 10-Jun-2024 16:01:08 CEST PostProcessEvent
Failed to open file at URL root://eoscms.cern.ch:1094//eos/cms/store/mc/RunIISummer20UL18MiniAODv2/QCD_Pt_2400to3200_TuneCP5_13TeV_pythia8/MINIAODSIM/106X_upgrade2018_realistic_v16_L1v1-v1/240000/971484E0-49C9-C545-9342-1593F6F2EFB5.root?tried=.
%MSG
10-Jun-2024 16:01:08 CEST  Fallback request to file root://xrootd-cms.infn.it//store/mc/RunIISummer20UL18MiniAODv2/QCD_Pt_2400to3200_TuneCP5_13TeV_pythia8/MINIAODSIM/106X_upgrade2018_realistic_v16_L1v1-v1/240000/971484E0-49C9-C545-9342-1593F6F2EFB5.root
%MSG-w XrdAdaptor:  file_open 10-Jun-2024 16:01:24 CEST PostProcessEvent
Data is served from T2_US_Caltech instead of original site T2_IT_Pisa
%MSG
10-Jun-2024 16:01:25 CEST  Successfully opened file root://xrootd-cms.infn.it//store/mc/RunIISummer20UL18MiniAODv2/QCD_Pt_2400to3200_TuneCP5_13TeV_pythia8/MINIAODSIM/106X_upgrade2018_realistic_v16_L1v1-v1/240000/971484E0-49C9-C545-9342-1593F6F2EFB5.root
10-Jun-2024 16:01:39 CEST  Closed file root://xrootd-cms.infn.it//store/mc/RunIISummer20UL18MiniAODv2/QCD_Pt_2400to3200_TuneCP5_13TeV_pythia8/MINIAODSIM/106X_upgrade2018_realistic_v16_L1v1-v1/240000/971484E0-49C9-C545-9342-1593F6F2EFB5.root
10-Jun-2024 16:01:39 CEST  Initiating request to open file root://eoscms.cern.ch//eos/cms/store/mc/RunIISummer20UL18MiniAODv2/QCD_Pt_2400to3200_TuneCP5_13TeV_pythia8/MINIAODSIM/106X_upgrade2018_realistic_v16_L1v1-v1/240000/7854964C-3054-3746-90E6-1610A948F63B.root
%MSG-w XrdAdaptorInternal:  file_open 10-Jun-2024 16:01:40 CEST PostProcessEvent
Failed to open file at URL root://eoscms.cern.ch:1094//eos/cms/store/mc/RunIISummer20UL18MiniAODv2/QCD_Pt_2400to3200_TuneCP5_13TeV_pythia8/MINIAODSIM/106X_upgrade2018_realistic_v16_L1v1-v1/240000/7854964C-3054-3746-90E6-1610A948F63B.root.
%MSG
%MSG-w XrdAdaptorInternal:  file_open 10-Jun-2024 16:01:40 CEST PostProcessEvent
Failed to open file at URL root://eoscms.cern.ch:1094//eos/cms/store/mc/RunIISummer20UL18MiniAODv2/QCD_Pt_2400to3200_TuneCP5_13TeV_pythia8/MINIAODSIM/106X_upgrade2018_realistic_v16_L1v1-v1/240000/7854964C-3054-3746-90E6-1610A948F63B.root?tried=.
%MSG
10-Jun-2024 16:01:40 CEST  Fallback request to file root://xrootd-cms.infn.it//store/mc/RunIISummer20UL18MiniAODv2/QCD_Pt_2400to3200_TuneCP5_13TeV_pythia8/MINIAODSIM/106X_upgrade2018_realistic_v16_L1v1-v1/240000/7854964C-3054-3746-90E6-1610A948F63B.root
%MSG-w XrdAdaptor:  file_open 10-Jun-2024 16:01:55 CEST PostProcessEvent
Data is served from T2_US_Caltech instead of original site T2_IT_Pisa
%MSG
10-Jun-2024 16:01:56 CEST  Successfully opened file root://xrootd-cms.infn.it//store/mc/RunIISummer20UL18MiniAODv2/QCD_Pt_2400to3200_TuneCP5_13TeV_pythia8/MINIAODSIM/106X_upgrade2018_realistic_v16_L1v1-v1/240000/7854964C-3054-3746-90E6-1610A948F63B.root
Begin processing the 700001st record. Run 1, Event 868003, LumiSection 869 on stream 0 at 10-Jun-2024 16:02:14.489 CEST
10-Jun-2024 16:02:15 CEST  Closed file root://xrootd-cms.infn.it//store/mc/RunIISummer20UL18MiniAODv2/QCD_Pt_2400to3200_TuneCP5_13TeV_pythia8/MINIAODSIM/106X_upgrade2018_realistic_v16_L1v1-v1/240000/7854964C-3054-3746-90E6-1610A948F63B.root
10-Jun-2024 16:02:15 CEST  Initiating request to open file root://eoscms.cern.ch//eos/cms/store/mc/RunIISummer20UL18MiniAODv2/QCD_Pt_2400to3200_TuneCP5_13TeV_pythia8/MINIAODSIM/106X_upgrade2018_realistic_v16_L1v1-v1/240000/4CA473D3-54BF-2E40-A463-DB0907A07FC4.root
%MSG-w XrdAdaptorInternal:  file_open 10-Jun-2024 16:02:16 CEST PostProcessEvent
Failed to open file at URL root://eoscms.cern.ch:1094//eos/cms/store/mc/RunIISummer20UL18MiniAODv2/QCD_Pt_2400to3200_TuneCP5_13TeV_pythia8/MINIAODSIM/106X_upgrade2018_realistic_v16_L1v1-v1/240000/4CA473D3-54BF-2E40-A463-DB0907A07FC4.root.
%MSG
%MSG-w XrdAdaptorInternal:  file_open 10-Jun-2024 16:02:16 CEST PostProcessEvent
Failed to open file at URL root://eoscms.cern.ch:1094//eos/cms/store/mc/RunIISummer20UL18MiniAODv2/QCD_Pt_2400to3200_TuneCP5_13TeV_pythia8/MINIAODSIM/106X_upgrade2018_realistic_v16_L1v1-v1/240000/4CA473D3-54BF-2E40-A463-DB0907A07FC4.root?tried=.
%MSG
10-Jun-2024 16:02:16 CEST  Fallback request to file root://xrootd-cms.infn.it//store/mc/RunIISummer20UL18MiniAODv2/QCD_Pt_2400to3200_TuneCP5_13TeV_pythia8/MINIAODSIM/106X_upgrade2018_realistic_v16_L1v1-v1/240000/4CA473D3-54BF-2E40-A463-DB0907A07FC4.root
%MSG-w XrdAdaptor:  file_open 10-Jun-2024 16:02:31 CEST PostProcessEvent
Data is served from T2_US_Caltech instead of original site T2_IT_Pisa
%MSG
10-Jun-2024 16:02:32 CEST  Successfully opened file root://xrootd-cms.infn.it//store/mc/RunIISummer20UL18MiniAODv2/QCD_Pt_2400to3200_TuneCP5_13TeV_pythia8/MINIAODSIM/106X_upgrade2018_realistic_v16_L1v1-v1/240000/4CA473D3-54BF-2E40-A463-DB0907A07FC4.root
10-Jun-2024 16:02:38 CEST  Closed file root://xrootd-cms.infn.it//store/mc/RunIISummer20UL18MiniAODv2/QCD_Pt_2400to3200_TuneCP5_13TeV_pythia8/MINIAODSIM/106X_upgrade2018_realistic_v16_L1v1-v1/240000/4CA473D3-54BF-2E40-A463-DB0907A07FC4.root
10-Jun-2024 16:02:38 CEST  Initiating request to open file root://eoscms.cern.ch//eos/cms/store/mc/RunIISummer20UL18MiniAODv2/QCD_Pt_2400to3200_TuneCP5_13TeV_pythia8/MINIAODSIM/106X_upgrade2018_realistic_v16_L1v1-v1/240000/CE3CB481-69BC-1740-AC4B-0A4F3008CB28.root
%MSG-w XrdAdaptorInternal:  file_open 10-Jun-2024 16:02:39 CEST PostProcessEvent
Failed to open file at URL root://eoscms.cern.ch:1094//eos/cms/store/mc/RunIISummer20UL18MiniAODv2/QCD_Pt_2400to3200_TuneCP5_13TeV_pythia8/MINIAODSIM/106X_upgrade2018_realistic_v16_L1v1-v1/240000/CE3CB481-69BC-1740-AC4B-0A4F3008CB28.root.
%MSG
%MSG-w XrdAdaptorInternal:  file_open 10-Jun-2024 16:02:39 CEST PostProcessEvent
Failed to open file at URL root://eoscms.cern.ch:1094//eos/cms/store/mc/RunIISummer20UL18MiniAODv2/QCD_Pt_2400to3200_TuneCP5_13TeV_pythia8/MINIAODSIM/106X_upgrade2018_realistic_v16_L1v1-v1/240000/CE3CB481-69BC-1740-AC4B-0A4F3008CB28.root?tried=.
%MSG
10-Jun-2024 16:02:39 CEST  Fallback request to file root://xrootd-cms.infn.it//store/mc/RunIISummer20UL18MiniAODv2/QCD_Pt_2400to3200_TuneCP5_13TeV_pythia8/MINIAODSIM/106X_upgrade2018_realistic_v16_L1v1-v1/240000/CE3CB481-69BC-1740-AC4B-0A4F3008CB28.root
%MSG-w XrdAdaptor:  file_open 10-Jun-2024 16:02:52 CEST PostProcessEvent
Data is served from fnal.gov instead of original site T2_IT_Pisa
%MSG
10-Jun-2024 16:02:53 CEST  Successfully opened file root://xrootd-cms.infn.it//store/mc/RunIISummer20UL18MiniAODv2/QCD_Pt_2400to3200_TuneCP5_13TeV_pythia8/MINIAODSIM/106X_upgrade2018_realistic_v16_L1v1-v1/240000/CE3CB481-69BC-1740-AC4B-0A4F3008CB28.root
10-Jun-2024 16:02:58 CEST  Closed file root://xrootd-cms.infn.it//store/mc/RunIISummer20UL18MiniAODv2/QCD_Pt_2400to3200_TuneCP5_13TeV_pythia8/MINIAODSIM/106X_upgrade2018_realistic_v16_L1v1-v1/240000/CE3CB481-69BC-1740-AC4B-0A4F3008CB28.root
10-Jun-2024 16:02:58 CEST  Initiating request to open file root://eoscms.cern.ch//eos/cms/store/mc/RunIISummer20UL18MiniAODv2/QCD_Pt_2400to3200_TuneCP5_13TeV_pythia8/MINIAODSIM/106X_upgrade2018_realistic_v16_L1v1-v1/230000/3CC1A90C-F5D0-084D-9C72-0AE3D658B09B.root
%MSG-w XrdAdaptorInternal:  file_open 10-Jun-2024 16:02:59 CEST PostProcessEvent
Failed to open file at URL root://eoscms.cern.ch:1094//eos/cms/store/mc/RunIISummer20UL18MiniAODv2/QCD_Pt_2400to3200_TuneCP5_13TeV_pythia8/MINIAODSIM/106X_upgrade2018_realistic_v16_L1v1-v1/230000/3CC1A90C-F5D0-084D-9C72-0AE3D658B09B.root.
%MSG
%MSG-w XrdAdaptorInternal:  file_open 10-Jun-2024 16:02:59 CEST PostProcessEvent
Failed to open file at URL root://eoscms.cern.ch:1094//eos/cms/store/mc/RunIISummer20UL18MiniAODv2/QCD_Pt_2400to3200_TuneCP5_13TeV_pythia8/MINIAODSIM/106X_upgrade2018_realistic_v16_L1v1-v1/230000/3CC1A90C-F5D0-084D-9C72-0AE3D658B09B.root?tried=.
%MSG
10-Jun-2024 16:02:59 CEST  Fallback request to file root://xrootd-cms.infn.it//store/mc/RunIISummer20UL18MiniAODv2/QCD_Pt_2400to3200_TuneCP5_13TeV_pythia8/MINIAODSIM/106X_upgrade2018_realistic_v16_L1v1-v1/230000/3CC1A90C-F5D0-084D-9C72-0AE3D658B09B.root
%MSG-w XrdAdaptor:  file_open 10-Jun-2024 16:03:12 CEST PostProcessEvent
Data is served from fnal.gov instead of original site T2_IT_Pisa
%MSG
10-Jun-2024 16:03:13 CEST  Successfully opened file root://xrootd-cms.infn.it//store/mc/RunIISummer20UL18MiniAODv2/QCD_Pt_2400to3200_TuneCP5_13TeV_pythia8/MINIAODSIM/106X_upgrade2018_realistic_v16_L1v1-v1/230000/3CC1A90C-F5D0-084D-9C72-0AE3D658B09B.root
10-Jun-2024 16:03:18 CEST  Closed file root://xrootd-cms.infn.it//store/mc/RunIISummer20UL18MiniAODv2/QCD_Pt_2400to3200_TuneCP5_13TeV_pythia8/MINIAODSIM/106X_upgrade2018_realistic_v16_L1v1-v1/230000/3CC1A90C-F5D0-084D-9C72-0AE3D658B09B.root
10-Jun-2024 16:03:18 CEST  Initiating request to open file root://eoscms.cern.ch//eos/cms/store/mc/RunIISummer20UL18MiniAODv2/QCD_Pt_2400to3200_TuneCP5_13TeV_pythia8/MINIAODSIM/106X_upgrade2018_realistic_v16_L1v1-v1/240000/D8287A13-D6B3-514B-B5D8-25C3AC76AEC7.root
%MSG-w XrdAdaptorInternal:  file_open 10-Jun-2024 16:03:19 CEST PostProcessEvent
Failed to open file at URL root://eoscms.cern.ch:1094//eos/cms/store/mc/RunIISummer20UL18MiniAODv2/QCD_Pt_2400to3200_TuneCP5_13TeV_pythia8/MINIAODSIM/106X_upgrade2018_realistic_v16_L1v1-v1/240000/D8287A13-D6B3-514B-B5D8-25C3AC76AEC7.root.
%MSG
%MSG-w XrdAdaptorInternal:  file_open 10-Jun-2024 16:03:19 CEST PostProcessEvent
Failed to open file at URL root://eoscms.cern.ch:1094//eos/cms/store/mc/RunIISummer20UL18MiniAODv2/QCD_Pt_2400to3200_TuneCP5_13TeV_pythia8/MINIAODSIM/106X_upgrade2018_realistic_v16_L1v1-v1/240000/D8287A13-D6B3-514B-B5D8-25C3AC76AEC7.root?tried=.
%MSG
10-Jun-2024 16:03:19 CEST  Fallback request to file root://xrootd-cms.infn.it//store/mc/RunIISummer20UL18MiniAODv2/QCD_Pt_2400to3200_TuneCP5_13TeV_pythia8/MINIAODSIM/106X_upgrade2018_realistic_v16_L1v1-v1/240000/D8287A13-D6B3-514B-B5D8-25C3AC76AEC7.root
Unable to load sec.protocol plugin libXrdSecztn.so
%MSG-w XrdAdaptor:  file_open 10-Jun-2024 16:03:35 CEST PostProcessEvent
Data is served from T2_US_UCSD-ceph instead of original site T2_IT_Pisa
%MSG
10-Jun-2024 16:03:36 CEST  Successfully opened file root://xrootd-cms.infn.it//store/mc/RunIISummer20UL18MiniAODv2/QCD_Pt_2400to3200_TuneCP5_13TeV_pythia8/MINIAODSIM/106X_upgrade2018_realistic_v16_L1v1-v1/240000/D8287A13-D6B3-514B-B5D8-25C3AC76AEC7.root
Unable to load sec.protocol plugin libXrdSecztn.so
10-Jun-2024 16:03:52 CEST  Closed file root://xrootd-cms.infn.it//store/mc/RunIISummer20UL18MiniAODv2/QCD_Pt_2400to3200_TuneCP5_13TeV_pythia8/MINIAODSIM/106X_upgrade2018_realistic_v16_L1v1-v1/240000/D8287A13-D6B3-514B-B5D8-25C3AC76AEC7.root
10-Jun-2024 16:03:52 CEST  Initiating request to open file root://eoscms.cern.ch//eos/cms/store/mc/RunIISummer20UL18MiniAODv2/QCD_Pt_2400to3200_TuneCP5_13TeV_pythia8/MINIAODSIM/106X_upgrade2018_realistic_v16_L1v1-v1/110000/7999F6FD-CFD7-BA48-85B6-80BA90319213.root
%MSG-w XrdAdaptorInternal:  file_open 10-Jun-2024 16:03:53 CEST PostProcessEvent
Failed to open file at URL root://eoscms.cern.ch:1094//eos/cms/store/mc/RunIISummer20UL18MiniAODv2/QCD_Pt_2400to3200_TuneCP5_13TeV_pythia8/MINIAODSIM/106X_upgrade2018_realistic_v16_L1v1-v1/110000/7999F6FD-CFD7-BA48-85B6-80BA90319213.root.
%MSG
%MSG-w XrdAdaptorInternal:  file_open 10-Jun-2024 16:03:53 CEST PostProcessEvent
Failed to open file at URL root://eoscms.cern.ch:1094//eos/cms/store/mc/RunIISummer20UL18MiniAODv2/QCD_Pt_2400to3200_TuneCP5_13TeV_pythia8/MINIAODSIM/106X_upgrade2018_realistic_v16_L1v1-v1/110000/7999F6FD-CFD7-BA48-85B6-80BA90319213.root?tried=.
%MSG
10-Jun-2024 16:03:53 CEST  Fallback request to file root://xrootd-cms.infn.it//store/mc/RunIISummer20UL18MiniAODv2/QCD_Pt_2400to3200_TuneCP5_13TeV_pythia8/MINIAODSIM/106X_upgrade2018_realistic_v16_L1v1-v1/110000/7999F6FD-CFD7-BA48-85B6-80BA90319213.root
%MSG-w XrdAdaptor:  file_open 10-Jun-2024 16:04:08 CEST PostProcessEvent
Data is served from T2_US_Florida instead of original site T2_IT_Pisa
%MSG
10-Jun-2024 16:04:08 CEST  Successfully opened file root://xrootd-cms.infn.it//store/mc/RunIISummer20UL18MiniAODv2/QCD_Pt_2400to3200_TuneCP5_13TeV_pythia8/MINIAODSIM/106X_upgrade2018_realistic_v16_L1v1-v1/110000/7999F6FD-CFD7-BA48-85B6-80BA90319213.root
10-Jun-2024 16:04:13 CEST  Closed file root://xrootd-cms.infn.it//store/mc/RunIISummer20UL18MiniAODv2/QCD_Pt_2400to3200_TuneCP5_13TeV_pythia8/MINIAODSIM/106X_upgrade2018_realistic_v16_L1v1-v1/110000/7999F6FD-CFD7-BA48-85B6-80BA90319213.root
10-Jun-2024 16:04:13 CEST  Initiating request to open file root://eoscms.cern.ch//eos/cms/store/mc/RunIISummer20UL18MiniAODv2/QCD_Pt_2400to3200_TuneCP5_13TeV_pythia8/MINIAODSIM/106X_upgrade2018_realistic_v16_L1v1-v1/240000/5BED6BE4-943B-0B48-B82D-34F23A120407.root
%MSG-w XrdAdaptorInternal:  file_open 10-Jun-2024 16:04:14 CEST PostProcessEvent
Failed to open file at URL root://eoscms.cern.ch:1094//eos/cms/store/mc/RunIISummer20UL18MiniAODv2/QCD_Pt_2400to3200_TuneCP5_13TeV_pythia8/MINIAODSIM/106X_upgrade2018_realistic_v16_L1v1-v1/240000/5BED6BE4-943B-0B48-B82D-34F23A120407.root.
%MSG
%MSG-w XrdAdaptorInternal:  file_open 10-Jun-2024 16:04:14 CEST PostProcessEvent
Failed to open file at URL root://eoscms.cern.ch:1094//eos/cms/store/mc/RunIISummer20UL18MiniAODv2/QCD_Pt_2400to3200_TuneCP5_13TeV_pythia8/MINIAODSIM/106X_upgrade2018_realistic_v16_L1v1-v1/240000/5BED6BE4-943B-0B48-B82D-34F23A120407.root?tried=.
%MSG
10-Jun-2024 16:04:14 CEST  Fallback request to file root://xrootd-cms.infn.it//store/mc/RunIISummer20UL18MiniAODv2/QCD_Pt_2400to3200_TuneCP5_13TeV_pythia8/MINIAODSIM/106X_upgrade2018_realistic_v16_L1v1-v1/240000/5BED6BE4-943B-0B48-B82D-34F23A120407.root
Unable to load sec.protocol plugin libXrdSecztn.so
%MSG-w XrdAdaptor:  file_open 10-Jun-2024 16:04:29 CEST PostProcessEvent
Data is served from T2_US_UCSD-ceph instead of original site T2_IT_Pisa
%MSG
10-Jun-2024 16:04:30 CEST  Successfully opened file root://xrootd-cms.infn.it//store/mc/RunIISummer20UL18MiniAODv2/QCD_Pt_2400to3200_TuneCP5_13TeV_pythia8/MINIAODSIM/106X_upgrade2018_realistic_v16_L1v1-v1/240000/5BED6BE4-943B-0B48-B82D-34F23A120407.root
Unable to load sec.protocol plugin libXrdSecztn.so
Begin processing the 800001st record. Run 1, Event 338006, LumiSection 339 on stream 0 at 10-Jun-2024 16:04:46.124 CEST
10-Jun-2024 16:04:47 CEST  Closed file root://xrootd-cms.infn.it//store/mc/RunIISummer20UL18MiniAODv2/QCD_Pt_2400to3200_TuneCP5_13TeV_pythia8/MINIAODSIM/106X_upgrade2018_realistic_v16_L1v1-v1/240000/5BED6BE4-943B-0B48-B82D-34F23A120407.root
10-Jun-2024 16:04:47 CEST  Initiating request to open file root://eoscms.cern.ch//eos/cms/store/mc/RunIISummer20UL18MiniAODv2/QCD_Pt_2400to3200_TuneCP5_13TeV_pythia8/MINIAODSIM/106X_upgrade2018_realistic_v16_L1v1-v1/240000/24B95EEA-6EE6-4441-AF4F-830B8C1B7F57.root
%MSG-w XrdAdaptorInternal:  file_open 10-Jun-2024 16:04:48 CEST PostProcessEvent
Failed to open file at URL root://eoscms.cern.ch:1094//eos/cms/store/mc/RunIISummer20UL18MiniAODv2/QCD_Pt_2400to3200_TuneCP5_13TeV_pythia8/MINIAODSIM/106X_upgrade2018_realistic_v16_L1v1-v1/240000/24B95EEA-6EE6-4441-AF4F-830B8C1B7F57.root.
%MSG
%MSG-w XrdAdaptorInternal:  file_open 10-Jun-2024 16:04:48 CEST PostProcessEvent
Failed to open file at URL root://eoscms.cern.ch:1094//eos/cms/store/mc/RunIISummer20UL18MiniAODv2/QCD_Pt_2400to3200_TuneCP5_13TeV_pythia8/MINIAODSIM/106X_upgrade2018_realistic_v16_L1v1-v1/240000/24B95EEA-6EE6-4441-AF4F-830B8C1B7F57.root?tried=.
%MSG
10-Jun-2024 16:04:48 CEST  Fallback request to file root://xrootd-cms.infn.it//store/mc/RunIISummer20UL18MiniAODv2/QCD_Pt_2400to3200_TuneCP5_13TeV_pythia8/MINIAODSIM/106X_upgrade2018_realistic_v16_L1v1-v1/240000/24B95EEA-6EE6-4441-AF4F-830B8C1B7F57.root
%MSG-w XrdAdaptor:  file_open 10-Jun-2024 16:05:02 CEST PostProcessEvent
Data is served from T2_US_Caltech instead of original site T2_IT_Pisa
%MSG
10-Jun-2024 16:05:03 CEST  Successfully opened file root://xrootd-cms.infn.it//store/mc/RunIISummer20UL18MiniAODv2/QCD_Pt_2400to3200_TuneCP5_13TeV_pythia8/MINIAODSIM/106X_upgrade2018_realistic_v16_L1v1-v1/240000/24B95EEA-6EE6-4441-AF4F-830B8C1B7F57.root
10-Jun-2024 16:05:22 CEST  Closed file root://xrootd-cms.infn.it//store/mc/RunIISummer20UL18MiniAODv2/QCD_Pt_2400to3200_TuneCP5_13TeV_pythia8/MINIAODSIM/106X_upgrade2018_realistic_v16_L1v1-v1/240000/24B95EEA-6EE6-4441-AF4F-830B8C1B7F57.root
10-Jun-2024 16:05:22 CEST  Initiating request to open file root://eoscms.cern.ch//eos/cms/store/mc/RunIISummer20UL18MiniAODv2/QCD_Pt_2400to3200_TuneCP5_13TeV_pythia8/MINIAODSIM/106X_upgrade2018_realistic_v16_L1v1-v1/240000/83150D5B-494E-C844-B3B3-4CB1417DC120.root
%MSG-w XrdAdaptorInternal:  file_open 10-Jun-2024 16:05:23 CEST PostProcessEvent
Failed to open file at URL root://eoscms.cern.ch:1094//eos/cms/store/mc/RunIISummer20UL18MiniAODv2/QCD_Pt_2400to3200_TuneCP5_13TeV_pythia8/MINIAODSIM/106X_upgrade2018_realistic_v16_L1v1-v1/240000/83150D5B-494E-C844-B3B3-4CB1417DC120.root.
%MSG
%MSG-w XrdAdaptorInternal:  file_open 10-Jun-2024 16:05:23 CEST PostProcessEvent
Failed to open file at URL root://eoscms.cern.ch:1094//eos/cms/store/mc/RunIISummer20UL18MiniAODv2/QCD_Pt_2400to3200_TuneCP5_13TeV_pythia8/MINIAODSIM/106X_upgrade2018_realistic_v16_L1v1-v1/240000/83150D5B-494E-C844-B3B3-4CB1417DC120.root?tried=.
%MSG
10-Jun-2024 16:05:23 CEST  Fallback request to file root://xrootd-cms.infn.it//store/mc/RunIISummer20UL18MiniAODv2/QCD_Pt_2400to3200_TuneCP5_13TeV_pythia8/MINIAODSIM/106X_upgrade2018_realistic_v16_L1v1-v1/240000/83150D5B-494E-C844-B3B3-4CB1417DC120.root
%MSG-w XrdAdaptor:  file_open 10-Jun-2024 16:05:38 CEST PostProcessEvent
Data is served from T2_US_Caltech instead of original site T2_IT_Pisa
%MSG
10-Jun-2024 16:05:39 CEST  Successfully opened file root://xrootd-cms.infn.it//store/mc/RunIISummer20UL18MiniAODv2/QCD_Pt_2400to3200_TuneCP5_13TeV_pythia8/MINIAODSIM/106X_upgrade2018_realistic_v16_L1v1-v1/240000/83150D5B-494E-C844-B3B3-4CB1417DC120.root
Begin processing the 900001st record. Run 1, Event 246014, LumiSection 247 on stream 0 at 10-Jun-2024 16:05:57.281 CEST
10-Jun-2024 16:05:58 CEST  Closed file root://xrootd-cms.infn.it//store/mc/RunIISummer20UL18MiniAODv2/QCD_Pt_2400to3200_TuneCP5_13TeV_pythia8/MINIAODSIM/106X_upgrade2018_realistic_v16_L1v1-v1/240000/83150D5B-494E-C844-B3B3-4CB1417DC120.root
10-Jun-2024 16:05:58 CEST  Initiating request to open file root://eoscms.cern.ch//eos/cms/store/mc/RunIISummer20UL18MiniAODv2/QCD_Pt_2400to3200_TuneCP5_13TeV_pythia8/MINIAODSIM/106X_upgrade2018_realistic_v16_L1v1-v1/240000/3E4841EE-DC64-4E42-8FB3-806D5E9C256A.root
%MSG-w XrdAdaptorInternal:  file_open 10-Jun-2024 16:05:59 CEST PostProcessEvent
Failed to open file at URL root://eoscms.cern.ch:1094//eos/cms/store/mc/RunIISummer20UL18MiniAODv2/QCD_Pt_2400to3200_TuneCP5_13TeV_pythia8/MINIAODSIM/106X_upgrade2018_realistic_v16_L1v1-v1/240000/3E4841EE-DC64-4E42-8FB3-806D5E9C256A.root.
%MSG
%MSG-w XrdAdaptorInternal:  file_open 10-Jun-2024 16:05:59 CEST PostProcessEvent
Failed to open file at URL root://eoscms.cern.ch:1094//eos/cms/store/mc/RunIISummer20UL18MiniAODv2/QCD_Pt_2400to3200_TuneCP5_13TeV_pythia8/MINIAODSIM/106X_upgrade2018_realistic_v16_L1v1-v1/240000/3E4841EE-DC64-4E42-8FB3-806D5E9C256A.root?tried=.
%MSG
10-Jun-2024 16:05:59 CEST  Fallback request to file root://xrootd-cms.infn.it//store/mc/RunIISummer20UL18MiniAODv2/QCD_Pt_2400to3200_TuneCP5_13TeV_pythia8/MINIAODSIM/106X_upgrade2018_realistic_v16_L1v1-v1/240000/3E4841EE-DC64-4E42-8FB3-806D5E9C256A.root
%MSG-w XrdAdaptor:  file_open 10-Jun-2024 16:06:13 CEST PostProcessEvent
Data is served from T2_US_Caltech instead of original site T2_IT_Pisa
%MSG
10-Jun-2024 16:06:14 CEST  Successfully opened file root://xrootd-cms.infn.it//store/mc/RunIISummer20UL18MiniAODv2/QCD_Pt_2400to3200_TuneCP5_13TeV_pythia8/MINIAODSIM/106X_upgrade2018_realistic_v16_L1v1-v1/240000/3E4841EE-DC64-4E42-8FB3-806D5E9C256A.root
10-Jun-2024 16:06:34 CEST  Closed file root://xrootd-cms.infn.it//store/mc/RunIISummer20UL18MiniAODv2/QCD_Pt_2400to3200_TuneCP5_13TeV_pythia8/MINIAODSIM/106X_upgrade2018_realistic_v16_L1v1-v1/240000/3E4841EE-DC64-4E42-8FB3-806D5E9C256A.root
10-Jun-2024 16:06:34 CEST  Initiating request to open file root://eoscms.cern.ch//eos/cms/store/mc/RunIISummer20UL18MiniAODv2/QCD_Pt_2400to3200_TuneCP5_13TeV_pythia8/MINIAODSIM/106X_upgrade2018_realistic_v16_L1v1-v1/240000/43420689-CC0E-7747-BBD4-30B38FEF5A5F.root
%MSG-w XrdAdaptorInternal:  file_open 10-Jun-2024 16:06:35 CEST PostProcessEvent
Failed to open file at URL root://eoscms.cern.ch:1094//eos/cms/store/mc/RunIISummer20UL18MiniAODv2/QCD_Pt_2400to3200_TuneCP5_13TeV_pythia8/MINIAODSIM/106X_upgrade2018_realistic_v16_L1v1-v1/240000/43420689-CC0E-7747-BBD4-30B38FEF5A5F.root.
%MSG
%MSG-w XrdAdaptorInternal:  file_open 10-Jun-2024 16:06:35 CEST PostProcessEvent
Failed to open file at URL root://eoscms.cern.ch:1094//eos/cms/store/mc/RunIISummer20UL18MiniAODv2/QCD_Pt_2400to3200_TuneCP5_13TeV_pythia8/MINIAODSIM/106X_upgrade2018_realistic_v16_L1v1-v1/240000/43420689-CC0E-7747-BBD4-30B38FEF5A5F.root?tried=.
%MSG
10-Jun-2024 16:06:35 CEST  Fallback request to file root://xrootd-cms.infn.it//store/mc/RunIISummer20UL18MiniAODv2/QCD_Pt_2400to3200_TuneCP5_13TeV_pythia8/MINIAODSIM/106X_upgrade2018_realistic_v16_L1v1-v1/240000/43420689-CC0E-7747-BBD4-30B38FEF5A5F.root
%MSG-w XrdAdaptor:  file_open 10-Jun-2024 16:06:48 CEST PostProcessEvent
Data is served from T2_US_Caltech instead of original site T2_IT_Pisa
%MSG
10-Jun-2024 16:06:49 CEST  Successfully opened file root://xrootd-cms.infn.it//store/mc/RunIISummer20UL18MiniAODv2/QCD_Pt_2400to3200_TuneCP5_13TeV_pythia8/MINIAODSIM/106X_upgrade2018_realistic_v16_L1v1-v1/240000/43420689-CC0E-7747-BBD4-30B38FEF5A5F.root
10-Jun-2024 16:07:07 CEST  Closed file root://xrootd-cms.infn.it//store/mc/RunIISummer20UL18MiniAODv2/QCD_Pt_2400to3200_TuneCP5_13TeV_pythia8/MINIAODSIM/106X_upgrade2018_realistic_v16_L1v1-v1/240000/43420689-CC0E-7747-BBD4-30B38FEF5A5F.root

------------------------------------
GenXsecAnalyzer:
------------------------------------
Before Filter: total cross section = 5.234e-03 +- 2.618e-06 pb
Filter efficiency (taking into account weights)= (1e+06) / (1e+06) = 1.000e+00 +- 0.000e+00
Filter efficiency (event-level)= (1e+06) / (1e+06) = 1.000e+00 +- 0.000e+00    [TO BE USED IN MCM]

After filter: final cross section = 5.234e-03 +- 2.618e-06 pb
After filter: final fraction of events with negative weights = 0.000e+00 +- 0.000e+00
After filter: final equivalent lumi for 1M events (1/fb) = 1.911e+05 +- 2.136e+02

=============================================

MessageLogger Summary

 type     category        sev    module        subroutine        count    total
 ---- -------------------- -- ---------------- ----------------  -----    -----
    1 GenXSecAnalyzer      -w GenXSecAnalyzer:                       7        7
    2 XrdAdaptor           -w file_open                             30       30
    3 XrdAdaptorInternal   -w file_open                             60       60
    4 fileAction           -s file_close                            30       30
    5 fileAction           -s file_open                             90       90

 type    category    Examples: run/evt        run/evt          run/evt
 ---- -------------------- ---------------- ---------------- ----------------
    1 GenXSecAnalyzer      PostGlobalEndRun PostGlobalEndRun PostGlobalEndRun
    2 XrdAdaptor           pre-events       PostProcessEvent PostProcessEvent
    3 XrdAdaptorInternal   pre-events       pre-events       PostProcessEvent
    4 fileAction           PostProcessEvent PostProcessEvent PostGlobalEndRun
    5 fileAction           pre-events       pre-events       PostProcessEvent

Severity    # Occurrences   Total Occurrences
--------    -------------   -----------------
Warning                97                  97
System                120                 120

dropped waiting message count 0
