10-Jun-2024 16:14:32 CEST  Initiating request to open file root://eoscms.cern.ch//eos/cms/store/mc/RunIISummer20UL18MiniAODv2/QCD_HT500to700_TuneCP5_PSWeights_13TeV-madgraph-pythia8/MINIAODSIM/106X_upgrade2018_realistic_v16_L1v1-v1/2540000/698F2220-50D4-EF43-B2DB-B69BAD128942.root
%MSG-w XrdAdaptorInternal:  file_open 10-Jun-2024 16:14:37 CEST pre-events
Failed to open file at URL root://eoscms.cern.ch:1094//eos/cms/store/mc/RunIISummer20UL18MiniAODv2/QCD_HT500to700_TuneCP5_PSWeights_13TeV-madgraph-pythia8/MINIAODSIM/106X_upgrade2018_realistic_v16_L1v1-v1/2540000/698F2220-50D4-EF43-B2DB-B69BAD128942.root.
%MSG
%MSG-w XrdAdaptorInternal:  file_open 10-Jun-2024 16:14:37 CEST pre-events
Failed to open file at URL root://eoscms.cern.ch:1094//eos/cms/store/mc/RunIISummer20UL18MiniAODv2/QCD_HT500to700_TuneCP5_PSWeights_13TeV-madgraph-pythia8/MINIAODSIM/106X_upgrade2018_realistic_v16_L1v1-v1/2540000/698F2220-50D4-EF43-B2DB-B69BAD128942.root?tried=.
%MSG
10-Jun-2024 16:14:37 CEST  Fallback request to file root://xrootd-cms.infn.it//store/mc/RunIISummer20UL18MiniAODv2/QCD_HT500to700_TuneCP5_PSWeights_13TeV-madgraph-pythia8/MINIAODSIM/106X_upgrade2018_realistic_v16_L1v1-v1/2540000/698F2220-50D4-EF43-B2DB-B69BAD128942.root
Unable to load sec.protocol plugin libXrdSecztn.so
%MSG-w XrdAdaptor:  file_open 10-Jun-2024 16:14:54 CEST pre-events
Data is served from fnal.gov instead of original site T2_FR_GRIF_LLR
%MSG
10-Jun-2024 16:16:04 CEST  Successfully opened file root://xrootd-cms.infn.it//store/mc/RunIISummer20UL18MiniAODv2/QCD_HT500to700_TuneCP5_PSWeights_13TeV-madgraph-pythia8/MINIAODSIM/106X_upgrade2018_realistic_v16_L1v1-v1/2540000/698F2220-50D4-EF43-B2DB-B69BAD128942.root
Unable to load sec.protocol plugin libXrdSecztn.so
Begin processing the 1st record. Run 1, Event 296037763, LumiSection 35114 on stream 0 at 10-Jun-2024 16:16:15.505 CEST
10-Jun-2024 16:16:18 CEST  Closed file root://xrootd-cms.infn.it//store/mc/RunIISummer20UL18MiniAODv2/QCD_HT500to700_TuneCP5_PSWeights_13TeV-madgraph-pythia8/MINIAODSIM/106X_upgrade2018_realistic_v16_L1v1-v1/2540000/698F2220-50D4-EF43-B2DB-B69BAD128942.root
10-Jun-2024 16:16:18 CEST  Initiating request to open file root://eoscms.cern.ch//eos/cms/store/mc/RunIISummer20UL18MiniAODv2/QCD_HT500to700_TuneCP5_PSWeights_13TeV-madgraph-pythia8/MINIAODSIM/106X_upgrade2018_realistic_v16_L1v1-v1/2540000/5039369A-979C-5B4D-B499-69981B4BDE25.root
%MSG-w XrdAdaptorInternal:  file_open 10-Jun-2024 16:16:19 CEST PostProcessEvent
Failed to open file at URL root://eoscms.cern.ch:1094//eos/cms/store/mc/RunIISummer20UL18MiniAODv2/QCD_HT500to700_TuneCP5_PSWeights_13TeV-madgraph-pythia8/MINIAODSIM/106X_upgrade2018_realistic_v16_L1v1-v1/2540000/5039369A-979C-5B4D-B499-69981B4BDE25.root.
%MSG
%MSG-w XrdAdaptorInternal:  file_open 10-Jun-2024 16:16:19 CEST PostProcessEvent
Failed to open file at URL root://eoscms.cern.ch:1094//eos/cms/store/mc/RunIISummer20UL18MiniAODv2/QCD_HT500to700_TuneCP5_PSWeights_13TeV-madgraph-pythia8/MINIAODSIM/106X_upgrade2018_realistic_v16_L1v1-v1/2540000/5039369A-979C-5B4D-B499-69981B4BDE25.root?tried=.
%MSG
10-Jun-2024 16:16:19 CEST  Fallback request to file root://xrootd-cms.infn.it//store/mc/RunIISummer20UL18MiniAODv2/QCD_HT500to700_TuneCP5_PSWeights_13TeV-madgraph-pythia8/MINIAODSIM/106X_upgrade2018_realistic_v16_L1v1-v1/2540000/5039369A-979C-5B4D-B499-69981B4BDE25.root
%MSG-w XrdAdaptor:  file_open 10-Jun-2024 16:16:33 CEST PostProcessEvent
Data is served from fnal.gov instead of original site T2_FR_GRIF_LLR
%MSG
10-Jun-2024 16:16:33 CEST  Successfully opened file root://xrootd-cms.infn.it//store/mc/RunIISummer20UL18MiniAODv2/QCD_HT500to700_TuneCP5_PSWeights_13TeV-madgraph-pythia8/MINIAODSIM/106X_upgrade2018_realistic_v16_L1v1-v1/2540000/5039369A-979C-5B4D-B499-69981B4BDE25.root
10-Jun-2024 16:16:42 CEST  Closed file root://xrootd-cms.infn.it//store/mc/RunIISummer20UL18MiniAODv2/QCD_HT500to700_TuneCP5_PSWeights_13TeV-madgraph-pythia8/MINIAODSIM/106X_upgrade2018_realistic_v16_L1v1-v1/2540000/5039369A-979C-5B4D-B499-69981B4BDE25.root
10-Jun-2024 16:16:42 CEST  Initiating request to open file root://eoscms.cern.ch//eos/cms/store/mc/RunIISummer20UL18MiniAODv2/QCD_HT500to700_TuneCP5_PSWeights_13TeV-madgraph-pythia8/MINIAODSIM/106X_upgrade2018_realistic_v16_L1v1-v1/2540000/5A0FCFF6-FA37-5C4E-AA8C-B03122AA925B.root
%MSG-w XrdAdaptorInternal:  file_open 10-Jun-2024 16:16:43 CEST PostProcessEvent
Failed to open file at URL root://eoscms.cern.ch:1094//eos/cms/store/mc/RunIISummer20UL18MiniAODv2/QCD_HT500to700_TuneCP5_PSWeights_13TeV-madgraph-pythia8/MINIAODSIM/106X_upgrade2018_realistic_v16_L1v1-v1/2540000/5A0FCFF6-FA37-5C4E-AA8C-B03122AA925B.root.
%MSG
%MSG-w XrdAdaptorInternal:  file_open 10-Jun-2024 16:16:43 CEST PostProcessEvent
Failed to open file at URL root://eoscms.cern.ch:1094//eos/cms/store/mc/RunIISummer20UL18MiniAODv2/QCD_HT500to700_TuneCP5_PSWeights_13TeV-madgraph-pythia8/MINIAODSIM/106X_upgrade2018_realistic_v16_L1v1-v1/2540000/5A0FCFF6-FA37-5C4E-AA8C-B03122AA925B.root?tried=.
%MSG
10-Jun-2024 16:16:43 CEST  Fallback request to file root://xrootd-cms.infn.it//store/mc/RunIISummer20UL18MiniAODv2/QCD_HT500to700_TuneCP5_PSWeights_13TeV-madgraph-pythia8/MINIAODSIM/106X_upgrade2018_realistic_v16_L1v1-v1/2540000/5A0FCFF6-FA37-5C4E-AA8C-B03122AA925B.root
%MSG-w XrdAdaptor:  file_open 10-Jun-2024 16:16:57 CEST PostProcessEvent
Data is served from fnal.gov instead of original site T2_FR_GRIF_LLR
%MSG
10-Jun-2024 16:16:57 CEST  Successfully opened file root://xrootd-cms.infn.it//store/mc/RunIISummer20UL18MiniAODv2/QCD_HT500to700_TuneCP5_PSWeights_13TeV-madgraph-pythia8/MINIAODSIM/106X_upgrade2018_realistic_v16_L1v1-v1/2540000/5A0FCFF6-FA37-5C4E-AA8C-B03122AA925B.root
Unable to load sec.protocol plugin libXrdSecztn.so
Begin processing the 100001st record. Run 1, Event 459298475, LumiSection 54478 on stream 0 at 10-Jun-2024 16:17:04.158 CEST
10-Jun-2024 16:17:05 CEST  Closed file root://xrootd-cms.infn.it//store/mc/RunIISummer20UL18MiniAODv2/QCD_HT500to700_TuneCP5_PSWeights_13TeV-madgraph-pythia8/MINIAODSIM/106X_upgrade2018_realistic_v16_L1v1-v1/2540000/5A0FCFF6-FA37-5C4E-AA8C-B03122AA925B.root
10-Jun-2024 16:17:05 CEST  Initiating request to open file root://eoscms.cern.ch//eos/cms/store/mc/RunIISummer20UL18MiniAODv2/QCD_HT500to700_TuneCP5_PSWeights_13TeV-madgraph-pythia8/MINIAODSIM/106X_upgrade2018_realistic_v16_L1v1-v1/2540000/64264138-070A-AA49-B07A-B4D2B9CBDB4A.root
%MSG-w XrdAdaptorInternal:  file_open 10-Jun-2024 16:17:06 CEST PostProcessEvent
Failed to open file at URL root://eoscms.cern.ch:1094//eos/cms/store/mc/RunIISummer20UL18MiniAODv2/QCD_HT500to700_TuneCP5_PSWeights_13TeV-madgraph-pythia8/MINIAODSIM/106X_upgrade2018_realistic_v16_L1v1-v1/2540000/64264138-070A-AA49-B07A-B4D2B9CBDB4A.root.
%MSG
%MSG-w XrdAdaptorInternal:  file_open 10-Jun-2024 16:17:06 CEST PostProcessEvent
Failed to open file at URL root://eoscms.cern.ch:1094//eos/cms/store/mc/RunIISummer20UL18MiniAODv2/QCD_HT500to700_TuneCP5_PSWeights_13TeV-madgraph-pythia8/MINIAODSIM/106X_upgrade2018_realistic_v16_L1v1-v1/2540000/64264138-070A-AA49-B07A-B4D2B9CBDB4A.root?tried=.
%MSG
10-Jun-2024 16:17:06 CEST  Fallback request to file root://xrootd-cms.infn.it//store/mc/RunIISummer20UL18MiniAODv2/QCD_HT500to700_TuneCP5_PSWeights_13TeV-madgraph-pythia8/MINIAODSIM/106X_upgrade2018_realistic_v16_L1v1-v1/2540000/64264138-070A-AA49-B07A-B4D2B9CBDB4A.root
%MSG-w XrdAdaptor:  file_open 10-Jun-2024 16:17:20 CEST PostProcessEvent
Data is served from fnal.gov instead of original site T2_FR_GRIF_LLR
%MSG
10-Jun-2024 16:17:20 CEST  Successfully opened file root://xrootd-cms.infn.it//store/mc/RunIISummer20UL18MiniAODv2/QCD_HT500to700_TuneCP5_PSWeights_13TeV-madgraph-pythia8/MINIAODSIM/106X_upgrade2018_realistic_v16_L1v1-v1/2540000/64264138-070A-AA49-B07A-B4D2B9CBDB4A.root
10-Jun-2024 16:17:30 CEST  Closed file root://xrootd-cms.infn.it//store/mc/RunIISummer20UL18MiniAODv2/QCD_HT500to700_TuneCP5_PSWeights_13TeV-madgraph-pythia8/MINIAODSIM/106X_upgrade2018_realistic_v16_L1v1-v1/2540000/64264138-070A-AA49-B07A-B4D2B9CBDB4A.root
10-Jun-2024 16:17:30 CEST  Initiating request to open file root://eoscms.cern.ch//eos/cms/store/mc/RunIISummer20UL18MiniAODv2/QCD_HT500to700_TuneCP5_PSWeights_13TeV-madgraph-pythia8/MINIAODSIM/106X_upgrade2018_realistic_v16_L1v1-v1/2540000/F6C646C6-8532-044C-B403-49A6FBB4038A.root
%MSG-w XrdAdaptorInternal:  file_open 10-Jun-2024 16:17:31 CEST PostProcessEvent
Failed to open file at URL root://eoscms.cern.ch:1094//eos/cms/store/mc/RunIISummer20UL18MiniAODv2/QCD_HT500to700_TuneCP5_PSWeights_13TeV-madgraph-pythia8/MINIAODSIM/106X_upgrade2018_realistic_v16_L1v1-v1/2540000/F6C646C6-8532-044C-B403-49A6FBB4038A.root.
%MSG
%MSG-w XrdAdaptorInternal:  file_open 10-Jun-2024 16:17:31 CEST PostProcessEvent
Failed to open file at URL root://eoscms.cern.ch:1094//eos/cms/store/mc/RunIISummer20UL18MiniAODv2/QCD_HT500to700_TuneCP5_PSWeights_13TeV-madgraph-pythia8/MINIAODSIM/106X_upgrade2018_realistic_v16_L1v1-v1/2540000/F6C646C6-8532-044C-B403-49A6FBB4038A.root?tried=.
%MSG
10-Jun-2024 16:17:31 CEST  Fallback request to file root://xrootd-cms.infn.it//store/mc/RunIISummer20UL18MiniAODv2/QCD_HT500to700_TuneCP5_PSWeights_13TeV-madgraph-pythia8/MINIAODSIM/106X_upgrade2018_realistic_v16_L1v1-v1/2540000/F6C646C6-8532-044C-B403-49A6FBB4038A.root
%MSG-w XrdAdaptor:  file_open 10-Jun-2024 16:17:45 CEST PostProcessEvent
Data is served from fnal.gov instead of original site T2_FR_GRIF_LLR
%MSG
10-Jun-2024 16:17:45 CEST  Successfully opened file root://xrootd-cms.infn.it//store/mc/RunIISummer20UL18MiniAODv2/QCD_HT500to700_TuneCP5_PSWeights_13TeV-madgraph-pythia8/MINIAODSIM/106X_upgrade2018_realistic_v16_L1v1-v1/2540000/F6C646C6-8532-044C-B403-49A6FBB4038A.root
Begin processing the 200001st record. Run 1, Event 471016595, LumiSection 55868 on stream 0 at 10-Jun-2024 16:17:53.344 CEST
10-Jun-2024 16:17:54 CEST  Closed file root://xrootd-cms.infn.it//store/mc/RunIISummer20UL18MiniAODv2/QCD_HT500to700_TuneCP5_PSWeights_13TeV-madgraph-pythia8/MINIAODSIM/106X_upgrade2018_realistic_v16_L1v1-v1/2540000/F6C646C6-8532-044C-B403-49A6FBB4038A.root
10-Jun-2024 16:17:54 CEST  Initiating request to open file root://eoscms.cern.ch//eos/cms/store/mc/RunIISummer20UL18MiniAODv2/QCD_HT500to700_TuneCP5_PSWeights_13TeV-madgraph-pythia8/MINIAODSIM/106X_upgrade2018_realistic_v16_L1v1-v1/2540000/65C6FDA2-999D-714C-A761-22D8CAAD9C02.root
%MSG-w XrdAdaptorInternal:  file_open 10-Jun-2024 16:17:55 CEST PostProcessEvent
Failed to open file at URL root://eoscms.cern.ch:1094//eos/cms/store/mc/RunIISummer20UL18MiniAODv2/QCD_HT500to700_TuneCP5_PSWeights_13TeV-madgraph-pythia8/MINIAODSIM/106X_upgrade2018_realistic_v16_L1v1-v1/2540000/65C6FDA2-999D-714C-A761-22D8CAAD9C02.root.
%MSG
%MSG-w XrdAdaptorInternal:  file_open 10-Jun-2024 16:17:55 CEST PostProcessEvent
Failed to open file at URL root://eoscms.cern.ch:1094//eos/cms/store/mc/RunIISummer20UL18MiniAODv2/QCD_HT500to700_TuneCP5_PSWeights_13TeV-madgraph-pythia8/MINIAODSIM/106X_upgrade2018_realistic_v16_L1v1-v1/2540000/65C6FDA2-999D-714C-A761-22D8CAAD9C02.root?tried=.
%MSG
10-Jun-2024 16:17:55 CEST  Fallback request to file root://xrootd-cms.infn.it//store/mc/RunIISummer20UL18MiniAODv2/QCD_HT500to700_TuneCP5_PSWeights_13TeV-madgraph-pythia8/MINIAODSIM/106X_upgrade2018_realistic_v16_L1v1-v1/2540000/65C6FDA2-999D-714C-A761-22D8CAAD9C02.root
%MSG-w XrdAdaptor:  file_open 10-Jun-2024 16:18:08 CEST PostProcessEvent
Data is served from fnal.gov instead of original site T2_FR_GRIF_LLR
%MSG
10-Jun-2024 16:18:08 CEST  Successfully opened file root://xrootd-cms.infn.it//store/mc/RunIISummer20UL18MiniAODv2/QCD_HT500to700_TuneCP5_PSWeights_13TeV-madgraph-pythia8/MINIAODSIM/106X_upgrade2018_realistic_v16_L1v1-v1/2540000/65C6FDA2-999D-714C-A761-22D8CAAD9C02.root
10-Jun-2024 16:18:17 CEST  Closed file root://xrootd-cms.infn.it//store/mc/RunIISummer20UL18MiniAODv2/QCD_HT500to700_TuneCP5_PSWeights_13TeV-madgraph-pythia8/MINIAODSIM/106X_upgrade2018_realistic_v16_L1v1-v1/2540000/65C6FDA2-999D-714C-A761-22D8CAAD9C02.root
10-Jun-2024 16:18:17 CEST  Initiating request to open file root://eoscms.cern.ch//eos/cms/store/mc/RunIISummer20UL18MiniAODv2/QCD_HT500to700_TuneCP5_PSWeights_13TeV-madgraph-pythia8/MINIAODSIM/106X_upgrade2018_realistic_v16_L1v1-v1/2540000/32345041-0F1E-EB4C-A24D-2EF73DC9BE50.root
%MSG-w XrdAdaptorInternal:  file_open 10-Jun-2024 16:18:18 CEST PostProcessEvent
Failed to open file at URL root://eoscms.cern.ch:1094//eos/cms/store/mc/RunIISummer20UL18MiniAODv2/QCD_HT500to700_TuneCP5_PSWeights_13TeV-madgraph-pythia8/MINIAODSIM/106X_upgrade2018_realistic_v16_L1v1-v1/2540000/32345041-0F1E-EB4C-A24D-2EF73DC9BE50.root.
%MSG
%MSG-w XrdAdaptorInternal:  file_open 10-Jun-2024 16:18:18 CEST PostProcessEvent
Failed to open file at URL root://eoscms.cern.ch:1094//eos/cms/store/mc/RunIISummer20UL18MiniAODv2/QCD_HT500to700_TuneCP5_PSWeights_13TeV-madgraph-pythia8/MINIAODSIM/106X_upgrade2018_realistic_v16_L1v1-v1/2540000/32345041-0F1E-EB4C-A24D-2EF73DC9BE50.root?tried=.
%MSG
10-Jun-2024 16:18:18 CEST  Fallback request to file root://xrootd-cms.infn.it//store/mc/RunIISummer20UL18MiniAODv2/QCD_HT500to700_TuneCP5_PSWeights_13TeV-madgraph-pythia8/MINIAODSIM/106X_upgrade2018_realistic_v16_L1v1-v1/2540000/32345041-0F1E-EB4C-A24D-2EF73DC9BE50.root
%MSG-w XrdAdaptor:  file_open 10-Jun-2024 16:18:31 CEST PostProcessEvent
Data is served from fnal.gov instead of original site T2_FR_GRIF_LLR
%MSG
10-Jun-2024 16:18:31 CEST  Successfully opened file root://xrootd-cms.infn.it//store/mc/RunIISummer20UL18MiniAODv2/QCD_HT500to700_TuneCP5_PSWeights_13TeV-madgraph-pythia8/MINIAODSIM/106X_upgrade2018_realistic_v16_L1v1-v1/2540000/32345041-0F1E-EB4C-A24D-2EF73DC9BE50.root
Begin processing the 300001st record. Run 1, Event 9565671, LumiSection 1135 on stream 0 at 10-Jun-2024 16:18:39.223 CEST
10-Jun-2024 16:18:40 CEST  Closed file root://xrootd-cms.infn.it//store/mc/RunIISummer20UL18MiniAODv2/QCD_HT500to700_TuneCP5_PSWeights_13TeV-madgraph-pythia8/MINIAODSIM/106X_upgrade2018_realistic_v16_L1v1-v1/2540000/32345041-0F1E-EB4C-A24D-2EF73DC9BE50.root
10-Jun-2024 16:18:40 CEST  Initiating request to open file root://eoscms.cern.ch//eos/cms/store/mc/RunIISummer20UL18MiniAODv2/QCD_HT500to700_TuneCP5_PSWeights_13TeV-madgraph-pythia8/MINIAODSIM/106X_upgrade2018_realistic_v16_L1v1-v1/2540000/574B9D52-9E48-C142-BC08-84A7CD58136D.root
%MSG-w XrdAdaptorInternal:  file_open 10-Jun-2024 16:18:41 CEST PostProcessEvent
Failed to open file at URL root://eoscms.cern.ch:1094//eos/cms/store/mc/RunIISummer20UL18MiniAODv2/QCD_HT500to700_TuneCP5_PSWeights_13TeV-madgraph-pythia8/MINIAODSIM/106X_upgrade2018_realistic_v16_L1v1-v1/2540000/574B9D52-9E48-C142-BC08-84A7CD58136D.root.
%MSG
%MSG-w XrdAdaptorInternal:  file_open 10-Jun-2024 16:18:41 CEST PostProcessEvent
Failed to open file at URL root://eoscms.cern.ch:1094//eos/cms/store/mc/RunIISummer20UL18MiniAODv2/QCD_HT500to700_TuneCP5_PSWeights_13TeV-madgraph-pythia8/MINIAODSIM/106X_upgrade2018_realistic_v16_L1v1-v1/2540000/574B9D52-9E48-C142-BC08-84A7CD58136D.root?tried=.
%MSG
10-Jun-2024 16:18:41 CEST  Fallback request to file root://xrootd-cms.infn.it//store/mc/RunIISummer20UL18MiniAODv2/QCD_HT500to700_TuneCP5_PSWeights_13TeV-madgraph-pythia8/MINIAODSIM/106X_upgrade2018_realistic_v16_L1v1-v1/2540000/574B9D52-9E48-C142-BC08-84A7CD58136D.root
%MSG-w XrdAdaptor:  file_open 10-Jun-2024 16:18:54 CEST PostProcessEvent
Data is served from fnal.gov instead of original site T2_FR_GRIF_LLR
%MSG
10-Jun-2024 16:18:55 CEST  Successfully opened file root://xrootd-cms.infn.it//store/mc/RunIISummer20UL18MiniAODv2/QCD_HT500to700_TuneCP5_PSWeights_13TeV-madgraph-pythia8/MINIAODSIM/106X_upgrade2018_realistic_v16_L1v1-v1/2540000/574B9D52-9E48-C142-BC08-84A7CD58136D.root
10-Jun-2024 16:19:03 CEST  Closed file root://xrootd-cms.infn.it//store/mc/RunIISummer20UL18MiniAODv2/QCD_HT500to700_TuneCP5_PSWeights_13TeV-madgraph-pythia8/MINIAODSIM/106X_upgrade2018_realistic_v16_L1v1-v1/2540000/574B9D52-9E48-C142-BC08-84A7CD58136D.root
10-Jun-2024 16:19:03 CEST  Initiating request to open file root://eoscms.cern.ch//eos/cms/store/mc/RunIISummer20UL18MiniAODv2/QCD_HT500to700_TuneCP5_PSWeights_13TeV-madgraph-pythia8/MINIAODSIM/106X_upgrade2018_realistic_v16_L1v1-v1/2540000/ED24889B-82B4-E244-A5A9-68437497A220.root
%MSG-w XrdAdaptorInternal:  file_open 10-Jun-2024 16:19:04 CEST PostProcessEvent
Failed to open file at URL root://eoscms.cern.ch:1094//eos/cms/store/mc/RunIISummer20UL18MiniAODv2/QCD_HT500to700_TuneCP5_PSWeights_13TeV-madgraph-pythia8/MINIAODSIM/106X_upgrade2018_realistic_v16_L1v1-v1/2540000/ED24889B-82B4-E244-A5A9-68437497A220.root.
%MSG
%MSG-w XrdAdaptorInternal:  file_open 10-Jun-2024 16:19:04 CEST PostProcessEvent
Failed to open file at URL root://eoscms.cern.ch:1094//eos/cms/store/mc/RunIISummer20UL18MiniAODv2/QCD_HT500to700_TuneCP5_PSWeights_13TeV-madgraph-pythia8/MINIAODSIM/106X_upgrade2018_realistic_v16_L1v1-v1/2540000/ED24889B-82B4-E244-A5A9-68437497A220.root?tried=.
%MSG
10-Jun-2024 16:19:04 CEST  Fallback request to file root://xrootd-cms.infn.it//store/mc/RunIISummer20UL18MiniAODv2/QCD_HT500to700_TuneCP5_PSWeights_13TeV-madgraph-pythia8/MINIAODSIM/106X_upgrade2018_realistic_v16_L1v1-v1/2540000/ED24889B-82B4-E244-A5A9-68437497A220.root
%MSG-w XrdAdaptor:  file_open 10-Jun-2024 16:19:17 CEST PostProcessEvent
Data is served from fnal.gov instead of original site T2_FR_GRIF_LLR
%MSG
10-Jun-2024 16:19:17 CEST  Successfully opened file root://xrootd-cms.infn.it//store/mc/RunIISummer20UL18MiniAODv2/QCD_HT500to700_TuneCP5_PSWeights_13TeV-madgraph-pythia8/MINIAODSIM/106X_upgrade2018_realistic_v16_L1v1-v1/2540000/ED24889B-82B4-E244-A5A9-68437497A220.root
Begin processing the 400001st record. Run 1, Event 564003527, LumiSection 66897 on stream 0 at 10-Jun-2024 16:19:26.233 CEST
10-Jun-2024 16:19:27 CEST  Closed file root://xrootd-cms.infn.it//store/mc/RunIISummer20UL18MiniAODv2/QCD_HT500to700_TuneCP5_PSWeights_13TeV-madgraph-pythia8/MINIAODSIM/106X_upgrade2018_realistic_v16_L1v1-v1/2540000/ED24889B-82B4-E244-A5A9-68437497A220.root
10-Jun-2024 16:19:27 CEST  Initiating request to open file root://eoscms.cern.ch//eos/cms/store/mc/RunIISummer20UL18MiniAODv2/QCD_HT500to700_TuneCP5_PSWeights_13TeV-madgraph-pythia8/MINIAODSIM/106X_upgrade2018_realistic_v16_L1v1-v1/2540000/370DDCA5-A9F7-6342-AFA6-E6BE10609C8F.root
%MSG-w XrdAdaptorInternal:  file_open 10-Jun-2024 16:19:28 CEST PostProcessEvent
Failed to open file at URL root://eoscms.cern.ch:1094//eos/cms/store/mc/RunIISummer20UL18MiniAODv2/QCD_HT500to700_TuneCP5_PSWeights_13TeV-madgraph-pythia8/MINIAODSIM/106X_upgrade2018_realistic_v16_L1v1-v1/2540000/370DDCA5-A9F7-6342-AFA6-E6BE10609C8F.root.
%MSG
%MSG-w XrdAdaptorInternal:  file_open 10-Jun-2024 16:19:28 CEST PostProcessEvent
Failed to open file at URL root://eoscms.cern.ch:1094//eos/cms/store/mc/RunIISummer20UL18MiniAODv2/QCD_HT500to700_TuneCP5_PSWeights_13TeV-madgraph-pythia8/MINIAODSIM/106X_upgrade2018_realistic_v16_L1v1-v1/2540000/370DDCA5-A9F7-6342-AFA6-E6BE10609C8F.root?tried=.
%MSG
10-Jun-2024 16:19:28 CEST  Fallback request to file root://xrootd-cms.infn.it//store/mc/RunIISummer20UL18MiniAODv2/QCD_HT500to700_TuneCP5_PSWeights_13TeV-madgraph-pythia8/MINIAODSIM/106X_upgrade2018_realistic_v16_L1v1-v1/2540000/370DDCA5-A9F7-6342-AFA6-E6BE10609C8F.root
%MSG-w XrdAdaptor:  file_open 10-Jun-2024 16:19:40 CEST PostProcessEvent
Data is served from fnal.gov instead of original site T2_FR_GRIF_LLR
%MSG
10-Jun-2024 16:19:40 CEST  Successfully opened file root://xrootd-cms.infn.it//store/mc/RunIISummer20UL18MiniAODv2/QCD_HT500to700_TuneCP5_PSWeights_13TeV-madgraph-pythia8/MINIAODSIM/106X_upgrade2018_realistic_v16_L1v1-v1/2540000/370DDCA5-A9F7-6342-AFA6-E6BE10609C8F.root
10-Jun-2024 16:19:53 CEST  Closed file root://xrootd-cms.infn.it//store/mc/RunIISummer20UL18MiniAODv2/QCD_HT500to700_TuneCP5_PSWeights_13TeV-madgraph-pythia8/MINIAODSIM/106X_upgrade2018_realistic_v16_L1v1-v1/2540000/370DDCA5-A9F7-6342-AFA6-E6BE10609C8F.root
10-Jun-2024 16:19:53 CEST  Initiating request to open file root://eoscms.cern.ch//eos/cms/store/mc/RunIISummer20UL18MiniAODv2/QCD_HT500to700_TuneCP5_PSWeights_13TeV-madgraph-pythia8/MINIAODSIM/106X_upgrade2018_realistic_v16_L1v1-v1/2540000/2071E6DE-D261-EA4B-9A9B-FB429DBA1358.root
%MSG-w XrdAdaptorInternal:  file_open 10-Jun-2024 16:19:54 CEST PostProcessEvent
Failed to open file at URL root://eoscms.cern.ch:1094//eos/cms/store/mc/RunIISummer20UL18MiniAODv2/QCD_HT500to700_TuneCP5_PSWeights_13TeV-madgraph-pythia8/MINIAODSIM/106X_upgrade2018_realistic_v16_L1v1-v1/2540000/2071E6DE-D261-EA4B-9A9B-FB429DBA1358.root.
%MSG
%MSG-w XrdAdaptorInternal:  file_open 10-Jun-2024 16:19:54 CEST PostProcessEvent
Failed to open file at URL root://eoscms.cern.ch:1094//eos/cms/store/mc/RunIISummer20UL18MiniAODv2/QCD_HT500to700_TuneCP5_PSWeights_13TeV-madgraph-pythia8/MINIAODSIM/106X_upgrade2018_realistic_v16_L1v1-v1/2540000/2071E6DE-D261-EA4B-9A9B-FB429DBA1358.root?tried=.
%MSG
10-Jun-2024 16:19:54 CEST  Fallback request to file root://xrootd-cms.infn.it//store/mc/RunIISummer20UL18MiniAODv2/QCD_HT500to700_TuneCP5_PSWeights_13TeV-madgraph-pythia8/MINIAODSIM/106X_upgrade2018_realistic_v16_L1v1-v1/2540000/2071E6DE-D261-EA4B-9A9B-FB429DBA1358.root
%MSG-w XrdAdaptor:  file_open 10-Jun-2024 16:20:06 CEST PostProcessEvent
Data is served from fnal.gov instead of original site T2_FR_GRIF_LLR
%MSG
10-Jun-2024 16:20:06 CEST  Successfully opened file root://xrootd-cms.infn.it//store/mc/RunIISummer20UL18MiniAODv2/QCD_HT500to700_TuneCP5_PSWeights_13TeV-madgraph-pythia8/MINIAODSIM/106X_upgrade2018_realistic_v16_L1v1-v1/2540000/2071E6DE-D261-EA4B-9A9B-FB429DBA1358.root
Begin processing the 500001st record. Run 1, Event 349200142, LumiSection 41419 on stream 0 at 10-Jun-2024 16:20:14.271 CEST
10-Jun-2024 16:20:14 CEST  Closed file root://xrootd-cms.infn.it//store/mc/RunIISummer20UL18MiniAODv2/QCD_HT500to700_TuneCP5_PSWeights_13TeV-madgraph-pythia8/MINIAODSIM/106X_upgrade2018_realistic_v16_L1v1-v1/2540000/2071E6DE-D261-EA4B-9A9B-FB429DBA1358.root
10-Jun-2024 16:20:14 CEST  Initiating request to open file root://eoscms.cern.ch//eos/cms/store/mc/RunIISummer20UL18MiniAODv2/QCD_HT500to700_TuneCP5_PSWeights_13TeV-madgraph-pythia8/MINIAODSIM/106X_upgrade2018_realistic_v16_L1v1-v1/2540000/839A6EBC-6C13-D44A-9A04-5C46F49D2D39.root
%MSG-w XrdAdaptorInternal:  file_open 10-Jun-2024 16:20:15 CEST PostProcessEvent
Failed to open file at URL root://eoscms.cern.ch:1094//eos/cms/store/mc/RunIISummer20UL18MiniAODv2/QCD_HT500to700_TuneCP5_PSWeights_13TeV-madgraph-pythia8/MINIAODSIM/106X_upgrade2018_realistic_v16_L1v1-v1/2540000/839A6EBC-6C13-D44A-9A04-5C46F49D2D39.root.
%MSG
%MSG-w XrdAdaptorInternal:  file_open 10-Jun-2024 16:20:15 CEST PostProcessEvent
Failed to open file at URL root://eoscms.cern.ch:1094//eos/cms/store/mc/RunIISummer20UL18MiniAODv2/QCD_HT500to700_TuneCP5_PSWeights_13TeV-madgraph-pythia8/MINIAODSIM/106X_upgrade2018_realistic_v16_L1v1-v1/2540000/839A6EBC-6C13-D44A-9A04-5C46F49D2D39.root?tried=.
%MSG
10-Jun-2024 16:20:15 CEST  Fallback request to file root://xrootd-cms.infn.it//store/mc/RunIISummer20UL18MiniAODv2/QCD_HT500to700_TuneCP5_PSWeights_13TeV-madgraph-pythia8/MINIAODSIM/106X_upgrade2018_realistic_v16_L1v1-v1/2540000/839A6EBC-6C13-D44A-9A04-5C46F49D2D39.root
%MSG-w XrdAdaptor:  file_open 10-Jun-2024 16:20:28 CEST PostProcessEvent
Data is served from fnal.gov instead of original site T2_FR_GRIF_LLR
%MSG
10-Jun-2024 16:20:29 CEST  Successfully opened file root://xrootd-cms.infn.it//store/mc/RunIISummer20UL18MiniAODv2/QCD_HT500to700_TuneCP5_PSWeights_13TeV-madgraph-pythia8/MINIAODSIM/106X_upgrade2018_realistic_v16_L1v1-v1/2540000/839A6EBC-6C13-D44A-9A04-5C46F49D2D39.root
10-Jun-2024 16:20:36 CEST  Closed file root://xrootd-cms.infn.it//store/mc/RunIISummer20UL18MiniAODv2/QCD_HT500to700_TuneCP5_PSWeights_13TeV-madgraph-pythia8/MINIAODSIM/106X_upgrade2018_realistic_v16_L1v1-v1/2540000/839A6EBC-6C13-D44A-9A04-5C46F49D2D39.root
10-Jun-2024 16:20:36 CEST  Initiating request to open file root://eoscms.cern.ch//eos/cms/store/mc/RunIISummer20UL18MiniAODv2/QCD_HT500to700_TuneCP5_PSWeights_13TeV-madgraph-pythia8/MINIAODSIM/106X_upgrade2018_realistic_v16_L1v1-v1/2540000/011C8785-58F8-F448-928D-532848487B9C.root
%MSG-w XrdAdaptorInternal:  file_open 10-Jun-2024 16:20:37 CEST PostProcessEvent
Failed to open file at URL root://eoscms.cern.ch:1094//eos/cms/store/mc/RunIISummer20UL18MiniAODv2/QCD_HT500to700_TuneCP5_PSWeights_13TeV-madgraph-pythia8/MINIAODSIM/106X_upgrade2018_realistic_v16_L1v1-v1/2540000/011C8785-58F8-F448-928D-532848487B9C.root.
%MSG
%MSG-w XrdAdaptorInternal:  file_open 10-Jun-2024 16:20:37 CEST PostProcessEvent
Failed to open file at URL root://eoscms.cern.ch:1094//eos/cms/store/mc/RunIISummer20UL18MiniAODv2/QCD_HT500to700_TuneCP5_PSWeights_13TeV-madgraph-pythia8/MINIAODSIM/106X_upgrade2018_realistic_v16_L1v1-v1/2540000/011C8785-58F8-F448-928D-532848487B9C.root?tried=.
%MSG
10-Jun-2024 16:20:37 CEST  Fallback request to file root://xrootd-cms.infn.it//store/mc/RunIISummer20UL18MiniAODv2/QCD_HT500to700_TuneCP5_PSWeights_13TeV-madgraph-pythia8/MINIAODSIM/106X_upgrade2018_realistic_v16_L1v1-v1/2540000/011C8785-58F8-F448-928D-532848487B9C.root
%MSG-w XrdAdaptor:  file_open 10-Jun-2024 16:20:50 CEST PostProcessEvent
Data is served from fnal.gov instead of original site T2_FR_GRIF_LLR
%MSG
10-Jun-2024 16:20:51 CEST  Successfully opened file root://xrootd-cms.infn.it//store/mc/RunIISummer20UL18MiniAODv2/QCD_HT500to700_TuneCP5_PSWeights_13TeV-madgraph-pythia8/MINIAODSIM/106X_upgrade2018_realistic_v16_L1v1-v1/2540000/011C8785-58F8-F448-928D-532848487B9C.root
Begin processing the 600001st record. Run 1, Event 578010315, LumiSection 68558 on stream 0 at 10-Jun-2024 16:20:59.454 CEST
10-Jun-2024 16:20:59 CEST  Closed file root://xrootd-cms.infn.it//store/mc/RunIISummer20UL18MiniAODv2/QCD_HT500to700_TuneCP5_PSWeights_13TeV-madgraph-pythia8/MINIAODSIM/106X_upgrade2018_realistic_v16_L1v1-v1/2540000/011C8785-58F8-F448-928D-532848487B9C.root
10-Jun-2024 16:20:59 CEST  Initiating request to open file root://eoscms.cern.ch//eos/cms/store/mc/RunIISummer20UL18MiniAODv2/QCD_HT500to700_TuneCP5_PSWeights_13TeV-madgraph-pythia8/MINIAODSIM/106X_upgrade2018_realistic_v16_L1v1-v1/2540000/EF40AD2D-243D-9347-97FF-DFF526BAFC8A.root
%MSG-w XrdAdaptorInternal:  file_open 10-Jun-2024 16:21:00 CEST PostProcessEvent
Failed to open file at URL root://eoscms.cern.ch:1094//eos/cms/store/mc/RunIISummer20UL18MiniAODv2/QCD_HT500to700_TuneCP5_PSWeights_13TeV-madgraph-pythia8/MINIAODSIM/106X_upgrade2018_realistic_v16_L1v1-v1/2540000/EF40AD2D-243D-9347-97FF-DFF526BAFC8A.root.
%MSG
%MSG-w XrdAdaptorInternal:  file_open 10-Jun-2024 16:21:00 CEST PostProcessEvent
Failed to open file at URL root://eoscms.cern.ch:1094//eos/cms/store/mc/RunIISummer20UL18MiniAODv2/QCD_HT500to700_TuneCP5_PSWeights_13TeV-madgraph-pythia8/MINIAODSIM/106X_upgrade2018_realistic_v16_L1v1-v1/2540000/EF40AD2D-243D-9347-97FF-DFF526BAFC8A.root?tried=.
%MSG
10-Jun-2024 16:21:00 CEST  Fallback request to file root://xrootd-cms.infn.it//store/mc/RunIISummer20UL18MiniAODv2/QCD_HT500to700_TuneCP5_PSWeights_13TeV-madgraph-pythia8/MINIAODSIM/106X_upgrade2018_realistic_v16_L1v1-v1/2540000/EF40AD2D-243D-9347-97FF-DFF526BAFC8A.root
%MSG-w XrdAdaptor:  file_open 10-Jun-2024 16:21:13 CEST PostProcessEvent
Data is served from fnal.gov instead of original site T2_FR_GRIF_LLR
%MSG
10-Jun-2024 16:21:14 CEST  Successfully opened file root://xrootd-cms.infn.it//store/mc/RunIISummer20UL18MiniAODv2/QCD_HT500to700_TuneCP5_PSWeights_13TeV-madgraph-pythia8/MINIAODSIM/106X_upgrade2018_realistic_v16_L1v1-v1/2540000/EF40AD2D-243D-9347-97FF-DFF526BAFC8A.root
10-Jun-2024 16:21:22 CEST  Closed file root://xrootd-cms.infn.it//store/mc/RunIISummer20UL18MiniAODv2/QCD_HT500to700_TuneCP5_PSWeights_13TeV-madgraph-pythia8/MINIAODSIM/106X_upgrade2018_realistic_v16_L1v1-v1/2540000/EF40AD2D-243D-9347-97FF-DFF526BAFC8A.root
10-Jun-2024 16:21:22 CEST  Initiating request to open file root://eoscms.cern.ch//eos/cms/store/mc/RunIISummer20UL18MiniAODv2/QCD_HT500to700_TuneCP5_PSWeights_13TeV-madgraph-pythia8/MINIAODSIM/106X_upgrade2018_realistic_v16_L1v1-v1/2540000/A6C13188-E9B4-EE45-A951-A2A7307854CA.root
%MSG-w XrdAdaptorInternal:  file_open 10-Jun-2024 16:21:23 CEST PostProcessEvent
Failed to open file at URL root://eoscms.cern.ch:1094//eos/cms/store/mc/RunIISummer20UL18MiniAODv2/QCD_HT500to700_TuneCP5_PSWeights_13TeV-madgraph-pythia8/MINIAODSIM/106X_upgrade2018_realistic_v16_L1v1-v1/2540000/A6C13188-E9B4-EE45-A951-A2A7307854CA.root.
%MSG
%MSG-w XrdAdaptorInternal:  file_open 10-Jun-2024 16:21:23 CEST PostProcessEvent
Failed to open file at URL root://eoscms.cern.ch:1094//eos/cms/store/mc/RunIISummer20UL18MiniAODv2/QCD_HT500to700_TuneCP5_PSWeights_13TeV-madgraph-pythia8/MINIAODSIM/106X_upgrade2018_realistic_v16_L1v1-v1/2540000/A6C13188-E9B4-EE45-A951-A2A7307854CA.root?tried=.
%MSG
10-Jun-2024 16:21:23 CEST  Fallback request to file root://xrootd-cms.infn.it//store/mc/RunIISummer20UL18MiniAODv2/QCD_HT500to700_TuneCP5_PSWeights_13TeV-madgraph-pythia8/MINIAODSIM/106X_upgrade2018_realistic_v16_L1v1-v1/2540000/A6C13188-E9B4-EE45-A951-A2A7307854CA.root
%MSG-w XrdAdaptor:  file_open 10-Jun-2024 16:21:36 CEST PostProcessEvent
Data is served from fnal.gov instead of original site T2_FR_GRIF_LLR
%MSG
10-Jun-2024 16:21:37 CEST  Successfully opened file root://xrootd-cms.infn.it//store/mc/RunIISummer20UL18MiniAODv2/QCD_HT500to700_TuneCP5_PSWeights_13TeV-madgraph-pythia8/MINIAODSIM/106X_upgrade2018_realistic_v16_L1v1-v1/2540000/A6C13188-E9B4-EE45-A951-A2A7307854CA.root
Begin processing the 700001st record. Run 1, Event 593157524, LumiSection 70355 on stream 0 at 10-Jun-2024 16:21:44.508 CEST
10-Jun-2024 16:21:44 CEST  Closed file root://xrootd-cms.infn.it//store/mc/RunIISummer20UL18MiniAODv2/QCD_HT500to700_TuneCP5_PSWeights_13TeV-madgraph-pythia8/MINIAODSIM/106X_upgrade2018_realistic_v16_L1v1-v1/2540000/A6C13188-E9B4-EE45-A951-A2A7307854CA.root
10-Jun-2024 16:21:44 CEST  Initiating request to open file root://eoscms.cern.ch//eos/cms/store/mc/RunIISummer20UL18MiniAODv2/QCD_HT500to700_TuneCP5_PSWeights_13TeV-madgraph-pythia8/MINIAODSIM/106X_upgrade2018_realistic_v16_L1v1-v1/2540000/2C6CE756-601F-2541-8A76-BF6B3538B6EA.root
%MSG-w XrdAdaptorInternal:  file_open 10-Jun-2024 16:21:45 CEST PostProcessEvent
Failed to open file at URL root://eoscms.cern.ch:1094//eos/cms/store/mc/RunIISummer20UL18MiniAODv2/QCD_HT500to700_TuneCP5_PSWeights_13TeV-madgraph-pythia8/MINIAODSIM/106X_upgrade2018_realistic_v16_L1v1-v1/2540000/2C6CE756-601F-2541-8A76-BF6B3538B6EA.root.
%MSG
%MSG-w XrdAdaptorInternal:  file_open 10-Jun-2024 16:21:45 CEST PostProcessEvent
Failed to open file at URL root://eoscms.cern.ch:1094//eos/cms/store/mc/RunIISummer20UL18MiniAODv2/QCD_HT500to700_TuneCP5_PSWeights_13TeV-madgraph-pythia8/MINIAODSIM/106X_upgrade2018_realistic_v16_L1v1-v1/2540000/2C6CE756-601F-2541-8A76-BF6B3538B6EA.root?tried=.
%MSG
10-Jun-2024 16:21:45 CEST  Fallback request to file root://xrootd-cms.infn.it//store/mc/RunIISummer20UL18MiniAODv2/QCD_HT500to700_TuneCP5_PSWeights_13TeV-madgraph-pythia8/MINIAODSIM/106X_upgrade2018_realistic_v16_L1v1-v1/2540000/2C6CE756-601F-2541-8A76-BF6B3538B6EA.root
%MSG-w XrdAdaptor:  file_open 10-Jun-2024 16:21:58 CEST PostProcessEvent
Data is served from fnal.gov instead of original site T2_FR_GRIF_LLR
%MSG
10-Jun-2024 16:21:58 CEST  Successfully opened file root://xrootd-cms.infn.it//store/mc/RunIISummer20UL18MiniAODv2/QCD_HT500to700_TuneCP5_PSWeights_13TeV-madgraph-pythia8/MINIAODSIM/106X_upgrade2018_realistic_v16_L1v1-v1/2540000/2C6CE756-601F-2541-8A76-BF6B3538B6EA.root
10-Jun-2024 16:22:07 CEST  Closed file root://xrootd-cms.infn.it//store/mc/RunIISummer20UL18MiniAODv2/QCD_HT500to700_TuneCP5_PSWeights_13TeV-madgraph-pythia8/MINIAODSIM/106X_upgrade2018_realistic_v16_L1v1-v1/2540000/2C6CE756-601F-2541-8A76-BF6B3538B6EA.root
10-Jun-2024 16:22:07 CEST  Initiating request to open file root://eoscms.cern.ch//eos/cms/store/mc/RunIISummer20UL18MiniAODv2/QCD_HT500to700_TuneCP5_PSWeights_13TeV-madgraph-pythia8/MINIAODSIM/106X_upgrade2018_realistic_v16_L1v1-v1/2540000/6641A624-AE47-B040-BA9B-AF788CDE9C6A.root
%MSG-w XrdAdaptorInternal:  file_open 10-Jun-2024 16:22:08 CEST PostProcessEvent
Failed to open file at URL root://eoscms.cern.ch:1094//eos/cms/store/mc/RunIISummer20UL18MiniAODv2/QCD_HT500to700_TuneCP5_PSWeights_13TeV-madgraph-pythia8/MINIAODSIM/106X_upgrade2018_realistic_v16_L1v1-v1/2540000/6641A624-AE47-B040-BA9B-AF788CDE9C6A.root.
%MSG
%MSG-w XrdAdaptorInternal:  file_open 10-Jun-2024 16:22:08 CEST PostProcessEvent
Failed to open file at URL root://eoscms.cern.ch:1094//eos/cms/store/mc/RunIISummer20UL18MiniAODv2/QCD_HT500to700_TuneCP5_PSWeights_13TeV-madgraph-pythia8/MINIAODSIM/106X_upgrade2018_realistic_v16_L1v1-v1/2540000/6641A624-AE47-B040-BA9B-AF788CDE9C6A.root?tried=.
%MSG
10-Jun-2024 16:22:08 CEST  Fallback request to file root://xrootd-cms.infn.it//store/mc/RunIISummer20UL18MiniAODv2/QCD_HT500to700_TuneCP5_PSWeights_13TeV-madgraph-pythia8/MINIAODSIM/106X_upgrade2018_realistic_v16_L1v1-v1/2540000/6641A624-AE47-B040-BA9B-AF788CDE9C6A.root
%MSG-w XrdAdaptor:  file_open 10-Jun-2024 16:22:21 CEST PostProcessEvent
Data is served from fnal.gov instead of original site T2_FR_GRIF_LLR
%MSG
10-Jun-2024 16:22:22 CEST  Successfully opened file root://xrootd-cms.infn.it//store/mc/RunIISummer20UL18MiniAODv2/QCD_HT500to700_TuneCP5_PSWeights_13TeV-madgraph-pythia8/MINIAODSIM/106X_upgrade2018_realistic_v16_L1v1-v1/2540000/6641A624-AE47-B040-BA9B-AF788CDE9C6A.root
Begin processing the 800001st record. Run 1, Event 347009749, LumiSection 41159 on stream 0 at 10-Jun-2024 16:22:31.176 CEST
10-Jun-2024 16:22:31 CEST  Closed file root://xrootd-cms.infn.it//store/mc/RunIISummer20UL18MiniAODv2/QCD_HT500to700_TuneCP5_PSWeights_13TeV-madgraph-pythia8/MINIAODSIM/106X_upgrade2018_realistic_v16_L1v1-v1/2540000/6641A624-AE47-B040-BA9B-AF788CDE9C6A.root
10-Jun-2024 16:22:31 CEST  Initiating request to open file root://eoscms.cern.ch//eos/cms/store/mc/RunIISummer20UL18MiniAODv2/QCD_HT500to700_TuneCP5_PSWeights_13TeV-madgraph-pythia8/MINIAODSIM/106X_upgrade2018_realistic_v16_L1v1-v1/2540000/1870BAE1-8085-AB4C-BBF1-134605C3DCC4.root
%MSG-w XrdAdaptorInternal:  file_open 10-Jun-2024 16:22:32 CEST PostProcessEvent
Failed to open file at URL root://eoscms.cern.ch:1094//eos/cms/store/mc/RunIISummer20UL18MiniAODv2/QCD_HT500to700_TuneCP5_PSWeights_13TeV-madgraph-pythia8/MINIAODSIM/106X_upgrade2018_realistic_v16_L1v1-v1/2540000/1870BAE1-8085-AB4C-BBF1-134605C3DCC4.root.
%MSG
%MSG-w XrdAdaptorInternal:  file_open 10-Jun-2024 16:22:32 CEST PostProcessEvent
Failed to open file at URL root://eoscms.cern.ch:1094//eos/cms/store/mc/RunIISummer20UL18MiniAODv2/QCD_HT500to700_TuneCP5_PSWeights_13TeV-madgraph-pythia8/MINIAODSIM/106X_upgrade2018_realistic_v16_L1v1-v1/2540000/1870BAE1-8085-AB4C-BBF1-134605C3DCC4.root?tried=.
%MSG
10-Jun-2024 16:22:32 CEST  Fallback request to file root://xrootd-cms.infn.it//store/mc/RunIISummer20UL18MiniAODv2/QCD_HT500to700_TuneCP5_PSWeights_13TeV-madgraph-pythia8/MINIAODSIM/106X_upgrade2018_realistic_v16_L1v1-v1/2540000/1870BAE1-8085-AB4C-BBF1-134605C3DCC4.root
%MSG-w XrdAdaptor:  file_open 10-Jun-2024 16:22:44 CEST PostProcessEvent
Data is served from fnal.gov instead of original site T2_FR_GRIF_LLR
%MSG
10-Jun-2024 16:22:44 CEST  Successfully opened file root://xrootd-cms.infn.it//store/mc/RunIISummer20UL18MiniAODv2/QCD_HT500to700_TuneCP5_PSWeights_13TeV-madgraph-pythia8/MINIAODSIM/106X_upgrade2018_realistic_v16_L1v1-v1/2540000/1870BAE1-8085-AB4C-BBF1-134605C3DCC4.root
10-Jun-2024 16:22:53 CEST  Closed file root://xrootd-cms.infn.it//store/mc/RunIISummer20UL18MiniAODv2/QCD_HT500to700_TuneCP5_PSWeights_13TeV-madgraph-pythia8/MINIAODSIM/106X_upgrade2018_realistic_v16_L1v1-v1/2540000/1870BAE1-8085-AB4C-BBF1-134605C3DCC4.root
10-Jun-2024 16:22:53 CEST  Initiating request to open file root://eoscms.cern.ch//eos/cms/store/mc/RunIISummer20UL18MiniAODv2/QCD_HT500to700_TuneCP5_PSWeights_13TeV-madgraph-pythia8/MINIAODSIM/106X_upgrade2018_realistic_v16_L1v1-v1/2540000/508E5556-C014-D64A-A16C-1079AC5E7B50.root
%MSG-w XrdAdaptorInternal:  file_open 10-Jun-2024 16:22:54 CEST PostProcessEvent
Failed to open file at URL root://eoscms.cern.ch:1094//eos/cms/store/mc/RunIISummer20UL18MiniAODv2/QCD_HT500to700_TuneCP5_PSWeights_13TeV-madgraph-pythia8/MINIAODSIM/106X_upgrade2018_realistic_v16_L1v1-v1/2540000/508E5556-C014-D64A-A16C-1079AC5E7B50.root.
%MSG
%MSG-w XrdAdaptorInternal:  file_open 10-Jun-2024 16:22:54 CEST PostProcessEvent
Failed to open file at URL root://eoscms.cern.ch:1094//eos/cms/store/mc/RunIISummer20UL18MiniAODv2/QCD_HT500to700_TuneCP5_PSWeights_13TeV-madgraph-pythia8/MINIAODSIM/106X_upgrade2018_realistic_v16_L1v1-v1/2540000/508E5556-C014-D64A-A16C-1079AC5E7B50.root?tried=.
%MSG
10-Jun-2024 16:22:54 CEST  Fallback request to file root://xrootd-cms.infn.it//store/mc/RunIISummer20UL18MiniAODv2/QCD_HT500to700_TuneCP5_PSWeights_13TeV-madgraph-pythia8/MINIAODSIM/106X_upgrade2018_realistic_v16_L1v1-v1/2540000/508E5556-C014-D64A-A16C-1079AC5E7B50.root
%MSG-w XrdAdaptor:  file_open 10-Jun-2024 16:23:07 CEST PostProcessEvent
Data is served from fnal.gov instead of original site T2_FR_GRIF_LLR
%MSG
10-Jun-2024 16:23:08 CEST  Successfully opened file root://xrootd-cms.infn.it//store/mc/RunIISummer20UL18MiniAODv2/QCD_HT500to700_TuneCP5_PSWeights_13TeV-madgraph-pythia8/MINIAODSIM/106X_upgrade2018_realistic_v16_L1v1-v1/2540000/508E5556-C014-D64A-A16C-1079AC5E7B50.root
10-Jun-2024 16:23:16 CEST  Closed file root://xrootd-cms.infn.it//store/mc/RunIISummer20UL18MiniAODv2/QCD_HT500to700_TuneCP5_PSWeights_13TeV-madgraph-pythia8/MINIAODSIM/106X_upgrade2018_realistic_v16_L1v1-v1/2540000/508E5556-C014-D64A-A16C-1079AC5E7B50.root
10-Jun-2024 16:23:16 CEST  Initiating request to open file root://eoscms.cern.ch//eos/cms/store/mc/RunIISummer20UL18MiniAODv2/QCD_HT500to700_TuneCP5_PSWeights_13TeV-madgraph-pythia8/MINIAODSIM/106X_upgrade2018_realistic_v16_L1v1-v1/2540000/CFAC1811-0749-2049-B1EF-0D1E7E5C44FD.root
%MSG-w XrdAdaptorInternal:  file_open 10-Jun-2024 16:23:17 CEST PostProcessEvent
Failed to open file at URL root://eoscms.cern.ch:1094//eos/cms/store/mc/RunIISummer20UL18MiniAODv2/QCD_HT500to700_TuneCP5_PSWeights_13TeV-madgraph-pythia8/MINIAODSIM/106X_upgrade2018_realistic_v16_L1v1-v1/2540000/CFAC1811-0749-2049-B1EF-0D1E7E5C44FD.root.
%MSG
%MSG-w XrdAdaptorInternal:  file_open 10-Jun-2024 16:23:17 CEST PostProcessEvent
Failed to open file at URL root://eoscms.cern.ch:1094//eos/cms/store/mc/RunIISummer20UL18MiniAODv2/QCD_HT500to700_TuneCP5_PSWeights_13TeV-madgraph-pythia8/MINIAODSIM/106X_upgrade2018_realistic_v16_L1v1-v1/2540000/CFAC1811-0749-2049-B1EF-0D1E7E5C44FD.root?tried=.
%MSG
10-Jun-2024 16:23:17 CEST  Fallback request to file root://xrootd-cms.infn.it//store/mc/RunIISummer20UL18MiniAODv2/QCD_HT500to700_TuneCP5_PSWeights_13TeV-madgraph-pythia8/MINIAODSIM/106X_upgrade2018_realistic_v16_L1v1-v1/2540000/CFAC1811-0749-2049-B1EF-0D1E7E5C44FD.root
%MSG-w XrdAdaptor:  file_open 10-Jun-2024 16:23:30 CEST PostProcessEvent
Data is served from fnal.gov instead of original site T2_FR_GRIF_LLR
%MSG
10-Jun-2024 16:23:31 CEST  Successfully opened file root://xrootd-cms.infn.it//store/mc/RunIISummer20UL18MiniAODv2/QCD_HT500to700_TuneCP5_PSWeights_13TeV-madgraph-pythia8/MINIAODSIM/106X_upgrade2018_realistic_v16_L1v1-v1/2540000/CFAC1811-0749-2049-B1EF-0D1E7E5C44FD.root
Begin processing the 900001st record. Run 1, Event 298416796, LumiSection 35396 on stream 0 at 10-Jun-2024 16:23:38.980 CEST
10-Jun-2024 16:23:40 CEST  Closed file root://xrootd-cms.infn.it//store/mc/RunIISummer20UL18MiniAODv2/QCD_HT500to700_TuneCP5_PSWeights_13TeV-madgraph-pythia8/MINIAODSIM/106X_upgrade2018_realistic_v16_L1v1-v1/2540000/CFAC1811-0749-2049-B1EF-0D1E7E5C44FD.root
10-Jun-2024 16:23:40 CEST  Initiating request to open file root://eoscms.cern.ch//eos/cms/store/mc/RunIISummer20UL18MiniAODv2/QCD_HT500to700_TuneCP5_PSWeights_13TeV-madgraph-pythia8/MINIAODSIM/106X_upgrade2018_realistic_v16_L1v1-v1/2540000/880DF70D-DAE0-3E46-855E-64B7E3BCB275.root
%MSG-w XrdAdaptorInternal:  file_open 10-Jun-2024 16:23:41 CEST PostProcessEvent
Failed to open file at URL root://eoscms.cern.ch:1094//eos/cms/store/mc/RunIISummer20UL18MiniAODv2/QCD_HT500to700_TuneCP5_PSWeights_13TeV-madgraph-pythia8/MINIAODSIM/106X_upgrade2018_realistic_v16_L1v1-v1/2540000/880DF70D-DAE0-3E46-855E-64B7E3BCB275.root.
%MSG
%MSG-w XrdAdaptorInternal:  file_open 10-Jun-2024 16:23:41 CEST PostProcessEvent
Failed to open file at URL root://eoscms.cern.ch:1094//eos/cms/store/mc/RunIISummer20UL18MiniAODv2/QCD_HT500to700_TuneCP5_PSWeights_13TeV-madgraph-pythia8/MINIAODSIM/106X_upgrade2018_realistic_v16_L1v1-v1/2540000/880DF70D-DAE0-3E46-855E-64B7E3BCB275.root?tried=.
%MSG
10-Jun-2024 16:23:41 CEST  Fallback request to file root://xrootd-cms.infn.it//store/mc/RunIISummer20UL18MiniAODv2/QCD_HT500to700_TuneCP5_PSWeights_13TeV-madgraph-pythia8/MINIAODSIM/106X_upgrade2018_realistic_v16_L1v1-v1/2540000/880DF70D-DAE0-3E46-855E-64B7E3BCB275.root
%MSG-w XrdAdaptor:  file_open 10-Jun-2024 16:23:54 CEST PostProcessEvent
Data is served from fnal.gov instead of original site T2_FR_GRIF_LLR
%MSG
10-Jun-2024 16:23:55 CEST  Successfully opened file root://xrootd-cms.infn.it//store/mc/RunIISummer20UL18MiniAODv2/QCD_HT500to700_TuneCP5_PSWeights_13TeV-madgraph-pythia8/MINIAODSIM/106X_upgrade2018_realistic_v16_L1v1-v1/2540000/880DF70D-DAE0-3E46-855E-64B7E3BCB275.root
10-Jun-2024 16:24:03 CEST  Closed file root://xrootd-cms.infn.it//store/mc/RunIISummer20UL18MiniAODv2/QCD_HT500to700_TuneCP5_PSWeights_13TeV-madgraph-pythia8/MINIAODSIM/106X_upgrade2018_realistic_v16_L1v1-v1/2540000/880DF70D-DAE0-3E46-855E-64B7E3BCB275.root
10-Jun-2024 16:24:03 CEST  Initiating request to open file root://eoscms.cern.ch//eos/cms/store/mc/RunIISummer20UL18MiniAODv2/QCD_HT500to700_TuneCP5_PSWeights_13TeV-madgraph-pythia8/MINIAODSIM/106X_upgrade2018_realistic_v16_L1v1-v1/2540000/9261BF9E-9A7A-FA40-93A9-1956DE00EA5C.root
%MSG-w XrdAdaptorInternal:  file_open 10-Jun-2024 16:24:04 CEST PostProcessEvent
Failed to open file at URL root://eoscms.cern.ch:1094//eos/cms/store/mc/RunIISummer20UL18MiniAODv2/QCD_HT500to700_TuneCP5_PSWeights_13TeV-madgraph-pythia8/MINIAODSIM/106X_upgrade2018_realistic_v16_L1v1-v1/2540000/9261BF9E-9A7A-FA40-93A9-1956DE00EA5C.root.
%MSG
%MSG-w XrdAdaptorInternal:  file_open 10-Jun-2024 16:24:04 CEST PostProcessEvent
Failed to open file at URL root://eoscms.cern.ch:1094//eos/cms/store/mc/RunIISummer20UL18MiniAODv2/QCD_HT500to700_TuneCP5_PSWeights_13TeV-madgraph-pythia8/MINIAODSIM/106X_upgrade2018_realistic_v16_L1v1-v1/2540000/9261BF9E-9A7A-FA40-93A9-1956DE00EA5C.root?tried=.
%MSG
10-Jun-2024 16:24:04 CEST  Fallback request to file root://xrootd-cms.infn.it//store/mc/RunIISummer20UL18MiniAODv2/QCD_HT500to700_TuneCP5_PSWeights_13TeV-madgraph-pythia8/MINIAODSIM/106X_upgrade2018_realistic_v16_L1v1-v1/2540000/9261BF9E-9A7A-FA40-93A9-1956DE00EA5C.root
%MSG-w XrdAdaptor:  file_open 10-Jun-2024 16:24:17 CEST PostProcessEvent
Data is served from fnal.gov instead of original site T2_FR_GRIF_LLR
%MSG
10-Jun-2024 16:24:18 CEST  Successfully opened file root://xrootd-cms.infn.it//store/mc/RunIISummer20UL18MiniAODv2/QCD_HT500to700_TuneCP5_PSWeights_13TeV-madgraph-pythia8/MINIAODSIM/106X_upgrade2018_realistic_v16_L1v1-v1/2540000/9261BF9E-9A7A-FA40-93A9-1956DE00EA5C.root
  84159.980000    670.373200     39.693820             1
  14908.270000    203.692800     39.693820             0
 235590.400000    981.540400     39.693820             2
 
10-Jun-2024 16:24:24 CEST  Closed file root://xrootd-cms.infn.it//store/mc/RunIISummer20UL18MiniAODv2/QCD_HT500to700_TuneCP5_PSWeights_13TeV-madgraph-pythia8/MINIAODSIM/106X_upgrade2018_realistic_v16_L1v1-v1/2540000/9261BF9E-9A7A-FA40-93A9-1956DE00EA5C.root

------------------------------------
GenXsecAnalyzer:
------------------------------------
-------------------------------------------------------------------------------------------------------------------------------------------------------------------------- 
Overall cross-section summary 
--------------------------------------------------------------------------------------------------------------------------------------------------------------------------
Process		xsec_before [pb]		passed	nposw	nnegw	tried	nposw	nnegw 	xsec_match [pb]			accepted [%]	 event_eff [%]
0		1.481e+04 +/- 5.605e+00		18927	18927	0	489772	489772	0	5.722e+02 +/- 4.084e+00		3.9 +/- 0.0	3.9 +/- 0.0
1		8.329e+04 +/- 1.861e+01		67410	67410	0	2745781	2745781	0	2.045e+03 +/- 7.792e+00		2.5 +/- 0.0	2.5 +/- 0.0
2		2.368e+05 +/- 2.627e+01		914006	914006	0	7792195	7792195	0	2.777e+04 +/- 2.747e+01		11.7 +/- 0.0	11.7 +/- 0.0
-------------------------------------------------------------------------------------------------------------------------------------------------------------------------- 
Total		3.349e+05 +/- 3.268e+01		1000343	1000343	0	11027748	11027748	0	3.038e+04 +/- 2.911e+01		9.1 +/- 0.0	9.1 +/- 0.0
--------------------------------------------------------------------------------------------------------------------------------------------------------------------------
Before matching: total cross section = 3.349e+05 +- 3.268e+01 pb
After matching: total cross section = 3.038e+04 +- 2.911e+01 pb
Matching efficiency = 0.1 +/- 0.0   [TO BE USED IN MCM]
Filter efficiency (taking into account weights)= (1.00034e+06) / (1.00034e+06) = 1.000e+00 +- 0.000e+00
Filter efficiency (event-level)= (1.00034e+06) / (1.00034e+06) = 1.000e+00 +- 0.000e+00    [TO BE USED IN MCM]

After filter: final cross section = 3.038e+04 +- 2.911e+01 pb
After filter: final fraction of events with negative weights = 0.000e+00 +- 0.000e+00
After filter: final equivalent lumi for 1M events (1/fb) = 3.292e-02 +- 4.560e-05

=============================================

MessageLogger Summary

 type     category        sev    module        subroutine        count    total
 ---- -------------------- -- ---------------- ----------------  -----    -----
    1 GenXSecAnalyzer      -w GenXSecAnalyzer:                      17       17
    2 XrdAdaptor           -w file_open                             22       22
    3 XrdAdaptorInternal   -w file_open                             44       44
    4 fileAction           -s file_close                            22       22
    5 fileAction           -s file_open                             66       66

 type    category    Examples: run/evt        run/evt          run/evt
 ---- -------------------- ---------------- ---------------- ----------------
    1 GenXSecAnalyzer      PostGlobalEndRun PostGlobalEndRun PostGlobalEndRun
    2 XrdAdaptor           pre-events       PostProcessEvent PostProcessEvent
    3 XrdAdaptorInternal   pre-events       pre-events       PostProcessEvent
    4 fileAction           PostProcessEvent PostProcessEvent PostGlobalEndRun
    5 fileAction           pre-events       pre-events       PostProcessEvent

Severity    # Occurrences   Total Occurrences
--------    -------------   -----------------
Warning                83                  83
System                 88                  88

dropped waiting message count 0
