10-Jun-2024 16:25:17 CEST  Initiating request to open file root://eoscms.cern.ch//eos/cms/store/mc/RunIISummer20UL18MiniAODv2/QCD_HT700to1000_TuneCP5_PSWeights_13TeV-madgraph-pythia8/MINIAODSIM/106X_upgrade2018_realistic_v16_L1v1-v2/230000/E2AEDE51-FF19-0243-B675-095185E9BA99.root
%MSG-w XrdAdaptorInternal:  file_open 10-Jun-2024 16:25:18 CEST pre-events
Failed to open file at URL root://eoscms.cern.ch:1094//eos/cms/store/mc/RunIISummer20UL18MiniAODv2/QCD_HT700to1000_TuneCP5_PSWeights_13TeV-madgraph-pythia8/MINIAODSIM/106X_upgrade2018_realistic_v16_L1v1-v2/230000/E2AEDE51-FF19-0243-B675-095185E9BA99.root.
%MSG
%MSG-w XrdAdaptorInternal:  file_open 10-Jun-2024 16:25:18 CEST pre-events
Failed to open file at URL root://eoscms.cern.ch:1094//eos/cms/store/mc/RunIISummer20UL18MiniAODv2/QCD_HT700to1000_TuneCP5_PSWeights_13TeV-madgraph-pythia8/MINIAODSIM/106X_upgrade2018_realistic_v16_L1v1-v2/230000/E2AEDE51-FF19-0243-B675-095185E9BA99.root?tried=.
%MSG
10-Jun-2024 16:25:18 CEST  Fallback request to file root://xrootd-cms.infn.it//store/mc/RunIISummer20UL18MiniAODv2/QCD_HT700to1000_TuneCP5_PSWeights_13TeV-madgraph-pythia8/MINIAODSIM/106X_upgrade2018_realistic_v16_L1v1-v2/230000/E2AEDE51-FF19-0243-B675-095185E9BA99.root
%MSG-w XrdAdaptor:  file_open 10-Jun-2024 16:25:34 CEST pre-events
Data is served from T2_US_Florida instead of original site T2_IT_Pisa
%MSG
10-Jun-2024 16:26:24 CEST  Successfully opened file root://xrootd-cms.infn.it//store/mc/RunIISummer20UL18MiniAODv2/QCD_HT700to1000_TuneCP5_PSWeights_13TeV-madgraph-pythia8/MINIAODSIM/106X_upgrade2018_realistic_v16_L1v1-v2/230000/E2AEDE51-FF19-0243-B675-095185E9BA99.root
Begin processing the 1st record. Run 1, Event 13114202, LumiSection 1651 on stream 0 at 10-Jun-2024 16:26:36.291 CEST
10-Jun-2024 16:26:37 CEST  Closed file root://xrootd-cms.infn.it//store/mc/RunIISummer20UL18MiniAODv2/QCD_HT700to1000_TuneCP5_PSWeights_13TeV-madgraph-pythia8/MINIAODSIM/106X_upgrade2018_realistic_v16_L1v1-v2/230000/E2AEDE51-FF19-0243-B675-095185E9BA99.root
10-Jun-2024 16:26:37 CEST  Initiating request to open file root://eoscms.cern.ch//eos/cms/store/mc/RunIISummer20UL18MiniAODv2/QCD_HT700to1000_TuneCP5_PSWeights_13TeV-madgraph-pythia8/MINIAODSIM/106X_upgrade2018_realistic_v16_L1v1-v2/230000/37E4D3C3-1748-CD4B-9AFD-7B99F7C71B5D.root
%MSG-w XrdAdaptorInternal:  file_open 10-Jun-2024 16:26:38 CEST PostProcessEvent
Failed to open file at URL root://eoscms.cern.ch:1094//eos/cms/store/mc/RunIISummer20UL18MiniAODv2/QCD_HT700to1000_TuneCP5_PSWeights_13TeV-madgraph-pythia8/MINIAODSIM/106X_upgrade2018_realistic_v16_L1v1-v2/230000/37E4D3C3-1748-CD4B-9AFD-7B99F7C71B5D.root.
%MSG
%MSG-w XrdAdaptorInternal:  file_open 10-Jun-2024 16:26:38 CEST PostProcessEvent
Failed to open file at URL root://eoscms.cern.ch:1094//eos/cms/store/mc/RunIISummer20UL18MiniAODv2/QCD_HT700to1000_TuneCP5_PSWeights_13TeV-madgraph-pythia8/MINIAODSIM/106X_upgrade2018_realistic_v16_L1v1-v2/230000/37E4D3C3-1748-CD4B-9AFD-7B99F7C71B5D.root?tried=.
%MSG
10-Jun-2024 16:26:38 CEST  Fallback request to file root://xrootd-cms.infn.it//store/mc/RunIISummer20UL18MiniAODv2/QCD_HT700to1000_TuneCP5_PSWeights_13TeV-madgraph-pythia8/MINIAODSIM/106X_upgrade2018_realistic_v16_L1v1-v2/230000/37E4D3C3-1748-CD4B-9AFD-7B99F7C71B5D.root
%MSG-w XrdAdaptor:  file_open 10-Jun-2024 16:26:52 CEST PostProcessEvent
Data is served from T2_US_Florida instead of original site T2_IT_Pisa
%MSG
10-Jun-2024 16:26:53 CEST  Successfully opened file root://xrootd-cms.infn.it//store/mc/RunIISummer20UL18MiniAODv2/QCD_HT700to1000_TuneCP5_PSWeights_13TeV-madgraph-pythia8/MINIAODSIM/106X_upgrade2018_realistic_v16_L1v1-v2/230000/37E4D3C3-1748-CD4B-9AFD-7B99F7C71B5D.root
10-Jun-2024 16:27:00 CEST  Closed file root://xrootd-cms.infn.it//store/mc/RunIISummer20UL18MiniAODv2/QCD_HT700to1000_TuneCP5_PSWeights_13TeV-madgraph-pythia8/MINIAODSIM/106X_upgrade2018_realistic_v16_L1v1-v2/230000/37E4D3C3-1748-CD4B-9AFD-7B99F7C71B5D.root
10-Jun-2024 16:27:00 CEST  Initiating request to open file root://eoscms.cern.ch//eos/cms/store/mc/RunIISummer20UL18MiniAODv2/QCD_HT700to1000_TuneCP5_PSWeights_13TeV-madgraph-pythia8/MINIAODSIM/106X_upgrade2018_realistic_v16_L1v1-v2/230000/0A59A578-B84F-E248-B2FC-563967605DAB.root
%MSG-w XrdAdaptorInternal:  file_open 10-Jun-2024 16:27:01 CEST PostProcessEvent
Failed to open file at URL root://eoscms.cern.ch:1094//eos/cms/store/mc/RunIISummer20UL18MiniAODv2/QCD_HT700to1000_TuneCP5_PSWeights_13TeV-madgraph-pythia8/MINIAODSIM/106X_upgrade2018_realistic_v16_L1v1-v2/230000/0A59A578-B84F-E248-B2FC-563967605DAB.root.
%MSG
%MSG-w XrdAdaptorInternal:  file_open 10-Jun-2024 16:27:01 CEST PostProcessEvent
Failed to open file at URL root://eoscms.cern.ch:1094//eos/cms/store/mc/RunIISummer20UL18MiniAODv2/QCD_HT700to1000_TuneCP5_PSWeights_13TeV-madgraph-pythia8/MINIAODSIM/106X_upgrade2018_realistic_v16_L1v1-v2/230000/0A59A578-B84F-E248-B2FC-563967605DAB.root?tried=.
%MSG
10-Jun-2024 16:27:01 CEST  Fallback request to file root://xrootd-cms.infn.it//store/mc/RunIISummer20UL18MiniAODv2/QCD_HT700to1000_TuneCP5_PSWeights_13TeV-madgraph-pythia8/MINIAODSIM/106X_upgrade2018_realistic_v16_L1v1-v2/230000/0A59A578-B84F-E248-B2FC-563967605DAB.root
%MSG-w XrdAdaptor:  file_open 10-Jun-2024 16:27:15 CEST PostProcessEvent
Data is served from T2_US_Florida instead of original site T2_IT_Pisa
%MSG
10-Jun-2024 16:27:16 CEST  Successfully opened file root://xrootd-cms.infn.it//store/mc/RunIISummer20UL18MiniAODv2/QCD_HT700to1000_TuneCP5_PSWeights_13TeV-madgraph-pythia8/MINIAODSIM/106X_upgrade2018_realistic_v16_L1v1-v2/230000/0A59A578-B84F-E248-B2FC-563967605DAB.root
Begin processing the 100001st record. Run 1, Event 176072361, LumiSection 22154 on stream 0 at 10-Jun-2024 16:27:23.620 CEST
10-Jun-2024 16:27:24 CEST  Closed file root://xrootd-cms.infn.it//store/mc/RunIISummer20UL18MiniAODv2/QCD_HT700to1000_TuneCP5_PSWeights_13TeV-madgraph-pythia8/MINIAODSIM/106X_upgrade2018_realistic_v16_L1v1-v2/230000/0A59A578-B84F-E248-B2FC-563967605DAB.root
10-Jun-2024 16:27:24 CEST  Initiating request to open file root://eoscms.cern.ch//eos/cms/store/mc/RunIISummer20UL18MiniAODv2/QCD_HT700to1000_TuneCP5_PSWeights_13TeV-madgraph-pythia8/MINIAODSIM/106X_upgrade2018_realistic_v16_L1v1-v2/230000/CC67775A-2474-0D4C-8135-1059F65A59C1.root
%MSG-w XrdAdaptorInternal:  file_open 10-Jun-2024 16:27:25 CEST PostProcessEvent
Failed to open file at URL root://eoscms.cern.ch:1094//eos/cms/store/mc/RunIISummer20UL18MiniAODv2/QCD_HT700to1000_TuneCP5_PSWeights_13TeV-madgraph-pythia8/MINIAODSIM/106X_upgrade2018_realistic_v16_L1v1-v2/230000/CC67775A-2474-0D4C-8135-1059F65A59C1.root.
%MSG
%MSG-w XrdAdaptorInternal:  file_open 10-Jun-2024 16:27:25 CEST PostProcessEvent
Failed to open file at URL root://eoscms.cern.ch:1094//eos/cms/store/mc/RunIISummer20UL18MiniAODv2/QCD_HT700to1000_TuneCP5_PSWeights_13TeV-madgraph-pythia8/MINIAODSIM/106X_upgrade2018_realistic_v16_L1v1-v2/230000/CC67775A-2474-0D4C-8135-1059F65A59C1.root?tried=.
%MSG
10-Jun-2024 16:27:25 CEST  Fallback request to file root://xrootd-cms.infn.it//store/mc/RunIISummer20UL18MiniAODv2/QCD_HT700to1000_TuneCP5_PSWeights_13TeV-madgraph-pythia8/MINIAODSIM/106X_upgrade2018_realistic_v16_L1v1-v2/230000/CC67775A-2474-0D4C-8135-1059F65A59C1.root
%MSG-w XrdAdaptor:  file_open 10-Jun-2024 16:27:38 CEST PostProcessEvent
Data is served from T2_US_Florida instead of original site T2_IT_Pisa
%MSG
10-Jun-2024 16:27:39 CEST  Successfully opened file root://xrootd-cms.infn.it//store/mc/RunIISummer20UL18MiniAODv2/QCD_HT700to1000_TuneCP5_PSWeights_13TeV-madgraph-pythia8/MINIAODSIM/106X_upgrade2018_realistic_v16_L1v1-v2/230000/CC67775A-2474-0D4C-8135-1059F65A59C1.root
10-Jun-2024 16:27:47 CEST  Closed file root://xrootd-cms.infn.it//store/mc/RunIISummer20UL18MiniAODv2/QCD_HT700to1000_TuneCP5_PSWeights_13TeV-madgraph-pythia8/MINIAODSIM/106X_upgrade2018_realistic_v16_L1v1-v2/230000/CC67775A-2474-0D4C-8135-1059F65A59C1.root
10-Jun-2024 16:27:47 CEST  Initiating request to open file root://eoscms.cern.ch//eos/cms/store/mc/RunIISummer20UL18MiniAODv2/QCD_HT700to1000_TuneCP5_PSWeights_13TeV-madgraph-pythia8/MINIAODSIM/106X_upgrade2018_realistic_v16_L1v1-v2/230000/88156895-E568-1B42-B7D4-3A2EAA09BDD2.root
%MSG-w XrdAdaptorInternal:  file_open 10-Jun-2024 16:27:48 CEST PostProcessEvent
Failed to open file at URL root://eoscms.cern.ch:1094//eos/cms/store/mc/RunIISummer20UL18MiniAODv2/QCD_HT700to1000_TuneCP5_PSWeights_13TeV-madgraph-pythia8/MINIAODSIM/106X_upgrade2018_realistic_v16_L1v1-v2/230000/88156895-E568-1B42-B7D4-3A2EAA09BDD2.root.
%MSG
%MSG-w XrdAdaptorInternal:  file_open 10-Jun-2024 16:27:48 CEST PostProcessEvent
Failed to open file at URL root://eoscms.cern.ch:1094//eos/cms/store/mc/RunIISummer20UL18MiniAODv2/QCD_HT700to1000_TuneCP5_PSWeights_13TeV-madgraph-pythia8/MINIAODSIM/106X_upgrade2018_realistic_v16_L1v1-v2/230000/88156895-E568-1B42-B7D4-3A2EAA09BDD2.root?tried=.
%MSG
10-Jun-2024 16:27:48 CEST  Fallback request to file root://xrootd-cms.infn.it//store/mc/RunIISummer20UL18MiniAODv2/QCD_HT700to1000_TuneCP5_PSWeights_13TeV-madgraph-pythia8/MINIAODSIM/106X_upgrade2018_realistic_v16_L1v1-v2/230000/88156895-E568-1B42-B7D4-3A2EAA09BDD2.root
%MSG-w XrdAdaptor:  file_open 10-Jun-2024 16:28:01 CEST PostProcessEvent
Data is served from T2_US_Florida instead of original site T2_IT_Pisa
%MSG
10-Jun-2024 16:28:02 CEST  Successfully opened file root://xrootd-cms.infn.it//store/mc/RunIISummer20UL18MiniAODv2/QCD_HT700to1000_TuneCP5_PSWeights_13TeV-madgraph-pythia8/MINIAODSIM/106X_upgrade2018_realistic_v16_L1v1-v2/230000/88156895-E568-1B42-B7D4-3A2EAA09BDD2.root
Begin processing the 200001st record. Run 1, Event 425117128, LumiSection 53488 on stream 0 at 10-Jun-2024 16:28:09.951 CEST
10-Jun-2024 16:28:11 CEST  Closed file root://xrootd-cms.infn.it//store/mc/RunIISummer20UL18MiniAODv2/QCD_HT700to1000_TuneCP5_PSWeights_13TeV-madgraph-pythia8/MINIAODSIM/106X_upgrade2018_realistic_v16_L1v1-v2/230000/88156895-E568-1B42-B7D4-3A2EAA09BDD2.root
10-Jun-2024 16:28:11 CEST  Initiating request to open file root://eoscms.cern.ch//eos/cms/store/mc/RunIISummer20UL18MiniAODv2/QCD_HT700to1000_TuneCP5_PSWeights_13TeV-madgraph-pythia8/MINIAODSIM/106X_upgrade2018_realistic_v16_L1v1-v2/230000/02C38355-6020-F14D-8453-8D627865E267.root
%MSG-w XrdAdaptorInternal:  file_open 10-Jun-2024 16:28:12 CEST PostProcessEvent
Failed to open file at URL root://eoscms.cern.ch:1094//eos/cms/store/mc/RunIISummer20UL18MiniAODv2/QCD_HT700to1000_TuneCP5_PSWeights_13TeV-madgraph-pythia8/MINIAODSIM/106X_upgrade2018_realistic_v16_L1v1-v2/230000/02C38355-6020-F14D-8453-8D627865E267.root.
%MSG
%MSG-w XrdAdaptorInternal:  file_open 10-Jun-2024 16:28:12 CEST PostProcessEvent
Failed to open file at URL root://eoscms.cern.ch:1094//eos/cms/store/mc/RunIISummer20UL18MiniAODv2/QCD_HT700to1000_TuneCP5_PSWeights_13TeV-madgraph-pythia8/MINIAODSIM/106X_upgrade2018_realistic_v16_L1v1-v2/230000/02C38355-6020-F14D-8453-8D627865E267.root?tried=.
%MSG
10-Jun-2024 16:28:12 CEST  Fallback request to file root://xrootd-cms.infn.it//store/mc/RunIISummer20UL18MiniAODv2/QCD_HT700to1000_TuneCP5_PSWeights_13TeV-madgraph-pythia8/MINIAODSIM/106X_upgrade2018_realistic_v16_L1v1-v2/230000/02C38355-6020-F14D-8453-8D627865E267.root
%MSG-w XrdAdaptor:  file_open 10-Jun-2024 16:28:25 CEST PostProcessEvent
Data is served from T2_US_Florida instead of original site T2_IT_Pisa
%MSG
10-Jun-2024 16:28:26 CEST  Successfully opened file root://xrootd-cms.infn.it//store/mc/RunIISummer20UL18MiniAODv2/QCD_HT700to1000_TuneCP5_PSWeights_13TeV-madgraph-pythia8/MINIAODSIM/106X_upgrade2018_realistic_v16_L1v1-v2/230000/02C38355-6020-F14D-8453-8D627865E267.root
10-Jun-2024 16:28:34 CEST  Closed file root://xrootd-cms.infn.it//store/mc/RunIISummer20UL18MiniAODv2/QCD_HT700to1000_TuneCP5_PSWeights_13TeV-madgraph-pythia8/MINIAODSIM/106X_upgrade2018_realistic_v16_L1v1-v2/230000/02C38355-6020-F14D-8453-8D627865E267.root
10-Jun-2024 16:28:34 CEST  Initiating request to open file root://eoscms.cern.ch//eos/cms/store/mc/RunIISummer20UL18MiniAODv2/QCD_HT700to1000_TuneCP5_PSWeights_13TeV-madgraph-pythia8/MINIAODSIM/106X_upgrade2018_realistic_v16_L1v1-v2/230000/F6776E02-61BA-8246-AEEF-85FC65891363.root
%MSG-w XrdAdaptorInternal:  file_open 10-Jun-2024 16:28:35 CEST PostProcessEvent
Failed to open file at URL root://eoscms.cern.ch:1094//eos/cms/store/mc/RunIISummer20UL18MiniAODv2/QCD_HT700to1000_TuneCP5_PSWeights_13TeV-madgraph-pythia8/MINIAODSIM/106X_upgrade2018_realistic_v16_L1v1-v2/230000/F6776E02-61BA-8246-AEEF-85FC65891363.root.
%MSG
%MSG-w XrdAdaptorInternal:  file_open 10-Jun-2024 16:28:35 CEST PostProcessEvent
Failed to open file at URL root://eoscms.cern.ch:1094//eos/cms/store/mc/RunIISummer20UL18MiniAODv2/QCD_HT700to1000_TuneCP5_PSWeights_13TeV-madgraph-pythia8/MINIAODSIM/106X_upgrade2018_realistic_v16_L1v1-v2/230000/F6776E02-61BA-8246-AEEF-85FC65891363.root?tried=.
%MSG
10-Jun-2024 16:28:35 CEST  Fallback request to file root://xrootd-cms.infn.it//store/mc/RunIISummer20UL18MiniAODv2/QCD_HT700to1000_TuneCP5_PSWeights_13TeV-madgraph-pythia8/MINIAODSIM/106X_upgrade2018_realistic_v16_L1v1-v2/230000/F6776E02-61BA-8246-AEEF-85FC65891363.root
%MSG-w XrdAdaptor:  file_open 10-Jun-2024 16:28:48 CEST PostProcessEvent
Data is served from T2_US_Florida instead of original site T2_IT_Pisa
%MSG
10-Jun-2024 16:28:49 CEST  Successfully opened file root://xrootd-cms.infn.it//store/mc/RunIISummer20UL18MiniAODv2/QCD_HT700to1000_TuneCP5_PSWeights_13TeV-madgraph-pythia8/MINIAODSIM/106X_upgrade2018_realistic_v16_L1v1-v2/230000/F6776E02-61BA-8246-AEEF-85FC65891363.root
Begin processing the 300001st record. Run 1, Event 39860280, LumiSection 5016 on stream 0 at 10-Jun-2024 16:28:56.342 CEST
10-Jun-2024 16:28:59 CEST  Closed file root://xrootd-cms.infn.it//store/mc/RunIISummer20UL18MiniAODv2/QCD_HT700to1000_TuneCP5_PSWeights_13TeV-madgraph-pythia8/MINIAODSIM/106X_upgrade2018_realistic_v16_L1v1-v2/230000/F6776E02-61BA-8246-AEEF-85FC65891363.root
10-Jun-2024 16:28:59 CEST  Initiating request to open file root://eoscms.cern.ch//eos/cms/store/mc/RunIISummer20UL18MiniAODv2/QCD_HT700to1000_TuneCP5_PSWeights_13TeV-madgraph-pythia8/MINIAODSIM/106X_upgrade2018_realistic_v16_L1v1-v2/230000/A8B74DED-F9E7-374A-937E-EB3E947CD48F.root
%MSG-w XrdAdaptorInternal:  file_open 10-Jun-2024 16:29:00 CEST PostProcessEvent
Failed to open file at URL root://eoscms.cern.ch:1094//eos/cms/store/mc/RunIISummer20UL18MiniAODv2/QCD_HT700to1000_TuneCP5_PSWeights_13TeV-madgraph-pythia8/MINIAODSIM/106X_upgrade2018_realistic_v16_L1v1-v2/230000/A8B74DED-F9E7-374A-937E-EB3E947CD48F.root.
%MSG
%MSG-w XrdAdaptorInternal:  file_open 10-Jun-2024 16:29:00 CEST PostProcessEvent
Failed to open file at URL root://eoscms.cern.ch:1094//eos/cms/store/mc/RunIISummer20UL18MiniAODv2/QCD_HT700to1000_TuneCP5_PSWeights_13TeV-madgraph-pythia8/MINIAODSIM/106X_upgrade2018_realistic_v16_L1v1-v2/230000/A8B74DED-F9E7-374A-937E-EB3E947CD48F.root?tried=.
%MSG
10-Jun-2024 16:29:00 CEST  Fallback request to file root://xrootd-cms.infn.it//store/mc/RunIISummer20UL18MiniAODv2/QCD_HT700to1000_TuneCP5_PSWeights_13TeV-madgraph-pythia8/MINIAODSIM/106X_upgrade2018_realistic_v16_L1v1-v2/230000/A8B74DED-F9E7-374A-937E-EB3E947CD48F.root
%MSG-w XrdAdaptor:  file_open 10-Jun-2024 16:29:13 CEST PostProcessEvent
Data is served from T2_US_Florida instead of original site T2_IT_Pisa
%MSG
10-Jun-2024 16:29:13 CEST  Successfully opened file root://xrootd-cms.infn.it//store/mc/RunIISummer20UL18MiniAODv2/QCD_HT700to1000_TuneCP5_PSWeights_13TeV-madgraph-pythia8/MINIAODSIM/106X_upgrade2018_realistic_v16_L1v1-v2/230000/A8B74DED-F9E7-374A-937E-EB3E947CD48F.root
Begin processing the 400001st record. Run 1, Event 197733414, LumiSection 24879 on stream 0 at 10-Jun-2024 16:29:22.205 CEST
10-Jun-2024 16:29:22 CEST  Closed file root://xrootd-cms.infn.it//store/mc/RunIISummer20UL18MiniAODv2/QCD_HT700to1000_TuneCP5_PSWeights_13TeV-madgraph-pythia8/MINIAODSIM/106X_upgrade2018_realistic_v16_L1v1-v2/230000/A8B74DED-F9E7-374A-937E-EB3E947CD48F.root
10-Jun-2024 16:29:22 CEST  Initiating request to open file root://eoscms.cern.ch//eos/cms/store/mc/RunIISummer20UL18MiniAODv2/QCD_HT700to1000_TuneCP5_PSWeights_13TeV-madgraph-pythia8/MINIAODSIM/106X_upgrade2018_realistic_v16_L1v1-v2/230000/CE03837A-1A31-5C4F-BED6-667ADE4C93F9.root
%MSG-w XrdAdaptorInternal:  file_open 10-Jun-2024 16:29:23 CEST PostProcessEvent
Failed to open file at URL root://eoscms.cern.ch:1094//eos/cms/store/mc/RunIISummer20UL18MiniAODv2/QCD_HT700to1000_TuneCP5_PSWeights_13TeV-madgraph-pythia8/MINIAODSIM/106X_upgrade2018_realistic_v16_L1v1-v2/230000/CE03837A-1A31-5C4F-BED6-667ADE4C93F9.root.
%MSG
%MSG-w XrdAdaptorInternal:  file_open 10-Jun-2024 16:29:23 CEST PostProcessEvent
Failed to open file at URL root://eoscms.cern.ch:1094//eos/cms/store/mc/RunIISummer20UL18MiniAODv2/QCD_HT700to1000_TuneCP5_PSWeights_13TeV-madgraph-pythia8/MINIAODSIM/106X_upgrade2018_realistic_v16_L1v1-v2/230000/CE03837A-1A31-5C4F-BED6-667ADE4C93F9.root?tried=.
%MSG
10-Jun-2024 16:29:23 CEST  Fallback request to file root://xrootd-cms.infn.it//store/mc/RunIISummer20UL18MiniAODv2/QCD_HT700to1000_TuneCP5_PSWeights_13TeV-madgraph-pythia8/MINIAODSIM/106X_upgrade2018_realistic_v16_L1v1-v2/230000/CE03837A-1A31-5C4F-BED6-667ADE4C93F9.root
%MSG-w XrdAdaptor:  file_open 10-Jun-2024 16:29:37 CEST PostProcessEvent
Data is served from T2_US_Florida instead of original site T2_IT_Pisa
%MSG
10-Jun-2024 16:29:37 CEST  Successfully opened file root://xrootd-cms.infn.it//store/mc/RunIISummer20UL18MiniAODv2/QCD_HT700to1000_TuneCP5_PSWeights_13TeV-madgraph-pythia8/MINIAODSIM/106X_upgrade2018_realistic_v16_L1v1-v2/230000/CE03837A-1A31-5C4F-BED6-667ADE4C93F9.root
10-Jun-2024 16:29:46 CEST  Closed file root://xrootd-cms.infn.it//store/mc/RunIISummer20UL18MiniAODv2/QCD_HT700to1000_TuneCP5_PSWeights_13TeV-madgraph-pythia8/MINIAODSIM/106X_upgrade2018_realistic_v16_L1v1-v2/230000/CE03837A-1A31-5C4F-BED6-667ADE4C93F9.root
10-Jun-2024 16:29:46 CEST  Initiating request to open file root://eoscms.cern.ch//eos/cms/store/mc/RunIISummer20UL18MiniAODv2/QCD_HT700to1000_TuneCP5_PSWeights_13TeV-madgraph-pythia8/MINIAODSIM/106X_upgrade2018_realistic_v16_L1v1-v2/230000/4DFA4E7C-D45B-5C43-8892-229ED0A5D4CF.root
%MSG-w XrdAdaptorInternal:  file_open 10-Jun-2024 16:29:47 CEST PostProcessEvent
Failed to open file at URL root://eoscms.cern.ch:1094//eos/cms/store/mc/RunIISummer20UL18MiniAODv2/QCD_HT700to1000_TuneCP5_PSWeights_13TeV-madgraph-pythia8/MINIAODSIM/106X_upgrade2018_realistic_v16_L1v1-v2/230000/4DFA4E7C-D45B-5C43-8892-229ED0A5D4CF.root.
%MSG
%MSG-w XrdAdaptorInternal:  file_open 10-Jun-2024 16:29:47 CEST PostProcessEvent
Failed to open file at URL root://eoscms.cern.ch:1094//eos/cms/store/mc/RunIISummer20UL18MiniAODv2/QCD_HT700to1000_TuneCP5_PSWeights_13TeV-madgraph-pythia8/MINIAODSIM/106X_upgrade2018_realistic_v16_L1v1-v2/230000/4DFA4E7C-D45B-5C43-8892-229ED0A5D4CF.root?tried=.
%MSG
10-Jun-2024 16:29:47 CEST  Fallback request to file root://xrootd-cms.infn.it//store/mc/RunIISummer20UL18MiniAODv2/QCD_HT700to1000_TuneCP5_PSWeights_13TeV-madgraph-pythia8/MINIAODSIM/106X_upgrade2018_realistic_v16_L1v1-v2/230000/4DFA4E7C-D45B-5C43-8892-229ED0A5D4CF.root
%MSG-w XrdAdaptor:  file_open 10-Jun-2024 16:30:02 CEST PostProcessEvent
Data is served from T2_US_Florida instead of original site T2_IT_Pisa
%MSG
10-Jun-2024 16:30:03 CEST  Successfully opened file root://xrootd-cms.infn.it//store/mc/RunIISummer20UL18MiniAODv2/QCD_HT700to1000_TuneCP5_PSWeights_13TeV-madgraph-pythia8/MINIAODSIM/106X_upgrade2018_realistic_v16_L1v1-v2/230000/4DFA4E7C-D45B-5C43-8892-229ED0A5D4CF.root
Begin processing the 500001st record. Run 1, Event 212267570, LumiSection 26708 on stream 0 at 10-Jun-2024 16:30:11.130 CEST
10-Jun-2024 16:30:12 CEST  Closed file root://xrootd-cms.infn.it//store/mc/RunIISummer20UL18MiniAODv2/QCD_HT700to1000_TuneCP5_PSWeights_13TeV-madgraph-pythia8/MINIAODSIM/106X_upgrade2018_realistic_v16_L1v1-v2/230000/4DFA4E7C-D45B-5C43-8892-229ED0A5D4CF.root
10-Jun-2024 16:30:12 CEST  Initiating request to open file root://eoscms.cern.ch//eos/cms/store/mc/RunIISummer20UL18MiniAODv2/QCD_HT700to1000_TuneCP5_PSWeights_13TeV-madgraph-pythia8/MINIAODSIM/106X_upgrade2018_realistic_v16_L1v1-v2/230000/28885842-D82C-B743-9614-079271DE35E3.root
%MSG-w XrdAdaptorInternal:  file_open 10-Jun-2024 16:30:13 CEST PostProcessEvent
Failed to open file at URL root://eoscms.cern.ch:1094//eos/cms/store/mc/RunIISummer20UL18MiniAODv2/QCD_HT700to1000_TuneCP5_PSWeights_13TeV-madgraph-pythia8/MINIAODSIM/106X_upgrade2018_realistic_v16_L1v1-v2/230000/28885842-D82C-B743-9614-079271DE35E3.root.
%MSG
%MSG-w XrdAdaptorInternal:  file_open 10-Jun-2024 16:30:13 CEST PostProcessEvent
Failed to open file at URL root://eoscms.cern.ch:1094//eos/cms/store/mc/RunIISummer20UL18MiniAODv2/QCD_HT700to1000_TuneCP5_PSWeights_13TeV-madgraph-pythia8/MINIAODSIM/106X_upgrade2018_realistic_v16_L1v1-v2/230000/28885842-D82C-B743-9614-079271DE35E3.root?tried=.
%MSG
10-Jun-2024 16:30:13 CEST  Fallback request to file root://xrootd-cms.infn.it//store/mc/RunIISummer20UL18MiniAODv2/QCD_HT700to1000_TuneCP5_PSWeights_13TeV-madgraph-pythia8/MINIAODSIM/106X_upgrade2018_realistic_v16_L1v1-v2/230000/28885842-D82C-B743-9614-079271DE35E3.root
%MSG-w XrdAdaptor:  file_open 10-Jun-2024 16:30:26 CEST PostProcessEvent
Data is served from T2_US_Florida instead of original site T2_IT_Pisa
%MSG
10-Jun-2024 16:30:26 CEST  Successfully opened file root://xrootd-cms.infn.it//store/mc/RunIISummer20UL18MiniAODv2/QCD_HT700to1000_TuneCP5_PSWeights_13TeV-madgraph-pythia8/MINIAODSIM/106X_upgrade2018_realistic_v16_L1v1-v2/230000/28885842-D82C-B743-9614-079271DE35E3.root
10-Jun-2024 16:30:35 CEST  Closed file root://xrootd-cms.infn.it//store/mc/RunIISummer20UL18MiniAODv2/QCD_HT700to1000_TuneCP5_PSWeights_13TeV-madgraph-pythia8/MINIAODSIM/106X_upgrade2018_realistic_v16_L1v1-v2/230000/28885842-D82C-B743-9614-079271DE35E3.root
10-Jun-2024 16:30:35 CEST  Initiating request to open file root://eoscms.cern.ch//eos/cms/store/mc/RunIISummer20UL18MiniAODv2/QCD_HT700to1000_TuneCP5_PSWeights_13TeV-madgraph-pythia8/MINIAODSIM/106X_upgrade2018_realistic_v16_L1v1-v2/230000/863B8CFE-F655-7C4F-9596-5107B4E57897.root
%MSG-w XrdAdaptorInternal:  file_open 10-Jun-2024 16:30:36 CEST PostProcessEvent
Failed to open file at URL root://eoscms.cern.ch:1094//eos/cms/store/mc/RunIISummer20UL18MiniAODv2/QCD_HT700to1000_TuneCP5_PSWeights_13TeV-madgraph-pythia8/MINIAODSIM/106X_upgrade2018_realistic_v16_L1v1-v2/230000/863B8CFE-F655-7C4F-9596-5107B4E57897.root.
%MSG
%MSG-w XrdAdaptorInternal:  file_open 10-Jun-2024 16:30:36 CEST PostProcessEvent
Failed to open file at URL root://eoscms.cern.ch:1094//eos/cms/store/mc/RunIISummer20UL18MiniAODv2/QCD_HT700to1000_TuneCP5_PSWeights_13TeV-madgraph-pythia8/MINIAODSIM/106X_upgrade2018_realistic_v16_L1v1-v2/230000/863B8CFE-F655-7C4F-9596-5107B4E57897.root?tried=.
%MSG
10-Jun-2024 16:30:36 CEST  Fallback request to file root://xrootd-cms.infn.it//store/mc/RunIISummer20UL18MiniAODv2/QCD_HT700to1000_TuneCP5_PSWeights_13TeV-madgraph-pythia8/MINIAODSIM/106X_upgrade2018_realistic_v16_L1v1-v2/230000/863B8CFE-F655-7C4F-9596-5107B4E57897.root
%MSG-w XrdAdaptor:  file_open 10-Jun-2024 16:30:50 CEST PostProcessEvent
Data is served from T2_US_Florida instead of original site T2_IT_Pisa
%MSG
10-Jun-2024 16:30:50 CEST  Successfully opened file root://xrootd-cms.infn.it//store/mc/RunIISummer20UL18MiniAODv2/QCD_HT700to1000_TuneCP5_PSWeights_13TeV-madgraph-pythia8/MINIAODSIM/106X_upgrade2018_realistic_v16_L1v1-v2/230000/863B8CFE-F655-7C4F-9596-5107B4E57897.root
Begin processing the 600001st record. Run 1, Event 132549241, LumiSection 16678 on stream 0 at 10-Jun-2024 16:30:57.561 CEST
10-Jun-2024 16:30:58 CEST  Closed file root://xrootd-cms.infn.it//store/mc/RunIISummer20UL18MiniAODv2/QCD_HT700to1000_TuneCP5_PSWeights_13TeV-madgraph-pythia8/MINIAODSIM/106X_upgrade2018_realistic_v16_L1v1-v2/230000/863B8CFE-F655-7C4F-9596-5107B4E57897.root
10-Jun-2024 16:30:58 CEST  Initiating request to open file root://eoscms.cern.ch//eos/cms/store/mc/RunIISummer20UL18MiniAODv2/QCD_HT700to1000_TuneCP5_PSWeights_13TeV-madgraph-pythia8/MINIAODSIM/106X_upgrade2018_realistic_v16_L1v1-v2/230000/598D7CAB-2DA6-1140-95BC-110F13024451.root
%MSG-w XrdAdaptorInternal:  file_open 10-Jun-2024 16:30:59 CEST PostProcessEvent
Failed to open file at URL root://eoscms.cern.ch:1094//eos/cms/store/mc/RunIISummer20UL18MiniAODv2/QCD_HT700to1000_TuneCP5_PSWeights_13TeV-madgraph-pythia8/MINIAODSIM/106X_upgrade2018_realistic_v16_L1v1-v2/230000/598D7CAB-2DA6-1140-95BC-110F13024451.root.
%MSG
%MSG-w XrdAdaptorInternal:  file_open 10-Jun-2024 16:30:59 CEST PostProcessEvent
Failed to open file at URL root://eoscms.cern.ch:1094//eos/cms/store/mc/RunIISummer20UL18MiniAODv2/QCD_HT700to1000_TuneCP5_PSWeights_13TeV-madgraph-pythia8/MINIAODSIM/106X_upgrade2018_realistic_v16_L1v1-v2/230000/598D7CAB-2DA6-1140-95BC-110F13024451.root?tried=.
%MSG
10-Jun-2024 16:30:59 CEST  Fallback request to file root://xrootd-cms.infn.it//store/mc/RunIISummer20UL18MiniAODv2/QCD_HT700to1000_TuneCP5_PSWeights_13TeV-madgraph-pythia8/MINIAODSIM/106X_upgrade2018_realistic_v16_L1v1-v2/230000/598D7CAB-2DA6-1140-95BC-110F13024451.root
%MSG-w XrdAdaptor:  file_open 10-Jun-2024 16:31:16 CEST PostProcessEvent
Data is served from T2_US_Wisconsin instead of original site T2_IT_Pisa
%MSG
10-Jun-2024 16:31:16 CEST  Successfully opened file root://xrootd-cms.infn.it//store/mc/RunIISummer20UL18MiniAODv2/QCD_HT700to1000_TuneCP5_PSWeights_13TeV-madgraph-pythia8/MINIAODSIM/106X_upgrade2018_realistic_v16_L1v1-v2/230000/598D7CAB-2DA6-1140-95BC-110F13024451.root
10-Jun-2024 16:31:24 CEST  Closed file root://xrootd-cms.infn.it//store/mc/RunIISummer20UL18MiniAODv2/QCD_HT700to1000_TuneCP5_PSWeights_13TeV-madgraph-pythia8/MINIAODSIM/106X_upgrade2018_realistic_v16_L1v1-v2/230000/598D7CAB-2DA6-1140-95BC-110F13024451.root
10-Jun-2024 16:31:24 CEST  Initiating request to open file root://eoscms.cern.ch//eos/cms/store/mc/RunIISummer20UL18MiniAODv2/QCD_HT700to1000_TuneCP5_PSWeights_13TeV-madgraph-pythia8/MINIAODSIM/106X_upgrade2018_realistic_v16_L1v1-v2/230000/06DCDBA5-C7C3-E241-857D-BA95E6806D4E.root
%MSG-w XrdAdaptorInternal:  file_open 10-Jun-2024 16:31:25 CEST PostProcessEvent
Failed to open file at URL root://eoscms.cern.ch:1094//eos/cms/store/mc/RunIISummer20UL18MiniAODv2/QCD_HT700to1000_TuneCP5_PSWeights_13TeV-madgraph-pythia8/MINIAODSIM/106X_upgrade2018_realistic_v16_L1v1-v2/230000/06DCDBA5-C7C3-E241-857D-BA95E6806D4E.root.
%MSG
%MSG-w XrdAdaptorInternal:  file_open 10-Jun-2024 16:31:25 CEST PostProcessEvent
Failed to open file at URL root://eoscms.cern.ch:1094//eos/cms/store/mc/RunIISummer20UL18MiniAODv2/QCD_HT700to1000_TuneCP5_PSWeights_13TeV-madgraph-pythia8/MINIAODSIM/106X_upgrade2018_realistic_v16_L1v1-v2/230000/06DCDBA5-C7C3-E241-857D-BA95E6806D4E.root?tried=.
%MSG
10-Jun-2024 16:31:25 CEST  Fallback request to file root://xrootd-cms.infn.it//store/mc/RunIISummer20UL18MiniAODv2/QCD_HT700to1000_TuneCP5_PSWeights_13TeV-madgraph-pythia8/MINIAODSIM/106X_upgrade2018_realistic_v16_L1v1-v2/230000/06DCDBA5-C7C3-E241-857D-BA95E6806D4E.root
[2024-06-10 16:31:40.279104 +0200][Error  ][AsyncSock         ] [g34n06.hep.wisc.edu:1094 #0.0] Unable to connect: No route to host
[2024-06-10 16:31:40.279194 +0200][Error  ][PostMaster        ] [g34n06.hep.wisc.edu:1094 #0] elapsed = 2, pConnectionWindow = 31 seconds.
%MSG-w XrdAdaptor:  file_open 10-Jun-2024 16:31:43 CEST PostProcessEvent
Data is served from T2_US_Wisconsin instead of original site T2_IT_Pisa
%MSG
10-Jun-2024 16:31:44 CEST  Successfully opened file root://xrootd-cms.infn.it//store/mc/RunIISummer20UL18MiniAODv2/QCD_HT700to1000_TuneCP5_PSWeights_13TeV-madgraph-pythia8/MINIAODSIM/106X_upgrade2018_realistic_v16_L1v1-v2/230000/06DCDBA5-C7C3-E241-857D-BA95E6806D4E.root
Begin processing the 700001st record. Run 1, Event 51031240, LumiSection 6421 on stream 0 at 10-Jun-2024 16:31:51.158 CEST
10-Jun-2024 16:31:52 CEST  Closed file root://xrootd-cms.infn.it//store/mc/RunIISummer20UL18MiniAODv2/QCD_HT700to1000_TuneCP5_PSWeights_13TeV-madgraph-pythia8/MINIAODSIM/106X_upgrade2018_realistic_v16_L1v1-v2/230000/06DCDBA5-C7C3-E241-857D-BA95E6806D4E.root
10-Jun-2024 16:31:52 CEST  Initiating request to open file root://eoscms.cern.ch//eos/cms/store/mc/RunIISummer20UL18MiniAODv2/QCD_HT700to1000_TuneCP5_PSWeights_13TeV-madgraph-pythia8/MINIAODSIM/106X_upgrade2018_realistic_v16_L1v1-v2/230000/7D477D45-09CF-DD4D-9324-A8AA9E2C3879.root
%MSG-w XrdAdaptorInternal:  file_open 10-Jun-2024 16:31:53 CEST PostProcessEvent
Failed to open file at URL root://eoscms.cern.ch:1094//eos/cms/store/mc/RunIISummer20UL18MiniAODv2/QCD_HT700to1000_TuneCP5_PSWeights_13TeV-madgraph-pythia8/MINIAODSIM/106X_upgrade2018_realistic_v16_L1v1-v2/230000/7D477D45-09CF-DD4D-9324-A8AA9E2C3879.root.
%MSG
%MSG-w XrdAdaptorInternal:  file_open 10-Jun-2024 16:31:53 CEST PostProcessEvent
Failed to open file at URL root://eoscms.cern.ch:1094//eos/cms/store/mc/RunIISummer20UL18MiniAODv2/QCD_HT700to1000_TuneCP5_PSWeights_13TeV-madgraph-pythia8/MINIAODSIM/106X_upgrade2018_realistic_v16_L1v1-v2/230000/7D477D45-09CF-DD4D-9324-A8AA9E2C3879.root?tried=.
%MSG
10-Jun-2024 16:31:53 CEST  Fallback request to file root://xrootd-cms.infn.it//store/mc/RunIISummer20UL18MiniAODv2/QCD_HT700to1000_TuneCP5_PSWeights_13TeV-madgraph-pythia8/MINIAODSIM/106X_upgrade2018_realistic_v16_L1v1-v2/230000/7D477D45-09CF-DD4D-9324-A8AA9E2C3879.root
%MSG-w XrdAdaptor:  file_open 10-Jun-2024 16:32:07 CEST PostProcessEvent
Data is served from T2_US_Wisconsin instead of original site T2_IT_Pisa
%MSG
10-Jun-2024 16:32:08 CEST  Successfully opened file root://xrootd-cms.infn.it//store/mc/RunIISummer20UL18MiniAODv2/QCD_HT700to1000_TuneCP5_PSWeights_13TeV-madgraph-pythia8/MINIAODSIM/106X_upgrade2018_realistic_v16_L1v1-v2/230000/7D477D45-09CF-DD4D-9324-A8AA9E2C3879.root
10-Jun-2024 16:32:18 CEST  Closed file root://xrootd-cms.infn.it//store/mc/RunIISummer20UL18MiniAODv2/QCD_HT700to1000_TuneCP5_PSWeights_13TeV-madgraph-pythia8/MINIAODSIM/106X_upgrade2018_realistic_v16_L1v1-v2/230000/7D477D45-09CF-DD4D-9324-A8AA9E2C3879.root
10-Jun-2024 16:32:18 CEST  Initiating request to open file root://eoscms.cern.ch//eos/cms/store/mc/RunIISummer20UL18MiniAODv2/QCD_HT700to1000_TuneCP5_PSWeights_13TeV-madgraph-pythia8/MINIAODSIM/106X_upgrade2018_realistic_v16_L1v1-v2/230000/DDBDE007-09D4-8845-A387-AE2A6D85934E.root
%MSG-w XrdAdaptorInternal:  file_open 10-Jun-2024 16:32:19 CEST PostProcessEvent
Failed to open file at URL root://eoscms.cern.ch:1094//eos/cms/store/mc/RunIISummer20UL18MiniAODv2/QCD_HT700to1000_TuneCP5_PSWeights_13TeV-madgraph-pythia8/MINIAODSIM/106X_upgrade2018_realistic_v16_L1v1-v2/230000/DDBDE007-09D4-8845-A387-AE2A6D85934E.root.
%MSG
%MSG-w XrdAdaptorInternal:  file_open 10-Jun-2024 16:32:19 CEST PostProcessEvent
Failed to open file at URL root://eoscms.cern.ch:1094//eos/cms/store/mc/RunIISummer20UL18MiniAODv2/QCD_HT700to1000_TuneCP5_PSWeights_13TeV-madgraph-pythia8/MINIAODSIM/106X_upgrade2018_realistic_v16_L1v1-v2/230000/DDBDE007-09D4-8845-A387-AE2A6D85934E.root?tried=.
%MSG
10-Jun-2024 16:32:19 CEST  Fallback request to file root://xrootd-cms.infn.it//store/mc/RunIISummer20UL18MiniAODv2/QCD_HT700to1000_TuneCP5_PSWeights_13TeV-madgraph-pythia8/MINIAODSIM/106X_upgrade2018_realistic_v16_L1v1-v2/230000/DDBDE007-09D4-8845-A387-AE2A6D85934E.root
%MSG-w XrdAdaptor:  file_open 10-Jun-2024 16:32:32 CEST PostProcessEvent
Data is served from T2_US_Wisconsin instead of original site T2_IT_Pisa
%MSG
10-Jun-2024 16:32:33 CEST  Successfully opened file root://xrootd-cms.infn.it//store/mc/RunIISummer20UL18MiniAODv2/QCD_HT700to1000_TuneCP5_PSWeights_13TeV-madgraph-pythia8/MINIAODSIM/106X_upgrade2018_realistic_v16_L1v1-v2/230000/DDBDE007-09D4-8845-A387-AE2A6D85934E.root
Begin processing the 800001st record. Run 1, Event 74018428, LumiSection 9313 on stream 0 at 10-Jun-2024 16:32:39.792 CEST
10-Jun-2024 16:32:41 CEST  Closed file root://xrootd-cms.infn.it//store/mc/RunIISummer20UL18MiniAODv2/QCD_HT700to1000_TuneCP5_PSWeights_13TeV-madgraph-pythia8/MINIAODSIM/106X_upgrade2018_realistic_v16_L1v1-v2/230000/DDBDE007-09D4-8845-A387-AE2A6D85934E.root
10-Jun-2024 16:32:41 CEST  Initiating request to open file root://eoscms.cern.ch//eos/cms/store/mc/RunIISummer20UL18MiniAODv2/QCD_HT700to1000_TuneCP5_PSWeights_13TeV-madgraph-pythia8/MINIAODSIM/106X_upgrade2018_realistic_v16_L1v1-v2/230000/15F55548-DC3A-6648-9746-6184D2B6AEC9.root
%MSG-w XrdAdaptorInternal:  file_open 10-Jun-2024 16:32:42 CEST PostProcessEvent
Failed to open file at URL root://eoscms.cern.ch:1094//eos/cms/store/mc/RunIISummer20UL18MiniAODv2/QCD_HT700to1000_TuneCP5_PSWeights_13TeV-madgraph-pythia8/MINIAODSIM/106X_upgrade2018_realistic_v16_L1v1-v2/230000/15F55548-DC3A-6648-9746-6184D2B6AEC9.root.
%MSG
%MSG-w XrdAdaptorInternal:  file_open 10-Jun-2024 16:32:42 CEST PostProcessEvent
Failed to open file at URL root://eoscms.cern.ch:1094//eos/cms/store/mc/RunIISummer20UL18MiniAODv2/QCD_HT700to1000_TuneCP5_PSWeights_13TeV-madgraph-pythia8/MINIAODSIM/106X_upgrade2018_realistic_v16_L1v1-v2/230000/15F55548-DC3A-6648-9746-6184D2B6AEC9.root?tried=.
%MSG
10-Jun-2024 16:32:42 CEST  Fallback request to file root://xrootd-cms.infn.it//store/mc/RunIISummer20UL18MiniAODv2/QCD_HT700to1000_TuneCP5_PSWeights_13TeV-madgraph-pythia8/MINIAODSIM/106X_upgrade2018_realistic_v16_L1v1-v2/230000/15F55548-DC3A-6648-9746-6184D2B6AEC9.root
%MSG-w XrdAdaptor:  file_open 10-Jun-2024 16:32:57 CEST PostProcessEvent
Data is served from T2_US_Wisconsin instead of original site T2_IT_Pisa
%MSG
10-Jun-2024 16:32:58 CEST  Successfully opened file root://xrootd-cms.infn.it//store/mc/RunIISummer20UL18MiniAODv2/QCD_HT700to1000_TuneCP5_PSWeights_13TeV-madgraph-pythia8/MINIAODSIM/106X_upgrade2018_realistic_v16_L1v1-v2/230000/15F55548-DC3A-6648-9746-6184D2B6AEC9.root
Begin processing the 900001st record. Run 1, Event 152465924, LumiSection 19183 on stream 0 at 10-Jun-2024 16:33:07.580 CEST
10-Jun-2024 16:33:07 CEST  Closed file root://xrootd-cms.infn.it//store/mc/RunIISummer20UL18MiniAODv2/QCD_HT700to1000_TuneCP5_PSWeights_13TeV-madgraph-pythia8/MINIAODSIM/106X_upgrade2018_realistic_v16_L1v1-v2/230000/15F55548-DC3A-6648-9746-6184D2B6AEC9.root
10-Jun-2024 16:33:07 CEST  Initiating request to open file root://eoscms.cern.ch//eos/cms/store/mc/RunIISummer20UL18MiniAODv2/QCD_HT700to1000_TuneCP5_PSWeights_13TeV-madgraph-pythia8/MINIAODSIM/106X_upgrade2018_realistic_v16_L1v1-v2/230000/821CA24C-C544-FD45-BA12-9B1B8B2059B0.root
%MSG-w XrdAdaptorInternal:  file_open 10-Jun-2024 16:33:08 CEST PostProcessEvent
Failed to open file at URL root://eoscms.cern.ch:1094//eos/cms/store/mc/RunIISummer20UL18MiniAODv2/QCD_HT700to1000_TuneCP5_PSWeights_13TeV-madgraph-pythia8/MINIAODSIM/106X_upgrade2018_realistic_v16_L1v1-v2/230000/821CA24C-C544-FD45-BA12-9B1B8B2059B0.root.
%MSG
%MSG-w XrdAdaptorInternal:  file_open 10-Jun-2024 16:33:08 CEST PostProcessEvent
Failed to open file at URL root://eoscms.cern.ch:1094//eos/cms/store/mc/RunIISummer20UL18MiniAODv2/QCD_HT700to1000_TuneCP5_PSWeights_13TeV-madgraph-pythia8/MINIAODSIM/106X_upgrade2018_realistic_v16_L1v1-v2/230000/821CA24C-C544-FD45-BA12-9B1B8B2059B0.root?tried=.
%MSG
10-Jun-2024 16:33:08 CEST  Fallback request to file root://xrootd-cms.infn.it//store/mc/RunIISummer20UL18MiniAODv2/QCD_HT700to1000_TuneCP5_PSWeights_13TeV-madgraph-pythia8/MINIAODSIM/106X_upgrade2018_realistic_v16_L1v1-v2/230000/821CA24C-C544-FD45-BA12-9B1B8B2059B0.root
%MSG-w XrdAdaptor:  file_open 10-Jun-2024 16:33:21 CEST PostProcessEvent
Data is served from T2_US_Wisconsin instead of original site T2_IT_Pisa
%MSG
10-Jun-2024 16:33:22 CEST  Successfully opened file root://xrootd-cms.infn.it//store/mc/RunIISummer20UL18MiniAODv2/QCD_HT700to1000_TuneCP5_PSWeights_13TeV-madgraph-pythia8/MINIAODSIM/106X_upgrade2018_realistic_v16_L1v1-v2/230000/821CA24C-C544-FD45-BA12-9B1B8B2059B0.root
10-Jun-2024 16:33:31 CEST  Closed file root://xrootd-cms.infn.it//store/mc/RunIISummer20UL18MiniAODv2/QCD_HT700to1000_TuneCP5_PSWeights_13TeV-madgraph-pythia8/MINIAODSIM/106X_upgrade2018_realistic_v16_L1v1-v2/230000/821CA24C-C544-FD45-BA12-9B1B8B2059B0.root
10-Jun-2024 16:33:31 CEST  Initiating request to open file root://eoscms.cern.ch//eos/cms/store/mc/RunIISummer20UL18MiniAODv2/QCD_HT700to1000_TuneCP5_PSWeights_13TeV-madgraph-pythia8/MINIAODSIM/106X_upgrade2018_realistic_v16_L1v1-v2/230000/EFE36B66-D65C-2345-8924-2D4D8CD3CFA7.root
%MSG-w XrdAdaptorInternal:  file_open 10-Jun-2024 16:33:32 CEST PostProcessEvent
Failed to open file at URL root://eoscms.cern.ch:1094//eos/cms/store/mc/RunIISummer20UL18MiniAODv2/QCD_HT700to1000_TuneCP5_PSWeights_13TeV-madgraph-pythia8/MINIAODSIM/106X_upgrade2018_realistic_v16_L1v1-v2/230000/EFE36B66-D65C-2345-8924-2D4D8CD3CFA7.root.
%MSG
%MSG-w XrdAdaptorInternal:  file_open 10-Jun-2024 16:33:32 CEST PostProcessEvent
Failed to open file at URL root://eoscms.cern.ch:1094//eos/cms/store/mc/RunIISummer20UL18MiniAODv2/QCD_HT700to1000_TuneCP5_PSWeights_13TeV-madgraph-pythia8/MINIAODSIM/106X_upgrade2018_realistic_v16_L1v1-v2/230000/EFE36B66-D65C-2345-8924-2D4D8CD3CFA7.root?tried=.
%MSG
10-Jun-2024 16:33:32 CEST  Fallback request to file root://xrootd-cms.infn.it//store/mc/RunIISummer20UL18MiniAODv2/QCD_HT700to1000_TuneCP5_PSWeights_13TeV-madgraph-pythia8/MINIAODSIM/106X_upgrade2018_realistic_v16_L1v1-v2/230000/EFE36B66-D65C-2345-8924-2D4D8CD3CFA7.root
%MSG-w XrdAdaptor:  file_open 10-Jun-2024 16:33:46 CEST PostProcessEvent
Data is served from T2_US_Wisconsin instead of original site T2_IT_Pisa
%MSG
10-Jun-2024 16:33:47 CEST  Successfully opened file root://xrootd-cms.infn.it//store/mc/RunIISummer20UL18MiniAODv2/QCD_HT700to1000_TuneCP5_PSWeights_13TeV-madgraph-pythia8/MINIAODSIM/106X_upgrade2018_realistic_v16_L1v1-v2/230000/EFE36B66-D65C-2345-8924-2D4D8CD3CFA7.root
  17635.200000    152.100500      9.582518             1
   2905.240000     42.931710      9.582518             0
  55621.410000    218.362800      9.582518             2
 
10-Jun-2024 16:33:55 CEST  Closed file root://xrootd-cms.infn.it//store/mc/RunIISummer20UL18MiniAODv2/QCD_HT700to1000_TuneCP5_PSWeights_13TeV-madgraph-pythia8/MINIAODSIM/106X_upgrade2018_realistic_v16_L1v1-v2/230000/EFE36B66-D65C-2345-8924-2D4D8CD3CFA7.root

------------------------------------
GenXsecAnalyzer:
------------------------------------
-------------------------------------------------------------------------------------------------------------------------------------------------------------------------- 
Overall cross-section summary 
--------------------------------------------------------------------------------------------------------------------------------------------------------------------------
Process		xsec_before [pb]		passed	nposw	nnegw	tried	nposw	nnegw 	xsec_match [pb]			accepted [%]	 event_eff [%]
0		2.912e+03 +/- 1.112e+00		12641	12641	0	455639	455639	0	8.078e+01 +/- 7.091e-01		2.8 +/- 0.0	2.8 +/- 0.0
1		1.775e+04 +/- 3.913e+00		46950	46950	0	2766838	2766838	0	3.013e+02 +/- 1.380e+00		1.7 +/- 0.0	1.7 +/- 0.0
2		5.572e+04 +/- 5.860e+00		940926	940926	0	8635939	8635939	0	6.071e+03 +/- 5.942e+00		10.9 +/- 0.0	10.9 +/- 0.0
-------------------------------------------------------------------------------------------------------------------------------------------------------------------------- 
Total		7.638e+04 +/- 7.133e+00		1000517	1000517	0	11858416	11858416	0	6.445e+03 +/- 6.194e+00		8.4 +/- 0.0	8.4 +/- 0.0
--------------------------------------------------------------------------------------------------------------------------------------------------------------------------
Before matching: total cross section = 7.638e+04 +- 7.133e+00 pb
After matching: total cross section = 6.445e+03 +- 6.194e+00 pb
Matching efficiency = 0.1 +/- 0.0   [TO BE USED IN MCM]
Filter efficiency (taking into account weights)= (1.00052e+06) / (1.00052e+06) = 1.000e+00 +- 0.000e+00
Filter efficiency (event-level)= (1.00052e+06) / (1.00052e+06) = 1.000e+00 +- 0.000e+00    [TO BE USED IN MCM]

After filter: final cross section = 6.445e+03 +- 6.194e+00 pb
After filter: final fraction of events with negative weights = 0.000e+00 +- 0.000e+00
After filter: final equivalent lumi for 1M events (1/fb) = 1.552e-01 +- 2.152e-04

=============================================

MessageLogger Summary

 type     category        sev    module        subroutine        count    total
 ---- -------------------- -- ---------------- ----------------  -----    -----
    1 GenXSecAnalyzer      -w GenXSecAnalyzer:                      17       17
    2 XrdAdaptor           -w file_open                             19       19
    3 XrdAdaptorInternal   -w file_open                             38       38
    4 fileAction           -s file_close                            19       19
    5 fileAction           -s file_open                             57       57

 type    category    Examples: run/evt        run/evt          run/evt
 ---- -------------------- ---------------- ---------------- ----------------
    1 GenXSecAnalyzer      PostGlobalEndRun PostGlobalEndRun PostGlobalEndRun
    2 XrdAdaptor           pre-events       PostProcessEvent PostProcessEvent
    3 XrdAdaptorInternal   pre-events       pre-events       PostProcessEvent
    4 fileAction           PostProcessEvent PostProcessEvent PostGlobalEndRun
    5 fileAction           pre-events       pre-events       PostProcessEvent

Severity    # Occurrences   Total Occurrences
--------    -------------   -----------------
Warning                74                  74
System                 76                  76

dropped waiting message count 0
