10-Jun-2024 15:44:39 CEST  Initiating request to open file root://eoscms.cern.ch//eos/cms/store/mc/RunIISummer20UL18MiniAODv2/QCD_Pt_1800to2400_TuneCP5_13TeV_pythia8/MINIAODSIM/106X_upgrade2018_realistic_v16_L1v1-v1/240000/CBA2CD59-835B-D948-9B56-B670AE9C3971.root
%MSG-w XrdAdaptorInternal:  file_open 10-Jun-2024 15:44:40 CEST pre-events
Failed to open file at URL root://eoscms.cern.ch:1094//eos/cms/store/mc/RunIISummer20UL18MiniAODv2/QCD_Pt_1800to2400_TuneCP5_13TeV_pythia8/MINIAODSIM/106X_upgrade2018_realistic_v16_L1v1-v1/240000/CBA2CD59-835B-D948-9B56-B670AE9C3971.root.
%MSG
%MSG-w XrdAdaptorInternal:  file_open 10-Jun-2024 15:44:40 CEST pre-events
Failed to open file at URL root://eoscms.cern.ch:1094//eos/cms/store/mc/RunIISummer20UL18MiniAODv2/QCD_Pt_1800to2400_TuneCP5_13TeV_pythia8/MINIAODSIM/106X_upgrade2018_realistic_v16_L1v1-v1/240000/CBA2CD59-835B-D948-9B56-B670AE9C3971.root?tried=.
%MSG
10-Jun-2024 15:44:40 CEST  Fallback request to file root://xrootd-cms.infn.it//store/mc/RunIISummer20UL18MiniAODv2/QCD_Pt_1800to2400_TuneCP5_13TeV_pythia8/MINIAODSIM/106X_upgrade2018_realistic_v16_L1v1-v1/240000/CBA2CD59-835B-D948-9B56-B670AE9C3971.root
Unable to load sec.protocol plugin libXrdSecztn.so
%MSG-w XrdAdaptor:  file_open 10-Jun-2024 15:44:55 CEST pre-events
Data is served from fnal.gov instead of original site T2_IT_Pisa
%MSG
10-Jun-2024 15:45:01 CEST  Successfully opened file root://xrootd-cms.infn.it//store/mc/RunIISummer20UL18MiniAODv2/QCD_Pt_1800to2400_TuneCP5_13TeV_pythia8/MINIAODSIM/106X_upgrade2018_realistic_v16_L1v1-v1/240000/CBA2CD59-835B-D948-9B56-B670AE9C3971.root
Unable to load sec.protocol plugin libXrdSecztn.so
Begin processing the 1st record. Run 1, Event 1590004, LumiSection 1591 on stream 0 at 10-Jun-2024 15:45:08.392 CEST
10-Jun-2024 15:45:11 CEST  Closed file root://xrootd-cms.infn.it//store/mc/RunIISummer20UL18MiniAODv2/QCD_Pt_1800to2400_TuneCP5_13TeV_pythia8/MINIAODSIM/106X_upgrade2018_realistic_v16_L1v1-v1/240000/CBA2CD59-835B-D948-9B56-B670AE9C3971.root
10-Jun-2024 15:45:11 CEST  Initiating request to open file root://eoscms.cern.ch//eos/cms/store/mc/RunIISummer20UL18MiniAODv2/QCD_Pt_1800to2400_TuneCP5_13TeV_pythia8/MINIAODSIM/106X_upgrade2018_realistic_v16_L1v1-v1/240000/2D39B377-7E01-CD4D-803A-9F43FC70E973.root
%MSG-w XrdAdaptorInternal:  file_open 10-Jun-2024 15:45:12 CEST PostProcessEvent
Failed to open file at URL root://eoscms.cern.ch:1094//eos/cms/store/mc/RunIISummer20UL18MiniAODv2/QCD_Pt_1800to2400_TuneCP5_13TeV_pythia8/MINIAODSIM/106X_upgrade2018_realistic_v16_L1v1-v1/240000/2D39B377-7E01-CD4D-803A-9F43FC70E973.root.
%MSG
%MSG-w XrdAdaptorInternal:  file_open 10-Jun-2024 15:45:12 CEST PostProcessEvent
Failed to open file at URL root://eoscms.cern.ch:1094//eos/cms/store/mc/RunIISummer20UL18MiniAODv2/QCD_Pt_1800to2400_TuneCP5_13TeV_pythia8/MINIAODSIM/106X_upgrade2018_realistic_v16_L1v1-v1/240000/2D39B377-7E01-CD4D-803A-9F43FC70E973.root?tried=.
%MSG
10-Jun-2024 15:45:12 CEST  Fallback request to file root://xrootd-cms.infn.it//store/mc/RunIISummer20UL18MiniAODv2/QCD_Pt_1800to2400_TuneCP5_13TeV_pythia8/MINIAODSIM/106X_upgrade2018_realistic_v16_L1v1-v1/240000/2D39B377-7E01-CD4D-803A-9F43FC70E973.root
%MSG-w XrdAdaptor:  file_open 10-Jun-2024 15:45:25 CEST PostProcessEvent
Data is served from fnal.gov instead of original site T2_IT_Pisa
%MSG
10-Jun-2024 15:45:26 CEST  Successfully opened file root://xrootd-cms.infn.it//store/mc/RunIISummer20UL18MiniAODv2/QCD_Pt_1800to2400_TuneCP5_13TeV_pythia8/MINIAODSIM/106X_upgrade2018_realistic_v16_L1v1-v1/240000/2D39B377-7E01-CD4D-803A-9F43FC70E973.root
10-Jun-2024 15:45:34 CEST  Closed file root://xrootd-cms.infn.it//store/mc/RunIISummer20UL18MiniAODv2/QCD_Pt_1800to2400_TuneCP5_13TeV_pythia8/MINIAODSIM/106X_upgrade2018_realistic_v16_L1v1-v1/240000/2D39B377-7E01-CD4D-803A-9F43FC70E973.root
10-Jun-2024 15:45:34 CEST  Initiating request to open file root://eoscms.cern.ch//eos/cms/store/mc/RunIISummer20UL18MiniAODv2/QCD_Pt_1800to2400_TuneCP5_13TeV_pythia8/MINIAODSIM/106X_upgrade2018_realistic_v16_L1v1-v1/240000/7BDDEEEC-1777-9F42-B1D7-C97469F42104.root
%MSG-w XrdAdaptorInternal:  file_open 10-Jun-2024 15:45:35 CEST PostProcessEvent
Failed to open file at URL root://eoscms.cern.ch:1094//eos/cms/store/mc/RunIISummer20UL18MiniAODv2/QCD_Pt_1800to2400_TuneCP5_13TeV_pythia8/MINIAODSIM/106X_upgrade2018_realistic_v16_L1v1-v1/240000/7BDDEEEC-1777-9F42-B1D7-C97469F42104.root.
%MSG
%MSG-w XrdAdaptorInternal:  file_open 10-Jun-2024 15:45:35 CEST PostProcessEvent
Failed to open file at URL root://eoscms.cern.ch:1094//eos/cms/store/mc/RunIISummer20UL18MiniAODv2/QCD_Pt_1800to2400_TuneCP5_13TeV_pythia8/MINIAODSIM/106X_upgrade2018_realistic_v16_L1v1-v1/240000/7BDDEEEC-1777-9F42-B1D7-C97469F42104.root?tried=.
%MSG
10-Jun-2024 15:45:35 CEST  Fallback request to file root://xrootd-cms.infn.it//store/mc/RunIISummer20UL18MiniAODv2/QCD_Pt_1800to2400_TuneCP5_13TeV_pythia8/MINIAODSIM/106X_upgrade2018_realistic_v16_L1v1-v1/240000/7BDDEEEC-1777-9F42-B1D7-C97469F42104.root
Unable to load sec.protocol plugin libXrdSecztn.so
%MSG-w XrdAdaptor:  file_open 10-Jun-2024 15:45:49 CEST PostProcessEvent
Data is served from fnal.gov instead of original site T2_IT_Pisa
%MSG
10-Jun-2024 15:45:50 CEST  Successfully opened file root://xrootd-cms.infn.it//store/mc/RunIISummer20UL18MiniAODv2/QCD_Pt_1800to2400_TuneCP5_13TeV_pythia8/MINIAODSIM/106X_upgrade2018_realistic_v16_L1v1-v1/240000/7BDDEEEC-1777-9F42-B1D7-C97469F42104.root
Begin processing the 100001st record. Run 1, Event 4594005, LumiSection 4595 on stream 0 at 10-Jun-2024 15:45:58.381 CEST
10-Jun-2024 15:46:00 CEST  Closed file root://xrootd-cms.infn.it//store/mc/RunIISummer20UL18MiniAODv2/QCD_Pt_1800to2400_TuneCP5_13TeV_pythia8/MINIAODSIM/106X_upgrade2018_realistic_v16_L1v1-v1/240000/7BDDEEEC-1777-9F42-B1D7-C97469F42104.root
10-Jun-2024 15:46:00 CEST  Initiating request to open file root://eoscms.cern.ch//eos/cms/store/mc/RunIISummer20UL18MiniAODv2/QCD_Pt_1800to2400_TuneCP5_13TeV_pythia8/MINIAODSIM/106X_upgrade2018_realistic_v16_L1v1-v1/240000/2476FF8E-4232-7447-BD48-3425B9D6353E.root
%MSG-w XrdAdaptorInternal:  file_open 10-Jun-2024 15:46:01 CEST PostProcessEvent
Failed to open file at URL root://eoscms.cern.ch:1094//eos/cms/store/mc/RunIISummer20UL18MiniAODv2/QCD_Pt_1800to2400_TuneCP5_13TeV_pythia8/MINIAODSIM/106X_upgrade2018_realistic_v16_L1v1-v1/240000/2476FF8E-4232-7447-BD48-3425B9D6353E.root.
%MSG
%MSG-w XrdAdaptorInternal:  file_open 10-Jun-2024 15:46:01 CEST PostProcessEvent
Failed to open file at URL root://eoscms.cern.ch:1094//eos/cms/store/mc/RunIISummer20UL18MiniAODv2/QCD_Pt_1800to2400_TuneCP5_13TeV_pythia8/MINIAODSIM/106X_upgrade2018_realistic_v16_L1v1-v1/240000/2476FF8E-4232-7447-BD48-3425B9D6353E.root?tried=.
%MSG
10-Jun-2024 15:46:01 CEST  Fallback request to file root://xrootd-cms.infn.it//store/mc/RunIISummer20UL18MiniAODv2/QCD_Pt_1800to2400_TuneCP5_13TeV_pythia8/MINIAODSIM/106X_upgrade2018_realistic_v16_L1v1-v1/240000/2476FF8E-4232-7447-BD48-3425B9D6353E.root
%MSG-w XrdAdaptor:  file_open 10-Jun-2024 15:46:13 CEST PostProcessEvent
Data is served from fnal.gov instead of original site T2_IT_Pisa
%MSG
10-Jun-2024 15:46:14 CEST  Successfully opened file root://xrootd-cms.infn.it//store/mc/RunIISummer20UL18MiniAODv2/QCD_Pt_1800to2400_TuneCP5_13TeV_pythia8/MINIAODSIM/106X_upgrade2018_realistic_v16_L1v1-v1/240000/2476FF8E-4232-7447-BD48-3425B9D6353E.root
10-Jun-2024 15:46:22 CEST  Closed file root://xrootd-cms.infn.it//store/mc/RunIISummer20UL18MiniAODv2/QCD_Pt_1800to2400_TuneCP5_13TeV_pythia8/MINIAODSIM/106X_upgrade2018_realistic_v16_L1v1-v1/240000/2476FF8E-4232-7447-BD48-3425B9D6353E.root
10-Jun-2024 15:46:22 CEST  Initiating request to open file root://eoscms.cern.ch//eos/cms/store/mc/RunIISummer20UL18MiniAODv2/QCD_Pt_1800to2400_TuneCP5_13TeV_pythia8/MINIAODSIM/106X_upgrade2018_realistic_v16_L1v1-v1/240000/5CE9D69D-25AD-A146-BF48-EBCD32640F30.root
%MSG-w XrdAdaptorInternal:  file_open 10-Jun-2024 15:46:23 CEST PostProcessEvent
Failed to open file at URL root://eoscms.cern.ch:1094//eos/cms/store/mc/RunIISummer20UL18MiniAODv2/QCD_Pt_1800to2400_TuneCP5_13TeV_pythia8/MINIAODSIM/106X_upgrade2018_realistic_v16_L1v1-v1/240000/5CE9D69D-25AD-A146-BF48-EBCD32640F30.root.
%MSG
%MSG-w XrdAdaptorInternal:  file_open 10-Jun-2024 15:46:23 CEST PostProcessEvent
Failed to open file at URL root://eoscms.cern.ch:1094//eos/cms/store/mc/RunIISummer20UL18MiniAODv2/QCD_Pt_1800to2400_TuneCP5_13TeV_pythia8/MINIAODSIM/106X_upgrade2018_realistic_v16_L1v1-v1/240000/5CE9D69D-25AD-A146-BF48-EBCD32640F30.root?tried=.
%MSG
10-Jun-2024 15:46:23 CEST  Fallback request to file root://xrootd-cms.infn.it//store/mc/RunIISummer20UL18MiniAODv2/QCD_Pt_1800to2400_TuneCP5_13TeV_pythia8/MINIAODSIM/106X_upgrade2018_realistic_v16_L1v1-v1/240000/5CE9D69D-25AD-A146-BF48-EBCD32640F30.root
%MSG-w XrdAdaptor:  file_open 10-Jun-2024 15:46:38 CEST PostProcessEvent
Data is served from T2_US_Florida instead of original site T2_IT_Pisa
%MSG
10-Jun-2024 15:46:39 CEST  Successfully opened file root://xrootd-cms.infn.it//store/mc/RunIISummer20UL18MiniAODv2/QCD_Pt_1800to2400_TuneCP5_13TeV_pythia8/MINIAODSIM/106X_upgrade2018_realistic_v16_L1v1-v1/240000/5CE9D69D-25AD-A146-BF48-EBCD32640F30.root
Begin processing the 200001st record. Run 1, Event 1831003, LumiSection 1832 on stream 0 at 10-Jun-2024 15:46:47.695 CEST
10-Jun-2024 15:46:49 CEST  Closed file root://xrootd-cms.infn.it//store/mc/RunIISummer20UL18MiniAODv2/QCD_Pt_1800to2400_TuneCP5_13TeV_pythia8/MINIAODSIM/106X_upgrade2018_realistic_v16_L1v1-v1/240000/5CE9D69D-25AD-A146-BF48-EBCD32640F30.root
10-Jun-2024 15:46:49 CEST  Initiating request to open file root://eoscms.cern.ch//eos/cms/store/mc/RunIISummer20UL18MiniAODv2/QCD_Pt_1800to2400_TuneCP5_13TeV_pythia8/MINIAODSIM/106X_upgrade2018_realistic_v16_L1v1-v1/240000/AEB939F9-B0D6-004B-B41D-C763185F3171.root
%MSG-w XrdAdaptorInternal:  file_open 10-Jun-2024 15:46:50 CEST PostProcessEvent
Failed to open file at URL root://eoscms.cern.ch:1094//eos/cms/store/mc/RunIISummer20UL18MiniAODv2/QCD_Pt_1800to2400_TuneCP5_13TeV_pythia8/MINIAODSIM/106X_upgrade2018_realistic_v16_L1v1-v1/240000/AEB939F9-B0D6-004B-B41D-C763185F3171.root.
%MSG
%MSG-w XrdAdaptorInternal:  file_open 10-Jun-2024 15:46:50 CEST PostProcessEvent
Failed to open file at URL root://eoscms.cern.ch:1094//eos/cms/store/mc/RunIISummer20UL18MiniAODv2/QCD_Pt_1800to2400_TuneCP5_13TeV_pythia8/MINIAODSIM/106X_upgrade2018_realistic_v16_L1v1-v1/240000/AEB939F9-B0D6-004B-B41D-C763185F3171.root?tried=.
%MSG
10-Jun-2024 15:46:50 CEST  Fallback request to file root://xrootd-cms.infn.it//store/mc/RunIISummer20UL18MiniAODv2/QCD_Pt_1800to2400_TuneCP5_13TeV_pythia8/MINIAODSIM/106X_upgrade2018_realistic_v16_L1v1-v1/240000/AEB939F9-B0D6-004B-B41D-C763185F3171.root
%MSG-w XrdAdaptor:  file_open 10-Jun-2024 15:47:02 CEST PostProcessEvent
Data is served from T2_US_Florida instead of original site T2_IT_Pisa
%MSG
10-Jun-2024 15:47:03 CEST  Successfully opened file root://xrootd-cms.infn.it//store/mc/RunIISummer20UL18MiniAODv2/QCD_Pt_1800to2400_TuneCP5_13TeV_pythia8/MINIAODSIM/106X_upgrade2018_realistic_v16_L1v1-v1/240000/AEB939F9-B0D6-004B-B41D-C763185F3171.root
10-Jun-2024 15:47:13 CEST  Closed file root://xrootd-cms.infn.it//store/mc/RunIISummer20UL18MiniAODv2/QCD_Pt_1800to2400_TuneCP5_13TeV_pythia8/MINIAODSIM/106X_upgrade2018_realistic_v16_L1v1-v1/240000/AEB939F9-B0D6-004B-B41D-C763185F3171.root
10-Jun-2024 15:47:13 CEST  Initiating request to open file root://eoscms.cern.ch//eos/cms/store/mc/RunIISummer20UL18MiniAODv2/QCD_Pt_1800to2400_TuneCP5_13TeV_pythia8/MINIAODSIM/106X_upgrade2018_realistic_v16_L1v1-v1/240000/2C601531-B2B1-FF4B-99FD-8777D62DE37A.root
%MSG-w XrdAdaptorInternal:  file_open 10-Jun-2024 15:47:14 CEST PostProcessEvent
Failed to open file at URL root://eoscms.cern.ch:1094//eos/cms/store/mc/RunIISummer20UL18MiniAODv2/QCD_Pt_1800to2400_TuneCP5_13TeV_pythia8/MINIAODSIM/106X_upgrade2018_realistic_v16_L1v1-v1/240000/2C601531-B2B1-FF4B-99FD-8777D62DE37A.root.
%MSG
%MSG-w XrdAdaptorInternal:  file_open 10-Jun-2024 15:47:14 CEST PostProcessEvent
Failed to open file at URL root://eoscms.cern.ch:1094//eos/cms/store/mc/RunIISummer20UL18MiniAODv2/QCD_Pt_1800to2400_TuneCP5_13TeV_pythia8/MINIAODSIM/106X_upgrade2018_realistic_v16_L1v1-v1/240000/2C601531-B2B1-FF4B-99FD-8777D62DE37A.root?tried=.
%MSG
10-Jun-2024 15:47:14 CEST  Fallback request to file root://xrootd-cms.infn.it//store/mc/RunIISummer20UL18MiniAODv2/QCD_Pt_1800to2400_TuneCP5_13TeV_pythia8/MINIAODSIM/106X_upgrade2018_realistic_v16_L1v1-v1/240000/2C601531-B2B1-FF4B-99FD-8777D62DE37A.root
%MSG-w XrdAdaptor:  file_open 10-Jun-2024 15:47:27 CEST PostProcessEvent
Data is served from T2_US_Florida instead of original site T2_IT_Pisa
%MSG
10-Jun-2024 15:47:28 CEST  Successfully opened file root://xrootd-cms.infn.it//store/mc/RunIISummer20UL18MiniAODv2/QCD_Pt_1800to2400_TuneCP5_13TeV_pythia8/MINIAODSIM/106X_upgrade2018_realistic_v16_L1v1-v1/240000/2C601531-B2B1-FF4B-99FD-8777D62DE37A.root
Begin processing the 300001st record. Run 1, Event 3665003, LumiSection 3666 on stream 0 at 10-Jun-2024 15:47:38.904 CEST
10-Jun-2024 15:47:40 CEST  Closed file root://xrootd-cms.infn.it//store/mc/RunIISummer20UL18MiniAODv2/QCD_Pt_1800to2400_TuneCP5_13TeV_pythia8/MINIAODSIM/106X_upgrade2018_realistic_v16_L1v1-v1/240000/2C601531-B2B1-FF4B-99FD-8777D62DE37A.root
10-Jun-2024 15:47:40 CEST  Initiating request to open file root://eoscms.cern.ch//eos/cms/store/mc/RunIISummer20UL18MiniAODv2/QCD_Pt_1800to2400_TuneCP5_13TeV_pythia8/MINIAODSIM/106X_upgrade2018_realistic_v16_L1v1-v1/240000/CC3DCCDB-6B63-CB4E-97BC-034350499AE9.root
%MSG-w XrdAdaptorInternal:  file_open 10-Jun-2024 15:47:41 CEST PostProcessEvent
Failed to open file at URL root://eoscms.cern.ch:1094//eos/cms/store/mc/RunIISummer20UL18MiniAODv2/QCD_Pt_1800to2400_TuneCP5_13TeV_pythia8/MINIAODSIM/106X_upgrade2018_realistic_v16_L1v1-v1/240000/CC3DCCDB-6B63-CB4E-97BC-034350499AE9.root.
%MSG
%MSG-w XrdAdaptorInternal:  file_open 10-Jun-2024 15:47:41 CEST PostProcessEvent
Failed to open file at URL root://eoscms.cern.ch:1094//eos/cms/store/mc/RunIISummer20UL18MiniAODv2/QCD_Pt_1800to2400_TuneCP5_13TeV_pythia8/MINIAODSIM/106X_upgrade2018_realistic_v16_L1v1-v1/240000/CC3DCCDB-6B63-CB4E-97BC-034350499AE9.root?tried=.
%MSG
10-Jun-2024 15:47:41 CEST  Fallback request to file root://xrootd-cms.infn.it//store/mc/RunIISummer20UL18MiniAODv2/QCD_Pt_1800to2400_TuneCP5_13TeV_pythia8/MINIAODSIM/106X_upgrade2018_realistic_v16_L1v1-v1/240000/CC3DCCDB-6B63-CB4E-97BC-034350499AE9.root
%MSG-w XrdAdaptor:  file_open 10-Jun-2024 15:47:54 CEST PostProcessEvent
Data is served from T2_US_Florida instead of original site T2_IT_Pisa
%MSG
10-Jun-2024 15:47:55 CEST  Successfully opened file root://xrootd-cms.infn.it//store/mc/RunIISummer20UL18MiniAODv2/QCD_Pt_1800to2400_TuneCP5_13TeV_pythia8/MINIAODSIM/106X_upgrade2018_realistic_v16_L1v1-v1/240000/CC3DCCDB-6B63-CB4E-97BC-034350499AE9.root
10-Jun-2024 15:48:05 CEST  Closed file root://xrootd-cms.infn.it//store/mc/RunIISummer20UL18MiniAODv2/QCD_Pt_1800to2400_TuneCP5_13TeV_pythia8/MINIAODSIM/106X_upgrade2018_realistic_v16_L1v1-v1/240000/CC3DCCDB-6B63-CB4E-97BC-034350499AE9.root
10-Jun-2024 15:48:05 CEST  Initiating request to open file root://eoscms.cern.ch//eos/cms/store/mc/RunIISummer20UL18MiniAODv2/QCD_Pt_1800to2400_TuneCP5_13TeV_pythia8/MINIAODSIM/106X_upgrade2018_realistic_v16_L1v1-v1/240000/0A933610-BD53-E342-97E9-54F4E4DF5733.root
%MSG-w XrdAdaptorInternal:  file_open 10-Jun-2024 15:48:06 CEST PostProcessEvent
Failed to open file at URL root://eoscms.cern.ch:1094//eos/cms/store/mc/RunIISummer20UL18MiniAODv2/QCD_Pt_1800to2400_TuneCP5_13TeV_pythia8/MINIAODSIM/106X_upgrade2018_realistic_v16_L1v1-v1/240000/0A933610-BD53-E342-97E9-54F4E4DF5733.root.
%MSG
%MSG-w XrdAdaptorInternal:  file_open 10-Jun-2024 15:48:06 CEST PostProcessEvent
Failed to open file at URL root://eoscms.cern.ch:1094//eos/cms/store/mc/RunIISummer20UL18MiniAODv2/QCD_Pt_1800to2400_TuneCP5_13TeV_pythia8/MINIAODSIM/106X_upgrade2018_realistic_v16_L1v1-v1/240000/0A933610-BD53-E342-97E9-54F4E4DF5733.root?tried=.
%MSG
10-Jun-2024 15:48:06 CEST  Fallback request to file root://xrootd-cms.infn.it//store/mc/RunIISummer20UL18MiniAODv2/QCD_Pt_1800to2400_TuneCP5_13TeV_pythia8/MINIAODSIM/106X_upgrade2018_realistic_v16_L1v1-v1/240000/0A933610-BD53-E342-97E9-54F4E4DF5733.root
%MSG-w XrdAdaptor:  file_open 10-Jun-2024 15:48:19 CEST PostProcessEvent
Data is served from T2_US_Florida instead of original site T2_IT_Pisa
%MSG
10-Jun-2024 15:48:20 CEST  Successfully opened file root://xrootd-cms.infn.it//store/mc/RunIISummer20UL18MiniAODv2/QCD_Pt_1800to2400_TuneCP5_13TeV_pythia8/MINIAODSIM/106X_upgrade2018_realistic_v16_L1v1-v1/240000/0A933610-BD53-E342-97E9-54F4E4DF5733.root
Begin processing the 400001st record. Run 1, Event 1134009, LumiSection 1135 on stream 0 at 10-Jun-2024 15:48:28.323 CEST
10-Jun-2024 15:48:29 CEST  Closed file root://xrootd-cms.infn.it//store/mc/RunIISummer20UL18MiniAODv2/QCD_Pt_1800to2400_TuneCP5_13TeV_pythia8/MINIAODSIM/106X_upgrade2018_realistic_v16_L1v1-v1/240000/0A933610-BD53-E342-97E9-54F4E4DF5733.root
10-Jun-2024 15:48:29 CEST  Initiating request to open file root://eoscms.cern.ch//eos/cms/store/mc/RunIISummer20UL18MiniAODv2/QCD_Pt_1800to2400_TuneCP5_13TeV_pythia8/MINIAODSIM/106X_upgrade2018_realistic_v16_L1v1-v1/240000/AAC3F03C-7F34-2D48-A1DC-1C3F5A5D212B.root
%MSG-w XrdAdaptorInternal:  file_open 10-Jun-2024 15:48:30 CEST PostProcessEvent
Failed to open file at URL root://eoscms.cern.ch:1094//eos/cms/store/mc/RunIISummer20UL18MiniAODv2/QCD_Pt_1800to2400_TuneCP5_13TeV_pythia8/MINIAODSIM/106X_upgrade2018_realistic_v16_L1v1-v1/240000/AAC3F03C-7F34-2D48-A1DC-1C3F5A5D212B.root.
%MSG
%MSG-w XrdAdaptorInternal:  file_open 10-Jun-2024 15:48:30 CEST PostProcessEvent
Failed to open file at URL root://eoscms.cern.ch:1094//eos/cms/store/mc/RunIISummer20UL18MiniAODv2/QCD_Pt_1800to2400_TuneCP5_13TeV_pythia8/MINIAODSIM/106X_upgrade2018_realistic_v16_L1v1-v1/240000/AAC3F03C-7F34-2D48-A1DC-1C3F5A5D212B.root?tried=.
%MSG
10-Jun-2024 15:48:30 CEST  Fallback request to file root://xrootd-cms.infn.it//store/mc/RunIISummer20UL18MiniAODv2/QCD_Pt_1800to2400_TuneCP5_13TeV_pythia8/MINIAODSIM/106X_upgrade2018_realistic_v16_L1v1-v1/240000/AAC3F03C-7F34-2D48-A1DC-1C3F5A5D212B.root
%MSG-w XrdAdaptor:  file_open 10-Jun-2024 15:48:43 CEST PostProcessEvent
Data is served from T2_US_Florida instead of original site T2_IT_Pisa
%MSG
10-Jun-2024 15:48:44 CEST  Successfully opened file root://xrootd-cms.infn.it//store/mc/RunIISummer20UL18MiniAODv2/QCD_Pt_1800to2400_TuneCP5_13TeV_pythia8/MINIAODSIM/106X_upgrade2018_realistic_v16_L1v1-v1/240000/AAC3F03C-7F34-2D48-A1DC-1C3F5A5D212B.root
10-Jun-2024 15:48:55 CEST  Closed file root://xrootd-cms.infn.it//store/mc/RunIISummer20UL18MiniAODv2/QCD_Pt_1800to2400_TuneCP5_13TeV_pythia8/MINIAODSIM/106X_upgrade2018_realistic_v16_L1v1-v1/240000/AAC3F03C-7F34-2D48-A1DC-1C3F5A5D212B.root
10-Jun-2024 15:48:55 CEST  Initiating request to open file root://eoscms.cern.ch//eos/cms/store/mc/RunIISummer20UL18MiniAODv2/QCD_Pt_1800to2400_TuneCP5_13TeV_pythia8/MINIAODSIM/106X_upgrade2018_realistic_v16_L1v1-v1/240000/E60CB54F-2DCD-A84B-B751-CA9BECC51613.root
%MSG-w XrdAdaptorInternal:  file_open 10-Jun-2024 15:48:56 CEST PostProcessEvent
Failed to open file at URL root://eoscms.cern.ch:1094//eos/cms/store/mc/RunIISummer20UL18MiniAODv2/QCD_Pt_1800to2400_TuneCP5_13TeV_pythia8/MINIAODSIM/106X_upgrade2018_realistic_v16_L1v1-v1/240000/E60CB54F-2DCD-A84B-B751-CA9BECC51613.root.
%MSG
%MSG-w XrdAdaptorInternal:  file_open 10-Jun-2024 15:48:56 CEST PostProcessEvent
Failed to open file at URL root://eoscms.cern.ch:1094//eos/cms/store/mc/RunIISummer20UL18MiniAODv2/QCD_Pt_1800to2400_TuneCP5_13TeV_pythia8/MINIAODSIM/106X_upgrade2018_realistic_v16_L1v1-v1/240000/E60CB54F-2DCD-A84B-B751-CA9BECC51613.root?tried=.
%MSG
10-Jun-2024 15:48:56 CEST  Fallback request to file root://xrootd-cms.infn.it//store/mc/RunIISummer20UL18MiniAODv2/QCD_Pt_1800to2400_TuneCP5_13TeV_pythia8/MINIAODSIM/106X_upgrade2018_realistic_v16_L1v1-v1/240000/E60CB54F-2DCD-A84B-B751-CA9BECC51613.root
%MSG-w XrdAdaptor:  file_open 10-Jun-2024 15:49:09 CEST PostProcessEvent
Data is served from T2_US_Florida instead of original site T2_IT_Pisa
%MSG
10-Jun-2024 15:49:10 CEST  Successfully opened file root://xrootd-cms.infn.it//store/mc/RunIISummer20UL18MiniAODv2/QCD_Pt_1800to2400_TuneCP5_13TeV_pythia8/MINIAODSIM/106X_upgrade2018_realistic_v16_L1v1-v1/240000/E60CB54F-2DCD-A84B-B751-CA9BECC51613.root
Begin processing the 500001st record. Run 1, Event 2917011, LumiSection 2918 on stream 0 at 10-Jun-2024 15:49:18.456 CEST
10-Jun-2024 15:49:19 CEST  Closed file root://xrootd-cms.infn.it//store/mc/RunIISummer20UL18MiniAODv2/QCD_Pt_1800to2400_TuneCP5_13TeV_pythia8/MINIAODSIM/106X_upgrade2018_realistic_v16_L1v1-v1/240000/E60CB54F-2DCD-A84B-B751-CA9BECC51613.root
10-Jun-2024 15:49:19 CEST  Initiating request to open file root://eoscms.cern.ch//eos/cms/store/mc/RunIISummer20UL18MiniAODv2/QCD_Pt_1800to2400_TuneCP5_13TeV_pythia8/MINIAODSIM/106X_upgrade2018_realistic_v16_L1v1-v1/240000/3100863D-BD46-B84B-B7D7-98A4107F8AB6.root
%MSG-w XrdAdaptorInternal:  file_open 10-Jun-2024 15:49:20 CEST PostProcessEvent
Failed to open file at URL root://eoscms.cern.ch:1094//eos/cms/store/mc/RunIISummer20UL18MiniAODv2/QCD_Pt_1800to2400_TuneCP5_13TeV_pythia8/MINIAODSIM/106X_upgrade2018_realistic_v16_L1v1-v1/240000/3100863D-BD46-B84B-B7D7-98A4107F8AB6.root.
%MSG
%MSG-w XrdAdaptorInternal:  file_open 10-Jun-2024 15:49:20 CEST PostProcessEvent
Failed to open file at URL root://eoscms.cern.ch:1094//eos/cms/store/mc/RunIISummer20UL18MiniAODv2/QCD_Pt_1800to2400_TuneCP5_13TeV_pythia8/MINIAODSIM/106X_upgrade2018_realistic_v16_L1v1-v1/240000/3100863D-BD46-B84B-B7D7-98A4107F8AB6.root?tried=.
%MSG
10-Jun-2024 15:49:20 CEST  Fallback request to file root://xrootd-cms.infn.it//store/mc/RunIISummer20UL18MiniAODv2/QCD_Pt_1800to2400_TuneCP5_13TeV_pythia8/MINIAODSIM/106X_upgrade2018_realistic_v16_L1v1-v1/240000/3100863D-BD46-B84B-B7D7-98A4107F8AB6.root
%MSG-w XrdAdaptor:  file_open 10-Jun-2024 15:49:33 CEST PostProcessEvent
Data is served from T2_US_Florida instead of original site T2_IT_Pisa
%MSG
10-Jun-2024 15:49:34 CEST  Successfully opened file root://xrootd-cms.infn.it//store/mc/RunIISummer20UL18MiniAODv2/QCD_Pt_1800to2400_TuneCP5_13TeV_pythia8/MINIAODSIM/106X_upgrade2018_realistic_v16_L1v1-v1/240000/3100863D-BD46-B84B-B7D7-98A4107F8AB6.root
10-Jun-2024 15:49:43 CEST  Closed file root://xrootd-cms.infn.it//store/mc/RunIISummer20UL18MiniAODv2/QCD_Pt_1800to2400_TuneCP5_13TeV_pythia8/MINIAODSIM/106X_upgrade2018_realistic_v16_L1v1-v1/240000/3100863D-BD46-B84B-B7D7-98A4107F8AB6.root
10-Jun-2024 15:49:43 CEST  Initiating request to open file root://eoscms.cern.ch//eos/cms/store/mc/RunIISummer20UL18MiniAODv2/QCD_Pt_1800to2400_TuneCP5_13TeV_pythia8/MINIAODSIM/106X_upgrade2018_realistic_v16_L1v1-v1/240000/10CE71AE-7A25-9E4E-B604-2FA2FE28F2F8.root
%MSG-w XrdAdaptorInternal:  file_open 10-Jun-2024 15:49:44 CEST PostProcessEvent
Failed to open file at URL root://eoscms.cern.ch:1094//eos/cms/store/mc/RunIISummer20UL18MiniAODv2/QCD_Pt_1800to2400_TuneCP5_13TeV_pythia8/MINIAODSIM/106X_upgrade2018_realistic_v16_L1v1-v1/240000/10CE71AE-7A25-9E4E-B604-2FA2FE28F2F8.root.
%MSG
%MSG-w XrdAdaptorInternal:  file_open 10-Jun-2024 15:49:44 CEST PostProcessEvent
Failed to open file at URL root://eoscms.cern.ch:1094//eos/cms/store/mc/RunIISummer20UL18MiniAODv2/QCD_Pt_1800to2400_TuneCP5_13TeV_pythia8/MINIAODSIM/106X_upgrade2018_realistic_v16_L1v1-v1/240000/10CE71AE-7A25-9E4E-B604-2FA2FE28F2F8.root?tried=.
%MSG
10-Jun-2024 15:49:44 CEST  Fallback request to file root://xrootd-cms.infn.it//store/mc/RunIISummer20UL18MiniAODv2/QCD_Pt_1800to2400_TuneCP5_13TeV_pythia8/MINIAODSIM/106X_upgrade2018_realistic_v16_L1v1-v1/240000/10CE71AE-7A25-9E4E-B604-2FA2FE28F2F8.root
%MSG-w XrdAdaptor:  file_open 10-Jun-2024 15:49:57 CEST PostProcessEvent
Data is served from T2_US_Florida instead of original site T2_IT_Pisa
%MSG
10-Jun-2024 15:49:58 CEST  Successfully opened file root://xrootd-cms.infn.it//store/mc/RunIISummer20UL18MiniAODv2/QCD_Pt_1800to2400_TuneCP5_13TeV_pythia8/MINIAODSIM/106X_upgrade2018_realistic_v16_L1v1-v1/240000/10CE71AE-7A25-9E4E-B604-2FA2FE28F2F8.root
Begin processing the 600001st record. Run 1, Event 2468006, LumiSection 2469 on stream 0 at 10-Jun-2024 15:50:06.815 CEST
10-Jun-2024 15:50:07 CEST  Closed file root://xrootd-cms.infn.it//store/mc/RunIISummer20UL18MiniAODv2/QCD_Pt_1800to2400_TuneCP5_13TeV_pythia8/MINIAODSIM/106X_upgrade2018_realistic_v16_L1v1-v1/240000/10CE71AE-7A25-9E4E-B604-2FA2FE28F2F8.root
10-Jun-2024 15:50:07 CEST  Initiating request to open file root://eoscms.cern.ch//eos/cms/store/mc/RunIISummer20UL18MiniAODv2/QCD_Pt_1800to2400_TuneCP5_13TeV_pythia8/MINIAODSIM/106X_upgrade2018_realistic_v16_L1v1-v1/240000/60229074-3E3E-714D-B8B4-B9924C4D016E.root
%MSG-w XrdAdaptorInternal:  file_open 10-Jun-2024 15:50:08 CEST PostProcessEvent
Failed to open file at URL root://eoscms.cern.ch:1094//eos/cms/store/mc/RunIISummer20UL18MiniAODv2/QCD_Pt_1800to2400_TuneCP5_13TeV_pythia8/MINIAODSIM/106X_upgrade2018_realistic_v16_L1v1-v1/240000/60229074-3E3E-714D-B8B4-B9924C4D016E.root.
%MSG
%MSG-w XrdAdaptorInternal:  file_open 10-Jun-2024 15:50:08 CEST PostProcessEvent
Failed to open file at URL root://eoscms.cern.ch:1094//eos/cms/store/mc/RunIISummer20UL18MiniAODv2/QCD_Pt_1800to2400_TuneCP5_13TeV_pythia8/MINIAODSIM/106X_upgrade2018_realistic_v16_L1v1-v1/240000/60229074-3E3E-714D-B8B4-B9924C4D016E.root?tried=.
%MSG
10-Jun-2024 15:50:08 CEST  Fallback request to file root://xrootd-cms.infn.it//store/mc/RunIISummer20UL18MiniAODv2/QCD_Pt_1800to2400_TuneCP5_13TeV_pythia8/MINIAODSIM/106X_upgrade2018_realistic_v16_L1v1-v1/240000/60229074-3E3E-714D-B8B4-B9924C4D016E.root
%MSG-w XrdAdaptor:  file_open 10-Jun-2024 15:50:21 CEST PostProcessEvent
Data is served from T2_US_Florida instead of original site T2_IT_Pisa
%MSG
10-Jun-2024 15:50:22 CEST  Successfully opened file root://xrootd-cms.infn.it//store/mc/RunIISummer20UL18MiniAODv2/QCD_Pt_1800to2400_TuneCP5_13TeV_pythia8/MINIAODSIM/106X_upgrade2018_realistic_v16_L1v1-v1/240000/60229074-3E3E-714D-B8B4-B9924C4D016E.root
10-Jun-2024 15:50:33 CEST  Closed file root://xrootd-cms.infn.it//store/mc/RunIISummer20UL18MiniAODv2/QCD_Pt_1800to2400_TuneCP5_13TeV_pythia8/MINIAODSIM/106X_upgrade2018_realistic_v16_L1v1-v1/240000/60229074-3E3E-714D-B8B4-B9924C4D016E.root
10-Jun-2024 15:50:33 CEST  Initiating request to open file root://eoscms.cern.ch//eos/cms/store/mc/RunIISummer20UL18MiniAODv2/QCD_Pt_1800to2400_TuneCP5_13TeV_pythia8/MINIAODSIM/106X_upgrade2018_realistic_v16_L1v1-v1/240000/8F3D5E75-E149-7E4E-8A79-23AC61089703.root
%MSG-w XrdAdaptorInternal:  file_open 10-Jun-2024 15:50:34 CEST PostProcessEvent
Failed to open file at URL root://eoscms.cern.ch:1094//eos/cms/store/mc/RunIISummer20UL18MiniAODv2/QCD_Pt_1800to2400_TuneCP5_13TeV_pythia8/MINIAODSIM/106X_upgrade2018_realistic_v16_L1v1-v1/240000/8F3D5E75-E149-7E4E-8A79-23AC61089703.root.
%MSG
%MSG-w XrdAdaptorInternal:  file_open 10-Jun-2024 15:50:34 CEST PostProcessEvent
Failed to open file at URL root://eoscms.cern.ch:1094//eos/cms/store/mc/RunIISummer20UL18MiniAODv2/QCD_Pt_1800to2400_TuneCP5_13TeV_pythia8/MINIAODSIM/106X_upgrade2018_realistic_v16_L1v1-v1/240000/8F3D5E75-E149-7E4E-8A79-23AC61089703.root?tried=.
%MSG
10-Jun-2024 15:50:34 CEST  Fallback request to file root://xrootd-cms.infn.it//store/mc/RunIISummer20UL18MiniAODv2/QCD_Pt_1800to2400_TuneCP5_13TeV_pythia8/MINIAODSIM/106X_upgrade2018_realistic_v16_L1v1-v1/240000/8F3D5E75-E149-7E4E-8A79-23AC61089703.root
%MSG-w XrdAdaptor:  file_open 10-Jun-2024 15:50:47 CEST PostProcessEvent
Data is served from T2_US_Florida instead of original site T2_IT_Pisa
%MSG
10-Jun-2024 15:50:48 CEST  Successfully opened file root://xrootd-cms.infn.it//store/mc/RunIISummer20UL18MiniAODv2/QCD_Pt_1800to2400_TuneCP5_13TeV_pythia8/MINIAODSIM/106X_upgrade2018_realistic_v16_L1v1-v1/240000/8F3D5E75-E149-7E4E-8A79-23AC61089703.root
Begin processing the 700001st record. Run 1, Event 4872008, LumiSection 4873 on stream 0 at 10-Jun-2024 15:50:56.771 CEST
10-Jun-2024 15:50:57 CEST  Closed file root://xrootd-cms.infn.it//store/mc/RunIISummer20UL18MiniAODv2/QCD_Pt_1800to2400_TuneCP5_13TeV_pythia8/MINIAODSIM/106X_upgrade2018_realistic_v16_L1v1-v1/240000/8F3D5E75-E149-7E4E-8A79-23AC61089703.root
10-Jun-2024 15:50:57 CEST  Initiating request to open file root://eoscms.cern.ch//eos/cms/store/mc/RunIISummer20UL18MiniAODv2/QCD_Pt_1800to2400_TuneCP5_13TeV_pythia8/MINIAODSIM/106X_upgrade2018_realistic_v16_L1v1-v1/240000/75F45C1C-55CB-BD4B-9686-09837F358F57.root
%MSG-w XrdAdaptorInternal:  file_open 10-Jun-2024 15:50:58 CEST PostProcessEvent
Failed to open file at URL root://eoscms.cern.ch:1094//eos/cms/store/mc/RunIISummer20UL18MiniAODv2/QCD_Pt_1800to2400_TuneCP5_13TeV_pythia8/MINIAODSIM/106X_upgrade2018_realistic_v16_L1v1-v1/240000/75F45C1C-55CB-BD4B-9686-09837F358F57.root.
%MSG
%MSG-w XrdAdaptorInternal:  file_open 10-Jun-2024 15:50:58 CEST PostProcessEvent
Failed to open file at URL root://eoscms.cern.ch:1094//eos/cms/store/mc/RunIISummer20UL18MiniAODv2/QCD_Pt_1800to2400_TuneCP5_13TeV_pythia8/MINIAODSIM/106X_upgrade2018_realistic_v16_L1v1-v1/240000/75F45C1C-55CB-BD4B-9686-09837F358F57.root?tried=.
%MSG
10-Jun-2024 15:50:58 CEST  Fallback request to file root://xrootd-cms.infn.it//store/mc/RunIISummer20UL18MiniAODv2/QCD_Pt_1800to2400_TuneCP5_13TeV_pythia8/MINIAODSIM/106X_upgrade2018_realistic_v16_L1v1-v1/240000/75F45C1C-55CB-BD4B-9686-09837F358F57.root
%MSG-w XrdAdaptor:  file_open 10-Jun-2024 15:51:11 CEST PostProcessEvent
Data is served from T2_US_Florida instead of original site T2_IT_Pisa
%MSG
10-Jun-2024 15:51:12 CEST  Successfully opened file root://xrootd-cms.infn.it//store/mc/RunIISummer20UL18MiniAODv2/QCD_Pt_1800to2400_TuneCP5_13TeV_pythia8/MINIAODSIM/106X_upgrade2018_realistic_v16_L1v1-v1/240000/75F45C1C-55CB-BD4B-9686-09837F358F57.root
10-Jun-2024 15:51:21 CEST  Closed file root://xrootd-cms.infn.it//store/mc/RunIISummer20UL18MiniAODv2/QCD_Pt_1800to2400_TuneCP5_13TeV_pythia8/MINIAODSIM/106X_upgrade2018_realistic_v16_L1v1-v1/240000/75F45C1C-55CB-BD4B-9686-09837F358F57.root
10-Jun-2024 15:51:21 CEST  Initiating request to open file root://eoscms.cern.ch//eos/cms/store/mc/RunIISummer20UL18MiniAODv2/QCD_Pt_1800to2400_TuneCP5_13TeV_pythia8/MINIAODSIM/106X_upgrade2018_realistic_v16_L1v1-v1/240000/EC06149F-2113-314E-AAC1-51C04C8D4E10.root
%MSG-w XrdAdaptorInternal:  file_open 10-Jun-2024 15:51:22 CEST PostProcessEvent
Failed to open file at URL root://eoscms.cern.ch:1094//eos/cms/store/mc/RunIISummer20UL18MiniAODv2/QCD_Pt_1800to2400_TuneCP5_13TeV_pythia8/MINIAODSIM/106X_upgrade2018_realistic_v16_L1v1-v1/240000/EC06149F-2113-314E-AAC1-51C04C8D4E10.root.
%MSG
%MSG-w XrdAdaptorInternal:  file_open 10-Jun-2024 15:51:22 CEST PostProcessEvent
Failed to open file at URL root://eoscms.cern.ch:1094//eos/cms/store/mc/RunIISummer20UL18MiniAODv2/QCD_Pt_1800to2400_TuneCP5_13TeV_pythia8/MINIAODSIM/106X_upgrade2018_realistic_v16_L1v1-v1/240000/EC06149F-2113-314E-AAC1-51C04C8D4E10.root?tried=.
%MSG
10-Jun-2024 15:51:22 CEST  Fallback request to file root://xrootd-cms.infn.it//store/mc/RunIISummer20UL18MiniAODv2/QCD_Pt_1800to2400_TuneCP5_13TeV_pythia8/MINIAODSIM/106X_upgrade2018_realistic_v16_L1v1-v1/240000/EC06149F-2113-314E-AAC1-51C04C8D4E10.root
%MSG-w XrdAdaptor:  file_open 10-Jun-2024 15:51:35 CEST PostProcessEvent
Data is served from T2_US_Florida instead of original site T2_IT_Pisa
%MSG
10-Jun-2024 15:51:36 CEST  Successfully opened file root://xrootd-cms.infn.it//store/mc/RunIISummer20UL18MiniAODv2/QCD_Pt_1800to2400_TuneCP5_13TeV_pythia8/MINIAODSIM/106X_upgrade2018_realistic_v16_L1v1-v1/240000/EC06149F-2113-314E-AAC1-51C04C8D4E10.root
Begin processing the 800001st record. Run 1, Event 3634002, LumiSection 3635 on stream 0 at 10-Jun-2024 15:51:47.637 CEST
10-Jun-2024 15:51:48 CEST  Closed file root://xrootd-cms.infn.it//store/mc/RunIISummer20UL18MiniAODv2/QCD_Pt_1800to2400_TuneCP5_13TeV_pythia8/MINIAODSIM/106X_upgrade2018_realistic_v16_L1v1-v1/240000/EC06149F-2113-314E-AAC1-51C04C8D4E10.root
10-Jun-2024 15:51:48 CEST  Initiating request to open file root://eoscms.cern.ch//eos/cms/store/mc/RunIISummer20UL18MiniAODv2/QCD_Pt_1800to2400_TuneCP5_13TeV_pythia8/MINIAODSIM/106X_upgrade2018_realistic_v16_L1v1-v1/240000/6548680B-10FC-4E4F-8213-8D953C5D1BE0.root
%MSG-w XrdAdaptorInternal:  file_open 10-Jun-2024 15:51:49 CEST PostProcessEvent
Failed to open file at URL root://eoscms.cern.ch:1094//eos/cms/store/mc/RunIISummer20UL18MiniAODv2/QCD_Pt_1800to2400_TuneCP5_13TeV_pythia8/MINIAODSIM/106X_upgrade2018_realistic_v16_L1v1-v1/240000/6548680B-10FC-4E4F-8213-8D953C5D1BE0.root.
%MSG
%MSG-w XrdAdaptorInternal:  file_open 10-Jun-2024 15:51:49 CEST PostProcessEvent
Failed to open file at URL root://eoscms.cern.ch:1094//eos/cms/store/mc/RunIISummer20UL18MiniAODv2/QCD_Pt_1800to2400_TuneCP5_13TeV_pythia8/MINIAODSIM/106X_upgrade2018_realistic_v16_L1v1-v1/240000/6548680B-10FC-4E4F-8213-8D953C5D1BE0.root?tried=.
%MSG
10-Jun-2024 15:51:49 CEST  Fallback request to file root://xrootd-cms.infn.it//store/mc/RunIISummer20UL18MiniAODv2/QCD_Pt_1800to2400_TuneCP5_13TeV_pythia8/MINIAODSIM/106X_upgrade2018_realistic_v16_L1v1-v1/240000/6548680B-10FC-4E4F-8213-8D953C5D1BE0.root
%MSG-w XrdAdaptor:  file_open 10-Jun-2024 15:52:01 CEST PostProcessEvent
Data is served from T2_US_Florida instead of original site T2_IT_Pisa
%MSG
10-Jun-2024 15:52:02 CEST  Successfully opened file root://xrootd-cms.infn.it//store/mc/RunIISummer20UL18MiniAODv2/QCD_Pt_1800to2400_TuneCP5_13TeV_pythia8/MINIAODSIM/106X_upgrade2018_realistic_v16_L1v1-v1/240000/6548680B-10FC-4E4F-8213-8D953C5D1BE0.root
10-Jun-2024 15:52:12 CEST  Closed file root://xrootd-cms.infn.it//store/mc/RunIISummer20UL18MiniAODv2/QCD_Pt_1800to2400_TuneCP5_13TeV_pythia8/MINIAODSIM/106X_upgrade2018_realistic_v16_L1v1-v1/240000/6548680B-10FC-4E4F-8213-8D953C5D1BE0.root
10-Jun-2024 15:52:12 CEST  Initiating request to open file root://eoscms.cern.ch//eos/cms/store/mc/RunIISummer20UL18MiniAODv2/QCD_Pt_1800to2400_TuneCP5_13TeV_pythia8/MINIAODSIM/106X_upgrade2018_realistic_v16_L1v1-v1/240000/2FF5FA33-D770-0A4A-8460-1DD42D0E572B.root
%MSG-w XrdAdaptorInternal:  file_open 10-Jun-2024 15:52:13 CEST PostProcessEvent
Failed to open file at URL root://eoscms.cern.ch:1094//eos/cms/store/mc/RunIISummer20UL18MiniAODv2/QCD_Pt_1800to2400_TuneCP5_13TeV_pythia8/MINIAODSIM/106X_upgrade2018_realistic_v16_L1v1-v1/240000/2FF5FA33-D770-0A4A-8460-1DD42D0E572B.root.
%MSG
%MSG-w XrdAdaptorInternal:  file_open 10-Jun-2024 15:52:13 CEST PostProcessEvent
Failed to open file at URL root://eoscms.cern.ch:1094//eos/cms/store/mc/RunIISummer20UL18MiniAODv2/QCD_Pt_1800to2400_TuneCP5_13TeV_pythia8/MINIAODSIM/106X_upgrade2018_realistic_v16_L1v1-v1/240000/2FF5FA33-D770-0A4A-8460-1DD42D0E572B.root?tried=.
%MSG
10-Jun-2024 15:52:13 CEST  Fallback request to file root://xrootd-cms.infn.it//store/mc/RunIISummer20UL18MiniAODv2/QCD_Pt_1800to2400_TuneCP5_13TeV_pythia8/MINIAODSIM/106X_upgrade2018_realistic_v16_L1v1-v1/240000/2FF5FA33-D770-0A4A-8460-1DD42D0E572B.root
%MSG-w XrdAdaptor:  file_open 10-Jun-2024 15:52:26 CEST PostProcessEvent
Data is served from T2_US_Florida instead of original site T2_IT_Pisa
%MSG
10-Jun-2024 15:52:27 CEST  Successfully opened file root://xrootd-cms.infn.it//store/mc/RunIISummer20UL18MiniAODv2/QCD_Pt_1800to2400_TuneCP5_13TeV_pythia8/MINIAODSIM/106X_upgrade2018_realistic_v16_L1v1-v1/240000/2FF5FA33-D770-0A4A-8460-1DD42D0E572B.root
Begin processing the 900001st record. Run 1, Event 3446003, LumiSection 3447 on stream 0 at 10-Jun-2024 15:52:38.867 CEST
10-Jun-2024 15:52:39 CEST  Closed file root://xrootd-cms.infn.it//store/mc/RunIISummer20UL18MiniAODv2/QCD_Pt_1800to2400_TuneCP5_13TeV_pythia8/MINIAODSIM/106X_upgrade2018_realistic_v16_L1v1-v1/240000/2FF5FA33-D770-0A4A-8460-1DD42D0E572B.root
10-Jun-2024 15:52:39 CEST  Initiating request to open file root://eoscms.cern.ch//eos/cms/store/mc/RunIISummer20UL18MiniAODv2/QCD_Pt_1800to2400_TuneCP5_13TeV_pythia8/MINIAODSIM/106X_upgrade2018_realistic_v16_L1v1-v1/240000/A29669E8-0961-2E42-88DF-EE0EFCCC11F0.root
%MSG-w XrdAdaptorInternal:  file_open 10-Jun-2024 15:52:40 CEST PostProcessEvent
Failed to open file at URL root://eoscms.cern.ch:1094//eos/cms/store/mc/RunIISummer20UL18MiniAODv2/QCD_Pt_1800to2400_TuneCP5_13TeV_pythia8/MINIAODSIM/106X_upgrade2018_realistic_v16_L1v1-v1/240000/A29669E8-0961-2E42-88DF-EE0EFCCC11F0.root.
%MSG
%MSG-w XrdAdaptorInternal:  file_open 10-Jun-2024 15:52:40 CEST PostProcessEvent
Failed to open file at URL root://eoscms.cern.ch:1094//eos/cms/store/mc/RunIISummer20UL18MiniAODv2/QCD_Pt_1800to2400_TuneCP5_13TeV_pythia8/MINIAODSIM/106X_upgrade2018_realistic_v16_L1v1-v1/240000/A29669E8-0961-2E42-88DF-EE0EFCCC11F0.root?tried=.
%MSG
10-Jun-2024 15:52:40 CEST  Fallback request to file root://xrootd-cms.infn.it//store/mc/RunIISummer20UL18MiniAODv2/QCD_Pt_1800to2400_TuneCP5_13TeV_pythia8/MINIAODSIM/106X_upgrade2018_realistic_v16_L1v1-v1/240000/A29669E8-0961-2E42-88DF-EE0EFCCC11F0.root
%MSG-w XrdAdaptor:  file_open 10-Jun-2024 15:52:53 CEST PostProcessEvent
Data is served from T2_US_Florida instead of original site T2_IT_Pisa
%MSG
10-Jun-2024 15:52:54 CEST  Successfully opened file root://xrootd-cms.infn.it//store/mc/RunIISummer20UL18MiniAODv2/QCD_Pt_1800to2400_TuneCP5_13TeV_pythia8/MINIAODSIM/106X_upgrade2018_realistic_v16_L1v1-v1/240000/A29669E8-0961-2E42-88DF-EE0EFCCC11F0.root
10-Jun-2024 15:53:04 CEST  Closed file root://xrootd-cms.infn.it//store/mc/RunIISummer20UL18MiniAODv2/QCD_Pt_1800to2400_TuneCP5_13TeV_pythia8/MINIAODSIM/106X_upgrade2018_realistic_v16_L1v1-v1/240000/A29669E8-0961-2E42-88DF-EE0EFCCC11F0.root
10-Jun-2024 15:53:04 CEST  Initiating request to open file root://eoscms.cern.ch//eos/cms/store/mc/RunIISummer20UL18MiniAODv2/QCD_Pt_1800to2400_TuneCP5_13TeV_pythia8/MINIAODSIM/106X_upgrade2018_realistic_v16_L1v1-v1/240000/F289D5F1-C015-6D43-9749-B8762413BC14.root
%MSG-w XrdAdaptorInternal:  file_open 10-Jun-2024 15:53:05 CEST PostProcessEvent
Failed to open file at URL root://eoscms.cern.ch:1094//eos/cms/store/mc/RunIISummer20UL18MiniAODv2/QCD_Pt_1800to2400_TuneCP5_13TeV_pythia8/MINIAODSIM/106X_upgrade2018_realistic_v16_L1v1-v1/240000/F289D5F1-C015-6D43-9749-B8762413BC14.root.
%MSG
%MSG-w XrdAdaptorInternal:  file_open 10-Jun-2024 15:53:05 CEST PostProcessEvent
Failed to open file at URL root://eoscms.cern.ch:1094//eos/cms/store/mc/RunIISummer20UL18MiniAODv2/QCD_Pt_1800to2400_TuneCP5_13TeV_pythia8/MINIAODSIM/106X_upgrade2018_realistic_v16_L1v1-v1/240000/F289D5F1-C015-6D43-9749-B8762413BC14.root?tried=.
%MSG
10-Jun-2024 15:53:05 CEST  Fallback request to file root://xrootd-cms.infn.it//store/mc/RunIISummer20UL18MiniAODv2/QCD_Pt_1800to2400_TuneCP5_13TeV_pythia8/MINIAODSIM/106X_upgrade2018_realistic_v16_L1v1-v1/240000/F289D5F1-C015-6D43-9749-B8762413BC14.root
%MSG-w XrdAdaptor:  file_open 10-Jun-2024 15:53:18 CEST PostProcessEvent
Data is served from T2_US_Florida instead of original site T2_IT_Pisa
%MSG
10-Jun-2024 15:53:19 CEST  Successfully opened file root://xrootd-cms.infn.it//store/mc/RunIISummer20UL18MiniAODv2/QCD_Pt_1800to2400_TuneCP5_13TeV_pythia8/MINIAODSIM/106X_upgrade2018_realistic_v16_L1v1-v1/240000/F289D5F1-C015-6D43-9749-B8762413BC14.root
10-Jun-2024 15:53:31 CEST  Closed file root://xrootd-cms.infn.it//store/mc/RunIISummer20UL18MiniAODv2/QCD_Pt_1800to2400_TuneCP5_13TeV_pythia8/MINIAODSIM/106X_upgrade2018_realistic_v16_L1v1-v1/240000/F289D5F1-C015-6D43-9749-B8762413BC14.root

------------------------------------
GenXsecAnalyzer:
------------------------------------
Before Filter: total cross section = 8.745e-02 +- 4.312e-05 pb
Filter efficiency (taking into account weights)= (1e+06) / (1e+06) = 1.000e+00 +- 0.000e+00
Filter efficiency (event-level)= (1e+06) / (1e+06) = 1.000e+00 +- 0.000e+00    [TO BE USED IN MCM]

After filter: final cross section = 8.745e-02 +- 4.312e-05 pb
After filter: final fraction of events with negative weights = 0.000e+00 +- 0.000e+00
After filter: final equivalent lumi for 1M events (1/fb) = 1.143e+04 +- 1.275e+01

=============================================

MessageLogger Summary

 type     category        sev    module        subroutine        count    total
 ---- -------------------- -- ---------------- ----------------  -----    -----
    1 GenXSecAnalyzer      -w GenXSecAnalyzer:                       7        7
    2 XrdAdaptor           -w file_open                             21       21
    3 XrdAdaptorInternal   -w file_open                             42       42
    4 fileAction           -s file_close                            21       21
    5 fileAction           -s file_open                             63       63

 type    category    Examples: run/evt        run/evt          run/evt
 ---- -------------------- ---------------- ---------------- ----------------
    1 GenXSecAnalyzer      PostGlobalEndRun PostGlobalEndRun PostGlobalEndRun
    2 XrdAdaptor           pre-events       PostProcessEvent PostProcessEvent
    3 XrdAdaptorInternal   pre-events       pre-events       PostProcessEvent
    4 fileAction           PostProcessEvent PostProcessEvent PostGlobalEndRun
    5 fileAction           pre-events       pre-events       PostProcessEvent

Severity    # Occurrences   Total Occurrences
--------    -------------   -----------------
Warning                70                  70
System                 84                  84

dropped waiting message count 0
