10-Jun-2024 15:41:28 CEST  Initiating request to open file root://eoscms.cern.ch//eos/cms/store/mc/RunIISummer20UL18MiniAODv2/QCD_HT100to200_TuneCP5_PSWeights_13TeV-madgraph-pythia8/MINIAODSIM/106X_upgrade2018_realistic_v16_L1v1-v1/270000/3399D6A9-A7E4-C346-AD76-43A8966BF22B.root
%MSG-w XrdAdaptorInternal:  file_open 10-Jun-2024 15:41:29 CEST pre-events
Failed to open file at URL root://eoscms.cern.ch:1094//eos/cms/store/mc/RunIISummer20UL18MiniAODv2/QCD_HT100to200_TuneCP5_PSWeights_13TeV-madgraph-pythia8/MINIAODSIM/106X_upgrade2018_realistic_v16_L1v1-v1/270000/3399D6A9-A7E4-C346-AD76-43A8966BF22B.root.
%MSG
%MSG-w XrdAdaptorInternal:  file_open 10-Jun-2024 15:41:29 CEST pre-events
Failed to open file at URL root://eoscms.cern.ch:1094//eos/cms/store/mc/RunIISummer20UL18MiniAODv2/QCD_HT100to200_TuneCP5_PSWeights_13TeV-madgraph-pythia8/MINIAODSIM/106X_upgrade2018_realistic_v16_L1v1-v1/270000/3399D6A9-A7E4-C346-AD76-43A8966BF22B.root?tried=.
%MSG
10-Jun-2024 15:41:29 CEST  Fallback request to file root://xrootd-cms.infn.it//store/mc/RunIISummer20UL18MiniAODv2/QCD_HT100to200_TuneCP5_PSWeights_13TeV-madgraph-pythia8/MINIAODSIM/106X_upgrade2018_realistic_v16_L1v1-v1/270000/3399D6A9-A7E4-C346-AD76-43A8966BF22B.root
Unable to load sec.protocol plugin libXrdSecztn.so
%MSG-w XrdAdaptor:  file_open 10-Jun-2024 15:41:45 CEST pre-events
Data is served from fnal.gov instead of original site T2_IT_Pisa
%MSG
10-Jun-2024 15:42:46 CEST  Successfully opened file root://xrootd-cms.infn.it//store/mc/RunIISummer20UL18MiniAODv2/QCD_HT100to200_TuneCP5_PSWeights_13TeV-madgraph-pythia8/MINIAODSIM/106X_upgrade2018_realistic_v16_L1v1-v1/270000/3399D6A9-A7E4-C346-AD76-43A8966BF22B.root
Unable to load sec.protocol plugin libXrdSecztn.so
Unable to load sec.protocol plugin libXrdSecztn.so
Begin processing the 1st record. Run 1, Event 159344085, LumiSection 23905 on stream 0 at 10-Jun-2024 15:42:57.349 CEST
10-Jun-2024 15:43:00 CEST  Closed file root://xrootd-cms.infn.it//store/mc/RunIISummer20UL18MiniAODv2/QCD_HT100to200_TuneCP5_PSWeights_13TeV-madgraph-pythia8/MINIAODSIM/106X_upgrade2018_realistic_v16_L1v1-v1/270000/3399D6A9-A7E4-C346-AD76-43A8966BF22B.root
10-Jun-2024 15:43:00 CEST  Initiating request to open file root://eoscms.cern.ch//eos/cms/store/mc/RunIISummer20UL18MiniAODv2/QCD_HT100to200_TuneCP5_PSWeights_13TeV-madgraph-pythia8/MINIAODSIM/106X_upgrade2018_realistic_v16_L1v1-v1/270000/C2498081-C791-B14E-96CC-0DB0AD5C6275.root
%MSG-w XrdAdaptorInternal:  file_open 10-Jun-2024 15:43:01 CEST PostProcessEvent
Failed to open file at URL root://eoscms.cern.ch:1094//eos/cms/store/mc/RunIISummer20UL18MiniAODv2/QCD_HT100to200_TuneCP5_PSWeights_13TeV-madgraph-pythia8/MINIAODSIM/106X_upgrade2018_realistic_v16_L1v1-v1/270000/C2498081-C791-B14E-96CC-0DB0AD5C6275.root.
%MSG
%MSG-w XrdAdaptorInternal:  file_open 10-Jun-2024 15:43:01 CEST PostProcessEvent
Failed to open file at URL root://eoscms.cern.ch:1094//eos/cms/store/mc/RunIISummer20UL18MiniAODv2/QCD_HT100to200_TuneCP5_PSWeights_13TeV-madgraph-pythia8/MINIAODSIM/106X_upgrade2018_realistic_v16_L1v1-v1/270000/C2498081-C791-B14E-96CC-0DB0AD5C6275.root?tried=.
%MSG
10-Jun-2024 15:43:01 CEST  Fallback request to file root://xrootd-cms.infn.it//store/mc/RunIISummer20UL18MiniAODv2/QCD_HT100to200_TuneCP5_PSWeights_13TeV-madgraph-pythia8/MINIAODSIM/106X_upgrade2018_realistic_v16_L1v1-v1/270000/C2498081-C791-B14E-96CC-0DB0AD5C6275.root
%MSG-w XrdAdaptor:  file_open 10-Jun-2024 15:43:13 CEST PostProcessEvent
Data is served from fnal.gov instead of original site T2_IT_Pisa
%MSG
10-Jun-2024 15:43:14 CEST  Successfully opened file root://xrootd-cms.infn.it//store/mc/RunIISummer20UL18MiniAODv2/QCD_HT100to200_TuneCP5_PSWeights_13TeV-madgraph-pythia8/MINIAODSIM/106X_upgrade2018_realistic_v16_L1v1-v1/270000/C2498081-C791-B14E-96CC-0DB0AD5C6275.root
Begin processing the 100001st record. Run 1, Event 122555326, LumiSection 18386 on stream 0 at 10-Jun-2024 15:43:21.514 CEST
10-Jun-2024 15:43:23 CEST  Closed file root://xrootd-cms.infn.it//store/mc/RunIISummer20UL18MiniAODv2/QCD_HT100to200_TuneCP5_PSWeights_13TeV-madgraph-pythia8/MINIAODSIM/106X_upgrade2018_realistic_v16_L1v1-v1/270000/C2498081-C791-B14E-96CC-0DB0AD5C6275.root
10-Jun-2024 15:43:23 CEST  Initiating request to open file root://eoscms.cern.ch//eos/cms/store/mc/RunIISummer20UL18MiniAODv2/QCD_HT100to200_TuneCP5_PSWeights_13TeV-madgraph-pythia8/MINIAODSIM/106X_upgrade2018_realistic_v16_L1v1-v1/270000/6F6A78FB-866C-0241-8F12-00109A56F313.root
%MSG-w XrdAdaptorInternal:  file_open 10-Jun-2024 15:43:24 CEST PostProcessEvent
Failed to open file at URL root://eoscms.cern.ch:1094//eos/cms/store/mc/RunIISummer20UL18MiniAODv2/QCD_HT100to200_TuneCP5_PSWeights_13TeV-madgraph-pythia8/MINIAODSIM/106X_upgrade2018_realistic_v16_L1v1-v1/270000/6F6A78FB-866C-0241-8F12-00109A56F313.root.
%MSG
%MSG-w XrdAdaptorInternal:  file_open 10-Jun-2024 15:43:24 CEST PostProcessEvent
Failed to open file at URL root://eoscms.cern.ch:1094//eos/cms/store/mc/RunIISummer20UL18MiniAODv2/QCD_HT100to200_TuneCP5_PSWeights_13TeV-madgraph-pythia8/MINIAODSIM/106X_upgrade2018_realistic_v16_L1v1-v1/270000/6F6A78FB-866C-0241-8F12-00109A56F313.root?tried=.
%MSG
10-Jun-2024 15:43:24 CEST  Fallback request to file root://xrootd-cms.infn.it//store/mc/RunIISummer20UL18MiniAODv2/QCD_HT100to200_TuneCP5_PSWeights_13TeV-madgraph-pythia8/MINIAODSIM/106X_upgrade2018_realistic_v16_L1v1-v1/270000/6F6A78FB-866C-0241-8F12-00109A56F313.root
%MSG-w XrdAdaptor:  file_open 10-Jun-2024 15:43:37 CEST PostProcessEvent
Data is served from fnal.gov instead of original site T2_IT_Pisa
%MSG
10-Jun-2024 15:43:38 CEST  Successfully opened file root://xrootd-cms.infn.it//store/mc/RunIISummer20UL18MiniAODv2/QCD_HT100to200_TuneCP5_PSWeights_13TeV-madgraph-pythia8/MINIAODSIM/106X_upgrade2018_realistic_v16_L1v1-v1/270000/6F6A78FB-866C-0241-8F12-00109A56F313.root
Begin processing the 200001st record. Run 1, Event 12278230, LumiSection 1842 on stream 0 at 10-Jun-2024 15:43:46.036 CEST
10-Jun-2024 15:43:48 CEST  Closed file root://xrootd-cms.infn.it//store/mc/RunIISummer20UL18MiniAODv2/QCD_HT100to200_TuneCP5_PSWeights_13TeV-madgraph-pythia8/MINIAODSIM/106X_upgrade2018_realistic_v16_L1v1-v1/270000/6F6A78FB-866C-0241-8F12-00109A56F313.root
10-Jun-2024 15:43:48 CEST  Initiating request to open file root://eoscms.cern.ch//eos/cms/store/mc/RunIISummer20UL18MiniAODv2/QCD_HT100to200_TuneCP5_PSWeights_13TeV-madgraph-pythia8/MINIAODSIM/106X_upgrade2018_realistic_v16_L1v1-v1/270000/C9255B35-7E43-A948-B10F-D6EB96E9DF7D.root
%MSG-w XrdAdaptorInternal:  file_open 10-Jun-2024 15:43:49 CEST PostProcessEvent
Failed to open file at URL root://eoscms.cern.ch:1094//eos/cms/store/mc/RunIISummer20UL18MiniAODv2/QCD_HT100to200_TuneCP5_PSWeights_13TeV-madgraph-pythia8/MINIAODSIM/106X_upgrade2018_realistic_v16_L1v1-v1/270000/C9255B35-7E43-A948-B10F-D6EB96E9DF7D.root.
%MSG
%MSG-w XrdAdaptorInternal:  file_open 10-Jun-2024 15:43:49 CEST PostProcessEvent
Failed to open file at URL root://eoscms.cern.ch:1094//eos/cms/store/mc/RunIISummer20UL18MiniAODv2/QCD_HT100to200_TuneCP5_PSWeights_13TeV-madgraph-pythia8/MINIAODSIM/106X_upgrade2018_realistic_v16_L1v1-v1/270000/C9255B35-7E43-A948-B10F-D6EB96E9DF7D.root?tried=.
%MSG
10-Jun-2024 15:43:49 CEST  Fallback request to file root://xrootd-cms.infn.it//store/mc/RunIISummer20UL18MiniAODv2/QCD_HT100to200_TuneCP5_PSWeights_13TeV-madgraph-pythia8/MINIAODSIM/106X_upgrade2018_realistic_v16_L1v1-v1/270000/C9255B35-7E43-A948-B10F-D6EB96E9DF7D.root
%MSG-w XrdAdaptor:  file_open 10-Jun-2024 15:44:03 CEST PostProcessEvent
Data is served from fnal.gov instead of original site T2_IT_Pisa
%MSG
10-Jun-2024 15:44:03 CEST  Successfully opened file root://xrootd-cms.infn.it//store/mc/RunIISummer20UL18MiniAODv2/QCD_HT100to200_TuneCP5_PSWeights_13TeV-madgraph-pythia8/MINIAODSIM/106X_upgrade2018_realistic_v16_L1v1-v1/270000/C9255B35-7E43-A948-B10F-D6EB96E9DF7D.root
Begin processing the 300001st record. Run 1, Event 146490001, LumiSection 21976 on stream 0 at 10-Jun-2024 15:44:12.631 CEST
10-Jun-2024 15:44:14 CEST  Closed file root://xrootd-cms.infn.it//store/mc/RunIISummer20UL18MiniAODv2/QCD_HT100to200_TuneCP5_PSWeights_13TeV-madgraph-pythia8/MINIAODSIM/106X_upgrade2018_realistic_v16_L1v1-v1/270000/C9255B35-7E43-A948-B10F-D6EB96E9DF7D.root
10-Jun-2024 15:44:14 CEST  Initiating request to open file root://eoscms.cern.ch//eos/cms/store/mc/RunIISummer20UL18MiniAODv2/QCD_HT100to200_TuneCP5_PSWeights_13TeV-madgraph-pythia8/MINIAODSIM/106X_upgrade2018_realistic_v16_L1v1-v1/270000/E87B54CA-28E2-6746-B9DE-215D63D834E5.root
%MSG-w XrdAdaptorInternal:  file_open 10-Jun-2024 15:44:15 CEST PostProcessEvent
Failed to open file at URL root://eoscms.cern.ch:1094//eos/cms/store/mc/RunIISummer20UL18MiniAODv2/QCD_HT100to200_TuneCP5_PSWeights_13TeV-madgraph-pythia8/MINIAODSIM/106X_upgrade2018_realistic_v16_L1v1-v1/270000/E87B54CA-28E2-6746-B9DE-215D63D834E5.root.
%MSG
%MSG-w XrdAdaptorInternal:  file_open 10-Jun-2024 15:44:15 CEST PostProcessEvent
Failed to open file at URL root://eoscms.cern.ch:1094//eos/cms/store/mc/RunIISummer20UL18MiniAODv2/QCD_HT100to200_TuneCP5_PSWeights_13TeV-madgraph-pythia8/MINIAODSIM/106X_upgrade2018_realistic_v16_L1v1-v1/270000/E87B54CA-28E2-6746-B9DE-215D63D834E5.root?tried=.
%MSG
10-Jun-2024 15:44:15 CEST  Fallback request to file root://xrootd-cms.infn.it//store/mc/RunIISummer20UL18MiniAODv2/QCD_HT100to200_TuneCP5_PSWeights_13TeV-madgraph-pythia8/MINIAODSIM/106X_upgrade2018_realistic_v16_L1v1-v1/270000/E87B54CA-28E2-6746-B9DE-215D63D834E5.root
%MSG-w XrdAdaptor:  file_open 10-Jun-2024 15:44:29 CEST PostProcessEvent
Data is served from fnal.gov instead of original site T2_IT_Pisa
%MSG
10-Jun-2024 15:44:29 CEST  Successfully opened file root://xrootd-cms.infn.it//store/mc/RunIISummer20UL18MiniAODv2/QCD_HT100to200_TuneCP5_PSWeights_13TeV-madgraph-pythia8/MINIAODSIM/106X_upgrade2018_realistic_v16_L1v1-v1/270000/E87B54CA-28E2-6746-B9DE-215D63D834E5.root
Begin processing the 400001st record. Run 1, Event 98830033, LumiSection 14826 on stream 0 at 10-Jun-2024 15:44:37.824 CEST
10-Jun-2024 15:44:39 CEST  Closed file root://xrootd-cms.infn.it//store/mc/RunIISummer20UL18MiniAODv2/QCD_HT100to200_TuneCP5_PSWeights_13TeV-madgraph-pythia8/MINIAODSIM/106X_upgrade2018_realistic_v16_L1v1-v1/270000/E87B54CA-28E2-6746-B9DE-215D63D834E5.root
10-Jun-2024 15:44:39 CEST  Initiating request to open file root://eoscms.cern.ch//eos/cms/store/mc/RunIISummer20UL18MiniAODv2/QCD_HT100to200_TuneCP5_PSWeights_13TeV-madgraph-pythia8/MINIAODSIM/106X_upgrade2018_realistic_v16_L1v1-v1/270000/ECDE0B4B-8374-E54A-8087-85A09224605B.root
%MSG-w XrdAdaptorInternal:  file_open 10-Jun-2024 15:44:40 CEST PostProcessEvent
Failed to open file at URL root://eoscms.cern.ch:1094//eos/cms/store/mc/RunIISummer20UL18MiniAODv2/QCD_HT100to200_TuneCP5_PSWeights_13TeV-madgraph-pythia8/MINIAODSIM/106X_upgrade2018_realistic_v16_L1v1-v1/270000/ECDE0B4B-8374-E54A-8087-85A09224605B.root.
%MSG
%MSG-w XrdAdaptorInternal:  file_open 10-Jun-2024 15:44:40 CEST PostProcessEvent
Failed to open file at URL root://eoscms.cern.ch:1094//eos/cms/store/mc/RunIISummer20UL18MiniAODv2/QCD_HT100to200_TuneCP5_PSWeights_13TeV-madgraph-pythia8/MINIAODSIM/106X_upgrade2018_realistic_v16_L1v1-v1/270000/ECDE0B4B-8374-E54A-8087-85A09224605B.root?tried=.
%MSG
10-Jun-2024 15:44:40 CEST  Fallback request to file root://xrootd-cms.infn.it//store/mc/RunIISummer20UL18MiniAODv2/QCD_HT100to200_TuneCP5_PSWeights_13TeV-madgraph-pythia8/MINIAODSIM/106X_upgrade2018_realistic_v16_L1v1-v1/270000/ECDE0B4B-8374-E54A-8087-85A09224605B.root
%MSG-w XrdAdaptor:  file_open 10-Jun-2024 15:44:54 CEST PostProcessEvent
Data is served from fnal.gov instead of original site T2_IT_Pisa
%MSG
10-Jun-2024 15:44:54 CEST  Successfully opened file root://xrootd-cms.infn.it//store/mc/RunIISummer20UL18MiniAODv2/QCD_HT100to200_TuneCP5_PSWeights_13TeV-madgraph-pythia8/MINIAODSIM/106X_upgrade2018_realistic_v16_L1v1-v1/270000/ECDE0B4B-8374-E54A-8087-85A09224605B.root
Begin processing the 500001st record. Run 1, Event 177881358, LumiSection 26685 on stream 0 at 10-Jun-2024 15:45:02.921 CEST
10-Jun-2024 15:45:04 CEST  Closed file root://xrootd-cms.infn.it//store/mc/RunIISummer20UL18MiniAODv2/QCD_HT100to200_TuneCP5_PSWeights_13TeV-madgraph-pythia8/MINIAODSIM/106X_upgrade2018_realistic_v16_L1v1-v1/270000/ECDE0B4B-8374-E54A-8087-85A09224605B.root
10-Jun-2024 15:45:04 CEST  Initiating request to open file root://eoscms.cern.ch//eos/cms/store/mc/RunIISummer20UL18MiniAODv2/QCD_HT100to200_TuneCP5_PSWeights_13TeV-madgraph-pythia8/MINIAODSIM/106X_upgrade2018_realistic_v16_L1v1-v1/270000/3F12F63E-574C-3B4C-B50C-F3513042B235.root
%MSG-w XrdAdaptorInternal:  file_open 10-Jun-2024 15:45:05 CEST PostProcessEvent
Failed to open file at URL root://eoscms.cern.ch:1094//eos/cms/store/mc/RunIISummer20UL18MiniAODv2/QCD_HT100to200_TuneCP5_PSWeights_13TeV-madgraph-pythia8/MINIAODSIM/106X_upgrade2018_realistic_v16_L1v1-v1/270000/3F12F63E-574C-3B4C-B50C-F3513042B235.root.
%MSG
%MSG-w XrdAdaptorInternal:  file_open 10-Jun-2024 15:45:05 CEST PostProcessEvent
Failed to open file at URL root://eoscms.cern.ch:1094//eos/cms/store/mc/RunIISummer20UL18MiniAODv2/QCD_HT100to200_TuneCP5_PSWeights_13TeV-madgraph-pythia8/MINIAODSIM/106X_upgrade2018_realistic_v16_L1v1-v1/270000/3F12F63E-574C-3B4C-B50C-F3513042B235.root?tried=.
%MSG
10-Jun-2024 15:45:05 CEST  Fallback request to file root://xrootd-cms.infn.it//store/mc/RunIISummer20UL18MiniAODv2/QCD_HT100to200_TuneCP5_PSWeights_13TeV-madgraph-pythia8/MINIAODSIM/106X_upgrade2018_realistic_v16_L1v1-v1/270000/3F12F63E-574C-3B4C-B50C-F3513042B235.root
%MSG-w XrdAdaptor:  file_open 10-Jun-2024 15:45:19 CEST PostProcessEvent
Data is served from fnal.gov instead of original site T2_IT_Pisa
%MSG
10-Jun-2024 15:45:19 CEST  Successfully opened file root://xrootd-cms.infn.it//store/mc/RunIISummer20UL18MiniAODv2/QCD_HT100to200_TuneCP5_PSWeights_13TeV-madgraph-pythia8/MINIAODSIM/106X_upgrade2018_realistic_v16_L1v1-v1/270000/3F12F63E-574C-3B4C-B50C-F3513042B235.root
Begin processing the 600001st record. Run 1, Event 95815786, LumiSection 14374 on stream 0 at 10-Jun-2024 15:45:27.135 CEST
10-Jun-2024 15:45:28 CEST  Closed file root://xrootd-cms.infn.it//store/mc/RunIISummer20UL18MiniAODv2/QCD_HT100to200_TuneCP5_PSWeights_13TeV-madgraph-pythia8/MINIAODSIM/106X_upgrade2018_realistic_v16_L1v1-v1/270000/3F12F63E-574C-3B4C-B50C-F3513042B235.root
10-Jun-2024 15:45:28 CEST  Initiating request to open file root://eoscms.cern.ch//eos/cms/store/mc/RunIISummer20UL18MiniAODv2/QCD_HT100to200_TuneCP5_PSWeights_13TeV-madgraph-pythia8/MINIAODSIM/106X_upgrade2018_realistic_v16_L1v1-v1/270000/AF5F5A89-8241-D84E-89AB-E181934395C5.root
%MSG-w XrdAdaptorInternal:  file_open 10-Jun-2024 15:45:29 CEST PostProcessEvent
Failed to open file at URL root://eoscms.cern.ch:1094//eos/cms/store/mc/RunIISummer20UL18MiniAODv2/QCD_HT100to200_TuneCP5_PSWeights_13TeV-madgraph-pythia8/MINIAODSIM/106X_upgrade2018_realistic_v16_L1v1-v1/270000/AF5F5A89-8241-D84E-89AB-E181934395C5.root.
%MSG
%MSG-w XrdAdaptorInternal:  file_open 10-Jun-2024 15:45:29 CEST PostProcessEvent
Failed to open file at URL root://eoscms.cern.ch:1094//eos/cms/store/mc/RunIISummer20UL18MiniAODv2/QCD_HT100to200_TuneCP5_PSWeights_13TeV-madgraph-pythia8/MINIAODSIM/106X_upgrade2018_realistic_v16_L1v1-v1/270000/AF5F5A89-8241-D84E-89AB-E181934395C5.root?tried=.
%MSG
10-Jun-2024 15:45:29 CEST  Fallback request to file root://xrootd-cms.infn.it//store/mc/RunIISummer20UL18MiniAODv2/QCD_HT100to200_TuneCP5_PSWeights_13TeV-madgraph-pythia8/MINIAODSIM/106X_upgrade2018_realistic_v16_L1v1-v1/270000/AF5F5A89-8241-D84E-89AB-E181934395C5.root
%MSG-w XrdAdaptor:  file_open 10-Jun-2024 15:45:43 CEST PostProcessEvent
Data is served from fnal.gov instead of original site T2_IT_Pisa
%MSG
10-Jun-2024 15:45:43 CEST  Successfully opened file root://xrootd-cms.infn.it//store/mc/RunIISummer20UL18MiniAODv2/QCD_HT100to200_TuneCP5_PSWeights_13TeV-madgraph-pythia8/MINIAODSIM/106X_upgrade2018_realistic_v16_L1v1-v1/270000/AF5F5A89-8241-D84E-89AB-E181934395C5.root
Begin processing the 700001st record. Run 1, Event 513458948, LumiSection 77027 on stream 0 at 10-Jun-2024 15:45:52.216 CEST
10-Jun-2024 15:45:53 CEST  Closed file root://xrootd-cms.infn.it//store/mc/RunIISummer20UL18MiniAODv2/QCD_HT100to200_TuneCP5_PSWeights_13TeV-madgraph-pythia8/MINIAODSIM/106X_upgrade2018_realistic_v16_L1v1-v1/270000/AF5F5A89-8241-D84E-89AB-E181934395C5.root
10-Jun-2024 15:45:53 CEST  Initiating request to open file root://eoscms.cern.ch//eos/cms/store/mc/RunIISummer20UL18MiniAODv2/QCD_HT100to200_TuneCP5_PSWeights_13TeV-madgraph-pythia8/MINIAODSIM/106X_upgrade2018_realistic_v16_L1v1-v1/270000/447A31B7-5A98-284D-AD06-FFB484CB581C.root
%MSG-w XrdAdaptorInternal:  file_open 10-Jun-2024 15:45:54 CEST PostProcessEvent
Failed to open file at URL root://eoscms.cern.ch:1094//eos/cms/store/mc/RunIISummer20UL18MiniAODv2/QCD_HT100to200_TuneCP5_PSWeights_13TeV-madgraph-pythia8/MINIAODSIM/106X_upgrade2018_realistic_v16_L1v1-v1/270000/447A31B7-5A98-284D-AD06-FFB484CB581C.root.
%MSG
%MSG-w XrdAdaptorInternal:  file_open 10-Jun-2024 15:45:54 CEST PostProcessEvent
Failed to open file at URL root://eoscms.cern.ch:1094//eos/cms/store/mc/RunIISummer20UL18MiniAODv2/QCD_HT100to200_TuneCP5_PSWeights_13TeV-madgraph-pythia8/MINIAODSIM/106X_upgrade2018_realistic_v16_L1v1-v1/270000/447A31B7-5A98-284D-AD06-FFB484CB581C.root?tried=.
%MSG
10-Jun-2024 15:45:54 CEST  Fallback request to file root://xrootd-cms.infn.it//store/mc/RunIISummer20UL18MiniAODv2/QCD_HT100to200_TuneCP5_PSWeights_13TeV-madgraph-pythia8/MINIAODSIM/106X_upgrade2018_realistic_v16_L1v1-v1/270000/447A31B7-5A98-284D-AD06-FFB484CB581C.root
%MSG-w XrdAdaptor:  file_open 10-Jun-2024 15:46:08 CEST PostProcessEvent
Data is served from fnal.gov instead of original site T2_IT_Pisa
%MSG
10-Jun-2024 15:46:09 CEST  Successfully opened file root://xrootd-cms.infn.it//store/mc/RunIISummer20UL18MiniAODv2/QCD_HT100to200_TuneCP5_PSWeights_13TeV-madgraph-pythia8/MINIAODSIM/106X_upgrade2018_realistic_v16_L1v1-v1/270000/447A31B7-5A98-284D-AD06-FFB484CB581C.root
Begin processing the 800001st record. Run 1, Event 159329918, LumiSection 23902 on stream 0 at 10-Jun-2024 15:46:18.601 CEST
10-Jun-2024 15:46:19 CEST  Closed file root://xrootd-cms.infn.it//store/mc/RunIISummer20UL18MiniAODv2/QCD_HT100to200_TuneCP5_PSWeights_13TeV-madgraph-pythia8/MINIAODSIM/106X_upgrade2018_realistic_v16_L1v1-v1/270000/447A31B7-5A98-284D-AD06-FFB484CB581C.root
10-Jun-2024 15:46:19 CEST  Initiating request to open file root://eoscms.cern.ch//eos/cms/store/mc/RunIISummer20UL18MiniAODv2/QCD_HT100to200_TuneCP5_PSWeights_13TeV-madgraph-pythia8/MINIAODSIM/106X_upgrade2018_realistic_v16_L1v1-v1/270000/ABC5E903-6C48-8848-A6C7-419D527F680E.root
%MSG-w XrdAdaptorInternal:  file_open 10-Jun-2024 15:46:20 CEST PostProcessEvent
Failed to open file at URL root://eoscms.cern.ch:1094//eos/cms/store/mc/RunIISummer20UL18MiniAODv2/QCD_HT100to200_TuneCP5_PSWeights_13TeV-madgraph-pythia8/MINIAODSIM/106X_upgrade2018_realistic_v16_L1v1-v1/270000/ABC5E903-6C48-8848-A6C7-419D527F680E.root.
%MSG
%MSG-w XrdAdaptorInternal:  file_open 10-Jun-2024 15:46:20 CEST PostProcessEvent
Failed to open file at URL root://eoscms.cern.ch:1094//eos/cms/store/mc/RunIISummer20UL18MiniAODv2/QCD_HT100to200_TuneCP5_PSWeights_13TeV-madgraph-pythia8/MINIAODSIM/106X_upgrade2018_realistic_v16_L1v1-v1/270000/ABC5E903-6C48-8848-A6C7-419D527F680E.root?tried=.
%MSG
10-Jun-2024 15:46:20 CEST  Fallback request to file root://xrootd-cms.infn.it//store/mc/RunIISummer20UL18MiniAODv2/QCD_HT100to200_TuneCP5_PSWeights_13TeV-madgraph-pythia8/MINIAODSIM/106X_upgrade2018_realistic_v16_L1v1-v1/270000/ABC5E903-6C48-8848-A6C7-419D527F680E.root
%MSG-w XrdAdaptor:  file_open 10-Jun-2024 15:46:33 CEST PostProcessEvent
Data is served from fnal.gov instead of original site T2_IT_Pisa
%MSG
10-Jun-2024 15:46:33 CEST  Successfully opened file root://xrootd-cms.infn.it//store/mc/RunIISummer20UL18MiniAODv2/QCD_HT100to200_TuneCP5_PSWeights_13TeV-madgraph-pythia8/MINIAODSIM/106X_upgrade2018_realistic_v16_L1v1-v1/270000/ABC5E903-6C48-8848-A6C7-419D527F680E.root
Begin processing the 900001st record. Run 1, Event 159177015, LumiSection 23879 on stream 0 at 10-Jun-2024 15:46:42.263 CEST
10-Jun-2024 15:46:43 CEST  Closed file root://xrootd-cms.infn.it//store/mc/RunIISummer20UL18MiniAODv2/QCD_HT100to200_TuneCP5_PSWeights_13TeV-madgraph-pythia8/MINIAODSIM/106X_upgrade2018_realistic_v16_L1v1-v1/270000/ABC5E903-6C48-8848-A6C7-419D527F680E.root
10-Jun-2024 15:46:43 CEST  Initiating request to open file root://eoscms.cern.ch//eos/cms/store/mc/RunIISummer20UL18MiniAODv2/QCD_HT100to200_TuneCP5_PSWeights_13TeV-madgraph-pythia8/MINIAODSIM/106X_upgrade2018_realistic_v16_L1v1-v1/270000/CB0B56A7-1BC7-CB4A-92AD-EB576AAC8FD4.root
%MSG-w XrdAdaptorInternal:  file_open 10-Jun-2024 15:46:44 CEST PostProcessEvent
Failed to open file at URL root://eoscms.cern.ch:1094//eos/cms/store/mc/RunIISummer20UL18MiniAODv2/QCD_HT100to200_TuneCP5_PSWeights_13TeV-madgraph-pythia8/MINIAODSIM/106X_upgrade2018_realistic_v16_L1v1-v1/270000/CB0B56A7-1BC7-CB4A-92AD-EB576AAC8FD4.root.
%MSG
%MSG-w XrdAdaptorInternal:  file_open 10-Jun-2024 15:46:44 CEST PostProcessEvent
Failed to open file at URL root://eoscms.cern.ch:1094//eos/cms/store/mc/RunIISummer20UL18MiniAODv2/QCD_HT100to200_TuneCP5_PSWeights_13TeV-madgraph-pythia8/MINIAODSIM/106X_upgrade2018_realistic_v16_L1v1-v1/270000/CB0B56A7-1BC7-CB4A-92AD-EB576AAC8FD4.root?tried=.
%MSG
10-Jun-2024 15:46:44 CEST  Fallback request to file root://xrootd-cms.infn.it//store/mc/RunIISummer20UL18MiniAODv2/QCD_HT100to200_TuneCP5_PSWeights_13TeV-madgraph-pythia8/MINIAODSIM/106X_upgrade2018_realistic_v16_L1v1-v1/270000/CB0B56A7-1BC7-CB4A-92AD-EB576AAC8FD4.root
%MSG-w XrdAdaptor:  file_open 10-Jun-2024 15:46:56 CEST PostProcessEvent
Data is served from fnal.gov instead of original site T2_IT_Pisa
%MSG
10-Jun-2024 15:46:57 CEST  Successfully opened file root://xrootd-cms.infn.it//store/mc/RunIISummer20UL18MiniAODv2/QCD_HT100to200_TuneCP5_PSWeights_13TeV-madgraph-pythia8/MINIAODSIM/106X_upgrade2018_realistic_v16_L1v1-v1/270000/CB0B56A7-1BC7-CB4A-92AD-EB576AAC8FD4.root
55994250.000000 416155.300000  21894.600000             1
17420820.000000 137066.300000  21894.600000             0
72534370.000000 355057.500000  21894.600000             2
 
10-Jun-2024 15:47:07 CEST  Closed file root://xrootd-cms.infn.it//store/mc/RunIISummer20UL18MiniAODv2/QCD_HT100to200_TuneCP5_PSWeights_13TeV-madgraph-pythia8/MINIAODSIM/106X_upgrade2018_realistic_v16_L1v1-v1/270000/CB0B56A7-1BC7-CB4A-92AD-EB576AAC8FD4.root

------------------------------------
GenXsecAnalyzer:
------------------------------------
-------------------------------------------------------------------------------------------------------------------------------------------------------------------------- 
Overall cross-section summary 
--------------------------------------------------------------------------------------------------------------------------------------------------------------------------
Process		xsec_before [pb]		passed	nposw	nnegw	tried	nposw	nnegw 	xsec_match [pb]			accepted [%]	 event_eff [%]
0		1.740e+07 +/- 4.489e+03		160299	160299	0	744907	744907	0	3.745e+06 +/- 8.343e+03		21.5 +/- 0.0	21.5 +/- 0.0
1		5.625e+07 +/- 1.223e+04		360701	360701	0	2388934	2388934	0	8.494e+06 +/- 1.316e+04		15.1 +/- 0.0	15.1 +/- 0.0
2		7.273e+07 +/- 1.104e+04		480063	480063	0	3072205	3072205	0	1.137e+07 +/- 1.517e+04		15.6 +/- 0.0	15.6 +/- 0.0
-------------------------------------------------------------------------------------------------------------------------------------------------------------------------- 
Total		1.464e+08 +/- 1.708e+04		1001063	1001063	0	6206046	6206046	0	2.361e+07 +/- 2.179e+04		16.1 +/- 0.0	16.1 +/- 0.0
--------------------------------------------------------------------------------------------------------------------------------------------------------------------------
Before matching: total cross section = 1.464e+08 +- 1.708e+04 pb
After matching: total cross section = 2.361e+07 +- 2.179e+04 pb
Matching efficiency = 0.2 +/- 0.0   [TO BE USED IN MCM]
Filter efficiency (taking into account weights)= (1.00106e+06) / (1.00106e+06) = 1.000e+00 +- 0.000e+00
Filter efficiency (event-level)= (1.00106e+06) / (1.00106e+06) = 1.000e+00 +- 0.000e+00    [TO BE USED IN MCM]

After filter: final cross section = 2.361e+07 +- 2.179e+04 pb
After filter: final fraction of events with negative weights = 0.000e+00 +- 0.000e+00
After filter: final equivalent lumi for 1M events (1/fb) = 4.235e-05 +- 5.762e-08

=============================================

MessageLogger Summary

 type     category        sev    module        subroutine        count    total
 ---- -------------------- -- ---------------- ----------------  -----    -----
    1 GenXSecAnalyzer      -w GenXSecAnalyzer:                      17       17
    2 XrdAdaptor           -w file_open                             11       11
    3 XrdAdaptorInternal   -w file_open                             22       22
    4 fileAction           -s file_close                            11       11
    5 fileAction           -s file_open                             33       33

 type    category    Examples: run/evt        run/evt          run/evt
 ---- -------------------- ---------------- ---------------- ----------------
    1 GenXSecAnalyzer      PostGlobalEndRun PostGlobalEndRun PostGlobalEndRun
    2 XrdAdaptor           pre-events       PostProcessEvent PostProcessEvent
    3 XrdAdaptorInternal   pre-events       pre-events       PostProcessEvent
    4 fileAction           PostProcessEvent PostProcessEvent PostGlobalEndRun
    5 fileAction           pre-events       pre-events       PostProcessEvent

Severity    # Occurrences   Total Occurrences
--------    -------------   -----------------
Warning                50                  50
System                 44                  44

dropped waiting message count 0
