10-Jun-2024 16:07:10 CEST  Initiating request to open file root://eoscms.cern.ch//eos/cms/store/mc/RunIISummer20UL18MiniAODv2/QCD_Pt_3200toInf_TuneCP5_13TeV_pythia8/MINIAODSIM/106X_upgrade2018_realistic_v16_L1v1-v1/240000/D45691F5-920C-CF4C-B9A2-052B6BDA074B.root
%MSG-w XrdAdaptorInternal:  file_open 10-Jun-2024 16:07:12 CEST pre-events
Failed to open file at URL root://eoscms.cern.ch:1094//eos/cms/store/mc/RunIISummer20UL18MiniAODv2/QCD_Pt_3200toInf_TuneCP5_13TeV_pythia8/MINIAODSIM/106X_upgrade2018_realistic_v16_L1v1-v1/240000/D45691F5-920C-CF4C-B9A2-052B6BDA074B.root.
%MSG
%MSG-w XrdAdaptorInternal:  file_open 10-Jun-2024 16:07:12 CEST pre-events
Failed to open file at URL root://eoscms.cern.ch:1094//eos/cms/store/mc/RunIISummer20UL18MiniAODv2/QCD_Pt_3200toInf_TuneCP5_13TeV_pythia8/MINIAODSIM/106X_upgrade2018_realistic_v16_L1v1-v1/240000/D45691F5-920C-CF4C-B9A2-052B6BDA074B.root?tried=.
%MSG
10-Jun-2024 16:07:12 CEST  Fallback request to file root://xrootd-cms.infn.it//store/mc/RunIISummer20UL18MiniAODv2/QCD_Pt_3200toInf_TuneCP5_13TeV_pythia8/MINIAODSIM/106X_upgrade2018_realistic_v16_L1v1-v1/240000/D45691F5-920C-CF4C-B9A2-052B6BDA074B.root
%MSG-w XrdAdaptor:  file_open 10-Jun-2024 16:07:28 CEST pre-events
Data is served from T2_US_Caltech instead of original site infn.it
%MSG
10-Jun-2024 16:07:33 CEST  Successfully opened file root://xrootd-cms.infn.it//store/mc/RunIISummer20UL18MiniAODv2/QCD_Pt_3200toInf_TuneCP5_13TeV_pythia8/MINIAODSIM/106X_upgrade2018_realistic_v16_L1v1-v1/240000/D45691F5-920C-CF4C-B9A2-052B6BDA074B.root
Begin processing the 1st record. Run 1, Event 36004, LumiSection 37 on stream 0 at 10-Jun-2024 16:07:45.490 CEST
10-Jun-2024 16:07:47 CEST  Closed file root://xrootd-cms.infn.it//store/mc/RunIISummer20UL18MiniAODv2/QCD_Pt_3200toInf_TuneCP5_13TeV_pythia8/MINIAODSIM/106X_upgrade2018_realistic_v16_L1v1-v1/240000/D45691F5-920C-CF4C-B9A2-052B6BDA074B.root
10-Jun-2024 16:07:47 CEST  Initiating request to open file root://eoscms.cern.ch//eos/cms/store/mc/RunIISummer20UL18MiniAODv2/QCD_Pt_3200toInf_TuneCP5_13TeV_pythia8/MINIAODSIM/106X_upgrade2018_realistic_v16_L1v1-v1/240000/6162F21B-E72C-D740-A42B-C4058FB1EC7C.root
%MSG-w XrdAdaptorInternal:  file_open 10-Jun-2024 16:07:48 CEST PostProcessEvent
Failed to open file at URL root://eoscms.cern.ch:1094//eos/cms/store/mc/RunIISummer20UL18MiniAODv2/QCD_Pt_3200toInf_TuneCP5_13TeV_pythia8/MINIAODSIM/106X_upgrade2018_realistic_v16_L1v1-v1/240000/6162F21B-E72C-D740-A42B-C4058FB1EC7C.root.
%MSG
%MSG-w XrdAdaptorInternal:  file_open 10-Jun-2024 16:07:48 CEST PostProcessEvent
Failed to open file at URL root://eoscms.cern.ch:1094//eos/cms/store/mc/RunIISummer20UL18MiniAODv2/QCD_Pt_3200toInf_TuneCP5_13TeV_pythia8/MINIAODSIM/106X_upgrade2018_realistic_v16_L1v1-v1/240000/6162F21B-E72C-D740-A42B-C4058FB1EC7C.root?tried=.
%MSG
10-Jun-2024 16:07:48 CEST  Fallback request to file root://xrootd-cms.infn.it//store/mc/RunIISummer20UL18MiniAODv2/QCD_Pt_3200toInf_TuneCP5_13TeV_pythia8/MINIAODSIM/106X_upgrade2018_realistic_v16_L1v1-v1/240000/6162F21B-E72C-D740-A42B-C4058FB1EC7C.root
Unable to load sec.protocol plugin libXrdSecztn.so
%MSG-w XrdAdaptor:  file_open 10-Jun-2024 16:08:03 CEST PostProcessEvent
Data is served from fnal.gov instead of original site infn.it
%MSG
10-Jun-2024 16:08:03 CEST  Successfully opened file root://xrootd-cms.infn.it//store/mc/RunIISummer20UL18MiniAODv2/QCD_Pt_3200toInf_TuneCP5_13TeV_pythia8/MINIAODSIM/106X_upgrade2018_realistic_v16_L1v1-v1/240000/6162F21B-E72C-D740-A42B-C4058FB1EC7C.root
Unable to load sec.protocol plugin libXrdSecztn.so
10-Jun-2024 16:08:12 CEST  Closed file root://xrootd-cms.infn.it//store/mc/RunIISummer20UL18MiniAODv2/QCD_Pt_3200toInf_TuneCP5_13TeV_pythia8/MINIAODSIM/106X_upgrade2018_realistic_v16_L1v1-v1/240000/6162F21B-E72C-D740-A42B-C4058FB1EC7C.root
10-Jun-2024 16:08:12 CEST  Initiating request to open file root://eoscms.cern.ch//eos/cms/store/mc/RunIISummer20UL18MiniAODv2/QCD_Pt_3200toInf_TuneCP5_13TeV_pythia8/MINIAODSIM/106X_upgrade2018_realistic_v16_L1v1-v1/240000/0A5F591C-D259-CE40-A5E8-FE7FB28B4282.root
%MSG-w XrdAdaptorInternal:  file_open 10-Jun-2024 16:08:13 CEST PostProcessEvent
Failed to open file at URL root://eoscms.cern.ch:1094//eos/cms/store/mc/RunIISummer20UL18MiniAODv2/QCD_Pt_3200toInf_TuneCP5_13TeV_pythia8/MINIAODSIM/106X_upgrade2018_realistic_v16_L1v1-v1/240000/0A5F591C-D259-CE40-A5E8-FE7FB28B4282.root.
%MSG
%MSG-w XrdAdaptorInternal:  file_open 10-Jun-2024 16:08:13 CEST PostProcessEvent
Failed to open file at URL root://eoscms.cern.ch:1094//eos/cms/store/mc/RunIISummer20UL18MiniAODv2/QCD_Pt_3200toInf_TuneCP5_13TeV_pythia8/MINIAODSIM/106X_upgrade2018_realistic_v16_L1v1-v1/240000/0A5F591C-D259-CE40-A5E8-FE7FB28B4282.root?tried=.
%MSG
10-Jun-2024 16:08:13 CEST  Fallback request to file root://xrootd-cms.infn.it//store/mc/RunIISummer20UL18MiniAODv2/QCD_Pt_3200toInf_TuneCP5_13TeV_pythia8/MINIAODSIM/106X_upgrade2018_realistic_v16_L1v1-v1/240000/0A5F591C-D259-CE40-A5E8-FE7FB28B4282.root
%MSG-w XrdAdaptor:  file_open 10-Jun-2024 16:08:26 CEST PostProcessEvent
Data is served from fnal.gov instead of original site infn.it
%MSG
10-Jun-2024 16:08:26 CEST  Successfully opened file root://xrootd-cms.infn.it//store/mc/RunIISummer20UL18MiniAODv2/QCD_Pt_3200toInf_TuneCP5_13TeV_pythia8/MINIAODSIM/106X_upgrade2018_realistic_v16_L1v1-v1/240000/0A5F591C-D259-CE40-A5E8-FE7FB28B4282.root
10-Jun-2024 16:08:31 CEST  Closed file root://xrootd-cms.infn.it//store/mc/RunIISummer20UL18MiniAODv2/QCD_Pt_3200toInf_TuneCP5_13TeV_pythia8/MINIAODSIM/106X_upgrade2018_realistic_v16_L1v1-v1/240000/0A5F591C-D259-CE40-A5E8-FE7FB28B4282.root
10-Jun-2024 16:08:31 CEST  Initiating request to open file root://eoscms.cern.ch//eos/cms/store/mc/RunIISummer20UL18MiniAODv2/QCD_Pt_3200toInf_TuneCP5_13TeV_pythia8/MINIAODSIM/106X_upgrade2018_realistic_v16_L1v1-v1/230000/79F3E3CD-35C1-CC48-9E1E-F30825727CCB.root
%MSG-w XrdAdaptorInternal:  file_open 10-Jun-2024 16:08:32 CEST PostProcessEvent
Failed to open file at URL root://eoscms.cern.ch:1094//eos/cms/store/mc/RunIISummer20UL18MiniAODv2/QCD_Pt_3200toInf_TuneCP5_13TeV_pythia8/MINIAODSIM/106X_upgrade2018_realistic_v16_L1v1-v1/230000/79F3E3CD-35C1-CC48-9E1E-F30825727CCB.root.
%MSG
%MSG-w XrdAdaptorInternal:  file_open 10-Jun-2024 16:08:32 CEST PostProcessEvent
Failed to open file at URL root://eoscms.cern.ch:1094//eos/cms/store/mc/RunIISummer20UL18MiniAODv2/QCD_Pt_3200toInf_TuneCP5_13TeV_pythia8/MINIAODSIM/106X_upgrade2018_realistic_v16_L1v1-v1/230000/79F3E3CD-35C1-CC48-9E1E-F30825727CCB.root?tried=.
%MSG
10-Jun-2024 16:08:32 CEST  Fallback request to file root://xrootd-cms.infn.it//store/mc/RunIISummer20UL18MiniAODv2/QCD_Pt_3200toInf_TuneCP5_13TeV_pythia8/MINIAODSIM/106X_upgrade2018_realistic_v16_L1v1-v1/230000/79F3E3CD-35C1-CC48-9E1E-F30825727CCB.root
%MSG-w XrdAdaptor:  file_open 10-Jun-2024 16:08:45 CEST PostProcessEvent
Data is served from fnal.gov instead of original site infn.it
%MSG
10-Jun-2024 16:08:46 CEST  Successfully opened file root://xrootd-cms.infn.it//store/mc/RunIISummer20UL18MiniAODv2/QCD_Pt_3200toInf_TuneCP5_13TeV_pythia8/MINIAODSIM/106X_upgrade2018_realistic_v16_L1v1-v1/230000/79F3E3CD-35C1-CC48-9E1E-F30825727CCB.root
Unable to load sec.protocol plugin libXrdSecztn.so
10-Jun-2024 16:08:51 CEST  Closed file root://xrootd-cms.infn.it//store/mc/RunIISummer20UL18MiniAODv2/QCD_Pt_3200toInf_TuneCP5_13TeV_pythia8/MINIAODSIM/106X_upgrade2018_realistic_v16_L1v1-v1/230000/79F3E3CD-35C1-CC48-9E1E-F30825727CCB.root
10-Jun-2024 16:08:51 CEST  Initiating request to open file root://eoscms.cern.ch//eos/cms/store/mc/RunIISummer20UL18MiniAODv2/QCD_Pt_3200toInf_TuneCP5_13TeV_pythia8/MINIAODSIM/106X_upgrade2018_realistic_v16_L1v1-v1/240000/D13CF065-4D99-2248-A5FE-64C8876F26BD.root
%MSG-w XrdAdaptorInternal:  file_open 10-Jun-2024 16:08:52 CEST PostProcessEvent
Failed to open file at URL root://eoscms.cern.ch:1094//eos/cms/store/mc/RunIISummer20UL18MiniAODv2/QCD_Pt_3200toInf_TuneCP5_13TeV_pythia8/MINIAODSIM/106X_upgrade2018_realistic_v16_L1v1-v1/240000/D13CF065-4D99-2248-A5FE-64C8876F26BD.root.
%MSG
%MSG-w XrdAdaptorInternal:  file_open 10-Jun-2024 16:08:52 CEST PostProcessEvent
Failed to open file at URL root://eoscms.cern.ch:1094//eos/cms/store/mc/RunIISummer20UL18MiniAODv2/QCD_Pt_3200toInf_TuneCP5_13TeV_pythia8/MINIAODSIM/106X_upgrade2018_realistic_v16_L1v1-v1/240000/D13CF065-4D99-2248-A5FE-64C8876F26BD.root?tried=.
%MSG
10-Jun-2024 16:08:52 CEST  Fallback request to file root://xrootd-cms.infn.it//store/mc/RunIISummer20UL18MiniAODv2/QCD_Pt_3200toInf_TuneCP5_13TeV_pythia8/MINIAODSIM/106X_upgrade2018_realistic_v16_L1v1-v1/240000/D13CF065-4D99-2248-A5FE-64C8876F26BD.root
%MSG-w XrdAdaptor:  file_open 10-Jun-2024 16:09:08 CEST PostProcessEvent
Data is served from T2_US_Wisconsin instead of original site infn.it
%MSG
10-Jun-2024 16:09:09 CEST  Successfully opened file root://xrootd-cms.infn.it//store/mc/RunIISummer20UL18MiniAODv2/QCD_Pt_3200toInf_TuneCP5_13TeV_pythia8/MINIAODSIM/106X_upgrade2018_realistic_v16_L1v1-v1/240000/D13CF065-4D99-2248-A5FE-64C8876F26BD.root
Begin processing the 100001st record. Run 1, Event 498013, LumiSection 499 on stream 0 at 10-Jun-2024 16:09:27.002 CEST
10-Jun-2024 16:09:28 CEST  Closed file root://xrootd-cms.infn.it//store/mc/RunIISummer20UL18MiniAODv2/QCD_Pt_3200toInf_TuneCP5_13TeV_pythia8/MINIAODSIM/106X_upgrade2018_realistic_v16_L1v1-v1/240000/D13CF065-4D99-2248-A5FE-64C8876F26BD.root
10-Jun-2024 16:09:28 CEST  Initiating request to open file root://eoscms.cern.ch//eos/cms/store/mc/RunIISummer20UL18MiniAODv2/QCD_Pt_3200toInf_TuneCP5_13TeV_pythia8/MINIAODSIM/106X_upgrade2018_realistic_v16_L1v1-v1/240000/6A8C62B9-5CE2-A94C-A9A9-28C74BFA1E37.root
%MSG-w XrdAdaptorInternal:  file_open 10-Jun-2024 16:09:29 CEST PostProcessEvent
Failed to open file at URL root://eoscms.cern.ch:1094//eos/cms/store/mc/RunIISummer20UL18MiniAODv2/QCD_Pt_3200toInf_TuneCP5_13TeV_pythia8/MINIAODSIM/106X_upgrade2018_realistic_v16_L1v1-v1/240000/6A8C62B9-5CE2-A94C-A9A9-28C74BFA1E37.root.
%MSG
%MSG-w XrdAdaptorInternal:  file_open 10-Jun-2024 16:09:29 CEST PostProcessEvent
Failed to open file at URL root://eoscms.cern.ch:1094//eos/cms/store/mc/RunIISummer20UL18MiniAODv2/QCD_Pt_3200toInf_TuneCP5_13TeV_pythia8/MINIAODSIM/106X_upgrade2018_realistic_v16_L1v1-v1/240000/6A8C62B9-5CE2-A94C-A9A9-28C74BFA1E37.root?tried=.
%MSG
10-Jun-2024 16:09:29 CEST  Fallback request to file root://xrootd-cms.infn.it//store/mc/RunIISummer20UL18MiniAODv2/QCD_Pt_3200toInf_TuneCP5_13TeV_pythia8/MINIAODSIM/106X_upgrade2018_realistic_v16_L1v1-v1/240000/6A8C62B9-5CE2-A94C-A9A9-28C74BFA1E37.root
%MSG-w XrdAdaptor:  file_open 10-Jun-2024 16:09:44 CEST PostProcessEvent
Data is served from T2_US_Wisconsin instead of original site infn.it
%MSG
10-Jun-2024 16:09:45 CEST  Successfully opened file root://xrootd-cms.infn.it//store/mc/RunIISummer20UL18MiniAODv2/QCD_Pt_3200toInf_TuneCP5_13TeV_pythia8/MINIAODSIM/106X_upgrade2018_realistic_v16_L1v1-v1/240000/6A8C62B9-5CE2-A94C-A9A9-28C74BFA1E37.root
10-Jun-2024 16:09:53 CEST  Closed file root://xrootd-cms.infn.it//store/mc/RunIISummer20UL18MiniAODv2/QCD_Pt_3200toInf_TuneCP5_13TeV_pythia8/MINIAODSIM/106X_upgrade2018_realistic_v16_L1v1-v1/240000/6A8C62B9-5CE2-A94C-A9A9-28C74BFA1E37.root
10-Jun-2024 16:09:53 CEST  Initiating request to open file root://eoscms.cern.ch//eos/cms/store/mc/RunIISummer20UL18MiniAODv2/QCD_Pt_3200toInf_TuneCP5_13TeV_pythia8/MINIAODSIM/106X_upgrade2018_realistic_v16_L1v1-v1/240000/ECDAF082-5ED4-6141-A204-E7873268F61E.root
%MSG-w XrdAdaptorInternal:  file_open 10-Jun-2024 16:09:54 CEST PostProcessEvent
Failed to open file at URL root://eoscms.cern.ch:1094//eos/cms/store/mc/RunIISummer20UL18MiniAODv2/QCD_Pt_3200toInf_TuneCP5_13TeV_pythia8/MINIAODSIM/106X_upgrade2018_realistic_v16_L1v1-v1/240000/ECDAF082-5ED4-6141-A204-E7873268F61E.root.
%MSG
%MSG-w XrdAdaptorInternal:  file_open 10-Jun-2024 16:09:54 CEST PostProcessEvent
Failed to open file at URL root://eoscms.cern.ch:1094//eos/cms/store/mc/RunIISummer20UL18MiniAODv2/QCD_Pt_3200toInf_TuneCP5_13TeV_pythia8/MINIAODSIM/106X_upgrade2018_realistic_v16_L1v1-v1/240000/ECDAF082-5ED4-6141-A204-E7873268F61E.root?tried=.
%MSG
10-Jun-2024 16:09:54 CEST  Fallback request to file root://xrootd-cms.infn.it//store/mc/RunIISummer20UL18MiniAODv2/QCD_Pt_3200toInf_TuneCP5_13TeV_pythia8/MINIAODSIM/106X_upgrade2018_realistic_v16_L1v1-v1/240000/ECDAF082-5ED4-6141-A204-E7873268F61E.root
%MSG-w XrdAdaptor:  file_open 10-Jun-2024 16:10:08 CEST PostProcessEvent
Data is served from T2_US_Wisconsin instead of original site infn.it
%MSG
10-Jun-2024 16:10:09 CEST  Successfully opened file root://xrootd-cms.infn.it//store/mc/RunIISummer20UL18MiniAODv2/QCD_Pt_3200toInf_TuneCP5_13TeV_pythia8/MINIAODSIM/106X_upgrade2018_realistic_v16_L1v1-v1/240000/ECDAF082-5ED4-6141-A204-E7873268F61E.root
Begin processing the 200001st record. Run 1, Event 592003, LumiSection 593 on stream 0 at 10-Jun-2024 16:10:27.060 CEST
10-Jun-2024 16:10:27 CEST  Closed file root://xrootd-cms.infn.it//store/mc/RunIISummer20UL18MiniAODv2/QCD_Pt_3200toInf_TuneCP5_13TeV_pythia8/MINIAODSIM/106X_upgrade2018_realistic_v16_L1v1-v1/240000/ECDAF082-5ED4-6141-A204-E7873268F61E.root
10-Jun-2024 16:10:27 CEST  Initiating request to open file root://eoscms.cern.ch//eos/cms/store/mc/RunIISummer20UL18MiniAODv2/QCD_Pt_3200toInf_TuneCP5_13TeV_pythia8/MINIAODSIM/106X_upgrade2018_realistic_v16_L1v1-v1/240000/44186EB2-4826-5842-B406-D329F3B71242.root
%MSG-w XrdAdaptorInternal:  file_open 10-Jun-2024 16:10:28 CEST PostProcessEvent
Failed to open file at URL root://eoscms.cern.ch:1094//eos/cms/store/mc/RunIISummer20UL18MiniAODv2/QCD_Pt_3200toInf_TuneCP5_13TeV_pythia8/MINIAODSIM/106X_upgrade2018_realistic_v16_L1v1-v1/240000/44186EB2-4826-5842-B406-D329F3B71242.root.
%MSG
%MSG-w XrdAdaptorInternal:  file_open 10-Jun-2024 16:10:28 CEST PostProcessEvent
Failed to open file at URL root://eoscms.cern.ch:1094//eos/cms/store/mc/RunIISummer20UL18MiniAODv2/QCD_Pt_3200toInf_TuneCP5_13TeV_pythia8/MINIAODSIM/106X_upgrade2018_realistic_v16_L1v1-v1/240000/44186EB2-4826-5842-B406-D329F3B71242.root?tried=.
%MSG
10-Jun-2024 16:10:28 CEST  Fallback request to file root://xrootd-cms.infn.it//store/mc/RunIISummer20UL18MiniAODv2/QCD_Pt_3200toInf_TuneCP5_13TeV_pythia8/MINIAODSIM/106X_upgrade2018_realistic_v16_L1v1-v1/240000/44186EB2-4826-5842-B406-D329F3B71242.root
%MSG-w XrdAdaptor:  file_open 10-Jun-2024 16:10:44 CEST PostProcessEvent
Data is served from T2_US_MIT instead of original site infn.it
%MSG
10-Jun-2024 16:10:44 CEST  Successfully opened file root://xrootd-cms.infn.it//store/mc/RunIISummer20UL18MiniAODv2/QCD_Pt_3200toInf_TuneCP5_13TeV_pythia8/MINIAODSIM/106X_upgrade2018_realistic_v16_L1v1-v1/240000/44186EB2-4826-5842-B406-D329F3B71242.root
10-Jun-2024 16:10:48 CEST  Closed file root://xrootd-cms.infn.it//store/mc/RunIISummer20UL18MiniAODv2/QCD_Pt_3200toInf_TuneCP5_13TeV_pythia8/MINIAODSIM/106X_upgrade2018_realistic_v16_L1v1-v1/240000/44186EB2-4826-5842-B406-D329F3B71242.root
10-Jun-2024 16:10:48 CEST  Initiating request to open file root://eoscms.cern.ch//eos/cms/store/mc/RunIISummer20UL18MiniAODv2/QCD_Pt_3200toInf_TuneCP5_13TeV_pythia8/MINIAODSIM/106X_upgrade2018_realistic_v16_L1v1-v1/100000/C3DC5208-0956-854E-87A3-0930A266A41D.root
%MSG-w XrdAdaptorInternal:  file_open 10-Jun-2024 16:10:49 CEST PostProcessEvent
Failed to open file at URL root://eoscms.cern.ch:1094//eos/cms/store/mc/RunIISummer20UL18MiniAODv2/QCD_Pt_3200toInf_TuneCP5_13TeV_pythia8/MINIAODSIM/106X_upgrade2018_realistic_v16_L1v1-v1/100000/C3DC5208-0956-854E-87A3-0930A266A41D.root.
%MSG
%MSG-w XrdAdaptorInternal:  file_open 10-Jun-2024 16:10:49 CEST PostProcessEvent
Failed to open file at URL root://eoscms.cern.ch:1094//eos/cms/store/mc/RunIISummer20UL18MiniAODv2/QCD_Pt_3200toInf_TuneCP5_13TeV_pythia8/MINIAODSIM/106X_upgrade2018_realistic_v16_L1v1-v1/100000/C3DC5208-0956-854E-87A3-0930A266A41D.root?tried=.
%MSG
10-Jun-2024 16:10:49 CEST  Fallback request to file root://xrootd-cms.infn.it//store/mc/RunIISummer20UL18MiniAODv2/QCD_Pt_3200toInf_TuneCP5_13TeV_pythia8/MINIAODSIM/106X_upgrade2018_realistic_v16_L1v1-v1/100000/C3DC5208-0956-854E-87A3-0930A266A41D.root
%MSG-w XrdAdaptor:  file_open 10-Jun-2024 16:11:07 CEST PostProcessEvent
Data is served from T2_BR_SPRACE instead of original site infn.it
%MSG
10-Jun-2024 16:11:08 CEST  Successfully opened file root://xrootd-cms.infn.it//store/mc/RunIISummer20UL18MiniAODv2/QCD_Pt_3200toInf_TuneCP5_13TeV_pythia8/MINIAODSIM/106X_upgrade2018_realistic_v16_L1v1-v1/100000/C3DC5208-0956-854E-87A3-0930A266A41D.root
10-Jun-2024 16:11:19 CEST  Closed file root://xrootd-cms.infn.it//store/mc/RunIISummer20UL18MiniAODv2/QCD_Pt_3200toInf_TuneCP5_13TeV_pythia8/MINIAODSIM/106X_upgrade2018_realistic_v16_L1v1-v1/100000/C3DC5208-0956-854E-87A3-0930A266A41D.root
10-Jun-2024 16:11:20 CEST  Initiating request to open file root://eoscms.cern.ch//eos/cms/store/mc/RunIISummer20UL18MiniAODv2/QCD_Pt_3200toInf_TuneCP5_13TeV_pythia8/MINIAODSIM/106X_upgrade2018_realistic_v16_L1v1-v1/110000/A1962206-75A9-D043-83CA-0C37823E3818.root
%MSG-w XrdAdaptorInternal:  file_open 10-Jun-2024 16:11:21 CEST PostProcessEvent
Failed to open file at URL root://eoscms.cern.ch:1094//eos/cms/store/mc/RunIISummer20UL18MiniAODv2/QCD_Pt_3200toInf_TuneCP5_13TeV_pythia8/MINIAODSIM/106X_upgrade2018_realistic_v16_L1v1-v1/110000/A1962206-75A9-D043-83CA-0C37823E3818.root.
%MSG
%MSG-w XrdAdaptorInternal:  file_open 10-Jun-2024 16:11:21 CEST PostProcessEvent
Failed to open file at URL root://eoscms.cern.ch:1094//eos/cms/store/mc/RunIISummer20UL18MiniAODv2/QCD_Pt_3200toInf_TuneCP5_13TeV_pythia8/MINIAODSIM/106X_upgrade2018_realistic_v16_L1v1-v1/110000/A1962206-75A9-D043-83CA-0C37823E3818.root?tried=.
%MSG
10-Jun-2024 16:11:21 CEST  Fallback request to file root://xrootd-cms.infn.it//store/mc/RunIISummer20UL18MiniAODv2/QCD_Pt_3200toInf_TuneCP5_13TeV_pythia8/MINIAODSIM/106X_upgrade2018_realistic_v16_L1v1-v1/110000/A1962206-75A9-D043-83CA-0C37823E3818.root
Unable to load sec.protocol plugin libXrdSecztn.so
%MSG-w XrdAdaptor:  file_open 10-Jun-2024 16:11:36 CEST PostProcessEvent
Data is served from T2_US_UCSD-ceph instead of original site infn.it
%MSG
10-Jun-2024 16:11:37 CEST  Successfully opened file root://xrootd-cms.infn.it//store/mc/RunIISummer20UL18MiniAODv2/QCD_Pt_3200toInf_TuneCP5_13TeV_pythia8/MINIAODSIM/106X_upgrade2018_realistic_v16_L1v1-v1/110000/A1962206-75A9-D043-83CA-0C37823E3818.root
Unable to load sec.protocol plugin libXrdSecztn.so
10-Jun-2024 16:11:51 CEST  Closed file root://xrootd-cms.infn.it//store/mc/RunIISummer20UL18MiniAODv2/QCD_Pt_3200toInf_TuneCP5_13TeV_pythia8/MINIAODSIM/106X_upgrade2018_realistic_v16_L1v1-v1/110000/A1962206-75A9-D043-83CA-0C37823E3818.root
10-Jun-2024 16:11:51 CEST  Initiating request to open file root://eoscms.cern.ch//eos/cms/store/mc/RunIISummer20UL18MiniAODv2/QCD_Pt_3200toInf_TuneCP5_13TeV_pythia8/MINIAODSIM/106X_upgrade2018_realistic_v16_L1v1-v1/110000/A18AC410-A7B4-9442-AD98-D52B91E0EAB0.root
%MSG-w XrdAdaptorInternal:  file_open 10-Jun-2024 16:11:52 CEST PostProcessEvent
Failed to open file at URL root://eoscms.cern.ch:1094//eos/cms/store/mc/RunIISummer20UL18MiniAODv2/QCD_Pt_3200toInf_TuneCP5_13TeV_pythia8/MINIAODSIM/106X_upgrade2018_realistic_v16_L1v1-v1/110000/A18AC410-A7B4-9442-AD98-D52B91E0EAB0.root.
%MSG
%MSG-w XrdAdaptorInternal:  file_open 10-Jun-2024 16:11:52 CEST PostProcessEvent
Failed to open file at URL root://eoscms.cern.ch:1094//eos/cms/store/mc/RunIISummer20UL18MiniAODv2/QCD_Pt_3200toInf_TuneCP5_13TeV_pythia8/MINIAODSIM/106X_upgrade2018_realistic_v16_L1v1-v1/110000/A18AC410-A7B4-9442-AD98-D52B91E0EAB0.root?tried=.
%MSG
10-Jun-2024 16:11:52 CEST  Fallback request to file root://xrootd-cms.infn.it//store/mc/RunIISummer20UL18MiniAODv2/QCD_Pt_3200toInf_TuneCP5_13TeV_pythia8/MINIAODSIM/106X_upgrade2018_realistic_v16_L1v1-v1/110000/A18AC410-A7B4-9442-AD98-D52B91E0EAB0.root
Unable to load sec.protocol plugin libXrdSecztn.so
%MSG-w XrdAdaptor:  file_open 10-Jun-2024 16:12:07 CEST PostProcessEvent
Data is served from T2_US_UCSD-ceph instead of original site infn.it
%MSG
10-Jun-2024 16:12:08 CEST  Successfully opened file root://xrootd-cms.infn.it//store/mc/RunIISummer20UL18MiniAODv2/QCD_Pt_3200toInf_TuneCP5_13TeV_pythia8/MINIAODSIM/106X_upgrade2018_realistic_v16_L1v1-v1/110000/A18AC410-A7B4-9442-AD98-D52B91E0EAB0.root
Unable to load sec.protocol plugin libXrdSecztn.so
Begin processing the 300001st record. Run 1, Event 902008, LumiSection 903 on stream 0 at 10-Jun-2024 16:12:24.600 CEST
10-Jun-2024 16:12:25 CEST  Closed file root://xrootd-cms.infn.it//store/mc/RunIISummer20UL18MiniAODv2/QCD_Pt_3200toInf_TuneCP5_13TeV_pythia8/MINIAODSIM/106X_upgrade2018_realistic_v16_L1v1-v1/110000/A18AC410-A7B4-9442-AD98-D52B91E0EAB0.root
10-Jun-2024 16:12:25 CEST  Initiating request to open file root://eoscms.cern.ch//eos/cms/store/mc/RunIISummer20UL18MiniAODv2/QCD_Pt_3200toInf_TuneCP5_13TeV_pythia8/MINIAODSIM/106X_upgrade2018_realistic_v16_L1v1-v1/110000/D140D383-3297-7E4B-8A69-F50D4848CD5D.root
%MSG-w XrdAdaptorInternal:  file_open 10-Jun-2024 16:12:26 CEST PostProcessEvent
Failed to open file at URL root://eoscms.cern.ch:1094//eos/cms/store/mc/RunIISummer20UL18MiniAODv2/QCD_Pt_3200toInf_TuneCP5_13TeV_pythia8/MINIAODSIM/106X_upgrade2018_realistic_v16_L1v1-v1/110000/D140D383-3297-7E4B-8A69-F50D4848CD5D.root.
%MSG
%MSG-w XrdAdaptorInternal:  file_open 10-Jun-2024 16:12:26 CEST PostProcessEvent
Failed to open file at URL root://eoscms.cern.ch:1094//eos/cms/store/mc/RunIISummer20UL18MiniAODv2/QCD_Pt_3200toInf_TuneCP5_13TeV_pythia8/MINIAODSIM/106X_upgrade2018_realistic_v16_L1v1-v1/110000/D140D383-3297-7E4B-8A69-F50D4848CD5D.root?tried=.
%MSG
10-Jun-2024 16:12:26 CEST  Fallback request to file root://xrootd-cms.infn.it//store/mc/RunIISummer20UL18MiniAODv2/QCD_Pt_3200toInf_TuneCP5_13TeV_pythia8/MINIAODSIM/106X_upgrade2018_realistic_v16_L1v1-v1/110000/D140D383-3297-7E4B-8A69-F50D4848CD5D.root
%MSG-w XrdAdaptor:  file_open 10-Jun-2024 16:12:38 CEST PostProcessEvent
Data is served from T2_US_UCSD-ceph instead of original site infn.it
%MSG
10-Jun-2024 16:12:39 CEST  Successfully opened file root://xrootd-cms.infn.it//store/mc/RunIISummer20UL18MiniAODv2/QCD_Pt_3200toInf_TuneCP5_13TeV_pythia8/MINIAODSIM/106X_upgrade2018_realistic_v16_L1v1-v1/110000/D140D383-3297-7E4B-8A69-F50D4848CD5D.root
Unable to load sec.protocol plugin libXrdSecztn.so
10-Jun-2024 16:12:56 CEST  Closed file root://xrootd-cms.infn.it//store/mc/RunIISummer20UL18MiniAODv2/QCD_Pt_3200toInf_TuneCP5_13TeV_pythia8/MINIAODSIM/106X_upgrade2018_realistic_v16_L1v1-v1/110000/D140D383-3297-7E4B-8A69-F50D4848CD5D.root
10-Jun-2024 16:12:56 CEST  Initiating request to open file root://eoscms.cern.ch//eos/cms/store/mc/RunIISummer20UL18MiniAODv2/QCD_Pt_3200toInf_TuneCP5_13TeV_pythia8/MINIAODSIM/106X_upgrade2018_realistic_v16_L1v1-v1/110000/CF3A5625-6948-F640-AF3C-08B37A71366F.root
%MSG-w XrdAdaptorInternal:  file_open 10-Jun-2024 16:12:57 CEST PostProcessEvent
Failed to open file at URL root://eoscms.cern.ch:1094//eos/cms/store/mc/RunIISummer20UL18MiniAODv2/QCD_Pt_3200toInf_TuneCP5_13TeV_pythia8/MINIAODSIM/106X_upgrade2018_realistic_v16_L1v1-v1/110000/CF3A5625-6948-F640-AF3C-08B37A71366F.root.
%MSG
%MSG-w XrdAdaptorInternal:  file_open 10-Jun-2024 16:12:57 CEST PostProcessEvent
Failed to open file at URL root://eoscms.cern.ch:1094//eos/cms/store/mc/RunIISummer20UL18MiniAODv2/QCD_Pt_3200toInf_TuneCP5_13TeV_pythia8/MINIAODSIM/106X_upgrade2018_realistic_v16_L1v1-v1/110000/CF3A5625-6948-F640-AF3C-08B37A71366F.root?tried=.
%MSG
10-Jun-2024 16:12:57 CEST  Fallback request to file root://xrootd-cms.infn.it//store/mc/RunIISummer20UL18MiniAODv2/QCD_Pt_3200toInf_TuneCP5_13TeV_pythia8/MINIAODSIM/106X_upgrade2018_realistic_v16_L1v1-v1/110000/CF3A5625-6948-F640-AF3C-08B37A71366F.root
%MSG-w XrdAdaptor:  file_open 10-Jun-2024 16:13:10 CEST PostProcessEvent
Data is served from T2_US_UCSD-ceph instead of original site infn.it
%MSG
10-Jun-2024 16:13:11 CEST  Successfully opened file root://xrootd-cms.infn.it//store/mc/RunIISummer20UL18MiniAODv2/QCD_Pt_3200toInf_TuneCP5_13TeV_pythia8/MINIAODSIM/106X_upgrade2018_realistic_v16_L1v1-v1/110000/CF3A5625-6948-F640-AF3C-08B37A71366F.root
Begin processing the 400001st record. Run 1, Event 105007, LumiSection 106 on stream 0 at 10-Jun-2024 16:13:28.328 CEST
10-Jun-2024 16:13:28 CEST  Closed file root://xrootd-cms.infn.it//store/mc/RunIISummer20UL18MiniAODv2/QCD_Pt_3200toInf_TuneCP5_13TeV_pythia8/MINIAODSIM/106X_upgrade2018_realistic_v16_L1v1-v1/110000/CF3A5625-6948-F640-AF3C-08B37A71366F.root
10-Jun-2024 16:13:28 CEST  Initiating request to open file root://eoscms.cern.ch//eos/cms/store/mc/RunIISummer20UL18MiniAODv2/QCD_Pt_3200toInf_TuneCP5_13TeV_pythia8/MINIAODSIM/106X_upgrade2018_realistic_v16_L1v1-v1/110000/C96E3068-335B-CA40-9F4F-EC681B0AF30A.root
%MSG-w XrdAdaptorInternal:  file_open 10-Jun-2024 16:13:29 CEST PostProcessEvent
Failed to open file at URL root://eoscms.cern.ch:1094//eos/cms/store/mc/RunIISummer20UL18MiniAODv2/QCD_Pt_3200toInf_TuneCP5_13TeV_pythia8/MINIAODSIM/106X_upgrade2018_realistic_v16_L1v1-v1/110000/C96E3068-335B-CA40-9F4F-EC681B0AF30A.root.
%MSG
%MSG-w XrdAdaptorInternal:  file_open 10-Jun-2024 16:13:29 CEST PostProcessEvent
Failed to open file at URL root://eoscms.cern.ch:1094//eos/cms/store/mc/RunIISummer20UL18MiniAODv2/QCD_Pt_3200toInf_TuneCP5_13TeV_pythia8/MINIAODSIM/106X_upgrade2018_realistic_v16_L1v1-v1/110000/C96E3068-335B-CA40-9F4F-EC681B0AF30A.root?tried=.
%MSG
10-Jun-2024 16:13:29 CEST  Fallback request to file root://xrootd-cms.infn.it//store/mc/RunIISummer20UL18MiniAODv2/QCD_Pt_3200toInf_TuneCP5_13TeV_pythia8/MINIAODSIM/106X_upgrade2018_realistic_v16_L1v1-v1/110000/C96E3068-335B-CA40-9F4F-EC681B0AF30A.root
Unable to load sec.protocol plugin libXrdSecztn.so
%MSG-w XrdAdaptor:  file_open 10-Jun-2024 16:13:43 CEST PostProcessEvent
Data is served from T2_US_UCSD-ceph instead of original site infn.it
%MSG
10-Jun-2024 16:13:44 CEST  Successfully opened file root://xrootd-cms.infn.it//store/mc/RunIISummer20UL18MiniAODv2/QCD_Pt_3200toInf_TuneCP5_13TeV_pythia8/MINIAODSIM/106X_upgrade2018_realistic_v16_L1v1-v1/110000/C96E3068-335B-CA40-9F4F-EC681B0AF30A.root
Unable to load sec.protocol plugin libXrdSecztn.so
10-Jun-2024 16:14:02 CEST  Closed file root://xrootd-cms.infn.it//store/mc/RunIISummer20UL18MiniAODv2/QCD_Pt_3200toInf_TuneCP5_13TeV_pythia8/MINIAODSIM/106X_upgrade2018_realistic_v16_L1v1-v1/110000/C96E3068-335B-CA40-9F4F-EC681B0AF30A.root
10-Jun-2024 16:14:02 CEST  Initiating request to open file root://eoscms.cern.ch//eos/cms/store/mc/RunIISummer20UL18MiniAODv2/QCD_Pt_3200toInf_TuneCP5_13TeV_pythia8/MINIAODSIM/106X_upgrade2018_realistic_v16_L1v1-v1/110000/F5569578-5576-034D-A62D-32E57632BBE2.root
%MSG-w XrdAdaptorInternal:  file_open 10-Jun-2024 16:14:03 CEST PostProcessEvent
Failed to open file at URL root://eoscms.cern.ch:1094//eos/cms/store/mc/RunIISummer20UL18MiniAODv2/QCD_Pt_3200toInf_TuneCP5_13TeV_pythia8/MINIAODSIM/106X_upgrade2018_realistic_v16_L1v1-v1/110000/F5569578-5576-034D-A62D-32E57632BBE2.root.
%MSG
%MSG-w XrdAdaptorInternal:  file_open 10-Jun-2024 16:14:03 CEST PostProcessEvent
Failed to open file at URL root://eoscms.cern.ch:1094//eos/cms/store/mc/RunIISummer20UL18MiniAODv2/QCD_Pt_3200toInf_TuneCP5_13TeV_pythia8/MINIAODSIM/106X_upgrade2018_realistic_v16_L1v1-v1/110000/F5569578-5576-034D-A62D-32E57632BBE2.root?tried=.
%MSG
10-Jun-2024 16:14:03 CEST  Fallback request to file root://xrootd-cms.infn.it//store/mc/RunIISummer20UL18MiniAODv2/QCD_Pt_3200toInf_TuneCP5_13TeV_pythia8/MINIAODSIM/106X_upgrade2018_realistic_v16_L1v1-v1/110000/F5569578-5576-034D-A62D-32E57632BBE2.root
Unable to load sec.protocol plugin libXrdSecztn.so
%MSG-w XrdAdaptor:  file_open 10-Jun-2024 16:14:17 CEST PostProcessEvent
Data is served from T2_US_UCSD-ceph instead of original site infn.it
%MSG
10-Jun-2024 16:14:18 CEST  Successfully opened file root://xrootd-cms.infn.it//store/mc/RunIISummer20UL18MiniAODv2/QCD_Pt_3200toInf_TuneCP5_13TeV_pythia8/MINIAODSIM/106X_upgrade2018_realistic_v16_L1v1-v1/110000/F5569578-5576-034D-A62D-32E57632BBE2.root
Unable to load sec.protocol plugin libXrdSecztn.so
Begin processing the 500001st record. Run 1, Event 652005, LumiSection 653 on stream 0 at 10-Jun-2024 16:14:36.397 CEST
10-Jun-2024 16:14:36 CEST  Closed file root://xrootd-cms.infn.it//store/mc/RunIISummer20UL18MiniAODv2/QCD_Pt_3200toInf_TuneCP5_13TeV_pythia8/MINIAODSIM/106X_upgrade2018_realistic_v16_L1v1-v1/110000/F5569578-5576-034D-A62D-32E57632BBE2.root
10-Jun-2024 16:14:36 CEST  Initiating request to open file root://eoscms.cern.ch//eos/cms/store/mc/RunIISummer20UL18MiniAODv2/QCD_Pt_3200toInf_TuneCP5_13TeV_pythia8/MINIAODSIM/106X_upgrade2018_realistic_v16_L1v1-v1/110000/F76FFE52-2715-D842-9C18-8D8DDA8F1C15.root
%MSG-w XrdAdaptorInternal:  file_open 10-Jun-2024 16:14:37 CEST PostProcessEvent
Failed to open file at URL root://eoscms.cern.ch:1094//eos/cms/store/mc/RunIISummer20UL18MiniAODv2/QCD_Pt_3200toInf_TuneCP5_13TeV_pythia8/MINIAODSIM/106X_upgrade2018_realistic_v16_L1v1-v1/110000/F76FFE52-2715-D842-9C18-8D8DDA8F1C15.root.
%MSG
%MSG-w XrdAdaptorInternal:  file_open 10-Jun-2024 16:14:37 CEST PostProcessEvent
Failed to open file at URL root://eoscms.cern.ch:1094//eos/cms/store/mc/RunIISummer20UL18MiniAODv2/QCD_Pt_3200toInf_TuneCP5_13TeV_pythia8/MINIAODSIM/106X_upgrade2018_realistic_v16_L1v1-v1/110000/F76FFE52-2715-D842-9C18-8D8DDA8F1C15.root?tried=.
%MSG
10-Jun-2024 16:14:37 CEST  Fallback request to file root://xrootd-cms.infn.it//store/mc/RunIISummer20UL18MiniAODv2/QCD_Pt_3200toInf_TuneCP5_13TeV_pythia8/MINIAODSIM/106X_upgrade2018_realistic_v16_L1v1-v1/110000/F76FFE52-2715-D842-9C18-8D8DDA8F1C15.root
Unable to load sec.protocol plugin libXrdSecztn.so
%MSG-w XrdAdaptor:  file_open 10-Jun-2024 16:14:51 CEST PostProcessEvent
Data is served from T2_US_UCSD-ceph instead of original site infn.it
%MSG
10-Jun-2024 16:14:52 CEST  Successfully opened file root://xrootd-cms.infn.it//store/mc/RunIISummer20UL18MiniAODv2/QCD_Pt_3200toInf_TuneCP5_13TeV_pythia8/MINIAODSIM/106X_upgrade2018_realistic_v16_L1v1-v1/110000/F76FFE52-2715-D842-9C18-8D8DDA8F1C15.root
10-Jun-2024 16:15:09 CEST  Closed file root://xrootd-cms.infn.it//store/mc/RunIISummer20UL18MiniAODv2/QCD_Pt_3200toInf_TuneCP5_13TeV_pythia8/MINIAODSIM/106X_upgrade2018_realistic_v16_L1v1-v1/110000/F76FFE52-2715-D842-9C18-8D8DDA8F1C15.root
10-Jun-2024 16:15:09 CEST  Initiating request to open file root://eoscms.cern.ch//eos/cms/store/mc/RunIISummer20UL18MiniAODv2/QCD_Pt_3200toInf_TuneCP5_13TeV_pythia8/MINIAODSIM/106X_upgrade2018_realistic_v16_L1v1-v1/110000/534A8777-ED13-394B-9ACA-A58DB2725CF4.root
%MSG-w XrdAdaptorInternal:  file_open 10-Jun-2024 16:15:10 CEST PostProcessEvent
Failed to open file at URL root://eoscms.cern.ch:1094//eos/cms/store/mc/RunIISummer20UL18MiniAODv2/QCD_Pt_3200toInf_TuneCP5_13TeV_pythia8/MINIAODSIM/106X_upgrade2018_realistic_v16_L1v1-v1/110000/534A8777-ED13-394B-9ACA-A58DB2725CF4.root.
%MSG
%MSG-w XrdAdaptorInternal:  file_open 10-Jun-2024 16:15:10 CEST PostProcessEvent
Failed to open file at URL root://eoscms.cern.ch:1094//eos/cms/store/mc/RunIISummer20UL18MiniAODv2/QCD_Pt_3200toInf_TuneCP5_13TeV_pythia8/MINIAODSIM/106X_upgrade2018_realistic_v16_L1v1-v1/110000/534A8777-ED13-394B-9ACA-A58DB2725CF4.root?tried=.
%MSG
10-Jun-2024 16:15:10 CEST  Fallback request to file root://xrootd-cms.infn.it//store/mc/RunIISummer20UL18MiniAODv2/QCD_Pt_3200toInf_TuneCP5_13TeV_pythia8/MINIAODSIM/106X_upgrade2018_realistic_v16_L1v1-v1/110000/534A8777-ED13-394B-9ACA-A58DB2725CF4.root
%MSG-w XrdAdaptor:  file_open 10-Jun-2024 16:15:23 CEST PostProcessEvent
Data is served from T2_US_UCSD-ceph instead of original site infn.it
%MSG
10-Jun-2024 16:15:24 CEST  Successfully opened file root://xrootd-cms.infn.it//store/mc/RunIISummer20UL18MiniAODv2/QCD_Pt_3200toInf_TuneCP5_13TeV_pythia8/MINIAODSIM/106X_upgrade2018_realistic_v16_L1v1-v1/110000/534A8777-ED13-394B-9ACA-A58DB2725CF4.root
10-Jun-2024 16:15:41 CEST  Closed file root://xrootd-cms.infn.it//store/mc/RunIISummer20UL18MiniAODv2/QCD_Pt_3200toInf_TuneCP5_13TeV_pythia8/MINIAODSIM/106X_upgrade2018_realistic_v16_L1v1-v1/110000/534A8777-ED13-394B-9ACA-A58DB2725CF4.root
10-Jun-2024 16:15:41 CEST  Initiating request to open file root://eoscms.cern.ch//eos/cms/store/mc/RunIISummer20UL18MiniAODv2/QCD_Pt_3200toInf_TuneCP5_13TeV_pythia8/MINIAODSIM/106X_upgrade2018_realistic_v16_L1v1-v1/110000/D1FF7DCE-4785-AE4C-8EC5-199C9F28A5F4.root
%MSG-w XrdAdaptorInternal:  file_open 10-Jun-2024 16:15:42 CEST PostProcessEvent
Failed to open file at URL root://eoscms.cern.ch:1094//eos/cms/store/mc/RunIISummer20UL18MiniAODv2/QCD_Pt_3200toInf_TuneCP5_13TeV_pythia8/MINIAODSIM/106X_upgrade2018_realistic_v16_L1v1-v1/110000/D1FF7DCE-4785-AE4C-8EC5-199C9F28A5F4.root.
%MSG
%MSG-w XrdAdaptorInternal:  file_open 10-Jun-2024 16:15:42 CEST PostProcessEvent
Failed to open file at URL root://eoscms.cern.ch:1094//eos/cms/store/mc/RunIISummer20UL18MiniAODv2/QCD_Pt_3200toInf_TuneCP5_13TeV_pythia8/MINIAODSIM/106X_upgrade2018_realistic_v16_L1v1-v1/110000/D1FF7DCE-4785-AE4C-8EC5-199C9F28A5F4.root?tried=.
%MSG
10-Jun-2024 16:15:42 CEST  Fallback request to file root://xrootd-cms.infn.it//store/mc/RunIISummer20UL18MiniAODv2/QCD_Pt_3200toInf_TuneCP5_13TeV_pythia8/MINIAODSIM/106X_upgrade2018_realistic_v16_L1v1-v1/110000/D1FF7DCE-4785-AE4C-8EC5-199C9F28A5F4.root
%MSG-w XrdAdaptor:  file_open 10-Jun-2024 16:15:54 CEST PostProcessEvent
Data is served from T2_US_UCSD-ceph instead of original site infn.it
%MSG
10-Jun-2024 16:15:55 CEST  Successfully opened file root://xrootd-cms.infn.it//store/mc/RunIISummer20UL18MiniAODv2/QCD_Pt_3200toInf_TuneCP5_13TeV_pythia8/MINIAODSIM/106X_upgrade2018_realistic_v16_L1v1-v1/110000/D1FF7DCE-4785-AE4C-8EC5-199C9F28A5F4.root
Unable to load sec.protocol plugin libXrdSecztn.so
Begin processing the 600001st record. Run 1, Event 113005, LumiSection 114 on stream 0 at 10-Jun-2024 16:16:10.602 CEST
10-Jun-2024 16:16:12 CEST  Closed file root://xrootd-cms.infn.it//store/mc/RunIISummer20UL18MiniAODv2/QCD_Pt_3200toInf_TuneCP5_13TeV_pythia8/MINIAODSIM/106X_upgrade2018_realistic_v16_L1v1-v1/110000/D1FF7DCE-4785-AE4C-8EC5-199C9F28A5F4.root
10-Jun-2024 16:16:12 CEST  Initiating request to open file root://eoscms.cern.ch//eos/cms/store/mc/RunIISummer20UL18MiniAODv2/QCD_Pt_3200toInf_TuneCP5_13TeV_pythia8/MINIAODSIM/106X_upgrade2018_realistic_v16_L1v1-v1/240000/6CA4B2C4-8479-6848-B3DC-42E8C22332AD.root
%MSG-w XrdAdaptorInternal:  file_open 10-Jun-2024 16:16:13 CEST PostProcessEvent
Failed to open file at URL root://eoscms.cern.ch:1094//eos/cms/store/mc/RunIISummer20UL18MiniAODv2/QCD_Pt_3200toInf_TuneCP5_13TeV_pythia8/MINIAODSIM/106X_upgrade2018_realistic_v16_L1v1-v1/240000/6CA4B2C4-8479-6848-B3DC-42E8C22332AD.root.
%MSG
%MSG-w XrdAdaptorInternal:  file_open 10-Jun-2024 16:16:13 CEST PostProcessEvent
Failed to open file at URL root://eoscms.cern.ch:1094//eos/cms/store/mc/RunIISummer20UL18MiniAODv2/QCD_Pt_3200toInf_TuneCP5_13TeV_pythia8/MINIAODSIM/106X_upgrade2018_realistic_v16_L1v1-v1/240000/6CA4B2C4-8479-6848-B3DC-42E8C22332AD.root?tried=.
%MSG
10-Jun-2024 16:16:13 CEST  Fallback request to file root://xrootd-cms.infn.it//store/mc/RunIISummer20UL18MiniAODv2/QCD_Pt_3200toInf_TuneCP5_13TeV_pythia8/MINIAODSIM/106X_upgrade2018_realistic_v16_L1v1-v1/240000/6CA4B2C4-8479-6848-B3DC-42E8C22332AD.root
%MSG-w XrdAdaptor:  file_open 10-Jun-2024 16:16:28 CEST PostProcessEvent
Data is served from T2_US_Vanderbilt instead of original site infn.it
%MSG
10-Jun-2024 16:16:29 CEST  Successfully opened file root://xrootd-cms.infn.it//store/mc/RunIISummer20UL18MiniAODv2/QCD_Pt_3200toInf_TuneCP5_13TeV_pythia8/MINIAODSIM/106X_upgrade2018_realistic_v16_L1v1-v1/240000/6CA4B2C4-8479-6848-B3DC-42E8C22332AD.root
10-Jun-2024 16:16:37 CEST  Closed file root://xrootd-cms.infn.it//store/mc/RunIISummer20UL18MiniAODv2/QCD_Pt_3200toInf_TuneCP5_13TeV_pythia8/MINIAODSIM/106X_upgrade2018_realistic_v16_L1v1-v1/240000/6CA4B2C4-8479-6848-B3DC-42E8C22332AD.root
10-Jun-2024 16:16:37 CEST  Initiating request to open file root://eoscms.cern.ch//eos/cms/store/mc/RunIISummer20UL18MiniAODv2/QCD_Pt_3200toInf_TuneCP5_13TeV_pythia8/MINIAODSIM/106X_upgrade2018_realistic_v16_L1v1-v1/230000/A7635DCC-73BA-DC4A-9276-21A47D663ECF.root
%MSG-w XrdAdaptorInternal:  file_open 10-Jun-2024 16:16:38 CEST PostProcessEvent
Failed to open file at URL root://eoscms.cern.ch:1094//eos/cms/store/mc/RunIISummer20UL18MiniAODv2/QCD_Pt_3200toInf_TuneCP5_13TeV_pythia8/MINIAODSIM/106X_upgrade2018_realistic_v16_L1v1-v1/230000/A7635DCC-73BA-DC4A-9276-21A47D663ECF.root.
%MSG
%MSG-w XrdAdaptorInternal:  file_open 10-Jun-2024 16:16:38 CEST PostProcessEvent
Failed to open file at URL root://eoscms.cern.ch:1094//eos/cms/store/mc/RunIISummer20UL18MiniAODv2/QCD_Pt_3200toInf_TuneCP5_13TeV_pythia8/MINIAODSIM/106X_upgrade2018_realistic_v16_L1v1-v1/230000/A7635DCC-73BA-DC4A-9276-21A47D663ECF.root?tried=.
%MSG
10-Jun-2024 16:16:38 CEST  Fallback request to file root://xrootd-cms.infn.it//store/mc/RunIISummer20UL18MiniAODv2/QCD_Pt_3200toInf_TuneCP5_13TeV_pythia8/MINIAODSIM/106X_upgrade2018_realistic_v16_L1v1-v1/230000/A7635DCC-73BA-DC4A-9276-21A47D663ECF.root
Unable to load sec.protocol plugin libXrdSecztn.so
%MSG-w XrdAdaptor:  file_open 10-Jun-2024 16:16:51 CEST PostProcessEvent
Data is served from fnal.gov instead of original site infn.it
%MSG
10-Jun-2024 16:16:51 CEST  Successfully opened file root://xrootd-cms.infn.it//store/mc/RunIISummer20UL18MiniAODv2/QCD_Pt_3200toInf_TuneCP5_13TeV_pythia8/MINIAODSIM/106X_upgrade2018_realistic_v16_L1v1-v1/230000/A7635DCC-73BA-DC4A-9276-21A47D663ECF.root
10-Jun-2024 16:16:56 CEST  Closed file root://xrootd-cms.infn.it//store/mc/RunIISummer20UL18MiniAODv2/QCD_Pt_3200toInf_TuneCP5_13TeV_pythia8/MINIAODSIM/106X_upgrade2018_realistic_v16_L1v1-v1/230000/A7635DCC-73BA-DC4A-9276-21A47D663ECF.root
10-Jun-2024 16:16:56 CEST  Initiating request to open file root://eoscms.cern.ch//eos/cms/store/mc/RunIISummer20UL18MiniAODv2/QCD_Pt_3200toInf_TuneCP5_13TeV_pythia8/MINIAODSIM/106X_upgrade2018_realistic_v16_L1v1-v1/230000/974D2CC0-87B9-DA4E-A75E-52A0987CA966.root
%MSG-w XrdAdaptorInternal:  file_open 10-Jun-2024 16:16:57 CEST PostProcessEvent
Failed to open file at URL root://eoscms.cern.ch:1094//eos/cms/store/mc/RunIISummer20UL18MiniAODv2/QCD_Pt_3200toInf_TuneCP5_13TeV_pythia8/MINIAODSIM/106X_upgrade2018_realistic_v16_L1v1-v1/230000/974D2CC0-87B9-DA4E-A75E-52A0987CA966.root.
%MSG
%MSG-w XrdAdaptorInternal:  file_open 10-Jun-2024 16:16:57 CEST PostProcessEvent
Failed to open file at URL root://eoscms.cern.ch:1094//eos/cms/store/mc/RunIISummer20UL18MiniAODv2/QCD_Pt_3200toInf_TuneCP5_13TeV_pythia8/MINIAODSIM/106X_upgrade2018_realistic_v16_L1v1-v1/230000/974D2CC0-87B9-DA4E-A75E-52A0987CA966.root?tried=.
%MSG
10-Jun-2024 16:16:57 CEST  Fallback request to file root://xrootd-cms.infn.it//store/mc/RunIISummer20UL18MiniAODv2/QCD_Pt_3200toInf_TuneCP5_13TeV_pythia8/MINIAODSIM/106X_upgrade2018_realistic_v16_L1v1-v1/230000/974D2CC0-87B9-DA4E-A75E-52A0987CA966.root
%MSG-w XrdAdaptor:  file_open 10-Jun-2024 16:17:14 CEST PostProcessEvent
Data is served from cms.rcac.purdue.edu instead of original site infn.it
%MSG
10-Jun-2024 16:17:15 CEST  Successfully opened file root://xrootd-cms.infn.it//store/mc/RunIISummer20UL18MiniAODv2/QCD_Pt_3200toInf_TuneCP5_13TeV_pythia8/MINIAODSIM/106X_upgrade2018_realistic_v16_L1v1-v1/230000/974D2CC0-87B9-DA4E-A75E-52A0987CA966.root
Begin processing the 700001st record. Run 1, Event 801008, LumiSection 802 on stream 0 at 10-Jun-2024 16:17:22.372 CEST
10-Jun-2024 16:17:22 CEST  Closed file root://xrootd-cms.infn.it//store/mc/RunIISummer20UL18MiniAODv2/QCD_Pt_3200toInf_TuneCP5_13TeV_pythia8/MINIAODSIM/106X_upgrade2018_realistic_v16_L1v1-v1/230000/974D2CC0-87B9-DA4E-A75E-52A0987CA966.root
10-Jun-2024 16:17:22 CEST  Initiating request to open file root://eoscms.cern.ch//eos/cms/store/mc/RunIISummer20UL18MiniAODv2/QCD_Pt_3200toInf_TuneCP5_13TeV_pythia8/MINIAODSIM/106X_upgrade2018_realistic_v16_L1v1-v1/230000/48027D10-A76B-6143-87C8-48AE13F04F10.root
%MSG-w XrdAdaptorInternal:  file_open 10-Jun-2024 16:17:23 CEST PostProcessEvent
Failed to open file at URL root://eoscms.cern.ch:1094//eos/cms/store/mc/RunIISummer20UL18MiniAODv2/QCD_Pt_3200toInf_TuneCP5_13TeV_pythia8/MINIAODSIM/106X_upgrade2018_realistic_v16_L1v1-v1/230000/48027D10-A76B-6143-87C8-48AE13F04F10.root.
%MSG
%MSG-w XrdAdaptorInternal:  file_open 10-Jun-2024 16:17:23 CEST PostProcessEvent
Failed to open file at URL root://eoscms.cern.ch:1094//eos/cms/store/mc/RunIISummer20UL18MiniAODv2/QCD_Pt_3200toInf_TuneCP5_13TeV_pythia8/MINIAODSIM/106X_upgrade2018_realistic_v16_L1v1-v1/230000/48027D10-A76B-6143-87C8-48AE13F04F10.root?tried=.
%MSG
10-Jun-2024 16:17:23 CEST  Fallback request to file root://xrootd-cms.infn.it//store/mc/RunIISummer20UL18MiniAODv2/QCD_Pt_3200toInf_TuneCP5_13TeV_pythia8/MINIAODSIM/106X_upgrade2018_realistic_v16_L1v1-v1/230000/48027D10-A76B-6143-87C8-48AE13F04F10.root
%MSG-w XrdAdaptor:  file_open 10-Jun-2024 16:17:37 CEST PostProcessEvent
Data is served from cms.rcac.purdue.edu instead of original site infn.it
%MSG
10-Jun-2024 16:17:37 CEST  Successfully opened file root://xrootd-cms.infn.it//store/mc/RunIISummer20UL18MiniAODv2/QCD_Pt_3200toInf_TuneCP5_13TeV_pythia8/MINIAODSIM/106X_upgrade2018_realistic_v16_L1v1-v1/230000/48027D10-A76B-6143-87C8-48AE13F04F10.root
10-Jun-2024 16:17:50 CEST  Closed file root://xrootd-cms.infn.it//store/mc/RunIISummer20UL18MiniAODv2/QCD_Pt_3200toInf_TuneCP5_13TeV_pythia8/MINIAODSIM/106X_upgrade2018_realistic_v16_L1v1-v1/230000/48027D10-A76B-6143-87C8-48AE13F04F10.root
10-Jun-2024 16:17:50 CEST  Initiating request to open file root://eoscms.cern.ch//eos/cms/store/mc/RunIISummer20UL18MiniAODv2/QCD_Pt_3200toInf_TuneCP5_13TeV_pythia8/MINIAODSIM/106X_upgrade2018_realistic_v16_L1v1-v1/240000/473E69B9-8336-184D-94F6-A09764A8B060.root
%MSG-w XrdAdaptorInternal:  file_open 10-Jun-2024 16:17:51 CEST PostProcessEvent
Failed to open file at URL root://eoscms.cern.ch:1094//eos/cms/store/mc/RunIISummer20UL18MiniAODv2/QCD_Pt_3200toInf_TuneCP5_13TeV_pythia8/MINIAODSIM/106X_upgrade2018_realistic_v16_L1v1-v1/240000/473E69B9-8336-184D-94F6-A09764A8B060.root.
%MSG
%MSG-w XrdAdaptorInternal:  file_open 10-Jun-2024 16:17:51 CEST PostProcessEvent
Failed to open file at URL root://eoscms.cern.ch:1094//eos/cms/store/mc/RunIISummer20UL18MiniAODv2/QCD_Pt_3200toInf_TuneCP5_13TeV_pythia8/MINIAODSIM/106X_upgrade2018_realistic_v16_L1v1-v1/240000/473E69B9-8336-184D-94F6-A09764A8B060.root?tried=.
%MSG
10-Jun-2024 16:17:51 CEST  Fallback request to file root://xrootd-cms.infn.it//store/mc/RunIISummer20UL18MiniAODv2/QCD_Pt_3200toInf_TuneCP5_13TeV_pythia8/MINIAODSIM/106X_upgrade2018_realistic_v16_L1v1-v1/240000/473E69B9-8336-184D-94F6-A09764A8B060.root
Unable to load sec.protocol plugin libXrdSecztn.so
%MSG-w XrdAdaptor:  file_open 10-Jun-2024 16:18:05 CEST PostProcessEvent
Data is served from fnal.gov instead of original site infn.it
%MSG
10-Jun-2024 16:18:06 CEST  Successfully opened file root://xrootd-cms.infn.it//store/mc/RunIISummer20UL18MiniAODv2/QCD_Pt_3200toInf_TuneCP5_13TeV_pythia8/MINIAODSIM/106X_upgrade2018_realistic_v16_L1v1-v1/240000/473E69B9-8336-184D-94F6-A09764A8B060.root
Unable to load sec.protocol plugin libXrdSecztn.so
10-Jun-2024 16:18:15 CEST  Closed file root://xrootd-cms.infn.it//store/mc/RunIISummer20UL18MiniAODv2/QCD_Pt_3200toInf_TuneCP5_13TeV_pythia8/MINIAODSIM/106X_upgrade2018_realistic_v16_L1v1-v1/240000/473E69B9-8336-184D-94F6-A09764A8B060.root
10-Jun-2024 16:18:15 CEST  Initiating request to open file root://eoscms.cern.ch//eos/cms/store/mc/RunIISummer20UL18MiniAODv2/QCD_Pt_3200toInf_TuneCP5_13TeV_pythia8/MINIAODSIM/106X_upgrade2018_realistic_v16_L1v1-v1/240000/7B08F3B8-A5C2-1547-B418-69CD55EF4FA7.root
%MSG-w XrdAdaptorInternal:  file_open 10-Jun-2024 16:18:16 CEST PostProcessEvent
Failed to open file at URL root://eoscms.cern.ch:1094//eos/cms/store/mc/RunIISummer20UL18MiniAODv2/QCD_Pt_3200toInf_TuneCP5_13TeV_pythia8/MINIAODSIM/106X_upgrade2018_realistic_v16_L1v1-v1/240000/7B08F3B8-A5C2-1547-B418-69CD55EF4FA7.root.
%MSG
%MSG-w XrdAdaptorInternal:  file_open 10-Jun-2024 16:18:16 CEST PostProcessEvent
Failed to open file at URL root://eoscms.cern.ch:1094//eos/cms/store/mc/RunIISummer20UL18MiniAODv2/QCD_Pt_3200toInf_TuneCP5_13TeV_pythia8/MINIAODSIM/106X_upgrade2018_realistic_v16_L1v1-v1/240000/7B08F3B8-A5C2-1547-B418-69CD55EF4FA7.root?tried=.
%MSG
10-Jun-2024 16:18:16 CEST  Fallback request to file root://xrootd-cms.infn.it//store/mc/RunIISummer20UL18MiniAODv2/QCD_Pt_3200toInf_TuneCP5_13TeV_pythia8/MINIAODSIM/106X_upgrade2018_realistic_v16_L1v1-v1/240000/7B08F3B8-A5C2-1547-B418-69CD55EF4FA7.root
%MSG-w XrdAdaptor:  file_open 10-Jun-2024 16:18:28 CEST PostProcessEvent
Data is served from fnal.gov instead of original site infn.it
%MSG
10-Jun-2024 16:18:28 CEST  Successfully opened file root://xrootd-cms.infn.it//store/mc/RunIISummer20UL18MiniAODv2/QCD_Pt_3200toInf_TuneCP5_13TeV_pythia8/MINIAODSIM/106X_upgrade2018_realistic_v16_L1v1-v1/240000/7B08F3B8-A5C2-1547-B418-69CD55EF4FA7.root
Begin processing the 800001st record. Run 1, Event 43001, LumiSection 44 on stream 0 at 10-Jun-2024 16:18:33.866 CEST
10-Jun-2024 16:18:35 CEST  Closed file root://xrootd-cms.infn.it//store/mc/RunIISummer20UL18MiniAODv2/QCD_Pt_3200toInf_TuneCP5_13TeV_pythia8/MINIAODSIM/106X_upgrade2018_realistic_v16_L1v1-v1/240000/7B08F3B8-A5C2-1547-B418-69CD55EF4FA7.root
10-Jun-2024 16:18:35 CEST  Initiating request to open file root://eoscms.cern.ch//eos/cms/store/mc/RunIISummer20UL18MiniAODv2/QCD_Pt_3200toInf_TuneCP5_13TeV_pythia8/MINIAODSIM/106X_upgrade2018_realistic_v16_L1v1-v1/00000/8FB0FF0F-8DCD-6B49-9FDB-730EB9CDA6D2.root
%MSG-w XrdAdaptorInternal:  file_open 10-Jun-2024 16:18:36 CEST PostProcessEvent
Failed to open file at URL root://eoscms.cern.ch:1094//eos/cms/store/mc/RunIISummer20UL18MiniAODv2/QCD_Pt_3200toInf_TuneCP5_13TeV_pythia8/MINIAODSIM/106X_upgrade2018_realistic_v16_L1v1-v1/00000/8FB0FF0F-8DCD-6B49-9FDB-730EB9CDA6D2.root.
%MSG
%MSG-w XrdAdaptorInternal:  file_open 10-Jun-2024 16:18:36 CEST PostProcessEvent
Failed to open file at URL root://eoscms.cern.ch:1094//eos/cms/store/mc/RunIISummer20UL18MiniAODv2/QCD_Pt_3200toInf_TuneCP5_13TeV_pythia8/MINIAODSIM/106X_upgrade2018_realistic_v16_L1v1-v1/00000/8FB0FF0F-8DCD-6B49-9FDB-730EB9CDA6D2.root?tried=.
%MSG
10-Jun-2024 16:18:36 CEST  Fallback request to file root://xrootd-cms.infn.it//store/mc/RunIISummer20UL18MiniAODv2/QCD_Pt_3200toInf_TuneCP5_13TeV_pythia8/MINIAODSIM/106X_upgrade2018_realistic_v16_L1v1-v1/00000/8FB0FF0F-8DCD-6B49-9FDB-730EB9CDA6D2.root
%MSG-w XrdAdaptor:  file_open 10-Jun-2024 16:18:49 CEST PostProcessEvent
Data is served from fnal.gov instead of original site infn.it
%MSG
10-Jun-2024 16:18:49 CEST  Successfully opened file root://xrootd-cms.infn.it//store/mc/RunIISummer20UL18MiniAODv2/QCD_Pt_3200toInf_TuneCP5_13TeV_pythia8/MINIAODSIM/106X_upgrade2018_realistic_v16_L1v1-v1/00000/8FB0FF0F-8DCD-6B49-9FDB-730EB9CDA6D2.root
10-Jun-2024 16:18:54 CEST  Closed file root://xrootd-cms.infn.it//store/mc/RunIISummer20UL18MiniAODv2/QCD_Pt_3200toInf_TuneCP5_13TeV_pythia8/MINIAODSIM/106X_upgrade2018_realistic_v16_L1v1-v1/00000/8FB0FF0F-8DCD-6B49-9FDB-730EB9CDA6D2.root
10-Jun-2024 16:18:54 CEST  Initiating request to open file root://eoscms.cern.ch//eos/cms/store/mc/RunIISummer20UL18MiniAODv2/QCD_Pt_3200toInf_TuneCP5_13TeV_pythia8/MINIAODSIM/106X_upgrade2018_realistic_v16_L1v1-v1/110000/BD8427A3-6FE7-574F-8A69-06B70660E811.root
%MSG-w XrdAdaptorInternal:  file_open 10-Jun-2024 16:18:55 CEST PostProcessEvent
Failed to open file at URL root://eoscms.cern.ch:1094//eos/cms/store/mc/RunIISummer20UL18MiniAODv2/QCD_Pt_3200toInf_TuneCP5_13TeV_pythia8/MINIAODSIM/106X_upgrade2018_realistic_v16_L1v1-v1/110000/BD8427A3-6FE7-574F-8A69-06B70660E811.root.
%MSG
%MSG-w XrdAdaptorInternal:  file_open 10-Jun-2024 16:18:55 CEST PostProcessEvent
Failed to open file at URL root://eoscms.cern.ch:1094//eos/cms/store/mc/RunIISummer20UL18MiniAODv2/QCD_Pt_3200toInf_TuneCP5_13TeV_pythia8/MINIAODSIM/106X_upgrade2018_realistic_v16_L1v1-v1/110000/BD8427A3-6FE7-574F-8A69-06B70660E811.root?tried=.
%MSG
10-Jun-2024 16:18:55 CEST  Fallback request to file root://xrootd-cms.infn.it//store/mc/RunIISummer20UL18MiniAODv2/QCD_Pt_3200toInf_TuneCP5_13TeV_pythia8/MINIAODSIM/106X_upgrade2018_realistic_v16_L1v1-v1/110000/BD8427A3-6FE7-574F-8A69-06B70660E811.root
%MSG-w XrdAdaptor:  file_open 10-Jun-2024 16:19:08 CEST PostProcessEvent
Data is served from fnal.gov instead of original site infn.it
%MSG
10-Jun-2024 16:19:08 CEST  Successfully opened file root://xrootd-cms.infn.it//store/mc/RunIISummer20UL18MiniAODv2/QCD_Pt_3200toInf_TuneCP5_13TeV_pythia8/MINIAODSIM/106X_upgrade2018_realistic_v16_L1v1-v1/110000/BD8427A3-6FE7-574F-8A69-06B70660E811.root
10-Jun-2024 16:19:14 CEST  Closed file root://xrootd-cms.infn.it//store/mc/RunIISummer20UL18MiniAODv2/QCD_Pt_3200toInf_TuneCP5_13TeV_pythia8/MINIAODSIM/106X_upgrade2018_realistic_v16_L1v1-v1/110000/BD8427A3-6FE7-574F-8A69-06B70660E811.root
10-Jun-2024 16:19:14 CEST  Initiating request to open file root://eoscms.cern.ch//eos/cms/store/mc/RunIISummer20UL18MiniAODv2/QCD_Pt_3200toInf_TuneCP5_13TeV_pythia8/MINIAODSIM/106X_upgrade2018_realistic_v16_L1v1-v1/110000/BA5A76F6-0738-1345-9313-77770D418DEA.root
%MSG-w XrdAdaptorInternal:  file_open 10-Jun-2024 16:19:15 CEST PostProcessEvent
Failed to open file at URL root://eoscms.cern.ch:1094//eos/cms/store/mc/RunIISummer20UL18MiniAODv2/QCD_Pt_3200toInf_TuneCP5_13TeV_pythia8/MINIAODSIM/106X_upgrade2018_realistic_v16_L1v1-v1/110000/BA5A76F6-0738-1345-9313-77770D418DEA.root.
%MSG
%MSG-w XrdAdaptorInternal:  file_open 10-Jun-2024 16:19:15 CEST PostProcessEvent
Failed to open file at URL root://eoscms.cern.ch:1094//eos/cms/store/mc/RunIISummer20UL18MiniAODv2/QCD_Pt_3200toInf_TuneCP5_13TeV_pythia8/MINIAODSIM/106X_upgrade2018_realistic_v16_L1v1-v1/110000/BA5A76F6-0738-1345-9313-77770D418DEA.root?tried=.
%MSG
10-Jun-2024 16:19:15 CEST  Fallback request to file root://xrootd-cms.infn.it//store/mc/RunIISummer20UL18MiniAODv2/QCD_Pt_3200toInf_TuneCP5_13TeV_pythia8/MINIAODSIM/106X_upgrade2018_realistic_v16_L1v1-v1/110000/BA5A76F6-0738-1345-9313-77770D418DEA.root
%MSG-w XrdAdaptor:  file_open 10-Jun-2024 16:19:28 CEST PostProcessEvent
Data is served from T2_US_Caltech instead of original site infn.it
%MSG
10-Jun-2024 16:19:29 CEST  Successfully opened file root://xrootd-cms.infn.it//store/mc/RunIISummer20UL18MiniAODv2/QCD_Pt_3200toInf_TuneCP5_13TeV_pythia8/MINIAODSIM/106X_upgrade2018_realistic_v16_L1v1-v1/110000/BA5A76F6-0738-1345-9313-77770D418DEA.root
10-Jun-2024 16:19:46 CEST  Closed file root://xrootd-cms.infn.it//store/mc/RunIISummer20UL18MiniAODv2/QCD_Pt_3200toInf_TuneCP5_13TeV_pythia8/MINIAODSIM/106X_upgrade2018_realistic_v16_L1v1-v1/110000/BA5A76F6-0738-1345-9313-77770D418DEA.root
10-Jun-2024 16:19:46 CEST  Initiating request to open file root://eoscms.cern.ch//eos/cms/store/mc/RunIISummer20UL18MiniAODv2/QCD_Pt_3200toInf_TuneCP5_13TeV_pythia8/MINIAODSIM/106X_upgrade2018_realistic_v16_L1v1-v1/110000/8CE1B4BB-B668-4C41-AA94-2F1BEC1B5691.root
%MSG-w XrdAdaptorInternal:  file_open 10-Jun-2024 16:19:47 CEST PostProcessEvent
Failed to open file at URL root://eoscms.cern.ch:1094//eos/cms/store/mc/RunIISummer20UL18MiniAODv2/QCD_Pt_3200toInf_TuneCP5_13TeV_pythia8/MINIAODSIM/106X_upgrade2018_realistic_v16_L1v1-v1/110000/8CE1B4BB-B668-4C41-AA94-2F1BEC1B5691.root.
%MSG
%MSG-w XrdAdaptorInternal:  file_open 10-Jun-2024 16:19:47 CEST PostProcessEvent
Failed to open file at URL root://eoscms.cern.ch:1094//eos/cms/store/mc/RunIISummer20UL18MiniAODv2/QCD_Pt_3200toInf_TuneCP5_13TeV_pythia8/MINIAODSIM/106X_upgrade2018_realistic_v16_L1v1-v1/110000/8CE1B4BB-B668-4C41-AA94-2F1BEC1B5691.root?tried=.
%MSG
10-Jun-2024 16:19:47 CEST  Fallback request to file root://xrootd-cms.infn.it//store/mc/RunIISummer20UL18MiniAODv2/QCD_Pt_3200toInf_TuneCP5_13TeV_pythia8/MINIAODSIM/106X_upgrade2018_realistic_v16_L1v1-v1/110000/8CE1B4BB-B668-4C41-AA94-2F1BEC1B5691.root
%MSG-w XrdAdaptor:  file_open 10-Jun-2024 16:20:01 CEST PostProcessEvent
Data is served from T2_US_Caltech instead of original site infn.it
%MSG
10-Jun-2024 16:20:02 CEST  Successfully opened file root://xrootd-cms.infn.it//store/mc/RunIISummer20UL18MiniAODv2/QCD_Pt_3200toInf_TuneCP5_13TeV_pythia8/MINIAODSIM/106X_upgrade2018_realistic_v16_L1v1-v1/110000/8CE1B4BB-B668-4C41-AA94-2F1BEC1B5691.root
Begin processing the 900001st record. Run 1, Event 290007, LumiSection 291 on stream 0 at 10-Jun-2024 16:20:18.463 CEST
10-Jun-2024 16:20:19 CEST  Closed file root://xrootd-cms.infn.it//store/mc/RunIISummer20UL18MiniAODv2/QCD_Pt_3200toInf_TuneCP5_13TeV_pythia8/MINIAODSIM/106X_upgrade2018_realistic_v16_L1v1-v1/110000/8CE1B4BB-B668-4C41-AA94-2F1BEC1B5691.root
10-Jun-2024 16:20:19 CEST  Initiating request to open file root://eoscms.cern.ch//eos/cms/store/mc/RunIISummer20UL18MiniAODv2/QCD_Pt_3200toInf_TuneCP5_13TeV_pythia8/MINIAODSIM/106X_upgrade2018_realistic_v16_L1v1-v1/230000/34C049A9-BEF0-DC49-B7B5-F0E083B566E7.root
%MSG-w XrdAdaptorInternal:  file_open 10-Jun-2024 16:20:20 CEST PostProcessEvent
Failed to open file at URL root://eoscms.cern.ch:1094//eos/cms/store/mc/RunIISummer20UL18MiniAODv2/QCD_Pt_3200toInf_TuneCP5_13TeV_pythia8/MINIAODSIM/106X_upgrade2018_realistic_v16_L1v1-v1/230000/34C049A9-BEF0-DC49-B7B5-F0E083B566E7.root.
%MSG
%MSG-w XrdAdaptorInternal:  file_open 10-Jun-2024 16:20:20 CEST PostProcessEvent
Failed to open file at URL root://eoscms.cern.ch:1094//eos/cms/store/mc/RunIISummer20UL18MiniAODv2/QCD_Pt_3200toInf_TuneCP5_13TeV_pythia8/MINIAODSIM/106X_upgrade2018_realistic_v16_L1v1-v1/230000/34C049A9-BEF0-DC49-B7B5-F0E083B566E7.root?tried=.
%MSG
10-Jun-2024 16:20:20 CEST  Fallback request to file root://xrootd-cms.infn.it//store/mc/RunIISummer20UL18MiniAODv2/QCD_Pt_3200toInf_TuneCP5_13TeV_pythia8/MINIAODSIM/106X_upgrade2018_realistic_v16_L1v1-v1/230000/34C049A9-BEF0-DC49-B7B5-F0E083B566E7.root
%MSG-w XrdAdaptor:  file_open 10-Jun-2024 16:20:33 CEST PostProcessEvent
Data is served from fnal.gov instead of original site infn.it
%MSG
10-Jun-2024 16:20:33 CEST  Successfully opened file root://xrootd-cms.infn.it//store/mc/RunIISummer20UL18MiniAODv2/QCD_Pt_3200toInf_TuneCP5_13TeV_pythia8/MINIAODSIM/106X_upgrade2018_realistic_v16_L1v1-v1/230000/34C049A9-BEF0-DC49-B7B5-F0E083B566E7.root
10-Jun-2024 16:20:38 CEST  Closed file root://xrootd-cms.infn.it//store/mc/RunIISummer20UL18MiniAODv2/QCD_Pt_3200toInf_TuneCP5_13TeV_pythia8/MINIAODSIM/106X_upgrade2018_realistic_v16_L1v1-v1/230000/34C049A9-BEF0-DC49-B7B5-F0E083B566E7.root
10-Jun-2024 16:20:38 CEST  Initiating request to open file root://eoscms.cern.ch//eos/cms/store/mc/RunIISummer20UL18MiniAODv2/QCD_Pt_3200toInf_TuneCP5_13TeV_pythia8/MINIAODSIM/106X_upgrade2018_realistic_v16_L1v1-v1/240000/390BA180-EB5C-304A-8A41-9B32C174DB45.root
%MSG-w XrdAdaptorInternal:  file_open 10-Jun-2024 16:20:39 CEST PostProcessEvent
Failed to open file at URL root://eoscms.cern.ch:1094//eos/cms/store/mc/RunIISummer20UL18MiniAODv2/QCD_Pt_3200toInf_TuneCP5_13TeV_pythia8/MINIAODSIM/106X_upgrade2018_realistic_v16_L1v1-v1/240000/390BA180-EB5C-304A-8A41-9B32C174DB45.root.
%MSG
%MSG-w XrdAdaptorInternal:  file_open 10-Jun-2024 16:20:39 CEST PostProcessEvent
Failed to open file at URL root://eoscms.cern.ch:1094//eos/cms/store/mc/RunIISummer20UL18MiniAODv2/QCD_Pt_3200toInf_TuneCP5_13TeV_pythia8/MINIAODSIM/106X_upgrade2018_realistic_v16_L1v1-v1/240000/390BA180-EB5C-304A-8A41-9B32C174DB45.root?tried=.
%MSG
10-Jun-2024 16:20:39 CEST  Fallback request to file root://xrootd-cms.infn.it//store/mc/RunIISummer20UL18MiniAODv2/QCD_Pt_3200toInf_TuneCP5_13TeV_pythia8/MINIAODSIM/106X_upgrade2018_realistic_v16_L1v1-v1/240000/390BA180-EB5C-304A-8A41-9B32C174DB45.root
%MSG-w XrdAdaptor:  file_open 10-Jun-2024 16:20:52 CEST PostProcessEvent
Data is served from fnal.gov instead of original site infn.it
%MSG
10-Jun-2024 16:20:52 CEST  Successfully opened file root://xrootd-cms.infn.it//store/mc/RunIISummer20UL18MiniAODv2/QCD_Pt_3200toInf_TuneCP5_13TeV_pythia8/MINIAODSIM/106X_upgrade2018_realistic_v16_L1v1-v1/240000/390BA180-EB5C-304A-8A41-9B32C174DB45.root
10-Jun-2024 16:20:57 CEST  Closed file root://xrootd-cms.infn.it//store/mc/RunIISummer20UL18MiniAODv2/QCD_Pt_3200toInf_TuneCP5_13TeV_pythia8/MINIAODSIM/106X_upgrade2018_realistic_v16_L1v1-v1/240000/390BA180-EB5C-304A-8A41-9B32C174DB45.root
10-Jun-2024 16:20:57 CEST  Initiating request to open file root://eoscms.cern.ch//eos/cms/store/mc/RunIISummer20UL18MiniAODv2/QCD_Pt_3200toInf_TuneCP5_13TeV_pythia8/MINIAODSIM/106X_upgrade2018_realistic_v16_L1v1-v1/230000/55757556-DEF7-DF4D-B139-7387A5B37F16.root
%MSG-w XrdAdaptorInternal:  file_open 10-Jun-2024 16:20:58 CEST PostProcessEvent
Failed to open file at URL root://eoscms.cern.ch:1094//eos/cms/store/mc/RunIISummer20UL18MiniAODv2/QCD_Pt_3200toInf_TuneCP5_13TeV_pythia8/MINIAODSIM/106X_upgrade2018_realistic_v16_L1v1-v1/230000/55757556-DEF7-DF4D-B139-7387A5B37F16.root.
%MSG
%MSG-w XrdAdaptorInternal:  file_open 10-Jun-2024 16:20:58 CEST PostProcessEvent
Failed to open file at URL root://eoscms.cern.ch:1094//eos/cms/store/mc/RunIISummer20UL18MiniAODv2/QCD_Pt_3200toInf_TuneCP5_13TeV_pythia8/MINIAODSIM/106X_upgrade2018_realistic_v16_L1v1-v1/230000/55757556-DEF7-DF4D-B139-7387A5B37F16.root?tried=.
%MSG
10-Jun-2024 16:20:58 CEST  Fallback request to file root://xrootd-cms.infn.it//store/mc/RunIISummer20UL18MiniAODv2/QCD_Pt_3200toInf_TuneCP5_13TeV_pythia8/MINIAODSIM/106X_upgrade2018_realistic_v16_L1v1-v1/230000/55757556-DEF7-DF4D-B139-7387A5B37F16.root
%MSG-w XrdAdaptor:  file_open 10-Jun-2024 16:21:12 CEST PostProcessEvent
Data is served from T2_US_MIT instead of original site infn.it
%MSG
10-Jun-2024 16:21:13 CEST  Successfully opened file root://xrootd-cms.infn.it//store/mc/RunIISummer20UL18MiniAODv2/QCD_Pt_3200toInf_TuneCP5_13TeV_pythia8/MINIAODSIM/106X_upgrade2018_realistic_v16_L1v1-v1/230000/55757556-DEF7-DF4D-B139-7387A5B37F16.root
10-Jun-2024 16:21:17 CEST  Closed file root://xrootd-cms.infn.it//store/mc/RunIISummer20UL18MiniAODv2/QCD_Pt_3200toInf_TuneCP5_13TeV_pythia8/MINIAODSIM/106X_upgrade2018_realistic_v16_L1v1-v1/230000/55757556-DEF7-DF4D-B139-7387A5B37F16.root
10-Jun-2024 16:21:17 CEST  Initiating request to open file root://eoscms.cern.ch//eos/cms/store/mc/RunIISummer20UL18MiniAODv2/QCD_Pt_3200toInf_TuneCP5_13TeV_pythia8/MINIAODSIM/106X_upgrade2018_realistic_v16_L1v1-v1/240000/8D942E78-5D25-974C-B849-E678C449F91E.root
%MSG-w XrdAdaptorInternal:  file_open 10-Jun-2024 16:21:18 CEST PostProcessEvent
Failed to open file at URL root://eoscms.cern.ch:1094//eos/cms/store/mc/RunIISummer20UL18MiniAODv2/QCD_Pt_3200toInf_TuneCP5_13TeV_pythia8/MINIAODSIM/106X_upgrade2018_realistic_v16_L1v1-v1/240000/8D942E78-5D25-974C-B849-E678C449F91E.root.
%MSG
%MSG-w XrdAdaptorInternal:  file_open 10-Jun-2024 16:21:18 CEST PostProcessEvent
Failed to open file at URL root://eoscms.cern.ch:1094//eos/cms/store/mc/RunIISummer20UL18MiniAODv2/QCD_Pt_3200toInf_TuneCP5_13TeV_pythia8/MINIAODSIM/106X_upgrade2018_realistic_v16_L1v1-v1/240000/8D942E78-5D25-974C-B849-E678C449F91E.root?tried=.
%MSG
10-Jun-2024 16:21:18 CEST  Fallback request to file root://xrootd-cms.infn.it//store/mc/RunIISummer20UL18MiniAODv2/QCD_Pt_3200toInf_TuneCP5_13TeV_pythia8/MINIAODSIM/106X_upgrade2018_realistic_v16_L1v1-v1/240000/8D942E78-5D25-974C-B849-E678C449F91E.root
%MSG-w XrdAdaptor:  file_open 10-Jun-2024 16:21:32 CEST PostProcessEvent
Data is served from T2_US_Vanderbilt instead of original site infn.it
%MSG
10-Jun-2024 16:21:41 CEST  Successfully opened file root://xrootd-cms.infn.it//store/mc/RunIISummer20UL18MiniAODv2/QCD_Pt_3200toInf_TuneCP5_13TeV_pythia8/MINIAODSIM/106X_upgrade2018_realistic_v16_L1v1-v1/240000/8D942E78-5D25-974C-B849-E678C449F91E.root
10-Jun-2024 16:21:47 CEST  Closed file root://xrootd-cms.infn.it//store/mc/RunIISummer20UL18MiniAODv2/QCD_Pt_3200toInf_TuneCP5_13TeV_pythia8/MINIAODSIM/106X_upgrade2018_realistic_v16_L1v1-v1/240000/8D942E78-5D25-974C-B849-E678C449F91E.root
10-Jun-2024 16:21:47 CEST  Initiating request to open file root://eoscms.cern.ch//eos/cms/store/mc/RunIISummer20UL18MiniAODv2/QCD_Pt_3200toInf_TuneCP5_13TeV_pythia8/MINIAODSIM/106X_upgrade2018_realistic_v16_L1v1-v1/240000/563FAE3A-9404-184C-8316-D838A879368D.root
%MSG-w XrdAdaptorInternal:  file_open 10-Jun-2024 16:21:48 CEST PostProcessEvent
Failed to open file at URL root://eoscms.cern.ch:1094//eos/cms/store/mc/RunIISummer20UL18MiniAODv2/QCD_Pt_3200toInf_TuneCP5_13TeV_pythia8/MINIAODSIM/106X_upgrade2018_realistic_v16_L1v1-v1/240000/563FAE3A-9404-184C-8316-D838A879368D.root.
%MSG
%MSG-w XrdAdaptorInternal:  file_open 10-Jun-2024 16:21:48 CEST PostProcessEvent
Failed to open file at URL root://eoscms.cern.ch:1094//eos/cms/store/mc/RunIISummer20UL18MiniAODv2/QCD_Pt_3200toInf_TuneCP5_13TeV_pythia8/MINIAODSIM/106X_upgrade2018_realistic_v16_L1v1-v1/240000/563FAE3A-9404-184C-8316-D838A879368D.root?tried=.
%MSG
10-Jun-2024 16:21:48 CEST  Fallback request to file root://xrootd-cms.infn.it//store/mc/RunIISummer20UL18MiniAODv2/QCD_Pt_3200toInf_TuneCP5_13TeV_pythia8/MINIAODSIM/106X_upgrade2018_realistic_v16_L1v1-v1/240000/563FAE3A-9404-184C-8316-D838A879368D.root
Unable to load sec.protocol plugin libXrdSecztn.so
%MSG-w XrdAdaptor:  file_open 10-Jun-2024 16:22:02 CEST PostProcessEvent
Data is served from T2_US_UCSD-ceph instead of original site infn.it
%MSG
10-Jun-2024 16:22:03 CEST  Successfully opened file root://xrootd-cms.infn.it//store/mc/RunIISummer20UL18MiniAODv2/QCD_Pt_3200toInf_TuneCP5_13TeV_pythia8/MINIAODSIM/106X_upgrade2018_realistic_v16_L1v1-v1/240000/563FAE3A-9404-184C-8316-D838A879368D.root
Unable to load sec.protocol plugin libXrdSecztn.so
10-Jun-2024 16:22:10 CEST  Closed file root://xrootd-cms.infn.it//store/mc/RunIISummer20UL18MiniAODv2/QCD_Pt_3200toInf_TuneCP5_13TeV_pythia8/MINIAODSIM/106X_upgrade2018_realistic_v16_L1v1-v1/240000/563FAE3A-9404-184C-8316-D838A879368D.root
10-Jun-2024 16:22:10 CEST  Initiating request to open file root://eoscms.cern.ch//eos/cms/store/mc/RunIISummer20UL18MiniAODv2/QCD_Pt_3200toInf_TuneCP5_13TeV_pythia8/MINIAODSIM/106X_upgrade2018_realistic_v16_L1v1-v1/230000/35E50702-0AB1-B342-B04F-C1CAF64CFA59.root
%MSG-w XrdAdaptorInternal:  file_open 10-Jun-2024 16:22:11 CEST PostProcessEvent
Failed to open file at URL root://eoscms.cern.ch:1094//eos/cms/store/mc/RunIISummer20UL18MiniAODv2/QCD_Pt_3200toInf_TuneCP5_13TeV_pythia8/MINIAODSIM/106X_upgrade2018_realistic_v16_L1v1-v1/230000/35E50702-0AB1-B342-B04F-C1CAF64CFA59.root.
%MSG
%MSG-w XrdAdaptorInternal:  file_open 10-Jun-2024 16:22:11 CEST PostProcessEvent
Failed to open file at URL root://eoscms.cern.ch:1094//eos/cms/store/mc/RunIISummer20UL18MiniAODv2/QCD_Pt_3200toInf_TuneCP5_13TeV_pythia8/MINIAODSIM/106X_upgrade2018_realistic_v16_L1v1-v1/230000/35E50702-0AB1-B342-B04F-C1CAF64CFA59.root?tried=.
%MSG
10-Jun-2024 16:22:11 CEST  Fallback request to file root://xrootd-cms.infn.it//store/mc/RunIISummer20UL18MiniAODv2/QCD_Pt_3200toInf_TuneCP5_13TeV_pythia8/MINIAODSIM/106X_upgrade2018_realistic_v16_L1v1-v1/230000/35E50702-0AB1-B342-B04F-C1CAF64CFA59.root
%MSG-w XrdAdaptor:  file_open 10-Jun-2024 16:22:24 CEST PostProcessEvent
Data is served from T2_US_Vanderbilt instead of original site infn.it
%MSG
10-Jun-2024 16:22:25 CEST  Successfully opened file root://xrootd-cms.infn.it//store/mc/RunIISummer20UL18MiniAODv2/QCD_Pt_3200toInf_TuneCP5_13TeV_pythia8/MINIAODSIM/106X_upgrade2018_realistic_v16_L1v1-v1/230000/35E50702-0AB1-B342-B04F-C1CAF64CFA59.root
10-Jun-2024 16:22:30 CEST  Closed file root://xrootd-cms.infn.it//store/mc/RunIISummer20UL18MiniAODv2/QCD_Pt_3200toInf_TuneCP5_13TeV_pythia8/MINIAODSIM/106X_upgrade2018_realistic_v16_L1v1-v1/230000/35E50702-0AB1-B342-B04F-C1CAF64CFA59.root
10-Jun-2024 16:22:30 CEST  Initiating request to open file root://eoscms.cern.ch//eos/cms/store/mc/RunIISummer20UL18MiniAODv2/QCD_Pt_3200toInf_TuneCP5_13TeV_pythia8/MINIAODSIM/106X_upgrade2018_realistic_v16_L1v1-v1/240000/EB035B21-92CA-0249-8F0C-856EA38C798F.root
%MSG-w XrdAdaptorInternal:  file_open 10-Jun-2024 16:22:31 CEST PostProcessEvent
Failed to open file at URL root://eoscms.cern.ch:1094//eos/cms/store/mc/RunIISummer20UL18MiniAODv2/QCD_Pt_3200toInf_TuneCP5_13TeV_pythia8/MINIAODSIM/106X_upgrade2018_realistic_v16_L1v1-v1/240000/EB035B21-92CA-0249-8F0C-856EA38C798F.root.
%MSG
%MSG-w XrdAdaptorInternal:  file_open 10-Jun-2024 16:22:31 CEST PostProcessEvent
Failed to open file at URL root://eoscms.cern.ch:1094//eos/cms/store/mc/RunIISummer20UL18MiniAODv2/QCD_Pt_3200toInf_TuneCP5_13TeV_pythia8/MINIAODSIM/106X_upgrade2018_realistic_v16_L1v1-v1/240000/EB035B21-92CA-0249-8F0C-856EA38C798F.root?tried=.
%MSG
10-Jun-2024 16:22:31 CEST  Fallback request to file root://xrootd-cms.infn.it//store/mc/RunIISummer20UL18MiniAODv2/QCD_Pt_3200toInf_TuneCP5_13TeV_pythia8/MINIAODSIM/106X_upgrade2018_realistic_v16_L1v1-v1/240000/EB035B21-92CA-0249-8F0C-856EA38C798F.root
%MSG-w XrdAdaptor:  file_open 10-Jun-2024 16:22:44 CEST PostProcessEvent
Data is served from fnal.gov instead of original site infn.it
%MSG
10-Jun-2024 16:22:45 CEST  Successfully opened file root://xrootd-cms.infn.it//store/mc/RunIISummer20UL18MiniAODv2/QCD_Pt_3200toInf_TuneCP5_13TeV_pythia8/MINIAODSIM/106X_upgrade2018_realistic_v16_L1v1-v1/240000/EB035B21-92CA-0249-8F0C-856EA38C798F.root
10-Jun-2024 16:22:52 CEST  Closed file root://xrootd-cms.infn.it//store/mc/RunIISummer20UL18MiniAODv2/QCD_Pt_3200toInf_TuneCP5_13TeV_pythia8/MINIAODSIM/106X_upgrade2018_realistic_v16_L1v1-v1/240000/EB035B21-92CA-0249-8F0C-856EA38C798F.root
10-Jun-2024 16:22:52 CEST  Initiating request to open file root://eoscms.cern.ch//eos/cms/store/mc/RunIISummer20UL18MiniAODv2/QCD_Pt_3200toInf_TuneCP5_13TeV_pythia8/MINIAODSIM/106X_upgrade2018_realistic_v16_L1v1-v1/240000/CC012CC3-A4E3-4343-A585-D34E578C7777.root
%MSG-w XrdAdaptorInternal:  file_open 10-Jun-2024 16:22:53 CEST PostProcessEvent
Failed to open file at URL root://eoscms.cern.ch:1094//eos/cms/store/mc/RunIISummer20UL18MiniAODv2/QCD_Pt_3200toInf_TuneCP5_13TeV_pythia8/MINIAODSIM/106X_upgrade2018_realistic_v16_L1v1-v1/240000/CC012CC3-A4E3-4343-A585-D34E578C7777.root.
%MSG
%MSG-w XrdAdaptorInternal:  file_open 10-Jun-2024 16:22:53 CEST PostProcessEvent
Failed to open file at URL root://eoscms.cern.ch:1094//eos/cms/store/mc/RunIISummer20UL18MiniAODv2/QCD_Pt_3200toInf_TuneCP5_13TeV_pythia8/MINIAODSIM/106X_upgrade2018_realistic_v16_L1v1-v1/240000/CC012CC3-A4E3-4343-A585-D34E578C7777.root?tried=.
%MSG
10-Jun-2024 16:22:53 CEST  Fallback request to file root://xrootd-cms.infn.it//store/mc/RunIISummer20UL18MiniAODv2/QCD_Pt_3200toInf_TuneCP5_13TeV_pythia8/MINIAODSIM/106X_upgrade2018_realistic_v16_L1v1-v1/240000/CC012CC3-A4E3-4343-A585-D34E578C7777.root
%MSG-w XrdAdaptor:  file_open 10-Jun-2024 16:23:06 CEST PostProcessEvent
Data is served from fnal.gov instead of original site infn.it
%MSG
10-Jun-2024 16:23:07 CEST  Successfully opened file root://xrootd-cms.infn.it//store/mc/RunIISummer20UL18MiniAODv2/QCD_Pt_3200toInf_TuneCP5_13TeV_pythia8/MINIAODSIM/106X_upgrade2018_realistic_v16_L1v1-v1/240000/CC012CC3-A4E3-4343-A585-D34E578C7777.root
10-Jun-2024 16:23:11 CEST  Closed file root://xrootd-cms.infn.it//store/mc/RunIISummer20UL18MiniAODv2/QCD_Pt_3200toInf_TuneCP5_13TeV_pythia8/MINIAODSIM/106X_upgrade2018_realistic_v16_L1v1-v1/240000/CC012CC3-A4E3-4343-A585-D34E578C7777.root
10-Jun-2024 16:23:11 CEST  Initiating request to open file root://eoscms.cern.ch//eos/cms/store/mc/RunIISummer20UL18MiniAODv2/QCD_Pt_3200toInf_TuneCP5_13TeV_pythia8/MINIAODSIM/106X_upgrade2018_realistic_v16_L1v1-v1/240000/D876E52C-8EFF-9D48-9686-3B6A5A43BF62.root
%MSG-w XrdAdaptorInternal:  file_open 10-Jun-2024 16:23:12 CEST PostProcessEvent
Failed to open file at URL root://eoscms.cern.ch:1094//eos/cms/store/mc/RunIISummer20UL18MiniAODv2/QCD_Pt_3200toInf_TuneCP5_13TeV_pythia8/MINIAODSIM/106X_upgrade2018_realistic_v16_L1v1-v1/240000/D876E52C-8EFF-9D48-9686-3B6A5A43BF62.root.
%MSG
%MSG-w XrdAdaptorInternal:  file_open 10-Jun-2024 16:23:12 CEST PostProcessEvent
Failed to open file at URL root://eoscms.cern.ch:1094//eos/cms/store/mc/RunIISummer20UL18MiniAODv2/QCD_Pt_3200toInf_TuneCP5_13TeV_pythia8/MINIAODSIM/106X_upgrade2018_realistic_v16_L1v1-v1/240000/D876E52C-8EFF-9D48-9686-3B6A5A43BF62.root?tried=.
%MSG
10-Jun-2024 16:23:12 CEST  Fallback request to file root://xrootd-cms.infn.it//store/mc/RunIISummer20UL18MiniAODv2/QCD_Pt_3200toInf_TuneCP5_13TeV_pythia8/MINIAODSIM/106X_upgrade2018_realistic_v16_L1v1-v1/240000/D876E52C-8EFF-9D48-9686-3B6A5A43BF62.root
%MSG-w XrdAdaptor:  file_open 10-Jun-2024 16:23:25 CEST PostProcessEvent
Data is served from fnal.gov instead of original site infn.it
%MSG
10-Jun-2024 16:23:26 CEST  Successfully opened file root://xrootd-cms.infn.it//store/mc/RunIISummer20UL18MiniAODv2/QCD_Pt_3200toInf_TuneCP5_13TeV_pythia8/MINIAODSIM/106X_upgrade2018_realistic_v16_L1v1-v1/240000/D876E52C-8EFF-9D48-9686-3B6A5A43BF62.root
10-Jun-2024 16:23:30 CEST  Closed file root://xrootd-cms.infn.it//store/mc/RunIISummer20UL18MiniAODv2/QCD_Pt_3200toInf_TuneCP5_13TeV_pythia8/MINIAODSIM/106X_upgrade2018_realistic_v16_L1v1-v1/240000/D876E52C-8EFF-9D48-9686-3B6A5A43BF62.root

------------------------------------
GenXsecAnalyzer:
------------------------------------
Before Filter: total cross section = 1.351e-04 +- 7.096e-08 pb
Filter efficiency (taking into account weights)= (1e+06) / (1e+06) = 1.000e+00 +- 0.000e+00
Filter efficiency (event-level)= (1e+06) / (1e+06) = 1.000e+00 +- 0.000e+00    [TO BE USED IN MCM]

After filter: final cross section = 1.351e-04 +- 7.096e-08 pb
After filter: final fraction of events with negative weights = 0.000e+00 +- 0.000e+00
After filter: final equivalent lumi for 1M events (1/fb) = 7.402e+06 +- 8.361e+03

=============================================

MessageLogger Summary

 type     category        sev    module        subroutine        count    total
 ---- -------------------- -- ---------------- ----------------  -----    -----
    1 GenXSecAnalyzer      -w GenXSecAnalyzer:                       7        7
    2 XrdAdaptor           -w file_open                             37       37
    3 XrdAdaptorInternal   -w file_open                             74       74
    4 fileAction           -s file_close                            37       37
    5 fileAction           -s file_open                            111      111

 type    category    Examples: run/evt        run/evt          run/evt
 ---- -------------------- ---------------- ---------------- ----------------
    1 GenXSecAnalyzer      PostGlobalEndRun PostGlobalEndRun PostGlobalEndRun
    2 XrdAdaptor           pre-events       PostProcessEvent PostProcessEvent
    3 XrdAdaptorInternal   pre-events       pre-events       PostProcessEvent
    4 fileAction           PostProcessEvent PostProcessEvent PostGlobalEndRun
    5 fileAction           pre-events       pre-events       PostProcessEvent

Severity    # Occurrences   Total Occurrences
--------    -------------   -----------------
Warning               118                 118
System                148                 148

dropped waiting message count 0
