10-Jun-2024 14:06:43 CEST  Initiating request to open file root://eoscms.cern.ch//eos/cms/store/mc/RunIISummer20UL18MiniAODv2/QCD_Pt_15to30_TuneCP5_13TeV_pythia8/MINIAODSIM/106X_upgrade2018_realistic_v16_L1v1-v1/230000/CFC2B122-67EC-C146-B61E-F3D7985EA03E.root
%MSG-w XrdAdaptorInternal:  file_open 10-Jun-2024 14:06:45 CEST pre-events
Failed to open file at URL root://eoscms.cern.ch:1094//eos/cms/store/mc/RunIISummer20UL18MiniAODv2/QCD_Pt_15to30_TuneCP5_13TeV_pythia8/MINIAODSIM/106X_upgrade2018_realistic_v16_L1v1-v1/230000/CFC2B122-67EC-C146-B61E-F3D7985EA03E.root.
%MSG
%MSG-w XrdAdaptorInternal:  file_open 10-Jun-2024 14:06:45 CEST pre-events
Failed to open file at URL root://eoscms.cern.ch:1094//eos/cms/store/mc/RunIISummer20UL18MiniAODv2/QCD_Pt_15to30_TuneCP5_13TeV_pythia8/MINIAODSIM/106X_upgrade2018_realistic_v16_L1v1-v1/230000/CFC2B122-67EC-C146-B61E-F3D7985EA03E.root?tried=.
%MSG
10-Jun-2024 14:06:45 CEST  Fallback request to file root://xrootd-cms.infn.it//store/mc/RunIISummer20UL18MiniAODv2/QCD_Pt_15to30_TuneCP5_13TeV_pythia8/MINIAODSIM/106X_upgrade2018_realistic_v16_L1v1-v1/230000/CFC2B122-67EC-C146-B61E-F3D7985EA03E.root
%MSG-w XrdAdaptor:  file_open 10-Jun-2024 14:06:50 CEST pre-events
Data is served from T2_US_Vanderbilt instead of original site T2_IT_Pisa
%MSG
10-Jun-2024 14:07:02 CEST  Successfully opened file root://xrootd-cms.infn.it//store/mc/RunIISummer20UL18MiniAODv2/QCD_Pt_15to30_TuneCP5_13TeV_pythia8/MINIAODSIM/106X_upgrade2018_realistic_v16_L1v1-v1/230000/CFC2B122-67EC-C146-B61E-F3D7985EA03E.root
Begin processing the 1st record. Run 1, Event 3144008, LumiSection 3145 on stream 0 at 10-Jun-2024 14:07:20.696 CEST
Begin processing the 100001st record. Run 1, Event 11509007, LumiSection 11510 on stream 0 at 10-Jun-2024 14:07:27.069 CEST
10-Jun-2024 14:07:28 CEST  Closed file root://xrootd-cms.infn.it//store/mc/RunIISummer20UL18MiniAODv2/QCD_Pt_15to30_TuneCP5_13TeV_pythia8/MINIAODSIM/106X_upgrade2018_realistic_v16_L1v1-v1/230000/CFC2B122-67EC-C146-B61E-F3D7985EA03E.root
10-Jun-2024 14:07:28 CEST  Initiating request to open file root://eoscms.cern.ch//eos/cms/store/mc/RunIISummer20UL18MiniAODv2/QCD_Pt_15to30_TuneCP5_13TeV_pythia8/MINIAODSIM/106X_upgrade2018_realistic_v16_L1v1-v1/230000/DB14D0BE-C627-D946-B897-FFC6E9A73B8C.root
%MSG-w XrdAdaptorInternal:  file_open 10-Jun-2024 14:07:29 CEST PostProcessEvent
Failed to open file at URL root://eoscms.cern.ch:1094//eos/cms/store/mc/RunIISummer20UL18MiniAODv2/QCD_Pt_15to30_TuneCP5_13TeV_pythia8/MINIAODSIM/106X_upgrade2018_realistic_v16_L1v1-v1/230000/DB14D0BE-C627-D946-B897-FFC6E9A73B8C.root.
%MSG
%MSG-w XrdAdaptorInternal:  file_open 10-Jun-2024 14:07:29 CEST PostProcessEvent
Failed to open file at URL root://eoscms.cern.ch:1094//eos/cms/store/mc/RunIISummer20UL18MiniAODv2/QCD_Pt_15to30_TuneCP5_13TeV_pythia8/MINIAODSIM/106X_upgrade2018_realistic_v16_L1v1-v1/230000/DB14D0BE-C627-D946-B897-FFC6E9A73B8C.root?tried=.
%MSG
10-Jun-2024 14:07:29 CEST  Fallback request to file root://xrootd-cms.infn.it//store/mc/RunIISummer20UL18MiniAODv2/QCD_Pt_15to30_TuneCP5_13TeV_pythia8/MINIAODSIM/106X_upgrade2018_realistic_v16_L1v1-v1/230000/DB14D0BE-C627-D946-B897-FFC6E9A73B8C.root
%MSG-w XrdAdaptor:  file_open 10-Jun-2024 14:07:33 CEST PostProcessEvent
Data is served from T2_US_Vanderbilt instead of original site T2_IT_Pisa
%MSG
10-Jun-2024 14:07:34 CEST  Successfully opened file root://xrootd-cms.infn.it//store/mc/RunIISummer20UL18MiniAODv2/QCD_Pt_15to30_TuneCP5_13TeV_pythia8/MINIAODSIM/106X_upgrade2018_realistic_v16_L1v1-v1/230000/DB14D0BE-C627-D946-B897-FFC6E9A73B8C.root
Begin processing the 200001st record. Run 1, Event 1145004, LumiSection 1146 on stream 0 at 10-Jun-2024 14:07:47.675 CEST
10-Jun-2024 14:07:48 CEST  Closed file root://xrootd-cms.infn.it//store/mc/RunIISummer20UL18MiniAODv2/QCD_Pt_15to30_TuneCP5_13TeV_pythia8/MINIAODSIM/106X_upgrade2018_realistic_v16_L1v1-v1/230000/DB14D0BE-C627-D946-B897-FFC6E9A73B8C.root
10-Jun-2024 14:07:48 CEST  Initiating request to open file root://eoscms.cern.ch//eos/cms/store/mc/RunIISummer20UL18MiniAODv2/QCD_Pt_15to30_TuneCP5_13TeV_pythia8/MINIAODSIM/106X_upgrade2018_realistic_v16_L1v1-v1/230000/F5432956-F4E5-9D44-A804-A631C895D78E.root
%MSG-w XrdAdaptorInternal:  file_open 10-Jun-2024 14:07:49 CEST PostProcessEvent
Failed to open file at URL root://eoscms.cern.ch:1094//eos/cms/store/mc/RunIISummer20UL18MiniAODv2/QCD_Pt_15to30_TuneCP5_13TeV_pythia8/MINIAODSIM/106X_upgrade2018_realistic_v16_L1v1-v1/230000/F5432956-F4E5-9D44-A804-A631C895D78E.root.
%MSG
%MSG-w XrdAdaptorInternal:  file_open 10-Jun-2024 14:07:49 CEST PostProcessEvent
Failed to open file at URL root://eoscms.cern.ch:1094//eos/cms/store/mc/RunIISummer20UL18MiniAODv2/QCD_Pt_15to30_TuneCP5_13TeV_pythia8/MINIAODSIM/106X_upgrade2018_realistic_v16_L1v1-v1/230000/F5432956-F4E5-9D44-A804-A631C895D78E.root?tried=.
%MSG
10-Jun-2024 14:07:49 CEST  Fallback request to file root://xrootd-cms.infn.it//store/mc/RunIISummer20UL18MiniAODv2/QCD_Pt_15to30_TuneCP5_13TeV_pythia8/MINIAODSIM/106X_upgrade2018_realistic_v16_L1v1-v1/230000/F5432956-F4E5-9D44-A804-A631C895D78E.root
%MSG-w XrdAdaptor:  file_open 10-Jun-2024 14:07:56 CEST PostProcessEvent
Data is served from T2_US_Vanderbilt instead of original site T2_IT_Pisa
%MSG
10-Jun-2024 14:07:57 CEST  Successfully opened file root://xrootd-cms.infn.it//store/mc/RunIISummer20UL18MiniAODv2/QCD_Pt_15to30_TuneCP5_13TeV_pythia8/MINIAODSIM/106X_upgrade2018_realistic_v16_L1v1-v1/230000/F5432956-F4E5-9D44-A804-A631C895D78E.root
Begin processing the 300001st record. Run 1, Event 16746012, LumiSection 16747 on stream 0 at 10-Jun-2024 14:08:40.167 CEST
10-Jun-2024 14:08:41 CEST  Closed file root://xrootd-cms.infn.it//store/mc/RunIISummer20UL18MiniAODv2/QCD_Pt_15to30_TuneCP5_13TeV_pythia8/MINIAODSIM/106X_upgrade2018_realistic_v16_L1v1-v1/230000/F5432956-F4E5-9D44-A804-A631C895D78E.root
10-Jun-2024 14:08:41 CEST  Initiating request to open file root://eoscms.cern.ch//eos/cms/store/mc/RunIISummer20UL18MiniAODv2/QCD_Pt_15to30_TuneCP5_13TeV_pythia8/MINIAODSIM/106X_upgrade2018_realistic_v16_L1v1-v1/230000/E975DB44-8A29-A243-8C76-9FC3A1C1FD69.root
%MSG-w XrdAdaptorInternal:  file_open 10-Jun-2024 14:08:42 CEST PostProcessEvent
Failed to open file at URL root://eoscms.cern.ch:1094//eos/cms/store/mc/RunIISummer20UL18MiniAODv2/QCD_Pt_15to30_TuneCP5_13TeV_pythia8/MINIAODSIM/106X_upgrade2018_realistic_v16_L1v1-v1/230000/E975DB44-8A29-A243-8C76-9FC3A1C1FD69.root.
%MSG
%MSG-w XrdAdaptorInternal:  file_open 10-Jun-2024 14:08:42 CEST PostProcessEvent
Failed to open file at URL root://eoscms.cern.ch:1094//eos/cms/store/mc/RunIISummer20UL18MiniAODv2/QCD_Pt_15to30_TuneCP5_13TeV_pythia8/MINIAODSIM/106X_upgrade2018_realistic_v16_L1v1-v1/230000/E975DB44-8A29-A243-8C76-9FC3A1C1FD69.root?tried=.
%MSG
10-Jun-2024 14:08:42 CEST  Fallback request to file root://xrootd-cms.infn.it//store/mc/RunIISummer20UL18MiniAODv2/QCD_Pt_15to30_TuneCP5_13TeV_pythia8/MINIAODSIM/106X_upgrade2018_realistic_v16_L1v1-v1/230000/E975DB44-8A29-A243-8C76-9FC3A1C1FD69.root
%MSG-w XrdAdaptor:  file_open 10-Jun-2024 14:08:44 CEST PostProcessEvent
Data is served from T2_US_Vanderbilt instead of original site T2_IT_Pisa
%MSG
10-Jun-2024 14:08:45 CEST  Successfully opened file root://xrootd-cms.infn.it//store/mc/RunIISummer20UL18MiniAODv2/QCD_Pt_15to30_TuneCP5_13TeV_pythia8/MINIAODSIM/106X_upgrade2018_realistic_v16_L1v1-v1/230000/E975DB44-8A29-A243-8C76-9FC3A1C1FD69.root
10-Jun-2024 14:09:01 CEST  Closed file root://xrootd-cms.infn.it//store/mc/RunIISummer20UL18MiniAODv2/QCD_Pt_15to30_TuneCP5_13TeV_pythia8/MINIAODSIM/106X_upgrade2018_realistic_v16_L1v1-v1/230000/E975DB44-8A29-A243-8C76-9FC3A1C1FD69.root
10-Jun-2024 14:09:01 CEST  Initiating request to open file root://eoscms.cern.ch//eos/cms/store/mc/RunIISummer20UL18MiniAODv2/QCD_Pt_15to30_TuneCP5_13TeV_pythia8/MINIAODSIM/106X_upgrade2018_realistic_v16_L1v1-v1/230000/3D9E14D4-2F4F-7645-93FA-9F1D44013028.root
%MSG-w XrdAdaptorInternal:  file_open 10-Jun-2024 14:09:02 CEST PostProcessEvent
Failed to open file at URL root://eoscms.cern.ch:1094//eos/cms/store/mc/RunIISummer20UL18MiniAODv2/QCD_Pt_15to30_TuneCP5_13TeV_pythia8/MINIAODSIM/106X_upgrade2018_realistic_v16_L1v1-v1/230000/3D9E14D4-2F4F-7645-93FA-9F1D44013028.root.
%MSG
%MSG-w XrdAdaptorInternal:  file_open 10-Jun-2024 14:09:02 CEST PostProcessEvent
Failed to open file at URL root://eoscms.cern.ch:1094//eos/cms/store/mc/RunIISummer20UL18MiniAODv2/QCD_Pt_15to30_TuneCP5_13TeV_pythia8/MINIAODSIM/106X_upgrade2018_realistic_v16_L1v1-v1/230000/3D9E14D4-2F4F-7645-93FA-9F1D44013028.root?tried=.
%MSG
10-Jun-2024 14:09:02 CEST  Fallback request to file root://xrootd-cms.infn.it//store/mc/RunIISummer20UL18MiniAODv2/QCD_Pt_15to30_TuneCP5_13TeV_pythia8/MINIAODSIM/106X_upgrade2018_realistic_v16_L1v1-v1/230000/3D9E14D4-2F4F-7645-93FA-9F1D44013028.root
%MSG-w XrdAdaptor:  file_open 10-Jun-2024 14:09:06 CEST PostProcessEvent
Data is served from T2_US_MIT instead of original site T2_IT_Pisa
%MSG
10-Jun-2024 14:09:06 CEST  Successfully opened file root://xrootd-cms.infn.it//store/mc/RunIISummer20UL18MiniAODv2/QCD_Pt_15to30_TuneCP5_13TeV_pythia8/MINIAODSIM/106X_upgrade2018_realistic_v16_L1v1-v1/230000/3D9E14D4-2F4F-7645-93FA-9F1D44013028.root
Begin processing the 400001st record. Run 1, Event 3487014, LumiSection 3488 on stream 0 at 10-Jun-2024 14:09:13.092 CEST
Begin processing the 500001st record. Run 1, Event 17750009, LumiSection 17751 on stream 0 at 10-Jun-2024 14:09:18.778 CEST
10-Jun-2024 14:09:18 CEST  Closed file root://xrootd-cms.infn.it//store/mc/RunIISummer20UL18MiniAODv2/QCD_Pt_15to30_TuneCP5_13TeV_pythia8/MINIAODSIM/106X_upgrade2018_realistic_v16_L1v1-v1/230000/3D9E14D4-2F4F-7645-93FA-9F1D44013028.root
10-Jun-2024 14:09:18 CEST  Initiating request to open file root://eoscms.cern.ch//eos/cms/store/mc/RunIISummer20UL18MiniAODv2/QCD_Pt_15to30_TuneCP5_13TeV_pythia8/MINIAODSIM/106X_upgrade2018_realistic_v16_L1v1-v1/230000/7D863201-8A31-4646-903A-7256F7A4B0D2.root
%MSG-w XrdAdaptorInternal:  file_open 10-Jun-2024 14:09:19 CEST PostProcessEvent
Failed to open file at URL root://eoscms.cern.ch:1094//eos/cms/store/mc/RunIISummer20UL18MiniAODv2/QCD_Pt_15to30_TuneCP5_13TeV_pythia8/MINIAODSIM/106X_upgrade2018_realistic_v16_L1v1-v1/230000/7D863201-8A31-4646-903A-7256F7A4B0D2.root.
%MSG
%MSG-w XrdAdaptorInternal:  file_open 10-Jun-2024 14:09:19 CEST PostProcessEvent
Failed to open file at URL root://eoscms.cern.ch:1094//eos/cms/store/mc/RunIISummer20UL18MiniAODv2/QCD_Pt_15to30_TuneCP5_13TeV_pythia8/MINIAODSIM/106X_upgrade2018_realistic_v16_L1v1-v1/230000/7D863201-8A31-4646-903A-7256F7A4B0D2.root?tried=.
%MSG
10-Jun-2024 14:09:19 CEST  Fallback request to file root://xrootd-cms.infn.it//store/mc/RunIISummer20UL18MiniAODv2/QCD_Pt_15to30_TuneCP5_13TeV_pythia8/MINIAODSIM/106X_upgrade2018_realistic_v16_L1v1-v1/230000/7D863201-8A31-4646-903A-7256F7A4B0D2.root
%MSG-w XrdAdaptor:  file_open 10-Jun-2024 14:09:23 CEST PostProcessEvent
Data is served from T2_US_MIT instead of original site T2_IT_Pisa
%MSG
10-Jun-2024 14:09:23 CEST  Successfully opened file root://xrootd-cms.infn.it//store/mc/RunIISummer20UL18MiniAODv2/QCD_Pt_15to30_TuneCP5_13TeV_pythia8/MINIAODSIM/106X_upgrade2018_realistic_v16_L1v1-v1/230000/7D863201-8A31-4646-903A-7256F7A4B0D2.root
10-Jun-2024 14:09:35 CEST  Closed file root://xrootd-cms.infn.it//store/mc/RunIISummer20UL18MiniAODv2/QCD_Pt_15to30_TuneCP5_13TeV_pythia8/MINIAODSIM/106X_upgrade2018_realistic_v16_L1v1-v1/230000/7D863201-8A31-4646-903A-7256F7A4B0D2.root
10-Jun-2024 14:09:35 CEST  Initiating request to open file root://eoscms.cern.ch//eos/cms/store/mc/RunIISummer20UL18MiniAODv2/QCD_Pt_15to30_TuneCP5_13TeV_pythia8/MINIAODSIM/106X_upgrade2018_realistic_v16_L1v1-v1/100000/7C0920B9-FBA6-EA47-B40A-24814BA96016.root
%MSG-w XrdAdaptorInternal:  file_open 10-Jun-2024 14:09:36 CEST PostProcessEvent
Failed to open file at URL root://eoscms.cern.ch:1094//eos/cms/store/mc/RunIISummer20UL18MiniAODv2/QCD_Pt_15to30_TuneCP5_13TeV_pythia8/MINIAODSIM/106X_upgrade2018_realistic_v16_L1v1-v1/100000/7C0920B9-FBA6-EA47-B40A-24814BA96016.root.
%MSG
%MSG-w XrdAdaptorInternal:  file_open 10-Jun-2024 14:09:36 CEST PostProcessEvent
Failed to open file at URL root://eoscms.cern.ch:1094//eos/cms/store/mc/RunIISummer20UL18MiniAODv2/QCD_Pt_15to30_TuneCP5_13TeV_pythia8/MINIAODSIM/106X_upgrade2018_realistic_v16_L1v1-v1/100000/7C0920B9-FBA6-EA47-B40A-24814BA96016.root?tried=.
%MSG
10-Jun-2024 14:09:36 CEST  Fallback request to file root://xrootd-cms.infn.it//store/mc/RunIISummer20UL18MiniAODv2/QCD_Pt_15to30_TuneCP5_13TeV_pythia8/MINIAODSIM/106X_upgrade2018_realistic_v16_L1v1-v1/100000/7C0920B9-FBA6-EA47-B40A-24814BA96016.root
%MSG-w XrdAdaptor:  file_open 10-Jun-2024 14:09:41 CEST PostProcessEvent
Data is served from T2_US_Caltech instead of original site T2_IT_Pisa
%MSG
10-Jun-2024 14:09:42 CEST  Successfully opened file root://xrootd-cms.infn.it//store/mc/RunIISummer20UL18MiniAODv2/QCD_Pt_15to30_TuneCP5_13TeV_pythia8/MINIAODSIM/106X_upgrade2018_realistic_v16_L1v1-v1/100000/7C0920B9-FBA6-EA47-B40A-24814BA96016.root
Begin processing the 600001st record. Run 1, Event 360001, LumiSection 361 on stream 0 at 10-Jun-2024 14:09:52.440 CEST
10-Jun-2024 14:09:57 CEST  Closed file root://xrootd-cms.infn.it//store/mc/RunIISummer20UL18MiniAODv2/QCD_Pt_15to30_TuneCP5_13TeV_pythia8/MINIAODSIM/106X_upgrade2018_realistic_v16_L1v1-v1/100000/7C0920B9-FBA6-EA47-B40A-24814BA96016.root
10-Jun-2024 14:09:57 CEST  Initiating request to open file root://eoscms.cern.ch//eos/cms/store/mc/RunIISummer20UL18MiniAODv2/QCD_Pt_15to30_TuneCP5_13TeV_pythia8/MINIAODSIM/106X_upgrade2018_realistic_v16_L1v1-v1/230000/85FAF000-836C-BD41-A32F-E8FDA37F7973.root
%MSG-w XrdAdaptorInternal:  file_open 10-Jun-2024 14:09:58 CEST PostProcessEvent
Failed to open file at URL root://eoscms.cern.ch:1094//eos/cms/store/mc/RunIISummer20UL18MiniAODv2/QCD_Pt_15to30_TuneCP5_13TeV_pythia8/MINIAODSIM/106X_upgrade2018_realistic_v16_L1v1-v1/230000/85FAF000-836C-BD41-A32F-E8FDA37F7973.root.
%MSG
%MSG-w XrdAdaptorInternal:  file_open 10-Jun-2024 14:09:58 CEST PostProcessEvent
Failed to open file at URL root://eoscms.cern.ch:1094//eos/cms/store/mc/RunIISummer20UL18MiniAODv2/QCD_Pt_15to30_TuneCP5_13TeV_pythia8/MINIAODSIM/106X_upgrade2018_realistic_v16_L1v1-v1/230000/85FAF000-836C-BD41-A32F-E8FDA37F7973.root?tried=.
%MSG
10-Jun-2024 14:09:58 CEST  Fallback request to file root://xrootd-cms.infn.it//store/mc/RunIISummer20UL18MiniAODv2/QCD_Pt_15to30_TuneCP5_13TeV_pythia8/MINIAODSIM/106X_upgrade2018_realistic_v16_L1v1-v1/230000/85FAF000-836C-BD41-A32F-E8FDA37F7973.root
%MSG-w XrdAdaptor:  file_open 10-Jun-2024 14:10:02 CEST PostProcessEvent
Data is served from T2_US_MIT instead of original site T2_IT_Pisa
%MSG
10-Jun-2024 14:10:02 CEST  Successfully opened file root://xrootd-cms.infn.it//store/mc/RunIISummer20UL18MiniAODv2/QCD_Pt_15to30_TuneCP5_13TeV_pythia8/MINIAODSIM/106X_upgrade2018_realistic_v16_L1v1-v1/230000/85FAF000-836C-BD41-A32F-E8FDA37F7973.root
Begin processing the 700001st record. Run 1, Event 14185006, LumiSection 14186 on stream 0 at 10-Jun-2024 14:10:07.721 CEST
10-Jun-2024 14:10:09 CEST  Closed file root://xrootd-cms.infn.it//store/mc/RunIISummer20UL18MiniAODv2/QCD_Pt_15to30_TuneCP5_13TeV_pythia8/MINIAODSIM/106X_upgrade2018_realistic_v16_L1v1-v1/230000/85FAF000-836C-BD41-A32F-E8FDA37F7973.root
10-Jun-2024 14:10:09 CEST  Initiating request to open file root://eoscms.cern.ch//eos/cms/store/mc/RunIISummer20UL18MiniAODv2/QCD_Pt_15to30_TuneCP5_13TeV_pythia8/MINIAODSIM/106X_upgrade2018_realistic_v16_L1v1-v1/230000/62104C44-FA0A-5B42-B009-0136765485CC.root
%MSG-w XrdAdaptorInternal:  file_open 10-Jun-2024 14:10:10 CEST PostProcessEvent
Failed to open file at URL root://eoscms.cern.ch:1094//eos/cms/store/mc/RunIISummer20UL18MiniAODv2/QCD_Pt_15to30_TuneCP5_13TeV_pythia8/MINIAODSIM/106X_upgrade2018_realistic_v16_L1v1-v1/230000/62104C44-FA0A-5B42-B009-0136765485CC.root.
%MSG
%MSG-w XrdAdaptorInternal:  file_open 10-Jun-2024 14:10:10 CEST PostProcessEvent
Failed to open file at URL root://eoscms.cern.ch:1094//eos/cms/store/mc/RunIISummer20UL18MiniAODv2/QCD_Pt_15to30_TuneCP5_13TeV_pythia8/MINIAODSIM/106X_upgrade2018_realistic_v16_L1v1-v1/230000/62104C44-FA0A-5B42-B009-0136765485CC.root?tried=.
%MSG
10-Jun-2024 14:10:10 CEST  Fallback request to file root://xrootd-cms.infn.it//store/mc/RunIISummer20UL18MiniAODv2/QCD_Pt_15to30_TuneCP5_13TeV_pythia8/MINIAODSIM/106X_upgrade2018_realistic_v16_L1v1-v1/230000/62104C44-FA0A-5B42-B009-0136765485CC.root
%MSG-w XrdAdaptor:  file_open 10-Jun-2024 14:10:14 CEST PostProcessEvent
Data is served from T2_US_Nebraska instead of original site T2_IT_Pisa
%MSG
10-Jun-2024 14:10:15 CEST  Successfully opened file root://xrootd-cms.infn.it//store/mc/RunIISummer20UL18MiniAODv2/QCD_Pt_15to30_TuneCP5_13TeV_pythia8/MINIAODSIM/106X_upgrade2018_realistic_v16_L1v1-v1/230000/62104C44-FA0A-5B42-B009-0136765485CC.root
10-Jun-2024 14:10:20 CEST  Closed file root://xrootd-cms.infn.it//store/mc/RunIISummer20UL18MiniAODv2/QCD_Pt_15to30_TuneCP5_13TeV_pythia8/MINIAODSIM/106X_upgrade2018_realistic_v16_L1v1-v1/230000/62104C44-FA0A-5B42-B009-0136765485CC.root
10-Jun-2024 14:10:20 CEST  Initiating request to open file root://eoscms.cern.ch//eos/cms/store/mc/RunIISummer20UL18MiniAODv2/QCD_Pt_15to30_TuneCP5_13TeV_pythia8/MINIAODSIM/106X_upgrade2018_realistic_v16_L1v1-v1/230000/5E8762B6-AC3D-5749-B764-BE5EBA9B462A.root
%MSG-w XrdAdaptorInternal:  file_open 10-Jun-2024 14:10:21 CEST PostProcessEvent
Failed to open file at URL root://eoscms.cern.ch:1094//eos/cms/store/mc/RunIISummer20UL18MiniAODv2/QCD_Pt_15to30_TuneCP5_13TeV_pythia8/MINIAODSIM/106X_upgrade2018_realistic_v16_L1v1-v1/230000/5E8762B6-AC3D-5749-B764-BE5EBA9B462A.root.
%MSG
%MSG-w XrdAdaptorInternal:  file_open 10-Jun-2024 14:10:21 CEST PostProcessEvent
Failed to open file at URL root://eoscms.cern.ch:1094//eos/cms/store/mc/RunIISummer20UL18MiniAODv2/QCD_Pt_15to30_TuneCP5_13TeV_pythia8/MINIAODSIM/106X_upgrade2018_realistic_v16_L1v1-v1/230000/5E8762B6-AC3D-5749-B764-BE5EBA9B462A.root?tried=.
%MSG
10-Jun-2024 14:10:21 CEST  Fallback request to file root://xrootd-cms.infn.it//store/mc/RunIISummer20UL18MiniAODv2/QCD_Pt_15to30_TuneCP5_13TeV_pythia8/MINIAODSIM/106X_upgrade2018_realistic_v16_L1v1-v1/230000/5E8762B6-AC3D-5749-B764-BE5EBA9B462A.root
%MSG-w XrdAdaptor:  file_open 10-Jun-2024 14:10:25 CEST PostProcessEvent
Data is served from T2_US_Nebraska instead of original site T2_IT_Pisa
%MSG
10-Jun-2024 14:10:25 CEST  Successfully opened file root://xrootd-cms.infn.it//store/mc/RunIISummer20UL18MiniAODv2/QCD_Pt_15to30_TuneCP5_13TeV_pythia8/MINIAODSIM/106X_upgrade2018_realistic_v16_L1v1-v1/230000/5E8762B6-AC3D-5749-B764-BE5EBA9B462A.root
Begin processing the 800001st record. Run 1, Event 6403004, LumiSection 6404 on stream 0 at 10-Jun-2024 14:10:35.230 CEST
10-Jun-2024 14:10:37 CEST  Closed file root://xrootd-cms.infn.it//store/mc/RunIISummer20UL18MiniAODv2/QCD_Pt_15to30_TuneCP5_13TeV_pythia8/MINIAODSIM/106X_upgrade2018_realistic_v16_L1v1-v1/230000/5E8762B6-AC3D-5749-B764-BE5EBA9B462A.root
10-Jun-2024 14:10:37 CEST  Initiating request to open file root://eoscms.cern.ch//eos/cms/store/mc/RunIISummer20UL18MiniAODv2/QCD_Pt_15to30_TuneCP5_13TeV_pythia8/MINIAODSIM/106X_upgrade2018_realistic_v16_L1v1-v1/230000/6D6E3E41-C88D-F342-8681-964B378F4D5B.root
%MSG-w XrdAdaptorInternal:  file_open 10-Jun-2024 14:10:38 CEST PostProcessEvent
Failed to open file at URL root://eoscms.cern.ch:1094//eos/cms/store/mc/RunIISummer20UL18MiniAODv2/QCD_Pt_15to30_TuneCP5_13TeV_pythia8/MINIAODSIM/106X_upgrade2018_realistic_v16_L1v1-v1/230000/6D6E3E41-C88D-F342-8681-964B378F4D5B.root.
%MSG
%MSG-w XrdAdaptorInternal:  file_open 10-Jun-2024 14:10:38 CEST PostProcessEvent
Failed to open file at URL root://eoscms.cern.ch:1094//eos/cms/store/mc/RunIISummer20UL18MiniAODv2/QCD_Pt_15to30_TuneCP5_13TeV_pythia8/MINIAODSIM/106X_upgrade2018_realistic_v16_L1v1-v1/230000/6D6E3E41-C88D-F342-8681-964B378F4D5B.root?tried=.
%MSG
10-Jun-2024 14:10:38 CEST  Fallback request to file root://xrootd-cms.infn.it//store/mc/RunIISummer20UL18MiniAODv2/QCD_Pt_15to30_TuneCP5_13TeV_pythia8/MINIAODSIM/106X_upgrade2018_realistic_v16_L1v1-v1/230000/6D6E3E41-C88D-F342-8681-964B378F4D5B.root
%MSG-w XrdAdaptor:  file_open 10-Jun-2024 14:10:41 CEST PostProcessEvent
Data is served from T2_US_Nebraska instead of original site T2_IT_Pisa
%MSG
10-Jun-2024 14:10:42 CEST  Successfully opened file root://xrootd-cms.infn.it//store/mc/RunIISummer20UL18MiniAODv2/QCD_Pt_15to30_TuneCP5_13TeV_pythia8/MINIAODSIM/106X_upgrade2018_realistic_v16_L1v1-v1/230000/6D6E3E41-C88D-F342-8681-964B378F4D5B.root
Begin processing the 900001st record. Run 1, Event 5196006, LumiSection 5197 on stream 0 at 10-Jun-2024 14:10:52.179 CEST
10-Jun-2024 14:10:54 CEST  Closed file root://xrootd-cms.infn.it//store/mc/RunIISummer20UL18MiniAODv2/QCD_Pt_15to30_TuneCP5_13TeV_pythia8/MINIAODSIM/106X_upgrade2018_realistic_v16_L1v1-v1/230000/6D6E3E41-C88D-F342-8681-964B378F4D5B.root
10-Jun-2024 14:10:54 CEST  Initiating request to open file root://eoscms.cern.ch//eos/cms/store/mc/RunIISummer20UL18MiniAODv2/QCD_Pt_15to30_TuneCP5_13TeV_pythia8/MINIAODSIM/106X_upgrade2018_realistic_v16_L1v1-v1/230000/4AEEDE6C-9D42-FF4B-914A-B2BD6B710467.root
%MSG-w XrdAdaptorInternal:  file_open 10-Jun-2024 14:10:55 CEST PostProcessEvent
Failed to open file at URL root://eoscms.cern.ch:1094//eos/cms/store/mc/RunIISummer20UL18MiniAODv2/QCD_Pt_15to30_TuneCP5_13TeV_pythia8/MINIAODSIM/106X_upgrade2018_realistic_v16_L1v1-v1/230000/4AEEDE6C-9D42-FF4B-914A-B2BD6B710467.root.
%MSG
%MSG-w XrdAdaptorInternal:  file_open 10-Jun-2024 14:10:55 CEST PostProcessEvent
Failed to open file at URL root://eoscms.cern.ch:1094//eos/cms/store/mc/RunIISummer20UL18MiniAODv2/QCD_Pt_15to30_TuneCP5_13TeV_pythia8/MINIAODSIM/106X_upgrade2018_realistic_v16_L1v1-v1/230000/4AEEDE6C-9D42-FF4B-914A-B2BD6B710467.root?tried=.
%MSG
10-Jun-2024 14:10:55 CEST  Fallback request to file root://xrootd-cms.infn.it//store/mc/RunIISummer20UL18MiniAODv2/QCD_Pt_15to30_TuneCP5_13TeV_pythia8/MINIAODSIM/106X_upgrade2018_realistic_v16_L1v1-v1/230000/4AEEDE6C-9D42-FF4B-914A-B2BD6B710467.root
%MSG-w XrdAdaptor:  file_open 10-Jun-2024 14:10:58 CEST PostProcessEvent
Data is served from T2_US_Nebraska instead of original site T2_IT_Pisa
%MSG
10-Jun-2024 14:10:59 CEST  Successfully opened file root://xrootd-cms.infn.it//store/mc/RunIISummer20UL18MiniAODv2/QCD_Pt_15to30_TuneCP5_13TeV_pythia8/MINIAODSIM/106X_upgrade2018_realistic_v16_L1v1-v1/230000/4AEEDE6C-9D42-FF4B-914A-B2BD6B710467.root
10-Jun-2024 14:11:08 CEST  Closed file root://xrootd-cms.infn.it//store/mc/RunIISummer20UL18MiniAODv2/QCD_Pt_15to30_TuneCP5_13TeV_pythia8/MINIAODSIM/106X_upgrade2018_realistic_v16_L1v1-v1/230000/4AEEDE6C-9D42-FF4B-914A-B2BD6B710467.root

------------------------------------
GenXsecAnalyzer:
------------------------------------
Before Filter: total cross section = 1.246e+09 +- 6.410e+05 pb
Filter efficiency (taking into account weights)= (1e+06) / (1e+06) = 1.000e+00 +- 0.000e+00
Filter efficiency (event-level)= (1e+06) / (1e+06) = 1.000e+00 +- 0.000e+00    [TO BE USED IN MCM]

After filter: final cross section = 1.246e+09 +- 6.410e+05 pb
After filter: final fraction of events with negative weights = 0.000e+00 +- 0.000e+00
After filter: final equivalent lumi for 1M events (1/fb) = 8.028e-07 +- 9.028e-10

=============================================

MessageLogger Summary

 type     category        sev    module        subroutine        count    total
 ---- -------------------- -- ---------------- ----------------  -----    -----
    1 GenXSecAnalyzer      -w GenXSecAnalyzer:                       7        7
    2 XrdAdaptor           -w file_open                             12       12
    3 XrdAdaptorInternal   -w file_open                             24       24
    4 fileAction           -s file_close                            12       12
    5 fileAction           -s file_open                             36       36

 type    category    Examples: run/evt        run/evt          run/evt
 ---- -------------------- ---------------- ---------------- ----------------
    1 GenXSecAnalyzer      PostGlobalEndRun PostGlobalEndRun PostGlobalEndRun
    2 XrdAdaptor           pre-events       PostProcessEvent PostProcessEvent
    3 XrdAdaptorInternal   pre-events       pre-events       PostProcessEvent
    4 fileAction           PostProcessEvent PostProcessEvent PostGlobalEndRun
    5 fileAction           pre-events       pre-events       PostProcessEvent

Severity    # Occurrences   Total Occurrences
--------    -------------   -----------------
Warning                43                  43
System                 48                  48

dropped waiting message count 0
