11-Jun-2024 08:44:48 CEST  Initiating request to open file root://eoscms.cern.ch//eos/cms/store/mc/RunIISummer20UL16MiniAODv2/QCD_Pt_80to120_TuneCP5_13TeV_pythia8/MINIAODSIM/106X_mcRun2_asymptotic_v17-v1/280000/C12CC584-C982-BD48-8556-958C234F26FA.root
%MSG-w XrdAdaptorInternal:  file_open 11-Jun-2024 08:44:49 CEST pre-events
Failed to open file at URL root://eoscms.cern.ch:1094//eos/cms/store/mc/RunIISummer20UL16MiniAODv2/QCD_Pt_80to120_TuneCP5_13TeV_pythia8/MINIAODSIM/106X_mcRun2_asymptotic_v17-v1/280000/C12CC584-C982-BD48-8556-958C234F26FA.root.
%MSG
%MSG-w XrdAdaptorInternal:  file_open 11-Jun-2024 08:44:49 CEST pre-events
Failed to open file at URL root://eoscms.cern.ch:1094//eos/cms/store/mc/RunIISummer20UL16MiniAODv2/QCD_Pt_80to120_TuneCP5_13TeV_pythia8/MINIAODSIM/106X_mcRun2_asymptotic_v17-v1/280000/C12CC584-C982-BD48-8556-958C234F26FA.root?tried=.
%MSG
11-Jun-2024 08:44:49 CEST  Fallback request to file root://xrootd-cms.infn.it//store/mc/RunIISummer20UL16MiniAODv2/QCD_Pt_80to120_TuneCP5_13TeV_pythia8/MINIAODSIM/106X_mcRun2_asymptotic_v17-v1/280000/C12CC584-C982-BD48-8556-958C234F26FA.root
Unable to load sec.protocol plugin libXrdSecztn.so
%MSG-w XrdAdaptor:  file_open 11-Jun-2024 08:45:05 CEST pre-events
Data is served from fnal.gov instead of original site T2_IT_Pisa
%MSG
11-Jun-2024 08:45:09 CEST  Successfully opened file root://xrootd-cms.infn.it//store/mc/RunIISummer20UL16MiniAODv2/QCD_Pt_80to120_TuneCP5_13TeV_pythia8/MINIAODSIM/106X_mcRun2_asymptotic_v17-v1/280000/C12CC584-C982-BD48-8556-958C234F26FA.root
Unable to load sec.protocol plugin libXrdSecztn.so
Begin processing the 1st record. Run 1, Event 1482022, LumiSection 1483 on stream 0 at 11-Jun-2024 08:45:14.298 CEST
11-Jun-2024 08:45:14 CEST  Closed file root://xrootd-cms.infn.it//store/mc/RunIISummer20UL16MiniAODv2/QCD_Pt_80to120_TuneCP5_13TeV_pythia8/MINIAODSIM/106X_mcRun2_asymptotic_v17-v1/280000/C12CC584-C982-BD48-8556-958C234F26FA.root
11-Jun-2024 08:45:14 CEST  Initiating request to open file root://eoscms.cern.ch//eos/cms/store/mc/RunIISummer20UL16MiniAODv2/QCD_Pt_80to120_TuneCP5_13TeV_pythia8/MINIAODSIM/106X_mcRun2_asymptotic_v17-v1/280000/A3717A4F-C38E-CF41-86FC-FDF4633C2E06.root
%MSG-w XrdAdaptorInternal:  file_open 11-Jun-2024 08:45:15 CEST PostProcessEvent
Failed to open file at URL root://eoscms.cern.ch:1094//eos/cms/store/mc/RunIISummer20UL16MiniAODv2/QCD_Pt_80to120_TuneCP5_13TeV_pythia8/MINIAODSIM/106X_mcRun2_asymptotic_v17-v1/280000/A3717A4F-C38E-CF41-86FC-FDF4633C2E06.root.
%MSG
%MSG-w XrdAdaptorInternal:  file_open 11-Jun-2024 08:45:15 CEST PostProcessEvent
Failed to open file at URL root://eoscms.cern.ch:1094//eos/cms/store/mc/RunIISummer20UL16MiniAODv2/QCD_Pt_80to120_TuneCP5_13TeV_pythia8/MINIAODSIM/106X_mcRun2_asymptotic_v17-v1/280000/A3717A4F-C38E-CF41-86FC-FDF4633C2E06.root?tried=.
%MSG
11-Jun-2024 08:45:15 CEST  Fallback request to file root://xrootd-cms.infn.it//store/mc/RunIISummer20UL16MiniAODv2/QCD_Pt_80to120_TuneCP5_13TeV_pythia8/MINIAODSIM/106X_mcRun2_asymptotic_v17-v1/280000/A3717A4F-C38E-CF41-86FC-FDF4633C2E06.root
%MSG-w XrdAdaptor:  file_open 11-Jun-2024 08:45:28 CEST PostProcessEvent
Data is served from fnal.gov instead of original site T2_IT_Pisa
%MSG
11-Jun-2024 08:45:29 CEST  Successfully opened file root://xrootd-cms.infn.it//store/mc/RunIISummer20UL16MiniAODv2/QCD_Pt_80to120_TuneCP5_13TeV_pythia8/MINIAODSIM/106X_mcRun2_asymptotic_v17-v1/280000/A3717A4F-C38E-CF41-86FC-FDF4633C2E06.root
Unable to load sec.protocol plugin libXrdSecztn.so
Begin processing the 100001st record. Run 1, Event 476001, LumiSection 477 on stream 0 at 11-Jun-2024 08:45:37.771 CEST
11-Jun-2024 08:45:37 CEST  Closed file root://xrootd-cms.infn.it//store/mc/RunIISummer20UL16MiniAODv2/QCD_Pt_80to120_TuneCP5_13TeV_pythia8/MINIAODSIM/106X_mcRun2_asymptotic_v17-v1/280000/A3717A4F-C38E-CF41-86FC-FDF4633C2E06.root
11-Jun-2024 08:45:37 CEST  Initiating request to open file root://eoscms.cern.ch//eos/cms/store/mc/RunIISummer20UL16MiniAODv2/QCD_Pt_80to120_TuneCP5_13TeV_pythia8/MINIAODSIM/106X_mcRun2_asymptotic_v17-v1/280000/BA3A554F-1D81-3D4C-815E-ED211D907A33.root
%MSG-w XrdAdaptorInternal:  file_open 11-Jun-2024 08:45:38 CEST PostProcessEvent
Failed to open file at URL root://eoscms.cern.ch:1094//eos/cms/store/mc/RunIISummer20UL16MiniAODv2/QCD_Pt_80to120_TuneCP5_13TeV_pythia8/MINIAODSIM/106X_mcRun2_asymptotic_v17-v1/280000/BA3A554F-1D81-3D4C-815E-ED211D907A33.root.
%MSG
%MSG-w XrdAdaptorInternal:  file_open 11-Jun-2024 08:45:38 CEST PostProcessEvent
Failed to open file at URL root://eoscms.cern.ch:1094//eos/cms/store/mc/RunIISummer20UL16MiniAODv2/QCD_Pt_80to120_TuneCP5_13TeV_pythia8/MINIAODSIM/106X_mcRun2_asymptotic_v17-v1/280000/BA3A554F-1D81-3D4C-815E-ED211D907A33.root?tried=.
%MSG
11-Jun-2024 08:45:38 CEST  Fallback request to file root://xrootd-cms.infn.it//store/mc/RunIISummer20UL16MiniAODv2/QCD_Pt_80to120_TuneCP5_13TeV_pythia8/MINIAODSIM/106X_mcRun2_asymptotic_v17-v1/280000/BA3A554F-1D81-3D4C-815E-ED211D907A33.root
%MSG-w XrdAdaptor:  file_open 11-Jun-2024 08:45:51 CEST PostProcessEvent
Data is served from fnal.gov instead of original site T2_IT_Pisa
%MSG
11-Jun-2024 08:45:52 CEST  Successfully opened file root://xrootd-cms.infn.it//store/mc/RunIISummer20UL16MiniAODv2/QCD_Pt_80to120_TuneCP5_13TeV_pythia8/MINIAODSIM/106X_mcRun2_asymptotic_v17-v1/280000/BA3A554F-1D81-3D4C-815E-ED211D907A33.root
11-Jun-2024 08:46:01 CEST  Closed file root://xrootd-cms.infn.it//store/mc/RunIISummer20UL16MiniAODv2/QCD_Pt_80to120_TuneCP5_13TeV_pythia8/MINIAODSIM/106X_mcRun2_asymptotic_v17-v1/280000/BA3A554F-1D81-3D4C-815E-ED211D907A33.root
11-Jun-2024 08:46:01 CEST  Initiating request to open file root://eoscms.cern.ch//eos/cms/store/mc/RunIISummer20UL16MiniAODv2/QCD_Pt_80to120_TuneCP5_13TeV_pythia8/MINIAODSIM/106X_mcRun2_asymptotic_v17-v1/280000/03AA39A0-FC28-0D4E-B144-CB6D7E4D681C.root
%MSG-w XrdAdaptorInternal:  file_open 11-Jun-2024 08:46:02 CEST PostProcessEvent
Failed to open file at URL root://eoscms.cern.ch:1094//eos/cms/store/mc/RunIISummer20UL16MiniAODv2/QCD_Pt_80to120_TuneCP5_13TeV_pythia8/MINIAODSIM/106X_mcRun2_asymptotic_v17-v1/280000/03AA39A0-FC28-0D4E-B144-CB6D7E4D681C.root.
%MSG
%MSG-w XrdAdaptorInternal:  file_open 11-Jun-2024 08:46:02 CEST PostProcessEvent
Failed to open file at URL root://eoscms.cern.ch:1094//eos/cms/store/mc/RunIISummer20UL16MiniAODv2/QCD_Pt_80to120_TuneCP5_13TeV_pythia8/MINIAODSIM/106X_mcRun2_asymptotic_v17-v1/280000/03AA39A0-FC28-0D4E-B144-CB6D7E4D681C.root?tried=.
%MSG
11-Jun-2024 08:46:02 CEST  Fallback request to file root://xrootd-cms.infn.it//store/mc/RunIISummer20UL16MiniAODv2/QCD_Pt_80to120_TuneCP5_13TeV_pythia8/MINIAODSIM/106X_mcRun2_asymptotic_v17-v1/280000/03AA39A0-FC28-0D4E-B144-CB6D7E4D681C.root
%MSG-w XrdAdaptor:  file_open 11-Jun-2024 08:46:15 CEST PostProcessEvent
Data is served from fnal.gov instead of original site T2_IT_Pisa
%MSG
11-Jun-2024 08:46:16 CEST  Successfully opened file root://xrootd-cms.infn.it//store/mc/RunIISummer20UL16MiniAODv2/QCD_Pt_80to120_TuneCP5_13TeV_pythia8/MINIAODSIM/106X_mcRun2_asymptotic_v17-v1/280000/03AA39A0-FC28-0D4E-B144-CB6D7E4D681C.root
Begin processing the 200001st record. Run 1, Event 2813006, LumiSection 2814 on stream 0 at 11-Jun-2024 08:46:33.146 CEST
11-Jun-2024 08:46:37 CEST  Closed file root://xrootd-cms.infn.it//store/mc/RunIISummer20UL16MiniAODv2/QCD_Pt_80to120_TuneCP5_13TeV_pythia8/MINIAODSIM/106X_mcRun2_asymptotic_v17-v1/280000/03AA39A0-FC28-0D4E-B144-CB6D7E4D681C.root
11-Jun-2024 08:46:37 CEST  Initiating request to open file root://eoscms.cern.ch//eos/cms/store/mc/RunIISummer20UL16MiniAODv2/QCD_Pt_80to120_TuneCP5_13TeV_pythia8/MINIAODSIM/106X_mcRun2_asymptotic_v17-v1/280000/49209EB4-4318-964B-A28A-9CDF1DC21259.root
%MSG-w XrdAdaptorInternal:  file_open 11-Jun-2024 08:46:38 CEST PostProcessEvent
Failed to open file at URL root://eoscms.cern.ch:1094//eos/cms/store/mc/RunIISummer20UL16MiniAODv2/QCD_Pt_80to120_TuneCP5_13TeV_pythia8/MINIAODSIM/106X_mcRun2_asymptotic_v17-v1/280000/49209EB4-4318-964B-A28A-9CDF1DC21259.root.
%MSG
%MSG-w XrdAdaptorInternal:  file_open 11-Jun-2024 08:46:38 CEST PostProcessEvent
Failed to open file at URL root://eoscms.cern.ch:1094//eos/cms/store/mc/RunIISummer20UL16MiniAODv2/QCD_Pt_80to120_TuneCP5_13TeV_pythia8/MINIAODSIM/106X_mcRun2_asymptotic_v17-v1/280000/49209EB4-4318-964B-A28A-9CDF1DC21259.root?tried=.
%MSG
11-Jun-2024 08:46:38 CEST  Fallback request to file root://xrootd-cms.infn.it//store/mc/RunIISummer20UL16MiniAODv2/QCD_Pt_80to120_TuneCP5_13TeV_pythia8/MINIAODSIM/106X_mcRun2_asymptotic_v17-v1/280000/49209EB4-4318-964B-A28A-9CDF1DC21259.root
%MSG-w XrdAdaptor:  file_open 11-Jun-2024 08:46:50 CEST PostProcessEvent
Data is served from fnal.gov instead of original site T2_IT_Pisa
%MSG
11-Jun-2024 08:46:51 CEST  Successfully opened file root://xrootd-cms.infn.it//store/mc/RunIISummer20UL16MiniAODv2/QCD_Pt_80to120_TuneCP5_13TeV_pythia8/MINIAODSIM/106X_mcRun2_asymptotic_v17-v1/280000/49209EB4-4318-964B-A28A-9CDF1DC21259.root
Begin processing the 300001st record. Run 1, Event 1992015, LumiSection 1993 on stream 0 at 11-Jun-2024 08:46:57.006 CEST
11-Jun-2024 08:46:59 CEST  Closed file root://xrootd-cms.infn.it//store/mc/RunIISummer20UL16MiniAODv2/QCD_Pt_80to120_TuneCP5_13TeV_pythia8/MINIAODSIM/106X_mcRun2_asymptotic_v17-v1/280000/49209EB4-4318-964B-A28A-9CDF1DC21259.root
11-Jun-2024 08:46:59 CEST  Initiating request to open file root://eoscms.cern.ch//eos/cms/store/mc/RunIISummer20UL16MiniAODv2/QCD_Pt_80to120_TuneCP5_13TeV_pythia8/MINIAODSIM/106X_mcRun2_asymptotic_v17-v1/280000/8CADBC25-CB16-884C-BC48-C957553CBE6B.root
%MSG-w XrdAdaptorInternal:  file_open 11-Jun-2024 08:47:00 CEST PostProcessEvent
Failed to open file at URL root://eoscms.cern.ch:1094//eos/cms/store/mc/RunIISummer20UL16MiniAODv2/QCD_Pt_80to120_TuneCP5_13TeV_pythia8/MINIAODSIM/106X_mcRun2_asymptotic_v17-v1/280000/8CADBC25-CB16-884C-BC48-C957553CBE6B.root.
%MSG
%MSG-w XrdAdaptorInternal:  file_open 11-Jun-2024 08:47:00 CEST PostProcessEvent
Failed to open file at URL root://eoscms.cern.ch:1094//eos/cms/store/mc/RunIISummer20UL16MiniAODv2/QCD_Pt_80to120_TuneCP5_13TeV_pythia8/MINIAODSIM/106X_mcRun2_asymptotic_v17-v1/280000/8CADBC25-CB16-884C-BC48-C957553CBE6B.root?tried=.
%MSG
11-Jun-2024 08:47:00 CEST  Fallback request to file root://xrootd-cms.infn.it//store/mc/RunIISummer20UL16MiniAODv2/QCD_Pt_80to120_TuneCP5_13TeV_pythia8/MINIAODSIM/106X_mcRun2_asymptotic_v17-v1/280000/8CADBC25-CB16-884C-BC48-C957553CBE6B.root
%MSG-w XrdAdaptor:  file_open 11-Jun-2024 08:47:13 CEST PostProcessEvent
Data is served from fnal.gov instead of original site T2_IT_Pisa
%MSG
11-Jun-2024 08:47:14 CEST  Successfully opened file root://xrootd-cms.infn.it//store/mc/RunIISummer20UL16MiniAODv2/QCD_Pt_80to120_TuneCP5_13TeV_pythia8/MINIAODSIM/106X_mcRun2_asymptotic_v17-v1/280000/8CADBC25-CB16-884C-BC48-C957553CBE6B.root
Begin processing the 400001st record. Run 1, Event 928008, LumiSection 929 on stream 0 at 11-Jun-2024 08:47:21.414 CEST
11-Jun-2024 08:47:23 CEST  Closed file root://xrootd-cms.infn.it//store/mc/RunIISummer20UL16MiniAODv2/QCD_Pt_80to120_TuneCP5_13TeV_pythia8/MINIAODSIM/106X_mcRun2_asymptotic_v17-v1/280000/8CADBC25-CB16-884C-BC48-C957553CBE6B.root
11-Jun-2024 08:47:23 CEST  Initiating request to open file root://eoscms.cern.ch//eos/cms/store/mc/RunIISummer20UL16MiniAODv2/QCD_Pt_80to120_TuneCP5_13TeV_pythia8/MINIAODSIM/106X_mcRun2_asymptotic_v17-v1/280000/70255BB4-7F79-8F49-BB18-3B04C894BD5D.root
%MSG-w XrdAdaptorInternal:  file_open 11-Jun-2024 08:47:24 CEST PostProcessEvent
Failed to open file at URL root://eoscms.cern.ch:1094//eos/cms/store/mc/RunIISummer20UL16MiniAODv2/QCD_Pt_80to120_TuneCP5_13TeV_pythia8/MINIAODSIM/106X_mcRun2_asymptotic_v17-v1/280000/70255BB4-7F79-8F49-BB18-3B04C894BD5D.root.
%MSG
%MSG-w XrdAdaptorInternal:  file_open 11-Jun-2024 08:47:24 CEST PostProcessEvent
Failed to open file at URL root://eoscms.cern.ch:1094//eos/cms/store/mc/RunIISummer20UL16MiniAODv2/QCD_Pt_80to120_TuneCP5_13TeV_pythia8/MINIAODSIM/106X_mcRun2_asymptotic_v17-v1/280000/70255BB4-7F79-8F49-BB18-3B04C894BD5D.root?tried=.
%MSG
11-Jun-2024 08:47:24 CEST  Fallback request to file root://xrootd-cms.infn.it//store/mc/RunIISummer20UL16MiniAODv2/QCD_Pt_80to120_TuneCP5_13TeV_pythia8/MINIAODSIM/106X_mcRun2_asymptotic_v17-v1/280000/70255BB4-7F79-8F49-BB18-3B04C894BD5D.root
%MSG-w XrdAdaptor:  file_open 11-Jun-2024 08:47:37 CEST PostProcessEvent
Data is served from fnal.gov instead of original site T2_IT_Pisa
%MSG
11-Jun-2024 08:47:38 CEST  Successfully opened file root://xrootd-cms.infn.it//store/mc/RunIISummer20UL16MiniAODv2/QCD_Pt_80to120_TuneCP5_13TeV_pythia8/MINIAODSIM/106X_mcRun2_asymptotic_v17-v1/280000/70255BB4-7F79-8F49-BB18-3B04C894BD5D.root
Begin processing the 500001st record. Run 1, Event 1260008, LumiSection 1261 on stream 0 at 11-Jun-2024 08:47:44.339 CEST
11-Jun-2024 08:47:46 CEST  Closed file root://xrootd-cms.infn.it//store/mc/RunIISummer20UL16MiniAODv2/QCD_Pt_80to120_TuneCP5_13TeV_pythia8/MINIAODSIM/106X_mcRun2_asymptotic_v17-v1/280000/70255BB4-7F79-8F49-BB18-3B04C894BD5D.root
11-Jun-2024 08:47:46 CEST  Initiating request to open file root://eoscms.cern.ch//eos/cms/store/mc/RunIISummer20UL16MiniAODv2/QCD_Pt_80to120_TuneCP5_13TeV_pythia8/MINIAODSIM/106X_mcRun2_asymptotic_v17-v1/280000/FCAAFEBF-B958-264E-9696-98592C1F9853.root
%MSG-w XrdAdaptorInternal:  file_open 11-Jun-2024 08:47:47 CEST PostProcessEvent
Failed to open file at URL root://eoscms.cern.ch:1094//eos/cms/store/mc/RunIISummer20UL16MiniAODv2/QCD_Pt_80to120_TuneCP5_13TeV_pythia8/MINIAODSIM/106X_mcRun2_asymptotic_v17-v1/280000/FCAAFEBF-B958-264E-9696-98592C1F9853.root.
%MSG
%MSG-w XrdAdaptorInternal:  file_open 11-Jun-2024 08:47:47 CEST PostProcessEvent
Failed to open file at URL root://eoscms.cern.ch:1094//eos/cms/store/mc/RunIISummer20UL16MiniAODv2/QCD_Pt_80to120_TuneCP5_13TeV_pythia8/MINIAODSIM/106X_mcRun2_asymptotic_v17-v1/280000/FCAAFEBF-B958-264E-9696-98592C1F9853.root?tried=.
%MSG
11-Jun-2024 08:47:47 CEST  Fallback request to file root://xrootd-cms.infn.it//store/mc/RunIISummer20UL16MiniAODv2/QCD_Pt_80to120_TuneCP5_13TeV_pythia8/MINIAODSIM/106X_mcRun2_asymptotic_v17-v1/280000/FCAAFEBF-B958-264E-9696-98592C1F9853.root
%MSG-w XrdAdaptor:  file_open 11-Jun-2024 08:48:00 CEST PostProcessEvent
Data is served from fnal.gov instead of original site T2_IT_Pisa
%MSG
11-Jun-2024 08:48:01 CEST  Successfully opened file root://xrootd-cms.infn.it//store/mc/RunIISummer20UL16MiniAODv2/QCD_Pt_80to120_TuneCP5_13TeV_pythia8/MINIAODSIM/106X_mcRun2_asymptotic_v17-v1/280000/FCAAFEBF-B958-264E-9696-98592C1F9853.root
Begin processing the 600001st record. Run 1, Event 1504003, LumiSection 1505 on stream 0 at 11-Jun-2024 08:48:07.808 CEST
11-Jun-2024 08:48:09 CEST  Closed file root://xrootd-cms.infn.it//store/mc/RunIISummer20UL16MiniAODv2/QCD_Pt_80to120_TuneCP5_13TeV_pythia8/MINIAODSIM/106X_mcRun2_asymptotic_v17-v1/280000/FCAAFEBF-B958-264E-9696-98592C1F9853.root
11-Jun-2024 08:48:09 CEST  Initiating request to open file root://eoscms.cern.ch//eos/cms/store/mc/RunIISummer20UL16MiniAODv2/QCD_Pt_80to120_TuneCP5_13TeV_pythia8/MINIAODSIM/106X_mcRun2_asymptotic_v17-v1/280000/09CFEEF2-F003-4C41-8DE9-AB35F09DD92F.root
%MSG-w XrdAdaptorInternal:  file_open 11-Jun-2024 08:48:10 CEST PostProcessEvent
Failed to open file at URL root://eoscms.cern.ch:1094//eos/cms/store/mc/RunIISummer20UL16MiniAODv2/QCD_Pt_80to120_TuneCP5_13TeV_pythia8/MINIAODSIM/106X_mcRun2_asymptotic_v17-v1/280000/09CFEEF2-F003-4C41-8DE9-AB35F09DD92F.root.
%MSG
%MSG-w XrdAdaptorInternal:  file_open 11-Jun-2024 08:48:10 CEST PostProcessEvent
Failed to open file at URL root://eoscms.cern.ch:1094//eos/cms/store/mc/RunIISummer20UL16MiniAODv2/QCD_Pt_80to120_TuneCP5_13TeV_pythia8/MINIAODSIM/106X_mcRun2_asymptotic_v17-v1/280000/09CFEEF2-F003-4C41-8DE9-AB35F09DD92F.root?tried=.
%MSG
11-Jun-2024 08:48:10 CEST  Fallback request to file root://xrootd-cms.infn.it//store/mc/RunIISummer20UL16MiniAODv2/QCD_Pt_80to120_TuneCP5_13TeV_pythia8/MINIAODSIM/106X_mcRun2_asymptotic_v17-v1/280000/09CFEEF2-F003-4C41-8DE9-AB35F09DD92F.root
%MSG-w XrdAdaptor:  file_open 11-Jun-2024 08:48:23 CEST PostProcessEvent
Data is served from fnal.gov instead of original site T2_IT_Pisa
%MSG
11-Jun-2024 08:48:24 CEST  Successfully opened file root://xrootd-cms.infn.it//store/mc/RunIISummer20UL16MiniAODv2/QCD_Pt_80to120_TuneCP5_13TeV_pythia8/MINIAODSIM/106X_mcRun2_asymptotic_v17-v1/280000/09CFEEF2-F003-4C41-8DE9-AB35F09DD92F.root
Begin processing the 700001st record. Run 1, Event 1995009, LumiSection 1996 on stream 0 at 11-Jun-2024 08:48:32.404 CEST
11-Jun-2024 08:48:34 CEST  Closed file root://xrootd-cms.infn.it//store/mc/RunIISummer20UL16MiniAODv2/QCD_Pt_80to120_TuneCP5_13TeV_pythia8/MINIAODSIM/106X_mcRun2_asymptotic_v17-v1/280000/09CFEEF2-F003-4C41-8DE9-AB35F09DD92F.root
11-Jun-2024 08:48:34 CEST  Initiating request to open file root://eoscms.cern.ch//eos/cms/store/mc/RunIISummer20UL16MiniAODv2/QCD_Pt_80to120_TuneCP5_13TeV_pythia8/MINIAODSIM/106X_mcRun2_asymptotic_v17-v1/280000/99D73925-CEE7-9647-AD75-976ECCE897BE.root
%MSG-w XrdAdaptorInternal:  file_open 11-Jun-2024 08:48:35 CEST PostProcessEvent
Failed to open file at URL root://eoscms.cern.ch:1094//eos/cms/store/mc/RunIISummer20UL16MiniAODv2/QCD_Pt_80to120_TuneCP5_13TeV_pythia8/MINIAODSIM/106X_mcRun2_asymptotic_v17-v1/280000/99D73925-CEE7-9647-AD75-976ECCE897BE.root.
%MSG
%MSG-w XrdAdaptorInternal:  file_open 11-Jun-2024 08:48:35 CEST PostProcessEvent
Failed to open file at URL root://eoscms.cern.ch:1094//eos/cms/store/mc/RunIISummer20UL16MiniAODv2/QCD_Pt_80to120_TuneCP5_13TeV_pythia8/MINIAODSIM/106X_mcRun2_asymptotic_v17-v1/280000/99D73925-CEE7-9647-AD75-976ECCE897BE.root?tried=.
%MSG
11-Jun-2024 08:48:35 CEST  Fallback request to file root://xrootd-cms.infn.it//store/mc/RunIISummer20UL16MiniAODv2/QCD_Pt_80to120_TuneCP5_13TeV_pythia8/MINIAODSIM/106X_mcRun2_asymptotic_v17-v1/280000/99D73925-CEE7-9647-AD75-976ECCE897BE.root
%MSG-w XrdAdaptor:  file_open 11-Jun-2024 08:48:47 CEST PostProcessEvent
Data is served from fnal.gov instead of original site T2_IT_Pisa
%MSG
11-Jun-2024 08:48:48 CEST  Successfully opened file root://xrootd-cms.infn.it//store/mc/RunIISummer20UL16MiniAODv2/QCD_Pt_80to120_TuneCP5_13TeV_pythia8/MINIAODSIM/106X_mcRun2_asymptotic_v17-v1/280000/99D73925-CEE7-9647-AD75-976ECCE897BE.root
Begin processing the 800001st record. Run 1, Event 10066008, LumiSection 10067 on stream 0 at 11-Jun-2024 08:49:05.909 CEST
11-Jun-2024 08:49:07 CEST  Closed file root://xrootd-cms.infn.it//store/mc/RunIISummer20UL16MiniAODv2/QCD_Pt_80to120_TuneCP5_13TeV_pythia8/MINIAODSIM/106X_mcRun2_asymptotic_v17-v1/280000/99D73925-CEE7-9647-AD75-976ECCE897BE.root
11-Jun-2024 08:49:07 CEST  Initiating request to open file root://eoscms.cern.ch//eos/cms/store/mc/RunIISummer20UL16MiniAODv2/QCD_Pt_80to120_TuneCP5_13TeV_pythia8/MINIAODSIM/106X_mcRun2_asymptotic_v17-v1/280000/51E9342D-A23B-3D47-88E2-CE29341F4DD0.root
%MSG-w XrdAdaptorInternal:  file_open 11-Jun-2024 08:49:08 CEST PostProcessEvent
Failed to open file at URL root://eoscms.cern.ch:1094//eos/cms/store/mc/RunIISummer20UL16MiniAODv2/QCD_Pt_80to120_TuneCP5_13TeV_pythia8/MINIAODSIM/106X_mcRun2_asymptotic_v17-v1/280000/51E9342D-A23B-3D47-88E2-CE29341F4DD0.root.
%MSG
%MSG-w XrdAdaptorInternal:  file_open 11-Jun-2024 08:49:08 CEST PostProcessEvent
Failed to open file at URL root://eoscms.cern.ch:1094//eos/cms/store/mc/RunIISummer20UL16MiniAODv2/QCD_Pt_80to120_TuneCP5_13TeV_pythia8/MINIAODSIM/106X_mcRun2_asymptotic_v17-v1/280000/51E9342D-A23B-3D47-88E2-CE29341F4DD0.root?tried=.
%MSG
11-Jun-2024 08:49:08 CEST  Fallback request to file root://xrootd-cms.infn.it//store/mc/RunIISummer20UL16MiniAODv2/QCD_Pt_80to120_TuneCP5_13TeV_pythia8/MINIAODSIM/106X_mcRun2_asymptotic_v17-v1/280000/51E9342D-A23B-3D47-88E2-CE29341F4DD0.root
%MSG-w XrdAdaptor:  file_open 11-Jun-2024 08:49:21 CEST PostProcessEvent
Data is served from fnal.gov instead of original site T2_IT_Pisa
%MSG
11-Jun-2024 08:49:22 CEST  Successfully opened file root://xrootd-cms.infn.it//store/mc/RunIISummer20UL16MiniAODv2/QCD_Pt_80to120_TuneCP5_13TeV_pythia8/MINIAODSIM/106X_mcRun2_asymptotic_v17-v1/280000/51E9342D-A23B-3D47-88E2-CE29341F4DD0.root
Begin processing the 900001st record. Run 1, Event 2420013, LumiSection 2421 on stream 0 at 11-Jun-2024 08:49:29.433 CEST
11-Jun-2024 08:49:30 CEST  Closed file root://xrootd-cms.infn.it//store/mc/RunIISummer20UL16MiniAODv2/QCD_Pt_80to120_TuneCP5_13TeV_pythia8/MINIAODSIM/106X_mcRun2_asymptotic_v17-v1/280000/51E9342D-A23B-3D47-88E2-CE29341F4DD0.root
11-Jun-2024 08:49:30 CEST  Initiating request to open file root://eoscms.cern.ch//eos/cms/store/mc/RunIISummer20UL16MiniAODv2/QCD_Pt_80to120_TuneCP5_13TeV_pythia8/MINIAODSIM/106X_mcRun2_asymptotic_v17-v1/280000/D0FA5A6C-7FEE-6049-933F-01AA383946EC.root
%MSG-w XrdAdaptorInternal:  file_open 11-Jun-2024 08:49:31 CEST PostProcessEvent
Failed to open file at URL root://eoscms.cern.ch:1094//eos/cms/store/mc/RunIISummer20UL16MiniAODv2/QCD_Pt_80to120_TuneCP5_13TeV_pythia8/MINIAODSIM/106X_mcRun2_asymptotic_v17-v1/280000/D0FA5A6C-7FEE-6049-933F-01AA383946EC.root.
%MSG
%MSG-w XrdAdaptorInternal:  file_open 11-Jun-2024 08:49:31 CEST PostProcessEvent
Failed to open file at URL root://eoscms.cern.ch:1094//eos/cms/store/mc/RunIISummer20UL16MiniAODv2/QCD_Pt_80to120_TuneCP5_13TeV_pythia8/MINIAODSIM/106X_mcRun2_asymptotic_v17-v1/280000/D0FA5A6C-7FEE-6049-933F-01AA383946EC.root?tried=.
%MSG
11-Jun-2024 08:49:31 CEST  Fallback request to file root://xrootd-cms.infn.it//store/mc/RunIISummer20UL16MiniAODv2/QCD_Pt_80to120_TuneCP5_13TeV_pythia8/MINIAODSIM/106X_mcRun2_asymptotic_v17-v1/280000/D0FA5A6C-7FEE-6049-933F-01AA383946EC.root
%MSG-w XrdAdaptor:  file_open 11-Jun-2024 08:49:44 CEST PostProcessEvent
Data is served from fnal.gov instead of original site T2_IT_Pisa
%MSG
11-Jun-2024 08:49:45 CEST  Successfully opened file root://xrootd-cms.infn.it//store/mc/RunIISummer20UL16MiniAODv2/QCD_Pt_80to120_TuneCP5_13TeV_pythia8/MINIAODSIM/106X_mcRun2_asymptotic_v17-v1/280000/D0FA5A6C-7FEE-6049-933F-01AA383946EC.root
11-Jun-2024 08:49:53 CEST  Closed file root://xrootd-cms.infn.it//store/mc/RunIISummer20UL16MiniAODv2/QCD_Pt_80to120_TuneCP5_13TeV_pythia8/MINIAODSIM/106X_mcRun2_asymptotic_v17-v1/280000/D0FA5A6C-7FEE-6049-933F-01AA383946EC.root

------------------------------------
GenXsecAnalyzer:
------------------------------------
Before Filter: total cross section = 2.343e+06 +- 1.217e+03 pb
Filter efficiency (taking into account weights)= (1.00011e+06) / (1.00011e+06) = 1.000e+00 +- 0.000e+00
Filter efficiency (event-level)= (1e+06) / (1e+06) = 1.000e+00 +- 0.000e+00    [TO BE USED IN MCM]

After filter: final cross section = 2.343e+06 +- 1.217e+03 pb
After filter: final fraction of events with negative weights = 0.000e+00 +- 0.000e+00
After filter: final equivalent lumi for 1M events (1/fb) = 4.269e-04 +- 4.811e-07

=============================================

MessageLogger Summary

 type     category        sev    module        subroutine        count    total
 ---- -------------------- -- ---------------- ----------------  -----    -----
    1 GenXSecAnalyzer      -w GenXSecAnalyzer:                       7        7
    2 XrdAdaptor           -w file_open                             12       12
    3 XrdAdaptorInternal   -w file_open                             24       24
    4 fileAction           -s file_close                            12       12
    5 fileAction           -s file_open                             36       36

 type    category    Examples: run/evt        run/evt          run/evt
 ---- -------------------- ---------------- ---------------- ----------------
    1 GenXSecAnalyzer      PostGlobalEndRun PostGlobalEndRun PostGlobalEndRun
    2 XrdAdaptor           pre-events       PostProcessEvent PostProcessEvent
    3 XrdAdaptorInternal   pre-events       pre-events       PostProcessEvent
    4 fileAction           PostProcessEvent PostProcessEvent PostGlobalEndRun
    5 fileAction           pre-events       pre-events       PostProcessEvent

Severity    # Occurrences   Total Occurrences
--------    -------------   -----------------
Warning                43                  43
System                 48                  48

dropped waiting message count 0
