11-Jun-2024 08:56:28 CEST  Initiating request to open file root://eoscms.cern.ch//eos/cms/store/mc/RunIISummer20UL16MiniAODv2/QCD_Pt_170to300_TuneCP5_13TeV_pythia8/MINIAODSIM/106X_mcRun2_asymptotic_v17-v1/280000/FA7CA243-C2EA-B34A-B85A-6DC850F8C212.root
%MSG-w XrdAdaptorInternal:  file_open 11-Jun-2024 08:56:29 CEST pre-events
Failed to open file at URL root://eoscms.cern.ch:1094//eos/cms/store/mc/RunIISummer20UL16MiniAODv2/QCD_Pt_170to300_TuneCP5_13TeV_pythia8/MINIAODSIM/106X_mcRun2_asymptotic_v17-v1/280000/FA7CA243-C2EA-B34A-B85A-6DC850F8C212.root.
%MSG
%MSG-w XrdAdaptorInternal:  file_open 11-Jun-2024 08:56:29 CEST pre-events
Failed to open file at URL root://eoscms.cern.ch:1094//eos/cms/store/mc/RunIISummer20UL16MiniAODv2/QCD_Pt_170to300_TuneCP5_13TeV_pythia8/MINIAODSIM/106X_mcRun2_asymptotic_v17-v1/280000/FA7CA243-C2EA-B34A-B85A-6DC850F8C212.root?tried=.
%MSG
11-Jun-2024 08:56:29 CEST  Fallback request to file root://xrootd-cms.infn.it//store/mc/RunIISummer20UL16MiniAODv2/QCD_Pt_170to300_TuneCP5_13TeV_pythia8/MINIAODSIM/106X_mcRun2_asymptotic_v17-v1/280000/FA7CA243-C2EA-B34A-B85A-6DC850F8C212.root
%MSG-w XrdAdaptor:  file_open 11-Jun-2024 08:56:43 CEST pre-events
Data is served from T2_US_Florida instead of original site T2_IT_Pisa
%MSG
11-Jun-2024 08:56:47 CEST  Successfully opened file root://xrootd-cms.infn.it//store/mc/RunIISummer20UL16MiniAODv2/QCD_Pt_170to300_TuneCP5_13TeV_pythia8/MINIAODSIM/106X_mcRun2_asymptotic_v17-v1/280000/FA7CA243-C2EA-B34A-B85A-6DC850F8C212.root
Begin processing the 1st record. Run 1, Event 780017, LumiSection 781 on stream 0 at 11-Jun-2024 08:56:54.390 CEST
11-Jun-2024 08:56:56 CEST  Closed file root://xrootd-cms.infn.it//store/mc/RunIISummer20UL16MiniAODv2/QCD_Pt_170to300_TuneCP5_13TeV_pythia8/MINIAODSIM/106X_mcRun2_asymptotic_v17-v1/280000/FA7CA243-C2EA-B34A-B85A-6DC850F8C212.root
11-Jun-2024 08:56:56 CEST  Initiating request to open file root://eoscms.cern.ch//eos/cms/store/mc/RunIISummer20UL16MiniAODv2/QCD_Pt_170to300_TuneCP5_13TeV_pythia8/MINIAODSIM/106X_mcRun2_asymptotic_v17-v1/280000/582659C9-5DEA-6B42-B425-2E4DCA81D8C3.root
%MSG-w XrdAdaptorInternal:  file_open 11-Jun-2024 08:56:57 CEST PostProcessEvent
Failed to open file at URL root://eoscms.cern.ch:1094//eos/cms/store/mc/RunIISummer20UL16MiniAODv2/QCD_Pt_170to300_TuneCP5_13TeV_pythia8/MINIAODSIM/106X_mcRun2_asymptotic_v17-v1/280000/582659C9-5DEA-6B42-B425-2E4DCA81D8C3.root.
%MSG
%MSG-w XrdAdaptorInternal:  file_open 11-Jun-2024 08:56:57 CEST PostProcessEvent
Failed to open file at URL root://eoscms.cern.ch:1094//eos/cms/store/mc/RunIISummer20UL16MiniAODv2/QCD_Pt_170to300_TuneCP5_13TeV_pythia8/MINIAODSIM/106X_mcRun2_asymptotic_v17-v1/280000/582659C9-5DEA-6B42-B425-2E4DCA81D8C3.root?tried=.
%MSG
11-Jun-2024 08:56:57 CEST  Fallback request to file root://xrootd-cms.infn.it//store/mc/RunIISummer20UL16MiniAODv2/QCD_Pt_170to300_TuneCP5_13TeV_pythia8/MINIAODSIM/106X_mcRun2_asymptotic_v17-v1/280000/582659C9-5DEA-6B42-B425-2E4DCA81D8C3.root
%MSG-w XrdAdaptor:  file_open 11-Jun-2024 08:57:12 CEST PostProcessEvent
Data is served from T2_US_Vanderbilt instead of original site T2_IT_Pisa
%MSG
11-Jun-2024 08:57:13 CEST  Successfully opened file root://xrootd-cms.infn.it//store/mc/RunIISummer20UL16MiniAODv2/QCD_Pt_170to300_TuneCP5_13TeV_pythia8/MINIAODSIM/106X_mcRun2_asymptotic_v17-v1/280000/582659C9-5DEA-6B42-B425-2E4DCA81D8C3.root
Begin processing the 100001st record. Run 1, Event 22600008, LumiSection 22601 on stream 0 at 11-Jun-2024 08:57:41.288 CEST
11-Jun-2024 08:57:42 CEST  Closed file root://xrootd-cms.infn.it//store/mc/RunIISummer20UL16MiniAODv2/QCD_Pt_170to300_TuneCP5_13TeV_pythia8/MINIAODSIM/106X_mcRun2_asymptotic_v17-v1/280000/582659C9-5DEA-6B42-B425-2E4DCA81D8C3.root
11-Jun-2024 08:57:42 CEST  Initiating request to open file root://eoscms.cern.ch//eos/cms/store/mc/RunIISummer20UL16MiniAODv2/QCD_Pt_170to300_TuneCP5_13TeV_pythia8/MINIAODSIM/106X_mcRun2_asymptotic_v17-v1/280000/4D8C7385-B23C-2442-8589-F593FE7021AC.root
%MSG-w XrdAdaptorInternal:  file_open 11-Jun-2024 08:57:43 CEST PostProcessEvent
Failed to open file at URL root://eoscms.cern.ch:1094//eos/cms/store/mc/RunIISummer20UL16MiniAODv2/QCD_Pt_170to300_TuneCP5_13TeV_pythia8/MINIAODSIM/106X_mcRun2_asymptotic_v17-v1/280000/4D8C7385-B23C-2442-8589-F593FE7021AC.root.
%MSG
%MSG-w XrdAdaptorInternal:  file_open 11-Jun-2024 08:57:43 CEST PostProcessEvent
Failed to open file at URL root://eoscms.cern.ch:1094//eos/cms/store/mc/RunIISummer20UL16MiniAODv2/QCD_Pt_170to300_TuneCP5_13TeV_pythia8/MINIAODSIM/106X_mcRun2_asymptotic_v17-v1/280000/4D8C7385-B23C-2442-8589-F593FE7021AC.root?tried=.
%MSG
11-Jun-2024 08:57:43 CEST  Fallback request to file root://xrootd-cms.infn.it//store/mc/RunIISummer20UL16MiniAODv2/QCD_Pt_170to300_TuneCP5_13TeV_pythia8/MINIAODSIM/106X_mcRun2_asymptotic_v17-v1/280000/4D8C7385-B23C-2442-8589-F593FE7021AC.root
%MSG-w XrdAdaptor:  file_open 11-Jun-2024 08:57:57 CEST PostProcessEvent
Data is served from T2_US_Vanderbilt instead of original site T2_IT_Pisa
%MSG
11-Jun-2024 08:57:58 CEST  Successfully opened file root://xrootd-cms.infn.it//store/mc/RunIISummer20UL16MiniAODv2/QCD_Pt_170to300_TuneCP5_13TeV_pythia8/MINIAODSIM/106X_mcRun2_asymptotic_v17-v1/280000/4D8C7385-B23C-2442-8589-F593FE7021AC.root
Begin processing the 200001st record. Run 1, Event 22008006, LumiSection 22009 on stream 0 at 11-Jun-2024 08:58:11.563 CEST
11-Jun-2024 08:58:12 CEST  Closed file root://xrootd-cms.infn.it//store/mc/RunIISummer20UL16MiniAODv2/QCD_Pt_170to300_TuneCP5_13TeV_pythia8/MINIAODSIM/106X_mcRun2_asymptotic_v17-v1/280000/4D8C7385-B23C-2442-8589-F593FE7021AC.root
11-Jun-2024 08:58:12 CEST  Initiating request to open file root://eoscms.cern.ch//eos/cms/store/mc/RunIISummer20UL16MiniAODv2/QCD_Pt_170to300_TuneCP5_13TeV_pythia8/MINIAODSIM/106X_mcRun2_asymptotic_v17-v1/280000/B7740C36-2E77-8947-904D-3DCDFC698A05.root
%MSG-w XrdAdaptorInternal:  file_open 11-Jun-2024 08:58:13 CEST PostProcessEvent
Failed to open file at URL root://eoscms.cern.ch:1094//eos/cms/store/mc/RunIISummer20UL16MiniAODv2/QCD_Pt_170to300_TuneCP5_13TeV_pythia8/MINIAODSIM/106X_mcRun2_asymptotic_v17-v1/280000/B7740C36-2E77-8947-904D-3DCDFC698A05.root.
%MSG
%MSG-w XrdAdaptorInternal:  file_open 11-Jun-2024 08:58:13 CEST PostProcessEvent
Failed to open file at URL root://eoscms.cern.ch:1094//eos/cms/store/mc/RunIISummer20UL16MiniAODv2/QCD_Pt_170to300_TuneCP5_13TeV_pythia8/MINIAODSIM/106X_mcRun2_asymptotic_v17-v1/280000/B7740C36-2E77-8947-904D-3DCDFC698A05.root?tried=.
%MSG
11-Jun-2024 08:58:13 CEST  Fallback request to file root://xrootd-cms.infn.it//store/mc/RunIISummer20UL16MiniAODv2/QCD_Pt_170to300_TuneCP5_13TeV_pythia8/MINIAODSIM/106X_mcRun2_asymptotic_v17-v1/280000/B7740C36-2E77-8947-904D-3DCDFC698A05.root
%MSG-w XrdAdaptor:  file_open 11-Jun-2024 08:58:27 CEST PostProcessEvent
Data is served from T2_US_Vanderbilt instead of original site T2_IT_Pisa
%MSG
11-Jun-2024 08:58:28 CEST  Successfully opened file root://xrootd-cms.infn.it//store/mc/RunIISummer20UL16MiniAODv2/QCD_Pt_170to300_TuneCP5_13TeV_pythia8/MINIAODSIM/106X_mcRun2_asymptotic_v17-v1/280000/B7740C36-2E77-8947-904D-3DCDFC698A05.root
11-Jun-2024 08:58:32 CEST  Closed file root://xrootd-cms.infn.it//store/mc/RunIISummer20UL16MiniAODv2/QCD_Pt_170to300_TuneCP5_13TeV_pythia8/MINIAODSIM/106X_mcRun2_asymptotic_v17-v1/280000/B7740C36-2E77-8947-904D-3DCDFC698A05.root
11-Jun-2024 08:58:32 CEST  Initiating request to open file root://eoscms.cern.ch//eos/cms/store/mc/RunIISummer20UL16MiniAODv2/QCD_Pt_170to300_TuneCP5_13TeV_pythia8/MINIAODSIM/106X_mcRun2_asymptotic_v17-v1/70000/80528C65-7843-7748-B443-0B0242AA6C27.root
%MSG-w XrdAdaptorInternal:  file_open 11-Jun-2024 08:58:33 CEST PostProcessEvent
Failed to open file at URL root://eoscms.cern.ch:1094//eos/cms/store/mc/RunIISummer20UL16MiniAODv2/QCD_Pt_170to300_TuneCP5_13TeV_pythia8/MINIAODSIM/106X_mcRun2_asymptotic_v17-v1/70000/80528C65-7843-7748-B443-0B0242AA6C27.root.
%MSG
%MSG-w XrdAdaptorInternal:  file_open 11-Jun-2024 08:58:33 CEST PostProcessEvent
Failed to open file at URL root://eoscms.cern.ch:1094//eos/cms/store/mc/RunIISummer20UL16MiniAODv2/QCD_Pt_170to300_TuneCP5_13TeV_pythia8/MINIAODSIM/106X_mcRun2_asymptotic_v17-v1/70000/80528C65-7843-7748-B443-0B0242AA6C27.root?tried=.
%MSG
11-Jun-2024 08:58:33 CEST  Fallback request to file root://xrootd-cms.infn.it//store/mc/RunIISummer20UL16MiniAODv2/QCD_Pt_170to300_TuneCP5_13TeV_pythia8/MINIAODSIM/106X_mcRun2_asymptotic_v17-v1/70000/80528C65-7843-7748-B443-0B0242AA6C27.root
Unable to load sec.protocol plugin libXrdSecztn.so
%MSG-w XrdAdaptor:  file_open 11-Jun-2024 08:58:48 CEST PostProcessEvent
Data is served from fnal.gov instead of original site T2_IT_Pisa
%MSG
11-Jun-2024 08:58:49 CEST  Successfully opened file root://xrootd-cms.infn.it//store/mc/RunIISummer20UL16MiniAODv2/QCD_Pt_170to300_TuneCP5_13TeV_pythia8/MINIAODSIM/106X_mcRun2_asymptotic_v17-v1/70000/80528C65-7843-7748-B443-0B0242AA6C27.root
Unable to load sec.protocol plugin libXrdSecztn.so
Begin processing the 300001st record. Run 1, Event 272001, LumiSection 273 on stream 0 at 11-Jun-2024 08:58:58.424 CEST
11-Jun-2024 08:58:59 CEST  Closed file root://xrootd-cms.infn.it//store/mc/RunIISummer20UL16MiniAODv2/QCD_Pt_170to300_TuneCP5_13TeV_pythia8/MINIAODSIM/106X_mcRun2_asymptotic_v17-v1/70000/80528C65-7843-7748-B443-0B0242AA6C27.root
11-Jun-2024 08:58:59 CEST  Initiating request to open file root://eoscms.cern.ch//eos/cms/store/mc/RunIISummer20UL16MiniAODv2/QCD_Pt_170to300_TuneCP5_13TeV_pythia8/MINIAODSIM/106X_mcRun2_asymptotic_v17-v1/70000/DED89C41-8089-C24D-83AE-6FBE5E001E1F.root
%MSG-w XrdAdaptorInternal:  file_open 11-Jun-2024 08:59:00 CEST PostProcessEvent
Failed to open file at URL root://eoscms.cern.ch:1094//eos/cms/store/mc/RunIISummer20UL16MiniAODv2/QCD_Pt_170to300_TuneCP5_13TeV_pythia8/MINIAODSIM/106X_mcRun2_asymptotic_v17-v1/70000/DED89C41-8089-C24D-83AE-6FBE5E001E1F.root.
%MSG
%MSG-w XrdAdaptorInternal:  file_open 11-Jun-2024 08:59:00 CEST PostProcessEvent
Failed to open file at URL root://eoscms.cern.ch:1094//eos/cms/store/mc/RunIISummer20UL16MiniAODv2/QCD_Pt_170to300_TuneCP5_13TeV_pythia8/MINIAODSIM/106X_mcRun2_asymptotic_v17-v1/70000/DED89C41-8089-C24D-83AE-6FBE5E001E1F.root?tried=.
%MSG
11-Jun-2024 08:59:00 CEST  Fallback request to file root://xrootd-cms.infn.it//store/mc/RunIISummer20UL16MiniAODv2/QCD_Pt_170to300_TuneCP5_13TeV_pythia8/MINIAODSIM/106X_mcRun2_asymptotic_v17-v1/70000/DED89C41-8089-C24D-83AE-6FBE5E001E1F.root
%MSG-w XrdAdaptor:  file_open 11-Jun-2024 08:59:12 CEST PostProcessEvent
Data is served from fnal.gov instead of original site T2_IT_Pisa
%MSG
11-Jun-2024 08:59:13 CEST  Successfully opened file root://xrootd-cms.infn.it//store/mc/RunIISummer20UL16MiniAODv2/QCD_Pt_170to300_TuneCP5_13TeV_pythia8/MINIAODSIM/106X_mcRun2_asymptotic_v17-v1/70000/DED89C41-8089-C24D-83AE-6FBE5E001E1F.root
Unable to load sec.protocol plugin libXrdSecztn.so
Begin processing the 400001st record. Run 1, Event 644001, LumiSection 645 on stream 0 at 11-Jun-2024 08:59:22.570 CEST
11-Jun-2024 08:59:23 CEST  Closed file root://xrootd-cms.infn.it//store/mc/RunIISummer20UL16MiniAODv2/QCD_Pt_170to300_TuneCP5_13TeV_pythia8/MINIAODSIM/106X_mcRun2_asymptotic_v17-v1/70000/DED89C41-8089-C24D-83AE-6FBE5E001E1F.root
11-Jun-2024 08:59:23 CEST  Initiating request to open file root://eoscms.cern.ch//eos/cms/store/mc/RunIISummer20UL16MiniAODv2/QCD_Pt_170to300_TuneCP5_13TeV_pythia8/MINIAODSIM/106X_mcRun2_asymptotic_v17-v1/70000/57123409-EB09-8549-A427-8EA6D366B600.root
%MSG-w XrdAdaptorInternal:  file_open 11-Jun-2024 08:59:24 CEST PostProcessEvent
Failed to open file at URL root://eoscms.cern.ch:1094//eos/cms/store/mc/RunIISummer20UL16MiniAODv2/QCD_Pt_170to300_TuneCP5_13TeV_pythia8/MINIAODSIM/106X_mcRun2_asymptotic_v17-v1/70000/57123409-EB09-8549-A427-8EA6D366B600.root.
%MSG
%MSG-w XrdAdaptorInternal:  file_open 11-Jun-2024 08:59:24 CEST PostProcessEvent
Failed to open file at URL root://eoscms.cern.ch:1094//eos/cms/store/mc/RunIISummer20UL16MiniAODv2/QCD_Pt_170to300_TuneCP5_13TeV_pythia8/MINIAODSIM/106X_mcRun2_asymptotic_v17-v1/70000/57123409-EB09-8549-A427-8EA6D366B600.root?tried=.
%MSG
11-Jun-2024 08:59:24 CEST  Fallback request to file root://xrootd-cms.infn.it//store/mc/RunIISummer20UL16MiniAODv2/QCD_Pt_170to300_TuneCP5_13TeV_pythia8/MINIAODSIM/106X_mcRun2_asymptotic_v17-v1/70000/57123409-EB09-8549-A427-8EA6D366B600.root
%MSG-w XrdAdaptor:  file_open 11-Jun-2024 08:59:37 CEST PostProcessEvent
Data is served from fnal.gov instead of original site T2_IT_Pisa
%MSG
11-Jun-2024 08:59:37 CEST  Successfully opened file root://xrootd-cms.infn.it//store/mc/RunIISummer20UL16MiniAODv2/QCD_Pt_170to300_TuneCP5_13TeV_pythia8/MINIAODSIM/106X_mcRun2_asymptotic_v17-v1/70000/57123409-EB09-8549-A427-8EA6D366B600.root
Begin processing the 500001st record. Run 1, Event 296013, LumiSection 297 on stream 0 at 11-Jun-2024 08:59:46.365 CEST
11-Jun-2024 08:59:46 CEST  Closed file root://xrootd-cms.infn.it//store/mc/RunIISummer20UL16MiniAODv2/QCD_Pt_170to300_TuneCP5_13TeV_pythia8/MINIAODSIM/106X_mcRun2_asymptotic_v17-v1/70000/57123409-EB09-8549-A427-8EA6D366B600.root
11-Jun-2024 08:59:46 CEST  Initiating request to open file root://eoscms.cern.ch//eos/cms/store/mc/RunIISummer20UL16MiniAODv2/QCD_Pt_170to300_TuneCP5_13TeV_pythia8/MINIAODSIM/106X_mcRun2_asymptotic_v17-v1/70000/3D2543DE-659C-BC4C-81FC-A1E6018E27FE.root
%MSG-w XrdAdaptorInternal:  file_open 11-Jun-2024 08:59:47 CEST PostProcessEvent
Failed to open file at URL root://eoscms.cern.ch:1094//eos/cms/store/mc/RunIISummer20UL16MiniAODv2/QCD_Pt_170to300_TuneCP5_13TeV_pythia8/MINIAODSIM/106X_mcRun2_asymptotic_v17-v1/70000/3D2543DE-659C-BC4C-81FC-A1E6018E27FE.root.
%MSG
%MSG-w XrdAdaptorInternal:  file_open 11-Jun-2024 08:59:47 CEST PostProcessEvent
Failed to open file at URL root://eoscms.cern.ch:1094//eos/cms/store/mc/RunIISummer20UL16MiniAODv2/QCD_Pt_170to300_TuneCP5_13TeV_pythia8/MINIAODSIM/106X_mcRun2_asymptotic_v17-v1/70000/3D2543DE-659C-BC4C-81FC-A1E6018E27FE.root?tried=.
%MSG
11-Jun-2024 08:59:47 CEST  Fallback request to file root://xrootd-cms.infn.it//store/mc/RunIISummer20UL16MiniAODv2/QCD_Pt_170to300_TuneCP5_13TeV_pythia8/MINIAODSIM/106X_mcRun2_asymptotic_v17-v1/70000/3D2543DE-659C-BC4C-81FC-A1E6018E27FE.root
%MSG-w XrdAdaptor:  file_open 11-Jun-2024 09:00:00 CEST PostProcessEvent
Data is served from fnal.gov instead of original site T2_IT_Pisa
%MSG
11-Jun-2024 09:00:00 CEST  Successfully opened file root://xrootd-cms.infn.it//store/mc/RunIISummer20UL16MiniAODv2/QCD_Pt_170to300_TuneCP5_13TeV_pythia8/MINIAODSIM/106X_mcRun2_asymptotic_v17-v1/70000/3D2543DE-659C-BC4C-81FC-A1E6018E27FE.root
Begin processing the 600001st record. Run 1, Event 730006, LumiSection 731 on stream 0 at 11-Jun-2024 09:00:09.686 CEST
11-Jun-2024 09:00:09 CEST  Closed file root://xrootd-cms.infn.it//store/mc/RunIISummer20UL16MiniAODv2/QCD_Pt_170to300_TuneCP5_13TeV_pythia8/MINIAODSIM/106X_mcRun2_asymptotic_v17-v1/70000/3D2543DE-659C-BC4C-81FC-A1E6018E27FE.root
11-Jun-2024 09:00:09 CEST  Initiating request to open file root://eoscms.cern.ch//eos/cms/store/mc/RunIISummer20UL16MiniAODv2/QCD_Pt_170to300_TuneCP5_13TeV_pythia8/MINIAODSIM/106X_mcRun2_asymptotic_v17-v1/70000/171969F9-2DE9-8F4C-9294-7BEE906FD184.root
%MSG-w XrdAdaptorInternal:  file_open 11-Jun-2024 09:00:10 CEST PostProcessEvent
Failed to open file at URL root://eoscms.cern.ch:1094//eos/cms/store/mc/RunIISummer20UL16MiniAODv2/QCD_Pt_170to300_TuneCP5_13TeV_pythia8/MINIAODSIM/106X_mcRun2_asymptotic_v17-v1/70000/171969F9-2DE9-8F4C-9294-7BEE906FD184.root.
%MSG
%MSG-w XrdAdaptorInternal:  file_open 11-Jun-2024 09:00:10 CEST PostProcessEvent
Failed to open file at URL root://eoscms.cern.ch:1094//eos/cms/store/mc/RunIISummer20UL16MiniAODv2/QCD_Pt_170to300_TuneCP5_13TeV_pythia8/MINIAODSIM/106X_mcRun2_asymptotic_v17-v1/70000/171969F9-2DE9-8F4C-9294-7BEE906FD184.root?tried=.
%MSG
11-Jun-2024 09:00:10 CEST  Fallback request to file root://xrootd-cms.infn.it//store/mc/RunIISummer20UL16MiniAODv2/QCD_Pt_170to300_TuneCP5_13TeV_pythia8/MINIAODSIM/106X_mcRun2_asymptotic_v17-v1/70000/171969F9-2DE9-8F4C-9294-7BEE906FD184.root
%MSG-w XrdAdaptor:  file_open 11-Jun-2024 09:00:23 CEST PostProcessEvent
Data is served from fnal.gov instead of original site T2_IT_Pisa
%MSG
11-Jun-2024 09:00:23 CEST  Successfully opened file root://xrootd-cms.infn.it//store/mc/RunIISummer20UL16MiniAODv2/QCD_Pt_170to300_TuneCP5_13TeV_pythia8/MINIAODSIM/106X_mcRun2_asymptotic_v17-v1/70000/171969F9-2DE9-8F4C-9294-7BEE906FD184.root
11-Jun-2024 09:00:34 CEST  Closed file root://xrootd-cms.infn.it//store/mc/RunIISummer20UL16MiniAODv2/QCD_Pt_170to300_TuneCP5_13TeV_pythia8/MINIAODSIM/106X_mcRun2_asymptotic_v17-v1/70000/171969F9-2DE9-8F4C-9294-7BEE906FD184.root
11-Jun-2024 09:00:34 CEST  Initiating request to open file root://eoscms.cern.ch//eos/cms/store/mc/RunIISummer20UL16MiniAODv2/QCD_Pt_170to300_TuneCP5_13TeV_pythia8/MINIAODSIM/106X_mcRun2_asymptotic_v17-v1/70000/3B184D88-F3F2-FF49-AC3E-02779AA55548.root
%MSG-w XrdAdaptorInternal:  file_open 11-Jun-2024 09:00:35 CEST PostProcessEvent
Failed to open file at URL root://eoscms.cern.ch:1094//eos/cms/store/mc/RunIISummer20UL16MiniAODv2/QCD_Pt_170to300_TuneCP5_13TeV_pythia8/MINIAODSIM/106X_mcRun2_asymptotic_v17-v1/70000/3B184D88-F3F2-FF49-AC3E-02779AA55548.root.
%MSG
%MSG-w XrdAdaptorInternal:  file_open 11-Jun-2024 09:00:35 CEST PostProcessEvent
Failed to open file at URL root://eoscms.cern.ch:1094//eos/cms/store/mc/RunIISummer20UL16MiniAODv2/QCD_Pt_170to300_TuneCP5_13TeV_pythia8/MINIAODSIM/106X_mcRun2_asymptotic_v17-v1/70000/3B184D88-F3F2-FF49-AC3E-02779AA55548.root?tried=.
%MSG
11-Jun-2024 09:00:35 CEST  Fallback request to file root://xrootd-cms.infn.it//store/mc/RunIISummer20UL16MiniAODv2/QCD_Pt_170to300_TuneCP5_13TeV_pythia8/MINIAODSIM/106X_mcRun2_asymptotic_v17-v1/70000/3B184D88-F3F2-FF49-AC3E-02779AA55548.root
%MSG-w XrdAdaptor:  file_open 11-Jun-2024 09:00:47 CEST PostProcessEvent
Data is served from fnal.gov instead of original site T2_IT_Pisa
%MSG
11-Jun-2024 09:00:47 CEST  Successfully opened file root://xrootd-cms.infn.it//store/mc/RunIISummer20UL16MiniAODv2/QCD_Pt_170to300_TuneCP5_13TeV_pythia8/MINIAODSIM/106X_mcRun2_asymptotic_v17-v1/70000/3B184D88-F3F2-FF49-AC3E-02779AA55548.root
Begin processing the 700001st record. Run 1, Event 978011, LumiSection 979 on stream 0 at 11-Jun-2024 09:00:54.130 CEST
11-Jun-2024 09:00:57 CEST  Closed file root://xrootd-cms.infn.it//store/mc/RunIISummer20UL16MiniAODv2/QCD_Pt_170to300_TuneCP5_13TeV_pythia8/MINIAODSIM/106X_mcRun2_asymptotic_v17-v1/70000/3B184D88-F3F2-FF49-AC3E-02779AA55548.root
11-Jun-2024 09:00:57 CEST  Initiating request to open file root://eoscms.cern.ch//eos/cms/store/mc/RunIISummer20UL16MiniAODv2/QCD_Pt_170to300_TuneCP5_13TeV_pythia8/MINIAODSIM/106X_mcRun2_asymptotic_v17-v1/70000/B4A840DC-DE76-4642-9014-B1E99225A85D.root
%MSG-w XrdAdaptorInternal:  file_open 11-Jun-2024 09:00:58 CEST PostProcessEvent
Failed to open file at URL root://eoscms.cern.ch:1094//eos/cms/store/mc/RunIISummer20UL16MiniAODv2/QCD_Pt_170to300_TuneCP5_13TeV_pythia8/MINIAODSIM/106X_mcRun2_asymptotic_v17-v1/70000/B4A840DC-DE76-4642-9014-B1E99225A85D.root.
%MSG
%MSG-w XrdAdaptorInternal:  file_open 11-Jun-2024 09:00:58 CEST PostProcessEvent
Failed to open file at URL root://eoscms.cern.ch:1094//eos/cms/store/mc/RunIISummer20UL16MiniAODv2/QCD_Pt_170to300_TuneCP5_13TeV_pythia8/MINIAODSIM/106X_mcRun2_asymptotic_v17-v1/70000/B4A840DC-DE76-4642-9014-B1E99225A85D.root?tried=.
%MSG
11-Jun-2024 09:00:58 CEST  Fallback request to file root://xrootd-cms.infn.it//store/mc/RunIISummer20UL16MiniAODv2/QCD_Pt_170to300_TuneCP5_13TeV_pythia8/MINIAODSIM/106X_mcRun2_asymptotic_v17-v1/70000/B4A840DC-DE76-4642-9014-B1E99225A85D.root
%MSG-w XrdAdaptor:  file_open 11-Jun-2024 09:01:10 CEST PostProcessEvent
Data is served from fnal.gov instead of original site T2_IT_Pisa
%MSG
11-Jun-2024 09:01:10 CEST  Successfully opened file root://xrootd-cms.infn.it//store/mc/RunIISummer20UL16MiniAODv2/QCD_Pt_170to300_TuneCP5_13TeV_pythia8/MINIAODSIM/106X_mcRun2_asymptotic_v17-v1/70000/B4A840DC-DE76-4642-9014-B1E99225A85D.root
Begin processing the 800001st record. Run 1, Event 1248013, LumiSection 1249 on stream 0 at 11-Jun-2024 09:01:17.330 CEST
11-Jun-2024 09:01:20 CEST  Closed file root://xrootd-cms.infn.it//store/mc/RunIISummer20UL16MiniAODv2/QCD_Pt_170to300_TuneCP5_13TeV_pythia8/MINIAODSIM/106X_mcRun2_asymptotic_v17-v1/70000/B4A840DC-DE76-4642-9014-B1E99225A85D.root
11-Jun-2024 09:01:20 CEST  Initiating request to open file root://eoscms.cern.ch//eos/cms/store/mc/RunIISummer20UL16MiniAODv2/QCD_Pt_170to300_TuneCP5_13TeV_pythia8/MINIAODSIM/106X_mcRun2_asymptotic_v17-v1/70000/911F3B46-2247-AF4D-AE0F-3DEF4AA8BD38.root
%MSG-w XrdAdaptorInternal:  file_open 11-Jun-2024 09:01:21 CEST PostProcessEvent
Failed to open file at URL root://eoscms.cern.ch:1094//eos/cms/store/mc/RunIISummer20UL16MiniAODv2/QCD_Pt_170to300_TuneCP5_13TeV_pythia8/MINIAODSIM/106X_mcRun2_asymptotic_v17-v1/70000/911F3B46-2247-AF4D-AE0F-3DEF4AA8BD38.root.
%MSG
%MSG-w XrdAdaptorInternal:  file_open 11-Jun-2024 09:01:21 CEST PostProcessEvent
Failed to open file at URL root://eoscms.cern.ch:1094//eos/cms/store/mc/RunIISummer20UL16MiniAODv2/QCD_Pt_170to300_TuneCP5_13TeV_pythia8/MINIAODSIM/106X_mcRun2_asymptotic_v17-v1/70000/911F3B46-2247-AF4D-AE0F-3DEF4AA8BD38.root?tried=.
%MSG
11-Jun-2024 09:01:21 CEST  Fallback request to file root://xrootd-cms.infn.it//store/mc/RunIISummer20UL16MiniAODv2/QCD_Pt_170to300_TuneCP5_13TeV_pythia8/MINIAODSIM/106X_mcRun2_asymptotic_v17-v1/70000/911F3B46-2247-AF4D-AE0F-3DEF4AA8BD38.root
%MSG-w XrdAdaptor:  file_open 11-Jun-2024 09:01:33 CEST PostProcessEvent
Data is served from fnal.gov instead of original site T2_IT_Pisa
%MSG
11-Jun-2024 09:01:33 CEST  Successfully opened file root://xrootd-cms.infn.it//store/mc/RunIISummer20UL16MiniAODv2/QCD_Pt_170to300_TuneCP5_13TeV_pythia8/MINIAODSIM/106X_mcRun2_asymptotic_v17-v1/70000/911F3B46-2247-AF4D-AE0F-3DEF4AA8BD38.root
Begin processing the 900001st record. Run 1, Event 1530004, LumiSection 1531 on stream 0 at 11-Jun-2024 09:01:40.484 CEST
11-Jun-2024 09:01:42 CEST  Closed file root://xrootd-cms.infn.it//store/mc/RunIISummer20UL16MiniAODv2/QCD_Pt_170to300_TuneCP5_13TeV_pythia8/MINIAODSIM/106X_mcRun2_asymptotic_v17-v1/70000/911F3B46-2247-AF4D-AE0F-3DEF4AA8BD38.root
11-Jun-2024 09:01:42 CEST  Initiating request to open file root://eoscms.cern.ch//eos/cms/store/mc/RunIISummer20UL16MiniAODv2/QCD_Pt_170to300_TuneCP5_13TeV_pythia8/MINIAODSIM/106X_mcRun2_asymptotic_v17-v1/70000/455EBBE7-C8CB-354E-8494-CF29885A4CB2.root
%MSG-w XrdAdaptorInternal:  file_open 11-Jun-2024 09:01:43 CEST PostProcessEvent
Failed to open file at URL root://eoscms.cern.ch:1094//eos/cms/store/mc/RunIISummer20UL16MiniAODv2/QCD_Pt_170to300_TuneCP5_13TeV_pythia8/MINIAODSIM/106X_mcRun2_asymptotic_v17-v1/70000/455EBBE7-C8CB-354E-8494-CF29885A4CB2.root.
%MSG
%MSG-w XrdAdaptorInternal:  file_open 11-Jun-2024 09:01:43 CEST PostProcessEvent
Failed to open file at URL root://eoscms.cern.ch:1094//eos/cms/store/mc/RunIISummer20UL16MiniAODv2/QCD_Pt_170to300_TuneCP5_13TeV_pythia8/MINIAODSIM/106X_mcRun2_asymptotic_v17-v1/70000/455EBBE7-C8CB-354E-8494-CF29885A4CB2.root?tried=.
%MSG
11-Jun-2024 09:01:43 CEST  Fallback request to file root://xrootd-cms.infn.it//store/mc/RunIISummer20UL16MiniAODv2/QCD_Pt_170to300_TuneCP5_13TeV_pythia8/MINIAODSIM/106X_mcRun2_asymptotic_v17-v1/70000/455EBBE7-C8CB-354E-8494-CF29885A4CB2.root
%MSG-w XrdAdaptor:  file_open 11-Jun-2024 09:01:56 CEST PostProcessEvent
Data is served from fnal.gov instead of original site T2_IT_Pisa
%MSG
11-Jun-2024 09:01:56 CEST  Successfully opened file root://xrootd-cms.infn.it//store/mc/RunIISummer20UL16MiniAODv2/QCD_Pt_170to300_TuneCP5_13TeV_pythia8/MINIAODSIM/106X_mcRun2_asymptotic_v17-v1/70000/455EBBE7-C8CB-354E-8494-CF29885A4CB2.root
11-Jun-2024 09:02:04 CEST  Closed file root://xrootd-cms.infn.it//store/mc/RunIISummer20UL16MiniAODv2/QCD_Pt_170to300_TuneCP5_13TeV_pythia8/MINIAODSIM/106X_mcRun2_asymptotic_v17-v1/70000/455EBBE7-C8CB-354E-8494-CF29885A4CB2.root

------------------------------------
GenXsecAnalyzer:
------------------------------------
Before Filter: total cross section = 1.036e+05 +- 5.066e+01 pb
Filter efficiency (taking into account weights)= (1e+06) / (1e+06) = 1.000e+00 +- 0.000e+00
Filter efficiency (event-level)= (1e+06) / (1e+06) = 1.000e+00 +- 0.000e+00    [TO BE USED IN MCM]

After filter: final cross section = 1.036e+05 +- 5.066e+01 pb
After filter: final fraction of events with negative weights = 0.000e+00 +- 0.000e+00
After filter: final equivalent lumi for 1M events (1/fb) = 9.652e-03 +- 1.074e-05

=============================================

MessageLogger Summary

 type     category        sev    module        subroutine        count    total
 ---- -------------------- -- ---------------- ----------------  -----    -----
    1 GenXSecAnalyzer      -w GenXSecAnalyzer:                       7        7
    2 XrdAdaptor           -w file_open                             13       13
    3 XrdAdaptorInternal   -w file_open                             26       26
    4 fileAction           -s file_close                            13       13
    5 fileAction           -s file_open                             39       39

 type    category    Examples: run/evt        run/evt          run/evt
 ---- -------------------- ---------------- ---------------- ----------------
    1 GenXSecAnalyzer      PostGlobalEndRun PostGlobalEndRun PostGlobalEndRun
    2 XrdAdaptor           pre-events       PostProcessEvent PostProcessEvent
    3 XrdAdaptorInternal   pre-events       pre-events       PostProcessEvent
    4 fileAction           PostProcessEvent PostProcessEvent PostGlobalEndRun
    5 fileAction           pre-events       pre-events       PostProcessEvent

Severity    # Occurrences   Total Occurrences
--------    -------------   -----------------
Warning                46                  46
System                 52                  52

dropped waiting message count 0
