11-Jun-2024 08:38:14 CEST  Initiating request to open file root://eoscms.cern.ch//eos/cms/store/mc/RunIISummer20UL16MiniAODv2/QCD_HT100to200_TuneCP5_PSWeights_13TeV-madgraph-pythia8/MINIAODSIM/106X_mcRun2_asymptotic_v17-v1/260000/AD64A2DE-DCBB-B048-833A-AEEE01D9A8B3.root
%MSG-w XrdAdaptorInternal:  file_open 11-Jun-2024 08:38:15 CEST pre-events
Failed to open file at URL root://eoscms.cern.ch:1094//eos/cms/store/mc/RunIISummer20UL16MiniAODv2/QCD_HT100to200_TuneCP5_PSWeights_13TeV-madgraph-pythia8/MINIAODSIM/106X_mcRun2_asymptotic_v17-v1/260000/AD64A2DE-DCBB-B048-833A-AEEE01D9A8B3.root.
%MSG
%MSG-w XrdAdaptorInternal:  file_open 11-Jun-2024 08:38:15 CEST pre-events
Failed to open file at URL root://eoscms.cern.ch:1094//eos/cms/store/mc/RunIISummer20UL16MiniAODv2/QCD_HT100to200_TuneCP5_PSWeights_13TeV-madgraph-pythia8/MINIAODSIM/106X_mcRun2_asymptotic_v17-v1/260000/AD64A2DE-DCBB-B048-833A-AEEE01D9A8B3.root?tried=.
%MSG
11-Jun-2024 08:38:15 CEST  Fallback request to file root://xrootd-cms.infn.it//store/mc/RunIISummer20UL16MiniAODv2/QCD_HT100to200_TuneCP5_PSWeights_13TeV-madgraph-pythia8/MINIAODSIM/106X_mcRun2_asymptotic_v17-v1/260000/AD64A2DE-DCBB-B048-833A-AEEE01D9A8B3.root
%MSG-w XrdAdaptor:  file_open 11-Jun-2024 08:38:31 CEST pre-events
Data is served from T2_US_Wisconsin instead of original site infn.it
%MSG
11-Jun-2024 08:38:35 CEST  Successfully opened file root://xrootd-cms.infn.it//store/mc/RunIISummer20UL16MiniAODv2/QCD_HT100to200_TuneCP5_PSWeights_13TeV-madgraph-pythia8/MINIAODSIM/106X_mcRun2_asymptotic_v17-v1/260000/AD64A2DE-DCBB-B048-833A-AEEE01D9A8B3.root
Begin processing the 1st record. Run 1, Event 13386672, LumiSection 20101 on stream 0 at 11-Jun-2024 08:38:43.094 CEST
Begin processing the 100001st record. Run 1, Event 146284532, LumiSection 219647 on stream 0 at 11-Jun-2024 08:38:48.158 CEST
11-Jun-2024 08:38:48 CEST  Closed file root://xrootd-cms.infn.it//store/mc/RunIISummer20UL16MiniAODv2/QCD_HT100to200_TuneCP5_PSWeights_13TeV-madgraph-pythia8/MINIAODSIM/106X_mcRun2_asymptotic_v17-v1/260000/AD64A2DE-DCBB-B048-833A-AEEE01D9A8B3.root
11-Jun-2024 08:38:48 CEST  Initiating request to open file root://eoscms.cern.ch//eos/cms/store/mc/RunIISummer20UL16MiniAODv2/QCD_HT100to200_TuneCP5_PSWeights_13TeV-madgraph-pythia8/MINIAODSIM/106X_mcRun2_asymptotic_v17-v1/260000/67C82BD1-7ADD-4A46-A7B4-37545417D9BA.root
%MSG-w XrdAdaptorInternal:  file_open 11-Jun-2024 08:38:49 CEST PostProcessEvent
Failed to open file at URL root://eoscms.cern.ch:1094//eos/cms/store/mc/RunIISummer20UL16MiniAODv2/QCD_HT100to200_TuneCP5_PSWeights_13TeV-madgraph-pythia8/MINIAODSIM/106X_mcRun2_asymptotic_v17-v1/260000/67C82BD1-7ADD-4A46-A7B4-37545417D9BA.root.
%MSG
%MSG-w XrdAdaptorInternal:  file_open 11-Jun-2024 08:38:49 CEST PostProcessEvent
Failed to open file at URL root://eoscms.cern.ch:1094//eos/cms/store/mc/RunIISummer20UL16MiniAODv2/QCD_HT100to200_TuneCP5_PSWeights_13TeV-madgraph-pythia8/MINIAODSIM/106X_mcRun2_asymptotic_v17-v1/260000/67C82BD1-7ADD-4A46-A7B4-37545417D9BA.root?tried=.
%MSG
11-Jun-2024 08:38:49 CEST  Fallback request to file root://xrootd-cms.infn.it//store/mc/RunIISummer20UL16MiniAODv2/QCD_HT100to200_TuneCP5_PSWeights_13TeV-madgraph-pythia8/MINIAODSIM/106X_mcRun2_asymptotic_v17-v1/260000/67C82BD1-7ADD-4A46-A7B4-37545417D9BA.root
%MSG-w XrdAdaptor:  file_open 11-Jun-2024 08:39:02 CEST PostProcessEvent
Data is served from T2_US_Wisconsin instead of original site infn.it
%MSG
11-Jun-2024 08:39:03 CEST  Successfully opened file root://xrootd-cms.infn.it//store/mc/RunIISummer20UL16MiniAODv2/QCD_HT100to200_TuneCP5_PSWeights_13TeV-madgraph-pythia8/MINIAODSIM/106X_mcRun2_asymptotic_v17-v1/260000/67C82BD1-7ADD-4A46-A7B4-37545417D9BA.root
11-Jun-2024 08:39:15 CEST  Closed file root://xrootd-cms.infn.it//store/mc/RunIISummer20UL16MiniAODv2/QCD_HT100to200_TuneCP5_PSWeights_13TeV-madgraph-pythia8/MINIAODSIM/106X_mcRun2_asymptotic_v17-v1/260000/67C82BD1-7ADD-4A46-A7B4-37545417D9BA.root
11-Jun-2024 08:39:15 CEST  Initiating request to open file root://eoscms.cern.ch//eos/cms/store/mc/RunIISummer20UL16MiniAODv2/QCD_HT100to200_TuneCP5_PSWeights_13TeV-madgraph-pythia8/MINIAODSIM/106X_mcRun2_asymptotic_v17-v1/260000/A0A74FE3-2DDD-BA44-BBA2-2CC82F23F346.root
%MSG-w XrdAdaptorInternal:  file_open 11-Jun-2024 08:39:16 CEST PostProcessEvent
Failed to open file at URL root://eoscms.cern.ch:1094//eos/cms/store/mc/RunIISummer20UL16MiniAODv2/QCD_HT100to200_TuneCP5_PSWeights_13TeV-madgraph-pythia8/MINIAODSIM/106X_mcRun2_asymptotic_v17-v1/260000/A0A74FE3-2DDD-BA44-BBA2-2CC82F23F346.root.
%MSG
%MSG-w XrdAdaptorInternal:  file_open 11-Jun-2024 08:39:16 CEST PostProcessEvent
Failed to open file at URL root://eoscms.cern.ch:1094//eos/cms/store/mc/RunIISummer20UL16MiniAODv2/QCD_HT100to200_TuneCP5_PSWeights_13TeV-madgraph-pythia8/MINIAODSIM/106X_mcRun2_asymptotic_v17-v1/260000/A0A74FE3-2DDD-BA44-BBA2-2CC82F23F346.root?tried=.
%MSG
11-Jun-2024 08:39:16 CEST  Fallback request to file root://xrootd-cms.infn.it//store/mc/RunIISummer20UL16MiniAODv2/QCD_HT100to200_TuneCP5_PSWeights_13TeV-madgraph-pythia8/MINIAODSIM/106X_mcRun2_asymptotic_v17-v1/260000/A0A74FE3-2DDD-BA44-BBA2-2CC82F23F346.root
[2024-06-11 08:39:30.672132 +0200][Error  ][AsyncSock         ] [g34n06.hep.wisc.edu:1094 #0.0] Unable to connect: No route to host
[2024-06-11 08:39:30.672842 +0200][Error  ][PostMaster        ] [g34n06.hep.wisc.edu:1094 #0] elapsed = 2, pConnectionWindow = 31 seconds.
%MSG-w XrdAdaptor:  file_open 11-Jun-2024 08:39:32 CEST PostProcessEvent
Data is served from T2_US_Wisconsin instead of original site infn.it
%MSG
11-Jun-2024 08:39:33 CEST  Successfully opened file root://xrootd-cms.infn.it//store/mc/RunIISummer20UL16MiniAODv2/QCD_HT100to200_TuneCP5_PSWeights_13TeV-madgraph-pythia8/MINIAODSIM/106X_mcRun2_asymptotic_v17-v1/260000/A0A74FE3-2DDD-BA44-BBA2-2CC82F23F346.root
Begin processing the 200001st record. Run 1, Event 114459185, LumiSection 171861 on stream 0 at 11-Jun-2024 08:39:41.105 CEST
11-Jun-2024 08:39:44 CEST  Closed file root://xrootd-cms.infn.it//store/mc/RunIISummer20UL16MiniAODv2/QCD_HT100to200_TuneCP5_PSWeights_13TeV-madgraph-pythia8/MINIAODSIM/106X_mcRun2_asymptotic_v17-v1/260000/A0A74FE3-2DDD-BA44-BBA2-2CC82F23F346.root
11-Jun-2024 08:39:44 CEST  Initiating request to open file root://eoscms.cern.ch//eos/cms/store/mc/RunIISummer20UL16MiniAODv2/QCD_HT100to200_TuneCP5_PSWeights_13TeV-madgraph-pythia8/MINIAODSIM/106X_mcRun2_asymptotic_v17-v1/260000/3BC7D3B2-4415-B346-B8F0-CBEFF77E6783.root
%MSG-w XrdAdaptorInternal:  file_open 11-Jun-2024 08:39:45 CEST PostProcessEvent
Failed to open file at URL root://eoscms.cern.ch:1094//eos/cms/store/mc/RunIISummer20UL16MiniAODv2/QCD_HT100to200_TuneCP5_PSWeights_13TeV-madgraph-pythia8/MINIAODSIM/106X_mcRun2_asymptotic_v17-v1/260000/3BC7D3B2-4415-B346-B8F0-CBEFF77E6783.root.
%MSG
%MSG-w XrdAdaptorInternal:  file_open 11-Jun-2024 08:39:45 CEST PostProcessEvent
Failed to open file at URL root://eoscms.cern.ch:1094//eos/cms/store/mc/RunIISummer20UL16MiniAODv2/QCD_HT100to200_TuneCP5_PSWeights_13TeV-madgraph-pythia8/MINIAODSIM/106X_mcRun2_asymptotic_v17-v1/260000/3BC7D3B2-4415-B346-B8F0-CBEFF77E6783.root?tried=.
%MSG
11-Jun-2024 08:39:45 CEST  Fallback request to file root://xrootd-cms.infn.it//store/mc/RunIISummer20UL16MiniAODv2/QCD_HT100to200_TuneCP5_PSWeights_13TeV-madgraph-pythia8/MINIAODSIM/106X_mcRun2_asymptotic_v17-v1/260000/3BC7D3B2-4415-B346-B8F0-CBEFF77E6783.root
%MSG-w XrdAdaptor:  file_open 11-Jun-2024 08:39:59 CEST PostProcessEvent
Data is served from T2_US_Wisconsin instead of original site infn.it
%MSG
11-Jun-2024 08:40:00 CEST  Successfully opened file root://xrootd-cms.infn.it//store/mc/RunIISummer20UL16MiniAODv2/QCD_HT100to200_TuneCP5_PSWeights_13TeV-madgraph-pythia8/MINIAODSIM/106X_mcRun2_asymptotic_v17-v1/260000/3BC7D3B2-4415-B346-B8F0-CBEFF77E6783.root
Begin processing the 300001st record. Run 1, Event 92504035, LumiSection 138895 on stream 0 at 11-Jun-2024 08:40:08.874 CEST
11-Jun-2024 08:40:12 CEST  Closed file root://xrootd-cms.infn.it//store/mc/RunIISummer20UL16MiniAODv2/QCD_HT100to200_TuneCP5_PSWeights_13TeV-madgraph-pythia8/MINIAODSIM/106X_mcRun2_asymptotic_v17-v1/260000/3BC7D3B2-4415-B346-B8F0-CBEFF77E6783.root
11-Jun-2024 08:40:12 CEST  Initiating request to open file root://eoscms.cern.ch//eos/cms/store/mc/RunIISummer20UL16MiniAODv2/QCD_HT100to200_TuneCP5_PSWeights_13TeV-madgraph-pythia8/MINIAODSIM/106X_mcRun2_asymptotic_v17-v1/260000/FD88D8A4-526C-2C48-BC08-BC33849179F5.root
%MSG-w XrdAdaptorInternal:  file_open 11-Jun-2024 08:40:13 CEST PostProcessEvent
Failed to open file at URL root://eoscms.cern.ch:1094//eos/cms/store/mc/RunIISummer20UL16MiniAODv2/QCD_HT100to200_TuneCP5_PSWeights_13TeV-madgraph-pythia8/MINIAODSIM/106X_mcRun2_asymptotic_v17-v1/260000/FD88D8A4-526C-2C48-BC08-BC33849179F5.root.
%MSG
%MSG-w XrdAdaptorInternal:  file_open 11-Jun-2024 08:40:13 CEST PostProcessEvent
Failed to open file at URL root://eoscms.cern.ch:1094//eos/cms/store/mc/RunIISummer20UL16MiniAODv2/QCD_HT100to200_TuneCP5_PSWeights_13TeV-madgraph-pythia8/MINIAODSIM/106X_mcRun2_asymptotic_v17-v1/260000/FD88D8A4-526C-2C48-BC08-BC33849179F5.root?tried=.
%MSG
11-Jun-2024 08:40:13 CEST  Fallback request to file root://xrootd-cms.infn.it//store/mc/RunIISummer20UL16MiniAODv2/QCD_HT100to200_TuneCP5_PSWeights_13TeV-madgraph-pythia8/MINIAODSIM/106X_mcRun2_asymptotic_v17-v1/260000/FD88D8A4-526C-2C48-BC08-BC33849179F5.root
%MSG-w XrdAdaptor:  file_open 11-Jun-2024 08:40:25 CEST PostProcessEvent
Data is served from T2_US_Wisconsin instead of original site infn.it
%MSG
11-Jun-2024 08:40:26 CEST  Successfully opened file root://xrootd-cms.infn.it//store/mc/RunIISummer20UL16MiniAODv2/QCD_HT100to200_TuneCP5_PSWeights_13TeV-madgraph-pythia8/MINIAODSIM/106X_mcRun2_asymptotic_v17-v1/260000/FD88D8A4-526C-2C48-BC08-BC33849179F5.root
Begin processing the 400001st record. Run 1, Event 409540, LumiSection 615 on stream 0 at 11-Jun-2024 08:40:34.746 CEST
11-Jun-2024 08:40:38 CEST  Closed file root://xrootd-cms.infn.it//store/mc/RunIISummer20UL16MiniAODv2/QCD_HT100to200_TuneCP5_PSWeights_13TeV-madgraph-pythia8/MINIAODSIM/106X_mcRun2_asymptotic_v17-v1/260000/FD88D8A4-526C-2C48-BC08-BC33849179F5.root
11-Jun-2024 08:40:38 CEST  Initiating request to open file root://eoscms.cern.ch//eos/cms/store/mc/RunIISummer20UL16MiniAODv2/QCD_HT100to200_TuneCP5_PSWeights_13TeV-madgraph-pythia8/MINIAODSIM/106X_mcRun2_asymptotic_v17-v1/260000/79C40A56-22CD-8B4C-B5FA-550E47EDFABF.root
%MSG-w XrdAdaptorInternal:  file_open 11-Jun-2024 08:40:39 CEST PostProcessEvent
Failed to open file at URL root://eoscms.cern.ch:1094//eos/cms/store/mc/RunIISummer20UL16MiniAODv2/QCD_HT100to200_TuneCP5_PSWeights_13TeV-madgraph-pythia8/MINIAODSIM/106X_mcRun2_asymptotic_v17-v1/260000/79C40A56-22CD-8B4C-B5FA-550E47EDFABF.root.
%MSG
%MSG-w XrdAdaptorInternal:  file_open 11-Jun-2024 08:40:39 CEST PostProcessEvent
Failed to open file at URL root://eoscms.cern.ch:1094//eos/cms/store/mc/RunIISummer20UL16MiniAODv2/QCD_HT100to200_TuneCP5_PSWeights_13TeV-madgraph-pythia8/MINIAODSIM/106X_mcRun2_asymptotic_v17-v1/260000/79C40A56-22CD-8B4C-B5FA-550E47EDFABF.root?tried=.
%MSG
11-Jun-2024 08:40:39 CEST  Fallback request to file root://xrootd-cms.infn.it//store/mc/RunIISummer20UL16MiniAODv2/QCD_HT100to200_TuneCP5_PSWeights_13TeV-madgraph-pythia8/MINIAODSIM/106X_mcRun2_asymptotic_v17-v1/260000/79C40A56-22CD-8B4C-B5FA-550E47EDFABF.root
%MSG-w XrdAdaptor:  file_open 11-Jun-2024 08:40:51 CEST PostProcessEvent
Data is served from T2_US_Wisconsin instead of original site infn.it
%MSG
11-Jun-2024 08:40:52 CEST  Successfully opened file root://xrootd-cms.infn.it//store/mc/RunIISummer20UL16MiniAODv2/QCD_HT100to200_TuneCP5_PSWeights_13TeV-madgraph-pythia8/MINIAODSIM/106X_mcRun2_asymptotic_v17-v1/260000/79C40A56-22CD-8B4C-B5FA-550E47EDFABF.root
Begin processing the 500001st record. Run 1, Event 24550761, LumiSection 36864 on stream 0 at 11-Jun-2024 08:41:03.963 CEST
11-Jun-2024 08:41:07 CEST  Closed file root://xrootd-cms.infn.it//store/mc/RunIISummer20UL16MiniAODv2/QCD_HT100to200_TuneCP5_PSWeights_13TeV-madgraph-pythia8/MINIAODSIM/106X_mcRun2_asymptotic_v17-v1/260000/79C40A56-22CD-8B4C-B5FA-550E47EDFABF.root
11-Jun-2024 08:41:07 CEST  Initiating request to open file root://eoscms.cern.ch//eos/cms/store/mc/RunIISummer20UL16MiniAODv2/QCD_HT100to200_TuneCP5_PSWeights_13TeV-madgraph-pythia8/MINIAODSIM/106X_mcRun2_asymptotic_v17-v1/260000/16E8BDFD-3D61-C44F-AAD4-1577324BC3F3.root
%MSG-w XrdAdaptorInternal:  file_open 11-Jun-2024 08:41:08 CEST PostProcessEvent
Failed to open file at URL root://eoscms.cern.ch:1094//eos/cms/store/mc/RunIISummer20UL16MiniAODv2/QCD_HT100to200_TuneCP5_PSWeights_13TeV-madgraph-pythia8/MINIAODSIM/106X_mcRun2_asymptotic_v17-v1/260000/16E8BDFD-3D61-C44F-AAD4-1577324BC3F3.root.
%MSG
%MSG-w XrdAdaptorInternal:  file_open 11-Jun-2024 08:41:08 CEST PostProcessEvent
Failed to open file at URL root://eoscms.cern.ch:1094//eos/cms/store/mc/RunIISummer20UL16MiniAODv2/QCD_HT100to200_TuneCP5_PSWeights_13TeV-madgraph-pythia8/MINIAODSIM/106X_mcRun2_asymptotic_v17-v1/260000/16E8BDFD-3D61-C44F-AAD4-1577324BC3F3.root?tried=.
%MSG
11-Jun-2024 08:41:08 CEST  Fallback request to file root://xrootd-cms.infn.it//store/mc/RunIISummer20UL16MiniAODv2/QCD_HT100to200_TuneCP5_PSWeights_13TeV-madgraph-pythia8/MINIAODSIM/106X_mcRun2_asymptotic_v17-v1/260000/16E8BDFD-3D61-C44F-AAD4-1577324BC3F3.root
%MSG-w XrdAdaptor:  file_open 11-Jun-2024 08:41:20 CEST PostProcessEvent
Data is served from T2_US_Wisconsin instead of original site infn.it
%MSG
11-Jun-2024 08:41:21 CEST  Successfully opened file root://xrootd-cms.infn.it//store/mc/RunIISummer20UL16MiniAODv2/QCD_HT100to200_TuneCP5_PSWeights_13TeV-madgraph-pythia8/MINIAODSIM/106X_mcRun2_asymptotic_v17-v1/260000/16E8BDFD-3D61-C44F-AAD4-1577324BC3F3.root
Begin processing the 600001st record. Run 1, Event 143210139, LumiSection 215031 on stream 0 at 11-Jun-2024 08:41:30.170 CEST
11-Jun-2024 08:41:32 CEST  Closed file root://xrootd-cms.infn.it//store/mc/RunIISummer20UL16MiniAODv2/QCD_HT100to200_TuneCP5_PSWeights_13TeV-madgraph-pythia8/MINIAODSIM/106X_mcRun2_asymptotic_v17-v1/260000/16E8BDFD-3D61-C44F-AAD4-1577324BC3F3.root
11-Jun-2024 08:41:32 CEST  Initiating request to open file root://eoscms.cern.ch//eos/cms/store/mc/RunIISummer20UL16MiniAODv2/QCD_HT100to200_TuneCP5_PSWeights_13TeV-madgraph-pythia8/MINIAODSIM/106X_mcRun2_asymptotic_v17-v1/260000/F330A359-E14B-B94A-929D-E0C943C84C42.root
%MSG-w XrdAdaptorInternal:  file_open 11-Jun-2024 08:41:33 CEST PostProcessEvent
Failed to open file at URL root://eoscms.cern.ch:1094//eos/cms/store/mc/RunIISummer20UL16MiniAODv2/QCD_HT100to200_TuneCP5_PSWeights_13TeV-madgraph-pythia8/MINIAODSIM/106X_mcRun2_asymptotic_v17-v1/260000/F330A359-E14B-B94A-929D-E0C943C84C42.root.
%MSG
%MSG-w XrdAdaptorInternal:  file_open 11-Jun-2024 08:41:33 CEST PostProcessEvent
Failed to open file at URL root://eoscms.cern.ch:1094//eos/cms/store/mc/RunIISummer20UL16MiniAODv2/QCD_HT100to200_TuneCP5_PSWeights_13TeV-madgraph-pythia8/MINIAODSIM/106X_mcRun2_asymptotic_v17-v1/260000/F330A359-E14B-B94A-929D-E0C943C84C42.root?tried=.
%MSG
11-Jun-2024 08:41:33 CEST  Fallback request to file root://xrootd-cms.infn.it//store/mc/RunIISummer20UL16MiniAODv2/QCD_HT100to200_TuneCP5_PSWeights_13TeV-madgraph-pythia8/MINIAODSIM/106X_mcRun2_asymptotic_v17-v1/260000/F330A359-E14B-B94A-929D-E0C943C84C42.root
%MSG-w XrdAdaptor:  file_open 11-Jun-2024 08:41:46 CEST PostProcessEvent
Data is served from T2_US_Wisconsin instead of original site infn.it
%MSG
11-Jun-2024 08:41:47 CEST  Successfully opened file root://xrootd-cms.infn.it//store/mc/RunIISummer20UL16MiniAODv2/QCD_HT100to200_TuneCP5_PSWeights_13TeV-madgraph-pythia8/MINIAODSIM/106X_mcRun2_asymptotic_v17-v1/260000/F330A359-E14B-B94A-929D-E0C943C84C42.root
Begin processing the 700001st record. Run 1, Event 16564223, LumiSection 24872 on stream 0 at 11-Jun-2024 08:41:56.721 CEST
11-Jun-2024 08:41:59 CEST  Closed file root://xrootd-cms.infn.it//store/mc/RunIISummer20UL16MiniAODv2/QCD_HT100to200_TuneCP5_PSWeights_13TeV-madgraph-pythia8/MINIAODSIM/106X_mcRun2_asymptotic_v17-v1/260000/F330A359-E14B-B94A-929D-E0C943C84C42.root
11-Jun-2024 08:41:59 CEST  Initiating request to open file root://eoscms.cern.ch//eos/cms/store/mc/RunIISummer20UL16MiniAODv2/QCD_HT100to200_TuneCP5_PSWeights_13TeV-madgraph-pythia8/MINIAODSIM/106X_mcRun2_asymptotic_v17-v1/260000/D647A1A5-6C1C-5045-B0C8-3B86AF308E70.root
%MSG-w XrdAdaptorInternal:  file_open 11-Jun-2024 08:42:00 CEST PostProcessEvent
Failed to open file at URL root://eoscms.cern.ch:1094//eos/cms/store/mc/RunIISummer20UL16MiniAODv2/QCD_HT100to200_TuneCP5_PSWeights_13TeV-madgraph-pythia8/MINIAODSIM/106X_mcRun2_asymptotic_v17-v1/260000/D647A1A5-6C1C-5045-B0C8-3B86AF308E70.root.
%MSG
%MSG-w XrdAdaptorInternal:  file_open 11-Jun-2024 08:42:00 CEST PostProcessEvent
Failed to open file at URL root://eoscms.cern.ch:1094//eos/cms/store/mc/RunIISummer20UL16MiniAODv2/QCD_HT100to200_TuneCP5_PSWeights_13TeV-madgraph-pythia8/MINIAODSIM/106X_mcRun2_asymptotic_v17-v1/260000/D647A1A5-6C1C-5045-B0C8-3B86AF308E70.root?tried=.
%MSG
11-Jun-2024 08:42:00 CEST  Fallback request to file root://xrootd-cms.infn.it//store/mc/RunIISummer20UL16MiniAODv2/QCD_HT100to200_TuneCP5_PSWeights_13TeV-madgraph-pythia8/MINIAODSIM/106X_mcRun2_asymptotic_v17-v1/260000/D647A1A5-6C1C-5045-B0C8-3B86AF308E70.root
%MSG-w XrdAdaptor:  file_open 11-Jun-2024 08:42:13 CEST PostProcessEvent
Data is served from T2_US_Wisconsin instead of original site infn.it
%MSG
11-Jun-2024 08:42:14 CEST  Successfully opened file root://xrootd-cms.infn.it//store/mc/RunIISummer20UL16MiniAODv2/QCD_HT100to200_TuneCP5_PSWeights_13TeV-madgraph-pythia8/MINIAODSIM/106X_mcRun2_asymptotic_v17-v1/260000/D647A1A5-6C1C-5045-B0C8-3B86AF308E70.root
Begin processing the 800001st record. Run 1, Event 13572198, LumiSection 20379 on stream 0 at 11-Jun-2024 08:42:24.100 CEST
11-Jun-2024 08:42:25 CEST  Closed file root://xrootd-cms.infn.it//store/mc/RunIISummer20UL16MiniAODv2/QCD_HT100to200_TuneCP5_PSWeights_13TeV-madgraph-pythia8/MINIAODSIM/106X_mcRun2_asymptotic_v17-v1/260000/D647A1A5-6C1C-5045-B0C8-3B86AF308E70.root
11-Jun-2024 08:42:25 CEST  Initiating request to open file root://eoscms.cern.ch//eos/cms/store/mc/RunIISummer20UL16MiniAODv2/QCD_HT100to200_TuneCP5_PSWeights_13TeV-madgraph-pythia8/MINIAODSIM/106X_mcRun2_asymptotic_v17-v1/260000/FF87937E-B8F8-2342-BA71-6676562A918E.root
%MSG-w XrdAdaptorInternal:  file_open 11-Jun-2024 08:42:26 CEST PostProcessEvent
Failed to open file at URL root://eoscms.cern.ch:1094//eos/cms/store/mc/RunIISummer20UL16MiniAODv2/QCD_HT100to200_TuneCP5_PSWeights_13TeV-madgraph-pythia8/MINIAODSIM/106X_mcRun2_asymptotic_v17-v1/260000/FF87937E-B8F8-2342-BA71-6676562A918E.root.
%MSG
%MSG-w XrdAdaptorInternal:  file_open 11-Jun-2024 08:42:26 CEST PostProcessEvent
Failed to open file at URL root://eoscms.cern.ch:1094//eos/cms/store/mc/RunIISummer20UL16MiniAODv2/QCD_HT100to200_TuneCP5_PSWeights_13TeV-madgraph-pythia8/MINIAODSIM/106X_mcRun2_asymptotic_v17-v1/260000/FF87937E-B8F8-2342-BA71-6676562A918E.root?tried=.
%MSG
11-Jun-2024 08:42:26 CEST  Fallback request to file root://xrootd-cms.infn.it//store/mc/RunIISummer20UL16MiniAODv2/QCD_HT100to200_TuneCP5_PSWeights_13TeV-madgraph-pythia8/MINIAODSIM/106X_mcRun2_asymptotic_v17-v1/260000/FF87937E-B8F8-2342-BA71-6676562A918E.root
%MSG-w XrdAdaptor:  file_open 11-Jun-2024 08:42:39 CEST PostProcessEvent
Data is served from T2_US_Wisconsin instead of original site infn.it
%MSG
11-Jun-2024 08:42:40 CEST  Successfully opened file root://xrootd-cms.infn.it//store/mc/RunIISummer20UL16MiniAODv2/QCD_HT100to200_TuneCP5_PSWeights_13TeV-madgraph-pythia8/MINIAODSIM/106X_mcRun2_asymptotic_v17-v1/260000/FF87937E-B8F8-2342-BA71-6676562A918E.root
Begin processing the 900001st record. Run 1, Event 19068647, LumiSection 28632 on stream 0 at 11-Jun-2024 08:42:50.708 CEST
11-Jun-2024 08:42:51 CEST  Closed file root://xrootd-cms.infn.it//store/mc/RunIISummer20UL16MiniAODv2/QCD_HT100to200_TuneCP5_PSWeights_13TeV-madgraph-pythia8/MINIAODSIM/106X_mcRun2_asymptotic_v17-v1/260000/FF87937E-B8F8-2342-BA71-6676562A918E.root
11-Jun-2024 08:42:51 CEST  Initiating request to open file root://eoscms.cern.ch//eos/cms/store/mc/RunIISummer20UL16MiniAODv2/QCD_HT100to200_TuneCP5_PSWeights_13TeV-madgraph-pythia8/MINIAODSIM/106X_mcRun2_asymptotic_v17-v1/260000/6C11C7A3-29EF-234D-AE35-AA3798EF234A.root
%MSG-w XrdAdaptorInternal:  file_open 11-Jun-2024 08:42:52 CEST PostProcessEvent
Failed to open file at URL root://eoscms.cern.ch:1094//eos/cms/store/mc/RunIISummer20UL16MiniAODv2/QCD_HT100to200_TuneCP5_PSWeights_13TeV-madgraph-pythia8/MINIAODSIM/106X_mcRun2_asymptotic_v17-v1/260000/6C11C7A3-29EF-234D-AE35-AA3798EF234A.root.
%MSG
%MSG-w XrdAdaptorInternal:  file_open 11-Jun-2024 08:42:52 CEST PostProcessEvent
Failed to open file at URL root://eoscms.cern.ch:1094//eos/cms/store/mc/RunIISummer20UL16MiniAODv2/QCD_HT100to200_TuneCP5_PSWeights_13TeV-madgraph-pythia8/MINIAODSIM/106X_mcRun2_asymptotic_v17-v1/260000/6C11C7A3-29EF-234D-AE35-AA3798EF234A.root?tried=.
%MSG
11-Jun-2024 08:42:52 CEST  Fallback request to file root://xrootd-cms.infn.it//store/mc/RunIISummer20UL16MiniAODv2/QCD_HT100to200_TuneCP5_PSWeights_13TeV-madgraph-pythia8/MINIAODSIM/106X_mcRun2_asymptotic_v17-v1/260000/6C11C7A3-29EF-234D-AE35-AA3798EF234A.root
%MSG-w XrdAdaptor:  file_open 11-Jun-2024 08:43:05 CEST PostProcessEvent
Data is served from T2_US_Wisconsin instead of original site infn.it
%MSG
11-Jun-2024 08:43:06 CEST  Successfully opened file root://xrootd-cms.infn.it//store/mc/RunIISummer20UL16MiniAODv2/QCD_HT100to200_TuneCP5_PSWeights_13TeV-madgraph-pythia8/MINIAODSIM/106X_mcRun2_asymptotic_v17-v1/260000/6C11C7A3-29EF-234D-AE35-AA3798EF234A.root
56589090.000000 289422.200000  14720.180000             1
17567390.000000 133991.100000  14720.180000             0
72898100.000000 285993.400000  14720.180000             2
 
11-Jun-2024 08:43:16 CEST  Closed file root://xrootd-cms.infn.it//store/mc/RunIISummer20UL16MiniAODv2/QCD_HT100to200_TuneCP5_PSWeights_13TeV-madgraph-pythia8/MINIAODSIM/106X_mcRun2_asymptotic_v17-v1/260000/6C11C7A3-29EF-234D-AE35-AA3798EF234A.root

------------------------------------
GenXsecAnalyzer:
------------------------------------
-------------------------------------------------------------------------------------------------------------------------------------------------------------------------- 
Overall cross-section summary 
--------------------------------------------------------------------------------------------------------------------------------------------------------------------------
Process		xsec_before [pb]		passed	nposw	nnegw	tried	nposw	nnegw 	xsec_match [pb]			accepted [%]	 event_eff [%]
0		1.739e+07 +/- 4.022e+03		160351	160351	0	741021	741021	0	3.764e+06 +/- 8.366e+03		21.6 +/- 0.0	21.6 +/- 0.0
1		5.629e+07 +/- 9.137e+03		361588	361588	0	2388370	2388370	0	8.523e+06 +/- 1.313e+04		15.1 +/- 0.0	15.1 +/- 0.0
2		7.281e+07 +/- 8.397e+03		478066	478066	0	3065741	3065741	0	1.135e+07 +/- 1.514e+04		15.6 +/- 0.0	15.6 +/- 0.0
-------------------------------------------------------------------------------------------------------------------------------------------------------------------------- 
Total		1.465e+08 +/- 1.304e+04		1000005	1000005	0	6195132	6195132	0	2.365e+07 +/- 2.176e+04		16.1 +/- 0.0	16.1 +/- 0.0
--------------------------------------------------------------------------------------------------------------------------------------------------------------------------
Before matching: total cross section = 1.465e+08 +- 1.304e+04 pb
After matching: total cross section = 2.365e+07 +- 2.176e+04 pb
Matching efficiency = 0.2 +/- 0.0   [TO BE USED IN MCM]
Filter efficiency (taking into account weights)= (1e+06) / (1e+06) = 1.000e+00 +- 0.000e+00
Filter efficiency (event-level)= (1e+06) / (1e+06) = 1.000e+00 +- 0.000e+00    [TO BE USED IN MCM]

After filter: final cross section = 2.365e+07 +- 2.176e+04 pb
After filter: final fraction of events with negative weights = 0.000e+00 +- 0.000e+00
After filter: final equivalent lumi for 1M events (1/fb) = 4.229e-05 +- 5.747e-08

=============================================

MessageLogger Summary

 type     category        sev    module        subroutine        count    total
 ---- -------------------- -- ---------------- ----------------  -----    -----
    1 GenXSecAnalyzer      -w GenXSecAnalyzer:                      17       17
    2 XrdAdaptor           -w file_open                             11       11
    3 XrdAdaptorInternal   -w file_open                             22       22
    4 fileAction           -s file_close                            11       11
    5 fileAction           -s file_open                             33       33

 type    category    Examples: run/evt        run/evt          run/evt
 ---- -------------------- ---------------- ---------------- ----------------
    1 GenXSecAnalyzer      PostGlobalEndRun PostGlobalEndRun PostGlobalEndRun
    2 XrdAdaptor           pre-events       PostProcessEvent PostProcessEvent
    3 XrdAdaptorInternal   pre-events       pre-events       PostProcessEvent
    4 fileAction           PostProcessEvent PostProcessEvent PostGlobalEndRun
    5 fileAction           pre-events       pre-events       PostProcessEvent

Severity    # Occurrences   Total Occurrences
--------    -------------   -----------------
Warning                50                  50
System                 44                  44

dropped waiting message count 0
