11-Jun-2024 09:13:24 CEST  Initiating request to open file root://eoscms.cern.ch//eos/cms/store/mc/RunIISummer20UL16MiniAODv2/QCD_HT1000to1500_TuneCP5_PSWeights_13TeV-madgraph-pythia8/MINIAODSIM/106X_mcRun2_asymptotic_v17-v1/270000/685768AD-0D30-8141-857E-3EDE52709B21.root
%MSG-w XrdAdaptorInternal:  file_open 11-Jun-2024 09:13:25 CEST pre-events
Failed to open file at URL root://eoscms.cern.ch:1094//eos/cms/store/mc/RunIISummer20UL16MiniAODv2/QCD_HT1000to1500_TuneCP5_PSWeights_13TeV-madgraph-pythia8/MINIAODSIM/106X_mcRun2_asymptotic_v17-v1/270000/685768AD-0D30-8141-857E-3EDE52709B21.root.
%MSG
%MSG-w XrdAdaptorInternal:  file_open 11-Jun-2024 09:13:25 CEST pre-events
Failed to open file at URL root://eoscms.cern.ch:1094//eos/cms/store/mc/RunIISummer20UL16MiniAODv2/QCD_HT1000to1500_TuneCP5_PSWeights_13TeV-madgraph-pythia8/MINIAODSIM/106X_mcRun2_asymptotic_v17-v1/270000/685768AD-0D30-8141-857E-3EDE52709B21.root?tried=.
%MSG
11-Jun-2024 09:13:25 CEST  Fallback request to file root://xrootd-cms.infn.it//store/mc/RunIISummer20UL16MiniAODv2/QCD_HT1000to1500_TuneCP5_PSWeights_13TeV-madgraph-pythia8/MINIAODSIM/106X_mcRun2_asymptotic_v17-v1/270000/685768AD-0D30-8141-857E-3EDE52709B21.root
%MSG-w XrdAdaptor:  file_open 11-Jun-2024 09:13:41 CEST pre-events
Data is served from T2_US_Wisconsin instead of original site infn.it
%MSG
11-Jun-2024 09:13:45 CEST  Successfully opened file root://xrootd-cms.infn.it//store/mc/RunIISummer20UL16MiniAODv2/QCD_HT1000to1500_TuneCP5_PSWeights_13TeV-madgraph-pythia8/MINIAODSIM/106X_mcRun2_asymptotic_v17-v1/270000/685768AD-0D30-8141-857E-3EDE52709B21.root
Begin processing the 1st record. Run 1, Event 6032256, LumiSection 711 on stream 0 at 11-Jun-2024 09:13:53.574 CEST
11-Jun-2024 09:13:54 CEST  Closed file root://xrootd-cms.infn.it//store/mc/RunIISummer20UL16MiniAODv2/QCD_HT1000to1500_TuneCP5_PSWeights_13TeV-madgraph-pythia8/MINIAODSIM/106X_mcRun2_asymptotic_v17-v1/270000/685768AD-0D30-8141-857E-3EDE52709B21.root
11-Jun-2024 09:13:54 CEST  Initiating request to open file root://eoscms.cern.ch//eos/cms/store/mc/RunIISummer20UL16MiniAODv2/QCD_HT1000to1500_TuneCP5_PSWeights_13TeV-madgraph-pythia8/MINIAODSIM/106X_mcRun2_asymptotic_v17-v1/260000/99CCC4D8-3732-4A43-8D48-1CBA16C78CA2.root
%MSG-w XrdAdaptorInternal:  file_open 11-Jun-2024 09:13:55 CEST PostProcessEvent
Failed to open file at URL root://eoscms.cern.ch:1094//eos/cms/store/mc/RunIISummer20UL16MiniAODv2/QCD_HT1000to1500_TuneCP5_PSWeights_13TeV-madgraph-pythia8/MINIAODSIM/106X_mcRun2_asymptotic_v17-v1/260000/99CCC4D8-3732-4A43-8D48-1CBA16C78CA2.root.
%MSG
%MSG-w XrdAdaptorInternal:  file_open 11-Jun-2024 09:13:55 CEST PostProcessEvent
Failed to open file at URL root://eoscms.cern.ch:1094//eos/cms/store/mc/RunIISummer20UL16MiniAODv2/QCD_HT1000to1500_TuneCP5_PSWeights_13TeV-madgraph-pythia8/MINIAODSIM/106X_mcRun2_asymptotic_v17-v1/260000/99CCC4D8-3732-4A43-8D48-1CBA16C78CA2.root?tried=.
%MSG
11-Jun-2024 09:13:55 CEST  Fallback request to file root://xrootd-cms.infn.it//store/mc/RunIISummer20UL16MiniAODv2/QCD_HT1000to1500_TuneCP5_PSWeights_13TeV-madgraph-pythia8/MINIAODSIM/106X_mcRun2_asymptotic_v17-v1/260000/99CCC4D8-3732-4A43-8D48-1CBA16C78CA2.root
Unable to load sec.protocol plugin libXrdSecztn.so
%MSG-w XrdAdaptor:  file_open 11-Jun-2024 09:14:10 CEST PostProcessEvent
Data is served from fnal.gov instead of original site infn.it
%MSG
11-Jun-2024 09:14:11 CEST  Successfully opened file root://xrootd-cms.infn.it//store/mc/RunIISummer20UL16MiniAODv2/QCD_HT1000to1500_TuneCP5_PSWeights_13TeV-madgraph-pythia8/MINIAODSIM/106X_mcRun2_asymptotic_v17-v1/260000/99CCC4D8-3732-4A43-8D48-1CBA16C78CA2.root
Unable to load sec.protocol plugin libXrdSecztn.so
11-Jun-2024 09:14:18 CEST  Closed file root://xrootd-cms.infn.it//store/mc/RunIISummer20UL16MiniAODv2/QCD_HT1000to1500_TuneCP5_PSWeights_13TeV-madgraph-pythia8/MINIAODSIM/106X_mcRun2_asymptotic_v17-v1/260000/99CCC4D8-3732-4A43-8D48-1CBA16C78CA2.root
11-Jun-2024 09:14:18 CEST  Initiating request to open file root://eoscms.cern.ch//eos/cms/store/mc/RunIISummer20UL16MiniAODv2/QCD_HT1000to1500_TuneCP5_PSWeights_13TeV-madgraph-pythia8/MINIAODSIM/106X_mcRun2_asymptotic_v17-v1/260000/EBC585B3-6BB9-2644-8476-5A0D6C63243F.root
%MSG-w XrdAdaptorInternal:  file_open 11-Jun-2024 09:14:19 CEST PostProcessEvent
Failed to open file at URL root://eoscms.cern.ch:1094//eos/cms/store/mc/RunIISummer20UL16MiniAODv2/QCD_HT1000to1500_TuneCP5_PSWeights_13TeV-madgraph-pythia8/MINIAODSIM/106X_mcRun2_asymptotic_v17-v1/260000/EBC585B3-6BB9-2644-8476-5A0D6C63243F.root.
%MSG
%MSG-w XrdAdaptorInternal:  file_open 11-Jun-2024 09:14:19 CEST PostProcessEvent
Failed to open file at URL root://eoscms.cern.ch:1094//eos/cms/store/mc/RunIISummer20UL16MiniAODv2/QCD_HT1000to1500_TuneCP5_PSWeights_13TeV-madgraph-pythia8/MINIAODSIM/106X_mcRun2_asymptotic_v17-v1/260000/EBC585B3-6BB9-2644-8476-5A0D6C63243F.root?tried=.
%MSG
11-Jun-2024 09:14:19 CEST  Fallback request to file root://xrootd-cms.infn.it//store/mc/RunIISummer20UL16MiniAODv2/QCD_HT1000to1500_TuneCP5_PSWeights_13TeV-madgraph-pythia8/MINIAODSIM/106X_mcRun2_asymptotic_v17-v1/260000/EBC585B3-6BB9-2644-8476-5A0D6C63243F.root
%MSG-w XrdAdaptor:  file_open 11-Jun-2024 09:14:32 CEST PostProcessEvent
Data is served from fnal.gov instead of original site infn.it
%MSG
11-Jun-2024 09:14:33 CEST  Successfully opened file root://xrootd-cms.infn.it//store/mc/RunIISummer20UL16MiniAODv2/QCD_HT1000to1500_TuneCP5_PSWeights_13TeV-madgraph-pythia8/MINIAODSIM/106X_mcRun2_asymptotic_v17-v1/260000/EBC585B3-6BB9-2644-8476-5A0D6C63243F.root
Unable to load sec.protocol plugin libXrdSecztn.so
Begin processing the 100001st record. Run 1, Event 31061046, LumiSection 3656 on stream 0 at 11-Jun-2024 09:14:41.015 CEST
11-Jun-2024 09:14:41 CEST  Closed file root://xrootd-cms.infn.it//store/mc/RunIISummer20UL16MiniAODv2/QCD_HT1000to1500_TuneCP5_PSWeights_13TeV-madgraph-pythia8/MINIAODSIM/106X_mcRun2_asymptotic_v17-v1/260000/EBC585B3-6BB9-2644-8476-5A0D6C63243F.root
11-Jun-2024 09:14:41 CEST  Initiating request to open file root://eoscms.cern.ch//eos/cms/store/mc/RunIISummer20UL16MiniAODv2/QCD_HT1000to1500_TuneCP5_PSWeights_13TeV-madgraph-pythia8/MINIAODSIM/106X_mcRun2_asymptotic_v17-v1/260000/2C922311-AA5C-404D-87EF-36FBE0769579.root
%MSG-w XrdAdaptorInternal:  file_open 11-Jun-2024 09:14:42 CEST PostProcessEvent
Failed to open file at URL root://eoscms.cern.ch:1094//eos/cms/store/mc/RunIISummer20UL16MiniAODv2/QCD_HT1000to1500_TuneCP5_PSWeights_13TeV-madgraph-pythia8/MINIAODSIM/106X_mcRun2_asymptotic_v17-v1/260000/2C922311-AA5C-404D-87EF-36FBE0769579.root.
%MSG
%MSG-w XrdAdaptorInternal:  file_open 11-Jun-2024 09:14:42 CEST PostProcessEvent
Failed to open file at URL root://eoscms.cern.ch:1094//eos/cms/store/mc/RunIISummer20UL16MiniAODv2/QCD_HT1000to1500_TuneCP5_PSWeights_13TeV-madgraph-pythia8/MINIAODSIM/106X_mcRun2_asymptotic_v17-v1/260000/2C922311-AA5C-404D-87EF-36FBE0769579.root?tried=.
%MSG
11-Jun-2024 09:14:42 CEST  Fallback request to file root://xrootd-cms.infn.it//store/mc/RunIISummer20UL16MiniAODv2/QCD_HT1000to1500_TuneCP5_PSWeights_13TeV-madgraph-pythia8/MINIAODSIM/106X_mcRun2_asymptotic_v17-v1/260000/2C922311-AA5C-404D-87EF-36FBE0769579.root
%MSG-w XrdAdaptor:  file_open 11-Jun-2024 09:14:55 CEST PostProcessEvent
Data is served from fnal.gov instead of original site infn.it
%MSG
11-Jun-2024 09:14:56 CEST  Successfully opened file root://xrootd-cms.infn.it//store/mc/RunIISummer20UL16MiniAODv2/QCD_HT1000to1500_TuneCP5_PSWeights_13TeV-madgraph-pythia8/MINIAODSIM/106X_mcRun2_asymptotic_v17-v1/260000/2C922311-AA5C-404D-87EF-36FBE0769579.root
11-Jun-2024 09:15:03 CEST  Closed file root://xrootd-cms.infn.it//store/mc/RunIISummer20UL16MiniAODv2/QCD_HT1000to1500_TuneCP5_PSWeights_13TeV-madgraph-pythia8/MINIAODSIM/106X_mcRun2_asymptotic_v17-v1/260000/2C922311-AA5C-404D-87EF-36FBE0769579.root
11-Jun-2024 09:15:03 CEST  Initiating request to open file root://eoscms.cern.ch//eos/cms/store/mc/RunIISummer20UL16MiniAODv2/QCD_HT1000to1500_TuneCP5_PSWeights_13TeV-madgraph-pythia8/MINIAODSIM/106X_mcRun2_asymptotic_v17-v1/260000/B4401C8A-5725-E147-9A6B-E7E8E3D5C16E.root
%MSG-w XrdAdaptorInternal:  file_open 11-Jun-2024 09:15:04 CEST PostProcessEvent
Failed to open file at URL root://eoscms.cern.ch:1094//eos/cms/store/mc/RunIISummer20UL16MiniAODv2/QCD_HT1000to1500_TuneCP5_PSWeights_13TeV-madgraph-pythia8/MINIAODSIM/106X_mcRun2_asymptotic_v17-v1/260000/B4401C8A-5725-E147-9A6B-E7E8E3D5C16E.root.
%MSG
%MSG-w XrdAdaptorInternal:  file_open 11-Jun-2024 09:15:04 CEST PostProcessEvent
Failed to open file at URL root://eoscms.cern.ch:1094//eos/cms/store/mc/RunIISummer20UL16MiniAODv2/QCD_HT1000to1500_TuneCP5_PSWeights_13TeV-madgraph-pythia8/MINIAODSIM/106X_mcRun2_asymptotic_v17-v1/260000/B4401C8A-5725-E147-9A6B-E7E8E3D5C16E.root?tried=.
%MSG
11-Jun-2024 09:15:04 CEST  Fallback request to file root://xrootd-cms.infn.it//store/mc/RunIISummer20UL16MiniAODv2/QCD_HT1000to1500_TuneCP5_PSWeights_13TeV-madgraph-pythia8/MINIAODSIM/106X_mcRun2_asymptotic_v17-v1/260000/B4401C8A-5725-E147-9A6B-E7E8E3D5C16E.root
%MSG-w XrdAdaptor:  file_open 11-Jun-2024 09:15:17 CEST PostProcessEvent
Data is served from fnal.gov instead of original site infn.it
%MSG
11-Jun-2024 09:15:18 CEST  Successfully opened file root://xrootd-cms.infn.it//store/mc/RunIISummer20UL16MiniAODv2/QCD_HT1000to1500_TuneCP5_PSWeights_13TeV-madgraph-pythia8/MINIAODSIM/106X_mcRun2_asymptotic_v17-v1/260000/B4401C8A-5725-E147-9A6B-E7E8E3D5C16E.root
Begin processing the 200001st record. Run 1, Event 53339254, LumiSection 6279 on stream 0 at 11-Jun-2024 09:15:24.002 CEST
11-Jun-2024 09:15:24 CEST  Closed file root://xrootd-cms.infn.it//store/mc/RunIISummer20UL16MiniAODv2/QCD_HT1000to1500_TuneCP5_PSWeights_13TeV-madgraph-pythia8/MINIAODSIM/106X_mcRun2_asymptotic_v17-v1/260000/B4401C8A-5725-E147-9A6B-E7E8E3D5C16E.root
11-Jun-2024 09:15:24 CEST  Initiating request to open file root://eoscms.cern.ch//eos/cms/store/mc/RunIISummer20UL16MiniAODv2/QCD_HT1000to1500_TuneCP5_PSWeights_13TeV-madgraph-pythia8/MINIAODSIM/106X_mcRun2_asymptotic_v17-v1/260000/C055AA9D-CD97-1342-98A4-A4C422C85AFC.root
%MSG-w XrdAdaptorInternal:  file_open 11-Jun-2024 09:15:25 CEST PostProcessEvent
Failed to open file at URL root://eoscms.cern.ch:1094//eos/cms/store/mc/RunIISummer20UL16MiniAODv2/QCD_HT1000to1500_TuneCP5_PSWeights_13TeV-madgraph-pythia8/MINIAODSIM/106X_mcRun2_asymptotic_v17-v1/260000/C055AA9D-CD97-1342-98A4-A4C422C85AFC.root.
%MSG
%MSG-w XrdAdaptorInternal:  file_open 11-Jun-2024 09:15:25 CEST PostProcessEvent
Failed to open file at URL root://eoscms.cern.ch:1094//eos/cms/store/mc/RunIISummer20UL16MiniAODv2/QCD_HT1000to1500_TuneCP5_PSWeights_13TeV-madgraph-pythia8/MINIAODSIM/106X_mcRun2_asymptotic_v17-v1/260000/C055AA9D-CD97-1342-98A4-A4C422C85AFC.root?tried=.
%MSG
11-Jun-2024 09:15:25 CEST  Fallback request to file root://xrootd-cms.infn.it//store/mc/RunIISummer20UL16MiniAODv2/QCD_HT1000to1500_TuneCP5_PSWeights_13TeV-madgraph-pythia8/MINIAODSIM/106X_mcRun2_asymptotic_v17-v1/260000/C055AA9D-CD97-1342-98A4-A4C422C85AFC.root
%MSG-w XrdAdaptor:  file_open 11-Jun-2024 09:15:38 CEST PostProcessEvent
Data is served from fnal.gov instead of original site infn.it
%MSG
11-Jun-2024 09:15:39 CEST  Successfully opened file root://xrootd-cms.infn.it//store/mc/RunIISummer20UL16MiniAODv2/QCD_HT1000to1500_TuneCP5_PSWeights_13TeV-madgraph-pythia8/MINIAODSIM/106X_mcRun2_asymptotic_v17-v1/260000/C055AA9D-CD97-1342-98A4-A4C422C85AFC.root
11-Jun-2024 09:15:47 CEST  Closed file root://xrootd-cms.infn.it//store/mc/RunIISummer20UL16MiniAODv2/QCD_HT1000to1500_TuneCP5_PSWeights_13TeV-madgraph-pythia8/MINIAODSIM/106X_mcRun2_asymptotic_v17-v1/260000/C055AA9D-CD97-1342-98A4-A4C422C85AFC.root
11-Jun-2024 09:15:47 CEST  Initiating request to open file root://eoscms.cern.ch//eos/cms/store/mc/RunIISummer20UL16MiniAODv2/QCD_HT1000to1500_TuneCP5_PSWeights_13TeV-madgraph-pythia8/MINIAODSIM/106X_mcRun2_asymptotic_v17-v1/260000/A1E7CB58-DE94-9E46-AB9A-28DF76508113.root
%MSG-w XrdAdaptorInternal:  file_open 11-Jun-2024 09:15:48 CEST PostProcessEvent
Failed to open file at URL root://eoscms.cern.ch:1094//eos/cms/store/mc/RunIISummer20UL16MiniAODv2/QCD_HT1000to1500_TuneCP5_PSWeights_13TeV-madgraph-pythia8/MINIAODSIM/106X_mcRun2_asymptotic_v17-v1/260000/A1E7CB58-DE94-9E46-AB9A-28DF76508113.root.
%MSG
%MSG-w XrdAdaptorInternal:  file_open 11-Jun-2024 09:15:48 CEST PostProcessEvent
Failed to open file at URL root://eoscms.cern.ch:1094//eos/cms/store/mc/RunIISummer20UL16MiniAODv2/QCD_HT1000to1500_TuneCP5_PSWeights_13TeV-madgraph-pythia8/MINIAODSIM/106X_mcRun2_asymptotic_v17-v1/260000/A1E7CB58-DE94-9E46-AB9A-28DF76508113.root?tried=.
%MSG
11-Jun-2024 09:15:48 CEST  Fallback request to file root://xrootd-cms.infn.it//store/mc/RunIISummer20UL16MiniAODv2/QCD_HT1000to1500_TuneCP5_PSWeights_13TeV-madgraph-pythia8/MINIAODSIM/106X_mcRun2_asymptotic_v17-v1/260000/A1E7CB58-DE94-9E46-AB9A-28DF76508113.root
%MSG-w XrdAdaptor:  file_open 11-Jun-2024 09:16:01 CEST PostProcessEvent
Data is served from fnal.gov instead of original site infn.it
%MSG
11-Jun-2024 09:16:02 CEST  Successfully opened file root://xrootd-cms.infn.it//store/mc/RunIISummer20UL16MiniAODv2/QCD_HT1000to1500_TuneCP5_PSWeights_13TeV-madgraph-pythia8/MINIAODSIM/106X_mcRun2_asymptotic_v17-v1/260000/A1E7CB58-DE94-9E46-AB9A-28DF76508113.root
11-Jun-2024 09:16:13 CEST  Closed file root://xrootd-cms.infn.it//store/mc/RunIISummer20UL16MiniAODv2/QCD_HT1000to1500_TuneCP5_PSWeights_13TeV-madgraph-pythia8/MINIAODSIM/106X_mcRun2_asymptotic_v17-v1/260000/A1E7CB58-DE94-9E46-AB9A-28DF76508113.root
11-Jun-2024 09:16:13 CEST  Initiating request to open file root://eoscms.cern.ch//eos/cms/store/mc/RunIISummer20UL16MiniAODv2/QCD_HT1000to1500_TuneCP5_PSWeights_13TeV-madgraph-pythia8/MINIAODSIM/106X_mcRun2_asymptotic_v17-v1/260000/8117FE41-2F6E-A84C-98C0-0DF58D9BD0BE.root
%MSG-w XrdAdaptorInternal:  file_open 11-Jun-2024 09:16:14 CEST PostProcessEvent
Failed to open file at URL root://eoscms.cern.ch:1094//eos/cms/store/mc/RunIISummer20UL16MiniAODv2/QCD_HT1000to1500_TuneCP5_PSWeights_13TeV-madgraph-pythia8/MINIAODSIM/106X_mcRun2_asymptotic_v17-v1/260000/8117FE41-2F6E-A84C-98C0-0DF58D9BD0BE.root.
%MSG
%MSG-w XrdAdaptorInternal:  file_open 11-Jun-2024 09:16:14 CEST PostProcessEvent
Failed to open file at URL root://eoscms.cern.ch:1094//eos/cms/store/mc/RunIISummer20UL16MiniAODv2/QCD_HT1000to1500_TuneCP5_PSWeights_13TeV-madgraph-pythia8/MINIAODSIM/106X_mcRun2_asymptotic_v17-v1/260000/8117FE41-2F6E-A84C-98C0-0DF58D9BD0BE.root?tried=.
%MSG
11-Jun-2024 09:16:14 CEST  Fallback request to file root://xrootd-cms.infn.it//store/mc/RunIISummer20UL16MiniAODv2/QCD_HT1000to1500_TuneCP5_PSWeights_13TeV-madgraph-pythia8/MINIAODSIM/106X_mcRun2_asymptotic_v17-v1/260000/8117FE41-2F6E-A84C-98C0-0DF58D9BD0BE.root
%MSG-w XrdAdaptor:  file_open 11-Jun-2024 09:16:27 CEST PostProcessEvent
Data is served from fnal.gov instead of original site infn.it
%MSG
11-Jun-2024 09:16:28 CEST  Successfully opened file root://xrootd-cms.infn.it//store/mc/RunIISummer20UL16MiniAODv2/QCD_HT1000to1500_TuneCP5_PSWeights_13TeV-madgraph-pythia8/MINIAODSIM/106X_mcRun2_asymptotic_v17-v1/260000/8117FE41-2F6E-A84C-98C0-0DF58D9BD0BE.root
Begin processing the 300001st record. Run 1, Event 40302604, LumiSection 4744 on stream 0 at 11-Jun-2024 09:16:34.523 CEST
11-Jun-2024 09:16:35 CEST  Closed file root://xrootd-cms.infn.it//store/mc/RunIISummer20UL16MiniAODv2/QCD_HT1000to1500_TuneCP5_PSWeights_13TeV-madgraph-pythia8/MINIAODSIM/106X_mcRun2_asymptotic_v17-v1/260000/8117FE41-2F6E-A84C-98C0-0DF58D9BD0BE.root
11-Jun-2024 09:16:35 CEST  Initiating request to open file root://eoscms.cern.ch//eos/cms/store/mc/RunIISummer20UL16MiniAODv2/QCD_HT1000to1500_TuneCP5_PSWeights_13TeV-madgraph-pythia8/MINIAODSIM/106X_mcRun2_asymptotic_v17-v1/260000/71A494BB-7C36-254C-B06A-D48401FCB1BD.root
%MSG-w XrdAdaptorInternal:  file_open 11-Jun-2024 09:16:36 CEST PostProcessEvent
Failed to open file at URL root://eoscms.cern.ch:1094//eos/cms/store/mc/RunIISummer20UL16MiniAODv2/QCD_HT1000to1500_TuneCP5_PSWeights_13TeV-madgraph-pythia8/MINIAODSIM/106X_mcRun2_asymptotic_v17-v1/260000/71A494BB-7C36-254C-B06A-D48401FCB1BD.root.
%MSG
%MSG-w XrdAdaptorInternal:  file_open 11-Jun-2024 09:16:36 CEST PostProcessEvent
Failed to open file at URL root://eoscms.cern.ch:1094//eos/cms/store/mc/RunIISummer20UL16MiniAODv2/QCD_HT1000to1500_TuneCP5_PSWeights_13TeV-madgraph-pythia8/MINIAODSIM/106X_mcRun2_asymptotic_v17-v1/260000/71A494BB-7C36-254C-B06A-D48401FCB1BD.root?tried=.
%MSG
11-Jun-2024 09:16:36 CEST  Fallback request to file root://xrootd-cms.infn.it//store/mc/RunIISummer20UL16MiniAODv2/QCD_HT1000to1500_TuneCP5_PSWeights_13TeV-madgraph-pythia8/MINIAODSIM/106X_mcRun2_asymptotic_v17-v1/260000/71A494BB-7C36-254C-B06A-D48401FCB1BD.root
%MSG-w XrdAdaptor:  file_open 11-Jun-2024 09:16:49 CEST PostProcessEvent
Data is served from fnal.gov instead of original site infn.it
%MSG
11-Jun-2024 09:16:50 CEST  Successfully opened file root://xrootd-cms.infn.it//store/mc/RunIISummer20UL16MiniAODv2/QCD_HT1000to1500_TuneCP5_PSWeights_13TeV-madgraph-pythia8/MINIAODSIM/106X_mcRun2_asymptotic_v17-v1/260000/71A494BB-7C36-254C-B06A-D48401FCB1BD.root
11-Jun-2024 09:16:58 CEST  Closed file root://xrootd-cms.infn.it//store/mc/RunIISummer20UL16MiniAODv2/QCD_HT1000to1500_TuneCP5_PSWeights_13TeV-madgraph-pythia8/MINIAODSIM/106X_mcRun2_asymptotic_v17-v1/260000/71A494BB-7C36-254C-B06A-D48401FCB1BD.root
11-Jun-2024 09:16:58 CEST  Initiating request to open file root://eoscms.cern.ch//eos/cms/store/mc/RunIISummer20UL16MiniAODv2/QCD_HT1000to1500_TuneCP5_PSWeights_13TeV-madgraph-pythia8/MINIAODSIM/106X_mcRun2_asymptotic_v17-v1/260000/116F6EF8-2C43-8C40-9B6A-97F4C3FC440A.root
%MSG-w XrdAdaptorInternal:  file_open 11-Jun-2024 09:16:59 CEST PostProcessEvent
Failed to open file at URL root://eoscms.cern.ch:1094//eos/cms/store/mc/RunIISummer20UL16MiniAODv2/QCD_HT1000to1500_TuneCP5_PSWeights_13TeV-madgraph-pythia8/MINIAODSIM/106X_mcRun2_asymptotic_v17-v1/260000/116F6EF8-2C43-8C40-9B6A-97F4C3FC440A.root.
%MSG
%MSG-w XrdAdaptorInternal:  file_open 11-Jun-2024 09:16:59 CEST PostProcessEvent
Failed to open file at URL root://eoscms.cern.ch:1094//eos/cms/store/mc/RunIISummer20UL16MiniAODv2/QCD_HT1000to1500_TuneCP5_PSWeights_13TeV-madgraph-pythia8/MINIAODSIM/106X_mcRun2_asymptotic_v17-v1/260000/116F6EF8-2C43-8C40-9B6A-97F4C3FC440A.root?tried=.
%MSG
11-Jun-2024 09:16:59 CEST  Fallback request to file root://xrootd-cms.infn.it//store/mc/RunIISummer20UL16MiniAODv2/QCD_HT1000to1500_TuneCP5_PSWeights_13TeV-madgraph-pythia8/MINIAODSIM/106X_mcRun2_asymptotic_v17-v1/260000/116F6EF8-2C43-8C40-9B6A-97F4C3FC440A.root
%MSG-w XrdAdaptor:  file_open 11-Jun-2024 09:17:12 CEST PostProcessEvent
Data is served from fnal.gov instead of original site infn.it
%MSG
11-Jun-2024 09:17:13 CEST  Successfully opened file root://xrootd-cms.infn.it//store/mc/RunIISummer20UL16MiniAODv2/QCD_HT1000to1500_TuneCP5_PSWeights_13TeV-madgraph-pythia8/MINIAODSIM/106X_mcRun2_asymptotic_v17-v1/260000/116F6EF8-2C43-8C40-9B6A-97F4C3FC440A.root
Begin processing the 400001st record. Run 1, Event 53324004, LumiSection 6277 on stream 0 at 11-Jun-2024 09:17:19.858 CEST
11-Jun-2024 09:17:21 CEST  Closed file root://xrootd-cms.infn.it//store/mc/RunIISummer20UL16MiniAODv2/QCD_HT1000to1500_TuneCP5_PSWeights_13TeV-madgraph-pythia8/MINIAODSIM/106X_mcRun2_asymptotic_v17-v1/260000/116F6EF8-2C43-8C40-9B6A-97F4C3FC440A.root
11-Jun-2024 09:17:21 CEST  Initiating request to open file root://eoscms.cern.ch//eos/cms/store/mc/RunIISummer20UL16MiniAODv2/QCD_HT1000to1500_TuneCP5_PSWeights_13TeV-madgraph-pythia8/MINIAODSIM/106X_mcRun2_asymptotic_v17-v1/260000/FF8316D8-8E11-8C48-8B5C-310712108003.root
%MSG-w XrdAdaptorInternal:  file_open 11-Jun-2024 09:17:22 CEST PostProcessEvent
Failed to open file at URL root://eoscms.cern.ch:1094//eos/cms/store/mc/RunIISummer20UL16MiniAODv2/QCD_HT1000to1500_TuneCP5_PSWeights_13TeV-madgraph-pythia8/MINIAODSIM/106X_mcRun2_asymptotic_v17-v1/260000/FF8316D8-8E11-8C48-8B5C-310712108003.root.
%MSG
%MSG-w XrdAdaptorInternal:  file_open 11-Jun-2024 09:17:22 CEST PostProcessEvent
Failed to open file at URL root://eoscms.cern.ch:1094//eos/cms/store/mc/RunIISummer20UL16MiniAODv2/QCD_HT1000to1500_TuneCP5_PSWeights_13TeV-madgraph-pythia8/MINIAODSIM/106X_mcRun2_asymptotic_v17-v1/260000/FF8316D8-8E11-8C48-8B5C-310712108003.root?tried=.
%MSG
11-Jun-2024 09:17:22 CEST  Fallback request to file root://xrootd-cms.infn.it//store/mc/RunIISummer20UL16MiniAODv2/QCD_HT1000to1500_TuneCP5_PSWeights_13TeV-madgraph-pythia8/MINIAODSIM/106X_mcRun2_asymptotic_v17-v1/260000/FF8316D8-8E11-8C48-8B5C-310712108003.root
%MSG-w XrdAdaptor:  file_open 11-Jun-2024 09:17:34 CEST PostProcessEvent
Data is served from fnal.gov instead of original site infn.it
%MSG
11-Jun-2024 09:17:35 CEST  Successfully opened file root://xrootd-cms.infn.it//store/mc/RunIISummer20UL16MiniAODv2/QCD_HT1000to1500_TuneCP5_PSWeights_13TeV-madgraph-pythia8/MINIAODSIM/106X_mcRun2_asymptotic_v17-v1/260000/FF8316D8-8E11-8C48-8B5C-310712108003.root
11-Jun-2024 09:17:41 CEST  Closed file root://xrootd-cms.infn.it//store/mc/RunIISummer20UL16MiniAODv2/QCD_HT1000to1500_TuneCP5_PSWeights_13TeV-madgraph-pythia8/MINIAODSIM/106X_mcRun2_asymptotic_v17-v1/260000/FF8316D8-8E11-8C48-8B5C-310712108003.root
11-Jun-2024 09:17:41 CEST  Initiating request to open file root://eoscms.cern.ch//eos/cms/store/mc/RunIISummer20UL16MiniAODv2/QCD_HT1000to1500_TuneCP5_PSWeights_13TeV-madgraph-pythia8/MINIAODSIM/106X_mcRun2_asymptotic_v17-v1/260000/4A2EDCE8-34FE-5347-B475-3F6366C4D98D.root
%MSG-w XrdAdaptorInternal:  file_open 11-Jun-2024 09:17:42 CEST PostProcessEvent
Failed to open file at URL root://eoscms.cern.ch:1094//eos/cms/store/mc/RunIISummer20UL16MiniAODv2/QCD_HT1000to1500_TuneCP5_PSWeights_13TeV-madgraph-pythia8/MINIAODSIM/106X_mcRun2_asymptotic_v17-v1/260000/4A2EDCE8-34FE-5347-B475-3F6366C4D98D.root.
%MSG
%MSG-w XrdAdaptorInternal:  file_open 11-Jun-2024 09:17:42 CEST PostProcessEvent
Failed to open file at URL root://eoscms.cern.ch:1094//eos/cms/store/mc/RunIISummer20UL16MiniAODv2/QCD_HT1000to1500_TuneCP5_PSWeights_13TeV-madgraph-pythia8/MINIAODSIM/106X_mcRun2_asymptotic_v17-v1/260000/4A2EDCE8-34FE-5347-B475-3F6366C4D98D.root?tried=.
%MSG
11-Jun-2024 09:17:42 CEST  Fallback request to file root://xrootd-cms.infn.it//store/mc/RunIISummer20UL16MiniAODv2/QCD_HT1000to1500_TuneCP5_PSWeights_13TeV-madgraph-pythia8/MINIAODSIM/106X_mcRun2_asymptotic_v17-v1/260000/4A2EDCE8-34FE-5347-B475-3F6366C4D98D.root
%MSG-w XrdAdaptor:  file_open 11-Jun-2024 09:17:55 CEST PostProcessEvent
Data is served from fnal.gov instead of original site infn.it
%MSG
11-Jun-2024 09:17:55 CEST  Successfully opened file root://xrootd-cms.infn.it//store/mc/RunIISummer20UL16MiniAODv2/QCD_HT1000to1500_TuneCP5_PSWeights_13TeV-madgraph-pythia8/MINIAODSIM/106X_mcRun2_asymptotic_v17-v1/260000/4A2EDCE8-34FE-5347-B475-3F6366C4D98D.root
Begin processing the 500001st record. Run 1, Event 14172536, LumiSection 1669 on stream 0 at 11-Jun-2024 09:18:01.732 CEST
11-Jun-2024 09:18:02 CEST  Closed file root://xrootd-cms.infn.it//store/mc/RunIISummer20UL16MiniAODv2/QCD_HT1000to1500_TuneCP5_PSWeights_13TeV-madgraph-pythia8/MINIAODSIM/106X_mcRun2_asymptotic_v17-v1/260000/4A2EDCE8-34FE-5347-B475-3F6366C4D98D.root
11-Jun-2024 09:18:02 CEST  Initiating request to open file root://eoscms.cern.ch//eos/cms/store/mc/RunIISummer20UL16MiniAODv2/QCD_HT1000to1500_TuneCP5_PSWeights_13TeV-madgraph-pythia8/MINIAODSIM/106X_mcRun2_asymptotic_v17-v1/260000/F0EF2857-CE39-E24B-87F7-8A2C9A083277.root
%MSG-w XrdAdaptorInternal:  file_open 11-Jun-2024 09:18:03 CEST PostProcessEvent
Failed to open file at URL root://eoscms.cern.ch:1094//eos/cms/store/mc/RunIISummer20UL16MiniAODv2/QCD_HT1000to1500_TuneCP5_PSWeights_13TeV-madgraph-pythia8/MINIAODSIM/106X_mcRun2_asymptotic_v17-v1/260000/F0EF2857-CE39-E24B-87F7-8A2C9A083277.root.
%MSG
%MSG-w XrdAdaptorInternal:  file_open 11-Jun-2024 09:18:03 CEST PostProcessEvent
Failed to open file at URL root://eoscms.cern.ch:1094//eos/cms/store/mc/RunIISummer20UL16MiniAODv2/QCD_HT1000to1500_TuneCP5_PSWeights_13TeV-madgraph-pythia8/MINIAODSIM/106X_mcRun2_asymptotic_v17-v1/260000/F0EF2857-CE39-E24B-87F7-8A2C9A083277.root?tried=.
%MSG
11-Jun-2024 09:18:03 CEST  Fallback request to file root://xrootd-cms.infn.it//store/mc/RunIISummer20UL16MiniAODv2/QCD_HT1000to1500_TuneCP5_PSWeights_13TeV-madgraph-pythia8/MINIAODSIM/106X_mcRun2_asymptotic_v17-v1/260000/F0EF2857-CE39-E24B-87F7-8A2C9A083277.root
%MSG-w XrdAdaptor:  file_open 11-Jun-2024 09:18:16 CEST PostProcessEvent
Data is served from fnal.gov instead of original site infn.it
%MSG
11-Jun-2024 09:18:17 CEST  Successfully opened file root://xrootd-cms.infn.it//store/mc/RunIISummer20UL16MiniAODv2/QCD_HT1000to1500_TuneCP5_PSWeights_13TeV-madgraph-pythia8/MINIAODSIM/106X_mcRun2_asymptotic_v17-v1/260000/F0EF2857-CE39-E24B-87F7-8A2C9A083277.root
11-Jun-2024 09:18:25 CEST  Closed file root://xrootd-cms.infn.it//store/mc/RunIISummer20UL16MiniAODv2/QCD_HT1000to1500_TuneCP5_PSWeights_13TeV-madgraph-pythia8/MINIAODSIM/106X_mcRun2_asymptotic_v17-v1/260000/F0EF2857-CE39-E24B-87F7-8A2C9A083277.root
11-Jun-2024 09:18:25 CEST  Initiating request to open file root://eoscms.cern.ch//eos/cms/store/mc/RunIISummer20UL16MiniAODv2/QCD_HT1000to1500_TuneCP5_PSWeights_13TeV-madgraph-pythia8/MINIAODSIM/106X_mcRun2_asymptotic_v17-v1/260000/34DC13D4-C26E-0547-AB0E-09A8B546AE63.root
%MSG-w XrdAdaptorInternal:  file_open 11-Jun-2024 09:18:26 CEST PostProcessEvent
Failed to open file at URL root://eoscms.cern.ch:1094//eos/cms/store/mc/RunIISummer20UL16MiniAODv2/QCD_HT1000to1500_TuneCP5_PSWeights_13TeV-madgraph-pythia8/MINIAODSIM/106X_mcRun2_asymptotic_v17-v1/260000/34DC13D4-C26E-0547-AB0E-09A8B546AE63.root.
%MSG
%MSG-w XrdAdaptorInternal:  file_open 11-Jun-2024 09:18:26 CEST PostProcessEvent
Failed to open file at URL root://eoscms.cern.ch:1094//eos/cms/store/mc/RunIISummer20UL16MiniAODv2/QCD_HT1000to1500_TuneCP5_PSWeights_13TeV-madgraph-pythia8/MINIAODSIM/106X_mcRun2_asymptotic_v17-v1/260000/34DC13D4-C26E-0547-AB0E-09A8B546AE63.root?tried=.
%MSG
11-Jun-2024 09:18:26 CEST  Fallback request to file root://xrootd-cms.infn.it//store/mc/RunIISummer20UL16MiniAODv2/QCD_HT1000to1500_TuneCP5_PSWeights_13TeV-madgraph-pythia8/MINIAODSIM/106X_mcRun2_asymptotic_v17-v1/260000/34DC13D4-C26E-0547-AB0E-09A8B546AE63.root
%MSG-w XrdAdaptor:  file_open 11-Jun-2024 09:18:39 CEST PostProcessEvent
Data is served from fnal.gov instead of original site infn.it
%MSG
11-Jun-2024 09:18:40 CEST  Successfully opened file root://xrootd-cms.infn.it//store/mc/RunIISummer20UL16MiniAODv2/QCD_HT1000to1500_TuneCP5_PSWeights_13TeV-madgraph-pythia8/MINIAODSIM/106X_mcRun2_asymptotic_v17-v1/260000/34DC13D4-C26E-0547-AB0E-09A8B546AE63.root
Begin processing the 600001st record. Run 1, Event 23773611, LumiSection 2799 on stream 0 at 11-Jun-2024 09:18:47.418 CEST
11-Jun-2024 09:18:48 CEST  Closed file root://xrootd-cms.infn.it//store/mc/RunIISummer20UL16MiniAODv2/QCD_HT1000to1500_TuneCP5_PSWeights_13TeV-madgraph-pythia8/MINIAODSIM/106X_mcRun2_asymptotic_v17-v1/260000/34DC13D4-C26E-0547-AB0E-09A8B546AE63.root
11-Jun-2024 09:18:48 CEST  Initiating request to open file root://eoscms.cern.ch//eos/cms/store/mc/RunIISummer20UL16MiniAODv2/QCD_HT1000to1500_TuneCP5_PSWeights_13TeV-madgraph-pythia8/MINIAODSIM/106X_mcRun2_asymptotic_v17-v1/260000/60D55AF0-C513-6C46-A5ED-847E2B34AA32.root
%MSG-w XrdAdaptorInternal:  file_open 11-Jun-2024 09:18:49 CEST PostProcessEvent
Failed to open file at URL root://eoscms.cern.ch:1094//eos/cms/store/mc/RunIISummer20UL16MiniAODv2/QCD_HT1000to1500_TuneCP5_PSWeights_13TeV-madgraph-pythia8/MINIAODSIM/106X_mcRun2_asymptotic_v17-v1/260000/60D55AF0-C513-6C46-A5ED-847E2B34AA32.root.
%MSG
%MSG-w XrdAdaptorInternal:  file_open 11-Jun-2024 09:18:49 CEST PostProcessEvent
Failed to open file at URL root://eoscms.cern.ch:1094//eos/cms/store/mc/RunIISummer20UL16MiniAODv2/QCD_HT1000to1500_TuneCP5_PSWeights_13TeV-madgraph-pythia8/MINIAODSIM/106X_mcRun2_asymptotic_v17-v1/260000/60D55AF0-C513-6C46-A5ED-847E2B34AA32.root?tried=.
%MSG
11-Jun-2024 09:18:49 CEST  Fallback request to file root://xrootd-cms.infn.it//store/mc/RunIISummer20UL16MiniAODv2/QCD_HT1000to1500_TuneCP5_PSWeights_13TeV-madgraph-pythia8/MINIAODSIM/106X_mcRun2_asymptotic_v17-v1/260000/60D55AF0-C513-6C46-A5ED-847E2B34AA32.root
%MSG-w XrdAdaptor:  file_open 11-Jun-2024 09:19:01 CEST PostProcessEvent
Data is served from fnal.gov instead of original site infn.it
%MSG
11-Jun-2024 09:19:02 CEST  Successfully opened file root://xrootd-cms.infn.it//store/mc/RunIISummer20UL16MiniAODv2/QCD_HT1000to1500_TuneCP5_PSWeights_13TeV-madgraph-pythia8/MINIAODSIM/106X_mcRun2_asymptotic_v17-v1/260000/60D55AF0-C513-6C46-A5ED-847E2B34AA32.root
11-Jun-2024 09:19:11 CEST  Closed file root://xrootd-cms.infn.it//store/mc/RunIISummer20UL16MiniAODv2/QCD_HT1000to1500_TuneCP5_PSWeights_13TeV-madgraph-pythia8/MINIAODSIM/106X_mcRun2_asymptotic_v17-v1/260000/60D55AF0-C513-6C46-A5ED-847E2B34AA32.root
11-Jun-2024 09:19:11 CEST  Initiating request to open file root://eoscms.cern.ch//eos/cms/store/mc/RunIISummer20UL16MiniAODv2/QCD_HT1000to1500_TuneCP5_PSWeights_13TeV-madgraph-pythia8/MINIAODSIM/106X_mcRun2_asymptotic_v17-v1/260000/13BA8E82-ACB6-AF42-A6A7-F35D3AF12BD7.root
%MSG-w XrdAdaptorInternal:  file_open 11-Jun-2024 09:19:12 CEST PostProcessEvent
Failed to open file at URL root://eoscms.cern.ch:1094//eos/cms/store/mc/RunIISummer20UL16MiniAODv2/QCD_HT1000to1500_TuneCP5_PSWeights_13TeV-madgraph-pythia8/MINIAODSIM/106X_mcRun2_asymptotic_v17-v1/260000/13BA8E82-ACB6-AF42-A6A7-F35D3AF12BD7.root.
%MSG
%MSG-w XrdAdaptorInternal:  file_open 11-Jun-2024 09:19:12 CEST PostProcessEvent
Failed to open file at URL root://eoscms.cern.ch:1094//eos/cms/store/mc/RunIISummer20UL16MiniAODv2/QCD_HT1000to1500_TuneCP5_PSWeights_13TeV-madgraph-pythia8/MINIAODSIM/106X_mcRun2_asymptotic_v17-v1/260000/13BA8E82-ACB6-AF42-A6A7-F35D3AF12BD7.root?tried=.
%MSG
11-Jun-2024 09:19:12 CEST  Fallback request to file root://xrootd-cms.infn.it//store/mc/RunIISummer20UL16MiniAODv2/QCD_HT1000to1500_TuneCP5_PSWeights_13TeV-madgraph-pythia8/MINIAODSIM/106X_mcRun2_asymptotic_v17-v1/260000/13BA8E82-ACB6-AF42-A6A7-F35D3AF12BD7.root
%MSG-w XrdAdaptor:  file_open 11-Jun-2024 09:19:25 CEST PostProcessEvent
Data is served from fnal.gov instead of original site infn.it
%MSG
11-Jun-2024 09:19:26 CEST  Successfully opened file root://xrootd-cms.infn.it//store/mc/RunIISummer20UL16MiniAODv2/QCD_HT1000to1500_TuneCP5_PSWeights_13TeV-madgraph-pythia8/MINIAODSIM/106X_mcRun2_asymptotic_v17-v1/260000/13BA8E82-ACB6-AF42-A6A7-F35D3AF12BD7.root
Begin processing the 700001st record. Run 1, Event 48498141, LumiSection 5709 on stream 0 at 11-Jun-2024 09:19:34.443 CEST
11-Jun-2024 09:19:35 CEST  Closed file root://xrootd-cms.infn.it//store/mc/RunIISummer20UL16MiniAODv2/QCD_HT1000to1500_TuneCP5_PSWeights_13TeV-madgraph-pythia8/MINIAODSIM/106X_mcRun2_asymptotic_v17-v1/260000/13BA8E82-ACB6-AF42-A6A7-F35D3AF12BD7.root
11-Jun-2024 09:19:35 CEST  Initiating request to open file root://eoscms.cern.ch//eos/cms/store/mc/RunIISummer20UL16MiniAODv2/QCD_HT1000to1500_TuneCP5_PSWeights_13TeV-madgraph-pythia8/MINIAODSIM/106X_mcRun2_asymptotic_v17-v1/260000/044755D4-E95C-3B42-83FD-CA234C93070E.root
%MSG-w XrdAdaptorInternal:  file_open 11-Jun-2024 09:19:36 CEST PostProcessEvent
Failed to open file at URL root://eoscms.cern.ch:1094//eos/cms/store/mc/RunIISummer20UL16MiniAODv2/QCD_HT1000to1500_TuneCP5_PSWeights_13TeV-madgraph-pythia8/MINIAODSIM/106X_mcRun2_asymptotic_v17-v1/260000/044755D4-E95C-3B42-83FD-CA234C93070E.root.
%MSG
%MSG-w XrdAdaptorInternal:  file_open 11-Jun-2024 09:19:36 CEST PostProcessEvent
Failed to open file at URL root://eoscms.cern.ch:1094//eos/cms/store/mc/RunIISummer20UL16MiniAODv2/QCD_HT1000to1500_TuneCP5_PSWeights_13TeV-madgraph-pythia8/MINIAODSIM/106X_mcRun2_asymptotic_v17-v1/260000/044755D4-E95C-3B42-83FD-CA234C93070E.root?tried=.
%MSG
11-Jun-2024 09:19:36 CEST  Fallback request to file root://xrootd-cms.infn.it//store/mc/RunIISummer20UL16MiniAODv2/QCD_HT1000to1500_TuneCP5_PSWeights_13TeV-madgraph-pythia8/MINIAODSIM/106X_mcRun2_asymptotic_v17-v1/260000/044755D4-E95C-3B42-83FD-CA234C93070E.root
%MSG-w XrdAdaptor:  file_open 11-Jun-2024 09:19:48 CEST PostProcessEvent
Data is served from fnal.gov instead of original site infn.it
%MSG
11-Jun-2024 09:19:49 CEST  Successfully opened file root://xrootd-cms.infn.it//store/mc/RunIISummer20UL16MiniAODv2/QCD_HT1000to1500_TuneCP5_PSWeights_13TeV-madgraph-pythia8/MINIAODSIM/106X_mcRun2_asymptotic_v17-v1/260000/044755D4-E95C-3B42-83FD-CA234C93070E.root
11-Jun-2024 09:19:56 CEST  Closed file root://xrootd-cms.infn.it//store/mc/RunIISummer20UL16MiniAODv2/QCD_HT1000to1500_TuneCP5_PSWeights_13TeV-madgraph-pythia8/MINIAODSIM/106X_mcRun2_asymptotic_v17-v1/260000/044755D4-E95C-3B42-83FD-CA234C93070E.root
11-Jun-2024 09:19:56 CEST  Initiating request to open file root://eoscms.cern.ch//eos/cms/store/mc/RunIISummer20UL16MiniAODv2/QCD_HT1000to1500_TuneCP5_PSWeights_13TeV-madgraph-pythia8/MINIAODSIM/106X_mcRun2_asymptotic_v17-v1/260000/F0546948-8284-F441-8F6E-3D2876F7282A.root
%MSG-w XrdAdaptorInternal:  file_open 11-Jun-2024 09:19:57 CEST PostProcessEvent
Failed to open file at URL root://eoscms.cern.ch:1094//eos/cms/store/mc/RunIISummer20UL16MiniAODv2/QCD_HT1000to1500_TuneCP5_PSWeights_13TeV-madgraph-pythia8/MINIAODSIM/106X_mcRun2_asymptotic_v17-v1/260000/F0546948-8284-F441-8F6E-3D2876F7282A.root.
%MSG
%MSG-w XrdAdaptorInternal:  file_open 11-Jun-2024 09:19:57 CEST PostProcessEvent
Failed to open file at URL root://eoscms.cern.ch:1094//eos/cms/store/mc/RunIISummer20UL16MiniAODv2/QCD_HT1000to1500_TuneCP5_PSWeights_13TeV-madgraph-pythia8/MINIAODSIM/106X_mcRun2_asymptotic_v17-v1/260000/F0546948-8284-F441-8F6E-3D2876F7282A.root?tried=.
%MSG
11-Jun-2024 09:19:57 CEST  Fallback request to file root://xrootd-cms.infn.it//store/mc/RunIISummer20UL16MiniAODv2/QCD_HT1000to1500_TuneCP5_PSWeights_13TeV-madgraph-pythia8/MINIAODSIM/106X_mcRun2_asymptotic_v17-v1/260000/F0546948-8284-F441-8F6E-3D2876F7282A.root
%MSG-w XrdAdaptor:  file_open 11-Jun-2024 09:20:10 CEST PostProcessEvent
Data is served from fnal.gov instead of original site infn.it
%MSG
11-Jun-2024 09:20:11 CEST  Successfully opened file root://xrootd-cms.infn.it//store/mc/RunIISummer20UL16MiniAODv2/QCD_HT1000to1500_TuneCP5_PSWeights_13TeV-madgraph-pythia8/MINIAODSIM/106X_mcRun2_asymptotic_v17-v1/260000/F0546948-8284-F441-8F6E-3D2876F7282A.root
Begin processing the 800001st record. Run 1, Event 10953122, LumiSection 1290 on stream 0 at 11-Jun-2024 09:20:19.607 CEST
11-Jun-2024 09:20:19 CEST  Closed file root://xrootd-cms.infn.it//store/mc/RunIISummer20UL16MiniAODv2/QCD_HT1000to1500_TuneCP5_PSWeights_13TeV-madgraph-pythia8/MINIAODSIM/106X_mcRun2_asymptotic_v17-v1/260000/F0546948-8284-F441-8F6E-3D2876F7282A.root
11-Jun-2024 09:20:19 CEST  Initiating request to open file root://eoscms.cern.ch//eos/cms/store/mc/RunIISummer20UL16MiniAODv2/QCD_HT1000to1500_TuneCP5_PSWeights_13TeV-madgraph-pythia8/MINIAODSIM/106X_mcRun2_asymptotic_v17-v1/260000/0ED84509-8469-6A49-9141-62D77B5A6B82.root
%MSG-w XrdAdaptorInternal:  file_open 11-Jun-2024 09:20:20 CEST PostProcessEvent
Failed to open file at URL root://eoscms.cern.ch:1094//eos/cms/store/mc/RunIISummer20UL16MiniAODv2/QCD_HT1000to1500_TuneCP5_PSWeights_13TeV-madgraph-pythia8/MINIAODSIM/106X_mcRun2_asymptotic_v17-v1/260000/0ED84509-8469-6A49-9141-62D77B5A6B82.root.
%MSG
%MSG-w XrdAdaptorInternal:  file_open 11-Jun-2024 09:20:20 CEST PostProcessEvent
Failed to open file at URL root://eoscms.cern.ch:1094//eos/cms/store/mc/RunIISummer20UL16MiniAODv2/QCD_HT1000to1500_TuneCP5_PSWeights_13TeV-madgraph-pythia8/MINIAODSIM/106X_mcRun2_asymptotic_v17-v1/260000/0ED84509-8469-6A49-9141-62D77B5A6B82.root?tried=.
%MSG
11-Jun-2024 09:20:20 CEST  Fallback request to file root://xrootd-cms.infn.it//store/mc/RunIISummer20UL16MiniAODv2/QCD_HT1000to1500_TuneCP5_PSWeights_13TeV-madgraph-pythia8/MINIAODSIM/106X_mcRun2_asymptotic_v17-v1/260000/0ED84509-8469-6A49-9141-62D77B5A6B82.root
%MSG-w XrdAdaptor:  file_open 11-Jun-2024 09:20:33 CEST PostProcessEvent
Data is served from fnal.gov instead of original site infn.it
%MSG
11-Jun-2024 09:20:34 CEST  Successfully opened file root://xrootd-cms.infn.it//store/mc/RunIISummer20UL16MiniAODv2/QCD_HT1000to1500_TuneCP5_PSWeights_13TeV-madgraph-pythia8/MINIAODSIM/106X_mcRun2_asymptotic_v17-v1/260000/0ED84509-8469-6A49-9141-62D77B5A6B82.root
11-Jun-2024 09:20:42 CEST  Closed file root://xrootd-cms.infn.it//store/mc/RunIISummer20UL16MiniAODv2/QCD_HT1000to1500_TuneCP5_PSWeights_13TeV-madgraph-pythia8/MINIAODSIM/106X_mcRun2_asymptotic_v17-v1/260000/0ED84509-8469-6A49-9141-62D77B5A6B82.root
11-Jun-2024 09:20:42 CEST  Initiating request to open file root://eoscms.cern.ch//eos/cms/store/mc/RunIISummer20UL16MiniAODv2/QCD_HT1000to1500_TuneCP5_PSWeights_13TeV-madgraph-pythia8/MINIAODSIM/106X_mcRun2_asymptotic_v17-v1/260000/3D72BBBC-10C4-E04C-AB43-9FB9E2DA5B81.root
%MSG-w XrdAdaptorInternal:  file_open 11-Jun-2024 09:20:43 CEST PostProcessEvent
Failed to open file at URL root://eoscms.cern.ch:1094//eos/cms/store/mc/RunIISummer20UL16MiniAODv2/QCD_HT1000to1500_TuneCP5_PSWeights_13TeV-madgraph-pythia8/MINIAODSIM/106X_mcRun2_asymptotic_v17-v1/260000/3D72BBBC-10C4-E04C-AB43-9FB9E2DA5B81.root.
%MSG
%MSG-w XrdAdaptorInternal:  file_open 11-Jun-2024 09:20:43 CEST PostProcessEvent
Failed to open file at URL root://eoscms.cern.ch:1094//eos/cms/store/mc/RunIISummer20UL16MiniAODv2/QCD_HT1000to1500_TuneCP5_PSWeights_13TeV-madgraph-pythia8/MINIAODSIM/106X_mcRun2_asymptotic_v17-v1/260000/3D72BBBC-10C4-E04C-AB43-9FB9E2DA5B81.root?tried=.
%MSG
11-Jun-2024 09:20:43 CEST  Fallback request to file root://xrootd-cms.infn.it//store/mc/RunIISummer20UL16MiniAODv2/QCD_HT1000to1500_TuneCP5_PSWeights_13TeV-madgraph-pythia8/MINIAODSIM/106X_mcRun2_asymptotic_v17-v1/260000/3D72BBBC-10C4-E04C-AB43-9FB9E2DA5B81.root
%MSG-w XrdAdaptor:  file_open 11-Jun-2024 09:20:56 CEST PostProcessEvent
Data is served from fnal.gov instead of original site infn.it
%MSG
11-Jun-2024 09:20:57 CEST  Successfully opened file root://xrootd-cms.infn.it//store/mc/RunIISummer20UL16MiniAODv2/QCD_HT1000to1500_TuneCP5_PSWeights_13TeV-madgraph-pythia8/MINIAODSIM/106X_mcRun2_asymptotic_v17-v1/260000/3D72BBBC-10C4-E04C-AB43-9FB9E2DA5B81.root
Begin processing the 900001st record. Run 1, Event 39796874, LumiSection 4685 on stream 0 at 11-Jun-2024 09:21:05.271 CEST
11-Jun-2024 09:21:05 CEST  Closed file root://xrootd-cms.infn.it//store/mc/RunIISummer20UL16MiniAODv2/QCD_HT1000to1500_TuneCP5_PSWeights_13TeV-madgraph-pythia8/MINIAODSIM/106X_mcRun2_asymptotic_v17-v1/260000/3D72BBBC-10C4-E04C-AB43-9FB9E2DA5B81.root
11-Jun-2024 09:21:05 CEST  Initiating request to open file root://eoscms.cern.ch//eos/cms/store/mc/RunIISummer20UL16MiniAODv2/QCD_HT1000to1500_TuneCP5_PSWeights_13TeV-madgraph-pythia8/MINIAODSIM/106X_mcRun2_asymptotic_v17-v1/260000/0662B3D9-E334-E341-A788-0408E33D8606.root
%MSG-w XrdAdaptorInternal:  file_open 11-Jun-2024 09:21:06 CEST PostProcessEvent
Failed to open file at URL root://eoscms.cern.ch:1094//eos/cms/store/mc/RunIISummer20UL16MiniAODv2/QCD_HT1000to1500_TuneCP5_PSWeights_13TeV-madgraph-pythia8/MINIAODSIM/106X_mcRun2_asymptotic_v17-v1/260000/0662B3D9-E334-E341-A788-0408E33D8606.root.
%MSG
%MSG-w XrdAdaptorInternal:  file_open 11-Jun-2024 09:21:06 CEST PostProcessEvent
Failed to open file at URL root://eoscms.cern.ch:1094//eos/cms/store/mc/RunIISummer20UL16MiniAODv2/QCD_HT1000to1500_TuneCP5_PSWeights_13TeV-madgraph-pythia8/MINIAODSIM/106X_mcRun2_asymptotic_v17-v1/260000/0662B3D9-E334-E341-A788-0408E33D8606.root?tried=.
%MSG
11-Jun-2024 09:21:06 CEST  Fallback request to file root://xrootd-cms.infn.it//store/mc/RunIISummer20UL16MiniAODv2/QCD_HT1000to1500_TuneCP5_PSWeights_13TeV-madgraph-pythia8/MINIAODSIM/106X_mcRun2_asymptotic_v17-v1/260000/0662B3D9-E334-E341-A788-0408E33D8606.root
%MSG-w XrdAdaptor:  file_open 11-Jun-2024 09:21:19 CEST PostProcessEvent
Data is served from fnal.gov instead of original site infn.it
%MSG
11-Jun-2024 09:21:20 CEST  Successfully opened file root://xrootd-cms.infn.it//store/mc/RunIISummer20UL16MiniAODv2/QCD_HT1000to1500_TuneCP5_PSWeights_13TeV-madgraph-pythia8/MINIAODSIM/106X_mcRun2_asymptotic_v17-v1/260000/0662B3D9-E334-E341-A788-0408E33D8606.root
11-Jun-2024 09:21:29 CEST  Closed file root://xrootd-cms.infn.it//store/mc/RunIISummer20UL16MiniAODv2/QCD_HT1000to1500_TuneCP5_PSWeights_13TeV-madgraph-pythia8/MINIAODSIM/106X_mcRun2_asymptotic_v17-v1/260000/0662B3D9-E334-E341-A788-0408E33D8606.root
11-Jun-2024 09:21:29 CEST  Initiating request to open file root://eoscms.cern.ch//eos/cms/store/mc/RunIISummer20UL16MiniAODv2/QCD_HT1000to1500_TuneCP5_PSWeights_13TeV-madgraph-pythia8/MINIAODSIM/106X_mcRun2_asymptotic_v17-v1/260000/BD303624-C7D1-0140-AC0F-87FF32DCB5AA.root
%MSG-w XrdAdaptorInternal:  file_open 11-Jun-2024 09:21:30 CEST PostProcessEvent
Failed to open file at URL root://eoscms.cern.ch:1094//eos/cms/store/mc/RunIISummer20UL16MiniAODv2/QCD_HT1000to1500_TuneCP5_PSWeights_13TeV-madgraph-pythia8/MINIAODSIM/106X_mcRun2_asymptotic_v17-v1/260000/BD303624-C7D1-0140-AC0F-87FF32DCB5AA.root.
%MSG
%MSG-w XrdAdaptorInternal:  file_open 11-Jun-2024 09:21:30 CEST PostProcessEvent
Failed to open file at URL root://eoscms.cern.ch:1094//eos/cms/store/mc/RunIISummer20UL16MiniAODv2/QCD_HT1000to1500_TuneCP5_PSWeights_13TeV-madgraph-pythia8/MINIAODSIM/106X_mcRun2_asymptotic_v17-v1/260000/BD303624-C7D1-0140-AC0F-87FF32DCB5AA.root?tried=.
%MSG
11-Jun-2024 09:21:30 CEST  Fallback request to file root://xrootd-cms.infn.it//store/mc/RunIISummer20UL16MiniAODv2/QCD_HT1000to1500_TuneCP5_PSWeights_13TeV-madgraph-pythia8/MINIAODSIM/106X_mcRun2_asymptotic_v17-v1/260000/BD303624-C7D1-0140-AC0F-87FF32DCB5AA.root
%MSG-w XrdAdaptor:  file_open 11-Jun-2024 09:21:42 CEST PostProcessEvent
Data is served from fnal.gov instead of original site infn.it
%MSG
11-Jun-2024 09:21:43 CEST  Successfully opened file root://xrootd-cms.infn.it//store/mc/RunIISummer20UL16MiniAODv2/QCD_HT1000to1500_TuneCP5_PSWeights_13TeV-madgraph-pythia8/MINIAODSIM/106X_mcRun2_asymptotic_v17-v1/260000/BD303624-C7D1-0140-AC0F-87FF32DCB5AA.root
11-Jun-2024 09:21:50 CEST  Closed file root://xrootd-cms.infn.it//store/mc/RunIISummer20UL16MiniAODv2/QCD_HT1000to1500_TuneCP5_PSWeights_13TeV-madgraph-pythia8/MINIAODSIM/106X_mcRun2_asymptotic_v17-v1/260000/BD303624-C7D1-0140-AC0F-87FF32DCB5AA.root
11-Jun-2024 09:21:50 CEST  Initiating request to open file root://eoscms.cern.ch//eos/cms/store/mc/RunIISummer20UL16MiniAODv2/QCD_HT1000to1500_TuneCP5_PSWeights_13TeV-madgraph-pythia8/MINIAODSIM/106X_mcRun2_asymptotic_v17-v1/260000/98D5632E-E3BB-4245-A1EA-2D98870B9446.root
%MSG-w XrdAdaptorInternal:  file_open 11-Jun-2024 09:21:51 CEST PostProcessEvent
Failed to open file at URL root://eoscms.cern.ch:1094//eos/cms/store/mc/RunIISummer20UL16MiniAODv2/QCD_HT1000to1500_TuneCP5_PSWeights_13TeV-madgraph-pythia8/MINIAODSIM/106X_mcRun2_asymptotic_v17-v1/260000/98D5632E-E3BB-4245-A1EA-2D98870B9446.root.
%MSG
%MSG-w XrdAdaptorInternal:  file_open 11-Jun-2024 09:21:51 CEST PostProcessEvent
Failed to open file at URL root://eoscms.cern.ch:1094//eos/cms/store/mc/RunIISummer20UL16MiniAODv2/QCD_HT1000to1500_TuneCP5_PSWeights_13TeV-madgraph-pythia8/MINIAODSIM/106X_mcRun2_asymptotic_v17-v1/260000/98D5632E-E3BB-4245-A1EA-2D98870B9446.root?tried=.
%MSG
11-Jun-2024 09:21:51 CEST  Fallback request to file root://xrootd-cms.infn.it//store/mc/RunIISummer20UL16MiniAODv2/QCD_HT1000to1500_TuneCP5_PSWeights_13TeV-madgraph-pythia8/MINIAODSIM/106X_mcRun2_asymptotic_v17-v1/260000/98D5632E-E3BB-4245-A1EA-2D98870B9446.root
%MSG-w XrdAdaptor:  file_open 11-Jun-2024 09:22:04 CEST PostProcessEvent
Data is served from fnal.gov instead of original site infn.it
%MSG
11-Jun-2024 09:22:05 CEST  Successfully opened file root://xrootd-cms.infn.it//store/mc/RunIISummer20UL16MiniAODv2/QCD_HT1000to1500_TuneCP5_PSWeights_13TeV-madgraph-pythia8/MINIAODSIM/106X_mcRun2_asymptotic_v17-v1/260000/98D5632E-E3BB-4245-A1EA-2D98870B9446.root
   3082.923000     26.084680      1.657154             1
    472.949900      6.562744      1.657154             0
  10523.310000     41.493990      1.657154             2
 
11-Jun-2024 09:22:11 CEST  Closed file root://xrootd-cms.infn.it//store/mc/RunIISummer20UL16MiniAODv2/QCD_HT1000to1500_TuneCP5_PSWeights_13TeV-madgraph-pythia8/MINIAODSIM/106X_mcRun2_asymptotic_v17-v1/260000/98D5632E-E3BB-4245-A1EA-2D98870B9446.root

------------------------------------
GenXsecAnalyzer:
------------------------------------
-------------------------------------------------------------------------------------------------------------------------------------------------------------------------- 
Overall cross-section summary 
--------------------------------------------------------------------------------------------------------------------------------------------------------------------------
Process		xsec_before [pb]		passed	nposw	nnegw	tried	nposw	nnegw 	xsec_match [pb]			accepted [%]	 event_eff [%]
0		4.682e+02 +/- 1.708e-01		8730	8730	0	419785	419785	0	9.738e+00 +/- 1.032e-01		2.1 +/- 0.0	2.1 +/- 0.0
1		3.059e+03 +/- 6.596e-01		33240	33240	0	2734134	2734134	0	3.719e+01 +/- 2.029e-01		1.2 +/- 0.0	1.2 +/- 0.0
2		1.049e+04 +/- 1.047e+00		958511	958511	0	9332097	9332097	0	1.078e+03 +/- 1.048e+00		10.3 +/- 0.0	10.3 +/- 0.0
-------------------------------------------------------------------------------------------------------------------------------------------------------------------------- 
Total		1.402e+04 +/- 1.249e+00		1000481	1000481	0	12486016	12486016	0	1.124e+03 +/- 1.082e+00		8.0 +/- 0.0	8.0 +/- 0.0
--------------------------------------------------------------------------------------------------------------------------------------------------------------------------
Before matching: total cross section = 1.402e+04 +- 1.249e+00 pb
After matching: total cross section = 1.124e+03 +- 1.082e+00 pb
Matching efficiency = 0.1 +/- 0.0   [TO BE USED IN MCM]
Filter efficiency (taking into account weights)= (1.00048e+06) / (1.00048e+06) = 1.000e+00 +- 0.000e+00
Filter efficiency (event-level)= (1.00048e+06) / (1.00048e+06) = 1.000e+00 +- 0.000e+00    [TO BE USED IN MCM]

After filter: final cross section = 1.124e+03 +- 1.082e+00 pb
After filter: final fraction of events with negative weights = 0.000e+00 +- 0.000e+00
After filter: final equivalent lumi for 1M events (1/fb) = 8.901e-01 +- 1.236e-03

=============================================

MessageLogger Summary

 type     category        sev    module        subroutine        count    total
 ---- -------------------- -- ---------------- ----------------  -----    -----
    1 GenXSecAnalyzer      -w GenXSecAnalyzer:                      17       17
    2 XrdAdaptor           -w file_open                             23       23
    3 XrdAdaptorInternal   -w file_open                             46       46
    4 fileAction           -s file_close                            23       23
    5 fileAction           -s file_open                             69       69

 type    category    Examples: run/evt        run/evt          run/evt
 ---- -------------------- ---------------- ---------------- ----------------
    1 GenXSecAnalyzer      PostGlobalEndRun PostGlobalEndRun PostGlobalEndRun
    2 XrdAdaptor           pre-events       PostProcessEvent PostProcessEvent
    3 XrdAdaptorInternal   pre-events       pre-events       PostProcessEvent
    4 fileAction           PostProcessEvent PostProcessEvent PostGlobalEndRun
    5 fileAction           pre-events       pre-events       PostProcessEvent

Severity    # Occurrences   Total Occurrences
--------    -------------   -----------------
Warning                86                  86
System                 92                  92

dropped waiting message count 0
