11-Jun-2024 09:32:03 CEST  Initiating request to open file root://eoscms.cern.ch//eos/cms/store/mc/RunIISummer20UL16MiniAODv2/QCD_HT2000toInf_TuneCP5_PSWeights_13TeV-madgraph-pythia8/MINIAODSIM/106X_mcRun2_asymptotic_v17-v1/2520000/AF7FFB42-812D-9040-8306-E0608D4CC7CB.root
%MSG-w XrdAdaptorInternal:  file_open 11-Jun-2024 09:32:04 CEST pre-events
Failed to open file at URL root://eoscms.cern.ch:1094//eos/cms/store/mc/RunIISummer20UL16MiniAODv2/QCD_HT2000toInf_TuneCP5_PSWeights_13TeV-madgraph-pythia8/MINIAODSIM/106X_mcRun2_asymptotic_v17-v1/2520000/AF7FFB42-812D-9040-8306-E0608D4CC7CB.root.
%MSG
%MSG-w XrdAdaptorInternal:  file_open 11-Jun-2024 09:32:04 CEST pre-events
Failed to open file at URL root://eoscms.cern.ch:1094//eos/cms/store/mc/RunIISummer20UL16MiniAODv2/QCD_HT2000toInf_TuneCP5_PSWeights_13TeV-madgraph-pythia8/MINIAODSIM/106X_mcRun2_asymptotic_v17-v1/2520000/AF7FFB42-812D-9040-8306-E0608D4CC7CB.root?tried=.
%MSG
11-Jun-2024 09:32:04 CEST  Fallback request to file root://xrootd-cms.infn.it//store/mc/RunIISummer20UL16MiniAODv2/QCD_HT2000toInf_TuneCP5_PSWeights_13TeV-madgraph-pythia8/MINIAODSIM/106X_mcRun2_asymptotic_v17-v1/2520000/AF7FFB42-812D-9040-8306-E0608D4CC7CB.root
Unable to load sec.protocol plugin libXrdSecztn.so
%MSG-w XrdAdaptor:  file_open 11-Jun-2024 09:32:20 CEST pre-events
Data is served from fnal.gov instead of original site T2_FR_GRIF_LLR
%MSG
11-Jun-2024 09:32:24 CEST  Successfully opened file root://xrootd-cms.infn.it//store/mc/RunIISummer20UL16MiniAODv2/QCD_HT2000toInf_TuneCP5_PSWeights_13TeV-madgraph-pythia8/MINIAODSIM/106X_mcRun2_asymptotic_v17-v1/2520000/AF7FFB42-812D-9040-8306-E0608D4CC7CB.root
Unable to load sec.protocol plugin libXrdSecztn.so
Begin processing the 1st record. Run 1, Event 759822, LumiSection 533 on stream 0 at 11-Jun-2024 09:32:32.548 CEST
11-Jun-2024 09:32:35 CEST  Closed file root://xrootd-cms.infn.it//store/mc/RunIISummer20UL16MiniAODv2/QCD_HT2000toInf_TuneCP5_PSWeights_13TeV-madgraph-pythia8/MINIAODSIM/106X_mcRun2_asymptotic_v17-v1/2520000/AF7FFB42-812D-9040-8306-E0608D4CC7CB.root
11-Jun-2024 09:32:35 CEST  Initiating request to open file root://eoscms.cern.ch//eos/cms/store/mc/RunIISummer20UL16MiniAODv2/QCD_HT2000toInf_TuneCP5_PSWeights_13TeV-madgraph-pythia8/MINIAODSIM/106X_mcRun2_asymptotic_v17-v1/2520000/AC0C1BC1-103D-B244-AE34-41A7818BD4DD.root
%MSG-w XrdAdaptorInternal:  file_open 11-Jun-2024 09:32:36 CEST PostProcessEvent
Failed to open file at URL root://eoscms.cern.ch:1094//eos/cms/store/mc/RunIISummer20UL16MiniAODv2/QCD_HT2000toInf_TuneCP5_PSWeights_13TeV-madgraph-pythia8/MINIAODSIM/106X_mcRun2_asymptotic_v17-v1/2520000/AC0C1BC1-103D-B244-AE34-41A7818BD4DD.root.
%MSG
%MSG-w XrdAdaptorInternal:  file_open 11-Jun-2024 09:32:36 CEST PostProcessEvent
Failed to open file at URL root://eoscms.cern.ch:1094//eos/cms/store/mc/RunIISummer20UL16MiniAODv2/QCD_HT2000toInf_TuneCP5_PSWeights_13TeV-madgraph-pythia8/MINIAODSIM/106X_mcRun2_asymptotic_v17-v1/2520000/AC0C1BC1-103D-B244-AE34-41A7818BD4DD.root?tried=.
%MSG
11-Jun-2024 09:32:36 CEST  Fallback request to file root://xrootd-cms.infn.it//store/mc/RunIISummer20UL16MiniAODv2/QCD_HT2000toInf_TuneCP5_PSWeights_13TeV-madgraph-pythia8/MINIAODSIM/106X_mcRun2_asymptotic_v17-v1/2520000/AC0C1BC1-103D-B244-AE34-41A7818BD4DD.root
%MSG-w XrdAdaptor:  file_open 11-Jun-2024 09:32:48 CEST PostProcessEvent
Data is served from fnal.gov instead of original site T2_FR_GRIF_LLR
%MSG
11-Jun-2024 09:32:49 CEST  Successfully opened file root://xrootd-cms.infn.it//store/mc/RunIISummer20UL16MiniAODv2/QCD_HT2000toInf_TuneCP5_PSWeights_13TeV-madgraph-pythia8/MINIAODSIM/106X_mcRun2_asymptotic_v17-v1/2520000/AC0C1BC1-103D-B244-AE34-41A7818BD4DD.root
Unable to load sec.protocol plugin libXrdSecztn.so
11-Jun-2024 09:32:57 CEST  Closed file root://xrootd-cms.infn.it//store/mc/RunIISummer20UL16MiniAODv2/QCD_HT2000toInf_TuneCP5_PSWeights_13TeV-madgraph-pythia8/MINIAODSIM/106X_mcRun2_asymptotic_v17-v1/2520000/AC0C1BC1-103D-B244-AE34-41A7818BD4DD.root
11-Jun-2024 09:32:57 CEST  Initiating request to open file root://eoscms.cern.ch//eos/cms/store/mc/RunIISummer20UL16MiniAODv2/QCD_HT2000toInf_TuneCP5_PSWeights_13TeV-madgraph-pythia8/MINIAODSIM/106X_mcRun2_asymptotic_v17-v1/2520000/4DE0AF97-A290-0F42-8B97-FE3CF365C623.root
%MSG-w XrdAdaptorInternal:  file_open 11-Jun-2024 09:32:58 CEST PostProcessEvent
Failed to open file at URL root://eoscms.cern.ch:1094//eos/cms/store/mc/RunIISummer20UL16MiniAODv2/QCD_HT2000toInf_TuneCP5_PSWeights_13TeV-madgraph-pythia8/MINIAODSIM/106X_mcRun2_asymptotic_v17-v1/2520000/4DE0AF97-A290-0F42-8B97-FE3CF365C623.root.
%MSG
%MSG-w XrdAdaptorInternal:  file_open 11-Jun-2024 09:32:58 CEST PostProcessEvent
Failed to open file at URL root://eoscms.cern.ch:1094//eos/cms/store/mc/RunIISummer20UL16MiniAODv2/QCD_HT2000toInf_TuneCP5_PSWeights_13TeV-madgraph-pythia8/MINIAODSIM/106X_mcRun2_asymptotic_v17-v1/2520000/4DE0AF97-A290-0F42-8B97-FE3CF365C623.root?tried=.
%MSG
11-Jun-2024 09:32:58 CEST  Fallback request to file root://xrootd-cms.infn.it//store/mc/RunIISummer20UL16MiniAODv2/QCD_HT2000toInf_TuneCP5_PSWeights_13TeV-madgraph-pythia8/MINIAODSIM/106X_mcRun2_asymptotic_v17-v1/2520000/4DE0AF97-A290-0F42-8B97-FE3CF365C623.root
%MSG-w XrdAdaptor:  file_open 11-Jun-2024 09:33:11 CEST PostProcessEvent
Data is served from fnal.gov instead of original site T2_FR_GRIF_LLR
%MSG
11-Jun-2024 09:33:12 CEST  Successfully opened file root://xrootd-cms.infn.it//store/mc/RunIISummer20UL16MiniAODv2/QCD_HT2000toInf_TuneCP5_PSWeights_13TeV-madgraph-pythia8/MINIAODSIM/106X_mcRun2_asymptotic_v17-v1/2520000/4DE0AF97-A290-0F42-8B97-FE3CF365C623.root
Begin processing the 100001st record. Run 1, Event 15071098, LumiSection 10554 on stream 0 at 11-Jun-2024 09:33:18.679 CEST
11-Jun-2024 09:33:19 CEST  Closed file root://xrootd-cms.infn.it//store/mc/RunIISummer20UL16MiniAODv2/QCD_HT2000toInf_TuneCP5_PSWeights_13TeV-madgraph-pythia8/MINIAODSIM/106X_mcRun2_asymptotic_v17-v1/2520000/4DE0AF97-A290-0F42-8B97-FE3CF365C623.root
11-Jun-2024 09:33:19 CEST  Initiating request to open file root://eoscms.cern.ch//eos/cms/store/mc/RunIISummer20UL16MiniAODv2/QCD_HT2000toInf_TuneCP5_PSWeights_13TeV-madgraph-pythia8/MINIAODSIM/106X_mcRun2_asymptotic_v17-v1/2520000/2918DB6B-D62B-6347-9BAA-A460AB8A11F9.root
%MSG-w XrdAdaptorInternal:  file_open 11-Jun-2024 09:33:20 CEST PostProcessEvent
Failed to open file at URL root://eoscms.cern.ch:1094//eos/cms/store/mc/RunIISummer20UL16MiniAODv2/QCD_HT2000toInf_TuneCP5_PSWeights_13TeV-madgraph-pythia8/MINIAODSIM/106X_mcRun2_asymptotic_v17-v1/2520000/2918DB6B-D62B-6347-9BAA-A460AB8A11F9.root.
%MSG
%MSG-w XrdAdaptorInternal:  file_open 11-Jun-2024 09:33:20 CEST PostProcessEvent
Failed to open file at URL root://eoscms.cern.ch:1094//eos/cms/store/mc/RunIISummer20UL16MiniAODv2/QCD_HT2000toInf_TuneCP5_PSWeights_13TeV-madgraph-pythia8/MINIAODSIM/106X_mcRun2_asymptotic_v17-v1/2520000/2918DB6B-D62B-6347-9BAA-A460AB8A11F9.root?tried=.
%MSG
11-Jun-2024 09:33:20 CEST  Fallback request to file root://xrootd-cms.infn.it//store/mc/RunIISummer20UL16MiniAODv2/QCD_HT2000toInf_TuneCP5_PSWeights_13TeV-madgraph-pythia8/MINIAODSIM/106X_mcRun2_asymptotic_v17-v1/2520000/2918DB6B-D62B-6347-9BAA-A460AB8A11F9.root
%MSG-w XrdAdaptor:  file_open 11-Jun-2024 09:33:33 CEST PostProcessEvent
Data is served from fnal.gov instead of original site T2_FR_GRIF_LLR
%MSG
11-Jun-2024 09:33:34 CEST  Successfully opened file root://xrootd-cms.infn.it//store/mc/RunIISummer20UL16MiniAODv2/QCD_HT2000toInf_TuneCP5_PSWeights_13TeV-madgraph-pythia8/MINIAODSIM/106X_mcRun2_asymptotic_v17-v1/2520000/2918DB6B-D62B-6347-9BAA-A460AB8A11F9.root
11-Jun-2024 09:33:39 CEST  Closed file root://xrootd-cms.infn.it//store/mc/RunIISummer20UL16MiniAODv2/QCD_HT2000toInf_TuneCP5_PSWeights_13TeV-madgraph-pythia8/MINIAODSIM/106X_mcRun2_asymptotic_v17-v1/2520000/2918DB6B-D62B-6347-9BAA-A460AB8A11F9.root
11-Jun-2024 09:33:39 CEST  Initiating request to open file root://eoscms.cern.ch//eos/cms/store/mc/RunIISummer20UL16MiniAODv2/QCD_HT2000toInf_TuneCP5_PSWeights_13TeV-madgraph-pythia8/MINIAODSIM/106X_mcRun2_asymptotic_v17-v1/270000/DD39F569-614C-3046-8CCA-E127CA134580.root
%MSG-w XrdAdaptorInternal:  file_open 11-Jun-2024 09:33:40 CEST PostProcessEvent
Failed to open file at URL root://eoscms.cern.ch:1094//eos/cms/store/mc/RunIISummer20UL16MiniAODv2/QCD_HT2000toInf_TuneCP5_PSWeights_13TeV-madgraph-pythia8/MINIAODSIM/106X_mcRun2_asymptotic_v17-v1/270000/DD39F569-614C-3046-8CCA-E127CA134580.root.
%MSG
%MSG-w XrdAdaptorInternal:  file_open 11-Jun-2024 09:33:40 CEST PostProcessEvent
Failed to open file at URL root://eoscms.cern.ch:1094//eos/cms/store/mc/RunIISummer20UL16MiniAODv2/QCD_HT2000toInf_TuneCP5_PSWeights_13TeV-madgraph-pythia8/MINIAODSIM/106X_mcRun2_asymptotic_v17-v1/270000/DD39F569-614C-3046-8CCA-E127CA134580.root?tried=.
%MSG
11-Jun-2024 09:33:40 CEST  Fallback request to file root://xrootd-cms.infn.it//store/mc/RunIISummer20UL16MiniAODv2/QCD_HT2000toInf_TuneCP5_PSWeights_13TeV-madgraph-pythia8/MINIAODSIM/106X_mcRun2_asymptotic_v17-v1/270000/DD39F569-614C-3046-8CCA-E127CA134580.root
%MSG-w XrdAdaptor:  file_open 11-Jun-2024 09:33:55 CEST PostProcessEvent
Data is served from T2_US_Nebraska instead of original site T2_FR_GRIF_LLR
%MSG
11-Jun-2024 09:33:56 CEST  Successfully opened file root://xrootd-cms.infn.it//store/mc/RunIISummer20UL16MiniAODv2/QCD_HT2000toInf_TuneCP5_PSWeights_13TeV-madgraph-pythia8/MINIAODSIM/106X_mcRun2_asymptotic_v17-v1/270000/DD39F569-614C-3046-8CCA-E127CA134580.root
Begin processing the 200001st record. Run 1, Event 24026265, LumiSection 16826 on stream 0 at 11-Jun-2024 09:34:05.275 CEST
11-Jun-2024 09:34:05 CEST  Closed file root://xrootd-cms.infn.it//store/mc/RunIISummer20UL16MiniAODv2/QCD_HT2000toInf_TuneCP5_PSWeights_13TeV-madgraph-pythia8/MINIAODSIM/106X_mcRun2_asymptotic_v17-v1/270000/DD39F569-614C-3046-8CCA-E127CA134580.root
11-Jun-2024 09:34:05 CEST  Initiating request to open file root://eoscms.cern.ch//eos/cms/store/mc/RunIISummer20UL16MiniAODv2/QCD_HT2000toInf_TuneCP5_PSWeights_13TeV-madgraph-pythia8/MINIAODSIM/106X_mcRun2_asymptotic_v17-v1/270000/299E7400-9EDD-3E49-8E7F-A2CE0141C7AF.root
%MSG-w XrdAdaptorInternal:  file_open 11-Jun-2024 09:34:06 CEST PostProcessEvent
Failed to open file at URL root://eoscms.cern.ch:1094//eos/cms/store/mc/RunIISummer20UL16MiniAODv2/QCD_HT2000toInf_TuneCP5_PSWeights_13TeV-madgraph-pythia8/MINIAODSIM/106X_mcRun2_asymptotic_v17-v1/270000/299E7400-9EDD-3E49-8E7F-A2CE0141C7AF.root.
%MSG
%MSG-w XrdAdaptorInternal:  file_open 11-Jun-2024 09:34:06 CEST PostProcessEvent
Failed to open file at URL root://eoscms.cern.ch:1094//eos/cms/store/mc/RunIISummer20UL16MiniAODv2/QCD_HT2000toInf_TuneCP5_PSWeights_13TeV-madgraph-pythia8/MINIAODSIM/106X_mcRun2_asymptotic_v17-v1/270000/299E7400-9EDD-3E49-8E7F-A2CE0141C7AF.root?tried=.
%MSG
11-Jun-2024 09:34:06 CEST  Fallback request to file root://xrootd-cms.infn.it//store/mc/RunIISummer20UL16MiniAODv2/QCD_HT2000toInf_TuneCP5_PSWeights_13TeV-madgraph-pythia8/MINIAODSIM/106X_mcRun2_asymptotic_v17-v1/270000/299E7400-9EDD-3E49-8E7F-A2CE0141C7AF.root
%MSG-w XrdAdaptor:  file_open 11-Jun-2024 09:34:20 CEST PostProcessEvent
Data is served from T2_US_Nebraska instead of original site T2_FR_GRIF_LLR
%MSG
11-Jun-2024 09:34:20 CEST  Successfully opened file root://xrootd-cms.infn.it//store/mc/RunIISummer20UL16MiniAODv2/QCD_HT2000toInf_TuneCP5_PSWeights_13TeV-madgraph-pythia8/MINIAODSIM/106X_mcRun2_asymptotic_v17-v1/270000/299E7400-9EDD-3E49-8E7F-A2CE0141C7AF.root
11-Jun-2024 09:34:29 CEST  Closed file root://xrootd-cms.infn.it//store/mc/RunIISummer20UL16MiniAODv2/QCD_HT2000toInf_TuneCP5_PSWeights_13TeV-madgraph-pythia8/MINIAODSIM/106X_mcRun2_asymptotic_v17-v1/270000/299E7400-9EDD-3E49-8E7F-A2CE0141C7AF.root
11-Jun-2024 09:34:29 CEST  Initiating request to open file root://eoscms.cern.ch//eos/cms/store/mc/RunIISummer20UL16MiniAODv2/QCD_HT2000toInf_TuneCP5_PSWeights_13TeV-madgraph-pythia8/MINIAODSIM/106X_mcRun2_asymptotic_v17-v1/270000/5AA96FA1-BF72-274A-BDF7-66BDB3BF4342.root
%MSG-w XrdAdaptorInternal:  file_open 11-Jun-2024 09:34:30 CEST PostProcessEvent
Failed to open file at URL root://eoscms.cern.ch:1094//eos/cms/store/mc/RunIISummer20UL16MiniAODv2/QCD_HT2000toInf_TuneCP5_PSWeights_13TeV-madgraph-pythia8/MINIAODSIM/106X_mcRun2_asymptotic_v17-v1/270000/5AA96FA1-BF72-274A-BDF7-66BDB3BF4342.root.
%MSG
%MSG-w XrdAdaptorInternal:  file_open 11-Jun-2024 09:34:30 CEST PostProcessEvent
Failed to open file at URL root://eoscms.cern.ch:1094//eos/cms/store/mc/RunIISummer20UL16MiniAODv2/QCD_HT2000toInf_TuneCP5_PSWeights_13TeV-madgraph-pythia8/MINIAODSIM/106X_mcRun2_asymptotic_v17-v1/270000/5AA96FA1-BF72-274A-BDF7-66BDB3BF4342.root?tried=.
%MSG
11-Jun-2024 09:34:30 CEST  Fallback request to file root://xrootd-cms.infn.it//store/mc/RunIISummer20UL16MiniAODv2/QCD_HT2000toInf_TuneCP5_PSWeights_13TeV-madgraph-pythia8/MINIAODSIM/106X_mcRun2_asymptotic_v17-v1/270000/5AA96FA1-BF72-274A-BDF7-66BDB3BF4342.root
%MSG-w XrdAdaptor:  file_open 11-Jun-2024 09:34:43 CEST PostProcessEvent
Data is served from T2_US_Nebraska instead of original site T2_FR_GRIF_LLR
%MSG
11-Jun-2024 09:34:43 CEST  Successfully opened file root://xrootd-cms.infn.it//store/mc/RunIISummer20UL16MiniAODv2/QCD_HT2000toInf_TuneCP5_PSWeights_13TeV-madgraph-pythia8/MINIAODSIM/106X_mcRun2_asymptotic_v17-v1/270000/5AA96FA1-BF72-274A-BDF7-66BDB3BF4342.root
11-Jun-2024 09:35:09 CEST  Closed file root://xrootd-cms.infn.it//store/mc/RunIISummer20UL16MiniAODv2/QCD_HT2000toInf_TuneCP5_PSWeights_13TeV-madgraph-pythia8/MINIAODSIM/106X_mcRun2_asymptotic_v17-v1/270000/5AA96FA1-BF72-274A-BDF7-66BDB3BF4342.root
11-Jun-2024 09:35:09 CEST  Initiating request to open file root://eoscms.cern.ch//eos/cms/store/mc/RunIISummer20UL16MiniAODv2/QCD_HT2000toInf_TuneCP5_PSWeights_13TeV-madgraph-pythia8/MINIAODSIM/106X_mcRun2_asymptotic_v17-v1/270000/1AF2CC69-1587-5945-94AB-8BF8FCA7D542.root
%MSG-w XrdAdaptorInternal:  file_open 11-Jun-2024 09:35:10 CEST PostProcessEvent
Failed to open file at URL root://eoscms.cern.ch:1094//eos/cms/store/mc/RunIISummer20UL16MiniAODv2/QCD_HT2000toInf_TuneCP5_PSWeights_13TeV-madgraph-pythia8/MINIAODSIM/106X_mcRun2_asymptotic_v17-v1/270000/1AF2CC69-1587-5945-94AB-8BF8FCA7D542.root.
%MSG
%MSG-w XrdAdaptorInternal:  file_open 11-Jun-2024 09:35:10 CEST PostProcessEvent
Failed to open file at URL root://eoscms.cern.ch:1094//eos/cms/store/mc/RunIISummer20UL16MiniAODv2/QCD_HT2000toInf_TuneCP5_PSWeights_13TeV-madgraph-pythia8/MINIAODSIM/106X_mcRun2_asymptotic_v17-v1/270000/1AF2CC69-1587-5945-94AB-8BF8FCA7D542.root?tried=.
%MSG
11-Jun-2024 09:35:10 CEST  Fallback request to file root://xrootd-cms.infn.it//store/mc/RunIISummer20UL16MiniAODv2/QCD_HT2000toInf_TuneCP5_PSWeights_13TeV-madgraph-pythia8/MINIAODSIM/106X_mcRun2_asymptotic_v17-v1/270000/1AF2CC69-1587-5945-94AB-8BF8FCA7D542.root
%MSG-w XrdAdaptor:  file_open 11-Jun-2024 09:35:24 CEST PostProcessEvent
Data is served from T2_US_Nebraska instead of original site T2_FR_GRIF_LLR
%MSG
11-Jun-2024 09:35:25 CEST  Successfully opened file root://xrootd-cms.infn.it//store/mc/RunIISummer20UL16MiniAODv2/QCD_HT2000toInf_TuneCP5_PSWeights_13TeV-madgraph-pythia8/MINIAODSIM/106X_mcRun2_asymptotic_v17-v1/270000/1AF2CC69-1587-5945-94AB-8BF8FCA7D542.root
Begin processing the 300001st record. Run 1, Event 19223610, LumiSection 13462 on stream 0 at 11-Jun-2024 09:35:51.867 CEST
11-Jun-2024 09:35:52 CEST  Closed file root://xrootd-cms.infn.it//store/mc/RunIISummer20UL16MiniAODv2/QCD_HT2000toInf_TuneCP5_PSWeights_13TeV-madgraph-pythia8/MINIAODSIM/106X_mcRun2_asymptotic_v17-v1/270000/1AF2CC69-1587-5945-94AB-8BF8FCA7D542.root
11-Jun-2024 09:35:52 CEST  Initiating request to open file root://eoscms.cern.ch//eos/cms/store/mc/RunIISummer20UL16MiniAODv2/QCD_HT2000toInf_TuneCP5_PSWeights_13TeV-madgraph-pythia8/MINIAODSIM/106X_mcRun2_asymptotic_v17-v1/270000/741C8DF6-8C53-8546-A55B-157E997B5DFC.root
%MSG-w XrdAdaptorInternal:  file_open 11-Jun-2024 09:35:53 CEST PostProcessEvent
Failed to open file at URL root://eoscms.cern.ch:1094//eos/cms/store/mc/RunIISummer20UL16MiniAODv2/QCD_HT2000toInf_TuneCP5_PSWeights_13TeV-madgraph-pythia8/MINIAODSIM/106X_mcRun2_asymptotic_v17-v1/270000/741C8DF6-8C53-8546-A55B-157E997B5DFC.root.
%MSG
%MSG-w XrdAdaptorInternal:  file_open 11-Jun-2024 09:35:53 CEST PostProcessEvent
Failed to open file at URL root://eoscms.cern.ch:1094//eos/cms/store/mc/RunIISummer20UL16MiniAODv2/QCD_HT2000toInf_TuneCP5_PSWeights_13TeV-madgraph-pythia8/MINIAODSIM/106X_mcRun2_asymptotic_v17-v1/270000/741C8DF6-8C53-8546-A55B-157E997B5DFC.root?tried=.
%MSG
11-Jun-2024 09:35:53 CEST  Fallback request to file root://xrootd-cms.infn.it//store/mc/RunIISummer20UL16MiniAODv2/QCD_HT2000toInf_TuneCP5_PSWeights_13TeV-madgraph-pythia8/MINIAODSIM/106X_mcRun2_asymptotic_v17-v1/270000/741C8DF6-8C53-8546-A55B-157E997B5DFC.root
%MSG-w XrdAdaptor:  file_open 11-Jun-2024 09:36:06 CEST PostProcessEvent
Data is served from T2_US_Nebraska instead of original site T2_FR_GRIF_LLR
%MSG
11-Jun-2024 09:36:07 CEST  Successfully opened file root://xrootd-cms.infn.it//store/mc/RunIISummer20UL16MiniAODv2/QCD_HT2000toInf_TuneCP5_PSWeights_13TeV-madgraph-pythia8/MINIAODSIM/106X_mcRun2_asymptotic_v17-v1/270000/741C8DF6-8C53-8546-A55B-157E997B5DFC.root
11-Jun-2024 09:36:30 CEST  Closed file root://xrootd-cms.infn.it//store/mc/RunIISummer20UL16MiniAODv2/QCD_HT2000toInf_TuneCP5_PSWeights_13TeV-madgraph-pythia8/MINIAODSIM/106X_mcRun2_asymptotic_v17-v1/270000/741C8DF6-8C53-8546-A55B-157E997B5DFC.root
11-Jun-2024 09:36:30 CEST  Initiating request to open file root://eoscms.cern.ch//eos/cms/store/mc/RunIISummer20UL16MiniAODv2/QCD_HT2000toInf_TuneCP5_PSWeights_13TeV-madgraph-pythia8/MINIAODSIM/106X_mcRun2_asymptotic_v17-v1/270000/052645EE-9136-744D-AFDD-5C9E3F1C7337.root
%MSG-w XrdAdaptorInternal:  file_open 11-Jun-2024 09:36:31 CEST PostProcessEvent
Failed to open file at URL root://eoscms.cern.ch:1094//eos/cms/store/mc/RunIISummer20UL16MiniAODv2/QCD_HT2000toInf_TuneCP5_PSWeights_13TeV-madgraph-pythia8/MINIAODSIM/106X_mcRun2_asymptotic_v17-v1/270000/052645EE-9136-744D-AFDD-5C9E3F1C7337.root.
%MSG
%MSG-w XrdAdaptorInternal:  file_open 11-Jun-2024 09:36:31 CEST PostProcessEvent
Failed to open file at URL root://eoscms.cern.ch:1094//eos/cms/store/mc/RunIISummer20UL16MiniAODv2/QCD_HT2000toInf_TuneCP5_PSWeights_13TeV-madgraph-pythia8/MINIAODSIM/106X_mcRun2_asymptotic_v17-v1/270000/052645EE-9136-744D-AFDD-5C9E3F1C7337.root?tried=.
%MSG
11-Jun-2024 09:36:31 CEST  Fallback request to file root://xrootd-cms.infn.it//store/mc/RunIISummer20UL16MiniAODv2/QCD_HT2000toInf_TuneCP5_PSWeights_13TeV-madgraph-pythia8/MINIAODSIM/106X_mcRun2_asymptotic_v17-v1/270000/052645EE-9136-744D-AFDD-5C9E3F1C7337.root
%MSG-w XrdAdaptor:  file_open 11-Jun-2024 09:36:45 CEST PostProcessEvent
Data is served from T2_US_Nebraska instead of original site T2_FR_GRIF_LLR
%MSG
11-Jun-2024 09:36:45 CEST  Successfully opened file root://xrootd-cms.infn.it//store/mc/RunIISummer20UL16MiniAODv2/QCD_HT2000toInf_TuneCP5_PSWeights_13TeV-madgraph-pythia8/MINIAODSIM/106X_mcRun2_asymptotic_v17-v1/270000/052645EE-9136-744D-AFDD-5C9E3F1C7337.root
11-Jun-2024 09:37:14 CEST  Closed file root://xrootd-cms.infn.it//store/mc/RunIISummer20UL16MiniAODv2/QCD_HT2000toInf_TuneCP5_PSWeights_13TeV-madgraph-pythia8/MINIAODSIM/106X_mcRun2_asymptotic_v17-v1/270000/052645EE-9136-744D-AFDD-5C9E3F1C7337.root
11-Jun-2024 09:37:14 CEST  Initiating request to open file root://eoscms.cern.ch//eos/cms/store/mc/RunIISummer20UL16MiniAODv2/QCD_HT2000toInf_TuneCP5_PSWeights_13TeV-madgraph-pythia8/MINIAODSIM/106X_mcRun2_asymptotic_v17-v1/270000/F9E9CE67-7AF2-3347-A5A0-6C862EEE3E68.root
%MSG-w XrdAdaptorInternal:  file_open 11-Jun-2024 09:37:15 CEST PostProcessEvent
Failed to open file at URL root://eoscms.cern.ch:1094//eos/cms/store/mc/RunIISummer20UL16MiniAODv2/QCD_HT2000toInf_TuneCP5_PSWeights_13TeV-madgraph-pythia8/MINIAODSIM/106X_mcRun2_asymptotic_v17-v1/270000/F9E9CE67-7AF2-3347-A5A0-6C862EEE3E68.root.
%MSG
%MSG-w XrdAdaptorInternal:  file_open 11-Jun-2024 09:37:15 CEST PostProcessEvent
Failed to open file at URL root://eoscms.cern.ch:1094//eos/cms/store/mc/RunIISummer20UL16MiniAODv2/QCD_HT2000toInf_TuneCP5_PSWeights_13TeV-madgraph-pythia8/MINIAODSIM/106X_mcRun2_asymptotic_v17-v1/270000/F9E9CE67-7AF2-3347-A5A0-6C862EEE3E68.root?tried=.
%MSG
11-Jun-2024 09:37:15 CEST  Fallback request to file root://xrootd-cms.infn.it//store/mc/RunIISummer20UL16MiniAODv2/QCD_HT2000toInf_TuneCP5_PSWeights_13TeV-madgraph-pythia8/MINIAODSIM/106X_mcRun2_asymptotic_v17-v1/270000/F9E9CE67-7AF2-3347-A5A0-6C862EEE3E68.root
%MSG-w XrdAdaptor:  file_open 11-Jun-2024 09:37:29 CEST PostProcessEvent
Data is served from T2_US_Nebraska instead of original site T2_FR_GRIF_LLR
%MSG
11-Jun-2024 09:37:29 CEST  Successfully opened file root://xrootd-cms.infn.it//store/mc/RunIISummer20UL16MiniAODv2/QCD_HT2000toInf_TuneCP5_PSWeights_13TeV-madgraph-pythia8/MINIAODSIM/106X_mcRun2_asymptotic_v17-v1/270000/F9E9CE67-7AF2-3347-A5A0-6C862EEE3E68.root
Begin processing the 400001st record. Run 1, Event 16008594, LumiSection 11211 on stream 0 at 11-Jun-2024 09:37:57.523 CEST
11-Jun-2024 09:37:58 CEST  Closed file root://xrootd-cms.infn.it//store/mc/RunIISummer20UL16MiniAODv2/QCD_HT2000toInf_TuneCP5_PSWeights_13TeV-madgraph-pythia8/MINIAODSIM/106X_mcRun2_asymptotic_v17-v1/270000/F9E9CE67-7AF2-3347-A5A0-6C862EEE3E68.root
11-Jun-2024 09:37:58 CEST  Initiating request to open file root://eoscms.cern.ch//eos/cms/store/mc/RunIISummer20UL16MiniAODv2/QCD_HT2000toInf_TuneCP5_PSWeights_13TeV-madgraph-pythia8/MINIAODSIM/106X_mcRun2_asymptotic_v17-v1/270000/AEB12F28-40B3-E548-B2FE-C7E526740B63.root
%MSG-w XrdAdaptorInternal:  file_open 11-Jun-2024 09:37:59 CEST PostProcessEvent
Failed to open file at URL root://eoscms.cern.ch:1094//eos/cms/store/mc/RunIISummer20UL16MiniAODv2/QCD_HT2000toInf_TuneCP5_PSWeights_13TeV-madgraph-pythia8/MINIAODSIM/106X_mcRun2_asymptotic_v17-v1/270000/AEB12F28-40B3-E548-B2FE-C7E526740B63.root.
%MSG
%MSG-w XrdAdaptorInternal:  file_open 11-Jun-2024 09:37:59 CEST PostProcessEvent
Failed to open file at URL root://eoscms.cern.ch:1094//eos/cms/store/mc/RunIISummer20UL16MiniAODv2/QCD_HT2000toInf_TuneCP5_PSWeights_13TeV-madgraph-pythia8/MINIAODSIM/106X_mcRun2_asymptotic_v17-v1/270000/AEB12F28-40B3-E548-B2FE-C7E526740B63.root?tried=.
%MSG
11-Jun-2024 09:37:59 CEST  Fallback request to file root://xrootd-cms.infn.it//store/mc/RunIISummer20UL16MiniAODv2/QCD_HT2000toInf_TuneCP5_PSWeights_13TeV-madgraph-pythia8/MINIAODSIM/106X_mcRun2_asymptotic_v17-v1/270000/AEB12F28-40B3-E548-B2FE-C7E526740B63.root
%MSG-w XrdAdaptor:  file_open 11-Jun-2024 09:38:13 CEST PostProcessEvent
Data is served from T2_US_Nebraska instead of original site T2_FR_GRIF_LLR
%MSG
11-Jun-2024 09:38:14 CEST  Successfully opened file root://xrootd-cms.infn.it//store/mc/RunIISummer20UL16MiniAODv2/QCD_HT2000toInf_TuneCP5_PSWeights_13TeV-madgraph-pythia8/MINIAODSIM/106X_mcRun2_asymptotic_v17-v1/270000/AEB12F28-40B3-E548-B2FE-C7E526740B63.root
11-Jun-2024 09:38:42 CEST  Closed file root://xrootd-cms.infn.it//store/mc/RunIISummer20UL16MiniAODv2/QCD_HT2000toInf_TuneCP5_PSWeights_13TeV-madgraph-pythia8/MINIAODSIM/106X_mcRun2_asymptotic_v17-v1/270000/AEB12F28-40B3-E548-B2FE-C7E526740B63.root
11-Jun-2024 09:38:42 CEST  Initiating request to open file root://eoscms.cern.ch//eos/cms/store/mc/RunIISummer20UL16MiniAODv2/QCD_HT2000toInf_TuneCP5_PSWeights_13TeV-madgraph-pythia8/MINIAODSIM/106X_mcRun2_asymptotic_v17-v1/270000/02B9EBC8-71F3-8043-859B-B0E78175D704.root
%MSG-w XrdAdaptorInternal:  file_open 11-Jun-2024 09:38:43 CEST PostProcessEvent
Failed to open file at URL root://eoscms.cern.ch:1094//eos/cms/store/mc/RunIISummer20UL16MiniAODv2/QCD_HT2000toInf_TuneCP5_PSWeights_13TeV-madgraph-pythia8/MINIAODSIM/106X_mcRun2_asymptotic_v17-v1/270000/02B9EBC8-71F3-8043-859B-B0E78175D704.root.
%MSG
%MSG-w XrdAdaptorInternal:  file_open 11-Jun-2024 09:38:43 CEST PostProcessEvent
Failed to open file at URL root://eoscms.cern.ch:1094//eos/cms/store/mc/RunIISummer20UL16MiniAODv2/QCD_HT2000toInf_TuneCP5_PSWeights_13TeV-madgraph-pythia8/MINIAODSIM/106X_mcRun2_asymptotic_v17-v1/270000/02B9EBC8-71F3-8043-859B-B0E78175D704.root?tried=.
%MSG
11-Jun-2024 09:38:43 CEST  Fallback request to file root://xrootd-cms.infn.it//store/mc/RunIISummer20UL16MiniAODv2/QCD_HT2000toInf_TuneCP5_PSWeights_13TeV-madgraph-pythia8/MINIAODSIM/106X_mcRun2_asymptotic_v17-v1/270000/02B9EBC8-71F3-8043-859B-B0E78175D704.root
%MSG-w XrdAdaptor:  file_open 11-Jun-2024 09:38:57 CEST PostProcessEvent
Data is served from T2_US_Nebraska instead of original site T2_FR_GRIF_LLR
%MSG
11-Jun-2024 09:38:58 CEST  Successfully opened file root://xrootd-cms.infn.it//store/mc/RunIISummer20UL16MiniAODv2/QCD_HT2000toInf_TuneCP5_PSWeights_13TeV-madgraph-pythia8/MINIAODSIM/106X_mcRun2_asymptotic_v17-v1/270000/02B9EBC8-71F3-8043-859B-B0E78175D704.root
Begin processing the 500001st record. Run 1, Event 23597348, LumiSection 16525 on stream 0 at 11-Jun-2024 09:39:25.956 CEST
11-Jun-2024 09:39:26 CEST  Closed file root://xrootd-cms.infn.it//store/mc/RunIISummer20UL16MiniAODv2/QCD_HT2000toInf_TuneCP5_PSWeights_13TeV-madgraph-pythia8/MINIAODSIM/106X_mcRun2_asymptotic_v17-v1/270000/02B9EBC8-71F3-8043-859B-B0E78175D704.root
11-Jun-2024 09:39:26 CEST  Initiating request to open file root://eoscms.cern.ch//eos/cms/store/mc/RunIISummer20UL16MiniAODv2/QCD_HT2000toInf_TuneCP5_PSWeights_13TeV-madgraph-pythia8/MINIAODSIM/106X_mcRun2_asymptotic_v17-v1/270000/F6134EAD-B265-BB41-B2A5-BCC6F263924D.root
%MSG-w XrdAdaptorInternal:  file_open 11-Jun-2024 09:39:27 CEST PostProcessEvent
Failed to open file at URL root://eoscms.cern.ch:1094//eos/cms/store/mc/RunIISummer20UL16MiniAODv2/QCD_HT2000toInf_TuneCP5_PSWeights_13TeV-madgraph-pythia8/MINIAODSIM/106X_mcRun2_asymptotic_v17-v1/270000/F6134EAD-B265-BB41-B2A5-BCC6F263924D.root.
%MSG
%MSG-w XrdAdaptorInternal:  file_open 11-Jun-2024 09:39:27 CEST PostProcessEvent
Failed to open file at URL root://eoscms.cern.ch:1094//eos/cms/store/mc/RunIISummer20UL16MiniAODv2/QCD_HT2000toInf_TuneCP5_PSWeights_13TeV-madgraph-pythia8/MINIAODSIM/106X_mcRun2_asymptotic_v17-v1/270000/F6134EAD-B265-BB41-B2A5-BCC6F263924D.root?tried=.
%MSG
11-Jun-2024 09:39:27 CEST  Fallback request to file root://xrootd-cms.infn.it//store/mc/RunIISummer20UL16MiniAODv2/QCD_HT2000toInf_TuneCP5_PSWeights_13TeV-madgraph-pythia8/MINIAODSIM/106X_mcRun2_asymptotic_v17-v1/270000/F6134EAD-B265-BB41-B2A5-BCC6F263924D.root
%MSG-w XrdAdaptor:  file_open 11-Jun-2024 09:39:41 CEST PostProcessEvent
Data is served from T2_US_Nebraska instead of original site T2_FR_GRIF_LLR
%MSG
11-Jun-2024 09:39:41 CEST  Successfully opened file root://xrootd-cms.infn.it//store/mc/RunIISummer20UL16MiniAODv2/QCD_HT2000toInf_TuneCP5_PSWeights_13TeV-madgraph-pythia8/MINIAODSIM/106X_mcRun2_asymptotic_v17-v1/270000/F6134EAD-B265-BB41-B2A5-BCC6F263924D.root
11-Jun-2024 09:40:09 CEST  Closed file root://xrootd-cms.infn.it//store/mc/RunIISummer20UL16MiniAODv2/QCD_HT2000toInf_TuneCP5_PSWeights_13TeV-madgraph-pythia8/MINIAODSIM/106X_mcRun2_asymptotic_v17-v1/270000/F6134EAD-B265-BB41-B2A5-BCC6F263924D.root
11-Jun-2024 09:40:09 CEST  Initiating request to open file root://eoscms.cern.ch//eos/cms/store/mc/RunIISummer20UL16MiniAODv2/QCD_HT2000toInf_TuneCP5_PSWeights_13TeV-madgraph-pythia8/MINIAODSIM/106X_mcRun2_asymptotic_v17-v1/270000/FB57C403-6693-4B47-9BED-7CFD4FA4847A.root
%MSG-w XrdAdaptorInternal:  file_open 11-Jun-2024 09:40:10 CEST PostProcessEvent
Failed to open file at URL root://eoscms.cern.ch:1094//eos/cms/store/mc/RunIISummer20UL16MiniAODv2/QCD_HT2000toInf_TuneCP5_PSWeights_13TeV-madgraph-pythia8/MINIAODSIM/106X_mcRun2_asymptotic_v17-v1/270000/FB57C403-6693-4B47-9BED-7CFD4FA4847A.root.
%MSG
%MSG-w XrdAdaptorInternal:  file_open 11-Jun-2024 09:40:10 CEST PostProcessEvent
Failed to open file at URL root://eoscms.cern.ch:1094//eos/cms/store/mc/RunIISummer20UL16MiniAODv2/QCD_HT2000toInf_TuneCP5_PSWeights_13TeV-madgraph-pythia8/MINIAODSIM/106X_mcRun2_asymptotic_v17-v1/270000/FB57C403-6693-4B47-9BED-7CFD4FA4847A.root?tried=.
%MSG
11-Jun-2024 09:40:10 CEST  Fallback request to file root://xrootd-cms.infn.it//store/mc/RunIISummer20UL16MiniAODv2/QCD_HT2000toInf_TuneCP5_PSWeights_13TeV-madgraph-pythia8/MINIAODSIM/106X_mcRun2_asymptotic_v17-v1/270000/FB57C403-6693-4B47-9BED-7CFD4FA4847A.root
%MSG-w XrdAdaptor:  file_open 11-Jun-2024 09:40:24 CEST PostProcessEvent
Data is served from T2_US_Nebraska instead of original site T2_FR_GRIF_LLR
%MSG
11-Jun-2024 09:40:25 CEST  Successfully opened file root://xrootd-cms.infn.it//store/mc/RunIISummer20UL16MiniAODv2/QCD_HT2000toInf_TuneCP5_PSWeights_13TeV-madgraph-pythia8/MINIAODSIM/106X_mcRun2_asymptotic_v17-v1/270000/FB57C403-6693-4B47-9BED-7CFD4FA4847A.root
Begin processing the 600001st record. Run 1, Event 5605089, LumiSection 3926 on stream 0 at 11-Jun-2024 09:40:52.165 CEST
11-Jun-2024 09:40:52 CEST  Closed file root://xrootd-cms.infn.it//store/mc/RunIISummer20UL16MiniAODv2/QCD_HT2000toInf_TuneCP5_PSWeights_13TeV-madgraph-pythia8/MINIAODSIM/106X_mcRun2_asymptotic_v17-v1/270000/FB57C403-6693-4B47-9BED-7CFD4FA4847A.root
11-Jun-2024 09:40:52 CEST  Initiating request to open file root://eoscms.cern.ch//eos/cms/store/mc/RunIISummer20UL16MiniAODv2/QCD_HT2000toInf_TuneCP5_PSWeights_13TeV-madgraph-pythia8/MINIAODSIM/106X_mcRun2_asymptotic_v17-v1/270000/CBD20E26-AF5C-8241-8981-BE759AEA8E83.root
%MSG-w XrdAdaptorInternal:  file_open 11-Jun-2024 09:40:53 CEST PostProcessEvent
Failed to open file at URL root://eoscms.cern.ch:1094//eos/cms/store/mc/RunIISummer20UL16MiniAODv2/QCD_HT2000toInf_TuneCP5_PSWeights_13TeV-madgraph-pythia8/MINIAODSIM/106X_mcRun2_asymptotic_v17-v1/270000/CBD20E26-AF5C-8241-8981-BE759AEA8E83.root.
%MSG
%MSG-w XrdAdaptorInternal:  file_open 11-Jun-2024 09:40:53 CEST PostProcessEvent
Failed to open file at URL root://eoscms.cern.ch:1094//eos/cms/store/mc/RunIISummer20UL16MiniAODv2/QCD_HT2000toInf_TuneCP5_PSWeights_13TeV-madgraph-pythia8/MINIAODSIM/106X_mcRun2_asymptotic_v17-v1/270000/CBD20E26-AF5C-8241-8981-BE759AEA8E83.root?tried=.
%MSG
11-Jun-2024 09:40:53 CEST  Fallback request to file root://xrootd-cms.infn.it//store/mc/RunIISummer20UL16MiniAODv2/QCD_HT2000toInf_TuneCP5_PSWeights_13TeV-madgraph-pythia8/MINIAODSIM/106X_mcRun2_asymptotic_v17-v1/270000/CBD20E26-AF5C-8241-8981-BE759AEA8E83.root
%MSG-w XrdAdaptor:  file_open 11-Jun-2024 09:41:07 CEST PostProcessEvent
Data is served from T2_US_Nebraska instead of original site T2_FR_GRIF_LLR
%MSG
11-Jun-2024 09:41:07 CEST  Successfully opened file root://xrootd-cms.infn.it//store/mc/RunIISummer20UL16MiniAODv2/QCD_HT2000toInf_TuneCP5_PSWeights_13TeV-madgraph-pythia8/MINIAODSIM/106X_mcRun2_asymptotic_v17-v1/270000/CBD20E26-AF5C-8241-8981-BE759AEA8E83.root
11-Jun-2024 09:41:35 CEST  Closed file root://xrootd-cms.infn.it//store/mc/RunIISummer20UL16MiniAODv2/QCD_HT2000toInf_TuneCP5_PSWeights_13TeV-madgraph-pythia8/MINIAODSIM/106X_mcRun2_asymptotic_v17-v1/270000/CBD20E26-AF5C-8241-8981-BE759AEA8E83.root
11-Jun-2024 09:41:35 CEST  Initiating request to open file root://eoscms.cern.ch//eos/cms/store/mc/RunIISummer20UL16MiniAODv2/QCD_HT2000toInf_TuneCP5_PSWeights_13TeV-madgraph-pythia8/MINIAODSIM/106X_mcRun2_asymptotic_v17-v1/270000/8A60312F-981B-C544-9DA8-1DF732DE67DA.root
%MSG-w XrdAdaptorInternal:  file_open 11-Jun-2024 09:41:36 CEST PostProcessEvent
Failed to open file at URL root://eoscms.cern.ch:1094//eos/cms/store/mc/RunIISummer20UL16MiniAODv2/QCD_HT2000toInf_TuneCP5_PSWeights_13TeV-madgraph-pythia8/MINIAODSIM/106X_mcRun2_asymptotic_v17-v1/270000/8A60312F-981B-C544-9DA8-1DF732DE67DA.root.
%MSG
%MSG-w XrdAdaptorInternal:  file_open 11-Jun-2024 09:41:36 CEST PostProcessEvent
Failed to open file at URL root://eoscms.cern.ch:1094//eos/cms/store/mc/RunIISummer20UL16MiniAODv2/QCD_HT2000toInf_TuneCP5_PSWeights_13TeV-madgraph-pythia8/MINIAODSIM/106X_mcRun2_asymptotic_v17-v1/270000/8A60312F-981B-C544-9DA8-1DF732DE67DA.root?tried=.
%MSG
11-Jun-2024 09:41:36 CEST  Fallback request to file root://xrootd-cms.infn.it//store/mc/RunIISummer20UL16MiniAODv2/QCD_HT2000toInf_TuneCP5_PSWeights_13TeV-madgraph-pythia8/MINIAODSIM/106X_mcRun2_asymptotic_v17-v1/270000/8A60312F-981B-C544-9DA8-1DF732DE67DA.root
%MSG-w XrdAdaptor:  file_open 11-Jun-2024 09:41:50 CEST PostProcessEvent
Data is served from T2_US_Nebraska instead of original site T2_FR_GRIF_LLR
%MSG
11-Jun-2024 09:41:50 CEST  Successfully opened file root://xrootd-cms.infn.it//store/mc/RunIISummer20UL16MiniAODv2/QCD_HT2000toInf_TuneCP5_PSWeights_13TeV-madgraph-pythia8/MINIAODSIM/106X_mcRun2_asymptotic_v17-v1/270000/8A60312F-981B-C544-9DA8-1DF732DE67DA.root
Begin processing the 700001st record. Run 1, Event 13335669, LumiSection 9339 on stream 0 at 11-Jun-2024 09:42:18.551 CEST
11-Jun-2024 09:42:18 CEST  Closed file root://xrootd-cms.infn.it//store/mc/RunIISummer20UL16MiniAODv2/QCD_HT2000toInf_TuneCP5_PSWeights_13TeV-madgraph-pythia8/MINIAODSIM/106X_mcRun2_asymptotic_v17-v1/270000/8A60312F-981B-C544-9DA8-1DF732DE67DA.root
11-Jun-2024 09:42:18 CEST  Initiating request to open file root://eoscms.cern.ch//eos/cms/store/mc/RunIISummer20UL16MiniAODv2/QCD_HT2000toInf_TuneCP5_PSWeights_13TeV-madgraph-pythia8/MINIAODSIM/106X_mcRun2_asymptotic_v17-v1/270000/743BBC80-70E9-0940-9A8A-5FF296CF9A27.root
%MSG-w XrdAdaptorInternal:  file_open 11-Jun-2024 09:42:19 CEST PostProcessEvent
Failed to open file at URL root://eoscms.cern.ch:1094//eos/cms/store/mc/RunIISummer20UL16MiniAODv2/QCD_HT2000toInf_TuneCP5_PSWeights_13TeV-madgraph-pythia8/MINIAODSIM/106X_mcRun2_asymptotic_v17-v1/270000/743BBC80-70E9-0940-9A8A-5FF296CF9A27.root.
%MSG
%MSG-w XrdAdaptorInternal:  file_open 11-Jun-2024 09:42:19 CEST PostProcessEvent
Failed to open file at URL root://eoscms.cern.ch:1094//eos/cms/store/mc/RunIISummer20UL16MiniAODv2/QCD_HT2000toInf_TuneCP5_PSWeights_13TeV-madgraph-pythia8/MINIAODSIM/106X_mcRun2_asymptotic_v17-v1/270000/743BBC80-70E9-0940-9A8A-5FF296CF9A27.root?tried=.
%MSG
11-Jun-2024 09:42:19 CEST  Fallback request to file root://xrootd-cms.infn.it//store/mc/RunIISummer20UL16MiniAODv2/QCD_HT2000toInf_TuneCP5_PSWeights_13TeV-madgraph-pythia8/MINIAODSIM/106X_mcRun2_asymptotic_v17-v1/270000/743BBC80-70E9-0940-9A8A-5FF296CF9A27.root
%MSG-w XrdAdaptor:  file_open 11-Jun-2024 09:42:33 CEST PostProcessEvent
Data is served from T2_US_Nebraska instead of original site T2_FR_GRIF_LLR
%MSG
11-Jun-2024 09:42:33 CEST  Successfully opened file root://xrootd-cms.infn.it//store/mc/RunIISummer20UL16MiniAODv2/QCD_HT2000toInf_TuneCP5_PSWeights_13TeV-madgraph-pythia8/MINIAODSIM/106X_mcRun2_asymptotic_v17-v1/270000/743BBC80-70E9-0940-9A8A-5FF296CF9A27.root
11-Jun-2024 09:43:01 CEST  Closed file root://xrootd-cms.infn.it//store/mc/RunIISummer20UL16MiniAODv2/QCD_HT2000toInf_TuneCP5_PSWeights_13TeV-madgraph-pythia8/MINIAODSIM/106X_mcRun2_asymptotic_v17-v1/270000/743BBC80-70E9-0940-9A8A-5FF296CF9A27.root
11-Jun-2024 09:43:01 CEST  Initiating request to open file root://eoscms.cern.ch//eos/cms/store/mc/RunIISummer20UL16MiniAODv2/QCD_HT2000toInf_TuneCP5_PSWeights_13TeV-madgraph-pythia8/MINIAODSIM/106X_mcRun2_asymptotic_v17-v1/270000/FFD9279D-4E1F-B740-89F8-FF3B8143D8F4.root
%MSG-w XrdAdaptorInternal:  file_open 11-Jun-2024 09:43:02 CEST PostProcessEvent
Failed to open file at URL root://eoscms.cern.ch:1094//eos/cms/store/mc/RunIISummer20UL16MiniAODv2/QCD_HT2000toInf_TuneCP5_PSWeights_13TeV-madgraph-pythia8/MINIAODSIM/106X_mcRun2_asymptotic_v17-v1/270000/FFD9279D-4E1F-B740-89F8-FF3B8143D8F4.root.
%MSG
%MSG-w XrdAdaptorInternal:  file_open 11-Jun-2024 09:43:02 CEST PostProcessEvent
Failed to open file at URL root://eoscms.cern.ch:1094//eos/cms/store/mc/RunIISummer20UL16MiniAODv2/QCD_HT2000toInf_TuneCP5_PSWeights_13TeV-madgraph-pythia8/MINIAODSIM/106X_mcRun2_asymptotic_v17-v1/270000/FFD9279D-4E1F-B740-89F8-FF3B8143D8F4.root?tried=.
%MSG
11-Jun-2024 09:43:02 CEST  Fallback request to file root://xrootd-cms.infn.it//store/mc/RunIISummer20UL16MiniAODv2/QCD_HT2000toInf_TuneCP5_PSWeights_13TeV-madgraph-pythia8/MINIAODSIM/106X_mcRun2_asymptotic_v17-v1/270000/FFD9279D-4E1F-B740-89F8-FF3B8143D8F4.root
%MSG-w XrdAdaptor:  file_open 11-Jun-2024 09:43:16 CEST PostProcessEvent
Data is served from T2_US_Nebraska instead of original site T2_FR_GRIF_LLR
%MSG
11-Jun-2024 09:43:17 CEST  Successfully opened file root://xrootd-cms.infn.it//store/mc/RunIISummer20UL16MiniAODv2/QCD_HT2000toInf_TuneCP5_PSWeights_13TeV-madgraph-pythia8/MINIAODSIM/106X_mcRun2_asymptotic_v17-v1/270000/FFD9279D-4E1F-B740-89F8-FF3B8143D8F4.root
Begin processing the 800001st record. Run 1, Event 2019803, LumiSection 1415 on stream 0 at 11-Jun-2024 09:43:43.247 CEST
11-Jun-2024 09:43:43 CEST  Closed file root://xrootd-cms.infn.it//store/mc/RunIISummer20UL16MiniAODv2/QCD_HT2000toInf_TuneCP5_PSWeights_13TeV-madgraph-pythia8/MINIAODSIM/106X_mcRun2_asymptotic_v17-v1/270000/FFD9279D-4E1F-B740-89F8-FF3B8143D8F4.root
11-Jun-2024 09:43:43 CEST  Initiating request to open file root://eoscms.cern.ch//eos/cms/store/mc/RunIISummer20UL16MiniAODv2/QCD_HT2000toInf_TuneCP5_PSWeights_13TeV-madgraph-pythia8/MINIAODSIM/106X_mcRun2_asymptotic_v17-v1/270000/61961100-391D-5842-B3C9-E4287DC25970.root
%MSG-w XrdAdaptorInternal:  file_open 11-Jun-2024 09:43:44 CEST PostProcessEvent
Failed to open file at URL root://eoscms.cern.ch:1094//eos/cms/store/mc/RunIISummer20UL16MiniAODv2/QCD_HT2000toInf_TuneCP5_PSWeights_13TeV-madgraph-pythia8/MINIAODSIM/106X_mcRun2_asymptotic_v17-v1/270000/61961100-391D-5842-B3C9-E4287DC25970.root.
%MSG
%MSG-w XrdAdaptorInternal:  file_open 11-Jun-2024 09:43:44 CEST PostProcessEvent
Failed to open file at URL root://eoscms.cern.ch:1094//eos/cms/store/mc/RunIISummer20UL16MiniAODv2/QCD_HT2000toInf_TuneCP5_PSWeights_13TeV-madgraph-pythia8/MINIAODSIM/106X_mcRun2_asymptotic_v17-v1/270000/61961100-391D-5842-B3C9-E4287DC25970.root?tried=.
%MSG
11-Jun-2024 09:43:44 CEST  Fallback request to file root://xrootd-cms.infn.it//store/mc/RunIISummer20UL16MiniAODv2/QCD_HT2000toInf_TuneCP5_PSWeights_13TeV-madgraph-pythia8/MINIAODSIM/106X_mcRun2_asymptotic_v17-v1/270000/61961100-391D-5842-B3C9-E4287DC25970.root
%MSG-w XrdAdaptor:  file_open 11-Jun-2024 09:43:57 CEST PostProcessEvent
Data is served from T2_US_Nebraska instead of original site T2_FR_GRIF_LLR
%MSG
11-Jun-2024 09:43:57 CEST  Successfully opened file root://xrootd-cms.infn.it//store/mc/RunIISummer20UL16MiniAODv2/QCD_HT2000toInf_TuneCP5_PSWeights_13TeV-madgraph-pythia8/MINIAODSIM/106X_mcRun2_asymptotic_v17-v1/270000/61961100-391D-5842-B3C9-E4287DC25970.root
11-Jun-2024 09:44:26 CEST  Closed file root://xrootd-cms.infn.it//store/mc/RunIISummer20UL16MiniAODv2/QCD_HT2000toInf_TuneCP5_PSWeights_13TeV-madgraph-pythia8/MINIAODSIM/106X_mcRun2_asymptotic_v17-v1/270000/61961100-391D-5842-B3C9-E4287DC25970.root
11-Jun-2024 09:44:26 CEST  Initiating request to open file root://eoscms.cern.ch//eos/cms/store/mc/RunIISummer20UL16MiniAODv2/QCD_HT2000toInf_TuneCP5_PSWeights_13TeV-madgraph-pythia8/MINIAODSIM/106X_mcRun2_asymptotic_v17-v1/270000/22B81A9E-45C9-984A-8223-997BB83EE4D4.root
%MSG-w XrdAdaptorInternal:  file_open 11-Jun-2024 09:44:27 CEST PostProcessEvent
Failed to open file at URL root://eoscms.cern.ch:1094//eos/cms/store/mc/RunIISummer20UL16MiniAODv2/QCD_HT2000toInf_TuneCP5_PSWeights_13TeV-madgraph-pythia8/MINIAODSIM/106X_mcRun2_asymptotic_v17-v1/270000/22B81A9E-45C9-984A-8223-997BB83EE4D4.root.
%MSG
%MSG-w XrdAdaptorInternal:  file_open 11-Jun-2024 09:44:27 CEST PostProcessEvent
Failed to open file at URL root://eoscms.cern.ch:1094//eos/cms/store/mc/RunIISummer20UL16MiniAODv2/QCD_HT2000toInf_TuneCP5_PSWeights_13TeV-madgraph-pythia8/MINIAODSIM/106X_mcRun2_asymptotic_v17-v1/270000/22B81A9E-45C9-984A-8223-997BB83EE4D4.root?tried=.
%MSG
11-Jun-2024 09:44:27 CEST  Fallback request to file root://xrootd-cms.infn.it//store/mc/RunIISummer20UL16MiniAODv2/QCD_HT2000toInf_TuneCP5_PSWeights_13TeV-madgraph-pythia8/MINIAODSIM/106X_mcRun2_asymptotic_v17-v1/270000/22B81A9E-45C9-984A-8223-997BB83EE4D4.root
%MSG-w XrdAdaptor:  file_open 11-Jun-2024 09:44:40 CEST PostProcessEvent
Data is served from T2_US_Nebraska instead of original site T2_FR_GRIF_LLR
%MSG
11-Jun-2024 09:44:40 CEST  Successfully opened file root://xrootd-cms.infn.it//store/mc/RunIISummer20UL16MiniAODv2/QCD_HT2000toInf_TuneCP5_PSWeights_13TeV-madgraph-pythia8/MINIAODSIM/106X_mcRun2_asymptotic_v17-v1/270000/22B81A9E-45C9-984A-8223-997BB83EE4D4.root
11-Jun-2024 09:45:09 CEST  Closed file root://xrootd-cms.infn.it//store/mc/RunIISummer20UL16MiniAODv2/QCD_HT2000toInf_TuneCP5_PSWeights_13TeV-madgraph-pythia8/MINIAODSIM/106X_mcRun2_asymptotic_v17-v1/270000/22B81A9E-45C9-984A-8223-997BB83EE4D4.root
11-Jun-2024 09:45:09 CEST  Initiating request to open file root://eoscms.cern.ch//eos/cms/store/mc/RunIISummer20UL16MiniAODv2/QCD_HT2000toInf_TuneCP5_PSWeights_13TeV-madgraph-pythia8/MINIAODSIM/106X_mcRun2_asymptotic_v17-v1/270000/3E5AB13B-46D9-9B41-AFA3-A4232D0410F3.root
%MSG-w XrdAdaptorInternal:  file_open 11-Jun-2024 09:45:10 CEST PostProcessEvent
Failed to open file at URL root://eoscms.cern.ch:1094//eos/cms/store/mc/RunIISummer20UL16MiniAODv2/QCD_HT2000toInf_TuneCP5_PSWeights_13TeV-madgraph-pythia8/MINIAODSIM/106X_mcRun2_asymptotic_v17-v1/270000/3E5AB13B-46D9-9B41-AFA3-A4232D0410F3.root.
%MSG
%MSG-w XrdAdaptorInternal:  file_open 11-Jun-2024 09:45:10 CEST PostProcessEvent
Failed to open file at URL root://eoscms.cern.ch:1094//eos/cms/store/mc/RunIISummer20UL16MiniAODv2/QCD_HT2000toInf_TuneCP5_PSWeights_13TeV-madgraph-pythia8/MINIAODSIM/106X_mcRun2_asymptotic_v17-v1/270000/3E5AB13B-46D9-9B41-AFA3-A4232D0410F3.root?tried=.
%MSG
11-Jun-2024 09:45:10 CEST  Fallback request to file root://xrootd-cms.infn.it//store/mc/RunIISummer20UL16MiniAODv2/QCD_HT2000toInf_TuneCP5_PSWeights_13TeV-madgraph-pythia8/MINIAODSIM/106X_mcRun2_asymptotic_v17-v1/270000/3E5AB13B-46D9-9B41-AFA3-A4232D0410F3.root
%MSG-w XrdAdaptor:  file_open 11-Jun-2024 09:45:24 CEST PostProcessEvent
Data is served from T2_US_Nebraska instead of original site T2_FR_GRIF_LLR
%MSG
11-Jun-2024 09:45:24 CEST  Successfully opened file root://xrootd-cms.infn.it//store/mc/RunIISummer20UL16MiniAODv2/QCD_HT2000toInf_TuneCP5_PSWeights_13TeV-madgraph-pythia8/MINIAODSIM/106X_mcRun2_asymptotic_v17-v1/270000/3E5AB13B-46D9-9B41-AFA3-A4232D0410F3.root
Begin processing the 900001st record. Run 1, Event 7235013, LumiSection 5067 on stream 0 at 11-Jun-2024 09:45:51.784 CEST
11-Jun-2024 09:45:53 CEST  Closed file root://xrootd-cms.infn.it//store/mc/RunIISummer20UL16MiniAODv2/QCD_HT2000toInf_TuneCP5_PSWeights_13TeV-madgraph-pythia8/MINIAODSIM/106X_mcRun2_asymptotic_v17-v1/270000/3E5AB13B-46D9-9B41-AFA3-A4232D0410F3.root
11-Jun-2024 09:45:53 CEST  Initiating request to open file root://eoscms.cern.ch//eos/cms/store/mc/RunIISummer20UL16MiniAODv2/QCD_HT2000toInf_TuneCP5_PSWeights_13TeV-madgraph-pythia8/MINIAODSIM/106X_mcRun2_asymptotic_v17-v1/270000/E02D4584-1670-3940-974F-D359B4892989.root
%MSG-w XrdAdaptorInternal:  file_open 11-Jun-2024 09:45:54 CEST PostProcessEvent
Failed to open file at URL root://eoscms.cern.ch:1094//eos/cms/store/mc/RunIISummer20UL16MiniAODv2/QCD_HT2000toInf_TuneCP5_PSWeights_13TeV-madgraph-pythia8/MINIAODSIM/106X_mcRun2_asymptotic_v17-v1/270000/E02D4584-1670-3940-974F-D359B4892989.root.
%MSG
%MSG-w XrdAdaptorInternal:  file_open 11-Jun-2024 09:45:54 CEST PostProcessEvent
Failed to open file at URL root://eoscms.cern.ch:1094//eos/cms/store/mc/RunIISummer20UL16MiniAODv2/QCD_HT2000toInf_TuneCP5_PSWeights_13TeV-madgraph-pythia8/MINIAODSIM/106X_mcRun2_asymptotic_v17-v1/270000/E02D4584-1670-3940-974F-D359B4892989.root?tried=.
%MSG
11-Jun-2024 09:45:54 CEST  Fallback request to file root://xrootd-cms.infn.it//store/mc/RunIISummer20UL16MiniAODv2/QCD_HT2000toInf_TuneCP5_PSWeights_13TeV-madgraph-pythia8/MINIAODSIM/106X_mcRun2_asymptotic_v17-v1/270000/E02D4584-1670-3940-974F-D359B4892989.root
%MSG-w XrdAdaptor:  file_open 11-Jun-2024 09:46:08 CEST PostProcessEvent
Data is served from T2_US_Nebraska instead of original site T2_FR_GRIF_LLR
%MSG
11-Jun-2024 09:46:08 CEST  Successfully opened file root://xrootd-cms.infn.it//store/mc/RunIISummer20UL16MiniAODv2/QCD_HT2000toInf_TuneCP5_PSWeights_13TeV-madgraph-pythia8/MINIAODSIM/106X_mcRun2_asymptotic_v17-v1/270000/E02D4584-1670-3940-974F-D359B4892989.root
11-Jun-2024 09:46:16 CEST  Closed file root://xrootd-cms.infn.it//store/mc/RunIISummer20UL16MiniAODv2/QCD_HT2000toInf_TuneCP5_PSWeights_13TeV-madgraph-pythia8/MINIAODSIM/106X_mcRun2_asymptotic_v17-v1/270000/E02D4584-1670-3940-974F-D359B4892989.root
11-Jun-2024 09:46:16 CEST  Initiating request to open file root://eoscms.cern.ch//eos/cms/store/mc/RunIISummer20UL16MiniAODv2/QCD_HT2000toInf_TuneCP5_PSWeights_13TeV-madgraph-pythia8/MINIAODSIM/106X_mcRun2_asymptotic_v17-v1/270000/BE54EA8A-6570-754F-B1C0-48F2AC29ABBC.root
%MSG-w XrdAdaptorInternal:  file_open 11-Jun-2024 09:46:17 CEST PostProcessEvent
Failed to open file at URL root://eoscms.cern.ch:1094//eos/cms/store/mc/RunIISummer20UL16MiniAODv2/QCD_HT2000toInf_TuneCP5_PSWeights_13TeV-madgraph-pythia8/MINIAODSIM/106X_mcRun2_asymptotic_v17-v1/270000/BE54EA8A-6570-754F-B1C0-48F2AC29ABBC.root.
%MSG
%MSG-w XrdAdaptorInternal:  file_open 11-Jun-2024 09:46:17 CEST PostProcessEvent
Failed to open file at URL root://eoscms.cern.ch:1094//eos/cms/store/mc/RunIISummer20UL16MiniAODv2/QCD_HT2000toInf_TuneCP5_PSWeights_13TeV-madgraph-pythia8/MINIAODSIM/106X_mcRun2_asymptotic_v17-v1/270000/BE54EA8A-6570-754F-B1C0-48F2AC29ABBC.root?tried=.
%MSG
11-Jun-2024 09:46:17 CEST  Fallback request to file root://xrootd-cms.infn.it//store/mc/RunIISummer20UL16MiniAODv2/QCD_HT2000toInf_TuneCP5_PSWeights_13TeV-madgraph-pythia8/MINIAODSIM/106X_mcRun2_asymptotic_v17-v1/270000/BE54EA8A-6570-754F-B1C0-48F2AC29ABBC.root
%MSG-w XrdAdaptor:  file_open 11-Jun-2024 09:46:31 CEST PostProcessEvent
Data is served from T2_US_Nebraska instead of original site T2_FR_GRIF_LLR
%MSG
11-Jun-2024 09:46:32 CEST  Successfully opened file root://xrootd-cms.infn.it//store/mc/RunIISummer20UL16MiniAODv2/QCD_HT2000toInf_TuneCP5_PSWeights_13TeV-madgraph-pythia8/MINIAODSIM/106X_mcRun2_asymptotic_v17-v1/270000/BE54EA8A-6570-754F-B1C0-48F2AC29ABBC.root
     56.176690      0.463779      0.027978             1
      7.889406      0.099359      0.027978             0
    215.603000      0.729743      0.027978             2
 
11-Jun-2024 09:46:39 CEST  Closed file root://xrootd-cms.infn.it//store/mc/RunIISummer20UL16MiniAODv2/QCD_HT2000toInf_TuneCP5_PSWeights_13TeV-madgraph-pythia8/MINIAODSIM/106X_mcRun2_asymptotic_v17-v1/270000/BE54EA8A-6570-754F-B1C0-48F2AC29ABBC.root

------------------------------------
GenXsecAnalyzer:
------------------------------------
-------------------------------------------------------------------------------------------------------------------------------------------------------------------------- 
Overall cross-section summary 
--------------------------------------------------------------------------------------------------------------------------------------------------------------------------
Process		xsec_before [pb]		passed	nposw	nnegw	tried	nposw	nnegw 	xsec_match [pb]			accepted [%]	 event_eff [%]
0		7.999e+00 +/- 2.364e-03		5738	5738	0	364781	364781	0	1.258e-01 +/- 1.648e-03		1.6 +/- 0.0	1.6 +/- 0.0
1		5.628e+01 +/- 1.071e-02		21219	21219	0	2560024	2560024	0	4.665e-01 +/- 3.190e-03		0.8 +/- 0.0	0.8 +/- 0.0
2		2.157e+02 +/- 1.672e-02		973143	973143	0	9792963	9792963	0	2.144e+01 +/- 2.069e-02		9.9 +/- 0.0	9.9 +/- 0.0
-------------------------------------------------------------------------------------------------------------------------------------------------------------------------- 
Total		2.800e+02 +/- 1.999e-02		1000100	1000100	0	12717768	12717768	0	2.202e+01 +/- 2.119e-02		7.9 +/- 0.0	7.9 +/- 0.0
--------------------------------------------------------------------------------------------------------------------------------------------------------------------------
Before matching: total cross section = 2.800e+02 +- 1.999e-02 pb
After matching: total cross section = 2.202e+01 +- 2.119e-02 pb
Matching efficiency = 0.1 +/- 0.0   [TO BE USED IN MCM]
Filter efficiency (taking into account weights)= (1.0001e+06) / (1.0001e+06) = 1.000e+00 +- 0.000e+00
Filter efficiency (event-level)= (1.0001e+06) / (1.0001e+06) = 1.000e+00 +- 0.000e+00    [TO BE USED IN MCM]

After filter: final cross section = 2.202e+01 +- 2.119e-02 pb
After filter: final fraction of events with negative weights = 0.000e+00 +- 0.000e+00
After filter: final equivalent lumi for 1M events (1/fb) = 4.541e+01 +- 6.303e-02

=============================================

MessageLogger Summary

 type     category        sev    module        subroutine        count    total
 ---- -------------------- -- ---------------- ----------------  -----    -----
    1 GenXSecAnalyzer      -w GenXSecAnalyzer:                      17       17
    2 XrdAdaptor           -w file_open                             24       24
    3 XrdAdaptorInternal   -w file_open                             48       48
    4 fileAction           -s file_close                            24       24
    5 fileAction           -s file_open                             72       72

 type    category    Examples: run/evt        run/evt          run/evt
 ---- -------------------- ---------------- ---------------- ----------------
    1 GenXSecAnalyzer      PostGlobalEndRun PostGlobalEndRun PostGlobalEndRun
    2 XrdAdaptor           pre-events       PostProcessEvent PostProcessEvent
    3 XrdAdaptorInternal   pre-events       pre-events       PostProcessEvent
    4 fileAction           PostProcessEvent PostProcessEvent PostGlobalEndRun
    5 fileAction           pre-events       pre-events       PostProcessEvent

Severity    # Occurrences   Total Occurrences
--------    -------------   -----------------
Warning                89                  89
System                 96                  96

dropped waiting message count 0
