11-Jun-2024 08:48:29 CEST  Initiating request to open file root://eoscms.cern.ch//eos/cms/store/mc/RunIISummer20UL16MiniAODv2/QCD_HT300to500_TuneCP5_PSWeights_13TeV-madgraph-pythia8/MINIAODSIM/106X_mcRun2_asymptotic_v17-v1/260000/7CDE1D3D-9D1A-EF42-B2A3-13BC4CE18FF8.root
%MSG-w XrdAdaptorInternal:  file_open 11-Jun-2024 08:48:30 CEST pre-events
Failed to open file at URL root://eoscms.cern.ch:1094//eos/cms/store/mc/RunIISummer20UL16MiniAODv2/QCD_HT300to500_TuneCP5_PSWeights_13TeV-madgraph-pythia8/MINIAODSIM/106X_mcRun2_asymptotic_v17-v1/260000/7CDE1D3D-9D1A-EF42-B2A3-13BC4CE18FF8.root.
%MSG
%MSG-w XrdAdaptorInternal:  file_open 11-Jun-2024 08:48:30 CEST pre-events
Failed to open file at URL root://eoscms.cern.ch:1094//eos/cms/store/mc/RunIISummer20UL16MiniAODv2/QCD_HT300to500_TuneCP5_PSWeights_13TeV-madgraph-pythia8/MINIAODSIM/106X_mcRun2_asymptotic_v17-v1/260000/7CDE1D3D-9D1A-EF42-B2A3-13BC4CE18FF8.root?tried=.
%MSG
11-Jun-2024 08:48:30 CEST  Fallback request to file root://xrootd-cms.infn.it//store/mc/RunIISummer20UL16MiniAODv2/QCD_HT300to500_TuneCP5_PSWeights_13TeV-madgraph-pythia8/MINIAODSIM/106X_mcRun2_asymptotic_v17-v1/260000/7CDE1D3D-9D1A-EF42-B2A3-13BC4CE18FF8.root
Unable to load sec.protocol plugin libXrdSecztn.so
%MSG-w XrdAdaptor:  file_open 11-Jun-2024 08:48:46 CEST pre-events
Data is served from fnal.gov instead of original site T2_IT_Pisa
%MSG
11-Jun-2024 08:48:50 CEST  Successfully opened file root://xrootd-cms.infn.it//store/mc/RunIISummer20UL16MiniAODv2/QCD_HT300to500_TuneCP5_PSWeights_13TeV-madgraph-pythia8/MINIAODSIM/106X_mcRun2_asymptotic_v17-v1/260000/7CDE1D3D-9D1A-EF42-B2A3-13BC4CE18FF8.root
Unable to load sec.protocol plugin libXrdSecztn.so
Begin processing the 1st record. Run 1, Event 620214, LumiSection 63 on stream 0 at 11-Jun-2024 08:48:56.494 CEST
11-Jun-2024 08:48:58 CEST  Closed file root://xrootd-cms.infn.it//store/mc/RunIISummer20UL16MiniAODv2/QCD_HT300to500_TuneCP5_PSWeights_13TeV-madgraph-pythia8/MINIAODSIM/106X_mcRun2_asymptotic_v17-v1/260000/7CDE1D3D-9D1A-EF42-B2A3-13BC4CE18FF8.root
11-Jun-2024 08:48:58 CEST  Initiating request to open file root://eoscms.cern.ch//eos/cms/store/mc/RunIISummer20UL16MiniAODv2/QCD_HT300to500_TuneCP5_PSWeights_13TeV-madgraph-pythia8/MINIAODSIM/106X_mcRun2_asymptotic_v17-v1/260000/AADE35FD-4409-2C42-8961-7D7ED2F20948.root
%MSG-w XrdAdaptorInternal:  file_open 11-Jun-2024 08:48:59 CEST PostProcessEvent
Failed to open file at URL root://eoscms.cern.ch:1094//eos/cms/store/mc/RunIISummer20UL16MiniAODv2/QCD_HT300to500_TuneCP5_PSWeights_13TeV-madgraph-pythia8/MINIAODSIM/106X_mcRun2_asymptotic_v17-v1/260000/AADE35FD-4409-2C42-8961-7D7ED2F20948.root.
%MSG
%MSG-w XrdAdaptorInternal:  file_open 11-Jun-2024 08:48:59 CEST PostProcessEvent
Failed to open file at URL root://eoscms.cern.ch:1094//eos/cms/store/mc/RunIISummer20UL16MiniAODv2/QCD_HT300to500_TuneCP5_PSWeights_13TeV-madgraph-pythia8/MINIAODSIM/106X_mcRun2_asymptotic_v17-v1/260000/AADE35FD-4409-2C42-8961-7D7ED2F20948.root?tried=.
%MSG
11-Jun-2024 08:48:59 CEST  Fallback request to file root://xrootd-cms.infn.it//store/mc/RunIISummer20UL16MiniAODv2/QCD_HT300to500_TuneCP5_PSWeights_13TeV-madgraph-pythia8/MINIAODSIM/106X_mcRun2_asymptotic_v17-v1/260000/AADE35FD-4409-2C42-8961-7D7ED2F20948.root
%MSG-w XrdAdaptor:  file_open 11-Jun-2024 08:49:11 CEST PostProcessEvent
Data is served from fnal.gov instead of original site T2_IT_Pisa
%MSG
11-Jun-2024 08:49:12 CEST  Successfully opened file root://xrootd-cms.infn.it//store/mc/RunIISummer20UL16MiniAODv2/QCD_HT300to500_TuneCP5_PSWeights_13TeV-madgraph-pythia8/MINIAODSIM/106X_mcRun2_asymptotic_v17-v1/260000/AADE35FD-4409-2C42-8961-7D7ED2F20948.root
Begin processing the 100001st record. Run 1, Event 41729429, LumiSection 4173 on stream 0 at 11-Jun-2024 08:49:20.168 CEST
11-Jun-2024 08:49:21 CEST  Closed file root://xrootd-cms.infn.it//store/mc/RunIISummer20UL16MiniAODv2/QCD_HT300to500_TuneCP5_PSWeights_13TeV-madgraph-pythia8/MINIAODSIM/106X_mcRun2_asymptotic_v17-v1/260000/AADE35FD-4409-2C42-8961-7D7ED2F20948.root
11-Jun-2024 08:49:21 CEST  Initiating request to open file root://eoscms.cern.ch//eos/cms/store/mc/RunIISummer20UL16MiniAODv2/QCD_HT300to500_TuneCP5_PSWeights_13TeV-madgraph-pythia8/MINIAODSIM/106X_mcRun2_asymptotic_v17-v1/260000/DF9FF4B4-1512-6546-B9A2-399B899DD733.root
%MSG-w XrdAdaptorInternal:  file_open 11-Jun-2024 08:49:22 CEST PostProcessEvent
Failed to open file at URL root://eoscms.cern.ch:1094//eos/cms/store/mc/RunIISummer20UL16MiniAODv2/QCD_HT300to500_TuneCP5_PSWeights_13TeV-madgraph-pythia8/MINIAODSIM/106X_mcRun2_asymptotic_v17-v1/260000/DF9FF4B4-1512-6546-B9A2-399B899DD733.root.
%MSG
%MSG-w XrdAdaptorInternal:  file_open 11-Jun-2024 08:49:22 CEST PostProcessEvent
Failed to open file at URL root://eoscms.cern.ch:1094//eos/cms/store/mc/RunIISummer20UL16MiniAODv2/QCD_HT300to500_TuneCP5_PSWeights_13TeV-madgraph-pythia8/MINIAODSIM/106X_mcRun2_asymptotic_v17-v1/260000/DF9FF4B4-1512-6546-B9A2-399B899DD733.root?tried=.
%MSG
11-Jun-2024 08:49:22 CEST  Fallback request to file root://xrootd-cms.infn.it//store/mc/RunIISummer20UL16MiniAODv2/QCD_HT300to500_TuneCP5_PSWeights_13TeV-madgraph-pythia8/MINIAODSIM/106X_mcRun2_asymptotic_v17-v1/260000/DF9FF4B4-1512-6546-B9A2-399B899DD733.root
%MSG-w XrdAdaptor:  file_open 11-Jun-2024 08:49:34 CEST PostProcessEvent
Data is served from fnal.gov instead of original site T2_IT_Pisa
%MSG
11-Jun-2024 08:49:35 CEST  Successfully opened file root://xrootd-cms.infn.it//store/mc/RunIISummer20UL16MiniAODv2/QCD_HT300to500_TuneCP5_PSWeights_13TeV-madgraph-pythia8/MINIAODSIM/106X_mcRun2_asymptotic_v17-v1/260000/DF9FF4B4-1512-6546-B9A2-399B899DD733.root
Begin processing the 200001st record. Run 1, Event 168619087, LumiSection 16862 on stream 0 at 11-Jun-2024 08:49:42.618 CEST
11-Jun-2024 08:49:43 CEST  Closed file root://xrootd-cms.infn.it//store/mc/RunIISummer20UL16MiniAODv2/QCD_HT300to500_TuneCP5_PSWeights_13TeV-madgraph-pythia8/MINIAODSIM/106X_mcRun2_asymptotic_v17-v1/260000/DF9FF4B4-1512-6546-B9A2-399B899DD733.root
11-Jun-2024 08:49:43 CEST  Initiating request to open file root://eoscms.cern.ch//eos/cms/store/mc/RunIISummer20UL16MiniAODv2/QCD_HT300to500_TuneCP5_PSWeights_13TeV-madgraph-pythia8/MINIAODSIM/106X_mcRun2_asymptotic_v17-v1/260000/0F3FAF6D-B038-5A46-8A93-03D31B178453.root
%MSG-w XrdAdaptorInternal:  file_open 11-Jun-2024 08:49:44 CEST PostProcessEvent
Failed to open file at URL root://eoscms.cern.ch:1094//eos/cms/store/mc/RunIISummer20UL16MiniAODv2/QCD_HT300to500_TuneCP5_PSWeights_13TeV-madgraph-pythia8/MINIAODSIM/106X_mcRun2_asymptotic_v17-v1/260000/0F3FAF6D-B038-5A46-8A93-03D31B178453.root.
%MSG
%MSG-w XrdAdaptorInternal:  file_open 11-Jun-2024 08:49:44 CEST PostProcessEvent
Failed to open file at URL root://eoscms.cern.ch:1094//eos/cms/store/mc/RunIISummer20UL16MiniAODv2/QCD_HT300to500_TuneCP5_PSWeights_13TeV-madgraph-pythia8/MINIAODSIM/106X_mcRun2_asymptotic_v17-v1/260000/0F3FAF6D-B038-5A46-8A93-03D31B178453.root?tried=.
%MSG
11-Jun-2024 08:49:44 CEST  Fallback request to file root://xrootd-cms.infn.it//store/mc/RunIISummer20UL16MiniAODv2/QCD_HT300to500_TuneCP5_PSWeights_13TeV-madgraph-pythia8/MINIAODSIM/106X_mcRun2_asymptotic_v17-v1/260000/0F3FAF6D-B038-5A46-8A93-03D31B178453.root
%MSG-w XrdAdaptor:  file_open 11-Jun-2024 08:49:56 CEST PostProcessEvent
Data is served from fnal.gov instead of original site T2_IT_Pisa
%MSG
11-Jun-2024 08:49:57 CEST  Successfully opened file root://xrootd-cms.infn.it//store/mc/RunIISummer20UL16MiniAODv2/QCD_HT300to500_TuneCP5_PSWeights_13TeV-madgraph-pythia8/MINIAODSIM/106X_mcRun2_asymptotic_v17-v1/260000/0F3FAF6D-B038-5A46-8A93-03D31B178453.root
Begin processing the 300001st record. Run 1, Event 131754174, LumiSection 13176 on stream 0 at 11-Jun-2024 08:50:06.190 CEST
11-Jun-2024 08:50:06 CEST  Closed file root://xrootd-cms.infn.it//store/mc/RunIISummer20UL16MiniAODv2/QCD_HT300to500_TuneCP5_PSWeights_13TeV-madgraph-pythia8/MINIAODSIM/106X_mcRun2_asymptotic_v17-v1/260000/0F3FAF6D-B038-5A46-8A93-03D31B178453.root
11-Jun-2024 08:50:06 CEST  Initiating request to open file root://eoscms.cern.ch//eos/cms/store/mc/RunIISummer20UL16MiniAODv2/QCD_HT300to500_TuneCP5_PSWeights_13TeV-madgraph-pythia8/MINIAODSIM/106X_mcRun2_asymptotic_v17-v1/260000/A5E46ED8-DC8B-5D4D-960B-ACD52430F628.root
%MSG-w XrdAdaptorInternal:  file_open 11-Jun-2024 08:50:07 CEST PostProcessEvent
Failed to open file at URL root://eoscms.cern.ch:1094//eos/cms/store/mc/RunIISummer20UL16MiniAODv2/QCD_HT300to500_TuneCP5_PSWeights_13TeV-madgraph-pythia8/MINIAODSIM/106X_mcRun2_asymptotic_v17-v1/260000/A5E46ED8-DC8B-5D4D-960B-ACD52430F628.root.
%MSG
%MSG-w XrdAdaptorInternal:  file_open 11-Jun-2024 08:50:07 CEST PostProcessEvent
Failed to open file at URL root://eoscms.cern.ch:1094//eos/cms/store/mc/RunIISummer20UL16MiniAODv2/QCD_HT300to500_TuneCP5_PSWeights_13TeV-madgraph-pythia8/MINIAODSIM/106X_mcRun2_asymptotic_v17-v1/260000/A5E46ED8-DC8B-5D4D-960B-ACD52430F628.root?tried=.
%MSG
11-Jun-2024 08:50:07 CEST  Fallback request to file root://xrootd-cms.infn.it//store/mc/RunIISummer20UL16MiniAODv2/QCD_HT300to500_TuneCP5_PSWeights_13TeV-madgraph-pythia8/MINIAODSIM/106X_mcRun2_asymptotic_v17-v1/260000/A5E46ED8-DC8B-5D4D-960B-ACD52430F628.root
Unable to load sec.protocol plugin libXrdSecztn.so
%MSG-w XrdAdaptor:  file_open 11-Jun-2024 08:50:21 CEST PostProcessEvent
Data is served from fnal.gov instead of original site T2_IT_Pisa
%MSG
11-Jun-2024 08:50:22 CEST  Successfully opened file root://xrootd-cms.infn.it//store/mc/RunIISummer20UL16MiniAODv2/QCD_HT300to500_TuneCP5_PSWeights_13TeV-madgraph-pythia8/MINIAODSIM/106X_mcRun2_asymptotic_v17-v1/260000/A5E46ED8-DC8B-5D4D-960B-ACD52430F628.root
11-Jun-2024 08:50:29 CEST  Closed file root://xrootd-cms.infn.it//store/mc/RunIISummer20UL16MiniAODv2/QCD_HT300to500_TuneCP5_PSWeights_13TeV-madgraph-pythia8/MINIAODSIM/106X_mcRun2_asymptotic_v17-v1/260000/A5E46ED8-DC8B-5D4D-960B-ACD52430F628.root
11-Jun-2024 08:50:29 CEST  Initiating request to open file root://eoscms.cern.ch//eos/cms/store/mc/RunIISummer20UL16MiniAODv2/QCD_HT300to500_TuneCP5_PSWeights_13TeV-madgraph-pythia8/MINIAODSIM/106X_mcRun2_asymptotic_v17-v1/260000/CD9394DE-3CF5-3B4B-90E1-CF8EDB3BA546.root
%MSG-w XrdAdaptorInternal:  file_open 11-Jun-2024 08:50:30 CEST PostProcessEvent
Failed to open file at URL root://eoscms.cern.ch:1094//eos/cms/store/mc/RunIISummer20UL16MiniAODv2/QCD_HT300to500_TuneCP5_PSWeights_13TeV-madgraph-pythia8/MINIAODSIM/106X_mcRun2_asymptotic_v17-v1/260000/CD9394DE-3CF5-3B4B-90E1-CF8EDB3BA546.root.
%MSG
%MSG-w XrdAdaptorInternal:  file_open 11-Jun-2024 08:50:30 CEST PostProcessEvent
Failed to open file at URL root://eoscms.cern.ch:1094//eos/cms/store/mc/RunIISummer20UL16MiniAODv2/QCD_HT300to500_TuneCP5_PSWeights_13TeV-madgraph-pythia8/MINIAODSIM/106X_mcRun2_asymptotic_v17-v1/260000/CD9394DE-3CF5-3B4B-90E1-CF8EDB3BA546.root?tried=.
%MSG
11-Jun-2024 08:50:30 CEST  Fallback request to file root://xrootd-cms.infn.it//store/mc/RunIISummer20UL16MiniAODv2/QCD_HT300to500_TuneCP5_PSWeights_13TeV-madgraph-pythia8/MINIAODSIM/106X_mcRun2_asymptotic_v17-v1/260000/CD9394DE-3CF5-3B4B-90E1-CF8EDB3BA546.root
%MSG-w XrdAdaptor:  file_open 11-Jun-2024 08:50:43 CEST PostProcessEvent
Data is served from fnal.gov instead of original site T2_IT_Pisa
%MSG
11-Jun-2024 08:50:44 CEST  Successfully opened file root://xrootd-cms.infn.it//store/mc/RunIISummer20UL16MiniAODv2/QCD_HT300to500_TuneCP5_PSWeights_13TeV-madgraph-pythia8/MINIAODSIM/106X_mcRun2_asymptotic_v17-v1/260000/CD9394DE-3CF5-3B4B-90E1-CF8EDB3BA546.root
Begin processing the 400001st record. Run 1, Event 79062657, LumiSection 7907 on stream 0 at 11-Jun-2024 08:50:50.795 CEST
11-Jun-2024 08:50:52 CEST  Closed file root://xrootd-cms.infn.it//store/mc/RunIISummer20UL16MiniAODv2/QCD_HT300to500_TuneCP5_PSWeights_13TeV-madgraph-pythia8/MINIAODSIM/106X_mcRun2_asymptotic_v17-v1/260000/CD9394DE-3CF5-3B4B-90E1-CF8EDB3BA546.root
11-Jun-2024 08:50:52 CEST  Initiating request to open file root://eoscms.cern.ch//eos/cms/store/mc/RunIISummer20UL16MiniAODv2/QCD_HT300to500_TuneCP5_PSWeights_13TeV-madgraph-pythia8/MINIAODSIM/106X_mcRun2_asymptotic_v17-v1/260000/2F1481B6-A924-8947-AACF-1358B9A7E40F.root
%MSG-w XrdAdaptorInternal:  file_open 11-Jun-2024 08:50:53 CEST PostProcessEvent
Failed to open file at URL root://eoscms.cern.ch:1094//eos/cms/store/mc/RunIISummer20UL16MiniAODv2/QCD_HT300to500_TuneCP5_PSWeights_13TeV-madgraph-pythia8/MINIAODSIM/106X_mcRun2_asymptotic_v17-v1/260000/2F1481B6-A924-8947-AACF-1358B9A7E40F.root.
%MSG
%MSG-w XrdAdaptorInternal:  file_open 11-Jun-2024 08:50:53 CEST PostProcessEvent
Failed to open file at URL root://eoscms.cern.ch:1094//eos/cms/store/mc/RunIISummer20UL16MiniAODv2/QCD_HT300to500_TuneCP5_PSWeights_13TeV-madgraph-pythia8/MINIAODSIM/106X_mcRun2_asymptotic_v17-v1/260000/2F1481B6-A924-8947-AACF-1358B9A7E40F.root?tried=.
%MSG
11-Jun-2024 08:50:53 CEST  Fallback request to file root://xrootd-cms.infn.it//store/mc/RunIISummer20UL16MiniAODv2/QCD_HT300to500_TuneCP5_PSWeights_13TeV-madgraph-pythia8/MINIAODSIM/106X_mcRun2_asymptotic_v17-v1/260000/2F1481B6-A924-8947-AACF-1358B9A7E40F.root
%MSG-w XrdAdaptor:  file_open 11-Jun-2024 08:51:06 CEST PostProcessEvent
Data is served from fnal.gov instead of original site T2_IT_Pisa
%MSG
11-Jun-2024 08:51:07 CEST  Successfully opened file root://xrootd-cms.infn.it//store/mc/RunIISummer20UL16MiniAODv2/QCD_HT300to500_TuneCP5_PSWeights_13TeV-madgraph-pythia8/MINIAODSIM/106X_mcRun2_asymptotic_v17-v1/260000/2F1481B6-A924-8947-AACF-1358B9A7E40F.root
Begin processing the 500001st record. Run 1, Event 13422613, LumiSection 1343 on stream 0 at 11-Jun-2024 08:51:14.373 CEST
11-Jun-2024 08:51:15 CEST  Closed file root://xrootd-cms.infn.it//store/mc/RunIISummer20UL16MiniAODv2/QCD_HT300to500_TuneCP5_PSWeights_13TeV-madgraph-pythia8/MINIAODSIM/106X_mcRun2_asymptotic_v17-v1/260000/2F1481B6-A924-8947-AACF-1358B9A7E40F.root
11-Jun-2024 08:51:15 CEST  Initiating request to open file root://eoscms.cern.ch//eos/cms/store/mc/RunIISummer20UL16MiniAODv2/QCD_HT300to500_TuneCP5_PSWeights_13TeV-madgraph-pythia8/MINIAODSIM/106X_mcRun2_asymptotic_v17-v1/260000/9D83C6AC-7B56-0F42-8307-C8B354FA10E1.root
%MSG-w XrdAdaptorInternal:  file_open 11-Jun-2024 08:51:16 CEST PostProcessEvent
Failed to open file at URL root://eoscms.cern.ch:1094//eos/cms/store/mc/RunIISummer20UL16MiniAODv2/QCD_HT300to500_TuneCP5_PSWeights_13TeV-madgraph-pythia8/MINIAODSIM/106X_mcRun2_asymptotic_v17-v1/260000/9D83C6AC-7B56-0F42-8307-C8B354FA10E1.root.
%MSG
%MSG-w XrdAdaptorInternal:  file_open 11-Jun-2024 08:51:16 CEST PostProcessEvent
Failed to open file at URL root://eoscms.cern.ch:1094//eos/cms/store/mc/RunIISummer20UL16MiniAODv2/QCD_HT300to500_TuneCP5_PSWeights_13TeV-madgraph-pythia8/MINIAODSIM/106X_mcRun2_asymptotic_v17-v1/260000/9D83C6AC-7B56-0F42-8307-C8B354FA10E1.root?tried=.
%MSG
11-Jun-2024 08:51:16 CEST  Fallback request to file root://xrootd-cms.infn.it//store/mc/RunIISummer20UL16MiniAODv2/QCD_HT300to500_TuneCP5_PSWeights_13TeV-madgraph-pythia8/MINIAODSIM/106X_mcRun2_asymptotic_v17-v1/260000/9D83C6AC-7B56-0F42-8307-C8B354FA10E1.root
%MSG-w XrdAdaptor:  file_open 11-Jun-2024 08:51:29 CEST PostProcessEvent
Data is served from fnal.gov instead of original site T2_IT_Pisa
%MSG
11-Jun-2024 08:51:30 CEST  Successfully opened file root://xrootd-cms.infn.it//store/mc/RunIISummer20UL16MiniAODv2/QCD_HT300to500_TuneCP5_PSWeights_13TeV-madgraph-pythia8/MINIAODSIM/106X_mcRun2_asymptotic_v17-v1/260000/9D83C6AC-7B56-0F42-8307-C8B354FA10E1.root
11-Jun-2024 08:51:36 CEST  Closed file root://xrootd-cms.infn.it//store/mc/RunIISummer20UL16MiniAODv2/QCD_HT300to500_TuneCP5_PSWeights_13TeV-madgraph-pythia8/MINIAODSIM/106X_mcRun2_asymptotic_v17-v1/260000/9D83C6AC-7B56-0F42-8307-C8B354FA10E1.root
11-Jun-2024 08:51:36 CEST  Initiating request to open file root://eoscms.cern.ch//eos/cms/store/mc/RunIISummer20UL16MiniAODv2/QCD_HT300to500_TuneCP5_PSWeights_13TeV-madgraph-pythia8/MINIAODSIM/106X_mcRun2_asymptotic_v17-v1/260000/288C8F43-E407-F848-A8B1-EBD8D0A99C52.root
%MSG-w XrdAdaptorInternal:  file_open 11-Jun-2024 08:51:37 CEST PostProcessEvent
Failed to open file at URL root://eoscms.cern.ch:1094//eos/cms/store/mc/RunIISummer20UL16MiniAODv2/QCD_HT300to500_TuneCP5_PSWeights_13TeV-madgraph-pythia8/MINIAODSIM/106X_mcRun2_asymptotic_v17-v1/260000/288C8F43-E407-F848-A8B1-EBD8D0A99C52.root.
%MSG
%MSG-w XrdAdaptorInternal:  file_open 11-Jun-2024 08:51:37 CEST PostProcessEvent
Failed to open file at URL root://eoscms.cern.ch:1094//eos/cms/store/mc/RunIISummer20UL16MiniAODv2/QCD_HT300to500_TuneCP5_PSWeights_13TeV-madgraph-pythia8/MINIAODSIM/106X_mcRun2_asymptotic_v17-v1/260000/288C8F43-E407-F848-A8B1-EBD8D0A99C52.root?tried=.
%MSG
11-Jun-2024 08:51:37 CEST  Fallback request to file root://xrootd-cms.infn.it//store/mc/RunIISummer20UL16MiniAODv2/QCD_HT300to500_TuneCP5_PSWeights_13TeV-madgraph-pythia8/MINIAODSIM/106X_mcRun2_asymptotic_v17-v1/260000/288C8F43-E407-F848-A8B1-EBD8D0A99C52.root
%MSG-w XrdAdaptor:  file_open 11-Jun-2024 08:51:50 CEST PostProcessEvent
Data is served from fnal.gov instead of original site T2_IT_Pisa
%MSG
11-Jun-2024 08:51:51 CEST  Successfully opened file root://xrootd-cms.infn.it//store/mc/RunIISummer20UL16MiniAODv2/QCD_HT300to500_TuneCP5_PSWeights_13TeV-madgraph-pythia8/MINIAODSIM/106X_mcRun2_asymptotic_v17-v1/260000/288C8F43-E407-F848-A8B1-EBD8D0A99C52.root
Begin processing the 600001st record. Run 1, Event 3759150, LumiSection 376 on stream 0 at 11-Jun-2024 08:52:00.971 CEST
11-Jun-2024 08:52:03 CEST  Closed file root://xrootd-cms.infn.it//store/mc/RunIISummer20UL16MiniAODv2/QCD_HT300to500_TuneCP5_PSWeights_13TeV-madgraph-pythia8/MINIAODSIM/106X_mcRun2_asymptotic_v17-v1/260000/288C8F43-E407-F848-A8B1-EBD8D0A99C52.root
11-Jun-2024 08:52:03 CEST  Initiating request to open file root://eoscms.cern.ch//eos/cms/store/mc/RunIISummer20UL16MiniAODv2/QCD_HT300to500_TuneCP5_PSWeights_13TeV-madgraph-pythia8/MINIAODSIM/106X_mcRun2_asymptotic_v17-v1/260000/D84D6A58-4D08-EB4D-9A21-869D6162E881.root
%MSG-w XrdAdaptorInternal:  file_open 11-Jun-2024 08:52:04 CEST PostProcessEvent
Failed to open file at URL root://eoscms.cern.ch:1094//eos/cms/store/mc/RunIISummer20UL16MiniAODv2/QCD_HT300to500_TuneCP5_PSWeights_13TeV-madgraph-pythia8/MINIAODSIM/106X_mcRun2_asymptotic_v17-v1/260000/D84D6A58-4D08-EB4D-9A21-869D6162E881.root.
%MSG
%MSG-w XrdAdaptorInternal:  file_open 11-Jun-2024 08:52:04 CEST PostProcessEvent
Failed to open file at URL root://eoscms.cern.ch:1094//eos/cms/store/mc/RunIISummer20UL16MiniAODv2/QCD_HT300to500_TuneCP5_PSWeights_13TeV-madgraph-pythia8/MINIAODSIM/106X_mcRun2_asymptotic_v17-v1/260000/D84D6A58-4D08-EB4D-9A21-869D6162E881.root?tried=.
%MSG
11-Jun-2024 08:52:04 CEST  Fallback request to file root://xrootd-cms.infn.it//store/mc/RunIISummer20UL16MiniAODv2/QCD_HT300to500_TuneCP5_PSWeights_13TeV-madgraph-pythia8/MINIAODSIM/106X_mcRun2_asymptotic_v17-v1/260000/D84D6A58-4D08-EB4D-9A21-869D6162E881.root
%MSG-w XrdAdaptor:  file_open 11-Jun-2024 08:52:16 CEST PostProcessEvent
Data is served from fnal.gov instead of original site T2_IT_Pisa
%MSG
11-Jun-2024 08:52:17 CEST  Successfully opened file root://xrootd-cms.infn.it//store/mc/RunIISummer20UL16MiniAODv2/QCD_HT300to500_TuneCP5_PSWeights_13TeV-madgraph-pythia8/MINIAODSIM/106X_mcRun2_asymptotic_v17-v1/260000/D84D6A58-4D08-EB4D-9A21-869D6162E881.root
Begin processing the 700001st record. Run 1, Event 133347866, LumiSection 13335 on stream 0 at 11-Jun-2024 08:52:22.805 CEST
11-Jun-2024 08:52:23 CEST  Closed file root://xrootd-cms.infn.it//store/mc/RunIISummer20UL16MiniAODv2/QCD_HT300to500_TuneCP5_PSWeights_13TeV-madgraph-pythia8/MINIAODSIM/106X_mcRun2_asymptotic_v17-v1/260000/D84D6A58-4D08-EB4D-9A21-869D6162E881.root
11-Jun-2024 08:52:23 CEST  Initiating request to open file root://eoscms.cern.ch//eos/cms/store/mc/RunIISummer20UL16MiniAODv2/QCD_HT300to500_TuneCP5_PSWeights_13TeV-madgraph-pythia8/MINIAODSIM/106X_mcRun2_asymptotic_v17-v1/260000/36ADDD4B-37C0-0F46-AC07-B0ED18CD521A.root
%MSG-w XrdAdaptorInternal:  file_open 11-Jun-2024 08:52:24 CEST PostProcessEvent
Failed to open file at URL root://eoscms.cern.ch:1094//eos/cms/store/mc/RunIISummer20UL16MiniAODv2/QCD_HT300to500_TuneCP5_PSWeights_13TeV-madgraph-pythia8/MINIAODSIM/106X_mcRun2_asymptotic_v17-v1/260000/36ADDD4B-37C0-0F46-AC07-B0ED18CD521A.root.
%MSG
%MSG-w XrdAdaptorInternal:  file_open 11-Jun-2024 08:52:24 CEST PostProcessEvent
Failed to open file at URL root://eoscms.cern.ch:1094//eos/cms/store/mc/RunIISummer20UL16MiniAODv2/QCD_HT300to500_TuneCP5_PSWeights_13TeV-madgraph-pythia8/MINIAODSIM/106X_mcRun2_asymptotic_v17-v1/260000/36ADDD4B-37C0-0F46-AC07-B0ED18CD521A.root?tried=.
%MSG
11-Jun-2024 08:52:24 CEST  Fallback request to file root://xrootd-cms.infn.it//store/mc/RunIISummer20UL16MiniAODv2/QCD_HT300to500_TuneCP5_PSWeights_13TeV-madgraph-pythia8/MINIAODSIM/106X_mcRun2_asymptotic_v17-v1/260000/36ADDD4B-37C0-0F46-AC07-B0ED18CD521A.root
%MSG-w XrdAdaptor:  file_open 11-Jun-2024 08:52:37 CEST PostProcessEvent
Data is served from fnal.gov instead of original site T2_IT_Pisa
%MSG
11-Jun-2024 08:52:38 CEST  Successfully opened file root://xrootd-cms.infn.it//store/mc/RunIISummer20UL16MiniAODv2/QCD_HT300to500_TuneCP5_PSWeights_13TeV-madgraph-pythia8/MINIAODSIM/106X_mcRun2_asymptotic_v17-v1/260000/36ADDD4B-37C0-0F46-AC07-B0ED18CD521A.root
Begin processing the 800001st record. Run 1, Event 138027879, LumiSection 13803 on stream 0 at 11-Jun-2024 08:52:46.451 CEST
11-Jun-2024 08:52:46 CEST  Closed file root://xrootd-cms.infn.it//store/mc/RunIISummer20UL16MiniAODv2/QCD_HT300to500_TuneCP5_PSWeights_13TeV-madgraph-pythia8/MINIAODSIM/106X_mcRun2_asymptotic_v17-v1/260000/36ADDD4B-37C0-0F46-AC07-B0ED18CD521A.root
11-Jun-2024 08:52:46 CEST  Initiating request to open file root://eoscms.cern.ch//eos/cms/store/mc/RunIISummer20UL16MiniAODv2/QCD_HT300to500_TuneCP5_PSWeights_13TeV-madgraph-pythia8/MINIAODSIM/106X_mcRun2_asymptotic_v17-v1/260000/BEEA5C6C-4C4E-2D4E-AD60-EB98F2F16C95.root
%MSG-w XrdAdaptorInternal:  file_open 11-Jun-2024 08:52:47 CEST PostProcessEvent
Failed to open file at URL root://eoscms.cern.ch:1094//eos/cms/store/mc/RunIISummer20UL16MiniAODv2/QCD_HT300to500_TuneCP5_PSWeights_13TeV-madgraph-pythia8/MINIAODSIM/106X_mcRun2_asymptotic_v17-v1/260000/BEEA5C6C-4C4E-2D4E-AD60-EB98F2F16C95.root.
%MSG
%MSG-w XrdAdaptorInternal:  file_open 11-Jun-2024 08:52:47 CEST PostProcessEvent
Failed to open file at URL root://eoscms.cern.ch:1094//eos/cms/store/mc/RunIISummer20UL16MiniAODv2/QCD_HT300to500_TuneCP5_PSWeights_13TeV-madgraph-pythia8/MINIAODSIM/106X_mcRun2_asymptotic_v17-v1/260000/BEEA5C6C-4C4E-2D4E-AD60-EB98F2F16C95.root?tried=.
%MSG
11-Jun-2024 08:52:47 CEST  Fallback request to file root://xrootd-cms.infn.it//store/mc/RunIISummer20UL16MiniAODv2/QCD_HT300to500_TuneCP5_PSWeights_13TeV-madgraph-pythia8/MINIAODSIM/106X_mcRun2_asymptotic_v17-v1/260000/BEEA5C6C-4C4E-2D4E-AD60-EB98F2F16C95.root
%MSG-w XrdAdaptor:  file_open 11-Jun-2024 08:53:00 CEST PostProcessEvent
Data is served from fnal.gov instead of original site T2_IT_Pisa
%MSG
11-Jun-2024 08:53:01 CEST  Successfully opened file root://xrootd-cms.infn.it//store/mc/RunIISummer20UL16MiniAODv2/QCD_HT300to500_TuneCP5_PSWeights_13TeV-madgraph-pythia8/MINIAODSIM/106X_mcRun2_asymptotic_v17-v1/260000/BEEA5C6C-4C4E-2D4E-AD60-EB98F2F16C95.root
11-Jun-2024 08:53:07 CEST  Closed file root://xrootd-cms.infn.it//store/mc/RunIISummer20UL16MiniAODv2/QCD_HT300to500_TuneCP5_PSWeights_13TeV-madgraph-pythia8/MINIAODSIM/106X_mcRun2_asymptotic_v17-v1/260000/BEEA5C6C-4C4E-2D4E-AD60-EB98F2F16C95.root
11-Jun-2024 08:53:07 CEST  Initiating request to open file root://eoscms.cern.ch//eos/cms/store/mc/RunIISummer20UL16MiniAODv2/QCD_HT300to500_TuneCP5_PSWeights_13TeV-madgraph-pythia8/MINIAODSIM/106X_mcRun2_asymptotic_v17-v1/260000/A1868EF6-60F2-8F4D-BA59-B20C2EDABDDA.root
%MSG-w XrdAdaptorInternal:  file_open 11-Jun-2024 08:53:08 CEST PostProcessEvent
Failed to open file at URL root://eoscms.cern.ch:1094//eos/cms/store/mc/RunIISummer20UL16MiniAODv2/QCD_HT300to500_TuneCP5_PSWeights_13TeV-madgraph-pythia8/MINIAODSIM/106X_mcRun2_asymptotic_v17-v1/260000/A1868EF6-60F2-8F4D-BA59-B20C2EDABDDA.root.
%MSG
%MSG-w XrdAdaptorInternal:  file_open 11-Jun-2024 08:53:08 CEST PostProcessEvent
Failed to open file at URL root://eoscms.cern.ch:1094//eos/cms/store/mc/RunIISummer20UL16MiniAODv2/QCD_HT300to500_TuneCP5_PSWeights_13TeV-madgraph-pythia8/MINIAODSIM/106X_mcRun2_asymptotic_v17-v1/260000/A1868EF6-60F2-8F4D-BA59-B20C2EDABDDA.root?tried=.
%MSG
11-Jun-2024 08:53:08 CEST  Fallback request to file root://xrootd-cms.infn.it//store/mc/RunIISummer20UL16MiniAODv2/QCD_HT300to500_TuneCP5_PSWeights_13TeV-madgraph-pythia8/MINIAODSIM/106X_mcRun2_asymptotic_v17-v1/260000/A1868EF6-60F2-8F4D-BA59-B20C2EDABDDA.root
%MSG-w XrdAdaptor:  file_open 11-Jun-2024 08:53:21 CEST PostProcessEvent
Data is served from fnal.gov instead of original site T2_IT_Pisa
%MSG
11-Jun-2024 08:53:22 CEST  Successfully opened file root://xrootd-cms.infn.it//store/mc/RunIISummer20UL16MiniAODv2/QCD_HT300to500_TuneCP5_PSWeights_13TeV-madgraph-pythia8/MINIAODSIM/106X_mcRun2_asymptotic_v17-v1/260000/A1868EF6-60F2-8F4D-BA59-B20C2EDABDDA.root
Begin processing the 900001st record. Run 1, Event 125130541, LumiSection 12514 on stream 0 at 11-Jun-2024 08:53:28.802 CEST
11-Jun-2024 08:53:29 CEST  Closed file root://xrootd-cms.infn.it//store/mc/RunIISummer20UL16MiniAODv2/QCD_HT300to500_TuneCP5_PSWeights_13TeV-madgraph-pythia8/MINIAODSIM/106X_mcRun2_asymptotic_v17-v1/260000/A1868EF6-60F2-8F4D-BA59-B20C2EDABDDA.root
11-Jun-2024 08:53:29 CEST  Initiating request to open file root://eoscms.cern.ch//eos/cms/store/mc/RunIISummer20UL16MiniAODv2/QCD_HT300to500_TuneCP5_PSWeights_13TeV-madgraph-pythia8/MINIAODSIM/106X_mcRun2_asymptotic_v17-v1/260000/C92FE2AC-448E-D74D-888D-AFB0C2004A6D.root
%MSG-w XrdAdaptorInternal:  file_open 11-Jun-2024 08:53:30 CEST PostProcessEvent
Failed to open file at URL root://eoscms.cern.ch:1094//eos/cms/store/mc/RunIISummer20UL16MiniAODv2/QCD_HT300to500_TuneCP5_PSWeights_13TeV-madgraph-pythia8/MINIAODSIM/106X_mcRun2_asymptotic_v17-v1/260000/C92FE2AC-448E-D74D-888D-AFB0C2004A6D.root.
%MSG
%MSG-w XrdAdaptorInternal:  file_open 11-Jun-2024 08:53:30 CEST PostProcessEvent
Failed to open file at URL root://eoscms.cern.ch:1094//eos/cms/store/mc/RunIISummer20UL16MiniAODv2/QCD_HT300to500_TuneCP5_PSWeights_13TeV-madgraph-pythia8/MINIAODSIM/106X_mcRun2_asymptotic_v17-v1/260000/C92FE2AC-448E-D74D-888D-AFB0C2004A6D.root?tried=.
%MSG
11-Jun-2024 08:53:30 CEST  Fallback request to file root://xrootd-cms.infn.it//store/mc/RunIISummer20UL16MiniAODv2/QCD_HT300to500_TuneCP5_PSWeights_13TeV-madgraph-pythia8/MINIAODSIM/106X_mcRun2_asymptotic_v17-v1/260000/C92FE2AC-448E-D74D-888D-AFB0C2004A6D.root
%MSG-w XrdAdaptor:  file_open 11-Jun-2024 08:53:43 CEST PostProcessEvent
Data is served from fnal.gov instead of original site T2_IT_Pisa
%MSG
11-Jun-2024 08:53:44 CEST  Successfully opened file root://xrootd-cms.infn.it//store/mc/RunIISummer20UL16MiniAODv2/QCD_HT300to500_TuneCP5_PSWeights_13TeV-madgraph-pythia8/MINIAODSIM/106X_mcRun2_asymptotic_v17-v1/260000/C92FE2AC-448E-D74D-888D-AFB0C2004A6D.root
 869959.400000   6628.678000    313.016900             1
 177536.400000   1701.384000    313.016900             0
2082673.000000   8372.686000    313.016900             2
 
11-Jun-2024 08:53:52 CEST  Closed file root://xrootd-cms.infn.it//store/mc/RunIISummer20UL16MiniAODv2/QCD_HT300to500_TuneCP5_PSWeights_13TeV-madgraph-pythia8/MINIAODSIM/106X_mcRun2_asymptotic_v17-v1/260000/C92FE2AC-448E-D74D-888D-AFB0C2004A6D.root

------------------------------------
GenXsecAnalyzer:
------------------------------------
-------------------------------------------------------------------------------------------------------------------------------------------------------------------------- 
Overall cross-section summary 
--------------------------------------------------------------------------------------------------------------------------------------------------------------------------
Process		xsec_before [pb]		passed	nposw	nnegw	tried	nposw	nnegw 	xsec_match [pb]			accepted [%]	 event_eff [%]
0		1.765e+05 +/- 5.449e+01		35511	35511	0	547599	547599	0	1.144e+04 +/- 5.883e+01		6.5 +/- 0.0	6.5 +/- 0.0
1		8.706e+05 +/- 2.026e+02		114890	114890	0	2687609	2687609	0	3.722e+04 +/- 1.078e+02		4.3 +/- 0.0	4.3 +/- 0.0
2		2.095e+06 +/- 2.515e+02		849891	849891	0	6454792	6454792	0	2.758e+05 +/- 2.808e+02		13.2 +/- 0.0	13.2 +/- 0.0
-------------------------------------------------------------------------------------------------------------------------------------------------------------------------- 
Total		3.142e+06 +/- 3.275e+02		1000292	1000292	0	9690000	9690000	0	3.243e+05 +/- 3.090e+02		10.3 +/- 0.0	10.3 +/- 0.0
--------------------------------------------------------------------------------------------------------------------------------------------------------------------------
Before matching: total cross section = 3.142e+06 +- 3.275e+02 pb
After matching: total cross section = 3.243e+05 +- 3.090e+02 pb
Matching efficiency = 0.1 +/- 0.0   [TO BE USED IN MCM]
Filter efficiency (taking into account weights)= (1.00029e+06) / (1.00029e+06) = 1.000e+00 +- 0.000e+00
Filter efficiency (event-level)= (1.00029e+06) / (1.00029e+06) = 1.000e+00 +- 0.000e+00    [TO BE USED IN MCM]

After filter: final cross section = 3.243e+05 +- 3.090e+02 pb
After filter: final fraction of events with negative weights = 0.000e+00 +- 0.000e+00
After filter: final equivalent lumi for 1M events (1/fb) = 3.083e-03 +- 4.258e-06

=============================================

MessageLogger Summary

 type     category        sev    module        subroutine        count    total
 ---- -------------------- -- ---------------- ----------------  -----    -----
    1 GenXSecAnalyzer      -w GenXSecAnalyzer:                      17       17
    2 XrdAdaptor           -w file_open                             14       14
    3 XrdAdaptorInternal   -w file_open                             28       28
    4 fileAction           -s file_close                            14       14
    5 fileAction           -s file_open                             42       42

 type    category    Examples: run/evt        run/evt          run/evt
 ---- -------------------- ---------------- ---------------- ----------------
    1 GenXSecAnalyzer      PostGlobalEndRun PostGlobalEndRun PostGlobalEndRun
    2 XrdAdaptor           pre-events       PostProcessEvent PostProcessEvent
    3 XrdAdaptorInternal   pre-events       pre-events       PostProcessEvent
    4 fileAction           PostProcessEvent PostProcessEvent PostGlobalEndRun
    5 fileAction           pre-events       pre-events       PostProcessEvent

Severity    # Occurrences   Total Occurrences
--------    -------------   -----------------
Warning                59                  59
System                 56                  56

dropped waiting message count 0
