11-Jun-2024 09:11:47 CEST  Initiating request to open file root://eoscms.cern.ch//eos/cms/store/mc/RunIISummer20UL16MiniAODv2/QCD_Pt_470to600_TuneCP5_13TeV_pythia8/MINIAODSIM/106X_mcRun2_asymptotic_v17-v1/270000/F6B84031-5C41-BF46-9256-462C99510CF7.root
%MSG-w XrdAdaptorInternal:  file_open 11-Jun-2024 09:11:48 CEST pre-events
Failed to open file at URL root://eoscms.cern.ch:1094//eos/cms/store/mc/RunIISummer20UL16MiniAODv2/QCD_Pt_470to600_TuneCP5_13TeV_pythia8/MINIAODSIM/106X_mcRun2_asymptotic_v17-v1/270000/F6B84031-5C41-BF46-9256-462C99510CF7.root.
%MSG
%MSG-w XrdAdaptorInternal:  file_open 11-Jun-2024 09:11:48 CEST pre-events
Failed to open file at URL root://eoscms.cern.ch:1094//eos/cms/store/mc/RunIISummer20UL16MiniAODv2/QCD_Pt_470to600_TuneCP5_13TeV_pythia8/MINIAODSIM/106X_mcRun2_asymptotic_v17-v1/270000/F6B84031-5C41-BF46-9256-462C99510CF7.root?tried=.
%MSG
11-Jun-2024 09:11:48 CEST  Fallback request to file root://xrootd-cms.infn.it//store/mc/RunIISummer20UL16MiniAODv2/QCD_Pt_470to600_TuneCP5_13TeV_pythia8/MINIAODSIM/106X_mcRun2_asymptotic_v17-v1/270000/F6B84031-5C41-BF46-9256-462C99510CF7.root
%MSG-w XrdAdaptor:  file_open 11-Jun-2024 09:12:04 CEST pre-events
Data is served from T2_US_Wisconsin instead of original site infn.it
%MSG
11-Jun-2024 09:12:08 CEST  Successfully opened file root://xrootd-cms.infn.it//store/mc/RunIISummer20UL16MiniAODv2/QCD_Pt_470to600_TuneCP5_13TeV_pythia8/MINIAODSIM/106X_mcRun2_asymptotic_v17-v1/270000/F6B84031-5C41-BF46-9256-462C99510CF7.root
[2024-06-11 09:12:13.893749 +0200][Error  ][AsyncSock         ] [g34n06.hep.wisc.edu:1094 #0.0] Unable to connect: No route to host
[2024-06-11 09:12:13.901710 +0200][Error  ][PostMaster        ] [g34n06.hep.wisc.edu:1094 #0] elapsed = 5, pConnectionWindow = 31 seconds.
Begin processing the 1st record. Run 1, Event 4014, LumiSection 5 on stream 0 at 11-Jun-2024 09:12:16.296 CEST
11-Jun-2024 09:12:18 CEST  Closed file root://xrootd-cms.infn.it//store/mc/RunIISummer20UL16MiniAODv2/QCD_Pt_470to600_TuneCP5_13TeV_pythia8/MINIAODSIM/106X_mcRun2_asymptotic_v17-v1/270000/F6B84031-5C41-BF46-9256-462C99510CF7.root
11-Jun-2024 09:12:18 CEST  Initiating request to open file root://eoscms.cern.ch//eos/cms/store/mc/RunIISummer20UL16MiniAODv2/QCD_Pt_470to600_TuneCP5_13TeV_pythia8/MINIAODSIM/106X_mcRun2_asymptotic_v17-v1/270000/E75F8AF8-263A-264F-AF61-48787604F52F.root
%MSG-w XrdAdaptorInternal:  file_open 11-Jun-2024 09:12:19 CEST PostProcessEvent
Failed to open file at URL root://eoscms.cern.ch:1094//eos/cms/store/mc/RunIISummer20UL16MiniAODv2/QCD_Pt_470to600_TuneCP5_13TeV_pythia8/MINIAODSIM/106X_mcRun2_asymptotic_v17-v1/270000/E75F8AF8-263A-264F-AF61-48787604F52F.root.
%MSG
%MSG-w XrdAdaptorInternal:  file_open 11-Jun-2024 09:12:19 CEST PostProcessEvent
Failed to open file at URL root://eoscms.cern.ch:1094//eos/cms/store/mc/RunIISummer20UL16MiniAODv2/QCD_Pt_470to600_TuneCP5_13TeV_pythia8/MINIAODSIM/106X_mcRun2_asymptotic_v17-v1/270000/E75F8AF8-263A-264F-AF61-48787604F52F.root?tried=.
%MSG
11-Jun-2024 09:12:19 CEST  Fallback request to file root://xrootd-cms.infn.it//store/mc/RunIISummer20UL16MiniAODv2/QCD_Pt_470to600_TuneCP5_13TeV_pythia8/MINIAODSIM/106X_mcRun2_asymptotic_v17-v1/270000/E75F8AF8-263A-264F-AF61-48787604F52F.root
%MSG-w XrdAdaptor:  file_open 11-Jun-2024 09:12:33 CEST PostProcessEvent
Data is served from T2_US_Wisconsin instead of original site infn.it
%MSG
11-Jun-2024 09:12:34 CEST  Successfully opened file root://xrootd-cms.infn.it//store/mc/RunIISummer20UL16MiniAODv2/QCD_Pt_470to600_TuneCP5_13TeV_pythia8/MINIAODSIM/106X_mcRun2_asymptotic_v17-v1/270000/E75F8AF8-263A-264F-AF61-48787604F52F.root
11-Jun-2024 09:12:43 CEST  Closed file root://xrootd-cms.infn.it//store/mc/RunIISummer20UL16MiniAODv2/QCD_Pt_470to600_TuneCP5_13TeV_pythia8/MINIAODSIM/106X_mcRun2_asymptotic_v17-v1/270000/E75F8AF8-263A-264F-AF61-48787604F52F.root
11-Jun-2024 09:12:43 CEST  Initiating request to open file root://eoscms.cern.ch//eos/cms/store/mc/RunIISummer20UL16MiniAODv2/QCD_Pt_470to600_TuneCP5_13TeV_pythia8/MINIAODSIM/106X_mcRun2_asymptotic_v17-v1/270000/8DB70348-6DBD-8646-8861-A9EDCCD9066C.root
%MSG-w XrdAdaptorInternal:  file_open 11-Jun-2024 09:12:44 CEST PostProcessEvent
Failed to open file at URL root://eoscms.cern.ch:1094//eos/cms/store/mc/RunIISummer20UL16MiniAODv2/QCD_Pt_470to600_TuneCP5_13TeV_pythia8/MINIAODSIM/106X_mcRun2_asymptotic_v17-v1/270000/8DB70348-6DBD-8646-8861-A9EDCCD9066C.root.
%MSG
%MSG-w XrdAdaptorInternal:  file_open 11-Jun-2024 09:12:44 CEST PostProcessEvent
Failed to open file at URL root://eoscms.cern.ch:1094//eos/cms/store/mc/RunIISummer20UL16MiniAODv2/QCD_Pt_470to600_TuneCP5_13TeV_pythia8/MINIAODSIM/106X_mcRun2_asymptotic_v17-v1/270000/8DB70348-6DBD-8646-8861-A9EDCCD9066C.root?tried=.
%MSG
11-Jun-2024 09:12:44 CEST  Fallback request to file root://xrootd-cms.infn.it//store/mc/RunIISummer20UL16MiniAODv2/QCD_Pt_470to600_TuneCP5_13TeV_pythia8/MINIAODSIM/106X_mcRun2_asymptotic_v17-v1/270000/8DB70348-6DBD-8646-8861-A9EDCCD9066C.root
%MSG-w XrdAdaptor:  file_open 11-Jun-2024 09:12:56 CEST PostProcessEvent
Data is served from T2_US_Wisconsin instead of original site infn.it
%MSG
11-Jun-2024 09:12:57 CEST  Successfully opened file root://xrootd-cms.infn.it//store/mc/RunIISummer20UL16MiniAODv2/QCD_Pt_470to600_TuneCP5_13TeV_pythia8/MINIAODSIM/106X_mcRun2_asymptotic_v17-v1/270000/8DB70348-6DBD-8646-8861-A9EDCCD9066C.root
Begin processing the 100001st record. Run 1, Event 450010, LumiSection 451 on stream 0 at 11-Jun-2024 09:13:06.545 CEST
11-Jun-2024 09:13:07 CEST  Closed file root://xrootd-cms.infn.it//store/mc/RunIISummer20UL16MiniAODv2/QCD_Pt_470to600_TuneCP5_13TeV_pythia8/MINIAODSIM/106X_mcRun2_asymptotic_v17-v1/270000/8DB70348-6DBD-8646-8861-A9EDCCD9066C.root
11-Jun-2024 09:13:07 CEST  Initiating request to open file root://eoscms.cern.ch//eos/cms/store/mc/RunIISummer20UL16MiniAODv2/QCD_Pt_470to600_TuneCP5_13TeV_pythia8/MINIAODSIM/106X_mcRun2_asymptotic_v17-v1/270000/8C6418CA-1752-3448-91F6-00D89CC1EDEA.root
%MSG-w XrdAdaptorInternal:  file_open 11-Jun-2024 09:13:08 CEST PostProcessEvent
Failed to open file at URL root://eoscms.cern.ch:1094//eos/cms/store/mc/RunIISummer20UL16MiniAODv2/QCD_Pt_470to600_TuneCP5_13TeV_pythia8/MINIAODSIM/106X_mcRun2_asymptotic_v17-v1/270000/8C6418CA-1752-3448-91F6-00D89CC1EDEA.root.
%MSG
%MSG-w XrdAdaptorInternal:  file_open 11-Jun-2024 09:13:08 CEST PostProcessEvent
Failed to open file at URL root://eoscms.cern.ch:1094//eos/cms/store/mc/RunIISummer20UL16MiniAODv2/QCD_Pt_470to600_TuneCP5_13TeV_pythia8/MINIAODSIM/106X_mcRun2_asymptotic_v17-v1/270000/8C6418CA-1752-3448-91F6-00D89CC1EDEA.root?tried=.
%MSG
11-Jun-2024 09:13:08 CEST  Fallback request to file root://xrootd-cms.infn.it//store/mc/RunIISummer20UL16MiniAODv2/QCD_Pt_470to600_TuneCP5_13TeV_pythia8/MINIAODSIM/106X_mcRun2_asymptotic_v17-v1/270000/8C6418CA-1752-3448-91F6-00D89CC1EDEA.root
%MSG-w XrdAdaptor:  file_open 11-Jun-2024 09:13:21 CEST PostProcessEvent
Data is served from T2_US_Wisconsin instead of original site infn.it
%MSG
11-Jun-2024 09:13:22 CEST  Successfully opened file root://xrootd-cms.infn.it//store/mc/RunIISummer20UL16MiniAODv2/QCD_Pt_470to600_TuneCP5_13TeV_pythia8/MINIAODSIM/106X_mcRun2_asymptotic_v17-v1/270000/8C6418CA-1752-3448-91F6-00D89CC1EDEA.root
11-Jun-2024 09:13:34 CEST  Closed file root://xrootd-cms.infn.it//store/mc/RunIISummer20UL16MiniAODv2/QCD_Pt_470to600_TuneCP5_13TeV_pythia8/MINIAODSIM/106X_mcRun2_asymptotic_v17-v1/270000/8C6418CA-1752-3448-91F6-00D89CC1EDEA.root
11-Jun-2024 09:13:34 CEST  Initiating request to open file root://eoscms.cern.ch//eos/cms/store/mc/RunIISummer20UL16MiniAODv2/QCD_Pt_470to600_TuneCP5_13TeV_pythia8/MINIAODSIM/106X_mcRun2_asymptotic_v17-v1/270000/B03857D0-C95B-8045-ADEF-C6CFA810592F.root
%MSG-w XrdAdaptorInternal:  file_open 11-Jun-2024 09:13:35 CEST PostProcessEvent
Failed to open file at URL root://eoscms.cern.ch:1094//eos/cms/store/mc/RunIISummer20UL16MiniAODv2/QCD_Pt_470to600_TuneCP5_13TeV_pythia8/MINIAODSIM/106X_mcRun2_asymptotic_v17-v1/270000/B03857D0-C95B-8045-ADEF-C6CFA810592F.root.
%MSG
%MSG-w XrdAdaptorInternal:  file_open 11-Jun-2024 09:13:35 CEST PostProcessEvent
Failed to open file at URL root://eoscms.cern.ch:1094//eos/cms/store/mc/RunIISummer20UL16MiniAODv2/QCD_Pt_470to600_TuneCP5_13TeV_pythia8/MINIAODSIM/106X_mcRun2_asymptotic_v17-v1/270000/B03857D0-C95B-8045-ADEF-C6CFA810592F.root?tried=.
%MSG
11-Jun-2024 09:13:35 CEST  Fallback request to file root://xrootd-cms.infn.it//store/mc/RunIISummer20UL16MiniAODv2/QCD_Pt_470to600_TuneCP5_13TeV_pythia8/MINIAODSIM/106X_mcRun2_asymptotic_v17-v1/270000/B03857D0-C95B-8045-ADEF-C6CFA810592F.root
%MSG-w XrdAdaptor:  file_open 11-Jun-2024 09:13:47 CEST PostProcessEvent
Data is served from T2_US_Wisconsin instead of original site infn.it
%MSG
11-Jun-2024 09:13:48 CEST  Successfully opened file root://xrootd-cms.infn.it//store/mc/RunIISummer20UL16MiniAODv2/QCD_Pt_470to600_TuneCP5_13TeV_pythia8/MINIAODSIM/106X_mcRun2_asymptotic_v17-v1/270000/B03857D0-C95B-8045-ADEF-C6CFA810592F.root
Begin processing the 200001st record. Run 1, Event 10166012, LumiSection 10167 on stream 0 at 11-Jun-2024 09:13:57.338 CEST
11-Jun-2024 09:13:58 CEST  Closed file root://xrootd-cms.infn.it//store/mc/RunIISummer20UL16MiniAODv2/QCD_Pt_470to600_TuneCP5_13TeV_pythia8/MINIAODSIM/106X_mcRun2_asymptotic_v17-v1/270000/B03857D0-C95B-8045-ADEF-C6CFA810592F.root
11-Jun-2024 09:13:58 CEST  Initiating request to open file root://eoscms.cern.ch//eos/cms/store/mc/RunIISummer20UL16MiniAODv2/QCD_Pt_470to600_TuneCP5_13TeV_pythia8/MINIAODSIM/106X_mcRun2_asymptotic_v17-v1/270000/F0AD021B-752B-E242-9CC1-8DAB784B3474.root
%MSG-w XrdAdaptorInternal:  file_open 11-Jun-2024 09:13:59 CEST PostProcessEvent
Failed to open file at URL root://eoscms.cern.ch:1094//eos/cms/store/mc/RunIISummer20UL16MiniAODv2/QCD_Pt_470to600_TuneCP5_13TeV_pythia8/MINIAODSIM/106X_mcRun2_asymptotic_v17-v1/270000/F0AD021B-752B-E242-9CC1-8DAB784B3474.root.
%MSG
%MSG-w XrdAdaptorInternal:  file_open 11-Jun-2024 09:13:59 CEST PostProcessEvent
Failed to open file at URL root://eoscms.cern.ch:1094//eos/cms/store/mc/RunIISummer20UL16MiniAODv2/QCD_Pt_470to600_TuneCP5_13TeV_pythia8/MINIAODSIM/106X_mcRun2_asymptotic_v17-v1/270000/F0AD021B-752B-E242-9CC1-8DAB784B3474.root?tried=.
%MSG
11-Jun-2024 09:13:59 CEST  Fallback request to file root://xrootd-cms.infn.it//store/mc/RunIISummer20UL16MiniAODv2/QCD_Pt_470to600_TuneCP5_13TeV_pythia8/MINIAODSIM/106X_mcRun2_asymptotic_v17-v1/270000/F0AD021B-752B-E242-9CC1-8DAB784B3474.root
%MSG-w XrdAdaptor:  file_open 11-Jun-2024 09:14:12 CEST PostProcessEvent
Data is served from T2_US_Wisconsin instead of original site infn.it
%MSG
11-Jun-2024 09:14:13 CEST  Successfully opened file root://xrootd-cms.infn.it//store/mc/RunIISummer20UL16MiniAODv2/QCD_Pt_470to600_TuneCP5_13TeV_pythia8/MINIAODSIM/106X_mcRun2_asymptotic_v17-v1/270000/F0AD021B-752B-E242-9CC1-8DAB784B3474.root
11-Jun-2024 09:14:26 CEST  Closed file root://xrootd-cms.infn.it//store/mc/RunIISummer20UL16MiniAODv2/QCD_Pt_470to600_TuneCP5_13TeV_pythia8/MINIAODSIM/106X_mcRun2_asymptotic_v17-v1/270000/F0AD021B-752B-E242-9CC1-8DAB784B3474.root
11-Jun-2024 09:14:26 CEST  Initiating request to open file root://eoscms.cern.ch//eos/cms/store/mc/RunIISummer20UL16MiniAODv2/QCD_Pt_470to600_TuneCP5_13TeV_pythia8/MINIAODSIM/106X_mcRun2_asymptotic_v17-v1/270000/5BB837D8-71AE-D74B-8953-7945BB63005F.root
%MSG-w XrdAdaptorInternal:  file_open 11-Jun-2024 09:14:27 CEST PostProcessEvent
Failed to open file at URL root://eoscms.cern.ch:1094//eos/cms/store/mc/RunIISummer20UL16MiniAODv2/QCD_Pt_470to600_TuneCP5_13TeV_pythia8/MINIAODSIM/106X_mcRun2_asymptotic_v17-v1/270000/5BB837D8-71AE-D74B-8953-7945BB63005F.root.
%MSG
%MSG-w XrdAdaptorInternal:  file_open 11-Jun-2024 09:14:27 CEST PostProcessEvent
Failed to open file at URL root://eoscms.cern.ch:1094//eos/cms/store/mc/RunIISummer20UL16MiniAODv2/QCD_Pt_470to600_TuneCP5_13TeV_pythia8/MINIAODSIM/106X_mcRun2_asymptotic_v17-v1/270000/5BB837D8-71AE-D74B-8953-7945BB63005F.root?tried=.
%MSG
11-Jun-2024 09:14:27 CEST  Fallback request to file root://xrootd-cms.infn.it//store/mc/RunIISummer20UL16MiniAODv2/QCD_Pt_470to600_TuneCP5_13TeV_pythia8/MINIAODSIM/106X_mcRun2_asymptotic_v17-v1/270000/5BB837D8-71AE-D74B-8953-7945BB63005F.root
%MSG-w XrdAdaptor:  file_open 11-Jun-2024 09:14:40 CEST PostProcessEvent
Data is served from T2_US_Wisconsin instead of original site infn.it
%MSG
11-Jun-2024 09:14:41 CEST  Successfully opened file root://xrootd-cms.infn.it//store/mc/RunIISummer20UL16MiniAODv2/QCD_Pt_470to600_TuneCP5_13TeV_pythia8/MINIAODSIM/106X_mcRun2_asymptotic_v17-v1/270000/5BB837D8-71AE-D74B-8953-7945BB63005F.root
Begin processing the 300001st record. Run 1, Event 2920008, LumiSection 2921 on stream 0 at 11-Jun-2024 09:14:48.753 CEST
11-Jun-2024 09:14:49 CEST  Closed file root://xrootd-cms.infn.it//store/mc/RunIISummer20UL16MiniAODv2/QCD_Pt_470to600_TuneCP5_13TeV_pythia8/MINIAODSIM/106X_mcRun2_asymptotic_v17-v1/270000/5BB837D8-71AE-D74B-8953-7945BB63005F.root
11-Jun-2024 09:14:49 CEST  Initiating request to open file root://eoscms.cern.ch//eos/cms/store/mc/RunIISummer20UL16MiniAODv2/QCD_Pt_470to600_TuneCP5_13TeV_pythia8/MINIAODSIM/106X_mcRun2_asymptotic_v17-v1/270000/5A20BC3B-7294-6745-9501-B7153F1A1475.root
%MSG-w XrdAdaptorInternal:  file_open 11-Jun-2024 09:14:50 CEST PostProcessEvent
Failed to open file at URL root://eoscms.cern.ch:1094//eos/cms/store/mc/RunIISummer20UL16MiniAODv2/QCD_Pt_470to600_TuneCP5_13TeV_pythia8/MINIAODSIM/106X_mcRun2_asymptotic_v17-v1/270000/5A20BC3B-7294-6745-9501-B7153F1A1475.root.
%MSG
%MSG-w XrdAdaptorInternal:  file_open 11-Jun-2024 09:14:50 CEST PostProcessEvent
Failed to open file at URL root://eoscms.cern.ch:1094//eos/cms/store/mc/RunIISummer20UL16MiniAODv2/QCD_Pt_470to600_TuneCP5_13TeV_pythia8/MINIAODSIM/106X_mcRun2_asymptotic_v17-v1/270000/5A20BC3B-7294-6745-9501-B7153F1A1475.root?tried=.
%MSG
11-Jun-2024 09:14:50 CEST  Fallback request to file root://xrootd-cms.infn.it//store/mc/RunIISummer20UL16MiniAODv2/QCD_Pt_470to600_TuneCP5_13TeV_pythia8/MINIAODSIM/106X_mcRun2_asymptotic_v17-v1/270000/5A20BC3B-7294-6745-9501-B7153F1A1475.root
%MSG-w XrdAdaptor:  file_open 11-Jun-2024 09:15:03 CEST PostProcessEvent
Data is served from T2_US_Wisconsin instead of original site infn.it
%MSG
11-Jun-2024 09:15:04 CEST  Successfully opened file root://xrootd-cms.infn.it//store/mc/RunIISummer20UL16MiniAODv2/QCD_Pt_470to600_TuneCP5_13TeV_pythia8/MINIAODSIM/106X_mcRun2_asymptotic_v17-v1/270000/5A20BC3B-7294-6745-9501-B7153F1A1475.root
11-Jun-2024 09:15:12 CEST  Closed file root://xrootd-cms.infn.it//store/mc/RunIISummer20UL16MiniAODv2/QCD_Pt_470to600_TuneCP5_13TeV_pythia8/MINIAODSIM/106X_mcRun2_asymptotic_v17-v1/270000/5A20BC3B-7294-6745-9501-B7153F1A1475.root
11-Jun-2024 09:15:12 CEST  Initiating request to open file root://eoscms.cern.ch//eos/cms/store/mc/RunIISummer20UL16MiniAODv2/QCD_Pt_470to600_TuneCP5_13TeV_pythia8/MINIAODSIM/106X_mcRun2_asymptotic_v17-v1/270000/D79528BA-47AB-2045-B635-9F34DB124C03.root
%MSG-w XrdAdaptorInternal:  file_open 11-Jun-2024 09:15:13 CEST PostProcessEvent
Failed to open file at URL root://eoscms.cern.ch:1094//eos/cms/store/mc/RunIISummer20UL16MiniAODv2/QCD_Pt_470to600_TuneCP5_13TeV_pythia8/MINIAODSIM/106X_mcRun2_asymptotic_v17-v1/270000/D79528BA-47AB-2045-B635-9F34DB124C03.root.
%MSG
%MSG-w XrdAdaptorInternal:  file_open 11-Jun-2024 09:15:13 CEST PostProcessEvent
Failed to open file at URL root://eoscms.cern.ch:1094//eos/cms/store/mc/RunIISummer20UL16MiniAODv2/QCD_Pt_470to600_TuneCP5_13TeV_pythia8/MINIAODSIM/106X_mcRun2_asymptotic_v17-v1/270000/D79528BA-47AB-2045-B635-9F34DB124C03.root?tried=.
%MSG
11-Jun-2024 09:15:13 CEST  Fallback request to file root://xrootd-cms.infn.it//store/mc/RunIISummer20UL16MiniAODv2/QCD_Pt_470to600_TuneCP5_13TeV_pythia8/MINIAODSIM/106X_mcRun2_asymptotic_v17-v1/270000/D79528BA-47AB-2045-B635-9F34DB124C03.root
%MSG-w XrdAdaptor:  file_open 11-Jun-2024 09:15:26 CEST PostProcessEvent
Data is served from T2_US_Wisconsin instead of original site infn.it
%MSG
11-Jun-2024 09:15:27 CEST  Successfully opened file root://xrootd-cms.infn.it//store/mc/RunIISummer20UL16MiniAODv2/QCD_Pt_470to600_TuneCP5_13TeV_pythia8/MINIAODSIM/106X_mcRun2_asymptotic_v17-v1/270000/D79528BA-47AB-2045-B635-9F34DB124C03.root
Begin processing the 400001st record. Run 1, Event 4282014, LumiSection 4283 on stream 0 at 11-Jun-2024 09:15:36.102 CEST
11-Jun-2024 09:15:36 CEST  Closed file root://xrootd-cms.infn.it//store/mc/RunIISummer20UL16MiniAODv2/QCD_Pt_470to600_TuneCP5_13TeV_pythia8/MINIAODSIM/106X_mcRun2_asymptotic_v17-v1/270000/D79528BA-47AB-2045-B635-9F34DB124C03.root
11-Jun-2024 09:15:36 CEST  Initiating request to open file root://eoscms.cern.ch//eos/cms/store/mc/RunIISummer20UL16MiniAODv2/QCD_Pt_470to600_TuneCP5_13TeV_pythia8/MINIAODSIM/106X_mcRun2_asymptotic_v17-v1/270000/B12E09ED-EE4C-C34C-B239-86EACBDC4AE9.root
%MSG-w XrdAdaptorInternal:  file_open 11-Jun-2024 09:15:37 CEST PostProcessEvent
Failed to open file at URL root://eoscms.cern.ch:1094//eos/cms/store/mc/RunIISummer20UL16MiniAODv2/QCD_Pt_470to600_TuneCP5_13TeV_pythia8/MINIAODSIM/106X_mcRun2_asymptotic_v17-v1/270000/B12E09ED-EE4C-C34C-B239-86EACBDC4AE9.root.
%MSG
%MSG-w XrdAdaptorInternal:  file_open 11-Jun-2024 09:15:37 CEST PostProcessEvent
Failed to open file at URL root://eoscms.cern.ch:1094//eos/cms/store/mc/RunIISummer20UL16MiniAODv2/QCD_Pt_470to600_TuneCP5_13TeV_pythia8/MINIAODSIM/106X_mcRun2_asymptotic_v17-v1/270000/B12E09ED-EE4C-C34C-B239-86EACBDC4AE9.root?tried=.
%MSG
11-Jun-2024 09:15:37 CEST  Fallback request to file root://xrootd-cms.infn.it//store/mc/RunIISummer20UL16MiniAODv2/QCD_Pt_470to600_TuneCP5_13TeV_pythia8/MINIAODSIM/106X_mcRun2_asymptotic_v17-v1/270000/B12E09ED-EE4C-C34C-B239-86EACBDC4AE9.root
%MSG-w XrdAdaptor:  file_open 11-Jun-2024 09:15:50 CEST PostProcessEvent
Data is served from T2_US_Wisconsin instead of original site infn.it
%MSG
11-Jun-2024 09:15:51 CEST  Successfully opened file root://xrootd-cms.infn.it//store/mc/RunIISummer20UL16MiniAODv2/QCD_Pt_470to600_TuneCP5_13TeV_pythia8/MINIAODSIM/106X_mcRun2_asymptotic_v17-v1/270000/B12E09ED-EE4C-C34C-B239-86EACBDC4AE9.root
11-Jun-2024 09:16:01 CEST  Closed file root://xrootd-cms.infn.it//store/mc/RunIISummer20UL16MiniAODv2/QCD_Pt_470to600_TuneCP5_13TeV_pythia8/MINIAODSIM/106X_mcRun2_asymptotic_v17-v1/270000/B12E09ED-EE4C-C34C-B239-86EACBDC4AE9.root
11-Jun-2024 09:16:01 CEST  Initiating request to open file root://eoscms.cern.ch//eos/cms/store/mc/RunIISummer20UL16MiniAODv2/QCD_Pt_470to600_TuneCP5_13TeV_pythia8/MINIAODSIM/106X_mcRun2_asymptotic_v17-v1/270000/F3C94041-5EFF-F340-9DD8-E60FD9F0BB7A.root
%MSG-w XrdAdaptorInternal:  file_open 11-Jun-2024 09:16:02 CEST PostProcessEvent
Failed to open file at URL root://eoscms.cern.ch:1094//eos/cms/store/mc/RunIISummer20UL16MiniAODv2/QCD_Pt_470to600_TuneCP5_13TeV_pythia8/MINIAODSIM/106X_mcRun2_asymptotic_v17-v1/270000/F3C94041-5EFF-F340-9DD8-E60FD9F0BB7A.root.
%MSG
%MSG-w XrdAdaptorInternal:  file_open 11-Jun-2024 09:16:02 CEST PostProcessEvent
Failed to open file at URL root://eoscms.cern.ch:1094//eos/cms/store/mc/RunIISummer20UL16MiniAODv2/QCD_Pt_470to600_TuneCP5_13TeV_pythia8/MINIAODSIM/106X_mcRun2_asymptotic_v17-v1/270000/F3C94041-5EFF-F340-9DD8-E60FD9F0BB7A.root?tried=.
%MSG
11-Jun-2024 09:16:02 CEST  Fallback request to file root://xrootd-cms.infn.it//store/mc/RunIISummer20UL16MiniAODv2/QCD_Pt_470to600_TuneCP5_13TeV_pythia8/MINIAODSIM/106X_mcRun2_asymptotic_v17-v1/270000/F3C94041-5EFF-F340-9DD8-E60FD9F0BB7A.root
%MSG-w XrdAdaptor:  file_open 11-Jun-2024 09:16:16 CEST PostProcessEvent
Data is served from T2_US_Wisconsin instead of original site infn.it
%MSG
11-Jun-2024 09:16:17 CEST  Successfully opened file root://xrootd-cms.infn.it//store/mc/RunIISummer20UL16MiniAODv2/QCD_Pt_470to600_TuneCP5_13TeV_pythia8/MINIAODSIM/106X_mcRun2_asymptotic_v17-v1/270000/F3C94041-5EFF-F340-9DD8-E60FD9F0BB7A.root
Begin processing the 500001st record. Run 1, Event 6830008, LumiSection 6831 on stream 0 at 11-Jun-2024 09:16:27.785 CEST
11-Jun-2024 09:16:27 CEST  Closed file root://xrootd-cms.infn.it//store/mc/RunIISummer20UL16MiniAODv2/QCD_Pt_470to600_TuneCP5_13TeV_pythia8/MINIAODSIM/106X_mcRun2_asymptotic_v17-v1/270000/F3C94041-5EFF-F340-9DD8-E60FD9F0BB7A.root
11-Jun-2024 09:16:27 CEST  Initiating request to open file root://eoscms.cern.ch//eos/cms/store/mc/RunIISummer20UL16MiniAODv2/QCD_Pt_470to600_TuneCP5_13TeV_pythia8/MINIAODSIM/106X_mcRun2_asymptotic_v17-v1/270000/52A30DB6-7691-814B-AC4A-42923E23A72A.root
%MSG-w XrdAdaptorInternal:  file_open 11-Jun-2024 09:16:28 CEST PostProcessEvent
Failed to open file at URL root://eoscms.cern.ch:1094//eos/cms/store/mc/RunIISummer20UL16MiniAODv2/QCD_Pt_470to600_TuneCP5_13TeV_pythia8/MINIAODSIM/106X_mcRun2_asymptotic_v17-v1/270000/52A30DB6-7691-814B-AC4A-42923E23A72A.root.
%MSG
%MSG-w XrdAdaptorInternal:  file_open 11-Jun-2024 09:16:28 CEST PostProcessEvent
Failed to open file at URL root://eoscms.cern.ch:1094//eos/cms/store/mc/RunIISummer20UL16MiniAODv2/QCD_Pt_470to600_TuneCP5_13TeV_pythia8/MINIAODSIM/106X_mcRun2_asymptotic_v17-v1/270000/52A30DB6-7691-814B-AC4A-42923E23A72A.root?tried=.
%MSG
11-Jun-2024 09:16:28 CEST  Fallback request to file root://xrootd-cms.infn.it//store/mc/RunIISummer20UL16MiniAODv2/QCD_Pt_470to600_TuneCP5_13TeV_pythia8/MINIAODSIM/106X_mcRun2_asymptotic_v17-v1/270000/52A30DB6-7691-814B-AC4A-42923E23A72A.root
%MSG-w XrdAdaptor:  file_open 11-Jun-2024 09:16:42 CEST PostProcessEvent
Data is served from T2_US_Wisconsin instead of original site infn.it
%MSG
11-Jun-2024 09:16:42 CEST  Successfully opened file root://xrootd-cms.infn.it//store/mc/RunIISummer20UL16MiniAODv2/QCD_Pt_470to600_TuneCP5_13TeV_pythia8/MINIAODSIM/106X_mcRun2_asymptotic_v17-v1/270000/52A30DB6-7691-814B-AC4A-42923E23A72A.root
11-Jun-2024 09:16:51 CEST  Closed file root://xrootd-cms.infn.it//store/mc/RunIISummer20UL16MiniAODv2/QCD_Pt_470to600_TuneCP5_13TeV_pythia8/MINIAODSIM/106X_mcRun2_asymptotic_v17-v1/270000/52A30DB6-7691-814B-AC4A-42923E23A72A.root
11-Jun-2024 09:16:51 CEST  Initiating request to open file root://eoscms.cern.ch//eos/cms/store/mc/RunIISummer20UL16MiniAODv2/QCD_Pt_470to600_TuneCP5_13TeV_pythia8/MINIAODSIM/106X_mcRun2_asymptotic_v17-v1/270000/E3110AA3-4456-8948-B9CC-C665EF0560D0.root
%MSG-w XrdAdaptorInternal:  file_open 11-Jun-2024 09:16:52 CEST PostProcessEvent
Failed to open file at URL root://eoscms.cern.ch:1094//eos/cms/store/mc/RunIISummer20UL16MiniAODv2/QCD_Pt_470to600_TuneCP5_13TeV_pythia8/MINIAODSIM/106X_mcRun2_asymptotic_v17-v1/270000/E3110AA3-4456-8948-B9CC-C665EF0560D0.root.
%MSG
%MSG-w XrdAdaptorInternal:  file_open 11-Jun-2024 09:16:52 CEST PostProcessEvent
Failed to open file at URL root://eoscms.cern.ch:1094//eos/cms/store/mc/RunIISummer20UL16MiniAODv2/QCD_Pt_470to600_TuneCP5_13TeV_pythia8/MINIAODSIM/106X_mcRun2_asymptotic_v17-v1/270000/E3110AA3-4456-8948-B9CC-C665EF0560D0.root?tried=.
%MSG
11-Jun-2024 09:16:52 CEST  Fallback request to file root://xrootd-cms.infn.it//store/mc/RunIISummer20UL16MiniAODv2/QCD_Pt_470to600_TuneCP5_13TeV_pythia8/MINIAODSIM/106X_mcRun2_asymptotic_v17-v1/270000/E3110AA3-4456-8948-B9CC-C665EF0560D0.root
%MSG-w XrdAdaptor:  file_open 11-Jun-2024 09:17:06 CEST PostProcessEvent
Data is served from T2_US_Wisconsin instead of original site infn.it
%MSG
11-Jun-2024 09:17:06 CEST  Successfully opened file root://xrootd-cms.infn.it//store/mc/RunIISummer20UL16MiniAODv2/QCD_Pt_470to600_TuneCP5_13TeV_pythia8/MINIAODSIM/106X_mcRun2_asymptotic_v17-v1/270000/E3110AA3-4456-8948-B9CC-C665EF0560D0.root
11-Jun-2024 09:17:13 CEST  Closed file root://xrootd-cms.infn.it//store/mc/RunIISummer20UL16MiniAODv2/QCD_Pt_470to600_TuneCP5_13TeV_pythia8/MINIAODSIM/106X_mcRun2_asymptotic_v17-v1/270000/E3110AA3-4456-8948-B9CC-C665EF0560D0.root
11-Jun-2024 09:17:13 CEST  Initiating request to open file root://eoscms.cern.ch//eos/cms/store/mc/RunIISummer20UL16MiniAODv2/QCD_Pt_470to600_TuneCP5_13TeV_pythia8/MINIAODSIM/106X_mcRun2_asymptotic_v17-v1/270000/C396D8A5-0153-5447-9380-DFC9B308AC4B.root
%MSG-w XrdAdaptorInternal:  file_open 11-Jun-2024 09:17:14 CEST PostProcessEvent
Failed to open file at URL root://eoscms.cern.ch:1094//eos/cms/store/mc/RunIISummer20UL16MiniAODv2/QCD_Pt_470to600_TuneCP5_13TeV_pythia8/MINIAODSIM/106X_mcRun2_asymptotic_v17-v1/270000/C396D8A5-0153-5447-9380-DFC9B308AC4B.root.
%MSG
%MSG-w XrdAdaptorInternal:  file_open 11-Jun-2024 09:17:14 CEST PostProcessEvent
Failed to open file at URL root://eoscms.cern.ch:1094//eos/cms/store/mc/RunIISummer20UL16MiniAODv2/QCD_Pt_470to600_TuneCP5_13TeV_pythia8/MINIAODSIM/106X_mcRun2_asymptotic_v17-v1/270000/C396D8A5-0153-5447-9380-DFC9B308AC4B.root?tried=.
%MSG
11-Jun-2024 09:17:14 CEST  Fallback request to file root://xrootd-cms.infn.it//store/mc/RunIISummer20UL16MiniAODv2/QCD_Pt_470to600_TuneCP5_13TeV_pythia8/MINIAODSIM/106X_mcRun2_asymptotic_v17-v1/270000/C396D8A5-0153-5447-9380-DFC9B308AC4B.root
%MSG-w XrdAdaptor:  file_open 11-Jun-2024 09:17:28 CEST PostProcessEvent
Data is served from T2_US_Wisconsin instead of original site infn.it
%MSG
11-Jun-2024 09:17:28 CEST  Successfully opened file root://xrootd-cms.infn.it//store/mc/RunIISummer20UL16MiniAODv2/QCD_Pt_470to600_TuneCP5_13TeV_pythia8/MINIAODSIM/106X_mcRun2_asymptotic_v17-v1/270000/C396D8A5-0153-5447-9380-DFC9B308AC4B.root
Begin processing the 600001st record. Run 1, Event 45593011, LumiSection 45594 on stream 0 at 11-Jun-2024 09:17:39.512 CEST
11-Jun-2024 09:17:40 CEST  Closed file root://xrootd-cms.infn.it//store/mc/RunIISummer20UL16MiniAODv2/QCD_Pt_470to600_TuneCP5_13TeV_pythia8/MINIAODSIM/106X_mcRun2_asymptotic_v17-v1/270000/C396D8A5-0153-5447-9380-DFC9B308AC4B.root
11-Jun-2024 09:17:40 CEST  Initiating request to open file root://eoscms.cern.ch//eos/cms/store/mc/RunIISummer20UL16MiniAODv2/QCD_Pt_470to600_TuneCP5_13TeV_pythia8/MINIAODSIM/106X_mcRun2_asymptotic_v17-v1/270000/0EFF833D-4911-8F4C-85CE-E971FFE2F3E2.root
%MSG-w XrdAdaptorInternal:  file_open 11-Jun-2024 09:17:41 CEST PostProcessEvent
Failed to open file at URL root://eoscms.cern.ch:1094//eos/cms/store/mc/RunIISummer20UL16MiniAODv2/QCD_Pt_470to600_TuneCP5_13TeV_pythia8/MINIAODSIM/106X_mcRun2_asymptotic_v17-v1/270000/0EFF833D-4911-8F4C-85CE-E971FFE2F3E2.root.
%MSG
%MSG-w XrdAdaptorInternal:  file_open 11-Jun-2024 09:17:41 CEST PostProcessEvent
Failed to open file at URL root://eoscms.cern.ch:1094//eos/cms/store/mc/RunIISummer20UL16MiniAODv2/QCD_Pt_470to600_TuneCP5_13TeV_pythia8/MINIAODSIM/106X_mcRun2_asymptotic_v17-v1/270000/0EFF833D-4911-8F4C-85CE-E971FFE2F3E2.root?tried=.
%MSG
11-Jun-2024 09:17:41 CEST  Fallback request to file root://xrootd-cms.infn.it//store/mc/RunIISummer20UL16MiniAODv2/QCD_Pt_470to600_TuneCP5_13TeV_pythia8/MINIAODSIM/106X_mcRun2_asymptotic_v17-v1/270000/0EFF833D-4911-8F4C-85CE-E971FFE2F3E2.root
%MSG-w XrdAdaptor:  file_open 11-Jun-2024 09:17:55 CEST PostProcessEvent
Data is served from T2_US_Wisconsin instead of original site infn.it
%MSG
11-Jun-2024 09:17:55 CEST  Successfully opened file root://xrootd-cms.infn.it//store/mc/RunIISummer20UL16MiniAODv2/QCD_Pt_470to600_TuneCP5_13TeV_pythia8/MINIAODSIM/106X_mcRun2_asymptotic_v17-v1/270000/0EFF833D-4911-8F4C-85CE-E971FFE2F3E2.root
11-Jun-2024 09:18:06 CEST  Closed file root://xrootd-cms.infn.it//store/mc/RunIISummer20UL16MiniAODv2/QCD_Pt_470to600_TuneCP5_13TeV_pythia8/MINIAODSIM/106X_mcRun2_asymptotic_v17-v1/270000/0EFF833D-4911-8F4C-85CE-E971FFE2F3E2.root
11-Jun-2024 09:18:06 CEST  Initiating request to open file root://eoscms.cern.ch//eos/cms/store/mc/RunIISummer20UL16MiniAODv2/QCD_Pt_470to600_TuneCP5_13TeV_pythia8/MINIAODSIM/106X_mcRun2_asymptotic_v17-v1/270000/89B789DC-1537-AD44-969F-8A2561D33E5C.root
%MSG-w XrdAdaptorInternal:  file_open 11-Jun-2024 09:18:07 CEST PostProcessEvent
Failed to open file at URL root://eoscms.cern.ch:1094//eos/cms/store/mc/RunIISummer20UL16MiniAODv2/QCD_Pt_470to600_TuneCP5_13TeV_pythia8/MINIAODSIM/106X_mcRun2_asymptotic_v17-v1/270000/89B789DC-1537-AD44-969F-8A2561D33E5C.root.
%MSG
%MSG-w XrdAdaptorInternal:  file_open 11-Jun-2024 09:18:07 CEST PostProcessEvent
Failed to open file at URL root://eoscms.cern.ch:1094//eos/cms/store/mc/RunIISummer20UL16MiniAODv2/QCD_Pt_470to600_TuneCP5_13TeV_pythia8/MINIAODSIM/106X_mcRun2_asymptotic_v17-v1/270000/89B789DC-1537-AD44-969F-8A2561D33E5C.root?tried=.
%MSG
11-Jun-2024 09:18:07 CEST  Fallback request to file root://xrootd-cms.infn.it//store/mc/RunIISummer20UL16MiniAODv2/QCD_Pt_470to600_TuneCP5_13TeV_pythia8/MINIAODSIM/106X_mcRun2_asymptotic_v17-v1/270000/89B789DC-1537-AD44-969F-8A2561D33E5C.root
%MSG-w XrdAdaptor:  file_open 11-Jun-2024 09:18:20 CEST PostProcessEvent
Data is served from T2_US_Wisconsin instead of original site infn.it
%MSG
11-Jun-2024 09:18:20 CEST  Successfully opened file root://xrootd-cms.infn.it//store/mc/RunIISummer20UL16MiniAODv2/QCD_Pt_470to600_TuneCP5_13TeV_pythia8/MINIAODSIM/106X_mcRun2_asymptotic_v17-v1/270000/89B789DC-1537-AD44-969F-8A2561D33E5C.root
Begin processing the 700001st record. Run 1, Event 11148006, LumiSection 11149 on stream 0 at 11-Jun-2024 09:18:31.771 CEST
11-Jun-2024 09:18:33 CEST  Closed file root://xrootd-cms.infn.it//store/mc/RunIISummer20UL16MiniAODv2/QCD_Pt_470to600_TuneCP5_13TeV_pythia8/MINIAODSIM/106X_mcRun2_asymptotic_v17-v1/270000/89B789DC-1537-AD44-969F-8A2561D33E5C.root
11-Jun-2024 09:18:33 CEST  Initiating request to open file root://eoscms.cern.ch//eos/cms/store/mc/RunIISummer20UL16MiniAODv2/QCD_Pt_470to600_TuneCP5_13TeV_pythia8/MINIAODSIM/106X_mcRun2_asymptotic_v17-v1/270000/243C5CEB-E1A0-2E42-88E3-58C8A0D2E5FE.root
%MSG-w XrdAdaptorInternal:  file_open 11-Jun-2024 09:18:34 CEST PostProcessEvent
Failed to open file at URL root://eoscms.cern.ch:1094//eos/cms/store/mc/RunIISummer20UL16MiniAODv2/QCD_Pt_470to600_TuneCP5_13TeV_pythia8/MINIAODSIM/106X_mcRun2_asymptotic_v17-v1/270000/243C5CEB-E1A0-2E42-88E3-58C8A0D2E5FE.root.
%MSG
%MSG-w XrdAdaptorInternal:  file_open 11-Jun-2024 09:18:34 CEST PostProcessEvent
Failed to open file at URL root://eoscms.cern.ch:1094//eos/cms/store/mc/RunIISummer20UL16MiniAODv2/QCD_Pt_470to600_TuneCP5_13TeV_pythia8/MINIAODSIM/106X_mcRun2_asymptotic_v17-v1/270000/243C5CEB-E1A0-2E42-88E3-58C8A0D2E5FE.root?tried=.
%MSG
11-Jun-2024 09:18:34 CEST  Fallback request to file root://xrootd-cms.infn.it//store/mc/RunIISummer20UL16MiniAODv2/QCD_Pt_470to600_TuneCP5_13TeV_pythia8/MINIAODSIM/106X_mcRun2_asymptotic_v17-v1/270000/243C5CEB-E1A0-2E42-88E3-58C8A0D2E5FE.root
%MSG-w XrdAdaptor:  file_open 11-Jun-2024 09:18:47 CEST PostProcessEvent
Data is served from T2_US_Wisconsin instead of original site infn.it
%MSG
11-Jun-2024 09:18:47 CEST  Successfully opened file root://xrootd-cms.infn.it//store/mc/RunIISummer20UL16MiniAODv2/QCD_Pt_470to600_TuneCP5_13TeV_pythia8/MINIAODSIM/106X_mcRun2_asymptotic_v17-v1/270000/243C5CEB-E1A0-2E42-88E3-58C8A0D2E5FE.root
11-Jun-2024 09:18:55 CEST  Closed file root://xrootd-cms.infn.it//store/mc/RunIISummer20UL16MiniAODv2/QCD_Pt_470to600_TuneCP5_13TeV_pythia8/MINIAODSIM/106X_mcRun2_asymptotic_v17-v1/270000/243C5CEB-E1A0-2E42-88E3-58C8A0D2E5FE.root
11-Jun-2024 09:18:55 CEST  Initiating request to open file root://eoscms.cern.ch//eos/cms/store/mc/RunIISummer20UL16MiniAODv2/QCD_Pt_470to600_TuneCP5_13TeV_pythia8/MINIAODSIM/106X_mcRun2_asymptotic_v17-v1/270000/EBD0CAF7-B3A2-CC4F-88DA-9752771D9DB3.root
%MSG-w XrdAdaptorInternal:  file_open 11-Jun-2024 09:18:56 CEST PostProcessEvent
Failed to open file at URL root://eoscms.cern.ch:1094//eos/cms/store/mc/RunIISummer20UL16MiniAODv2/QCD_Pt_470to600_TuneCP5_13TeV_pythia8/MINIAODSIM/106X_mcRun2_asymptotic_v17-v1/270000/EBD0CAF7-B3A2-CC4F-88DA-9752771D9DB3.root.
%MSG
%MSG-w XrdAdaptorInternal:  file_open 11-Jun-2024 09:18:56 CEST PostProcessEvent
Failed to open file at URL root://eoscms.cern.ch:1094//eos/cms/store/mc/RunIISummer20UL16MiniAODv2/QCD_Pt_470to600_TuneCP5_13TeV_pythia8/MINIAODSIM/106X_mcRun2_asymptotic_v17-v1/270000/EBD0CAF7-B3A2-CC4F-88DA-9752771D9DB3.root?tried=.
%MSG
11-Jun-2024 09:18:56 CEST  Fallback request to file root://xrootd-cms.infn.it//store/mc/RunIISummer20UL16MiniAODv2/QCD_Pt_470to600_TuneCP5_13TeV_pythia8/MINIAODSIM/106X_mcRun2_asymptotic_v17-v1/270000/EBD0CAF7-B3A2-CC4F-88DA-9752771D9DB3.root
%MSG-w XrdAdaptor:  file_open 11-Jun-2024 09:19:10 CEST PostProcessEvent
Data is served from T2_US_Wisconsin instead of original site infn.it
%MSG
11-Jun-2024 09:19:10 CEST  Successfully opened file root://xrootd-cms.infn.it//store/mc/RunIISummer20UL16MiniAODv2/QCD_Pt_470to600_TuneCP5_13TeV_pythia8/MINIAODSIM/106X_mcRun2_asymptotic_v17-v1/270000/EBD0CAF7-B3A2-CC4F-88DA-9752771D9DB3.root
Begin processing the 800001st record. Run 1, Event 3304008, LumiSection 3305 on stream 0 at 11-Jun-2024 09:19:20.038 CEST
11-Jun-2024 09:19:21 CEST  Closed file root://xrootd-cms.infn.it//store/mc/RunIISummer20UL16MiniAODv2/QCD_Pt_470to600_TuneCP5_13TeV_pythia8/MINIAODSIM/106X_mcRun2_asymptotic_v17-v1/270000/EBD0CAF7-B3A2-CC4F-88DA-9752771D9DB3.root
11-Jun-2024 09:19:21 CEST  Initiating request to open file root://eoscms.cern.ch//eos/cms/store/mc/RunIISummer20UL16MiniAODv2/QCD_Pt_470to600_TuneCP5_13TeV_pythia8/MINIAODSIM/106X_mcRun2_asymptotic_v17-v1/270000/0C2C3F5F-4A2D-F141-AEB2-36020D990641.root
%MSG-w XrdAdaptorInternal:  file_open 11-Jun-2024 09:19:22 CEST PostProcessEvent
Failed to open file at URL root://eoscms.cern.ch:1094//eos/cms/store/mc/RunIISummer20UL16MiniAODv2/QCD_Pt_470to600_TuneCP5_13TeV_pythia8/MINIAODSIM/106X_mcRun2_asymptotic_v17-v1/270000/0C2C3F5F-4A2D-F141-AEB2-36020D990641.root.
%MSG
%MSG-w XrdAdaptorInternal:  file_open 11-Jun-2024 09:19:22 CEST PostProcessEvent
Failed to open file at URL root://eoscms.cern.ch:1094//eos/cms/store/mc/RunIISummer20UL16MiniAODv2/QCD_Pt_470to600_TuneCP5_13TeV_pythia8/MINIAODSIM/106X_mcRun2_asymptotic_v17-v1/270000/0C2C3F5F-4A2D-F141-AEB2-36020D990641.root?tried=.
%MSG
11-Jun-2024 09:19:22 CEST  Fallback request to file root://xrootd-cms.infn.it//store/mc/RunIISummer20UL16MiniAODv2/QCD_Pt_470to600_TuneCP5_13TeV_pythia8/MINIAODSIM/106X_mcRun2_asymptotic_v17-v1/270000/0C2C3F5F-4A2D-F141-AEB2-36020D990641.root
%MSG-w XrdAdaptor:  file_open 11-Jun-2024 09:19:35 CEST PostProcessEvent
Data is served from T2_US_Wisconsin instead of original site infn.it
%MSG
11-Jun-2024 09:19:35 CEST  Successfully opened file root://xrootd-cms.infn.it//store/mc/RunIISummer20UL16MiniAODv2/QCD_Pt_470to600_TuneCP5_13TeV_pythia8/MINIAODSIM/106X_mcRun2_asymptotic_v17-v1/270000/0C2C3F5F-4A2D-F141-AEB2-36020D990641.root
11-Jun-2024 09:19:42 CEST  Closed file root://xrootd-cms.infn.it//store/mc/RunIISummer20UL16MiniAODv2/QCD_Pt_470to600_TuneCP5_13TeV_pythia8/MINIAODSIM/106X_mcRun2_asymptotic_v17-v1/270000/0C2C3F5F-4A2D-F141-AEB2-36020D990641.root
11-Jun-2024 09:19:42 CEST  Initiating request to open file root://eoscms.cern.ch//eos/cms/store/mc/RunIISummer20UL16MiniAODv2/QCD_Pt_470to600_TuneCP5_13TeV_pythia8/MINIAODSIM/106X_mcRun2_asymptotic_v17-v1/270000/D42E1DC6-48C5-594E-A1DF-E986A8C92CCA.root
%MSG-w XrdAdaptorInternal:  file_open 11-Jun-2024 09:19:43 CEST PostProcessEvent
Failed to open file at URL root://eoscms.cern.ch:1094//eos/cms/store/mc/RunIISummer20UL16MiniAODv2/QCD_Pt_470to600_TuneCP5_13TeV_pythia8/MINIAODSIM/106X_mcRun2_asymptotic_v17-v1/270000/D42E1DC6-48C5-594E-A1DF-E986A8C92CCA.root.
%MSG
%MSG-w XrdAdaptorInternal:  file_open 11-Jun-2024 09:19:43 CEST PostProcessEvent
Failed to open file at URL root://eoscms.cern.ch:1094//eos/cms/store/mc/RunIISummer20UL16MiniAODv2/QCD_Pt_470to600_TuneCP5_13TeV_pythia8/MINIAODSIM/106X_mcRun2_asymptotic_v17-v1/270000/D42E1DC6-48C5-594E-A1DF-E986A8C92CCA.root?tried=.
%MSG
11-Jun-2024 09:19:43 CEST  Fallback request to file root://xrootd-cms.infn.it//store/mc/RunIISummer20UL16MiniAODv2/QCD_Pt_470to600_TuneCP5_13TeV_pythia8/MINIAODSIM/106X_mcRun2_asymptotic_v17-v1/270000/D42E1DC6-48C5-594E-A1DF-E986A8C92CCA.root
%MSG-w XrdAdaptor:  file_open 11-Jun-2024 09:19:57 CEST PostProcessEvent
Data is served from T2_US_Wisconsin instead of original site infn.it
%MSG
11-Jun-2024 09:19:58 CEST  Successfully opened file root://xrootd-cms.infn.it//store/mc/RunIISummer20UL16MiniAODv2/QCD_Pt_470to600_TuneCP5_13TeV_pythia8/MINIAODSIM/106X_mcRun2_asymptotic_v17-v1/270000/D42E1DC6-48C5-594E-A1DF-E986A8C92CCA.root
Begin processing the 900001st record. Run 1, Event 21192016, LumiSection 21193 on stream 0 at 11-Jun-2024 09:20:06.169 CEST
11-Jun-2024 09:20:07 CEST  Closed file root://xrootd-cms.infn.it//store/mc/RunIISummer20UL16MiniAODv2/QCD_Pt_470to600_TuneCP5_13TeV_pythia8/MINIAODSIM/106X_mcRun2_asymptotic_v17-v1/270000/D42E1DC6-48C5-594E-A1DF-E986A8C92CCA.root
11-Jun-2024 09:20:07 CEST  Initiating request to open file root://eoscms.cern.ch//eos/cms/store/mc/RunIISummer20UL16MiniAODv2/QCD_Pt_470to600_TuneCP5_13TeV_pythia8/MINIAODSIM/106X_mcRun2_asymptotic_v17-v1/270000/ACE156A0-7788-2A42-9778-B76FAE1E6FFA.root
%MSG-w XrdAdaptorInternal:  file_open 11-Jun-2024 09:20:08 CEST PostProcessEvent
Failed to open file at URL root://eoscms.cern.ch:1094//eos/cms/store/mc/RunIISummer20UL16MiniAODv2/QCD_Pt_470to600_TuneCP5_13TeV_pythia8/MINIAODSIM/106X_mcRun2_asymptotic_v17-v1/270000/ACE156A0-7788-2A42-9778-B76FAE1E6FFA.root.
%MSG
%MSG-w XrdAdaptorInternal:  file_open 11-Jun-2024 09:20:08 CEST PostProcessEvent
Failed to open file at URL root://eoscms.cern.ch:1094//eos/cms/store/mc/RunIISummer20UL16MiniAODv2/QCD_Pt_470to600_TuneCP5_13TeV_pythia8/MINIAODSIM/106X_mcRun2_asymptotic_v17-v1/270000/ACE156A0-7788-2A42-9778-B76FAE1E6FFA.root?tried=.
%MSG
11-Jun-2024 09:20:08 CEST  Fallback request to file root://xrootd-cms.infn.it//store/mc/RunIISummer20UL16MiniAODv2/QCD_Pt_470to600_TuneCP5_13TeV_pythia8/MINIAODSIM/106X_mcRun2_asymptotic_v17-v1/270000/ACE156A0-7788-2A42-9778-B76FAE1E6FFA.root
%MSG-w XrdAdaptor:  file_open 11-Jun-2024 09:20:21 CEST PostProcessEvent
Data is served from T2_US_Wisconsin instead of original site infn.it
%MSG
11-Jun-2024 09:20:22 CEST  Successfully opened file root://xrootd-cms.infn.it//store/mc/RunIISummer20UL16MiniAODv2/QCD_Pt_470to600_TuneCP5_13TeV_pythia8/MINIAODSIM/106X_mcRun2_asymptotic_v17-v1/270000/ACE156A0-7788-2A42-9778-B76FAE1E6FFA.root
11-Jun-2024 09:20:37 CEST  Closed file root://xrootd-cms.infn.it//store/mc/RunIISummer20UL16MiniAODv2/QCD_Pt_470to600_TuneCP5_13TeV_pythia8/MINIAODSIM/106X_mcRun2_asymptotic_v17-v1/270000/ACE156A0-7788-2A42-9778-B76FAE1E6FFA.root
11-Jun-2024 09:20:37 CEST  Initiating request to open file root://eoscms.cern.ch//eos/cms/store/mc/RunIISummer20UL16MiniAODv2/QCD_Pt_470to600_TuneCP5_13TeV_pythia8/MINIAODSIM/106X_mcRun2_asymptotic_v17-v1/270000/B33E7C94-F79F-7747-B520-EE7BEAEB9088.root
%MSG-w XrdAdaptorInternal:  file_open 11-Jun-2024 09:20:38 CEST PostProcessEvent
Failed to open file at URL root://eoscms.cern.ch:1094//eos/cms/store/mc/RunIISummer20UL16MiniAODv2/QCD_Pt_470to600_TuneCP5_13TeV_pythia8/MINIAODSIM/106X_mcRun2_asymptotic_v17-v1/270000/B33E7C94-F79F-7747-B520-EE7BEAEB9088.root.
%MSG
%MSG-w XrdAdaptorInternal:  file_open 11-Jun-2024 09:20:38 CEST PostProcessEvent
Failed to open file at URL root://eoscms.cern.ch:1094//eos/cms/store/mc/RunIISummer20UL16MiniAODv2/QCD_Pt_470to600_TuneCP5_13TeV_pythia8/MINIAODSIM/106X_mcRun2_asymptotic_v17-v1/270000/B33E7C94-F79F-7747-B520-EE7BEAEB9088.root?tried=.
%MSG
11-Jun-2024 09:20:38 CEST  Fallback request to file root://xrootd-cms.infn.it//store/mc/RunIISummer20UL16MiniAODv2/QCD_Pt_470to600_TuneCP5_13TeV_pythia8/MINIAODSIM/106X_mcRun2_asymptotic_v17-v1/270000/B33E7C94-F79F-7747-B520-EE7BEAEB9088.root
%MSG-w XrdAdaptor:  file_open 11-Jun-2024 09:20:51 CEST PostProcessEvent
Data is served from T2_US_Wisconsin instead of original site infn.it
%MSG
11-Jun-2024 09:20:52 CEST  Successfully opened file root://xrootd-cms.infn.it//store/mc/RunIISummer20UL16MiniAODv2/QCD_Pt_470to600_TuneCP5_13TeV_pythia8/MINIAODSIM/106X_mcRun2_asymptotic_v17-v1/270000/B33E7C94-F79F-7747-B520-EE7BEAEB9088.root
11-Jun-2024 09:21:01 CEST  Closed file root://xrootd-cms.infn.it//store/mc/RunIISummer20UL16MiniAODv2/QCD_Pt_470to600_TuneCP5_13TeV_pythia8/MINIAODSIM/106X_mcRun2_asymptotic_v17-v1/270000/B33E7C94-F79F-7747-B520-EE7BEAEB9088.root

------------------------------------
GenXsecAnalyzer:
------------------------------------
Before Filter: total cross section = 5.526e+02 +- 2.621e-01 pb
Filter efficiency (taking into account weights)= (1e+06) / (1e+06) = 1.000e+00 +- 0.000e+00
Filter efficiency (event-level)= (1e+06) / (1e+06) = 1.000e+00 +- 0.000e+00    [TO BE USED IN MCM]

After filter: final cross section = 5.526e+02 +- 2.621e-01 pb
After filter: final fraction of events with negative weights = 0.000e+00 +- 0.000e+00
After filter: final equivalent lumi for 1M events (1/fb) = 1.810e+00 +- 2.003e-03

=============================================

MessageLogger Summary

 type     category        sev    module        subroutine        count    total
 ---- -------------------- -- ---------------- ----------------  -----    -----
    1 GenXSecAnalyzer      -w GenXSecAnalyzer:                       7        7
    2 XrdAdaptor           -w file_open                             22       22
    3 XrdAdaptorInternal   -w file_open                             44       44
    4 fileAction           -s file_close                            22       22
    5 fileAction           -s file_open                             66       66

 type    category    Examples: run/evt        run/evt          run/evt
 ---- -------------------- ---------------- ---------------- ----------------
    1 GenXSecAnalyzer      PostGlobalEndRun PostGlobalEndRun PostGlobalEndRun
    2 XrdAdaptor           pre-events       PostProcessEvent PostProcessEvent
    3 XrdAdaptorInternal   pre-events       pre-events       PostProcessEvent
    4 fileAction           PostProcessEvent PostProcessEvent PostGlobalEndRun
    5 fileAction           pre-events       pre-events       PostProcessEvent

Severity    # Occurrences   Total Occurrences
--------    -------------   -----------------
Warning                73                  73
System                 88                  88

dropped waiting message count 0
