11-Jun-2024 08:53:55 CEST  Initiating request to open file root://eoscms.cern.ch//eos/cms/store/mc/RunIISummer20UL16MiniAODv2/QCD_HT500to700_TuneCP5_PSWeights_13TeV-madgraph-pythia8/MINIAODSIM/106X_mcRun2_asymptotic_v17-v1/260000/95176551-D956-8E4C-BA2C-602A86B9DC51.root
%MSG-w XrdAdaptorInternal:  file_open 11-Jun-2024 08:53:57 CEST pre-events
Failed to open file at URL root://eoscms.cern.ch:1094//eos/cms/store/mc/RunIISummer20UL16MiniAODv2/QCD_HT500to700_TuneCP5_PSWeights_13TeV-madgraph-pythia8/MINIAODSIM/106X_mcRun2_asymptotic_v17-v1/260000/95176551-D956-8E4C-BA2C-602A86B9DC51.root.
%MSG
%MSG-w XrdAdaptorInternal:  file_open 11-Jun-2024 08:53:57 CEST pre-events
Failed to open file at URL root://eoscms.cern.ch:1094//eos/cms/store/mc/RunIISummer20UL16MiniAODv2/QCD_HT500to700_TuneCP5_PSWeights_13TeV-madgraph-pythia8/MINIAODSIM/106X_mcRun2_asymptotic_v17-v1/260000/95176551-D956-8E4C-BA2C-602A86B9DC51.root?tried=.
%MSG
11-Jun-2024 08:53:57 CEST  Fallback request to file root://xrootd-cms.infn.it//store/mc/RunIISummer20UL16MiniAODv2/QCD_HT500to700_TuneCP5_PSWeights_13TeV-madgraph-pythia8/MINIAODSIM/106X_mcRun2_asymptotic_v17-v1/260000/95176551-D956-8E4C-BA2C-602A86B9DC51.root
%MSG-w XrdAdaptor:  file_open 11-Jun-2024 08:54:17 CEST pre-events
Data is served from cms.rcac.purdue.edu instead of original site T2_FR_GRIF_LLR
%MSG
11-Jun-2024 08:54:21 CEST  Successfully opened file root://xrootd-cms.infn.it//store/mc/RunIISummer20UL16MiniAODv2/QCD_HT500to700_TuneCP5_PSWeights_13TeV-madgraph-pythia8/MINIAODSIM/106X_mcRun2_asymptotic_v17-v1/260000/95176551-D956-8E4C-BA2C-602A86B9DC51.root
Begin processing the 1st record. Run 1, Event 2421931, LumiSection 398 on stream 0 at 11-Jun-2024 08:54:27.166 CEST
11-Jun-2024 08:54:28 CEST  Closed file root://xrootd-cms.infn.it//store/mc/RunIISummer20UL16MiniAODv2/QCD_HT500to700_TuneCP5_PSWeights_13TeV-madgraph-pythia8/MINIAODSIM/106X_mcRun2_asymptotic_v17-v1/260000/95176551-D956-8E4C-BA2C-602A86B9DC51.root
11-Jun-2024 08:54:28 CEST  Initiating request to open file root://eoscms.cern.ch//eos/cms/store/mc/RunIISummer20UL16MiniAODv2/QCD_HT500to700_TuneCP5_PSWeights_13TeV-madgraph-pythia8/MINIAODSIM/106X_mcRun2_asymptotic_v17-v1/260000/55CCE21B-094C-C343-8D19-AF03C1D39DE6.root
%MSG-w XrdAdaptorInternal:  file_open 11-Jun-2024 08:54:29 CEST PostProcessEvent
Failed to open file at URL root://eoscms.cern.ch:1094//eos/cms/store/mc/RunIISummer20UL16MiniAODv2/QCD_HT500to700_TuneCP5_PSWeights_13TeV-madgraph-pythia8/MINIAODSIM/106X_mcRun2_asymptotic_v17-v1/260000/55CCE21B-094C-C343-8D19-AF03C1D39DE6.root.
%MSG
%MSG-w XrdAdaptorInternal:  file_open 11-Jun-2024 08:54:29 CEST PostProcessEvent
Failed to open file at URL root://eoscms.cern.ch:1094//eos/cms/store/mc/RunIISummer20UL16MiniAODv2/QCD_HT500to700_TuneCP5_PSWeights_13TeV-madgraph-pythia8/MINIAODSIM/106X_mcRun2_asymptotic_v17-v1/260000/55CCE21B-094C-C343-8D19-AF03C1D39DE6.root?tried=.
%MSG
11-Jun-2024 08:54:29 CEST  Fallback request to file root://xrootd-cms.infn.it//store/mc/RunIISummer20UL16MiniAODv2/QCD_HT500to700_TuneCP5_PSWeights_13TeV-madgraph-pythia8/MINIAODSIM/106X_mcRun2_asymptotic_v17-v1/260000/55CCE21B-094C-C343-8D19-AF03C1D39DE6.root
%MSG-w XrdAdaptor:  file_open 11-Jun-2024 08:54:43 CEST PostProcessEvent
Data is served from cms.rcac.purdue.edu instead of original site T2_FR_GRIF_LLR
%MSG
11-Jun-2024 08:54:44 CEST  Successfully opened file root://xrootd-cms.infn.it//store/mc/RunIISummer20UL16MiniAODv2/QCD_HT500to700_TuneCP5_PSWeights_13TeV-madgraph-pythia8/MINIAODSIM/106X_mcRun2_asymptotic_v17-v1/260000/55CCE21B-094C-C343-8D19-AF03C1D39DE6.root
11-Jun-2024 08:54:49 CEST  Closed file root://xrootd-cms.infn.it//store/mc/RunIISummer20UL16MiniAODv2/QCD_HT500to700_TuneCP5_PSWeights_13TeV-madgraph-pythia8/MINIAODSIM/106X_mcRun2_asymptotic_v17-v1/260000/55CCE21B-094C-C343-8D19-AF03C1D39DE6.root
11-Jun-2024 08:54:49 CEST  Initiating request to open file root://eoscms.cern.ch//eos/cms/store/mc/RunIISummer20UL16MiniAODv2/QCD_HT500to700_TuneCP5_PSWeights_13TeV-madgraph-pythia8/MINIAODSIM/106X_mcRun2_asymptotic_v17-v1/270000/6F7C90BB-7F6D-E043-987D-D76C32A08041.root
%MSG-w XrdAdaptorInternal:  file_open 11-Jun-2024 08:54:50 CEST PostProcessEvent
Failed to open file at URL root://eoscms.cern.ch:1094//eos/cms/store/mc/RunIISummer20UL16MiniAODv2/QCD_HT500to700_TuneCP5_PSWeights_13TeV-madgraph-pythia8/MINIAODSIM/106X_mcRun2_asymptotic_v17-v1/270000/6F7C90BB-7F6D-E043-987D-D76C32A08041.root.
%MSG
%MSG-w XrdAdaptorInternal:  file_open 11-Jun-2024 08:54:50 CEST PostProcessEvent
Failed to open file at URL root://eoscms.cern.ch:1094//eos/cms/store/mc/RunIISummer20UL16MiniAODv2/QCD_HT500to700_TuneCP5_PSWeights_13TeV-madgraph-pythia8/MINIAODSIM/106X_mcRun2_asymptotic_v17-v1/270000/6F7C90BB-7F6D-E043-987D-D76C32A08041.root?tried=.
%MSG
11-Jun-2024 08:54:50 CEST  Fallback request to file root://xrootd-cms.infn.it//store/mc/RunIISummer20UL16MiniAODv2/QCD_HT500to700_TuneCP5_PSWeights_13TeV-madgraph-pythia8/MINIAODSIM/106X_mcRun2_asymptotic_v17-v1/270000/6F7C90BB-7F6D-E043-987D-D76C32A08041.root
%MSG-w XrdAdaptor:  file_open 11-Jun-2024 08:55:06 CEST PostProcessEvent
Data is served from T2_US_Wisconsin instead of original site T2_FR_GRIF_LLR
%MSG
11-Jun-2024 08:55:06 CEST  Successfully opened file root://xrootd-cms.infn.it//store/mc/RunIISummer20UL16MiniAODv2/QCD_HT500to700_TuneCP5_PSWeights_13TeV-madgraph-pythia8/MINIAODSIM/106X_mcRun2_asymptotic_v17-v1/270000/6F7C90BB-7F6D-E043-987D-D76C32A08041.root
Begin processing the 100001st record. Run 1, Event 442739, LumiSection 68 on stream 0 at 11-Jun-2024 08:55:15.883 CEST
11-Jun-2024 08:55:16 CEST  Closed file root://xrootd-cms.infn.it//store/mc/RunIISummer20UL16MiniAODv2/QCD_HT500to700_TuneCP5_PSWeights_13TeV-madgraph-pythia8/MINIAODSIM/106X_mcRun2_asymptotic_v17-v1/270000/6F7C90BB-7F6D-E043-987D-D76C32A08041.root
11-Jun-2024 08:55:16 CEST  Initiating request to open file root://eoscms.cern.ch//eos/cms/store/mc/RunIISummer20UL16MiniAODv2/QCD_HT500to700_TuneCP5_PSWeights_13TeV-madgraph-pythia8/MINIAODSIM/106X_mcRun2_asymptotic_v17-v1/270000/53269376-D5A6-C441-8F46-36C9FA813302.root
%MSG-w XrdAdaptorInternal:  file_open 11-Jun-2024 08:55:17 CEST PostProcessEvent
Failed to open file at URL root://eoscms.cern.ch:1094//eos/cms/store/mc/RunIISummer20UL16MiniAODv2/QCD_HT500to700_TuneCP5_PSWeights_13TeV-madgraph-pythia8/MINIAODSIM/106X_mcRun2_asymptotic_v17-v1/270000/53269376-D5A6-C441-8F46-36C9FA813302.root.
%MSG
%MSG-w XrdAdaptorInternal:  file_open 11-Jun-2024 08:55:17 CEST PostProcessEvent
Failed to open file at URL root://eoscms.cern.ch:1094//eos/cms/store/mc/RunIISummer20UL16MiniAODv2/QCD_HT500to700_TuneCP5_PSWeights_13TeV-madgraph-pythia8/MINIAODSIM/106X_mcRun2_asymptotic_v17-v1/270000/53269376-D5A6-C441-8F46-36C9FA813302.root?tried=.
%MSG
11-Jun-2024 08:55:17 CEST  Fallback request to file root://xrootd-cms.infn.it//store/mc/RunIISummer20UL16MiniAODv2/QCD_HT500to700_TuneCP5_PSWeights_13TeV-madgraph-pythia8/MINIAODSIM/106X_mcRun2_asymptotic_v17-v1/270000/53269376-D5A6-C441-8F46-36C9FA813302.root
%MSG-w XrdAdaptor:  file_open 11-Jun-2024 08:55:31 CEST PostProcessEvent
Data is served from T2_US_Wisconsin instead of original site T2_FR_GRIF_LLR
%MSG
11-Jun-2024 08:55:31 CEST  Successfully opened file root://xrootd-cms.infn.it//store/mc/RunIISummer20UL16MiniAODv2/QCD_HT500to700_TuneCP5_PSWeights_13TeV-madgraph-pythia8/MINIAODSIM/106X_mcRun2_asymptotic_v17-v1/270000/53269376-D5A6-C441-8F46-36C9FA813302.root
11-Jun-2024 08:55:41 CEST  Closed file root://xrootd-cms.infn.it//store/mc/RunIISummer20UL16MiniAODv2/QCD_HT500to700_TuneCP5_PSWeights_13TeV-madgraph-pythia8/MINIAODSIM/106X_mcRun2_asymptotic_v17-v1/270000/53269376-D5A6-C441-8F46-36C9FA813302.root
11-Jun-2024 08:55:41 CEST  Initiating request to open file root://eoscms.cern.ch//eos/cms/store/mc/RunIISummer20UL16MiniAODv2/QCD_HT500to700_TuneCP5_PSWeights_13TeV-madgraph-pythia8/MINIAODSIM/106X_mcRun2_asymptotic_v17-v1/270000/01FEDC5E-8FC2-004F-BF51-D05021159D2C.root
%MSG-w XrdAdaptorInternal:  file_open 11-Jun-2024 08:55:42 CEST PostProcessEvent
Failed to open file at URL root://eoscms.cern.ch:1094//eos/cms/store/mc/RunIISummer20UL16MiniAODv2/QCD_HT500to700_TuneCP5_PSWeights_13TeV-madgraph-pythia8/MINIAODSIM/106X_mcRun2_asymptotic_v17-v1/270000/01FEDC5E-8FC2-004F-BF51-D05021159D2C.root.
%MSG
%MSG-w XrdAdaptorInternal:  file_open 11-Jun-2024 08:55:42 CEST PostProcessEvent
Failed to open file at URL root://eoscms.cern.ch:1094//eos/cms/store/mc/RunIISummer20UL16MiniAODv2/QCD_HT500to700_TuneCP5_PSWeights_13TeV-madgraph-pythia8/MINIAODSIM/106X_mcRun2_asymptotic_v17-v1/270000/01FEDC5E-8FC2-004F-BF51-D05021159D2C.root?tried=.
%MSG
11-Jun-2024 08:55:42 CEST  Fallback request to file root://xrootd-cms.infn.it//store/mc/RunIISummer20UL16MiniAODv2/QCD_HT500to700_TuneCP5_PSWeights_13TeV-madgraph-pythia8/MINIAODSIM/106X_mcRun2_asymptotic_v17-v1/270000/01FEDC5E-8FC2-004F-BF51-D05021159D2C.root
%MSG-w XrdAdaptor:  file_open 11-Jun-2024 08:55:56 CEST PostProcessEvent
Data is served from T2_US_Wisconsin instead of original site T2_FR_GRIF_LLR
%MSG
11-Jun-2024 08:55:57 CEST  Successfully opened file root://xrootd-cms.infn.it//store/mc/RunIISummer20UL16MiniAODv2/QCD_HT500to700_TuneCP5_PSWeights_13TeV-madgraph-pythia8/MINIAODSIM/106X_mcRun2_asymptotic_v17-v1/270000/01FEDC5E-8FC2-004F-BF51-D05021159D2C.root
[2024-06-11 08:56:04.576632 +0200][Error  ][AsyncSock         ] [g34n06.hep.wisc.edu:1094 #0.0] Unable to connect: No route to host
[2024-06-11 08:56:04.576727 +0200][Error  ][PostMaster        ] [g34n06.hep.wisc.edu:1094 #0] elapsed = 2, pConnectionWindow = 31 seconds.
11-Jun-2024 08:56:06 CEST  Closed file root://xrootd-cms.infn.it//store/mc/RunIISummer20UL16MiniAODv2/QCD_HT500to700_TuneCP5_PSWeights_13TeV-madgraph-pythia8/MINIAODSIM/106X_mcRun2_asymptotic_v17-v1/270000/01FEDC5E-8FC2-004F-BF51-D05021159D2C.root
11-Jun-2024 08:56:06 CEST  Initiating request to open file root://eoscms.cern.ch//eos/cms/store/mc/RunIISummer20UL16MiniAODv2/QCD_HT500to700_TuneCP5_PSWeights_13TeV-madgraph-pythia8/MINIAODSIM/106X_mcRun2_asymptotic_v17-v1/270000/2FEAE77E-231B-704C-9488-D7C1154AEF49.root
%MSG-w XrdAdaptorInternal:  file_open 11-Jun-2024 08:56:07 CEST PostProcessEvent
Failed to open file at URL root://eoscms.cern.ch:1094//eos/cms/store/mc/RunIISummer20UL16MiniAODv2/QCD_HT500to700_TuneCP5_PSWeights_13TeV-madgraph-pythia8/MINIAODSIM/106X_mcRun2_asymptotic_v17-v1/270000/2FEAE77E-231B-704C-9488-D7C1154AEF49.root.
%MSG
%MSG-w XrdAdaptorInternal:  file_open 11-Jun-2024 08:56:07 CEST PostProcessEvent
Failed to open file at URL root://eoscms.cern.ch:1094//eos/cms/store/mc/RunIISummer20UL16MiniAODv2/QCD_HT500to700_TuneCP5_PSWeights_13TeV-madgraph-pythia8/MINIAODSIM/106X_mcRun2_asymptotic_v17-v1/270000/2FEAE77E-231B-704C-9488-D7C1154AEF49.root?tried=.
%MSG
11-Jun-2024 08:56:07 CEST  Fallback request to file root://xrootd-cms.infn.it//store/mc/RunIISummer20UL16MiniAODv2/QCD_HT500to700_TuneCP5_PSWeights_13TeV-madgraph-pythia8/MINIAODSIM/106X_mcRun2_asymptotic_v17-v1/270000/2FEAE77E-231B-704C-9488-D7C1154AEF49.root
%MSG-w XrdAdaptor:  file_open 11-Jun-2024 08:56:22 CEST PostProcessEvent
Data is served from T2_US_Wisconsin instead of original site T2_FR_GRIF_LLR
%MSG
11-Jun-2024 08:56:22 CEST  Successfully opened file root://xrootd-cms.infn.it//store/mc/RunIISummer20UL16MiniAODv2/QCD_HT500to700_TuneCP5_PSWeights_13TeV-madgraph-pythia8/MINIAODSIM/106X_mcRun2_asymptotic_v17-v1/270000/2FEAE77E-231B-704C-9488-D7C1154AEF49.root
Begin processing the 200001st record. Run 1, Event 2801148, LumiSection 425 on stream 0 at 11-Jun-2024 08:56:31.944 CEST
11-Jun-2024 08:56:33 CEST  Closed file root://xrootd-cms.infn.it//store/mc/RunIISummer20UL16MiniAODv2/QCD_HT500to700_TuneCP5_PSWeights_13TeV-madgraph-pythia8/MINIAODSIM/106X_mcRun2_asymptotic_v17-v1/270000/2FEAE77E-231B-704C-9488-D7C1154AEF49.root
11-Jun-2024 08:56:33 CEST  Initiating request to open file root://eoscms.cern.ch//eos/cms/store/mc/RunIISummer20UL16MiniAODv2/QCD_HT500to700_TuneCP5_PSWeights_13TeV-madgraph-pythia8/MINIAODSIM/106X_mcRun2_asymptotic_v17-v1/270000/7DE5A62A-DB93-044D-A8FB-6A598F618FB0.root
%MSG-w XrdAdaptorInternal:  file_open 11-Jun-2024 08:56:34 CEST PostProcessEvent
Failed to open file at URL root://eoscms.cern.ch:1094//eos/cms/store/mc/RunIISummer20UL16MiniAODv2/QCD_HT500to700_TuneCP5_PSWeights_13TeV-madgraph-pythia8/MINIAODSIM/106X_mcRun2_asymptotic_v17-v1/270000/7DE5A62A-DB93-044D-A8FB-6A598F618FB0.root.
%MSG
%MSG-w XrdAdaptorInternal:  file_open 11-Jun-2024 08:56:34 CEST PostProcessEvent
Failed to open file at URL root://eoscms.cern.ch:1094//eos/cms/store/mc/RunIISummer20UL16MiniAODv2/QCD_HT500to700_TuneCP5_PSWeights_13TeV-madgraph-pythia8/MINIAODSIM/106X_mcRun2_asymptotic_v17-v1/270000/7DE5A62A-DB93-044D-A8FB-6A598F618FB0.root?tried=.
%MSG
11-Jun-2024 08:56:34 CEST  Fallback request to file root://xrootd-cms.infn.it//store/mc/RunIISummer20UL16MiniAODv2/QCD_HT500to700_TuneCP5_PSWeights_13TeV-madgraph-pythia8/MINIAODSIM/106X_mcRun2_asymptotic_v17-v1/270000/7DE5A62A-DB93-044D-A8FB-6A598F618FB0.root
%MSG-w XrdAdaptor:  file_open 11-Jun-2024 08:56:47 CEST PostProcessEvent
Data is served from T2_US_Wisconsin instead of original site T2_FR_GRIF_LLR
%MSG
11-Jun-2024 08:56:47 CEST  Successfully opened file root://xrootd-cms.infn.it//store/mc/RunIISummer20UL16MiniAODv2/QCD_HT500to700_TuneCP5_PSWeights_13TeV-madgraph-pythia8/MINIAODSIM/106X_mcRun2_asymptotic_v17-v1/270000/7DE5A62A-DB93-044D-A8FB-6A598F618FB0.root
11-Jun-2024 08:56:58 CEST  Closed file root://xrootd-cms.infn.it//store/mc/RunIISummer20UL16MiniAODv2/QCD_HT500to700_TuneCP5_PSWeights_13TeV-madgraph-pythia8/MINIAODSIM/106X_mcRun2_asymptotic_v17-v1/270000/7DE5A62A-DB93-044D-A8FB-6A598F618FB0.root
11-Jun-2024 08:56:58 CEST  Initiating request to open file root://eoscms.cern.ch//eos/cms/store/mc/RunIISummer20UL16MiniAODv2/QCD_HT500to700_TuneCP5_PSWeights_13TeV-madgraph-pythia8/MINIAODSIM/106X_mcRun2_asymptotic_v17-v1/270000/694200A9-06DD-2746-AD73-900A9C5564A0.root
%MSG-w XrdAdaptorInternal:  file_open 11-Jun-2024 08:56:59 CEST PostProcessEvent
Failed to open file at URL root://eoscms.cern.ch:1094//eos/cms/store/mc/RunIISummer20UL16MiniAODv2/QCD_HT500to700_TuneCP5_PSWeights_13TeV-madgraph-pythia8/MINIAODSIM/106X_mcRun2_asymptotic_v17-v1/270000/694200A9-06DD-2746-AD73-900A9C5564A0.root.
%MSG
%MSG-w XrdAdaptorInternal:  file_open 11-Jun-2024 08:56:59 CEST PostProcessEvent
Failed to open file at URL root://eoscms.cern.ch:1094//eos/cms/store/mc/RunIISummer20UL16MiniAODv2/QCD_HT500to700_TuneCP5_PSWeights_13TeV-madgraph-pythia8/MINIAODSIM/106X_mcRun2_asymptotic_v17-v1/270000/694200A9-06DD-2746-AD73-900A9C5564A0.root?tried=.
%MSG
11-Jun-2024 08:56:59 CEST  Fallback request to file root://xrootd-cms.infn.it//store/mc/RunIISummer20UL16MiniAODv2/QCD_HT500to700_TuneCP5_PSWeights_13TeV-madgraph-pythia8/MINIAODSIM/106X_mcRun2_asymptotic_v17-v1/270000/694200A9-06DD-2746-AD73-900A9C5564A0.root
%MSG-w XrdAdaptor:  file_open 11-Jun-2024 08:57:13 CEST PostProcessEvent
Data is served from T2_US_Wisconsin instead of original site T2_FR_GRIF_LLR
%MSG
11-Jun-2024 08:57:13 CEST  Successfully opened file root://xrootd-cms.infn.it//store/mc/RunIISummer20UL16MiniAODv2/QCD_HT500to700_TuneCP5_PSWeights_13TeV-madgraph-pythia8/MINIAODSIM/106X_mcRun2_asymptotic_v17-v1/270000/694200A9-06DD-2746-AD73-900A9C5564A0.root
Begin processing the 300001st record. Run 1, Event 2311525, LumiSection 351 on stream 0 at 11-Jun-2024 08:57:22.956 CEST
11-Jun-2024 08:57:24 CEST  Closed file root://xrootd-cms.infn.it//store/mc/RunIISummer20UL16MiniAODv2/QCD_HT500to700_TuneCP5_PSWeights_13TeV-madgraph-pythia8/MINIAODSIM/106X_mcRun2_asymptotic_v17-v1/270000/694200A9-06DD-2746-AD73-900A9C5564A0.root
11-Jun-2024 08:57:24 CEST  Initiating request to open file root://eoscms.cern.ch//eos/cms/store/mc/RunIISummer20UL16MiniAODv2/QCD_HT500to700_TuneCP5_PSWeights_13TeV-madgraph-pythia8/MINIAODSIM/106X_mcRun2_asymptotic_v17-v1/270000/C03DF44A-1182-0D44-AA4C-F09BA2338344.root
%MSG-w XrdAdaptorInternal:  file_open 11-Jun-2024 08:57:25 CEST PostProcessEvent
Failed to open file at URL root://eoscms.cern.ch:1094//eos/cms/store/mc/RunIISummer20UL16MiniAODv2/QCD_HT500to700_TuneCP5_PSWeights_13TeV-madgraph-pythia8/MINIAODSIM/106X_mcRun2_asymptotic_v17-v1/270000/C03DF44A-1182-0D44-AA4C-F09BA2338344.root.
%MSG
%MSG-w XrdAdaptorInternal:  file_open 11-Jun-2024 08:57:25 CEST PostProcessEvent
Failed to open file at URL root://eoscms.cern.ch:1094//eos/cms/store/mc/RunIISummer20UL16MiniAODv2/QCD_HT500to700_TuneCP5_PSWeights_13TeV-madgraph-pythia8/MINIAODSIM/106X_mcRun2_asymptotic_v17-v1/270000/C03DF44A-1182-0D44-AA4C-F09BA2338344.root?tried=.
%MSG
11-Jun-2024 08:57:25 CEST  Fallback request to file root://xrootd-cms.infn.it//store/mc/RunIISummer20UL16MiniAODv2/QCD_HT500to700_TuneCP5_PSWeights_13TeV-madgraph-pythia8/MINIAODSIM/106X_mcRun2_asymptotic_v17-v1/270000/C03DF44A-1182-0D44-AA4C-F09BA2338344.root
%MSG-w XrdAdaptor:  file_open 11-Jun-2024 08:57:39 CEST PostProcessEvent
Data is served from T2_US_Wisconsin instead of original site T2_FR_GRIF_LLR
%MSG
11-Jun-2024 08:57:39 CEST  Successfully opened file root://xrootd-cms.infn.it//store/mc/RunIISummer20UL16MiniAODv2/QCD_HT500to700_TuneCP5_PSWeights_13TeV-madgraph-pythia8/MINIAODSIM/106X_mcRun2_asymptotic_v17-v1/270000/C03DF44A-1182-0D44-AA4C-F09BA2338344.root
11-Jun-2024 08:57:49 CEST  Closed file root://xrootd-cms.infn.it//store/mc/RunIISummer20UL16MiniAODv2/QCD_HT500to700_TuneCP5_PSWeights_13TeV-madgraph-pythia8/MINIAODSIM/106X_mcRun2_asymptotic_v17-v1/270000/C03DF44A-1182-0D44-AA4C-F09BA2338344.root
11-Jun-2024 08:57:49 CEST  Initiating request to open file root://eoscms.cern.ch//eos/cms/store/mc/RunIISummer20UL16MiniAODv2/QCD_HT500to700_TuneCP5_PSWeights_13TeV-madgraph-pythia8/MINIAODSIM/106X_mcRun2_asymptotic_v17-v1/270000/9B9316AD-82F4-6A4D-B911-F0F93CC604C6.root
%MSG-w XrdAdaptorInternal:  file_open 11-Jun-2024 08:57:50 CEST PostProcessEvent
Failed to open file at URL root://eoscms.cern.ch:1094//eos/cms/store/mc/RunIISummer20UL16MiniAODv2/QCD_HT500to700_TuneCP5_PSWeights_13TeV-madgraph-pythia8/MINIAODSIM/106X_mcRun2_asymptotic_v17-v1/270000/9B9316AD-82F4-6A4D-B911-F0F93CC604C6.root.
%MSG
%MSG-w XrdAdaptorInternal:  file_open 11-Jun-2024 08:57:50 CEST PostProcessEvent
Failed to open file at URL root://eoscms.cern.ch:1094//eos/cms/store/mc/RunIISummer20UL16MiniAODv2/QCD_HT500to700_TuneCP5_PSWeights_13TeV-madgraph-pythia8/MINIAODSIM/106X_mcRun2_asymptotic_v17-v1/270000/9B9316AD-82F4-6A4D-B911-F0F93CC604C6.root?tried=.
%MSG
11-Jun-2024 08:57:50 CEST  Fallback request to file root://xrootd-cms.infn.it//store/mc/RunIISummer20UL16MiniAODv2/QCD_HT500to700_TuneCP5_PSWeights_13TeV-madgraph-pythia8/MINIAODSIM/106X_mcRun2_asymptotic_v17-v1/270000/9B9316AD-82F4-6A4D-B911-F0F93CC604C6.root
%MSG-w XrdAdaptor:  file_open 11-Jun-2024 08:58:04 CEST PostProcessEvent
Data is served from T2_US_Wisconsin instead of original site T2_FR_GRIF_LLR
%MSG
11-Jun-2024 08:58:05 CEST  Successfully opened file root://xrootd-cms.infn.it//store/mc/RunIISummer20UL16MiniAODv2/QCD_HT500to700_TuneCP5_PSWeights_13TeV-madgraph-pythia8/MINIAODSIM/106X_mcRun2_asymptotic_v17-v1/270000/9B9316AD-82F4-6A4D-B911-F0F93CC604C6.root
Begin processing the 400001st record. Run 1, Event 7662437, LumiSection 1162 on stream 0 at 11-Jun-2024 08:58:15.499 CEST
11-Jun-2024 08:58:16 CEST  Closed file root://xrootd-cms.infn.it//store/mc/RunIISummer20UL16MiniAODv2/QCD_HT500to700_TuneCP5_PSWeights_13TeV-madgraph-pythia8/MINIAODSIM/106X_mcRun2_asymptotic_v17-v1/270000/9B9316AD-82F4-6A4D-B911-F0F93CC604C6.root
11-Jun-2024 08:58:16 CEST  Initiating request to open file root://eoscms.cern.ch//eos/cms/store/mc/RunIISummer20UL16MiniAODv2/QCD_HT500to700_TuneCP5_PSWeights_13TeV-madgraph-pythia8/MINIAODSIM/106X_mcRun2_asymptotic_v17-v1/270000/F3FF6B6F-5490-E24D-BB15-7A74ADA7B333.root
%MSG-w XrdAdaptorInternal:  file_open 11-Jun-2024 08:58:17 CEST PostProcessEvent
Failed to open file at URL root://eoscms.cern.ch:1094//eos/cms/store/mc/RunIISummer20UL16MiniAODv2/QCD_HT500to700_TuneCP5_PSWeights_13TeV-madgraph-pythia8/MINIAODSIM/106X_mcRun2_asymptotic_v17-v1/270000/F3FF6B6F-5490-E24D-BB15-7A74ADA7B333.root.
%MSG
%MSG-w XrdAdaptorInternal:  file_open 11-Jun-2024 08:58:17 CEST PostProcessEvent
Failed to open file at URL root://eoscms.cern.ch:1094//eos/cms/store/mc/RunIISummer20UL16MiniAODv2/QCD_HT500to700_TuneCP5_PSWeights_13TeV-madgraph-pythia8/MINIAODSIM/106X_mcRun2_asymptotic_v17-v1/270000/F3FF6B6F-5490-E24D-BB15-7A74ADA7B333.root?tried=.
%MSG
11-Jun-2024 08:58:17 CEST  Fallback request to file root://xrootd-cms.infn.it//store/mc/RunIISummer20UL16MiniAODv2/QCD_HT500to700_TuneCP5_PSWeights_13TeV-madgraph-pythia8/MINIAODSIM/106X_mcRun2_asymptotic_v17-v1/270000/F3FF6B6F-5490-E24D-BB15-7A74ADA7B333.root
%MSG-w XrdAdaptor:  file_open 11-Jun-2024 08:58:31 CEST PostProcessEvent
Data is served from T2_US_Wisconsin instead of original site T2_FR_GRIF_LLR
%MSG
11-Jun-2024 08:58:32 CEST  Successfully opened file root://xrootd-cms.infn.it//store/mc/RunIISummer20UL16MiniAODv2/QCD_HT500to700_TuneCP5_PSWeights_13TeV-madgraph-pythia8/MINIAODSIM/106X_mcRun2_asymptotic_v17-v1/270000/F3FF6B6F-5490-E24D-BB15-7A74ADA7B333.root
11-Jun-2024 08:58:42 CEST  Closed file root://xrootd-cms.infn.it//store/mc/RunIISummer20UL16MiniAODv2/QCD_HT500to700_TuneCP5_PSWeights_13TeV-madgraph-pythia8/MINIAODSIM/106X_mcRun2_asymptotic_v17-v1/270000/F3FF6B6F-5490-E24D-BB15-7A74ADA7B333.root
11-Jun-2024 08:58:42 CEST  Initiating request to open file root://eoscms.cern.ch//eos/cms/store/mc/RunIISummer20UL16MiniAODv2/QCD_HT500to700_TuneCP5_PSWeights_13TeV-madgraph-pythia8/MINIAODSIM/106X_mcRun2_asymptotic_v17-v1/270000/549C2058-67C2-FD45-8233-039B66F9E581.root
%MSG-w XrdAdaptorInternal:  file_open 11-Jun-2024 08:58:43 CEST PostProcessEvent
Failed to open file at URL root://eoscms.cern.ch:1094//eos/cms/store/mc/RunIISummer20UL16MiniAODv2/QCD_HT500to700_TuneCP5_PSWeights_13TeV-madgraph-pythia8/MINIAODSIM/106X_mcRun2_asymptotic_v17-v1/270000/549C2058-67C2-FD45-8233-039B66F9E581.root.
%MSG
%MSG-w XrdAdaptorInternal:  file_open 11-Jun-2024 08:58:43 CEST PostProcessEvent
Failed to open file at URL root://eoscms.cern.ch:1094//eos/cms/store/mc/RunIISummer20UL16MiniAODv2/QCD_HT500to700_TuneCP5_PSWeights_13TeV-madgraph-pythia8/MINIAODSIM/106X_mcRun2_asymptotic_v17-v1/270000/549C2058-67C2-FD45-8233-039B66F9E581.root?tried=.
%MSG
11-Jun-2024 08:58:43 CEST  Fallback request to file root://xrootd-cms.infn.it//store/mc/RunIISummer20UL16MiniAODv2/QCD_HT500to700_TuneCP5_PSWeights_13TeV-madgraph-pythia8/MINIAODSIM/106X_mcRun2_asymptotic_v17-v1/270000/549C2058-67C2-FD45-8233-039B66F9E581.root
%MSG-w XrdAdaptor:  file_open 11-Jun-2024 08:58:56 CEST PostProcessEvent
Data is served from T2_US_Wisconsin instead of original site T2_FR_GRIF_LLR
%MSG
11-Jun-2024 08:58:56 CEST  Successfully opened file root://xrootd-cms.infn.it//store/mc/RunIISummer20UL16MiniAODv2/QCD_HT500to700_TuneCP5_PSWeights_13TeV-madgraph-pythia8/MINIAODSIM/106X_mcRun2_asymptotic_v17-v1/270000/549C2058-67C2-FD45-8233-039B66F9E581.root
Begin processing the 500001st record. Run 1, Event 95879800, LumiSection 14530 on stream 0 at 11-Jun-2024 08:59:06.024 CEST
11-Jun-2024 08:59:06 CEST  Closed file root://xrootd-cms.infn.it//store/mc/RunIISummer20UL16MiniAODv2/QCD_HT500to700_TuneCP5_PSWeights_13TeV-madgraph-pythia8/MINIAODSIM/106X_mcRun2_asymptotic_v17-v1/270000/549C2058-67C2-FD45-8233-039B66F9E581.root
11-Jun-2024 08:59:06 CEST  Initiating request to open file root://eoscms.cern.ch//eos/cms/store/mc/RunIISummer20UL16MiniAODv2/QCD_HT500to700_TuneCP5_PSWeights_13TeV-madgraph-pythia8/MINIAODSIM/106X_mcRun2_asymptotic_v17-v1/270000/4982BF0B-E887-1C4B-ADD6-D736BBE78CFB.root
%MSG-w XrdAdaptorInternal:  file_open 11-Jun-2024 08:59:07 CEST PostProcessEvent
Failed to open file at URL root://eoscms.cern.ch:1094//eos/cms/store/mc/RunIISummer20UL16MiniAODv2/QCD_HT500to700_TuneCP5_PSWeights_13TeV-madgraph-pythia8/MINIAODSIM/106X_mcRun2_asymptotic_v17-v1/270000/4982BF0B-E887-1C4B-ADD6-D736BBE78CFB.root.
%MSG
%MSG-w XrdAdaptorInternal:  file_open 11-Jun-2024 08:59:07 CEST PostProcessEvent
Failed to open file at URL root://eoscms.cern.ch:1094//eos/cms/store/mc/RunIISummer20UL16MiniAODv2/QCD_HT500to700_TuneCP5_PSWeights_13TeV-madgraph-pythia8/MINIAODSIM/106X_mcRun2_asymptotic_v17-v1/270000/4982BF0B-E887-1C4B-ADD6-D736BBE78CFB.root?tried=.
%MSG
11-Jun-2024 08:59:07 CEST  Fallback request to file root://xrootd-cms.infn.it//store/mc/RunIISummer20UL16MiniAODv2/QCD_HT500to700_TuneCP5_PSWeights_13TeV-madgraph-pythia8/MINIAODSIM/106X_mcRun2_asymptotic_v17-v1/270000/4982BF0B-E887-1C4B-ADD6-D736BBE78CFB.root
%MSG-w XrdAdaptor:  file_open 11-Jun-2024 08:59:21 CEST PostProcessEvent
Data is served from T2_US_Wisconsin instead of original site T2_FR_GRIF_LLR
%MSG
11-Jun-2024 08:59:21 CEST  Successfully opened file root://xrootd-cms.infn.it//store/mc/RunIISummer20UL16MiniAODv2/QCD_HT500to700_TuneCP5_PSWeights_13TeV-madgraph-pythia8/MINIAODSIM/106X_mcRun2_asymptotic_v17-v1/270000/4982BF0B-E887-1C4B-ADD6-D736BBE78CFB.root
11-Jun-2024 08:59:31 CEST  Closed file root://xrootd-cms.infn.it//store/mc/RunIISummer20UL16MiniAODv2/QCD_HT500to700_TuneCP5_PSWeights_13TeV-madgraph-pythia8/MINIAODSIM/106X_mcRun2_asymptotic_v17-v1/270000/4982BF0B-E887-1C4B-ADD6-D736BBE78CFB.root
11-Jun-2024 08:59:31 CEST  Initiating request to open file root://eoscms.cern.ch//eos/cms/store/mc/RunIISummer20UL16MiniAODv2/QCD_HT500to700_TuneCP5_PSWeights_13TeV-madgraph-pythia8/MINIAODSIM/106X_mcRun2_asymptotic_v17-v1/270000/9D980589-E00F-2B47-BF8A-0D8F87D6114E.root
%MSG-w XrdAdaptorInternal:  file_open 11-Jun-2024 08:59:32 CEST PostProcessEvent
Failed to open file at URL root://eoscms.cern.ch:1094//eos/cms/store/mc/RunIISummer20UL16MiniAODv2/QCD_HT500to700_TuneCP5_PSWeights_13TeV-madgraph-pythia8/MINIAODSIM/106X_mcRun2_asymptotic_v17-v1/270000/9D980589-E00F-2B47-BF8A-0D8F87D6114E.root.
%MSG
%MSG-w XrdAdaptorInternal:  file_open 11-Jun-2024 08:59:32 CEST PostProcessEvent
Failed to open file at URL root://eoscms.cern.ch:1094//eos/cms/store/mc/RunIISummer20UL16MiniAODv2/QCD_HT500to700_TuneCP5_PSWeights_13TeV-madgraph-pythia8/MINIAODSIM/106X_mcRun2_asymptotic_v17-v1/270000/9D980589-E00F-2B47-BF8A-0D8F87D6114E.root?tried=.
%MSG
11-Jun-2024 08:59:32 CEST  Fallback request to file root://xrootd-cms.infn.it//store/mc/RunIISummer20UL16MiniAODv2/QCD_HT500to700_TuneCP5_PSWeights_13TeV-madgraph-pythia8/MINIAODSIM/106X_mcRun2_asymptotic_v17-v1/270000/9D980589-E00F-2B47-BF8A-0D8F87D6114E.root
%MSG-w XrdAdaptor:  file_open 11-Jun-2024 08:59:46 CEST PostProcessEvent
Data is served from T2_US_Wisconsin instead of original site T2_FR_GRIF_LLR
%MSG
11-Jun-2024 08:59:47 CEST  Successfully opened file root://xrootd-cms.infn.it//store/mc/RunIISummer20UL16MiniAODv2/QCD_HT500to700_TuneCP5_PSWeights_13TeV-madgraph-pythia8/MINIAODSIM/106X_mcRun2_asymptotic_v17-v1/270000/9D980589-E00F-2B47-BF8A-0D8F87D6114E.root
Begin processing the 600001st record. Run 1, Event 105090408, LumiSection 15926 on stream 0 at 11-Jun-2024 08:59:56.519 CEST
11-Jun-2024 08:59:56 CEST  Closed file root://xrootd-cms.infn.it//store/mc/RunIISummer20UL16MiniAODv2/QCD_HT500to700_TuneCP5_PSWeights_13TeV-madgraph-pythia8/MINIAODSIM/106X_mcRun2_asymptotic_v17-v1/270000/9D980589-E00F-2B47-BF8A-0D8F87D6114E.root
11-Jun-2024 08:59:56 CEST  Initiating request to open file root://eoscms.cern.ch//eos/cms/store/mc/RunIISummer20UL16MiniAODv2/QCD_HT500to700_TuneCP5_PSWeights_13TeV-madgraph-pythia8/MINIAODSIM/106X_mcRun2_asymptotic_v17-v1/270000/C1C8CDF3-5775-ED46-920B-EB990178C979.root
%MSG-w XrdAdaptorInternal:  file_open 11-Jun-2024 08:59:57 CEST PostProcessEvent
Failed to open file at URL root://eoscms.cern.ch:1094//eos/cms/store/mc/RunIISummer20UL16MiniAODv2/QCD_HT500to700_TuneCP5_PSWeights_13TeV-madgraph-pythia8/MINIAODSIM/106X_mcRun2_asymptotic_v17-v1/270000/C1C8CDF3-5775-ED46-920B-EB990178C979.root.
%MSG
%MSG-w XrdAdaptorInternal:  file_open 11-Jun-2024 08:59:57 CEST PostProcessEvent
Failed to open file at URL root://eoscms.cern.ch:1094//eos/cms/store/mc/RunIISummer20UL16MiniAODv2/QCD_HT500to700_TuneCP5_PSWeights_13TeV-madgraph-pythia8/MINIAODSIM/106X_mcRun2_asymptotic_v17-v1/270000/C1C8CDF3-5775-ED46-920B-EB990178C979.root?tried=.
%MSG
11-Jun-2024 08:59:57 CEST  Fallback request to file root://xrootd-cms.infn.it//store/mc/RunIISummer20UL16MiniAODv2/QCD_HT500to700_TuneCP5_PSWeights_13TeV-madgraph-pythia8/MINIAODSIM/106X_mcRun2_asymptotic_v17-v1/270000/C1C8CDF3-5775-ED46-920B-EB990178C979.root
%MSG-w XrdAdaptor:  file_open 11-Jun-2024 09:00:11 CEST PostProcessEvent
Data is served from T2_US_Wisconsin instead of original site T2_FR_GRIF_LLR
%MSG
11-Jun-2024 09:00:12 CEST  Successfully opened file root://xrootd-cms.infn.it//store/mc/RunIISummer20UL16MiniAODv2/QCD_HT500to700_TuneCP5_PSWeights_13TeV-madgraph-pythia8/MINIAODSIM/106X_mcRun2_asymptotic_v17-v1/270000/C1C8CDF3-5775-ED46-920B-EB990178C979.root
11-Jun-2024 09:00:23 CEST  Closed file root://xrootd-cms.infn.it//store/mc/RunIISummer20UL16MiniAODv2/QCD_HT500to700_TuneCP5_PSWeights_13TeV-madgraph-pythia8/MINIAODSIM/106X_mcRun2_asymptotic_v17-v1/270000/C1C8CDF3-5775-ED46-920B-EB990178C979.root
11-Jun-2024 09:00:23 CEST  Initiating request to open file root://eoscms.cern.ch//eos/cms/store/mc/RunIISummer20UL16MiniAODv2/QCD_HT500to700_TuneCP5_PSWeights_13TeV-madgraph-pythia8/MINIAODSIM/106X_mcRun2_asymptotic_v17-v1/270000/71F24D28-8BD5-2C43-B83A-EEE30807A36B.root
%MSG-w XrdAdaptorInternal:  file_open 11-Jun-2024 09:00:24 CEST PostProcessEvent
Failed to open file at URL root://eoscms.cern.ch:1094//eos/cms/store/mc/RunIISummer20UL16MiniAODv2/QCD_HT500to700_TuneCP5_PSWeights_13TeV-madgraph-pythia8/MINIAODSIM/106X_mcRun2_asymptotic_v17-v1/270000/71F24D28-8BD5-2C43-B83A-EEE30807A36B.root.
%MSG
%MSG-w XrdAdaptorInternal:  file_open 11-Jun-2024 09:00:24 CEST PostProcessEvent
Failed to open file at URL root://eoscms.cern.ch:1094//eos/cms/store/mc/RunIISummer20UL16MiniAODv2/QCD_HT500to700_TuneCP5_PSWeights_13TeV-madgraph-pythia8/MINIAODSIM/106X_mcRun2_asymptotic_v17-v1/270000/71F24D28-8BD5-2C43-B83A-EEE30807A36B.root?tried=.
%MSG
11-Jun-2024 09:00:24 CEST  Fallback request to file root://xrootd-cms.infn.it//store/mc/RunIISummer20UL16MiniAODv2/QCD_HT500to700_TuneCP5_PSWeights_13TeV-madgraph-pythia8/MINIAODSIM/106X_mcRun2_asymptotic_v17-v1/270000/71F24D28-8BD5-2C43-B83A-EEE30807A36B.root
%MSG-w XrdAdaptor:  file_open 11-Jun-2024 09:00:37 CEST PostProcessEvent
Data is served from T2_US_Wisconsin instead of original site T2_FR_GRIF_LLR
%MSG
11-Jun-2024 09:00:38 CEST  Successfully opened file root://xrootd-cms.infn.it//store/mc/RunIISummer20UL16MiniAODv2/QCD_HT500to700_TuneCP5_PSWeights_13TeV-madgraph-pythia8/MINIAODSIM/106X_mcRun2_asymptotic_v17-v1/270000/71F24D28-8BD5-2C43-B83A-EEE30807A36B.root
Begin processing the 700001st record. Run 1, Event 50313536, LumiSection 7625 on stream 0 at 11-Jun-2024 09:00:48.272 CEST
11-Jun-2024 09:00:48 CEST  Closed file root://xrootd-cms.infn.it//store/mc/RunIISummer20UL16MiniAODv2/QCD_HT500to700_TuneCP5_PSWeights_13TeV-madgraph-pythia8/MINIAODSIM/106X_mcRun2_asymptotic_v17-v1/270000/71F24D28-8BD5-2C43-B83A-EEE30807A36B.root
11-Jun-2024 09:00:48 CEST  Initiating request to open file root://eoscms.cern.ch//eos/cms/store/mc/RunIISummer20UL16MiniAODv2/QCD_HT500to700_TuneCP5_PSWeights_13TeV-madgraph-pythia8/MINIAODSIM/106X_mcRun2_asymptotic_v17-v1/270000/DE778153-B2C6-774B-B7A4-07EC24E5F086.root
%MSG-w XrdAdaptorInternal:  file_open 11-Jun-2024 09:00:49 CEST PostProcessEvent
Failed to open file at URL root://eoscms.cern.ch:1094//eos/cms/store/mc/RunIISummer20UL16MiniAODv2/QCD_HT500to700_TuneCP5_PSWeights_13TeV-madgraph-pythia8/MINIAODSIM/106X_mcRun2_asymptotic_v17-v1/270000/DE778153-B2C6-774B-B7A4-07EC24E5F086.root.
%MSG
%MSG-w XrdAdaptorInternal:  file_open 11-Jun-2024 09:00:49 CEST PostProcessEvent
Failed to open file at URL root://eoscms.cern.ch:1094//eos/cms/store/mc/RunIISummer20UL16MiniAODv2/QCD_HT500to700_TuneCP5_PSWeights_13TeV-madgraph-pythia8/MINIAODSIM/106X_mcRun2_asymptotic_v17-v1/270000/DE778153-B2C6-774B-B7A4-07EC24E5F086.root?tried=.
%MSG
11-Jun-2024 09:00:49 CEST  Fallback request to file root://xrootd-cms.infn.it//store/mc/RunIISummer20UL16MiniAODv2/QCD_HT500to700_TuneCP5_PSWeights_13TeV-madgraph-pythia8/MINIAODSIM/106X_mcRun2_asymptotic_v17-v1/270000/DE778153-B2C6-774B-B7A4-07EC24E5F086.root
%MSG-w XrdAdaptor:  file_open 11-Jun-2024 09:01:03 CEST PostProcessEvent
Data is served from T2_US_Wisconsin instead of original site T2_FR_GRIF_LLR
%MSG
11-Jun-2024 09:01:03 CEST  Successfully opened file root://xrootd-cms.infn.it//store/mc/RunIISummer20UL16MiniAODv2/QCD_HT500to700_TuneCP5_PSWeights_13TeV-madgraph-pythia8/MINIAODSIM/106X_mcRun2_asymptotic_v17-v1/270000/DE778153-B2C6-774B-B7A4-07EC24E5F086.root
11-Jun-2024 09:01:14 CEST  Closed file root://xrootd-cms.infn.it//store/mc/RunIISummer20UL16MiniAODv2/QCD_HT500to700_TuneCP5_PSWeights_13TeV-madgraph-pythia8/MINIAODSIM/106X_mcRun2_asymptotic_v17-v1/270000/DE778153-B2C6-774B-B7A4-07EC24E5F086.root
11-Jun-2024 09:01:14 CEST  Initiating request to open file root://eoscms.cern.ch//eos/cms/store/mc/RunIISummer20UL16MiniAODv2/QCD_HT500to700_TuneCP5_PSWeights_13TeV-madgraph-pythia8/MINIAODSIM/106X_mcRun2_asymptotic_v17-v1/270000/579A7CD3-8F1C-D44E-BDB4-B21A37225A4C.root
%MSG-w XrdAdaptorInternal:  file_open 11-Jun-2024 09:01:15 CEST PostProcessEvent
Failed to open file at URL root://eoscms.cern.ch:1094//eos/cms/store/mc/RunIISummer20UL16MiniAODv2/QCD_HT500to700_TuneCP5_PSWeights_13TeV-madgraph-pythia8/MINIAODSIM/106X_mcRun2_asymptotic_v17-v1/270000/579A7CD3-8F1C-D44E-BDB4-B21A37225A4C.root.
%MSG
%MSG-w XrdAdaptorInternal:  file_open 11-Jun-2024 09:01:15 CEST PostProcessEvent
Failed to open file at URL root://eoscms.cern.ch:1094//eos/cms/store/mc/RunIISummer20UL16MiniAODv2/QCD_HT500to700_TuneCP5_PSWeights_13TeV-madgraph-pythia8/MINIAODSIM/106X_mcRun2_asymptotic_v17-v1/270000/579A7CD3-8F1C-D44E-BDB4-B21A37225A4C.root?tried=.
%MSG
11-Jun-2024 09:01:15 CEST  Fallback request to file root://xrootd-cms.infn.it//store/mc/RunIISummer20UL16MiniAODv2/QCD_HT500to700_TuneCP5_PSWeights_13TeV-madgraph-pythia8/MINIAODSIM/106X_mcRun2_asymptotic_v17-v1/270000/579A7CD3-8F1C-D44E-BDB4-B21A37225A4C.root
%MSG-w XrdAdaptor:  file_open 11-Jun-2024 09:01:29 CEST PostProcessEvent
Data is served from T2_US_Wisconsin instead of original site T2_FR_GRIF_LLR
%MSG
11-Jun-2024 09:01:29 CEST  Successfully opened file root://xrootd-cms.infn.it//store/mc/RunIISummer20UL16MiniAODv2/QCD_HT500to700_TuneCP5_PSWeights_13TeV-madgraph-pythia8/MINIAODSIM/106X_mcRun2_asymptotic_v17-v1/270000/579A7CD3-8F1C-D44E-BDB4-B21A37225A4C.root
11-Jun-2024 09:01:40 CEST  Closed file root://xrootd-cms.infn.it//store/mc/RunIISummer20UL16MiniAODv2/QCD_HT500to700_TuneCP5_PSWeights_13TeV-madgraph-pythia8/MINIAODSIM/106X_mcRun2_asymptotic_v17-v1/270000/579A7CD3-8F1C-D44E-BDB4-B21A37225A4C.root
11-Jun-2024 09:01:40 CEST  Initiating request to open file root://eoscms.cern.ch//eos/cms/store/mc/RunIISummer20UL16MiniAODv2/QCD_HT500to700_TuneCP5_PSWeights_13TeV-madgraph-pythia8/MINIAODSIM/106X_mcRun2_asymptotic_v17-v1/270000/91BC8039-522B-8D44-8C67-E72BD1B464C2.root
%MSG-w XrdAdaptorInternal:  file_open 11-Jun-2024 09:01:41 CEST PostProcessEvent
Failed to open file at URL root://eoscms.cern.ch:1094//eos/cms/store/mc/RunIISummer20UL16MiniAODv2/QCD_HT500to700_TuneCP5_PSWeights_13TeV-madgraph-pythia8/MINIAODSIM/106X_mcRun2_asymptotic_v17-v1/270000/91BC8039-522B-8D44-8C67-E72BD1B464C2.root.
%MSG
%MSG-w XrdAdaptorInternal:  file_open 11-Jun-2024 09:01:41 CEST PostProcessEvent
Failed to open file at URL root://eoscms.cern.ch:1094//eos/cms/store/mc/RunIISummer20UL16MiniAODv2/QCD_HT500to700_TuneCP5_PSWeights_13TeV-madgraph-pythia8/MINIAODSIM/106X_mcRun2_asymptotic_v17-v1/270000/91BC8039-522B-8D44-8C67-E72BD1B464C2.root?tried=.
%MSG
11-Jun-2024 09:01:41 CEST  Fallback request to file root://xrootd-cms.infn.it//store/mc/RunIISummer20UL16MiniAODv2/QCD_HT500to700_TuneCP5_PSWeights_13TeV-madgraph-pythia8/MINIAODSIM/106X_mcRun2_asymptotic_v17-v1/270000/91BC8039-522B-8D44-8C67-E72BD1B464C2.root
%MSG-w XrdAdaptor:  file_open 11-Jun-2024 09:01:54 CEST PostProcessEvent
Data is served from T2_US_Wisconsin instead of original site T2_FR_GRIF_LLR
%MSG
11-Jun-2024 09:01:54 CEST  Successfully opened file root://xrootd-cms.infn.it//store/mc/RunIISummer20UL16MiniAODv2/QCD_HT500to700_TuneCP5_PSWeights_13TeV-madgraph-pythia8/MINIAODSIM/106X_mcRun2_asymptotic_v17-v1/270000/91BC8039-522B-8D44-8C67-E72BD1B464C2.root
Begin processing the 800001st record. Run 1, Event 126087775, LumiSection 19108 on stream 0 at 11-Jun-2024 09:02:04.114 CEST
11-Jun-2024 09:02:05 CEST  Closed file root://xrootd-cms.infn.it//store/mc/RunIISummer20UL16MiniAODv2/QCD_HT500to700_TuneCP5_PSWeights_13TeV-madgraph-pythia8/MINIAODSIM/106X_mcRun2_asymptotic_v17-v1/270000/91BC8039-522B-8D44-8C67-E72BD1B464C2.root
11-Jun-2024 09:02:05 CEST  Initiating request to open file root://eoscms.cern.ch//eos/cms/store/mc/RunIISummer20UL16MiniAODv2/QCD_HT500to700_TuneCP5_PSWeights_13TeV-madgraph-pythia8/MINIAODSIM/106X_mcRun2_asymptotic_v17-v1/270000/66A86882-CD15-CF4E-9C96-9F65B69F7A8B.root
%MSG-w XrdAdaptorInternal:  file_open 11-Jun-2024 09:02:06 CEST PostProcessEvent
Failed to open file at URL root://eoscms.cern.ch:1094//eos/cms/store/mc/RunIISummer20UL16MiniAODv2/QCD_HT500to700_TuneCP5_PSWeights_13TeV-madgraph-pythia8/MINIAODSIM/106X_mcRun2_asymptotic_v17-v1/270000/66A86882-CD15-CF4E-9C96-9F65B69F7A8B.root.
%MSG
%MSG-w XrdAdaptorInternal:  file_open 11-Jun-2024 09:02:06 CEST PostProcessEvent
Failed to open file at URL root://eoscms.cern.ch:1094//eos/cms/store/mc/RunIISummer20UL16MiniAODv2/QCD_HT500to700_TuneCP5_PSWeights_13TeV-madgraph-pythia8/MINIAODSIM/106X_mcRun2_asymptotic_v17-v1/270000/66A86882-CD15-CF4E-9C96-9F65B69F7A8B.root?tried=.
%MSG
11-Jun-2024 09:02:06 CEST  Fallback request to file root://xrootd-cms.infn.it//store/mc/RunIISummer20UL16MiniAODv2/QCD_HT500to700_TuneCP5_PSWeights_13TeV-madgraph-pythia8/MINIAODSIM/106X_mcRun2_asymptotic_v17-v1/270000/66A86882-CD15-CF4E-9C96-9F65B69F7A8B.root
%MSG-w XrdAdaptor:  file_open 11-Jun-2024 09:02:20 CEST PostProcessEvent
Data is served from T2_US_Wisconsin instead of original site T2_FR_GRIF_LLR
%MSG
11-Jun-2024 09:02:20 CEST  Successfully opened file root://xrootd-cms.infn.it//store/mc/RunIISummer20UL16MiniAODv2/QCD_HT500to700_TuneCP5_PSWeights_13TeV-madgraph-pythia8/MINIAODSIM/106X_mcRun2_asymptotic_v17-v1/270000/66A86882-CD15-CF4E-9C96-9F65B69F7A8B.root
11-Jun-2024 09:02:30 CEST  Closed file root://xrootd-cms.infn.it//store/mc/RunIISummer20UL16MiniAODv2/QCD_HT500to700_TuneCP5_PSWeights_13TeV-madgraph-pythia8/MINIAODSIM/106X_mcRun2_asymptotic_v17-v1/270000/66A86882-CD15-CF4E-9C96-9F65B69F7A8B.root
11-Jun-2024 09:02:30 CEST  Initiating request to open file root://eoscms.cern.ch//eos/cms/store/mc/RunIISummer20UL16MiniAODv2/QCD_HT500to700_TuneCP5_PSWeights_13TeV-madgraph-pythia8/MINIAODSIM/106X_mcRun2_asymptotic_v17-v1/270000/EC1E7057-ED9B-4C40-BD88-791D1E20F254.root
%MSG-w XrdAdaptorInternal:  file_open 11-Jun-2024 09:02:31 CEST PostProcessEvent
Failed to open file at URL root://eoscms.cern.ch:1094//eos/cms/store/mc/RunIISummer20UL16MiniAODv2/QCD_HT500to700_TuneCP5_PSWeights_13TeV-madgraph-pythia8/MINIAODSIM/106X_mcRun2_asymptotic_v17-v1/270000/EC1E7057-ED9B-4C40-BD88-791D1E20F254.root.
%MSG
%MSG-w XrdAdaptorInternal:  file_open 11-Jun-2024 09:02:31 CEST PostProcessEvent
Failed to open file at URL root://eoscms.cern.ch:1094//eos/cms/store/mc/RunIISummer20UL16MiniAODv2/QCD_HT500to700_TuneCP5_PSWeights_13TeV-madgraph-pythia8/MINIAODSIM/106X_mcRun2_asymptotic_v17-v1/270000/EC1E7057-ED9B-4C40-BD88-791D1E20F254.root?tried=.
%MSG
11-Jun-2024 09:02:31 CEST  Fallback request to file root://xrootd-cms.infn.it//store/mc/RunIISummer20UL16MiniAODv2/QCD_HT500to700_TuneCP5_PSWeights_13TeV-madgraph-pythia8/MINIAODSIM/106X_mcRun2_asymptotic_v17-v1/270000/EC1E7057-ED9B-4C40-BD88-791D1E20F254.root
%MSG-w XrdAdaptor:  file_open 11-Jun-2024 09:02:45 CEST PostProcessEvent
Data is served from T2_US_Wisconsin instead of original site T2_FR_GRIF_LLR
%MSG
11-Jun-2024 09:02:46 CEST  Successfully opened file root://xrootd-cms.infn.it//store/mc/RunIISummer20UL16MiniAODv2/QCD_HT500to700_TuneCP5_PSWeights_13TeV-madgraph-pythia8/MINIAODSIM/106X_mcRun2_asymptotic_v17-v1/270000/EC1E7057-ED9B-4C40-BD88-791D1E20F254.root
Begin processing the 900001st record. Run 1, Event 60898355, LumiSection 9229 on stream 0 at 11-Jun-2024 09:02:55.947 CEST
11-Jun-2024 09:02:57 CEST  Closed file root://xrootd-cms.infn.it//store/mc/RunIISummer20UL16MiniAODv2/QCD_HT500to700_TuneCP5_PSWeights_13TeV-madgraph-pythia8/MINIAODSIM/106X_mcRun2_asymptotic_v17-v1/270000/EC1E7057-ED9B-4C40-BD88-791D1E20F254.root
11-Jun-2024 09:02:57 CEST  Initiating request to open file root://eoscms.cern.ch//eos/cms/store/mc/RunIISummer20UL16MiniAODv2/QCD_HT500to700_TuneCP5_PSWeights_13TeV-madgraph-pythia8/MINIAODSIM/106X_mcRun2_asymptotic_v17-v1/270000/1BE2B15D-49E3-164B-B3D8-2C0811377328.root
%MSG-w XrdAdaptorInternal:  file_open 11-Jun-2024 09:02:58 CEST PostProcessEvent
Failed to open file at URL root://eoscms.cern.ch:1094//eos/cms/store/mc/RunIISummer20UL16MiniAODv2/QCD_HT500to700_TuneCP5_PSWeights_13TeV-madgraph-pythia8/MINIAODSIM/106X_mcRun2_asymptotic_v17-v1/270000/1BE2B15D-49E3-164B-B3D8-2C0811377328.root.
%MSG
%MSG-w XrdAdaptorInternal:  file_open 11-Jun-2024 09:02:58 CEST PostProcessEvent
Failed to open file at URL root://eoscms.cern.ch:1094//eos/cms/store/mc/RunIISummer20UL16MiniAODv2/QCD_HT500to700_TuneCP5_PSWeights_13TeV-madgraph-pythia8/MINIAODSIM/106X_mcRun2_asymptotic_v17-v1/270000/1BE2B15D-49E3-164B-B3D8-2C0811377328.root?tried=.
%MSG
11-Jun-2024 09:02:58 CEST  Fallback request to file root://xrootd-cms.infn.it//store/mc/RunIISummer20UL16MiniAODv2/QCD_HT500to700_TuneCP5_PSWeights_13TeV-madgraph-pythia8/MINIAODSIM/106X_mcRun2_asymptotic_v17-v1/270000/1BE2B15D-49E3-164B-B3D8-2C0811377328.root
%MSG-w XrdAdaptor:  file_open 11-Jun-2024 09:03:11 CEST PostProcessEvent
Data is served from T2_US_Wisconsin instead of original site T2_FR_GRIF_LLR
%MSG
11-Jun-2024 09:03:11 CEST  Successfully opened file root://xrootd-cms.infn.it//store/mc/RunIISummer20UL16MiniAODv2/QCD_HT500to700_TuneCP5_PSWeights_13TeV-madgraph-pythia8/MINIAODSIM/106X_mcRun2_asymptotic_v17-v1/270000/1BE2B15D-49E3-164B-B3D8-2C0811377328.root
11-Jun-2024 09:03:21 CEST  Closed file root://xrootd-cms.infn.it//store/mc/RunIISummer20UL16MiniAODv2/QCD_HT500to700_TuneCP5_PSWeights_13TeV-madgraph-pythia8/MINIAODSIM/106X_mcRun2_asymptotic_v17-v1/270000/1BE2B15D-49E3-164B-B3D8-2C0811377328.root
11-Jun-2024 09:03:21 CEST  Initiating request to open file root://eoscms.cern.ch//eos/cms/store/mc/RunIISummer20UL16MiniAODv2/QCD_HT500to700_TuneCP5_PSWeights_13TeV-madgraph-pythia8/MINIAODSIM/106X_mcRun2_asymptotic_v17-v1/270000/2377CAC0-F90E-AE45-812B-FF6B83989996.root
%MSG-w XrdAdaptorInternal:  file_open 11-Jun-2024 09:03:22 CEST PostProcessEvent
Failed to open file at URL root://eoscms.cern.ch:1094//eos/cms/store/mc/RunIISummer20UL16MiniAODv2/QCD_HT500to700_TuneCP5_PSWeights_13TeV-madgraph-pythia8/MINIAODSIM/106X_mcRun2_asymptotic_v17-v1/270000/2377CAC0-F90E-AE45-812B-FF6B83989996.root.
%MSG
%MSG-w XrdAdaptorInternal:  file_open 11-Jun-2024 09:03:22 CEST PostProcessEvent
Failed to open file at URL root://eoscms.cern.ch:1094//eos/cms/store/mc/RunIISummer20UL16MiniAODv2/QCD_HT500to700_TuneCP5_PSWeights_13TeV-madgraph-pythia8/MINIAODSIM/106X_mcRun2_asymptotic_v17-v1/270000/2377CAC0-F90E-AE45-812B-FF6B83989996.root?tried=.
%MSG
11-Jun-2024 09:03:22 CEST  Fallback request to file root://xrootd-cms.infn.it//store/mc/RunIISummer20UL16MiniAODv2/QCD_HT500to700_TuneCP5_PSWeights_13TeV-madgraph-pythia8/MINIAODSIM/106X_mcRun2_asymptotic_v17-v1/270000/2377CAC0-F90E-AE45-812B-FF6B83989996.root
%MSG-w XrdAdaptor:  file_open 11-Jun-2024 09:03:36 CEST PostProcessEvent
Data is served from T2_US_Wisconsin instead of original site T2_FR_GRIF_LLR
%MSG
11-Jun-2024 09:03:36 CEST  Successfully opened file root://xrootd-cms.infn.it//store/mc/RunIISummer20UL16MiniAODv2/QCD_HT500to700_TuneCP5_PSWeights_13TeV-madgraph-pythia8/MINIAODSIM/106X_mcRun2_asymptotic_v17-v1/270000/2377CAC0-F90E-AE45-812B-FF6B83989996.root
  83969.600000    733.698900     50.528960             1
  15030.530000    227.092200     50.528960             0
 234440.500000   1014.821000     50.528960             2
 
11-Jun-2024 09:03:46 CEST  Closed file root://xrootd-cms.infn.it//store/mc/RunIISummer20UL16MiniAODv2/QCD_HT500to700_TuneCP5_PSWeights_13TeV-madgraph-pythia8/MINIAODSIM/106X_mcRun2_asymptotic_v17-v1/270000/2377CAC0-F90E-AE45-812B-FF6B83989996.root

------------------------------------
GenXsecAnalyzer:
------------------------------------
-------------------------------------------------------------------------------------------------------------------------------------------------------------------------- 
Overall cross-section summary 
--------------------------------------------------------------------------------------------------------------------------------------------------------------------------
Process		xsec_before [pb]		passed	nposw	nnegw	tried	nposw	nnegw 	xsec_match [pb]			accepted [%]	 event_eff [%]
0		1.480e+04 +/- 5.497e+00		19274	19274	0	491794	491794	0	5.802e+02 +/- 4.102e+00		3.9 +/- 0.0	3.9 +/- 0.0
1		8.330e+04 +/- 1.834e+01		67720	67720	0	2758049	2758049	0	2.045e+03 +/- 7.776e+00		2.5 +/- 0.0	2.5 +/- 0.0
2		2.366e+05 +/- 2.611e+01		913323	913323	0	7810081	7810081	0	2.767e+04 +/- 2.738e+01		11.7 +/- 0.0	11.7 +/- 0.0
-------------------------------------------------------------------------------------------------------------------------------------------------------------------------- 
Total		3.348e+05 +/- 3.238e+01		1000317	1000317	0	11059924	11059924	0	3.028e+04 +/- 2.902e+01		9.0 +/- 0.0	9.0 +/- 0.0
--------------------------------------------------------------------------------------------------------------------------------------------------------------------------
Before matching: total cross section = 3.348e+05 +- 3.238e+01 pb
After matching: total cross section = 3.028e+04 +- 2.902e+01 pb
Matching efficiency = 0.1 +/- 0.0   [TO BE USED IN MCM]
Filter efficiency (taking into account weights)= (1.00032e+06) / (1.00032e+06) = 1.000e+00 +- 0.000e+00
Filter efficiency (event-level)= (1.00032e+06) / (1.00032e+06) = 1.000e+00 +- 0.000e+00    [TO BE USED IN MCM]

After filter: final cross section = 3.028e+04 +- 2.902e+01 pb
After filter: final fraction of events with negative weights = 0.000e+00 +- 0.000e+00
After filter: final equivalent lumi for 1M events (1/fb) = 3.303e-02 +- 4.575e-05

=============================================

MessageLogger Summary

 type     category        sev    module        subroutine        count    total
 ---- -------------------- -- ---------------- ----------------  -----    -----
    1 GenXSecAnalyzer      -w GenXSecAnalyzer:                      17       17
    2 XrdAdaptor           -w file_open                             23       23
    3 XrdAdaptorInternal   -w file_open                             46       46
    4 fileAction           -s file_close                            23       23
    5 fileAction           -s file_open                             69       69

 type    category    Examples: run/evt        run/evt          run/evt
 ---- -------------------- ---------------- ---------------- ----------------
    1 GenXSecAnalyzer      PostGlobalEndRun PostGlobalEndRun PostGlobalEndRun
    2 XrdAdaptor           pre-events       PostProcessEvent PostProcessEvent
    3 XrdAdaptorInternal   pre-events       pre-events       PostProcessEvent
    4 fileAction           PostProcessEvent PostProcessEvent PostGlobalEndRun
    5 fileAction           pre-events       pre-events       PostProcessEvent

Severity    # Occurrences   Total Occurrences
--------    -------------   -----------------
Warning                86                  86
System                 92                  92

dropped waiting message count 0
