11-Jun-2024 13:00:38 CEST  Initiating request to open file root://eoscms.cern.ch//eos/cms/store/mc/RunIISummer20UL17MiniAODv2/QCD_Pt_2400to3200_TuneCP5_13TeV_pythia8/MINIAODSIM/106X_mc2017_realistic_v9-v1/110000/7DAE01D6-755D-A64F-982B-2E9D98123981.root
%MSG-w XrdAdaptorInternal:  file_open 11-Jun-2024 13:00:39 CEST pre-events
Failed to open file at URL root://eoscms.cern.ch:1094//eos/cms/store/mc/RunIISummer20UL17MiniAODv2/QCD_Pt_2400to3200_TuneCP5_13TeV_pythia8/MINIAODSIM/106X_mc2017_realistic_v9-v1/110000/7DAE01D6-755D-A64F-982B-2E9D98123981.root.
%MSG
%MSG-w XrdAdaptorInternal:  file_open 11-Jun-2024 13:00:39 CEST pre-events
Failed to open file at URL root://eoscms.cern.ch:1094//eos/cms/store/mc/RunIISummer20UL17MiniAODv2/QCD_Pt_2400to3200_TuneCP5_13TeV_pythia8/MINIAODSIM/106X_mc2017_realistic_v9-v1/110000/7DAE01D6-755D-A64F-982B-2E9D98123981.root?tried=.
%MSG
11-Jun-2024 13:00:39 CEST  Fallback request to file root://xrootd-cms.infn.it//store/mc/RunIISummer20UL17MiniAODv2/QCD_Pt_2400to3200_TuneCP5_13TeV_pythia8/MINIAODSIM/106X_mc2017_realistic_v9-v1/110000/7DAE01D6-755D-A64F-982B-2E9D98123981.root
Unable to load sec.protocol plugin libXrdSecztn.so
%MSG-w XrdAdaptor:  file_open 11-Jun-2024 13:00:54 CEST pre-events
Data is served from fnal.gov instead of original site T2_IT_Pisa
%MSG
11-Jun-2024 13:00:58 CEST  Successfully opened file root://xrootd-cms.infn.it//store/mc/RunIISummer20UL17MiniAODv2/QCD_Pt_2400to3200_TuneCP5_13TeV_pythia8/MINIAODSIM/106X_mc2017_realistic_v9-v1/110000/7DAE01D6-755D-A64F-982B-2E9D98123981.root
Unable to load sec.protocol plugin libXrdSecztn.so
Begin processing the 1st record. Run 1, Event 714008, LumiSection 715 on stream 0 at 11-Jun-2024 13:01:05.394 CEST
11-Jun-2024 13:01:08 CEST  Closed file root://xrootd-cms.infn.it//store/mc/RunIISummer20UL17MiniAODv2/QCD_Pt_2400to3200_TuneCP5_13TeV_pythia8/MINIAODSIM/106X_mc2017_realistic_v9-v1/110000/7DAE01D6-755D-A64F-982B-2E9D98123981.root
11-Jun-2024 13:01:08 CEST  Initiating request to open file root://eoscms.cern.ch//eos/cms/store/mc/RunIISummer20UL17MiniAODv2/QCD_Pt_2400to3200_TuneCP5_13TeV_pythia8/MINIAODSIM/106X_mc2017_realistic_v9-v1/30000/C4462032-DD42-D641-BB66-D2729885DD76.root
%MSG-w XrdAdaptorInternal:  file_open 11-Jun-2024 13:01:09 CEST PostProcessEvent
Failed to open file at URL root://eoscms.cern.ch:1094//eos/cms/store/mc/RunIISummer20UL17MiniAODv2/QCD_Pt_2400to3200_TuneCP5_13TeV_pythia8/MINIAODSIM/106X_mc2017_realistic_v9-v1/30000/C4462032-DD42-D641-BB66-D2729885DD76.root.
%MSG
%MSG-w XrdAdaptorInternal:  file_open 11-Jun-2024 13:01:09 CEST PostProcessEvent
Failed to open file at URL root://eoscms.cern.ch:1094//eos/cms/store/mc/RunIISummer20UL17MiniAODv2/QCD_Pt_2400to3200_TuneCP5_13TeV_pythia8/MINIAODSIM/106X_mc2017_realistic_v9-v1/30000/C4462032-DD42-D641-BB66-D2729885DD76.root?tried=.
%MSG
11-Jun-2024 13:01:09 CEST  Fallback request to file root://xrootd-cms.infn.it//store/mc/RunIISummer20UL17MiniAODv2/QCD_Pt_2400to3200_TuneCP5_13TeV_pythia8/MINIAODSIM/106X_mc2017_realistic_v9-v1/30000/C4462032-DD42-D641-BB66-D2729885DD76.root
%MSG-w XrdAdaptor:  file_open 11-Jun-2024 13:01:22 CEST PostProcessEvent
Data is served from T2_US_MIT instead of original site T2_IT_Pisa
%MSG
11-Jun-2024 13:01:23 CEST  Successfully opened file root://xrootd-cms.infn.it//store/mc/RunIISummer20UL17MiniAODv2/QCD_Pt_2400to3200_TuneCP5_13TeV_pythia8/MINIAODSIM/106X_mc2017_realistic_v9-v1/30000/C4462032-DD42-D641-BB66-D2729885DD76.root
Begin processing the 100001st record. Run 1, Event 2608007, LumiSection 2609 on stream 0 at 11-Jun-2024 13:01:33.483 CEST
11-Jun-2024 13:01:34 CEST  Closed file root://xrootd-cms.infn.it//store/mc/RunIISummer20UL17MiniAODv2/QCD_Pt_2400to3200_TuneCP5_13TeV_pythia8/MINIAODSIM/106X_mc2017_realistic_v9-v1/30000/C4462032-DD42-D641-BB66-D2729885DD76.root
11-Jun-2024 13:01:34 CEST  Initiating request to open file root://eoscms.cern.ch//eos/cms/store/mc/RunIISummer20UL17MiniAODv2/QCD_Pt_2400to3200_TuneCP5_13TeV_pythia8/MINIAODSIM/106X_mc2017_realistic_v9-v1/30000/BE822B40-6C5F-FE4A-96CB-B1923C27E6DA.root
%MSG-w XrdAdaptorInternal:  file_open 11-Jun-2024 13:01:35 CEST PostProcessEvent
Failed to open file at URL root://eoscms.cern.ch:1094//eos/cms/store/mc/RunIISummer20UL17MiniAODv2/QCD_Pt_2400to3200_TuneCP5_13TeV_pythia8/MINIAODSIM/106X_mc2017_realistic_v9-v1/30000/BE822B40-6C5F-FE4A-96CB-B1923C27E6DA.root.
%MSG
%MSG-w XrdAdaptorInternal:  file_open 11-Jun-2024 13:01:35 CEST PostProcessEvent
Failed to open file at URL root://eoscms.cern.ch:1094//eos/cms/store/mc/RunIISummer20UL17MiniAODv2/QCD_Pt_2400to3200_TuneCP5_13TeV_pythia8/MINIAODSIM/106X_mc2017_realistic_v9-v1/30000/BE822B40-6C5F-FE4A-96CB-B1923C27E6DA.root?tried=.
%MSG
11-Jun-2024 13:01:35 CEST  Fallback request to file root://xrootd-cms.infn.it//store/mc/RunIISummer20UL17MiniAODv2/QCD_Pt_2400to3200_TuneCP5_13TeV_pythia8/MINIAODSIM/106X_mc2017_realistic_v9-v1/30000/BE822B40-6C5F-FE4A-96CB-B1923C27E6DA.root
%MSG-w XrdAdaptor:  file_open 11-Jun-2024 13:01:49 CEST PostProcessEvent
Data is served from T2_US_Nebraska instead of original site T2_IT_Pisa
%MSG
11-Jun-2024 13:01:49 CEST  Successfully opened file root://xrootd-cms.infn.it//store/mc/RunIISummer20UL17MiniAODv2/QCD_Pt_2400to3200_TuneCP5_13TeV_pythia8/MINIAODSIM/106X_mc2017_realistic_v9-v1/30000/BE822B40-6C5F-FE4A-96CB-B1923C27E6DA.root
Begin processing the 200001st record. Run 1, Event 2534001, LumiSection 2535 on stream 0 at 11-Jun-2024 13:02:16.930 CEST
11-Jun-2024 13:02:17 CEST  Closed file root://xrootd-cms.infn.it//store/mc/RunIISummer20UL17MiniAODv2/QCD_Pt_2400to3200_TuneCP5_13TeV_pythia8/MINIAODSIM/106X_mc2017_realistic_v9-v1/30000/BE822B40-6C5F-FE4A-96CB-B1923C27E6DA.root
11-Jun-2024 13:02:17 CEST  Initiating request to open file root://eoscms.cern.ch//eos/cms/store/mc/RunIISummer20UL17MiniAODv2/QCD_Pt_2400to3200_TuneCP5_13TeV_pythia8/MINIAODSIM/106X_mc2017_realistic_v9-v1/100000/BE619B16-0DBE-DA4A-B7EE-A66321503826.root
%MSG-w XrdAdaptorInternal:  file_open 11-Jun-2024 13:02:18 CEST PostProcessEvent
Failed to open file at URL root://eoscms.cern.ch:1094//eos/cms/store/mc/RunIISummer20UL17MiniAODv2/QCD_Pt_2400to3200_TuneCP5_13TeV_pythia8/MINIAODSIM/106X_mc2017_realistic_v9-v1/100000/BE619B16-0DBE-DA4A-B7EE-A66321503826.root.
%MSG
%MSG-w XrdAdaptorInternal:  file_open 11-Jun-2024 13:02:18 CEST PostProcessEvent
Failed to open file at URL root://eoscms.cern.ch:1094//eos/cms/store/mc/RunIISummer20UL17MiniAODv2/QCD_Pt_2400to3200_TuneCP5_13TeV_pythia8/MINIAODSIM/106X_mc2017_realistic_v9-v1/100000/BE619B16-0DBE-DA4A-B7EE-A66321503826.root?tried=.
%MSG
11-Jun-2024 13:02:18 CEST  Fallback request to file root://xrootd-cms.infn.it//store/mc/RunIISummer20UL17MiniAODv2/QCD_Pt_2400to3200_TuneCP5_13TeV_pythia8/MINIAODSIM/106X_mc2017_realistic_v9-v1/100000/BE619B16-0DBE-DA4A-B7EE-A66321503826.root
%MSG-w XrdAdaptor:  file_open 11-Jun-2024 13:02:30 CEST PostProcessEvent
Data is served from fnal.gov instead of original site T2_IT_Pisa
%MSG
11-Jun-2024 13:02:30 CEST  Successfully opened file root://xrootd-cms.infn.it//store/mc/RunIISummer20UL17MiniAODv2/QCD_Pt_2400to3200_TuneCP5_13TeV_pythia8/MINIAODSIM/106X_mc2017_realistic_v9-v1/100000/BE619B16-0DBE-DA4A-B7EE-A66321503826.root
Unable to load sec.protocol plugin libXrdSecztn.so
11-Jun-2024 13:02:40 CEST  Closed file root://xrootd-cms.infn.it//store/mc/RunIISummer20UL17MiniAODv2/QCD_Pt_2400to3200_TuneCP5_13TeV_pythia8/MINIAODSIM/106X_mc2017_realistic_v9-v1/100000/BE619B16-0DBE-DA4A-B7EE-A66321503826.root
11-Jun-2024 13:02:40 CEST  Initiating request to open file root://eoscms.cern.ch//eos/cms/store/mc/RunIISummer20UL17MiniAODv2/QCD_Pt_2400to3200_TuneCP5_13TeV_pythia8/MINIAODSIM/106X_mc2017_realistic_v9-v1/100000/A83D9D91-B12F-A042-ACF0-99A4EEF53DA8.root
%MSG-w XrdAdaptorInternal:  file_open 11-Jun-2024 13:02:41 CEST PostProcessEvent
Failed to open file at URL root://eoscms.cern.ch:1094//eos/cms/store/mc/RunIISummer20UL17MiniAODv2/QCD_Pt_2400to3200_TuneCP5_13TeV_pythia8/MINIAODSIM/106X_mc2017_realistic_v9-v1/100000/A83D9D91-B12F-A042-ACF0-99A4EEF53DA8.root.
%MSG
%MSG-w XrdAdaptorInternal:  file_open 11-Jun-2024 13:02:41 CEST PostProcessEvent
Failed to open file at URL root://eoscms.cern.ch:1094//eos/cms/store/mc/RunIISummer20UL17MiniAODv2/QCD_Pt_2400to3200_TuneCP5_13TeV_pythia8/MINIAODSIM/106X_mc2017_realistic_v9-v1/100000/A83D9D91-B12F-A042-ACF0-99A4EEF53DA8.root?tried=.
%MSG
11-Jun-2024 13:02:41 CEST  Fallback request to file root://xrootd-cms.infn.it//store/mc/RunIISummer20UL17MiniAODv2/QCD_Pt_2400to3200_TuneCP5_13TeV_pythia8/MINIAODSIM/106X_mc2017_realistic_v9-v1/100000/A83D9D91-B12F-A042-ACF0-99A4EEF53DA8.root
%MSG-w XrdAdaptor:  file_open 11-Jun-2024 13:02:54 CEST PostProcessEvent
Data is served from fnal.gov instead of original site T2_IT_Pisa
%MSG
11-Jun-2024 13:02:54 CEST  Successfully opened file root://xrootd-cms.infn.it//store/mc/RunIISummer20UL17MiniAODv2/QCD_Pt_2400to3200_TuneCP5_13TeV_pythia8/MINIAODSIM/106X_mc2017_realistic_v9-v1/100000/A83D9D91-B12F-A042-ACF0-99A4EEF53DA8.root
Begin processing the 300001st record. Run 1, Event 1866004, LumiSection 1867 on stream 0 at 11-Jun-2024 13:03:01.512 CEST
11-Jun-2024 13:03:03 CEST  Closed file root://xrootd-cms.infn.it//store/mc/RunIISummer20UL17MiniAODv2/QCD_Pt_2400to3200_TuneCP5_13TeV_pythia8/MINIAODSIM/106X_mc2017_realistic_v9-v1/100000/A83D9D91-B12F-A042-ACF0-99A4EEF53DA8.root
11-Jun-2024 13:03:03 CEST  Initiating request to open file root://eoscms.cern.ch//eos/cms/store/mc/RunIISummer20UL17MiniAODv2/QCD_Pt_2400to3200_TuneCP5_13TeV_pythia8/MINIAODSIM/106X_mc2017_realistic_v9-v1/100000/B0CD75BA-20C0-AC48-BBDF-275904824274.root
%MSG-w XrdAdaptorInternal:  file_open 11-Jun-2024 13:03:04 CEST PostProcessEvent
Failed to open file at URL root://eoscms.cern.ch:1094//eos/cms/store/mc/RunIISummer20UL17MiniAODv2/QCD_Pt_2400to3200_TuneCP5_13TeV_pythia8/MINIAODSIM/106X_mc2017_realistic_v9-v1/100000/B0CD75BA-20C0-AC48-BBDF-275904824274.root.
%MSG
%MSG-w XrdAdaptorInternal:  file_open 11-Jun-2024 13:03:04 CEST PostProcessEvent
Failed to open file at URL root://eoscms.cern.ch:1094//eos/cms/store/mc/RunIISummer20UL17MiniAODv2/QCD_Pt_2400to3200_TuneCP5_13TeV_pythia8/MINIAODSIM/106X_mc2017_realistic_v9-v1/100000/B0CD75BA-20C0-AC48-BBDF-275904824274.root?tried=.
%MSG
11-Jun-2024 13:03:04 CEST  Fallback request to file root://xrootd-cms.infn.it//store/mc/RunIISummer20UL17MiniAODv2/QCD_Pt_2400to3200_TuneCP5_13TeV_pythia8/MINIAODSIM/106X_mc2017_realistic_v9-v1/100000/B0CD75BA-20C0-AC48-BBDF-275904824274.root
%MSG-w XrdAdaptor:  file_open 11-Jun-2024 13:03:17 CEST PostProcessEvent
Data is served from fnal.gov instead of original site T2_IT_Pisa
%MSG
11-Jun-2024 13:03:17 CEST  Successfully opened file root://xrootd-cms.infn.it//store/mc/RunIISummer20UL17MiniAODv2/QCD_Pt_2400to3200_TuneCP5_13TeV_pythia8/MINIAODSIM/106X_mc2017_realistic_v9-v1/100000/B0CD75BA-20C0-AC48-BBDF-275904824274.root
Begin processing the 400001st record. Run 1, Event 1324002, LumiSection 1325 on stream 0 at 11-Jun-2024 13:03:25.756 CEST
11-Jun-2024 13:03:27 CEST  Closed file root://xrootd-cms.infn.it//store/mc/RunIISummer20UL17MiniAODv2/QCD_Pt_2400to3200_TuneCP5_13TeV_pythia8/MINIAODSIM/106X_mc2017_realistic_v9-v1/100000/B0CD75BA-20C0-AC48-BBDF-275904824274.root
11-Jun-2024 13:03:27 CEST  Initiating request to open file root://eoscms.cern.ch//eos/cms/store/mc/RunIISummer20UL17MiniAODv2/QCD_Pt_2400to3200_TuneCP5_13TeV_pythia8/MINIAODSIM/106X_mc2017_realistic_v9-v1/100000/E65ED36A-6368-894C-82E8-F9803F269E9B.root
%MSG-w XrdAdaptorInternal:  file_open 11-Jun-2024 13:03:28 CEST PostProcessEvent
Failed to open file at URL root://eoscms.cern.ch:1094//eos/cms/store/mc/RunIISummer20UL17MiniAODv2/QCD_Pt_2400to3200_TuneCP5_13TeV_pythia8/MINIAODSIM/106X_mc2017_realistic_v9-v1/100000/E65ED36A-6368-894C-82E8-F9803F269E9B.root.
%MSG
%MSG-w XrdAdaptorInternal:  file_open 11-Jun-2024 13:03:28 CEST PostProcessEvent
Failed to open file at URL root://eoscms.cern.ch:1094//eos/cms/store/mc/RunIISummer20UL17MiniAODv2/QCD_Pt_2400to3200_TuneCP5_13TeV_pythia8/MINIAODSIM/106X_mc2017_realistic_v9-v1/100000/E65ED36A-6368-894C-82E8-F9803F269E9B.root?tried=.
%MSG
11-Jun-2024 13:03:28 CEST  Fallback request to file root://xrootd-cms.infn.it//store/mc/RunIISummer20UL17MiniAODv2/QCD_Pt_2400to3200_TuneCP5_13TeV_pythia8/MINIAODSIM/106X_mc2017_realistic_v9-v1/100000/E65ED36A-6368-894C-82E8-F9803F269E9B.root
%MSG-w XrdAdaptor:  file_open 11-Jun-2024 13:03:41 CEST PostProcessEvent
Data is served from fnal.gov instead of original site T2_IT_Pisa
%MSG
11-Jun-2024 13:03:41 CEST  Successfully opened file root://xrootd-cms.infn.it//store/mc/RunIISummer20UL17MiniAODv2/QCD_Pt_2400to3200_TuneCP5_13TeV_pythia8/MINIAODSIM/106X_mc2017_realistic_v9-v1/100000/E65ED36A-6368-894C-82E8-F9803F269E9B.root
Begin processing the 500001st record. Run 1, Event 404002, LumiSection 405 on stream 0 at 11-Jun-2024 13:03:50.363 CEST
11-Jun-2024 13:03:51 CEST  Closed file root://xrootd-cms.infn.it//store/mc/RunIISummer20UL17MiniAODv2/QCD_Pt_2400to3200_TuneCP5_13TeV_pythia8/MINIAODSIM/106X_mc2017_realistic_v9-v1/100000/E65ED36A-6368-894C-82E8-F9803F269E9B.root
11-Jun-2024 13:03:51 CEST  Initiating request to open file root://eoscms.cern.ch//eos/cms/store/mc/RunIISummer20UL17MiniAODv2/QCD_Pt_2400to3200_TuneCP5_13TeV_pythia8/MINIAODSIM/106X_mc2017_realistic_v9-v1/100000/467E64FA-F10A-A544-9819-B266A97D2219.root
%MSG-w XrdAdaptorInternal:  file_open 11-Jun-2024 13:03:52 CEST PostProcessEvent
Failed to open file at URL root://eoscms.cern.ch:1094//eos/cms/store/mc/RunIISummer20UL17MiniAODv2/QCD_Pt_2400to3200_TuneCP5_13TeV_pythia8/MINIAODSIM/106X_mc2017_realistic_v9-v1/100000/467E64FA-F10A-A544-9819-B266A97D2219.root.
%MSG
%MSG-w XrdAdaptorInternal:  file_open 11-Jun-2024 13:03:52 CEST PostProcessEvent
Failed to open file at URL root://eoscms.cern.ch:1094//eos/cms/store/mc/RunIISummer20UL17MiniAODv2/QCD_Pt_2400to3200_TuneCP5_13TeV_pythia8/MINIAODSIM/106X_mc2017_realistic_v9-v1/100000/467E64FA-F10A-A544-9819-B266A97D2219.root?tried=.
%MSG
11-Jun-2024 13:03:52 CEST  Fallback request to file root://xrootd-cms.infn.it//store/mc/RunIISummer20UL17MiniAODv2/QCD_Pt_2400to3200_TuneCP5_13TeV_pythia8/MINIAODSIM/106X_mc2017_realistic_v9-v1/100000/467E64FA-F10A-A544-9819-B266A97D2219.root
%MSG-w XrdAdaptor:  file_open 11-Jun-2024 13:04:05 CEST PostProcessEvent
Data is served from fnal.gov instead of original site T2_IT_Pisa
%MSG
11-Jun-2024 13:04:05 CEST  Successfully opened file root://xrootd-cms.infn.it//store/mc/RunIISummer20UL17MiniAODv2/QCD_Pt_2400to3200_TuneCP5_13TeV_pythia8/MINIAODSIM/106X_mc2017_realistic_v9-v1/100000/467E64FA-F10A-A544-9819-B266A97D2219.root
11-Jun-2024 13:04:11 CEST  Closed file root://xrootd-cms.infn.it//store/mc/RunIISummer20UL17MiniAODv2/QCD_Pt_2400to3200_TuneCP5_13TeV_pythia8/MINIAODSIM/106X_mc2017_realistic_v9-v1/100000/467E64FA-F10A-A544-9819-B266A97D2219.root
11-Jun-2024 13:04:11 CEST  Initiating request to open file root://eoscms.cern.ch//eos/cms/store/mc/RunIISummer20UL17MiniAODv2/QCD_Pt_2400to3200_TuneCP5_13TeV_pythia8/MINIAODSIM/106X_mc2017_realistic_v9-v1/100000/6DE291B2-21B6-594D-BE1E-35D7F8A3E106.root
%MSG-w XrdAdaptorInternal:  file_open 11-Jun-2024 13:04:12 CEST PostProcessEvent
Failed to open file at URL root://eoscms.cern.ch:1094//eos/cms/store/mc/RunIISummer20UL17MiniAODv2/QCD_Pt_2400to3200_TuneCP5_13TeV_pythia8/MINIAODSIM/106X_mc2017_realistic_v9-v1/100000/6DE291B2-21B6-594D-BE1E-35D7F8A3E106.root.
%MSG
%MSG-w XrdAdaptorInternal:  file_open 11-Jun-2024 13:04:12 CEST PostProcessEvent
Failed to open file at URL root://eoscms.cern.ch:1094//eos/cms/store/mc/RunIISummer20UL17MiniAODv2/QCD_Pt_2400to3200_TuneCP5_13TeV_pythia8/MINIAODSIM/106X_mc2017_realistic_v9-v1/100000/6DE291B2-21B6-594D-BE1E-35D7F8A3E106.root?tried=.
%MSG
11-Jun-2024 13:04:12 CEST  Fallback request to file root://xrootd-cms.infn.it//store/mc/RunIISummer20UL17MiniAODv2/QCD_Pt_2400to3200_TuneCP5_13TeV_pythia8/MINIAODSIM/106X_mc2017_realistic_v9-v1/100000/6DE291B2-21B6-594D-BE1E-35D7F8A3E106.root
%MSG-w XrdAdaptor:  file_open 11-Jun-2024 13:04:25 CEST PostProcessEvent
Data is served from fnal.gov instead of original site T2_IT_Pisa
%MSG
11-Jun-2024 13:04:25 CEST  Successfully opened file root://xrootd-cms.infn.it//store/mc/RunIISummer20UL17MiniAODv2/QCD_Pt_2400to3200_TuneCP5_13TeV_pythia8/MINIAODSIM/106X_mc2017_realistic_v9-v1/100000/6DE291B2-21B6-594D-BE1E-35D7F8A3E106.root
Begin processing the 600001st record. Run 1, Event 1248001, LumiSection 1249 on stream 0 at 11-Jun-2024 13:04:34.193 CEST
11-Jun-2024 13:04:36 CEST  Closed file root://xrootd-cms.infn.it//store/mc/RunIISummer20UL17MiniAODv2/QCD_Pt_2400to3200_TuneCP5_13TeV_pythia8/MINIAODSIM/106X_mc2017_realistic_v9-v1/100000/6DE291B2-21B6-594D-BE1E-35D7F8A3E106.root
11-Jun-2024 13:04:36 CEST  Initiating request to open file root://eoscms.cern.ch//eos/cms/store/mc/RunIISummer20UL17MiniAODv2/QCD_Pt_2400to3200_TuneCP5_13TeV_pythia8/MINIAODSIM/106X_mc2017_realistic_v9-v1/230000/7E34C264-8227-7548-ADC2-E24146805199.root
%MSG-w XrdAdaptorInternal:  file_open 11-Jun-2024 13:04:37 CEST PostProcessEvent
Failed to open file at URL root://eoscms.cern.ch:1094//eos/cms/store/mc/RunIISummer20UL17MiniAODv2/QCD_Pt_2400to3200_TuneCP5_13TeV_pythia8/MINIAODSIM/106X_mc2017_realistic_v9-v1/230000/7E34C264-8227-7548-ADC2-E24146805199.root.
%MSG
%MSG-w XrdAdaptorInternal:  file_open 11-Jun-2024 13:04:37 CEST PostProcessEvent
Failed to open file at URL root://eoscms.cern.ch:1094//eos/cms/store/mc/RunIISummer20UL17MiniAODv2/QCD_Pt_2400to3200_TuneCP5_13TeV_pythia8/MINIAODSIM/106X_mc2017_realistic_v9-v1/230000/7E34C264-8227-7548-ADC2-E24146805199.root?tried=.
%MSG
11-Jun-2024 13:04:37 CEST  Fallback request to file root://xrootd-cms.infn.it//store/mc/RunIISummer20UL17MiniAODv2/QCD_Pt_2400to3200_TuneCP5_13TeV_pythia8/MINIAODSIM/106X_mc2017_realistic_v9-v1/230000/7E34C264-8227-7548-ADC2-E24146805199.root
%MSG-w XrdAdaptor:  file_open 11-Jun-2024 13:04:49 CEST PostProcessEvent
Data is served from fnal.gov instead of original site T2_IT_Pisa
%MSG
11-Jun-2024 13:04:49 CEST  Successfully opened file root://xrootd-cms.infn.it//store/mc/RunIISummer20UL17MiniAODv2/QCD_Pt_2400to3200_TuneCP5_13TeV_pythia8/MINIAODSIM/106X_mc2017_realistic_v9-v1/230000/7E34C264-8227-7548-ADC2-E24146805199.root
11-Jun-2024 13:04:53 CEST  Closed file root://xrootd-cms.infn.it//store/mc/RunIISummer20UL17MiniAODv2/QCD_Pt_2400to3200_TuneCP5_13TeV_pythia8/MINIAODSIM/106X_mc2017_realistic_v9-v1/230000/7E34C264-8227-7548-ADC2-E24146805199.root
11-Jun-2024 13:04:53 CEST  Initiating request to open file root://eoscms.cern.ch//eos/cms/store/mc/RunIISummer20UL17MiniAODv2/QCD_Pt_2400to3200_TuneCP5_13TeV_pythia8/MINIAODSIM/106X_mc2017_realistic_v9-v1/30000/96F04A20-263D-D742-9312-F2BC49CFDC02.root
%MSG-w XrdAdaptorInternal:  file_open 11-Jun-2024 13:04:54 CEST PostProcessEvent
Failed to open file at URL root://eoscms.cern.ch:1094//eos/cms/store/mc/RunIISummer20UL17MiniAODv2/QCD_Pt_2400to3200_TuneCP5_13TeV_pythia8/MINIAODSIM/106X_mc2017_realistic_v9-v1/30000/96F04A20-263D-D742-9312-F2BC49CFDC02.root.
%MSG
%MSG-w XrdAdaptorInternal:  file_open 11-Jun-2024 13:04:54 CEST PostProcessEvent
Failed to open file at URL root://eoscms.cern.ch:1094//eos/cms/store/mc/RunIISummer20UL17MiniAODv2/QCD_Pt_2400to3200_TuneCP5_13TeV_pythia8/MINIAODSIM/106X_mc2017_realistic_v9-v1/30000/96F04A20-263D-D742-9312-F2BC49CFDC02.root?tried=.
%MSG
11-Jun-2024 13:04:54 CEST  Fallback request to file root://xrootd-cms.infn.it//store/mc/RunIISummer20UL17MiniAODv2/QCD_Pt_2400to3200_TuneCP5_13TeV_pythia8/MINIAODSIM/106X_mc2017_realistic_v9-v1/30000/96F04A20-263D-D742-9312-F2BC49CFDC02.root
%MSG-w XrdAdaptor:  file_open 11-Jun-2024 13:05:07 CEST PostProcessEvent
Data is served from fnal.gov instead of original site T2_IT_Pisa
%MSG
11-Jun-2024 13:05:07 CEST  Successfully opened file root://xrootd-cms.infn.it//store/mc/RunIISummer20UL17MiniAODv2/QCD_Pt_2400to3200_TuneCP5_13TeV_pythia8/MINIAODSIM/106X_mc2017_realistic_v9-v1/30000/96F04A20-263D-D742-9312-F2BC49CFDC02.root
11-Jun-2024 13:05:11 CEST  Closed file root://xrootd-cms.infn.it//store/mc/RunIISummer20UL17MiniAODv2/QCD_Pt_2400to3200_TuneCP5_13TeV_pythia8/MINIAODSIM/106X_mc2017_realistic_v9-v1/30000/96F04A20-263D-D742-9312-F2BC49CFDC02.root
11-Jun-2024 13:05:11 CEST  Initiating request to open file root://eoscms.cern.ch//eos/cms/store/mc/RunIISummer20UL17MiniAODv2/QCD_Pt_2400to3200_TuneCP5_13TeV_pythia8/MINIAODSIM/106X_mc2017_realistic_v9-v1/230000/03715BDE-B530-3248-B1EA-BA3E61CE9109.root
%MSG-w XrdAdaptorInternal:  file_open 11-Jun-2024 13:05:12 CEST PostProcessEvent
Failed to open file at URL root://eoscms.cern.ch:1094//eos/cms/store/mc/RunIISummer20UL17MiniAODv2/QCD_Pt_2400to3200_TuneCP5_13TeV_pythia8/MINIAODSIM/106X_mc2017_realistic_v9-v1/230000/03715BDE-B530-3248-B1EA-BA3E61CE9109.root.
%MSG
%MSG-w XrdAdaptorInternal:  file_open 11-Jun-2024 13:05:12 CEST PostProcessEvent
Failed to open file at URL root://eoscms.cern.ch:1094//eos/cms/store/mc/RunIISummer20UL17MiniAODv2/QCD_Pt_2400to3200_TuneCP5_13TeV_pythia8/MINIAODSIM/106X_mc2017_realistic_v9-v1/230000/03715BDE-B530-3248-B1EA-BA3E61CE9109.root?tried=.
%MSG
11-Jun-2024 13:05:12 CEST  Fallback request to file root://xrootd-cms.infn.it//store/mc/RunIISummer20UL17MiniAODv2/QCD_Pt_2400to3200_TuneCP5_13TeV_pythia8/MINIAODSIM/106X_mc2017_realistic_v9-v1/230000/03715BDE-B530-3248-B1EA-BA3E61CE9109.root
%MSG-w XrdAdaptor:  file_open 11-Jun-2024 13:05:25 CEST PostProcessEvent
Data is served from fnal.gov instead of original site T2_IT_Pisa
%MSG
11-Jun-2024 13:05:25 CEST  Successfully opened file root://xrootd-cms.infn.it//store/mc/RunIISummer20UL17MiniAODv2/QCD_Pt_2400to3200_TuneCP5_13TeV_pythia8/MINIAODSIM/106X_mc2017_realistic_v9-v1/230000/03715BDE-B530-3248-B1EA-BA3E61CE9109.root
11-Jun-2024 13:05:30 CEST  Closed file root://xrootd-cms.infn.it//store/mc/RunIISummer20UL17MiniAODv2/QCD_Pt_2400to3200_TuneCP5_13TeV_pythia8/MINIAODSIM/106X_mc2017_realistic_v9-v1/230000/03715BDE-B530-3248-B1EA-BA3E61CE9109.root
11-Jun-2024 13:05:30 CEST  Initiating request to open file root://eoscms.cern.ch//eos/cms/store/mc/RunIISummer20UL17MiniAODv2/QCD_Pt_2400to3200_TuneCP5_13TeV_pythia8/MINIAODSIM/106X_mc2017_realistic_v9-v1/30000/C2F81C45-17CA-C149-818C-2088AA420D40.root
%MSG-w XrdAdaptorInternal:  file_open 11-Jun-2024 13:05:31 CEST PostProcessEvent
Failed to open file at URL root://eoscms.cern.ch:1094//eos/cms/store/mc/RunIISummer20UL17MiniAODv2/QCD_Pt_2400to3200_TuneCP5_13TeV_pythia8/MINIAODSIM/106X_mc2017_realistic_v9-v1/30000/C2F81C45-17CA-C149-818C-2088AA420D40.root.
%MSG
%MSG-w XrdAdaptorInternal:  file_open 11-Jun-2024 13:05:31 CEST PostProcessEvent
Failed to open file at URL root://eoscms.cern.ch:1094//eos/cms/store/mc/RunIISummer20UL17MiniAODv2/QCD_Pt_2400to3200_TuneCP5_13TeV_pythia8/MINIAODSIM/106X_mc2017_realistic_v9-v1/30000/C2F81C45-17CA-C149-818C-2088AA420D40.root?tried=.
%MSG
11-Jun-2024 13:05:31 CEST  Fallback request to file root://xrootd-cms.infn.it//store/mc/RunIISummer20UL17MiniAODv2/QCD_Pt_2400to3200_TuneCP5_13TeV_pythia8/MINIAODSIM/106X_mc2017_realistic_v9-v1/30000/C2F81C45-17CA-C149-818C-2088AA420D40.root
%MSG-w XrdAdaptor:  file_open 11-Jun-2024 13:05:44 CEST PostProcessEvent
Data is served from fnal.gov instead of original site T2_IT_Pisa
%MSG
11-Jun-2024 13:05:45 CEST  Successfully opened file root://xrootd-cms.infn.it//store/mc/RunIISummer20UL17MiniAODv2/QCD_Pt_2400to3200_TuneCP5_13TeV_pythia8/MINIAODSIM/106X_mc2017_realistic_v9-v1/30000/C2F81C45-17CA-C149-818C-2088AA420D40.root
Begin processing the 700001st record. Run 1, Event 2074003, LumiSection 2075 on stream 0 at 11-Jun-2024 13:05:50.932 CEST
11-Jun-2024 13:05:50 CEST  Closed file root://xrootd-cms.infn.it//store/mc/RunIISummer20UL17MiniAODv2/QCD_Pt_2400to3200_TuneCP5_13TeV_pythia8/MINIAODSIM/106X_mc2017_realistic_v9-v1/30000/C2F81C45-17CA-C149-818C-2088AA420D40.root
11-Jun-2024 13:05:50 CEST  Initiating request to open file root://eoscms.cern.ch//eos/cms/store/mc/RunIISummer20UL17MiniAODv2/QCD_Pt_2400to3200_TuneCP5_13TeV_pythia8/MINIAODSIM/106X_mc2017_realistic_v9-v1/240000/750E8561-9E8C-8648-9462-F7CF41911109.root
%MSG-w XrdAdaptorInternal:  file_open 11-Jun-2024 13:05:51 CEST PostProcessEvent
Failed to open file at URL root://eoscms.cern.ch:1094//eos/cms/store/mc/RunIISummer20UL17MiniAODv2/QCD_Pt_2400to3200_TuneCP5_13TeV_pythia8/MINIAODSIM/106X_mc2017_realistic_v9-v1/240000/750E8561-9E8C-8648-9462-F7CF41911109.root.
%MSG
%MSG-w XrdAdaptorInternal:  file_open 11-Jun-2024 13:05:51 CEST PostProcessEvent
Failed to open file at URL root://eoscms.cern.ch:1094//eos/cms/store/mc/RunIISummer20UL17MiniAODv2/QCD_Pt_2400to3200_TuneCP5_13TeV_pythia8/MINIAODSIM/106X_mc2017_realistic_v9-v1/240000/750E8561-9E8C-8648-9462-F7CF41911109.root?tried=.
%MSG
11-Jun-2024 13:05:52 CEST  Fallback request to file root://xrootd-cms.infn.it//store/mc/RunIISummer20UL17MiniAODv2/QCD_Pt_2400to3200_TuneCP5_13TeV_pythia8/MINIAODSIM/106X_mc2017_realistic_v9-v1/240000/750E8561-9E8C-8648-9462-F7CF41911109.root
%MSG-w XrdAdaptor:  file_open 11-Jun-2024 13:06:04 CEST PostProcessEvent
Data is served from fnal.gov instead of original site T2_IT_Pisa
%MSG
11-Jun-2024 13:06:04 CEST  Successfully opened file root://xrootd-cms.infn.it//store/mc/RunIISummer20UL17MiniAODv2/QCD_Pt_2400to3200_TuneCP5_13TeV_pythia8/MINIAODSIM/106X_mc2017_realistic_v9-v1/240000/750E8561-9E8C-8648-9462-F7CF41911109.root
11-Jun-2024 13:06:09 CEST  Closed file root://xrootd-cms.infn.it//store/mc/RunIISummer20UL17MiniAODv2/QCD_Pt_2400to3200_TuneCP5_13TeV_pythia8/MINIAODSIM/106X_mc2017_realistic_v9-v1/240000/750E8561-9E8C-8648-9462-F7CF41911109.root
11-Jun-2024 13:06:09 CEST  Initiating request to open file root://eoscms.cern.ch//eos/cms/store/mc/RunIISummer20UL17MiniAODv2/QCD_Pt_2400to3200_TuneCP5_13TeV_pythia8/MINIAODSIM/106X_mc2017_realistic_v9-v1/30000/3C061449-CD72-724C-A00E-94B9F037FB00.root
%MSG-w XrdAdaptorInternal:  file_open 11-Jun-2024 13:06:10 CEST PostProcessEvent
Failed to open file at URL root://eoscms.cern.ch:1094//eos/cms/store/mc/RunIISummer20UL17MiniAODv2/QCD_Pt_2400to3200_TuneCP5_13TeV_pythia8/MINIAODSIM/106X_mc2017_realistic_v9-v1/30000/3C061449-CD72-724C-A00E-94B9F037FB00.root.
%MSG
%MSG-w XrdAdaptorInternal:  file_open 11-Jun-2024 13:06:10 CEST PostProcessEvent
Failed to open file at URL root://eoscms.cern.ch:1094//eos/cms/store/mc/RunIISummer20UL17MiniAODv2/QCD_Pt_2400to3200_TuneCP5_13TeV_pythia8/MINIAODSIM/106X_mc2017_realistic_v9-v1/30000/3C061449-CD72-724C-A00E-94B9F037FB00.root?tried=.
%MSG
11-Jun-2024 13:06:10 CEST  Fallback request to file root://xrootd-cms.infn.it//store/mc/RunIISummer20UL17MiniAODv2/QCD_Pt_2400to3200_TuneCP5_13TeV_pythia8/MINIAODSIM/106X_mc2017_realistic_v9-v1/30000/3C061449-CD72-724C-A00E-94B9F037FB00.root
%MSG-w XrdAdaptor:  file_open 11-Jun-2024 13:06:23 CEST PostProcessEvent
Data is served from fnal.gov instead of original site T2_IT_Pisa
%MSG
11-Jun-2024 13:06:23 CEST  Successfully opened file root://xrootd-cms.infn.it//store/mc/RunIISummer20UL17MiniAODv2/QCD_Pt_2400to3200_TuneCP5_13TeV_pythia8/MINIAODSIM/106X_mc2017_realistic_v9-v1/30000/3C061449-CD72-724C-A00E-94B9F037FB00.root
11-Jun-2024 13:06:33 CEST  Closed file root://xrootd-cms.infn.it//store/mc/RunIISummer20UL17MiniAODv2/QCD_Pt_2400to3200_TuneCP5_13TeV_pythia8/MINIAODSIM/106X_mc2017_realistic_v9-v1/30000/3C061449-CD72-724C-A00E-94B9F037FB00.root
11-Jun-2024 13:06:33 CEST  Initiating request to open file root://eoscms.cern.ch//eos/cms/store/mc/RunIISummer20UL17MiniAODv2/QCD_Pt_2400to3200_TuneCP5_13TeV_pythia8/MINIAODSIM/106X_mc2017_realistic_v9-v1/30000/CBE26CDF-9BD0-1245-90BF-B1AAC24CE85D.root
%MSG-w XrdAdaptorInternal:  file_open 11-Jun-2024 13:06:34 CEST PostProcessEvent
Failed to open file at URL root://eoscms.cern.ch:1094//eos/cms/store/mc/RunIISummer20UL17MiniAODv2/QCD_Pt_2400to3200_TuneCP5_13TeV_pythia8/MINIAODSIM/106X_mc2017_realistic_v9-v1/30000/CBE26CDF-9BD0-1245-90BF-B1AAC24CE85D.root.
%MSG
%MSG-w XrdAdaptorInternal:  file_open 11-Jun-2024 13:06:34 CEST PostProcessEvent
Failed to open file at URL root://eoscms.cern.ch:1094//eos/cms/store/mc/RunIISummer20UL17MiniAODv2/QCD_Pt_2400to3200_TuneCP5_13TeV_pythia8/MINIAODSIM/106X_mc2017_realistic_v9-v1/30000/CBE26CDF-9BD0-1245-90BF-B1AAC24CE85D.root?tried=.
%MSG
11-Jun-2024 13:06:34 CEST  Fallback request to file root://xrootd-cms.infn.it//store/mc/RunIISummer20UL17MiniAODv2/QCD_Pt_2400to3200_TuneCP5_13TeV_pythia8/MINIAODSIM/106X_mc2017_realistic_v9-v1/30000/CBE26CDF-9BD0-1245-90BF-B1AAC24CE85D.root
%MSG-w XrdAdaptor:  file_open 11-Jun-2024 13:06:47 CEST PostProcessEvent
Data is served from fnal.gov instead of original site T2_IT_Pisa
%MSG
11-Jun-2024 13:06:47 CEST  Successfully opened file root://xrootd-cms.infn.it//store/mc/RunIISummer20UL17MiniAODv2/QCD_Pt_2400to3200_TuneCP5_13TeV_pythia8/MINIAODSIM/106X_mc2017_realistic_v9-v1/30000/CBE26CDF-9BD0-1245-90BF-B1AAC24CE85D.root
Begin processing the 800001st record. Run 1, Event 1946003, LumiSection 1947 on stream 0 at 11-Jun-2024 13:06:51.862 CEST
11-Jun-2024 13:06:52 CEST  Closed file root://xrootd-cms.infn.it//store/mc/RunIISummer20UL17MiniAODv2/QCD_Pt_2400to3200_TuneCP5_13TeV_pythia8/MINIAODSIM/106X_mc2017_realistic_v9-v1/30000/CBE26CDF-9BD0-1245-90BF-B1AAC24CE85D.root
11-Jun-2024 13:06:52 CEST  Initiating request to open file root://eoscms.cern.ch//eos/cms/store/mc/RunIISummer20UL17MiniAODv2/QCD_Pt_2400to3200_TuneCP5_13TeV_pythia8/MINIAODSIM/106X_mc2017_realistic_v9-v1/100000/EC31A886-1BC6-8344-B33B-26D7C6BD99F9.root
%MSG-w XrdAdaptorInternal:  file_open 11-Jun-2024 13:06:53 CEST PostProcessEvent
Failed to open file at URL root://eoscms.cern.ch:1094//eos/cms/store/mc/RunIISummer20UL17MiniAODv2/QCD_Pt_2400to3200_TuneCP5_13TeV_pythia8/MINIAODSIM/106X_mc2017_realistic_v9-v1/100000/EC31A886-1BC6-8344-B33B-26D7C6BD99F9.root.
%MSG
%MSG-w XrdAdaptorInternal:  file_open 11-Jun-2024 13:06:53 CEST PostProcessEvent
Failed to open file at URL root://eoscms.cern.ch:1094//eos/cms/store/mc/RunIISummer20UL17MiniAODv2/QCD_Pt_2400to3200_TuneCP5_13TeV_pythia8/MINIAODSIM/106X_mc2017_realistic_v9-v1/100000/EC31A886-1BC6-8344-B33B-26D7C6BD99F9.root?tried=.
%MSG
11-Jun-2024 13:06:53 CEST  Fallback request to file root://xrootd-cms.infn.it//store/mc/RunIISummer20UL17MiniAODv2/QCD_Pt_2400to3200_TuneCP5_13TeV_pythia8/MINIAODSIM/106X_mc2017_realistic_v9-v1/100000/EC31A886-1BC6-8344-B33B-26D7C6BD99F9.root
%MSG-w XrdAdaptor:  file_open 11-Jun-2024 13:07:07 CEST PostProcessEvent
Data is served from T2_US_MIT instead of original site T2_IT_Pisa
%MSG
11-Jun-2024 13:07:07 CEST  Successfully opened file root://xrootd-cms.infn.it//store/mc/RunIISummer20UL17MiniAODv2/QCD_Pt_2400to3200_TuneCP5_13TeV_pythia8/MINIAODSIM/106X_mc2017_realistic_v9-v1/100000/EC31A886-1BC6-8344-B33B-26D7C6BD99F9.root
11-Jun-2024 13:07:14 CEST  Closed file root://xrootd-cms.infn.it//store/mc/RunIISummer20UL17MiniAODv2/QCD_Pt_2400to3200_TuneCP5_13TeV_pythia8/MINIAODSIM/106X_mc2017_realistic_v9-v1/100000/EC31A886-1BC6-8344-B33B-26D7C6BD99F9.root
11-Jun-2024 13:07:14 CEST  Initiating request to open file root://eoscms.cern.ch//eos/cms/store/mc/RunIISummer20UL17MiniAODv2/QCD_Pt_2400to3200_TuneCP5_13TeV_pythia8/MINIAODSIM/106X_mc2017_realistic_v9-v1/100000/7202F902-3CAA-9A48-B91D-AE5E4734977F.root
%MSG-w XrdAdaptorInternal:  file_open 11-Jun-2024 13:07:15 CEST PostProcessEvent
Failed to open file at URL root://eoscms.cern.ch:1094//eos/cms/store/mc/RunIISummer20UL17MiniAODv2/QCD_Pt_2400to3200_TuneCP5_13TeV_pythia8/MINIAODSIM/106X_mc2017_realistic_v9-v1/100000/7202F902-3CAA-9A48-B91D-AE5E4734977F.root.
%MSG
%MSG-w XrdAdaptorInternal:  file_open 11-Jun-2024 13:07:15 CEST PostProcessEvent
Failed to open file at URL root://eoscms.cern.ch:1094//eos/cms/store/mc/RunIISummer20UL17MiniAODv2/QCD_Pt_2400to3200_TuneCP5_13TeV_pythia8/MINIAODSIM/106X_mc2017_realistic_v9-v1/100000/7202F902-3CAA-9A48-B91D-AE5E4734977F.root?tried=.
%MSG
11-Jun-2024 13:07:15 CEST  Fallback request to file root://xrootd-cms.infn.it//store/mc/RunIISummer20UL17MiniAODv2/QCD_Pt_2400to3200_TuneCP5_13TeV_pythia8/MINIAODSIM/106X_mc2017_realistic_v9-v1/100000/7202F902-3CAA-9A48-B91D-AE5E4734977F.root
%MSG-w XrdAdaptor:  file_open 11-Jun-2024 13:07:29 CEST PostProcessEvent
Data is served from T2_US_MIT instead of original site T2_IT_Pisa
%MSG
11-Jun-2024 13:07:29 CEST  Successfully opened file root://xrootd-cms.infn.it//store/mc/RunIISummer20UL17MiniAODv2/QCD_Pt_2400to3200_TuneCP5_13TeV_pythia8/MINIAODSIM/106X_mc2017_realistic_v9-v1/100000/7202F902-3CAA-9A48-B91D-AE5E4734977F.root
Begin processing the 900001st record. Run 1, Event 879011, LumiSection 880 on stream 0 at 11-Jun-2024 13:07:43.082 CEST
11-Jun-2024 13:07:44 CEST  Closed file root://xrootd-cms.infn.it//store/mc/RunIISummer20UL17MiniAODv2/QCD_Pt_2400to3200_TuneCP5_13TeV_pythia8/MINIAODSIM/106X_mc2017_realistic_v9-v1/100000/7202F902-3CAA-9A48-B91D-AE5E4734977F.root
11-Jun-2024 13:07:44 CEST  Initiating request to open file root://eoscms.cern.ch//eos/cms/store/mc/RunIISummer20UL17MiniAODv2/QCD_Pt_2400to3200_TuneCP5_13TeV_pythia8/MINIAODSIM/106X_mc2017_realistic_v9-v1/100000/93C5E6EF-9715-9A4C-AB3C-98BF9754E215.root
%MSG-w XrdAdaptorInternal:  file_open 11-Jun-2024 13:07:45 CEST PostProcessEvent
Failed to open file at URL root://eoscms.cern.ch:1094//eos/cms/store/mc/RunIISummer20UL17MiniAODv2/QCD_Pt_2400to3200_TuneCP5_13TeV_pythia8/MINIAODSIM/106X_mc2017_realistic_v9-v1/100000/93C5E6EF-9715-9A4C-AB3C-98BF9754E215.root.
%MSG
%MSG-w XrdAdaptorInternal:  file_open 11-Jun-2024 13:07:45 CEST PostProcessEvent
Failed to open file at URL root://eoscms.cern.ch:1094//eos/cms/store/mc/RunIISummer20UL17MiniAODv2/QCD_Pt_2400to3200_TuneCP5_13TeV_pythia8/MINIAODSIM/106X_mc2017_realistic_v9-v1/100000/93C5E6EF-9715-9A4C-AB3C-98BF9754E215.root?tried=.
%MSG
11-Jun-2024 13:07:45 CEST  Fallback request to file root://xrootd-cms.infn.it//store/mc/RunIISummer20UL17MiniAODv2/QCD_Pt_2400to3200_TuneCP5_13TeV_pythia8/MINIAODSIM/106X_mc2017_realistic_v9-v1/100000/93C5E6EF-9715-9A4C-AB3C-98BF9754E215.root
%MSG-w XrdAdaptor:  file_open 11-Jun-2024 13:07:58 CEST PostProcessEvent
Data is served from T2_US_MIT instead of original site T2_IT_Pisa
%MSG
11-Jun-2024 13:07:58 CEST  Successfully opened file root://xrootd-cms.infn.it//store/mc/RunIISummer20UL17MiniAODv2/QCD_Pt_2400to3200_TuneCP5_13TeV_pythia8/MINIAODSIM/106X_mc2017_realistic_v9-v1/100000/93C5E6EF-9715-9A4C-AB3C-98BF9754E215.root
11-Jun-2024 13:08:02 CEST  Closed file root://xrootd-cms.infn.it//store/mc/RunIISummer20UL17MiniAODv2/QCD_Pt_2400to3200_TuneCP5_13TeV_pythia8/MINIAODSIM/106X_mc2017_realistic_v9-v1/100000/93C5E6EF-9715-9A4C-AB3C-98BF9754E215.root
11-Jun-2024 13:08:02 CEST  Initiating request to open file root://eoscms.cern.ch//eos/cms/store/mc/RunIISummer20UL17MiniAODv2/QCD_Pt_2400to3200_TuneCP5_13TeV_pythia8/MINIAODSIM/106X_mc2017_realistic_v9-v1/230000/0996553D-603C-A34B-9866-F65AD41761EF.root
%MSG-w XrdAdaptorInternal:  file_open 11-Jun-2024 13:08:03 CEST PostProcessEvent
Failed to open file at URL root://eoscms.cern.ch:1094//eos/cms/store/mc/RunIISummer20UL17MiniAODv2/QCD_Pt_2400to3200_TuneCP5_13TeV_pythia8/MINIAODSIM/106X_mc2017_realistic_v9-v1/230000/0996553D-603C-A34B-9866-F65AD41761EF.root.
%MSG
%MSG-w XrdAdaptorInternal:  file_open 11-Jun-2024 13:08:03 CEST PostProcessEvent
Failed to open file at URL root://eoscms.cern.ch:1094//eos/cms/store/mc/RunIISummer20UL17MiniAODv2/QCD_Pt_2400to3200_TuneCP5_13TeV_pythia8/MINIAODSIM/106X_mc2017_realistic_v9-v1/230000/0996553D-603C-A34B-9866-F65AD41761EF.root?tried=.
%MSG
11-Jun-2024 13:08:03 CEST  Fallback request to file root://xrootd-cms.infn.it//store/mc/RunIISummer20UL17MiniAODv2/QCD_Pt_2400to3200_TuneCP5_13TeV_pythia8/MINIAODSIM/106X_mc2017_realistic_v9-v1/230000/0996553D-603C-A34B-9866-F65AD41761EF.root
%MSG-w XrdAdaptor:  file_open 11-Jun-2024 13:08:16 CEST PostProcessEvent
Data is served from fnal.gov instead of original site T2_IT_Pisa
%MSG
11-Jun-2024 13:08:16 CEST  Successfully opened file root://xrootd-cms.infn.it//store/mc/RunIISummer20UL17MiniAODv2/QCD_Pt_2400to3200_TuneCP5_13TeV_pythia8/MINIAODSIM/106X_mc2017_realistic_v9-v1/230000/0996553D-603C-A34B-9866-F65AD41761EF.root
11-Jun-2024 13:08:24 CEST  Closed file root://xrootd-cms.infn.it//store/mc/RunIISummer20UL17MiniAODv2/QCD_Pt_2400to3200_TuneCP5_13TeV_pythia8/MINIAODSIM/106X_mc2017_realistic_v9-v1/230000/0996553D-603C-A34B-9866-F65AD41761EF.root
11-Jun-2024 13:08:24 CEST  Initiating request to open file root://eoscms.cern.ch//eos/cms/store/mc/RunIISummer20UL17MiniAODv2/QCD_Pt_2400to3200_TuneCP5_13TeV_pythia8/MINIAODSIM/106X_mc2017_realistic_v9-v1/230000/2E9FC514-A49C-714A-9795-1D4DCCF5144C.root
%MSG-w XrdAdaptorInternal:  file_open 11-Jun-2024 13:08:25 CEST PostProcessEvent
Failed to open file at URL root://eoscms.cern.ch:1094//eos/cms/store/mc/RunIISummer20UL17MiniAODv2/QCD_Pt_2400to3200_TuneCP5_13TeV_pythia8/MINIAODSIM/106X_mc2017_realistic_v9-v1/230000/2E9FC514-A49C-714A-9795-1D4DCCF5144C.root.
%MSG
%MSG-w XrdAdaptorInternal:  file_open 11-Jun-2024 13:08:25 CEST PostProcessEvent
Failed to open file at URL root://eoscms.cern.ch:1094//eos/cms/store/mc/RunIISummer20UL17MiniAODv2/QCD_Pt_2400to3200_TuneCP5_13TeV_pythia8/MINIAODSIM/106X_mc2017_realistic_v9-v1/230000/2E9FC514-A49C-714A-9795-1D4DCCF5144C.root?tried=.
%MSG
11-Jun-2024 13:08:25 CEST  Fallback request to file root://xrootd-cms.infn.it//store/mc/RunIISummer20UL17MiniAODv2/QCD_Pt_2400to3200_TuneCP5_13TeV_pythia8/MINIAODSIM/106X_mc2017_realistic_v9-v1/230000/2E9FC514-A49C-714A-9795-1D4DCCF5144C.root
%MSG-w XrdAdaptor:  file_open 11-Jun-2024 13:08:38 CEST PostProcessEvent
Data is served from fnal.gov instead of original site T2_IT_Pisa
%MSG
11-Jun-2024 13:08:38 CEST  Successfully opened file root://xrootd-cms.infn.it//store/mc/RunIISummer20UL17MiniAODv2/QCD_Pt_2400to3200_TuneCP5_13TeV_pythia8/MINIAODSIM/106X_mc2017_realistic_v9-v1/230000/2E9FC514-A49C-714A-9795-1D4DCCF5144C.root
11-Jun-2024 13:08:43 CEST  Closed file root://xrootd-cms.infn.it//store/mc/RunIISummer20UL17MiniAODv2/QCD_Pt_2400to3200_TuneCP5_13TeV_pythia8/MINIAODSIM/106X_mc2017_realistic_v9-v1/230000/2E9FC514-A49C-714A-9795-1D4DCCF5144C.root
11-Jun-2024 13:08:43 CEST  Initiating request to open file root://eoscms.cern.ch//eos/cms/store/mc/RunIISummer20UL17MiniAODv2/QCD_Pt_2400to3200_TuneCP5_13TeV_pythia8/MINIAODSIM/106X_mc2017_realistic_v9-v1/30000/A5DF65A5-89F5-D64A-B24A-E0F44D646D54.root
%MSG-w XrdAdaptorInternal:  file_open 11-Jun-2024 13:08:44 CEST PostProcessEvent
Failed to open file at URL root://eoscms.cern.ch:1094//eos/cms/store/mc/RunIISummer20UL17MiniAODv2/QCD_Pt_2400to3200_TuneCP5_13TeV_pythia8/MINIAODSIM/106X_mc2017_realistic_v9-v1/30000/A5DF65A5-89F5-D64A-B24A-E0F44D646D54.root.
%MSG
%MSG-w XrdAdaptorInternal:  file_open 11-Jun-2024 13:08:44 CEST PostProcessEvent
Failed to open file at URL root://eoscms.cern.ch:1094//eos/cms/store/mc/RunIISummer20UL17MiniAODv2/QCD_Pt_2400to3200_TuneCP5_13TeV_pythia8/MINIAODSIM/106X_mc2017_realistic_v9-v1/30000/A5DF65A5-89F5-D64A-B24A-E0F44D646D54.root?tried=.
%MSG
11-Jun-2024 13:08:44 CEST  Fallback request to file root://xrootd-cms.infn.it//store/mc/RunIISummer20UL17MiniAODv2/QCD_Pt_2400to3200_TuneCP5_13TeV_pythia8/MINIAODSIM/106X_mc2017_realistic_v9-v1/30000/A5DF65A5-89F5-D64A-B24A-E0F44D646D54.root
%MSG-w XrdAdaptor:  file_open 11-Jun-2024 13:08:57 CEST PostProcessEvent
Data is served from fnal.gov instead of original site T2_IT_Pisa
%MSG
11-Jun-2024 13:08:57 CEST  Successfully opened file root://xrootd-cms.infn.it//store/mc/RunIISummer20UL17MiniAODv2/QCD_Pt_2400to3200_TuneCP5_13TeV_pythia8/MINIAODSIM/106X_mc2017_realistic_v9-v1/30000/A5DF65A5-89F5-D64A-B24A-E0F44D646D54.root
11-Jun-2024 13:09:05 CEST  Closed file root://xrootd-cms.infn.it//store/mc/RunIISummer20UL17MiniAODv2/QCD_Pt_2400to3200_TuneCP5_13TeV_pythia8/MINIAODSIM/106X_mc2017_realistic_v9-v1/30000/A5DF65A5-89F5-D64A-B24A-E0F44D646D54.root

------------------------------------
GenXsecAnalyzer:
------------------------------------
Before Filter: total cross section = 5.237e-03 +- 2.621e-06 pb
Filter efficiency (taking into account weights)= (1e+06) / (1e+06) = 1.000e+00 +- 0.000e+00
Filter efficiency (event-level)= (1e+06) / (1e+06) = 1.000e+00 +- 0.000e+00    [TO BE USED IN MCM]

After filter: final cross section = 5.237e-03 +- 2.621e-06 pb
After filter: final fraction of events with negative weights = 0.000e+00 +- 0.000e+00
After filter: final equivalent lumi for 1M events (1/fb) = 1.909e+05 +- 2.135e+02

=============================================

MessageLogger Summary

 type     category        sev    module        subroutine        count    total
 ---- -------------------- -- ---------------- ----------------  -----    -----
    1 GenXSecAnalyzer      -w GenXSecAnalyzer:                       7        7
    2 XrdAdaptor           -w file_open                             22       22
    3 XrdAdaptorInternal   -w file_open                             44       44
    4 fileAction           -s file_close                            22       22
    5 fileAction           -s file_open                             66       66

 type    category    Examples: run/evt        run/evt          run/evt
 ---- -------------------- ---------------- ---------------- ----------------
    1 GenXSecAnalyzer      PostGlobalEndRun PostGlobalEndRun PostGlobalEndRun
    2 XrdAdaptor           pre-events       PostProcessEvent PostProcessEvent
    3 XrdAdaptorInternal   pre-events       pre-events       PostProcessEvent
    4 fileAction           PostProcessEvent PostProcessEvent PostGlobalEndRun
    5 fileAction           pre-events       pre-events       PostProcessEvent

Severity    # Occurrences   Total Occurrences
--------    -------------   -----------------
Warning                73                  73
System                 88                  88

dropped waiting message count 0
