11-Jun-2024 12:35:24 CEST  Initiating request to open file root://eoscms.cern.ch//eos/cms/store/mc/RunIISummer20UL17MiniAODv2/QCD_HT1500to2000_TuneCP5_PSWeights_13TeV-madgraph-pythia8/MINIAODSIM/106X_mc2017_realistic_v9-v1/280000/D2F57943-099E-E14C-ACCD-1995AF96ABD6.root
%MSG-w XrdAdaptorInternal:  file_open 11-Jun-2024 12:35:25 CEST pre-events
Failed to open file at URL root://eoscms.cern.ch:1094//eos/cms/store/mc/RunIISummer20UL17MiniAODv2/QCD_HT1500to2000_TuneCP5_PSWeights_13TeV-madgraph-pythia8/MINIAODSIM/106X_mc2017_realistic_v9-v1/280000/D2F57943-099E-E14C-ACCD-1995AF96ABD6.root.
%MSG
%MSG-w XrdAdaptorInternal:  file_open 11-Jun-2024 12:35:25 CEST pre-events
Failed to open file at URL root://eoscms.cern.ch:1094//eos/cms/store/mc/RunIISummer20UL17MiniAODv2/QCD_HT1500to2000_TuneCP5_PSWeights_13TeV-madgraph-pythia8/MINIAODSIM/106X_mc2017_realistic_v9-v1/280000/D2F57943-099E-E14C-ACCD-1995AF96ABD6.root?tried=.
%MSG
11-Jun-2024 12:35:25 CEST  Fallback request to file root://xrootd-cms.infn.it//store/mc/RunIISummer20UL17MiniAODv2/QCD_HT1500to2000_TuneCP5_PSWeights_13TeV-madgraph-pythia8/MINIAODSIM/106X_mc2017_realistic_v9-v1/280000/D2F57943-099E-E14C-ACCD-1995AF96ABD6.root
%MSG-w XrdAdaptor:  file_open 11-Jun-2024 12:35:37 CEST pre-events
Data is served from T2_US_MIT instead of original site T2_IT_Pisa
%MSG
11-Jun-2024 12:35:45 CEST  Successfully opened file root://xrootd-cms.infn.it//store/mc/RunIISummer20UL17MiniAODv2/QCD_HT1500to2000_TuneCP5_PSWeights_13TeV-madgraph-pythia8/MINIAODSIM/106X_mc2017_realistic_v9-v1/280000/D2F57943-099E-E14C-ACCD-1995AF96ABD6.root
Begin processing the 1st record. Run 1, Event 88137535, LumiSection 7052 on stream 0 at 11-Jun-2024 12:35:53.119 CEST
11-Jun-2024 12:35:58 CEST  Closed file root://xrootd-cms.infn.it//store/mc/RunIISummer20UL17MiniAODv2/QCD_HT1500to2000_TuneCP5_PSWeights_13TeV-madgraph-pythia8/MINIAODSIM/106X_mc2017_realistic_v9-v1/280000/D2F57943-099E-E14C-ACCD-1995AF96ABD6.root
11-Jun-2024 12:35:58 CEST  Initiating request to open file root://eoscms.cern.ch//eos/cms/store/mc/RunIISummer20UL17MiniAODv2/QCD_HT1500to2000_TuneCP5_PSWeights_13TeV-madgraph-pythia8/MINIAODSIM/106X_mc2017_realistic_v9-v1/120000/CEF2380D-AE36-2944-86DC-47A4A41DB66A.root
%MSG-w XrdAdaptorInternal:  file_open 11-Jun-2024 12:35:59 CEST PostProcessEvent
Failed to open file at URL root://eoscms.cern.ch:1094//eos/cms/store/mc/RunIISummer20UL17MiniAODv2/QCD_HT1500to2000_TuneCP5_PSWeights_13TeV-madgraph-pythia8/MINIAODSIM/106X_mc2017_realistic_v9-v1/120000/CEF2380D-AE36-2944-86DC-47A4A41DB66A.root.
%MSG
%MSG-w XrdAdaptorInternal:  file_open 11-Jun-2024 12:35:59 CEST PostProcessEvent
Failed to open file at URL root://eoscms.cern.ch:1094//eos/cms/store/mc/RunIISummer20UL17MiniAODv2/QCD_HT1500to2000_TuneCP5_PSWeights_13TeV-madgraph-pythia8/MINIAODSIM/106X_mc2017_realistic_v9-v1/120000/CEF2380D-AE36-2944-86DC-47A4A41DB66A.root?tried=.
%MSG
11-Jun-2024 12:35:59 CEST  Fallback request to file root://xrootd-cms.infn.it//store/mc/RunIISummer20UL17MiniAODv2/QCD_HT1500to2000_TuneCP5_PSWeights_13TeV-madgraph-pythia8/MINIAODSIM/106X_mc2017_realistic_v9-v1/120000/CEF2380D-AE36-2944-86DC-47A4A41DB66A.root
%MSG-w XrdAdaptor:  file_open 11-Jun-2024 12:36:13 CEST PostProcessEvent
Data is served from T2_US_Nebraska instead of original site T2_IT_Pisa
%MSG
11-Jun-2024 12:36:14 CEST  Successfully opened file root://xrootd-cms.infn.it//store/mc/RunIISummer20UL17MiniAODv2/QCD_HT1500to2000_TuneCP5_PSWeights_13TeV-madgraph-pythia8/MINIAODSIM/106X_mc2017_realistic_v9-v1/120000/CEF2380D-AE36-2944-86DC-47A4A41DB66A.root
Begin processing the 100001st record. Run 1, Event 100161593, LumiSection 8013 on stream 0 at 11-Jun-2024 12:36:20.908 CEST
11-Jun-2024 12:36:21 CEST  Closed file root://xrootd-cms.infn.it//store/mc/RunIISummer20UL17MiniAODv2/QCD_HT1500to2000_TuneCP5_PSWeights_13TeV-madgraph-pythia8/MINIAODSIM/106X_mc2017_realistic_v9-v1/120000/CEF2380D-AE36-2944-86DC-47A4A41DB66A.root
11-Jun-2024 12:36:21 CEST  Initiating request to open file root://eoscms.cern.ch//eos/cms/store/mc/RunIISummer20UL17MiniAODv2/QCD_HT1500to2000_TuneCP5_PSWeights_13TeV-madgraph-pythia8/MINIAODSIM/106X_mc2017_realistic_v9-v1/280000/9BEBBF74-6E80-7F42-9EEF-4264BD9BB75F.root
%MSG-w XrdAdaptorInternal:  file_open 11-Jun-2024 12:36:22 CEST PostProcessEvent
Failed to open file at URL root://eoscms.cern.ch:1094//eos/cms/store/mc/RunIISummer20UL17MiniAODv2/QCD_HT1500to2000_TuneCP5_PSWeights_13TeV-madgraph-pythia8/MINIAODSIM/106X_mc2017_realistic_v9-v1/280000/9BEBBF74-6E80-7F42-9EEF-4264BD9BB75F.root.
%MSG
%MSG-w XrdAdaptorInternal:  file_open 11-Jun-2024 12:36:22 CEST PostProcessEvent
Failed to open file at URL root://eoscms.cern.ch:1094//eos/cms/store/mc/RunIISummer20UL17MiniAODv2/QCD_HT1500to2000_TuneCP5_PSWeights_13TeV-madgraph-pythia8/MINIAODSIM/106X_mc2017_realistic_v9-v1/280000/9BEBBF74-6E80-7F42-9EEF-4264BD9BB75F.root?tried=.
%MSG
11-Jun-2024 12:36:22 CEST  Fallback request to file root://xrootd-cms.infn.it//store/mc/RunIISummer20UL17MiniAODv2/QCD_HT1500to2000_TuneCP5_PSWeights_13TeV-madgraph-pythia8/MINIAODSIM/106X_mc2017_realistic_v9-v1/280000/9BEBBF74-6E80-7F42-9EEF-4264BD9BB75F.root
Unable to load sec.protocol plugin libXrdSecztn.so
%MSG-w XrdAdaptor:  file_open 11-Jun-2024 12:36:37 CEST PostProcessEvent
Data is served from fnal.gov instead of original site T2_IT_Pisa
%MSG
11-Jun-2024 12:36:38 CEST  Successfully opened file root://xrootd-cms.infn.it//store/mc/RunIISummer20UL17MiniAODv2/QCD_HT1500to2000_TuneCP5_PSWeights_13TeV-madgraph-pythia8/MINIAODSIM/106X_mc2017_realistic_v9-v1/280000/9BEBBF74-6E80-7F42-9EEF-4264BD9BB75F.root
Unable to load sec.protocol plugin libXrdSecztn.so
11-Jun-2024 12:36:46 CEST  Closed file root://xrootd-cms.infn.it//store/mc/RunIISummer20UL17MiniAODv2/QCD_HT1500to2000_TuneCP5_PSWeights_13TeV-madgraph-pythia8/MINIAODSIM/106X_mc2017_realistic_v9-v1/280000/9BEBBF74-6E80-7F42-9EEF-4264BD9BB75F.root
11-Jun-2024 12:36:46 CEST  Initiating request to open file root://eoscms.cern.ch//eos/cms/store/mc/RunIISummer20UL17MiniAODv2/QCD_HT1500to2000_TuneCP5_PSWeights_13TeV-madgraph-pythia8/MINIAODSIM/106X_mc2017_realistic_v9-v1/280000/721C36EF-C766-904B-96D9-5FE1EBCE4527.root
%MSG-w XrdAdaptorInternal:  file_open 11-Jun-2024 12:36:47 CEST PostProcessEvent
Failed to open file at URL root://eoscms.cern.ch:1094//eos/cms/store/mc/RunIISummer20UL17MiniAODv2/QCD_HT1500to2000_TuneCP5_PSWeights_13TeV-madgraph-pythia8/MINIAODSIM/106X_mc2017_realistic_v9-v1/280000/721C36EF-C766-904B-96D9-5FE1EBCE4527.root.
%MSG
%MSG-w XrdAdaptorInternal:  file_open 11-Jun-2024 12:36:47 CEST PostProcessEvent
Failed to open file at URL root://eoscms.cern.ch:1094//eos/cms/store/mc/RunIISummer20UL17MiniAODv2/QCD_HT1500to2000_TuneCP5_PSWeights_13TeV-madgraph-pythia8/MINIAODSIM/106X_mc2017_realistic_v9-v1/280000/721C36EF-C766-904B-96D9-5FE1EBCE4527.root?tried=.
%MSG
11-Jun-2024 12:36:47 CEST  Fallback request to file root://xrootd-cms.infn.it//store/mc/RunIISummer20UL17MiniAODv2/QCD_HT1500to2000_TuneCP5_PSWeights_13TeV-madgraph-pythia8/MINIAODSIM/106X_mc2017_realistic_v9-v1/280000/721C36EF-C766-904B-96D9-5FE1EBCE4527.root
%MSG-w XrdAdaptor:  file_open 11-Jun-2024 12:36:59 CEST PostProcessEvent
Data is served from fnal.gov instead of original site T2_IT_Pisa
%MSG
11-Jun-2024 12:37:00 CEST  Successfully opened file root://xrootd-cms.infn.it//store/mc/RunIISummer20UL17MiniAODv2/QCD_HT1500to2000_TuneCP5_PSWeights_13TeV-madgraph-pythia8/MINIAODSIM/106X_mc2017_realistic_v9-v1/280000/721C36EF-C766-904B-96D9-5FE1EBCE4527.root
Unable to load sec.protocol plugin libXrdSecztn.so
11-Jun-2024 12:37:07 CEST  Closed file root://xrootd-cms.infn.it//store/mc/RunIISummer20UL17MiniAODv2/QCD_HT1500to2000_TuneCP5_PSWeights_13TeV-madgraph-pythia8/MINIAODSIM/106X_mc2017_realistic_v9-v1/280000/721C36EF-C766-904B-96D9-5FE1EBCE4527.root
11-Jun-2024 12:37:07 CEST  Initiating request to open file root://eoscms.cern.ch//eos/cms/store/mc/RunIISummer20UL17MiniAODv2/QCD_HT1500to2000_TuneCP5_PSWeights_13TeV-madgraph-pythia8/MINIAODSIM/106X_mc2017_realistic_v9-v1/280000/3E2A3337-121C-B146-AC2D-94709F15EA81.root
%MSG-w XrdAdaptorInternal:  file_open 11-Jun-2024 12:37:08 CEST PostProcessEvent
Failed to open file at URL root://eoscms.cern.ch:1094//eos/cms/store/mc/RunIISummer20UL17MiniAODv2/QCD_HT1500to2000_TuneCP5_PSWeights_13TeV-madgraph-pythia8/MINIAODSIM/106X_mc2017_realistic_v9-v1/280000/3E2A3337-121C-B146-AC2D-94709F15EA81.root.
%MSG
%MSG-w XrdAdaptorInternal:  file_open 11-Jun-2024 12:37:08 CEST PostProcessEvent
Failed to open file at URL root://eoscms.cern.ch:1094//eos/cms/store/mc/RunIISummer20UL17MiniAODv2/QCD_HT1500to2000_TuneCP5_PSWeights_13TeV-madgraph-pythia8/MINIAODSIM/106X_mc2017_realistic_v9-v1/280000/3E2A3337-121C-B146-AC2D-94709F15EA81.root?tried=.
%MSG
11-Jun-2024 12:37:08 CEST  Fallback request to file root://xrootd-cms.infn.it//store/mc/RunIISummer20UL17MiniAODv2/QCD_HT1500to2000_TuneCP5_PSWeights_13TeV-madgraph-pythia8/MINIAODSIM/106X_mc2017_realistic_v9-v1/280000/3E2A3337-121C-B146-AC2D-94709F15EA81.root
%MSG-w XrdAdaptor:  file_open 11-Jun-2024 12:37:21 CEST PostProcessEvent
Data is served from fnal.gov instead of original site T2_IT_Pisa
%MSG
11-Jun-2024 12:37:21 CEST  Successfully opened file root://xrootd-cms.infn.it//store/mc/RunIISummer20UL17MiniAODv2/QCD_HT1500to2000_TuneCP5_PSWeights_13TeV-madgraph-pythia8/MINIAODSIM/106X_mc2017_realistic_v9-v1/280000/3E2A3337-121C-B146-AC2D-94709F15EA81.root
Begin processing the 200001st record. Run 1, Event 1922526, LumiSection 154 on stream 0 at 11-Jun-2024 12:37:29.107 CEST
11-Jun-2024 12:37:30 CEST  Closed file root://xrootd-cms.infn.it//store/mc/RunIISummer20UL17MiniAODv2/QCD_HT1500to2000_TuneCP5_PSWeights_13TeV-madgraph-pythia8/MINIAODSIM/106X_mc2017_realistic_v9-v1/280000/3E2A3337-121C-B146-AC2D-94709F15EA81.root
11-Jun-2024 12:37:30 CEST  Initiating request to open file root://eoscms.cern.ch//eos/cms/store/mc/RunIISummer20UL17MiniAODv2/QCD_HT1500to2000_TuneCP5_PSWeights_13TeV-madgraph-pythia8/MINIAODSIM/106X_mc2017_realistic_v9-v1/280000/14CBBCDE-851D-5146-BB5D-0C24FDAE1122.root
%MSG-w XrdAdaptorInternal:  file_open 11-Jun-2024 12:37:31 CEST PostProcessEvent
Failed to open file at URL root://eoscms.cern.ch:1094//eos/cms/store/mc/RunIISummer20UL17MiniAODv2/QCD_HT1500to2000_TuneCP5_PSWeights_13TeV-madgraph-pythia8/MINIAODSIM/106X_mc2017_realistic_v9-v1/280000/14CBBCDE-851D-5146-BB5D-0C24FDAE1122.root.
%MSG
%MSG-w XrdAdaptorInternal:  file_open 11-Jun-2024 12:37:31 CEST PostProcessEvent
Failed to open file at URL root://eoscms.cern.ch:1094//eos/cms/store/mc/RunIISummer20UL17MiniAODv2/QCD_HT1500to2000_TuneCP5_PSWeights_13TeV-madgraph-pythia8/MINIAODSIM/106X_mc2017_realistic_v9-v1/280000/14CBBCDE-851D-5146-BB5D-0C24FDAE1122.root?tried=.
%MSG
11-Jun-2024 12:37:31 CEST  Fallback request to file root://xrootd-cms.infn.it//store/mc/RunIISummer20UL17MiniAODv2/QCD_HT1500to2000_TuneCP5_PSWeights_13TeV-madgraph-pythia8/MINIAODSIM/106X_mc2017_realistic_v9-v1/280000/14CBBCDE-851D-5146-BB5D-0C24FDAE1122.root
%MSG-w XrdAdaptor:  file_open 11-Jun-2024 12:37:44 CEST PostProcessEvent
Data is served from fnal.gov instead of original site T2_IT_Pisa
%MSG
11-Jun-2024 12:37:45 CEST  Successfully opened file root://xrootd-cms.infn.it//store/mc/RunIISummer20UL17MiniAODv2/QCD_HT1500to2000_TuneCP5_PSWeights_13TeV-madgraph-pythia8/MINIAODSIM/106X_mc2017_realistic_v9-v1/280000/14CBBCDE-851D-5146-BB5D-0C24FDAE1122.root
11-Jun-2024 12:37:54 CEST  Closed file root://xrootd-cms.infn.it//store/mc/RunIISummer20UL17MiniAODv2/QCD_HT1500to2000_TuneCP5_PSWeights_13TeV-madgraph-pythia8/MINIAODSIM/106X_mc2017_realistic_v9-v1/280000/14CBBCDE-851D-5146-BB5D-0C24FDAE1122.root
11-Jun-2024 12:37:54 CEST  Initiating request to open file root://eoscms.cern.ch//eos/cms/store/mc/RunIISummer20UL17MiniAODv2/QCD_HT1500to2000_TuneCP5_PSWeights_13TeV-madgraph-pythia8/MINIAODSIM/106X_mc2017_realistic_v9-v1/280000/BCF301CF-993C-0B4E-9D5F-339091602AFF.root
%MSG-w XrdAdaptorInternal:  file_open 11-Jun-2024 12:37:55 CEST PostProcessEvent
Failed to open file at URL root://eoscms.cern.ch:1094//eos/cms/store/mc/RunIISummer20UL17MiniAODv2/QCD_HT1500to2000_TuneCP5_PSWeights_13TeV-madgraph-pythia8/MINIAODSIM/106X_mc2017_realistic_v9-v1/280000/BCF301CF-993C-0B4E-9D5F-339091602AFF.root.
%MSG
%MSG-w XrdAdaptorInternal:  file_open 11-Jun-2024 12:37:55 CEST PostProcessEvent
Failed to open file at URL root://eoscms.cern.ch:1094//eos/cms/store/mc/RunIISummer20UL17MiniAODv2/QCD_HT1500to2000_TuneCP5_PSWeights_13TeV-madgraph-pythia8/MINIAODSIM/106X_mc2017_realistic_v9-v1/280000/BCF301CF-993C-0B4E-9D5F-339091602AFF.root?tried=.
%MSG
11-Jun-2024 12:37:55 CEST  Fallback request to file root://xrootd-cms.infn.it//store/mc/RunIISummer20UL17MiniAODv2/QCD_HT1500to2000_TuneCP5_PSWeights_13TeV-madgraph-pythia8/MINIAODSIM/106X_mc2017_realistic_v9-v1/280000/BCF301CF-993C-0B4E-9D5F-339091602AFF.root
%MSG-w XrdAdaptor:  file_open 11-Jun-2024 12:38:08 CEST PostProcessEvent
Data is served from fnal.gov instead of original site T2_IT_Pisa
%MSG
11-Jun-2024 12:38:09 CEST  Successfully opened file root://xrootd-cms.infn.it//store/mc/RunIISummer20UL17MiniAODv2/QCD_HT1500to2000_TuneCP5_PSWeights_13TeV-madgraph-pythia8/MINIAODSIM/106X_mc2017_realistic_v9-v1/280000/BCF301CF-993C-0B4E-9D5F-339091602AFF.root
11-Jun-2024 12:38:16 CEST  Closed file root://xrootd-cms.infn.it//store/mc/RunIISummer20UL17MiniAODv2/QCD_HT1500to2000_TuneCP5_PSWeights_13TeV-madgraph-pythia8/MINIAODSIM/106X_mc2017_realistic_v9-v1/280000/BCF301CF-993C-0B4E-9D5F-339091602AFF.root
11-Jun-2024 12:38:16 CEST  Initiating request to open file root://eoscms.cern.ch//eos/cms/store/mc/RunIISummer20UL17MiniAODv2/QCD_HT1500to2000_TuneCP5_PSWeights_13TeV-madgraph-pythia8/MINIAODSIM/106X_mc2017_realistic_v9-v1/270000/09553D2E-7211-3C41-8050-3E8551FE4648.root
%MSG-w XrdAdaptorInternal:  file_open 11-Jun-2024 12:38:17 CEST PostProcessEvent
Failed to open file at URL root://eoscms.cern.ch:1094//eos/cms/store/mc/RunIISummer20UL17MiniAODv2/QCD_HT1500to2000_TuneCP5_PSWeights_13TeV-madgraph-pythia8/MINIAODSIM/106X_mc2017_realistic_v9-v1/270000/09553D2E-7211-3C41-8050-3E8551FE4648.root.
%MSG
%MSG-w XrdAdaptorInternal:  file_open 11-Jun-2024 12:38:17 CEST PostProcessEvent
Failed to open file at URL root://eoscms.cern.ch:1094//eos/cms/store/mc/RunIISummer20UL17MiniAODv2/QCD_HT1500to2000_TuneCP5_PSWeights_13TeV-madgraph-pythia8/MINIAODSIM/106X_mc2017_realistic_v9-v1/270000/09553D2E-7211-3C41-8050-3E8551FE4648.root?tried=.
%MSG
11-Jun-2024 12:38:17 CEST  Fallback request to file root://xrootd-cms.infn.it//store/mc/RunIISummer20UL17MiniAODv2/QCD_HT1500to2000_TuneCP5_PSWeights_13TeV-madgraph-pythia8/MINIAODSIM/106X_mc2017_realistic_v9-v1/270000/09553D2E-7211-3C41-8050-3E8551FE4648.root
%MSG-w XrdAdaptor:  file_open 11-Jun-2024 12:38:29 CEST PostProcessEvent
Data is served from fnal.gov instead of original site T2_IT_Pisa
%MSG
11-Jun-2024 12:38:30 CEST  Successfully opened file root://xrootd-cms.infn.it//store/mc/RunIISummer20UL17MiniAODv2/QCD_HT1500to2000_TuneCP5_PSWeights_13TeV-madgraph-pythia8/MINIAODSIM/106X_mc2017_realistic_v9-v1/270000/09553D2E-7211-3C41-8050-3E8551FE4648.root
Begin processing the 300001st record. Run 1, Event 15092515, LumiSection 1208 on stream 0 at 11-Jun-2024 12:38:35.790 CEST
11-Jun-2024 12:38:36 CEST  Closed file root://xrootd-cms.infn.it//store/mc/RunIISummer20UL17MiniAODv2/QCD_HT1500to2000_TuneCP5_PSWeights_13TeV-madgraph-pythia8/MINIAODSIM/106X_mc2017_realistic_v9-v1/270000/09553D2E-7211-3C41-8050-3E8551FE4648.root
11-Jun-2024 12:38:36 CEST  Initiating request to open file root://eoscms.cern.ch//eos/cms/store/mc/RunIISummer20UL17MiniAODv2/QCD_HT1500to2000_TuneCP5_PSWeights_13TeV-madgraph-pythia8/MINIAODSIM/106X_mc2017_realistic_v9-v1/280000/B146B3C6-0920-6649-8B99-E427B1B447D0.root
%MSG-w XrdAdaptorInternal:  file_open 11-Jun-2024 12:38:37 CEST PostProcessEvent
Failed to open file at URL root://eoscms.cern.ch:1094//eos/cms/store/mc/RunIISummer20UL17MiniAODv2/QCD_HT1500to2000_TuneCP5_PSWeights_13TeV-madgraph-pythia8/MINIAODSIM/106X_mc2017_realistic_v9-v1/280000/B146B3C6-0920-6649-8B99-E427B1B447D0.root.
%MSG
%MSG-w XrdAdaptorInternal:  file_open 11-Jun-2024 12:38:37 CEST PostProcessEvent
Failed to open file at URL root://eoscms.cern.ch:1094//eos/cms/store/mc/RunIISummer20UL17MiniAODv2/QCD_HT1500to2000_TuneCP5_PSWeights_13TeV-madgraph-pythia8/MINIAODSIM/106X_mc2017_realistic_v9-v1/280000/B146B3C6-0920-6649-8B99-E427B1B447D0.root?tried=.
%MSG
11-Jun-2024 12:38:37 CEST  Fallback request to file root://xrootd-cms.infn.it//store/mc/RunIISummer20UL17MiniAODv2/QCD_HT1500to2000_TuneCP5_PSWeights_13TeV-madgraph-pythia8/MINIAODSIM/106X_mc2017_realistic_v9-v1/280000/B146B3C6-0920-6649-8B99-E427B1B447D0.root
%MSG-w XrdAdaptor:  file_open 11-Jun-2024 12:38:49 CEST PostProcessEvent
Data is served from fnal.gov instead of original site T2_IT_Pisa
%MSG
11-Jun-2024 12:38:50 CEST  Successfully opened file root://xrootd-cms.infn.it//store/mc/RunIISummer20UL17MiniAODv2/QCD_HT1500to2000_TuneCP5_PSWeights_13TeV-madgraph-pythia8/MINIAODSIM/106X_mc2017_realistic_v9-v1/280000/B146B3C6-0920-6649-8B99-E427B1B447D0.root
11-Jun-2024 12:38:58 CEST  Closed file root://xrootd-cms.infn.it//store/mc/RunIISummer20UL17MiniAODv2/QCD_HT1500to2000_TuneCP5_PSWeights_13TeV-madgraph-pythia8/MINIAODSIM/106X_mc2017_realistic_v9-v1/280000/B146B3C6-0920-6649-8B99-E427B1B447D0.root
11-Jun-2024 12:38:58 CEST  Initiating request to open file root://eoscms.cern.ch//eos/cms/store/mc/RunIISummer20UL17MiniAODv2/QCD_HT1500to2000_TuneCP5_PSWeights_13TeV-madgraph-pythia8/MINIAODSIM/106X_mc2017_realistic_v9-v1/270000/06A58EDA-1910-1843-8249-59BEB9AABB3C.root
%MSG-w XrdAdaptorInternal:  file_open 11-Jun-2024 12:38:59 CEST PostProcessEvent
Failed to open file at URL root://eoscms.cern.ch:1094//eos/cms/store/mc/RunIISummer20UL17MiniAODv2/QCD_HT1500to2000_TuneCP5_PSWeights_13TeV-madgraph-pythia8/MINIAODSIM/106X_mc2017_realistic_v9-v1/270000/06A58EDA-1910-1843-8249-59BEB9AABB3C.root.
%MSG
%MSG-w XrdAdaptorInternal:  file_open 11-Jun-2024 12:38:59 CEST PostProcessEvent
Failed to open file at URL root://eoscms.cern.ch:1094//eos/cms/store/mc/RunIISummer20UL17MiniAODv2/QCD_HT1500to2000_TuneCP5_PSWeights_13TeV-madgraph-pythia8/MINIAODSIM/106X_mc2017_realistic_v9-v1/270000/06A58EDA-1910-1843-8249-59BEB9AABB3C.root?tried=.
%MSG
11-Jun-2024 12:38:59 CEST  Fallback request to file root://xrootd-cms.infn.it//store/mc/RunIISummer20UL17MiniAODv2/QCD_HT1500to2000_TuneCP5_PSWeights_13TeV-madgraph-pythia8/MINIAODSIM/106X_mc2017_realistic_v9-v1/270000/06A58EDA-1910-1843-8249-59BEB9AABB3C.root
%MSG-w XrdAdaptor:  file_open 11-Jun-2024 12:39:12 CEST PostProcessEvent
Data is served from fnal.gov instead of original site T2_IT_Pisa
%MSG
11-Jun-2024 12:39:13 CEST  Successfully opened file root://xrootd-cms.infn.it//store/mc/RunIISummer20UL17MiniAODv2/QCD_HT1500to2000_TuneCP5_PSWeights_13TeV-madgraph-pythia8/MINIAODSIM/106X_mc2017_realistic_v9-v1/270000/06A58EDA-1910-1843-8249-59BEB9AABB3C.root
Begin processing the 400001st record. Run 1, Event 59268585, LumiSection 4742 on stream 0 at 11-Jun-2024 12:39:22.536 CEST
11-Jun-2024 12:39:23 CEST  Closed file root://xrootd-cms.infn.it//store/mc/RunIISummer20UL17MiniAODv2/QCD_HT1500to2000_TuneCP5_PSWeights_13TeV-madgraph-pythia8/MINIAODSIM/106X_mc2017_realistic_v9-v1/270000/06A58EDA-1910-1843-8249-59BEB9AABB3C.root
11-Jun-2024 12:39:23 CEST  Initiating request to open file root://eoscms.cern.ch//eos/cms/store/mc/RunIISummer20UL17MiniAODv2/QCD_HT1500to2000_TuneCP5_PSWeights_13TeV-madgraph-pythia8/MINIAODSIM/106X_mc2017_realistic_v9-v1/120000/CDE7ABBC-BB45-7441-87D5-872A2FB7A32C.root
%MSG-w XrdAdaptorInternal:  file_open 11-Jun-2024 12:39:24 CEST PostProcessEvent
Failed to open file at URL root://eoscms.cern.ch:1094//eos/cms/store/mc/RunIISummer20UL17MiniAODv2/QCD_HT1500to2000_TuneCP5_PSWeights_13TeV-madgraph-pythia8/MINIAODSIM/106X_mc2017_realistic_v9-v1/120000/CDE7ABBC-BB45-7441-87D5-872A2FB7A32C.root.
%MSG
%MSG-w XrdAdaptorInternal:  file_open 11-Jun-2024 12:39:24 CEST PostProcessEvent
Failed to open file at URL root://eoscms.cern.ch:1094//eos/cms/store/mc/RunIISummer20UL17MiniAODv2/QCD_HT1500to2000_TuneCP5_PSWeights_13TeV-madgraph-pythia8/MINIAODSIM/106X_mc2017_realistic_v9-v1/120000/CDE7ABBC-BB45-7441-87D5-872A2FB7A32C.root?tried=.
%MSG
11-Jun-2024 12:39:24 CEST  Fallback request to file root://xrootd-cms.infn.it//store/mc/RunIISummer20UL17MiniAODv2/QCD_HT1500to2000_TuneCP5_PSWeights_13TeV-madgraph-pythia8/MINIAODSIM/106X_mc2017_realistic_v9-v1/120000/CDE7ABBC-BB45-7441-87D5-872A2FB7A32C.root
%MSG-w XrdAdaptor:  file_open 11-Jun-2024 12:39:36 CEST PostProcessEvent
Data is served from fnal.gov instead of original site T2_IT_Pisa
%MSG
11-Jun-2024 12:39:37 CEST  Successfully opened file root://xrootd-cms.infn.it//store/mc/RunIISummer20UL17MiniAODv2/QCD_HT1500to2000_TuneCP5_PSWeights_13TeV-madgraph-pythia8/MINIAODSIM/106X_mc2017_realistic_v9-v1/120000/CDE7ABBC-BB45-7441-87D5-872A2FB7A32C.root
11-Jun-2024 12:39:47 CEST  Closed file root://xrootd-cms.infn.it//store/mc/RunIISummer20UL17MiniAODv2/QCD_HT1500to2000_TuneCP5_PSWeights_13TeV-madgraph-pythia8/MINIAODSIM/106X_mc2017_realistic_v9-v1/120000/CDE7ABBC-BB45-7441-87D5-872A2FB7A32C.root
11-Jun-2024 12:39:47 CEST  Initiating request to open file root://eoscms.cern.ch//eos/cms/store/mc/RunIISummer20UL17MiniAODv2/QCD_HT1500to2000_TuneCP5_PSWeights_13TeV-madgraph-pythia8/MINIAODSIM/106X_mc2017_realistic_v9-v1/120000/1F5B5AF5-7EDA-8A44-B55A-9BCE13278D19.root
%MSG-w XrdAdaptorInternal:  file_open 11-Jun-2024 12:39:48 CEST PostProcessEvent
Failed to open file at URL root://eoscms.cern.ch:1094//eos/cms/store/mc/RunIISummer20UL17MiniAODv2/QCD_HT1500to2000_TuneCP5_PSWeights_13TeV-madgraph-pythia8/MINIAODSIM/106X_mc2017_realistic_v9-v1/120000/1F5B5AF5-7EDA-8A44-B55A-9BCE13278D19.root.
%MSG
%MSG-w XrdAdaptorInternal:  file_open 11-Jun-2024 12:39:48 CEST PostProcessEvent
Failed to open file at URL root://eoscms.cern.ch:1094//eos/cms/store/mc/RunIISummer20UL17MiniAODv2/QCD_HT1500to2000_TuneCP5_PSWeights_13TeV-madgraph-pythia8/MINIAODSIM/106X_mc2017_realistic_v9-v1/120000/1F5B5AF5-7EDA-8A44-B55A-9BCE13278D19.root?tried=.
%MSG
11-Jun-2024 12:39:48 CEST  Fallback request to file root://xrootd-cms.infn.it//store/mc/RunIISummer20UL17MiniAODv2/QCD_HT1500to2000_TuneCP5_PSWeights_13TeV-madgraph-pythia8/MINIAODSIM/106X_mc2017_realistic_v9-v1/120000/1F5B5AF5-7EDA-8A44-B55A-9BCE13278D19.root
%MSG-w XrdAdaptor:  file_open 11-Jun-2024 12:40:00 CEST PostProcessEvent
Data is served from fnal.gov instead of original site T2_IT_Pisa
%MSG
11-Jun-2024 12:40:01 CEST  Successfully opened file root://xrootd-cms.infn.it//store/mc/RunIISummer20UL17MiniAODv2/QCD_HT1500to2000_TuneCP5_PSWeights_13TeV-madgraph-pythia8/MINIAODSIM/106X_mc2017_realistic_v9-v1/120000/1F5B5AF5-7EDA-8A44-B55A-9BCE13278D19.root
Begin processing the 500001st record. Run 1, Event 104746779, LumiSection 8380 on stream 0 at 11-Jun-2024 12:40:12.040 CEST
11-Jun-2024 12:40:12 CEST  Closed file root://xrootd-cms.infn.it//store/mc/RunIISummer20UL17MiniAODv2/QCD_HT1500to2000_TuneCP5_PSWeights_13TeV-madgraph-pythia8/MINIAODSIM/106X_mc2017_realistic_v9-v1/120000/1F5B5AF5-7EDA-8A44-B55A-9BCE13278D19.root
11-Jun-2024 12:40:12 CEST  Initiating request to open file root://eoscms.cern.ch//eos/cms/store/mc/RunIISummer20UL17MiniAODv2/QCD_HT1500to2000_TuneCP5_PSWeights_13TeV-madgraph-pythia8/MINIAODSIM/106X_mc2017_realistic_v9-v1/120000/FD793ACE-8394-4745-A603-C7511EE40B4A.root
%MSG-w XrdAdaptorInternal:  file_open 11-Jun-2024 12:40:13 CEST PostProcessEvent
Failed to open file at URL root://eoscms.cern.ch:1094//eos/cms/store/mc/RunIISummer20UL17MiniAODv2/QCD_HT1500to2000_TuneCP5_PSWeights_13TeV-madgraph-pythia8/MINIAODSIM/106X_mc2017_realistic_v9-v1/120000/FD793ACE-8394-4745-A603-C7511EE40B4A.root.
%MSG
%MSG-w XrdAdaptorInternal:  file_open 11-Jun-2024 12:40:13 CEST PostProcessEvent
Failed to open file at URL root://eoscms.cern.ch:1094//eos/cms/store/mc/RunIISummer20UL17MiniAODv2/QCD_HT1500to2000_TuneCP5_PSWeights_13TeV-madgraph-pythia8/MINIAODSIM/106X_mc2017_realistic_v9-v1/120000/FD793ACE-8394-4745-A603-C7511EE40B4A.root?tried=.
%MSG
11-Jun-2024 12:40:13 CEST  Fallback request to file root://xrootd-cms.infn.it//store/mc/RunIISummer20UL17MiniAODv2/QCD_HT1500to2000_TuneCP5_PSWeights_13TeV-madgraph-pythia8/MINIAODSIM/106X_mc2017_realistic_v9-v1/120000/FD793ACE-8394-4745-A603-C7511EE40B4A.root
%MSG-w XrdAdaptor:  file_open 11-Jun-2024 12:40:26 CEST PostProcessEvent
Data is served from fnal.gov instead of original site T2_IT_Pisa
%MSG
11-Jun-2024 12:40:27 CEST  Successfully opened file root://xrootd-cms.infn.it//store/mc/RunIISummer20UL17MiniAODv2/QCD_HT1500to2000_TuneCP5_PSWeights_13TeV-madgraph-pythia8/MINIAODSIM/106X_mc2017_realistic_v9-v1/120000/FD793ACE-8394-4745-A603-C7511EE40B4A.root
11-Jun-2024 12:40:31 CEST  Closed file root://xrootd-cms.infn.it//store/mc/RunIISummer20UL17MiniAODv2/QCD_HT1500to2000_TuneCP5_PSWeights_13TeV-madgraph-pythia8/MINIAODSIM/106X_mc2017_realistic_v9-v1/120000/FD793ACE-8394-4745-A603-C7511EE40B4A.root
11-Jun-2024 12:40:31 CEST  Initiating request to open file root://eoscms.cern.ch//eos/cms/store/mc/RunIISummer20UL17MiniAODv2/QCD_HT1500to2000_TuneCP5_PSWeights_13TeV-madgraph-pythia8/MINIAODSIM/106X_mc2017_realistic_v9-v1/270000/44B0D5DA-5B1E-6249-A44C-BF6BC4CD9FEA.root
%MSG-w XrdAdaptorInternal:  file_open 11-Jun-2024 12:40:32 CEST PostProcessEvent
Failed to open file at URL root://eoscms.cern.ch:1094//eos/cms/store/mc/RunIISummer20UL17MiniAODv2/QCD_HT1500to2000_TuneCP5_PSWeights_13TeV-madgraph-pythia8/MINIAODSIM/106X_mc2017_realistic_v9-v1/270000/44B0D5DA-5B1E-6249-A44C-BF6BC4CD9FEA.root.
%MSG
%MSG-w XrdAdaptorInternal:  file_open 11-Jun-2024 12:40:32 CEST PostProcessEvent
Failed to open file at URL root://eoscms.cern.ch:1094//eos/cms/store/mc/RunIISummer20UL17MiniAODv2/QCD_HT1500to2000_TuneCP5_PSWeights_13TeV-madgraph-pythia8/MINIAODSIM/106X_mc2017_realistic_v9-v1/270000/44B0D5DA-5B1E-6249-A44C-BF6BC4CD9FEA.root?tried=.
%MSG
11-Jun-2024 12:40:32 CEST  Fallback request to file root://xrootd-cms.infn.it//store/mc/RunIISummer20UL17MiniAODv2/QCD_HT1500to2000_TuneCP5_PSWeights_13TeV-madgraph-pythia8/MINIAODSIM/106X_mc2017_realistic_v9-v1/270000/44B0D5DA-5B1E-6249-A44C-BF6BC4CD9FEA.root
%MSG-w XrdAdaptor:  file_open 11-Jun-2024 12:40:45 CEST PostProcessEvent
Data is served from fnal.gov instead of original site T2_IT_Pisa
%MSG
11-Jun-2024 12:40:46 CEST  Successfully opened file root://xrootd-cms.infn.it//store/mc/RunIISummer20UL17MiniAODv2/QCD_HT1500to2000_TuneCP5_PSWeights_13TeV-madgraph-pythia8/MINIAODSIM/106X_mc2017_realistic_v9-v1/270000/44B0D5DA-5B1E-6249-A44C-BF6BC4CD9FEA.root
11-Jun-2024 12:40:58 CEST  Closed file root://xrootd-cms.infn.it//store/mc/RunIISummer20UL17MiniAODv2/QCD_HT1500to2000_TuneCP5_PSWeights_13TeV-madgraph-pythia8/MINIAODSIM/106X_mc2017_realistic_v9-v1/270000/44B0D5DA-5B1E-6249-A44C-BF6BC4CD9FEA.root
11-Jun-2024 12:40:58 CEST  Initiating request to open file root://eoscms.cern.ch//eos/cms/store/mc/RunIISummer20UL17MiniAODv2/QCD_HT1500to2000_TuneCP5_PSWeights_13TeV-madgraph-pythia8/MINIAODSIM/106X_mc2017_realistic_v9-v1/270000/19CC6152-C377-8149-937D-E16C6B61B333.root
%MSG-w XrdAdaptorInternal:  file_open 11-Jun-2024 12:40:59 CEST PostProcessEvent
Failed to open file at URL root://eoscms.cern.ch:1094//eos/cms/store/mc/RunIISummer20UL17MiniAODv2/QCD_HT1500to2000_TuneCP5_PSWeights_13TeV-madgraph-pythia8/MINIAODSIM/106X_mc2017_realistic_v9-v1/270000/19CC6152-C377-8149-937D-E16C6B61B333.root.
%MSG
%MSG-w XrdAdaptorInternal:  file_open 11-Jun-2024 12:40:59 CEST PostProcessEvent
Failed to open file at URL root://eoscms.cern.ch:1094//eos/cms/store/mc/RunIISummer20UL17MiniAODv2/QCD_HT1500to2000_TuneCP5_PSWeights_13TeV-madgraph-pythia8/MINIAODSIM/106X_mc2017_realistic_v9-v1/270000/19CC6152-C377-8149-937D-E16C6B61B333.root?tried=.
%MSG
11-Jun-2024 12:40:59 CEST  Fallback request to file root://xrootd-cms.infn.it//store/mc/RunIISummer20UL17MiniAODv2/QCD_HT1500to2000_TuneCP5_PSWeights_13TeV-madgraph-pythia8/MINIAODSIM/106X_mc2017_realistic_v9-v1/270000/19CC6152-C377-8149-937D-E16C6B61B333.root
%MSG-w XrdAdaptor:  file_open 11-Jun-2024 12:41:11 CEST PostProcessEvent
Data is served from fnal.gov instead of original site T2_IT_Pisa
%MSG
11-Jun-2024 12:41:12 CEST  Successfully opened file root://xrootd-cms.infn.it//store/mc/RunIISummer20UL17MiniAODv2/QCD_HT1500to2000_TuneCP5_PSWeights_13TeV-madgraph-pythia8/MINIAODSIM/106X_mc2017_realistic_v9-v1/270000/19CC6152-C377-8149-937D-E16C6B61B333.root
11-Jun-2024 12:41:20 CEST  Closed file root://xrootd-cms.infn.it//store/mc/RunIISummer20UL17MiniAODv2/QCD_HT1500to2000_TuneCP5_PSWeights_13TeV-madgraph-pythia8/MINIAODSIM/106X_mc2017_realistic_v9-v1/270000/19CC6152-C377-8149-937D-E16C6B61B333.root
11-Jun-2024 12:41:20 CEST  Initiating request to open file root://eoscms.cern.ch//eos/cms/store/mc/RunIISummer20UL17MiniAODv2/QCD_HT1500to2000_TuneCP5_PSWeights_13TeV-madgraph-pythia8/MINIAODSIM/106X_mc2017_realistic_v9-v1/270000/E29F1FC7-28F7-0740-9E72-A35031970A29.root
%MSG-w XrdAdaptorInternal:  file_open 11-Jun-2024 12:41:21 CEST PostProcessEvent
Failed to open file at URL root://eoscms.cern.ch:1094//eos/cms/store/mc/RunIISummer20UL17MiniAODv2/QCD_HT1500to2000_TuneCP5_PSWeights_13TeV-madgraph-pythia8/MINIAODSIM/106X_mc2017_realistic_v9-v1/270000/E29F1FC7-28F7-0740-9E72-A35031970A29.root.
%MSG
%MSG-w XrdAdaptorInternal:  file_open 11-Jun-2024 12:41:21 CEST PostProcessEvent
Failed to open file at URL root://eoscms.cern.ch:1094//eos/cms/store/mc/RunIISummer20UL17MiniAODv2/QCD_HT1500to2000_TuneCP5_PSWeights_13TeV-madgraph-pythia8/MINIAODSIM/106X_mc2017_realistic_v9-v1/270000/E29F1FC7-28F7-0740-9E72-A35031970A29.root?tried=.
%MSG
11-Jun-2024 12:41:21 CEST  Fallback request to file root://xrootd-cms.infn.it//store/mc/RunIISummer20UL17MiniAODv2/QCD_HT1500to2000_TuneCP5_PSWeights_13TeV-madgraph-pythia8/MINIAODSIM/106X_mc2017_realistic_v9-v1/270000/E29F1FC7-28F7-0740-9E72-A35031970A29.root
%MSG-w XrdAdaptor:  file_open 11-Jun-2024 12:41:33 CEST PostProcessEvent
Data is served from fnal.gov instead of original site T2_IT_Pisa
%MSG
11-Jun-2024 12:41:34 CEST  Successfully opened file root://xrootd-cms.infn.it//store/mc/RunIISummer20UL17MiniAODv2/QCD_HT1500to2000_TuneCP5_PSWeights_13TeV-madgraph-pythia8/MINIAODSIM/106X_mc2017_realistic_v9-v1/270000/E29F1FC7-28F7-0740-9E72-A35031970A29.root
Begin processing the 600001st record. Run 1, Event 12135646, LumiSection 971 on stream 0 at 11-Jun-2024 12:41:40.453 CEST
11-Jun-2024 12:41:40 CEST  Closed file root://xrootd-cms.infn.it//store/mc/RunIISummer20UL17MiniAODv2/QCD_HT1500to2000_TuneCP5_PSWeights_13TeV-madgraph-pythia8/MINIAODSIM/106X_mc2017_realistic_v9-v1/270000/E29F1FC7-28F7-0740-9E72-A35031970A29.root
11-Jun-2024 12:41:40 CEST  Initiating request to open file root://eoscms.cern.ch//eos/cms/store/mc/RunIISummer20UL17MiniAODv2/QCD_HT1500to2000_TuneCP5_PSWeights_13TeV-madgraph-pythia8/MINIAODSIM/106X_mc2017_realistic_v9-v1/280000/342C4DE0-5F8A-D542-B05B-EA725436FBB7.root
%MSG-w XrdAdaptorInternal:  file_open 11-Jun-2024 12:41:41 CEST PostProcessEvent
Failed to open file at URL root://eoscms.cern.ch:1094//eos/cms/store/mc/RunIISummer20UL17MiniAODv2/QCD_HT1500to2000_TuneCP5_PSWeights_13TeV-madgraph-pythia8/MINIAODSIM/106X_mc2017_realistic_v9-v1/280000/342C4DE0-5F8A-D542-B05B-EA725436FBB7.root.
%MSG
%MSG-w XrdAdaptorInternal:  file_open 11-Jun-2024 12:41:41 CEST PostProcessEvent
Failed to open file at URL root://eoscms.cern.ch:1094//eos/cms/store/mc/RunIISummer20UL17MiniAODv2/QCD_HT1500to2000_TuneCP5_PSWeights_13TeV-madgraph-pythia8/MINIAODSIM/106X_mc2017_realistic_v9-v1/280000/342C4DE0-5F8A-D542-B05B-EA725436FBB7.root?tried=.
%MSG
11-Jun-2024 12:41:41 CEST  Fallback request to file root://xrootd-cms.infn.it//store/mc/RunIISummer20UL17MiniAODv2/QCD_HT1500to2000_TuneCP5_PSWeights_13TeV-madgraph-pythia8/MINIAODSIM/106X_mc2017_realistic_v9-v1/280000/342C4DE0-5F8A-D542-B05B-EA725436FBB7.root
%MSG-w XrdAdaptor:  file_open 11-Jun-2024 12:41:54 CEST PostProcessEvent
Data is served from fnal.gov instead of original site T2_IT_Pisa
%MSG
11-Jun-2024 12:41:55 CEST  Successfully opened file root://xrootd-cms.infn.it//store/mc/RunIISummer20UL17MiniAODv2/QCD_HT1500to2000_TuneCP5_PSWeights_13TeV-madgraph-pythia8/MINIAODSIM/106X_mc2017_realistic_v9-v1/280000/342C4DE0-5F8A-D542-B05B-EA725436FBB7.root
11-Jun-2024 12:42:02 CEST  Closed file root://xrootd-cms.infn.it//store/mc/RunIISummer20UL17MiniAODv2/QCD_HT1500to2000_TuneCP5_PSWeights_13TeV-madgraph-pythia8/MINIAODSIM/106X_mc2017_realistic_v9-v1/280000/342C4DE0-5F8A-D542-B05B-EA725436FBB7.root
11-Jun-2024 12:42:02 CEST  Initiating request to open file root://eoscms.cern.ch//eos/cms/store/mc/RunIISummer20UL17MiniAODv2/QCD_HT1500to2000_TuneCP5_PSWeights_13TeV-madgraph-pythia8/MINIAODSIM/106X_mc2017_realistic_v9-v1/270000/23780C21-4CA1-7140-8CC3-CD29803B2E90.root
%MSG-w XrdAdaptorInternal:  file_open 11-Jun-2024 12:42:03 CEST PostProcessEvent
Failed to open file at URL root://eoscms.cern.ch:1094//eos/cms/store/mc/RunIISummer20UL17MiniAODv2/QCD_HT1500to2000_TuneCP5_PSWeights_13TeV-madgraph-pythia8/MINIAODSIM/106X_mc2017_realistic_v9-v1/270000/23780C21-4CA1-7140-8CC3-CD29803B2E90.root.
%MSG
%MSG-w XrdAdaptorInternal:  file_open 11-Jun-2024 12:42:03 CEST PostProcessEvent
Failed to open file at URL root://eoscms.cern.ch:1094//eos/cms/store/mc/RunIISummer20UL17MiniAODv2/QCD_HT1500to2000_TuneCP5_PSWeights_13TeV-madgraph-pythia8/MINIAODSIM/106X_mc2017_realistic_v9-v1/270000/23780C21-4CA1-7140-8CC3-CD29803B2E90.root?tried=.
%MSG
11-Jun-2024 12:42:03 CEST  Fallback request to file root://xrootd-cms.infn.it//store/mc/RunIISummer20UL17MiniAODv2/QCD_HT1500to2000_TuneCP5_PSWeights_13TeV-madgraph-pythia8/MINIAODSIM/106X_mc2017_realistic_v9-v1/270000/23780C21-4CA1-7140-8CC3-CD29803B2E90.root
%MSG-w XrdAdaptor:  file_open 11-Jun-2024 12:42:16 CEST PostProcessEvent
Data is served from fnal.gov instead of original site T2_IT_Pisa
%MSG
11-Jun-2024 12:42:17 CEST  Successfully opened file root://xrootd-cms.infn.it//store/mc/RunIISummer20UL17MiniAODv2/QCD_HT1500to2000_TuneCP5_PSWeights_13TeV-madgraph-pythia8/MINIAODSIM/106X_mc2017_realistic_v9-v1/270000/23780C21-4CA1-7140-8CC3-CD29803B2E90.root
11-Jun-2024 12:42:25 CEST  Closed file root://xrootd-cms.infn.it//store/mc/RunIISummer20UL17MiniAODv2/QCD_HT1500to2000_TuneCP5_PSWeights_13TeV-madgraph-pythia8/MINIAODSIM/106X_mc2017_realistic_v9-v1/270000/23780C21-4CA1-7140-8CC3-CD29803B2E90.root
11-Jun-2024 12:42:25 CEST  Initiating request to open file root://eoscms.cern.ch//eos/cms/store/mc/RunIISummer20UL17MiniAODv2/QCD_HT1500to2000_TuneCP5_PSWeights_13TeV-madgraph-pythia8/MINIAODSIM/106X_mc2017_realistic_v9-v1/270000/0EAD89B3-3844-BC41-B694-8B99B4DFF2FF.root
%MSG-w XrdAdaptorInternal:  file_open 11-Jun-2024 12:42:26 CEST PostProcessEvent
Failed to open file at URL root://eoscms.cern.ch:1094//eos/cms/store/mc/RunIISummer20UL17MiniAODv2/QCD_HT1500to2000_TuneCP5_PSWeights_13TeV-madgraph-pythia8/MINIAODSIM/106X_mc2017_realistic_v9-v1/270000/0EAD89B3-3844-BC41-B694-8B99B4DFF2FF.root.
%MSG
%MSG-w XrdAdaptorInternal:  file_open 11-Jun-2024 12:42:26 CEST PostProcessEvent
Failed to open file at URL root://eoscms.cern.ch:1094//eos/cms/store/mc/RunIISummer20UL17MiniAODv2/QCD_HT1500to2000_TuneCP5_PSWeights_13TeV-madgraph-pythia8/MINIAODSIM/106X_mc2017_realistic_v9-v1/270000/0EAD89B3-3844-BC41-B694-8B99B4DFF2FF.root?tried=.
%MSG
11-Jun-2024 12:42:26 CEST  Fallback request to file root://xrootd-cms.infn.it//store/mc/RunIISummer20UL17MiniAODv2/QCD_HT1500to2000_TuneCP5_PSWeights_13TeV-madgraph-pythia8/MINIAODSIM/106X_mc2017_realistic_v9-v1/270000/0EAD89B3-3844-BC41-B694-8B99B4DFF2FF.root
%MSG-w XrdAdaptor:  file_open 11-Jun-2024 12:42:38 CEST PostProcessEvent
Data is served from fnal.gov instead of original site T2_IT_Pisa
%MSG
11-Jun-2024 12:42:39 CEST  Successfully opened file root://xrootd-cms.infn.it//store/mc/RunIISummer20UL17MiniAODv2/QCD_HT1500to2000_TuneCP5_PSWeights_13TeV-madgraph-pythia8/MINIAODSIM/106X_mc2017_realistic_v9-v1/270000/0EAD89B3-3844-BC41-B694-8B99B4DFF2FF.root
Begin processing the 700001st record. Run 1, Event 96950548, LumiSection 7757 on stream 0 at 11-Jun-2024 12:42:47.194 CEST
11-Jun-2024 12:42:48 CEST  Closed file root://xrootd-cms.infn.it//store/mc/RunIISummer20UL17MiniAODv2/QCD_HT1500to2000_TuneCP5_PSWeights_13TeV-madgraph-pythia8/MINIAODSIM/106X_mc2017_realistic_v9-v1/270000/0EAD89B3-3844-BC41-B694-8B99B4DFF2FF.root
11-Jun-2024 12:42:48 CEST  Initiating request to open file root://eoscms.cern.ch//eos/cms/store/mc/RunIISummer20UL17MiniAODv2/QCD_HT1500to2000_TuneCP5_PSWeights_13TeV-madgraph-pythia8/MINIAODSIM/106X_mc2017_realistic_v9-v1/270000/E90D7822-6773-4243-8C0A-F25CE7CA583F.root
%MSG-w XrdAdaptorInternal:  file_open 11-Jun-2024 12:42:49 CEST PostProcessEvent
Failed to open file at URL root://eoscms.cern.ch:1094//eos/cms/store/mc/RunIISummer20UL17MiniAODv2/QCD_HT1500to2000_TuneCP5_PSWeights_13TeV-madgraph-pythia8/MINIAODSIM/106X_mc2017_realistic_v9-v1/270000/E90D7822-6773-4243-8C0A-F25CE7CA583F.root.
%MSG
%MSG-w XrdAdaptorInternal:  file_open 11-Jun-2024 12:42:49 CEST PostProcessEvent
Failed to open file at URL root://eoscms.cern.ch:1094//eos/cms/store/mc/RunIISummer20UL17MiniAODv2/QCD_HT1500to2000_TuneCP5_PSWeights_13TeV-madgraph-pythia8/MINIAODSIM/106X_mc2017_realistic_v9-v1/270000/E90D7822-6773-4243-8C0A-F25CE7CA583F.root?tried=.
%MSG
11-Jun-2024 12:42:49 CEST  Fallback request to file root://xrootd-cms.infn.it//store/mc/RunIISummer20UL17MiniAODv2/QCD_HT1500to2000_TuneCP5_PSWeights_13TeV-madgraph-pythia8/MINIAODSIM/106X_mc2017_realistic_v9-v1/270000/E90D7822-6773-4243-8C0A-F25CE7CA583F.root
%MSG-w XrdAdaptor:  file_open 11-Jun-2024 12:43:02 CEST PostProcessEvent
Data is served from fnal.gov instead of original site T2_IT_Pisa
%MSG
11-Jun-2024 12:43:03 CEST  Successfully opened file root://xrootd-cms.infn.it//store/mc/RunIISummer20UL17MiniAODv2/QCD_HT1500to2000_TuneCP5_PSWeights_13TeV-madgraph-pythia8/MINIAODSIM/106X_mc2017_realistic_v9-v1/270000/E90D7822-6773-4243-8C0A-F25CE7CA583F.root
11-Jun-2024 12:43:12 CEST  Closed file root://xrootd-cms.infn.it//store/mc/RunIISummer20UL17MiniAODv2/QCD_HT1500to2000_TuneCP5_PSWeights_13TeV-madgraph-pythia8/MINIAODSIM/106X_mc2017_realistic_v9-v1/270000/E90D7822-6773-4243-8C0A-F25CE7CA583F.root
11-Jun-2024 12:43:12 CEST  Initiating request to open file root://eoscms.cern.ch//eos/cms/store/mc/RunIISummer20UL17MiniAODv2/QCD_HT1500to2000_TuneCP5_PSWeights_13TeV-madgraph-pythia8/MINIAODSIM/106X_mc2017_realistic_v9-v1/270000/EB7EA34B-4644-DF47-BB57-A22393D89854.root
%MSG-w XrdAdaptorInternal:  file_open 11-Jun-2024 12:43:13 CEST PostProcessEvent
Failed to open file at URL root://eoscms.cern.ch:1094//eos/cms/store/mc/RunIISummer20UL17MiniAODv2/QCD_HT1500to2000_TuneCP5_PSWeights_13TeV-madgraph-pythia8/MINIAODSIM/106X_mc2017_realistic_v9-v1/270000/EB7EA34B-4644-DF47-BB57-A22393D89854.root.
%MSG
%MSG-w XrdAdaptorInternal:  file_open 11-Jun-2024 12:43:13 CEST PostProcessEvent
Failed to open file at URL root://eoscms.cern.ch:1094//eos/cms/store/mc/RunIISummer20UL17MiniAODv2/QCD_HT1500to2000_TuneCP5_PSWeights_13TeV-madgraph-pythia8/MINIAODSIM/106X_mc2017_realistic_v9-v1/270000/EB7EA34B-4644-DF47-BB57-A22393D89854.root?tried=.
%MSG
11-Jun-2024 12:43:13 CEST  Fallback request to file root://xrootd-cms.infn.it//store/mc/RunIISummer20UL17MiniAODv2/QCD_HT1500to2000_TuneCP5_PSWeights_13TeV-madgraph-pythia8/MINIAODSIM/106X_mc2017_realistic_v9-v1/270000/EB7EA34B-4644-DF47-BB57-A22393D89854.root
%MSG-w XrdAdaptor:  file_open 11-Jun-2024 12:43:25 CEST PostProcessEvent
Data is served from fnal.gov instead of original site T2_IT_Pisa
%MSG
11-Jun-2024 12:43:26 CEST  Successfully opened file root://xrootd-cms.infn.it//store/mc/RunIISummer20UL17MiniAODv2/QCD_HT1500to2000_TuneCP5_PSWeights_13TeV-madgraph-pythia8/MINIAODSIM/106X_mc2017_realistic_v9-v1/270000/EB7EA34B-4644-DF47-BB57-A22393D89854.root
11-Jun-2024 12:43:33 CEST  Closed file root://xrootd-cms.infn.it//store/mc/RunIISummer20UL17MiniAODv2/QCD_HT1500to2000_TuneCP5_PSWeights_13TeV-madgraph-pythia8/MINIAODSIM/106X_mc2017_realistic_v9-v1/270000/EB7EA34B-4644-DF47-BB57-A22393D89854.root
11-Jun-2024 12:43:33 CEST  Initiating request to open file root://eoscms.cern.ch//eos/cms/store/mc/RunIISummer20UL17MiniAODv2/QCD_HT1500to2000_TuneCP5_PSWeights_13TeV-madgraph-pythia8/MINIAODSIM/106X_mc2017_realistic_v9-v1/270000/EE9AE86E-27A3-9D41-8DBE-A45E4356D18C.root
%MSG-w XrdAdaptorInternal:  file_open 11-Jun-2024 12:43:34 CEST PostProcessEvent
Failed to open file at URL root://eoscms.cern.ch:1094//eos/cms/store/mc/RunIISummer20UL17MiniAODv2/QCD_HT1500to2000_TuneCP5_PSWeights_13TeV-madgraph-pythia8/MINIAODSIM/106X_mc2017_realistic_v9-v1/270000/EE9AE86E-27A3-9D41-8DBE-A45E4356D18C.root.
%MSG
%MSG-w XrdAdaptorInternal:  file_open 11-Jun-2024 12:43:34 CEST PostProcessEvent
Failed to open file at URL root://eoscms.cern.ch:1094//eos/cms/store/mc/RunIISummer20UL17MiniAODv2/QCD_HT1500to2000_TuneCP5_PSWeights_13TeV-madgraph-pythia8/MINIAODSIM/106X_mc2017_realistic_v9-v1/270000/EE9AE86E-27A3-9D41-8DBE-A45E4356D18C.root?tried=.
%MSG
11-Jun-2024 12:43:34 CEST  Fallback request to file root://xrootd-cms.infn.it//store/mc/RunIISummer20UL17MiniAODv2/QCD_HT1500to2000_TuneCP5_PSWeights_13TeV-madgraph-pythia8/MINIAODSIM/106X_mc2017_realistic_v9-v1/270000/EE9AE86E-27A3-9D41-8DBE-A45E4356D18C.root
%MSG-w XrdAdaptor:  file_open 11-Jun-2024 12:43:47 CEST PostProcessEvent
Data is served from fnal.gov instead of original site T2_IT_Pisa
%MSG
11-Jun-2024 12:43:48 CEST  Successfully opened file root://xrootd-cms.infn.it//store/mc/RunIISummer20UL17MiniAODv2/QCD_HT1500to2000_TuneCP5_PSWeights_13TeV-madgraph-pythia8/MINIAODSIM/106X_mc2017_realistic_v9-v1/270000/EE9AE86E-27A3-9D41-8DBE-A45E4356D18C.root
Begin processing the 800001st record. Run 1, Event 75633262, LumiSection 6051 on stream 0 at 11-Jun-2024 12:43:55.255 CEST
11-Jun-2024 12:43:57 CEST  Closed file root://xrootd-cms.infn.it//store/mc/RunIISummer20UL17MiniAODv2/QCD_HT1500to2000_TuneCP5_PSWeights_13TeV-madgraph-pythia8/MINIAODSIM/106X_mc2017_realistic_v9-v1/270000/EE9AE86E-27A3-9D41-8DBE-A45E4356D18C.root
11-Jun-2024 12:43:57 CEST  Initiating request to open file root://eoscms.cern.ch//eos/cms/store/mc/RunIISummer20UL17MiniAODv2/QCD_HT1500to2000_TuneCP5_PSWeights_13TeV-madgraph-pythia8/MINIAODSIM/106X_mc2017_realistic_v9-v1/270000/F1E1CE45-1324-C647-9333-0903C88AE5A3.root
%MSG-w XrdAdaptorInternal:  file_open 11-Jun-2024 12:43:58 CEST PostProcessEvent
Failed to open file at URL root://eoscms.cern.ch:1094//eos/cms/store/mc/RunIISummer20UL17MiniAODv2/QCD_HT1500to2000_TuneCP5_PSWeights_13TeV-madgraph-pythia8/MINIAODSIM/106X_mc2017_realistic_v9-v1/270000/F1E1CE45-1324-C647-9333-0903C88AE5A3.root.
%MSG
%MSG-w XrdAdaptorInternal:  file_open 11-Jun-2024 12:43:58 CEST PostProcessEvent
Failed to open file at URL root://eoscms.cern.ch:1094//eos/cms/store/mc/RunIISummer20UL17MiniAODv2/QCD_HT1500to2000_TuneCP5_PSWeights_13TeV-madgraph-pythia8/MINIAODSIM/106X_mc2017_realistic_v9-v1/270000/F1E1CE45-1324-C647-9333-0903C88AE5A3.root?tried=.
%MSG
11-Jun-2024 12:43:58 CEST  Fallback request to file root://xrootd-cms.infn.it//store/mc/RunIISummer20UL17MiniAODv2/QCD_HT1500to2000_TuneCP5_PSWeights_13TeV-madgraph-pythia8/MINIAODSIM/106X_mc2017_realistic_v9-v1/270000/F1E1CE45-1324-C647-9333-0903C88AE5A3.root
%MSG-w XrdAdaptor:  file_open 11-Jun-2024 12:44:11 CEST PostProcessEvent
Data is served from fnal.gov instead of original site T2_IT_Pisa
%MSG
11-Jun-2024 12:44:12 CEST  Successfully opened file root://xrootd-cms.infn.it//store/mc/RunIISummer20UL17MiniAODv2/QCD_HT1500to2000_TuneCP5_PSWeights_13TeV-madgraph-pythia8/MINIAODSIM/106X_mc2017_realistic_v9-v1/270000/F1E1CE45-1324-C647-9333-0903C88AE5A3.root
11-Jun-2024 12:44:19 CEST  Closed file root://xrootd-cms.infn.it//store/mc/RunIISummer20UL17MiniAODv2/QCD_HT1500to2000_TuneCP5_PSWeights_13TeV-madgraph-pythia8/MINIAODSIM/106X_mc2017_realistic_v9-v1/270000/F1E1CE45-1324-C647-9333-0903C88AE5A3.root
11-Jun-2024 12:44:19 CEST  Initiating request to open file root://eoscms.cern.ch//eos/cms/store/mc/RunIISummer20UL17MiniAODv2/QCD_HT1500to2000_TuneCP5_PSWeights_13TeV-madgraph-pythia8/MINIAODSIM/106X_mc2017_realistic_v9-v1/270000/AEF3CF2F-89AF-194F-9D27-730AC6028FDF.root
%MSG-w XrdAdaptorInternal:  file_open 11-Jun-2024 12:44:20 CEST PostProcessEvent
Failed to open file at URL root://eoscms.cern.ch:1094//eos/cms/store/mc/RunIISummer20UL17MiniAODv2/QCD_HT1500to2000_TuneCP5_PSWeights_13TeV-madgraph-pythia8/MINIAODSIM/106X_mc2017_realistic_v9-v1/270000/AEF3CF2F-89AF-194F-9D27-730AC6028FDF.root.
%MSG
%MSG-w XrdAdaptorInternal:  file_open 11-Jun-2024 12:44:20 CEST PostProcessEvent
Failed to open file at URL root://eoscms.cern.ch:1094//eos/cms/store/mc/RunIISummer20UL17MiniAODv2/QCD_HT1500to2000_TuneCP5_PSWeights_13TeV-madgraph-pythia8/MINIAODSIM/106X_mc2017_realistic_v9-v1/270000/AEF3CF2F-89AF-194F-9D27-730AC6028FDF.root?tried=.
%MSG
11-Jun-2024 12:44:20 CEST  Fallback request to file root://xrootd-cms.infn.it//store/mc/RunIISummer20UL17MiniAODv2/QCD_HT1500to2000_TuneCP5_PSWeights_13TeV-madgraph-pythia8/MINIAODSIM/106X_mc2017_realistic_v9-v1/270000/AEF3CF2F-89AF-194F-9D27-730AC6028FDF.root
%MSG-w XrdAdaptor:  file_open 11-Jun-2024 12:44:33 CEST PostProcessEvent
Data is served from fnal.gov instead of original site T2_IT_Pisa
%MSG
11-Jun-2024 12:44:34 CEST  Successfully opened file root://xrootd-cms.infn.it//store/mc/RunIISummer20UL17MiniAODv2/QCD_HT1500to2000_TuneCP5_PSWeights_13TeV-madgraph-pythia8/MINIAODSIM/106X_mc2017_realistic_v9-v1/270000/AEF3CF2F-89AF-194F-9D27-730AC6028FDF.root
Begin processing the 900001st record. Run 1, Event 67267355, LumiSection 5382 on stream 0 at 11-Jun-2024 12:44:41.038 CEST
11-Jun-2024 12:44:41 CEST  Closed file root://xrootd-cms.infn.it//store/mc/RunIISummer20UL17MiniAODv2/QCD_HT1500to2000_TuneCP5_PSWeights_13TeV-madgraph-pythia8/MINIAODSIM/106X_mc2017_realistic_v9-v1/270000/AEF3CF2F-89AF-194F-9D27-730AC6028FDF.root
11-Jun-2024 12:44:41 CEST  Initiating request to open file root://eoscms.cern.ch//eos/cms/store/mc/RunIISummer20UL17MiniAODv2/QCD_HT1500to2000_TuneCP5_PSWeights_13TeV-madgraph-pythia8/MINIAODSIM/106X_mc2017_realistic_v9-v1/270000/BA62D4C7-6D2F-5C49-898F-63848376F984.root
%MSG-w XrdAdaptorInternal:  file_open 11-Jun-2024 12:44:42 CEST PostProcessEvent
Failed to open file at URL root://eoscms.cern.ch:1094//eos/cms/store/mc/RunIISummer20UL17MiniAODv2/QCD_HT1500to2000_TuneCP5_PSWeights_13TeV-madgraph-pythia8/MINIAODSIM/106X_mc2017_realistic_v9-v1/270000/BA62D4C7-6D2F-5C49-898F-63848376F984.root.
%MSG
%MSG-w XrdAdaptorInternal:  file_open 11-Jun-2024 12:44:42 CEST PostProcessEvent
Failed to open file at URL root://eoscms.cern.ch:1094//eos/cms/store/mc/RunIISummer20UL17MiniAODv2/QCD_HT1500to2000_TuneCP5_PSWeights_13TeV-madgraph-pythia8/MINIAODSIM/106X_mc2017_realistic_v9-v1/270000/BA62D4C7-6D2F-5C49-898F-63848376F984.root?tried=.
%MSG
11-Jun-2024 12:44:42 CEST  Fallback request to file root://xrootd-cms.infn.it//store/mc/RunIISummer20UL17MiniAODv2/QCD_HT1500to2000_TuneCP5_PSWeights_13TeV-madgraph-pythia8/MINIAODSIM/106X_mc2017_realistic_v9-v1/270000/BA62D4C7-6D2F-5C49-898F-63848376F984.root
%MSG-w XrdAdaptor:  file_open 11-Jun-2024 12:44:55 CEST PostProcessEvent
Data is served from fnal.gov instead of original site T2_IT_Pisa
%MSG
11-Jun-2024 12:44:56 CEST  Successfully opened file root://xrootd-cms.infn.it//store/mc/RunIISummer20UL17MiniAODv2/QCD_HT1500to2000_TuneCP5_PSWeights_13TeV-madgraph-pythia8/MINIAODSIM/106X_mc2017_realistic_v9-v1/270000/BA62D4C7-6D2F-5C49-898F-63848376F984.root
11-Jun-2024 12:45:06 CEST  Closed file root://xrootd-cms.infn.it//store/mc/RunIISummer20UL17MiniAODv2/QCD_HT1500to2000_TuneCP5_PSWeights_13TeV-madgraph-pythia8/MINIAODSIM/106X_mc2017_realistic_v9-v1/270000/BA62D4C7-6D2F-5C49-898F-63848376F984.root
11-Jun-2024 12:45:06 CEST  Initiating request to open file root://eoscms.cern.ch//eos/cms/store/mc/RunIISummer20UL17MiniAODv2/QCD_HT1500to2000_TuneCP5_PSWeights_13TeV-madgraph-pythia8/MINIAODSIM/106X_mc2017_realistic_v9-v1/270000/3296516C-75BC-7B41-A547-7CFC296B6F7D.root
%MSG-w XrdAdaptorInternal:  file_open 11-Jun-2024 12:45:07 CEST PostProcessEvent
Failed to open file at URL root://eoscms.cern.ch:1094//eos/cms/store/mc/RunIISummer20UL17MiniAODv2/QCD_HT1500to2000_TuneCP5_PSWeights_13TeV-madgraph-pythia8/MINIAODSIM/106X_mc2017_realistic_v9-v1/270000/3296516C-75BC-7B41-A547-7CFC296B6F7D.root.
%MSG
%MSG-w XrdAdaptorInternal:  file_open 11-Jun-2024 12:45:07 CEST PostProcessEvent
Failed to open file at URL root://eoscms.cern.ch:1094//eos/cms/store/mc/RunIISummer20UL17MiniAODv2/QCD_HT1500to2000_TuneCP5_PSWeights_13TeV-madgraph-pythia8/MINIAODSIM/106X_mc2017_realistic_v9-v1/270000/3296516C-75BC-7B41-A547-7CFC296B6F7D.root?tried=.
%MSG
11-Jun-2024 12:45:07 CEST  Fallback request to file root://xrootd-cms.infn.it//store/mc/RunIISummer20UL17MiniAODv2/QCD_HT1500to2000_TuneCP5_PSWeights_13TeV-madgraph-pythia8/MINIAODSIM/106X_mc2017_realistic_v9-v1/270000/3296516C-75BC-7B41-A547-7CFC296B6F7D.root
%MSG-w XrdAdaptor:  file_open 11-Jun-2024 12:45:20 CEST PostProcessEvent
Data is served from fnal.gov instead of original site T2_IT_Pisa
%MSG
11-Jun-2024 12:45:21 CEST  Successfully opened file root://xrootd-cms.infn.it//store/mc/RunIISummer20UL17MiniAODv2/QCD_HT1500to2000_TuneCP5_PSWeights_13TeV-madgraph-pythia8/MINIAODSIM/106X_mc2017_realistic_v9-v1/270000/3296516C-75BC-7B41-A547-7CFC296B6F7D.root
   1058.520000      3.448610      0.553724             2
    286.548000      2.138270      0.553724             1
     42.593800      0.567802      0.553724             0
 
11-Jun-2024 12:45:28 CEST  Closed file root://xrootd-cms.infn.it//store/mc/RunIISummer20UL17MiniAODv2/QCD_HT1500to2000_TuneCP5_PSWeights_13TeV-madgraph-pythia8/MINIAODSIM/106X_mc2017_realistic_v9-v1/270000/3296516C-75BC-7B41-A547-7CFC296B6F7D.root

------------------------------------
GenXsecAnalyzer:
------------------------------------
-------------------------------------------------------------------------------------------------------------------------------------------------------------------------- 
Overall cross-section summary 
--------------------------------------------------------------------------------------------------------------------------------------------------------------------------
Process		xsec_before [pb]		passed	nposw	nnegw	tried	nposw	nnegw 	xsec_match [pb]			accepted [%]	 event_eff [%]
0		4.188e+01 +/- 1.748e-02		6649	6649	0	391417	391417	0	7.114e-01 +/- 8.655e-03		1.7 +/- 0.0	1.7 +/- 0.0
1		2.880e+02 +/- 6.262e-02		25591	25591	0	2676908	2676908	0	2.753e+00 +/- 1.714e-02		1.0 +/- 0.0	1.0 +/- 0.0
2		1.060e+03 +/- 1.010e-01		967853	967853	0	9806675	9806675	0	1.046e+02 +/- 1.014e-01		9.9 +/- 0.0	9.9 +/- 0.0
-------------------------------------------------------------------------------------------------------------------------------------------------------------------------- 
Total		1.389e+03 +/- 1.202e-01		1000093	1000093	0	12875000	12875000	0	1.079e+02 +/- 1.041e-01		7.8 +/- 0.0	7.8 +/- 0.0
--------------------------------------------------------------------------------------------------------------------------------------------------------------------------
Before matching: total cross section = 1.389e+03 +- 1.202e-01 pb
After matching: total cross section = 1.079e+02 +- 1.041e-01 pb
Matching efficiency = 0.1 +/- 0.0   [TO BE USED IN MCM]
Filter efficiency (taking into account weights)= (1.00009e+06) / (1.00009e+06) = 1.000e+00 +- 0.000e+00
Filter efficiency (event-level)= (1.00009e+06) / (1.00009e+06) = 1.000e+00 +- 0.000e+00    [TO BE USED IN MCM]

After filter: final cross section = 1.079e+02 +- 1.041e-01 pb
After filter: final fraction of events with negative weights = 0.000e+00 +- 0.000e+00
After filter: final equivalent lumi for 1M events (1/fb) = 9.266e+00 +- 1.287e-02

=============================================

MessageLogger Summary

 type     category        sev    module        subroutine        count    total
 ---- -------------------- -- ---------------- ----------------  -----    -----
    1 GenXSecAnalyzer      -w GenXSecAnalyzer:                      17       17
    2 XrdAdaptor           -w file_open                             26       26
    3 XrdAdaptorInternal   -w file_open                             52       52
    4 fileAction           -s file_close                            26       26
    5 fileAction           -s file_open                             78       78

 type    category    Examples: run/evt        run/evt          run/evt
 ---- -------------------- ---------------- ---------------- ----------------
    1 GenXSecAnalyzer      PostGlobalEndRun PostGlobalEndRun PostGlobalEndRun
    2 XrdAdaptor           pre-events       PostProcessEvent PostProcessEvent
    3 XrdAdaptorInternal   pre-events       pre-events       PostProcessEvent
    4 fileAction           PostProcessEvent PostProcessEvent PostGlobalEndRun
    5 fileAction           pre-events       pre-events       PostProcessEvent

Severity    # Occurrences   Total Occurrences
--------    -------------   -----------------
Warning                95                  95
System                104                 104

dropped waiting message count 0
