11-Jun-2024 11:56:18 CEST  Initiating request to open file root://eoscms.cern.ch//eos/cms/store/mc/RunIISummer20UL17MiniAODv2/QCD_Pt_50to80_TuneCP5_13TeV_pythia8/MINIAODSIM/106X_mc2017_realistic_v9-v1/230000/3D037ADC-E1BF-8548-93D3-5980E4F6743A.root
%MSG-w XrdAdaptorInternal:  file_open 11-Jun-2024 11:56:19 CEST pre-events
Failed to open file at URL root://eoscms.cern.ch:1094//eos/cms/store/mc/RunIISummer20UL17MiniAODv2/QCD_Pt_50to80_TuneCP5_13TeV_pythia8/MINIAODSIM/106X_mc2017_realistic_v9-v1/230000/3D037ADC-E1BF-8548-93D3-5980E4F6743A.root.
%MSG
%MSG-w XrdAdaptorInternal:  file_open 11-Jun-2024 11:56:19 CEST pre-events
Failed to open file at URL root://eoscms.cern.ch:1094//eos/cms/store/mc/RunIISummer20UL17MiniAODv2/QCD_Pt_50to80_TuneCP5_13TeV_pythia8/MINIAODSIM/106X_mc2017_realistic_v9-v1/230000/3D037ADC-E1BF-8548-93D3-5980E4F6743A.root?tried=.
%MSG
11-Jun-2024 11:56:19 CEST  Fallback request to file root://xrootd-cms.infn.it//store/mc/RunIISummer20UL17MiniAODv2/QCD_Pt_50to80_TuneCP5_13TeV_pythia8/MINIAODSIM/106X_mc2017_realistic_v9-v1/230000/3D037ADC-E1BF-8548-93D3-5980E4F6743A.root
Unable to load sec.protocol plugin libXrdSecztn.so
%MSG-w XrdAdaptor:  file_open 11-Jun-2024 11:56:34 CEST pre-events
Data is served from fnal.gov instead of original site T2_FR_GRIF_LLR
%MSG
11-Jun-2024 11:56:38 CEST  Successfully opened file root://xrootd-cms.infn.it//store/mc/RunIISummer20UL17MiniAODv2/QCD_Pt_50to80_TuneCP5_13TeV_pythia8/MINIAODSIM/106X_mc2017_realistic_v9-v1/230000/3D037ADC-E1BF-8548-93D3-5980E4F6743A.root
Unable to load sec.protocol plugin libXrdSecztn.so
Begin processing the 1st record. Run 1, Event 684009, LumiSection 685 on stream 0 at 11-Jun-2024 11:56:44.624 CEST
Begin processing the 100001st record. Run 1, Event 19943002, LumiSection 19944 on stream 0 at 11-Jun-2024 11:56:48.242 CEST
11-Jun-2024 11:56:48 CEST  Closed file root://xrootd-cms.infn.it//store/mc/RunIISummer20UL17MiniAODv2/QCD_Pt_50to80_TuneCP5_13TeV_pythia8/MINIAODSIM/106X_mc2017_realistic_v9-v1/230000/3D037ADC-E1BF-8548-93D3-5980E4F6743A.root
11-Jun-2024 11:56:48 CEST  Initiating request to open file root://eoscms.cern.ch//eos/cms/store/mc/RunIISummer20UL17MiniAODv2/QCD_Pt_50to80_TuneCP5_13TeV_pythia8/MINIAODSIM/106X_mc2017_realistic_v9-v1/230000/8DEDFDC5-BDB8-3D4F-BCB6-1CDDC0D7EAC1.root
%MSG-w XrdAdaptorInternal:  file_open 11-Jun-2024 11:56:49 CEST PostProcessEvent
Failed to open file at URL root://eoscms.cern.ch:1094//eos/cms/store/mc/RunIISummer20UL17MiniAODv2/QCD_Pt_50to80_TuneCP5_13TeV_pythia8/MINIAODSIM/106X_mc2017_realistic_v9-v1/230000/8DEDFDC5-BDB8-3D4F-BCB6-1CDDC0D7EAC1.root.
%MSG
%MSG-w XrdAdaptorInternal:  file_open 11-Jun-2024 11:56:49 CEST PostProcessEvent
Failed to open file at URL root://eoscms.cern.ch:1094//eos/cms/store/mc/RunIISummer20UL17MiniAODv2/QCD_Pt_50to80_TuneCP5_13TeV_pythia8/MINIAODSIM/106X_mc2017_realistic_v9-v1/230000/8DEDFDC5-BDB8-3D4F-BCB6-1CDDC0D7EAC1.root?tried=.
%MSG
11-Jun-2024 11:56:49 CEST  Fallback request to file root://xrootd-cms.infn.it//store/mc/RunIISummer20UL17MiniAODv2/QCD_Pt_50to80_TuneCP5_13TeV_pythia8/MINIAODSIM/106X_mc2017_realistic_v9-v1/230000/8DEDFDC5-BDB8-3D4F-BCB6-1CDDC0D7EAC1.root
%MSG-w XrdAdaptor:  file_open 11-Jun-2024 11:57:02 CEST PostProcessEvent
Data is served from fnal.gov instead of original site T2_FR_GRIF_LLR
%MSG
11-Jun-2024 11:57:02 CEST  Successfully opened file root://xrootd-cms.infn.it//store/mc/RunIISummer20UL17MiniAODv2/QCD_Pt_50to80_TuneCP5_13TeV_pythia8/MINIAODSIM/106X_mc2017_realistic_v9-v1/230000/8DEDFDC5-BDB8-3D4F-BCB6-1CDDC0D7EAC1.root
Unable to load sec.protocol plugin libXrdSecztn.so
11-Jun-2024 11:57:12 CEST  Closed file root://xrootd-cms.infn.it//store/mc/RunIISummer20UL17MiniAODv2/QCD_Pt_50to80_TuneCP5_13TeV_pythia8/MINIAODSIM/106X_mc2017_realistic_v9-v1/230000/8DEDFDC5-BDB8-3D4F-BCB6-1CDDC0D7EAC1.root
11-Jun-2024 11:57:12 CEST  Initiating request to open file root://eoscms.cern.ch//eos/cms/store/mc/RunIISummer20UL17MiniAODv2/QCD_Pt_50to80_TuneCP5_13TeV_pythia8/MINIAODSIM/106X_mc2017_realistic_v9-v1/230000/CCA770E2-5EC7-914D-930C-408647118297.root
%MSG-w XrdAdaptorInternal:  file_open 11-Jun-2024 11:57:13 CEST PostProcessEvent
Failed to open file at URL root://eoscms.cern.ch:1094//eos/cms/store/mc/RunIISummer20UL17MiniAODv2/QCD_Pt_50to80_TuneCP5_13TeV_pythia8/MINIAODSIM/106X_mc2017_realistic_v9-v1/230000/CCA770E2-5EC7-914D-930C-408647118297.root.
%MSG
%MSG-w XrdAdaptorInternal:  file_open 11-Jun-2024 11:57:13 CEST PostProcessEvent
Failed to open file at URL root://eoscms.cern.ch:1094//eos/cms/store/mc/RunIISummer20UL17MiniAODv2/QCD_Pt_50to80_TuneCP5_13TeV_pythia8/MINIAODSIM/106X_mc2017_realistic_v9-v1/230000/CCA770E2-5EC7-914D-930C-408647118297.root?tried=.
%MSG
11-Jun-2024 11:57:13 CEST  Fallback request to file root://xrootd-cms.infn.it//store/mc/RunIISummer20UL17MiniAODv2/QCD_Pt_50to80_TuneCP5_13TeV_pythia8/MINIAODSIM/106X_mc2017_realistic_v9-v1/230000/CCA770E2-5EC7-914D-930C-408647118297.root
%MSG-w XrdAdaptor:  file_open 11-Jun-2024 11:57:26 CEST PostProcessEvent
Data is served from fnal.gov instead of original site T2_FR_GRIF_LLR
%MSG
11-Jun-2024 11:57:26 CEST  Successfully opened file root://xrootd-cms.infn.it//store/mc/RunIISummer20UL17MiniAODv2/QCD_Pt_50to80_TuneCP5_13TeV_pythia8/MINIAODSIM/106X_mc2017_realistic_v9-v1/230000/CCA770E2-5EC7-914D-930C-408647118297.root
Begin processing the 200001st record. Run 1, Event 1491012, LumiSection 1492 on stream 0 at 11-Jun-2024 11:57:42.562 CEST
11-Jun-2024 11:57:44 CEST  Closed file root://xrootd-cms.infn.it//store/mc/RunIISummer20UL17MiniAODv2/QCD_Pt_50to80_TuneCP5_13TeV_pythia8/MINIAODSIM/106X_mc2017_realistic_v9-v1/230000/CCA770E2-5EC7-914D-930C-408647118297.root
11-Jun-2024 11:57:44 CEST  Initiating request to open file root://eoscms.cern.ch//eos/cms/store/mc/RunIISummer20UL17MiniAODv2/QCD_Pt_50to80_TuneCP5_13TeV_pythia8/MINIAODSIM/106X_mc2017_realistic_v9-v1/230000/9E980EB3-10D9-8143-A41B-2D3E5BE3D5D7.root
%MSG-w XrdAdaptorInternal:  file_open 11-Jun-2024 11:57:45 CEST PostProcessEvent
Failed to open file at URL root://eoscms.cern.ch:1094//eos/cms/store/mc/RunIISummer20UL17MiniAODv2/QCD_Pt_50to80_TuneCP5_13TeV_pythia8/MINIAODSIM/106X_mc2017_realistic_v9-v1/230000/9E980EB3-10D9-8143-A41B-2D3E5BE3D5D7.root.
%MSG
%MSG-w XrdAdaptorInternal:  file_open 11-Jun-2024 11:57:45 CEST PostProcessEvent
Failed to open file at URL root://eoscms.cern.ch:1094//eos/cms/store/mc/RunIISummer20UL17MiniAODv2/QCD_Pt_50to80_TuneCP5_13TeV_pythia8/MINIAODSIM/106X_mc2017_realistic_v9-v1/230000/9E980EB3-10D9-8143-A41B-2D3E5BE3D5D7.root?tried=.
%MSG
11-Jun-2024 11:57:45 CEST  Fallback request to file root://xrootd-cms.infn.it//store/mc/RunIISummer20UL17MiniAODv2/QCD_Pt_50to80_TuneCP5_13TeV_pythia8/MINIAODSIM/106X_mc2017_realistic_v9-v1/230000/9E980EB3-10D9-8143-A41B-2D3E5BE3D5D7.root
%MSG-w XrdAdaptor:  file_open 11-Jun-2024 11:57:58 CEST PostProcessEvent
Data is served from fnal.gov instead of original site T2_FR_GRIF_LLR
%MSG
11-Jun-2024 11:57:59 CEST  Successfully opened file root://xrootd-cms.infn.it//store/mc/RunIISummer20UL17MiniAODv2/QCD_Pt_50to80_TuneCP5_13TeV_pythia8/MINIAODSIM/106X_mc2017_realistic_v9-v1/230000/9E980EB3-10D9-8143-A41B-2D3E5BE3D5D7.root
Begin processing the 300001st record. Run 1, Event 6355001, LumiSection 6356 on stream 0 at 11-Jun-2024 11:58:08.161 CEST
11-Jun-2024 11:58:09 CEST  Closed file root://xrootd-cms.infn.it//store/mc/RunIISummer20UL17MiniAODv2/QCD_Pt_50to80_TuneCP5_13TeV_pythia8/MINIAODSIM/106X_mc2017_realistic_v9-v1/230000/9E980EB3-10D9-8143-A41B-2D3E5BE3D5D7.root
11-Jun-2024 11:58:09 CEST  Initiating request to open file root://eoscms.cern.ch//eos/cms/store/mc/RunIISummer20UL17MiniAODv2/QCD_Pt_50to80_TuneCP5_13TeV_pythia8/MINIAODSIM/106X_mc2017_realistic_v9-v1/230000/3BB9AB80-E903-B543-9029-B6AA4953FD88.root
%MSG-w XrdAdaptorInternal:  file_open 11-Jun-2024 11:58:10 CEST PostProcessEvent
Failed to open file at URL root://eoscms.cern.ch:1094//eos/cms/store/mc/RunIISummer20UL17MiniAODv2/QCD_Pt_50to80_TuneCP5_13TeV_pythia8/MINIAODSIM/106X_mc2017_realistic_v9-v1/230000/3BB9AB80-E903-B543-9029-B6AA4953FD88.root.
%MSG
%MSG-w XrdAdaptorInternal:  file_open 11-Jun-2024 11:58:10 CEST PostProcessEvent
Failed to open file at URL root://eoscms.cern.ch:1094//eos/cms/store/mc/RunIISummer20UL17MiniAODv2/QCD_Pt_50to80_TuneCP5_13TeV_pythia8/MINIAODSIM/106X_mc2017_realistic_v9-v1/230000/3BB9AB80-E903-B543-9029-B6AA4953FD88.root?tried=.
%MSG
11-Jun-2024 11:58:10 CEST  Fallback request to file root://xrootd-cms.infn.it//store/mc/RunIISummer20UL17MiniAODv2/QCD_Pt_50to80_TuneCP5_13TeV_pythia8/MINIAODSIM/106X_mc2017_realistic_v9-v1/230000/3BB9AB80-E903-B543-9029-B6AA4953FD88.root
%MSG-w XrdAdaptor:  file_open 11-Jun-2024 11:58:23 CEST PostProcessEvent
Data is served from fnal.gov instead of original site T2_FR_GRIF_LLR
%MSG
11-Jun-2024 11:58:24 CEST  Successfully opened file root://xrootd-cms.infn.it//store/mc/RunIISummer20UL17MiniAODv2/QCD_Pt_50to80_TuneCP5_13TeV_pythia8/MINIAODSIM/106X_mc2017_realistic_v9-v1/230000/3BB9AB80-E903-B543-9029-B6AA4953FD88.root
Begin processing the 400001st record. Run 1, Event 7031006, LumiSection 7032 on stream 0 at 11-Jun-2024 11:58:33.755 CEST
11-Jun-2024 11:58:34 CEST  Closed file root://xrootd-cms.infn.it//store/mc/RunIISummer20UL17MiniAODv2/QCD_Pt_50to80_TuneCP5_13TeV_pythia8/MINIAODSIM/106X_mc2017_realistic_v9-v1/230000/3BB9AB80-E903-B543-9029-B6AA4953FD88.root
11-Jun-2024 11:58:34 CEST  Initiating request to open file root://eoscms.cern.ch//eos/cms/store/mc/RunIISummer20UL17MiniAODv2/QCD_Pt_50to80_TuneCP5_13TeV_pythia8/MINIAODSIM/106X_mc2017_realistic_v9-v1/230000/897D4482-F457-D34A-ABBE-41BD258D28F3.root
%MSG-w XrdAdaptorInternal:  file_open 11-Jun-2024 11:58:35 CEST PostProcessEvent
Failed to open file at URL root://eoscms.cern.ch:1094//eos/cms/store/mc/RunIISummer20UL17MiniAODv2/QCD_Pt_50to80_TuneCP5_13TeV_pythia8/MINIAODSIM/106X_mc2017_realistic_v9-v1/230000/897D4482-F457-D34A-ABBE-41BD258D28F3.root.
%MSG
%MSG-w XrdAdaptorInternal:  file_open 11-Jun-2024 11:58:35 CEST PostProcessEvent
Failed to open file at URL root://eoscms.cern.ch:1094//eos/cms/store/mc/RunIISummer20UL17MiniAODv2/QCD_Pt_50to80_TuneCP5_13TeV_pythia8/MINIAODSIM/106X_mc2017_realistic_v9-v1/230000/897D4482-F457-D34A-ABBE-41BD258D28F3.root?tried=.
%MSG
11-Jun-2024 11:58:35 CEST  Fallback request to file root://xrootd-cms.infn.it//store/mc/RunIISummer20UL17MiniAODv2/QCD_Pt_50to80_TuneCP5_13TeV_pythia8/MINIAODSIM/106X_mc2017_realistic_v9-v1/230000/897D4482-F457-D34A-ABBE-41BD258D28F3.root
%MSG-w XrdAdaptor:  file_open 11-Jun-2024 11:58:48 CEST PostProcessEvent
Data is served from fnal.gov instead of original site T2_FR_GRIF_LLR
%MSG
11-Jun-2024 11:58:49 CEST  Successfully opened file root://xrootd-cms.infn.it//store/mc/RunIISummer20UL17MiniAODv2/QCD_Pt_50to80_TuneCP5_13TeV_pythia8/MINIAODSIM/106X_mc2017_realistic_v9-v1/230000/897D4482-F457-D34A-ABBE-41BD258D28F3.root
Begin processing the 500001st record. Run 1, Event 6900015, LumiSection 6901 on stream 0 at 11-Jun-2024 11:58:58.539 CEST
11-Jun-2024 11:58:58 CEST  Closed file root://xrootd-cms.infn.it//store/mc/RunIISummer20UL17MiniAODv2/QCD_Pt_50to80_TuneCP5_13TeV_pythia8/MINIAODSIM/106X_mc2017_realistic_v9-v1/230000/897D4482-F457-D34A-ABBE-41BD258D28F3.root
11-Jun-2024 11:58:58 CEST  Initiating request to open file root://eoscms.cern.ch//eos/cms/store/mc/RunIISummer20UL17MiniAODv2/QCD_Pt_50to80_TuneCP5_13TeV_pythia8/MINIAODSIM/106X_mc2017_realistic_v9-v1/230000/3F014114-5DAD-914B-824B-886ED4A402AF.root
%MSG-w XrdAdaptorInternal:  file_open 11-Jun-2024 11:58:59 CEST PostProcessEvent
Failed to open file at URL root://eoscms.cern.ch:1094//eos/cms/store/mc/RunIISummer20UL17MiniAODv2/QCD_Pt_50to80_TuneCP5_13TeV_pythia8/MINIAODSIM/106X_mc2017_realistic_v9-v1/230000/3F014114-5DAD-914B-824B-886ED4A402AF.root.
%MSG
%MSG-w XrdAdaptorInternal:  file_open 11-Jun-2024 11:58:59 CEST PostProcessEvent
Failed to open file at URL root://eoscms.cern.ch:1094//eos/cms/store/mc/RunIISummer20UL17MiniAODv2/QCD_Pt_50to80_TuneCP5_13TeV_pythia8/MINIAODSIM/106X_mc2017_realistic_v9-v1/230000/3F014114-5DAD-914B-824B-886ED4A402AF.root?tried=.
%MSG
11-Jun-2024 11:58:59 CEST  Fallback request to file root://xrootd-cms.infn.it//store/mc/RunIISummer20UL17MiniAODv2/QCD_Pt_50to80_TuneCP5_13TeV_pythia8/MINIAODSIM/106X_mc2017_realistic_v9-v1/230000/3F014114-5DAD-914B-824B-886ED4A402AF.root
%MSG-w XrdAdaptor:  file_open 11-Jun-2024 11:59:12 CEST PostProcessEvent
Data is served from fnal.gov instead of original site T2_FR_GRIF_LLR
%MSG
11-Jun-2024 11:59:12 CEST  Successfully opened file root://xrootd-cms.infn.it//store/mc/RunIISummer20UL17MiniAODv2/QCD_Pt_50to80_TuneCP5_13TeV_pythia8/MINIAODSIM/106X_mc2017_realistic_v9-v1/230000/3F014114-5DAD-914B-824B-886ED4A402AF.root
11-Jun-2024 11:59:21 CEST  Closed file root://xrootd-cms.infn.it//store/mc/RunIISummer20UL17MiniAODv2/QCD_Pt_50to80_TuneCP5_13TeV_pythia8/MINIAODSIM/106X_mc2017_realistic_v9-v1/230000/3F014114-5DAD-914B-824B-886ED4A402AF.root
11-Jun-2024 11:59:21 CEST  Initiating request to open file root://eoscms.cern.ch//eos/cms/store/mc/RunIISummer20UL17MiniAODv2/QCD_Pt_50to80_TuneCP5_13TeV_pythia8/MINIAODSIM/106X_mc2017_realistic_v9-v1/230000/33345BAF-5740-F04C-936B-D821532AF6A7.root
%MSG-w XrdAdaptorInternal:  file_open 11-Jun-2024 11:59:22 CEST PostProcessEvent
Failed to open file at URL root://eoscms.cern.ch:1094//eos/cms/store/mc/RunIISummer20UL17MiniAODv2/QCD_Pt_50to80_TuneCP5_13TeV_pythia8/MINIAODSIM/106X_mc2017_realistic_v9-v1/230000/33345BAF-5740-F04C-936B-D821532AF6A7.root.
%MSG
%MSG-w XrdAdaptorInternal:  file_open 11-Jun-2024 11:59:22 CEST PostProcessEvent
Failed to open file at URL root://eoscms.cern.ch:1094//eos/cms/store/mc/RunIISummer20UL17MiniAODv2/QCD_Pt_50to80_TuneCP5_13TeV_pythia8/MINIAODSIM/106X_mc2017_realistic_v9-v1/230000/33345BAF-5740-F04C-936B-D821532AF6A7.root?tried=.
%MSG
11-Jun-2024 11:59:22 CEST  Fallback request to file root://xrootd-cms.infn.it//store/mc/RunIISummer20UL17MiniAODv2/QCD_Pt_50to80_TuneCP5_13TeV_pythia8/MINIAODSIM/106X_mc2017_realistic_v9-v1/230000/33345BAF-5740-F04C-936B-D821532AF6A7.root
%MSG-w XrdAdaptor:  file_open 11-Jun-2024 11:59:35 CEST PostProcessEvent
Data is served from fnal.gov instead of original site T2_FR_GRIF_LLR
%MSG
11-Jun-2024 11:59:36 CEST  Successfully opened file root://xrootd-cms.infn.it//store/mc/RunIISummer20UL17MiniAODv2/QCD_Pt_50to80_TuneCP5_13TeV_pythia8/MINIAODSIM/106X_mc2017_realistic_v9-v1/230000/33345BAF-5740-F04C-936B-D821532AF6A7.root
Begin processing the 600001st record. Run 1, Event 7641003, LumiSection 7642 on stream 0 at 11-Jun-2024 11:59:43.133 CEST
11-Jun-2024 11:59:45 CEST  Closed file root://xrootd-cms.infn.it//store/mc/RunIISummer20UL17MiniAODv2/QCD_Pt_50to80_TuneCP5_13TeV_pythia8/MINIAODSIM/106X_mc2017_realistic_v9-v1/230000/33345BAF-5740-F04C-936B-D821532AF6A7.root
11-Jun-2024 11:59:45 CEST  Initiating request to open file root://eoscms.cern.ch//eos/cms/store/mc/RunIISummer20UL17MiniAODv2/QCD_Pt_50to80_TuneCP5_13TeV_pythia8/MINIAODSIM/106X_mc2017_realistic_v9-v1/230000/20324EC3-DA4A-6142-9471-E285CC91472C.root
%MSG-w XrdAdaptorInternal:  file_open 11-Jun-2024 11:59:46 CEST PostProcessEvent
Failed to open file at URL root://eoscms.cern.ch:1094//eos/cms/store/mc/RunIISummer20UL17MiniAODv2/QCD_Pt_50to80_TuneCP5_13TeV_pythia8/MINIAODSIM/106X_mc2017_realistic_v9-v1/230000/20324EC3-DA4A-6142-9471-E285CC91472C.root.
%MSG
%MSG-w XrdAdaptorInternal:  file_open 11-Jun-2024 11:59:46 CEST PostProcessEvent
Failed to open file at URL root://eoscms.cern.ch:1094//eos/cms/store/mc/RunIISummer20UL17MiniAODv2/QCD_Pt_50to80_TuneCP5_13TeV_pythia8/MINIAODSIM/106X_mc2017_realistic_v9-v1/230000/20324EC3-DA4A-6142-9471-E285CC91472C.root?tried=.
%MSG
11-Jun-2024 11:59:46 CEST  Fallback request to file root://xrootd-cms.infn.it//store/mc/RunIISummer20UL17MiniAODv2/QCD_Pt_50to80_TuneCP5_13TeV_pythia8/MINIAODSIM/106X_mc2017_realistic_v9-v1/230000/20324EC3-DA4A-6142-9471-E285CC91472C.root
%MSG-w XrdAdaptor:  file_open 11-Jun-2024 11:59:59 CEST PostProcessEvent
Data is served from fnal.gov instead of original site T2_FR_GRIF_LLR
%MSG
11-Jun-2024 11:59:59 CEST  Successfully opened file root://xrootd-cms.infn.it//store/mc/RunIISummer20UL17MiniAODv2/QCD_Pt_50to80_TuneCP5_13TeV_pythia8/MINIAODSIM/106X_mc2017_realistic_v9-v1/230000/20324EC3-DA4A-6142-9471-E285CC91472C.root
Begin processing the 700001st record. Run 1, Event 8045010, LumiSection 8046 on stream 0 at 11-Jun-2024 12:00:07.858 CEST
11-Jun-2024 12:00:09 CEST  Closed file root://xrootd-cms.infn.it//store/mc/RunIISummer20UL17MiniAODv2/QCD_Pt_50to80_TuneCP5_13TeV_pythia8/MINIAODSIM/106X_mc2017_realistic_v9-v1/230000/20324EC3-DA4A-6142-9471-E285CC91472C.root
11-Jun-2024 12:00:09 CEST  Initiating request to open file root://eoscms.cern.ch//eos/cms/store/mc/RunIISummer20UL17MiniAODv2/QCD_Pt_50to80_TuneCP5_13TeV_pythia8/MINIAODSIM/106X_mc2017_realistic_v9-v1/230000/237F99B6-EBEC-BD4A-9EED-8B4C09365AE9.root
%MSG-w XrdAdaptorInternal:  file_open 11-Jun-2024 12:00:10 CEST PostProcessEvent
Failed to open file at URL root://eoscms.cern.ch:1094//eos/cms/store/mc/RunIISummer20UL17MiniAODv2/QCD_Pt_50to80_TuneCP5_13TeV_pythia8/MINIAODSIM/106X_mc2017_realistic_v9-v1/230000/237F99B6-EBEC-BD4A-9EED-8B4C09365AE9.root.
%MSG
%MSG-w XrdAdaptorInternal:  file_open 11-Jun-2024 12:00:10 CEST PostProcessEvent
Failed to open file at URL root://eoscms.cern.ch:1094//eos/cms/store/mc/RunIISummer20UL17MiniAODv2/QCD_Pt_50to80_TuneCP5_13TeV_pythia8/MINIAODSIM/106X_mc2017_realistic_v9-v1/230000/237F99B6-EBEC-BD4A-9EED-8B4C09365AE9.root?tried=.
%MSG
11-Jun-2024 12:00:10 CEST  Fallback request to file root://xrootd-cms.infn.it//store/mc/RunIISummer20UL17MiniAODv2/QCD_Pt_50to80_TuneCP5_13TeV_pythia8/MINIAODSIM/106X_mc2017_realistic_v9-v1/230000/237F99B6-EBEC-BD4A-9EED-8B4C09365AE9.root
%MSG-w XrdAdaptor:  file_open 11-Jun-2024 12:00:23 CEST PostProcessEvent
Data is served from fnal.gov instead of original site T2_FR_GRIF_LLR
%MSG
11-Jun-2024 12:00:23 CEST  Successfully opened file root://xrootd-cms.infn.it//store/mc/RunIISummer20UL17MiniAODv2/QCD_Pt_50to80_TuneCP5_13TeV_pythia8/MINIAODSIM/106X_mc2017_realistic_v9-v1/230000/237F99B6-EBEC-BD4A-9EED-8B4C09365AE9.root
Begin processing the 800001st record. Run 1, Event 8583002, LumiSection 8584 on stream 0 at 11-Jun-2024 12:00:35.591 CEST
11-Jun-2024 12:00:37 CEST  Closed file root://xrootd-cms.infn.it//store/mc/RunIISummer20UL17MiniAODv2/QCD_Pt_50to80_TuneCP5_13TeV_pythia8/MINIAODSIM/106X_mc2017_realistic_v9-v1/230000/237F99B6-EBEC-BD4A-9EED-8B4C09365AE9.root
11-Jun-2024 12:00:37 CEST  Initiating request to open file root://eoscms.cern.ch//eos/cms/store/mc/RunIISummer20UL17MiniAODv2/QCD_Pt_50to80_TuneCP5_13TeV_pythia8/MINIAODSIM/106X_mc2017_realistic_v9-v1/230000/0D96981D-C257-5F49-9EDC-229B66F23B5A.root
%MSG-w XrdAdaptorInternal:  file_open 11-Jun-2024 12:00:38 CEST PostProcessEvent
Failed to open file at URL root://eoscms.cern.ch:1094//eos/cms/store/mc/RunIISummer20UL17MiniAODv2/QCD_Pt_50to80_TuneCP5_13TeV_pythia8/MINIAODSIM/106X_mc2017_realistic_v9-v1/230000/0D96981D-C257-5F49-9EDC-229B66F23B5A.root.
%MSG
%MSG-w XrdAdaptorInternal:  file_open 11-Jun-2024 12:00:38 CEST PostProcessEvent
Failed to open file at URL root://eoscms.cern.ch:1094//eos/cms/store/mc/RunIISummer20UL17MiniAODv2/QCD_Pt_50to80_TuneCP5_13TeV_pythia8/MINIAODSIM/106X_mc2017_realistic_v9-v1/230000/0D96981D-C257-5F49-9EDC-229B66F23B5A.root?tried=.
%MSG
11-Jun-2024 12:00:38 CEST  Fallback request to file root://xrootd-cms.infn.it//store/mc/RunIISummer20UL17MiniAODv2/QCD_Pt_50to80_TuneCP5_13TeV_pythia8/MINIAODSIM/106X_mc2017_realistic_v9-v1/230000/0D96981D-C257-5F49-9EDC-229B66F23B5A.root
%MSG-w XrdAdaptor:  file_open 11-Jun-2024 12:00:50 CEST PostProcessEvent
Data is served from fnal.gov instead of original site T2_FR_GRIF_LLR
%MSG
11-Jun-2024 12:00:51 CEST  Successfully opened file root://xrootd-cms.infn.it//store/mc/RunIISummer20UL17MiniAODv2/QCD_Pt_50to80_TuneCP5_13TeV_pythia8/MINIAODSIM/106X_mc2017_realistic_v9-v1/230000/0D96981D-C257-5F49-9EDC-229B66F23B5A.root
Begin processing the 900001st record. Run 1, Event 8752011, LumiSection 8753 on stream 0 at 11-Jun-2024 12:01:00.193 CEST
11-Jun-2024 12:01:01 CEST  Closed file root://xrootd-cms.infn.it//store/mc/RunIISummer20UL17MiniAODv2/QCD_Pt_50to80_TuneCP5_13TeV_pythia8/MINIAODSIM/106X_mc2017_realistic_v9-v1/230000/0D96981D-C257-5F49-9EDC-229B66F23B5A.root
11-Jun-2024 12:01:01 CEST  Initiating request to open file root://eoscms.cern.ch//eos/cms/store/mc/RunIISummer20UL17MiniAODv2/QCD_Pt_50to80_TuneCP5_13TeV_pythia8/MINIAODSIM/106X_mc2017_realistic_v9-v1/230000/5ECA662F-F04E-C541-A52E-02E666617EBD.root
%MSG-w XrdAdaptorInternal:  file_open 11-Jun-2024 12:01:02 CEST PostProcessEvent
Failed to open file at URL root://eoscms.cern.ch:1094//eos/cms/store/mc/RunIISummer20UL17MiniAODv2/QCD_Pt_50to80_TuneCP5_13TeV_pythia8/MINIAODSIM/106X_mc2017_realistic_v9-v1/230000/5ECA662F-F04E-C541-A52E-02E666617EBD.root.
%MSG
%MSG-w XrdAdaptorInternal:  file_open 11-Jun-2024 12:01:02 CEST PostProcessEvent
Failed to open file at URL root://eoscms.cern.ch:1094//eos/cms/store/mc/RunIISummer20UL17MiniAODv2/QCD_Pt_50to80_TuneCP5_13TeV_pythia8/MINIAODSIM/106X_mc2017_realistic_v9-v1/230000/5ECA662F-F04E-C541-A52E-02E666617EBD.root?tried=.
%MSG
11-Jun-2024 12:01:02 CEST  Fallback request to file root://xrootd-cms.infn.it//store/mc/RunIISummer20UL17MiniAODv2/QCD_Pt_50to80_TuneCP5_13TeV_pythia8/MINIAODSIM/106X_mc2017_realistic_v9-v1/230000/5ECA662F-F04E-C541-A52E-02E666617EBD.root
%MSG-w XrdAdaptor:  file_open 11-Jun-2024 12:01:14 CEST PostProcessEvent
Data is served from fnal.gov instead of original site T2_FR_GRIF_LLR
%MSG
11-Jun-2024 12:01:14 CEST  Successfully opened file root://xrootd-cms.infn.it//store/mc/RunIISummer20UL17MiniAODv2/QCD_Pt_50to80_TuneCP5_13TeV_pythia8/MINIAODSIM/106X_mc2017_realistic_v9-v1/230000/5ECA662F-F04E-C541-A52E-02E666617EBD.root
11-Jun-2024 12:01:25 CEST  Closed file root://xrootd-cms.infn.it//store/mc/RunIISummer20UL17MiniAODv2/QCD_Pt_50to80_TuneCP5_13TeV_pythia8/MINIAODSIM/106X_mc2017_realistic_v9-v1/230000/5ECA662F-F04E-C541-A52E-02E666617EBD.root

------------------------------------
GenXsecAnalyzer:
------------------------------------
Before Filter: total cross section = 1.572e+07 +- 8.038e+03 pb
Filter efficiency (taking into account weights)= (1e+06) / (1e+06) = 1.000e+00 +- 0.000e+00
Filter efficiency (event-level)= (1e+06) / (1e+06) = 1.000e+00 +- 0.000e+00    [TO BE USED IN MCM]

After filter: final cross section = 1.572e+07 +- 8.038e+03 pb
After filter: final fraction of events with negative weights = 0.000e+00 +- 0.000e+00
After filter: final equivalent lumi for 1M events (1/fb) = 6.361e-05 +- 7.144e-08

=============================================

MessageLogger Summary

 type     category        sev    module        subroutine        count    total
 ---- -------------------- -- ---------------- ----------------  -----    -----
    1 GenXSecAnalyzer      -w GenXSecAnalyzer:                       7        7
    2 XrdAdaptor           -w file_open                             12       12
    3 XrdAdaptorInternal   -w file_open                             24       24
    4 fileAction           -s file_close                            12       12
    5 fileAction           -s file_open                             36       36

 type    category    Examples: run/evt        run/evt          run/evt
 ---- -------------------- ---------------- ---------------- ----------------
    1 GenXSecAnalyzer      PostGlobalEndRun PostGlobalEndRun PostGlobalEndRun
    2 XrdAdaptor           pre-events       PostProcessEvent PostProcessEvent
    3 XrdAdaptorInternal   pre-events       pre-events       PostProcessEvent
    4 fileAction           PostProcessEvent PostProcessEvent PostGlobalEndRun
    5 fileAction           pre-events       pre-events       PostProcessEvent

Severity    # Occurrences   Total Occurrences
--------    -------------   -----------------
Warning                43                  43
System                 48                  48

dropped waiting message count 0
