11-Jun-2024 12:48:23 CEST  Initiating request to open file root://eoscms.cern.ch//eos/cms/store/mc/RunIISummer20UL17MiniAODv2/QCD_Pt_1400to1800_TuneCP5_13TeV_pythia8/MINIAODSIM/106X_mc2017_realistic_v9-v1/240000/7081BA8B-C00B-4345-974E-29097E08FDC7.root
%MSG-w XrdAdaptorInternal:  file_open 11-Jun-2024 12:48:25 CEST pre-events
Failed to open file at URL root://eoscms.cern.ch:1094//eos/cms/store/mc/RunIISummer20UL17MiniAODv2/QCD_Pt_1400to1800_TuneCP5_13TeV_pythia8/MINIAODSIM/106X_mc2017_realistic_v9-v1/240000/7081BA8B-C00B-4345-974E-29097E08FDC7.root.
%MSG
%MSG-w XrdAdaptorInternal:  file_open 11-Jun-2024 12:48:25 CEST pre-events
Failed to open file at URL root://eoscms.cern.ch:1094//eos/cms/store/mc/RunIISummer20UL17MiniAODv2/QCD_Pt_1400to1800_TuneCP5_13TeV_pythia8/MINIAODSIM/106X_mc2017_realistic_v9-v1/240000/7081BA8B-C00B-4345-974E-29097E08FDC7.root?tried=.
%MSG
11-Jun-2024 12:48:25 CEST  Fallback request to file root://xrootd-cms.infn.it//store/mc/RunIISummer20UL17MiniAODv2/QCD_Pt_1400to1800_TuneCP5_13TeV_pythia8/MINIAODSIM/106X_mc2017_realistic_v9-v1/240000/7081BA8B-C00B-4345-974E-29097E08FDC7.root
Unable to load sec.protocol plugin libXrdSecztn.so
%MSG-w XrdAdaptor:  file_open 11-Jun-2024 12:48:40 CEST pre-events
Data is served from fnal.gov instead of original site T2_FR_GRIF_LLR
%MSG
11-Jun-2024 12:48:43 CEST  Successfully opened file root://xrootd-cms.infn.it//store/mc/RunIISummer20UL17MiniAODv2/QCD_Pt_1400to1800_TuneCP5_13TeV_pythia8/MINIAODSIM/106X_mc2017_realistic_v9-v1/240000/7081BA8B-C00B-4345-974E-29097E08FDC7.root
Unable to load sec.protocol plugin libXrdSecztn.so
Begin processing the 1st record. Run 1, Event 3525006, LumiSection 3526 on stream 0 at 11-Jun-2024 12:48:48.995 CEST
11-Jun-2024 12:48:50 CEST  Closed file root://xrootd-cms.infn.it//store/mc/RunIISummer20UL17MiniAODv2/QCD_Pt_1400to1800_TuneCP5_13TeV_pythia8/MINIAODSIM/106X_mc2017_realistic_v9-v1/240000/7081BA8B-C00B-4345-974E-29097E08FDC7.root
11-Jun-2024 12:48:50 CEST  Initiating request to open file root://eoscms.cern.ch//eos/cms/store/mc/RunIISummer20UL17MiniAODv2/QCD_Pt_1400to1800_TuneCP5_13TeV_pythia8/MINIAODSIM/106X_mc2017_realistic_v9-v1/240000/010A1E6E-486B-854B-9443-DCA397AC6C77.root
%MSG-w XrdAdaptorInternal:  file_open 11-Jun-2024 12:48:51 CEST PostProcessEvent
Failed to open file at URL root://eoscms.cern.ch:1094//eos/cms/store/mc/RunIISummer20UL17MiniAODv2/QCD_Pt_1400to1800_TuneCP5_13TeV_pythia8/MINIAODSIM/106X_mc2017_realistic_v9-v1/240000/010A1E6E-486B-854B-9443-DCA397AC6C77.root.
%MSG
%MSG-w XrdAdaptorInternal:  file_open 11-Jun-2024 12:48:51 CEST PostProcessEvent
Failed to open file at URL root://eoscms.cern.ch:1094//eos/cms/store/mc/RunIISummer20UL17MiniAODv2/QCD_Pt_1400to1800_TuneCP5_13TeV_pythia8/MINIAODSIM/106X_mc2017_realistic_v9-v1/240000/010A1E6E-486B-854B-9443-DCA397AC6C77.root?tried=.
%MSG
11-Jun-2024 12:48:51 CEST  Fallback request to file root://xrootd-cms.infn.it//store/mc/RunIISummer20UL17MiniAODv2/QCD_Pt_1400to1800_TuneCP5_13TeV_pythia8/MINIAODSIM/106X_mc2017_realistic_v9-v1/240000/010A1E6E-486B-854B-9443-DCA397AC6C77.root
%MSG-w XrdAdaptor:  file_open 11-Jun-2024 12:49:04 CEST PostProcessEvent
Data is served from fnal.gov instead of original site T2_FR_GRIF_LLR
%MSG
11-Jun-2024 12:49:05 CEST  Successfully opened file root://xrootd-cms.infn.it//store/mc/RunIISummer20UL17MiniAODv2/QCD_Pt_1400to1800_TuneCP5_13TeV_pythia8/MINIAODSIM/106X_mc2017_realistic_v9-v1/240000/010A1E6E-486B-854B-9443-DCA397AC6C77.root
Begin processing the 100001st record. Run 1, Event 1792014, LumiSection 1793 on stream 0 at 11-Jun-2024 12:49:14.174 CEST
11-Jun-2024 12:49:15 CEST  Closed file root://xrootd-cms.infn.it//store/mc/RunIISummer20UL17MiniAODv2/QCD_Pt_1400to1800_TuneCP5_13TeV_pythia8/MINIAODSIM/106X_mc2017_realistic_v9-v1/240000/010A1E6E-486B-854B-9443-DCA397AC6C77.root
11-Jun-2024 12:49:15 CEST  Initiating request to open file root://eoscms.cern.ch//eos/cms/store/mc/RunIISummer20UL17MiniAODv2/QCD_Pt_1400to1800_TuneCP5_13TeV_pythia8/MINIAODSIM/106X_mc2017_realistic_v9-v1/240000/402D726D-B12D-5F43-88AD-5FF2218CB613.root
%MSG-w XrdAdaptorInternal:  file_open 11-Jun-2024 12:49:16 CEST PostProcessEvent
Failed to open file at URL root://eoscms.cern.ch:1094//eos/cms/store/mc/RunIISummer20UL17MiniAODv2/QCD_Pt_1400to1800_TuneCP5_13TeV_pythia8/MINIAODSIM/106X_mc2017_realistic_v9-v1/240000/402D726D-B12D-5F43-88AD-5FF2218CB613.root.
%MSG
%MSG-w XrdAdaptorInternal:  file_open 11-Jun-2024 12:49:16 CEST PostProcessEvent
Failed to open file at URL root://eoscms.cern.ch:1094//eos/cms/store/mc/RunIISummer20UL17MiniAODv2/QCD_Pt_1400to1800_TuneCP5_13TeV_pythia8/MINIAODSIM/106X_mc2017_realistic_v9-v1/240000/402D726D-B12D-5F43-88AD-5FF2218CB613.root?tried=.
%MSG
11-Jun-2024 12:49:16 CEST  Fallback request to file root://xrootd-cms.infn.it//store/mc/RunIISummer20UL17MiniAODv2/QCD_Pt_1400to1800_TuneCP5_13TeV_pythia8/MINIAODSIM/106X_mc2017_realistic_v9-v1/240000/402D726D-B12D-5F43-88AD-5FF2218CB613.root
%MSG-w XrdAdaptor:  file_open 11-Jun-2024 12:49:29 CEST PostProcessEvent
Data is served from fnal.gov instead of original site T2_FR_GRIF_LLR
%MSG
11-Jun-2024 12:49:29 CEST  Successfully opened file root://xrootd-cms.infn.it//store/mc/RunIISummer20UL17MiniAODv2/QCD_Pt_1400to1800_TuneCP5_13TeV_pythia8/MINIAODSIM/106X_mc2017_realistic_v9-v1/240000/402D726D-B12D-5F43-88AD-5FF2218CB613.root
Unable to load sec.protocol plugin libXrdSecztn.so
Begin processing the 200001st record. Run 1, Event 3941008, LumiSection 3942 on stream 0 at 11-Jun-2024 12:49:40.503 CEST
11-Jun-2024 12:49:40 CEST  Closed file root://xrootd-cms.infn.it//store/mc/RunIISummer20UL17MiniAODv2/QCD_Pt_1400to1800_TuneCP5_13TeV_pythia8/MINIAODSIM/106X_mc2017_realistic_v9-v1/240000/402D726D-B12D-5F43-88AD-5FF2218CB613.root
11-Jun-2024 12:49:40 CEST  Initiating request to open file root://eoscms.cern.ch//eos/cms/store/mc/RunIISummer20UL17MiniAODv2/QCD_Pt_1400to1800_TuneCP5_13TeV_pythia8/MINIAODSIM/106X_mc2017_realistic_v9-v1/240000/4BB70D74-BDF1-FB43-9817-8C9EE4082E5A.root
%MSG-w XrdAdaptorInternal:  file_open 11-Jun-2024 12:49:41 CEST PostProcessEvent
Failed to open file at URL root://eoscms.cern.ch:1094//eos/cms/store/mc/RunIISummer20UL17MiniAODv2/QCD_Pt_1400to1800_TuneCP5_13TeV_pythia8/MINIAODSIM/106X_mc2017_realistic_v9-v1/240000/4BB70D74-BDF1-FB43-9817-8C9EE4082E5A.root.
%MSG
%MSG-w XrdAdaptorInternal:  file_open 11-Jun-2024 12:49:41 CEST PostProcessEvent
Failed to open file at URL root://eoscms.cern.ch:1094//eos/cms/store/mc/RunIISummer20UL17MiniAODv2/QCD_Pt_1400to1800_TuneCP5_13TeV_pythia8/MINIAODSIM/106X_mc2017_realistic_v9-v1/240000/4BB70D74-BDF1-FB43-9817-8C9EE4082E5A.root?tried=.
%MSG
11-Jun-2024 12:49:41 CEST  Fallback request to file root://xrootd-cms.infn.it//store/mc/RunIISummer20UL17MiniAODv2/QCD_Pt_1400to1800_TuneCP5_13TeV_pythia8/MINIAODSIM/106X_mc2017_realistic_v9-v1/240000/4BB70D74-BDF1-FB43-9817-8C9EE4082E5A.root
%MSG-w XrdAdaptor:  file_open 11-Jun-2024 12:49:54 CEST PostProcessEvent
Data is served from fnal.gov instead of original site T2_FR_GRIF_LLR
%MSG
11-Jun-2024 12:49:55 CEST  Successfully opened file root://xrootd-cms.infn.it//store/mc/RunIISummer20UL17MiniAODv2/QCD_Pt_1400to1800_TuneCP5_13TeV_pythia8/MINIAODSIM/106X_mc2017_realistic_v9-v1/240000/4BB70D74-BDF1-FB43-9817-8C9EE4082E5A.root
11-Jun-2024 12:50:04 CEST  Closed file root://xrootd-cms.infn.it//store/mc/RunIISummer20UL17MiniAODv2/QCD_Pt_1400to1800_TuneCP5_13TeV_pythia8/MINIAODSIM/106X_mc2017_realistic_v9-v1/240000/4BB70D74-BDF1-FB43-9817-8C9EE4082E5A.root
11-Jun-2024 12:50:04 CEST  Initiating request to open file root://eoscms.cern.ch//eos/cms/store/mc/RunIISummer20UL17MiniAODv2/QCD_Pt_1400to1800_TuneCP5_13TeV_pythia8/MINIAODSIM/106X_mc2017_realistic_v9-v1/240000/547C23C2-BE68-8047-9F19-98AF73D5F447.root
%MSG-w XrdAdaptorInternal:  file_open 11-Jun-2024 12:50:05 CEST PostProcessEvent
Failed to open file at URL root://eoscms.cern.ch:1094//eos/cms/store/mc/RunIISummer20UL17MiniAODv2/QCD_Pt_1400to1800_TuneCP5_13TeV_pythia8/MINIAODSIM/106X_mc2017_realistic_v9-v1/240000/547C23C2-BE68-8047-9F19-98AF73D5F447.root.
%MSG
%MSG-w XrdAdaptorInternal:  file_open 11-Jun-2024 12:50:05 CEST PostProcessEvent
Failed to open file at URL root://eoscms.cern.ch:1094//eos/cms/store/mc/RunIISummer20UL17MiniAODv2/QCD_Pt_1400to1800_TuneCP5_13TeV_pythia8/MINIAODSIM/106X_mc2017_realistic_v9-v1/240000/547C23C2-BE68-8047-9F19-98AF73D5F447.root?tried=.
%MSG
11-Jun-2024 12:50:05 CEST  Fallback request to file root://xrootd-cms.infn.it//store/mc/RunIISummer20UL17MiniAODv2/QCD_Pt_1400to1800_TuneCP5_13TeV_pythia8/MINIAODSIM/106X_mc2017_realistic_v9-v1/240000/547C23C2-BE68-8047-9F19-98AF73D5F447.root
%MSG-w XrdAdaptor:  file_open 11-Jun-2024 12:50:18 CEST PostProcessEvent
Data is served from fnal.gov instead of original site T2_FR_GRIF_LLR
%MSG
11-Jun-2024 12:50:19 CEST  Successfully opened file root://xrootd-cms.infn.it//store/mc/RunIISummer20UL17MiniAODv2/QCD_Pt_1400to1800_TuneCP5_13TeV_pythia8/MINIAODSIM/106X_mc2017_realistic_v9-v1/240000/547C23C2-BE68-8047-9F19-98AF73D5F447.root
Begin processing the 300001st record. Run 1, Event 8472005, LumiSection 8473 on stream 0 at 11-Jun-2024 12:50:25.154 CEST
11-Jun-2024 12:50:26 CEST  Closed file root://xrootd-cms.infn.it//store/mc/RunIISummer20UL17MiniAODv2/QCD_Pt_1400to1800_TuneCP5_13TeV_pythia8/MINIAODSIM/106X_mc2017_realistic_v9-v1/240000/547C23C2-BE68-8047-9F19-98AF73D5F447.root
11-Jun-2024 12:50:26 CEST  Initiating request to open file root://eoscms.cern.ch//eos/cms/store/mc/RunIISummer20UL17MiniAODv2/QCD_Pt_1400to1800_TuneCP5_13TeV_pythia8/MINIAODSIM/106X_mc2017_realistic_v9-v1/240000/6CD6D1BB-2148-A246-A578-DE925AE83F1A.root
%MSG-w XrdAdaptorInternal:  file_open 11-Jun-2024 12:50:27 CEST PostProcessEvent
Failed to open file at URL root://eoscms.cern.ch:1094//eos/cms/store/mc/RunIISummer20UL17MiniAODv2/QCD_Pt_1400to1800_TuneCP5_13TeV_pythia8/MINIAODSIM/106X_mc2017_realistic_v9-v1/240000/6CD6D1BB-2148-A246-A578-DE925AE83F1A.root.
%MSG
%MSG-w XrdAdaptorInternal:  file_open 11-Jun-2024 12:50:27 CEST PostProcessEvent
Failed to open file at URL root://eoscms.cern.ch:1094//eos/cms/store/mc/RunIISummer20UL17MiniAODv2/QCD_Pt_1400to1800_TuneCP5_13TeV_pythia8/MINIAODSIM/106X_mc2017_realistic_v9-v1/240000/6CD6D1BB-2148-A246-A578-DE925AE83F1A.root?tried=.
%MSG
11-Jun-2024 12:50:27 CEST  Fallback request to file root://xrootd-cms.infn.it//store/mc/RunIISummer20UL17MiniAODv2/QCD_Pt_1400to1800_TuneCP5_13TeV_pythia8/MINIAODSIM/106X_mc2017_realistic_v9-v1/240000/6CD6D1BB-2148-A246-A578-DE925AE83F1A.root
%MSG-w XrdAdaptor:  file_open 11-Jun-2024 12:50:41 CEST PostProcessEvent
Data is served from fnal.gov instead of original site T2_FR_GRIF_LLR
%MSG
11-Jun-2024 12:50:41 CEST  Successfully opened file root://xrootd-cms.infn.it//store/mc/RunIISummer20UL17MiniAODv2/QCD_Pt_1400to1800_TuneCP5_13TeV_pythia8/MINIAODSIM/106X_mc2017_realistic_v9-v1/240000/6CD6D1BB-2148-A246-A578-DE925AE83F1A.root
Begin processing the 400001st record. Run 1, Event 1894007, LumiSection 1895 on stream 0 at 11-Jun-2024 12:50:51.901 CEST
11-Jun-2024 12:50:52 CEST  Closed file root://xrootd-cms.infn.it//store/mc/RunIISummer20UL17MiniAODv2/QCD_Pt_1400to1800_TuneCP5_13TeV_pythia8/MINIAODSIM/106X_mc2017_realistic_v9-v1/240000/6CD6D1BB-2148-A246-A578-DE925AE83F1A.root
11-Jun-2024 12:50:52 CEST  Initiating request to open file root://eoscms.cern.ch//eos/cms/store/mc/RunIISummer20UL17MiniAODv2/QCD_Pt_1400to1800_TuneCP5_13TeV_pythia8/MINIAODSIM/106X_mc2017_realistic_v9-v1/240000/8DF76A91-A179-B340-8D5F-E790905CC07A.root
%MSG-w XrdAdaptorInternal:  file_open 11-Jun-2024 12:50:53 CEST PostProcessEvent
Failed to open file at URL root://eoscms.cern.ch:1094//eos/cms/store/mc/RunIISummer20UL17MiniAODv2/QCD_Pt_1400to1800_TuneCP5_13TeV_pythia8/MINIAODSIM/106X_mc2017_realistic_v9-v1/240000/8DF76A91-A179-B340-8D5F-E790905CC07A.root.
%MSG
%MSG-w XrdAdaptorInternal:  file_open 11-Jun-2024 12:50:53 CEST PostProcessEvent
Failed to open file at URL root://eoscms.cern.ch:1094//eos/cms/store/mc/RunIISummer20UL17MiniAODv2/QCD_Pt_1400to1800_TuneCP5_13TeV_pythia8/MINIAODSIM/106X_mc2017_realistic_v9-v1/240000/8DF76A91-A179-B340-8D5F-E790905CC07A.root?tried=.
%MSG
11-Jun-2024 12:50:53 CEST  Fallback request to file root://xrootd-cms.infn.it//store/mc/RunIISummer20UL17MiniAODv2/QCD_Pt_1400to1800_TuneCP5_13TeV_pythia8/MINIAODSIM/106X_mc2017_realistic_v9-v1/240000/8DF76A91-A179-B340-8D5F-E790905CC07A.root
%MSG-w XrdAdaptor:  file_open 11-Jun-2024 12:51:07 CEST PostProcessEvent
Data is served from fnal.gov instead of original site T2_FR_GRIF_LLR
%MSG
11-Jun-2024 12:51:07 CEST  Successfully opened file root://xrootd-cms.infn.it//store/mc/RunIISummer20UL17MiniAODv2/QCD_Pt_1400to1800_TuneCP5_13TeV_pythia8/MINIAODSIM/106X_mc2017_realistic_v9-v1/240000/8DF76A91-A179-B340-8D5F-E790905CC07A.root
Begin processing the 500001st record. Run 1, Event 9839001, LumiSection 9840 on stream 0 at 11-Jun-2024 12:51:23.523 CEST
11-Jun-2024 12:51:23 CEST  Closed file root://xrootd-cms.infn.it//store/mc/RunIISummer20UL17MiniAODv2/QCD_Pt_1400to1800_TuneCP5_13TeV_pythia8/MINIAODSIM/106X_mc2017_realistic_v9-v1/240000/8DF76A91-A179-B340-8D5F-E790905CC07A.root
11-Jun-2024 12:51:23 CEST  Initiating request to open file root://eoscms.cern.ch//eos/cms/store/mc/RunIISummer20UL17MiniAODv2/QCD_Pt_1400to1800_TuneCP5_13TeV_pythia8/MINIAODSIM/106X_mc2017_realistic_v9-v1/240000/7ACCCAAA-7F4B-B84B-AF35-307898BDA5E5.root
%MSG-w XrdAdaptorInternal:  file_open 11-Jun-2024 12:51:24 CEST PostProcessEvent
Failed to open file at URL root://eoscms.cern.ch:1094//eos/cms/store/mc/RunIISummer20UL17MiniAODv2/QCD_Pt_1400to1800_TuneCP5_13TeV_pythia8/MINIAODSIM/106X_mc2017_realistic_v9-v1/240000/7ACCCAAA-7F4B-B84B-AF35-307898BDA5E5.root.
%MSG
%MSG-w XrdAdaptorInternal:  file_open 11-Jun-2024 12:51:24 CEST PostProcessEvent
Failed to open file at URL root://eoscms.cern.ch:1094//eos/cms/store/mc/RunIISummer20UL17MiniAODv2/QCD_Pt_1400to1800_TuneCP5_13TeV_pythia8/MINIAODSIM/106X_mc2017_realistic_v9-v1/240000/7ACCCAAA-7F4B-B84B-AF35-307898BDA5E5.root?tried=.
%MSG
11-Jun-2024 12:51:24 CEST  Fallback request to file root://xrootd-cms.infn.it//store/mc/RunIISummer20UL17MiniAODv2/QCD_Pt_1400to1800_TuneCP5_13TeV_pythia8/MINIAODSIM/106X_mc2017_realistic_v9-v1/240000/7ACCCAAA-7F4B-B84B-AF35-307898BDA5E5.root
%MSG-w XrdAdaptor:  file_open 11-Jun-2024 12:51:37 CEST PostProcessEvent
Data is served from fnal.gov instead of original site T2_FR_GRIF_LLR
%MSG
11-Jun-2024 12:51:38 CEST  Successfully opened file root://xrootd-cms.infn.it//store/mc/RunIISummer20UL17MiniAODv2/QCD_Pt_1400to1800_TuneCP5_13TeV_pythia8/MINIAODSIM/106X_mc2017_realistic_v9-v1/240000/7ACCCAAA-7F4B-B84B-AF35-307898BDA5E5.root
11-Jun-2024 12:51:48 CEST  Closed file root://xrootd-cms.infn.it//store/mc/RunIISummer20UL17MiniAODv2/QCD_Pt_1400to1800_TuneCP5_13TeV_pythia8/MINIAODSIM/106X_mc2017_realistic_v9-v1/240000/7ACCCAAA-7F4B-B84B-AF35-307898BDA5E5.root
11-Jun-2024 12:51:48 CEST  Initiating request to open file root://eoscms.cern.ch//eos/cms/store/mc/RunIISummer20UL17MiniAODv2/QCD_Pt_1400to1800_TuneCP5_13TeV_pythia8/MINIAODSIM/106X_mc2017_realistic_v9-v1/30000/40F7B68E-3AE1-FD49-878D-A8910FAA5F7E.root
%MSG-w XrdAdaptorInternal:  file_open 11-Jun-2024 12:51:49 CEST PostProcessEvent
Failed to open file at URL root://eoscms.cern.ch:1094//eos/cms/store/mc/RunIISummer20UL17MiniAODv2/QCD_Pt_1400to1800_TuneCP5_13TeV_pythia8/MINIAODSIM/106X_mc2017_realistic_v9-v1/30000/40F7B68E-3AE1-FD49-878D-A8910FAA5F7E.root.
%MSG
%MSG-w XrdAdaptorInternal:  file_open 11-Jun-2024 12:51:49 CEST PostProcessEvent
Failed to open file at URL root://eoscms.cern.ch:1094//eos/cms/store/mc/RunIISummer20UL17MiniAODv2/QCD_Pt_1400to1800_TuneCP5_13TeV_pythia8/MINIAODSIM/106X_mc2017_realistic_v9-v1/30000/40F7B68E-3AE1-FD49-878D-A8910FAA5F7E.root?tried=.
%MSG
11-Jun-2024 12:51:49 CEST  Fallback request to file root://xrootd-cms.infn.it//store/mc/RunIISummer20UL17MiniAODv2/QCD_Pt_1400to1800_TuneCP5_13TeV_pythia8/MINIAODSIM/106X_mc2017_realistic_v9-v1/30000/40F7B68E-3AE1-FD49-878D-A8910FAA5F7E.root
%MSG-w XrdAdaptor:  file_open 11-Jun-2024 12:52:02 CEST PostProcessEvent
Data is served from fnal.gov instead of original site T2_FR_GRIF_LLR
%MSG
11-Jun-2024 12:52:02 CEST  Successfully opened file root://xrootd-cms.infn.it//store/mc/RunIISummer20UL17MiniAODv2/QCD_Pt_1400to1800_TuneCP5_13TeV_pythia8/MINIAODSIM/106X_mc2017_realistic_v9-v1/30000/40F7B68E-3AE1-FD49-878D-A8910FAA5F7E.root
Begin processing the 600001st record. Run 1, Event 2811002, LumiSection 2812 on stream 0 at 11-Jun-2024 12:52:10.276 CEST
11-Jun-2024 12:52:12 CEST  Closed file root://xrootd-cms.infn.it//store/mc/RunIISummer20UL17MiniAODv2/QCD_Pt_1400to1800_TuneCP5_13TeV_pythia8/MINIAODSIM/106X_mc2017_realistic_v9-v1/30000/40F7B68E-3AE1-FD49-878D-A8910FAA5F7E.root
11-Jun-2024 12:52:12 CEST  Initiating request to open file root://eoscms.cern.ch//eos/cms/store/mc/RunIISummer20UL17MiniAODv2/QCD_Pt_1400to1800_TuneCP5_13TeV_pythia8/MINIAODSIM/106X_mc2017_realistic_v9-v1/30000/575681DF-2872-9B42-BF13-F7432AA95BDF.root
%MSG-w XrdAdaptorInternal:  file_open 11-Jun-2024 12:52:13 CEST PostProcessEvent
Failed to open file at URL root://eoscms.cern.ch:1094//eos/cms/store/mc/RunIISummer20UL17MiniAODv2/QCD_Pt_1400to1800_TuneCP5_13TeV_pythia8/MINIAODSIM/106X_mc2017_realistic_v9-v1/30000/575681DF-2872-9B42-BF13-F7432AA95BDF.root.
%MSG
%MSG-w XrdAdaptorInternal:  file_open 11-Jun-2024 12:52:13 CEST PostProcessEvent
Failed to open file at URL root://eoscms.cern.ch:1094//eos/cms/store/mc/RunIISummer20UL17MiniAODv2/QCD_Pt_1400to1800_TuneCP5_13TeV_pythia8/MINIAODSIM/106X_mc2017_realistic_v9-v1/30000/575681DF-2872-9B42-BF13-F7432AA95BDF.root?tried=.
%MSG
11-Jun-2024 12:52:13 CEST  Fallback request to file root://xrootd-cms.infn.it//store/mc/RunIISummer20UL17MiniAODv2/QCD_Pt_1400to1800_TuneCP5_13TeV_pythia8/MINIAODSIM/106X_mc2017_realistic_v9-v1/30000/575681DF-2872-9B42-BF13-F7432AA95BDF.root
%MSG-w XrdAdaptor:  file_open 11-Jun-2024 12:52:26 CEST PostProcessEvent
Data is served from fnal.gov instead of original site T2_FR_GRIF_LLR
%MSG
11-Jun-2024 12:52:26 CEST  Successfully opened file root://xrootd-cms.infn.it//store/mc/RunIISummer20UL17MiniAODv2/QCD_Pt_1400to1800_TuneCP5_13TeV_pythia8/MINIAODSIM/106X_mc2017_realistic_v9-v1/30000/575681DF-2872-9B42-BF13-F7432AA95BDF.root
Begin processing the 700001st record. Run 1, Event 6853004, LumiSection 6854 on stream 0 at 11-Jun-2024 12:52:35.324 CEST
11-Jun-2024 12:52:37 CEST  Closed file root://xrootd-cms.infn.it//store/mc/RunIISummer20UL17MiniAODv2/QCD_Pt_1400to1800_TuneCP5_13TeV_pythia8/MINIAODSIM/106X_mc2017_realistic_v9-v1/30000/575681DF-2872-9B42-BF13-F7432AA95BDF.root
11-Jun-2024 12:52:37 CEST  Initiating request to open file root://eoscms.cern.ch//eos/cms/store/mc/RunIISummer20UL17MiniAODv2/QCD_Pt_1400to1800_TuneCP5_13TeV_pythia8/MINIAODSIM/106X_mc2017_realistic_v9-v1/30000/A9F3CD04-10DC-E046-AE2A-60A5F94BF45A.root
%MSG-w XrdAdaptorInternal:  file_open 11-Jun-2024 12:52:38 CEST PostProcessEvent
Failed to open file at URL root://eoscms.cern.ch:1094//eos/cms/store/mc/RunIISummer20UL17MiniAODv2/QCD_Pt_1400to1800_TuneCP5_13TeV_pythia8/MINIAODSIM/106X_mc2017_realistic_v9-v1/30000/A9F3CD04-10DC-E046-AE2A-60A5F94BF45A.root.
%MSG
%MSG-w XrdAdaptorInternal:  file_open 11-Jun-2024 12:52:38 CEST PostProcessEvent
Failed to open file at URL root://eoscms.cern.ch:1094//eos/cms/store/mc/RunIISummer20UL17MiniAODv2/QCD_Pt_1400to1800_TuneCP5_13TeV_pythia8/MINIAODSIM/106X_mc2017_realistic_v9-v1/30000/A9F3CD04-10DC-E046-AE2A-60A5F94BF45A.root?tried=.
%MSG
11-Jun-2024 12:52:38 CEST  Fallback request to file root://xrootd-cms.infn.it//store/mc/RunIISummer20UL17MiniAODv2/QCD_Pt_1400to1800_TuneCP5_13TeV_pythia8/MINIAODSIM/106X_mc2017_realistic_v9-v1/30000/A9F3CD04-10DC-E046-AE2A-60A5F94BF45A.root
%MSG-w XrdAdaptor:  file_open 11-Jun-2024 12:52:50 CEST PostProcessEvent
Data is served from fnal.gov instead of original site T2_FR_GRIF_LLR
%MSG
11-Jun-2024 12:52:50 CEST  Successfully opened file root://xrootd-cms.infn.it//store/mc/RunIISummer20UL17MiniAODv2/QCD_Pt_1400to1800_TuneCP5_13TeV_pythia8/MINIAODSIM/106X_mc2017_realistic_v9-v1/30000/A9F3CD04-10DC-E046-AE2A-60A5F94BF45A.root
Begin processing the 800001st record. Run 1, Event 7163004, LumiSection 7164 on stream 0 at 11-Jun-2024 12:52:59.086 CEST
11-Jun-2024 12:53:00 CEST  Closed file root://xrootd-cms.infn.it//store/mc/RunIISummer20UL17MiniAODv2/QCD_Pt_1400to1800_TuneCP5_13TeV_pythia8/MINIAODSIM/106X_mc2017_realistic_v9-v1/30000/A9F3CD04-10DC-E046-AE2A-60A5F94BF45A.root
11-Jun-2024 12:53:00 CEST  Initiating request to open file root://eoscms.cern.ch//eos/cms/store/mc/RunIISummer20UL17MiniAODv2/QCD_Pt_1400to1800_TuneCP5_13TeV_pythia8/MINIAODSIM/106X_mc2017_realistic_v9-v1/30000/51609AB4-0F78-EC4D-98BD-F31DC79D9AFD.root
%MSG-w XrdAdaptorInternal:  file_open 11-Jun-2024 12:53:01 CEST PostProcessEvent
Failed to open file at URL root://eoscms.cern.ch:1094//eos/cms/store/mc/RunIISummer20UL17MiniAODv2/QCD_Pt_1400to1800_TuneCP5_13TeV_pythia8/MINIAODSIM/106X_mc2017_realistic_v9-v1/30000/51609AB4-0F78-EC4D-98BD-F31DC79D9AFD.root.
%MSG
%MSG-w XrdAdaptorInternal:  file_open 11-Jun-2024 12:53:01 CEST PostProcessEvent
Failed to open file at URL root://eoscms.cern.ch:1094//eos/cms/store/mc/RunIISummer20UL17MiniAODv2/QCD_Pt_1400to1800_TuneCP5_13TeV_pythia8/MINIAODSIM/106X_mc2017_realistic_v9-v1/30000/51609AB4-0F78-EC4D-98BD-F31DC79D9AFD.root?tried=.
%MSG
11-Jun-2024 12:53:01 CEST  Fallback request to file root://xrootd-cms.infn.it//store/mc/RunIISummer20UL17MiniAODv2/QCD_Pt_1400to1800_TuneCP5_13TeV_pythia8/MINIAODSIM/106X_mc2017_realistic_v9-v1/30000/51609AB4-0F78-EC4D-98BD-F31DC79D9AFD.root
%MSG-w XrdAdaptor:  file_open 11-Jun-2024 12:53:13 CEST PostProcessEvent
Data is served from fnal.gov instead of original site T2_FR_GRIF_LLR
%MSG
11-Jun-2024 12:53:14 CEST  Successfully opened file root://xrootd-cms.infn.it//store/mc/RunIISummer20UL17MiniAODv2/QCD_Pt_1400to1800_TuneCP5_13TeV_pythia8/MINIAODSIM/106X_mc2017_realistic_v9-v1/30000/51609AB4-0F78-EC4D-98BD-F31DC79D9AFD.root
Begin processing the 900001st record. Run 1, Event 8328009, LumiSection 8329 on stream 0 at 11-Jun-2024 12:53:30.628 CEST
11-Jun-2024 12:53:31 CEST  Closed file root://xrootd-cms.infn.it//store/mc/RunIISummer20UL17MiniAODv2/QCD_Pt_1400to1800_TuneCP5_13TeV_pythia8/MINIAODSIM/106X_mc2017_realistic_v9-v1/30000/51609AB4-0F78-EC4D-98BD-F31DC79D9AFD.root
11-Jun-2024 12:53:31 CEST  Initiating request to open file root://eoscms.cern.ch//eos/cms/store/mc/RunIISummer20UL17MiniAODv2/QCD_Pt_1400to1800_TuneCP5_13TeV_pythia8/MINIAODSIM/106X_mc2017_realistic_v9-v1/100000/ECDA3546-2008-FE49-8FCA-13A5E7490069.root
%MSG-w XrdAdaptorInternal:  file_open 11-Jun-2024 12:53:32 CEST PostProcessEvent
Failed to open file at URL root://eoscms.cern.ch:1094//eos/cms/store/mc/RunIISummer20UL17MiniAODv2/QCD_Pt_1400to1800_TuneCP5_13TeV_pythia8/MINIAODSIM/106X_mc2017_realistic_v9-v1/100000/ECDA3546-2008-FE49-8FCA-13A5E7490069.root.
%MSG
%MSG-w XrdAdaptorInternal:  file_open 11-Jun-2024 12:53:32 CEST PostProcessEvent
Failed to open file at URL root://eoscms.cern.ch:1094//eos/cms/store/mc/RunIISummer20UL17MiniAODv2/QCD_Pt_1400to1800_TuneCP5_13TeV_pythia8/MINIAODSIM/106X_mc2017_realistic_v9-v1/100000/ECDA3546-2008-FE49-8FCA-13A5E7490069.root?tried=.
%MSG
11-Jun-2024 12:53:32 CEST  Fallback request to file root://xrootd-cms.infn.it//store/mc/RunIISummer20UL17MiniAODv2/QCD_Pt_1400to1800_TuneCP5_13TeV_pythia8/MINIAODSIM/106X_mc2017_realistic_v9-v1/100000/ECDA3546-2008-FE49-8FCA-13A5E7490069.root
%MSG-w XrdAdaptor:  file_open 11-Jun-2024 12:53:45 CEST PostProcessEvent
Data is served from fnal.gov instead of original site T2_FR_GRIF_LLR
%MSG
11-Jun-2024 12:53:45 CEST  Successfully opened file root://xrootd-cms.infn.it//store/mc/RunIISummer20UL17MiniAODv2/QCD_Pt_1400to1800_TuneCP5_13TeV_pythia8/MINIAODSIM/106X_mc2017_realistic_v9-v1/100000/ECDA3546-2008-FE49-8FCA-13A5E7490069.root
11-Jun-2024 12:54:02 CEST  Closed file root://xrootd-cms.infn.it//store/mc/RunIISummer20UL17MiniAODv2/QCD_Pt_1400to1800_TuneCP5_13TeV_pythia8/MINIAODSIM/106X_mc2017_realistic_v9-v1/100000/ECDA3546-2008-FE49-8FCA-13A5E7490069.root

------------------------------------
GenXsecAnalyzer:
------------------------------------
Before Filter: total cross section = 6.488e-01 +- 3.100e-04 pb
Filter efficiency (taking into account weights)= (1e+06) / (1e+06) = 1.000e+00 +- 0.000e+00
Filter efficiency (event-level)= (1e+06) / (1e+06) = 1.000e+00 +- 0.000e+00    [TO BE USED IN MCM]

After filter: final cross section = 6.488e-01 +- 3.100e-04 pb
After filter: final fraction of events with negative weights = 0.000e+00 +- 0.000e+00
After filter: final equivalent lumi for 1M events (1/fb) = 1.541e+03 +- 1.708e+00

=============================================

MessageLogger Summary

 type     category        sev    module        subroutine        count    total
 ---- -------------------- -- ---------------- ----------------  -----    -----
    1 GenXSecAnalyzer      -w GenXSecAnalyzer:                       7        7
    2 XrdAdaptor           -w file_open                             13       13
    3 XrdAdaptorInternal   -w file_open                             26       26
    4 fileAction           -s file_close                            13       13
    5 fileAction           -s file_open                             39       39

 type    category    Examples: run/evt        run/evt          run/evt
 ---- -------------------- ---------------- ---------------- ----------------
    1 GenXSecAnalyzer      PostGlobalEndRun PostGlobalEndRun PostGlobalEndRun
    2 XrdAdaptor           pre-events       PostProcessEvent PostProcessEvent
    3 XrdAdaptorInternal   pre-events       pre-events       PostProcessEvent
    4 fileAction           PostProcessEvent PostProcessEvent PostGlobalEndRun
    5 fileAction           pre-events       pre-events       PostProcessEvent

Severity    # Occurrences   Total Occurrences
--------    -------------   -----------------
Warning                46                  46
System                 52                  52

dropped waiting message count 0
