11-Jun-2024 11:56:00 CEST  Initiating request to open file root://eoscms.cern.ch//eos/cms/store/mc/RunIISummer20UL17MiniAODv2/QCD_HT200to300_TuneCP5_PSWeights_13TeV-madgraph-pythia8/MINIAODSIM/106X_mc2017_realistic_v9-v1/2520000/0AD4E133-3D26-324A-94B3-3C9F5F61E059.root
%MSG-w XrdAdaptorInternal:  file_open 11-Jun-2024 11:56:01 CEST pre-events
Failed to open file at URL root://eoscms.cern.ch:1094//eos/cms/store/mc/RunIISummer20UL17MiniAODv2/QCD_HT200to300_TuneCP5_PSWeights_13TeV-madgraph-pythia8/MINIAODSIM/106X_mc2017_realistic_v9-v1/2520000/0AD4E133-3D26-324A-94B3-3C9F5F61E059.root.
%MSG
%MSG-w XrdAdaptorInternal:  file_open 11-Jun-2024 11:56:01 CEST pre-events
Failed to open file at URL root://eoscms.cern.ch:1094//eos/cms/store/mc/RunIISummer20UL17MiniAODv2/QCD_HT200to300_TuneCP5_PSWeights_13TeV-madgraph-pythia8/MINIAODSIM/106X_mc2017_realistic_v9-v1/2520000/0AD4E133-3D26-324A-94B3-3C9F5F61E059.root?tried=.
%MSG
11-Jun-2024 11:56:01 CEST  Fallback request to file root://xrootd-cms.infn.it//store/mc/RunIISummer20UL17MiniAODv2/QCD_HT200to300_TuneCP5_PSWeights_13TeV-madgraph-pythia8/MINIAODSIM/106X_mc2017_realistic_v9-v1/2520000/0AD4E133-3D26-324A-94B3-3C9F5F61E059.root
Unable to load sec.protocol plugin libXrdSecztn.so
%MSG-w XrdAdaptor:  file_open 11-Jun-2024 11:56:17 CEST pre-events
Data is served from fnal.gov instead of original site infn.it
%MSG
11-Jun-2024 11:56:23 CEST  Successfully opened file root://xrootd-cms.infn.it//store/mc/RunIISummer20UL17MiniAODv2/QCD_HT200to300_TuneCP5_PSWeights_13TeV-madgraph-pythia8/MINIAODSIM/106X_mc2017_realistic_v9-v1/2520000/0AD4E133-3D26-324A-94B3-3C9F5F61E059.root
Unable to load sec.protocol plugin libXrdSecztn.so
Begin processing the 1st record. Run 1, Event 15372893, LumiSection 2054 on stream 0 at 11-Jun-2024 11:56:30.904 CEST
11-Jun-2024 11:56:36 CEST  Closed file root://xrootd-cms.infn.it//store/mc/RunIISummer20UL17MiniAODv2/QCD_HT200to300_TuneCP5_PSWeights_13TeV-madgraph-pythia8/MINIAODSIM/106X_mc2017_realistic_v9-v1/2520000/0AD4E133-3D26-324A-94B3-3C9F5F61E059.root
11-Jun-2024 11:56:36 CEST  Initiating request to open file root://eoscms.cern.ch//eos/cms/store/mc/RunIISummer20UL17MiniAODv2/QCD_HT200to300_TuneCP5_PSWeights_13TeV-madgraph-pythia8/MINIAODSIM/106X_mc2017_realistic_v9-v1/2520000/09322E8C-A757-9B40-8730-54D1818E3AE6.root
%MSG-w XrdAdaptorInternal:  file_open 11-Jun-2024 11:56:37 CEST PostProcessEvent
Failed to open file at URL root://eoscms.cern.ch:1094//eos/cms/store/mc/RunIISummer20UL17MiniAODv2/QCD_HT200to300_TuneCP5_PSWeights_13TeV-madgraph-pythia8/MINIAODSIM/106X_mc2017_realistic_v9-v1/2520000/09322E8C-A757-9B40-8730-54D1818E3AE6.root.
%MSG
%MSG-w XrdAdaptorInternal:  file_open 11-Jun-2024 11:56:37 CEST PostProcessEvent
Failed to open file at URL root://eoscms.cern.ch:1094//eos/cms/store/mc/RunIISummer20UL17MiniAODv2/QCD_HT200to300_TuneCP5_PSWeights_13TeV-madgraph-pythia8/MINIAODSIM/106X_mc2017_realistic_v9-v1/2520000/09322E8C-A757-9B40-8730-54D1818E3AE6.root?tried=.
%MSG
11-Jun-2024 11:56:37 CEST  Fallback request to file root://xrootd-cms.infn.it//store/mc/RunIISummer20UL17MiniAODv2/QCD_HT200to300_TuneCP5_PSWeights_13TeV-madgraph-pythia8/MINIAODSIM/106X_mc2017_realistic_v9-v1/2520000/09322E8C-A757-9B40-8730-54D1818E3AE6.root
%MSG-w XrdAdaptor:  file_open 11-Jun-2024 11:56:50 CEST PostProcessEvent
Data is served from fnal.gov instead of original site infn.it
%MSG
11-Jun-2024 11:56:51 CEST  Successfully opened file root://xrootd-cms.infn.it//store/mc/RunIISummer20UL17MiniAODv2/QCD_HT200to300_TuneCP5_PSWeights_13TeV-madgraph-pythia8/MINIAODSIM/106X_mc2017_realistic_v9-v1/2520000/09322E8C-A757-9B40-8730-54D1818E3AE6.root
Unable to load sec.protocol plugin libXrdSecztn.so
Begin processing the 100001st record. Run 1, Event 224916558, LumiSection 30037 on stream 0 at 11-Jun-2024 11:56:59.629 CEST
11-Jun-2024 11:57:02 CEST  Closed file root://xrootd-cms.infn.it//store/mc/RunIISummer20UL17MiniAODv2/QCD_HT200to300_TuneCP5_PSWeights_13TeV-madgraph-pythia8/MINIAODSIM/106X_mc2017_realistic_v9-v1/2520000/09322E8C-A757-9B40-8730-54D1818E3AE6.root
11-Jun-2024 11:57:02 CEST  Initiating request to open file root://eoscms.cern.ch//eos/cms/store/mc/RunIISummer20UL17MiniAODv2/QCD_HT200to300_TuneCP5_PSWeights_13TeV-madgraph-pythia8/MINIAODSIM/106X_mc2017_realistic_v9-v1/2520000/AAFAF273-302C-E24D-86E9-BBE5C981ADBF.root
%MSG-w XrdAdaptorInternal:  file_open 11-Jun-2024 11:57:03 CEST PostProcessEvent
Failed to open file at URL root://eoscms.cern.ch:1094//eos/cms/store/mc/RunIISummer20UL17MiniAODv2/QCD_HT200to300_TuneCP5_PSWeights_13TeV-madgraph-pythia8/MINIAODSIM/106X_mc2017_realistic_v9-v1/2520000/AAFAF273-302C-E24D-86E9-BBE5C981ADBF.root.
%MSG
%MSG-w XrdAdaptorInternal:  file_open 11-Jun-2024 11:57:03 CEST PostProcessEvent
Failed to open file at URL root://eoscms.cern.ch:1094//eos/cms/store/mc/RunIISummer20UL17MiniAODv2/QCD_HT200to300_TuneCP5_PSWeights_13TeV-madgraph-pythia8/MINIAODSIM/106X_mc2017_realistic_v9-v1/2520000/AAFAF273-302C-E24D-86E9-BBE5C981ADBF.root?tried=.
%MSG
11-Jun-2024 11:57:03 CEST  Fallback request to file root://xrootd-cms.infn.it//store/mc/RunIISummer20UL17MiniAODv2/QCD_HT200to300_TuneCP5_PSWeights_13TeV-madgraph-pythia8/MINIAODSIM/106X_mc2017_realistic_v9-v1/2520000/AAFAF273-302C-E24D-86E9-BBE5C981ADBF.root
%MSG-w XrdAdaptor:  file_open 11-Jun-2024 11:57:16 CEST PostProcessEvent
Data is served from fnal.gov instead of original site infn.it
%MSG
11-Jun-2024 11:57:17 CEST  Successfully opened file root://xrootd-cms.infn.it//store/mc/RunIISummer20UL17MiniAODv2/QCD_HT200to300_TuneCP5_PSWeights_13TeV-madgraph-pythia8/MINIAODSIM/106X_mc2017_realistic_v9-v1/2520000/AAFAF273-302C-E24D-86E9-BBE5C981ADBF.root
Begin processing the 200001st record. Run 1, Event 244135443, LumiSection 32604 on stream 0 at 11-Jun-2024 11:57:25.948 CEST
11-Jun-2024 11:57:28 CEST  Closed file root://xrootd-cms.infn.it//store/mc/RunIISummer20UL17MiniAODv2/QCD_HT200to300_TuneCP5_PSWeights_13TeV-madgraph-pythia8/MINIAODSIM/106X_mc2017_realistic_v9-v1/2520000/AAFAF273-302C-E24D-86E9-BBE5C981ADBF.root
11-Jun-2024 11:57:28 CEST  Initiating request to open file root://eoscms.cern.ch//eos/cms/store/mc/RunIISummer20UL17MiniAODv2/QCD_HT200to300_TuneCP5_PSWeights_13TeV-madgraph-pythia8/MINIAODSIM/106X_mc2017_realistic_v9-v1/2520000/EC406EB5-E561-1748-B6D3-9037098B6C2A.root
%MSG-w XrdAdaptorInternal:  file_open 11-Jun-2024 11:57:29 CEST PostProcessEvent
Failed to open file at URL root://eoscms.cern.ch:1094//eos/cms/store/mc/RunIISummer20UL17MiniAODv2/QCD_HT200to300_TuneCP5_PSWeights_13TeV-madgraph-pythia8/MINIAODSIM/106X_mc2017_realistic_v9-v1/2520000/EC406EB5-E561-1748-B6D3-9037098B6C2A.root.
%MSG
%MSG-w XrdAdaptorInternal:  file_open 11-Jun-2024 11:57:29 CEST PostProcessEvent
Failed to open file at URL root://eoscms.cern.ch:1094//eos/cms/store/mc/RunIISummer20UL17MiniAODv2/QCD_HT200to300_TuneCP5_PSWeights_13TeV-madgraph-pythia8/MINIAODSIM/106X_mc2017_realistic_v9-v1/2520000/EC406EB5-E561-1748-B6D3-9037098B6C2A.root?tried=.
%MSG
11-Jun-2024 11:57:29 CEST  Fallback request to file root://xrootd-cms.infn.it//store/mc/RunIISummer20UL17MiniAODv2/QCD_HT200to300_TuneCP5_PSWeights_13TeV-madgraph-pythia8/MINIAODSIM/106X_mc2017_realistic_v9-v1/2520000/EC406EB5-E561-1748-B6D3-9037098B6C2A.root
%MSG-w XrdAdaptor:  file_open 11-Jun-2024 11:57:42 CEST PostProcessEvent
Data is served from fnal.gov instead of original site infn.it
%MSG
11-Jun-2024 11:57:43 CEST  Successfully opened file root://xrootd-cms.infn.it//store/mc/RunIISummer20UL17MiniAODv2/QCD_HT200to300_TuneCP5_PSWeights_13TeV-madgraph-pythia8/MINIAODSIM/106X_mc2017_realistic_v9-v1/2520000/EC406EB5-E561-1748-B6D3-9037098B6C2A.root
Begin processing the 300001st record. Run 1, Event 283254555, LumiSection 37828 on stream 0 at 11-Jun-2024 11:57:53.464 CEST
11-Jun-2024 11:57:55 CEST  Closed file root://xrootd-cms.infn.it//store/mc/RunIISummer20UL17MiniAODv2/QCD_HT200to300_TuneCP5_PSWeights_13TeV-madgraph-pythia8/MINIAODSIM/106X_mc2017_realistic_v9-v1/2520000/EC406EB5-E561-1748-B6D3-9037098B6C2A.root
11-Jun-2024 11:57:55 CEST  Initiating request to open file root://eoscms.cern.ch//eos/cms/store/mc/RunIISummer20UL17MiniAODv2/QCD_HT200to300_TuneCP5_PSWeights_13TeV-madgraph-pythia8/MINIAODSIM/106X_mc2017_realistic_v9-v1/2520000/E8D576D6-A1E7-6345-A15B-F8A55086A61E.root
%MSG-w XrdAdaptorInternal:  file_open 11-Jun-2024 11:57:56 CEST PostProcessEvent
Failed to open file at URL root://eoscms.cern.ch:1094//eos/cms/store/mc/RunIISummer20UL17MiniAODv2/QCD_HT200to300_TuneCP5_PSWeights_13TeV-madgraph-pythia8/MINIAODSIM/106X_mc2017_realistic_v9-v1/2520000/E8D576D6-A1E7-6345-A15B-F8A55086A61E.root.
%MSG
%MSG-w XrdAdaptorInternal:  file_open 11-Jun-2024 11:57:56 CEST PostProcessEvent
Failed to open file at URL root://eoscms.cern.ch:1094//eos/cms/store/mc/RunIISummer20UL17MiniAODv2/QCD_HT200to300_TuneCP5_PSWeights_13TeV-madgraph-pythia8/MINIAODSIM/106X_mc2017_realistic_v9-v1/2520000/E8D576D6-A1E7-6345-A15B-F8A55086A61E.root?tried=.
%MSG
11-Jun-2024 11:57:56 CEST  Fallback request to file root://xrootd-cms.infn.it//store/mc/RunIISummer20UL17MiniAODv2/QCD_HT200to300_TuneCP5_PSWeights_13TeV-madgraph-pythia8/MINIAODSIM/106X_mc2017_realistic_v9-v1/2520000/E8D576D6-A1E7-6345-A15B-F8A55086A61E.root
%MSG-w XrdAdaptor:  file_open 11-Jun-2024 11:58:09 CEST PostProcessEvent
Data is served from fnal.gov instead of original site infn.it
%MSG
11-Jun-2024 11:58:10 CEST  Successfully opened file root://xrootd-cms.infn.it//store/mc/RunIISummer20UL17MiniAODv2/QCD_HT200to300_TuneCP5_PSWeights_13TeV-madgraph-pythia8/MINIAODSIM/106X_mc2017_realistic_v9-v1/2520000/E8D576D6-A1E7-6345-A15B-F8A55086A61E.root
Begin processing the 400001st record. Run 1, Event 135525041, LumiSection 18099 on stream 0 at 11-Jun-2024 11:58:20.571 CEST
11-Jun-2024 11:58:21 CEST  Closed file root://xrootd-cms.infn.it//store/mc/RunIISummer20UL17MiniAODv2/QCD_HT200to300_TuneCP5_PSWeights_13TeV-madgraph-pythia8/MINIAODSIM/106X_mc2017_realistic_v9-v1/2520000/E8D576D6-A1E7-6345-A15B-F8A55086A61E.root
11-Jun-2024 11:58:21 CEST  Initiating request to open file root://eoscms.cern.ch//eos/cms/store/mc/RunIISummer20UL17MiniAODv2/QCD_HT200to300_TuneCP5_PSWeights_13TeV-madgraph-pythia8/MINIAODSIM/106X_mc2017_realistic_v9-v1/2520000/DB5DE628-DE95-9040-BFE1-D1EAB5A38612.root
%MSG-w XrdAdaptorInternal:  file_open 11-Jun-2024 11:58:22 CEST PostProcessEvent
Failed to open file at URL root://eoscms.cern.ch:1094//eos/cms/store/mc/RunIISummer20UL17MiniAODv2/QCD_HT200to300_TuneCP5_PSWeights_13TeV-madgraph-pythia8/MINIAODSIM/106X_mc2017_realistic_v9-v1/2520000/DB5DE628-DE95-9040-BFE1-D1EAB5A38612.root.
%MSG
%MSG-w XrdAdaptorInternal:  file_open 11-Jun-2024 11:58:22 CEST PostProcessEvent
Failed to open file at URL root://eoscms.cern.ch:1094//eos/cms/store/mc/RunIISummer20UL17MiniAODv2/QCD_HT200to300_TuneCP5_PSWeights_13TeV-madgraph-pythia8/MINIAODSIM/106X_mc2017_realistic_v9-v1/2520000/DB5DE628-DE95-9040-BFE1-D1EAB5A38612.root?tried=.
%MSG
11-Jun-2024 11:58:22 CEST  Fallback request to file root://xrootd-cms.infn.it//store/mc/RunIISummer20UL17MiniAODv2/QCD_HT200to300_TuneCP5_PSWeights_13TeV-madgraph-pythia8/MINIAODSIM/106X_mc2017_realistic_v9-v1/2520000/DB5DE628-DE95-9040-BFE1-D1EAB5A38612.root
%MSG-w XrdAdaptor:  file_open 11-Jun-2024 11:58:35 CEST PostProcessEvent
Data is served from fnal.gov instead of original site infn.it
%MSG
11-Jun-2024 11:58:36 CEST  Successfully opened file root://xrootd-cms.infn.it//store/mc/RunIISummer20UL17MiniAODv2/QCD_HT200to300_TuneCP5_PSWeights_13TeV-madgraph-pythia8/MINIAODSIM/106X_mc2017_realistic_v9-v1/2520000/DB5DE628-DE95-9040-BFE1-D1EAB5A38612.root
Begin processing the 500001st record. Run 1, Event 137111751, LumiSection 18311 on stream 0 at 11-Jun-2024 11:58:55.312 CEST
11-Jun-2024 11:58:55 CEST  Closed file root://xrootd-cms.infn.it//store/mc/RunIISummer20UL17MiniAODv2/QCD_HT200to300_TuneCP5_PSWeights_13TeV-madgraph-pythia8/MINIAODSIM/106X_mc2017_realistic_v9-v1/2520000/DB5DE628-DE95-9040-BFE1-D1EAB5A38612.root
11-Jun-2024 11:58:55 CEST  Initiating request to open file root://eoscms.cern.ch//eos/cms/store/mc/RunIISummer20UL17MiniAODv2/QCD_HT200to300_TuneCP5_PSWeights_13TeV-madgraph-pythia8/MINIAODSIM/106X_mc2017_realistic_v9-v1/2520000/0339D7FF-E544-5349-B7FE-C640AC9C8B40.root
%MSG-w XrdAdaptorInternal:  file_open 11-Jun-2024 11:58:56 CEST PostProcessEvent
Failed to open file at URL root://eoscms.cern.ch:1094//eos/cms/store/mc/RunIISummer20UL17MiniAODv2/QCD_HT200to300_TuneCP5_PSWeights_13TeV-madgraph-pythia8/MINIAODSIM/106X_mc2017_realistic_v9-v1/2520000/0339D7FF-E544-5349-B7FE-C640AC9C8B40.root.
%MSG
%MSG-w XrdAdaptorInternal:  file_open 11-Jun-2024 11:58:56 CEST PostProcessEvent
Failed to open file at URL root://eoscms.cern.ch:1094//eos/cms/store/mc/RunIISummer20UL17MiniAODv2/QCD_HT200to300_TuneCP5_PSWeights_13TeV-madgraph-pythia8/MINIAODSIM/106X_mc2017_realistic_v9-v1/2520000/0339D7FF-E544-5349-B7FE-C640AC9C8B40.root?tried=.
%MSG
11-Jun-2024 11:58:56 CEST  Fallback request to file root://xrootd-cms.infn.it//store/mc/RunIISummer20UL17MiniAODv2/QCD_HT200to300_TuneCP5_PSWeights_13TeV-madgraph-pythia8/MINIAODSIM/106X_mc2017_realistic_v9-v1/2520000/0339D7FF-E544-5349-B7FE-C640AC9C8B40.root
%MSG-w XrdAdaptor:  file_open 11-Jun-2024 11:59:09 CEST PostProcessEvent
Data is served from fnal.gov instead of original site infn.it
%MSG
11-Jun-2024 11:59:10 CEST  Successfully opened file root://xrootd-cms.infn.it//store/mc/RunIISummer20UL17MiniAODv2/QCD_HT200to300_TuneCP5_PSWeights_13TeV-madgraph-pythia8/MINIAODSIM/106X_mc2017_realistic_v9-v1/2520000/0339D7FF-E544-5349-B7FE-C640AC9C8B40.root
11-Jun-2024 11:59:22 CEST  Closed file root://xrootd-cms.infn.it//store/mc/RunIISummer20UL17MiniAODv2/QCD_HT200to300_TuneCP5_PSWeights_13TeV-madgraph-pythia8/MINIAODSIM/106X_mc2017_realistic_v9-v1/2520000/0339D7FF-E544-5349-B7FE-C640AC9C8B40.root
11-Jun-2024 11:59:22 CEST  Initiating request to open file root://eoscms.cern.ch//eos/cms/store/mc/RunIISummer20UL17MiniAODv2/QCD_HT200to300_TuneCP5_PSWeights_13TeV-madgraph-pythia8/MINIAODSIM/106X_mc2017_realistic_v9-v1/2520000/CCAFA43E-59E9-644B-83C2-3C41F5580B06.root
%MSG-w XrdAdaptorInternal:  file_open 11-Jun-2024 11:59:23 CEST PostProcessEvent
Failed to open file at URL root://eoscms.cern.ch:1094//eos/cms/store/mc/RunIISummer20UL17MiniAODv2/QCD_HT200to300_TuneCP5_PSWeights_13TeV-madgraph-pythia8/MINIAODSIM/106X_mc2017_realistic_v9-v1/2520000/CCAFA43E-59E9-644B-83C2-3C41F5580B06.root.
%MSG
%MSG-w XrdAdaptorInternal:  file_open 11-Jun-2024 11:59:23 CEST PostProcessEvent
Failed to open file at URL root://eoscms.cern.ch:1094//eos/cms/store/mc/RunIISummer20UL17MiniAODv2/QCD_HT200to300_TuneCP5_PSWeights_13TeV-madgraph-pythia8/MINIAODSIM/106X_mc2017_realistic_v9-v1/2520000/CCAFA43E-59E9-644B-83C2-3C41F5580B06.root?tried=.
%MSG
11-Jun-2024 11:59:23 CEST  Fallback request to file root://xrootd-cms.infn.it//store/mc/RunIISummer20UL17MiniAODv2/QCD_HT200to300_TuneCP5_PSWeights_13TeV-madgraph-pythia8/MINIAODSIM/106X_mc2017_realistic_v9-v1/2520000/CCAFA43E-59E9-644B-83C2-3C41F5580B06.root
%MSG-w XrdAdaptor:  file_open 11-Jun-2024 11:59:35 CEST PostProcessEvent
Data is served from fnal.gov instead of original site infn.it
%MSG
11-Jun-2024 11:59:36 CEST  Successfully opened file root://xrootd-cms.infn.it//store/mc/RunIISummer20UL17MiniAODv2/QCD_HT200to300_TuneCP5_PSWeights_13TeV-madgraph-pythia8/MINIAODSIM/106X_mc2017_realistic_v9-v1/2520000/CCAFA43E-59E9-644B-83C2-3C41F5580B06.root
Begin processing the 600001st record. Run 1, Event 248029721, LumiSection 33124 on stream 0 at 11-Jun-2024 11:59:53.472 CEST
11-Jun-2024 11:59:57 CEST  Closed file root://xrootd-cms.infn.it//store/mc/RunIISummer20UL17MiniAODv2/QCD_HT200to300_TuneCP5_PSWeights_13TeV-madgraph-pythia8/MINIAODSIM/106X_mc2017_realistic_v9-v1/2520000/CCAFA43E-59E9-644B-83C2-3C41F5580B06.root
11-Jun-2024 11:59:57 CEST  Initiating request to open file root://eoscms.cern.ch//eos/cms/store/mc/RunIISummer20UL17MiniAODv2/QCD_HT200to300_TuneCP5_PSWeights_13TeV-madgraph-pythia8/MINIAODSIM/106X_mc2017_realistic_v9-v1/2520000/0BB5F90C-D692-6241-A88B-3A0894A619B8.root
%MSG-w XrdAdaptorInternal:  file_open 11-Jun-2024 11:59:58 CEST PostProcessEvent
Failed to open file at URL root://eoscms.cern.ch:1094//eos/cms/store/mc/RunIISummer20UL17MiniAODv2/QCD_HT200to300_TuneCP5_PSWeights_13TeV-madgraph-pythia8/MINIAODSIM/106X_mc2017_realistic_v9-v1/2520000/0BB5F90C-D692-6241-A88B-3A0894A619B8.root.
%MSG
%MSG-w XrdAdaptorInternal:  file_open 11-Jun-2024 11:59:58 CEST PostProcessEvent
Failed to open file at URL root://eoscms.cern.ch:1094//eos/cms/store/mc/RunIISummer20UL17MiniAODv2/QCD_HT200to300_TuneCP5_PSWeights_13TeV-madgraph-pythia8/MINIAODSIM/106X_mc2017_realistic_v9-v1/2520000/0BB5F90C-D692-6241-A88B-3A0894A619B8.root?tried=.
%MSG
11-Jun-2024 11:59:58 CEST  Fallback request to file root://xrootd-cms.infn.it//store/mc/RunIISummer20UL17MiniAODv2/QCD_HT200to300_TuneCP5_PSWeights_13TeV-madgraph-pythia8/MINIAODSIM/106X_mc2017_realistic_v9-v1/2520000/0BB5F90C-D692-6241-A88B-3A0894A619B8.root
%MSG-w XrdAdaptor:  file_open 11-Jun-2024 12:00:10 CEST PostProcessEvent
Data is served from fnal.gov instead of original site infn.it
%MSG
11-Jun-2024 12:00:11 CEST  Successfully opened file root://xrootd-cms.infn.it//store/mc/RunIISummer20UL17MiniAODv2/QCD_HT200to300_TuneCP5_PSWeights_13TeV-madgraph-pythia8/MINIAODSIM/106X_mc2017_realistic_v9-v1/2520000/0BB5F90C-D692-6241-A88B-3A0894A619B8.root
Begin processing the 700001st record. Run 1, Event 353299867, LumiSection 47183 on stream 0 at 11-Jun-2024 12:00:20.985 CEST
11-Jun-2024 12:00:24 CEST  Closed file root://xrootd-cms.infn.it//store/mc/RunIISummer20UL17MiniAODv2/QCD_HT200to300_TuneCP5_PSWeights_13TeV-madgraph-pythia8/MINIAODSIM/106X_mc2017_realistic_v9-v1/2520000/0BB5F90C-D692-6241-A88B-3A0894A619B8.root
11-Jun-2024 12:00:24 CEST  Initiating request to open file root://eoscms.cern.ch//eos/cms/store/mc/RunIISummer20UL17MiniAODv2/QCD_HT200to300_TuneCP5_PSWeights_13TeV-madgraph-pythia8/MINIAODSIM/106X_mc2017_realistic_v9-v1/2520000/3213C374-206E-8C41-9D50-FB53BA385C49.root
%MSG-w XrdAdaptorInternal:  file_open 11-Jun-2024 12:00:25 CEST PostProcessEvent
Failed to open file at URL root://eoscms.cern.ch:1094//eos/cms/store/mc/RunIISummer20UL17MiniAODv2/QCD_HT200to300_TuneCP5_PSWeights_13TeV-madgraph-pythia8/MINIAODSIM/106X_mc2017_realistic_v9-v1/2520000/3213C374-206E-8C41-9D50-FB53BA385C49.root.
%MSG
%MSG-w XrdAdaptorInternal:  file_open 11-Jun-2024 12:00:25 CEST PostProcessEvent
Failed to open file at URL root://eoscms.cern.ch:1094//eos/cms/store/mc/RunIISummer20UL17MiniAODv2/QCD_HT200to300_TuneCP5_PSWeights_13TeV-madgraph-pythia8/MINIAODSIM/106X_mc2017_realistic_v9-v1/2520000/3213C374-206E-8C41-9D50-FB53BA385C49.root?tried=.
%MSG
11-Jun-2024 12:00:25 CEST  Fallback request to file root://xrootd-cms.infn.it//store/mc/RunIISummer20UL17MiniAODv2/QCD_HT200to300_TuneCP5_PSWeights_13TeV-madgraph-pythia8/MINIAODSIM/106X_mc2017_realistic_v9-v1/2520000/3213C374-206E-8C41-9D50-FB53BA385C49.root
%MSG-w XrdAdaptor:  file_open 11-Jun-2024 12:00:37 CEST PostProcessEvent
Data is served from fnal.gov instead of original site infn.it
%MSG
11-Jun-2024 12:00:38 CEST  Successfully opened file root://xrootd-cms.infn.it//store/mc/RunIISummer20UL17MiniAODv2/QCD_HT200to300_TuneCP5_PSWeights_13TeV-madgraph-pythia8/MINIAODSIM/106X_mc2017_realistic_v9-v1/2520000/3213C374-206E-8C41-9D50-FB53BA385C49.root
Begin processing the 800001st record. Run 1, Event 150784424, LumiSection 20137 on stream 0 at 11-Jun-2024 12:00:47.473 CEST
11-Jun-2024 12:00:49 CEST  Closed file root://xrootd-cms.infn.it//store/mc/RunIISummer20UL17MiniAODv2/QCD_HT200to300_TuneCP5_PSWeights_13TeV-madgraph-pythia8/MINIAODSIM/106X_mc2017_realistic_v9-v1/2520000/3213C374-206E-8C41-9D50-FB53BA385C49.root
11-Jun-2024 12:00:49 CEST  Initiating request to open file root://eoscms.cern.ch//eos/cms/store/mc/RunIISummer20UL17MiniAODv2/QCD_HT200to300_TuneCP5_PSWeights_13TeV-madgraph-pythia8/MINIAODSIM/106X_mc2017_realistic_v9-v1/2520000/13CD64F7-3A6B-224C-B2C5-6C8AF5AECEF2.root
%MSG-w XrdAdaptorInternal:  file_open 11-Jun-2024 12:00:50 CEST PostProcessEvent
Failed to open file at URL root://eoscms.cern.ch:1094//eos/cms/store/mc/RunIISummer20UL17MiniAODv2/QCD_HT200to300_TuneCP5_PSWeights_13TeV-madgraph-pythia8/MINIAODSIM/106X_mc2017_realistic_v9-v1/2520000/13CD64F7-3A6B-224C-B2C5-6C8AF5AECEF2.root.
%MSG
%MSG-w XrdAdaptorInternal:  file_open 11-Jun-2024 12:00:50 CEST PostProcessEvent
Failed to open file at URL root://eoscms.cern.ch:1094//eos/cms/store/mc/RunIISummer20UL17MiniAODv2/QCD_HT200to300_TuneCP5_PSWeights_13TeV-madgraph-pythia8/MINIAODSIM/106X_mc2017_realistic_v9-v1/2520000/13CD64F7-3A6B-224C-B2C5-6C8AF5AECEF2.root?tried=.
%MSG
11-Jun-2024 12:00:50 CEST  Fallback request to file root://xrootd-cms.infn.it//store/mc/RunIISummer20UL17MiniAODv2/QCD_HT200to300_TuneCP5_PSWeights_13TeV-madgraph-pythia8/MINIAODSIM/106X_mc2017_realistic_v9-v1/2520000/13CD64F7-3A6B-224C-B2C5-6C8AF5AECEF2.root
%MSG-w XrdAdaptor:  file_open 11-Jun-2024 12:01:03 CEST PostProcessEvent
Data is served from fnal.gov instead of original site infn.it
%MSG
11-Jun-2024 12:01:04 CEST  Successfully opened file root://xrootd-cms.infn.it//store/mc/RunIISummer20UL17MiniAODv2/QCD_HT200to300_TuneCP5_PSWeights_13TeV-madgraph-pythia8/MINIAODSIM/106X_mc2017_realistic_v9-v1/2520000/13CD64F7-3A6B-224C-B2C5-6C8AF5AECEF2.root
Begin processing the 900001st record. Run 1, Event 150627547, LumiSection 20116 on stream 0 at 11-Jun-2024 12:01:15.789 CEST
11-Jun-2024 12:01:17 CEST  Closed file root://xrootd-cms.infn.it//store/mc/RunIISummer20UL17MiniAODv2/QCD_HT200to300_TuneCP5_PSWeights_13TeV-madgraph-pythia8/MINIAODSIM/106X_mc2017_realistic_v9-v1/2520000/13CD64F7-3A6B-224C-B2C5-6C8AF5AECEF2.root
11-Jun-2024 12:01:17 CEST  Initiating request to open file root://eoscms.cern.ch//eos/cms/store/mc/RunIISummer20UL17MiniAODv2/QCD_HT200to300_TuneCP5_PSWeights_13TeV-madgraph-pythia8/MINIAODSIM/106X_mc2017_realistic_v9-v1/2520000/DF394DBB-528B-4F4F-95DF-D571D8C4B348.root
%MSG-w XrdAdaptorInternal:  file_open 11-Jun-2024 12:01:18 CEST PostProcessEvent
Failed to open file at URL root://eoscms.cern.ch:1094//eos/cms/store/mc/RunIISummer20UL17MiniAODv2/QCD_HT200to300_TuneCP5_PSWeights_13TeV-madgraph-pythia8/MINIAODSIM/106X_mc2017_realistic_v9-v1/2520000/DF394DBB-528B-4F4F-95DF-D571D8C4B348.root.
%MSG
%MSG-w XrdAdaptorInternal:  file_open 11-Jun-2024 12:01:18 CEST PostProcessEvent
Failed to open file at URL root://eoscms.cern.ch:1094//eos/cms/store/mc/RunIISummer20UL17MiniAODv2/QCD_HT200to300_TuneCP5_PSWeights_13TeV-madgraph-pythia8/MINIAODSIM/106X_mc2017_realistic_v9-v1/2520000/DF394DBB-528B-4F4F-95DF-D571D8C4B348.root?tried=.
%MSG
11-Jun-2024 12:01:18 CEST  Fallback request to file root://xrootd-cms.infn.it//store/mc/RunIISummer20UL17MiniAODv2/QCD_HT200to300_TuneCP5_PSWeights_13TeV-madgraph-pythia8/MINIAODSIM/106X_mc2017_realistic_v9-v1/2520000/DF394DBB-528B-4F4F-95DF-D571D8C4B348.root
%MSG-w XrdAdaptor:  file_open 11-Jun-2024 12:01:30 CEST PostProcessEvent
Data is served from fnal.gov instead of original site infn.it
%MSG
11-Jun-2024 12:01:30 CEST  Successfully opened file root://xrootd-cms.infn.it//store/mc/RunIISummer20UL17MiniAODv2/QCD_HT200to300_TuneCP5_PSWeights_13TeV-madgraph-pythia8/MINIAODSIM/106X_mc2017_realistic_v9-v1/2520000/DF394DBB-528B-4F4F-95DF-D571D8C4B348.root
4039991.000000  32065.550000   1724.378000             1
 943408.100000  10191.100000   1724.378000             0
7928742.000000  32166.120000   1724.378000             2
 
11-Jun-2024 12:01:41 CEST  Closed file root://xrootd-cms.infn.it//store/mc/RunIISummer20UL17MiniAODv2/QCD_HT200to300_TuneCP5_PSWeights_13TeV-madgraph-pythia8/MINIAODSIM/106X_mc2017_realistic_v9-v1/2520000/DF394DBB-528B-4F4F-95DF-D571D8C4B348.root

------------------------------------
GenXsecAnalyzer:
------------------------------------
-------------------------------------------------------------------------------------------------------------------------------------------------------------------------- 
Overall cross-section summary 
--------------------------------------------------------------------------------------------------------------------------------------------------------------------------
Process		xsec_before [pb]		passed	nposw	nnegw	tried	nposw	nnegw 	xsec_match [pb]			accepted [%]	 event_eff [%]
0		9.360e+05 +/- 3.046e+02		63595	63595	0	607985	607985	0	9.791e+04 +/- 3.688e+02		10.5 +/- 0.0	10.5 +/- 0.0
1		4.007e+06 +/- 9.433e+02		184733	184733	0	2590164	2590164	0	2.858e+05 +/- 6.443e+02		7.1 +/- 0.0	7.1 +/- 0.0
2		7.956e+06 +/- 1.036e+03		752118	752118	0	5113531	5113531	0	1.170e+06 +/- 1.256e+03		14.7 +/- 0.0	14.7 +/- 0.0
-------------------------------------------------------------------------------------------------------------------------------------------------------------------------- 
Total		1.290e+07 +/- 1.434e+03		1000446	1000446	0	8311680	8311680	0	1.553e+06 +/- 1.466e+03		12.0 +/- 0.0	12.0 +/- 0.0
--------------------------------------------------------------------------------------------------------------------------------------------------------------------------
Before matching: total cross section = 1.290e+07 +- 1.434e+03 pb
After matching: total cross section = 1.553e+06 +- 1.466e+03 pb
Matching efficiency = 0.1 +/- 0.0   [TO BE USED IN MCM]
Filter efficiency (taking into account weights)= (1.00045e+06) / (1.00045e+06) = 1.000e+00 +- 0.000e+00
Filter efficiency (event-level)= (1.00045e+06) / (1.00045e+06) = 1.000e+00 +- 0.000e+00    [TO BE USED IN MCM]

After filter: final cross section = 1.553e+06 +- 1.466e+03 pb
After filter: final fraction of events with negative weights = 0.000e+00 +- 0.000e+00
After filter: final equivalent lumi for 1M events (1/fb) = 6.441e-04 +- 8.858e-07

=============================================

MessageLogger Summary

 type     category        sev    module        subroutine        count    total
 ---- -------------------- -- ---------------- ----------------  -----    -----
    1 GenXSecAnalyzer      -w GenXSecAnalyzer:                      17       17
    2 XrdAdaptor           -w file_open                             12       12
    3 XrdAdaptorInternal   -w file_open                             24       24
    4 fileAction           -s file_close                            12       12
    5 fileAction           -s file_open                             36       36

 type    category    Examples: run/evt        run/evt          run/evt
 ---- -------------------- ---------------- ---------------- ----------------
    1 GenXSecAnalyzer      PostGlobalEndRun PostGlobalEndRun PostGlobalEndRun
    2 XrdAdaptor           pre-events       PostProcessEvent PostProcessEvent
    3 XrdAdaptorInternal   pre-events       pre-events       PostProcessEvent
    4 fileAction           PostProcessEvent PostProcessEvent PostGlobalEndRun
    5 fileAction           pre-events       pre-events       PostProcessEvent

Severity    # Occurrences   Total Occurrences
--------    -------------   -----------------
Warning                53                  53
System                 48                  48

dropped waiting message count 0
