11-Jun-2024 12:01:46 CEST  Initiating request to open file root://eoscms.cern.ch//eos/cms/store/mc/RunIISummer20UL17MiniAODv2/QCD_HT300to500_TuneCP5_PSWeights_13TeV-madgraph-pythia8/MINIAODSIM/106X_mc2017_realistic_v9-v1/2530000/D83D4631-4C77-A64A-99DF-2C655A4F16F7.root
%MSG-w XrdAdaptorInternal:  file_open 11-Jun-2024 12:01:47 CEST pre-events
Failed to open file at URL root://eoscms.cern.ch:1094//eos/cms/store/mc/RunIISummer20UL17MiniAODv2/QCD_HT300to500_TuneCP5_PSWeights_13TeV-madgraph-pythia8/MINIAODSIM/106X_mc2017_realistic_v9-v1/2530000/D83D4631-4C77-A64A-99DF-2C655A4F16F7.root.
%MSG
%MSG-w XrdAdaptorInternal:  file_open 11-Jun-2024 12:01:47 CEST pre-events
Failed to open file at URL root://eoscms.cern.ch:1094//eos/cms/store/mc/RunIISummer20UL17MiniAODv2/QCD_HT300to500_TuneCP5_PSWeights_13TeV-madgraph-pythia8/MINIAODSIM/106X_mc2017_realistic_v9-v1/2530000/D83D4631-4C77-A64A-99DF-2C655A4F16F7.root?tried=.
%MSG
11-Jun-2024 12:01:47 CEST  Fallback request to file root://xrootd-cms.infn.it//store/mc/RunIISummer20UL17MiniAODv2/QCD_HT300to500_TuneCP5_PSWeights_13TeV-madgraph-pythia8/MINIAODSIM/106X_mc2017_realistic_v9-v1/2530000/D83D4631-4C77-A64A-99DF-2C655A4F16F7.root
Unable to load sec.protocol plugin libXrdSecztn.so
%MSG-w XrdAdaptor:  file_open 11-Jun-2024 12:02:03 CEST pre-events
Data is served from fnal.gov instead of original site T2_FR_GRIF_LLR
%MSG
11-Jun-2024 12:02:09 CEST  Successfully opened file root://xrootd-cms.infn.it//store/mc/RunIISummer20UL17MiniAODv2/QCD_HT300to500_TuneCP5_PSWeights_13TeV-madgraph-pythia8/MINIAODSIM/106X_mc2017_realistic_v9-v1/2530000/D83D4631-4C77-A64A-99DF-2C655A4F16F7.root
Unable to load sec.protocol plugin libXrdSecztn.so
Begin processing the 1st record. Run 1, Event 45742364, LumiSection 5266 on stream 0 at 11-Jun-2024 12:02:15.466 CEST
11-Jun-2024 12:02:17 CEST  Closed file root://xrootd-cms.infn.it//store/mc/RunIISummer20UL17MiniAODv2/QCD_HT300to500_TuneCP5_PSWeights_13TeV-madgraph-pythia8/MINIAODSIM/106X_mc2017_realistic_v9-v1/2530000/D83D4631-4C77-A64A-99DF-2C655A4F16F7.root
11-Jun-2024 12:02:17 CEST  Initiating request to open file root://eoscms.cern.ch//eos/cms/store/mc/RunIISummer20UL17MiniAODv2/QCD_HT300to500_TuneCP5_PSWeights_13TeV-madgraph-pythia8/MINIAODSIM/106X_mc2017_realistic_v9-v1/2530000/CFEC64BC-4B15-7348-94F9-E806335B2A5C.root
%MSG-w XrdAdaptorInternal:  file_open 11-Jun-2024 12:02:18 CEST PostProcessEvent
Failed to open file at URL root://eoscms.cern.ch:1094//eos/cms/store/mc/RunIISummer20UL17MiniAODv2/QCD_HT300to500_TuneCP5_PSWeights_13TeV-madgraph-pythia8/MINIAODSIM/106X_mc2017_realistic_v9-v1/2530000/CFEC64BC-4B15-7348-94F9-E806335B2A5C.root.
%MSG
%MSG-w XrdAdaptorInternal:  file_open 11-Jun-2024 12:02:18 CEST PostProcessEvent
Failed to open file at URL root://eoscms.cern.ch:1094//eos/cms/store/mc/RunIISummer20UL17MiniAODv2/QCD_HT300to500_TuneCP5_PSWeights_13TeV-madgraph-pythia8/MINIAODSIM/106X_mc2017_realistic_v9-v1/2530000/CFEC64BC-4B15-7348-94F9-E806335B2A5C.root?tried=.
%MSG
11-Jun-2024 12:02:18 CEST  Fallback request to file root://xrootd-cms.infn.it//store/mc/RunIISummer20UL17MiniAODv2/QCD_HT300to500_TuneCP5_PSWeights_13TeV-madgraph-pythia8/MINIAODSIM/106X_mc2017_realistic_v9-v1/2530000/CFEC64BC-4B15-7348-94F9-E806335B2A5C.root
%MSG-w XrdAdaptor:  file_open 11-Jun-2024 12:02:31 CEST PostProcessEvent
Data is served from fnal.gov instead of original site T2_FR_GRIF_LLR
%MSG
11-Jun-2024 12:02:32 CEST  Successfully opened file root://xrootd-cms.infn.it//store/mc/RunIISummer20UL17MiniAODv2/QCD_HT300to500_TuneCP5_PSWeights_13TeV-madgraph-pythia8/MINIAODSIM/106X_mc2017_realistic_v9-v1/2530000/CFEC64BC-4B15-7348-94F9-E806335B2A5C.root
Unable to load sec.protocol plugin libXrdSecztn.so
Begin processing the 100001st record. Run 1, Event 425697755, LumiSection 48999 on stream 0 at 11-Jun-2024 12:02:42.276 CEST
11-Jun-2024 12:02:42 CEST  Closed file root://xrootd-cms.infn.it//store/mc/RunIISummer20UL17MiniAODv2/QCD_HT300to500_TuneCP5_PSWeights_13TeV-madgraph-pythia8/MINIAODSIM/106X_mc2017_realistic_v9-v1/2530000/CFEC64BC-4B15-7348-94F9-E806335B2A5C.root
11-Jun-2024 12:02:42 CEST  Initiating request to open file root://eoscms.cern.ch//eos/cms/store/mc/RunIISummer20UL17MiniAODv2/QCD_HT300to500_TuneCP5_PSWeights_13TeV-madgraph-pythia8/MINIAODSIM/106X_mc2017_realistic_v9-v1/2530000/4E3E5422-FEE5-BE4C-81AE-CB50863632E5.root
%MSG-w XrdAdaptorInternal:  file_open 11-Jun-2024 12:02:43 CEST PostProcessEvent
Failed to open file at URL root://eoscms.cern.ch:1094//eos/cms/store/mc/RunIISummer20UL17MiniAODv2/QCD_HT300to500_TuneCP5_PSWeights_13TeV-madgraph-pythia8/MINIAODSIM/106X_mc2017_realistic_v9-v1/2530000/4E3E5422-FEE5-BE4C-81AE-CB50863632E5.root.
%MSG
%MSG-w XrdAdaptorInternal:  file_open 11-Jun-2024 12:02:43 CEST PostProcessEvent
Failed to open file at URL root://eoscms.cern.ch:1094//eos/cms/store/mc/RunIISummer20UL17MiniAODv2/QCD_HT300to500_TuneCP5_PSWeights_13TeV-madgraph-pythia8/MINIAODSIM/106X_mc2017_realistic_v9-v1/2530000/4E3E5422-FEE5-BE4C-81AE-CB50863632E5.root?tried=.
%MSG
11-Jun-2024 12:02:43 CEST  Fallback request to file root://xrootd-cms.infn.it//store/mc/RunIISummer20UL17MiniAODv2/QCD_HT300to500_TuneCP5_PSWeights_13TeV-madgraph-pythia8/MINIAODSIM/106X_mc2017_realistic_v9-v1/2530000/4E3E5422-FEE5-BE4C-81AE-CB50863632E5.root
%MSG-w XrdAdaptor:  file_open 11-Jun-2024 12:02:56 CEST PostProcessEvent
Data is served from fnal.gov instead of original site T2_FR_GRIF_LLR
%MSG
11-Jun-2024 12:02:57 CEST  Successfully opened file root://xrootd-cms.infn.it//store/mc/RunIISummer20UL17MiniAODv2/QCD_HT300to500_TuneCP5_PSWeights_13TeV-madgraph-pythia8/MINIAODSIM/106X_mc2017_realistic_v9-v1/2530000/4E3E5422-FEE5-BE4C-81AE-CB50863632E5.root
11-Jun-2024 12:03:05 CEST  Closed file root://xrootd-cms.infn.it//store/mc/RunIISummer20UL17MiniAODv2/QCD_HT300to500_TuneCP5_PSWeights_13TeV-madgraph-pythia8/MINIAODSIM/106X_mc2017_realistic_v9-v1/2530000/4E3E5422-FEE5-BE4C-81AE-CB50863632E5.root
11-Jun-2024 12:03:05 CEST  Initiating request to open file root://eoscms.cern.ch//eos/cms/store/mc/RunIISummer20UL17MiniAODv2/QCD_HT300to500_TuneCP5_PSWeights_13TeV-madgraph-pythia8/MINIAODSIM/106X_mc2017_realistic_v9-v1/2530000/5F2665C9-29DC-364C-B83E-591160E16290.root
%MSG-w XrdAdaptorInternal:  file_open 11-Jun-2024 12:03:06 CEST PostProcessEvent
Failed to open file at URL root://eoscms.cern.ch:1094//eos/cms/store/mc/RunIISummer20UL17MiniAODv2/QCD_HT300to500_TuneCP5_PSWeights_13TeV-madgraph-pythia8/MINIAODSIM/106X_mc2017_realistic_v9-v1/2530000/5F2665C9-29DC-364C-B83E-591160E16290.root.
%MSG
%MSG-w XrdAdaptorInternal:  file_open 11-Jun-2024 12:03:06 CEST PostProcessEvent
Failed to open file at URL root://eoscms.cern.ch:1094//eos/cms/store/mc/RunIISummer20UL17MiniAODv2/QCD_HT300to500_TuneCP5_PSWeights_13TeV-madgraph-pythia8/MINIAODSIM/106X_mc2017_realistic_v9-v1/2530000/5F2665C9-29DC-364C-B83E-591160E16290.root?tried=.
%MSG
11-Jun-2024 12:03:06 CEST  Fallback request to file root://xrootd-cms.infn.it//store/mc/RunIISummer20UL17MiniAODv2/QCD_HT300to500_TuneCP5_PSWeights_13TeV-madgraph-pythia8/MINIAODSIM/106X_mc2017_realistic_v9-v1/2530000/5F2665C9-29DC-364C-B83E-591160E16290.root
%MSG-w XrdAdaptor:  file_open 11-Jun-2024 12:03:19 CEST PostProcessEvent
Data is served from fnal.gov instead of original site T2_FR_GRIF_LLR
%MSG
11-Jun-2024 12:03:20 CEST  Successfully opened file root://xrootd-cms.infn.it//store/mc/RunIISummer20UL17MiniAODv2/QCD_HT300to500_TuneCP5_PSWeights_13TeV-madgraph-pythia8/MINIAODSIM/106X_mc2017_realistic_v9-v1/2530000/5F2665C9-29DC-364C-B83E-591160E16290.root
Begin processing the 200001st record. Run 1, Event 276765834, LumiSection 31857 on stream 0 at 11-Jun-2024 12:03:27.425 CEST
11-Jun-2024 12:03:27 CEST  Closed file root://xrootd-cms.infn.it//store/mc/RunIISummer20UL17MiniAODv2/QCD_HT300to500_TuneCP5_PSWeights_13TeV-madgraph-pythia8/MINIAODSIM/106X_mc2017_realistic_v9-v1/2530000/5F2665C9-29DC-364C-B83E-591160E16290.root
11-Jun-2024 12:03:27 CEST  Initiating request to open file root://eoscms.cern.ch//eos/cms/store/mc/RunIISummer20UL17MiniAODv2/QCD_HT300to500_TuneCP5_PSWeights_13TeV-madgraph-pythia8/MINIAODSIM/106X_mc2017_realistic_v9-v1/2530000/9A1369E0-53E8-A640-BCAA-A35EB621B359.root
%MSG-w XrdAdaptorInternal:  file_open 11-Jun-2024 12:03:28 CEST PostProcessEvent
Failed to open file at URL root://eoscms.cern.ch:1094//eos/cms/store/mc/RunIISummer20UL17MiniAODv2/QCD_HT300to500_TuneCP5_PSWeights_13TeV-madgraph-pythia8/MINIAODSIM/106X_mc2017_realistic_v9-v1/2530000/9A1369E0-53E8-A640-BCAA-A35EB621B359.root.
%MSG
%MSG-w XrdAdaptorInternal:  file_open 11-Jun-2024 12:03:28 CEST PostProcessEvent
Failed to open file at URL root://eoscms.cern.ch:1094//eos/cms/store/mc/RunIISummer20UL17MiniAODv2/QCD_HT300to500_TuneCP5_PSWeights_13TeV-madgraph-pythia8/MINIAODSIM/106X_mc2017_realistic_v9-v1/2530000/9A1369E0-53E8-A640-BCAA-A35EB621B359.root?tried=.
%MSG
11-Jun-2024 12:03:28 CEST  Fallback request to file root://xrootd-cms.infn.it//store/mc/RunIISummer20UL17MiniAODv2/QCD_HT300to500_TuneCP5_PSWeights_13TeV-madgraph-pythia8/MINIAODSIM/106X_mc2017_realistic_v9-v1/2530000/9A1369E0-53E8-A640-BCAA-A35EB621B359.root
%MSG-w XrdAdaptor:  file_open 11-Jun-2024 12:03:41 CEST PostProcessEvent
Data is served from fnal.gov instead of original site T2_FR_GRIF_LLR
%MSG
11-Jun-2024 12:03:42 CEST  Successfully opened file root://xrootd-cms.infn.it//store/mc/RunIISummer20UL17MiniAODv2/QCD_HT300to500_TuneCP5_PSWeights_13TeV-madgraph-pythia8/MINIAODSIM/106X_mc2017_realistic_v9-v1/2530000/9A1369E0-53E8-A640-BCAA-A35EB621B359.root
11-Jun-2024 12:03:51 CEST  Closed file root://xrootd-cms.infn.it//store/mc/RunIISummer20UL17MiniAODv2/QCD_HT300to500_TuneCP5_PSWeights_13TeV-madgraph-pythia8/MINIAODSIM/106X_mc2017_realistic_v9-v1/2530000/9A1369E0-53E8-A640-BCAA-A35EB621B359.root
11-Jun-2024 12:03:51 CEST  Initiating request to open file root://eoscms.cern.ch//eos/cms/store/mc/RunIISummer20UL17MiniAODv2/QCD_HT300to500_TuneCP5_PSWeights_13TeV-madgraph-pythia8/MINIAODSIM/106X_mc2017_realistic_v9-v1/2530000/F3450D23-DF1B-404D-9326-68A83B1B0126.root
%MSG-w XrdAdaptorInternal:  file_open 11-Jun-2024 12:03:52 CEST PostProcessEvent
Failed to open file at URL root://eoscms.cern.ch:1094//eos/cms/store/mc/RunIISummer20UL17MiniAODv2/QCD_HT300to500_TuneCP5_PSWeights_13TeV-madgraph-pythia8/MINIAODSIM/106X_mc2017_realistic_v9-v1/2530000/F3450D23-DF1B-404D-9326-68A83B1B0126.root.
%MSG
%MSG-w XrdAdaptorInternal:  file_open 11-Jun-2024 12:03:52 CEST PostProcessEvent
Failed to open file at URL root://eoscms.cern.ch:1094//eos/cms/store/mc/RunIISummer20UL17MiniAODv2/QCD_HT300to500_TuneCP5_PSWeights_13TeV-madgraph-pythia8/MINIAODSIM/106X_mc2017_realistic_v9-v1/2530000/F3450D23-DF1B-404D-9326-68A83B1B0126.root?tried=.
%MSG
11-Jun-2024 12:03:52 CEST  Fallback request to file root://xrootd-cms.infn.it//store/mc/RunIISummer20UL17MiniAODv2/QCD_HT300to500_TuneCP5_PSWeights_13TeV-madgraph-pythia8/MINIAODSIM/106X_mc2017_realistic_v9-v1/2530000/F3450D23-DF1B-404D-9326-68A83B1B0126.root
%MSG-w XrdAdaptor:  file_open 11-Jun-2024 12:04:04 CEST PostProcessEvent
Data is served from fnal.gov instead of original site T2_FR_GRIF_LLR
%MSG
11-Jun-2024 12:04:05 CEST  Successfully opened file root://xrootd-cms.infn.it//store/mc/RunIISummer20UL17MiniAODv2/QCD_HT300to500_TuneCP5_PSWeights_13TeV-madgraph-pythia8/MINIAODSIM/106X_mc2017_realistic_v9-v1/2530000/F3450D23-DF1B-404D-9326-68A83B1B0126.root
Begin processing the 300001st record. Run 1, Event 323666146, LumiSection 37255 on stream 0 at 11-Jun-2024 12:04:12.493 CEST
11-Jun-2024 12:04:12 CEST  Closed file root://xrootd-cms.infn.it//store/mc/RunIISummer20UL17MiniAODv2/QCD_HT300to500_TuneCP5_PSWeights_13TeV-madgraph-pythia8/MINIAODSIM/106X_mc2017_realistic_v9-v1/2530000/F3450D23-DF1B-404D-9326-68A83B1B0126.root
11-Jun-2024 12:04:12 CEST  Initiating request to open file root://eoscms.cern.ch//eos/cms/store/mc/RunIISummer20UL17MiniAODv2/QCD_HT300to500_TuneCP5_PSWeights_13TeV-madgraph-pythia8/MINIAODSIM/106X_mc2017_realistic_v9-v1/2530000/BD376E6B-4965-8B43-9C2D-5EC0D1C4470A.root
%MSG-w XrdAdaptorInternal:  file_open 11-Jun-2024 12:04:13 CEST PostProcessEvent
Failed to open file at URL root://eoscms.cern.ch:1094//eos/cms/store/mc/RunIISummer20UL17MiniAODv2/QCD_HT300to500_TuneCP5_PSWeights_13TeV-madgraph-pythia8/MINIAODSIM/106X_mc2017_realistic_v9-v1/2530000/BD376E6B-4965-8B43-9C2D-5EC0D1C4470A.root.
%MSG
%MSG-w XrdAdaptorInternal:  file_open 11-Jun-2024 12:04:13 CEST PostProcessEvent
Failed to open file at URL root://eoscms.cern.ch:1094//eos/cms/store/mc/RunIISummer20UL17MiniAODv2/QCD_HT300to500_TuneCP5_PSWeights_13TeV-madgraph-pythia8/MINIAODSIM/106X_mc2017_realistic_v9-v1/2530000/BD376E6B-4965-8B43-9C2D-5EC0D1C4470A.root?tried=.
%MSG
11-Jun-2024 12:04:13 CEST  Fallback request to file root://xrootd-cms.infn.it//store/mc/RunIISummer20UL17MiniAODv2/QCD_HT300to500_TuneCP5_PSWeights_13TeV-madgraph-pythia8/MINIAODSIM/106X_mc2017_realistic_v9-v1/2530000/BD376E6B-4965-8B43-9C2D-5EC0D1C4470A.root
%MSG-w XrdAdaptor:  file_open 11-Jun-2024 12:04:26 CEST PostProcessEvent
Data is served from fnal.gov instead of original site T2_FR_GRIF_LLR
%MSG
11-Jun-2024 12:04:27 CEST  Successfully opened file root://xrootd-cms.infn.it//store/mc/RunIISummer20UL17MiniAODv2/QCD_HT300to500_TuneCP5_PSWeights_13TeV-madgraph-pythia8/MINIAODSIM/106X_mc2017_realistic_v9-v1/2530000/BD376E6B-4965-8B43-9C2D-5EC0D1C4470A.root
11-Jun-2024 12:04:35 CEST  Closed file root://xrootd-cms.infn.it//store/mc/RunIISummer20UL17MiniAODv2/QCD_HT300to500_TuneCP5_PSWeights_13TeV-madgraph-pythia8/MINIAODSIM/106X_mc2017_realistic_v9-v1/2530000/BD376E6B-4965-8B43-9C2D-5EC0D1C4470A.root
11-Jun-2024 12:04:35 CEST  Initiating request to open file root://eoscms.cern.ch//eos/cms/store/mc/RunIISummer20UL17MiniAODv2/QCD_HT300to500_TuneCP5_PSWeights_13TeV-madgraph-pythia8/MINIAODSIM/106X_mc2017_realistic_v9-v1/2530000/0F6BE30E-4AA4-B548-963D-F3537FAC1A17.root
%MSG-w XrdAdaptorInternal:  file_open 11-Jun-2024 12:04:36 CEST PostProcessEvent
Failed to open file at URL root://eoscms.cern.ch:1094//eos/cms/store/mc/RunIISummer20UL17MiniAODv2/QCD_HT300to500_TuneCP5_PSWeights_13TeV-madgraph-pythia8/MINIAODSIM/106X_mc2017_realistic_v9-v1/2530000/0F6BE30E-4AA4-B548-963D-F3537FAC1A17.root.
%MSG
%MSG-w XrdAdaptorInternal:  file_open 11-Jun-2024 12:04:36 CEST PostProcessEvent
Failed to open file at URL root://eoscms.cern.ch:1094//eos/cms/store/mc/RunIISummer20UL17MiniAODv2/QCD_HT300to500_TuneCP5_PSWeights_13TeV-madgraph-pythia8/MINIAODSIM/106X_mc2017_realistic_v9-v1/2530000/0F6BE30E-4AA4-B548-963D-F3537FAC1A17.root?tried=.
%MSG
11-Jun-2024 12:04:36 CEST  Fallback request to file root://xrootd-cms.infn.it//store/mc/RunIISummer20UL17MiniAODv2/QCD_HT300to500_TuneCP5_PSWeights_13TeV-madgraph-pythia8/MINIAODSIM/106X_mc2017_realistic_v9-v1/2530000/0F6BE30E-4AA4-B548-963D-F3537FAC1A17.root
%MSG-w XrdAdaptor:  file_open 11-Jun-2024 12:04:49 CEST PostProcessEvent
Data is served from fnal.gov instead of original site T2_FR_GRIF_LLR
%MSG
11-Jun-2024 12:04:50 CEST  Successfully opened file root://xrootd-cms.infn.it//store/mc/RunIISummer20UL17MiniAODv2/QCD_HT300to500_TuneCP5_PSWeights_13TeV-madgraph-pythia8/MINIAODSIM/106X_mc2017_realistic_v9-v1/2530000/0F6BE30E-4AA4-B548-963D-F3537FAC1A17.root
Begin processing the 400001st record. Run 1, Event 410012908, LumiSection 47194 on stream 0 at 11-Jun-2024 12:04:57.310 CEST
11-Jun-2024 12:04:58 CEST  Closed file root://xrootd-cms.infn.it//store/mc/RunIISummer20UL17MiniAODv2/QCD_HT300to500_TuneCP5_PSWeights_13TeV-madgraph-pythia8/MINIAODSIM/106X_mc2017_realistic_v9-v1/2530000/0F6BE30E-4AA4-B548-963D-F3537FAC1A17.root
11-Jun-2024 12:04:58 CEST  Initiating request to open file root://eoscms.cern.ch//eos/cms/store/mc/RunIISummer20UL17MiniAODv2/QCD_HT300to500_TuneCP5_PSWeights_13TeV-madgraph-pythia8/MINIAODSIM/106X_mc2017_realistic_v9-v1/2530000/52A20A4B-6C15-504C-A73A-0229A515BADB.root
%MSG-w XrdAdaptorInternal:  file_open 11-Jun-2024 12:04:59 CEST PostProcessEvent
Failed to open file at URL root://eoscms.cern.ch:1094//eos/cms/store/mc/RunIISummer20UL17MiniAODv2/QCD_HT300to500_TuneCP5_PSWeights_13TeV-madgraph-pythia8/MINIAODSIM/106X_mc2017_realistic_v9-v1/2530000/52A20A4B-6C15-504C-A73A-0229A515BADB.root.
%MSG
%MSG-w XrdAdaptorInternal:  file_open 11-Jun-2024 12:04:59 CEST PostProcessEvent
Failed to open file at URL root://eoscms.cern.ch:1094//eos/cms/store/mc/RunIISummer20UL17MiniAODv2/QCD_HT300to500_TuneCP5_PSWeights_13TeV-madgraph-pythia8/MINIAODSIM/106X_mc2017_realistic_v9-v1/2530000/52A20A4B-6C15-504C-A73A-0229A515BADB.root?tried=.
%MSG
11-Jun-2024 12:04:59 CEST  Fallback request to file root://xrootd-cms.infn.it//store/mc/RunIISummer20UL17MiniAODv2/QCD_HT300to500_TuneCP5_PSWeights_13TeV-madgraph-pythia8/MINIAODSIM/106X_mc2017_realistic_v9-v1/2530000/52A20A4B-6C15-504C-A73A-0229A515BADB.root
%MSG-w XrdAdaptor:  file_open 11-Jun-2024 12:05:12 CEST PostProcessEvent
Data is served from fnal.gov instead of original site T2_FR_GRIF_LLR
%MSG
11-Jun-2024 12:05:13 CEST  Successfully opened file root://xrootd-cms.infn.it//store/mc/RunIISummer20UL17MiniAODv2/QCD_HT300to500_TuneCP5_PSWeights_13TeV-madgraph-pythia8/MINIAODSIM/106X_mc2017_realistic_v9-v1/2530000/52A20A4B-6C15-504C-A73A-0229A515BADB.root
11-Jun-2024 12:05:21 CEST  Closed file root://xrootd-cms.infn.it//store/mc/RunIISummer20UL17MiniAODv2/QCD_HT300to500_TuneCP5_PSWeights_13TeV-madgraph-pythia8/MINIAODSIM/106X_mc2017_realistic_v9-v1/2530000/52A20A4B-6C15-504C-A73A-0229A515BADB.root
11-Jun-2024 12:05:21 CEST  Initiating request to open file root://eoscms.cern.ch//eos/cms/store/mc/RunIISummer20UL17MiniAODv2/QCD_HT300to500_TuneCP5_PSWeights_13TeV-madgraph-pythia8/MINIAODSIM/106X_mc2017_realistic_v9-v1/2530000/420987A2-390C-8647-973E-19BF65E90A27.root
%MSG-w XrdAdaptorInternal:  file_open 11-Jun-2024 12:05:22 CEST PostProcessEvent
Failed to open file at URL root://eoscms.cern.ch:1094//eos/cms/store/mc/RunIISummer20UL17MiniAODv2/QCD_HT300to500_TuneCP5_PSWeights_13TeV-madgraph-pythia8/MINIAODSIM/106X_mc2017_realistic_v9-v1/2530000/420987A2-390C-8647-973E-19BF65E90A27.root.
%MSG
%MSG-w XrdAdaptorInternal:  file_open 11-Jun-2024 12:05:22 CEST PostProcessEvent
Failed to open file at URL root://eoscms.cern.ch:1094//eos/cms/store/mc/RunIISummer20UL17MiniAODv2/QCD_HT300to500_TuneCP5_PSWeights_13TeV-madgraph-pythia8/MINIAODSIM/106X_mc2017_realistic_v9-v1/2530000/420987A2-390C-8647-973E-19BF65E90A27.root?tried=.
%MSG
11-Jun-2024 12:05:22 CEST  Fallback request to file root://xrootd-cms.infn.it//store/mc/RunIISummer20UL17MiniAODv2/QCD_HT300to500_TuneCP5_PSWeights_13TeV-madgraph-pythia8/MINIAODSIM/106X_mc2017_realistic_v9-v1/2530000/420987A2-390C-8647-973E-19BF65E90A27.root
%MSG-w XrdAdaptor:  file_open 11-Jun-2024 12:05:34 CEST PostProcessEvent
Data is served from fnal.gov instead of original site T2_FR_GRIF_LLR
%MSG
11-Jun-2024 12:05:35 CEST  Successfully opened file root://xrootd-cms.infn.it//store/mc/RunIISummer20UL17MiniAODv2/QCD_HT300to500_TuneCP5_PSWeights_13TeV-madgraph-pythia8/MINIAODSIM/106X_mc2017_realistic_v9-v1/2530000/420987A2-390C-8647-973E-19BF65E90A27.root
Begin processing the 500001st record. Run 1, Event 212487602, LumiSection 24458 on stream 0 at 11-Jun-2024 12:05:43.259 CEST
11-Jun-2024 12:05:44 CEST  Closed file root://xrootd-cms.infn.it//store/mc/RunIISummer20UL17MiniAODv2/QCD_HT300to500_TuneCP5_PSWeights_13TeV-madgraph-pythia8/MINIAODSIM/106X_mc2017_realistic_v9-v1/2530000/420987A2-390C-8647-973E-19BF65E90A27.root
11-Jun-2024 12:05:44 CEST  Initiating request to open file root://eoscms.cern.ch//eos/cms/store/mc/RunIISummer20UL17MiniAODv2/QCD_HT300to500_TuneCP5_PSWeights_13TeV-madgraph-pythia8/MINIAODSIM/106X_mc2017_realistic_v9-v1/2530000/A6F90172-5F94-DE40-A652-B95CC34E8A84.root
%MSG-w XrdAdaptorInternal:  file_open 11-Jun-2024 12:05:45 CEST PostProcessEvent
Failed to open file at URL root://eoscms.cern.ch:1094//eos/cms/store/mc/RunIISummer20UL17MiniAODv2/QCD_HT300to500_TuneCP5_PSWeights_13TeV-madgraph-pythia8/MINIAODSIM/106X_mc2017_realistic_v9-v1/2530000/A6F90172-5F94-DE40-A652-B95CC34E8A84.root.
%MSG
%MSG-w XrdAdaptorInternal:  file_open 11-Jun-2024 12:05:45 CEST PostProcessEvent
Failed to open file at URL root://eoscms.cern.ch:1094//eos/cms/store/mc/RunIISummer20UL17MiniAODv2/QCD_HT300to500_TuneCP5_PSWeights_13TeV-madgraph-pythia8/MINIAODSIM/106X_mc2017_realistic_v9-v1/2530000/A6F90172-5F94-DE40-A652-B95CC34E8A84.root?tried=.
%MSG
11-Jun-2024 12:05:45 CEST  Fallback request to file root://xrootd-cms.infn.it//store/mc/RunIISummer20UL17MiniAODv2/QCD_HT300to500_TuneCP5_PSWeights_13TeV-madgraph-pythia8/MINIAODSIM/106X_mc2017_realistic_v9-v1/2530000/A6F90172-5F94-DE40-A652-B95CC34E8A84.root
%MSG-w XrdAdaptor:  file_open 11-Jun-2024 12:05:58 CEST PostProcessEvent
Data is served from fnal.gov instead of original site T2_FR_GRIF_LLR
%MSG
11-Jun-2024 12:05:59 CEST  Successfully opened file root://xrootd-cms.infn.it//store/mc/RunIISummer20UL17MiniAODv2/QCD_HT300to500_TuneCP5_PSWeights_13TeV-madgraph-pythia8/MINIAODSIM/106X_mc2017_realistic_v9-v1/2530000/A6F90172-5F94-DE40-A652-B95CC34E8A84.root
11-Jun-2024 12:06:08 CEST  Closed file root://xrootd-cms.infn.it//store/mc/RunIISummer20UL17MiniAODv2/QCD_HT300to500_TuneCP5_PSWeights_13TeV-madgraph-pythia8/MINIAODSIM/106X_mc2017_realistic_v9-v1/2530000/A6F90172-5F94-DE40-A652-B95CC34E8A84.root
11-Jun-2024 12:06:08 CEST  Initiating request to open file root://eoscms.cern.ch//eos/cms/store/mc/RunIISummer20UL17MiniAODv2/QCD_HT300to500_TuneCP5_PSWeights_13TeV-madgraph-pythia8/MINIAODSIM/106X_mc2017_realistic_v9-v1/2530000/AF98853E-A1B2-ED4D-A943-C5CC00037309.root
%MSG-w XrdAdaptorInternal:  file_open 11-Jun-2024 12:06:09 CEST PostProcessEvent
Failed to open file at URL root://eoscms.cern.ch:1094//eos/cms/store/mc/RunIISummer20UL17MiniAODv2/QCD_HT300to500_TuneCP5_PSWeights_13TeV-madgraph-pythia8/MINIAODSIM/106X_mc2017_realistic_v9-v1/2530000/AF98853E-A1B2-ED4D-A943-C5CC00037309.root.
%MSG
%MSG-w XrdAdaptorInternal:  file_open 11-Jun-2024 12:06:09 CEST PostProcessEvent
Failed to open file at URL root://eoscms.cern.ch:1094//eos/cms/store/mc/RunIISummer20UL17MiniAODv2/QCD_HT300to500_TuneCP5_PSWeights_13TeV-madgraph-pythia8/MINIAODSIM/106X_mc2017_realistic_v9-v1/2530000/AF98853E-A1B2-ED4D-A943-C5CC00037309.root?tried=.
%MSG
11-Jun-2024 12:06:09 CEST  Fallback request to file root://xrootd-cms.infn.it//store/mc/RunIISummer20UL17MiniAODv2/QCD_HT300to500_TuneCP5_PSWeights_13TeV-madgraph-pythia8/MINIAODSIM/106X_mc2017_realistic_v9-v1/2530000/AF98853E-A1B2-ED4D-A943-C5CC00037309.root
%MSG-w XrdAdaptor:  file_open 11-Jun-2024 12:06:22 CEST PostProcessEvent
Data is served from fnal.gov instead of original site T2_FR_GRIF_LLR
%MSG
11-Jun-2024 12:06:23 CEST  Successfully opened file root://xrootd-cms.infn.it//store/mc/RunIISummer20UL17MiniAODv2/QCD_HT300to500_TuneCP5_PSWeights_13TeV-madgraph-pythia8/MINIAODSIM/106X_mc2017_realistic_v9-v1/2530000/AF98853E-A1B2-ED4D-A943-C5CC00037309.root
Begin processing the 600001st record. Run 1, Event 313741346, LumiSection 36113 on stream 0 at 11-Jun-2024 12:06:31.078 CEST
11-Jun-2024 12:06:32 CEST  Closed file root://xrootd-cms.infn.it//store/mc/RunIISummer20UL17MiniAODv2/QCD_HT300to500_TuneCP5_PSWeights_13TeV-madgraph-pythia8/MINIAODSIM/106X_mc2017_realistic_v9-v1/2530000/AF98853E-A1B2-ED4D-A943-C5CC00037309.root
11-Jun-2024 12:06:32 CEST  Initiating request to open file root://eoscms.cern.ch//eos/cms/store/mc/RunIISummer20UL17MiniAODv2/QCD_HT300to500_TuneCP5_PSWeights_13TeV-madgraph-pythia8/MINIAODSIM/106X_mc2017_realistic_v9-v1/2530000/12D3F9D9-7655-BA40-969D-FB2AA019D1E3.root
%MSG-w XrdAdaptorInternal:  file_open 11-Jun-2024 12:06:33 CEST PostProcessEvent
Failed to open file at URL root://eoscms.cern.ch:1094//eos/cms/store/mc/RunIISummer20UL17MiniAODv2/QCD_HT300to500_TuneCP5_PSWeights_13TeV-madgraph-pythia8/MINIAODSIM/106X_mc2017_realistic_v9-v1/2530000/12D3F9D9-7655-BA40-969D-FB2AA019D1E3.root.
%MSG
%MSG-w XrdAdaptorInternal:  file_open 11-Jun-2024 12:06:33 CEST PostProcessEvent
Failed to open file at URL root://eoscms.cern.ch:1094//eos/cms/store/mc/RunIISummer20UL17MiniAODv2/QCD_HT300to500_TuneCP5_PSWeights_13TeV-madgraph-pythia8/MINIAODSIM/106X_mc2017_realistic_v9-v1/2530000/12D3F9D9-7655-BA40-969D-FB2AA019D1E3.root?tried=.
%MSG
11-Jun-2024 12:06:33 CEST  Fallback request to file root://xrootd-cms.infn.it//store/mc/RunIISummer20UL17MiniAODv2/QCD_HT300to500_TuneCP5_PSWeights_13TeV-madgraph-pythia8/MINIAODSIM/106X_mc2017_realistic_v9-v1/2530000/12D3F9D9-7655-BA40-969D-FB2AA019D1E3.root
%MSG-w XrdAdaptor:  file_open 11-Jun-2024 12:06:46 CEST PostProcessEvent
Data is served from fnal.gov instead of original site T2_FR_GRIF_LLR
%MSG
11-Jun-2024 12:06:47 CEST  Successfully opened file root://xrootd-cms.infn.it//store/mc/RunIISummer20UL17MiniAODv2/QCD_HT300to500_TuneCP5_PSWeights_13TeV-madgraph-pythia8/MINIAODSIM/106X_mc2017_realistic_v9-v1/2530000/12D3F9D9-7655-BA40-969D-FB2AA019D1E3.root
11-Jun-2024 12:06:56 CEST  Closed file root://xrootd-cms.infn.it//store/mc/RunIISummer20UL17MiniAODv2/QCD_HT300to500_TuneCP5_PSWeights_13TeV-madgraph-pythia8/MINIAODSIM/106X_mc2017_realistic_v9-v1/2530000/12D3F9D9-7655-BA40-969D-FB2AA019D1E3.root
11-Jun-2024 12:06:56 CEST  Initiating request to open file root://eoscms.cern.ch//eos/cms/store/mc/RunIISummer20UL17MiniAODv2/QCD_HT300to500_TuneCP5_PSWeights_13TeV-madgraph-pythia8/MINIAODSIM/106X_mc2017_realistic_v9-v1/2530000/0C148247-2D17-224D-8F4A-577282B14471.root
%MSG-w XrdAdaptorInternal:  file_open 11-Jun-2024 12:06:57 CEST PostProcessEvent
Failed to open file at URL root://eoscms.cern.ch:1094//eos/cms/store/mc/RunIISummer20UL17MiniAODv2/QCD_HT300to500_TuneCP5_PSWeights_13TeV-madgraph-pythia8/MINIAODSIM/106X_mc2017_realistic_v9-v1/2530000/0C148247-2D17-224D-8F4A-577282B14471.root.
%MSG
%MSG-w XrdAdaptorInternal:  file_open 11-Jun-2024 12:06:57 CEST PostProcessEvent
Failed to open file at URL root://eoscms.cern.ch:1094//eos/cms/store/mc/RunIISummer20UL17MiniAODv2/QCD_HT300to500_TuneCP5_PSWeights_13TeV-madgraph-pythia8/MINIAODSIM/106X_mc2017_realistic_v9-v1/2530000/0C148247-2D17-224D-8F4A-577282B14471.root?tried=.
%MSG
11-Jun-2024 12:06:57 CEST  Fallback request to file root://xrootd-cms.infn.it//store/mc/RunIISummer20UL17MiniAODv2/QCD_HT300to500_TuneCP5_PSWeights_13TeV-madgraph-pythia8/MINIAODSIM/106X_mc2017_realistic_v9-v1/2530000/0C148247-2D17-224D-8F4A-577282B14471.root
%MSG-w XrdAdaptor:  file_open 11-Jun-2024 12:07:11 CEST PostProcessEvent
Data is served from fnal.gov instead of original site T2_FR_GRIF_LLR
%MSG
11-Jun-2024 12:07:11 CEST  Successfully opened file root://xrootd-cms.infn.it//store/mc/RunIISummer20UL17MiniAODv2/QCD_HT300to500_TuneCP5_PSWeights_13TeV-madgraph-pythia8/MINIAODSIM/106X_mc2017_realistic_v9-v1/2530000/0C148247-2D17-224D-8F4A-577282B14471.root
Begin processing the 700001st record. Run 1, Event 152676391, LumiSection 17574 on stream 0 at 11-Jun-2024 12:07:18.515 CEST
11-Jun-2024 12:07:19 CEST  Closed file root://xrootd-cms.infn.it//store/mc/RunIISummer20UL17MiniAODv2/QCD_HT300to500_TuneCP5_PSWeights_13TeV-madgraph-pythia8/MINIAODSIM/106X_mc2017_realistic_v9-v1/2530000/0C148247-2D17-224D-8F4A-577282B14471.root
11-Jun-2024 12:07:19 CEST  Initiating request to open file root://eoscms.cern.ch//eos/cms/store/mc/RunIISummer20UL17MiniAODv2/QCD_HT300to500_TuneCP5_PSWeights_13TeV-madgraph-pythia8/MINIAODSIM/106X_mc2017_realistic_v9-v1/2530000/F96754EA-B281-B542-9491-44198B2D5457.root
%MSG-w XrdAdaptorInternal:  file_open 11-Jun-2024 12:07:20 CEST PostProcessEvent
Failed to open file at URL root://eoscms.cern.ch:1094//eos/cms/store/mc/RunIISummer20UL17MiniAODv2/QCD_HT300to500_TuneCP5_PSWeights_13TeV-madgraph-pythia8/MINIAODSIM/106X_mc2017_realistic_v9-v1/2530000/F96754EA-B281-B542-9491-44198B2D5457.root.
%MSG
%MSG-w XrdAdaptorInternal:  file_open 11-Jun-2024 12:07:20 CEST PostProcessEvent
Failed to open file at URL root://eoscms.cern.ch:1094//eos/cms/store/mc/RunIISummer20UL17MiniAODv2/QCD_HT300to500_TuneCP5_PSWeights_13TeV-madgraph-pythia8/MINIAODSIM/106X_mc2017_realistic_v9-v1/2530000/F96754EA-B281-B542-9491-44198B2D5457.root?tried=.
%MSG
11-Jun-2024 12:07:20 CEST  Fallback request to file root://xrootd-cms.infn.it//store/mc/RunIISummer20UL17MiniAODv2/QCD_HT300to500_TuneCP5_PSWeights_13TeV-madgraph-pythia8/MINIAODSIM/106X_mc2017_realistic_v9-v1/2530000/F96754EA-B281-B542-9491-44198B2D5457.root
%MSG-w XrdAdaptor:  file_open 11-Jun-2024 12:07:33 CEST PostProcessEvent
Data is served from fnal.gov instead of original site T2_FR_GRIF_LLR
%MSG
11-Jun-2024 12:07:34 CEST  Successfully opened file root://xrootd-cms.infn.it//store/mc/RunIISummer20UL17MiniAODv2/QCD_HT300to500_TuneCP5_PSWeights_13TeV-madgraph-pythia8/MINIAODSIM/106X_mc2017_realistic_v9-v1/2530000/F96754EA-B281-B542-9491-44198B2D5457.root
Begin processing the 800001st record. Run 1, Event 254374196, LumiSection 29279 on stream 0 at 11-Jun-2024 12:07:44.093 CEST
11-Jun-2024 12:07:44 CEST  Closed file root://xrootd-cms.infn.it//store/mc/RunIISummer20UL17MiniAODv2/QCD_HT300to500_TuneCP5_PSWeights_13TeV-madgraph-pythia8/MINIAODSIM/106X_mc2017_realistic_v9-v1/2530000/F96754EA-B281-B542-9491-44198B2D5457.root
11-Jun-2024 12:07:44 CEST  Initiating request to open file root://eoscms.cern.ch//eos/cms/store/mc/RunIISummer20UL17MiniAODv2/QCD_HT300to500_TuneCP5_PSWeights_13TeV-madgraph-pythia8/MINIAODSIM/106X_mc2017_realistic_v9-v1/2530000/F0497D32-43D9-694C-9863-304A67B61C25.root
%MSG-w XrdAdaptorInternal:  file_open 11-Jun-2024 12:07:45 CEST PostProcessEvent
Failed to open file at URL root://eoscms.cern.ch:1094//eos/cms/store/mc/RunIISummer20UL17MiniAODv2/QCD_HT300to500_TuneCP5_PSWeights_13TeV-madgraph-pythia8/MINIAODSIM/106X_mc2017_realistic_v9-v1/2530000/F0497D32-43D9-694C-9863-304A67B61C25.root.
%MSG
%MSG-w XrdAdaptorInternal:  file_open 11-Jun-2024 12:07:45 CEST PostProcessEvent
Failed to open file at URL root://eoscms.cern.ch:1094//eos/cms/store/mc/RunIISummer20UL17MiniAODv2/QCD_HT300to500_TuneCP5_PSWeights_13TeV-madgraph-pythia8/MINIAODSIM/106X_mc2017_realistic_v9-v1/2530000/F0497D32-43D9-694C-9863-304A67B61C25.root?tried=.
%MSG
11-Jun-2024 12:07:45 CEST  Fallback request to file root://xrootd-cms.infn.it//store/mc/RunIISummer20UL17MiniAODv2/QCD_HT300to500_TuneCP5_PSWeights_13TeV-madgraph-pythia8/MINIAODSIM/106X_mc2017_realistic_v9-v1/2530000/F0497D32-43D9-694C-9863-304A67B61C25.root
%MSG-w XrdAdaptor:  file_open 11-Jun-2024 12:07:58 CEST PostProcessEvent
Data is served from fnal.gov instead of original site T2_FR_GRIF_LLR
%MSG
11-Jun-2024 12:07:59 CEST  Successfully opened file root://xrootd-cms.infn.it//store/mc/RunIISummer20UL17MiniAODv2/QCD_HT300to500_TuneCP5_PSWeights_13TeV-madgraph-pythia8/MINIAODSIM/106X_mc2017_realistic_v9-v1/2530000/F0497D32-43D9-694C-9863-304A67B61C25.root
11-Jun-2024 12:08:09 CEST  Closed file root://xrootd-cms.infn.it//store/mc/RunIISummer20UL17MiniAODv2/QCD_HT300to500_TuneCP5_PSWeights_13TeV-madgraph-pythia8/MINIAODSIM/106X_mc2017_realistic_v9-v1/2530000/F0497D32-43D9-694C-9863-304A67B61C25.root
11-Jun-2024 12:08:09 CEST  Initiating request to open file root://eoscms.cern.ch//eos/cms/store/mc/RunIISummer20UL17MiniAODv2/QCD_HT300to500_TuneCP5_PSWeights_13TeV-madgraph-pythia8/MINIAODSIM/106X_mc2017_realistic_v9-v1/2530000/76A76D24-7468-3942-BC1A-AB4502CCA1C3.root
%MSG-w XrdAdaptorInternal:  file_open 11-Jun-2024 12:08:10 CEST PostProcessEvent
Failed to open file at URL root://eoscms.cern.ch:1094//eos/cms/store/mc/RunIISummer20UL17MiniAODv2/QCD_HT300to500_TuneCP5_PSWeights_13TeV-madgraph-pythia8/MINIAODSIM/106X_mc2017_realistic_v9-v1/2530000/76A76D24-7468-3942-BC1A-AB4502CCA1C3.root.
%MSG
%MSG-w XrdAdaptorInternal:  file_open 11-Jun-2024 12:08:10 CEST PostProcessEvent
Failed to open file at URL root://eoscms.cern.ch:1094//eos/cms/store/mc/RunIISummer20UL17MiniAODv2/QCD_HT300to500_TuneCP5_PSWeights_13TeV-madgraph-pythia8/MINIAODSIM/106X_mc2017_realistic_v9-v1/2530000/76A76D24-7468-3942-BC1A-AB4502CCA1C3.root?tried=.
%MSG
11-Jun-2024 12:08:10 CEST  Fallback request to file root://xrootd-cms.infn.it//store/mc/RunIISummer20UL17MiniAODv2/QCD_HT300to500_TuneCP5_PSWeights_13TeV-madgraph-pythia8/MINIAODSIM/106X_mc2017_realistic_v9-v1/2530000/76A76D24-7468-3942-BC1A-AB4502CCA1C3.root
%MSG-w XrdAdaptor:  file_open 11-Jun-2024 12:08:24 CEST PostProcessEvent
Data is served from fnal.gov instead of original site T2_FR_GRIF_LLR
%MSG
11-Jun-2024 12:08:24 CEST  Successfully opened file root://xrootd-cms.infn.it//store/mc/RunIISummer20UL17MiniAODv2/QCD_HT300to500_TuneCP5_PSWeights_13TeV-madgraph-pythia8/MINIAODSIM/106X_mc2017_realistic_v9-v1/2530000/76A76D24-7468-3942-BC1A-AB4502CCA1C3.root
Begin processing the 900001st record. Run 1, Event 324280136, LumiSection 37326 on stream 0 at 11-Jun-2024 12:08:32.620 CEST
11-Jun-2024 12:08:32 CEST  Closed file root://xrootd-cms.infn.it//store/mc/RunIISummer20UL17MiniAODv2/QCD_HT300to500_TuneCP5_PSWeights_13TeV-madgraph-pythia8/MINIAODSIM/106X_mc2017_realistic_v9-v1/2530000/76A76D24-7468-3942-BC1A-AB4502CCA1C3.root
11-Jun-2024 12:08:32 CEST  Initiating request to open file root://eoscms.cern.ch//eos/cms/store/mc/RunIISummer20UL17MiniAODv2/QCD_HT300to500_TuneCP5_PSWeights_13TeV-madgraph-pythia8/MINIAODSIM/106X_mc2017_realistic_v9-v1/2530000/428EBCC0-8DEB-7A48-9AB7-5BF2842A9905.root
%MSG-w XrdAdaptorInternal:  file_open 11-Jun-2024 12:08:33 CEST PostProcessEvent
Failed to open file at URL root://eoscms.cern.ch:1094//eos/cms/store/mc/RunIISummer20UL17MiniAODv2/QCD_HT300to500_TuneCP5_PSWeights_13TeV-madgraph-pythia8/MINIAODSIM/106X_mc2017_realistic_v9-v1/2530000/428EBCC0-8DEB-7A48-9AB7-5BF2842A9905.root.
%MSG
%MSG-w XrdAdaptorInternal:  file_open 11-Jun-2024 12:08:33 CEST PostProcessEvent
Failed to open file at URL root://eoscms.cern.ch:1094//eos/cms/store/mc/RunIISummer20UL17MiniAODv2/QCD_HT300to500_TuneCP5_PSWeights_13TeV-madgraph-pythia8/MINIAODSIM/106X_mc2017_realistic_v9-v1/2530000/428EBCC0-8DEB-7A48-9AB7-5BF2842A9905.root?tried=.
%MSG
11-Jun-2024 12:08:33 CEST  Fallback request to file root://xrootd-cms.infn.it//store/mc/RunIISummer20UL17MiniAODv2/QCD_HT300to500_TuneCP5_PSWeights_13TeV-madgraph-pythia8/MINIAODSIM/106X_mc2017_realistic_v9-v1/2530000/428EBCC0-8DEB-7A48-9AB7-5BF2842A9905.root
%MSG-w XrdAdaptor:  file_open 11-Jun-2024 12:08:46 CEST PostProcessEvent
Data is served from fnal.gov instead of original site T2_FR_GRIF_LLR
%MSG
11-Jun-2024 12:08:47 CEST  Successfully opened file root://xrootd-cms.infn.it//store/mc/RunIISummer20UL17MiniAODv2/QCD_HT300to500_TuneCP5_PSWeights_13TeV-madgraph-pythia8/MINIAODSIM/106X_mc2017_realistic_v9-v1/2530000/428EBCC0-8DEB-7A48-9AB7-5BF2842A9905.root
11-Jun-2024 12:08:59 CEST  Closed file root://xrootd-cms.infn.it//store/mc/RunIISummer20UL17MiniAODv2/QCD_HT300to500_TuneCP5_PSWeights_13TeV-madgraph-pythia8/MINIAODSIM/106X_mc2017_realistic_v9-v1/2530000/428EBCC0-8DEB-7A48-9AB7-5BF2842A9905.root
11-Jun-2024 12:08:59 CEST  Initiating request to open file root://eoscms.cern.ch//eos/cms/store/mc/RunIISummer20UL17MiniAODv2/QCD_HT300to500_TuneCP5_PSWeights_13TeV-madgraph-pythia8/MINIAODSIM/106X_mc2017_realistic_v9-v1/2530000/59250184-4BDB-1F42-B789-7791B22F7D33.root
%MSG-w XrdAdaptorInternal:  file_open 11-Jun-2024 12:09:00 CEST PostProcessEvent
Failed to open file at URL root://eoscms.cern.ch:1094//eos/cms/store/mc/RunIISummer20UL17MiniAODv2/QCD_HT300to500_TuneCP5_PSWeights_13TeV-madgraph-pythia8/MINIAODSIM/106X_mc2017_realistic_v9-v1/2530000/59250184-4BDB-1F42-B789-7791B22F7D33.root.
%MSG
%MSG-w XrdAdaptorInternal:  file_open 11-Jun-2024 12:09:00 CEST PostProcessEvent
Failed to open file at URL root://eoscms.cern.ch:1094//eos/cms/store/mc/RunIISummer20UL17MiniAODv2/QCD_HT300to500_TuneCP5_PSWeights_13TeV-madgraph-pythia8/MINIAODSIM/106X_mc2017_realistic_v9-v1/2530000/59250184-4BDB-1F42-B789-7791B22F7D33.root?tried=.
%MSG
11-Jun-2024 12:09:00 CEST  Fallback request to file root://xrootd-cms.infn.it//store/mc/RunIISummer20UL17MiniAODv2/QCD_HT300to500_TuneCP5_PSWeights_13TeV-madgraph-pythia8/MINIAODSIM/106X_mc2017_realistic_v9-v1/2530000/59250184-4BDB-1F42-B789-7791B22F7D33.root
%MSG-w XrdAdaptor:  file_open 11-Jun-2024 12:09:13 CEST PostProcessEvent
Data is served from fnal.gov instead of original site T2_FR_GRIF_LLR
%MSG
11-Jun-2024 12:09:14 CEST  Successfully opened file root://xrootd-cms.infn.it//store/mc/RunIISummer20UL17MiniAODv2/QCD_HT300to500_TuneCP5_PSWeights_13TeV-madgraph-pythia8/MINIAODSIM/106X_mc2017_realistic_v9-v1/2530000/59250184-4BDB-1F42-B789-7791B22F7D33.root
 880099.900000   6646.814000    362.563100             1
 176209.500000   1814.696000    362.563100             0
2093639.000000   8083.130000    362.563100             2
 
11-Jun-2024 12:09:22 CEST  Closed file root://xrootd-cms.infn.it//store/mc/RunIISummer20UL17MiniAODv2/QCD_HT300to500_TuneCP5_PSWeights_13TeV-madgraph-pythia8/MINIAODSIM/106X_mc2017_realistic_v9-v1/2530000/59250184-4BDB-1F42-B789-7791B22F7D33.root

------------------------------------
GenXsecAnalyzer:
------------------------------------
-------------------------------------------------------------------------------------------------------------------------------------------------------------------------- 
Overall cross-section summary 
--------------------------------------------------------------------------------------------------------------------------------------------------------------------------
Process		xsec_before [pb]		passed	nposw	nnegw	tried	nposw	nnegw 	xsec_match [pb]			accepted [%]	 event_eff [%]
0		1.765e+05 +/- 5.441e+01		34958	34958	0	546113	546113	0	1.130e+04 +/- 5.856e+01		6.4 +/- 0.0	6.4 +/- 0.0
1		8.703e+05 +/- 2.012e+02		115232	115232	0	2685130	2685130	0	3.735e+04 +/- 1.080e+02		4.3 +/- 0.0	4.3 +/- 0.0
2		2.095e+06 +/- 2.500e+02		850255	850255	0	6447189	6447189	0	2.762e+05 +/- 2.811e+02		13.2 +/- 0.0	13.2 +/- 0.0
-------------------------------------------------------------------------------------------------------------------------------------------------------------------------- 
Total		3.141e+06 +/- 3.255e+02		1000445	1000445	0	9678432	9678432	0	3.247e+05 +/- 3.092e+02		10.3 +/- 0.0	10.3 +/- 0.0
--------------------------------------------------------------------------------------------------------------------------------------------------------------------------
Before matching: total cross section = 3.141e+06 +- 3.255e+02 pb
After matching: total cross section = 3.247e+05 +- 3.092e+02 pb
Matching efficiency = 0.1 +/- 0.0   [TO BE USED IN MCM]
Filter efficiency (taking into account weights)= (1.00044e+06) / (1.00044e+06) = 1.000e+00 +- 0.000e+00
Filter efficiency (event-level)= (1.00044e+06) / (1.00044e+06) = 1.000e+00 +- 0.000e+00    [TO BE USED IN MCM]

After filter: final cross section = 3.247e+05 +- 3.092e+02 pb
After filter: final fraction of events with negative weights = 0.000e+00 +- 0.000e+00
After filter: final equivalent lumi for 1M events (1/fb) = 3.080e-03 +- 4.253e-06

=============================================

MessageLogger Summary

 type     category        sev    module        subroutine        count    total
 ---- -------------------- -- ---------------- ----------------  -----    -----
    1 GenXSecAnalyzer      -w GenXSecAnalyzer:                      17       17
    2 XrdAdaptor           -w file_open                             19       19
    3 XrdAdaptorInternal   -w file_open                             38       38
    4 fileAction           -s file_close                            19       19
    5 fileAction           -s file_open                             57       57

 type    category    Examples: run/evt        run/evt          run/evt
 ---- -------------------- ---------------- ---------------- ----------------
    1 GenXSecAnalyzer      PostGlobalEndRun PostGlobalEndRun PostGlobalEndRun
    2 XrdAdaptor           pre-events       PostProcessEvent PostProcessEvent
    3 XrdAdaptorInternal   pre-events       pre-events       PostProcessEvent
    4 fileAction           PostProcessEvent PostProcessEvent PostGlobalEndRun
    5 fileAction           pre-events       pre-events       PostProcessEvent

Severity    # Occurrences   Total Occurrences
--------    -------------   -----------------
Warning                74                  74
System                 76                  76

dropped waiting message count 0
