11-Jun-2024 12:18:14 CEST  Initiating request to open file root://eoscms.cern.ch//eos/cms/store/mc/RunIISummer20UL17MiniAODv2/QCD_Pt_300to470_TuneCP5_13TeV_pythia8/MINIAODSIM/106X_mc2017_realistic_v9-v1/240000/4C706DF1-2973-204F-9547-539A39A94B48.root
%MSG-w XrdAdaptorInternal:  file_open 11-Jun-2024 12:18:15 CEST pre-events
Failed to open file at URL root://eoscms.cern.ch:1094//eos/cms/store/mc/RunIISummer20UL17MiniAODv2/QCD_Pt_300to470_TuneCP5_13TeV_pythia8/MINIAODSIM/106X_mc2017_realistic_v9-v1/240000/4C706DF1-2973-204F-9547-539A39A94B48.root.
%MSG
%MSG-w XrdAdaptorInternal:  file_open 11-Jun-2024 12:18:15 CEST pre-events
Failed to open file at URL root://eoscms.cern.ch:1094//eos/cms/store/mc/RunIISummer20UL17MiniAODv2/QCD_Pt_300to470_TuneCP5_13TeV_pythia8/MINIAODSIM/106X_mc2017_realistic_v9-v1/240000/4C706DF1-2973-204F-9547-539A39A94B48.root?tried=.
%MSG
11-Jun-2024 12:18:15 CEST  Fallback request to file root://xrootd-cms.infn.it//store/mc/RunIISummer20UL17MiniAODv2/QCD_Pt_300to470_TuneCP5_13TeV_pythia8/MINIAODSIM/106X_mc2017_realistic_v9-v1/240000/4C706DF1-2973-204F-9547-539A39A94B48.root
Unable to load sec.protocol plugin libXrdSecztn.so
%MSG-w XrdAdaptor:  file_open 11-Jun-2024 12:18:30 CEST pre-events
Data is served from fnal.gov instead of original site T2_FR_GRIF_LLR
%MSG
11-Jun-2024 12:18:34 CEST  Successfully opened file root://xrootd-cms.infn.it//store/mc/RunIISummer20UL17MiniAODv2/QCD_Pt_300to470_TuneCP5_13TeV_pythia8/MINIAODSIM/106X_mc2017_realistic_v9-v1/240000/4C706DF1-2973-204F-9547-539A39A94B48.root
Unable to load sec.protocol plugin libXrdSecztn.so
Begin processing the 1st record. Run 1, Event 6657012, LumiSection 6658 on stream 0 at 11-Jun-2024 12:18:44.962 CEST
11-Jun-2024 12:18:52 CEST  Closed file root://xrootd-cms.infn.it//store/mc/RunIISummer20UL17MiniAODv2/QCD_Pt_300to470_TuneCP5_13TeV_pythia8/MINIAODSIM/106X_mc2017_realistic_v9-v1/240000/4C706DF1-2973-204F-9547-539A39A94B48.root
11-Jun-2024 12:18:52 CEST  Initiating request to open file root://eoscms.cern.ch//eos/cms/store/mc/RunIISummer20UL17MiniAODv2/QCD_Pt_300to470_TuneCP5_13TeV_pythia8/MINIAODSIM/106X_mc2017_realistic_v9-v1/240000/96759F2D-B2C1-5F4F-BEE6-3892F4DDB8E4.root
%MSG-w XrdAdaptorInternal:  file_open 11-Jun-2024 12:18:53 CEST PostProcessEvent
Failed to open file at URL root://eoscms.cern.ch:1094//eos/cms/store/mc/RunIISummer20UL17MiniAODv2/QCD_Pt_300to470_TuneCP5_13TeV_pythia8/MINIAODSIM/106X_mc2017_realistic_v9-v1/240000/96759F2D-B2C1-5F4F-BEE6-3892F4DDB8E4.root.
%MSG
%MSG-w XrdAdaptorInternal:  file_open 11-Jun-2024 12:18:53 CEST PostProcessEvent
Failed to open file at URL root://eoscms.cern.ch:1094//eos/cms/store/mc/RunIISummer20UL17MiniAODv2/QCD_Pt_300to470_TuneCP5_13TeV_pythia8/MINIAODSIM/106X_mc2017_realistic_v9-v1/240000/96759F2D-B2C1-5F4F-BEE6-3892F4DDB8E4.root?tried=.
%MSG
11-Jun-2024 12:18:53 CEST  Fallback request to file root://xrootd-cms.infn.it//store/mc/RunIISummer20UL17MiniAODv2/QCD_Pt_300to470_TuneCP5_13TeV_pythia8/MINIAODSIM/106X_mc2017_realistic_v9-v1/240000/96759F2D-B2C1-5F4F-BEE6-3892F4DDB8E4.root
Unable to load sec.protocol plugin libXrdSecztn.so
%MSG-w XrdAdaptor:  file_open 11-Jun-2024 12:19:07 CEST PostProcessEvent
Data is served from fnal.gov instead of original site T2_FR_GRIF_LLR
%MSG
11-Jun-2024 12:19:07 CEST  Successfully opened file root://xrootd-cms.infn.it//store/mc/RunIISummer20UL17MiniAODv2/QCD_Pt_300to470_TuneCP5_13TeV_pythia8/MINIAODSIM/106X_mc2017_realistic_v9-v1/240000/96759F2D-B2C1-5F4F-BEE6-3892F4DDB8E4.root
Begin processing the 100001st record. Run 1, Event 39004005, LumiSection 39005 on stream 0 at 11-Jun-2024 12:19:15.316 CEST
11-Jun-2024 12:19:17 CEST  Closed file root://xrootd-cms.infn.it//store/mc/RunIISummer20UL17MiniAODv2/QCD_Pt_300to470_TuneCP5_13TeV_pythia8/MINIAODSIM/106X_mc2017_realistic_v9-v1/240000/96759F2D-B2C1-5F4F-BEE6-3892F4DDB8E4.root
11-Jun-2024 12:19:17 CEST  Initiating request to open file root://eoscms.cern.ch//eos/cms/store/mc/RunIISummer20UL17MiniAODv2/QCD_Pt_300to470_TuneCP5_13TeV_pythia8/MINIAODSIM/106X_mc2017_realistic_v9-v1/240000/CE773133-E432-514C-9A2E-09B43AC7D7D5.root
%MSG-w XrdAdaptorInternal:  file_open 11-Jun-2024 12:19:18 CEST PostProcessEvent
Failed to open file at URL root://eoscms.cern.ch:1094//eos/cms/store/mc/RunIISummer20UL17MiniAODv2/QCD_Pt_300to470_TuneCP5_13TeV_pythia8/MINIAODSIM/106X_mc2017_realistic_v9-v1/240000/CE773133-E432-514C-9A2E-09B43AC7D7D5.root.
%MSG
%MSG-w XrdAdaptorInternal:  file_open 11-Jun-2024 12:19:18 CEST PostProcessEvent
Failed to open file at URL root://eoscms.cern.ch:1094//eos/cms/store/mc/RunIISummer20UL17MiniAODv2/QCD_Pt_300to470_TuneCP5_13TeV_pythia8/MINIAODSIM/106X_mc2017_realistic_v9-v1/240000/CE773133-E432-514C-9A2E-09B43AC7D7D5.root?tried=.
%MSG
11-Jun-2024 12:19:18 CEST  Fallback request to file root://xrootd-cms.infn.it//store/mc/RunIISummer20UL17MiniAODv2/QCD_Pt_300to470_TuneCP5_13TeV_pythia8/MINIAODSIM/106X_mc2017_realistic_v9-v1/240000/CE773133-E432-514C-9A2E-09B43AC7D7D5.root
%MSG-w XrdAdaptor:  file_open 11-Jun-2024 12:19:31 CEST PostProcessEvent
Data is served from fnal.gov instead of original site T2_FR_GRIF_LLR
%MSG
11-Jun-2024 12:19:31 CEST  Successfully opened file root://xrootd-cms.infn.it//store/mc/RunIISummer20UL17MiniAODv2/QCD_Pt_300to470_TuneCP5_13TeV_pythia8/MINIAODSIM/106X_mc2017_realistic_v9-v1/240000/CE773133-E432-514C-9A2E-09B43AC7D7D5.root
Begin processing the 200001st record. Run 1, Event 11015006, LumiSection 11016 on stream 0 at 11-Jun-2024 12:19:39.621 CEST
11-Jun-2024 12:19:41 CEST  Closed file root://xrootd-cms.infn.it//store/mc/RunIISummer20UL17MiniAODv2/QCD_Pt_300to470_TuneCP5_13TeV_pythia8/MINIAODSIM/106X_mc2017_realistic_v9-v1/240000/CE773133-E432-514C-9A2E-09B43AC7D7D5.root
11-Jun-2024 12:19:41 CEST  Initiating request to open file root://eoscms.cern.ch//eos/cms/store/mc/RunIISummer20UL17MiniAODv2/QCD_Pt_300to470_TuneCP5_13TeV_pythia8/MINIAODSIM/106X_mc2017_realistic_v9-v1/240000/9A3DD1C2-F0DA-6946-A3C7-DFF8C9FFB794.root
%MSG-w XrdAdaptorInternal:  file_open 11-Jun-2024 12:19:42 CEST PostProcessEvent
Failed to open file at URL root://eoscms.cern.ch:1094//eos/cms/store/mc/RunIISummer20UL17MiniAODv2/QCD_Pt_300to470_TuneCP5_13TeV_pythia8/MINIAODSIM/106X_mc2017_realistic_v9-v1/240000/9A3DD1C2-F0DA-6946-A3C7-DFF8C9FFB794.root.
%MSG
%MSG-w XrdAdaptorInternal:  file_open 11-Jun-2024 12:19:42 CEST PostProcessEvent
Failed to open file at URL root://eoscms.cern.ch:1094//eos/cms/store/mc/RunIISummer20UL17MiniAODv2/QCD_Pt_300to470_TuneCP5_13TeV_pythia8/MINIAODSIM/106X_mc2017_realistic_v9-v1/240000/9A3DD1C2-F0DA-6946-A3C7-DFF8C9FFB794.root?tried=.
%MSG
11-Jun-2024 12:19:42 CEST  Fallback request to file root://xrootd-cms.infn.it//store/mc/RunIISummer20UL17MiniAODv2/QCD_Pt_300to470_TuneCP5_13TeV_pythia8/MINIAODSIM/106X_mc2017_realistic_v9-v1/240000/9A3DD1C2-F0DA-6946-A3C7-DFF8C9FFB794.root
%MSG-w XrdAdaptor:  file_open 11-Jun-2024 12:19:54 CEST PostProcessEvent
Data is served from fnal.gov instead of original site T2_FR_GRIF_LLR
%MSG
11-Jun-2024 12:19:54 CEST  Successfully opened file root://xrootd-cms.infn.it//store/mc/RunIISummer20UL17MiniAODv2/QCD_Pt_300to470_TuneCP5_13TeV_pythia8/MINIAODSIM/106X_mc2017_realistic_v9-v1/240000/9A3DD1C2-F0DA-6946-A3C7-DFF8C9FFB794.root
Begin processing the 300001st record. Run 1, Event 381003, LumiSection 382 on stream 0 at 11-Jun-2024 12:20:04.340 CEST
11-Jun-2024 12:20:05 CEST  Closed file root://xrootd-cms.infn.it//store/mc/RunIISummer20UL17MiniAODv2/QCD_Pt_300to470_TuneCP5_13TeV_pythia8/MINIAODSIM/106X_mc2017_realistic_v9-v1/240000/9A3DD1C2-F0DA-6946-A3C7-DFF8C9FFB794.root
11-Jun-2024 12:20:05 CEST  Initiating request to open file root://eoscms.cern.ch//eos/cms/store/mc/RunIISummer20UL17MiniAODv2/QCD_Pt_300to470_TuneCP5_13TeV_pythia8/MINIAODSIM/106X_mc2017_realistic_v9-v1/240000/78192AF6-27FE-CA47-9058-239A11963E54.root
%MSG-w XrdAdaptorInternal:  file_open 11-Jun-2024 12:20:06 CEST PostProcessEvent
Failed to open file at URL root://eoscms.cern.ch:1094//eos/cms/store/mc/RunIISummer20UL17MiniAODv2/QCD_Pt_300to470_TuneCP5_13TeV_pythia8/MINIAODSIM/106X_mc2017_realistic_v9-v1/240000/78192AF6-27FE-CA47-9058-239A11963E54.root.
%MSG
%MSG-w XrdAdaptorInternal:  file_open 11-Jun-2024 12:20:06 CEST PostProcessEvent
Failed to open file at URL root://eoscms.cern.ch:1094//eos/cms/store/mc/RunIISummer20UL17MiniAODv2/QCD_Pt_300to470_TuneCP5_13TeV_pythia8/MINIAODSIM/106X_mc2017_realistic_v9-v1/240000/78192AF6-27FE-CA47-9058-239A11963E54.root?tried=.
%MSG
11-Jun-2024 12:20:06 CEST  Fallback request to file root://xrootd-cms.infn.it//store/mc/RunIISummer20UL17MiniAODv2/QCD_Pt_300to470_TuneCP5_13TeV_pythia8/MINIAODSIM/106X_mc2017_realistic_v9-v1/240000/78192AF6-27FE-CA47-9058-239A11963E54.root
%MSG-w XrdAdaptor:  file_open 11-Jun-2024 12:20:19 CEST PostProcessEvent
Data is served from fnal.gov instead of original site T2_FR_GRIF_LLR
%MSG
11-Jun-2024 12:20:19 CEST  Successfully opened file root://xrootd-cms.infn.it//store/mc/RunIISummer20UL17MiniAODv2/QCD_Pt_300to470_TuneCP5_13TeV_pythia8/MINIAODSIM/106X_mc2017_realistic_v9-v1/240000/78192AF6-27FE-CA47-9058-239A11963E54.root
Begin processing the 400001st record. Run 1, Event 14503002, LumiSection 14504 on stream 0 at 11-Jun-2024 12:20:29.628 CEST
11-Jun-2024 12:20:30 CEST  Closed file root://xrootd-cms.infn.it//store/mc/RunIISummer20UL17MiniAODv2/QCD_Pt_300to470_TuneCP5_13TeV_pythia8/MINIAODSIM/106X_mc2017_realistic_v9-v1/240000/78192AF6-27FE-CA47-9058-239A11963E54.root
11-Jun-2024 12:20:30 CEST  Initiating request to open file root://eoscms.cern.ch//eos/cms/store/mc/RunIISummer20UL17MiniAODv2/QCD_Pt_300to470_TuneCP5_13TeV_pythia8/MINIAODSIM/106X_mc2017_realistic_v9-v1/240000/04AE4EE5-0562-5148-BC48-169FA1221F82.root
%MSG-w XrdAdaptorInternal:  file_open 11-Jun-2024 12:20:31 CEST PostProcessEvent
Failed to open file at URL root://eoscms.cern.ch:1094//eos/cms/store/mc/RunIISummer20UL17MiniAODv2/QCD_Pt_300to470_TuneCP5_13TeV_pythia8/MINIAODSIM/106X_mc2017_realistic_v9-v1/240000/04AE4EE5-0562-5148-BC48-169FA1221F82.root.
%MSG
%MSG-w XrdAdaptorInternal:  file_open 11-Jun-2024 12:20:31 CEST PostProcessEvent
Failed to open file at URL root://eoscms.cern.ch:1094//eos/cms/store/mc/RunIISummer20UL17MiniAODv2/QCD_Pt_300to470_TuneCP5_13TeV_pythia8/MINIAODSIM/106X_mc2017_realistic_v9-v1/240000/04AE4EE5-0562-5148-BC48-169FA1221F82.root?tried=.
%MSG
11-Jun-2024 12:20:31 CEST  Fallback request to file root://xrootd-cms.infn.it//store/mc/RunIISummer20UL17MiniAODv2/QCD_Pt_300to470_TuneCP5_13TeV_pythia8/MINIAODSIM/106X_mc2017_realistic_v9-v1/240000/04AE4EE5-0562-5148-BC48-169FA1221F82.root
%MSG-w XrdAdaptor:  file_open 11-Jun-2024 12:20:44 CEST PostProcessEvent
Data is served from fnal.gov instead of original site T2_FR_GRIF_LLR
%MSG
11-Jun-2024 12:20:44 CEST  Successfully opened file root://xrootd-cms.infn.it//store/mc/RunIISummer20UL17MiniAODv2/QCD_Pt_300to470_TuneCP5_13TeV_pythia8/MINIAODSIM/106X_mc2017_realistic_v9-v1/240000/04AE4EE5-0562-5148-BC48-169FA1221F82.root
Begin processing the 500001st record. Run 1, Event 2891011, LumiSection 2892 on stream 0 at 11-Jun-2024 12:20:56.548 CEST
11-Jun-2024 12:20:56 CEST  Closed file root://xrootd-cms.infn.it//store/mc/RunIISummer20UL17MiniAODv2/QCD_Pt_300to470_TuneCP5_13TeV_pythia8/MINIAODSIM/106X_mc2017_realistic_v9-v1/240000/04AE4EE5-0562-5148-BC48-169FA1221F82.root
11-Jun-2024 12:20:56 CEST  Initiating request to open file root://eoscms.cern.ch//eos/cms/store/mc/RunIISummer20UL17MiniAODv2/QCD_Pt_300to470_TuneCP5_13TeV_pythia8/MINIAODSIM/106X_mc2017_realistic_v9-v1/240000/EFC7CB1A-C51F-3A40-895C-35CC4A38B777.root
%MSG-w XrdAdaptorInternal:  file_open 11-Jun-2024 12:20:57 CEST PostProcessEvent
Failed to open file at URL root://eoscms.cern.ch:1094//eos/cms/store/mc/RunIISummer20UL17MiniAODv2/QCD_Pt_300to470_TuneCP5_13TeV_pythia8/MINIAODSIM/106X_mc2017_realistic_v9-v1/240000/EFC7CB1A-C51F-3A40-895C-35CC4A38B777.root.
%MSG
%MSG-w XrdAdaptorInternal:  file_open 11-Jun-2024 12:20:57 CEST PostProcessEvent
Failed to open file at URL root://eoscms.cern.ch:1094//eos/cms/store/mc/RunIISummer20UL17MiniAODv2/QCD_Pt_300to470_TuneCP5_13TeV_pythia8/MINIAODSIM/106X_mc2017_realistic_v9-v1/240000/EFC7CB1A-C51F-3A40-895C-35CC4A38B777.root?tried=.
%MSG
11-Jun-2024 12:20:57 CEST  Fallback request to file root://xrootd-cms.infn.it//store/mc/RunIISummer20UL17MiniAODv2/QCD_Pt_300to470_TuneCP5_13TeV_pythia8/MINIAODSIM/106X_mc2017_realistic_v9-v1/240000/EFC7CB1A-C51F-3A40-895C-35CC4A38B777.root
%MSG-w XrdAdaptor:  file_open 11-Jun-2024 12:21:10 CEST PostProcessEvent
Data is served from fnal.gov instead of original site T2_FR_GRIF_LLR
%MSG
11-Jun-2024 12:21:10 CEST  Successfully opened file root://xrootd-cms.infn.it//store/mc/RunIISummer20UL17MiniAODv2/QCD_Pt_300to470_TuneCP5_13TeV_pythia8/MINIAODSIM/106X_mc2017_realistic_v9-v1/240000/EFC7CB1A-C51F-3A40-895C-35CC4A38B777.root
11-Jun-2024 12:21:20 CEST  Closed file root://xrootd-cms.infn.it//store/mc/RunIISummer20UL17MiniAODv2/QCD_Pt_300to470_TuneCP5_13TeV_pythia8/MINIAODSIM/106X_mc2017_realistic_v9-v1/240000/EFC7CB1A-C51F-3A40-895C-35CC4A38B777.root
11-Jun-2024 12:21:20 CEST  Initiating request to open file root://eoscms.cern.ch//eos/cms/store/mc/RunIISummer20UL17MiniAODv2/QCD_Pt_300to470_TuneCP5_13TeV_pythia8/MINIAODSIM/106X_mc2017_realistic_v9-v1/240000/D2025C1B-9C09-9347-B734-B50B18785817.root
%MSG-w XrdAdaptorInternal:  file_open 11-Jun-2024 12:21:21 CEST PostProcessEvent
Failed to open file at URL root://eoscms.cern.ch:1094//eos/cms/store/mc/RunIISummer20UL17MiniAODv2/QCD_Pt_300to470_TuneCP5_13TeV_pythia8/MINIAODSIM/106X_mc2017_realistic_v9-v1/240000/D2025C1B-9C09-9347-B734-B50B18785817.root.
%MSG
%MSG-w XrdAdaptorInternal:  file_open 11-Jun-2024 12:21:21 CEST PostProcessEvent
Failed to open file at URL root://eoscms.cern.ch:1094//eos/cms/store/mc/RunIISummer20UL17MiniAODv2/QCD_Pt_300to470_TuneCP5_13TeV_pythia8/MINIAODSIM/106X_mc2017_realistic_v9-v1/240000/D2025C1B-9C09-9347-B734-B50B18785817.root?tried=.
%MSG
11-Jun-2024 12:21:21 CEST  Fallback request to file root://xrootd-cms.infn.it//store/mc/RunIISummer20UL17MiniAODv2/QCD_Pt_300to470_TuneCP5_13TeV_pythia8/MINIAODSIM/106X_mc2017_realistic_v9-v1/240000/D2025C1B-9C09-9347-B734-B50B18785817.root
%MSG-w XrdAdaptor:  file_open 11-Jun-2024 12:21:34 CEST PostProcessEvent
Data is served from fnal.gov instead of original site T2_FR_GRIF_LLR
%MSG
11-Jun-2024 12:21:34 CEST  Successfully opened file root://xrootd-cms.infn.it//store/mc/RunIISummer20UL17MiniAODv2/QCD_Pt_300to470_TuneCP5_13TeV_pythia8/MINIAODSIM/106X_mc2017_realistic_v9-v1/240000/D2025C1B-9C09-9347-B734-B50B18785817.root
Begin processing the 600001st record. Run 1, Event 51596012, LumiSection 51597 on stream 0 at 11-Jun-2024 12:21:45.248 CEST
11-Jun-2024 12:21:47 CEST  Closed file root://xrootd-cms.infn.it//store/mc/RunIISummer20UL17MiniAODv2/QCD_Pt_300to470_TuneCP5_13TeV_pythia8/MINIAODSIM/106X_mc2017_realistic_v9-v1/240000/D2025C1B-9C09-9347-B734-B50B18785817.root
11-Jun-2024 12:21:47 CEST  Initiating request to open file root://eoscms.cern.ch//eos/cms/store/mc/RunIISummer20UL17MiniAODv2/QCD_Pt_300to470_TuneCP5_13TeV_pythia8/MINIAODSIM/106X_mc2017_realistic_v9-v1/240000/8153A764-B4C5-7E45-A96C-82D541E33919.root
%MSG-w XrdAdaptorInternal:  file_open 11-Jun-2024 12:21:48 CEST PostProcessEvent
Failed to open file at URL root://eoscms.cern.ch:1094//eos/cms/store/mc/RunIISummer20UL17MiniAODv2/QCD_Pt_300to470_TuneCP5_13TeV_pythia8/MINIAODSIM/106X_mc2017_realistic_v9-v1/240000/8153A764-B4C5-7E45-A96C-82D541E33919.root.
%MSG
%MSG-w XrdAdaptorInternal:  file_open 11-Jun-2024 12:21:48 CEST PostProcessEvent
Failed to open file at URL root://eoscms.cern.ch:1094//eos/cms/store/mc/RunIISummer20UL17MiniAODv2/QCD_Pt_300to470_TuneCP5_13TeV_pythia8/MINIAODSIM/106X_mc2017_realistic_v9-v1/240000/8153A764-B4C5-7E45-A96C-82D541E33919.root?tried=.
%MSG
11-Jun-2024 12:21:48 CEST  Fallback request to file root://xrootd-cms.infn.it//store/mc/RunIISummer20UL17MiniAODv2/QCD_Pt_300to470_TuneCP5_13TeV_pythia8/MINIAODSIM/106X_mc2017_realistic_v9-v1/240000/8153A764-B4C5-7E45-A96C-82D541E33919.root
%MSG-w XrdAdaptor:  file_open 11-Jun-2024 12:22:01 CEST PostProcessEvent
Data is served from fnal.gov instead of original site T2_FR_GRIF_LLR
%MSG
11-Jun-2024 12:22:01 CEST  Successfully opened file root://xrootd-cms.infn.it//store/mc/RunIISummer20UL17MiniAODv2/QCD_Pt_300to470_TuneCP5_13TeV_pythia8/MINIAODSIM/106X_mc2017_realistic_v9-v1/240000/8153A764-B4C5-7E45-A96C-82D541E33919.root
Begin processing the 700001st record. Run 1, Event 49361005, LumiSection 49362 on stream 0 at 11-Jun-2024 12:22:13.607 CEST
11-Jun-2024 12:22:15 CEST  Closed file root://xrootd-cms.infn.it//store/mc/RunIISummer20UL17MiniAODv2/QCD_Pt_300to470_TuneCP5_13TeV_pythia8/MINIAODSIM/106X_mc2017_realistic_v9-v1/240000/8153A764-B4C5-7E45-A96C-82D541E33919.root
11-Jun-2024 12:22:15 CEST  Initiating request to open file root://eoscms.cern.ch//eos/cms/store/mc/RunIISummer20UL17MiniAODv2/QCD_Pt_300to470_TuneCP5_13TeV_pythia8/MINIAODSIM/106X_mc2017_realistic_v9-v1/240000/5D588BC8-012C-4845-A763-E8A07415BD03.root
%MSG-w XrdAdaptorInternal:  file_open 11-Jun-2024 12:22:16 CEST PostProcessEvent
Failed to open file at URL root://eoscms.cern.ch:1094//eos/cms/store/mc/RunIISummer20UL17MiniAODv2/QCD_Pt_300to470_TuneCP5_13TeV_pythia8/MINIAODSIM/106X_mc2017_realistic_v9-v1/240000/5D588BC8-012C-4845-A763-E8A07415BD03.root.
%MSG
%MSG-w XrdAdaptorInternal:  file_open 11-Jun-2024 12:22:16 CEST PostProcessEvent
Failed to open file at URL root://eoscms.cern.ch:1094//eos/cms/store/mc/RunIISummer20UL17MiniAODv2/QCD_Pt_300to470_TuneCP5_13TeV_pythia8/MINIAODSIM/106X_mc2017_realistic_v9-v1/240000/5D588BC8-012C-4845-A763-E8A07415BD03.root?tried=.
%MSG
11-Jun-2024 12:22:16 CEST  Fallback request to file root://xrootd-cms.infn.it//store/mc/RunIISummer20UL17MiniAODv2/QCD_Pt_300to470_TuneCP5_13TeV_pythia8/MINIAODSIM/106X_mc2017_realistic_v9-v1/240000/5D588BC8-012C-4845-A763-E8A07415BD03.root
%MSG-w XrdAdaptor:  file_open 11-Jun-2024 12:22:28 CEST PostProcessEvent
Data is served from fnal.gov instead of original site T2_FR_GRIF_LLR
%MSG
11-Jun-2024 12:22:29 CEST  Successfully opened file root://xrootd-cms.infn.it//store/mc/RunIISummer20UL17MiniAODv2/QCD_Pt_300to470_TuneCP5_13TeV_pythia8/MINIAODSIM/106X_mc2017_realistic_v9-v1/240000/5D588BC8-012C-4845-A763-E8A07415BD03.root
Begin processing the 800001st record. Run 1, Event 35184001, LumiSection 35185 on stream 0 at 11-Jun-2024 12:22:44.571 CEST
11-Jun-2024 12:22:45 CEST  Closed file root://xrootd-cms.infn.it//store/mc/RunIISummer20UL17MiniAODv2/QCD_Pt_300to470_TuneCP5_13TeV_pythia8/MINIAODSIM/106X_mc2017_realistic_v9-v1/240000/5D588BC8-012C-4845-A763-E8A07415BD03.root
11-Jun-2024 12:22:45 CEST  Initiating request to open file root://eoscms.cern.ch//eos/cms/store/mc/RunIISummer20UL17MiniAODv2/QCD_Pt_300to470_TuneCP5_13TeV_pythia8/MINIAODSIM/106X_mc2017_realistic_v9-v1/230000/E57DE03A-7EF8-A843-82DC-A022C8CF9EE3.root
%MSG-w XrdAdaptorInternal:  file_open 11-Jun-2024 12:22:46 CEST PostProcessEvent
Failed to open file at URL root://eoscms.cern.ch:1094//eos/cms/store/mc/RunIISummer20UL17MiniAODv2/QCD_Pt_300to470_TuneCP5_13TeV_pythia8/MINIAODSIM/106X_mc2017_realistic_v9-v1/230000/E57DE03A-7EF8-A843-82DC-A022C8CF9EE3.root.
%MSG
%MSG-w XrdAdaptorInternal:  file_open 11-Jun-2024 12:22:46 CEST PostProcessEvent
Failed to open file at URL root://eoscms.cern.ch:1094//eos/cms/store/mc/RunIISummer20UL17MiniAODv2/QCD_Pt_300to470_TuneCP5_13TeV_pythia8/MINIAODSIM/106X_mc2017_realistic_v9-v1/230000/E57DE03A-7EF8-A843-82DC-A022C8CF9EE3.root?tried=.
%MSG
11-Jun-2024 12:22:46 CEST  Fallback request to file root://xrootd-cms.infn.it//store/mc/RunIISummer20UL17MiniAODv2/QCD_Pt_300to470_TuneCP5_13TeV_pythia8/MINIAODSIM/106X_mc2017_realistic_v9-v1/230000/E57DE03A-7EF8-A843-82DC-A022C8CF9EE3.root
%MSG-w XrdAdaptor:  file_open 11-Jun-2024 12:22:59 CEST PostProcessEvent
Data is served from fnal.gov instead of original site T2_FR_GRIF_LLR
%MSG
11-Jun-2024 12:22:59 CEST  Successfully opened file root://xrootd-cms.infn.it//store/mc/RunIISummer20UL17MiniAODv2/QCD_Pt_300to470_TuneCP5_13TeV_pythia8/MINIAODSIM/106X_mc2017_realistic_v9-v1/230000/E57DE03A-7EF8-A843-82DC-A022C8CF9EE3.root
Begin processing the 900001st record. Run 1, Event 19565003, LumiSection 19566 on stream 0 at 11-Jun-2024 12:23:11.340 CEST
11-Jun-2024 12:23:11 CEST  Closed file root://xrootd-cms.infn.it//store/mc/RunIISummer20UL17MiniAODv2/QCD_Pt_300to470_TuneCP5_13TeV_pythia8/MINIAODSIM/106X_mc2017_realistic_v9-v1/230000/E57DE03A-7EF8-A843-82DC-A022C8CF9EE3.root
11-Jun-2024 12:23:11 CEST  Initiating request to open file root://eoscms.cern.ch//eos/cms/store/mc/RunIISummer20UL17MiniAODv2/QCD_Pt_300to470_TuneCP5_13TeV_pythia8/MINIAODSIM/106X_mc2017_realistic_v9-v1/230000/0578E131-E774-BA40-B202-051C965C34BC.root
%MSG-w XrdAdaptorInternal:  file_open 11-Jun-2024 12:23:12 CEST PostProcessEvent
Failed to open file at URL root://eoscms.cern.ch:1094//eos/cms/store/mc/RunIISummer20UL17MiniAODv2/QCD_Pt_300to470_TuneCP5_13TeV_pythia8/MINIAODSIM/106X_mc2017_realistic_v9-v1/230000/0578E131-E774-BA40-B202-051C965C34BC.root.
%MSG
%MSG-w XrdAdaptorInternal:  file_open 11-Jun-2024 12:23:12 CEST PostProcessEvent
Failed to open file at URL root://eoscms.cern.ch:1094//eos/cms/store/mc/RunIISummer20UL17MiniAODv2/QCD_Pt_300to470_TuneCP5_13TeV_pythia8/MINIAODSIM/106X_mc2017_realistic_v9-v1/230000/0578E131-E774-BA40-B202-051C965C34BC.root?tried=.
%MSG
11-Jun-2024 12:23:12 CEST  Fallback request to file root://xrootd-cms.infn.it//store/mc/RunIISummer20UL17MiniAODv2/QCD_Pt_300to470_TuneCP5_13TeV_pythia8/MINIAODSIM/106X_mc2017_realistic_v9-v1/230000/0578E131-E774-BA40-B202-051C965C34BC.root
%MSG-w XrdAdaptor:  file_open 11-Jun-2024 12:23:25 CEST PostProcessEvent
Data is served from fnal.gov instead of original site T2_FR_GRIF_LLR
%MSG
11-Jun-2024 12:23:25 CEST  Successfully opened file root://xrootd-cms.infn.it//store/mc/RunIISummer20UL17MiniAODv2/QCD_Pt_300to470_TuneCP5_13TeV_pythia8/MINIAODSIM/106X_mc2017_realistic_v9-v1/230000/0578E131-E774-BA40-B202-051C965C34BC.root
11-Jun-2024 12:23:35 CEST  Closed file root://xrootd-cms.infn.it//store/mc/RunIISummer20UL17MiniAODv2/QCD_Pt_300to470_TuneCP5_13TeV_pythia8/MINIAODSIM/106X_mc2017_realistic_v9-v1/230000/0578E131-E774-BA40-B202-051C965C34BC.root
11-Jun-2024 12:23:35 CEST  Initiating request to open file root://eoscms.cern.ch//eos/cms/store/mc/RunIISummer20UL17MiniAODv2/QCD_Pt_300to470_TuneCP5_13TeV_pythia8/MINIAODSIM/106X_mc2017_realistic_v9-v1/110000/0DF3922B-0D80-F443-AA28-4DFF6EC6DE02.root
%MSG-w XrdAdaptorInternal:  file_open 11-Jun-2024 12:23:36 CEST PostProcessEvent
Failed to open file at URL root://eoscms.cern.ch:1094//eos/cms/store/mc/RunIISummer20UL17MiniAODv2/QCD_Pt_300to470_TuneCP5_13TeV_pythia8/MINIAODSIM/106X_mc2017_realistic_v9-v1/110000/0DF3922B-0D80-F443-AA28-4DFF6EC6DE02.root.
%MSG
%MSG-w XrdAdaptorInternal:  file_open 11-Jun-2024 12:23:36 CEST PostProcessEvent
Failed to open file at URL root://eoscms.cern.ch:1094//eos/cms/store/mc/RunIISummer20UL17MiniAODv2/QCD_Pt_300to470_TuneCP5_13TeV_pythia8/MINIAODSIM/106X_mc2017_realistic_v9-v1/110000/0DF3922B-0D80-F443-AA28-4DFF6EC6DE02.root?tried=.
%MSG
11-Jun-2024 12:23:36 CEST  Fallback request to file root://xrootd-cms.infn.it//store/mc/RunIISummer20UL17MiniAODv2/QCD_Pt_300to470_TuneCP5_13TeV_pythia8/MINIAODSIM/106X_mc2017_realistic_v9-v1/110000/0DF3922B-0D80-F443-AA28-4DFF6EC6DE02.root
%MSG-w XrdAdaptor:  file_open 11-Jun-2024 12:23:49 CEST PostProcessEvent
Data is served from fnal.gov instead of original site T2_FR_GRIF_LLR
%MSG
11-Jun-2024 12:23:49 CEST  Successfully opened file root://xrootd-cms.infn.it//store/mc/RunIISummer20UL17MiniAODv2/QCD_Pt_300to470_TuneCP5_13TeV_pythia8/MINIAODSIM/106X_mc2017_realistic_v9-v1/110000/0DF3922B-0D80-F443-AA28-4DFF6EC6DE02.root
11-Jun-2024 12:24:03 CEST  Closed file root://xrootd-cms.infn.it//store/mc/RunIISummer20UL17MiniAODv2/QCD_Pt_300to470_TuneCP5_13TeV_pythia8/MINIAODSIM/106X_mc2017_realistic_v9-v1/110000/0DF3922B-0D80-F443-AA28-4DFF6EC6DE02.root

------------------------------------
GenXsecAnalyzer:
------------------------------------
Before Filter: total cross section = 6.835e+03 +- 3.340e+00 pb
Filter efficiency (taking into account weights)= (1e+06) / (1e+06) = 1.000e+00 +- 0.000e+00
Filter efficiency (event-level)= (1e+06) / (1e+06) = 1.000e+00 +- 0.000e+00    [TO BE USED IN MCM]

After filter: final cross section = 6.835e+03 +- 3.340e+00 pb
After filter: final fraction of events with negative weights = 0.000e+00 +- 0.000e+00
After filter: final equivalent lumi for 1M events (1/fb) = 1.463e-01 +- 1.629e-04

=============================================

MessageLogger Summary

 type     category        sev    module        subroutine        count    total
 ---- -------------------- -- ---------------- ----------------  -----    -----
    1 GenXSecAnalyzer      -w GenXSecAnalyzer:                       7        7
    2 XrdAdaptor           -w file_open                             13       13
    3 XrdAdaptorInternal   -w file_open                             26       26
    4 fileAction           -s file_close                            13       13
    5 fileAction           -s file_open                             39       39

 type    category    Examples: run/evt        run/evt          run/evt
 ---- -------------------- ---------------- ---------------- ----------------
    1 GenXSecAnalyzer      PostGlobalEndRun PostGlobalEndRun PostGlobalEndRun
    2 XrdAdaptor           pre-events       PostProcessEvent PostProcessEvent
    3 XrdAdaptorInternal   pre-events       pre-events       PostProcessEvent
    4 fileAction           PostProcessEvent PostProcessEvent PostGlobalEndRun
    5 fileAction           pre-events       pre-events       PostProcessEvent

Severity    # Occurrences   Total Occurrences
--------    -------------   -----------------
Warning                46                  46
System                 52                  52

dropped waiting message count 0
