10-Jun-2024 19:44:50 CEST  Initiating request to open file root://eoscms.cern.ch//eos/cms/store/mc/RunIISummer20UL16MiniAODAPVv2/QCD_Pt_300to470_TuneCP5_13TeV_pythia8/MINIAODSIM/106X_mcRun2_asymptotic_preVFP_v11-v1/140000/82662BB9-9824-6A47-9414-9281F7643E10.root
%MSG-w XrdAdaptorInternal:  file_open 10-Jun-2024 19:44:51 CEST pre-events
Failed to open file at URL root://eoscms.cern.ch:1094//eos/cms/store/mc/RunIISummer20UL16MiniAODAPVv2/QCD_Pt_300to470_TuneCP5_13TeV_pythia8/MINIAODSIM/106X_mcRun2_asymptotic_preVFP_v11-v1/140000/82662BB9-9824-6A47-9414-9281F7643E10.root.
%MSG
%MSG-w XrdAdaptorInternal:  file_open 10-Jun-2024 19:44:51 CEST pre-events
Failed to open file at URL root://eoscms.cern.ch:1094//eos/cms/store/mc/RunIISummer20UL16MiniAODAPVv2/QCD_Pt_300to470_TuneCP5_13TeV_pythia8/MINIAODSIM/106X_mcRun2_asymptotic_preVFP_v11-v1/140000/82662BB9-9824-6A47-9414-9281F7643E10.root?tried=.
%MSG
10-Jun-2024 19:44:51 CEST  Fallback request to file root://xrootd-cms.infn.it//store/mc/RunIISummer20UL16MiniAODAPVv2/QCD_Pt_300to470_TuneCP5_13TeV_pythia8/MINIAODSIM/106X_mcRun2_asymptotic_preVFP_v11-v1/140000/82662BB9-9824-6A47-9414-9281F7643E10.root
Unable to load sec.protocol plugin libXrdSecztn.so
%MSG-w XrdAdaptor:  file_open 10-Jun-2024 19:45:06 CEST pre-events
Data is served from fnal.gov instead of original site T2_FR_GRIF_LLR
%MSG
10-Jun-2024 19:45:10 CEST  Successfully opened file root://xrootd-cms.infn.it//store/mc/RunIISummer20UL16MiniAODAPVv2/QCD_Pt_300to470_TuneCP5_13TeV_pythia8/MINIAODSIM/106X_mcRun2_asymptotic_preVFP_v11-v1/140000/82662BB9-9824-6A47-9414-9281F7643E10.root
Unable to load sec.protocol plugin libXrdSecztn.so
Begin processing the 1st record. Run 1, Event 53090001, LumiSection 53091 on stream 0 at 10-Jun-2024 19:45:16.973 CEST
10-Jun-2024 19:45:19 CEST  Closed file root://xrootd-cms.infn.it//store/mc/RunIISummer20UL16MiniAODAPVv2/QCD_Pt_300to470_TuneCP5_13TeV_pythia8/MINIAODSIM/106X_mcRun2_asymptotic_preVFP_v11-v1/140000/82662BB9-9824-6A47-9414-9281F7643E10.root
10-Jun-2024 19:45:19 CEST  Initiating request to open file root://eoscms.cern.ch//eos/cms/store/mc/RunIISummer20UL16MiniAODAPVv2/QCD_Pt_300to470_TuneCP5_13TeV_pythia8/MINIAODSIM/106X_mcRun2_asymptotic_preVFP_v11-v1/140000/37F78D1E-CA84-ED42-B914-FCDC4AF35A15.root
%MSG-w XrdAdaptorInternal:  file_open 10-Jun-2024 19:45:20 CEST PostProcessEvent
Failed to open file at URL root://eoscms.cern.ch:1094//eos/cms/store/mc/RunIISummer20UL16MiniAODAPVv2/QCD_Pt_300to470_TuneCP5_13TeV_pythia8/MINIAODSIM/106X_mcRun2_asymptotic_preVFP_v11-v1/140000/37F78D1E-CA84-ED42-B914-FCDC4AF35A15.root.
%MSG
%MSG-w XrdAdaptorInternal:  file_open 10-Jun-2024 19:45:20 CEST PostProcessEvent
Failed to open file at URL root://eoscms.cern.ch:1094//eos/cms/store/mc/RunIISummer20UL16MiniAODAPVv2/QCD_Pt_300to470_TuneCP5_13TeV_pythia8/MINIAODSIM/106X_mcRun2_asymptotic_preVFP_v11-v1/140000/37F78D1E-CA84-ED42-B914-FCDC4AF35A15.root?tried=.
%MSG
10-Jun-2024 19:45:20 CEST  Fallback request to file root://xrootd-cms.infn.it//store/mc/RunIISummer20UL16MiniAODAPVv2/QCD_Pt_300to470_TuneCP5_13TeV_pythia8/MINIAODSIM/106X_mcRun2_asymptotic_preVFP_v11-v1/140000/37F78D1E-CA84-ED42-B914-FCDC4AF35A15.root
Unable to load sec.protocol plugin libXrdSecztn.so
%MSG-w XrdAdaptor:  file_open 10-Jun-2024 19:45:34 CEST PostProcessEvent
Data is served from fnal.gov instead of original site T2_FR_GRIF_LLR
%MSG
10-Jun-2024 19:45:34 CEST  Successfully opened file root://xrootd-cms.infn.it//store/mc/RunIISummer20UL16MiniAODAPVv2/QCD_Pt_300to470_TuneCP5_13TeV_pythia8/MINIAODSIM/106X_mcRun2_asymptotic_preVFP_v11-v1/140000/37F78D1E-CA84-ED42-B914-FCDC4AF35A15.root
Begin processing the 100001st record. Run 1, Event 57542012, LumiSection 57543 on stream 0 at 10-Jun-2024 19:45:42.586 CEST
10-Jun-2024 19:45:43 CEST  Closed file root://xrootd-cms.infn.it//store/mc/RunIISummer20UL16MiniAODAPVv2/QCD_Pt_300to470_TuneCP5_13TeV_pythia8/MINIAODSIM/106X_mcRun2_asymptotic_preVFP_v11-v1/140000/37F78D1E-CA84-ED42-B914-FCDC4AF35A15.root
10-Jun-2024 19:45:43 CEST  Initiating request to open file root://eoscms.cern.ch//eos/cms/store/mc/RunIISummer20UL16MiniAODAPVv2/QCD_Pt_300to470_TuneCP5_13TeV_pythia8/MINIAODSIM/106X_mcRun2_asymptotic_preVFP_v11-v1/140000/8161FD8C-5F9D-A94A-BFFB-1A5BD59D1E0B.root
%MSG-w XrdAdaptorInternal:  file_open 10-Jun-2024 19:45:44 CEST PostProcessEvent
Failed to open file at URL root://eoscms.cern.ch:1094//eos/cms/store/mc/RunIISummer20UL16MiniAODAPVv2/QCD_Pt_300to470_TuneCP5_13TeV_pythia8/MINIAODSIM/106X_mcRun2_asymptotic_preVFP_v11-v1/140000/8161FD8C-5F9D-A94A-BFFB-1A5BD59D1E0B.root.
%MSG
%MSG-w XrdAdaptorInternal:  file_open 10-Jun-2024 19:45:44 CEST PostProcessEvent
Failed to open file at URL root://eoscms.cern.ch:1094//eos/cms/store/mc/RunIISummer20UL16MiniAODAPVv2/QCD_Pt_300to470_TuneCP5_13TeV_pythia8/MINIAODSIM/106X_mcRun2_asymptotic_preVFP_v11-v1/140000/8161FD8C-5F9D-A94A-BFFB-1A5BD59D1E0B.root?tried=.
%MSG
10-Jun-2024 19:45:44 CEST  Fallback request to file root://xrootd-cms.infn.it//store/mc/RunIISummer20UL16MiniAODAPVv2/QCD_Pt_300to470_TuneCP5_13TeV_pythia8/MINIAODSIM/106X_mcRun2_asymptotic_preVFP_v11-v1/140000/8161FD8C-5F9D-A94A-BFFB-1A5BD59D1E0B.root
%MSG-w XrdAdaptor:  file_open 10-Jun-2024 19:45:57 CEST PostProcessEvent
Data is served from fnal.gov instead of original site T2_FR_GRIF_LLR
%MSG
10-Jun-2024 19:45:58 CEST  Successfully opened file root://xrootd-cms.infn.it//store/mc/RunIISummer20UL16MiniAODAPVv2/QCD_Pt_300to470_TuneCP5_13TeV_pythia8/MINIAODSIM/106X_mcRun2_asymptotic_preVFP_v11-v1/140000/8161FD8C-5F9D-A94A-BFFB-1A5BD59D1E0B.root
Begin processing the 200001st record. Run 1, Event 57195004, LumiSection 57196 on stream 0 at 10-Jun-2024 19:46:05.601 CEST
10-Jun-2024 19:46:05 CEST  Closed file root://xrootd-cms.infn.it//store/mc/RunIISummer20UL16MiniAODAPVv2/QCD_Pt_300to470_TuneCP5_13TeV_pythia8/MINIAODSIM/106X_mcRun2_asymptotic_preVFP_v11-v1/140000/8161FD8C-5F9D-A94A-BFFB-1A5BD59D1E0B.root
10-Jun-2024 19:46:05 CEST  Initiating request to open file root://eoscms.cern.ch//eos/cms/store/mc/RunIISummer20UL16MiniAODAPVv2/QCD_Pt_300to470_TuneCP5_13TeV_pythia8/MINIAODSIM/106X_mcRun2_asymptotic_preVFP_v11-v1/140000/16081D1E-3A0E-5745-9BED-7EB1AC366683.root
%MSG-w XrdAdaptorInternal:  file_open 10-Jun-2024 19:46:06 CEST PostProcessEvent
Failed to open file at URL root://eoscms.cern.ch:1094//eos/cms/store/mc/RunIISummer20UL16MiniAODAPVv2/QCD_Pt_300to470_TuneCP5_13TeV_pythia8/MINIAODSIM/106X_mcRun2_asymptotic_preVFP_v11-v1/140000/16081D1E-3A0E-5745-9BED-7EB1AC366683.root.
%MSG
%MSG-w XrdAdaptorInternal:  file_open 10-Jun-2024 19:46:06 CEST PostProcessEvent
Failed to open file at URL root://eoscms.cern.ch:1094//eos/cms/store/mc/RunIISummer20UL16MiniAODAPVv2/QCD_Pt_300to470_TuneCP5_13TeV_pythia8/MINIAODSIM/106X_mcRun2_asymptotic_preVFP_v11-v1/140000/16081D1E-3A0E-5745-9BED-7EB1AC366683.root?tried=.
%MSG
10-Jun-2024 19:46:06 CEST  Fallback request to file root://xrootd-cms.infn.it//store/mc/RunIISummer20UL16MiniAODAPVv2/QCD_Pt_300to470_TuneCP5_13TeV_pythia8/MINIAODSIM/106X_mcRun2_asymptotic_preVFP_v11-v1/140000/16081D1E-3A0E-5745-9BED-7EB1AC366683.root
%MSG-w XrdAdaptor:  file_open 10-Jun-2024 19:46:19 CEST PostProcessEvent
Data is served from fnal.gov instead of original site T2_FR_GRIF_LLR
%MSG
10-Jun-2024 19:46:20 CEST  Successfully opened file root://xrootd-cms.infn.it//store/mc/RunIISummer20UL16MiniAODAPVv2/QCD_Pt_300to470_TuneCP5_13TeV_pythia8/MINIAODSIM/106X_mcRun2_asymptotic_preVFP_v11-v1/140000/16081D1E-3A0E-5745-9BED-7EB1AC366683.root
10-Jun-2024 19:46:27 CEST  Closed file root://xrootd-cms.infn.it//store/mc/RunIISummer20UL16MiniAODAPVv2/QCD_Pt_300to470_TuneCP5_13TeV_pythia8/MINIAODSIM/106X_mcRun2_asymptotic_preVFP_v11-v1/140000/16081D1E-3A0E-5745-9BED-7EB1AC366683.root
10-Jun-2024 19:46:27 CEST  Initiating request to open file root://eoscms.cern.ch//eos/cms/store/mc/RunIISummer20UL16MiniAODAPVv2/QCD_Pt_300to470_TuneCP5_13TeV_pythia8/MINIAODSIM/106X_mcRun2_asymptotic_preVFP_v11-v1/140000/5E4EBFD0-5FCC-594F-817C-9231318B80E7.root
%MSG-w XrdAdaptorInternal:  file_open 10-Jun-2024 19:46:28 CEST PostProcessEvent
Failed to open file at URL root://eoscms.cern.ch:1094//eos/cms/store/mc/RunIISummer20UL16MiniAODAPVv2/QCD_Pt_300to470_TuneCP5_13TeV_pythia8/MINIAODSIM/106X_mcRun2_asymptotic_preVFP_v11-v1/140000/5E4EBFD0-5FCC-594F-817C-9231318B80E7.root.
%MSG
%MSG-w XrdAdaptorInternal:  file_open 10-Jun-2024 19:46:28 CEST PostProcessEvent
Failed to open file at URL root://eoscms.cern.ch:1094//eos/cms/store/mc/RunIISummer20UL16MiniAODAPVv2/QCD_Pt_300to470_TuneCP5_13TeV_pythia8/MINIAODSIM/106X_mcRun2_asymptotic_preVFP_v11-v1/140000/5E4EBFD0-5FCC-594F-817C-9231318B80E7.root?tried=.
%MSG
10-Jun-2024 19:46:28 CEST  Fallback request to file root://xrootd-cms.infn.it//store/mc/RunIISummer20UL16MiniAODAPVv2/QCD_Pt_300to470_TuneCP5_13TeV_pythia8/MINIAODSIM/106X_mcRun2_asymptotic_preVFP_v11-v1/140000/5E4EBFD0-5FCC-594F-817C-9231318B80E7.root
%MSG-w XrdAdaptor:  file_open 10-Jun-2024 19:46:41 CEST PostProcessEvent
Data is served from fnal.gov instead of original site T2_FR_GRIF_LLR
%MSG
10-Jun-2024 19:46:42 CEST  Successfully opened file root://xrootd-cms.infn.it//store/mc/RunIISummer20UL16MiniAODAPVv2/QCD_Pt_300to470_TuneCP5_13TeV_pythia8/MINIAODSIM/106X_mcRun2_asymptotic_preVFP_v11-v1/140000/5E4EBFD0-5FCC-594F-817C-9231318B80E7.root
Begin processing the 300001st record. Run 1, Event 57299009, LumiSection 57300 on stream 0 at 10-Jun-2024 19:46:47.924 CEST
10-Jun-2024 19:46:49 CEST  Closed file root://xrootd-cms.infn.it//store/mc/RunIISummer20UL16MiniAODAPVv2/QCD_Pt_300to470_TuneCP5_13TeV_pythia8/MINIAODSIM/106X_mcRun2_asymptotic_preVFP_v11-v1/140000/5E4EBFD0-5FCC-594F-817C-9231318B80E7.root
10-Jun-2024 19:46:49 CEST  Initiating request to open file root://eoscms.cern.ch//eos/cms/store/mc/RunIISummer20UL16MiniAODAPVv2/QCD_Pt_300to470_TuneCP5_13TeV_pythia8/MINIAODSIM/106X_mcRun2_asymptotic_preVFP_v11-v1/140000/864C7F09-2FC1-B74C-BDB1-A4075A9FFCF4.root
%MSG-w XrdAdaptorInternal:  file_open 10-Jun-2024 19:46:50 CEST PostProcessEvent
Failed to open file at URL root://eoscms.cern.ch:1094//eos/cms/store/mc/RunIISummer20UL16MiniAODAPVv2/QCD_Pt_300to470_TuneCP5_13TeV_pythia8/MINIAODSIM/106X_mcRun2_asymptotic_preVFP_v11-v1/140000/864C7F09-2FC1-B74C-BDB1-A4075A9FFCF4.root.
%MSG
%MSG-w XrdAdaptorInternal:  file_open 10-Jun-2024 19:46:50 CEST PostProcessEvent
Failed to open file at URL root://eoscms.cern.ch:1094//eos/cms/store/mc/RunIISummer20UL16MiniAODAPVv2/QCD_Pt_300to470_TuneCP5_13TeV_pythia8/MINIAODSIM/106X_mcRun2_asymptotic_preVFP_v11-v1/140000/864C7F09-2FC1-B74C-BDB1-A4075A9FFCF4.root?tried=.
%MSG
10-Jun-2024 19:46:50 CEST  Fallback request to file root://xrootd-cms.infn.it//store/mc/RunIISummer20UL16MiniAODAPVv2/QCD_Pt_300to470_TuneCP5_13TeV_pythia8/MINIAODSIM/106X_mcRun2_asymptotic_preVFP_v11-v1/140000/864C7F09-2FC1-B74C-BDB1-A4075A9FFCF4.root
%MSG-w XrdAdaptor:  file_open 10-Jun-2024 19:47:03 CEST PostProcessEvent
Data is served from fnal.gov instead of original site T2_FR_GRIF_LLR
%MSG
10-Jun-2024 19:47:04 CEST  Successfully opened file root://xrootd-cms.infn.it//store/mc/RunIISummer20UL16MiniAODAPVv2/QCD_Pt_300to470_TuneCP5_13TeV_pythia8/MINIAODSIM/106X_mcRun2_asymptotic_preVFP_v11-v1/140000/864C7F09-2FC1-B74C-BDB1-A4075A9FFCF4.root
Begin processing the 400001st record. Run 1, Event 57437002, LumiSection 57438 on stream 0 at 10-Jun-2024 19:47:10.774 CEST
10-Jun-2024 19:47:11 CEST  Closed file root://xrootd-cms.infn.it//store/mc/RunIISummer20UL16MiniAODAPVv2/QCD_Pt_300to470_TuneCP5_13TeV_pythia8/MINIAODSIM/106X_mcRun2_asymptotic_preVFP_v11-v1/140000/864C7F09-2FC1-B74C-BDB1-A4075A9FFCF4.root
10-Jun-2024 19:47:11 CEST  Initiating request to open file root://eoscms.cern.ch//eos/cms/store/mc/RunIISummer20UL16MiniAODAPVv2/QCD_Pt_300to470_TuneCP5_13TeV_pythia8/MINIAODSIM/106X_mcRun2_asymptotic_preVFP_v11-v1/140000/F9473536-702C-1F4A-B73E-7D5CCB041E92.root
%MSG-w XrdAdaptorInternal:  file_open 10-Jun-2024 19:47:12 CEST PostProcessEvent
Failed to open file at URL root://eoscms.cern.ch:1094//eos/cms/store/mc/RunIISummer20UL16MiniAODAPVv2/QCD_Pt_300to470_TuneCP5_13TeV_pythia8/MINIAODSIM/106X_mcRun2_asymptotic_preVFP_v11-v1/140000/F9473536-702C-1F4A-B73E-7D5CCB041E92.root.
%MSG
%MSG-w XrdAdaptorInternal:  file_open 10-Jun-2024 19:47:12 CEST PostProcessEvent
Failed to open file at URL root://eoscms.cern.ch:1094//eos/cms/store/mc/RunIISummer20UL16MiniAODAPVv2/QCD_Pt_300to470_TuneCP5_13TeV_pythia8/MINIAODSIM/106X_mcRun2_asymptotic_preVFP_v11-v1/140000/F9473536-702C-1F4A-B73E-7D5CCB041E92.root?tried=.
%MSG
10-Jun-2024 19:47:12 CEST  Fallback request to file root://xrootd-cms.infn.it//store/mc/RunIISummer20UL16MiniAODAPVv2/QCD_Pt_300to470_TuneCP5_13TeV_pythia8/MINIAODSIM/106X_mcRun2_asymptotic_preVFP_v11-v1/140000/F9473536-702C-1F4A-B73E-7D5CCB041E92.root
%MSG-w XrdAdaptor:  file_open 10-Jun-2024 19:47:25 CEST PostProcessEvent
Data is served from fnal.gov instead of original site T2_FR_GRIF_LLR
%MSG
10-Jun-2024 19:47:26 CEST  Successfully opened file root://xrootd-cms.infn.it//store/mc/RunIISummer20UL16MiniAODAPVv2/QCD_Pt_300to470_TuneCP5_13TeV_pythia8/MINIAODSIM/106X_mcRun2_asymptotic_preVFP_v11-v1/140000/F9473536-702C-1F4A-B73E-7D5CCB041E92.root
10-Jun-2024 19:47:34 CEST  Closed file root://xrootd-cms.infn.it//store/mc/RunIISummer20UL16MiniAODAPVv2/QCD_Pt_300to470_TuneCP5_13TeV_pythia8/MINIAODSIM/106X_mcRun2_asymptotic_preVFP_v11-v1/140000/F9473536-702C-1F4A-B73E-7D5CCB041E92.root
10-Jun-2024 19:47:34 CEST  Initiating request to open file root://eoscms.cern.ch//eos/cms/store/mc/RunIISummer20UL16MiniAODAPVv2/QCD_Pt_300to470_TuneCP5_13TeV_pythia8/MINIAODSIM/106X_mcRun2_asymptotic_preVFP_v11-v1/140000/840BF25C-2E36-3B42-B845-8B132577005E.root
%MSG-w XrdAdaptorInternal:  file_open 10-Jun-2024 19:47:35 CEST PostProcessEvent
Failed to open file at URL root://eoscms.cern.ch:1094//eos/cms/store/mc/RunIISummer20UL16MiniAODAPVv2/QCD_Pt_300to470_TuneCP5_13TeV_pythia8/MINIAODSIM/106X_mcRun2_asymptotic_preVFP_v11-v1/140000/840BF25C-2E36-3B42-B845-8B132577005E.root.
%MSG
%MSG-w XrdAdaptorInternal:  file_open 10-Jun-2024 19:47:35 CEST PostProcessEvent
Failed to open file at URL root://eoscms.cern.ch:1094//eos/cms/store/mc/RunIISummer20UL16MiniAODAPVv2/QCD_Pt_300to470_TuneCP5_13TeV_pythia8/MINIAODSIM/106X_mcRun2_asymptotic_preVFP_v11-v1/140000/840BF25C-2E36-3B42-B845-8B132577005E.root?tried=.
%MSG
10-Jun-2024 19:47:35 CEST  Fallback request to file root://xrootd-cms.infn.it//store/mc/RunIISummer20UL16MiniAODAPVv2/QCD_Pt_300to470_TuneCP5_13TeV_pythia8/MINIAODSIM/106X_mcRun2_asymptotic_preVFP_v11-v1/140000/840BF25C-2E36-3B42-B845-8B132577005E.root
%MSG-w XrdAdaptor:  file_open 10-Jun-2024 19:47:48 CEST PostProcessEvent
Data is served from fnal.gov instead of original site T2_FR_GRIF_LLR
%MSG
10-Jun-2024 19:47:49 CEST  Successfully opened file root://xrootd-cms.infn.it//store/mc/RunIISummer20UL16MiniAODAPVv2/QCD_Pt_300to470_TuneCP5_13TeV_pythia8/MINIAODSIM/106X_mcRun2_asymptotic_preVFP_v11-v1/140000/840BF25C-2E36-3B42-B845-8B132577005E.root
Begin processing the 500001st record. Run 1, Event 57625001, LumiSection 57626 on stream 0 at 10-Jun-2024 19:47:56.345 CEST
10-Jun-2024 19:47:58 CEST  Closed file root://xrootd-cms.infn.it//store/mc/RunIISummer20UL16MiniAODAPVv2/QCD_Pt_300to470_TuneCP5_13TeV_pythia8/MINIAODSIM/106X_mcRun2_asymptotic_preVFP_v11-v1/140000/840BF25C-2E36-3B42-B845-8B132577005E.root
10-Jun-2024 19:47:58 CEST  Initiating request to open file root://eoscms.cern.ch//eos/cms/store/mc/RunIISummer20UL16MiniAODAPVv2/QCD_Pt_300to470_TuneCP5_13TeV_pythia8/MINIAODSIM/106X_mcRun2_asymptotic_preVFP_v11-v1/140000/4AF24CF7-F38C-274C-B1FA-6EEC2C8FC030.root
%MSG-w XrdAdaptorInternal:  file_open 10-Jun-2024 19:47:59 CEST PostProcessEvent
Failed to open file at URL root://eoscms.cern.ch:1094//eos/cms/store/mc/RunIISummer20UL16MiniAODAPVv2/QCD_Pt_300to470_TuneCP5_13TeV_pythia8/MINIAODSIM/106X_mcRun2_asymptotic_preVFP_v11-v1/140000/4AF24CF7-F38C-274C-B1FA-6EEC2C8FC030.root.
%MSG
%MSG-w XrdAdaptorInternal:  file_open 10-Jun-2024 19:47:59 CEST PostProcessEvent
Failed to open file at URL root://eoscms.cern.ch:1094//eos/cms/store/mc/RunIISummer20UL16MiniAODAPVv2/QCD_Pt_300to470_TuneCP5_13TeV_pythia8/MINIAODSIM/106X_mcRun2_asymptotic_preVFP_v11-v1/140000/4AF24CF7-F38C-274C-B1FA-6EEC2C8FC030.root?tried=.
%MSG
10-Jun-2024 19:47:59 CEST  Fallback request to file root://xrootd-cms.infn.it//store/mc/RunIISummer20UL16MiniAODAPVv2/QCD_Pt_300to470_TuneCP5_13TeV_pythia8/MINIAODSIM/106X_mcRun2_asymptotic_preVFP_v11-v1/140000/4AF24CF7-F38C-274C-B1FA-6EEC2C8FC030.root
%MSG-w XrdAdaptor:  file_open 10-Jun-2024 19:48:12 CEST PostProcessEvent
Data is served from fnal.gov instead of original site T2_FR_GRIF_LLR
%MSG
10-Jun-2024 19:48:13 CEST  Successfully opened file root://xrootd-cms.infn.it//store/mc/RunIISummer20UL16MiniAODAPVv2/QCD_Pt_300to470_TuneCP5_13TeV_pythia8/MINIAODSIM/106X_mcRun2_asymptotic_preVFP_v11-v1/140000/4AF24CF7-F38C-274C-B1FA-6EEC2C8FC030.root
Begin processing the 600001st record. Run 1, Event 57739002, LumiSection 57740 on stream 0 at 10-Jun-2024 19:48:20.350 CEST
10-Jun-2024 19:48:21 CEST  Closed file root://xrootd-cms.infn.it//store/mc/RunIISummer20UL16MiniAODAPVv2/QCD_Pt_300to470_TuneCP5_13TeV_pythia8/MINIAODSIM/106X_mcRun2_asymptotic_preVFP_v11-v1/140000/4AF24CF7-F38C-274C-B1FA-6EEC2C8FC030.root
10-Jun-2024 19:48:21 CEST  Initiating request to open file root://eoscms.cern.ch//eos/cms/store/mc/RunIISummer20UL16MiniAODAPVv2/QCD_Pt_300to470_TuneCP5_13TeV_pythia8/MINIAODSIM/106X_mcRun2_asymptotic_preVFP_v11-v1/140000/3A7AE471-453D-9B49-AD67-28322ECECE19.root
%MSG-w XrdAdaptorInternal:  file_open 10-Jun-2024 19:48:22 CEST PostProcessEvent
Failed to open file at URL root://eoscms.cern.ch:1094//eos/cms/store/mc/RunIISummer20UL16MiniAODAPVv2/QCD_Pt_300to470_TuneCP5_13TeV_pythia8/MINIAODSIM/106X_mcRun2_asymptotic_preVFP_v11-v1/140000/3A7AE471-453D-9B49-AD67-28322ECECE19.root.
%MSG
%MSG-w XrdAdaptorInternal:  file_open 10-Jun-2024 19:48:22 CEST PostProcessEvent
Failed to open file at URL root://eoscms.cern.ch:1094//eos/cms/store/mc/RunIISummer20UL16MiniAODAPVv2/QCD_Pt_300to470_TuneCP5_13TeV_pythia8/MINIAODSIM/106X_mcRun2_asymptotic_preVFP_v11-v1/140000/3A7AE471-453D-9B49-AD67-28322ECECE19.root?tried=.
%MSG
10-Jun-2024 19:48:22 CEST  Fallback request to file root://xrootd-cms.infn.it//store/mc/RunIISummer20UL16MiniAODAPVv2/QCD_Pt_300to470_TuneCP5_13TeV_pythia8/MINIAODSIM/106X_mcRun2_asymptotic_preVFP_v11-v1/140000/3A7AE471-453D-9B49-AD67-28322ECECE19.root
%MSG-w XrdAdaptor:  file_open 10-Jun-2024 19:48:35 CEST PostProcessEvent
Data is served from fnal.gov instead of original site T2_FR_GRIF_LLR
%MSG
10-Jun-2024 19:48:36 CEST  Successfully opened file root://xrootd-cms.infn.it//store/mc/RunIISummer20UL16MiniAODAPVv2/QCD_Pt_300to470_TuneCP5_13TeV_pythia8/MINIAODSIM/106X_mcRun2_asymptotic_preVFP_v11-v1/140000/3A7AE471-453D-9B49-AD67-28322ECECE19.root
Begin processing the 700001st record. Run 1, Event 57967003, LumiSection 57968 on stream 0 at 10-Jun-2024 19:48:44.695 CEST
10-Jun-2024 19:48:44 CEST  Closed file root://xrootd-cms.infn.it//store/mc/RunIISummer20UL16MiniAODAPVv2/QCD_Pt_300to470_TuneCP5_13TeV_pythia8/MINIAODSIM/106X_mcRun2_asymptotic_preVFP_v11-v1/140000/3A7AE471-453D-9B49-AD67-28322ECECE19.root
10-Jun-2024 19:48:44 CEST  Initiating request to open file root://eoscms.cern.ch//eos/cms/store/mc/RunIISummer20UL16MiniAODAPVv2/QCD_Pt_300to470_TuneCP5_13TeV_pythia8/MINIAODSIM/106X_mcRun2_asymptotic_preVFP_v11-v1/140000/259EEECF-1EA1-CB48-A083-EE65BA07BFB8.root
%MSG-w XrdAdaptorInternal:  file_open 10-Jun-2024 19:48:45 CEST PostProcessEvent
Failed to open file at URL root://eoscms.cern.ch:1094//eos/cms/store/mc/RunIISummer20UL16MiniAODAPVv2/QCD_Pt_300to470_TuneCP5_13TeV_pythia8/MINIAODSIM/106X_mcRun2_asymptotic_preVFP_v11-v1/140000/259EEECF-1EA1-CB48-A083-EE65BA07BFB8.root.
%MSG
%MSG-w XrdAdaptorInternal:  file_open 10-Jun-2024 19:48:45 CEST PostProcessEvent
Failed to open file at URL root://eoscms.cern.ch:1094//eos/cms/store/mc/RunIISummer20UL16MiniAODAPVv2/QCD_Pt_300to470_TuneCP5_13TeV_pythia8/MINIAODSIM/106X_mcRun2_asymptotic_preVFP_v11-v1/140000/259EEECF-1EA1-CB48-A083-EE65BA07BFB8.root?tried=.
%MSG
10-Jun-2024 19:48:45 CEST  Fallback request to file root://xrootd-cms.infn.it//store/mc/RunIISummer20UL16MiniAODAPVv2/QCD_Pt_300to470_TuneCP5_13TeV_pythia8/MINIAODSIM/106X_mcRun2_asymptotic_preVFP_v11-v1/140000/259EEECF-1EA1-CB48-A083-EE65BA07BFB8.root
%MSG-w XrdAdaptor:  file_open 10-Jun-2024 19:48:58 CEST PostProcessEvent
Data is served from fnal.gov instead of original site T2_FR_GRIF_LLR
%MSG
10-Jun-2024 19:48:59 CEST  Successfully opened file root://xrootd-cms.infn.it//store/mc/RunIISummer20UL16MiniAODAPVv2/QCD_Pt_300to470_TuneCP5_13TeV_pythia8/MINIAODSIM/106X_mcRun2_asymptotic_preVFP_v11-v1/140000/259EEECF-1EA1-CB48-A083-EE65BA07BFB8.root
10-Jun-2024 19:49:07 CEST  Closed file root://xrootd-cms.infn.it//store/mc/RunIISummer20UL16MiniAODAPVv2/QCD_Pt_300to470_TuneCP5_13TeV_pythia8/MINIAODSIM/106X_mcRun2_asymptotic_preVFP_v11-v1/140000/259EEECF-1EA1-CB48-A083-EE65BA07BFB8.root
10-Jun-2024 19:49:07 CEST  Initiating request to open file root://eoscms.cern.ch//eos/cms/store/mc/RunIISummer20UL16MiniAODAPVv2/QCD_Pt_300to470_TuneCP5_13TeV_pythia8/MINIAODSIM/106X_mcRun2_asymptotic_preVFP_v11-v1/140000/5C8E5252-9863-9948-B247-71D9B12BE049.root
%MSG-w XrdAdaptorInternal:  file_open 10-Jun-2024 19:49:08 CEST PostProcessEvent
Failed to open file at URL root://eoscms.cern.ch:1094//eos/cms/store/mc/RunIISummer20UL16MiniAODAPVv2/QCD_Pt_300to470_TuneCP5_13TeV_pythia8/MINIAODSIM/106X_mcRun2_asymptotic_preVFP_v11-v1/140000/5C8E5252-9863-9948-B247-71D9B12BE049.root.
%MSG
%MSG-w XrdAdaptorInternal:  file_open 10-Jun-2024 19:49:08 CEST PostProcessEvent
Failed to open file at URL root://eoscms.cern.ch:1094//eos/cms/store/mc/RunIISummer20UL16MiniAODAPVv2/QCD_Pt_300to470_TuneCP5_13TeV_pythia8/MINIAODSIM/106X_mcRun2_asymptotic_preVFP_v11-v1/140000/5C8E5252-9863-9948-B247-71D9B12BE049.root?tried=.
%MSG
10-Jun-2024 19:49:08 CEST  Fallback request to file root://xrootd-cms.infn.it//store/mc/RunIISummer20UL16MiniAODAPVv2/QCD_Pt_300to470_TuneCP5_13TeV_pythia8/MINIAODSIM/106X_mcRun2_asymptotic_preVFP_v11-v1/140000/5C8E5252-9863-9948-B247-71D9B12BE049.root
%MSG-w XrdAdaptor:  file_open 10-Jun-2024 19:49:20 CEST PostProcessEvent
Data is served from fnal.gov instead of original site T2_FR_GRIF_LLR
%MSG
10-Jun-2024 19:49:21 CEST  Successfully opened file root://xrootd-cms.infn.it//store/mc/RunIISummer20UL16MiniAODAPVv2/QCD_Pt_300to470_TuneCP5_13TeV_pythia8/MINIAODSIM/106X_mcRun2_asymptotic_preVFP_v11-v1/140000/5C8E5252-9863-9948-B247-71D9B12BE049.root
Begin processing the 800001st record. Run 1, Event 57791010, LumiSection 57792 on stream 0 at 10-Jun-2024 19:49:27.599 CEST
10-Jun-2024 19:49:29 CEST  Closed file root://xrootd-cms.infn.it//store/mc/RunIISummer20UL16MiniAODAPVv2/QCD_Pt_300to470_TuneCP5_13TeV_pythia8/MINIAODSIM/106X_mcRun2_asymptotic_preVFP_v11-v1/140000/5C8E5252-9863-9948-B247-71D9B12BE049.root
10-Jun-2024 19:49:29 CEST  Initiating request to open file root://eoscms.cern.ch//eos/cms/store/mc/RunIISummer20UL16MiniAODAPVv2/QCD_Pt_300to470_TuneCP5_13TeV_pythia8/MINIAODSIM/106X_mcRun2_asymptotic_preVFP_v11-v1/140000/66B40D2B-96B1-4743-9223-F2DC8DC81C23.root
%MSG-w XrdAdaptorInternal:  file_open 10-Jun-2024 19:49:30 CEST PostProcessEvent
Failed to open file at URL root://eoscms.cern.ch:1094//eos/cms/store/mc/RunIISummer20UL16MiniAODAPVv2/QCD_Pt_300to470_TuneCP5_13TeV_pythia8/MINIAODSIM/106X_mcRun2_asymptotic_preVFP_v11-v1/140000/66B40D2B-96B1-4743-9223-F2DC8DC81C23.root.
%MSG
%MSG-w XrdAdaptorInternal:  file_open 10-Jun-2024 19:49:30 CEST PostProcessEvent
Failed to open file at URL root://eoscms.cern.ch:1094//eos/cms/store/mc/RunIISummer20UL16MiniAODAPVv2/QCD_Pt_300to470_TuneCP5_13TeV_pythia8/MINIAODSIM/106X_mcRun2_asymptotic_preVFP_v11-v1/140000/66B40D2B-96B1-4743-9223-F2DC8DC81C23.root?tried=.
%MSG
10-Jun-2024 19:49:30 CEST  Fallback request to file root://xrootd-cms.infn.it//store/mc/RunIISummer20UL16MiniAODAPVv2/QCD_Pt_300to470_TuneCP5_13TeV_pythia8/MINIAODSIM/106X_mcRun2_asymptotic_preVFP_v11-v1/140000/66B40D2B-96B1-4743-9223-F2DC8DC81C23.root
%MSG-w XrdAdaptor:  file_open 10-Jun-2024 19:49:43 CEST PostProcessEvent
Data is served from fnal.gov instead of original site T2_FR_GRIF_LLR
%MSG
10-Jun-2024 19:49:44 CEST  Successfully opened file root://xrootd-cms.infn.it//store/mc/RunIISummer20UL16MiniAODAPVv2/QCD_Pt_300to470_TuneCP5_13TeV_pythia8/MINIAODSIM/106X_mcRun2_asymptotic_preVFP_v11-v1/140000/66B40D2B-96B1-4743-9223-F2DC8DC81C23.root
Begin processing the 900001st record. Run 1, Event 57858002, LumiSection 57859 on stream 0 at 10-Jun-2024 19:49:50.876 CEST
10-Jun-2024 19:49:51 CEST  Closed file root://xrootd-cms.infn.it//store/mc/RunIISummer20UL16MiniAODAPVv2/QCD_Pt_300to470_TuneCP5_13TeV_pythia8/MINIAODSIM/106X_mcRun2_asymptotic_preVFP_v11-v1/140000/66B40D2B-96B1-4743-9223-F2DC8DC81C23.root
10-Jun-2024 19:49:51 CEST  Initiating request to open file root://eoscms.cern.ch//eos/cms/store/mc/RunIISummer20UL16MiniAODAPVv2/QCD_Pt_300to470_TuneCP5_13TeV_pythia8/MINIAODSIM/106X_mcRun2_asymptotic_preVFP_v11-v1/280000/319A9017-AA2F-D34C-948F-9D6193CCEE0F.root
%MSG-w XrdAdaptorInternal:  file_open 10-Jun-2024 19:49:52 CEST PostProcessEvent
Failed to open file at URL root://eoscms.cern.ch:1094//eos/cms/store/mc/RunIISummer20UL16MiniAODAPVv2/QCD_Pt_300to470_TuneCP5_13TeV_pythia8/MINIAODSIM/106X_mcRun2_asymptotic_preVFP_v11-v1/280000/319A9017-AA2F-D34C-948F-9D6193CCEE0F.root.
%MSG
%MSG-w XrdAdaptorInternal:  file_open 10-Jun-2024 19:49:52 CEST PostProcessEvent
Failed to open file at URL root://eoscms.cern.ch:1094//eos/cms/store/mc/RunIISummer20UL16MiniAODAPVv2/QCD_Pt_300to470_TuneCP5_13TeV_pythia8/MINIAODSIM/106X_mcRun2_asymptotic_preVFP_v11-v1/280000/319A9017-AA2F-D34C-948F-9D6193CCEE0F.root?tried=.
%MSG
10-Jun-2024 19:49:52 CEST  Fallback request to file root://xrootd-cms.infn.it//store/mc/RunIISummer20UL16MiniAODAPVv2/QCD_Pt_300to470_TuneCP5_13TeV_pythia8/MINIAODSIM/106X_mcRun2_asymptotic_preVFP_v11-v1/280000/319A9017-AA2F-D34C-948F-9D6193CCEE0F.root
%MSG-w XrdAdaptor:  file_open 10-Jun-2024 19:50:07 CEST PostProcessEvent
Data is served from T2_US_Nebraska instead of original site T2_FR_GRIF_LLR
%MSG
10-Jun-2024 19:50:08 CEST  Successfully opened file root://xrootd-cms.infn.it//store/mc/RunIISummer20UL16MiniAODAPVv2/QCD_Pt_300to470_TuneCP5_13TeV_pythia8/MINIAODSIM/106X_mcRun2_asymptotic_preVFP_v11-v1/280000/319A9017-AA2F-D34C-948F-9D6193CCEE0F.root
10-Jun-2024 19:50:17 CEST  Closed file root://xrootd-cms.infn.it//store/mc/RunIISummer20UL16MiniAODAPVv2/QCD_Pt_300to470_TuneCP5_13TeV_pythia8/MINIAODSIM/106X_mcRun2_asymptotic_preVFP_v11-v1/280000/319A9017-AA2F-D34C-948F-9D6193CCEE0F.root
10-Jun-2024 19:50:17 CEST  Initiating request to open file root://eoscms.cern.ch//eos/cms/store/mc/RunIISummer20UL16MiniAODAPVv2/QCD_Pt_300to470_TuneCP5_13TeV_pythia8/MINIAODSIM/106X_mcRun2_asymptotic_preVFP_v11-v1/280000/9E368703-29F5-534F-AB3C-A8DDB853A2EE.root
%MSG-w XrdAdaptorInternal:  file_open 10-Jun-2024 19:50:18 CEST PostProcessEvent
Failed to open file at URL root://eoscms.cern.ch:1094//eos/cms/store/mc/RunIISummer20UL16MiniAODAPVv2/QCD_Pt_300to470_TuneCP5_13TeV_pythia8/MINIAODSIM/106X_mcRun2_asymptotic_preVFP_v11-v1/280000/9E368703-29F5-534F-AB3C-A8DDB853A2EE.root.
%MSG
%MSG-w XrdAdaptorInternal:  file_open 10-Jun-2024 19:50:18 CEST PostProcessEvent
Failed to open file at URL root://eoscms.cern.ch:1094//eos/cms/store/mc/RunIISummer20UL16MiniAODAPVv2/QCD_Pt_300to470_TuneCP5_13TeV_pythia8/MINIAODSIM/106X_mcRun2_asymptotic_preVFP_v11-v1/280000/9E368703-29F5-534F-AB3C-A8DDB853A2EE.root?tried=.
%MSG
10-Jun-2024 19:50:18 CEST  Fallback request to file root://xrootd-cms.infn.it//store/mc/RunIISummer20UL16MiniAODAPVv2/QCD_Pt_300to470_TuneCP5_13TeV_pythia8/MINIAODSIM/106X_mcRun2_asymptotic_preVFP_v11-v1/280000/9E368703-29F5-534F-AB3C-A8DDB853A2EE.root
%MSG-w XrdAdaptor:  file_open 10-Jun-2024 19:50:31 CEST PostProcessEvent
Data is served from T2_US_Nebraska instead of original site T2_FR_GRIF_LLR
%MSG
10-Jun-2024 19:50:32 CEST  Successfully opened file root://xrootd-cms.infn.it//store/mc/RunIISummer20UL16MiniAODAPVv2/QCD_Pt_300to470_TuneCP5_13TeV_pythia8/MINIAODSIM/106X_mcRun2_asymptotic_preVFP_v11-v1/280000/9E368703-29F5-534F-AB3C-A8DDB853A2EE.root
10-Jun-2024 19:50:40 CEST  Closed file root://xrootd-cms.infn.it//store/mc/RunIISummer20UL16MiniAODAPVv2/QCD_Pt_300to470_TuneCP5_13TeV_pythia8/MINIAODSIM/106X_mcRun2_asymptotic_preVFP_v11-v1/280000/9E368703-29F5-534F-AB3C-A8DDB853A2EE.root

------------------------------------
GenXsecAnalyzer:
------------------------------------
Before Filter: total cross section = 6.830e+03 +- 3.336e+00 pb
Filter efficiency (taking into account weights)= (1e+06) / (1e+06) = 1.000e+00 +- 0.000e+00
Filter efficiency (event-level)= (1e+06) / (1e+06) = 1.000e+00 +- 0.000e+00    [TO BE USED IN MCM]

After filter: final cross section = 6.830e+03 +- 3.336e+00 pb
After filter: final fraction of events with negative weights = 0.000e+00 +- 0.000e+00
After filter: final equivalent lumi for 1M events (1/fb) = 1.464e-01 +- 1.630e-04

=============================================

MessageLogger Summary

 type     category        sev    module        subroutine        count    total
 ---- -------------------- -- ---------------- ----------------  -----    -----
    1 GenXSecAnalyzer      -w GenXSecAnalyzer:                       7        7
    2 XrdAdaptor           -w file_open                             15       15
    3 XrdAdaptorInternal   -w file_open                             30       30
    4 fileAction           -s file_close                            15       15
    5 fileAction           -s file_open                             45       45

 type    category    Examples: run/evt        run/evt          run/evt
 ---- -------------------- ---------------- ---------------- ----------------
    1 GenXSecAnalyzer      PostGlobalEndRun PostGlobalEndRun PostGlobalEndRun
    2 XrdAdaptor           pre-events       PostProcessEvent PostProcessEvent
    3 XrdAdaptorInternal   pre-events       pre-events       PostProcessEvent
    4 fileAction           PostProcessEvent PostProcessEvent PostGlobalEndRun
    5 fileAction           pre-events       pre-events       PostProcessEvent

Severity    # Occurrences   Total Occurrences
--------    -------------   -----------------
Warning                52                  52
System                 60                  60

dropped waiting message count 0
