10-Jun-2024 20:30:08 CEST  Initiating request to open file root://eoscms.cern.ch//eos/cms/store/mc/RunIISummer20UL16MiniAODAPVv2/QCD_Pt_2400to3200_TuneCP5_13TeV_pythia8/MINIAODSIM/106X_mcRun2_asymptotic_preVFP_v11-v1/70000/603F5D4D-7B35-3240-B277-66188F02C84F.root
%MSG-w XrdAdaptorInternal:  file_open 10-Jun-2024 20:30:10 CEST pre-events
Failed to open file at URL root://eoscms.cern.ch:1094//eos/cms/store/mc/RunIISummer20UL16MiniAODAPVv2/QCD_Pt_2400to3200_TuneCP5_13TeV_pythia8/MINIAODSIM/106X_mcRun2_asymptotic_preVFP_v11-v1/70000/603F5D4D-7B35-3240-B277-66188F02C84F.root.
%MSG
%MSG-w XrdAdaptorInternal:  file_open 10-Jun-2024 20:30:10 CEST pre-events
Failed to open file at URL root://eoscms.cern.ch:1094//eos/cms/store/mc/RunIISummer20UL16MiniAODAPVv2/QCD_Pt_2400to3200_TuneCP5_13TeV_pythia8/MINIAODSIM/106X_mcRun2_asymptotic_preVFP_v11-v1/70000/603F5D4D-7B35-3240-B277-66188F02C84F.root?tried=.
%MSG
10-Jun-2024 20:30:10 CEST  Fallback request to file root://xrootd-cms.infn.it//store/mc/RunIISummer20UL16MiniAODAPVv2/QCD_Pt_2400to3200_TuneCP5_13TeV_pythia8/MINIAODSIM/106X_mcRun2_asymptotic_preVFP_v11-v1/70000/603F5D4D-7B35-3240-B277-66188F02C84F.root
%MSG-w XrdAdaptor:  file_open 10-Jun-2024 20:30:25 CEST pre-events
Data is served from T2_US_Vanderbilt instead of original site T2_IT_Pisa
%MSG
10-Jun-2024 20:30:30 CEST  Successfully opened file root://xrootd-cms.infn.it//store/mc/RunIISummer20UL16MiniAODAPVv2/QCD_Pt_2400to3200_TuneCP5_13TeV_pythia8/MINIAODSIM/106X_mcRun2_asymptotic_preVFP_v11-v1/70000/603F5D4D-7B35-3240-B277-66188F02C84F.root
Begin processing the 1st record. Run 1, Event 2200006, LumiSection 2201 on stream 0 at 10-Jun-2024 20:30:40.274 CEST
10-Jun-2024 20:30:42 CEST  Closed file root://xrootd-cms.infn.it//store/mc/RunIISummer20UL16MiniAODAPVv2/QCD_Pt_2400to3200_TuneCP5_13TeV_pythia8/MINIAODSIM/106X_mcRun2_asymptotic_preVFP_v11-v1/70000/603F5D4D-7B35-3240-B277-66188F02C84F.root
10-Jun-2024 20:30:42 CEST  Initiating request to open file root://eoscms.cern.ch//eos/cms/store/mc/RunIISummer20UL16MiniAODAPVv2/QCD_Pt_2400to3200_TuneCP5_13TeV_pythia8/MINIAODSIM/106X_mcRun2_asymptotic_preVFP_v11-v1/70000/94CBFEAD-B81B-A945-ACB5-44C5204FB57E.root
%MSG-w XrdAdaptorInternal:  file_open 10-Jun-2024 20:30:43 CEST PostProcessEvent
Failed to open file at URL root://eoscms.cern.ch:1094//eos/cms/store/mc/RunIISummer20UL16MiniAODAPVv2/QCD_Pt_2400to3200_TuneCP5_13TeV_pythia8/MINIAODSIM/106X_mcRun2_asymptotic_preVFP_v11-v1/70000/94CBFEAD-B81B-A945-ACB5-44C5204FB57E.root.
%MSG
%MSG-w XrdAdaptorInternal:  file_open 10-Jun-2024 20:30:43 CEST PostProcessEvent
Failed to open file at URL root://eoscms.cern.ch:1094//eos/cms/store/mc/RunIISummer20UL16MiniAODAPVv2/QCD_Pt_2400to3200_TuneCP5_13TeV_pythia8/MINIAODSIM/106X_mcRun2_asymptotic_preVFP_v11-v1/70000/94CBFEAD-B81B-A945-ACB5-44C5204FB57E.root?tried=.
%MSG
10-Jun-2024 20:30:43 CEST  Fallback request to file root://xrootd-cms.infn.it//store/mc/RunIISummer20UL16MiniAODAPVv2/QCD_Pt_2400to3200_TuneCP5_13TeV_pythia8/MINIAODSIM/106X_mcRun2_asymptotic_preVFP_v11-v1/70000/94CBFEAD-B81B-A945-ACB5-44C5204FB57E.root
%MSG-w XrdAdaptor:  file_open 10-Jun-2024 20:30:57 CEST PostProcessEvent
Data is served from T2_US_Vanderbilt instead of original site T2_IT_Pisa
%MSG
10-Jun-2024 20:30:58 CEST  Successfully opened file root://xrootd-cms.infn.it//store/mc/RunIISummer20UL16MiniAODAPVv2/QCD_Pt_2400to3200_TuneCP5_13TeV_pythia8/MINIAODSIM/106X_mcRun2_asymptotic_preVFP_v11-v1/70000/94CBFEAD-B81B-A945-ACB5-44C5204FB57E.root
10-Jun-2024 20:31:11 CEST  Closed file root://xrootd-cms.infn.it//store/mc/RunIISummer20UL16MiniAODAPVv2/QCD_Pt_2400to3200_TuneCP5_13TeV_pythia8/MINIAODSIM/106X_mcRun2_asymptotic_preVFP_v11-v1/70000/94CBFEAD-B81B-A945-ACB5-44C5204FB57E.root
10-Jun-2024 20:31:11 CEST  Initiating request to open file root://eoscms.cern.ch//eos/cms/store/mc/RunIISummer20UL16MiniAODAPVv2/QCD_Pt_2400to3200_TuneCP5_13TeV_pythia8/MINIAODSIM/106X_mcRun2_asymptotic_preVFP_v11-v1/70000/E9C340D2-2B56-B64A-81D5-CBD881FC7944.root
%MSG-w XrdAdaptorInternal:  file_open 10-Jun-2024 20:31:12 CEST PostProcessEvent
Failed to open file at URL root://eoscms.cern.ch:1094//eos/cms/store/mc/RunIISummer20UL16MiniAODAPVv2/QCD_Pt_2400to3200_TuneCP5_13TeV_pythia8/MINIAODSIM/106X_mcRun2_asymptotic_preVFP_v11-v1/70000/E9C340D2-2B56-B64A-81D5-CBD881FC7944.root.
%MSG
%MSG-w XrdAdaptorInternal:  file_open 10-Jun-2024 20:31:12 CEST PostProcessEvent
Failed to open file at URL root://eoscms.cern.ch:1094//eos/cms/store/mc/RunIISummer20UL16MiniAODAPVv2/QCD_Pt_2400to3200_TuneCP5_13TeV_pythia8/MINIAODSIM/106X_mcRun2_asymptotic_preVFP_v11-v1/70000/E9C340D2-2B56-B64A-81D5-CBD881FC7944.root?tried=.
%MSG
10-Jun-2024 20:31:12 CEST  Fallback request to file root://xrootd-cms.infn.it//store/mc/RunIISummer20UL16MiniAODAPVv2/QCD_Pt_2400to3200_TuneCP5_13TeV_pythia8/MINIAODSIM/106X_mcRun2_asymptotic_preVFP_v11-v1/70000/E9C340D2-2B56-B64A-81D5-CBD881FC7944.root
%MSG-w XrdAdaptor:  file_open 10-Jun-2024 20:31:26 CEST PostProcessEvent
Data is served from T2_US_Vanderbilt instead of original site T2_IT_Pisa
%MSG
10-Jun-2024 20:31:27 CEST  Successfully opened file root://xrootd-cms.infn.it//store/mc/RunIISummer20UL16MiniAODAPVv2/QCD_Pt_2400to3200_TuneCP5_13TeV_pythia8/MINIAODSIM/106X_mcRun2_asymptotic_preVFP_v11-v1/70000/E9C340D2-2B56-B64A-81D5-CBD881FC7944.root
Begin processing the 100001st record. Run 1, Event 2872005, LumiSection 2873 on stream 0 at 10-Jun-2024 20:31:38.946 CEST
10-Jun-2024 20:31:39 CEST  Closed file root://xrootd-cms.infn.it//store/mc/RunIISummer20UL16MiniAODAPVv2/QCD_Pt_2400to3200_TuneCP5_13TeV_pythia8/MINIAODSIM/106X_mcRun2_asymptotic_preVFP_v11-v1/70000/E9C340D2-2B56-B64A-81D5-CBD881FC7944.root
10-Jun-2024 20:31:39 CEST  Initiating request to open file root://eoscms.cern.ch//eos/cms/store/mc/RunIISummer20UL16MiniAODAPVv2/QCD_Pt_2400to3200_TuneCP5_13TeV_pythia8/MINIAODSIM/106X_mcRun2_asymptotic_preVFP_v11-v1/70000/33527EA3-A67C-9345-BDA2-077F847F0BCF.root
%MSG-w XrdAdaptorInternal:  file_open 10-Jun-2024 20:31:40 CEST PostProcessEvent
Failed to open file at URL root://eoscms.cern.ch:1094//eos/cms/store/mc/RunIISummer20UL16MiniAODAPVv2/QCD_Pt_2400to3200_TuneCP5_13TeV_pythia8/MINIAODSIM/106X_mcRun2_asymptotic_preVFP_v11-v1/70000/33527EA3-A67C-9345-BDA2-077F847F0BCF.root.
%MSG
%MSG-w XrdAdaptorInternal:  file_open 10-Jun-2024 20:31:40 CEST PostProcessEvent
Failed to open file at URL root://eoscms.cern.ch:1094//eos/cms/store/mc/RunIISummer20UL16MiniAODAPVv2/QCD_Pt_2400to3200_TuneCP5_13TeV_pythia8/MINIAODSIM/106X_mcRun2_asymptotic_preVFP_v11-v1/70000/33527EA3-A67C-9345-BDA2-077F847F0BCF.root?tried=.
%MSG
10-Jun-2024 20:31:40 CEST  Fallback request to file root://xrootd-cms.infn.it//store/mc/RunIISummer20UL16MiniAODAPVv2/QCD_Pt_2400to3200_TuneCP5_13TeV_pythia8/MINIAODSIM/106X_mcRun2_asymptotic_preVFP_v11-v1/70000/33527EA3-A67C-9345-BDA2-077F847F0BCF.root
%MSG-w XrdAdaptor:  file_open 10-Jun-2024 20:31:54 CEST PostProcessEvent
Data is served from T2_US_Vanderbilt instead of original site T2_IT_Pisa
%MSG
10-Jun-2024 20:31:55 CEST  Successfully opened file root://xrootd-cms.infn.it//store/mc/RunIISummer20UL16MiniAODAPVv2/QCD_Pt_2400to3200_TuneCP5_13TeV_pythia8/MINIAODSIM/106X_mcRun2_asymptotic_preVFP_v11-v1/70000/33527EA3-A67C-9345-BDA2-077F847F0BCF.root
10-Jun-2024 20:32:11 CEST  Closed file root://xrootd-cms.infn.it//store/mc/RunIISummer20UL16MiniAODAPVv2/QCD_Pt_2400to3200_TuneCP5_13TeV_pythia8/MINIAODSIM/106X_mcRun2_asymptotic_preVFP_v11-v1/70000/33527EA3-A67C-9345-BDA2-077F847F0BCF.root
10-Jun-2024 20:32:11 CEST  Initiating request to open file root://eoscms.cern.ch//eos/cms/store/mc/RunIISummer20UL16MiniAODAPVv2/QCD_Pt_2400to3200_TuneCP5_13TeV_pythia8/MINIAODSIM/106X_mcRun2_asymptotic_preVFP_v11-v1/70000/D467149B-7D7C-684D-AF82-9FF53E0964D4.root
%MSG-w XrdAdaptorInternal:  file_open 10-Jun-2024 20:32:12 CEST PostProcessEvent
Failed to open file at URL root://eoscms.cern.ch:1094//eos/cms/store/mc/RunIISummer20UL16MiniAODAPVv2/QCD_Pt_2400to3200_TuneCP5_13TeV_pythia8/MINIAODSIM/106X_mcRun2_asymptotic_preVFP_v11-v1/70000/D467149B-7D7C-684D-AF82-9FF53E0964D4.root.
%MSG
%MSG-w XrdAdaptorInternal:  file_open 10-Jun-2024 20:32:12 CEST PostProcessEvent
Failed to open file at URL root://eoscms.cern.ch:1094//eos/cms/store/mc/RunIISummer20UL16MiniAODAPVv2/QCD_Pt_2400to3200_TuneCP5_13TeV_pythia8/MINIAODSIM/106X_mcRun2_asymptotic_preVFP_v11-v1/70000/D467149B-7D7C-684D-AF82-9FF53E0964D4.root?tried=.
%MSG
10-Jun-2024 20:32:12 CEST  Fallback request to file root://xrootd-cms.infn.it//store/mc/RunIISummer20UL16MiniAODAPVv2/QCD_Pt_2400to3200_TuneCP5_13TeV_pythia8/MINIAODSIM/106X_mcRun2_asymptotic_preVFP_v11-v1/70000/D467149B-7D7C-684D-AF82-9FF53E0964D4.root
%MSG-w XrdAdaptor:  file_open 10-Jun-2024 20:32:26 CEST PostProcessEvent
Data is served from T2_US_Vanderbilt instead of original site T2_IT_Pisa
%MSG
10-Jun-2024 20:32:27 CEST  Successfully opened file root://xrootd-cms.infn.it//store/mc/RunIISummer20UL16MiniAODAPVv2/QCD_Pt_2400to3200_TuneCP5_13TeV_pythia8/MINIAODSIM/106X_mcRun2_asymptotic_preVFP_v11-v1/70000/D467149B-7D7C-684D-AF82-9FF53E0964D4.root
10-Jun-2024 20:33:01 CEST  Closed file root://xrootd-cms.infn.it//store/mc/RunIISummer20UL16MiniAODAPVv2/QCD_Pt_2400to3200_TuneCP5_13TeV_pythia8/MINIAODSIM/106X_mcRun2_asymptotic_preVFP_v11-v1/70000/D467149B-7D7C-684D-AF82-9FF53E0964D4.root
10-Jun-2024 20:33:01 CEST  Initiating request to open file root://eoscms.cern.ch//eos/cms/store/mc/RunIISummer20UL16MiniAODAPVv2/QCD_Pt_2400to3200_TuneCP5_13TeV_pythia8/MINIAODSIM/106X_mcRun2_asymptotic_preVFP_v11-v1/70000/1CBE8476-857E-FF42-8891-334FC7D5C574.root
%MSG-w XrdAdaptorInternal:  file_open 10-Jun-2024 20:33:02 CEST PostProcessEvent
Failed to open file at URL root://eoscms.cern.ch:1094//eos/cms/store/mc/RunIISummer20UL16MiniAODAPVv2/QCD_Pt_2400to3200_TuneCP5_13TeV_pythia8/MINIAODSIM/106X_mcRun2_asymptotic_preVFP_v11-v1/70000/1CBE8476-857E-FF42-8891-334FC7D5C574.root.
%MSG
%MSG-w XrdAdaptorInternal:  file_open 10-Jun-2024 20:33:02 CEST PostProcessEvent
Failed to open file at URL root://eoscms.cern.ch:1094//eos/cms/store/mc/RunIISummer20UL16MiniAODAPVv2/QCD_Pt_2400to3200_TuneCP5_13TeV_pythia8/MINIAODSIM/106X_mcRun2_asymptotic_preVFP_v11-v1/70000/1CBE8476-857E-FF42-8891-334FC7D5C574.root?tried=.
%MSG
10-Jun-2024 20:33:02 CEST  Fallback request to file root://xrootd-cms.infn.it//store/mc/RunIISummer20UL16MiniAODAPVv2/QCD_Pt_2400to3200_TuneCP5_13TeV_pythia8/MINIAODSIM/106X_mcRun2_asymptotic_preVFP_v11-v1/70000/1CBE8476-857E-FF42-8891-334FC7D5C574.root
%MSG-w XrdAdaptor:  file_open 10-Jun-2024 20:33:17 CEST PostProcessEvent
Data is served from T2_US_Vanderbilt instead of original site T2_IT_Pisa
%MSG
10-Jun-2024 20:33:18 CEST  Successfully opened file root://xrootd-cms.infn.it//store/mc/RunIISummer20UL16MiniAODAPVv2/QCD_Pt_2400to3200_TuneCP5_13TeV_pythia8/MINIAODSIM/106X_mcRun2_asymptotic_preVFP_v11-v1/70000/1CBE8476-857E-FF42-8891-334FC7D5C574.root
Begin processing the 200001st record. Run 1, Event 2112003, LumiSection 2113 on stream 0 at 10-Jun-2024 20:33:37.141 CEST
10-Jun-2024 20:33:37 CEST  Closed file root://xrootd-cms.infn.it//store/mc/RunIISummer20UL16MiniAODAPVv2/QCD_Pt_2400to3200_TuneCP5_13TeV_pythia8/MINIAODSIM/106X_mcRun2_asymptotic_preVFP_v11-v1/70000/1CBE8476-857E-FF42-8891-334FC7D5C574.root
10-Jun-2024 20:33:37 CEST  Initiating request to open file root://eoscms.cern.ch//eos/cms/store/mc/RunIISummer20UL16MiniAODAPVv2/QCD_Pt_2400to3200_TuneCP5_13TeV_pythia8/MINIAODSIM/106X_mcRun2_asymptotic_preVFP_v11-v1/70000/0D566F9A-C637-B14B-936A-CD1BC51825F6.root
%MSG-w XrdAdaptorInternal:  file_open 10-Jun-2024 20:33:38 CEST PostProcessEvent
Failed to open file at URL root://eoscms.cern.ch:1094//eos/cms/store/mc/RunIISummer20UL16MiniAODAPVv2/QCD_Pt_2400to3200_TuneCP5_13TeV_pythia8/MINIAODSIM/106X_mcRun2_asymptotic_preVFP_v11-v1/70000/0D566F9A-C637-B14B-936A-CD1BC51825F6.root.
%MSG
%MSG-w XrdAdaptorInternal:  file_open 10-Jun-2024 20:33:38 CEST PostProcessEvent
Failed to open file at URL root://eoscms.cern.ch:1094//eos/cms/store/mc/RunIISummer20UL16MiniAODAPVv2/QCD_Pt_2400to3200_TuneCP5_13TeV_pythia8/MINIAODSIM/106X_mcRun2_asymptotic_preVFP_v11-v1/70000/0D566F9A-C637-B14B-936A-CD1BC51825F6.root?tried=.
%MSG
10-Jun-2024 20:33:38 CEST  Fallback request to file root://xrootd-cms.infn.it//store/mc/RunIISummer20UL16MiniAODAPVv2/QCD_Pt_2400to3200_TuneCP5_13TeV_pythia8/MINIAODSIM/106X_mcRun2_asymptotic_preVFP_v11-v1/70000/0D566F9A-C637-B14B-936A-CD1BC51825F6.root
%MSG-w XrdAdaptor:  file_open 10-Jun-2024 20:33:52 CEST PostProcessEvent
Data is served from T2_US_Vanderbilt instead of original site T2_IT_Pisa
%MSG
10-Jun-2024 20:33:53 CEST  Successfully opened file root://xrootd-cms.infn.it//store/mc/RunIISummer20UL16MiniAODAPVv2/QCD_Pt_2400to3200_TuneCP5_13TeV_pythia8/MINIAODSIM/106X_mcRun2_asymptotic_preVFP_v11-v1/70000/0D566F9A-C637-B14B-936A-CD1BC51825F6.root
10-Jun-2024 20:34:04 CEST  Closed file root://xrootd-cms.infn.it//store/mc/RunIISummer20UL16MiniAODAPVv2/QCD_Pt_2400to3200_TuneCP5_13TeV_pythia8/MINIAODSIM/106X_mcRun2_asymptotic_preVFP_v11-v1/70000/0D566F9A-C637-B14B-936A-CD1BC51825F6.root
10-Jun-2024 20:34:04 CEST  Initiating request to open file root://eoscms.cern.ch//eos/cms/store/mc/RunIISummer20UL16MiniAODAPVv2/QCD_Pt_2400to3200_TuneCP5_13TeV_pythia8/MINIAODSIM/106X_mcRun2_asymptotic_preVFP_v11-v1/70000/7AE11BC9-0343-E643-B61D-81784E95C51F.root
%MSG-w XrdAdaptorInternal:  file_open 10-Jun-2024 20:34:05 CEST PostProcessEvent
Failed to open file at URL root://eoscms.cern.ch:1094//eos/cms/store/mc/RunIISummer20UL16MiniAODAPVv2/QCD_Pt_2400to3200_TuneCP5_13TeV_pythia8/MINIAODSIM/106X_mcRun2_asymptotic_preVFP_v11-v1/70000/7AE11BC9-0343-E643-B61D-81784E95C51F.root.
%MSG
%MSG-w XrdAdaptorInternal:  file_open 10-Jun-2024 20:34:05 CEST PostProcessEvent
Failed to open file at URL root://eoscms.cern.ch:1094//eos/cms/store/mc/RunIISummer20UL16MiniAODAPVv2/QCD_Pt_2400to3200_TuneCP5_13TeV_pythia8/MINIAODSIM/106X_mcRun2_asymptotic_preVFP_v11-v1/70000/7AE11BC9-0343-E643-B61D-81784E95C51F.root?tried=.
%MSG
10-Jun-2024 20:34:05 CEST  Fallback request to file root://xrootd-cms.infn.it//store/mc/RunIISummer20UL16MiniAODAPVv2/QCD_Pt_2400to3200_TuneCP5_13TeV_pythia8/MINIAODSIM/106X_mcRun2_asymptotic_preVFP_v11-v1/70000/7AE11BC9-0343-E643-B61D-81784E95C51F.root
%MSG-w XrdAdaptor:  file_open 10-Jun-2024 20:34:18 CEST PostProcessEvent
Data is served from T2_US_Vanderbilt instead of original site T2_IT_Pisa
%MSG
10-Jun-2024 20:34:19 CEST  Successfully opened file root://xrootd-cms.infn.it//store/mc/RunIISummer20UL16MiniAODAPVv2/QCD_Pt_2400to3200_TuneCP5_13TeV_pythia8/MINIAODSIM/106X_mcRun2_asymptotic_preVFP_v11-v1/70000/7AE11BC9-0343-E643-B61D-81784E95C51F.root
10-Jun-2024 20:34:28 CEST  Closed file root://xrootd-cms.infn.it//store/mc/RunIISummer20UL16MiniAODAPVv2/QCD_Pt_2400to3200_TuneCP5_13TeV_pythia8/MINIAODSIM/106X_mcRun2_asymptotic_preVFP_v11-v1/70000/7AE11BC9-0343-E643-B61D-81784E95C51F.root
10-Jun-2024 20:34:28 CEST  Initiating request to open file root://eoscms.cern.ch//eos/cms/store/mc/RunIISummer20UL16MiniAODAPVv2/QCD_Pt_2400to3200_TuneCP5_13TeV_pythia8/MINIAODSIM/106X_mcRun2_asymptotic_preVFP_v11-v1/70000/891F368E-BD0A-CE4E-8674-87AFE86CF48F.root
%MSG-w XrdAdaptorInternal:  file_open 10-Jun-2024 20:34:29 CEST PostProcessEvent
Failed to open file at URL root://eoscms.cern.ch:1094//eos/cms/store/mc/RunIISummer20UL16MiniAODAPVv2/QCD_Pt_2400to3200_TuneCP5_13TeV_pythia8/MINIAODSIM/106X_mcRun2_asymptotic_preVFP_v11-v1/70000/891F368E-BD0A-CE4E-8674-87AFE86CF48F.root.
%MSG
%MSG-w XrdAdaptorInternal:  file_open 10-Jun-2024 20:34:29 CEST PostProcessEvent
Failed to open file at URL root://eoscms.cern.ch:1094//eos/cms/store/mc/RunIISummer20UL16MiniAODAPVv2/QCD_Pt_2400to3200_TuneCP5_13TeV_pythia8/MINIAODSIM/106X_mcRun2_asymptotic_preVFP_v11-v1/70000/891F368E-BD0A-CE4E-8674-87AFE86CF48F.root?tried=.
%MSG
10-Jun-2024 20:34:29 CEST  Fallback request to file root://xrootd-cms.infn.it//store/mc/RunIISummer20UL16MiniAODAPVv2/QCD_Pt_2400to3200_TuneCP5_13TeV_pythia8/MINIAODSIM/106X_mcRun2_asymptotic_preVFP_v11-v1/70000/891F368E-BD0A-CE4E-8674-87AFE86CF48F.root
%MSG-w XrdAdaptor:  file_open 10-Jun-2024 20:34:43 CEST PostProcessEvent
Data is served from T2_US_Vanderbilt instead of original site T2_IT_Pisa
%MSG
10-Jun-2024 20:34:44 CEST  Successfully opened file root://xrootd-cms.infn.it//store/mc/RunIISummer20UL16MiniAODAPVv2/QCD_Pt_2400to3200_TuneCP5_13TeV_pythia8/MINIAODSIM/106X_mcRun2_asymptotic_preVFP_v11-v1/70000/891F368E-BD0A-CE4E-8674-87AFE86CF48F.root
Begin processing the 300001st record. Run 1, Event 2402005, LumiSection 2403 on stream 0 at 10-Jun-2024 20:34:54.592 CEST
10-Jun-2024 20:34:55 CEST  Closed file root://xrootd-cms.infn.it//store/mc/RunIISummer20UL16MiniAODAPVv2/QCD_Pt_2400to3200_TuneCP5_13TeV_pythia8/MINIAODSIM/106X_mcRun2_asymptotic_preVFP_v11-v1/70000/891F368E-BD0A-CE4E-8674-87AFE86CF48F.root
10-Jun-2024 20:34:55 CEST  Initiating request to open file root://eoscms.cern.ch//eos/cms/store/mc/RunIISummer20UL16MiniAODAPVv2/QCD_Pt_2400to3200_TuneCP5_13TeV_pythia8/MINIAODSIM/106X_mcRun2_asymptotic_preVFP_v11-v1/70000/A886EF83-FC03-4346-BE0B-519233CBC143.root
%MSG-w XrdAdaptorInternal:  file_open 10-Jun-2024 20:34:56 CEST PostProcessEvent
Failed to open file at URL root://eoscms.cern.ch:1094//eos/cms/store/mc/RunIISummer20UL16MiniAODAPVv2/QCD_Pt_2400to3200_TuneCP5_13TeV_pythia8/MINIAODSIM/106X_mcRun2_asymptotic_preVFP_v11-v1/70000/A886EF83-FC03-4346-BE0B-519233CBC143.root.
%MSG
%MSG-w XrdAdaptorInternal:  file_open 10-Jun-2024 20:34:56 CEST PostProcessEvent
Failed to open file at URL root://eoscms.cern.ch:1094//eos/cms/store/mc/RunIISummer20UL16MiniAODAPVv2/QCD_Pt_2400to3200_TuneCP5_13TeV_pythia8/MINIAODSIM/106X_mcRun2_asymptotic_preVFP_v11-v1/70000/A886EF83-FC03-4346-BE0B-519233CBC143.root?tried=.
%MSG
10-Jun-2024 20:34:56 CEST  Fallback request to file root://xrootd-cms.infn.it//store/mc/RunIISummer20UL16MiniAODAPVv2/QCD_Pt_2400to3200_TuneCP5_13TeV_pythia8/MINIAODSIM/106X_mcRun2_asymptotic_preVFP_v11-v1/70000/A886EF83-FC03-4346-BE0B-519233CBC143.root
%MSG-w XrdAdaptor:  file_open 10-Jun-2024 20:35:10 CEST PostProcessEvent
Data is served from T2_US_Vanderbilt instead of original site T2_IT_Pisa
%MSG
10-Jun-2024 20:35:12 CEST  Successfully opened file root://xrootd-cms.infn.it//store/mc/RunIISummer20UL16MiniAODAPVv2/QCD_Pt_2400to3200_TuneCP5_13TeV_pythia8/MINIAODSIM/106X_mcRun2_asymptotic_preVFP_v11-v1/70000/A886EF83-FC03-4346-BE0B-519233CBC143.root
10-Jun-2024 20:35:23 CEST  Closed file root://xrootd-cms.infn.it//store/mc/RunIISummer20UL16MiniAODAPVv2/QCD_Pt_2400to3200_TuneCP5_13TeV_pythia8/MINIAODSIM/106X_mcRun2_asymptotic_preVFP_v11-v1/70000/A886EF83-FC03-4346-BE0B-519233CBC143.root
10-Jun-2024 20:35:23 CEST  Initiating request to open file root://eoscms.cern.ch//eos/cms/store/mc/RunIISummer20UL16MiniAODAPVv2/QCD_Pt_2400to3200_TuneCP5_13TeV_pythia8/MINIAODSIM/106X_mcRun2_asymptotic_preVFP_v11-v1/70000/73FB7F98-616E-744F-A965-3F0C5C88954E.root
%MSG-w XrdAdaptorInternal:  file_open 10-Jun-2024 20:35:24 CEST PostProcessEvent
Failed to open file at URL root://eoscms.cern.ch:1094//eos/cms/store/mc/RunIISummer20UL16MiniAODAPVv2/QCD_Pt_2400to3200_TuneCP5_13TeV_pythia8/MINIAODSIM/106X_mcRun2_asymptotic_preVFP_v11-v1/70000/73FB7F98-616E-744F-A965-3F0C5C88954E.root.
%MSG
%MSG-w XrdAdaptorInternal:  file_open 10-Jun-2024 20:35:24 CEST PostProcessEvent
Failed to open file at URL root://eoscms.cern.ch:1094//eos/cms/store/mc/RunIISummer20UL16MiniAODAPVv2/QCD_Pt_2400to3200_TuneCP5_13TeV_pythia8/MINIAODSIM/106X_mcRun2_asymptotic_preVFP_v11-v1/70000/73FB7F98-616E-744F-A965-3F0C5C88954E.root?tried=.
%MSG
10-Jun-2024 20:35:24 CEST  Fallback request to file root://xrootd-cms.infn.it//store/mc/RunIISummer20UL16MiniAODAPVv2/QCD_Pt_2400to3200_TuneCP5_13TeV_pythia8/MINIAODSIM/106X_mcRun2_asymptotic_preVFP_v11-v1/70000/73FB7F98-616E-744F-A965-3F0C5C88954E.root
%MSG-w XrdAdaptor:  file_open 10-Jun-2024 20:35:39 CEST PostProcessEvent
Data is served from T2_US_Vanderbilt instead of original site T2_IT_Pisa
%MSG
10-Jun-2024 20:35:40 CEST  Successfully opened file root://xrootd-cms.infn.it//store/mc/RunIISummer20UL16MiniAODAPVv2/QCD_Pt_2400to3200_TuneCP5_13TeV_pythia8/MINIAODSIM/106X_mcRun2_asymptotic_preVFP_v11-v1/70000/73FB7F98-616E-744F-A965-3F0C5C88954E.root
10-Jun-2024 20:35:57 CEST  Closed file root://xrootd-cms.infn.it//store/mc/RunIISummer20UL16MiniAODAPVv2/QCD_Pt_2400to3200_TuneCP5_13TeV_pythia8/MINIAODSIM/106X_mcRun2_asymptotic_preVFP_v11-v1/70000/73FB7F98-616E-744F-A965-3F0C5C88954E.root
10-Jun-2024 20:35:57 CEST  Initiating request to open file root://eoscms.cern.ch//eos/cms/store/mc/RunIISummer20UL16MiniAODAPVv2/QCD_Pt_2400to3200_TuneCP5_13TeV_pythia8/MINIAODSIM/106X_mcRun2_asymptotic_preVFP_v11-v1/70000/20767DC5-60EC-294F-A6A8-13D405F1D8AE.root
%MSG-w XrdAdaptorInternal:  file_open 10-Jun-2024 20:35:58 CEST PostProcessEvent
Failed to open file at URL root://eoscms.cern.ch:1094//eos/cms/store/mc/RunIISummer20UL16MiniAODAPVv2/QCD_Pt_2400to3200_TuneCP5_13TeV_pythia8/MINIAODSIM/106X_mcRun2_asymptotic_preVFP_v11-v1/70000/20767DC5-60EC-294F-A6A8-13D405F1D8AE.root.
%MSG
%MSG-w XrdAdaptorInternal:  file_open 10-Jun-2024 20:35:58 CEST PostProcessEvent
Failed to open file at URL root://eoscms.cern.ch:1094//eos/cms/store/mc/RunIISummer20UL16MiniAODAPVv2/QCD_Pt_2400to3200_TuneCP5_13TeV_pythia8/MINIAODSIM/106X_mcRun2_asymptotic_preVFP_v11-v1/70000/20767DC5-60EC-294F-A6A8-13D405F1D8AE.root?tried=.
%MSG
10-Jun-2024 20:35:58 CEST  Fallback request to file root://xrootd-cms.infn.it//store/mc/RunIISummer20UL16MiniAODAPVv2/QCD_Pt_2400to3200_TuneCP5_13TeV_pythia8/MINIAODSIM/106X_mcRun2_asymptotic_preVFP_v11-v1/70000/20767DC5-60EC-294F-A6A8-13D405F1D8AE.root
%MSG-w XrdAdaptor:  file_open 10-Jun-2024 20:36:13 CEST PostProcessEvent
Data is served from T2_US_Vanderbilt instead of original site T2_IT_Pisa
%MSG
10-Jun-2024 20:36:14 CEST  Successfully opened file root://xrootd-cms.infn.it//store/mc/RunIISummer20UL16MiniAODAPVv2/QCD_Pt_2400to3200_TuneCP5_13TeV_pythia8/MINIAODSIM/106X_mcRun2_asymptotic_preVFP_v11-v1/70000/20767DC5-60EC-294F-A6A8-13D405F1D8AE.root
Begin processing the 400001st record. Run 1, Event 2887004, LumiSection 2888 on stream 0 at 10-Jun-2024 20:36:28.457 CEST
[2024-06-10 20:36:28.993855 +0200][Error  ][AsyncSock         ] [xrootd-se4-vanderbilt.sites.opensciencegrid.org:1094 #0.0] Socket error while handshaking: [ERROR] Socket timeout
[2024-06-10 20:36:28.994461 +0200][Error  ][PostMaster        ] [xrootd-se4-vanderbilt.sites.opensciencegrid.org:1094 #0] elapsed = 45, pConnectionWindow = 31 seconds.
10-Jun-2024 20:36:29 CEST  Closed file root://xrootd-cms.infn.it//store/mc/RunIISummer20UL16MiniAODAPVv2/QCD_Pt_2400to3200_TuneCP5_13TeV_pythia8/MINIAODSIM/106X_mcRun2_asymptotic_preVFP_v11-v1/70000/20767DC5-60EC-294F-A6A8-13D405F1D8AE.root
10-Jun-2024 20:36:29 CEST  Initiating request to open file root://eoscms.cern.ch//eos/cms/store/mc/RunIISummer20UL16MiniAODAPVv2/QCD_Pt_2400to3200_TuneCP5_13TeV_pythia8/MINIAODSIM/106X_mcRun2_asymptotic_preVFP_v11-v1/70000/7D4D5FF6-BE47-0C4F-9E28-5CC3D01F5C0C.root
%MSG-w XrdAdaptorInternal:  file_open 10-Jun-2024 20:36:30 CEST PostProcessEvent
Failed to open file at URL root://eoscms.cern.ch:1094//eos/cms/store/mc/RunIISummer20UL16MiniAODAPVv2/QCD_Pt_2400to3200_TuneCP5_13TeV_pythia8/MINIAODSIM/106X_mcRun2_asymptotic_preVFP_v11-v1/70000/7D4D5FF6-BE47-0C4F-9E28-5CC3D01F5C0C.root.
%MSG
%MSG-w XrdAdaptorInternal:  file_open 10-Jun-2024 20:36:30 CEST PostProcessEvent
Failed to open file at URL root://eoscms.cern.ch:1094//eos/cms/store/mc/RunIISummer20UL16MiniAODAPVv2/QCD_Pt_2400to3200_TuneCP5_13TeV_pythia8/MINIAODSIM/106X_mcRun2_asymptotic_preVFP_v11-v1/70000/7D4D5FF6-BE47-0C4F-9E28-5CC3D01F5C0C.root?tried=.
%MSG
10-Jun-2024 20:36:30 CEST  Fallback request to file root://xrootd-cms.infn.it//store/mc/RunIISummer20UL16MiniAODAPVv2/QCD_Pt_2400to3200_TuneCP5_13TeV_pythia8/MINIAODSIM/106X_mcRun2_asymptotic_preVFP_v11-v1/70000/7D4D5FF6-BE47-0C4F-9E28-5CC3D01F5C0C.root
%MSG-w XrdAdaptor:  file_open 10-Jun-2024 20:36:44 CEST PostProcessEvent
Data is served from T2_US_Vanderbilt instead of original site T2_IT_Pisa
%MSG
10-Jun-2024 20:36:45 CEST  Successfully opened file root://xrootd-cms.infn.it//store/mc/RunIISummer20UL16MiniAODAPVv2/QCD_Pt_2400to3200_TuneCP5_13TeV_pythia8/MINIAODSIM/106X_mcRun2_asymptotic_preVFP_v11-v1/70000/7D4D5FF6-BE47-0C4F-9E28-5CC3D01F5C0C.root
10-Jun-2024 20:36:56 CEST  Closed file root://xrootd-cms.infn.it//store/mc/RunIISummer20UL16MiniAODAPVv2/QCD_Pt_2400to3200_TuneCP5_13TeV_pythia8/MINIAODSIM/106X_mcRun2_asymptotic_preVFP_v11-v1/70000/7D4D5FF6-BE47-0C4F-9E28-5CC3D01F5C0C.root
10-Jun-2024 20:36:56 CEST  Initiating request to open file root://eoscms.cern.ch//eos/cms/store/mc/RunIISummer20UL16MiniAODAPVv2/QCD_Pt_2400to3200_TuneCP5_13TeV_pythia8/MINIAODSIM/106X_mcRun2_asymptotic_preVFP_v11-v1/70000/E89068AD-84D4-BB42-B5FE-B1B3A8EC8D74.root
%MSG-w XrdAdaptorInternal:  file_open 10-Jun-2024 20:36:57 CEST PostProcessEvent
Failed to open file at URL root://eoscms.cern.ch:1094//eos/cms/store/mc/RunIISummer20UL16MiniAODAPVv2/QCD_Pt_2400to3200_TuneCP5_13TeV_pythia8/MINIAODSIM/106X_mcRun2_asymptotic_preVFP_v11-v1/70000/E89068AD-84D4-BB42-B5FE-B1B3A8EC8D74.root.
%MSG
%MSG-w XrdAdaptorInternal:  file_open 10-Jun-2024 20:36:57 CEST PostProcessEvent
Failed to open file at URL root://eoscms.cern.ch:1094//eos/cms/store/mc/RunIISummer20UL16MiniAODAPVv2/QCD_Pt_2400to3200_TuneCP5_13TeV_pythia8/MINIAODSIM/106X_mcRun2_asymptotic_preVFP_v11-v1/70000/E89068AD-84D4-BB42-B5FE-B1B3A8EC8D74.root?tried=.
%MSG
10-Jun-2024 20:36:57 CEST  Fallback request to file root://xrootd-cms.infn.it//store/mc/RunIISummer20UL16MiniAODAPVv2/QCD_Pt_2400to3200_TuneCP5_13TeV_pythia8/MINIAODSIM/106X_mcRun2_asymptotic_preVFP_v11-v1/70000/E89068AD-84D4-BB42-B5FE-B1B3A8EC8D74.root
%MSG-w XrdAdaptor:  file_open 10-Jun-2024 20:37:12 CEST PostProcessEvent
Data is served from T2_US_Vanderbilt instead of original site T2_IT_Pisa
%MSG
10-Jun-2024 20:37:13 CEST  Successfully opened file root://xrootd-cms.infn.it//store/mc/RunIISummer20UL16MiniAODAPVv2/QCD_Pt_2400to3200_TuneCP5_13TeV_pythia8/MINIAODSIM/106X_mcRun2_asymptotic_preVFP_v11-v1/70000/E89068AD-84D4-BB42-B5FE-B1B3A8EC8D74.root
10-Jun-2024 20:37:26 CEST  Closed file root://xrootd-cms.infn.it//store/mc/RunIISummer20UL16MiniAODAPVv2/QCD_Pt_2400to3200_TuneCP5_13TeV_pythia8/MINIAODSIM/106X_mcRun2_asymptotic_preVFP_v11-v1/70000/E89068AD-84D4-BB42-B5FE-B1B3A8EC8D74.root
10-Jun-2024 20:37:26 CEST  Initiating request to open file root://eoscms.cern.ch//eos/cms/store/mc/RunIISummer20UL16MiniAODAPVv2/QCD_Pt_2400to3200_TuneCP5_13TeV_pythia8/MINIAODSIM/106X_mcRun2_asymptotic_preVFP_v11-v1/70000/C119F8E2-B4CB-0D46-811A-9B35D936B68B.root
%MSG-w XrdAdaptorInternal:  file_open 10-Jun-2024 20:37:27 CEST PostProcessEvent
Failed to open file at URL root://eoscms.cern.ch:1094//eos/cms/store/mc/RunIISummer20UL16MiniAODAPVv2/QCD_Pt_2400to3200_TuneCP5_13TeV_pythia8/MINIAODSIM/106X_mcRun2_asymptotic_preVFP_v11-v1/70000/C119F8E2-B4CB-0D46-811A-9B35D936B68B.root.
%MSG
%MSG-w XrdAdaptorInternal:  file_open 10-Jun-2024 20:37:27 CEST PostProcessEvent
Failed to open file at URL root://eoscms.cern.ch:1094//eos/cms/store/mc/RunIISummer20UL16MiniAODAPVv2/QCD_Pt_2400to3200_TuneCP5_13TeV_pythia8/MINIAODSIM/106X_mcRun2_asymptotic_preVFP_v11-v1/70000/C119F8E2-B4CB-0D46-811A-9B35D936B68B.root?tried=.
%MSG
10-Jun-2024 20:37:27 CEST  Fallback request to file root://xrootd-cms.infn.it//store/mc/RunIISummer20UL16MiniAODAPVv2/QCD_Pt_2400to3200_TuneCP5_13TeV_pythia8/MINIAODSIM/106X_mcRun2_asymptotic_preVFP_v11-v1/70000/C119F8E2-B4CB-0D46-811A-9B35D936B68B.root
%MSG-w XrdAdaptor:  file_open 10-Jun-2024 20:37:41 CEST PostProcessEvent
Data is served from T2_US_Vanderbilt instead of original site T2_IT_Pisa
%MSG
10-Jun-2024 20:37:42 CEST  Successfully opened file root://xrootd-cms.infn.it//store/mc/RunIISummer20UL16MiniAODAPVv2/QCD_Pt_2400to3200_TuneCP5_13TeV_pythia8/MINIAODSIM/106X_mcRun2_asymptotic_preVFP_v11-v1/70000/C119F8E2-B4CB-0D46-811A-9B35D936B68B.root
Begin processing the 500001st record. Run 1, Event 2654007, LumiSection 2655 on stream 0 at 10-Jun-2024 20:37:59.965 CEST
10-Jun-2024 20:38:00 CEST  Closed file root://xrootd-cms.infn.it//store/mc/RunIISummer20UL16MiniAODAPVv2/QCD_Pt_2400to3200_TuneCP5_13TeV_pythia8/MINIAODSIM/106X_mcRun2_asymptotic_preVFP_v11-v1/70000/C119F8E2-B4CB-0D46-811A-9B35D936B68B.root
10-Jun-2024 20:38:00 CEST  Initiating request to open file root://eoscms.cern.ch//eos/cms/store/mc/RunIISummer20UL16MiniAODAPVv2/QCD_Pt_2400to3200_TuneCP5_13TeV_pythia8/MINIAODSIM/106X_mcRun2_asymptotic_preVFP_v11-v1/70000/505878F5-B59C-F04B-870D-B50546CAAFF9.root
%MSG-w XrdAdaptorInternal:  file_open 10-Jun-2024 20:38:01 CEST PostProcessEvent
Failed to open file at URL root://eoscms.cern.ch:1094//eos/cms/store/mc/RunIISummer20UL16MiniAODAPVv2/QCD_Pt_2400to3200_TuneCP5_13TeV_pythia8/MINIAODSIM/106X_mcRun2_asymptotic_preVFP_v11-v1/70000/505878F5-B59C-F04B-870D-B50546CAAFF9.root.
%MSG
%MSG-w XrdAdaptorInternal:  file_open 10-Jun-2024 20:38:01 CEST PostProcessEvent
Failed to open file at URL root://eoscms.cern.ch:1094//eos/cms/store/mc/RunIISummer20UL16MiniAODAPVv2/QCD_Pt_2400to3200_TuneCP5_13TeV_pythia8/MINIAODSIM/106X_mcRun2_asymptotic_preVFP_v11-v1/70000/505878F5-B59C-F04B-870D-B50546CAAFF9.root?tried=.
%MSG
10-Jun-2024 20:38:01 CEST  Fallback request to file root://xrootd-cms.infn.it//store/mc/RunIISummer20UL16MiniAODAPVv2/QCD_Pt_2400to3200_TuneCP5_13TeV_pythia8/MINIAODSIM/106X_mcRun2_asymptotic_preVFP_v11-v1/70000/505878F5-B59C-F04B-870D-B50546CAAFF9.root
%MSG-w XrdAdaptor:  file_open 10-Jun-2024 20:38:14 CEST PostProcessEvent
Data is served from T2_US_Vanderbilt instead of original site T2_IT_Pisa
%MSG
10-Jun-2024 20:38:15 CEST  Successfully opened file root://xrootd-cms.infn.it//store/mc/RunIISummer20UL16MiniAODAPVv2/QCD_Pt_2400to3200_TuneCP5_13TeV_pythia8/MINIAODSIM/106X_mcRun2_asymptotic_preVFP_v11-v1/70000/505878F5-B59C-F04B-870D-B50546CAAFF9.root
10-Jun-2024 20:38:27 CEST  Closed file root://xrootd-cms.infn.it//store/mc/RunIISummer20UL16MiniAODAPVv2/QCD_Pt_2400to3200_TuneCP5_13TeV_pythia8/MINIAODSIM/106X_mcRun2_asymptotic_preVFP_v11-v1/70000/505878F5-B59C-F04B-870D-B50546CAAFF9.root
10-Jun-2024 20:38:27 CEST  Initiating request to open file root://eoscms.cern.ch//eos/cms/store/mc/RunIISummer20UL16MiniAODAPVv2/QCD_Pt_2400to3200_TuneCP5_13TeV_pythia8/MINIAODSIM/106X_mcRun2_asymptotic_preVFP_v11-v1/70000/57702351-893F-644D-9BC2-6929F75CDCA4.root
%MSG-w XrdAdaptorInternal:  file_open 10-Jun-2024 20:38:28 CEST PostProcessEvent
Failed to open file at URL root://eoscms.cern.ch:1094//eos/cms/store/mc/RunIISummer20UL16MiniAODAPVv2/QCD_Pt_2400to3200_TuneCP5_13TeV_pythia8/MINIAODSIM/106X_mcRun2_asymptotic_preVFP_v11-v1/70000/57702351-893F-644D-9BC2-6929F75CDCA4.root.
%MSG
%MSG-w XrdAdaptorInternal:  file_open 10-Jun-2024 20:38:28 CEST PostProcessEvent
Failed to open file at URL root://eoscms.cern.ch:1094//eos/cms/store/mc/RunIISummer20UL16MiniAODAPVv2/QCD_Pt_2400to3200_TuneCP5_13TeV_pythia8/MINIAODSIM/106X_mcRun2_asymptotic_preVFP_v11-v1/70000/57702351-893F-644D-9BC2-6929F75CDCA4.root?tried=.
%MSG
10-Jun-2024 20:38:28 CEST  Fallback request to file root://xrootd-cms.infn.it//store/mc/RunIISummer20UL16MiniAODAPVv2/QCD_Pt_2400to3200_TuneCP5_13TeV_pythia8/MINIAODSIM/106X_mcRun2_asymptotic_preVFP_v11-v1/70000/57702351-893F-644D-9BC2-6929F75CDCA4.root
%MSG-w XrdAdaptor:  file_open 10-Jun-2024 20:38:41 CEST PostProcessEvent
Data is served from T2_US_Vanderbilt instead of original site T2_IT_Pisa
%MSG
10-Jun-2024 20:38:42 CEST  Successfully opened file root://xrootd-cms.infn.it//store/mc/RunIISummer20UL16MiniAODAPVv2/QCD_Pt_2400to3200_TuneCP5_13TeV_pythia8/MINIAODSIM/106X_mcRun2_asymptotic_preVFP_v11-v1/70000/57702351-893F-644D-9BC2-6929F75CDCA4.root
10-Jun-2024 20:38:55 CEST  Closed file root://xrootd-cms.infn.it//store/mc/RunIISummer20UL16MiniAODAPVv2/QCD_Pt_2400to3200_TuneCP5_13TeV_pythia8/MINIAODSIM/106X_mcRun2_asymptotic_preVFP_v11-v1/70000/57702351-893F-644D-9BC2-6929F75CDCA4.root
10-Jun-2024 20:38:55 CEST  Initiating request to open file root://eoscms.cern.ch//eos/cms/store/mc/RunIISummer20UL16MiniAODAPVv2/QCD_Pt_2400to3200_TuneCP5_13TeV_pythia8/MINIAODSIM/106X_mcRun2_asymptotic_preVFP_v11-v1/70000/E30F28BB-C80F-8644-B9E7-A7EE15A8A72E.root
%MSG-w XrdAdaptorInternal:  file_open 10-Jun-2024 20:38:56 CEST PostProcessEvent
Failed to open file at URL root://eoscms.cern.ch:1094//eos/cms/store/mc/RunIISummer20UL16MiniAODAPVv2/QCD_Pt_2400to3200_TuneCP5_13TeV_pythia8/MINIAODSIM/106X_mcRun2_asymptotic_preVFP_v11-v1/70000/E30F28BB-C80F-8644-B9E7-A7EE15A8A72E.root.
%MSG
%MSG-w XrdAdaptorInternal:  file_open 10-Jun-2024 20:38:56 CEST PostProcessEvent
Failed to open file at URL root://eoscms.cern.ch:1094//eos/cms/store/mc/RunIISummer20UL16MiniAODAPVv2/QCD_Pt_2400to3200_TuneCP5_13TeV_pythia8/MINIAODSIM/106X_mcRun2_asymptotic_preVFP_v11-v1/70000/E30F28BB-C80F-8644-B9E7-A7EE15A8A72E.root?tried=.
%MSG
10-Jun-2024 20:38:56 CEST  Fallback request to file root://xrootd-cms.infn.it//store/mc/RunIISummer20UL16MiniAODAPVv2/QCD_Pt_2400to3200_TuneCP5_13TeV_pythia8/MINIAODSIM/106X_mcRun2_asymptotic_preVFP_v11-v1/70000/E30F28BB-C80F-8644-B9E7-A7EE15A8A72E.root
%MSG-w XrdAdaptor:  file_open 10-Jun-2024 20:39:08 CEST PostProcessEvent
Data is served from T2_US_Vanderbilt instead of original site T2_IT_Pisa
%MSG
10-Jun-2024 20:39:09 CEST  Successfully opened file root://xrootd-cms.infn.it//store/mc/RunIISummer20UL16MiniAODAPVv2/QCD_Pt_2400to3200_TuneCP5_13TeV_pythia8/MINIAODSIM/106X_mcRun2_asymptotic_preVFP_v11-v1/70000/E30F28BB-C80F-8644-B9E7-A7EE15A8A72E.root
Begin processing the 600001st record. Run 1, Event 2005011, LumiSection 2006 on stream 0 at 10-Jun-2024 20:39:22.050 CEST
10-Jun-2024 20:39:22 CEST  Closed file root://xrootd-cms.infn.it//store/mc/RunIISummer20UL16MiniAODAPVv2/QCD_Pt_2400to3200_TuneCP5_13TeV_pythia8/MINIAODSIM/106X_mcRun2_asymptotic_preVFP_v11-v1/70000/E30F28BB-C80F-8644-B9E7-A7EE15A8A72E.root
10-Jun-2024 20:39:22 CEST  Initiating request to open file root://eoscms.cern.ch//eos/cms/store/mc/RunIISummer20UL16MiniAODAPVv2/QCD_Pt_2400to3200_TuneCP5_13TeV_pythia8/MINIAODSIM/106X_mcRun2_asymptotic_preVFP_v11-v1/70000/F715E517-6035-C040-BB88-943935B054EB.root
%MSG-w XrdAdaptorInternal:  file_open 10-Jun-2024 20:39:23 CEST PostProcessEvent
Failed to open file at URL root://eoscms.cern.ch:1094//eos/cms/store/mc/RunIISummer20UL16MiniAODAPVv2/QCD_Pt_2400to3200_TuneCP5_13TeV_pythia8/MINIAODSIM/106X_mcRun2_asymptotic_preVFP_v11-v1/70000/F715E517-6035-C040-BB88-943935B054EB.root.
%MSG
%MSG-w XrdAdaptorInternal:  file_open 10-Jun-2024 20:39:23 CEST PostProcessEvent
Failed to open file at URL root://eoscms.cern.ch:1094//eos/cms/store/mc/RunIISummer20UL16MiniAODAPVv2/QCD_Pt_2400to3200_TuneCP5_13TeV_pythia8/MINIAODSIM/106X_mcRun2_asymptotic_preVFP_v11-v1/70000/F715E517-6035-C040-BB88-943935B054EB.root?tried=.
%MSG
10-Jun-2024 20:39:23 CEST  Fallback request to file root://xrootd-cms.infn.it//store/mc/RunIISummer20UL16MiniAODAPVv2/QCD_Pt_2400to3200_TuneCP5_13TeV_pythia8/MINIAODSIM/106X_mcRun2_asymptotic_preVFP_v11-v1/70000/F715E517-6035-C040-BB88-943935B054EB.root
%MSG-w XrdAdaptor:  file_open 10-Jun-2024 20:39:36 CEST PostProcessEvent
Data is served from T2_US_Vanderbilt instead of original site T2_IT_Pisa
%MSG
10-Jun-2024 20:39:37 CEST  Successfully opened file root://xrootd-cms.infn.it//store/mc/RunIISummer20UL16MiniAODAPVv2/QCD_Pt_2400to3200_TuneCP5_13TeV_pythia8/MINIAODSIM/106X_mcRun2_asymptotic_preVFP_v11-v1/70000/F715E517-6035-C040-BB88-943935B054EB.root
10-Jun-2024 20:39:49 CEST  Closed file root://xrootd-cms.infn.it//store/mc/RunIISummer20UL16MiniAODAPVv2/QCD_Pt_2400to3200_TuneCP5_13TeV_pythia8/MINIAODSIM/106X_mcRun2_asymptotic_preVFP_v11-v1/70000/F715E517-6035-C040-BB88-943935B054EB.root
10-Jun-2024 20:39:49 CEST  Initiating request to open file root://eoscms.cern.ch//eos/cms/store/mc/RunIISummer20UL16MiniAODAPVv2/QCD_Pt_2400to3200_TuneCP5_13TeV_pythia8/MINIAODSIM/106X_mcRun2_asymptotic_preVFP_v11-v1/70000/989F13B1-651D-4E40-B229-E723D13D869B.root
%MSG-w XrdAdaptorInternal:  file_open 10-Jun-2024 20:39:50 CEST PostProcessEvent
Failed to open file at URL root://eoscms.cern.ch:1094//eos/cms/store/mc/RunIISummer20UL16MiniAODAPVv2/QCD_Pt_2400to3200_TuneCP5_13TeV_pythia8/MINIAODSIM/106X_mcRun2_asymptotic_preVFP_v11-v1/70000/989F13B1-651D-4E40-B229-E723D13D869B.root.
%MSG
%MSG-w XrdAdaptorInternal:  file_open 10-Jun-2024 20:39:50 CEST PostProcessEvent
Failed to open file at URL root://eoscms.cern.ch:1094//eos/cms/store/mc/RunIISummer20UL16MiniAODAPVv2/QCD_Pt_2400to3200_TuneCP5_13TeV_pythia8/MINIAODSIM/106X_mcRun2_asymptotic_preVFP_v11-v1/70000/989F13B1-651D-4E40-B229-E723D13D869B.root?tried=.
%MSG
10-Jun-2024 20:39:50 CEST  Fallback request to file root://xrootd-cms.infn.it//store/mc/RunIISummer20UL16MiniAODAPVv2/QCD_Pt_2400to3200_TuneCP5_13TeV_pythia8/MINIAODSIM/106X_mcRun2_asymptotic_preVFP_v11-v1/70000/989F13B1-651D-4E40-B229-E723D13D869B.root
%MSG-w XrdAdaptor:  file_open 10-Jun-2024 20:40:02 CEST PostProcessEvent
Data is served from T2_US_Vanderbilt instead of original site T2_IT_Pisa
%MSG
10-Jun-2024 20:40:03 CEST  Successfully opened file root://xrootd-cms.infn.it//store/mc/RunIISummer20UL16MiniAODAPVv2/QCD_Pt_2400to3200_TuneCP5_13TeV_pythia8/MINIAODSIM/106X_mcRun2_asymptotic_preVFP_v11-v1/70000/989F13B1-651D-4E40-B229-E723D13D869B.root
10-Jun-2024 20:40:21 CEST  Closed file root://xrootd-cms.infn.it//store/mc/RunIISummer20UL16MiniAODAPVv2/QCD_Pt_2400to3200_TuneCP5_13TeV_pythia8/MINIAODSIM/106X_mcRun2_asymptotic_preVFP_v11-v1/70000/989F13B1-651D-4E40-B229-E723D13D869B.root
10-Jun-2024 20:40:21 CEST  Initiating request to open file root://eoscms.cern.ch//eos/cms/store/mc/RunIISummer20UL16MiniAODAPVv2/QCD_Pt_2400to3200_TuneCP5_13TeV_pythia8/MINIAODSIM/106X_mcRun2_asymptotic_preVFP_v11-v1/70000/7C0F95E4-3086-D947-A581-DB8399739A21.root
%MSG-w XrdAdaptorInternal:  file_open 10-Jun-2024 20:40:22 CEST PostProcessEvent
Failed to open file at URL root://eoscms.cern.ch:1094//eos/cms/store/mc/RunIISummer20UL16MiniAODAPVv2/QCD_Pt_2400to3200_TuneCP5_13TeV_pythia8/MINIAODSIM/106X_mcRun2_asymptotic_preVFP_v11-v1/70000/7C0F95E4-3086-D947-A581-DB8399739A21.root.
%MSG
%MSG-w XrdAdaptorInternal:  file_open 10-Jun-2024 20:40:22 CEST PostProcessEvent
Failed to open file at URL root://eoscms.cern.ch:1094//eos/cms/store/mc/RunIISummer20UL16MiniAODAPVv2/QCD_Pt_2400to3200_TuneCP5_13TeV_pythia8/MINIAODSIM/106X_mcRun2_asymptotic_preVFP_v11-v1/70000/7C0F95E4-3086-D947-A581-DB8399739A21.root?tried=.
%MSG
10-Jun-2024 20:40:22 CEST  Fallback request to file root://xrootd-cms.infn.it//store/mc/RunIISummer20UL16MiniAODAPVv2/QCD_Pt_2400to3200_TuneCP5_13TeV_pythia8/MINIAODSIM/106X_mcRun2_asymptotic_preVFP_v11-v1/70000/7C0F95E4-3086-D947-A581-DB8399739A21.root
%MSG-w XrdAdaptor:  file_open 10-Jun-2024 20:40:35 CEST PostProcessEvent
Data is served from T2_US_Vanderbilt instead of original site T2_IT_Pisa
%MSG
10-Jun-2024 20:40:37 CEST  Successfully opened file root://xrootd-cms.infn.it//store/mc/RunIISummer20UL16MiniAODAPVv2/QCD_Pt_2400to3200_TuneCP5_13TeV_pythia8/MINIAODSIM/106X_mcRun2_asymptotic_preVFP_v11-v1/70000/7C0F95E4-3086-D947-A581-DB8399739A21.root
Begin processing the 700001st record. Run 1, Event 2253012, LumiSection 2254 on stream 0 at 10-Jun-2024 20:40:46.902 CEST
10-Jun-2024 20:41:01 CEST  Closed file root://xrootd-cms.infn.it//store/mc/RunIISummer20UL16MiniAODAPVv2/QCD_Pt_2400to3200_TuneCP5_13TeV_pythia8/MINIAODSIM/106X_mcRun2_asymptotic_preVFP_v11-v1/70000/7C0F95E4-3086-D947-A581-DB8399739A21.root
10-Jun-2024 20:41:01 CEST  Initiating request to open file root://eoscms.cern.ch//eos/cms/store/mc/RunIISummer20UL16MiniAODAPVv2/QCD_Pt_2400to3200_TuneCP5_13TeV_pythia8/MINIAODSIM/106X_mcRun2_asymptotic_preVFP_v11-v1/70000/DD75BB6B-1040-A34B-8D40-8667C56DD0F5.root
%MSG-w XrdAdaptorInternal:  file_open 10-Jun-2024 20:41:02 CEST PostProcessEvent
Failed to open file at URL root://eoscms.cern.ch:1094//eos/cms/store/mc/RunIISummer20UL16MiniAODAPVv2/QCD_Pt_2400to3200_TuneCP5_13TeV_pythia8/MINIAODSIM/106X_mcRun2_asymptotic_preVFP_v11-v1/70000/DD75BB6B-1040-A34B-8D40-8667C56DD0F5.root.
%MSG
%MSG-w XrdAdaptorInternal:  file_open 10-Jun-2024 20:41:02 CEST PostProcessEvent
Failed to open file at URL root://eoscms.cern.ch:1094//eos/cms/store/mc/RunIISummer20UL16MiniAODAPVv2/QCD_Pt_2400to3200_TuneCP5_13TeV_pythia8/MINIAODSIM/106X_mcRun2_asymptotic_preVFP_v11-v1/70000/DD75BB6B-1040-A34B-8D40-8667C56DD0F5.root?tried=.
%MSG
10-Jun-2024 20:41:02 CEST  Fallback request to file root://xrootd-cms.infn.it//store/mc/RunIISummer20UL16MiniAODAPVv2/QCD_Pt_2400to3200_TuneCP5_13TeV_pythia8/MINIAODSIM/106X_mcRun2_asymptotic_preVFP_v11-v1/70000/DD75BB6B-1040-A34B-8D40-8667C56DD0F5.root
%MSG-w XrdAdaptor:  file_open 10-Jun-2024 20:41:15 CEST PostProcessEvent
Data is served from T2_US_Vanderbilt instead of original site T2_IT_Pisa
%MSG
10-Jun-2024 20:41:16 CEST  Successfully opened file root://xrootd-cms.infn.it//store/mc/RunIISummer20UL16MiniAODAPVv2/QCD_Pt_2400to3200_TuneCP5_13TeV_pythia8/MINIAODSIM/106X_mcRun2_asymptotic_preVFP_v11-v1/70000/DD75BB6B-1040-A34B-8D40-8667C56DD0F5.root
10-Jun-2024 20:41:36 CEST  Closed file root://xrootd-cms.infn.it//store/mc/RunIISummer20UL16MiniAODAPVv2/QCD_Pt_2400to3200_TuneCP5_13TeV_pythia8/MINIAODSIM/106X_mcRun2_asymptotic_preVFP_v11-v1/70000/DD75BB6B-1040-A34B-8D40-8667C56DD0F5.root
10-Jun-2024 20:41:36 CEST  Initiating request to open file root://eoscms.cern.ch//eos/cms/store/mc/RunIISummer20UL16MiniAODAPVv2/QCD_Pt_2400to3200_TuneCP5_13TeV_pythia8/MINIAODSIM/106X_mcRun2_asymptotic_preVFP_v11-v1/70000/5A8FFC61-C76F-A741-A0B7-A256E8BE2240.root
%MSG-w XrdAdaptorInternal:  file_open 10-Jun-2024 20:41:37 CEST PostProcessEvent
Failed to open file at URL root://eoscms.cern.ch:1094//eos/cms/store/mc/RunIISummer20UL16MiniAODAPVv2/QCD_Pt_2400to3200_TuneCP5_13TeV_pythia8/MINIAODSIM/106X_mcRun2_asymptotic_preVFP_v11-v1/70000/5A8FFC61-C76F-A741-A0B7-A256E8BE2240.root.
%MSG
%MSG-w XrdAdaptorInternal:  file_open 10-Jun-2024 20:41:37 CEST PostProcessEvent
Failed to open file at URL root://eoscms.cern.ch:1094//eos/cms/store/mc/RunIISummer20UL16MiniAODAPVv2/QCD_Pt_2400to3200_TuneCP5_13TeV_pythia8/MINIAODSIM/106X_mcRun2_asymptotic_preVFP_v11-v1/70000/5A8FFC61-C76F-A741-A0B7-A256E8BE2240.root?tried=.
%MSG
10-Jun-2024 20:41:37 CEST  Fallback request to file root://xrootd-cms.infn.it//store/mc/RunIISummer20UL16MiniAODAPVv2/QCD_Pt_2400to3200_TuneCP5_13TeV_pythia8/MINIAODSIM/106X_mcRun2_asymptotic_preVFP_v11-v1/70000/5A8FFC61-C76F-A741-A0B7-A256E8BE2240.root
%MSG-w XrdAdaptor:  file_open 10-Jun-2024 20:41:50 CEST PostProcessEvent
Data is served from T2_US_Vanderbilt instead of original site T2_IT_Pisa
%MSG
10-Jun-2024 20:41:55 CEST  Successfully opened file root://xrootd-cms.infn.it//store/mc/RunIISummer20UL16MiniAODAPVv2/QCD_Pt_2400to3200_TuneCP5_13TeV_pythia8/MINIAODSIM/106X_mcRun2_asymptotic_preVFP_v11-v1/70000/5A8FFC61-C76F-A741-A0B7-A256E8BE2240.root
10-Jun-2024 20:42:04 CEST  Closed file root://xrootd-cms.infn.it//store/mc/RunIISummer20UL16MiniAODAPVv2/QCD_Pt_2400to3200_TuneCP5_13TeV_pythia8/MINIAODSIM/106X_mcRun2_asymptotic_preVFP_v11-v1/70000/5A8FFC61-C76F-A741-A0B7-A256E8BE2240.root
10-Jun-2024 20:42:04 CEST  Initiating request to open file root://eoscms.cern.ch//eos/cms/store/mc/RunIISummer20UL16MiniAODAPVv2/QCD_Pt_2400to3200_TuneCP5_13TeV_pythia8/MINIAODSIM/106X_mcRun2_asymptotic_preVFP_v11-v1/280000/5D7BFC50-1518-FE4D-9506-97E5B4CC2396.root
%MSG-w XrdAdaptorInternal:  file_open 10-Jun-2024 20:42:05 CEST PostProcessEvent
Failed to open file at URL root://eoscms.cern.ch:1094//eos/cms/store/mc/RunIISummer20UL16MiniAODAPVv2/QCD_Pt_2400to3200_TuneCP5_13TeV_pythia8/MINIAODSIM/106X_mcRun2_asymptotic_preVFP_v11-v1/280000/5D7BFC50-1518-FE4D-9506-97E5B4CC2396.root.
%MSG
%MSG-w XrdAdaptorInternal:  file_open 10-Jun-2024 20:42:05 CEST PostProcessEvent
Failed to open file at URL root://eoscms.cern.ch:1094//eos/cms/store/mc/RunIISummer20UL16MiniAODAPVv2/QCD_Pt_2400to3200_TuneCP5_13TeV_pythia8/MINIAODSIM/106X_mcRun2_asymptotic_preVFP_v11-v1/280000/5D7BFC50-1518-FE4D-9506-97E5B4CC2396.root?tried=.
%MSG
10-Jun-2024 20:42:05 CEST  Fallback request to file root://xrootd-cms.infn.it//store/mc/RunIISummer20UL16MiniAODAPVv2/QCD_Pt_2400to3200_TuneCP5_13TeV_pythia8/MINIAODSIM/106X_mcRun2_asymptotic_preVFP_v11-v1/280000/5D7BFC50-1518-FE4D-9506-97E5B4CC2396.root
Unable to load sec.protocol plugin libXrdSecztn.so
%MSG-w XrdAdaptor:  file_open 10-Jun-2024 20:42:19 CEST PostProcessEvent
Data is served from fnal.gov instead of original site T2_IT_Pisa
%MSG
10-Jun-2024 20:42:20 CEST  Successfully opened file root://xrootd-cms.infn.it//store/mc/RunIISummer20UL16MiniAODAPVv2/QCD_Pt_2400to3200_TuneCP5_13TeV_pythia8/MINIAODSIM/106X_mcRun2_asymptotic_preVFP_v11-v1/280000/5D7BFC50-1518-FE4D-9506-97E5B4CC2396.root
Unable to load sec.protocol plugin libXrdSecztn.so
Begin processing the 800001st record. Run 1, Event 549005, LumiSection 550 on stream 0 at 10-Jun-2024 20:42:30.227 CEST
10-Jun-2024 20:42:30 CEST  Closed file root://xrootd-cms.infn.it//store/mc/RunIISummer20UL16MiniAODAPVv2/QCD_Pt_2400to3200_TuneCP5_13TeV_pythia8/MINIAODSIM/106X_mcRun2_asymptotic_preVFP_v11-v1/280000/5D7BFC50-1518-FE4D-9506-97E5B4CC2396.root
10-Jun-2024 20:42:30 CEST  Initiating request to open file root://eoscms.cern.ch//eos/cms/store/mc/RunIISummer20UL16MiniAODAPVv2/QCD_Pt_2400to3200_TuneCP5_13TeV_pythia8/MINIAODSIM/106X_mcRun2_asymptotic_preVFP_v11-v1/280000/17B266A0-45DC-B24C-B8DA-EF7A242C4BEC.root
%MSG-w XrdAdaptorInternal:  file_open 10-Jun-2024 20:42:31 CEST PostProcessEvent
Failed to open file at URL root://eoscms.cern.ch:1094//eos/cms/store/mc/RunIISummer20UL16MiniAODAPVv2/QCD_Pt_2400to3200_TuneCP5_13TeV_pythia8/MINIAODSIM/106X_mcRun2_asymptotic_preVFP_v11-v1/280000/17B266A0-45DC-B24C-B8DA-EF7A242C4BEC.root.
%MSG
%MSG-w XrdAdaptorInternal:  file_open 10-Jun-2024 20:42:31 CEST PostProcessEvent
Failed to open file at URL root://eoscms.cern.ch:1094//eos/cms/store/mc/RunIISummer20UL16MiniAODAPVv2/QCD_Pt_2400to3200_TuneCP5_13TeV_pythia8/MINIAODSIM/106X_mcRun2_asymptotic_preVFP_v11-v1/280000/17B266A0-45DC-B24C-B8DA-EF7A242C4BEC.root?tried=.
%MSG
10-Jun-2024 20:42:31 CEST  Fallback request to file root://xrootd-cms.infn.it//store/mc/RunIISummer20UL16MiniAODAPVv2/QCD_Pt_2400to3200_TuneCP5_13TeV_pythia8/MINIAODSIM/106X_mcRun2_asymptotic_preVFP_v11-v1/280000/17B266A0-45DC-B24C-B8DA-EF7A242C4BEC.root
%MSG-w XrdAdaptor:  file_open 10-Jun-2024 20:42:44 CEST PostProcessEvent
Data is served from fnal.gov instead of original site T2_IT_Pisa
%MSG
10-Jun-2024 20:42:44 CEST  Successfully opened file root://xrootd-cms.infn.it//store/mc/RunIISummer20UL16MiniAODAPVv2/QCD_Pt_2400to3200_TuneCP5_13TeV_pythia8/MINIAODSIM/106X_mcRun2_asymptotic_preVFP_v11-v1/280000/17B266A0-45DC-B24C-B8DA-EF7A242C4BEC.root
10-Jun-2024 20:42:52 CEST  Closed file root://xrootd-cms.infn.it//store/mc/RunIISummer20UL16MiniAODAPVv2/QCD_Pt_2400to3200_TuneCP5_13TeV_pythia8/MINIAODSIM/106X_mcRun2_asymptotic_preVFP_v11-v1/280000/17B266A0-45DC-B24C-B8DA-EF7A242C4BEC.root
10-Jun-2024 20:42:52 CEST  Initiating request to open file root://eoscms.cern.ch//eos/cms/store/mc/RunIISummer20UL16MiniAODAPVv2/QCD_Pt_2400to3200_TuneCP5_13TeV_pythia8/MINIAODSIM/106X_mcRun2_asymptotic_preVFP_v11-v1/280000/4D9849E3-C8AF-5440-BBAD-B97349BD2954.root
%MSG-w XrdAdaptorInternal:  file_open 10-Jun-2024 20:42:53 CEST PostProcessEvent
Failed to open file at URL root://eoscms.cern.ch:1094//eos/cms/store/mc/RunIISummer20UL16MiniAODAPVv2/QCD_Pt_2400to3200_TuneCP5_13TeV_pythia8/MINIAODSIM/106X_mcRun2_asymptotic_preVFP_v11-v1/280000/4D9849E3-C8AF-5440-BBAD-B97349BD2954.root.
%MSG
%MSG-w XrdAdaptorInternal:  file_open 10-Jun-2024 20:42:53 CEST PostProcessEvent
Failed to open file at URL root://eoscms.cern.ch:1094//eos/cms/store/mc/RunIISummer20UL16MiniAODAPVv2/QCD_Pt_2400to3200_TuneCP5_13TeV_pythia8/MINIAODSIM/106X_mcRun2_asymptotic_preVFP_v11-v1/280000/4D9849E3-C8AF-5440-BBAD-B97349BD2954.root?tried=.
%MSG
10-Jun-2024 20:42:53 CEST  Fallback request to file root://xrootd-cms.infn.it//store/mc/RunIISummer20UL16MiniAODAPVv2/QCD_Pt_2400to3200_TuneCP5_13TeV_pythia8/MINIAODSIM/106X_mcRun2_asymptotic_preVFP_v11-v1/280000/4D9849E3-C8AF-5440-BBAD-B97349BD2954.root
%MSG-w XrdAdaptor:  file_open 10-Jun-2024 20:43:06 CEST PostProcessEvent
Data is served from fnal.gov instead of original site T2_IT_Pisa
%MSG
10-Jun-2024 20:43:06 CEST  Successfully opened file root://xrootd-cms.infn.it//store/mc/RunIISummer20UL16MiniAODAPVv2/QCD_Pt_2400to3200_TuneCP5_13TeV_pythia8/MINIAODSIM/106X_mcRun2_asymptotic_preVFP_v11-v1/280000/4D9849E3-C8AF-5440-BBAD-B97349BD2954.root
10-Jun-2024 20:43:17 CEST  Closed file root://xrootd-cms.infn.it//store/mc/RunIISummer20UL16MiniAODAPVv2/QCD_Pt_2400to3200_TuneCP5_13TeV_pythia8/MINIAODSIM/106X_mcRun2_asymptotic_preVFP_v11-v1/280000/4D9849E3-C8AF-5440-BBAD-B97349BD2954.root
10-Jun-2024 20:43:17 CEST  Initiating request to open file root://eoscms.cern.ch//eos/cms/store/mc/RunIISummer20UL16MiniAODAPVv2/QCD_Pt_2400to3200_TuneCP5_13TeV_pythia8/MINIAODSIM/106X_mcRun2_asymptotic_preVFP_v11-v1/280000/6CA140F6-3FCB-5D4A-90AD-35ECE476BEBE.root
%MSG-w XrdAdaptorInternal:  file_open 10-Jun-2024 20:43:18 CEST PostProcessEvent
Failed to open file at URL root://eoscms.cern.ch:1094//eos/cms/store/mc/RunIISummer20UL16MiniAODAPVv2/QCD_Pt_2400to3200_TuneCP5_13TeV_pythia8/MINIAODSIM/106X_mcRun2_asymptotic_preVFP_v11-v1/280000/6CA140F6-3FCB-5D4A-90AD-35ECE476BEBE.root.
%MSG
%MSG-w XrdAdaptorInternal:  file_open 10-Jun-2024 20:43:18 CEST PostProcessEvent
Failed to open file at URL root://eoscms.cern.ch:1094//eos/cms/store/mc/RunIISummer20UL16MiniAODAPVv2/QCD_Pt_2400to3200_TuneCP5_13TeV_pythia8/MINIAODSIM/106X_mcRun2_asymptotic_preVFP_v11-v1/280000/6CA140F6-3FCB-5D4A-90AD-35ECE476BEBE.root?tried=.
%MSG
10-Jun-2024 20:43:18 CEST  Fallback request to file root://xrootd-cms.infn.it//store/mc/RunIISummer20UL16MiniAODAPVv2/QCD_Pt_2400to3200_TuneCP5_13TeV_pythia8/MINIAODSIM/106X_mcRun2_asymptotic_preVFP_v11-v1/280000/6CA140F6-3FCB-5D4A-90AD-35ECE476BEBE.root
Unable to load sec.protocol plugin libXrdSecztn.so
%MSG-w XrdAdaptor:  file_open 10-Jun-2024 20:43:32 CEST PostProcessEvent
Data is served from fnal.gov instead of original site T2_IT_Pisa
%MSG
10-Jun-2024 20:43:33 CEST  Successfully opened file root://xrootd-cms.infn.it//store/mc/RunIISummer20UL16MiniAODAPVv2/QCD_Pt_2400to3200_TuneCP5_13TeV_pythia8/MINIAODSIM/106X_mcRun2_asymptotic_preVFP_v11-v1/280000/6CA140F6-3FCB-5D4A-90AD-35ECE476BEBE.root
Begin processing the 900001st record. Run 1, Event 139008, LumiSection 140 on stream 0 at 10-Jun-2024 20:43:42.514 CEST
10-Jun-2024 20:43:42 CEST  Closed file root://xrootd-cms.infn.it//store/mc/RunIISummer20UL16MiniAODAPVv2/QCD_Pt_2400to3200_TuneCP5_13TeV_pythia8/MINIAODSIM/106X_mcRun2_asymptotic_preVFP_v11-v1/280000/6CA140F6-3FCB-5D4A-90AD-35ECE476BEBE.root
10-Jun-2024 20:43:42 CEST  Initiating request to open file root://eoscms.cern.ch//eos/cms/store/mc/RunIISummer20UL16MiniAODAPVv2/QCD_Pt_2400to3200_TuneCP5_13TeV_pythia8/MINIAODSIM/106X_mcRun2_asymptotic_preVFP_v11-v1/280000/9BFBB109-080B-CE4C-827A-FDA8966B270C.root
%MSG-w XrdAdaptorInternal:  file_open 10-Jun-2024 20:43:43 CEST PostProcessEvent
Failed to open file at URL root://eoscms.cern.ch:1094//eos/cms/store/mc/RunIISummer20UL16MiniAODAPVv2/QCD_Pt_2400to3200_TuneCP5_13TeV_pythia8/MINIAODSIM/106X_mcRun2_asymptotic_preVFP_v11-v1/280000/9BFBB109-080B-CE4C-827A-FDA8966B270C.root.
%MSG
%MSG-w XrdAdaptorInternal:  file_open 10-Jun-2024 20:43:43 CEST PostProcessEvent
Failed to open file at URL root://eoscms.cern.ch:1094//eos/cms/store/mc/RunIISummer20UL16MiniAODAPVv2/QCD_Pt_2400to3200_TuneCP5_13TeV_pythia8/MINIAODSIM/106X_mcRun2_asymptotic_preVFP_v11-v1/280000/9BFBB109-080B-CE4C-827A-FDA8966B270C.root?tried=.
%MSG
10-Jun-2024 20:43:43 CEST  Fallback request to file root://xrootd-cms.infn.it//store/mc/RunIISummer20UL16MiniAODAPVv2/QCD_Pt_2400to3200_TuneCP5_13TeV_pythia8/MINIAODSIM/106X_mcRun2_asymptotic_preVFP_v11-v1/280000/9BFBB109-080B-CE4C-827A-FDA8966B270C.root
%MSG-w XrdAdaptor:  file_open 10-Jun-2024 20:43:56 CEST PostProcessEvent
Data is served from fnal.gov instead of original site T2_IT_Pisa
%MSG
10-Jun-2024 20:43:56 CEST  Successfully opened file root://xrootd-cms.infn.it//store/mc/RunIISummer20UL16MiniAODAPVv2/QCD_Pt_2400to3200_TuneCP5_13TeV_pythia8/MINIAODSIM/106X_mcRun2_asymptotic_preVFP_v11-v1/280000/9BFBB109-080B-CE4C-827A-FDA8966B270C.root
10-Jun-2024 20:44:03 CEST  Closed file root://xrootd-cms.infn.it//store/mc/RunIISummer20UL16MiniAODAPVv2/QCD_Pt_2400to3200_TuneCP5_13TeV_pythia8/MINIAODSIM/106X_mcRun2_asymptotic_preVFP_v11-v1/280000/9BFBB109-080B-CE4C-827A-FDA8966B270C.root
10-Jun-2024 20:44:03 CEST  Initiating request to open file root://eoscms.cern.ch//eos/cms/store/mc/RunIISummer20UL16MiniAODAPVv2/QCD_Pt_2400to3200_TuneCP5_13TeV_pythia8/MINIAODSIM/106X_mcRun2_asymptotic_preVFP_v11-v1/280000/DFC2A322-E450-9743-A6F0-55FB102F9680.root
%MSG-w XrdAdaptorInternal:  file_open 10-Jun-2024 20:44:04 CEST PostProcessEvent
Failed to open file at URL root://eoscms.cern.ch:1094//eos/cms/store/mc/RunIISummer20UL16MiniAODAPVv2/QCD_Pt_2400to3200_TuneCP5_13TeV_pythia8/MINIAODSIM/106X_mcRun2_asymptotic_preVFP_v11-v1/280000/DFC2A322-E450-9743-A6F0-55FB102F9680.root.
%MSG
%MSG-w XrdAdaptorInternal:  file_open 10-Jun-2024 20:44:04 CEST PostProcessEvent
Failed to open file at URL root://eoscms.cern.ch:1094//eos/cms/store/mc/RunIISummer20UL16MiniAODAPVv2/QCD_Pt_2400to3200_TuneCP5_13TeV_pythia8/MINIAODSIM/106X_mcRun2_asymptotic_preVFP_v11-v1/280000/DFC2A322-E450-9743-A6F0-55FB102F9680.root?tried=.
%MSG
10-Jun-2024 20:44:04 CEST  Fallback request to file root://xrootd-cms.infn.it//store/mc/RunIISummer20UL16MiniAODAPVv2/QCD_Pt_2400to3200_TuneCP5_13TeV_pythia8/MINIAODSIM/106X_mcRun2_asymptotic_preVFP_v11-v1/280000/DFC2A322-E450-9743-A6F0-55FB102F9680.root
%MSG-w XrdAdaptor:  file_open 10-Jun-2024 20:44:17 CEST PostProcessEvent
Data is served from fnal.gov instead of original site T2_IT_Pisa
%MSG
10-Jun-2024 20:44:17 CEST  Successfully opened file root://xrootd-cms.infn.it//store/mc/RunIISummer20UL16MiniAODAPVv2/QCD_Pt_2400to3200_TuneCP5_13TeV_pythia8/MINIAODSIM/106X_mcRun2_asymptotic_preVFP_v11-v1/280000/DFC2A322-E450-9743-A6F0-55FB102F9680.root
10-Jun-2024 20:44:24 CEST  Closed file root://xrootd-cms.infn.it//store/mc/RunIISummer20UL16MiniAODAPVv2/QCD_Pt_2400to3200_TuneCP5_13TeV_pythia8/MINIAODSIM/106X_mcRun2_asymptotic_preVFP_v11-v1/280000/DFC2A322-E450-9743-A6F0-55FB102F9680.root
10-Jun-2024 20:44:24 CEST  Initiating request to open file root://eoscms.cern.ch//eos/cms/store/mc/RunIISummer20UL16MiniAODAPVv2/QCD_Pt_2400to3200_TuneCP5_13TeV_pythia8/MINIAODSIM/106X_mcRun2_asymptotic_preVFP_v11-v1/280000/22F6DB77-D2FD-5548-9E82-3FA01E17DABC.root
%MSG-w XrdAdaptorInternal:  file_open 10-Jun-2024 20:44:25 CEST PostProcessEvent
Failed to open file at URL root://eoscms.cern.ch:1094//eos/cms/store/mc/RunIISummer20UL16MiniAODAPVv2/QCD_Pt_2400to3200_TuneCP5_13TeV_pythia8/MINIAODSIM/106X_mcRun2_asymptotic_preVFP_v11-v1/280000/22F6DB77-D2FD-5548-9E82-3FA01E17DABC.root.
%MSG
%MSG-w XrdAdaptorInternal:  file_open 10-Jun-2024 20:44:25 CEST PostProcessEvent
Failed to open file at URL root://eoscms.cern.ch:1094//eos/cms/store/mc/RunIISummer20UL16MiniAODAPVv2/QCD_Pt_2400to3200_TuneCP5_13TeV_pythia8/MINIAODSIM/106X_mcRun2_asymptotic_preVFP_v11-v1/280000/22F6DB77-D2FD-5548-9E82-3FA01E17DABC.root?tried=.
%MSG
10-Jun-2024 20:44:25 CEST  Fallback request to file root://xrootd-cms.infn.it//store/mc/RunIISummer20UL16MiniAODAPVv2/QCD_Pt_2400to3200_TuneCP5_13TeV_pythia8/MINIAODSIM/106X_mcRun2_asymptotic_preVFP_v11-v1/280000/22F6DB77-D2FD-5548-9E82-3FA01E17DABC.root
%MSG-w XrdAdaptor:  file_open 10-Jun-2024 20:44:37 CEST PostProcessEvent
Data is served from fnal.gov instead of original site T2_IT_Pisa
%MSG
10-Jun-2024 20:44:38 CEST  Successfully opened file root://xrootd-cms.infn.it//store/mc/RunIISummer20UL16MiniAODAPVv2/QCD_Pt_2400to3200_TuneCP5_13TeV_pythia8/MINIAODSIM/106X_mcRun2_asymptotic_preVFP_v11-v1/280000/22F6DB77-D2FD-5548-9E82-3FA01E17DABC.root
10-Jun-2024 20:44:44 CEST  Closed file root://xrootd-cms.infn.it//store/mc/RunIISummer20UL16MiniAODAPVv2/QCD_Pt_2400to3200_TuneCP5_13TeV_pythia8/MINIAODSIM/106X_mcRun2_asymptotic_preVFP_v11-v1/280000/22F6DB77-D2FD-5548-9E82-3FA01E17DABC.root

------------------------------------
GenXsecAnalyzer:
------------------------------------
Before Filter: total cross section = 5.241e-03 +- 2.625e-06 pb
Filter efficiency (taking into account weights)= (1e+06) / (1e+06) = 1.000e+00 +- 0.000e+00
Filter efficiency (event-level)= (1e+06) / (1e+06) = 1.000e+00 +- 0.000e+00    [TO BE USED IN MCM]

After filter: final cross section = 5.241e-03 +- 2.625e-06 pb
After filter: final fraction of events with negative weights = 0.000e+00 +- 0.000e+00
After filter: final equivalent lumi for 1M events (1/fb) = 1.908e+05 +- 2.134e+02

=============================================

MessageLogger Summary

 type     category        sev    module        subroutine        count    total
 ---- -------------------- -- ---------------- ----------------  -----    -----
    1 GenXSecAnalyzer      -w GenXSecAnalyzer:                       7        7
    2 XrdAdaptor           -w file_open                             30       30
    3 XrdAdaptorInternal   -w file_open                             60       60
    4 fileAction           -s file_close                            30       30
    5 fileAction           -s file_open                             90       90

 type    category    Examples: run/evt        run/evt          run/evt
 ---- -------------------- ---------------- ---------------- ----------------
    1 GenXSecAnalyzer      PostGlobalEndRun PostGlobalEndRun PostGlobalEndRun
    2 XrdAdaptor           pre-events       PostProcessEvent PostProcessEvent
    3 XrdAdaptorInternal   pre-events       pre-events       PostProcessEvent
    4 fileAction           PostProcessEvent PostProcessEvent PostGlobalEndRun
    5 fileAction           pre-events       pre-events       PostProcessEvent

Severity    # Occurrences   Total Occurrences
--------    -------------   -----------------
Warning                97                  97
System                120                 120

dropped waiting message count 0
