10-Jun-2024 19:25:14 CEST  Initiating request to open file root://eoscms.cern.ch//eos/cms/store/mc/RunIISummer20UL16MiniAODAPVv2/QCD_HT100to200_TuneCP5_PSWeights_13TeV-madgraph-pythia8/MINIAODSIM/106X_mcRun2_asymptotic_preVFP_v11-v1/2530000/BDABF627-4EE0-7B41-A0E4-9ACC714F1437.root
%MSG-w XrdAdaptorInternal:  file_open 10-Jun-2024 19:25:15 CEST pre-events
Failed to open file at URL root://eoscms.cern.ch:1094//eos/cms/store/mc/RunIISummer20UL16MiniAODAPVv2/QCD_HT100to200_TuneCP5_PSWeights_13TeV-madgraph-pythia8/MINIAODSIM/106X_mcRun2_asymptotic_preVFP_v11-v1/2530000/BDABF627-4EE0-7B41-A0E4-9ACC714F1437.root.
%MSG
%MSG-w XrdAdaptorInternal:  file_open 10-Jun-2024 19:25:15 CEST pre-events
Failed to open file at URL root://eoscms.cern.ch:1094//eos/cms/store/mc/RunIISummer20UL16MiniAODAPVv2/QCD_HT100to200_TuneCP5_PSWeights_13TeV-madgraph-pythia8/MINIAODSIM/106X_mcRun2_asymptotic_preVFP_v11-v1/2530000/BDABF627-4EE0-7B41-A0E4-9ACC714F1437.root?tried=.
%MSG
10-Jun-2024 19:25:15 CEST  Fallback request to file root://xrootd-cms.infn.it//store/mc/RunIISummer20UL16MiniAODAPVv2/QCD_HT100to200_TuneCP5_PSWeights_13TeV-madgraph-pythia8/MINIAODSIM/106X_mcRun2_asymptotic_preVFP_v11-v1/2530000/BDABF627-4EE0-7B41-A0E4-9ACC714F1437.root
%MSG-w XrdAdaptor:  file_open 10-Jun-2024 19:25:31 CEST pre-events
Data is served from cms.rcac.purdue.edu instead of original site T2_IT_Pisa
%MSG
10-Jun-2024 19:25:35 CEST  Successfully opened file root://xrootd-cms.infn.it//store/mc/RunIISummer20UL16MiniAODAPVv2/QCD_HT100to200_TuneCP5_PSWeights_13TeV-madgraph-pythia8/MINIAODSIM/106X_mcRun2_asymptotic_preVFP_v11-v1/2530000/BDABF627-4EE0-7B41-A0E4-9ACC714F1437.root
Begin processing the 1st record. Run 1, Event 40202701, LumiSection 6032 on stream 0 at 10-Jun-2024 19:25:42.807 CEST
10-Jun-2024 19:25:45 CEST  Closed file root://xrootd-cms.infn.it//store/mc/RunIISummer20UL16MiniAODAPVv2/QCD_HT100to200_TuneCP5_PSWeights_13TeV-madgraph-pythia8/MINIAODSIM/106X_mcRun2_asymptotic_preVFP_v11-v1/2530000/BDABF627-4EE0-7B41-A0E4-9ACC714F1437.root
10-Jun-2024 19:25:45 CEST  Initiating request to open file root://eoscms.cern.ch//eos/cms/store/mc/RunIISummer20UL16MiniAODAPVv2/QCD_HT100to200_TuneCP5_PSWeights_13TeV-madgraph-pythia8/MINIAODSIM/106X_mcRun2_asymptotic_preVFP_v11-v1/270000/B812A077-74F9-6049-8314-11623AB8ED1A.root
%MSG-w XrdAdaptorInternal:  file_open 10-Jun-2024 19:25:46 CEST PostProcessEvent
Failed to open file at URL root://eoscms.cern.ch:1094//eos/cms/store/mc/RunIISummer20UL16MiniAODAPVv2/QCD_HT100to200_TuneCP5_PSWeights_13TeV-madgraph-pythia8/MINIAODSIM/106X_mcRun2_asymptotic_preVFP_v11-v1/270000/B812A077-74F9-6049-8314-11623AB8ED1A.root.
%MSG
%MSG-w XrdAdaptorInternal:  file_open 10-Jun-2024 19:25:46 CEST PostProcessEvent
Failed to open file at URL root://eoscms.cern.ch:1094//eos/cms/store/mc/RunIISummer20UL16MiniAODAPVv2/QCD_HT100to200_TuneCP5_PSWeights_13TeV-madgraph-pythia8/MINIAODSIM/106X_mcRun2_asymptotic_preVFP_v11-v1/270000/B812A077-74F9-6049-8314-11623AB8ED1A.root?tried=.
%MSG
10-Jun-2024 19:25:46 CEST  Fallback request to file root://xrootd-cms.infn.it//store/mc/RunIISummer20UL16MiniAODAPVv2/QCD_HT100to200_TuneCP5_PSWeights_13TeV-madgraph-pythia8/MINIAODSIM/106X_mcRun2_asymptotic_preVFP_v11-v1/270000/B812A077-74F9-6049-8314-11623AB8ED1A.root
Unable to load sec.protocol plugin libXrdSecztn.so
%MSG-w XrdAdaptor:  file_open 10-Jun-2024 19:26:00 CEST PostProcessEvent
Data is served from fnal.gov instead of original site T2_IT_Pisa
%MSG
10-Jun-2024 19:26:01 CEST  Successfully opened file root://xrootd-cms.infn.it//store/mc/RunIISummer20UL16MiniAODAPVv2/QCD_HT100to200_TuneCP5_PSWeights_13TeV-madgraph-pythia8/MINIAODSIM/106X_mcRun2_asymptotic_preVFP_v11-v1/270000/B812A077-74F9-6049-8314-11623AB8ED1A.root
Unable to load sec.protocol plugin libXrdSecztn.so
Begin processing the 100001st record. Run 1, Event 136292502, LumiSection 20446 on stream 0 at 10-Jun-2024 19:26:07.691 CEST
10-Jun-2024 19:26:09 CEST  Closed file root://xrootd-cms.infn.it//store/mc/RunIISummer20UL16MiniAODAPVv2/QCD_HT100to200_TuneCP5_PSWeights_13TeV-madgraph-pythia8/MINIAODSIM/106X_mcRun2_asymptotic_preVFP_v11-v1/270000/B812A077-74F9-6049-8314-11623AB8ED1A.root
10-Jun-2024 19:26:09 CEST  Initiating request to open file root://eoscms.cern.ch//eos/cms/store/mc/RunIISummer20UL16MiniAODAPVv2/QCD_HT100to200_TuneCP5_PSWeights_13TeV-madgraph-pythia8/MINIAODSIM/106X_mcRun2_asymptotic_preVFP_v11-v1/270000/8EB0D70C-E230-614C-85E7-53B162547F43.root
%MSG-w XrdAdaptorInternal:  file_open 10-Jun-2024 19:26:10 CEST PostProcessEvent
Failed to open file at URL root://eoscms.cern.ch:1094//eos/cms/store/mc/RunIISummer20UL16MiniAODAPVv2/QCD_HT100to200_TuneCP5_PSWeights_13TeV-madgraph-pythia8/MINIAODSIM/106X_mcRun2_asymptotic_preVFP_v11-v1/270000/8EB0D70C-E230-614C-85E7-53B162547F43.root.
%MSG
%MSG-w XrdAdaptorInternal:  file_open 10-Jun-2024 19:26:10 CEST PostProcessEvent
Failed to open file at URL root://eoscms.cern.ch:1094//eos/cms/store/mc/RunIISummer20UL16MiniAODAPVv2/QCD_HT100to200_TuneCP5_PSWeights_13TeV-madgraph-pythia8/MINIAODSIM/106X_mcRun2_asymptotic_preVFP_v11-v1/270000/8EB0D70C-E230-614C-85E7-53B162547F43.root?tried=.
%MSG
10-Jun-2024 19:26:10 CEST  Fallback request to file root://xrootd-cms.infn.it//store/mc/RunIISummer20UL16MiniAODAPVv2/QCD_HT100to200_TuneCP5_PSWeights_13TeV-madgraph-pythia8/MINIAODSIM/106X_mcRun2_asymptotic_preVFP_v11-v1/270000/8EB0D70C-E230-614C-85E7-53B162547F43.root
%MSG-w XrdAdaptor:  file_open 10-Jun-2024 19:26:23 CEST PostProcessEvent
Data is served from fnal.gov instead of original site T2_IT_Pisa
%MSG
10-Jun-2024 19:26:24 CEST  Successfully opened file root://xrootd-cms.infn.it//store/mc/RunIISummer20UL16MiniAODAPVv2/QCD_HT100to200_TuneCP5_PSWeights_13TeV-madgraph-pythia8/MINIAODSIM/106X_mcRun2_asymptotic_preVFP_v11-v1/270000/8EB0D70C-E230-614C-85E7-53B162547F43.root
Begin processing the 200001st record. Run 1, Event 133878242, LumiSection 20084 on stream 0 at 10-Jun-2024 19:26:33.616 CEST
10-Jun-2024 19:26:35 CEST  Closed file root://xrootd-cms.infn.it//store/mc/RunIISummer20UL16MiniAODAPVv2/QCD_HT100to200_TuneCP5_PSWeights_13TeV-madgraph-pythia8/MINIAODSIM/106X_mcRun2_asymptotic_preVFP_v11-v1/270000/8EB0D70C-E230-614C-85E7-53B162547F43.root
10-Jun-2024 19:26:35 CEST  Initiating request to open file root://eoscms.cern.ch//eos/cms/store/mc/RunIISummer20UL16MiniAODAPVv2/QCD_HT100to200_TuneCP5_PSWeights_13TeV-madgraph-pythia8/MINIAODSIM/106X_mcRun2_asymptotic_preVFP_v11-v1/270000/7956CC79-798E-8746-ADAD-1175AC54CF5E.root
%MSG-w XrdAdaptorInternal:  file_open 10-Jun-2024 19:26:36 CEST PostProcessEvent
Failed to open file at URL root://eoscms.cern.ch:1094//eos/cms/store/mc/RunIISummer20UL16MiniAODAPVv2/QCD_HT100to200_TuneCP5_PSWeights_13TeV-madgraph-pythia8/MINIAODSIM/106X_mcRun2_asymptotic_preVFP_v11-v1/270000/7956CC79-798E-8746-ADAD-1175AC54CF5E.root.
%MSG
%MSG-w XrdAdaptorInternal:  file_open 10-Jun-2024 19:26:36 CEST PostProcessEvent
Failed to open file at URL root://eoscms.cern.ch:1094//eos/cms/store/mc/RunIISummer20UL16MiniAODAPVv2/QCD_HT100to200_TuneCP5_PSWeights_13TeV-madgraph-pythia8/MINIAODSIM/106X_mcRun2_asymptotic_preVFP_v11-v1/270000/7956CC79-798E-8746-ADAD-1175AC54CF5E.root?tried=.
%MSG
10-Jun-2024 19:26:36 CEST  Fallback request to file root://xrootd-cms.infn.it//store/mc/RunIISummer20UL16MiniAODAPVv2/QCD_HT100to200_TuneCP5_PSWeights_13TeV-madgraph-pythia8/MINIAODSIM/106X_mcRun2_asymptotic_preVFP_v11-v1/270000/7956CC79-798E-8746-ADAD-1175AC54CF5E.root
%MSG-w XrdAdaptor:  file_open 10-Jun-2024 19:26:49 CEST PostProcessEvent
Data is served from fnal.gov instead of original site T2_IT_Pisa
%MSG
10-Jun-2024 19:26:50 CEST  Successfully opened file root://xrootd-cms.infn.it//store/mc/RunIISummer20UL16MiniAODAPVv2/QCD_HT100to200_TuneCP5_PSWeights_13TeV-madgraph-pythia8/MINIAODSIM/106X_mcRun2_asymptotic_preVFP_v11-v1/270000/7956CC79-798E-8746-ADAD-1175AC54CF5E.root
Begin processing the 300001st record. Run 1, Event 137346813, LumiSection 20605 on stream 0 at 10-Jun-2024 19:26:58.141 CEST
10-Jun-2024 19:26:59 CEST  Closed file root://xrootd-cms.infn.it//store/mc/RunIISummer20UL16MiniAODAPVv2/QCD_HT100to200_TuneCP5_PSWeights_13TeV-madgraph-pythia8/MINIAODSIM/106X_mcRun2_asymptotic_preVFP_v11-v1/270000/7956CC79-798E-8746-ADAD-1175AC54CF5E.root
10-Jun-2024 19:26:59 CEST  Initiating request to open file root://eoscms.cern.ch//eos/cms/store/mc/RunIISummer20UL16MiniAODAPVv2/QCD_HT100to200_TuneCP5_PSWeights_13TeV-madgraph-pythia8/MINIAODSIM/106X_mcRun2_asymptotic_preVFP_v11-v1/270000/4B38801B-D5F7-E54F-9619-65A1C5E13AE0.root
%MSG-w XrdAdaptorInternal:  file_open 10-Jun-2024 19:27:00 CEST PostProcessEvent
Failed to open file at URL root://eoscms.cern.ch:1094//eos/cms/store/mc/RunIISummer20UL16MiniAODAPVv2/QCD_HT100to200_TuneCP5_PSWeights_13TeV-madgraph-pythia8/MINIAODSIM/106X_mcRun2_asymptotic_preVFP_v11-v1/270000/4B38801B-D5F7-E54F-9619-65A1C5E13AE0.root.
%MSG
%MSG-w XrdAdaptorInternal:  file_open 10-Jun-2024 19:27:00 CEST PostProcessEvent
Failed to open file at URL root://eoscms.cern.ch:1094//eos/cms/store/mc/RunIISummer20UL16MiniAODAPVv2/QCD_HT100to200_TuneCP5_PSWeights_13TeV-madgraph-pythia8/MINIAODSIM/106X_mcRun2_asymptotic_preVFP_v11-v1/270000/4B38801B-D5F7-E54F-9619-65A1C5E13AE0.root?tried=.
%MSG
10-Jun-2024 19:27:00 CEST  Fallback request to file root://xrootd-cms.infn.it//store/mc/RunIISummer20UL16MiniAODAPVv2/QCD_HT100to200_TuneCP5_PSWeights_13TeV-madgraph-pythia8/MINIAODSIM/106X_mcRun2_asymptotic_preVFP_v11-v1/270000/4B38801B-D5F7-E54F-9619-65A1C5E13AE0.root
%MSG-w XrdAdaptor:  file_open 10-Jun-2024 19:27:12 CEST PostProcessEvent
Data is served from fnal.gov instead of original site T2_IT_Pisa
%MSG
10-Jun-2024 19:27:13 CEST  Successfully opened file root://xrootd-cms.infn.it//store/mc/RunIISummer20UL16MiniAODAPVv2/QCD_HT100to200_TuneCP5_PSWeights_13TeV-madgraph-pythia8/MINIAODSIM/106X_mcRun2_asymptotic_preVFP_v11-v1/270000/4B38801B-D5F7-E54F-9619-65A1C5E13AE0.root
Begin processing the 400001st record. Run 1, Event 102563263, LumiSection 15387 on stream 0 at 10-Jun-2024 19:27:21.683 CEST
10-Jun-2024 19:27:22 CEST  Closed file root://xrootd-cms.infn.it//store/mc/RunIISummer20UL16MiniAODAPVv2/QCD_HT100to200_TuneCP5_PSWeights_13TeV-madgraph-pythia8/MINIAODSIM/106X_mcRun2_asymptotic_preVFP_v11-v1/270000/4B38801B-D5F7-E54F-9619-65A1C5E13AE0.root
10-Jun-2024 19:27:22 CEST  Initiating request to open file root://eoscms.cern.ch//eos/cms/store/mc/RunIISummer20UL16MiniAODAPVv2/QCD_HT100to200_TuneCP5_PSWeights_13TeV-madgraph-pythia8/MINIAODSIM/106X_mcRun2_asymptotic_preVFP_v11-v1/2530000/81BEE67A-C6A9-6543-B248-BE290644D81E.root
%MSG-w XrdAdaptorInternal:  file_open 10-Jun-2024 19:27:23 CEST PostProcessEvent
Failed to open file at URL root://eoscms.cern.ch:1094//eos/cms/store/mc/RunIISummer20UL16MiniAODAPVv2/QCD_HT100to200_TuneCP5_PSWeights_13TeV-madgraph-pythia8/MINIAODSIM/106X_mcRun2_asymptotic_preVFP_v11-v1/2530000/81BEE67A-C6A9-6543-B248-BE290644D81E.root.
%MSG
%MSG-w XrdAdaptorInternal:  file_open 10-Jun-2024 19:27:23 CEST PostProcessEvent
Failed to open file at URL root://eoscms.cern.ch:1094//eos/cms/store/mc/RunIISummer20UL16MiniAODAPVv2/QCD_HT100to200_TuneCP5_PSWeights_13TeV-madgraph-pythia8/MINIAODSIM/106X_mcRun2_asymptotic_preVFP_v11-v1/2530000/81BEE67A-C6A9-6543-B248-BE290644D81E.root?tried=.
%MSG
10-Jun-2024 19:27:23 CEST  Fallback request to file root://xrootd-cms.infn.it//store/mc/RunIISummer20UL16MiniAODAPVv2/QCD_HT100to200_TuneCP5_PSWeights_13TeV-madgraph-pythia8/MINIAODSIM/106X_mcRun2_asymptotic_preVFP_v11-v1/2530000/81BEE67A-C6A9-6543-B248-BE290644D81E.root
%MSG-w XrdAdaptor:  file_open 10-Jun-2024 19:27:39 CEST PostProcessEvent
Data is served from T2_US_Caltech instead of original site T2_IT_Pisa
%MSG
10-Jun-2024 19:27:40 CEST  Successfully opened file root://xrootd-cms.infn.it//store/mc/RunIISummer20UL16MiniAODAPVv2/QCD_HT100to200_TuneCP5_PSWeights_13TeV-madgraph-pythia8/MINIAODSIM/106X_mcRun2_asymptotic_preVFP_v11-v1/2530000/81BEE67A-C6A9-6543-B248-BE290644D81E.root
Begin processing the 500001st record. Run 1, Event 15032828, LumiSection 2256 on stream 0 at 10-Jun-2024 19:27:54.309 CEST
10-Jun-2024 19:27:55 CEST  Closed file root://xrootd-cms.infn.it//store/mc/RunIISummer20UL16MiniAODAPVv2/QCD_HT100to200_TuneCP5_PSWeights_13TeV-madgraph-pythia8/MINIAODSIM/106X_mcRun2_asymptotic_preVFP_v11-v1/2530000/81BEE67A-C6A9-6543-B248-BE290644D81E.root
10-Jun-2024 19:27:55 CEST  Initiating request to open file root://eoscms.cern.ch//eos/cms/store/mc/RunIISummer20UL16MiniAODAPVv2/QCD_HT100to200_TuneCP5_PSWeights_13TeV-madgraph-pythia8/MINIAODSIM/106X_mcRun2_asymptotic_preVFP_v11-v1/2530000/78EBEF80-8837-6F41-9049-840AEB116136.root
%MSG-w XrdAdaptorInternal:  file_open 10-Jun-2024 19:27:56 CEST PostProcessEvent
Failed to open file at URL root://eoscms.cern.ch:1094//eos/cms/store/mc/RunIISummer20UL16MiniAODAPVv2/QCD_HT100to200_TuneCP5_PSWeights_13TeV-madgraph-pythia8/MINIAODSIM/106X_mcRun2_asymptotic_preVFP_v11-v1/2530000/78EBEF80-8837-6F41-9049-840AEB116136.root.
%MSG
%MSG-w XrdAdaptorInternal:  file_open 10-Jun-2024 19:27:56 CEST PostProcessEvent
Failed to open file at URL root://eoscms.cern.ch:1094//eos/cms/store/mc/RunIISummer20UL16MiniAODAPVv2/QCD_HT100to200_TuneCP5_PSWeights_13TeV-madgraph-pythia8/MINIAODSIM/106X_mcRun2_asymptotic_preVFP_v11-v1/2530000/78EBEF80-8837-6F41-9049-840AEB116136.root?tried=.
%MSG
10-Jun-2024 19:27:56 CEST  Fallback request to file root://xrootd-cms.infn.it//store/mc/RunIISummer20UL16MiniAODAPVv2/QCD_HT100to200_TuneCP5_PSWeights_13TeV-madgraph-pythia8/MINIAODSIM/106X_mcRun2_asymptotic_preVFP_v11-v1/2530000/78EBEF80-8837-6F41-9049-840AEB116136.root
%MSG-w XrdAdaptor:  file_open 10-Jun-2024 19:28:11 CEST PostProcessEvent
Data is served from T2_US_Caltech instead of original site T2_IT_Pisa
%MSG
10-Jun-2024 19:28:12 CEST  Successfully opened file root://xrootd-cms.infn.it//store/mc/RunIISummer20UL16MiniAODAPVv2/QCD_HT100to200_TuneCP5_PSWeights_13TeV-madgraph-pythia8/MINIAODSIM/106X_mcRun2_asymptotic_preVFP_v11-v1/2530000/78EBEF80-8837-6F41-9049-840AEB116136.root
Begin processing the 600001st record. Run 1, Event 19088465, LumiSection 2864 on stream 0 at 10-Jun-2024 19:28:23.679 CEST
10-Jun-2024 19:28:24 CEST  Closed file root://xrootd-cms.infn.it//store/mc/RunIISummer20UL16MiniAODAPVv2/QCD_HT100to200_TuneCP5_PSWeights_13TeV-madgraph-pythia8/MINIAODSIM/106X_mcRun2_asymptotic_preVFP_v11-v1/2530000/78EBEF80-8837-6F41-9049-840AEB116136.root
10-Jun-2024 19:28:24 CEST  Initiating request to open file root://eoscms.cern.ch//eos/cms/store/mc/RunIISummer20UL16MiniAODAPVv2/QCD_HT100to200_TuneCP5_PSWeights_13TeV-madgraph-pythia8/MINIAODSIM/106X_mcRun2_asymptotic_preVFP_v11-v1/260000/4183F2EA-1830-F448-BB9F-7AB97212A177.root
%MSG-w XrdAdaptorInternal:  file_open 10-Jun-2024 19:28:25 CEST PostProcessEvent
Failed to open file at URL root://eoscms.cern.ch:1094//eos/cms/store/mc/RunIISummer20UL16MiniAODAPVv2/QCD_HT100to200_TuneCP5_PSWeights_13TeV-madgraph-pythia8/MINIAODSIM/106X_mcRun2_asymptotic_preVFP_v11-v1/260000/4183F2EA-1830-F448-BB9F-7AB97212A177.root.
%MSG
%MSG-w XrdAdaptorInternal:  file_open 10-Jun-2024 19:28:25 CEST PostProcessEvent
Failed to open file at URL root://eoscms.cern.ch:1094//eos/cms/store/mc/RunIISummer20UL16MiniAODAPVv2/QCD_HT100to200_TuneCP5_PSWeights_13TeV-madgraph-pythia8/MINIAODSIM/106X_mcRun2_asymptotic_preVFP_v11-v1/260000/4183F2EA-1830-F448-BB9F-7AB97212A177.root?tried=.
%MSG
10-Jun-2024 19:28:25 CEST  Fallback request to file root://xrootd-cms.infn.it//store/mc/RunIISummer20UL16MiniAODAPVv2/QCD_HT100to200_TuneCP5_PSWeights_13TeV-madgraph-pythia8/MINIAODSIM/106X_mcRun2_asymptotic_preVFP_v11-v1/260000/4183F2EA-1830-F448-BB9F-7AB97212A177.root
%MSG-w XrdAdaptor:  file_open 10-Jun-2024 19:28:38 CEST PostProcessEvent
Data is served from fnal.gov instead of original site T2_IT_Pisa
%MSG
10-Jun-2024 19:28:38 CEST  Successfully opened file root://xrootd-cms.infn.it//store/mc/RunIISummer20UL16MiniAODAPVv2/QCD_HT100to200_TuneCP5_PSWeights_13TeV-madgraph-pythia8/MINIAODSIM/106X_mcRun2_asymptotic_preVFP_v11-v1/260000/4183F2EA-1830-F448-BB9F-7AB97212A177.root
Begin processing the 700001st record. Run 1, Event 14053404, LumiSection 2109 on stream 0 at 10-Jun-2024 19:28:47.648 CEST
10-Jun-2024 19:28:48 CEST  Closed file root://xrootd-cms.infn.it//store/mc/RunIISummer20UL16MiniAODAPVv2/QCD_HT100to200_TuneCP5_PSWeights_13TeV-madgraph-pythia8/MINIAODSIM/106X_mcRun2_asymptotic_preVFP_v11-v1/260000/4183F2EA-1830-F448-BB9F-7AB97212A177.root
10-Jun-2024 19:28:48 CEST  Initiating request to open file root://eoscms.cern.ch//eos/cms/store/mc/RunIISummer20UL16MiniAODAPVv2/QCD_HT100to200_TuneCP5_PSWeights_13TeV-madgraph-pythia8/MINIAODSIM/106X_mcRun2_asymptotic_preVFP_v11-v1/260000/0CFA08DB-C3D6-E84E-9BAE-EFAEF078A437.root
%MSG-w XrdAdaptorInternal:  file_open 10-Jun-2024 19:28:49 CEST PostProcessEvent
Failed to open file at URL root://eoscms.cern.ch:1094//eos/cms/store/mc/RunIISummer20UL16MiniAODAPVv2/QCD_HT100to200_TuneCP5_PSWeights_13TeV-madgraph-pythia8/MINIAODSIM/106X_mcRun2_asymptotic_preVFP_v11-v1/260000/0CFA08DB-C3D6-E84E-9BAE-EFAEF078A437.root.
%MSG
%MSG-w XrdAdaptorInternal:  file_open 10-Jun-2024 19:28:49 CEST PostProcessEvent
Failed to open file at URL root://eoscms.cern.ch:1094//eos/cms/store/mc/RunIISummer20UL16MiniAODAPVv2/QCD_HT100to200_TuneCP5_PSWeights_13TeV-madgraph-pythia8/MINIAODSIM/106X_mcRun2_asymptotic_preVFP_v11-v1/260000/0CFA08DB-C3D6-E84E-9BAE-EFAEF078A437.root?tried=.
%MSG
10-Jun-2024 19:28:49 CEST  Fallback request to file root://xrootd-cms.infn.it//store/mc/RunIISummer20UL16MiniAODAPVv2/QCD_HT100to200_TuneCP5_PSWeights_13TeV-madgraph-pythia8/MINIAODSIM/106X_mcRun2_asymptotic_preVFP_v11-v1/260000/0CFA08DB-C3D6-E84E-9BAE-EFAEF078A437.root
%MSG-w XrdAdaptor:  file_open 10-Jun-2024 19:29:02 CEST PostProcessEvent
Data is served from fnal.gov instead of original site T2_IT_Pisa
%MSG
10-Jun-2024 19:29:02 CEST  Successfully opened file root://xrootd-cms.infn.it//store/mc/RunIISummer20UL16MiniAODAPVv2/QCD_HT100to200_TuneCP5_PSWeights_13TeV-madgraph-pythia8/MINIAODSIM/106X_mcRun2_asymptotic_preVFP_v11-v1/260000/0CFA08DB-C3D6-E84E-9BAE-EFAEF078A437.root
Unable to load sec.protocol plugin libXrdSecztn.so
Begin processing the 800001st record. Run 1, Event 19700367, LumiSection 2956 on stream 0 at 10-Jun-2024 19:29:10.548 CEST
10-Jun-2024 19:29:11 CEST  Closed file root://xrootd-cms.infn.it//store/mc/RunIISummer20UL16MiniAODAPVv2/QCD_HT100to200_TuneCP5_PSWeights_13TeV-madgraph-pythia8/MINIAODSIM/106X_mcRun2_asymptotic_preVFP_v11-v1/260000/0CFA08DB-C3D6-E84E-9BAE-EFAEF078A437.root
10-Jun-2024 19:29:11 CEST  Initiating request to open file root://eoscms.cern.ch//eos/cms/store/mc/RunIISummer20UL16MiniAODAPVv2/QCD_HT100to200_TuneCP5_PSWeights_13TeV-madgraph-pythia8/MINIAODSIM/106X_mcRun2_asymptotic_preVFP_v11-v1/2520000/6B2ACEAD-1537-314B-9ACD-032EC4353FA9.root
%MSG-w XrdAdaptorInternal:  file_open 10-Jun-2024 19:29:12 CEST PostProcessEvent
Failed to open file at URL root://eoscms.cern.ch:1094//eos/cms/store/mc/RunIISummer20UL16MiniAODAPVv2/QCD_HT100to200_TuneCP5_PSWeights_13TeV-madgraph-pythia8/MINIAODSIM/106X_mcRun2_asymptotic_preVFP_v11-v1/2520000/6B2ACEAD-1537-314B-9ACD-032EC4353FA9.root.
%MSG
%MSG-w XrdAdaptorInternal:  file_open 10-Jun-2024 19:29:12 CEST PostProcessEvent
Failed to open file at URL root://eoscms.cern.ch:1094//eos/cms/store/mc/RunIISummer20UL16MiniAODAPVv2/QCD_HT100to200_TuneCP5_PSWeights_13TeV-madgraph-pythia8/MINIAODSIM/106X_mcRun2_asymptotic_preVFP_v11-v1/2520000/6B2ACEAD-1537-314B-9ACD-032EC4353FA9.root?tried=.
%MSG
10-Jun-2024 19:29:12 CEST  Fallback request to file root://xrootd-cms.infn.it//store/mc/RunIISummer20UL16MiniAODAPVv2/QCD_HT100to200_TuneCP5_PSWeights_13TeV-madgraph-pythia8/MINIAODSIM/106X_mcRun2_asymptotic_preVFP_v11-v1/2520000/6B2ACEAD-1537-314B-9ACD-032EC4353FA9.root
%MSG-w XrdAdaptor:  file_open 10-Jun-2024 19:29:25 CEST PostProcessEvent
Data is served from fnal.gov instead of original site T2_IT_Pisa
%MSG
10-Jun-2024 19:29:25 CEST  Successfully opened file root://xrootd-cms.infn.it//store/mc/RunIISummer20UL16MiniAODAPVv2/QCD_HT100to200_TuneCP5_PSWeights_13TeV-madgraph-pythia8/MINIAODSIM/106X_mcRun2_asymptotic_preVFP_v11-v1/2520000/6B2ACEAD-1537-314B-9ACD-032EC4353FA9.root
Begin processing the 900001st record. Run 1, Event 98688827, LumiSection 14805 on stream 0 at 10-Jun-2024 19:29:33.673 CEST
10-Jun-2024 19:29:34 CEST  Closed file root://xrootd-cms.infn.it//store/mc/RunIISummer20UL16MiniAODAPVv2/QCD_HT100to200_TuneCP5_PSWeights_13TeV-madgraph-pythia8/MINIAODSIM/106X_mcRun2_asymptotic_preVFP_v11-v1/2520000/6B2ACEAD-1537-314B-9ACD-032EC4353FA9.root
10-Jun-2024 19:29:34 CEST  Initiating request to open file root://eoscms.cern.ch//eos/cms/store/mc/RunIISummer20UL16MiniAODAPVv2/QCD_HT100to200_TuneCP5_PSWeights_13TeV-madgraph-pythia8/MINIAODSIM/106X_mcRun2_asymptotic_preVFP_v11-v1/2520000/569650D8-92AA-2343-8DEA-55769A53A451.root
%MSG-w XrdAdaptorInternal:  file_open 10-Jun-2024 19:29:35 CEST PostProcessEvent
Failed to open file at URL root://eoscms.cern.ch:1094//eos/cms/store/mc/RunIISummer20UL16MiniAODAPVv2/QCD_HT100to200_TuneCP5_PSWeights_13TeV-madgraph-pythia8/MINIAODSIM/106X_mcRun2_asymptotic_preVFP_v11-v1/2520000/569650D8-92AA-2343-8DEA-55769A53A451.root.
%MSG
%MSG-w XrdAdaptorInternal:  file_open 10-Jun-2024 19:29:35 CEST PostProcessEvent
Failed to open file at URL root://eoscms.cern.ch:1094//eos/cms/store/mc/RunIISummer20UL16MiniAODAPVv2/QCD_HT100to200_TuneCP5_PSWeights_13TeV-madgraph-pythia8/MINIAODSIM/106X_mcRun2_asymptotic_preVFP_v11-v1/2520000/569650D8-92AA-2343-8DEA-55769A53A451.root?tried=.
%MSG
10-Jun-2024 19:29:35 CEST  Fallback request to file root://xrootd-cms.infn.it//store/mc/RunIISummer20UL16MiniAODAPVv2/QCD_HT100to200_TuneCP5_PSWeights_13TeV-madgraph-pythia8/MINIAODSIM/106X_mcRun2_asymptotic_preVFP_v11-v1/2520000/569650D8-92AA-2343-8DEA-55769A53A451.root
%MSG-w XrdAdaptor:  file_open 10-Jun-2024 19:29:48 CEST PostProcessEvent
Data is served from fnal.gov instead of original site T2_IT_Pisa
%MSG
10-Jun-2024 19:29:49 CEST  Successfully opened file root://xrootd-cms.infn.it//store/mc/RunIISummer20UL16MiniAODAPVv2/QCD_HT100to200_TuneCP5_PSWeights_13TeV-madgraph-pythia8/MINIAODSIM/106X_mcRun2_asymptotic_preVFP_v11-v1/2520000/569650D8-92AA-2343-8DEA-55769A53A451.root
72924500.000000 306287.000000  87671.620000             2
56102900.000000 360542.000000  87671.620000             1
17328600.000000 143985.000000  87671.620000             0
 
10-Jun-2024 19:29:57 CEST  Closed file root://xrootd-cms.infn.it//store/mc/RunIISummer20UL16MiniAODAPVv2/QCD_HT100to200_TuneCP5_PSWeights_13TeV-madgraph-pythia8/MINIAODSIM/106X_mcRun2_asymptotic_preVFP_v11-v1/2520000/569650D8-92AA-2343-8DEA-55769A53A451.root

------------------------------------
GenXsecAnalyzer:
------------------------------------
-------------------------------------------------------------------------------------------------------------------------------------------------------------------------- 
Overall cross-section summary 
--------------------------------------------------------------------------------------------------------------------------------------------------------------------------
Process		xsec_before [pb]		passed	nposw	nnegw	tried	nposw	nnegw 	xsec_match [pb]			accepted [%]	 event_eff [%]
0		1.740e+07 +/- 4.492e+03		160728	160728	0	743474	743474	0	3.762e+06 +/- 8.364e+03		21.6 +/- 0.0	21.6 +/- 0.0
1		5.625e+07 +/- 1.219e+04		360970	360970	0	2388785	2388785	0	8.500e+06 +/- 1.317e+04		15.1 +/- 0.0	15.1 +/- 0.0
2		7.271e+07 +/- 1.103e+04		478628	478628	0	3067121	3067121	0	1.135e+07 +/- 1.516e+04		15.6 +/- 0.0	15.6 +/- 0.0
-------------------------------------------------------------------------------------------------------------------------------------------------------------------------- 
Total		1.464e+08 +/- 1.704e+04		1000326	1000326	0	6199380	6199380	0	2.362e+07 +/- 2.180e+04		16.1 +/- 0.0	16.1 +/- 0.0
--------------------------------------------------------------------------------------------------------------------------------------------------------------------------
Before matching: total cross section = 1.464e+08 +- 1.704e+04 pb
After matching: total cross section = 2.362e+07 +- 2.180e+04 pb
Matching efficiency = 0.2 +/- 0.0   [TO BE USED IN MCM]
Filter efficiency (taking into account weights)= (1.00033e+06) / (1.00033e+06) = 1.000e+00 +- 0.000e+00
Filter efficiency (event-level)= (1.00033e+06) / (1.00033e+06) = 1.000e+00 +- 0.000e+00    [TO BE USED IN MCM]

After filter: final cross section = 2.362e+07 +- 2.180e+04 pb
After filter: final fraction of events with negative weights = 0.000e+00 +- 0.000e+00
After filter: final equivalent lumi for 1M events (1/fb) = 4.234e-05 +- 5.762e-08

=============================================

MessageLogger Summary

 type     category        sev    module        subroutine        count    total
 ---- -------------------- -- ---------------- ----------------  -----    -----
    1 GenXSecAnalyzer      -w GenXSecAnalyzer:                      17       17
    2 XrdAdaptor           -w file_open                             11       11
    3 XrdAdaptorInternal   -w file_open                             22       22
    4 fileAction           -s file_close                            11       11
    5 fileAction           -s file_open                             33       33

 type    category    Examples: run/evt        run/evt          run/evt
 ---- -------------------- ---------------- ---------------- ----------------
    1 GenXSecAnalyzer      PostGlobalEndRun PostGlobalEndRun PostGlobalEndRun
    2 XrdAdaptor           pre-events       PostProcessEvent PostProcessEvent
    3 XrdAdaptorInternal   pre-events       pre-events       PostProcessEvent
    4 fileAction           PostProcessEvent PostProcessEvent PostGlobalEndRun
    5 fileAction           pre-events       pre-events       PostProcessEvent

Severity    # Occurrences   Total Occurrences
--------    -------------   -----------------
Warning                50                  50
System                 44                  44

dropped waiting message count 0
