10-Jun-2024 19:22:48 CEST  Initiating request to open file root://eoscms.cern.ch//eos/cms/store/mc/RunIISummer20UL16MiniAODAPVv2/QCD_Pt_50to80_TuneCP5_13TeV_pythia8/MINIAODSIM/106X_mcRun2_asymptotic_preVFP_v11-v1/140000/76048F33-C139-F849-AC4A-831D064DAB62.root
%MSG-w XrdAdaptorInternal:  file_open 10-Jun-2024 19:22:49 CEST pre-events
Failed to open file at URL root://eoscms.cern.ch:1094//eos/cms/store/mc/RunIISummer20UL16MiniAODAPVv2/QCD_Pt_50to80_TuneCP5_13TeV_pythia8/MINIAODSIM/106X_mcRun2_asymptotic_preVFP_v11-v1/140000/76048F33-C139-F849-AC4A-831D064DAB62.root.
%MSG
%MSG-w XrdAdaptorInternal:  file_open 10-Jun-2024 19:22:49 CEST pre-events
Failed to open file at URL root://eoscms.cern.ch:1094//eos/cms/store/mc/RunIISummer20UL16MiniAODAPVv2/QCD_Pt_50to80_TuneCP5_13TeV_pythia8/MINIAODSIM/106X_mcRun2_asymptotic_preVFP_v11-v1/140000/76048F33-C139-F849-AC4A-831D064DAB62.root?tried=.
%MSG
10-Jun-2024 19:22:49 CEST  Fallback request to file root://xrootd-cms.infn.it//store/mc/RunIISummer20UL16MiniAODAPVv2/QCD_Pt_50to80_TuneCP5_13TeV_pythia8/MINIAODSIM/106X_mcRun2_asymptotic_preVFP_v11-v1/140000/76048F33-C139-F849-AC4A-831D064DAB62.root
Unable to load sec.protocol plugin libXrdSecztn.so
%MSG-w XrdAdaptor:  file_open 10-Jun-2024 19:23:05 CEST pre-events
Data is served from fnal.gov instead of original site T2_FR_GRIF_LLR
%MSG
10-Jun-2024 19:23:09 CEST  Successfully opened file root://xrootd-cms.infn.it//store/mc/RunIISummer20UL16MiniAODAPVv2/QCD_Pt_50to80_TuneCP5_13TeV_pythia8/MINIAODSIM/106X_mcRun2_asymptotic_preVFP_v11-v1/140000/76048F33-C139-F849-AC4A-831D064DAB62.root
Unable to load sec.protocol plugin libXrdSecztn.so
Begin processing the 1st record. Run 1, Event 15965003, LumiSection 15966 on stream 0 at 10-Jun-2024 19:23:13.170 CEST
10-Jun-2024 19:23:13 CEST  Closed file root://xrootd-cms.infn.it//store/mc/RunIISummer20UL16MiniAODAPVv2/QCD_Pt_50to80_TuneCP5_13TeV_pythia8/MINIAODSIM/106X_mcRun2_asymptotic_preVFP_v11-v1/140000/76048F33-C139-F849-AC4A-831D064DAB62.root
10-Jun-2024 19:23:13 CEST  Initiating request to open file root://eoscms.cern.ch//eos/cms/store/mc/RunIISummer20UL16MiniAODAPVv2/QCD_Pt_50to80_TuneCP5_13TeV_pythia8/MINIAODSIM/106X_mcRun2_asymptotic_preVFP_v11-v1/140000/32128889-6032-454B-9AE2-421F875610E4.root
%MSG-w XrdAdaptorInternal:  file_open 10-Jun-2024 19:23:14 CEST PostProcessEvent
Failed to open file at URL root://eoscms.cern.ch:1094//eos/cms/store/mc/RunIISummer20UL16MiniAODAPVv2/QCD_Pt_50to80_TuneCP5_13TeV_pythia8/MINIAODSIM/106X_mcRun2_asymptotic_preVFP_v11-v1/140000/32128889-6032-454B-9AE2-421F875610E4.root.
%MSG
%MSG-w XrdAdaptorInternal:  file_open 10-Jun-2024 19:23:14 CEST PostProcessEvent
Failed to open file at URL root://eoscms.cern.ch:1094//eos/cms/store/mc/RunIISummer20UL16MiniAODAPVv2/QCD_Pt_50to80_TuneCP5_13TeV_pythia8/MINIAODSIM/106X_mcRun2_asymptotic_preVFP_v11-v1/140000/32128889-6032-454B-9AE2-421F875610E4.root?tried=.
%MSG
10-Jun-2024 19:23:14 CEST  Fallback request to file root://xrootd-cms.infn.it//store/mc/RunIISummer20UL16MiniAODAPVv2/QCD_Pt_50to80_TuneCP5_13TeV_pythia8/MINIAODSIM/106X_mcRun2_asymptotic_preVFP_v11-v1/140000/32128889-6032-454B-9AE2-421F875610E4.root
%MSG-w XrdAdaptor:  file_open 10-Jun-2024 19:23:27 CEST PostProcessEvent
Data is served from fnal.gov instead of original site T2_FR_GRIF_LLR
%MSG
10-Jun-2024 19:23:28 CEST  Successfully opened file root://xrootd-cms.infn.it//store/mc/RunIISummer20UL16MiniAODAPVv2/QCD_Pt_50to80_TuneCP5_13TeV_pythia8/MINIAODSIM/106X_mcRun2_asymptotic_preVFP_v11-v1/140000/32128889-6032-454B-9AE2-421F875610E4.root
10-Jun-2024 19:23:36 CEST  Closed file root://xrootd-cms.infn.it//store/mc/RunIISummer20UL16MiniAODAPVv2/QCD_Pt_50to80_TuneCP5_13TeV_pythia8/MINIAODSIM/106X_mcRun2_asymptotic_preVFP_v11-v1/140000/32128889-6032-454B-9AE2-421F875610E4.root
10-Jun-2024 19:23:36 CEST  Initiating request to open file root://eoscms.cern.ch//eos/cms/store/mc/RunIISummer20UL16MiniAODAPVv2/QCD_Pt_50to80_TuneCP5_13TeV_pythia8/MINIAODSIM/106X_mcRun2_asymptotic_preVFP_v11-v1/140000/6A86903A-116F-B94A-AB7F-C2CDA95055E7.root
%MSG-w XrdAdaptorInternal:  file_open 10-Jun-2024 19:23:37 CEST PostProcessEvent
Failed to open file at URL root://eoscms.cern.ch:1094//eos/cms/store/mc/RunIISummer20UL16MiniAODAPVv2/QCD_Pt_50to80_TuneCP5_13TeV_pythia8/MINIAODSIM/106X_mcRun2_asymptotic_preVFP_v11-v1/140000/6A86903A-116F-B94A-AB7F-C2CDA95055E7.root.
%MSG
%MSG-w XrdAdaptorInternal:  file_open 10-Jun-2024 19:23:37 CEST PostProcessEvent
Failed to open file at URL root://eoscms.cern.ch:1094//eos/cms/store/mc/RunIISummer20UL16MiniAODAPVv2/QCD_Pt_50to80_TuneCP5_13TeV_pythia8/MINIAODSIM/106X_mcRun2_asymptotic_preVFP_v11-v1/140000/6A86903A-116F-B94A-AB7F-C2CDA95055E7.root?tried=.
%MSG
10-Jun-2024 19:23:37 CEST  Fallback request to file root://xrootd-cms.infn.it//store/mc/RunIISummer20UL16MiniAODAPVv2/QCD_Pt_50to80_TuneCP5_13TeV_pythia8/MINIAODSIM/106X_mcRun2_asymptotic_preVFP_v11-v1/140000/6A86903A-116F-B94A-AB7F-C2CDA95055E7.root
%MSG-w XrdAdaptor:  file_open 10-Jun-2024 19:23:50 CEST PostProcessEvent
Data is served from fnal.gov instead of original site T2_FR_GRIF_LLR
%MSG
10-Jun-2024 19:23:51 CEST  Successfully opened file root://xrootd-cms.infn.it//store/mc/RunIISummer20UL16MiniAODAPVv2/QCD_Pt_50to80_TuneCP5_13TeV_pythia8/MINIAODSIM/106X_mcRun2_asymptotic_preVFP_v11-v1/140000/6A86903A-116F-B94A-AB7F-C2CDA95055E7.root
Unable to load sec.protocol plugin libXrdSecztn.so
Begin processing the 100001st record. Run 1, Event 15751005, LumiSection 15752 on stream 0 at 10-Jun-2024 19:23:57.092 CEST
10-Jun-2024 19:23:57 CEST  Closed file root://xrootd-cms.infn.it//store/mc/RunIISummer20UL16MiniAODAPVv2/QCD_Pt_50to80_TuneCP5_13TeV_pythia8/MINIAODSIM/106X_mcRun2_asymptotic_preVFP_v11-v1/140000/6A86903A-116F-B94A-AB7F-C2CDA95055E7.root
10-Jun-2024 19:23:57 CEST  Initiating request to open file root://eoscms.cern.ch//eos/cms/store/mc/RunIISummer20UL16MiniAODAPVv2/QCD_Pt_50to80_TuneCP5_13TeV_pythia8/MINIAODSIM/106X_mcRun2_asymptotic_preVFP_v11-v1/140000/14C4071A-1B6F-E645-9A91-F3D9A06ACA1E.root
%MSG-w XrdAdaptorInternal:  file_open 10-Jun-2024 19:23:58 CEST PostProcessEvent
Failed to open file at URL root://eoscms.cern.ch:1094//eos/cms/store/mc/RunIISummer20UL16MiniAODAPVv2/QCD_Pt_50to80_TuneCP5_13TeV_pythia8/MINIAODSIM/106X_mcRun2_asymptotic_preVFP_v11-v1/140000/14C4071A-1B6F-E645-9A91-F3D9A06ACA1E.root.
%MSG
%MSG-w XrdAdaptorInternal:  file_open 10-Jun-2024 19:23:58 CEST PostProcessEvent
Failed to open file at URL root://eoscms.cern.ch:1094//eos/cms/store/mc/RunIISummer20UL16MiniAODAPVv2/QCD_Pt_50to80_TuneCP5_13TeV_pythia8/MINIAODSIM/106X_mcRun2_asymptotic_preVFP_v11-v1/140000/14C4071A-1B6F-E645-9A91-F3D9A06ACA1E.root?tried=.
%MSG
10-Jun-2024 19:23:58 CEST  Fallback request to file root://xrootd-cms.infn.it//store/mc/RunIISummer20UL16MiniAODAPVv2/QCD_Pt_50to80_TuneCP5_13TeV_pythia8/MINIAODSIM/106X_mcRun2_asymptotic_preVFP_v11-v1/140000/14C4071A-1B6F-E645-9A91-F3D9A06ACA1E.root
%MSG-w XrdAdaptor:  file_open 10-Jun-2024 19:24:12 CEST PostProcessEvent
Data is served from fnal.gov instead of original site T2_FR_GRIF_LLR
%MSG
10-Jun-2024 19:24:12 CEST  Successfully opened file root://xrootd-cms.infn.it//store/mc/RunIISummer20UL16MiniAODAPVv2/QCD_Pt_50to80_TuneCP5_13TeV_pythia8/MINIAODSIM/106X_mcRun2_asymptotic_preVFP_v11-v1/140000/14C4071A-1B6F-E645-9A91-F3D9A06ACA1E.root
Begin processing the 200001st record. Run 1, Event 7809010, LumiSection 7810 on stream 0 at 10-Jun-2024 19:24:21.537 CEST
10-Jun-2024 19:24:21 CEST  Closed file root://xrootd-cms.infn.it//store/mc/RunIISummer20UL16MiniAODAPVv2/QCD_Pt_50to80_TuneCP5_13TeV_pythia8/MINIAODSIM/106X_mcRun2_asymptotic_preVFP_v11-v1/140000/14C4071A-1B6F-E645-9A91-F3D9A06ACA1E.root
10-Jun-2024 19:24:21 CEST  Initiating request to open file root://eoscms.cern.ch//eos/cms/store/mc/RunIISummer20UL16MiniAODAPVv2/QCD_Pt_50to80_TuneCP5_13TeV_pythia8/MINIAODSIM/106X_mcRun2_asymptotic_preVFP_v11-v1/140000/9101F15E-D8E8-B14A-9C80-73AA6A3CF1C0.root
%MSG-w XrdAdaptorInternal:  file_open 10-Jun-2024 19:24:22 CEST PostProcessEvent
Failed to open file at URL root://eoscms.cern.ch:1094//eos/cms/store/mc/RunIISummer20UL16MiniAODAPVv2/QCD_Pt_50to80_TuneCP5_13TeV_pythia8/MINIAODSIM/106X_mcRun2_asymptotic_preVFP_v11-v1/140000/9101F15E-D8E8-B14A-9C80-73AA6A3CF1C0.root.
%MSG
%MSG-w XrdAdaptorInternal:  file_open 10-Jun-2024 19:24:22 CEST PostProcessEvent
Failed to open file at URL root://eoscms.cern.ch:1094//eos/cms/store/mc/RunIISummer20UL16MiniAODAPVv2/QCD_Pt_50to80_TuneCP5_13TeV_pythia8/MINIAODSIM/106X_mcRun2_asymptotic_preVFP_v11-v1/140000/9101F15E-D8E8-B14A-9C80-73AA6A3CF1C0.root?tried=.
%MSG
10-Jun-2024 19:24:22 CEST  Fallback request to file root://xrootd-cms.infn.it//store/mc/RunIISummer20UL16MiniAODAPVv2/QCD_Pt_50to80_TuneCP5_13TeV_pythia8/MINIAODSIM/106X_mcRun2_asymptotic_preVFP_v11-v1/140000/9101F15E-D8E8-B14A-9C80-73AA6A3CF1C0.root
%MSG-w XrdAdaptor:  file_open 10-Jun-2024 19:24:35 CEST PostProcessEvent
Data is served from fnal.gov instead of original site T2_FR_GRIF_LLR
%MSG
10-Jun-2024 19:24:36 CEST  Successfully opened file root://xrootd-cms.infn.it//store/mc/RunIISummer20UL16MiniAODAPVv2/QCD_Pt_50to80_TuneCP5_13TeV_pythia8/MINIAODSIM/106X_mcRun2_asymptotic_preVFP_v11-v1/140000/9101F15E-D8E8-B14A-9C80-73AA6A3CF1C0.root
10-Jun-2024 19:24:44 CEST  Closed file root://xrootd-cms.infn.it//store/mc/RunIISummer20UL16MiniAODAPVv2/QCD_Pt_50to80_TuneCP5_13TeV_pythia8/MINIAODSIM/106X_mcRun2_asymptotic_preVFP_v11-v1/140000/9101F15E-D8E8-B14A-9C80-73AA6A3CF1C0.root
10-Jun-2024 19:24:44 CEST  Initiating request to open file root://eoscms.cern.ch//eos/cms/store/mc/RunIISummer20UL16MiniAODAPVv2/QCD_Pt_50to80_TuneCP5_13TeV_pythia8/MINIAODSIM/106X_mcRun2_asymptotic_preVFP_v11-v1/140000/F4C87B55-C82F-D748-B6AD-FE760E57DCB8.root
%MSG-w XrdAdaptorInternal:  file_open 10-Jun-2024 19:24:45 CEST PostProcessEvent
Failed to open file at URL root://eoscms.cern.ch:1094//eos/cms/store/mc/RunIISummer20UL16MiniAODAPVv2/QCD_Pt_50to80_TuneCP5_13TeV_pythia8/MINIAODSIM/106X_mcRun2_asymptotic_preVFP_v11-v1/140000/F4C87B55-C82F-D748-B6AD-FE760E57DCB8.root.
%MSG
%MSG-w XrdAdaptorInternal:  file_open 10-Jun-2024 19:24:45 CEST PostProcessEvent
Failed to open file at URL root://eoscms.cern.ch:1094//eos/cms/store/mc/RunIISummer20UL16MiniAODAPVv2/QCD_Pt_50to80_TuneCP5_13TeV_pythia8/MINIAODSIM/106X_mcRun2_asymptotic_preVFP_v11-v1/140000/F4C87B55-C82F-D748-B6AD-FE760E57DCB8.root?tried=.
%MSG
10-Jun-2024 19:24:45 CEST  Fallback request to file root://xrootd-cms.infn.it//store/mc/RunIISummer20UL16MiniAODAPVv2/QCD_Pt_50to80_TuneCP5_13TeV_pythia8/MINIAODSIM/106X_mcRun2_asymptotic_preVFP_v11-v1/140000/F4C87B55-C82F-D748-B6AD-FE760E57DCB8.root
%MSG-w XrdAdaptor:  file_open 10-Jun-2024 19:24:57 CEST PostProcessEvent
Data is served from fnal.gov instead of original site T2_FR_GRIF_LLR
%MSG
10-Jun-2024 19:24:58 CEST  Successfully opened file root://xrootd-cms.infn.it//store/mc/RunIISummer20UL16MiniAODAPVv2/QCD_Pt_50to80_TuneCP5_13TeV_pythia8/MINIAODSIM/106X_mcRun2_asymptotic_preVFP_v11-v1/140000/F4C87B55-C82F-D748-B6AD-FE760E57DCB8.root
Begin processing the 300001st record. Run 1, Event 12026004, LumiSection 12026 on stream 0 at 10-Jun-2024 19:25:05.347 CEST
10-Jun-2024 19:25:08 CEST  Closed file root://xrootd-cms.infn.it//store/mc/RunIISummer20UL16MiniAODAPVv2/QCD_Pt_50to80_TuneCP5_13TeV_pythia8/MINIAODSIM/106X_mcRun2_asymptotic_preVFP_v11-v1/140000/F4C87B55-C82F-D748-B6AD-FE760E57DCB8.root
10-Jun-2024 19:25:08 CEST  Initiating request to open file root://eoscms.cern.ch//eos/cms/store/mc/RunIISummer20UL16MiniAODAPVv2/QCD_Pt_50to80_TuneCP5_13TeV_pythia8/MINIAODSIM/106X_mcRun2_asymptotic_preVFP_v11-v1/140000/324C29FF-EFAB-424C-A71F-8203D1FAB87F.root
%MSG-w XrdAdaptorInternal:  file_open 10-Jun-2024 19:25:09 CEST PostProcessEvent
Failed to open file at URL root://eoscms.cern.ch:1094//eos/cms/store/mc/RunIISummer20UL16MiniAODAPVv2/QCD_Pt_50to80_TuneCP5_13TeV_pythia8/MINIAODSIM/106X_mcRun2_asymptotic_preVFP_v11-v1/140000/324C29FF-EFAB-424C-A71F-8203D1FAB87F.root.
%MSG
%MSG-w XrdAdaptorInternal:  file_open 10-Jun-2024 19:25:09 CEST PostProcessEvent
Failed to open file at URL root://eoscms.cern.ch:1094//eos/cms/store/mc/RunIISummer20UL16MiniAODAPVv2/QCD_Pt_50to80_TuneCP5_13TeV_pythia8/MINIAODSIM/106X_mcRun2_asymptotic_preVFP_v11-v1/140000/324C29FF-EFAB-424C-A71F-8203D1FAB87F.root?tried=.
%MSG
10-Jun-2024 19:25:09 CEST  Fallback request to file root://xrootd-cms.infn.it//store/mc/RunIISummer20UL16MiniAODAPVv2/QCD_Pt_50to80_TuneCP5_13TeV_pythia8/MINIAODSIM/106X_mcRun2_asymptotic_preVFP_v11-v1/140000/324C29FF-EFAB-424C-A71F-8203D1FAB87F.root
%MSG-w XrdAdaptor:  file_open 10-Jun-2024 19:25:21 CEST PostProcessEvent
Data is served from fnal.gov instead of original site T2_FR_GRIF_LLR
%MSG
10-Jun-2024 19:25:22 CEST  Successfully opened file root://xrootd-cms.infn.it//store/mc/RunIISummer20UL16MiniAODAPVv2/QCD_Pt_50to80_TuneCP5_13TeV_pythia8/MINIAODSIM/106X_mcRun2_asymptotic_preVFP_v11-v1/140000/324C29FF-EFAB-424C-A71F-8203D1FAB87F.root
Begin processing the 400001st record. Run 1, Event 12126005, LumiSection 12126 on stream 0 at 10-Jun-2024 19:25:28.691 CEST
10-Jun-2024 19:25:31 CEST  Closed file root://xrootd-cms.infn.it//store/mc/RunIISummer20UL16MiniAODAPVv2/QCD_Pt_50to80_TuneCP5_13TeV_pythia8/MINIAODSIM/106X_mcRun2_asymptotic_preVFP_v11-v1/140000/324C29FF-EFAB-424C-A71F-8203D1FAB87F.root
10-Jun-2024 19:25:31 CEST  Initiating request to open file root://eoscms.cern.ch//eos/cms/store/mc/RunIISummer20UL16MiniAODAPVv2/QCD_Pt_50to80_TuneCP5_13TeV_pythia8/MINIAODSIM/106X_mcRun2_asymptotic_preVFP_v11-v1/140000/4339949D-305B-FA4E-80C4-B4C71F7B2EA4.root
%MSG-w XrdAdaptorInternal:  file_open 10-Jun-2024 19:25:32 CEST PostProcessEvent
Failed to open file at URL root://eoscms.cern.ch:1094//eos/cms/store/mc/RunIISummer20UL16MiniAODAPVv2/QCD_Pt_50to80_TuneCP5_13TeV_pythia8/MINIAODSIM/106X_mcRun2_asymptotic_preVFP_v11-v1/140000/4339949D-305B-FA4E-80C4-B4C71F7B2EA4.root.
%MSG
%MSG-w XrdAdaptorInternal:  file_open 10-Jun-2024 19:25:32 CEST PostProcessEvent
Failed to open file at URL root://eoscms.cern.ch:1094//eos/cms/store/mc/RunIISummer20UL16MiniAODAPVv2/QCD_Pt_50to80_TuneCP5_13TeV_pythia8/MINIAODSIM/106X_mcRun2_asymptotic_preVFP_v11-v1/140000/4339949D-305B-FA4E-80C4-B4C71F7B2EA4.root?tried=.
%MSG
10-Jun-2024 19:25:32 CEST  Fallback request to file root://xrootd-cms.infn.it//store/mc/RunIISummer20UL16MiniAODAPVv2/QCD_Pt_50to80_TuneCP5_13TeV_pythia8/MINIAODSIM/106X_mcRun2_asymptotic_preVFP_v11-v1/140000/4339949D-305B-FA4E-80C4-B4C71F7B2EA4.root
%MSG-w XrdAdaptor:  file_open 10-Jun-2024 19:25:46 CEST PostProcessEvent
Data is served from fnal.gov instead of original site T2_FR_GRIF_LLR
%MSG
10-Jun-2024 19:25:46 CEST  Successfully opened file root://xrootd-cms.infn.it//store/mc/RunIISummer20UL16MiniAODAPVv2/QCD_Pt_50to80_TuneCP5_13TeV_pythia8/MINIAODSIM/106X_mcRun2_asymptotic_preVFP_v11-v1/140000/4339949D-305B-FA4E-80C4-B4C71F7B2EA4.root
Begin processing the 500001st record. Run 1, Event 12266015, LumiSection 12266 on stream 0 at 10-Jun-2024 19:25:54.317 CEST
10-Jun-2024 19:25:57 CEST  Closed file root://xrootd-cms.infn.it//store/mc/RunIISummer20UL16MiniAODAPVv2/QCD_Pt_50to80_TuneCP5_13TeV_pythia8/MINIAODSIM/106X_mcRun2_asymptotic_preVFP_v11-v1/140000/4339949D-305B-FA4E-80C4-B4C71F7B2EA4.root
10-Jun-2024 19:25:57 CEST  Initiating request to open file root://eoscms.cern.ch//eos/cms/store/mc/RunIISummer20UL16MiniAODAPVv2/QCD_Pt_50to80_TuneCP5_13TeV_pythia8/MINIAODSIM/106X_mcRun2_asymptotic_preVFP_v11-v1/140000/93FF4C45-ECAF-C548-9010-7DAF064ADD31.root
%MSG-w XrdAdaptorInternal:  file_open 10-Jun-2024 19:25:58 CEST PostProcessEvent
Failed to open file at URL root://eoscms.cern.ch:1094//eos/cms/store/mc/RunIISummer20UL16MiniAODAPVv2/QCD_Pt_50to80_TuneCP5_13TeV_pythia8/MINIAODSIM/106X_mcRun2_asymptotic_preVFP_v11-v1/140000/93FF4C45-ECAF-C548-9010-7DAF064ADD31.root.
%MSG
%MSG-w XrdAdaptorInternal:  file_open 10-Jun-2024 19:25:58 CEST PostProcessEvent
Failed to open file at URL root://eoscms.cern.ch:1094//eos/cms/store/mc/RunIISummer20UL16MiniAODAPVv2/QCD_Pt_50to80_TuneCP5_13TeV_pythia8/MINIAODSIM/106X_mcRun2_asymptotic_preVFP_v11-v1/140000/93FF4C45-ECAF-C548-9010-7DAF064ADD31.root?tried=.
%MSG
10-Jun-2024 19:25:58 CEST  Fallback request to file root://xrootd-cms.infn.it//store/mc/RunIISummer20UL16MiniAODAPVv2/QCD_Pt_50to80_TuneCP5_13TeV_pythia8/MINIAODSIM/106X_mcRun2_asymptotic_preVFP_v11-v1/140000/93FF4C45-ECAF-C548-9010-7DAF064ADD31.root
%MSG-w XrdAdaptor:  file_open 10-Jun-2024 19:26:10 CEST PostProcessEvent
Data is served from fnal.gov instead of original site T2_FR_GRIF_LLR
%MSG
10-Jun-2024 19:26:11 CEST  Successfully opened file root://xrootd-cms.infn.it//store/mc/RunIISummer20UL16MiniAODAPVv2/QCD_Pt_50to80_TuneCP5_13TeV_pythia8/MINIAODSIM/106X_mcRun2_asymptotic_preVFP_v11-v1/140000/93FF4C45-ECAF-C548-9010-7DAF064ADD31.root
Begin processing the 600001st record. Run 1, Event 12378006, LumiSection 12378 on stream 0 at 10-Jun-2024 19:26:17.190 CEST
Begin processing the 700001st record. Run 1, Event 12514005, LumiSection 12514 on stream 0 at 10-Jun-2024 19:26:20.243 CEST
10-Jun-2024 19:26:20 CEST  Closed file root://xrootd-cms.infn.it//store/mc/RunIISummer20UL16MiniAODAPVv2/QCD_Pt_50to80_TuneCP5_13TeV_pythia8/MINIAODSIM/106X_mcRun2_asymptotic_preVFP_v11-v1/140000/93FF4C45-ECAF-C548-9010-7DAF064ADD31.root
10-Jun-2024 19:26:20 CEST  Initiating request to open file root://eoscms.cern.ch//eos/cms/store/mc/RunIISummer20UL16MiniAODAPVv2/QCD_Pt_50to80_TuneCP5_13TeV_pythia8/MINIAODSIM/106X_mcRun2_asymptotic_preVFP_v11-v1/140000/76C1E184-C603-D848-ABAA-48C76A528A95.root
%MSG-w XrdAdaptorInternal:  file_open 10-Jun-2024 19:26:21 CEST PostProcessEvent
Failed to open file at URL root://eoscms.cern.ch:1094//eos/cms/store/mc/RunIISummer20UL16MiniAODAPVv2/QCD_Pt_50to80_TuneCP5_13TeV_pythia8/MINIAODSIM/106X_mcRun2_asymptotic_preVFP_v11-v1/140000/76C1E184-C603-D848-ABAA-48C76A528A95.root.
%MSG
%MSG-w XrdAdaptorInternal:  file_open 10-Jun-2024 19:26:21 CEST PostProcessEvent
Failed to open file at URL root://eoscms.cern.ch:1094//eos/cms/store/mc/RunIISummer20UL16MiniAODAPVv2/QCD_Pt_50to80_TuneCP5_13TeV_pythia8/MINIAODSIM/106X_mcRun2_asymptotic_preVFP_v11-v1/140000/76C1E184-C603-D848-ABAA-48C76A528A95.root?tried=.
%MSG
10-Jun-2024 19:26:21 CEST  Fallback request to file root://xrootd-cms.infn.it//store/mc/RunIISummer20UL16MiniAODAPVv2/QCD_Pt_50to80_TuneCP5_13TeV_pythia8/MINIAODSIM/106X_mcRun2_asymptotic_preVFP_v11-v1/140000/76C1E184-C603-D848-ABAA-48C76A528A95.root
%MSG-w XrdAdaptor:  file_open 10-Jun-2024 19:26:34 CEST PostProcessEvent
Data is served from fnal.gov instead of original site T2_FR_GRIF_LLR
%MSG
10-Jun-2024 19:26:34 CEST  Successfully opened file root://xrootd-cms.infn.it//store/mc/RunIISummer20UL16MiniAODAPVv2/QCD_Pt_50to80_TuneCP5_13TeV_pythia8/MINIAODSIM/106X_mcRun2_asymptotic_preVFP_v11-v1/140000/76C1E184-C603-D848-ABAA-48C76A528A95.root
Begin processing the 800001st record. Run 1, Event 12766008, LumiSection 12766 on stream 0 at 10-Jun-2024 19:26:44.136 CEST
10-Jun-2024 19:26:44 CEST  Closed file root://xrootd-cms.infn.it//store/mc/RunIISummer20UL16MiniAODAPVv2/QCD_Pt_50to80_TuneCP5_13TeV_pythia8/MINIAODSIM/106X_mcRun2_asymptotic_preVFP_v11-v1/140000/76C1E184-C603-D848-ABAA-48C76A528A95.root
10-Jun-2024 19:26:44 CEST  Initiating request to open file root://eoscms.cern.ch//eos/cms/store/mc/RunIISummer20UL16MiniAODAPVv2/QCD_Pt_50to80_TuneCP5_13TeV_pythia8/MINIAODSIM/106X_mcRun2_asymptotic_preVFP_v11-v1/140000/E10101A2-7BB4-C949-962D-7ABC07A8EB37.root
%MSG-w XrdAdaptorInternal:  file_open 10-Jun-2024 19:26:45 CEST PostProcessEvent
Failed to open file at URL root://eoscms.cern.ch:1094//eos/cms/store/mc/RunIISummer20UL16MiniAODAPVv2/QCD_Pt_50to80_TuneCP5_13TeV_pythia8/MINIAODSIM/106X_mcRun2_asymptotic_preVFP_v11-v1/140000/E10101A2-7BB4-C949-962D-7ABC07A8EB37.root.
%MSG
%MSG-w XrdAdaptorInternal:  file_open 10-Jun-2024 19:26:45 CEST PostProcessEvent
Failed to open file at URL root://eoscms.cern.ch:1094//eos/cms/store/mc/RunIISummer20UL16MiniAODAPVv2/QCD_Pt_50to80_TuneCP5_13TeV_pythia8/MINIAODSIM/106X_mcRun2_asymptotic_preVFP_v11-v1/140000/E10101A2-7BB4-C949-962D-7ABC07A8EB37.root?tried=.
%MSG
10-Jun-2024 19:26:45 CEST  Fallback request to file root://xrootd-cms.infn.it//store/mc/RunIISummer20UL16MiniAODAPVv2/QCD_Pt_50to80_TuneCP5_13TeV_pythia8/MINIAODSIM/106X_mcRun2_asymptotic_preVFP_v11-v1/140000/E10101A2-7BB4-C949-962D-7ABC07A8EB37.root
%MSG-w XrdAdaptor:  file_open 10-Jun-2024 19:26:58 CEST PostProcessEvent
Data is served from fnal.gov instead of original site T2_FR_GRIF_LLR
%MSG
10-Jun-2024 19:26:58 CEST  Successfully opened file root://xrootd-cms.infn.it//store/mc/RunIISummer20UL16MiniAODAPVv2/QCD_Pt_50to80_TuneCP5_13TeV_pythia8/MINIAODSIM/106X_mcRun2_asymptotic_preVFP_v11-v1/140000/E10101A2-7BB4-C949-962D-7ABC07A8EB37.root
10-Jun-2024 19:27:07 CEST  Closed file root://xrootd-cms.infn.it//store/mc/RunIISummer20UL16MiniAODAPVv2/QCD_Pt_50to80_TuneCP5_13TeV_pythia8/MINIAODSIM/106X_mcRun2_asymptotic_preVFP_v11-v1/140000/E10101A2-7BB4-C949-962D-7ABC07A8EB37.root
10-Jun-2024 19:27:07 CEST  Initiating request to open file root://eoscms.cern.ch//eos/cms/store/mc/RunIISummer20UL16MiniAODAPVv2/QCD_Pt_50to80_TuneCP5_13TeV_pythia8/MINIAODSIM/106X_mcRun2_asymptotic_preVFP_v11-v1/140000/4100FEE5-82B3-DE4A-9ED8-6531F37782C5.root
%MSG-w XrdAdaptorInternal:  file_open 10-Jun-2024 19:27:08 CEST PostProcessEvent
Failed to open file at URL root://eoscms.cern.ch:1094//eos/cms/store/mc/RunIISummer20UL16MiniAODAPVv2/QCD_Pt_50to80_TuneCP5_13TeV_pythia8/MINIAODSIM/106X_mcRun2_asymptotic_preVFP_v11-v1/140000/4100FEE5-82B3-DE4A-9ED8-6531F37782C5.root.
%MSG
%MSG-w XrdAdaptorInternal:  file_open 10-Jun-2024 19:27:08 CEST PostProcessEvent
Failed to open file at URL root://eoscms.cern.ch:1094//eos/cms/store/mc/RunIISummer20UL16MiniAODAPVv2/QCD_Pt_50to80_TuneCP5_13TeV_pythia8/MINIAODSIM/106X_mcRun2_asymptotic_preVFP_v11-v1/140000/4100FEE5-82B3-DE4A-9ED8-6531F37782C5.root?tried=.
%MSG
10-Jun-2024 19:27:08 CEST  Fallback request to file root://xrootd-cms.infn.it//store/mc/RunIISummer20UL16MiniAODAPVv2/QCD_Pt_50to80_TuneCP5_13TeV_pythia8/MINIAODSIM/106X_mcRun2_asymptotic_preVFP_v11-v1/140000/4100FEE5-82B3-DE4A-9ED8-6531F37782C5.root
%MSG-w XrdAdaptor:  file_open 10-Jun-2024 19:27:20 CEST PostProcessEvent
Data is served from fnal.gov instead of original site T2_FR_GRIF_LLR
%MSG
10-Jun-2024 19:27:21 CEST  Successfully opened file root://xrootd-cms.infn.it//store/mc/RunIISummer20UL16MiniAODAPVv2/QCD_Pt_50to80_TuneCP5_13TeV_pythia8/MINIAODSIM/106X_mcRun2_asymptotic_preVFP_v11-v1/140000/4100FEE5-82B3-DE4A-9ED8-6531F37782C5.root
Begin processing the 900001st record. Run 1, Event 12544011, LumiSection 12544 on stream 0 at 10-Jun-2024 19:27:27.779 CEST
10-Jun-2024 19:27:30 CEST  Closed file root://xrootd-cms.infn.it//store/mc/RunIISummer20UL16MiniAODAPVv2/QCD_Pt_50to80_TuneCP5_13TeV_pythia8/MINIAODSIM/106X_mcRun2_asymptotic_preVFP_v11-v1/140000/4100FEE5-82B3-DE4A-9ED8-6531F37782C5.root
10-Jun-2024 19:27:30 CEST  Initiating request to open file root://eoscms.cern.ch//eos/cms/store/mc/RunIISummer20UL16MiniAODAPVv2/QCD_Pt_50to80_TuneCP5_13TeV_pythia8/MINIAODSIM/106X_mcRun2_asymptotic_preVFP_v11-v1/140000/BC305C0C-38CD-394F-9E52-794558EA2718.root
%MSG-w XrdAdaptorInternal:  file_open 10-Jun-2024 19:27:31 CEST PostProcessEvent
Failed to open file at URL root://eoscms.cern.ch:1094//eos/cms/store/mc/RunIISummer20UL16MiniAODAPVv2/QCD_Pt_50to80_TuneCP5_13TeV_pythia8/MINIAODSIM/106X_mcRun2_asymptotic_preVFP_v11-v1/140000/BC305C0C-38CD-394F-9E52-794558EA2718.root.
%MSG
%MSG-w XrdAdaptorInternal:  file_open 10-Jun-2024 19:27:31 CEST PostProcessEvent
Failed to open file at URL root://eoscms.cern.ch:1094//eos/cms/store/mc/RunIISummer20UL16MiniAODAPVv2/QCD_Pt_50to80_TuneCP5_13TeV_pythia8/MINIAODSIM/106X_mcRun2_asymptotic_preVFP_v11-v1/140000/BC305C0C-38CD-394F-9E52-794558EA2718.root?tried=.
%MSG
10-Jun-2024 19:27:31 CEST  Fallback request to file root://xrootd-cms.infn.it//store/mc/RunIISummer20UL16MiniAODAPVv2/QCD_Pt_50to80_TuneCP5_13TeV_pythia8/MINIAODSIM/106X_mcRun2_asymptotic_preVFP_v11-v1/140000/BC305C0C-38CD-394F-9E52-794558EA2718.root
%MSG-w XrdAdaptor:  file_open 10-Jun-2024 19:27:43 CEST PostProcessEvent
Data is served from fnal.gov instead of original site T2_FR_GRIF_LLR
%MSG
10-Jun-2024 19:27:44 CEST  Successfully opened file root://xrootd-cms.infn.it//store/mc/RunIISummer20UL16MiniAODAPVv2/QCD_Pt_50to80_TuneCP5_13TeV_pythia8/MINIAODSIM/106X_mcRun2_asymptotic_preVFP_v11-v1/140000/BC305C0C-38CD-394F-9E52-794558EA2718.root
10-Jun-2024 19:27:50 CEST  Closed file root://xrootd-cms.infn.it//store/mc/RunIISummer20UL16MiniAODAPVv2/QCD_Pt_50to80_TuneCP5_13TeV_pythia8/MINIAODSIM/106X_mcRun2_asymptotic_preVFP_v11-v1/140000/BC305C0C-38CD-394F-9E52-794558EA2718.root

------------------------------------
GenXsecAnalyzer:
------------------------------------
Before Filter: total cross section = 1.572e+07 +- 8.046e+03 pb
Filter efficiency (taking into account weights)= (1e+06) / (1e+06) = 1.000e+00 +- 0.000e+00
Filter efficiency (event-level)= (1e+06) / (1e+06) = 1.000e+00 +- 0.000e+00    [TO BE USED IN MCM]

After filter: final cross section = 1.572e+07 +- 8.046e+03 pb
After filter: final fraction of events with negative weights = 0.000e+00 +- 0.000e+00
After filter: final equivalent lumi for 1M events (1/fb) = 6.361e-05 +- 7.146e-08

=============================================

MessageLogger Summary

 type     category        sev    module        subroutine        count    total
 ---- -------------------- -- ---------------- ----------------  -----    -----
    1 GenXSecAnalyzer      -w GenXSecAnalyzer:                       7        7
    2 XrdAdaptor           -w file_open                             13       13
    3 XrdAdaptorInternal   -w file_open                             26       26
    4 fileAction           -s file_close                            13       13
    5 fileAction           -s file_open                             39       39

 type    category    Examples: run/evt        run/evt          run/evt
 ---- -------------------- ---------------- ---------------- ----------------
    1 GenXSecAnalyzer      PostGlobalEndRun PostGlobalEndRun PostGlobalEndRun
    2 XrdAdaptor           pre-events       PostProcessEvent PostProcessEvent
    3 XrdAdaptorInternal   pre-events       pre-events       PostProcessEvent
    4 fileAction           PostProcessEvent PostProcessEvent PostGlobalEndRun
    5 fileAction           pre-events       pre-events       PostProcessEvent

Severity    # Occurrences   Total Occurrences
--------    -------------   -----------------
Warning                46                  46
System                 52                  52

dropped waiting message count 0
