10-Jun-2024 19:38:05 CEST  Initiating request to open file root://eoscms.cern.ch//eos/cms/store/mc/RunIISummer20UL16MiniAODAPVv2/QCD_HT500to700_TuneCP5_PSWeights_13TeV-madgraph-pythia8/MINIAODSIM/106X_mcRun2_asymptotic_preVFP_v11-v1/260000/256F2A6E-08C5-EE48-AD45-7C8B0E770480.root
%MSG-w XrdAdaptorInternal:  file_open 10-Jun-2024 19:38:06 CEST pre-events
Failed to open file at URL root://eoscms.cern.ch:1094//eos/cms/store/mc/RunIISummer20UL16MiniAODAPVv2/QCD_HT500to700_TuneCP5_PSWeights_13TeV-madgraph-pythia8/MINIAODSIM/106X_mcRun2_asymptotic_preVFP_v11-v1/260000/256F2A6E-08C5-EE48-AD45-7C8B0E770480.root.
%MSG
%MSG-w XrdAdaptorInternal:  file_open 10-Jun-2024 19:38:06 CEST pre-events
Failed to open file at URL root://eoscms.cern.ch:1094//eos/cms/store/mc/RunIISummer20UL16MiniAODAPVv2/QCD_HT500to700_TuneCP5_PSWeights_13TeV-madgraph-pythia8/MINIAODSIM/106X_mcRun2_asymptotic_preVFP_v11-v1/260000/256F2A6E-08C5-EE48-AD45-7C8B0E770480.root?tried=.
%MSG
10-Jun-2024 19:38:06 CEST  Fallback request to file root://xrootd-cms.infn.it//store/mc/RunIISummer20UL16MiniAODAPVv2/QCD_HT500to700_TuneCP5_PSWeights_13TeV-madgraph-pythia8/MINIAODSIM/106X_mcRun2_asymptotic_preVFP_v11-v1/260000/256F2A6E-08C5-EE48-AD45-7C8B0E770480.root
Unable to load sec.protocol plugin libXrdSecztn.so
%MSG-w XrdAdaptor:  file_open 10-Jun-2024 19:38:22 CEST pre-events
Data is served from fnal.gov instead of original site T2_IT_Pisa
%MSG
10-Jun-2024 19:38:25 CEST  Successfully opened file root://xrootd-cms.infn.it//store/mc/RunIISummer20UL16MiniAODAPVv2/QCD_HT500to700_TuneCP5_PSWeights_13TeV-madgraph-pythia8/MINIAODSIM/106X_mcRun2_asymptotic_preVFP_v11-v1/260000/256F2A6E-08C5-EE48-AD45-7C8B0E770480.root
Unable to load sec.protocol plugin libXrdSecztn.so
Begin processing the 1st record. Run 1, Event 51802914, LumiSection 6330 on stream 0 at 10-Jun-2024 19:38:30.125 CEST
10-Jun-2024 19:38:30 CEST  Closed file root://xrootd-cms.infn.it//store/mc/RunIISummer20UL16MiniAODAPVv2/QCD_HT500to700_TuneCP5_PSWeights_13TeV-madgraph-pythia8/MINIAODSIM/106X_mcRun2_asymptotic_preVFP_v11-v1/260000/256F2A6E-08C5-EE48-AD45-7C8B0E770480.root
10-Jun-2024 19:38:30 CEST  Initiating request to open file root://eoscms.cern.ch//eos/cms/store/mc/RunIISummer20UL16MiniAODAPVv2/QCD_HT500to700_TuneCP5_PSWeights_13TeV-madgraph-pythia8/MINIAODSIM/106X_mcRun2_asymptotic_preVFP_v11-v1/260000/F123CEE9-E1FC-054B-8956-E5E1614C7D99.root
%MSG-w XrdAdaptorInternal:  file_open 10-Jun-2024 19:38:31 CEST PostProcessEvent
Failed to open file at URL root://eoscms.cern.ch:1094//eos/cms/store/mc/RunIISummer20UL16MiniAODAPVv2/QCD_HT500to700_TuneCP5_PSWeights_13TeV-madgraph-pythia8/MINIAODSIM/106X_mcRun2_asymptotic_preVFP_v11-v1/260000/F123CEE9-E1FC-054B-8956-E5E1614C7D99.root.
%MSG
%MSG-w XrdAdaptorInternal:  file_open 10-Jun-2024 19:38:31 CEST PostProcessEvent
Failed to open file at URL root://eoscms.cern.ch:1094//eos/cms/store/mc/RunIISummer20UL16MiniAODAPVv2/QCD_HT500to700_TuneCP5_PSWeights_13TeV-madgraph-pythia8/MINIAODSIM/106X_mcRun2_asymptotic_preVFP_v11-v1/260000/F123CEE9-E1FC-054B-8956-E5E1614C7D99.root?tried=.
%MSG
10-Jun-2024 19:38:31 CEST  Fallback request to file root://xrootd-cms.infn.it//store/mc/RunIISummer20UL16MiniAODAPVv2/QCD_HT500to700_TuneCP5_PSWeights_13TeV-madgraph-pythia8/MINIAODSIM/106X_mcRun2_asymptotic_preVFP_v11-v1/260000/F123CEE9-E1FC-054B-8956-E5E1614C7D99.root
Unable to load sec.protocol plugin libXrdSecztn.so
%MSG-w XrdAdaptor:  file_open 10-Jun-2024 19:38:46 CEST PostProcessEvent
Data is served from fnal.gov instead of original site T2_IT_Pisa
%MSG
10-Jun-2024 19:38:46 CEST  Successfully opened file root://xrootd-cms.infn.it//store/mc/RunIISummer20UL16MiniAODAPVv2/QCD_HT500to700_TuneCP5_PSWeights_13TeV-madgraph-pythia8/MINIAODSIM/106X_mcRun2_asymptotic_preVFP_v11-v1/260000/F123CEE9-E1FC-054B-8956-E5E1614C7D99.root
10-Jun-2024 19:38:54 CEST  Closed file root://xrootd-cms.infn.it//store/mc/RunIISummer20UL16MiniAODAPVv2/QCD_HT500to700_TuneCP5_PSWeights_13TeV-madgraph-pythia8/MINIAODSIM/106X_mcRun2_asymptotic_preVFP_v11-v1/260000/F123CEE9-E1FC-054B-8956-E5E1614C7D99.root
10-Jun-2024 19:38:54 CEST  Initiating request to open file root://eoscms.cern.ch//eos/cms/store/mc/RunIISummer20UL16MiniAODAPVv2/QCD_HT500to700_TuneCP5_PSWeights_13TeV-madgraph-pythia8/MINIAODSIM/106X_mcRun2_asymptotic_preVFP_v11-v1/260000/D71C6F14-C502-CD4E-8F3D-94423465CBA6.root
%MSG-w XrdAdaptorInternal:  file_open 10-Jun-2024 19:38:55 CEST PostProcessEvent
Failed to open file at URL root://eoscms.cern.ch:1094//eos/cms/store/mc/RunIISummer20UL16MiniAODAPVv2/QCD_HT500to700_TuneCP5_PSWeights_13TeV-madgraph-pythia8/MINIAODSIM/106X_mcRun2_asymptotic_preVFP_v11-v1/260000/D71C6F14-C502-CD4E-8F3D-94423465CBA6.root.
%MSG
%MSG-w XrdAdaptorInternal:  file_open 10-Jun-2024 19:38:55 CEST PostProcessEvent
Failed to open file at URL root://eoscms.cern.ch:1094//eos/cms/store/mc/RunIISummer20UL16MiniAODAPVv2/QCD_HT500to700_TuneCP5_PSWeights_13TeV-madgraph-pythia8/MINIAODSIM/106X_mcRun2_asymptotic_preVFP_v11-v1/260000/D71C6F14-C502-CD4E-8F3D-94423465CBA6.root?tried=.
%MSG
10-Jun-2024 19:38:55 CEST  Fallback request to file root://xrootd-cms.infn.it//store/mc/RunIISummer20UL16MiniAODAPVv2/QCD_HT500to700_TuneCP5_PSWeights_13TeV-madgraph-pythia8/MINIAODSIM/106X_mcRun2_asymptotic_preVFP_v11-v1/260000/D71C6F14-C502-CD4E-8F3D-94423465CBA6.root
%MSG-w XrdAdaptor:  file_open 10-Jun-2024 19:39:08 CEST PostProcessEvent
Data is served from fnal.gov instead of original site T2_IT_Pisa
%MSG
10-Jun-2024 19:39:09 CEST  Successfully opened file root://xrootd-cms.infn.it//store/mc/RunIISummer20UL16MiniAODAPVv2/QCD_HT500to700_TuneCP5_PSWeights_13TeV-madgraph-pythia8/MINIAODSIM/106X_mcRun2_asymptotic_preVFP_v11-v1/260000/D71C6F14-C502-CD4E-8F3D-94423465CBA6.root
Begin processing the 100001st record. Run 1, Event 73975502, LumiSection 9038 on stream 0 at 10-Jun-2024 19:39:16.672 CEST
10-Jun-2024 19:39:18 CEST  Closed file root://xrootd-cms.infn.it//store/mc/RunIISummer20UL16MiniAODAPVv2/QCD_HT500to700_TuneCP5_PSWeights_13TeV-madgraph-pythia8/MINIAODSIM/106X_mcRun2_asymptotic_preVFP_v11-v1/260000/D71C6F14-C502-CD4E-8F3D-94423465CBA6.root
10-Jun-2024 19:39:18 CEST  Initiating request to open file root://eoscms.cern.ch//eos/cms/store/mc/RunIISummer20UL16MiniAODAPVv2/QCD_HT500to700_TuneCP5_PSWeights_13TeV-madgraph-pythia8/MINIAODSIM/106X_mcRun2_asymptotic_preVFP_v11-v1/260000/B884D84F-33D4-1449-9E4D-330B9D372630.root
%MSG-w XrdAdaptorInternal:  file_open 10-Jun-2024 19:39:19 CEST PostProcessEvent
Failed to open file at URL root://eoscms.cern.ch:1094//eos/cms/store/mc/RunIISummer20UL16MiniAODAPVv2/QCD_HT500to700_TuneCP5_PSWeights_13TeV-madgraph-pythia8/MINIAODSIM/106X_mcRun2_asymptotic_preVFP_v11-v1/260000/B884D84F-33D4-1449-9E4D-330B9D372630.root.
%MSG
%MSG-w XrdAdaptorInternal:  file_open 10-Jun-2024 19:39:19 CEST PostProcessEvent
Failed to open file at URL root://eoscms.cern.ch:1094//eos/cms/store/mc/RunIISummer20UL16MiniAODAPVv2/QCD_HT500to700_TuneCP5_PSWeights_13TeV-madgraph-pythia8/MINIAODSIM/106X_mcRun2_asymptotic_preVFP_v11-v1/260000/B884D84F-33D4-1449-9E4D-330B9D372630.root?tried=.
%MSG
10-Jun-2024 19:39:19 CEST  Fallback request to file root://xrootd-cms.infn.it//store/mc/RunIISummer20UL16MiniAODAPVv2/QCD_HT500to700_TuneCP5_PSWeights_13TeV-madgraph-pythia8/MINIAODSIM/106X_mcRun2_asymptotic_preVFP_v11-v1/260000/B884D84F-33D4-1449-9E4D-330B9D372630.root
%MSG-w XrdAdaptor:  file_open 10-Jun-2024 19:39:31 CEST PostProcessEvent
Data is served from fnal.gov instead of original site T2_IT_Pisa
%MSG
10-Jun-2024 19:39:32 CEST  Successfully opened file root://xrootd-cms.infn.it//store/mc/RunIISummer20UL16MiniAODAPVv2/QCD_HT500to700_TuneCP5_PSWeights_13TeV-madgraph-pythia8/MINIAODSIM/106X_mcRun2_asymptotic_preVFP_v11-v1/260000/B884D84F-33D4-1449-9E4D-330B9D372630.root
Begin processing the 200001st record. Run 1, Event 189587394, LumiSection 23163 on stream 0 at 10-Jun-2024 19:39:39.362 CEST
10-Jun-2024 19:39:40 CEST  Closed file root://xrootd-cms.infn.it//store/mc/RunIISummer20UL16MiniAODAPVv2/QCD_HT500to700_TuneCP5_PSWeights_13TeV-madgraph-pythia8/MINIAODSIM/106X_mcRun2_asymptotic_preVFP_v11-v1/260000/B884D84F-33D4-1449-9E4D-330B9D372630.root
10-Jun-2024 19:39:40 CEST  Initiating request to open file root://eoscms.cern.ch//eos/cms/store/mc/RunIISummer20UL16MiniAODAPVv2/QCD_HT500to700_TuneCP5_PSWeights_13TeV-madgraph-pythia8/MINIAODSIM/106X_mcRun2_asymptotic_preVFP_v11-v1/260000/B697CD9C-A963-3E44-BA11-BFE080818112.root
%MSG-w XrdAdaptorInternal:  file_open 10-Jun-2024 19:39:41 CEST PostProcessEvent
Failed to open file at URL root://eoscms.cern.ch:1094//eos/cms/store/mc/RunIISummer20UL16MiniAODAPVv2/QCD_HT500to700_TuneCP5_PSWeights_13TeV-madgraph-pythia8/MINIAODSIM/106X_mcRun2_asymptotic_preVFP_v11-v1/260000/B697CD9C-A963-3E44-BA11-BFE080818112.root.
%MSG
%MSG-w XrdAdaptorInternal:  file_open 10-Jun-2024 19:39:41 CEST PostProcessEvent
Failed to open file at URL root://eoscms.cern.ch:1094//eos/cms/store/mc/RunIISummer20UL16MiniAODAPVv2/QCD_HT500to700_TuneCP5_PSWeights_13TeV-madgraph-pythia8/MINIAODSIM/106X_mcRun2_asymptotic_preVFP_v11-v1/260000/B697CD9C-A963-3E44-BA11-BFE080818112.root?tried=.
%MSG
10-Jun-2024 19:39:41 CEST  Fallback request to file root://xrootd-cms.infn.it//store/mc/RunIISummer20UL16MiniAODAPVv2/QCD_HT500to700_TuneCP5_PSWeights_13TeV-madgraph-pythia8/MINIAODSIM/106X_mcRun2_asymptotic_preVFP_v11-v1/260000/B697CD9C-A963-3E44-BA11-BFE080818112.root
%MSG-w XrdAdaptor:  file_open 10-Jun-2024 19:39:53 CEST PostProcessEvent
Data is served from fnal.gov instead of original site T2_IT_Pisa
%MSG
10-Jun-2024 19:39:54 CEST  Successfully opened file root://xrootd-cms.infn.it//store/mc/RunIISummer20UL16MiniAODAPVv2/QCD_HT500to700_TuneCP5_PSWeights_13TeV-madgraph-pythia8/MINIAODSIM/106X_mcRun2_asymptotic_preVFP_v11-v1/260000/B697CD9C-A963-3E44-BA11-BFE080818112.root
10-Jun-2024 19:40:02 CEST  Closed file root://xrootd-cms.infn.it//store/mc/RunIISummer20UL16MiniAODAPVv2/QCD_HT500to700_TuneCP5_PSWeights_13TeV-madgraph-pythia8/MINIAODSIM/106X_mcRun2_asymptotic_preVFP_v11-v1/260000/B697CD9C-A963-3E44-BA11-BFE080818112.root
10-Jun-2024 19:40:02 CEST  Initiating request to open file root://eoscms.cern.ch//eos/cms/store/mc/RunIISummer20UL16MiniAODAPVv2/QCD_HT500to700_TuneCP5_PSWeights_13TeV-madgraph-pythia8/MINIAODSIM/106X_mcRun2_asymptotic_preVFP_v11-v1/260000/7E2414D9-CE6D-944B-A416-350F9F9F5876.root
%MSG-w XrdAdaptorInternal:  file_open 10-Jun-2024 19:40:03 CEST PostProcessEvent
Failed to open file at URL root://eoscms.cern.ch:1094//eos/cms/store/mc/RunIISummer20UL16MiniAODAPVv2/QCD_HT500to700_TuneCP5_PSWeights_13TeV-madgraph-pythia8/MINIAODSIM/106X_mcRun2_asymptotic_preVFP_v11-v1/260000/7E2414D9-CE6D-944B-A416-350F9F9F5876.root.
%MSG
%MSG-w XrdAdaptorInternal:  file_open 10-Jun-2024 19:40:03 CEST PostProcessEvent
Failed to open file at URL root://eoscms.cern.ch:1094//eos/cms/store/mc/RunIISummer20UL16MiniAODAPVv2/QCD_HT500to700_TuneCP5_PSWeights_13TeV-madgraph-pythia8/MINIAODSIM/106X_mcRun2_asymptotic_preVFP_v11-v1/260000/7E2414D9-CE6D-944B-A416-350F9F9F5876.root?tried=.
%MSG
10-Jun-2024 19:40:03 CEST  Fallback request to file root://xrootd-cms.infn.it//store/mc/RunIISummer20UL16MiniAODAPVv2/QCD_HT500to700_TuneCP5_PSWeights_13TeV-madgraph-pythia8/MINIAODSIM/106X_mcRun2_asymptotic_preVFP_v11-v1/260000/7E2414D9-CE6D-944B-A416-350F9F9F5876.root
%MSG-w XrdAdaptor:  file_open 10-Jun-2024 19:40:16 CEST PostProcessEvent
Data is served from fnal.gov instead of original site T2_IT_Pisa
%MSG
10-Jun-2024 19:40:17 CEST  Successfully opened file root://xrootd-cms.infn.it//store/mc/RunIISummer20UL16MiniAODAPVv2/QCD_HT500to700_TuneCP5_PSWeights_13TeV-madgraph-pythia8/MINIAODSIM/106X_mcRun2_asymptotic_preVFP_v11-v1/260000/7E2414D9-CE6D-944B-A416-350F9F9F5876.root
Begin processing the 300001st record. Run 1, Event 124863308, LumiSection 15256 on stream 0 at 10-Jun-2024 19:40:22.703 CEST
10-Jun-2024 19:40:24 CEST  Closed file root://xrootd-cms.infn.it//store/mc/RunIISummer20UL16MiniAODAPVv2/QCD_HT500to700_TuneCP5_PSWeights_13TeV-madgraph-pythia8/MINIAODSIM/106X_mcRun2_asymptotic_preVFP_v11-v1/260000/7E2414D9-CE6D-944B-A416-350F9F9F5876.root
10-Jun-2024 19:40:24 CEST  Initiating request to open file root://eoscms.cern.ch//eos/cms/store/mc/RunIISummer20UL16MiniAODAPVv2/QCD_HT500to700_TuneCP5_PSWeights_13TeV-madgraph-pythia8/MINIAODSIM/106X_mcRun2_asymptotic_preVFP_v11-v1/260000/B7484906-E53A-3445-A02B-0863431F43D1.root
%MSG-w XrdAdaptorInternal:  file_open 10-Jun-2024 19:40:25 CEST PostProcessEvent
Failed to open file at URL root://eoscms.cern.ch:1094//eos/cms/store/mc/RunIISummer20UL16MiniAODAPVv2/QCD_HT500to700_TuneCP5_PSWeights_13TeV-madgraph-pythia8/MINIAODSIM/106X_mcRun2_asymptotic_preVFP_v11-v1/260000/B7484906-E53A-3445-A02B-0863431F43D1.root.
%MSG
%MSG-w XrdAdaptorInternal:  file_open 10-Jun-2024 19:40:25 CEST PostProcessEvent
Failed to open file at URL root://eoscms.cern.ch:1094//eos/cms/store/mc/RunIISummer20UL16MiniAODAPVv2/QCD_HT500to700_TuneCP5_PSWeights_13TeV-madgraph-pythia8/MINIAODSIM/106X_mcRun2_asymptotic_preVFP_v11-v1/260000/B7484906-E53A-3445-A02B-0863431F43D1.root?tried=.
%MSG
10-Jun-2024 19:40:25 CEST  Fallback request to file root://xrootd-cms.infn.it//store/mc/RunIISummer20UL16MiniAODAPVv2/QCD_HT500to700_TuneCP5_PSWeights_13TeV-madgraph-pythia8/MINIAODSIM/106X_mcRun2_asymptotic_preVFP_v11-v1/260000/B7484906-E53A-3445-A02B-0863431F43D1.root
%MSG-w XrdAdaptor:  file_open 10-Jun-2024 19:40:37 CEST PostProcessEvent
Data is served from fnal.gov instead of original site T2_IT_Pisa
%MSG
10-Jun-2024 19:40:38 CEST  Successfully opened file root://xrootd-cms.infn.it//store/mc/RunIISummer20UL16MiniAODAPVv2/QCD_HT500to700_TuneCP5_PSWeights_13TeV-madgraph-pythia8/MINIAODSIM/106X_mcRun2_asymptotic_preVFP_v11-v1/260000/B7484906-E53A-3445-A02B-0863431F43D1.root
Begin processing the 400001st record. Run 1, Event 15703724, LumiSection 1919 on stream 0 at 10-Jun-2024 19:40:47.018 CEST
10-Jun-2024 19:40:47 CEST  Closed file root://xrootd-cms.infn.it//store/mc/RunIISummer20UL16MiniAODAPVv2/QCD_HT500to700_TuneCP5_PSWeights_13TeV-madgraph-pythia8/MINIAODSIM/106X_mcRun2_asymptotic_preVFP_v11-v1/260000/B7484906-E53A-3445-A02B-0863431F43D1.root
10-Jun-2024 19:40:47 CEST  Initiating request to open file root://eoscms.cern.ch//eos/cms/store/mc/RunIISummer20UL16MiniAODAPVv2/QCD_HT500to700_TuneCP5_PSWeights_13TeV-madgraph-pythia8/MINIAODSIM/106X_mcRun2_asymptotic_preVFP_v11-v1/260000/2C6301FD-469D-CA48-944F-9002B4F47F40.root
%MSG-w XrdAdaptorInternal:  file_open 10-Jun-2024 19:40:48 CEST PostProcessEvent
Failed to open file at URL root://eoscms.cern.ch:1094//eos/cms/store/mc/RunIISummer20UL16MiniAODAPVv2/QCD_HT500to700_TuneCP5_PSWeights_13TeV-madgraph-pythia8/MINIAODSIM/106X_mcRun2_asymptotic_preVFP_v11-v1/260000/2C6301FD-469D-CA48-944F-9002B4F47F40.root.
%MSG
%MSG-w XrdAdaptorInternal:  file_open 10-Jun-2024 19:40:48 CEST PostProcessEvent
Failed to open file at URL root://eoscms.cern.ch:1094//eos/cms/store/mc/RunIISummer20UL16MiniAODAPVv2/QCD_HT500to700_TuneCP5_PSWeights_13TeV-madgraph-pythia8/MINIAODSIM/106X_mcRun2_asymptotic_preVFP_v11-v1/260000/2C6301FD-469D-CA48-944F-9002B4F47F40.root?tried=.
%MSG
10-Jun-2024 19:40:48 CEST  Fallback request to file root://xrootd-cms.infn.it//store/mc/RunIISummer20UL16MiniAODAPVv2/QCD_HT500to700_TuneCP5_PSWeights_13TeV-madgraph-pythia8/MINIAODSIM/106X_mcRun2_asymptotic_preVFP_v11-v1/260000/2C6301FD-469D-CA48-944F-9002B4F47F40.root
%MSG-w XrdAdaptor:  file_open 10-Jun-2024 19:41:01 CEST PostProcessEvent
Data is served from fnal.gov instead of original site T2_IT_Pisa
%MSG
10-Jun-2024 19:41:02 CEST  Successfully opened file root://xrootd-cms.infn.it//store/mc/RunIISummer20UL16MiniAODAPVv2/QCD_HT500to700_TuneCP5_PSWeights_13TeV-madgraph-pythia8/MINIAODSIM/106X_mcRun2_asymptotic_preVFP_v11-v1/260000/2C6301FD-469D-CA48-944F-9002B4F47F40.root
10-Jun-2024 19:41:09 CEST  Closed file root://xrootd-cms.infn.it//store/mc/RunIISummer20UL16MiniAODAPVv2/QCD_HT500to700_TuneCP5_PSWeights_13TeV-madgraph-pythia8/MINIAODSIM/106X_mcRun2_asymptotic_preVFP_v11-v1/260000/2C6301FD-469D-CA48-944F-9002B4F47F40.root
10-Jun-2024 19:41:09 CEST  Initiating request to open file root://eoscms.cern.ch//eos/cms/store/mc/RunIISummer20UL16MiniAODAPVv2/QCD_HT500to700_TuneCP5_PSWeights_13TeV-madgraph-pythia8/MINIAODSIM/106X_mcRun2_asymptotic_preVFP_v11-v1/260000/964FB98B-9DEE-404B-A2F9-79B278E39EF1.root
%MSG-w XrdAdaptorInternal:  file_open 10-Jun-2024 19:41:10 CEST PostProcessEvent
Failed to open file at URL root://eoscms.cern.ch:1094//eos/cms/store/mc/RunIISummer20UL16MiniAODAPVv2/QCD_HT500to700_TuneCP5_PSWeights_13TeV-madgraph-pythia8/MINIAODSIM/106X_mcRun2_asymptotic_preVFP_v11-v1/260000/964FB98B-9DEE-404B-A2F9-79B278E39EF1.root.
%MSG
%MSG-w XrdAdaptorInternal:  file_open 10-Jun-2024 19:41:10 CEST PostProcessEvent
Failed to open file at URL root://eoscms.cern.ch:1094//eos/cms/store/mc/RunIISummer20UL16MiniAODAPVv2/QCD_HT500to700_TuneCP5_PSWeights_13TeV-madgraph-pythia8/MINIAODSIM/106X_mcRun2_asymptotic_preVFP_v11-v1/260000/964FB98B-9DEE-404B-A2F9-79B278E39EF1.root?tried=.
%MSG
10-Jun-2024 19:41:10 CEST  Fallback request to file root://xrootd-cms.infn.it//store/mc/RunIISummer20UL16MiniAODAPVv2/QCD_HT500to700_TuneCP5_PSWeights_13TeV-madgraph-pythia8/MINIAODSIM/106X_mcRun2_asymptotic_preVFP_v11-v1/260000/964FB98B-9DEE-404B-A2F9-79B278E39EF1.root
%MSG-w XrdAdaptor:  file_open 10-Jun-2024 19:41:23 CEST PostProcessEvent
Data is served from fnal.gov instead of original site T2_IT_Pisa
%MSG
10-Jun-2024 19:41:24 CEST  Successfully opened file root://xrootd-cms.infn.it//store/mc/RunIISummer20UL16MiniAODAPVv2/QCD_HT500to700_TuneCP5_PSWeights_13TeV-madgraph-pythia8/MINIAODSIM/106X_mcRun2_asymptotic_preVFP_v11-v1/260000/964FB98B-9DEE-404B-A2F9-79B278E39EF1.root
Begin processing the 500001st record. Run 1, Event 101601273, LumiSection 12414 on stream 0 at 10-Jun-2024 19:41:31.240 CEST
10-Jun-2024 19:41:32 CEST  Closed file root://xrootd-cms.infn.it//store/mc/RunIISummer20UL16MiniAODAPVv2/QCD_HT500to700_TuneCP5_PSWeights_13TeV-madgraph-pythia8/MINIAODSIM/106X_mcRun2_asymptotic_preVFP_v11-v1/260000/964FB98B-9DEE-404B-A2F9-79B278E39EF1.root
10-Jun-2024 19:41:32 CEST  Initiating request to open file root://eoscms.cern.ch//eos/cms/store/mc/RunIISummer20UL16MiniAODAPVv2/QCD_HT500to700_TuneCP5_PSWeights_13TeV-madgraph-pythia8/MINIAODSIM/106X_mcRun2_asymptotic_preVFP_v11-v1/260000/2F6EF538-3B86-0146-A8E1-54625C62B482.root
%MSG-w XrdAdaptorInternal:  file_open 10-Jun-2024 19:41:33 CEST PostProcessEvent
Failed to open file at URL root://eoscms.cern.ch:1094//eos/cms/store/mc/RunIISummer20UL16MiniAODAPVv2/QCD_HT500to700_TuneCP5_PSWeights_13TeV-madgraph-pythia8/MINIAODSIM/106X_mcRun2_asymptotic_preVFP_v11-v1/260000/2F6EF538-3B86-0146-A8E1-54625C62B482.root.
%MSG
%MSG-w XrdAdaptorInternal:  file_open 10-Jun-2024 19:41:33 CEST PostProcessEvent
Failed to open file at URL root://eoscms.cern.ch:1094//eos/cms/store/mc/RunIISummer20UL16MiniAODAPVv2/QCD_HT500to700_TuneCP5_PSWeights_13TeV-madgraph-pythia8/MINIAODSIM/106X_mcRun2_asymptotic_preVFP_v11-v1/260000/2F6EF538-3B86-0146-A8E1-54625C62B482.root?tried=.
%MSG
10-Jun-2024 19:41:33 CEST  Fallback request to file root://xrootd-cms.infn.it//store/mc/RunIISummer20UL16MiniAODAPVv2/QCD_HT500to700_TuneCP5_PSWeights_13TeV-madgraph-pythia8/MINIAODSIM/106X_mcRun2_asymptotic_preVFP_v11-v1/260000/2F6EF538-3B86-0146-A8E1-54625C62B482.root
%MSG-w XrdAdaptor:  file_open 10-Jun-2024 19:41:46 CEST PostProcessEvent
Data is served from fnal.gov instead of original site T2_IT_Pisa
%MSG
10-Jun-2024 19:41:47 CEST  Successfully opened file root://xrootd-cms.infn.it//store/mc/RunIISummer20UL16MiniAODAPVv2/QCD_HT500to700_TuneCP5_PSWeights_13TeV-madgraph-pythia8/MINIAODSIM/106X_mcRun2_asymptotic_preVFP_v11-v1/260000/2F6EF538-3B86-0146-A8E1-54625C62B482.root
Begin processing the 600001st record. Run 1, Event 134838470, LumiSection 16474 on stream 0 at 10-Jun-2024 19:41:54.355 CEST
10-Jun-2024 19:41:55 CEST  Closed file root://xrootd-cms.infn.it//store/mc/RunIISummer20UL16MiniAODAPVv2/QCD_HT500to700_TuneCP5_PSWeights_13TeV-madgraph-pythia8/MINIAODSIM/106X_mcRun2_asymptotic_preVFP_v11-v1/260000/2F6EF538-3B86-0146-A8E1-54625C62B482.root
10-Jun-2024 19:41:55 CEST  Initiating request to open file root://eoscms.cern.ch//eos/cms/store/mc/RunIISummer20UL16MiniAODAPVv2/QCD_HT500to700_TuneCP5_PSWeights_13TeV-madgraph-pythia8/MINIAODSIM/106X_mcRun2_asymptotic_preVFP_v11-v1/260000/A9DEBAD9-1ACA-674F-87F8-33D1F7A03CB7.root
%MSG-w XrdAdaptorInternal:  file_open 10-Jun-2024 19:41:56 CEST PostProcessEvent
Failed to open file at URL root://eoscms.cern.ch:1094//eos/cms/store/mc/RunIISummer20UL16MiniAODAPVv2/QCD_HT500to700_TuneCP5_PSWeights_13TeV-madgraph-pythia8/MINIAODSIM/106X_mcRun2_asymptotic_preVFP_v11-v1/260000/A9DEBAD9-1ACA-674F-87F8-33D1F7A03CB7.root.
%MSG
%MSG-w XrdAdaptorInternal:  file_open 10-Jun-2024 19:41:56 CEST PostProcessEvent
Failed to open file at URL root://eoscms.cern.ch:1094//eos/cms/store/mc/RunIISummer20UL16MiniAODAPVv2/QCD_HT500to700_TuneCP5_PSWeights_13TeV-madgraph-pythia8/MINIAODSIM/106X_mcRun2_asymptotic_preVFP_v11-v1/260000/A9DEBAD9-1ACA-674F-87F8-33D1F7A03CB7.root?tried=.
%MSG
10-Jun-2024 19:41:56 CEST  Fallback request to file root://xrootd-cms.infn.it//store/mc/RunIISummer20UL16MiniAODAPVv2/QCD_HT500to700_TuneCP5_PSWeights_13TeV-madgraph-pythia8/MINIAODSIM/106X_mcRun2_asymptotic_preVFP_v11-v1/260000/A9DEBAD9-1ACA-674F-87F8-33D1F7A03CB7.root
%MSG-w XrdAdaptor:  file_open 10-Jun-2024 19:42:08 CEST PostProcessEvent
Data is served from fnal.gov instead of original site T2_IT_Pisa
%MSG
10-Jun-2024 19:42:09 CEST  Successfully opened file root://xrootd-cms.infn.it//store/mc/RunIISummer20UL16MiniAODAPVv2/QCD_HT500to700_TuneCP5_PSWeights_13TeV-madgraph-pythia8/MINIAODSIM/106X_mcRun2_asymptotic_preVFP_v11-v1/260000/A9DEBAD9-1ACA-674F-87F8-33D1F7A03CB7.root
10-Jun-2024 19:42:17 CEST  Closed file root://xrootd-cms.infn.it//store/mc/RunIISummer20UL16MiniAODAPVv2/QCD_HT500to700_TuneCP5_PSWeights_13TeV-madgraph-pythia8/MINIAODSIM/106X_mcRun2_asymptotic_preVFP_v11-v1/260000/A9DEBAD9-1ACA-674F-87F8-33D1F7A03CB7.root
10-Jun-2024 19:42:17 CEST  Initiating request to open file root://eoscms.cern.ch//eos/cms/store/mc/RunIISummer20UL16MiniAODAPVv2/QCD_HT500to700_TuneCP5_PSWeights_13TeV-madgraph-pythia8/MINIAODSIM/106X_mcRun2_asymptotic_preVFP_v11-v1/260000/4BCFE1CF-64AB-2B42-83A1-66F501B2592F.root
%MSG-w XrdAdaptorInternal:  file_open 10-Jun-2024 19:42:18 CEST PostProcessEvent
Failed to open file at URL root://eoscms.cern.ch:1094//eos/cms/store/mc/RunIISummer20UL16MiniAODAPVv2/QCD_HT500to700_TuneCP5_PSWeights_13TeV-madgraph-pythia8/MINIAODSIM/106X_mcRun2_asymptotic_preVFP_v11-v1/260000/4BCFE1CF-64AB-2B42-83A1-66F501B2592F.root.
%MSG
%MSG-w XrdAdaptorInternal:  file_open 10-Jun-2024 19:42:18 CEST PostProcessEvent
Failed to open file at URL root://eoscms.cern.ch:1094//eos/cms/store/mc/RunIISummer20UL16MiniAODAPVv2/QCD_HT500to700_TuneCP5_PSWeights_13TeV-madgraph-pythia8/MINIAODSIM/106X_mcRun2_asymptotic_preVFP_v11-v1/260000/4BCFE1CF-64AB-2B42-83A1-66F501B2592F.root?tried=.
%MSG
10-Jun-2024 19:42:18 CEST  Fallback request to file root://xrootd-cms.infn.it//store/mc/RunIISummer20UL16MiniAODAPVv2/QCD_HT500to700_TuneCP5_PSWeights_13TeV-madgraph-pythia8/MINIAODSIM/106X_mcRun2_asymptotic_preVFP_v11-v1/260000/4BCFE1CF-64AB-2B42-83A1-66F501B2592F.root
%MSG-w XrdAdaptor:  file_open 10-Jun-2024 19:42:31 CEST PostProcessEvent
Data is served from fnal.gov instead of original site T2_IT_Pisa
%MSG
10-Jun-2024 19:42:32 CEST  Successfully opened file root://xrootd-cms.infn.it//store/mc/RunIISummer20UL16MiniAODAPVv2/QCD_HT500to700_TuneCP5_PSWeights_13TeV-madgraph-pythia8/MINIAODSIM/106X_mcRun2_asymptotic_preVFP_v11-v1/260000/4BCFE1CF-64AB-2B42-83A1-66F501B2592F.root
Begin processing the 700001st record. Run 1, Event 3522340, LumiSection 431 on stream 0 at 10-Jun-2024 19:42:39.226 CEST
10-Jun-2024 19:42:41 CEST  Closed file root://xrootd-cms.infn.it//store/mc/RunIISummer20UL16MiniAODAPVv2/QCD_HT500to700_TuneCP5_PSWeights_13TeV-madgraph-pythia8/MINIAODSIM/106X_mcRun2_asymptotic_preVFP_v11-v1/260000/4BCFE1CF-64AB-2B42-83A1-66F501B2592F.root
10-Jun-2024 19:42:41 CEST  Initiating request to open file root://eoscms.cern.ch//eos/cms/store/mc/RunIISummer20UL16MiniAODAPVv2/QCD_HT500to700_TuneCP5_PSWeights_13TeV-madgraph-pythia8/MINIAODSIM/106X_mcRun2_asymptotic_preVFP_v11-v1/260000/E3783A48-91D9-344D-96D2-14C489DAC2EA.root
%MSG-w XrdAdaptorInternal:  file_open 10-Jun-2024 19:42:42 CEST PostProcessEvent
Failed to open file at URL root://eoscms.cern.ch:1094//eos/cms/store/mc/RunIISummer20UL16MiniAODAPVv2/QCD_HT500to700_TuneCP5_PSWeights_13TeV-madgraph-pythia8/MINIAODSIM/106X_mcRun2_asymptotic_preVFP_v11-v1/260000/E3783A48-91D9-344D-96D2-14C489DAC2EA.root.
%MSG
%MSG-w XrdAdaptorInternal:  file_open 10-Jun-2024 19:42:42 CEST PostProcessEvent
Failed to open file at URL root://eoscms.cern.ch:1094//eos/cms/store/mc/RunIISummer20UL16MiniAODAPVv2/QCD_HT500to700_TuneCP5_PSWeights_13TeV-madgraph-pythia8/MINIAODSIM/106X_mcRun2_asymptotic_preVFP_v11-v1/260000/E3783A48-91D9-344D-96D2-14C489DAC2EA.root?tried=.
%MSG
10-Jun-2024 19:42:42 CEST  Fallback request to file root://xrootd-cms.infn.it//store/mc/RunIISummer20UL16MiniAODAPVv2/QCD_HT500to700_TuneCP5_PSWeights_13TeV-madgraph-pythia8/MINIAODSIM/106X_mcRun2_asymptotic_preVFP_v11-v1/260000/E3783A48-91D9-344D-96D2-14C489DAC2EA.root
%MSG-w XrdAdaptor:  file_open 10-Jun-2024 19:42:54 CEST PostProcessEvent
Data is served from fnal.gov instead of original site T2_IT_Pisa
%MSG
10-Jun-2024 19:42:55 CEST  Successfully opened file root://xrootd-cms.infn.it//store/mc/RunIISummer20UL16MiniAODAPVv2/QCD_HT500to700_TuneCP5_PSWeights_13TeV-madgraph-pythia8/MINIAODSIM/106X_mcRun2_asymptotic_preVFP_v11-v1/260000/E3783A48-91D9-344D-96D2-14C489DAC2EA.root
Begin processing the 800001st record. Run 1, Event 181967728, LumiSection 22232 on stream 0 at 10-Jun-2024 19:43:02.728 CEST
10-Jun-2024 19:43:03 CEST  Closed file root://xrootd-cms.infn.it//store/mc/RunIISummer20UL16MiniAODAPVv2/QCD_HT500to700_TuneCP5_PSWeights_13TeV-madgraph-pythia8/MINIAODSIM/106X_mcRun2_asymptotic_preVFP_v11-v1/260000/E3783A48-91D9-344D-96D2-14C489DAC2EA.root
10-Jun-2024 19:43:03 CEST  Initiating request to open file root://eoscms.cern.ch//eos/cms/store/mc/RunIISummer20UL16MiniAODAPVv2/QCD_HT500to700_TuneCP5_PSWeights_13TeV-madgraph-pythia8/MINIAODSIM/106X_mcRun2_asymptotic_preVFP_v11-v1/260000/7E5B7C64-0D0A-AB45-ADE8-576DA237032A.root
%MSG-w XrdAdaptorInternal:  file_open 10-Jun-2024 19:43:04 CEST PostProcessEvent
Failed to open file at URL root://eoscms.cern.ch:1094//eos/cms/store/mc/RunIISummer20UL16MiniAODAPVv2/QCD_HT500to700_TuneCP5_PSWeights_13TeV-madgraph-pythia8/MINIAODSIM/106X_mcRun2_asymptotic_preVFP_v11-v1/260000/7E5B7C64-0D0A-AB45-ADE8-576DA237032A.root.
%MSG
%MSG-w XrdAdaptorInternal:  file_open 10-Jun-2024 19:43:04 CEST PostProcessEvent
Failed to open file at URL root://eoscms.cern.ch:1094//eos/cms/store/mc/RunIISummer20UL16MiniAODAPVv2/QCD_HT500to700_TuneCP5_PSWeights_13TeV-madgraph-pythia8/MINIAODSIM/106X_mcRun2_asymptotic_preVFP_v11-v1/260000/7E5B7C64-0D0A-AB45-ADE8-576DA237032A.root?tried=.
%MSG
10-Jun-2024 19:43:04 CEST  Fallback request to file root://xrootd-cms.infn.it//store/mc/RunIISummer20UL16MiniAODAPVv2/QCD_HT500to700_TuneCP5_PSWeights_13TeV-madgraph-pythia8/MINIAODSIM/106X_mcRun2_asymptotic_preVFP_v11-v1/260000/7E5B7C64-0D0A-AB45-ADE8-576DA237032A.root
%MSG-w XrdAdaptor:  file_open 10-Jun-2024 19:43:17 CEST PostProcessEvent
Data is served from fnal.gov instead of original site T2_IT_Pisa
%MSG
10-Jun-2024 19:43:18 CEST  Successfully opened file root://xrootd-cms.infn.it//store/mc/RunIISummer20UL16MiniAODAPVv2/QCD_HT500to700_TuneCP5_PSWeights_13TeV-madgraph-pythia8/MINIAODSIM/106X_mcRun2_asymptotic_preVFP_v11-v1/260000/7E5B7C64-0D0A-AB45-ADE8-576DA237032A.root
Begin processing the 900001st record. Run 1, Event 125246038, LumiSection 15302 on stream 0 at 10-Jun-2024 19:43:27.267 CEST
10-Jun-2024 19:43:27 CEST  Closed file root://xrootd-cms.infn.it//store/mc/RunIISummer20UL16MiniAODAPVv2/QCD_HT500to700_TuneCP5_PSWeights_13TeV-madgraph-pythia8/MINIAODSIM/106X_mcRun2_asymptotic_preVFP_v11-v1/260000/7E5B7C64-0D0A-AB45-ADE8-576DA237032A.root
10-Jun-2024 19:43:27 CEST  Initiating request to open file root://eoscms.cern.ch//eos/cms/store/mc/RunIISummer20UL16MiniAODAPVv2/QCD_HT500to700_TuneCP5_PSWeights_13TeV-madgraph-pythia8/MINIAODSIM/106X_mcRun2_asymptotic_preVFP_v11-v1/260000/99CAA4BE-1928-C44F-AF00-5EAC777B60BA.root
%MSG-w XrdAdaptorInternal:  file_open 10-Jun-2024 19:43:28 CEST PostProcessEvent
Failed to open file at URL root://eoscms.cern.ch:1094//eos/cms/store/mc/RunIISummer20UL16MiniAODAPVv2/QCD_HT500to700_TuneCP5_PSWeights_13TeV-madgraph-pythia8/MINIAODSIM/106X_mcRun2_asymptotic_preVFP_v11-v1/260000/99CAA4BE-1928-C44F-AF00-5EAC777B60BA.root.
%MSG
%MSG-w XrdAdaptorInternal:  file_open 10-Jun-2024 19:43:28 CEST PostProcessEvent
Failed to open file at URL root://eoscms.cern.ch:1094//eos/cms/store/mc/RunIISummer20UL16MiniAODAPVv2/QCD_HT500to700_TuneCP5_PSWeights_13TeV-madgraph-pythia8/MINIAODSIM/106X_mcRun2_asymptotic_preVFP_v11-v1/260000/99CAA4BE-1928-C44F-AF00-5EAC777B60BA.root?tried=.
%MSG
10-Jun-2024 19:43:28 CEST  Fallback request to file root://xrootd-cms.infn.it//store/mc/RunIISummer20UL16MiniAODAPVv2/QCD_HT500to700_TuneCP5_PSWeights_13TeV-madgraph-pythia8/MINIAODSIM/106X_mcRun2_asymptotic_preVFP_v11-v1/260000/99CAA4BE-1928-C44F-AF00-5EAC777B60BA.root
%MSG-w XrdAdaptor:  file_open 10-Jun-2024 19:43:41 CEST PostProcessEvent
Data is served from fnal.gov instead of original site T2_IT_Pisa
%MSG
10-Jun-2024 19:43:42 CEST  Successfully opened file root://xrootd-cms.infn.it//store/mc/RunIISummer20UL16MiniAODAPVv2/QCD_HT500to700_TuneCP5_PSWeights_13TeV-madgraph-pythia8/MINIAODSIM/106X_mcRun2_asymptotic_preVFP_v11-v1/260000/99CAA4BE-1928-C44F-AF00-5EAC777B60BA.root
10-Jun-2024 19:43:50 CEST  Closed file root://xrootd-cms.infn.it//store/mc/RunIISummer20UL16MiniAODAPVv2/QCD_HT500to700_TuneCP5_PSWeights_13TeV-madgraph-pythia8/MINIAODSIM/106X_mcRun2_asymptotic_preVFP_v11-v1/260000/99CAA4BE-1928-C44F-AF00-5EAC777B60BA.root
10-Jun-2024 19:43:50 CEST  Initiating request to open file root://eoscms.cern.ch//eos/cms/store/mc/RunIISummer20UL16MiniAODAPVv2/QCD_HT500to700_TuneCP5_PSWeights_13TeV-madgraph-pythia8/MINIAODSIM/106X_mcRun2_asymptotic_preVFP_v11-v1/260000/441A0604-526E-1643-91A9-753972CF90F9.root
%MSG-w XrdAdaptorInternal:  file_open 10-Jun-2024 19:43:51 CEST PostProcessEvent
Failed to open file at URL root://eoscms.cern.ch:1094//eos/cms/store/mc/RunIISummer20UL16MiniAODAPVv2/QCD_HT500to700_TuneCP5_PSWeights_13TeV-madgraph-pythia8/MINIAODSIM/106X_mcRun2_asymptotic_preVFP_v11-v1/260000/441A0604-526E-1643-91A9-753972CF90F9.root.
%MSG
%MSG-w XrdAdaptorInternal:  file_open 10-Jun-2024 19:43:51 CEST PostProcessEvent
Failed to open file at URL root://eoscms.cern.ch:1094//eos/cms/store/mc/RunIISummer20UL16MiniAODAPVv2/QCD_HT500to700_TuneCP5_PSWeights_13TeV-madgraph-pythia8/MINIAODSIM/106X_mcRun2_asymptotic_preVFP_v11-v1/260000/441A0604-526E-1643-91A9-753972CF90F9.root?tried=.
%MSG
10-Jun-2024 19:43:51 CEST  Fallback request to file root://xrootd-cms.infn.it//store/mc/RunIISummer20UL16MiniAODAPVv2/QCD_HT500to700_TuneCP5_PSWeights_13TeV-madgraph-pythia8/MINIAODSIM/106X_mcRun2_asymptotic_preVFP_v11-v1/260000/441A0604-526E-1643-91A9-753972CF90F9.root
%MSG-w XrdAdaptor:  file_open 10-Jun-2024 19:44:04 CEST PostProcessEvent
Data is served from fnal.gov instead of original site T2_IT_Pisa
%MSG
10-Jun-2024 19:44:05 CEST  Successfully opened file root://xrootd-cms.infn.it//store/mc/RunIISummer20UL16MiniAODAPVv2/QCD_HT500to700_TuneCP5_PSWeights_13TeV-madgraph-pythia8/MINIAODSIM/106X_mcRun2_asymptotic_preVFP_v11-v1/260000/441A0604-526E-1643-91A9-753972CF90F9.root
  82622.200000    659.868700     40.999940             1
  14566.490000    203.407000     40.999940             0
 238395.800000    873.959900     40.999940             2
 
10-Jun-2024 19:44:11 CEST  Closed file root://xrootd-cms.infn.it//store/mc/RunIISummer20UL16MiniAODAPVv2/QCD_HT500to700_TuneCP5_PSWeights_13TeV-madgraph-pythia8/MINIAODSIM/106X_mcRun2_asymptotic_preVFP_v11-v1/260000/441A0604-526E-1643-91A9-753972CF90F9.root

------------------------------------
GenXsecAnalyzer:
------------------------------------
-------------------------------------------------------------------------------------------------------------------------------------------------------------------------- 
Overall cross-section summary 
--------------------------------------------------------------------------------------------------------------------------------------------------------------------------
Process		xsec_before [pb]		passed	nposw	nnegw	tried	nposw	nnegw 	xsec_match [pb]			accepted [%]	 event_eff [%]
0		1.481e+04 +/- 5.591e+00		18878	18878	0	490615	490615	0	5.699e+02 +/- 4.073e+00		3.8 +/- 0.0	3.8 +/- 0.0
1		8.331e+04 +/- 1.852e+01		67341	67341	0	2745962	2745962	0	2.043e+03 +/- 7.789e+00		2.5 +/- 0.0	2.5 +/- 0.0
2		2.368e+05 +/- 2.635e+01		914007	914007	0	7796803	7796803	0	2.776e+04 +/- 2.745e+01		11.7 +/- 0.0	11.7 +/- 0.0
-------------------------------------------------------------------------------------------------------------------------------------------------------------------------- 
Total		3.349e+05 +/- 3.269e+01		1000226	1000226	0	11033380	11033380	0	3.036e+04 +/- 2.910e+01		9.1 +/- 0.0	9.1 +/- 0.0
--------------------------------------------------------------------------------------------------------------------------------------------------------------------------
Before matching: total cross section = 3.349e+05 +- 3.269e+01 pb
After matching: total cross section = 3.036e+04 +- 2.910e+01 pb
Matching efficiency = 0.1 +/- 0.0   [TO BE USED IN MCM]
Filter efficiency (taking into account weights)= (1.00023e+06) / (1.00023e+06) = 1.000e+00 +- 0.000e+00
Filter efficiency (event-level)= (1.00023e+06) / (1.00023e+06) = 1.000e+00 +- 0.000e+00    [TO BE USED IN MCM]

After filter: final cross section = 3.036e+04 +- 2.910e+01 pb
After filter: final fraction of events with negative weights = 0.000e+00 +- 0.000e+00
After filter: final equivalent lumi for 1M events (1/fb) = 3.294e-02 +- 4.563e-05

=============================================

MessageLogger Summary

 type     category        sev    module        subroutine        count    total
 ---- -------------------- -- ---------------- ----------------  -----    -----
    1 GenXSecAnalyzer      -w GenXSecAnalyzer:                      17       17
    2 XrdAdaptor           -w file_open                             16       16
    3 XrdAdaptorInternal   -w file_open                             32       32
    4 fileAction           -s file_close                            16       16
    5 fileAction           -s file_open                             48       48

 type    category    Examples: run/evt        run/evt          run/evt
 ---- -------------------- ---------------- ---------------- ----------------
    1 GenXSecAnalyzer      PostGlobalEndRun PostGlobalEndRun PostGlobalEndRun
    2 XrdAdaptor           pre-events       PostProcessEvent PostProcessEvent
    3 XrdAdaptorInternal   pre-events       pre-events       PostProcessEvent
    4 fileAction           PostProcessEvent PostProcessEvent PostGlobalEndRun
    5 fileAction           pre-events       pre-events       PostProcessEvent

Severity    # Occurrences   Total Occurrences
--------    -------------   -----------------
Warning                65                  65
System                 64                  64

dropped waiting message count 0
