10-Jun-2024 20:02:57 CEST  Initiating request to open file root://eoscms.cern.ch//eos/cms/store/mc/RunIISummer20UL16MiniAODAPVv2/QCD_Pt_800to1000_TuneCP5_13TeV_pythia8/MINIAODSIM/106X_mcRun2_asymptotic_preVFP_v11-v1/130000/BDF14036-C446-5446-B357-1A69B3D86CC4.root
%MSG-w XrdAdaptorInternal:  file_open 10-Jun-2024 20:02:58 CEST pre-events
Failed to open file at URL root://eoscms.cern.ch:1094//eos/cms/store/mc/RunIISummer20UL16MiniAODAPVv2/QCD_Pt_800to1000_TuneCP5_13TeV_pythia8/MINIAODSIM/106X_mcRun2_asymptotic_preVFP_v11-v1/130000/BDF14036-C446-5446-B357-1A69B3D86CC4.root.
%MSG
%MSG-w XrdAdaptorInternal:  file_open 10-Jun-2024 20:02:58 CEST pre-events
Failed to open file at URL root://eoscms.cern.ch:1094//eos/cms/store/mc/RunIISummer20UL16MiniAODAPVv2/QCD_Pt_800to1000_TuneCP5_13TeV_pythia8/MINIAODSIM/106X_mcRun2_asymptotic_preVFP_v11-v1/130000/BDF14036-C446-5446-B357-1A69B3D86CC4.root?tried=.
%MSG
10-Jun-2024 20:02:58 CEST  Fallback request to file root://xrootd-cms.infn.it//store/mc/RunIISummer20UL16MiniAODAPVv2/QCD_Pt_800to1000_TuneCP5_13TeV_pythia8/MINIAODSIM/106X_mcRun2_asymptotic_preVFP_v11-v1/130000/BDF14036-C446-5446-B357-1A69B3D86CC4.root
%MSG-w XrdAdaptor:  file_open 10-Jun-2024 20:03:14 CEST pre-events
Data is served from T2_US_Nebraska instead of original site T2_FR_GRIF_LLR
%MSG
10-Jun-2024 20:03:18 CEST  Successfully opened file root://xrootd-cms.infn.it//store/mc/RunIISummer20UL16MiniAODAPVv2/QCD_Pt_800to1000_TuneCP5_13TeV_pythia8/MINIAODSIM/106X_mcRun2_asymptotic_preVFP_v11-v1/130000/BDF14036-C446-5446-B357-1A69B3D86CC4.root
Begin processing the 1st record. Run 1, Event 12114003, LumiSection 12115 on stream 0 at 10-Jun-2024 20:03:25.950 CEST
10-Jun-2024 20:03:28 CEST  Closed file root://xrootd-cms.infn.it//store/mc/RunIISummer20UL16MiniAODAPVv2/QCD_Pt_800to1000_TuneCP5_13TeV_pythia8/MINIAODSIM/106X_mcRun2_asymptotic_preVFP_v11-v1/130000/BDF14036-C446-5446-B357-1A69B3D86CC4.root
10-Jun-2024 20:03:28 CEST  Initiating request to open file root://eoscms.cern.ch//eos/cms/store/mc/RunIISummer20UL16MiniAODAPVv2/QCD_Pt_800to1000_TuneCP5_13TeV_pythia8/MINIAODSIM/106X_mcRun2_asymptotic_preVFP_v11-v1/130000/EC426D2B-340E-7442-8DFA-6AC3056319D5.root
%MSG-w XrdAdaptorInternal:  file_open 10-Jun-2024 20:03:29 CEST PostProcessEvent
Failed to open file at URL root://eoscms.cern.ch:1094//eos/cms/store/mc/RunIISummer20UL16MiniAODAPVv2/QCD_Pt_800to1000_TuneCP5_13TeV_pythia8/MINIAODSIM/106X_mcRun2_asymptotic_preVFP_v11-v1/130000/EC426D2B-340E-7442-8DFA-6AC3056319D5.root.
%MSG
%MSG-w XrdAdaptorInternal:  file_open 10-Jun-2024 20:03:29 CEST PostProcessEvent
Failed to open file at URL root://eoscms.cern.ch:1094//eos/cms/store/mc/RunIISummer20UL16MiniAODAPVv2/QCD_Pt_800to1000_TuneCP5_13TeV_pythia8/MINIAODSIM/106X_mcRun2_asymptotic_preVFP_v11-v1/130000/EC426D2B-340E-7442-8DFA-6AC3056319D5.root?tried=.
%MSG
10-Jun-2024 20:03:29 CEST  Fallback request to file root://xrootd-cms.infn.it//store/mc/RunIISummer20UL16MiniAODAPVv2/QCD_Pt_800to1000_TuneCP5_13TeV_pythia8/MINIAODSIM/106X_mcRun2_asymptotic_preVFP_v11-v1/130000/EC426D2B-340E-7442-8DFA-6AC3056319D5.root
%MSG-w XrdAdaptor:  file_open 10-Jun-2024 20:03:42 CEST PostProcessEvent
Data is served from T2_US_Nebraska instead of original site T2_FR_GRIF_LLR
%MSG
10-Jun-2024 20:03:42 CEST  Successfully opened file root://xrootd-cms.infn.it//store/mc/RunIISummer20UL16MiniAODAPVv2/QCD_Pt_800to1000_TuneCP5_13TeV_pythia8/MINIAODSIM/106X_mcRun2_asymptotic_preVFP_v11-v1/130000/EC426D2B-340E-7442-8DFA-6AC3056319D5.root
Begin processing the 100001st record. Run 1, Event 26130016, LumiSection 26131 on stream 0 at 10-Jun-2024 20:03:50.699 CEST
10-Jun-2024 20:03:52 CEST  Closed file root://xrootd-cms.infn.it//store/mc/RunIISummer20UL16MiniAODAPVv2/QCD_Pt_800to1000_TuneCP5_13TeV_pythia8/MINIAODSIM/106X_mcRun2_asymptotic_preVFP_v11-v1/130000/EC426D2B-340E-7442-8DFA-6AC3056319D5.root
10-Jun-2024 20:03:52 CEST  Initiating request to open file root://eoscms.cern.ch//eos/cms/store/mc/RunIISummer20UL16MiniAODAPVv2/QCD_Pt_800to1000_TuneCP5_13TeV_pythia8/MINIAODSIM/106X_mcRun2_asymptotic_preVFP_v11-v1/130000/E7356467-FA06-C14F-ACB1-6833169EC259.root
%MSG-w XrdAdaptorInternal:  file_open 10-Jun-2024 20:03:53 CEST PostProcessEvent
Failed to open file at URL root://eoscms.cern.ch:1094//eos/cms/store/mc/RunIISummer20UL16MiniAODAPVv2/QCD_Pt_800to1000_TuneCP5_13TeV_pythia8/MINIAODSIM/106X_mcRun2_asymptotic_preVFP_v11-v1/130000/E7356467-FA06-C14F-ACB1-6833169EC259.root.
%MSG
%MSG-w XrdAdaptorInternal:  file_open 10-Jun-2024 20:03:53 CEST PostProcessEvent
Failed to open file at URL root://eoscms.cern.ch:1094//eos/cms/store/mc/RunIISummer20UL16MiniAODAPVv2/QCD_Pt_800to1000_TuneCP5_13TeV_pythia8/MINIAODSIM/106X_mcRun2_asymptotic_preVFP_v11-v1/130000/E7356467-FA06-C14F-ACB1-6833169EC259.root?tried=.
%MSG
10-Jun-2024 20:03:53 CEST  Fallback request to file root://xrootd-cms.infn.it//store/mc/RunIISummer20UL16MiniAODAPVv2/QCD_Pt_800to1000_TuneCP5_13TeV_pythia8/MINIAODSIM/106X_mcRun2_asymptotic_preVFP_v11-v1/130000/E7356467-FA06-C14F-ACB1-6833169EC259.root
%MSG-w XrdAdaptor:  file_open 10-Jun-2024 20:04:06 CEST PostProcessEvent
Data is served from T2_US_Nebraska instead of original site T2_FR_GRIF_LLR
%MSG
10-Jun-2024 20:04:07 CEST  Successfully opened file root://xrootd-cms.infn.it//store/mc/RunIISummer20UL16MiniAODAPVv2/QCD_Pt_800to1000_TuneCP5_13TeV_pythia8/MINIAODSIM/106X_mcRun2_asymptotic_preVFP_v11-v1/130000/E7356467-FA06-C14F-ACB1-6833169EC259.root
Begin processing the 200001st record. Run 1, Event 7136001, LumiSection 7137 on stream 0 at 10-Jun-2024 20:04:16.652 CEST
10-Jun-2024 20:04:16 CEST  Closed file root://xrootd-cms.infn.it//store/mc/RunIISummer20UL16MiniAODAPVv2/QCD_Pt_800to1000_TuneCP5_13TeV_pythia8/MINIAODSIM/106X_mcRun2_asymptotic_preVFP_v11-v1/130000/E7356467-FA06-C14F-ACB1-6833169EC259.root
10-Jun-2024 20:04:16 CEST  Initiating request to open file root://eoscms.cern.ch//eos/cms/store/mc/RunIISummer20UL16MiniAODAPVv2/QCD_Pt_800to1000_TuneCP5_13TeV_pythia8/MINIAODSIM/106X_mcRun2_asymptotic_preVFP_v11-v1/130000/E30EB63F-DF4C-BF43-907B-586D8F433704.root
%MSG-w XrdAdaptorInternal:  file_open 10-Jun-2024 20:04:17 CEST PostProcessEvent
Failed to open file at URL root://eoscms.cern.ch:1094//eos/cms/store/mc/RunIISummer20UL16MiniAODAPVv2/QCD_Pt_800to1000_TuneCP5_13TeV_pythia8/MINIAODSIM/106X_mcRun2_asymptotic_preVFP_v11-v1/130000/E30EB63F-DF4C-BF43-907B-586D8F433704.root.
%MSG
%MSG-w XrdAdaptorInternal:  file_open 10-Jun-2024 20:04:17 CEST PostProcessEvent
Failed to open file at URL root://eoscms.cern.ch:1094//eos/cms/store/mc/RunIISummer20UL16MiniAODAPVv2/QCD_Pt_800to1000_TuneCP5_13TeV_pythia8/MINIAODSIM/106X_mcRun2_asymptotic_preVFP_v11-v1/130000/E30EB63F-DF4C-BF43-907B-586D8F433704.root?tried=.
%MSG
10-Jun-2024 20:04:17 CEST  Fallback request to file root://xrootd-cms.infn.it//store/mc/RunIISummer20UL16MiniAODAPVv2/QCD_Pt_800to1000_TuneCP5_13TeV_pythia8/MINIAODSIM/106X_mcRun2_asymptotic_preVFP_v11-v1/130000/E30EB63F-DF4C-BF43-907B-586D8F433704.root
%MSG-w XrdAdaptor:  file_open 10-Jun-2024 20:04:31 CEST PostProcessEvent
Data is served from T2_US_Nebraska instead of original site T2_FR_GRIF_LLR
%MSG
10-Jun-2024 20:04:31 CEST  Successfully opened file root://xrootd-cms.infn.it//store/mc/RunIISummer20UL16MiniAODAPVv2/QCD_Pt_800to1000_TuneCP5_13TeV_pythia8/MINIAODSIM/106X_mcRun2_asymptotic_preVFP_v11-v1/130000/E30EB63F-DF4C-BF43-907B-586D8F433704.root
10-Jun-2024 20:04:41 CEST  Closed file root://xrootd-cms.infn.it//store/mc/RunIISummer20UL16MiniAODAPVv2/QCD_Pt_800to1000_TuneCP5_13TeV_pythia8/MINIAODSIM/106X_mcRun2_asymptotic_preVFP_v11-v1/130000/E30EB63F-DF4C-BF43-907B-586D8F433704.root
10-Jun-2024 20:04:41 CEST  Initiating request to open file root://eoscms.cern.ch//eos/cms/store/mc/RunIISummer20UL16MiniAODAPVv2/QCD_Pt_800to1000_TuneCP5_13TeV_pythia8/MINIAODSIM/106X_mcRun2_asymptotic_preVFP_v11-v1/130000/EB3470E8-B269-0D47-8333-D3A6C2792A19.root
%MSG-w XrdAdaptorInternal:  file_open 10-Jun-2024 20:04:42 CEST PostProcessEvent
Failed to open file at URL root://eoscms.cern.ch:1094//eos/cms/store/mc/RunIISummer20UL16MiniAODAPVv2/QCD_Pt_800to1000_TuneCP5_13TeV_pythia8/MINIAODSIM/106X_mcRun2_asymptotic_preVFP_v11-v1/130000/EB3470E8-B269-0D47-8333-D3A6C2792A19.root.
%MSG
%MSG-w XrdAdaptorInternal:  file_open 10-Jun-2024 20:04:42 CEST PostProcessEvent
Failed to open file at URL root://eoscms.cern.ch:1094//eos/cms/store/mc/RunIISummer20UL16MiniAODAPVv2/QCD_Pt_800to1000_TuneCP5_13TeV_pythia8/MINIAODSIM/106X_mcRun2_asymptotic_preVFP_v11-v1/130000/EB3470E8-B269-0D47-8333-D3A6C2792A19.root?tried=.
%MSG
10-Jun-2024 20:04:42 CEST  Fallback request to file root://xrootd-cms.infn.it//store/mc/RunIISummer20UL16MiniAODAPVv2/QCD_Pt_800to1000_TuneCP5_13TeV_pythia8/MINIAODSIM/106X_mcRun2_asymptotic_preVFP_v11-v1/130000/EB3470E8-B269-0D47-8333-D3A6C2792A19.root
%MSG-w XrdAdaptor:  file_open 10-Jun-2024 20:04:56 CEST PostProcessEvent
Data is served from T2_US_Nebraska instead of original site T2_FR_GRIF_LLR
%MSG
10-Jun-2024 20:04:57 CEST  Successfully opened file root://xrootd-cms.infn.it//store/mc/RunIISummer20UL16MiniAODAPVv2/QCD_Pt_800to1000_TuneCP5_13TeV_pythia8/MINIAODSIM/106X_mcRun2_asymptotic_preVFP_v11-v1/130000/EB3470E8-B269-0D47-8333-D3A6C2792A19.root
Begin processing the 300001st record. Run 1, Event 12242002, LumiSection 12243 on stream 0 at 10-Jun-2024 20:05:05.346 CEST
10-Jun-2024 20:05:07 CEST  Closed file root://xrootd-cms.infn.it//store/mc/RunIISummer20UL16MiniAODAPVv2/QCD_Pt_800to1000_TuneCP5_13TeV_pythia8/MINIAODSIM/106X_mcRun2_asymptotic_preVFP_v11-v1/130000/EB3470E8-B269-0D47-8333-D3A6C2792A19.root
10-Jun-2024 20:05:07 CEST  Initiating request to open file root://eoscms.cern.ch//eos/cms/store/mc/RunIISummer20UL16MiniAODAPVv2/QCD_Pt_800to1000_TuneCP5_13TeV_pythia8/MINIAODSIM/106X_mcRun2_asymptotic_preVFP_v11-v1/130000/7FA2A131-8E36-C049-A904-214424C8C2CF.root
%MSG-w XrdAdaptorInternal:  file_open 10-Jun-2024 20:05:08 CEST PostProcessEvent
Failed to open file at URL root://eoscms.cern.ch:1094//eos/cms/store/mc/RunIISummer20UL16MiniAODAPVv2/QCD_Pt_800to1000_TuneCP5_13TeV_pythia8/MINIAODSIM/106X_mcRun2_asymptotic_preVFP_v11-v1/130000/7FA2A131-8E36-C049-A904-214424C8C2CF.root.
%MSG
%MSG-w XrdAdaptorInternal:  file_open 10-Jun-2024 20:05:08 CEST PostProcessEvent
Failed to open file at URL root://eoscms.cern.ch:1094//eos/cms/store/mc/RunIISummer20UL16MiniAODAPVv2/QCD_Pt_800to1000_TuneCP5_13TeV_pythia8/MINIAODSIM/106X_mcRun2_asymptotic_preVFP_v11-v1/130000/7FA2A131-8E36-C049-A904-214424C8C2CF.root?tried=.
%MSG
10-Jun-2024 20:05:08 CEST  Fallback request to file root://xrootd-cms.infn.it//store/mc/RunIISummer20UL16MiniAODAPVv2/QCD_Pt_800to1000_TuneCP5_13TeV_pythia8/MINIAODSIM/106X_mcRun2_asymptotic_preVFP_v11-v1/130000/7FA2A131-8E36-C049-A904-214424C8C2CF.root
%MSG-w XrdAdaptor:  file_open 10-Jun-2024 20:05:21 CEST PostProcessEvent
Data is served from T2_US_Nebraska instead of original site T2_FR_GRIF_LLR
%MSG
10-Jun-2024 20:05:21 CEST  Successfully opened file root://xrootd-cms.infn.it//store/mc/RunIISummer20UL16MiniAODAPVv2/QCD_Pt_800to1000_TuneCP5_13TeV_pythia8/MINIAODSIM/106X_mcRun2_asymptotic_preVFP_v11-v1/130000/7FA2A131-8E36-C049-A904-214424C8C2CF.root
Begin processing the 400001st record. Run 1, Event 12647006, LumiSection 12648 on stream 0 at 10-Jun-2024 20:05:30.631 CEST
10-Jun-2024 20:05:31 CEST  Closed file root://xrootd-cms.infn.it//store/mc/RunIISummer20UL16MiniAODAPVv2/QCD_Pt_800to1000_TuneCP5_13TeV_pythia8/MINIAODSIM/106X_mcRun2_asymptotic_preVFP_v11-v1/130000/7FA2A131-8E36-C049-A904-214424C8C2CF.root
10-Jun-2024 20:05:31 CEST  Initiating request to open file root://eoscms.cern.ch//eos/cms/store/mc/RunIISummer20UL16MiniAODAPVv2/QCD_Pt_800to1000_TuneCP5_13TeV_pythia8/MINIAODSIM/106X_mcRun2_asymptotic_preVFP_v11-v1/130000/D0586847-455F-7642-8675-B462029DB40B.root
%MSG-w XrdAdaptorInternal:  file_open 10-Jun-2024 20:05:32 CEST PostProcessEvent
Failed to open file at URL root://eoscms.cern.ch:1094//eos/cms/store/mc/RunIISummer20UL16MiniAODAPVv2/QCD_Pt_800to1000_TuneCP5_13TeV_pythia8/MINIAODSIM/106X_mcRun2_asymptotic_preVFP_v11-v1/130000/D0586847-455F-7642-8675-B462029DB40B.root.
%MSG
%MSG-w XrdAdaptorInternal:  file_open 10-Jun-2024 20:05:32 CEST PostProcessEvent
Failed to open file at URL root://eoscms.cern.ch:1094//eos/cms/store/mc/RunIISummer20UL16MiniAODAPVv2/QCD_Pt_800to1000_TuneCP5_13TeV_pythia8/MINIAODSIM/106X_mcRun2_asymptotic_preVFP_v11-v1/130000/D0586847-455F-7642-8675-B462029DB40B.root?tried=.
%MSG
10-Jun-2024 20:05:32 CEST  Fallback request to file root://xrootd-cms.infn.it//store/mc/RunIISummer20UL16MiniAODAPVv2/QCD_Pt_800to1000_TuneCP5_13TeV_pythia8/MINIAODSIM/106X_mcRun2_asymptotic_preVFP_v11-v1/130000/D0586847-455F-7642-8675-B462029DB40B.root
%MSG-w XrdAdaptor:  file_open 10-Jun-2024 20:05:45 CEST PostProcessEvent
Data is served from T2_US_Nebraska instead of original site T2_FR_GRIF_LLR
%MSG
10-Jun-2024 20:05:45 CEST  Successfully opened file root://xrootd-cms.infn.it//store/mc/RunIISummer20UL16MiniAODAPVv2/QCD_Pt_800to1000_TuneCP5_13TeV_pythia8/MINIAODSIM/106X_mcRun2_asymptotic_preVFP_v11-v1/130000/D0586847-455F-7642-8675-B462029DB40B.root
10-Jun-2024 20:05:55 CEST  Closed file root://xrootd-cms.infn.it//store/mc/RunIISummer20UL16MiniAODAPVv2/QCD_Pt_800to1000_TuneCP5_13TeV_pythia8/MINIAODSIM/106X_mcRun2_asymptotic_preVFP_v11-v1/130000/D0586847-455F-7642-8675-B462029DB40B.root
10-Jun-2024 20:05:55 CEST  Initiating request to open file root://eoscms.cern.ch//eos/cms/store/mc/RunIISummer20UL16MiniAODAPVv2/QCD_Pt_800to1000_TuneCP5_13TeV_pythia8/MINIAODSIM/106X_mcRun2_asymptotic_preVFP_v11-v1/130000/88671352-666C-7349-BB77-BC20E63A4A72.root
%MSG-w XrdAdaptorInternal:  file_open 10-Jun-2024 20:05:56 CEST PostProcessEvent
Failed to open file at URL root://eoscms.cern.ch:1094//eos/cms/store/mc/RunIISummer20UL16MiniAODAPVv2/QCD_Pt_800to1000_TuneCP5_13TeV_pythia8/MINIAODSIM/106X_mcRun2_asymptotic_preVFP_v11-v1/130000/88671352-666C-7349-BB77-BC20E63A4A72.root.
%MSG
%MSG-w XrdAdaptorInternal:  file_open 10-Jun-2024 20:05:56 CEST PostProcessEvent
Failed to open file at URL root://eoscms.cern.ch:1094//eos/cms/store/mc/RunIISummer20UL16MiniAODAPVv2/QCD_Pt_800to1000_TuneCP5_13TeV_pythia8/MINIAODSIM/106X_mcRun2_asymptotic_preVFP_v11-v1/130000/88671352-666C-7349-BB77-BC20E63A4A72.root?tried=.
%MSG
10-Jun-2024 20:05:56 CEST  Fallback request to file root://xrootd-cms.infn.it//store/mc/RunIISummer20UL16MiniAODAPVv2/QCD_Pt_800to1000_TuneCP5_13TeV_pythia8/MINIAODSIM/106X_mcRun2_asymptotic_preVFP_v11-v1/130000/88671352-666C-7349-BB77-BC20E63A4A72.root
%MSG-w XrdAdaptor:  file_open 10-Jun-2024 20:06:10 CEST PostProcessEvent
Data is served from T2_US_Nebraska instead of original site T2_FR_GRIF_LLR
%MSG
10-Jun-2024 20:06:10 CEST  Successfully opened file root://xrootd-cms.infn.it//store/mc/RunIISummer20UL16MiniAODAPVv2/QCD_Pt_800to1000_TuneCP5_13TeV_pythia8/MINIAODSIM/106X_mcRun2_asymptotic_preVFP_v11-v1/130000/88671352-666C-7349-BB77-BC20E63A4A72.root
Begin processing the 500001st record. Run 1, Event 12918011, LumiSection 12919 on stream 0 at 10-Jun-2024 20:06:18.734 CEST
10-Jun-2024 20:06:21 CEST  Closed file root://xrootd-cms.infn.it//store/mc/RunIISummer20UL16MiniAODAPVv2/QCD_Pt_800to1000_TuneCP5_13TeV_pythia8/MINIAODSIM/106X_mcRun2_asymptotic_preVFP_v11-v1/130000/88671352-666C-7349-BB77-BC20E63A4A72.root
10-Jun-2024 20:06:21 CEST  Initiating request to open file root://eoscms.cern.ch//eos/cms/store/mc/RunIISummer20UL16MiniAODAPVv2/QCD_Pt_800to1000_TuneCP5_13TeV_pythia8/MINIAODSIM/106X_mcRun2_asymptotic_preVFP_v11-v1/130000/2A877BB9-2FC3-A14D-898D-08DCC86BDA83.root
%MSG-w XrdAdaptorInternal:  file_open 10-Jun-2024 20:06:22 CEST PostProcessEvent
Failed to open file at URL root://eoscms.cern.ch:1094//eos/cms/store/mc/RunIISummer20UL16MiniAODAPVv2/QCD_Pt_800to1000_TuneCP5_13TeV_pythia8/MINIAODSIM/106X_mcRun2_asymptotic_preVFP_v11-v1/130000/2A877BB9-2FC3-A14D-898D-08DCC86BDA83.root.
%MSG
%MSG-w XrdAdaptorInternal:  file_open 10-Jun-2024 20:06:22 CEST PostProcessEvent
Failed to open file at URL root://eoscms.cern.ch:1094//eos/cms/store/mc/RunIISummer20UL16MiniAODAPVv2/QCD_Pt_800to1000_TuneCP5_13TeV_pythia8/MINIAODSIM/106X_mcRun2_asymptotic_preVFP_v11-v1/130000/2A877BB9-2FC3-A14D-898D-08DCC86BDA83.root?tried=.
%MSG
10-Jun-2024 20:06:22 CEST  Fallback request to file root://xrootd-cms.infn.it//store/mc/RunIISummer20UL16MiniAODAPVv2/QCD_Pt_800to1000_TuneCP5_13TeV_pythia8/MINIAODSIM/106X_mcRun2_asymptotic_preVFP_v11-v1/130000/2A877BB9-2FC3-A14D-898D-08DCC86BDA83.root
%MSG-w XrdAdaptor:  file_open 10-Jun-2024 20:06:35 CEST PostProcessEvent
Data is served from T2_US_Nebraska instead of original site T2_FR_GRIF_LLR
%MSG
10-Jun-2024 20:06:35 CEST  Successfully opened file root://xrootd-cms.infn.it//store/mc/RunIISummer20UL16MiniAODAPVv2/QCD_Pt_800to1000_TuneCP5_13TeV_pythia8/MINIAODSIM/106X_mcRun2_asymptotic_preVFP_v11-v1/130000/2A877BB9-2FC3-A14D-898D-08DCC86BDA83.root
Begin processing the 600001st record. Run 1, Event 26067010, LumiSection 26068 on stream 0 at 10-Jun-2024 20:06:43.952 CEST
10-Jun-2024 20:06:45 CEST  Closed file root://xrootd-cms.infn.it//store/mc/RunIISummer20UL16MiniAODAPVv2/QCD_Pt_800to1000_TuneCP5_13TeV_pythia8/MINIAODSIM/106X_mcRun2_asymptotic_preVFP_v11-v1/130000/2A877BB9-2FC3-A14D-898D-08DCC86BDA83.root
10-Jun-2024 20:06:45 CEST  Initiating request to open file root://eoscms.cern.ch//eos/cms/store/mc/RunIISummer20UL16MiniAODAPVv2/QCD_Pt_800to1000_TuneCP5_13TeV_pythia8/MINIAODSIM/106X_mcRun2_asymptotic_preVFP_v11-v1/130000/5EE0D58D-36C6-784B-B5EE-7115E8A4E550.root
%MSG-w XrdAdaptorInternal:  file_open 10-Jun-2024 20:06:46 CEST PostProcessEvent
Failed to open file at URL root://eoscms.cern.ch:1094//eos/cms/store/mc/RunIISummer20UL16MiniAODAPVv2/QCD_Pt_800to1000_TuneCP5_13TeV_pythia8/MINIAODSIM/106X_mcRun2_asymptotic_preVFP_v11-v1/130000/5EE0D58D-36C6-784B-B5EE-7115E8A4E550.root.
%MSG
%MSG-w XrdAdaptorInternal:  file_open 10-Jun-2024 20:06:46 CEST PostProcessEvent
Failed to open file at URL root://eoscms.cern.ch:1094//eos/cms/store/mc/RunIISummer20UL16MiniAODAPVv2/QCD_Pt_800to1000_TuneCP5_13TeV_pythia8/MINIAODSIM/106X_mcRun2_asymptotic_preVFP_v11-v1/130000/5EE0D58D-36C6-784B-B5EE-7115E8A4E550.root?tried=.
%MSG
10-Jun-2024 20:06:46 CEST  Fallback request to file root://xrootd-cms.infn.it//store/mc/RunIISummer20UL16MiniAODAPVv2/QCD_Pt_800to1000_TuneCP5_13TeV_pythia8/MINIAODSIM/106X_mcRun2_asymptotic_preVFP_v11-v1/130000/5EE0D58D-36C6-784B-B5EE-7115E8A4E550.root
%MSG-w XrdAdaptor:  file_open 10-Jun-2024 20:07:00 CEST PostProcessEvent
Data is served from T2_US_Nebraska instead of original site T2_FR_GRIF_LLR
%MSG
10-Jun-2024 20:07:00 CEST  Successfully opened file root://xrootd-cms.infn.it//store/mc/RunIISummer20UL16MiniAODAPVv2/QCD_Pt_800to1000_TuneCP5_13TeV_pythia8/MINIAODSIM/106X_mcRun2_asymptotic_preVFP_v11-v1/130000/5EE0D58D-36C6-784B-B5EE-7115E8A4E550.root
10-Jun-2024 20:07:11 CEST  Closed file root://xrootd-cms.infn.it//store/mc/RunIISummer20UL16MiniAODAPVv2/QCD_Pt_800to1000_TuneCP5_13TeV_pythia8/MINIAODSIM/106X_mcRun2_asymptotic_preVFP_v11-v1/130000/5EE0D58D-36C6-784B-B5EE-7115E8A4E550.root
10-Jun-2024 20:07:11 CEST  Initiating request to open file root://eoscms.cern.ch//eos/cms/store/mc/RunIISummer20UL16MiniAODAPVv2/QCD_Pt_800to1000_TuneCP5_13TeV_pythia8/MINIAODSIM/106X_mcRun2_asymptotic_preVFP_v11-v1/130000/3CD2792B-FFDE-284F-B550-02B6E786F02B.root
%MSG-w XrdAdaptorInternal:  file_open 10-Jun-2024 20:07:12 CEST PostProcessEvent
Failed to open file at URL root://eoscms.cern.ch:1094//eos/cms/store/mc/RunIISummer20UL16MiniAODAPVv2/QCD_Pt_800to1000_TuneCP5_13TeV_pythia8/MINIAODSIM/106X_mcRun2_asymptotic_preVFP_v11-v1/130000/3CD2792B-FFDE-284F-B550-02B6E786F02B.root.
%MSG
%MSG-w XrdAdaptorInternal:  file_open 10-Jun-2024 20:07:12 CEST PostProcessEvent
Failed to open file at URL root://eoscms.cern.ch:1094//eos/cms/store/mc/RunIISummer20UL16MiniAODAPVv2/QCD_Pt_800to1000_TuneCP5_13TeV_pythia8/MINIAODSIM/106X_mcRun2_asymptotic_preVFP_v11-v1/130000/3CD2792B-FFDE-284F-B550-02B6E786F02B.root?tried=.
%MSG
10-Jun-2024 20:07:12 CEST  Fallback request to file root://xrootd-cms.infn.it//store/mc/RunIISummer20UL16MiniAODAPVv2/QCD_Pt_800to1000_TuneCP5_13TeV_pythia8/MINIAODSIM/106X_mcRun2_asymptotic_preVFP_v11-v1/130000/3CD2792B-FFDE-284F-B550-02B6E786F02B.root
%MSG-w XrdAdaptor:  file_open 10-Jun-2024 20:07:25 CEST PostProcessEvent
Data is served from T2_US_Nebraska instead of original site T2_FR_GRIF_LLR
%MSG
10-Jun-2024 20:07:26 CEST  Successfully opened file root://xrootd-cms.infn.it//store/mc/RunIISummer20UL16MiniAODAPVv2/QCD_Pt_800to1000_TuneCP5_13TeV_pythia8/MINIAODSIM/106X_mcRun2_asymptotic_preVFP_v11-v1/130000/3CD2792B-FFDE-284F-B550-02B6E786F02B.root
Begin processing the 700001st record. Run 1, Event 26297003, LumiSection 26298 on stream 0 at 10-Jun-2024 20:07:33.169 CEST
10-Jun-2024 20:07:35 CEST  Closed file root://xrootd-cms.infn.it//store/mc/RunIISummer20UL16MiniAODAPVv2/QCD_Pt_800to1000_TuneCP5_13TeV_pythia8/MINIAODSIM/106X_mcRun2_asymptotic_preVFP_v11-v1/130000/3CD2792B-FFDE-284F-B550-02B6E786F02B.root
10-Jun-2024 20:07:35 CEST  Initiating request to open file root://eoscms.cern.ch//eos/cms/store/mc/RunIISummer20UL16MiniAODAPVv2/QCD_Pt_800to1000_TuneCP5_13TeV_pythia8/MINIAODSIM/106X_mcRun2_asymptotic_preVFP_v11-v1/130000/9CE78971-ED60-9143-9A31-124ED0017DA2.root
%MSG-w XrdAdaptorInternal:  file_open 10-Jun-2024 20:07:36 CEST PostProcessEvent
Failed to open file at URL root://eoscms.cern.ch:1094//eos/cms/store/mc/RunIISummer20UL16MiniAODAPVv2/QCD_Pt_800to1000_TuneCP5_13TeV_pythia8/MINIAODSIM/106X_mcRun2_asymptotic_preVFP_v11-v1/130000/9CE78971-ED60-9143-9A31-124ED0017DA2.root.
%MSG
%MSG-w XrdAdaptorInternal:  file_open 10-Jun-2024 20:07:36 CEST PostProcessEvent
Failed to open file at URL root://eoscms.cern.ch:1094//eos/cms/store/mc/RunIISummer20UL16MiniAODAPVv2/QCD_Pt_800to1000_TuneCP5_13TeV_pythia8/MINIAODSIM/106X_mcRun2_asymptotic_preVFP_v11-v1/130000/9CE78971-ED60-9143-9A31-124ED0017DA2.root?tried=.
%MSG
10-Jun-2024 20:07:36 CEST  Fallback request to file root://xrootd-cms.infn.it//store/mc/RunIISummer20UL16MiniAODAPVv2/QCD_Pt_800to1000_TuneCP5_13TeV_pythia8/MINIAODSIM/106X_mcRun2_asymptotic_preVFP_v11-v1/130000/9CE78971-ED60-9143-9A31-124ED0017DA2.root
%MSG-w XrdAdaptor:  file_open 10-Jun-2024 20:07:50 CEST PostProcessEvent
Data is served from T2_US_Nebraska instead of original site T2_FR_GRIF_LLR
%MSG
10-Jun-2024 20:07:51 CEST  Successfully opened file root://xrootd-cms.infn.it//store/mc/RunIISummer20UL16MiniAODAPVv2/QCD_Pt_800to1000_TuneCP5_13TeV_pythia8/MINIAODSIM/106X_mcRun2_asymptotic_preVFP_v11-v1/130000/9CE78971-ED60-9143-9A31-124ED0017DA2.root
Begin processing the 800001st record. Run 1, Event 12735006, LumiSection 12736 on stream 0 at 10-Jun-2024 20:07:58.945 CEST
10-Jun-2024 20:08:00 CEST  Closed file root://xrootd-cms.infn.it//store/mc/RunIISummer20UL16MiniAODAPVv2/QCD_Pt_800to1000_TuneCP5_13TeV_pythia8/MINIAODSIM/106X_mcRun2_asymptotic_preVFP_v11-v1/130000/9CE78971-ED60-9143-9A31-124ED0017DA2.root
10-Jun-2024 20:08:00 CEST  Initiating request to open file root://eoscms.cern.ch//eos/cms/store/mc/RunIISummer20UL16MiniAODAPVv2/QCD_Pt_800to1000_TuneCP5_13TeV_pythia8/MINIAODSIM/106X_mcRun2_asymptotic_preVFP_v11-v1/130000/91EDFC83-C3BA-6640-A921-F0BCD966CD52.root
%MSG-w XrdAdaptorInternal:  file_open 10-Jun-2024 20:08:01 CEST PostProcessEvent
Failed to open file at URL root://eoscms.cern.ch:1094//eos/cms/store/mc/RunIISummer20UL16MiniAODAPVv2/QCD_Pt_800to1000_TuneCP5_13TeV_pythia8/MINIAODSIM/106X_mcRun2_asymptotic_preVFP_v11-v1/130000/91EDFC83-C3BA-6640-A921-F0BCD966CD52.root.
%MSG
%MSG-w XrdAdaptorInternal:  file_open 10-Jun-2024 20:08:01 CEST PostProcessEvent
Failed to open file at URL root://eoscms.cern.ch:1094//eos/cms/store/mc/RunIISummer20UL16MiniAODAPVv2/QCD_Pt_800to1000_TuneCP5_13TeV_pythia8/MINIAODSIM/106X_mcRun2_asymptotic_preVFP_v11-v1/130000/91EDFC83-C3BA-6640-A921-F0BCD966CD52.root?tried=.
%MSG
10-Jun-2024 20:08:01 CEST  Fallback request to file root://xrootd-cms.infn.it//store/mc/RunIISummer20UL16MiniAODAPVv2/QCD_Pt_800to1000_TuneCP5_13TeV_pythia8/MINIAODSIM/106X_mcRun2_asymptotic_preVFP_v11-v1/130000/91EDFC83-C3BA-6640-A921-F0BCD966CD52.root
%MSG-w XrdAdaptor:  file_open 10-Jun-2024 20:08:15 CEST PostProcessEvent
Data is served from T2_US_Nebraska instead of original site T2_FR_GRIF_LLR
%MSG
10-Jun-2024 20:08:16 CEST  Successfully opened file root://xrootd-cms.infn.it//store/mc/RunIISummer20UL16MiniAODAPVv2/QCD_Pt_800to1000_TuneCP5_13TeV_pythia8/MINIAODSIM/106X_mcRun2_asymptotic_preVFP_v11-v1/130000/91EDFC83-C3BA-6640-A921-F0BCD966CD52.root
10-Jun-2024 20:08:24 CEST  Closed file root://xrootd-cms.infn.it//store/mc/RunIISummer20UL16MiniAODAPVv2/QCD_Pt_800to1000_TuneCP5_13TeV_pythia8/MINIAODSIM/106X_mcRun2_asymptotic_preVFP_v11-v1/130000/91EDFC83-C3BA-6640-A921-F0BCD966CD52.root
10-Jun-2024 20:08:24 CEST  Initiating request to open file root://eoscms.cern.ch//eos/cms/store/mc/RunIISummer20UL16MiniAODAPVv2/QCD_Pt_800to1000_TuneCP5_13TeV_pythia8/MINIAODSIM/106X_mcRun2_asymptotic_preVFP_v11-v1/130000/5FF96A55-2BBD-654D-AE0F-74B5E7E8285C.root
%MSG-w XrdAdaptorInternal:  file_open 10-Jun-2024 20:08:25 CEST PostProcessEvent
Failed to open file at URL root://eoscms.cern.ch:1094//eos/cms/store/mc/RunIISummer20UL16MiniAODAPVv2/QCD_Pt_800to1000_TuneCP5_13TeV_pythia8/MINIAODSIM/106X_mcRun2_asymptotic_preVFP_v11-v1/130000/5FF96A55-2BBD-654D-AE0F-74B5E7E8285C.root.
%MSG
%MSG-w XrdAdaptorInternal:  file_open 10-Jun-2024 20:08:25 CEST PostProcessEvent
Failed to open file at URL root://eoscms.cern.ch:1094//eos/cms/store/mc/RunIISummer20UL16MiniAODAPVv2/QCD_Pt_800to1000_TuneCP5_13TeV_pythia8/MINIAODSIM/106X_mcRun2_asymptotic_preVFP_v11-v1/130000/5FF96A55-2BBD-654D-AE0F-74B5E7E8285C.root?tried=.
%MSG
10-Jun-2024 20:08:25 CEST  Fallback request to file root://xrootd-cms.infn.it//store/mc/RunIISummer20UL16MiniAODAPVv2/QCD_Pt_800to1000_TuneCP5_13TeV_pythia8/MINIAODSIM/106X_mcRun2_asymptotic_preVFP_v11-v1/130000/5FF96A55-2BBD-654D-AE0F-74B5E7E8285C.root
%MSG-w XrdAdaptor:  file_open 10-Jun-2024 20:08:39 CEST PostProcessEvent
Data is served from T2_US_Nebraska instead of original site T2_FR_GRIF_LLR
%MSG
10-Jun-2024 20:08:40 CEST  Successfully opened file root://xrootd-cms.infn.it//store/mc/RunIISummer20UL16MiniAODAPVv2/QCD_Pt_800to1000_TuneCP5_13TeV_pythia8/MINIAODSIM/106X_mcRun2_asymptotic_preVFP_v11-v1/130000/5FF96A55-2BBD-654D-AE0F-74B5E7E8285C.root
Begin processing the 900001st record. Run 1, Event 31698005, LumiSection 31699 on stream 0 at 10-Jun-2024 20:08:47.703 CEST
10-Jun-2024 20:08:49 CEST  Closed file root://xrootd-cms.infn.it//store/mc/RunIISummer20UL16MiniAODAPVv2/QCD_Pt_800to1000_TuneCP5_13TeV_pythia8/MINIAODSIM/106X_mcRun2_asymptotic_preVFP_v11-v1/130000/5FF96A55-2BBD-654D-AE0F-74B5E7E8285C.root
10-Jun-2024 20:08:49 CEST  Initiating request to open file root://eoscms.cern.ch//eos/cms/store/mc/RunIISummer20UL16MiniAODAPVv2/QCD_Pt_800to1000_TuneCP5_13TeV_pythia8/MINIAODSIM/106X_mcRun2_asymptotic_preVFP_v11-v1/130000/2C0E4614-3E85-9644-87BC-A38E6C65B871.root
%MSG-w XrdAdaptorInternal:  file_open 10-Jun-2024 20:08:50 CEST PostProcessEvent
Failed to open file at URL root://eoscms.cern.ch:1094//eos/cms/store/mc/RunIISummer20UL16MiniAODAPVv2/QCD_Pt_800to1000_TuneCP5_13TeV_pythia8/MINIAODSIM/106X_mcRun2_asymptotic_preVFP_v11-v1/130000/2C0E4614-3E85-9644-87BC-A38E6C65B871.root.
%MSG
%MSG-w XrdAdaptorInternal:  file_open 10-Jun-2024 20:08:50 CEST PostProcessEvent
Failed to open file at URL root://eoscms.cern.ch:1094//eos/cms/store/mc/RunIISummer20UL16MiniAODAPVv2/QCD_Pt_800to1000_TuneCP5_13TeV_pythia8/MINIAODSIM/106X_mcRun2_asymptotic_preVFP_v11-v1/130000/2C0E4614-3E85-9644-87BC-A38E6C65B871.root?tried=.
%MSG
10-Jun-2024 20:08:50 CEST  Fallback request to file root://xrootd-cms.infn.it//store/mc/RunIISummer20UL16MiniAODAPVv2/QCD_Pt_800to1000_TuneCP5_13TeV_pythia8/MINIAODSIM/106X_mcRun2_asymptotic_preVFP_v11-v1/130000/2C0E4614-3E85-9644-87BC-A38E6C65B871.root
%MSG-w XrdAdaptor:  file_open 10-Jun-2024 20:09:04 CEST PostProcessEvent
Data is served from T2_US_Nebraska instead of original site T2_FR_GRIF_LLR
%MSG
10-Jun-2024 20:09:04 CEST  Successfully opened file root://xrootd-cms.infn.it//store/mc/RunIISummer20UL16MiniAODAPVv2/QCD_Pt_800to1000_TuneCP5_13TeV_pythia8/MINIAODSIM/106X_mcRun2_asymptotic_preVFP_v11-v1/130000/2C0E4614-3E85-9644-87BC-A38E6C65B871.root
10-Jun-2024 20:09:13 CEST  Closed file root://xrootd-cms.infn.it//store/mc/RunIISummer20UL16MiniAODAPVv2/QCD_Pt_800to1000_TuneCP5_13TeV_pythia8/MINIAODSIM/106X_mcRun2_asymptotic_preVFP_v11-v1/130000/2C0E4614-3E85-9644-87BC-A38E6C65B871.root

------------------------------------
GenXsecAnalyzer:
------------------------------------
Before Filter: total cross section = 2.624e+01 +- 1.222e-02 pb
Filter efficiency (taking into account weights)= (1e+06) / (1e+06) = 1.000e+00 +- 0.000e+00
Filter efficiency (event-level)= (1e+06) / (1e+06) = 1.000e+00 +- 0.000e+00    [TO BE USED IN MCM]

After filter: final cross section = 2.624e+01 +- 1.222e-02 pb
After filter: final fraction of events with negative weights = 0.000e+00 +- 0.000e+00
After filter: final equivalent lumi for 1M events (1/fb) = 3.811e+01 +- 4.204e-02

=============================================

MessageLogger Summary

 type     category        sev    module        subroutine        count    total
 ---- -------------------- -- ---------------- ----------------  -----    -----
    1 GenXSecAnalyzer      -w GenXSecAnalyzer:                       7        7
    2 XrdAdaptor           -w file_open                             15       15
    3 XrdAdaptorInternal   -w file_open                             30       30
    4 fileAction           -s file_close                            15       15
    5 fileAction           -s file_open                             45       45

 type    category    Examples: run/evt        run/evt          run/evt
 ---- -------------------- ---------------- ---------------- ----------------
    1 GenXSecAnalyzer      PostGlobalEndRun PostGlobalEndRun PostGlobalEndRun
    2 XrdAdaptor           pre-events       PostProcessEvent PostProcessEvent
    3 XrdAdaptorInternal   pre-events       pre-events       PostProcessEvent
    4 fileAction           PostProcessEvent PostProcessEvent PostGlobalEndRun
    5 fileAction           pre-events       pre-events       PostProcessEvent

Severity    # Occurrences   Total Occurrences
--------    -------------   -----------------
Warning                52                  52
System                 60                  60

dropped waiting message count 0
