10-Jun-2024 19:38:02 CEST  Initiating request to open file root://eoscms.cern.ch//eos/cms/store/mc/RunIISummer20UL16MiniAODAPVv2/QCD_Pt_170to300_TuneCP5_13TeV_pythia8/MINIAODSIM/106X_mcRun2_asymptotic_preVFP_v11-v1/140000/88A10FB4-09A8-7B4E-866E-7C3694CCCC03.root
%MSG-w XrdAdaptorInternal:  file_open 10-Jun-2024 19:38:04 CEST pre-events
Failed to open file at URL root://eoscms.cern.ch:1094//eos/cms/store/mc/RunIISummer20UL16MiniAODAPVv2/QCD_Pt_170to300_TuneCP5_13TeV_pythia8/MINIAODSIM/106X_mcRun2_asymptotic_preVFP_v11-v1/140000/88A10FB4-09A8-7B4E-866E-7C3694CCCC03.root.
%MSG
%MSG-w XrdAdaptorInternal:  file_open 10-Jun-2024 19:38:04 CEST pre-events
Failed to open file at URL root://eoscms.cern.ch:1094//eos/cms/store/mc/RunIISummer20UL16MiniAODAPVv2/QCD_Pt_170to300_TuneCP5_13TeV_pythia8/MINIAODSIM/106X_mcRun2_asymptotic_preVFP_v11-v1/140000/88A10FB4-09A8-7B4E-866E-7C3694CCCC03.root?tried=.
%MSG
10-Jun-2024 19:38:04 CEST  Fallback request to file root://xrootd-cms.infn.it//store/mc/RunIISummer20UL16MiniAODAPVv2/QCD_Pt_170to300_TuneCP5_13TeV_pythia8/MINIAODSIM/106X_mcRun2_asymptotic_preVFP_v11-v1/140000/88A10FB4-09A8-7B4E-866E-7C3694CCCC03.root
%MSG-w XrdAdaptor:  file_open 10-Jun-2024 19:38:20 CEST pre-events
Data is served from T2_US_Nebraska instead of original site T2_FR_GRIF_LLR
%MSG
10-Jun-2024 19:38:24 CEST  Successfully opened file root://xrootd-cms.infn.it//store/mc/RunIISummer20UL16MiniAODAPVv2/QCD_Pt_170to300_TuneCP5_13TeV_pythia8/MINIAODSIM/106X_mcRun2_asymptotic_preVFP_v11-v1/140000/88A10FB4-09A8-7B4E-866E-7C3694CCCC03.root
Begin processing the 1st record. Run 1, Event 16071004, LumiSection 16072 on stream 0 at 10-Jun-2024 19:38:30.752 CEST
10-Jun-2024 19:38:31 CEST  Closed file root://xrootd-cms.infn.it//store/mc/RunIISummer20UL16MiniAODAPVv2/QCD_Pt_170to300_TuneCP5_13TeV_pythia8/MINIAODSIM/106X_mcRun2_asymptotic_preVFP_v11-v1/140000/88A10FB4-09A8-7B4E-866E-7C3694CCCC03.root
10-Jun-2024 19:38:31 CEST  Initiating request to open file root://eoscms.cern.ch//eos/cms/store/mc/RunIISummer20UL16MiniAODAPVv2/QCD_Pt_170to300_TuneCP5_13TeV_pythia8/MINIAODSIM/106X_mcRun2_asymptotic_preVFP_v11-v1/130000/EA214E26-4ED0-6B42-BCEC-FB3FF48D4E95.root
%MSG-w XrdAdaptorInternal:  file_open 10-Jun-2024 19:38:32 CEST PostProcessEvent
Failed to open file at URL root://eoscms.cern.ch:1094//eos/cms/store/mc/RunIISummer20UL16MiniAODAPVv2/QCD_Pt_170to300_TuneCP5_13TeV_pythia8/MINIAODSIM/106X_mcRun2_asymptotic_preVFP_v11-v1/130000/EA214E26-4ED0-6B42-BCEC-FB3FF48D4E95.root.
%MSG
%MSG-w XrdAdaptorInternal:  file_open 10-Jun-2024 19:38:32 CEST PostProcessEvent
Failed to open file at URL root://eoscms.cern.ch:1094//eos/cms/store/mc/RunIISummer20UL16MiniAODAPVv2/QCD_Pt_170to300_TuneCP5_13TeV_pythia8/MINIAODSIM/106X_mcRun2_asymptotic_preVFP_v11-v1/130000/EA214E26-4ED0-6B42-BCEC-FB3FF48D4E95.root?tried=.
%MSG
10-Jun-2024 19:38:32 CEST  Fallback request to file root://xrootd-cms.infn.it//store/mc/RunIISummer20UL16MiniAODAPVv2/QCD_Pt_170to300_TuneCP5_13TeV_pythia8/MINIAODSIM/106X_mcRun2_asymptotic_preVFP_v11-v1/130000/EA214E26-4ED0-6B42-BCEC-FB3FF48D4E95.root
%MSG-w XrdAdaptor:  file_open 10-Jun-2024 19:38:47 CEST PostProcessEvent
Data is served from T2_US_Nebraska instead of original site T2_FR_GRIF_LLR
%MSG
10-Jun-2024 19:38:47 CEST  Successfully opened file root://xrootd-cms.infn.it//store/mc/RunIISummer20UL16MiniAODAPVv2/QCD_Pt_170to300_TuneCP5_13TeV_pythia8/MINIAODSIM/106X_mcRun2_asymptotic_preVFP_v11-v1/130000/EA214E26-4ED0-6B42-BCEC-FB3FF48D4E95.root
10-Jun-2024 19:38:57 CEST  Closed file root://xrootd-cms.infn.it//store/mc/RunIISummer20UL16MiniAODAPVv2/QCD_Pt_170to300_TuneCP5_13TeV_pythia8/MINIAODSIM/106X_mcRun2_asymptotic_preVFP_v11-v1/130000/EA214E26-4ED0-6B42-BCEC-FB3FF48D4E95.root
10-Jun-2024 19:38:57 CEST  Initiating request to open file root://eoscms.cern.ch//eos/cms/store/mc/RunIISummer20UL16MiniAODAPVv2/QCD_Pt_170to300_TuneCP5_13TeV_pythia8/MINIAODSIM/106X_mcRun2_asymptotic_preVFP_v11-v1/130000/EE89B761-1B6A-714B-B63D-84C4B08A116B.root
%MSG-w XrdAdaptorInternal:  file_open 10-Jun-2024 19:38:58 CEST PostProcessEvent
Failed to open file at URL root://eoscms.cern.ch:1094//eos/cms/store/mc/RunIISummer20UL16MiniAODAPVv2/QCD_Pt_170to300_TuneCP5_13TeV_pythia8/MINIAODSIM/106X_mcRun2_asymptotic_preVFP_v11-v1/130000/EE89B761-1B6A-714B-B63D-84C4B08A116B.root.
%MSG
%MSG-w XrdAdaptorInternal:  file_open 10-Jun-2024 19:38:58 CEST PostProcessEvent
Failed to open file at URL root://eoscms.cern.ch:1094//eos/cms/store/mc/RunIISummer20UL16MiniAODAPVv2/QCD_Pt_170to300_TuneCP5_13TeV_pythia8/MINIAODSIM/106X_mcRun2_asymptotic_preVFP_v11-v1/130000/EE89B761-1B6A-714B-B63D-84C4B08A116B.root?tried=.
%MSG
10-Jun-2024 19:38:58 CEST  Fallback request to file root://xrootd-cms.infn.it//store/mc/RunIISummer20UL16MiniAODAPVv2/QCD_Pt_170to300_TuneCP5_13TeV_pythia8/MINIAODSIM/106X_mcRun2_asymptotic_preVFP_v11-v1/130000/EE89B761-1B6A-714B-B63D-84C4B08A116B.root
%MSG-w XrdAdaptor:  file_open 10-Jun-2024 19:39:14 CEST PostProcessEvent
Data is served from T2_US_Nebraska instead of original site T2_FR_GRIF_LLR
%MSG
10-Jun-2024 19:39:14 CEST  Successfully opened file root://xrootd-cms.infn.it//store/mc/RunIISummer20UL16MiniAODAPVv2/QCD_Pt_170to300_TuneCP5_13TeV_pythia8/MINIAODSIM/106X_mcRun2_asymptotic_preVFP_v11-v1/130000/EE89B761-1B6A-714B-B63D-84C4B08A116B.root
Begin processing the 100001st record. Run 1, Event 458016, LumiSection 459 on stream 0 at 10-Jun-2024 19:39:21.680 CEST
10-Jun-2024 19:39:23 CEST  Closed file root://xrootd-cms.infn.it//store/mc/RunIISummer20UL16MiniAODAPVv2/QCD_Pt_170to300_TuneCP5_13TeV_pythia8/MINIAODSIM/106X_mcRun2_asymptotic_preVFP_v11-v1/130000/EE89B761-1B6A-714B-B63D-84C4B08A116B.root
10-Jun-2024 19:39:23 CEST  Initiating request to open file root://eoscms.cern.ch//eos/cms/store/mc/RunIISummer20UL16MiniAODAPVv2/QCD_Pt_170to300_TuneCP5_13TeV_pythia8/MINIAODSIM/106X_mcRun2_asymptotic_preVFP_v11-v1/130000/4D301FBF-72C1-5547-A9B3-44258E168B65.root
%MSG-w XrdAdaptorInternal:  file_open 10-Jun-2024 19:39:24 CEST PostProcessEvent
Failed to open file at URL root://eoscms.cern.ch:1094//eos/cms/store/mc/RunIISummer20UL16MiniAODAPVv2/QCD_Pt_170to300_TuneCP5_13TeV_pythia8/MINIAODSIM/106X_mcRun2_asymptotic_preVFP_v11-v1/130000/4D301FBF-72C1-5547-A9B3-44258E168B65.root.
%MSG
%MSG-w XrdAdaptorInternal:  file_open 10-Jun-2024 19:39:24 CEST PostProcessEvent
Failed to open file at URL root://eoscms.cern.ch:1094//eos/cms/store/mc/RunIISummer20UL16MiniAODAPVv2/QCD_Pt_170to300_TuneCP5_13TeV_pythia8/MINIAODSIM/106X_mcRun2_asymptotic_preVFP_v11-v1/130000/4D301FBF-72C1-5547-A9B3-44258E168B65.root?tried=.
%MSG
10-Jun-2024 19:39:24 CEST  Fallback request to file root://xrootd-cms.infn.it//store/mc/RunIISummer20UL16MiniAODAPVv2/QCD_Pt_170to300_TuneCP5_13TeV_pythia8/MINIAODSIM/106X_mcRun2_asymptotic_preVFP_v11-v1/130000/4D301FBF-72C1-5547-A9B3-44258E168B65.root
%MSG-w XrdAdaptor:  file_open 10-Jun-2024 19:39:39 CEST PostProcessEvent
Data is served from T2_US_Nebraska instead of original site T2_FR_GRIF_LLR
%MSG
10-Jun-2024 19:39:40 CEST  Successfully opened file root://xrootd-cms.infn.it//store/mc/RunIISummer20UL16MiniAODAPVv2/QCD_Pt_170to300_TuneCP5_13TeV_pythia8/MINIAODSIM/106X_mcRun2_asymptotic_preVFP_v11-v1/130000/4D301FBF-72C1-5547-A9B3-44258E168B65.root
Begin processing the 200001st record. Run 1, Event 306006, LumiSection 307 on stream 0 at 10-Jun-2024 19:39:48.575 CEST
10-Jun-2024 19:39:49 CEST  Closed file root://xrootd-cms.infn.it//store/mc/RunIISummer20UL16MiniAODAPVv2/QCD_Pt_170to300_TuneCP5_13TeV_pythia8/MINIAODSIM/106X_mcRun2_asymptotic_preVFP_v11-v1/130000/4D301FBF-72C1-5547-A9B3-44258E168B65.root
10-Jun-2024 19:39:49 CEST  Initiating request to open file root://eoscms.cern.ch//eos/cms/store/mc/RunIISummer20UL16MiniAODAPVv2/QCD_Pt_170to300_TuneCP5_13TeV_pythia8/MINIAODSIM/106X_mcRun2_asymptotic_preVFP_v11-v1/130000/D9198C36-5244-7045-8645-CC929EDBFD85.root
%MSG-w XrdAdaptorInternal:  file_open 10-Jun-2024 19:39:50 CEST PostProcessEvent
Failed to open file at URL root://eoscms.cern.ch:1094//eos/cms/store/mc/RunIISummer20UL16MiniAODAPVv2/QCD_Pt_170to300_TuneCP5_13TeV_pythia8/MINIAODSIM/106X_mcRun2_asymptotic_preVFP_v11-v1/130000/D9198C36-5244-7045-8645-CC929EDBFD85.root.
%MSG
%MSG-w XrdAdaptorInternal:  file_open 10-Jun-2024 19:39:50 CEST PostProcessEvent
Failed to open file at URL root://eoscms.cern.ch:1094//eos/cms/store/mc/RunIISummer20UL16MiniAODAPVv2/QCD_Pt_170to300_TuneCP5_13TeV_pythia8/MINIAODSIM/106X_mcRun2_asymptotic_preVFP_v11-v1/130000/D9198C36-5244-7045-8645-CC929EDBFD85.root?tried=.
%MSG
10-Jun-2024 19:39:50 CEST  Fallback request to file root://xrootd-cms.infn.it//store/mc/RunIISummer20UL16MiniAODAPVv2/QCD_Pt_170to300_TuneCP5_13TeV_pythia8/MINIAODSIM/106X_mcRun2_asymptotic_preVFP_v11-v1/130000/D9198C36-5244-7045-8645-CC929EDBFD85.root
%MSG-w XrdAdaptor:  file_open 10-Jun-2024 19:40:03 CEST PostProcessEvent
Data is served from T2_US_Nebraska instead of original site T2_FR_GRIF_LLR
%MSG
10-Jun-2024 19:40:04 CEST  Successfully opened file root://xrootd-cms.infn.it//store/mc/RunIISummer20UL16MiniAODAPVv2/QCD_Pt_170to300_TuneCP5_13TeV_pythia8/MINIAODSIM/106X_mcRun2_asymptotic_preVFP_v11-v1/130000/D9198C36-5244-7045-8645-CC929EDBFD85.root
10-Jun-2024 19:40:14 CEST  Closed file root://xrootd-cms.infn.it//store/mc/RunIISummer20UL16MiniAODAPVv2/QCD_Pt_170to300_TuneCP5_13TeV_pythia8/MINIAODSIM/106X_mcRun2_asymptotic_preVFP_v11-v1/130000/D9198C36-5244-7045-8645-CC929EDBFD85.root
10-Jun-2024 19:40:14 CEST  Initiating request to open file root://eoscms.cern.ch//eos/cms/store/mc/RunIISummer20UL16MiniAODAPVv2/QCD_Pt_170to300_TuneCP5_13TeV_pythia8/MINIAODSIM/106X_mcRun2_asymptotic_preVFP_v11-v1/130000/1EA4A862-DCD2-C748-A756-EC92695F7A1F.root
%MSG-w XrdAdaptorInternal:  file_open 10-Jun-2024 19:40:15 CEST PostProcessEvent
Failed to open file at URL root://eoscms.cern.ch:1094//eos/cms/store/mc/RunIISummer20UL16MiniAODAPVv2/QCD_Pt_170to300_TuneCP5_13TeV_pythia8/MINIAODSIM/106X_mcRun2_asymptotic_preVFP_v11-v1/130000/1EA4A862-DCD2-C748-A756-EC92695F7A1F.root.
%MSG
%MSG-w XrdAdaptorInternal:  file_open 10-Jun-2024 19:40:15 CEST PostProcessEvent
Failed to open file at URL root://eoscms.cern.ch:1094//eos/cms/store/mc/RunIISummer20UL16MiniAODAPVv2/QCD_Pt_170to300_TuneCP5_13TeV_pythia8/MINIAODSIM/106X_mcRun2_asymptotic_preVFP_v11-v1/130000/1EA4A862-DCD2-C748-A756-EC92695F7A1F.root?tried=.
%MSG
10-Jun-2024 19:40:15 CEST  Fallback request to file root://xrootd-cms.infn.it//store/mc/RunIISummer20UL16MiniAODAPVv2/QCD_Pt_170to300_TuneCP5_13TeV_pythia8/MINIAODSIM/106X_mcRun2_asymptotic_preVFP_v11-v1/130000/1EA4A862-DCD2-C748-A756-EC92695F7A1F.root
%MSG-w XrdAdaptor:  file_open 10-Jun-2024 19:40:28 CEST PostProcessEvent
Data is served from T2_US_Nebraska instead of original site T2_FR_GRIF_LLR
%MSG
10-Jun-2024 19:40:29 CEST  Successfully opened file root://xrootd-cms.infn.it//store/mc/RunIISummer20UL16MiniAODAPVv2/QCD_Pt_170to300_TuneCP5_13TeV_pythia8/MINIAODSIM/106X_mcRun2_asymptotic_preVFP_v11-v1/130000/1EA4A862-DCD2-C748-A756-EC92695F7A1F.root
Begin processing the 300001st record. Run 1, Event 118008, LumiSection 119 on stream 0 at 10-Jun-2024 19:40:39.877 CEST
10-Jun-2024 19:40:42 CEST  Closed file root://xrootd-cms.infn.it//store/mc/RunIISummer20UL16MiniAODAPVv2/QCD_Pt_170to300_TuneCP5_13TeV_pythia8/MINIAODSIM/106X_mcRun2_asymptotic_preVFP_v11-v1/130000/1EA4A862-DCD2-C748-A756-EC92695F7A1F.root
10-Jun-2024 19:40:42 CEST  Initiating request to open file root://eoscms.cern.ch//eos/cms/store/mc/RunIISummer20UL16MiniAODAPVv2/QCD_Pt_170to300_TuneCP5_13TeV_pythia8/MINIAODSIM/106X_mcRun2_asymptotic_preVFP_v11-v1/130000/8B534C77-7002-4741-9E50-843468263039.root
%MSG-w XrdAdaptorInternal:  file_open 10-Jun-2024 19:40:43 CEST PostProcessEvent
Failed to open file at URL root://eoscms.cern.ch:1094//eos/cms/store/mc/RunIISummer20UL16MiniAODAPVv2/QCD_Pt_170to300_TuneCP5_13TeV_pythia8/MINIAODSIM/106X_mcRun2_asymptotic_preVFP_v11-v1/130000/8B534C77-7002-4741-9E50-843468263039.root.
%MSG
%MSG-w XrdAdaptorInternal:  file_open 10-Jun-2024 19:40:43 CEST PostProcessEvent
Failed to open file at URL root://eoscms.cern.ch:1094//eos/cms/store/mc/RunIISummer20UL16MiniAODAPVv2/QCD_Pt_170to300_TuneCP5_13TeV_pythia8/MINIAODSIM/106X_mcRun2_asymptotic_preVFP_v11-v1/130000/8B534C77-7002-4741-9E50-843468263039.root?tried=.
%MSG
10-Jun-2024 19:40:43 CEST  Fallback request to file root://xrootd-cms.infn.it//store/mc/RunIISummer20UL16MiniAODAPVv2/QCD_Pt_170to300_TuneCP5_13TeV_pythia8/MINIAODSIM/106X_mcRun2_asymptotic_preVFP_v11-v1/130000/8B534C77-7002-4741-9E50-843468263039.root
%MSG-w XrdAdaptor:  file_open 10-Jun-2024 19:40:56 CEST PostProcessEvent
Data is served from T2_US_Nebraska instead of original site T2_FR_GRIF_LLR
%MSG
10-Jun-2024 19:40:57 CEST  Successfully opened file root://xrootd-cms.infn.it//store/mc/RunIISummer20UL16MiniAODAPVv2/QCD_Pt_170to300_TuneCP5_13TeV_pythia8/MINIAODSIM/106X_mcRun2_asymptotic_preVFP_v11-v1/130000/8B534C77-7002-4741-9E50-843468263039.root
Begin processing the 400001st record. Run 1, Event 778014, LumiSection 779 on stream 0 at 10-Jun-2024 19:41:05.496 CEST
10-Jun-2024 19:41:06 CEST  Closed file root://xrootd-cms.infn.it//store/mc/RunIISummer20UL16MiniAODAPVv2/QCD_Pt_170to300_TuneCP5_13TeV_pythia8/MINIAODSIM/106X_mcRun2_asymptotic_preVFP_v11-v1/130000/8B534C77-7002-4741-9E50-843468263039.root
10-Jun-2024 19:41:06 CEST  Initiating request to open file root://eoscms.cern.ch//eos/cms/store/mc/RunIISummer20UL16MiniAODAPVv2/QCD_Pt_170to300_TuneCP5_13TeV_pythia8/MINIAODSIM/106X_mcRun2_asymptotic_preVFP_v11-v1/130000/960FA871-E9FF-0045-89EB-61E8326056AE.root
%MSG-w XrdAdaptorInternal:  file_open 10-Jun-2024 19:41:07 CEST PostProcessEvent
Failed to open file at URL root://eoscms.cern.ch:1094//eos/cms/store/mc/RunIISummer20UL16MiniAODAPVv2/QCD_Pt_170to300_TuneCP5_13TeV_pythia8/MINIAODSIM/106X_mcRun2_asymptotic_preVFP_v11-v1/130000/960FA871-E9FF-0045-89EB-61E8326056AE.root.
%MSG
%MSG-w XrdAdaptorInternal:  file_open 10-Jun-2024 19:41:07 CEST PostProcessEvent
Failed to open file at URL root://eoscms.cern.ch:1094//eos/cms/store/mc/RunIISummer20UL16MiniAODAPVv2/QCD_Pt_170to300_TuneCP5_13TeV_pythia8/MINIAODSIM/106X_mcRun2_asymptotic_preVFP_v11-v1/130000/960FA871-E9FF-0045-89EB-61E8326056AE.root?tried=.
%MSG
10-Jun-2024 19:41:07 CEST  Fallback request to file root://xrootd-cms.infn.it//store/mc/RunIISummer20UL16MiniAODAPVv2/QCD_Pt_170to300_TuneCP5_13TeV_pythia8/MINIAODSIM/106X_mcRun2_asymptotic_preVFP_v11-v1/130000/960FA871-E9FF-0045-89EB-61E8326056AE.root
%MSG-w XrdAdaptor:  file_open 10-Jun-2024 19:41:20 CEST PostProcessEvent
Data is served from T2_US_Nebraska instead of original site T2_FR_GRIF_LLR
%MSG
10-Jun-2024 19:41:21 CEST  Successfully opened file root://xrootd-cms.infn.it//store/mc/RunIISummer20UL16MiniAODAPVv2/QCD_Pt_170to300_TuneCP5_13TeV_pythia8/MINIAODSIM/106X_mcRun2_asymptotic_preVFP_v11-v1/130000/960FA871-E9FF-0045-89EB-61E8326056AE.root
Begin processing the 500001st record. Run 1, Event 937014, LumiSection 938 on stream 0 at 10-Jun-2024 19:41:32.398 CEST
10-Jun-2024 19:41:32 CEST  Closed file root://xrootd-cms.infn.it//store/mc/RunIISummer20UL16MiniAODAPVv2/QCD_Pt_170to300_TuneCP5_13TeV_pythia8/MINIAODSIM/106X_mcRun2_asymptotic_preVFP_v11-v1/130000/960FA871-E9FF-0045-89EB-61E8326056AE.root
10-Jun-2024 19:41:32 CEST  Initiating request to open file root://eoscms.cern.ch//eos/cms/store/mc/RunIISummer20UL16MiniAODAPVv2/QCD_Pt_170to300_TuneCP5_13TeV_pythia8/MINIAODSIM/106X_mcRun2_asymptotic_preVFP_v11-v1/130000/8E7B394F-6336-2C45-A1D2-6A4E54C5D97F.root
%MSG-w XrdAdaptorInternal:  file_open 10-Jun-2024 19:41:33 CEST PostProcessEvent
Failed to open file at URL root://eoscms.cern.ch:1094//eos/cms/store/mc/RunIISummer20UL16MiniAODAPVv2/QCD_Pt_170to300_TuneCP5_13TeV_pythia8/MINIAODSIM/106X_mcRun2_asymptotic_preVFP_v11-v1/130000/8E7B394F-6336-2C45-A1D2-6A4E54C5D97F.root.
%MSG
%MSG-w XrdAdaptorInternal:  file_open 10-Jun-2024 19:41:33 CEST PostProcessEvent
Failed to open file at URL root://eoscms.cern.ch:1094//eos/cms/store/mc/RunIISummer20UL16MiniAODAPVv2/QCD_Pt_170to300_TuneCP5_13TeV_pythia8/MINIAODSIM/106X_mcRun2_asymptotic_preVFP_v11-v1/130000/8E7B394F-6336-2C45-A1D2-6A4E54C5D97F.root?tried=.
%MSG
10-Jun-2024 19:41:33 CEST  Fallback request to file root://xrootd-cms.infn.it//store/mc/RunIISummer20UL16MiniAODAPVv2/QCD_Pt_170to300_TuneCP5_13TeV_pythia8/MINIAODSIM/106X_mcRun2_asymptotic_preVFP_v11-v1/130000/8E7B394F-6336-2C45-A1D2-6A4E54C5D97F.root
%MSG-w XrdAdaptor:  file_open 10-Jun-2024 19:41:46 CEST PostProcessEvent
Data is served from T2_US_Nebraska instead of original site T2_FR_GRIF_LLR
%MSG
10-Jun-2024 19:41:47 CEST  Successfully opened file root://xrootd-cms.infn.it//store/mc/RunIISummer20UL16MiniAODAPVv2/QCD_Pt_170to300_TuneCP5_13TeV_pythia8/MINIAODSIM/106X_mcRun2_asymptotic_preVFP_v11-v1/130000/8E7B394F-6336-2C45-A1D2-6A4E54C5D97F.root
10-Jun-2024 19:41:56 CEST  Closed file root://xrootd-cms.infn.it//store/mc/RunIISummer20UL16MiniAODAPVv2/QCD_Pt_170to300_TuneCP5_13TeV_pythia8/MINIAODSIM/106X_mcRun2_asymptotic_preVFP_v11-v1/130000/8E7B394F-6336-2C45-A1D2-6A4E54C5D97F.root
10-Jun-2024 19:41:56 CEST  Initiating request to open file root://eoscms.cern.ch//eos/cms/store/mc/RunIISummer20UL16MiniAODAPVv2/QCD_Pt_170to300_TuneCP5_13TeV_pythia8/MINIAODSIM/106X_mcRun2_asymptotic_preVFP_v11-v1/130000/EC7AF0B1-29BA-2549-9252-F2EB53DFB49B.root
%MSG-w XrdAdaptorInternal:  file_open 10-Jun-2024 19:41:57 CEST PostProcessEvent
Failed to open file at URL root://eoscms.cern.ch:1094//eos/cms/store/mc/RunIISummer20UL16MiniAODAPVv2/QCD_Pt_170to300_TuneCP5_13TeV_pythia8/MINIAODSIM/106X_mcRun2_asymptotic_preVFP_v11-v1/130000/EC7AF0B1-29BA-2549-9252-F2EB53DFB49B.root.
%MSG
%MSG-w XrdAdaptorInternal:  file_open 10-Jun-2024 19:41:57 CEST PostProcessEvent
Failed to open file at URL root://eoscms.cern.ch:1094//eos/cms/store/mc/RunIISummer20UL16MiniAODAPVv2/QCD_Pt_170to300_TuneCP5_13TeV_pythia8/MINIAODSIM/106X_mcRun2_asymptotic_preVFP_v11-v1/130000/EC7AF0B1-29BA-2549-9252-F2EB53DFB49B.root?tried=.
%MSG
10-Jun-2024 19:41:57 CEST  Fallback request to file root://xrootd-cms.infn.it//store/mc/RunIISummer20UL16MiniAODAPVv2/QCD_Pt_170to300_TuneCP5_13TeV_pythia8/MINIAODSIM/106X_mcRun2_asymptotic_preVFP_v11-v1/130000/EC7AF0B1-29BA-2549-9252-F2EB53DFB49B.root
%MSG-w XrdAdaptor:  file_open 10-Jun-2024 19:42:10 CEST PostProcessEvent
Data is served from T2_US_Nebraska instead of original site T2_FR_GRIF_LLR
%MSG
10-Jun-2024 19:42:11 CEST  Successfully opened file root://xrootd-cms.infn.it//store/mc/RunIISummer20UL16MiniAODAPVv2/QCD_Pt_170to300_TuneCP5_13TeV_pythia8/MINIAODSIM/106X_mcRun2_asymptotic_preVFP_v11-v1/130000/EC7AF0B1-29BA-2549-9252-F2EB53DFB49B.root
Begin processing the 600001st record. Run 1, Event 1064014, LumiSection 1065 on stream 0 at 10-Jun-2024 19:42:18.994 CEST
10-Jun-2024 19:42:20 CEST  Closed file root://xrootd-cms.infn.it//store/mc/RunIISummer20UL16MiniAODAPVv2/QCD_Pt_170to300_TuneCP5_13TeV_pythia8/MINIAODSIM/106X_mcRun2_asymptotic_preVFP_v11-v1/130000/EC7AF0B1-29BA-2549-9252-F2EB53DFB49B.root
10-Jun-2024 19:42:20 CEST  Initiating request to open file root://eoscms.cern.ch//eos/cms/store/mc/RunIISummer20UL16MiniAODAPVv2/QCD_Pt_170to300_TuneCP5_13TeV_pythia8/MINIAODSIM/106X_mcRun2_asymptotic_preVFP_v11-v1/130000/F2DC52A8-7320-064D-9BEF-DF3CC39C6874.root
%MSG-w XrdAdaptorInternal:  file_open 10-Jun-2024 19:42:21 CEST PostProcessEvent
Failed to open file at URL root://eoscms.cern.ch:1094//eos/cms/store/mc/RunIISummer20UL16MiniAODAPVv2/QCD_Pt_170to300_TuneCP5_13TeV_pythia8/MINIAODSIM/106X_mcRun2_asymptotic_preVFP_v11-v1/130000/F2DC52A8-7320-064D-9BEF-DF3CC39C6874.root.
%MSG
%MSG-w XrdAdaptorInternal:  file_open 10-Jun-2024 19:42:21 CEST PostProcessEvent
Failed to open file at URL root://eoscms.cern.ch:1094//eos/cms/store/mc/RunIISummer20UL16MiniAODAPVv2/QCD_Pt_170to300_TuneCP5_13TeV_pythia8/MINIAODSIM/106X_mcRun2_asymptotic_preVFP_v11-v1/130000/F2DC52A8-7320-064D-9BEF-DF3CC39C6874.root?tried=.
%MSG
10-Jun-2024 19:42:21 CEST  Fallback request to file root://xrootd-cms.infn.it//store/mc/RunIISummer20UL16MiniAODAPVv2/QCD_Pt_170to300_TuneCP5_13TeV_pythia8/MINIAODSIM/106X_mcRun2_asymptotic_preVFP_v11-v1/130000/F2DC52A8-7320-064D-9BEF-DF3CC39C6874.root
%MSG-w XrdAdaptor:  file_open 10-Jun-2024 19:42:34 CEST PostProcessEvent
Data is served from T2_US_Nebraska instead of original site T2_FR_GRIF_LLR
%MSG
10-Jun-2024 19:42:35 CEST  Successfully opened file root://xrootd-cms.infn.it//store/mc/RunIISummer20UL16MiniAODAPVv2/QCD_Pt_170to300_TuneCP5_13TeV_pythia8/MINIAODSIM/106X_mcRun2_asymptotic_preVFP_v11-v1/130000/F2DC52A8-7320-064D-9BEF-DF3CC39C6874.root
Begin processing the 700001st record. Run 1, Event 1208007, LumiSection 1209 on stream 0 at 10-Jun-2024 19:42:44.674 CEST
10-Jun-2024 19:42:45 CEST  Closed file root://xrootd-cms.infn.it//store/mc/RunIISummer20UL16MiniAODAPVv2/QCD_Pt_170to300_TuneCP5_13TeV_pythia8/MINIAODSIM/106X_mcRun2_asymptotic_preVFP_v11-v1/130000/F2DC52A8-7320-064D-9BEF-DF3CC39C6874.root
10-Jun-2024 19:42:45 CEST  Initiating request to open file root://eoscms.cern.ch//eos/cms/store/mc/RunIISummer20UL16MiniAODAPVv2/QCD_Pt_170to300_TuneCP5_13TeV_pythia8/MINIAODSIM/106X_mcRun2_asymptotic_preVFP_v11-v1/130000/9221AE5E-60B2-0F4F-A547-F60FEE4854B5.root
%MSG-w XrdAdaptorInternal:  file_open 10-Jun-2024 19:42:46 CEST PostProcessEvent
Failed to open file at URL root://eoscms.cern.ch:1094//eos/cms/store/mc/RunIISummer20UL16MiniAODAPVv2/QCD_Pt_170to300_TuneCP5_13TeV_pythia8/MINIAODSIM/106X_mcRun2_asymptotic_preVFP_v11-v1/130000/9221AE5E-60B2-0F4F-A547-F60FEE4854B5.root.
%MSG
%MSG-w XrdAdaptorInternal:  file_open 10-Jun-2024 19:42:46 CEST PostProcessEvent
Failed to open file at URL root://eoscms.cern.ch:1094//eos/cms/store/mc/RunIISummer20UL16MiniAODAPVv2/QCD_Pt_170to300_TuneCP5_13TeV_pythia8/MINIAODSIM/106X_mcRun2_asymptotic_preVFP_v11-v1/130000/9221AE5E-60B2-0F4F-A547-F60FEE4854B5.root?tried=.
%MSG
10-Jun-2024 19:42:46 CEST  Fallback request to file root://xrootd-cms.infn.it//store/mc/RunIISummer20UL16MiniAODAPVv2/QCD_Pt_170to300_TuneCP5_13TeV_pythia8/MINIAODSIM/106X_mcRun2_asymptotic_preVFP_v11-v1/130000/9221AE5E-60B2-0F4F-A547-F60FEE4854B5.root
%MSG-w XrdAdaptor:  file_open 10-Jun-2024 19:42:58 CEST PostProcessEvent
Data is served from T2_US_Nebraska instead of original site T2_FR_GRIF_LLR
%MSG
10-Jun-2024 19:42:59 CEST  Successfully opened file root://xrootd-cms.infn.it//store/mc/RunIISummer20UL16MiniAODAPVv2/QCD_Pt_170to300_TuneCP5_13TeV_pythia8/MINIAODSIM/106X_mcRun2_asymptotic_preVFP_v11-v1/130000/9221AE5E-60B2-0F4F-A547-F60FEE4854B5.root
10-Jun-2024 19:43:08 CEST  Closed file root://xrootd-cms.infn.it//store/mc/RunIISummer20UL16MiniAODAPVv2/QCD_Pt_170to300_TuneCP5_13TeV_pythia8/MINIAODSIM/106X_mcRun2_asymptotic_preVFP_v11-v1/130000/9221AE5E-60B2-0F4F-A547-F60FEE4854B5.root
10-Jun-2024 19:43:08 CEST  Initiating request to open file root://eoscms.cern.ch//eos/cms/store/mc/RunIISummer20UL16MiniAODAPVv2/QCD_Pt_170to300_TuneCP5_13TeV_pythia8/MINIAODSIM/106X_mcRun2_asymptotic_preVFP_v11-v1/130000/A50B9C80-5EE8-C249-AD92-BF1BFF556872.root
%MSG-w XrdAdaptorInternal:  file_open 10-Jun-2024 19:43:09 CEST PostProcessEvent
Failed to open file at URL root://eoscms.cern.ch:1094//eos/cms/store/mc/RunIISummer20UL16MiniAODAPVv2/QCD_Pt_170to300_TuneCP5_13TeV_pythia8/MINIAODSIM/106X_mcRun2_asymptotic_preVFP_v11-v1/130000/A50B9C80-5EE8-C249-AD92-BF1BFF556872.root.
%MSG
%MSG-w XrdAdaptorInternal:  file_open 10-Jun-2024 19:43:09 CEST PostProcessEvent
Failed to open file at URL root://eoscms.cern.ch:1094//eos/cms/store/mc/RunIISummer20UL16MiniAODAPVv2/QCD_Pt_170to300_TuneCP5_13TeV_pythia8/MINIAODSIM/106X_mcRun2_asymptotic_preVFP_v11-v1/130000/A50B9C80-5EE8-C249-AD92-BF1BFF556872.root?tried=.
%MSG
10-Jun-2024 19:43:09 CEST  Fallback request to file root://xrootd-cms.infn.it//store/mc/RunIISummer20UL16MiniAODAPVv2/QCD_Pt_170to300_TuneCP5_13TeV_pythia8/MINIAODSIM/106X_mcRun2_asymptotic_preVFP_v11-v1/130000/A50B9C80-5EE8-C249-AD92-BF1BFF556872.root
%MSG-w XrdAdaptor:  file_open 10-Jun-2024 19:43:22 CEST PostProcessEvent
Data is served from T2_US_Nebraska instead of original site T2_FR_GRIF_LLR
%MSG
10-Jun-2024 19:43:23 CEST  Successfully opened file root://xrootd-cms.infn.it//store/mc/RunIISummer20UL16MiniAODAPVv2/QCD_Pt_170to300_TuneCP5_13TeV_pythia8/MINIAODSIM/106X_mcRun2_asymptotic_preVFP_v11-v1/130000/A50B9C80-5EE8-C249-AD92-BF1BFF556872.root
Begin processing the 800001st record. Run 1, Event 583005, LumiSection 584 on stream 0 at 10-Jun-2024 19:43:30.901 CEST
10-Jun-2024 19:43:33 CEST  Closed file root://xrootd-cms.infn.it//store/mc/RunIISummer20UL16MiniAODAPVv2/QCD_Pt_170to300_TuneCP5_13TeV_pythia8/MINIAODSIM/106X_mcRun2_asymptotic_preVFP_v11-v1/130000/A50B9C80-5EE8-C249-AD92-BF1BFF556872.root
10-Jun-2024 19:43:33 CEST  Initiating request to open file root://eoscms.cern.ch//eos/cms/store/mc/RunIISummer20UL16MiniAODAPVv2/QCD_Pt_170to300_TuneCP5_13TeV_pythia8/MINIAODSIM/106X_mcRun2_asymptotic_preVFP_v11-v1/130000/E50430EB-4018-0549-BD7B-870916252DDE.root
%MSG-w XrdAdaptorInternal:  file_open 10-Jun-2024 19:43:34 CEST PostProcessEvent
Failed to open file at URL root://eoscms.cern.ch:1094//eos/cms/store/mc/RunIISummer20UL16MiniAODAPVv2/QCD_Pt_170to300_TuneCP5_13TeV_pythia8/MINIAODSIM/106X_mcRun2_asymptotic_preVFP_v11-v1/130000/E50430EB-4018-0549-BD7B-870916252DDE.root.
%MSG
%MSG-w XrdAdaptorInternal:  file_open 10-Jun-2024 19:43:34 CEST PostProcessEvent
Failed to open file at URL root://eoscms.cern.ch:1094//eos/cms/store/mc/RunIISummer20UL16MiniAODAPVv2/QCD_Pt_170to300_TuneCP5_13TeV_pythia8/MINIAODSIM/106X_mcRun2_asymptotic_preVFP_v11-v1/130000/E50430EB-4018-0549-BD7B-870916252DDE.root?tried=.
%MSG
10-Jun-2024 19:43:34 CEST  Fallback request to file root://xrootd-cms.infn.it//store/mc/RunIISummer20UL16MiniAODAPVv2/QCD_Pt_170to300_TuneCP5_13TeV_pythia8/MINIAODSIM/106X_mcRun2_asymptotic_preVFP_v11-v1/130000/E50430EB-4018-0549-BD7B-870916252DDE.root
%MSG-w XrdAdaptor:  file_open 10-Jun-2024 19:43:46 CEST PostProcessEvent
Data is served from T2_US_Nebraska instead of original site T2_FR_GRIF_LLR
%MSG
10-Jun-2024 19:43:47 CEST  Successfully opened file root://xrootd-cms.infn.it//store/mc/RunIISummer20UL16MiniAODAPVv2/QCD_Pt_170to300_TuneCP5_13TeV_pythia8/MINIAODSIM/106X_mcRun2_asymptotic_preVFP_v11-v1/130000/E50430EB-4018-0549-BD7B-870916252DDE.root
Begin processing the 900001st record. Run 1, Event 1527011, LumiSection 1528 on stream 0 at 10-Jun-2024 19:43:57.801 CEST
10-Jun-2024 19:43:58 CEST  Closed file root://xrootd-cms.infn.it//store/mc/RunIISummer20UL16MiniAODAPVv2/QCD_Pt_170to300_TuneCP5_13TeV_pythia8/MINIAODSIM/106X_mcRun2_asymptotic_preVFP_v11-v1/130000/E50430EB-4018-0549-BD7B-870916252DDE.root
10-Jun-2024 19:43:58 CEST  Initiating request to open file root://eoscms.cern.ch//eos/cms/store/mc/RunIISummer20UL16MiniAODAPVv2/QCD_Pt_170to300_TuneCP5_13TeV_pythia8/MINIAODSIM/106X_mcRun2_asymptotic_preVFP_v11-v1/130000/AB2EC488-248E-9F4B-958B-469D308E2A5F.root
%MSG-w XrdAdaptorInternal:  file_open 10-Jun-2024 19:43:59 CEST PostProcessEvent
Failed to open file at URL root://eoscms.cern.ch:1094//eos/cms/store/mc/RunIISummer20UL16MiniAODAPVv2/QCD_Pt_170to300_TuneCP5_13TeV_pythia8/MINIAODSIM/106X_mcRun2_asymptotic_preVFP_v11-v1/130000/AB2EC488-248E-9F4B-958B-469D308E2A5F.root.
%MSG
%MSG-w XrdAdaptorInternal:  file_open 10-Jun-2024 19:43:59 CEST PostProcessEvent
Failed to open file at URL root://eoscms.cern.ch:1094//eos/cms/store/mc/RunIISummer20UL16MiniAODAPVv2/QCD_Pt_170to300_TuneCP5_13TeV_pythia8/MINIAODSIM/106X_mcRun2_asymptotic_preVFP_v11-v1/130000/AB2EC488-248E-9F4B-958B-469D308E2A5F.root?tried=.
%MSG
10-Jun-2024 19:43:59 CEST  Fallback request to file root://xrootd-cms.infn.it//store/mc/RunIISummer20UL16MiniAODAPVv2/QCD_Pt_170to300_TuneCP5_13TeV_pythia8/MINIAODSIM/106X_mcRun2_asymptotic_preVFP_v11-v1/130000/AB2EC488-248E-9F4B-958B-469D308E2A5F.root
%MSG-w XrdAdaptor:  file_open 10-Jun-2024 19:44:12 CEST PostProcessEvent
Data is served from T2_US_Nebraska instead of original site T2_FR_GRIF_LLR
%MSG
10-Jun-2024 19:44:13 CEST  Successfully opened file root://xrootd-cms.infn.it//store/mc/RunIISummer20UL16MiniAODAPVv2/QCD_Pt_170to300_TuneCP5_13TeV_pythia8/MINIAODSIM/106X_mcRun2_asymptotic_preVFP_v11-v1/130000/AB2EC488-248E-9F4B-958B-469D308E2A5F.root
10-Jun-2024 19:44:23 CEST  Closed file root://xrootd-cms.infn.it//store/mc/RunIISummer20UL16MiniAODAPVv2/QCD_Pt_170to300_TuneCP5_13TeV_pythia8/MINIAODSIM/106X_mcRun2_asymptotic_preVFP_v11-v1/130000/AB2EC488-248E-9F4B-958B-469D308E2A5F.root
10-Jun-2024 19:44:23 CEST  Initiating request to open file root://eoscms.cern.ch//eos/cms/store/mc/RunIISummer20UL16MiniAODAPVv2/QCD_Pt_170to300_TuneCP5_13TeV_pythia8/MINIAODSIM/106X_mcRun2_asymptotic_preVFP_v11-v1/130000/D5B66A09-BC68-4543-A544-B6D26529F837.root
%MSG-w XrdAdaptorInternal:  file_open 10-Jun-2024 19:44:24 CEST PostProcessEvent
Failed to open file at URL root://eoscms.cern.ch:1094//eos/cms/store/mc/RunIISummer20UL16MiniAODAPVv2/QCD_Pt_170to300_TuneCP5_13TeV_pythia8/MINIAODSIM/106X_mcRun2_asymptotic_preVFP_v11-v1/130000/D5B66A09-BC68-4543-A544-B6D26529F837.root.
%MSG
%MSG-w XrdAdaptorInternal:  file_open 10-Jun-2024 19:44:24 CEST PostProcessEvent
Failed to open file at URL root://eoscms.cern.ch:1094//eos/cms/store/mc/RunIISummer20UL16MiniAODAPVv2/QCD_Pt_170to300_TuneCP5_13TeV_pythia8/MINIAODSIM/106X_mcRun2_asymptotic_preVFP_v11-v1/130000/D5B66A09-BC68-4543-A544-B6D26529F837.root?tried=.
%MSG
10-Jun-2024 19:44:24 CEST  Fallback request to file root://xrootd-cms.infn.it//store/mc/RunIISummer20UL16MiniAODAPVv2/QCD_Pt_170to300_TuneCP5_13TeV_pythia8/MINIAODSIM/106X_mcRun2_asymptotic_preVFP_v11-v1/130000/D5B66A09-BC68-4543-A544-B6D26529F837.root
%MSG-w XrdAdaptor:  file_open 10-Jun-2024 19:44:36 CEST PostProcessEvent
Data is served from T2_US_Nebraska instead of original site T2_FR_GRIF_LLR
%MSG
10-Jun-2024 19:44:37 CEST  Successfully opened file root://xrootd-cms.infn.it//store/mc/RunIISummer20UL16MiniAODAPVv2/QCD_Pt_170to300_TuneCP5_13TeV_pythia8/MINIAODSIM/106X_mcRun2_asymptotic_preVFP_v11-v1/130000/D5B66A09-BC68-4543-A544-B6D26529F837.root
10-Jun-2024 19:44:46 CEST  Closed file root://xrootd-cms.infn.it//store/mc/RunIISummer20UL16MiniAODAPVv2/QCD_Pt_170to300_TuneCP5_13TeV_pythia8/MINIAODSIM/106X_mcRun2_asymptotic_preVFP_v11-v1/130000/D5B66A09-BC68-4543-A544-B6D26529F837.root

------------------------------------
GenXsecAnalyzer:
------------------------------------
Before Filter: total cross section = 1.035e+05 +- 5.058e+01 pb
Filter efficiency (taking into account weights)= (1e+06) / (1e+06) = 1.000e+00 +- 0.000e+00
Filter efficiency (event-level)= (1e+06) / (1e+06) = 1.000e+00 +- 0.000e+00    [TO BE USED IN MCM]

After filter: final cross section = 1.035e+05 +- 5.058e+01 pb
After filter: final fraction of events with negative weights = 0.000e+00 +- 0.000e+00
After filter: final equivalent lumi for 1M events (1/fb) = 9.661e-03 +- 1.075e-05

=============================================

MessageLogger Summary

 type     category        sev    module        subroutine        count    total
 ---- -------------------- -- ---------------- ----------------  -----    -----
    1 GenXSecAnalyzer      -w GenXSecAnalyzer:                       7        7
    2 XrdAdaptor           -w file_open                             16       16
    3 XrdAdaptorInternal   -w file_open                             32       32
    4 fileAction           -s file_close                            16       16
    5 fileAction           -s file_open                             48       48

 type    category    Examples: run/evt        run/evt          run/evt
 ---- -------------------- ---------------- ---------------- ----------------
    1 GenXSecAnalyzer      PostGlobalEndRun PostGlobalEndRun PostGlobalEndRun
    2 XrdAdaptor           pre-events       PostProcessEvent PostProcessEvent
    3 XrdAdaptorInternal   pre-events       pre-events       PostProcessEvent
    4 fileAction           PostProcessEvent PostProcessEvent PostGlobalEndRun
    5 fileAction           pre-events       pre-events       PostProcessEvent

Severity    # Occurrences   Total Occurrences
--------    -------------   -----------------
Warning                55                  55
System                 64                  64

dropped waiting message count 0
