10-Jun-2024 20:09:17 CEST  Initiating request to open file root://eoscms.cern.ch//eos/cms/store/mc/RunIISummer20UL16MiniAODAPVv2/QCD_Pt_1000to1400_TuneCP5_13TeV_pythia8/MINIAODSIM/106X_mcRun2_asymptotic_preVFP_v11-v1/130000/32FB9852-3885-B14D-A2BA-F34D411D12BA.root
%MSG-w XrdAdaptorInternal:  file_open 10-Jun-2024 20:09:18 CEST pre-events
Failed to open file at URL root://eoscms.cern.ch:1094//eos/cms/store/mc/RunIISummer20UL16MiniAODAPVv2/QCD_Pt_1000to1400_TuneCP5_13TeV_pythia8/MINIAODSIM/106X_mcRun2_asymptotic_preVFP_v11-v1/130000/32FB9852-3885-B14D-A2BA-F34D411D12BA.root.
%MSG
%MSG-w XrdAdaptorInternal:  file_open 10-Jun-2024 20:09:18 CEST pre-events
Failed to open file at URL root://eoscms.cern.ch:1094//eos/cms/store/mc/RunIISummer20UL16MiniAODAPVv2/QCD_Pt_1000to1400_TuneCP5_13TeV_pythia8/MINIAODSIM/106X_mcRun2_asymptotic_preVFP_v11-v1/130000/32FB9852-3885-B14D-A2BA-F34D411D12BA.root?tried=.
%MSG
10-Jun-2024 20:09:18 CEST  Fallback request to file root://xrootd-cms.infn.it//store/mc/RunIISummer20UL16MiniAODAPVv2/QCD_Pt_1000to1400_TuneCP5_13TeV_pythia8/MINIAODSIM/106X_mcRun2_asymptotic_preVFP_v11-v1/130000/32FB9852-3885-B14D-A2BA-F34D411D12BA.root
%MSG-w XrdAdaptor:  file_open 10-Jun-2024 20:09:33 CEST pre-events
Data is served from T2_US_Nebraska instead of original site infn.it
%MSG
10-Jun-2024 20:09:37 CEST  Successfully opened file root://xrootd-cms.infn.it//store/mc/RunIISummer20UL16MiniAODAPVv2/QCD_Pt_1000to1400_TuneCP5_13TeV_pythia8/MINIAODSIM/106X_mcRun2_asymptotic_preVFP_v11-v1/130000/32FB9852-3885-B14D-A2BA-F34D411D12BA.root
Begin processing the 1st record. Run 1, Event 17307005, LumiSection 17308 on stream 0 at 10-Jun-2024 20:09:45.281 CEST
10-Jun-2024 20:09:46 CEST  Closed file root://xrootd-cms.infn.it//store/mc/RunIISummer20UL16MiniAODAPVv2/QCD_Pt_1000to1400_TuneCP5_13TeV_pythia8/MINIAODSIM/106X_mcRun2_asymptotic_preVFP_v11-v1/130000/32FB9852-3885-B14D-A2BA-F34D411D12BA.root
10-Jun-2024 20:09:46 CEST  Initiating request to open file root://eoscms.cern.ch//eos/cms/store/mc/RunIISummer20UL16MiniAODAPVv2/QCD_Pt_1000to1400_TuneCP5_13TeV_pythia8/MINIAODSIM/106X_mcRun2_asymptotic_preVFP_v11-v1/130000/252E08D7-C16B-D24A-9FB3-18680436D140.root
%MSG-w XrdAdaptorInternal:  file_open 10-Jun-2024 20:09:47 CEST PostProcessEvent
Failed to open file at URL root://eoscms.cern.ch:1094//eos/cms/store/mc/RunIISummer20UL16MiniAODAPVv2/QCD_Pt_1000to1400_TuneCP5_13TeV_pythia8/MINIAODSIM/106X_mcRun2_asymptotic_preVFP_v11-v1/130000/252E08D7-C16B-D24A-9FB3-18680436D140.root.
%MSG
%MSG-w XrdAdaptorInternal:  file_open 10-Jun-2024 20:09:47 CEST PostProcessEvent
Failed to open file at URL root://eoscms.cern.ch:1094//eos/cms/store/mc/RunIISummer20UL16MiniAODAPVv2/QCD_Pt_1000to1400_TuneCP5_13TeV_pythia8/MINIAODSIM/106X_mcRun2_asymptotic_preVFP_v11-v1/130000/252E08D7-C16B-D24A-9FB3-18680436D140.root?tried=.
%MSG
10-Jun-2024 20:09:47 CEST  Fallback request to file root://xrootd-cms.infn.it//store/mc/RunIISummer20UL16MiniAODAPVv2/QCD_Pt_1000to1400_TuneCP5_13TeV_pythia8/MINIAODSIM/106X_mcRun2_asymptotic_preVFP_v11-v1/130000/252E08D7-C16B-D24A-9FB3-18680436D140.root
%MSG-w XrdAdaptor:  file_open 10-Jun-2024 20:10:01 CEST PostProcessEvent
Data is served from T2_US_Nebraska instead of original site infn.it
%MSG
10-Jun-2024 20:10:02 CEST  Successfully opened file root://xrootd-cms.infn.it//store/mc/RunIISummer20UL16MiniAODAPVv2/QCD_Pt_1000to1400_TuneCP5_13TeV_pythia8/MINIAODSIM/106X_mcRun2_asymptotic_preVFP_v11-v1/130000/252E08D7-C16B-D24A-9FB3-18680436D140.root
Begin processing the 100001st record. Run 1, Event 17059001, LumiSection 17060 on stream 0 at 10-Jun-2024 20:10:11.486 CEST
10-Jun-2024 20:10:11 CEST  Closed file root://xrootd-cms.infn.it//store/mc/RunIISummer20UL16MiniAODAPVv2/QCD_Pt_1000to1400_TuneCP5_13TeV_pythia8/MINIAODSIM/106X_mcRun2_asymptotic_preVFP_v11-v1/130000/252E08D7-C16B-D24A-9FB3-18680436D140.root
10-Jun-2024 20:10:11 CEST  Initiating request to open file root://eoscms.cern.ch//eos/cms/store/mc/RunIISummer20UL16MiniAODAPVv2/QCD_Pt_1000to1400_TuneCP5_13TeV_pythia8/MINIAODSIM/106X_mcRun2_asymptotic_preVFP_v11-v1/130000/8B64808E-3723-AF41-B5CB-95CB13092329.root
%MSG-w XrdAdaptorInternal:  file_open 10-Jun-2024 20:10:12 CEST PostProcessEvent
Failed to open file at URL root://eoscms.cern.ch:1094//eos/cms/store/mc/RunIISummer20UL16MiniAODAPVv2/QCD_Pt_1000to1400_TuneCP5_13TeV_pythia8/MINIAODSIM/106X_mcRun2_asymptotic_preVFP_v11-v1/130000/8B64808E-3723-AF41-B5CB-95CB13092329.root.
%MSG
%MSG-w XrdAdaptorInternal:  file_open 10-Jun-2024 20:10:12 CEST PostProcessEvent
Failed to open file at URL root://eoscms.cern.ch:1094//eos/cms/store/mc/RunIISummer20UL16MiniAODAPVv2/QCD_Pt_1000to1400_TuneCP5_13TeV_pythia8/MINIAODSIM/106X_mcRun2_asymptotic_preVFP_v11-v1/130000/8B64808E-3723-AF41-B5CB-95CB13092329.root?tried=.
%MSG
10-Jun-2024 20:10:12 CEST  Fallback request to file root://xrootd-cms.infn.it//store/mc/RunIISummer20UL16MiniAODAPVv2/QCD_Pt_1000to1400_TuneCP5_13TeV_pythia8/MINIAODSIM/106X_mcRun2_asymptotic_preVFP_v11-v1/130000/8B64808E-3723-AF41-B5CB-95CB13092329.root
%MSG-w XrdAdaptor:  file_open 10-Jun-2024 20:10:25 CEST PostProcessEvent
Data is served from T2_US_Nebraska instead of original site infn.it
%MSG
10-Jun-2024 20:10:26 CEST  Successfully opened file root://xrootd-cms.infn.it//store/mc/RunIISummer20UL16MiniAODAPVv2/QCD_Pt_1000to1400_TuneCP5_13TeV_pythia8/MINIAODSIM/106X_mcRun2_asymptotic_preVFP_v11-v1/130000/8B64808E-3723-AF41-B5CB-95CB13092329.root
10-Jun-2024 20:10:34 CEST  Closed file root://xrootd-cms.infn.it//store/mc/RunIISummer20UL16MiniAODAPVv2/QCD_Pt_1000to1400_TuneCP5_13TeV_pythia8/MINIAODSIM/106X_mcRun2_asymptotic_preVFP_v11-v1/130000/8B64808E-3723-AF41-B5CB-95CB13092329.root
10-Jun-2024 20:10:34 CEST  Initiating request to open file root://eoscms.cern.ch//eos/cms/store/mc/RunIISummer20UL16MiniAODAPVv2/QCD_Pt_1000to1400_TuneCP5_13TeV_pythia8/MINIAODSIM/106X_mcRun2_asymptotic_preVFP_v11-v1/130000/6849C8FF-E73E-894E-88CD-77449C6EFE75.root
%MSG-w XrdAdaptorInternal:  file_open 10-Jun-2024 20:10:35 CEST PostProcessEvent
Failed to open file at URL root://eoscms.cern.ch:1094//eos/cms/store/mc/RunIISummer20UL16MiniAODAPVv2/QCD_Pt_1000to1400_TuneCP5_13TeV_pythia8/MINIAODSIM/106X_mcRun2_asymptotic_preVFP_v11-v1/130000/6849C8FF-E73E-894E-88CD-77449C6EFE75.root.
%MSG
%MSG-w XrdAdaptorInternal:  file_open 10-Jun-2024 20:10:35 CEST PostProcessEvent
Failed to open file at URL root://eoscms.cern.ch:1094//eos/cms/store/mc/RunIISummer20UL16MiniAODAPVv2/QCD_Pt_1000to1400_TuneCP5_13TeV_pythia8/MINIAODSIM/106X_mcRun2_asymptotic_preVFP_v11-v1/130000/6849C8FF-E73E-894E-88CD-77449C6EFE75.root?tried=.
%MSG
10-Jun-2024 20:10:35 CEST  Fallback request to file root://xrootd-cms.infn.it//store/mc/RunIISummer20UL16MiniAODAPVv2/QCD_Pt_1000to1400_TuneCP5_13TeV_pythia8/MINIAODSIM/106X_mcRun2_asymptotic_preVFP_v11-v1/130000/6849C8FF-E73E-894E-88CD-77449C6EFE75.root
%MSG-w XrdAdaptor:  file_open 10-Jun-2024 20:10:49 CEST PostProcessEvent
Data is served from T2_US_Nebraska instead of original site infn.it
%MSG
10-Jun-2024 20:10:50 CEST  Successfully opened file root://xrootd-cms.infn.it//store/mc/RunIISummer20UL16MiniAODAPVv2/QCD_Pt_1000to1400_TuneCP5_13TeV_pythia8/MINIAODSIM/106X_mcRun2_asymptotic_preVFP_v11-v1/130000/6849C8FF-E73E-894E-88CD-77449C6EFE75.root
Begin processing the 200001st record. Run 1, Event 17362013, LumiSection 17363 on stream 0 at 10-Jun-2024 20:10:59.904 CEST
10-Jun-2024 20:11:00 CEST  Closed file root://xrootd-cms.infn.it//store/mc/RunIISummer20UL16MiniAODAPVv2/QCD_Pt_1000to1400_TuneCP5_13TeV_pythia8/MINIAODSIM/106X_mcRun2_asymptotic_preVFP_v11-v1/130000/6849C8FF-E73E-894E-88CD-77449C6EFE75.root
10-Jun-2024 20:11:00 CEST  Initiating request to open file root://eoscms.cern.ch//eos/cms/store/mc/RunIISummer20UL16MiniAODAPVv2/QCD_Pt_1000to1400_TuneCP5_13TeV_pythia8/MINIAODSIM/106X_mcRun2_asymptotic_preVFP_v11-v1/130000/33E78A09-9341-4645-BC30-5EDC37032E92.root
%MSG-w XrdAdaptorInternal:  file_open 10-Jun-2024 20:11:01 CEST PostProcessEvent
Failed to open file at URL root://eoscms.cern.ch:1094//eos/cms/store/mc/RunIISummer20UL16MiniAODAPVv2/QCD_Pt_1000to1400_TuneCP5_13TeV_pythia8/MINIAODSIM/106X_mcRun2_asymptotic_preVFP_v11-v1/130000/33E78A09-9341-4645-BC30-5EDC37032E92.root.
%MSG
%MSG-w XrdAdaptorInternal:  file_open 10-Jun-2024 20:11:01 CEST PostProcessEvent
Failed to open file at URL root://eoscms.cern.ch:1094//eos/cms/store/mc/RunIISummer20UL16MiniAODAPVv2/QCD_Pt_1000to1400_TuneCP5_13TeV_pythia8/MINIAODSIM/106X_mcRun2_asymptotic_preVFP_v11-v1/130000/33E78A09-9341-4645-BC30-5EDC37032E92.root?tried=.
%MSG
10-Jun-2024 20:11:01 CEST  Fallback request to file root://xrootd-cms.infn.it//store/mc/RunIISummer20UL16MiniAODAPVv2/QCD_Pt_1000to1400_TuneCP5_13TeV_pythia8/MINIAODSIM/106X_mcRun2_asymptotic_preVFP_v11-v1/130000/33E78A09-9341-4645-BC30-5EDC37032E92.root
%MSG-w XrdAdaptor:  file_open 10-Jun-2024 20:11:15 CEST PostProcessEvent
Data is served from T2_US_Nebraska instead of original site infn.it
%MSG
10-Jun-2024 20:11:15 CEST  Successfully opened file root://xrootd-cms.infn.it//store/mc/RunIISummer20UL16MiniAODAPVv2/QCD_Pt_1000to1400_TuneCP5_13TeV_pythia8/MINIAODSIM/106X_mcRun2_asymptotic_preVFP_v11-v1/130000/33E78A09-9341-4645-BC30-5EDC37032E92.root
10-Jun-2024 20:11:24 CEST  Closed file root://xrootd-cms.infn.it//store/mc/RunIISummer20UL16MiniAODAPVv2/QCD_Pt_1000to1400_TuneCP5_13TeV_pythia8/MINIAODSIM/106X_mcRun2_asymptotic_preVFP_v11-v1/130000/33E78A09-9341-4645-BC30-5EDC37032E92.root
10-Jun-2024 20:11:24 CEST  Initiating request to open file root://eoscms.cern.ch//eos/cms/store/mc/RunIISummer20UL16MiniAODAPVv2/QCD_Pt_1000to1400_TuneCP5_13TeV_pythia8/MINIAODSIM/106X_mcRun2_asymptotic_preVFP_v11-v1/130000/E90723C9-EE94-884F-81F0-496FFAD2CA48.root
%MSG-w XrdAdaptorInternal:  file_open 10-Jun-2024 20:11:25 CEST PostProcessEvent
Failed to open file at URL root://eoscms.cern.ch:1094//eos/cms/store/mc/RunIISummer20UL16MiniAODAPVv2/QCD_Pt_1000to1400_TuneCP5_13TeV_pythia8/MINIAODSIM/106X_mcRun2_asymptotic_preVFP_v11-v1/130000/E90723C9-EE94-884F-81F0-496FFAD2CA48.root.
%MSG
%MSG-w XrdAdaptorInternal:  file_open 10-Jun-2024 20:11:25 CEST PostProcessEvent
Failed to open file at URL root://eoscms.cern.ch:1094//eos/cms/store/mc/RunIISummer20UL16MiniAODAPVv2/QCD_Pt_1000to1400_TuneCP5_13TeV_pythia8/MINIAODSIM/106X_mcRun2_asymptotic_preVFP_v11-v1/130000/E90723C9-EE94-884F-81F0-496FFAD2CA48.root?tried=.
%MSG
10-Jun-2024 20:11:25 CEST  Fallback request to file root://xrootd-cms.infn.it//store/mc/RunIISummer20UL16MiniAODAPVv2/QCD_Pt_1000to1400_TuneCP5_13TeV_pythia8/MINIAODSIM/106X_mcRun2_asymptotic_preVFP_v11-v1/130000/E90723C9-EE94-884F-81F0-496FFAD2CA48.root
%MSG-w XrdAdaptor:  file_open 10-Jun-2024 20:11:39 CEST PostProcessEvent
Data is served from T2_US_Nebraska instead of original site infn.it
%MSG
10-Jun-2024 20:11:39 CEST  Successfully opened file root://xrootd-cms.infn.it//store/mc/RunIISummer20UL16MiniAODAPVv2/QCD_Pt_1000to1400_TuneCP5_13TeV_pythia8/MINIAODSIM/106X_mcRun2_asymptotic_preVFP_v11-v1/130000/E90723C9-EE94-884F-81F0-496FFAD2CA48.root
Begin processing the 300001st record. Run 1, Event 17946004, LumiSection 17947 on stream 0 at 10-Jun-2024 20:11:46.419 CEST
10-Jun-2024 20:11:49 CEST  Closed file root://xrootd-cms.infn.it//store/mc/RunIISummer20UL16MiniAODAPVv2/QCD_Pt_1000to1400_TuneCP5_13TeV_pythia8/MINIAODSIM/106X_mcRun2_asymptotic_preVFP_v11-v1/130000/E90723C9-EE94-884F-81F0-496FFAD2CA48.root
10-Jun-2024 20:11:49 CEST  Initiating request to open file root://eoscms.cern.ch//eos/cms/store/mc/RunIISummer20UL16MiniAODAPVv2/QCD_Pt_1000to1400_TuneCP5_13TeV_pythia8/MINIAODSIM/106X_mcRun2_asymptotic_preVFP_v11-v1/120000/480DB053-74E2-9D4A-BFF5-68E86141270F.root
%MSG-w XrdAdaptorInternal:  file_open 10-Jun-2024 20:11:50 CEST PostProcessEvent
Failed to open file at URL root://eoscms.cern.ch:1094//eos/cms/store/mc/RunIISummer20UL16MiniAODAPVv2/QCD_Pt_1000to1400_TuneCP5_13TeV_pythia8/MINIAODSIM/106X_mcRun2_asymptotic_preVFP_v11-v1/120000/480DB053-74E2-9D4A-BFF5-68E86141270F.root.
%MSG
%MSG-w XrdAdaptorInternal:  file_open 10-Jun-2024 20:11:50 CEST PostProcessEvent
Failed to open file at URL root://eoscms.cern.ch:1094//eos/cms/store/mc/RunIISummer20UL16MiniAODAPVv2/QCD_Pt_1000to1400_TuneCP5_13TeV_pythia8/MINIAODSIM/106X_mcRun2_asymptotic_preVFP_v11-v1/120000/480DB053-74E2-9D4A-BFF5-68E86141270F.root?tried=.
%MSG
10-Jun-2024 20:11:50 CEST  Fallback request to file root://xrootd-cms.infn.it//store/mc/RunIISummer20UL16MiniAODAPVv2/QCD_Pt_1000to1400_TuneCP5_13TeV_pythia8/MINIAODSIM/106X_mcRun2_asymptotic_preVFP_v11-v1/120000/480DB053-74E2-9D4A-BFF5-68E86141270F.root
Unable to load sec.protocol plugin libXrdSecztn.so
%MSG-w XrdAdaptor:  file_open 10-Jun-2024 20:12:05 CEST PostProcessEvent
Data is served from fnal.gov instead of original site infn.it
%MSG
10-Jun-2024 20:12:06 CEST  Successfully opened file root://xrootd-cms.infn.it//store/mc/RunIISummer20UL16MiniAODAPVv2/QCD_Pt_1000to1400_TuneCP5_13TeV_pythia8/MINIAODSIM/106X_mcRun2_asymptotic_preVFP_v11-v1/120000/480DB053-74E2-9D4A-BFF5-68E86141270F.root
Unable to load sec.protocol plugin libXrdSecztn.so
Begin processing the 400001st record. Run 1, Event 16029009, LumiSection 16030 on stream 0 at 10-Jun-2024 20:12:13.705 CEST
10-Jun-2024 20:12:14 CEST  Closed file root://xrootd-cms.infn.it//store/mc/RunIISummer20UL16MiniAODAPVv2/QCD_Pt_1000to1400_TuneCP5_13TeV_pythia8/MINIAODSIM/106X_mcRun2_asymptotic_preVFP_v11-v1/120000/480DB053-74E2-9D4A-BFF5-68E86141270F.root
10-Jun-2024 20:12:14 CEST  Initiating request to open file root://eoscms.cern.ch//eos/cms/store/mc/RunIISummer20UL16MiniAODAPVv2/QCD_Pt_1000to1400_TuneCP5_13TeV_pythia8/MINIAODSIM/106X_mcRun2_asymptotic_preVFP_v11-v1/120000/BABE5BA8-468C-714A-8E3D-1E48051AE1BC.root
%MSG-w XrdAdaptorInternal:  file_open 10-Jun-2024 20:12:15 CEST PostProcessEvent
Failed to open file at URL root://eoscms.cern.ch:1094//eos/cms/store/mc/RunIISummer20UL16MiniAODAPVv2/QCD_Pt_1000to1400_TuneCP5_13TeV_pythia8/MINIAODSIM/106X_mcRun2_asymptotic_preVFP_v11-v1/120000/BABE5BA8-468C-714A-8E3D-1E48051AE1BC.root.
%MSG
%MSG-w XrdAdaptorInternal:  file_open 10-Jun-2024 20:12:15 CEST PostProcessEvent
Failed to open file at URL root://eoscms.cern.ch:1094//eos/cms/store/mc/RunIISummer20UL16MiniAODAPVv2/QCD_Pt_1000to1400_TuneCP5_13TeV_pythia8/MINIAODSIM/106X_mcRun2_asymptotic_preVFP_v11-v1/120000/BABE5BA8-468C-714A-8E3D-1E48051AE1BC.root?tried=.
%MSG
10-Jun-2024 20:12:15 CEST  Fallback request to file root://xrootd-cms.infn.it//store/mc/RunIISummer20UL16MiniAODAPVv2/QCD_Pt_1000to1400_TuneCP5_13TeV_pythia8/MINIAODSIM/106X_mcRun2_asymptotic_preVFP_v11-v1/120000/BABE5BA8-468C-714A-8E3D-1E48051AE1BC.root
Unable to load sec.protocol plugin libXrdSecztn.so
%MSG-w XrdAdaptor:  file_open 10-Jun-2024 20:12:30 CEST PostProcessEvent
Data is served from fnal.gov instead of original site infn.it
%MSG
10-Jun-2024 20:12:30 CEST  Successfully opened file root://xrootd-cms.infn.it//store/mc/RunIISummer20UL16MiniAODAPVv2/QCD_Pt_1000to1400_TuneCP5_13TeV_pythia8/MINIAODSIM/106X_mcRun2_asymptotic_preVFP_v11-v1/120000/BABE5BA8-468C-714A-8E3D-1E48051AE1BC.root
Begin processing the 500001st record. Run 1, Event 1130010, LumiSection 1131 on stream 0 at 10-Jun-2024 20:12:38.505 CEST
10-Jun-2024 20:12:38 CEST  Closed file root://xrootd-cms.infn.it//store/mc/RunIISummer20UL16MiniAODAPVv2/QCD_Pt_1000to1400_TuneCP5_13TeV_pythia8/MINIAODSIM/106X_mcRun2_asymptotic_preVFP_v11-v1/120000/BABE5BA8-468C-714A-8E3D-1E48051AE1BC.root
10-Jun-2024 20:12:38 CEST  Initiating request to open file root://eoscms.cern.ch//eos/cms/store/mc/RunIISummer20UL16MiniAODAPVv2/QCD_Pt_1000to1400_TuneCP5_13TeV_pythia8/MINIAODSIM/106X_mcRun2_asymptotic_preVFP_v11-v1/120000/63887E64-D6A2-EB44-A148-8FB90ED2544E.root
%MSG-w XrdAdaptorInternal:  file_open 10-Jun-2024 20:12:39 CEST PostProcessEvent
Failed to open file at URL root://eoscms.cern.ch:1094//eos/cms/store/mc/RunIISummer20UL16MiniAODAPVv2/QCD_Pt_1000to1400_TuneCP5_13TeV_pythia8/MINIAODSIM/106X_mcRun2_asymptotic_preVFP_v11-v1/120000/63887E64-D6A2-EB44-A148-8FB90ED2544E.root.
%MSG
%MSG-w XrdAdaptorInternal:  file_open 10-Jun-2024 20:12:39 CEST PostProcessEvent
Failed to open file at URL root://eoscms.cern.ch:1094//eos/cms/store/mc/RunIISummer20UL16MiniAODAPVv2/QCD_Pt_1000to1400_TuneCP5_13TeV_pythia8/MINIAODSIM/106X_mcRun2_asymptotic_preVFP_v11-v1/120000/63887E64-D6A2-EB44-A148-8FB90ED2544E.root?tried=.
%MSG
10-Jun-2024 20:12:39 CEST  Fallback request to file root://xrootd-cms.infn.it//store/mc/RunIISummer20UL16MiniAODAPVv2/QCD_Pt_1000to1400_TuneCP5_13TeV_pythia8/MINIAODSIM/106X_mcRun2_asymptotic_preVFP_v11-v1/120000/63887E64-D6A2-EB44-A148-8FB90ED2544E.root
%MSG-w XrdAdaptor:  file_open 10-Jun-2024 20:12:52 CEST PostProcessEvent
Data is served from fnal.gov instead of original site infn.it
%MSG
10-Jun-2024 20:12:53 CEST  Successfully opened file root://xrootd-cms.infn.it//store/mc/RunIISummer20UL16MiniAODAPVv2/QCD_Pt_1000to1400_TuneCP5_13TeV_pythia8/MINIAODSIM/106X_mcRun2_asymptotic_preVFP_v11-v1/120000/63887E64-D6A2-EB44-A148-8FB90ED2544E.root
10-Jun-2024 20:13:02 CEST  Closed file root://xrootd-cms.infn.it//store/mc/RunIISummer20UL16MiniAODAPVv2/QCD_Pt_1000to1400_TuneCP5_13TeV_pythia8/MINIAODSIM/106X_mcRun2_asymptotic_preVFP_v11-v1/120000/63887E64-D6A2-EB44-A148-8FB90ED2544E.root
10-Jun-2024 20:13:02 CEST  Initiating request to open file root://eoscms.cern.ch//eos/cms/store/mc/RunIISummer20UL16MiniAODAPVv2/QCD_Pt_1000to1400_TuneCP5_13TeV_pythia8/MINIAODSIM/106X_mcRun2_asymptotic_preVFP_v11-v1/120000/4D381BF8-3675-794F-9FC5-28AC0ED6A1BD.root
%MSG-w XrdAdaptorInternal:  file_open 10-Jun-2024 20:13:03 CEST PostProcessEvent
Failed to open file at URL root://eoscms.cern.ch:1094//eos/cms/store/mc/RunIISummer20UL16MiniAODAPVv2/QCD_Pt_1000to1400_TuneCP5_13TeV_pythia8/MINIAODSIM/106X_mcRun2_asymptotic_preVFP_v11-v1/120000/4D381BF8-3675-794F-9FC5-28AC0ED6A1BD.root.
%MSG
%MSG-w XrdAdaptorInternal:  file_open 10-Jun-2024 20:13:03 CEST PostProcessEvent
Failed to open file at URL root://eoscms.cern.ch:1094//eos/cms/store/mc/RunIISummer20UL16MiniAODAPVv2/QCD_Pt_1000to1400_TuneCP5_13TeV_pythia8/MINIAODSIM/106X_mcRun2_asymptotic_preVFP_v11-v1/120000/4D381BF8-3675-794F-9FC5-28AC0ED6A1BD.root?tried=.
%MSG
10-Jun-2024 20:13:03 CEST  Fallback request to file root://xrootd-cms.infn.it//store/mc/RunIISummer20UL16MiniAODAPVv2/QCD_Pt_1000to1400_TuneCP5_13TeV_pythia8/MINIAODSIM/106X_mcRun2_asymptotic_preVFP_v11-v1/120000/4D381BF8-3675-794F-9FC5-28AC0ED6A1BD.root
%MSG-w XrdAdaptor:  file_open 10-Jun-2024 20:13:16 CEST PostProcessEvent
Data is served from fnal.gov instead of original site infn.it
%MSG
10-Jun-2024 20:13:17 CEST  Successfully opened file root://xrootd-cms.infn.it//store/mc/RunIISummer20UL16MiniAODAPVv2/QCD_Pt_1000to1400_TuneCP5_13TeV_pythia8/MINIAODSIM/106X_mcRun2_asymptotic_preVFP_v11-v1/120000/4D381BF8-3675-794F-9FC5-28AC0ED6A1BD.root
Begin processing the 600001st record. Run 1, Event 1259006, LumiSection 1260 on stream 0 at 10-Jun-2024 20:13:23.867 CEST
10-Jun-2024 20:13:25 CEST  Closed file root://xrootd-cms.infn.it//store/mc/RunIISummer20UL16MiniAODAPVv2/QCD_Pt_1000to1400_TuneCP5_13TeV_pythia8/MINIAODSIM/106X_mcRun2_asymptotic_preVFP_v11-v1/120000/4D381BF8-3675-794F-9FC5-28AC0ED6A1BD.root
10-Jun-2024 20:13:25 CEST  Initiating request to open file root://eoscms.cern.ch//eos/cms/store/mc/RunIISummer20UL16MiniAODAPVv2/QCD_Pt_1000to1400_TuneCP5_13TeV_pythia8/MINIAODSIM/106X_mcRun2_asymptotic_preVFP_v11-v1/120000/40A4CF35-C313-944D-8258-051DE5EAB777.root
%MSG-w XrdAdaptorInternal:  file_open 10-Jun-2024 20:13:26 CEST PostProcessEvent
Failed to open file at URL root://eoscms.cern.ch:1094//eos/cms/store/mc/RunIISummer20UL16MiniAODAPVv2/QCD_Pt_1000to1400_TuneCP5_13TeV_pythia8/MINIAODSIM/106X_mcRun2_asymptotic_preVFP_v11-v1/120000/40A4CF35-C313-944D-8258-051DE5EAB777.root.
%MSG
%MSG-w XrdAdaptorInternal:  file_open 10-Jun-2024 20:13:26 CEST PostProcessEvent
Failed to open file at URL root://eoscms.cern.ch:1094//eos/cms/store/mc/RunIISummer20UL16MiniAODAPVv2/QCD_Pt_1000to1400_TuneCP5_13TeV_pythia8/MINIAODSIM/106X_mcRun2_asymptotic_preVFP_v11-v1/120000/40A4CF35-C313-944D-8258-051DE5EAB777.root?tried=.
%MSG
10-Jun-2024 20:13:26 CEST  Fallback request to file root://xrootd-cms.infn.it//store/mc/RunIISummer20UL16MiniAODAPVv2/QCD_Pt_1000to1400_TuneCP5_13TeV_pythia8/MINIAODSIM/106X_mcRun2_asymptotic_preVFP_v11-v1/120000/40A4CF35-C313-944D-8258-051DE5EAB777.root
%MSG-w XrdAdaptor:  file_open 10-Jun-2024 20:13:39 CEST PostProcessEvent
Data is served from fnal.gov instead of original site infn.it
%MSG
10-Jun-2024 20:13:40 CEST  Successfully opened file root://xrootd-cms.infn.it//store/mc/RunIISummer20UL16MiniAODAPVv2/QCD_Pt_1000to1400_TuneCP5_13TeV_pythia8/MINIAODSIM/106X_mcRun2_asymptotic_preVFP_v11-v1/120000/40A4CF35-C313-944D-8258-051DE5EAB777.root
Begin processing the 700001st record. Run 1, Event 1447006, LumiSection 1448 on stream 0 at 10-Jun-2024 20:13:48.982 CEST
10-Jun-2024 20:13:49 CEST  Closed file root://xrootd-cms.infn.it//store/mc/RunIISummer20UL16MiniAODAPVv2/QCD_Pt_1000to1400_TuneCP5_13TeV_pythia8/MINIAODSIM/106X_mcRun2_asymptotic_preVFP_v11-v1/120000/40A4CF35-C313-944D-8258-051DE5EAB777.root
10-Jun-2024 20:13:49 CEST  Initiating request to open file root://eoscms.cern.ch//eos/cms/store/mc/RunIISummer20UL16MiniAODAPVv2/QCD_Pt_1000to1400_TuneCP5_13TeV_pythia8/MINIAODSIM/106X_mcRun2_asymptotic_preVFP_v11-v1/120000/CB2B5741-AECC-DC40-B97E-1F23CCF2D73B.root
%MSG-w XrdAdaptorInternal:  file_open 10-Jun-2024 20:13:50 CEST PostProcessEvent
Failed to open file at URL root://eoscms.cern.ch:1094//eos/cms/store/mc/RunIISummer20UL16MiniAODAPVv2/QCD_Pt_1000to1400_TuneCP5_13TeV_pythia8/MINIAODSIM/106X_mcRun2_asymptotic_preVFP_v11-v1/120000/CB2B5741-AECC-DC40-B97E-1F23CCF2D73B.root.
%MSG
%MSG-w XrdAdaptorInternal:  file_open 10-Jun-2024 20:13:50 CEST PostProcessEvent
Failed to open file at URL root://eoscms.cern.ch:1094//eos/cms/store/mc/RunIISummer20UL16MiniAODAPVv2/QCD_Pt_1000to1400_TuneCP5_13TeV_pythia8/MINIAODSIM/106X_mcRun2_asymptotic_preVFP_v11-v1/120000/CB2B5741-AECC-DC40-B97E-1F23CCF2D73B.root?tried=.
%MSG
10-Jun-2024 20:13:50 CEST  Fallback request to file root://xrootd-cms.infn.it//store/mc/RunIISummer20UL16MiniAODAPVv2/QCD_Pt_1000to1400_TuneCP5_13TeV_pythia8/MINIAODSIM/106X_mcRun2_asymptotic_preVFP_v11-v1/120000/CB2B5741-AECC-DC40-B97E-1F23CCF2D73B.root
%MSG-w XrdAdaptor:  file_open 10-Jun-2024 20:14:03 CEST PostProcessEvent
Data is served from fnal.gov instead of original site infn.it
%MSG
10-Jun-2024 20:14:04 CEST  Successfully opened file root://xrootd-cms.infn.it//store/mc/RunIISummer20UL16MiniAODAPVv2/QCD_Pt_1000to1400_TuneCP5_13TeV_pythia8/MINIAODSIM/106X_mcRun2_asymptotic_preVFP_v11-v1/120000/CB2B5741-AECC-DC40-B97E-1F23CCF2D73B.root
10-Jun-2024 20:14:12 CEST  Closed file root://xrootd-cms.infn.it//store/mc/RunIISummer20UL16MiniAODAPVv2/QCD_Pt_1000to1400_TuneCP5_13TeV_pythia8/MINIAODSIM/106X_mcRun2_asymptotic_preVFP_v11-v1/120000/CB2B5741-AECC-DC40-B97E-1F23CCF2D73B.root
10-Jun-2024 20:14:12 CEST  Initiating request to open file root://eoscms.cern.ch//eos/cms/store/mc/RunIISummer20UL16MiniAODAPVv2/QCD_Pt_1000to1400_TuneCP5_13TeV_pythia8/MINIAODSIM/106X_mcRun2_asymptotic_preVFP_v11-v1/120000/94117F29-98E7-9E40-8F19-C835D03EDC00.root
%MSG-w XrdAdaptorInternal:  file_open 10-Jun-2024 20:14:13 CEST PostProcessEvent
Failed to open file at URL root://eoscms.cern.ch:1094//eos/cms/store/mc/RunIISummer20UL16MiniAODAPVv2/QCD_Pt_1000to1400_TuneCP5_13TeV_pythia8/MINIAODSIM/106X_mcRun2_asymptotic_preVFP_v11-v1/120000/94117F29-98E7-9E40-8F19-C835D03EDC00.root.
%MSG
%MSG-w XrdAdaptorInternal:  file_open 10-Jun-2024 20:14:13 CEST PostProcessEvent
Failed to open file at URL root://eoscms.cern.ch:1094//eos/cms/store/mc/RunIISummer20UL16MiniAODAPVv2/QCD_Pt_1000to1400_TuneCP5_13TeV_pythia8/MINIAODSIM/106X_mcRun2_asymptotic_preVFP_v11-v1/120000/94117F29-98E7-9E40-8F19-C835D03EDC00.root?tried=.
%MSG
10-Jun-2024 20:14:13 CEST  Fallback request to file root://xrootd-cms.infn.it//store/mc/RunIISummer20UL16MiniAODAPVv2/QCD_Pt_1000to1400_TuneCP5_13TeV_pythia8/MINIAODSIM/106X_mcRun2_asymptotic_preVFP_v11-v1/120000/94117F29-98E7-9E40-8F19-C835D03EDC00.root
%MSG-w XrdAdaptor:  file_open 10-Jun-2024 20:14:26 CEST PostProcessEvent
Data is served from fnal.gov instead of original site infn.it
%MSG
10-Jun-2024 20:14:27 CEST  Successfully opened file root://xrootd-cms.infn.it//store/mc/RunIISummer20UL16MiniAODAPVv2/QCD_Pt_1000to1400_TuneCP5_13TeV_pythia8/MINIAODSIM/106X_mcRun2_asymptotic_preVFP_v11-v1/120000/94117F29-98E7-9E40-8F19-C835D03EDC00.root
Begin processing the 800001st record. Run 1, Event 1516011, LumiSection 1517 on stream 0 at 10-Jun-2024 20:14:33.656 CEST
10-Jun-2024 20:14:35 CEST  Closed file root://xrootd-cms.infn.it//store/mc/RunIISummer20UL16MiniAODAPVv2/QCD_Pt_1000to1400_TuneCP5_13TeV_pythia8/MINIAODSIM/106X_mcRun2_asymptotic_preVFP_v11-v1/120000/94117F29-98E7-9E40-8F19-C835D03EDC00.root
10-Jun-2024 20:14:35 CEST  Initiating request to open file root://eoscms.cern.ch//eos/cms/store/mc/RunIISummer20UL16MiniAODAPVv2/QCD_Pt_1000to1400_TuneCP5_13TeV_pythia8/MINIAODSIM/106X_mcRun2_asymptotic_preVFP_v11-v1/120000/FDAB90BA-9277-0548-AAC4-B6D27131A7A5.root
%MSG-w XrdAdaptorInternal:  file_open 10-Jun-2024 20:14:36 CEST PostProcessEvent
Failed to open file at URL root://eoscms.cern.ch:1094//eos/cms/store/mc/RunIISummer20UL16MiniAODAPVv2/QCD_Pt_1000to1400_TuneCP5_13TeV_pythia8/MINIAODSIM/106X_mcRun2_asymptotic_preVFP_v11-v1/120000/FDAB90BA-9277-0548-AAC4-B6D27131A7A5.root.
%MSG
%MSG-w XrdAdaptorInternal:  file_open 10-Jun-2024 20:14:36 CEST PostProcessEvent
Failed to open file at URL root://eoscms.cern.ch:1094//eos/cms/store/mc/RunIISummer20UL16MiniAODAPVv2/QCD_Pt_1000to1400_TuneCP5_13TeV_pythia8/MINIAODSIM/106X_mcRun2_asymptotic_preVFP_v11-v1/120000/FDAB90BA-9277-0548-AAC4-B6D27131A7A5.root?tried=.
%MSG
10-Jun-2024 20:14:36 CEST  Fallback request to file root://xrootd-cms.infn.it//store/mc/RunIISummer20UL16MiniAODAPVv2/QCD_Pt_1000to1400_TuneCP5_13TeV_pythia8/MINIAODSIM/106X_mcRun2_asymptotic_preVFP_v11-v1/120000/FDAB90BA-9277-0548-AAC4-B6D27131A7A5.root
%MSG-w XrdAdaptor:  file_open 10-Jun-2024 20:14:49 CEST PostProcessEvent
Data is served from fnal.gov instead of original site infn.it
%MSG
10-Jun-2024 20:14:50 CEST  Successfully opened file root://xrootd-cms.infn.it//store/mc/RunIISummer20UL16MiniAODAPVv2/QCD_Pt_1000to1400_TuneCP5_13TeV_pythia8/MINIAODSIM/106X_mcRun2_asymptotic_preVFP_v11-v1/120000/FDAB90BA-9277-0548-AAC4-B6D27131A7A5.root
Begin processing the 900001st record. Run 1, Event 1600008, LumiSection 1601 on stream 0 at 10-Jun-2024 20:14:58.734 CEST
10-Jun-2024 20:14:59 CEST  Closed file root://xrootd-cms.infn.it//store/mc/RunIISummer20UL16MiniAODAPVv2/QCD_Pt_1000to1400_TuneCP5_13TeV_pythia8/MINIAODSIM/106X_mcRun2_asymptotic_preVFP_v11-v1/120000/FDAB90BA-9277-0548-AAC4-B6D27131A7A5.root
10-Jun-2024 20:14:59 CEST  Initiating request to open file root://eoscms.cern.ch//eos/cms/store/mc/RunIISummer20UL16MiniAODAPVv2/QCD_Pt_1000to1400_TuneCP5_13TeV_pythia8/MINIAODSIM/106X_mcRun2_asymptotic_preVFP_v11-v1/120000/E093A2C5-BF3B-8045-AFE1-11B6D84418C3.root
%MSG-w XrdAdaptorInternal:  file_open 10-Jun-2024 20:15:00 CEST PostProcessEvent
Failed to open file at URL root://eoscms.cern.ch:1094//eos/cms/store/mc/RunIISummer20UL16MiniAODAPVv2/QCD_Pt_1000to1400_TuneCP5_13TeV_pythia8/MINIAODSIM/106X_mcRun2_asymptotic_preVFP_v11-v1/120000/E093A2C5-BF3B-8045-AFE1-11B6D84418C3.root.
%MSG
%MSG-w XrdAdaptorInternal:  file_open 10-Jun-2024 20:15:00 CEST PostProcessEvent
Failed to open file at URL root://eoscms.cern.ch:1094//eos/cms/store/mc/RunIISummer20UL16MiniAODAPVv2/QCD_Pt_1000to1400_TuneCP5_13TeV_pythia8/MINIAODSIM/106X_mcRun2_asymptotic_preVFP_v11-v1/120000/E093A2C5-BF3B-8045-AFE1-11B6D84418C3.root?tried=.
%MSG
10-Jun-2024 20:15:00 CEST  Fallback request to file root://xrootd-cms.infn.it//store/mc/RunIISummer20UL16MiniAODAPVv2/QCD_Pt_1000to1400_TuneCP5_13TeV_pythia8/MINIAODSIM/106X_mcRun2_asymptotic_preVFP_v11-v1/120000/E093A2C5-BF3B-8045-AFE1-11B6D84418C3.root
%MSG-w XrdAdaptor:  file_open 10-Jun-2024 20:15:14 CEST PostProcessEvent
Data is served from fnal.gov instead of original site infn.it
%MSG
10-Jun-2024 20:15:14 CEST  Successfully opened file root://xrootd-cms.infn.it//store/mc/RunIISummer20UL16MiniAODAPVv2/QCD_Pt_1000to1400_TuneCP5_13TeV_pythia8/MINIAODSIM/106X_mcRun2_asymptotic_preVFP_v11-v1/120000/E093A2C5-BF3B-8045-AFE1-11B6D84418C3.root
10-Jun-2024 20:15:23 CEST  Closed file root://xrootd-cms.infn.it//store/mc/RunIISummer20UL16MiniAODAPVv2/QCD_Pt_1000to1400_TuneCP5_13TeV_pythia8/MINIAODSIM/106X_mcRun2_asymptotic_preVFP_v11-v1/120000/E093A2C5-BF3B-8045-AFE1-11B6D84418C3.root
10-Jun-2024 20:15:23 CEST  Initiating request to open file root://eoscms.cern.ch//eos/cms/store/mc/RunIISummer20UL16MiniAODAPVv2/QCD_Pt_1000to1400_TuneCP5_13TeV_pythia8/MINIAODSIM/106X_mcRun2_asymptotic_preVFP_v11-v1/120000/2D7911A6-76C4-A84D-9AA7-BC4BBA8D7328.root
%MSG-w XrdAdaptorInternal:  file_open 10-Jun-2024 20:15:24 CEST PostProcessEvent
Failed to open file at URL root://eoscms.cern.ch:1094//eos/cms/store/mc/RunIISummer20UL16MiniAODAPVv2/QCD_Pt_1000to1400_TuneCP5_13TeV_pythia8/MINIAODSIM/106X_mcRun2_asymptotic_preVFP_v11-v1/120000/2D7911A6-76C4-A84D-9AA7-BC4BBA8D7328.root.
%MSG
%MSG-w XrdAdaptorInternal:  file_open 10-Jun-2024 20:15:24 CEST PostProcessEvent
Failed to open file at URL root://eoscms.cern.ch:1094//eos/cms/store/mc/RunIISummer20UL16MiniAODAPVv2/QCD_Pt_1000to1400_TuneCP5_13TeV_pythia8/MINIAODSIM/106X_mcRun2_asymptotic_preVFP_v11-v1/120000/2D7911A6-76C4-A84D-9AA7-BC4BBA8D7328.root?tried=.
%MSG
10-Jun-2024 20:15:24 CEST  Fallback request to file root://xrootd-cms.infn.it//store/mc/RunIISummer20UL16MiniAODAPVv2/QCD_Pt_1000to1400_TuneCP5_13TeV_pythia8/MINIAODSIM/106X_mcRun2_asymptotic_preVFP_v11-v1/120000/2D7911A6-76C4-A84D-9AA7-BC4BBA8D7328.root
%MSG-w XrdAdaptor:  file_open 10-Jun-2024 20:15:37 CEST PostProcessEvent
Data is served from fnal.gov instead of original site infn.it
%MSG
10-Jun-2024 20:15:38 CEST  Successfully opened file root://xrootd-cms.infn.it//store/mc/RunIISummer20UL16MiniAODAPVv2/QCD_Pt_1000to1400_TuneCP5_13TeV_pythia8/MINIAODSIM/106X_mcRun2_asymptotic_preVFP_v11-v1/120000/2D7911A6-76C4-A84D-9AA7-BC4BBA8D7328.root
10-Jun-2024 20:15:44 CEST  Closed file root://xrootd-cms.infn.it//store/mc/RunIISummer20UL16MiniAODAPVv2/QCD_Pt_1000to1400_TuneCP5_13TeV_pythia8/MINIAODSIM/106X_mcRun2_asymptotic_preVFP_v11-v1/120000/2D7911A6-76C4-A84D-9AA7-BC4BBA8D7328.root

------------------------------------
GenXsecAnalyzer:
------------------------------------
Before Filter: total cross section = 7.472e+00 +- 3.567e-03 pb
Filter efficiency (taking into account weights)= (1e+06) / (1e+06) = 1.000e+00 +- 0.000e+00
Filter efficiency (event-level)= (1e+06) / (1e+06) = 1.000e+00 +- 0.000e+00    [TO BE USED IN MCM]

After filter: final cross section = 7.472e+00 +- 3.567e-03 pb
After filter: final fraction of events with negative weights = 0.000e+00 +- 0.000e+00
After filter: final equivalent lumi for 1M events (1/fb) = 1.338e+02 +- 1.483e-01

=============================================

MessageLogger Summary

 type     category        sev    module        subroutine        count    total
 ---- -------------------- -- ---------------- ----------------  -----    -----
    1 GenXSecAnalyzer      -w GenXSecAnalyzer:                       7        7
    2 XrdAdaptor           -w file_open                             16       16
    3 XrdAdaptorInternal   -w file_open                             32       32
    4 fileAction           -s file_close                            16       16
    5 fileAction           -s file_open                             48       48

 type    category    Examples: run/evt        run/evt          run/evt
 ---- -------------------- ---------------- ---------------- ----------------
    1 GenXSecAnalyzer      PostGlobalEndRun PostGlobalEndRun PostGlobalEndRun
    2 XrdAdaptor           pre-events       PostProcessEvent PostProcessEvent
    3 XrdAdaptorInternal   pre-events       pre-events       PostProcessEvent
    4 fileAction           PostProcessEvent PostProcessEvent PostGlobalEndRun
    5 fileAction           pre-events       pre-events       PostProcessEvent

Severity    # Occurrences   Total Occurrences
--------    -------------   -----------------
Warning                55                  55
System                 64                  64

dropped waiting message count 0
