10-Jun-2024 19:56:51 CEST  Initiating request to open file root://eoscms.cern.ch//eos/cms/store/mc/RunIISummer20UL16MiniAODAPVv2/QCD_Pt_600to800_TuneCP5_13TeV_pythia8/MINIAODSIM/106X_mcRun2_asymptotic_preVFP_v11-v1/270000/49D01A05-BF6B-EE4F-98D5-6B55A5F0BB1D.root
%MSG-w XrdAdaptorInternal:  file_open 10-Jun-2024 19:56:52 CEST pre-events
Failed to open file at URL root://eoscms.cern.ch:1094//eos/cms/store/mc/RunIISummer20UL16MiniAODAPVv2/QCD_Pt_600to800_TuneCP5_13TeV_pythia8/MINIAODSIM/106X_mcRun2_asymptotic_preVFP_v11-v1/270000/49D01A05-BF6B-EE4F-98D5-6B55A5F0BB1D.root.
%MSG
%MSG-w XrdAdaptorInternal:  file_open 10-Jun-2024 19:56:52 CEST pre-events
Failed to open file at URL root://eoscms.cern.ch:1094//eos/cms/store/mc/RunIISummer20UL16MiniAODAPVv2/QCD_Pt_600to800_TuneCP5_13TeV_pythia8/MINIAODSIM/106X_mcRun2_asymptotic_preVFP_v11-v1/270000/49D01A05-BF6B-EE4F-98D5-6B55A5F0BB1D.root?tried=.
%MSG
10-Jun-2024 19:56:52 CEST  Fallback request to file root://xrootd-cms.infn.it//store/mc/RunIISummer20UL16MiniAODAPVv2/QCD_Pt_600to800_TuneCP5_13TeV_pythia8/MINIAODSIM/106X_mcRun2_asymptotic_preVFP_v11-v1/270000/49D01A05-BF6B-EE4F-98D5-6B55A5F0BB1D.root
%MSG-w XrdAdaptor:  file_open 10-Jun-2024 19:57:07 CEST pre-events
Data is served from T2_US_Nebraska instead of original site infn.it
%MSG
10-Jun-2024 19:57:11 CEST  Successfully opened file root://xrootd-cms.infn.it//store/mc/RunIISummer20UL16MiniAODAPVv2/QCD_Pt_600to800_TuneCP5_13TeV_pythia8/MINIAODSIM/106X_mcRun2_asymptotic_preVFP_v11-v1/270000/49D01A05-BF6B-EE4F-98D5-6B55A5F0BB1D.root
Begin processing the 1st record. Run 1, Event 26590003, LumiSection 26591 on stream 0 at 10-Jun-2024 19:57:19.658 CEST
10-Jun-2024 19:57:22 CEST  Closed file root://xrootd-cms.infn.it//store/mc/RunIISummer20UL16MiniAODAPVv2/QCD_Pt_600to800_TuneCP5_13TeV_pythia8/MINIAODSIM/106X_mcRun2_asymptotic_preVFP_v11-v1/270000/49D01A05-BF6B-EE4F-98D5-6B55A5F0BB1D.root
10-Jun-2024 19:57:22 CEST  Initiating request to open file root://eoscms.cern.ch//eos/cms/store/mc/RunIISummer20UL16MiniAODAPVv2/QCD_Pt_600to800_TuneCP5_13TeV_pythia8/MINIAODSIM/106X_mcRun2_asymptotic_preVFP_v11-v1/270000/6EF67603-36D9-7149-83E4-98DC5F7AC49F.root
%MSG-w XrdAdaptorInternal:  file_open 10-Jun-2024 19:57:23 CEST PostProcessEvent
Failed to open file at URL root://eoscms.cern.ch:1094//eos/cms/store/mc/RunIISummer20UL16MiniAODAPVv2/QCD_Pt_600to800_TuneCP5_13TeV_pythia8/MINIAODSIM/106X_mcRun2_asymptotic_preVFP_v11-v1/270000/6EF67603-36D9-7149-83E4-98DC5F7AC49F.root.
%MSG
%MSG-w XrdAdaptorInternal:  file_open 10-Jun-2024 19:57:23 CEST PostProcessEvent
Failed to open file at URL root://eoscms.cern.ch:1094//eos/cms/store/mc/RunIISummer20UL16MiniAODAPVv2/QCD_Pt_600to800_TuneCP5_13TeV_pythia8/MINIAODSIM/106X_mcRun2_asymptotic_preVFP_v11-v1/270000/6EF67603-36D9-7149-83E4-98DC5F7AC49F.root?tried=.
%MSG
10-Jun-2024 19:57:23 CEST  Fallback request to file root://xrootd-cms.infn.it//store/mc/RunIISummer20UL16MiniAODAPVv2/QCD_Pt_600to800_TuneCP5_13TeV_pythia8/MINIAODSIM/106X_mcRun2_asymptotic_preVFP_v11-v1/270000/6EF67603-36D9-7149-83E4-98DC5F7AC49F.root
%MSG-w XrdAdaptor:  file_open 10-Jun-2024 19:57:36 CEST PostProcessEvent
Data is served from T2_US_Nebraska instead of original site infn.it
%MSG
10-Jun-2024 19:57:37 CEST  Successfully opened file root://xrootd-cms.infn.it//store/mc/RunIISummer20UL16MiniAODAPVv2/QCD_Pt_600to800_TuneCP5_13TeV_pythia8/MINIAODSIM/106X_mcRun2_asymptotic_preVFP_v11-v1/270000/6EF67603-36D9-7149-83E4-98DC5F7AC49F.root
Begin processing the 100001st record. Run 1, Event 26394007, LumiSection 26395 on stream 0 at 10-Jun-2024 19:57:45.437 CEST
10-Jun-2024 19:57:46 CEST  Closed file root://xrootd-cms.infn.it//store/mc/RunIISummer20UL16MiniAODAPVv2/QCD_Pt_600to800_TuneCP5_13TeV_pythia8/MINIAODSIM/106X_mcRun2_asymptotic_preVFP_v11-v1/270000/6EF67603-36D9-7149-83E4-98DC5F7AC49F.root
10-Jun-2024 19:57:46 CEST  Initiating request to open file root://eoscms.cern.ch//eos/cms/store/mc/RunIISummer20UL16MiniAODAPVv2/QCD_Pt_600to800_TuneCP5_13TeV_pythia8/MINIAODSIM/106X_mcRun2_asymptotic_preVFP_v11-v1/270000/5623C739-EF82-E641-9837-9A4E8F0B5CD4.root
%MSG-w XrdAdaptorInternal:  file_open 10-Jun-2024 19:57:47 CEST PostProcessEvent
Failed to open file at URL root://eoscms.cern.ch:1094//eos/cms/store/mc/RunIISummer20UL16MiniAODAPVv2/QCD_Pt_600to800_TuneCP5_13TeV_pythia8/MINIAODSIM/106X_mcRun2_asymptotic_preVFP_v11-v1/270000/5623C739-EF82-E641-9837-9A4E8F0B5CD4.root.
%MSG
%MSG-w XrdAdaptorInternal:  file_open 10-Jun-2024 19:57:47 CEST PostProcessEvent
Failed to open file at URL root://eoscms.cern.ch:1094//eos/cms/store/mc/RunIISummer20UL16MiniAODAPVv2/QCD_Pt_600to800_TuneCP5_13TeV_pythia8/MINIAODSIM/106X_mcRun2_asymptotic_preVFP_v11-v1/270000/5623C739-EF82-E641-9837-9A4E8F0B5CD4.root?tried=.
%MSG
10-Jun-2024 19:57:47 CEST  Fallback request to file root://xrootd-cms.infn.it//store/mc/RunIISummer20UL16MiniAODAPVv2/QCD_Pt_600to800_TuneCP5_13TeV_pythia8/MINIAODSIM/106X_mcRun2_asymptotic_preVFP_v11-v1/270000/5623C739-EF82-E641-9837-9A4E8F0B5CD4.root
%MSG-w XrdAdaptor:  file_open 10-Jun-2024 19:58:00 CEST PostProcessEvent
Data is served from T2_US_Nebraska instead of original site infn.it
%MSG
10-Jun-2024 19:58:01 CEST  Successfully opened file root://xrootd-cms.infn.it//store/mc/RunIISummer20UL16MiniAODAPVv2/QCD_Pt_600to800_TuneCP5_13TeV_pythia8/MINIAODSIM/106X_mcRun2_asymptotic_preVFP_v11-v1/270000/5623C739-EF82-E641-9837-9A4E8F0B5CD4.root
Begin processing the 200001st record. Run 1, Event 26464010, LumiSection 26465 on stream 0 at 10-Jun-2024 19:58:10.677 CEST
10-Jun-2024 19:58:10 CEST  Closed file root://xrootd-cms.infn.it//store/mc/RunIISummer20UL16MiniAODAPVv2/QCD_Pt_600to800_TuneCP5_13TeV_pythia8/MINIAODSIM/106X_mcRun2_asymptotic_preVFP_v11-v1/270000/5623C739-EF82-E641-9837-9A4E8F0B5CD4.root
10-Jun-2024 19:58:10 CEST  Initiating request to open file root://eoscms.cern.ch//eos/cms/store/mc/RunIISummer20UL16MiniAODAPVv2/QCD_Pt_600to800_TuneCP5_13TeV_pythia8/MINIAODSIM/106X_mcRun2_asymptotic_preVFP_v11-v1/270000/CACF18A7-5F70-8E47-AC18-0E9596772F19.root
%MSG-w XrdAdaptorInternal:  file_open 10-Jun-2024 19:58:11 CEST PostProcessEvent
Failed to open file at URL root://eoscms.cern.ch:1094//eos/cms/store/mc/RunIISummer20UL16MiniAODAPVv2/QCD_Pt_600to800_TuneCP5_13TeV_pythia8/MINIAODSIM/106X_mcRun2_asymptotic_preVFP_v11-v1/270000/CACF18A7-5F70-8E47-AC18-0E9596772F19.root.
%MSG
%MSG-w XrdAdaptorInternal:  file_open 10-Jun-2024 19:58:11 CEST PostProcessEvent
Failed to open file at URL root://eoscms.cern.ch:1094//eos/cms/store/mc/RunIISummer20UL16MiniAODAPVv2/QCD_Pt_600to800_TuneCP5_13TeV_pythia8/MINIAODSIM/106X_mcRun2_asymptotic_preVFP_v11-v1/270000/CACF18A7-5F70-8E47-AC18-0E9596772F19.root?tried=.
%MSG
10-Jun-2024 19:58:11 CEST  Fallback request to file root://xrootd-cms.infn.it//store/mc/RunIISummer20UL16MiniAODAPVv2/QCD_Pt_600to800_TuneCP5_13TeV_pythia8/MINIAODSIM/106X_mcRun2_asymptotic_preVFP_v11-v1/270000/CACF18A7-5F70-8E47-AC18-0E9596772F19.root
%MSG-w XrdAdaptor:  file_open 10-Jun-2024 19:58:24 CEST PostProcessEvent
Data is served from T2_US_Nebraska instead of original site infn.it
%MSG
10-Jun-2024 19:58:25 CEST  Successfully opened file root://xrootd-cms.infn.it//store/mc/RunIISummer20UL16MiniAODAPVv2/QCD_Pt_600to800_TuneCP5_13TeV_pythia8/MINIAODSIM/106X_mcRun2_asymptotic_preVFP_v11-v1/270000/CACF18A7-5F70-8E47-AC18-0E9596772F19.root
10-Jun-2024 19:58:33 CEST  Closed file root://xrootd-cms.infn.it//store/mc/RunIISummer20UL16MiniAODAPVv2/QCD_Pt_600to800_TuneCP5_13TeV_pythia8/MINIAODSIM/106X_mcRun2_asymptotic_preVFP_v11-v1/270000/CACF18A7-5F70-8E47-AC18-0E9596772F19.root
10-Jun-2024 19:58:33 CEST  Initiating request to open file root://eoscms.cern.ch//eos/cms/store/mc/RunIISummer20UL16MiniAODAPVv2/QCD_Pt_600to800_TuneCP5_13TeV_pythia8/MINIAODSIM/106X_mcRun2_asymptotic_preVFP_v11-v1/270000/FE256B7F-C8E1-2B4F-A035-7DE298EC4458.root
%MSG-w XrdAdaptorInternal:  file_open 10-Jun-2024 19:58:34 CEST PostProcessEvent
Failed to open file at URL root://eoscms.cern.ch:1094//eos/cms/store/mc/RunIISummer20UL16MiniAODAPVv2/QCD_Pt_600to800_TuneCP5_13TeV_pythia8/MINIAODSIM/106X_mcRun2_asymptotic_preVFP_v11-v1/270000/FE256B7F-C8E1-2B4F-A035-7DE298EC4458.root.
%MSG
%MSG-w XrdAdaptorInternal:  file_open 10-Jun-2024 19:58:34 CEST PostProcessEvent
Failed to open file at URL root://eoscms.cern.ch:1094//eos/cms/store/mc/RunIISummer20UL16MiniAODAPVv2/QCD_Pt_600to800_TuneCP5_13TeV_pythia8/MINIAODSIM/106X_mcRun2_asymptotic_preVFP_v11-v1/270000/FE256B7F-C8E1-2B4F-A035-7DE298EC4458.root?tried=.
%MSG
10-Jun-2024 19:58:34 CEST  Fallback request to file root://xrootd-cms.infn.it//store/mc/RunIISummer20UL16MiniAODAPVv2/QCD_Pt_600to800_TuneCP5_13TeV_pythia8/MINIAODSIM/106X_mcRun2_asymptotic_preVFP_v11-v1/270000/FE256B7F-C8E1-2B4F-A035-7DE298EC4458.root
%MSG-w XrdAdaptor:  file_open 10-Jun-2024 19:58:47 CEST PostProcessEvent
Data is served from T2_US_Nebraska instead of original site infn.it
%MSG
10-Jun-2024 19:58:48 CEST  Successfully opened file root://xrootd-cms.infn.it//store/mc/RunIISummer20UL16MiniAODAPVv2/QCD_Pt_600to800_TuneCP5_13TeV_pythia8/MINIAODSIM/106X_mcRun2_asymptotic_preVFP_v11-v1/270000/FE256B7F-C8E1-2B4F-A035-7DE298EC4458.root
Begin processing the 300001st record. Run 1, Event 26520004, LumiSection 26521 on stream 0 at 10-Jun-2024 19:58:56.061 CEST
10-Jun-2024 19:58:57 CEST  Closed file root://xrootd-cms.infn.it//store/mc/RunIISummer20UL16MiniAODAPVv2/QCD_Pt_600to800_TuneCP5_13TeV_pythia8/MINIAODSIM/106X_mcRun2_asymptotic_preVFP_v11-v1/270000/FE256B7F-C8E1-2B4F-A035-7DE298EC4458.root
10-Jun-2024 19:58:57 CEST  Initiating request to open file root://eoscms.cern.ch//eos/cms/store/mc/RunIISummer20UL16MiniAODAPVv2/QCD_Pt_600to800_TuneCP5_13TeV_pythia8/MINIAODSIM/106X_mcRun2_asymptotic_preVFP_v11-v1/270000/3745C4C3-6F24-CA43-B04D-B80D91A86A63.root
%MSG-w XrdAdaptorInternal:  file_open 10-Jun-2024 19:58:58 CEST PostProcessEvent
Failed to open file at URL root://eoscms.cern.ch:1094//eos/cms/store/mc/RunIISummer20UL16MiniAODAPVv2/QCD_Pt_600to800_TuneCP5_13TeV_pythia8/MINIAODSIM/106X_mcRun2_asymptotic_preVFP_v11-v1/270000/3745C4C3-6F24-CA43-B04D-B80D91A86A63.root.
%MSG
%MSG-w XrdAdaptorInternal:  file_open 10-Jun-2024 19:58:58 CEST PostProcessEvent
Failed to open file at URL root://eoscms.cern.ch:1094//eos/cms/store/mc/RunIISummer20UL16MiniAODAPVv2/QCD_Pt_600to800_TuneCP5_13TeV_pythia8/MINIAODSIM/106X_mcRun2_asymptotic_preVFP_v11-v1/270000/3745C4C3-6F24-CA43-B04D-B80D91A86A63.root?tried=.
%MSG
10-Jun-2024 19:58:58 CEST  Fallback request to file root://xrootd-cms.infn.it//store/mc/RunIISummer20UL16MiniAODAPVv2/QCD_Pt_600to800_TuneCP5_13TeV_pythia8/MINIAODSIM/106X_mcRun2_asymptotic_preVFP_v11-v1/270000/3745C4C3-6F24-CA43-B04D-B80D91A86A63.root
%MSG-w XrdAdaptor:  file_open 10-Jun-2024 19:59:11 CEST PostProcessEvent
Data is served from T2_US_Nebraska instead of original site infn.it
%MSG
10-Jun-2024 19:59:12 CEST  Successfully opened file root://xrootd-cms.infn.it//store/mc/RunIISummer20UL16MiniAODAPVv2/QCD_Pt_600to800_TuneCP5_13TeV_pythia8/MINIAODSIM/106X_mcRun2_asymptotic_preVFP_v11-v1/270000/3745C4C3-6F24-CA43-B04D-B80D91A86A63.root
10-Jun-2024 19:59:20 CEST  Closed file root://xrootd-cms.infn.it//store/mc/RunIISummer20UL16MiniAODAPVv2/QCD_Pt_600to800_TuneCP5_13TeV_pythia8/MINIAODSIM/106X_mcRun2_asymptotic_preVFP_v11-v1/270000/3745C4C3-6F24-CA43-B04D-B80D91A86A63.root
10-Jun-2024 19:59:20 CEST  Initiating request to open file root://eoscms.cern.ch//eos/cms/store/mc/RunIISummer20UL16MiniAODAPVv2/QCD_Pt_600to800_TuneCP5_13TeV_pythia8/MINIAODSIM/106X_mcRun2_asymptotic_preVFP_v11-v1/70000/8B7959E3-81DC-C04A-80ED-A75A253A3FB1.root
%MSG-w XrdAdaptorInternal:  file_open 10-Jun-2024 19:59:21 CEST PostProcessEvent
Failed to open file at URL root://eoscms.cern.ch:1094//eos/cms/store/mc/RunIISummer20UL16MiniAODAPVv2/QCD_Pt_600to800_TuneCP5_13TeV_pythia8/MINIAODSIM/106X_mcRun2_asymptotic_preVFP_v11-v1/70000/8B7959E3-81DC-C04A-80ED-A75A253A3FB1.root.
%MSG
%MSG-w XrdAdaptorInternal:  file_open 10-Jun-2024 19:59:21 CEST PostProcessEvent
Failed to open file at URL root://eoscms.cern.ch:1094//eos/cms/store/mc/RunIISummer20UL16MiniAODAPVv2/QCD_Pt_600to800_TuneCP5_13TeV_pythia8/MINIAODSIM/106X_mcRun2_asymptotic_preVFP_v11-v1/70000/8B7959E3-81DC-C04A-80ED-A75A253A3FB1.root?tried=.
%MSG
10-Jun-2024 19:59:21 CEST  Fallback request to file root://xrootd-cms.infn.it//store/mc/RunIISummer20UL16MiniAODAPVv2/QCD_Pt_600to800_TuneCP5_13TeV_pythia8/MINIAODSIM/106X_mcRun2_asymptotic_preVFP_v11-v1/70000/8B7959E3-81DC-C04A-80ED-A75A253A3FB1.root
%MSG-w XrdAdaptor:  file_open 10-Jun-2024 19:59:36 CEST PostProcessEvent
Data is served from T2_US_MIT instead of original site infn.it
%MSG
10-Jun-2024 19:59:36 CEST  Successfully opened file root://xrootd-cms.infn.it//store/mc/RunIISummer20UL16MiniAODAPVv2/QCD_Pt_600to800_TuneCP5_13TeV_pythia8/MINIAODSIM/106X_mcRun2_asymptotic_preVFP_v11-v1/70000/8B7959E3-81DC-C04A-80ED-A75A253A3FB1.root
Begin processing the 400001st record. Run 1, Event 20678012, LumiSection 20679 on stream 0 at 10-Jun-2024 19:59:42.185 CEST
10-Jun-2024 19:59:43 CEST  Closed file root://xrootd-cms.infn.it//store/mc/RunIISummer20UL16MiniAODAPVv2/QCD_Pt_600to800_TuneCP5_13TeV_pythia8/MINIAODSIM/106X_mcRun2_asymptotic_preVFP_v11-v1/70000/8B7959E3-81DC-C04A-80ED-A75A253A3FB1.root
10-Jun-2024 19:59:43 CEST  Initiating request to open file root://eoscms.cern.ch//eos/cms/store/mc/RunIISummer20UL16MiniAODAPVv2/QCD_Pt_600to800_TuneCP5_13TeV_pythia8/MINIAODSIM/106X_mcRun2_asymptotic_preVFP_v11-v1/140000/ACF99D4B-388B-C14A-A87E-B8DA63999802.root
%MSG-w XrdAdaptorInternal:  file_open 10-Jun-2024 19:59:44 CEST PostProcessEvent
Failed to open file at URL root://eoscms.cern.ch:1094//eos/cms/store/mc/RunIISummer20UL16MiniAODAPVv2/QCD_Pt_600to800_TuneCP5_13TeV_pythia8/MINIAODSIM/106X_mcRun2_asymptotic_preVFP_v11-v1/140000/ACF99D4B-388B-C14A-A87E-B8DA63999802.root.
%MSG
%MSG-w XrdAdaptorInternal:  file_open 10-Jun-2024 19:59:44 CEST PostProcessEvent
Failed to open file at URL root://eoscms.cern.ch:1094//eos/cms/store/mc/RunIISummer20UL16MiniAODAPVv2/QCD_Pt_600to800_TuneCP5_13TeV_pythia8/MINIAODSIM/106X_mcRun2_asymptotic_preVFP_v11-v1/140000/ACF99D4B-388B-C14A-A87E-B8DA63999802.root?tried=.
%MSG
10-Jun-2024 19:59:44 CEST  Fallback request to file root://xrootd-cms.infn.it//store/mc/RunIISummer20UL16MiniAODAPVv2/QCD_Pt_600to800_TuneCP5_13TeV_pythia8/MINIAODSIM/106X_mcRun2_asymptotic_preVFP_v11-v1/140000/ACF99D4B-388B-C14A-A87E-B8DA63999802.root
%MSG-w XrdAdaptor:  file_open 10-Jun-2024 19:59:58 CEST PostProcessEvent
Data is served from T2_US_Nebraska instead of original site infn.it
%MSG
10-Jun-2024 19:59:59 CEST  Successfully opened file root://xrootd-cms.infn.it//store/mc/RunIISummer20UL16MiniAODAPVv2/QCD_Pt_600to800_TuneCP5_13TeV_pythia8/MINIAODSIM/106X_mcRun2_asymptotic_preVFP_v11-v1/140000/ACF99D4B-388B-C14A-A87E-B8DA63999802.root
Begin processing the 500001st record. Run 1, Event 36916005, LumiSection 36917 on stream 0 at 10-Jun-2024 20:00:07.286 CEST
10-Jun-2024 20:00:08 CEST  Closed file root://xrootd-cms.infn.it//store/mc/RunIISummer20UL16MiniAODAPVv2/QCD_Pt_600to800_TuneCP5_13TeV_pythia8/MINIAODSIM/106X_mcRun2_asymptotic_preVFP_v11-v1/140000/ACF99D4B-388B-C14A-A87E-B8DA63999802.root
10-Jun-2024 20:00:08 CEST  Initiating request to open file root://eoscms.cern.ch//eos/cms/store/mc/RunIISummer20UL16MiniAODAPVv2/QCD_Pt_600to800_TuneCP5_13TeV_pythia8/MINIAODSIM/106X_mcRun2_asymptotic_preVFP_v11-v1/140000/6AA53D8C-B0E8-B441-903F-D46046825EB9.root
%MSG-w XrdAdaptorInternal:  file_open 10-Jun-2024 20:00:09 CEST PostProcessEvent
Failed to open file at URL root://eoscms.cern.ch:1094//eos/cms/store/mc/RunIISummer20UL16MiniAODAPVv2/QCD_Pt_600to800_TuneCP5_13TeV_pythia8/MINIAODSIM/106X_mcRun2_asymptotic_preVFP_v11-v1/140000/6AA53D8C-B0E8-B441-903F-D46046825EB9.root.
%MSG
%MSG-w XrdAdaptorInternal:  file_open 10-Jun-2024 20:00:09 CEST PostProcessEvent
Failed to open file at URL root://eoscms.cern.ch:1094//eos/cms/store/mc/RunIISummer20UL16MiniAODAPVv2/QCD_Pt_600to800_TuneCP5_13TeV_pythia8/MINIAODSIM/106X_mcRun2_asymptotic_preVFP_v11-v1/140000/6AA53D8C-B0E8-B441-903F-D46046825EB9.root?tried=.
%MSG
10-Jun-2024 20:00:09 CEST  Fallback request to file root://xrootd-cms.infn.it//store/mc/RunIISummer20UL16MiniAODAPVv2/QCD_Pt_600to800_TuneCP5_13TeV_pythia8/MINIAODSIM/106X_mcRun2_asymptotic_preVFP_v11-v1/140000/6AA53D8C-B0E8-B441-903F-D46046825EB9.root
%MSG-w XrdAdaptor:  file_open 10-Jun-2024 20:00:21 CEST PostProcessEvent
Data is served from T2_US_Nebraska instead of original site infn.it
%MSG
10-Jun-2024 20:00:22 CEST  Successfully opened file root://xrootd-cms.infn.it//store/mc/RunIISummer20UL16MiniAODAPVv2/QCD_Pt_600to800_TuneCP5_13TeV_pythia8/MINIAODSIM/106X_mcRun2_asymptotic_preVFP_v11-v1/140000/6AA53D8C-B0E8-B441-903F-D46046825EB9.root
10-Jun-2024 20:00:31 CEST  Closed file root://xrootd-cms.infn.it//store/mc/RunIISummer20UL16MiniAODAPVv2/QCD_Pt_600to800_TuneCP5_13TeV_pythia8/MINIAODSIM/106X_mcRun2_asymptotic_preVFP_v11-v1/140000/6AA53D8C-B0E8-B441-903F-D46046825EB9.root
10-Jun-2024 20:00:31 CEST  Initiating request to open file root://eoscms.cern.ch//eos/cms/store/mc/RunIISummer20UL16MiniAODAPVv2/QCD_Pt_600to800_TuneCP5_13TeV_pythia8/MINIAODSIM/106X_mcRun2_asymptotic_preVFP_v11-v1/140000/7331C98F-BCFF-2147-BA22-422E69D5327A.root
%MSG-w XrdAdaptorInternal:  file_open 10-Jun-2024 20:00:32 CEST PostProcessEvent
Failed to open file at URL root://eoscms.cern.ch:1094//eos/cms/store/mc/RunIISummer20UL16MiniAODAPVv2/QCD_Pt_600to800_TuneCP5_13TeV_pythia8/MINIAODSIM/106X_mcRun2_asymptotic_preVFP_v11-v1/140000/7331C98F-BCFF-2147-BA22-422E69D5327A.root.
%MSG
%MSG-w XrdAdaptorInternal:  file_open 10-Jun-2024 20:00:32 CEST PostProcessEvent
Failed to open file at URL root://eoscms.cern.ch:1094//eos/cms/store/mc/RunIISummer20UL16MiniAODAPVv2/QCD_Pt_600to800_TuneCP5_13TeV_pythia8/MINIAODSIM/106X_mcRun2_asymptotic_preVFP_v11-v1/140000/7331C98F-BCFF-2147-BA22-422E69D5327A.root?tried=.
%MSG
10-Jun-2024 20:00:32 CEST  Fallback request to file root://xrootd-cms.infn.it//store/mc/RunIISummer20UL16MiniAODAPVv2/QCD_Pt_600to800_TuneCP5_13TeV_pythia8/MINIAODSIM/106X_mcRun2_asymptotic_preVFP_v11-v1/140000/7331C98F-BCFF-2147-BA22-422E69D5327A.root
%MSG-w XrdAdaptor:  file_open 10-Jun-2024 20:00:45 CEST PostProcessEvent
Data is served from T2_US_Nebraska instead of original site infn.it
%MSG
10-Jun-2024 20:00:46 CEST  Successfully opened file root://xrootd-cms.infn.it//store/mc/RunIISummer20UL16MiniAODAPVv2/QCD_Pt_600to800_TuneCP5_13TeV_pythia8/MINIAODSIM/106X_mcRun2_asymptotic_preVFP_v11-v1/140000/7331C98F-BCFF-2147-BA22-422E69D5327A.root
Begin processing the 600001st record. Run 1, Event 36956001, LumiSection 36957 on stream 0 at 10-Jun-2024 20:00:52.662 CEST
10-Jun-2024 20:00:54 CEST  Closed file root://xrootd-cms.infn.it//store/mc/RunIISummer20UL16MiniAODAPVv2/QCD_Pt_600to800_TuneCP5_13TeV_pythia8/MINIAODSIM/106X_mcRun2_asymptotic_preVFP_v11-v1/140000/7331C98F-BCFF-2147-BA22-422E69D5327A.root
10-Jun-2024 20:00:54 CEST  Initiating request to open file root://eoscms.cern.ch//eos/cms/store/mc/RunIISummer20UL16MiniAODAPVv2/QCD_Pt_600to800_TuneCP5_13TeV_pythia8/MINIAODSIM/106X_mcRun2_asymptotic_preVFP_v11-v1/140000/0914BA8E-45AD-0B41-B34F-7F7237FCE4AD.root
%MSG-w XrdAdaptorInternal:  file_open 10-Jun-2024 20:00:55 CEST PostProcessEvent
Failed to open file at URL root://eoscms.cern.ch:1094//eos/cms/store/mc/RunIISummer20UL16MiniAODAPVv2/QCD_Pt_600to800_TuneCP5_13TeV_pythia8/MINIAODSIM/106X_mcRun2_asymptotic_preVFP_v11-v1/140000/0914BA8E-45AD-0B41-B34F-7F7237FCE4AD.root.
%MSG
%MSG-w XrdAdaptorInternal:  file_open 10-Jun-2024 20:00:55 CEST PostProcessEvent
Failed to open file at URL root://eoscms.cern.ch:1094//eos/cms/store/mc/RunIISummer20UL16MiniAODAPVv2/QCD_Pt_600to800_TuneCP5_13TeV_pythia8/MINIAODSIM/106X_mcRun2_asymptotic_preVFP_v11-v1/140000/0914BA8E-45AD-0B41-B34F-7F7237FCE4AD.root?tried=.
%MSG
10-Jun-2024 20:00:55 CEST  Fallback request to file root://xrootd-cms.infn.it//store/mc/RunIISummer20UL16MiniAODAPVv2/QCD_Pt_600to800_TuneCP5_13TeV_pythia8/MINIAODSIM/106X_mcRun2_asymptotic_preVFP_v11-v1/140000/0914BA8E-45AD-0B41-B34F-7F7237FCE4AD.root
%MSG-w XrdAdaptor:  file_open 10-Jun-2024 20:01:08 CEST PostProcessEvent
Data is served from T2_US_Nebraska instead of original site infn.it
%MSG
10-Jun-2024 20:01:09 CEST  Successfully opened file root://xrootd-cms.infn.it//store/mc/RunIISummer20UL16MiniAODAPVv2/QCD_Pt_600to800_TuneCP5_13TeV_pythia8/MINIAODSIM/106X_mcRun2_asymptotic_preVFP_v11-v1/140000/0914BA8E-45AD-0B41-B34F-7F7237FCE4AD.root
Begin processing the 700001st record. Run 1, Event 36758006, LumiSection 36759 on stream 0 at 10-Jun-2024 20:01:16.574 CEST
10-Jun-2024 20:01:17 CEST  Closed file root://xrootd-cms.infn.it//store/mc/RunIISummer20UL16MiniAODAPVv2/QCD_Pt_600to800_TuneCP5_13TeV_pythia8/MINIAODSIM/106X_mcRun2_asymptotic_preVFP_v11-v1/140000/0914BA8E-45AD-0B41-B34F-7F7237FCE4AD.root
10-Jun-2024 20:01:17 CEST  Initiating request to open file root://eoscms.cern.ch//eos/cms/store/mc/RunIISummer20UL16MiniAODAPVv2/QCD_Pt_600to800_TuneCP5_13TeV_pythia8/MINIAODSIM/106X_mcRun2_asymptotic_preVFP_v11-v1/140000/974A335A-5B4D-0F47-B1E6-E9F87AE2A8BC.root
%MSG-w XrdAdaptorInternal:  file_open 10-Jun-2024 20:01:18 CEST PostProcessEvent
Failed to open file at URL root://eoscms.cern.ch:1094//eos/cms/store/mc/RunIISummer20UL16MiniAODAPVv2/QCD_Pt_600to800_TuneCP5_13TeV_pythia8/MINIAODSIM/106X_mcRun2_asymptotic_preVFP_v11-v1/140000/974A335A-5B4D-0F47-B1E6-E9F87AE2A8BC.root.
%MSG
%MSG-w XrdAdaptorInternal:  file_open 10-Jun-2024 20:01:18 CEST PostProcessEvent
Failed to open file at URL root://eoscms.cern.ch:1094//eos/cms/store/mc/RunIISummer20UL16MiniAODAPVv2/QCD_Pt_600to800_TuneCP5_13TeV_pythia8/MINIAODSIM/106X_mcRun2_asymptotic_preVFP_v11-v1/140000/974A335A-5B4D-0F47-B1E6-E9F87AE2A8BC.root?tried=.
%MSG
10-Jun-2024 20:01:18 CEST  Fallback request to file root://xrootd-cms.infn.it//store/mc/RunIISummer20UL16MiniAODAPVv2/QCD_Pt_600to800_TuneCP5_13TeV_pythia8/MINIAODSIM/106X_mcRun2_asymptotic_preVFP_v11-v1/140000/974A335A-5B4D-0F47-B1E6-E9F87AE2A8BC.root
%MSG-w XrdAdaptor:  file_open 10-Jun-2024 20:01:31 CEST PostProcessEvent
Data is served from T2_US_Nebraska instead of original site infn.it
%MSG
10-Jun-2024 20:01:32 CEST  Successfully opened file root://xrootd-cms.infn.it//store/mc/RunIISummer20UL16MiniAODAPVv2/QCD_Pt_600to800_TuneCP5_13TeV_pythia8/MINIAODSIM/106X_mcRun2_asymptotic_preVFP_v11-v1/140000/974A335A-5B4D-0F47-B1E6-E9F87AE2A8BC.root
Begin processing the 800001st record. Run 1, Event 63980001, LumiSection 63981 on stream 0 at 10-Jun-2024 20:01:41.014 CEST
10-Jun-2024 20:01:41 CEST  Closed file root://xrootd-cms.infn.it//store/mc/RunIISummer20UL16MiniAODAPVv2/QCD_Pt_600to800_TuneCP5_13TeV_pythia8/MINIAODSIM/106X_mcRun2_asymptotic_preVFP_v11-v1/140000/974A335A-5B4D-0F47-B1E6-E9F87AE2A8BC.root
10-Jun-2024 20:01:41 CEST  Initiating request to open file root://eoscms.cern.ch//eos/cms/store/mc/RunIISummer20UL16MiniAODAPVv2/QCD_Pt_600to800_TuneCP5_13TeV_pythia8/MINIAODSIM/106X_mcRun2_asymptotic_preVFP_v11-v1/140000/98FB2B47-04F0-BF4B-A12C-016FC775484A.root
%MSG-w XrdAdaptorInternal:  file_open 10-Jun-2024 20:01:43 CEST PostProcessEvent
Failed to open file at URL root://eoscms.cern.ch:1094//eos/cms/store/mc/RunIISummer20UL16MiniAODAPVv2/QCD_Pt_600to800_TuneCP5_13TeV_pythia8/MINIAODSIM/106X_mcRun2_asymptotic_preVFP_v11-v1/140000/98FB2B47-04F0-BF4B-A12C-016FC775484A.root.
%MSG
%MSG-w XrdAdaptorInternal:  file_open 10-Jun-2024 20:01:43 CEST PostProcessEvent
Failed to open file at URL root://eoscms.cern.ch:1094//eos/cms/store/mc/RunIISummer20UL16MiniAODAPVv2/QCD_Pt_600to800_TuneCP5_13TeV_pythia8/MINIAODSIM/106X_mcRun2_asymptotic_preVFP_v11-v1/140000/98FB2B47-04F0-BF4B-A12C-016FC775484A.root?tried=.
%MSG
10-Jun-2024 20:01:43 CEST  Fallback request to file root://xrootd-cms.infn.it//store/mc/RunIISummer20UL16MiniAODAPVv2/QCD_Pt_600to800_TuneCP5_13TeV_pythia8/MINIAODSIM/106X_mcRun2_asymptotic_preVFP_v11-v1/140000/98FB2B47-04F0-BF4B-A12C-016FC775484A.root
%MSG-w XrdAdaptor:  file_open 10-Jun-2024 20:01:56 CEST PostProcessEvent
Data is served from T2_US_Nebraska instead of original site infn.it
%MSG
10-Jun-2024 20:01:57 CEST  Successfully opened file root://xrootd-cms.infn.it//store/mc/RunIISummer20UL16MiniAODAPVv2/QCD_Pt_600to800_TuneCP5_13TeV_pythia8/MINIAODSIM/106X_mcRun2_asymptotic_preVFP_v11-v1/140000/98FB2B47-04F0-BF4B-A12C-016FC775484A.root
10-Jun-2024 20:02:06 CEST  Closed file root://xrootd-cms.infn.it//store/mc/RunIISummer20UL16MiniAODAPVv2/QCD_Pt_600to800_TuneCP5_13TeV_pythia8/MINIAODSIM/106X_mcRun2_asymptotic_preVFP_v11-v1/140000/98FB2B47-04F0-BF4B-A12C-016FC775484A.root
10-Jun-2024 20:02:06 CEST  Initiating request to open file root://eoscms.cern.ch//eos/cms/store/mc/RunIISummer20UL16MiniAODAPVv2/QCD_Pt_600to800_TuneCP5_13TeV_pythia8/MINIAODSIM/106X_mcRun2_asymptotic_preVFP_v11-v1/140000/F7ED7AC0-551B-C34E-BA03-6EC8C1E045A2.root
%MSG-w XrdAdaptorInternal:  file_open 10-Jun-2024 20:02:07 CEST PostProcessEvent
Failed to open file at URL root://eoscms.cern.ch:1094//eos/cms/store/mc/RunIISummer20UL16MiniAODAPVv2/QCD_Pt_600to800_TuneCP5_13TeV_pythia8/MINIAODSIM/106X_mcRun2_asymptotic_preVFP_v11-v1/140000/F7ED7AC0-551B-C34E-BA03-6EC8C1E045A2.root.
%MSG
%MSG-w XrdAdaptorInternal:  file_open 10-Jun-2024 20:02:07 CEST PostProcessEvent
Failed to open file at URL root://eoscms.cern.ch:1094//eos/cms/store/mc/RunIISummer20UL16MiniAODAPVv2/QCD_Pt_600to800_TuneCP5_13TeV_pythia8/MINIAODSIM/106X_mcRun2_asymptotic_preVFP_v11-v1/140000/F7ED7AC0-551B-C34E-BA03-6EC8C1E045A2.root?tried=.
%MSG
10-Jun-2024 20:02:07 CEST  Fallback request to file root://xrootd-cms.infn.it//store/mc/RunIISummer20UL16MiniAODAPVv2/QCD_Pt_600to800_TuneCP5_13TeV_pythia8/MINIAODSIM/106X_mcRun2_asymptotic_preVFP_v11-v1/140000/F7ED7AC0-551B-C34E-BA03-6EC8C1E045A2.root
%MSG-w XrdAdaptor:  file_open 10-Jun-2024 20:02:20 CEST PostProcessEvent
Data is served from T2_US_Nebraska instead of original site infn.it
%MSG
10-Jun-2024 20:02:21 CEST  Successfully opened file root://xrootd-cms.infn.it//store/mc/RunIISummer20UL16MiniAODAPVv2/QCD_Pt_600to800_TuneCP5_13TeV_pythia8/MINIAODSIM/106X_mcRun2_asymptotic_preVFP_v11-v1/140000/F7ED7AC0-551B-C34E-BA03-6EC8C1E045A2.root
Begin processing the 900001st record. Run 1, Event 36443014, LumiSection 36444 on stream 0 at 10-Jun-2024 20:02:30.162 CEST
10-Jun-2024 20:02:31 CEST  Closed file root://xrootd-cms.infn.it//store/mc/RunIISummer20UL16MiniAODAPVv2/QCD_Pt_600to800_TuneCP5_13TeV_pythia8/MINIAODSIM/106X_mcRun2_asymptotic_preVFP_v11-v1/140000/F7ED7AC0-551B-C34E-BA03-6EC8C1E045A2.root
10-Jun-2024 20:02:31 CEST  Initiating request to open file root://eoscms.cern.ch//eos/cms/store/mc/RunIISummer20UL16MiniAODAPVv2/QCD_Pt_600to800_TuneCP5_13TeV_pythia8/MINIAODSIM/106X_mcRun2_asymptotic_preVFP_v11-v1/140000/85BF4612-D334-8949-9B25-5E2B86D8C9FF.root
%MSG-w XrdAdaptorInternal:  file_open 10-Jun-2024 20:02:32 CEST PostProcessEvent
Failed to open file at URL root://eoscms.cern.ch:1094//eos/cms/store/mc/RunIISummer20UL16MiniAODAPVv2/QCD_Pt_600to800_TuneCP5_13TeV_pythia8/MINIAODSIM/106X_mcRun2_asymptotic_preVFP_v11-v1/140000/85BF4612-D334-8949-9B25-5E2B86D8C9FF.root.
%MSG
%MSG-w XrdAdaptorInternal:  file_open 10-Jun-2024 20:02:32 CEST PostProcessEvent
Failed to open file at URL root://eoscms.cern.ch:1094//eos/cms/store/mc/RunIISummer20UL16MiniAODAPVv2/QCD_Pt_600to800_TuneCP5_13TeV_pythia8/MINIAODSIM/106X_mcRun2_asymptotic_preVFP_v11-v1/140000/85BF4612-D334-8949-9B25-5E2B86D8C9FF.root?tried=.
%MSG
10-Jun-2024 20:02:32 CEST  Fallback request to file root://xrootd-cms.infn.it//store/mc/RunIISummer20UL16MiniAODAPVv2/QCD_Pt_600to800_TuneCP5_13TeV_pythia8/MINIAODSIM/106X_mcRun2_asymptotic_preVFP_v11-v1/140000/85BF4612-D334-8949-9B25-5E2B86D8C9FF.root
%MSG-w XrdAdaptor:  file_open 10-Jun-2024 20:02:45 CEST PostProcessEvent
Data is served from T2_US_Nebraska instead of original site infn.it
%MSG
10-Jun-2024 20:02:46 CEST  Successfully opened file root://xrootd-cms.infn.it//store/mc/RunIISummer20UL16MiniAODAPVv2/QCD_Pt_600to800_TuneCP5_13TeV_pythia8/MINIAODSIM/106X_mcRun2_asymptotic_preVFP_v11-v1/140000/85BF4612-D334-8949-9B25-5E2B86D8C9FF.root
10-Jun-2024 20:02:54 CEST  Closed file root://xrootd-cms.infn.it//store/mc/RunIISummer20UL16MiniAODAPVv2/QCD_Pt_600to800_TuneCP5_13TeV_pythia8/MINIAODSIM/106X_mcRun2_asymptotic_preVFP_v11-v1/140000/85BF4612-D334-8949-9B25-5E2B86D8C9FF.root

------------------------------------
GenXsecAnalyzer:
------------------------------------
Before Filter: total cross section = 1.564e+02 +- 7.430e-02 pb
Filter efficiency (taking into account weights)= (1e+06) / (1e+06) = 1.000e+00 +- 0.000e+00
Filter efficiency (event-level)= (1e+06) / (1e+06) = 1.000e+00 +- 0.000e+00    [TO BE USED IN MCM]

After filter: final cross section = 1.564e+02 +- 7.430e-02 pb
After filter: final fraction of events with negative weights = 0.000e+00 +- 0.000e+00
After filter: final equivalent lumi for 1M events (1/fb) = 6.393e+00 +- 7.077e-03

=============================================

MessageLogger Summary

 type     category        sev    module        subroutine        count    total
 ---- -------------------- -- ---------------- ----------------  -----    -----
    1 GenXSecAnalyzer      -w GenXSecAnalyzer:                       7        7
    2 XrdAdaptor           -w file_open                             15       15
    3 XrdAdaptorInternal   -w file_open                             30       30
    4 fileAction           -s file_close                            15       15
    5 fileAction           -s file_open                             45       45

 type    category    Examples: run/evt        run/evt          run/evt
 ---- -------------------- ---------------- ---------------- ----------------
    1 GenXSecAnalyzer      PostGlobalEndRun PostGlobalEndRun PostGlobalEndRun
    2 XrdAdaptor           pre-events       PostProcessEvent PostProcessEvent
    3 XrdAdaptorInternal   pre-events       pre-events       PostProcessEvent
    4 fileAction           PostProcessEvent PostProcessEvent PostGlobalEndRun
    5 fileAction           pre-events       pre-events       PostProcessEvent

Severity    # Occurrences   Total Occurrences
--------    -------------   -----------------
Warning                52                  52
System                 60                  60

dropped waiting message count 0
