10-Jun-2024 19:30:01 CEST  Initiating request to open file root://eoscms.cern.ch//eos/cms/store/mc/RunIISummer20UL16MiniAODAPVv2/QCD_HT200to300_TuneCP5_PSWeights_13TeV-madgraph-pythia8/MINIAODSIM/106X_mcRun2_asymptotic_preVFP_v11-v1/2540000/C33FFB90-73F7-214F-BF1A-831B93708EA5.root
%MSG-w XrdAdaptorInternal:  file_open 10-Jun-2024 19:30:03 CEST pre-events
Failed to open file at URL root://eoscms.cern.ch:1094//eos/cms/store/mc/RunIISummer20UL16MiniAODAPVv2/QCD_HT200to300_TuneCP5_PSWeights_13TeV-madgraph-pythia8/MINIAODSIM/106X_mcRun2_asymptotic_preVFP_v11-v1/2540000/C33FFB90-73F7-214F-BF1A-831B93708EA5.root.
%MSG
%MSG-w XrdAdaptorInternal:  file_open 10-Jun-2024 19:30:03 CEST pre-events
Failed to open file at URL root://eoscms.cern.ch:1094//eos/cms/store/mc/RunIISummer20UL16MiniAODAPVv2/QCD_HT200to300_TuneCP5_PSWeights_13TeV-madgraph-pythia8/MINIAODSIM/106X_mcRun2_asymptotic_preVFP_v11-v1/2540000/C33FFB90-73F7-214F-BF1A-831B93708EA5.root?tried=.
%MSG
10-Jun-2024 19:30:03 CEST  Fallback request to file root://xrootd-cms.infn.it//store/mc/RunIISummer20UL16MiniAODAPVv2/QCD_HT200to300_TuneCP5_PSWeights_13TeV-madgraph-pythia8/MINIAODSIM/106X_mcRun2_asymptotic_preVFP_v11-v1/2540000/C33FFB90-73F7-214F-BF1A-831B93708EA5.root
%MSG-w XrdAdaptor:  file_open 10-Jun-2024 19:30:18 CEST pre-events
Data is served from T2_US_Vanderbilt instead of original site T2_IT_Pisa
%MSG
10-Jun-2024 19:30:22 CEST  Successfully opened file root://xrootd-cms.infn.it//store/mc/RunIISummer20UL16MiniAODAPVv2/QCD_HT200to300_TuneCP5_PSWeights_13TeV-madgraph-pythia8/MINIAODSIM/106X_mcRun2_asymptotic_preVFP_v11-v1/2540000/C33FFB90-73F7-214F-BF1A-831B93708EA5.root
Begin processing the 1st record. Run 1, Event 43156623, LumiSection 5180 on stream 0 at 10-Jun-2024 19:30:33.128 CEST
10-Jun-2024 19:30:35 CEST  Closed file root://xrootd-cms.infn.it//store/mc/RunIISummer20UL16MiniAODAPVv2/QCD_HT200to300_TuneCP5_PSWeights_13TeV-madgraph-pythia8/MINIAODSIM/106X_mcRun2_asymptotic_preVFP_v11-v1/2540000/C33FFB90-73F7-214F-BF1A-831B93708EA5.root
10-Jun-2024 19:30:35 CEST  Initiating request to open file root://eoscms.cern.ch//eos/cms/store/mc/RunIISummer20UL16MiniAODAPVv2/QCD_HT200to300_TuneCP5_PSWeights_13TeV-madgraph-pythia8/MINIAODSIM/106X_mcRun2_asymptotic_preVFP_v11-v1/80000/2BD55312-715D-FF4D-BD1B-B140B98DB8ED.root
%MSG-w XrdAdaptorInternal:  file_open 10-Jun-2024 19:30:36 CEST PostProcessEvent
Failed to open file at URL root://eoscms.cern.ch:1094//eos/cms/store/mc/RunIISummer20UL16MiniAODAPVv2/QCD_HT200to300_TuneCP5_PSWeights_13TeV-madgraph-pythia8/MINIAODSIM/106X_mcRun2_asymptotic_preVFP_v11-v1/80000/2BD55312-715D-FF4D-BD1B-B140B98DB8ED.root.
%MSG
%MSG-w XrdAdaptorInternal:  file_open 10-Jun-2024 19:30:36 CEST PostProcessEvent
Failed to open file at URL root://eoscms.cern.ch:1094//eos/cms/store/mc/RunIISummer20UL16MiniAODAPVv2/QCD_HT200to300_TuneCP5_PSWeights_13TeV-madgraph-pythia8/MINIAODSIM/106X_mcRun2_asymptotic_preVFP_v11-v1/80000/2BD55312-715D-FF4D-BD1B-B140B98DB8ED.root?tried=.
%MSG
10-Jun-2024 19:30:36 CEST  Fallback request to file root://xrootd-cms.infn.it//store/mc/RunIISummer20UL16MiniAODAPVv2/QCD_HT200to300_TuneCP5_PSWeights_13TeV-madgraph-pythia8/MINIAODSIM/106X_mcRun2_asymptotic_preVFP_v11-v1/80000/2BD55312-715D-FF4D-BD1B-B140B98DB8ED.root
%MSG-w XrdAdaptor:  file_open 10-Jun-2024 19:30:39 CEST PostProcessEvent
Data is served from T2_HU_Budapest instead of original site T2_IT_Pisa
%MSG
10-Jun-2024 19:30:39 CEST  Successfully opened file root://xrootd-cms.infn.it//store/mc/RunIISummer20UL16MiniAODAPVv2/QCD_HT200to300_TuneCP5_PSWeights_13TeV-madgraph-pythia8/MINIAODSIM/106X_mcRun2_asymptotic_preVFP_v11-v1/80000/2BD55312-715D-FF4D-BD1B-B140B98DB8ED.root
Begin processing the 100001st record. Run 1, Event 54752172, LumiSection 6571 on stream 0 at 10-Jun-2024 19:30:43.051 CEST
10-Jun-2024 19:30:43 CEST  Closed file root://xrootd-cms.infn.it//store/mc/RunIISummer20UL16MiniAODAPVv2/QCD_HT200to300_TuneCP5_PSWeights_13TeV-madgraph-pythia8/MINIAODSIM/106X_mcRun2_asymptotic_preVFP_v11-v1/80000/2BD55312-715D-FF4D-BD1B-B140B98DB8ED.root
10-Jun-2024 19:30:43 CEST  Initiating request to open file root://eoscms.cern.ch//eos/cms/store/mc/RunIISummer20UL16MiniAODAPVv2/QCD_HT200to300_TuneCP5_PSWeights_13TeV-madgraph-pythia8/MINIAODSIM/106X_mcRun2_asymptotic_preVFP_v11-v1/80000/F5B19374-705F-084B-B288-0E970B5B33A8.root
%MSG-w XrdAdaptorInternal:  file_open 10-Jun-2024 19:30:44 CEST PostProcessEvent
Failed to open file at URL root://eoscms.cern.ch:1094//eos/cms/store/mc/RunIISummer20UL16MiniAODAPVv2/QCD_HT200to300_TuneCP5_PSWeights_13TeV-madgraph-pythia8/MINIAODSIM/106X_mcRun2_asymptotic_preVFP_v11-v1/80000/F5B19374-705F-084B-B288-0E970B5B33A8.root.
%MSG
%MSG-w XrdAdaptorInternal:  file_open 10-Jun-2024 19:30:44 CEST PostProcessEvent
Failed to open file at URL root://eoscms.cern.ch:1094//eos/cms/store/mc/RunIISummer20UL16MiniAODAPVv2/QCD_HT200to300_TuneCP5_PSWeights_13TeV-madgraph-pythia8/MINIAODSIM/106X_mcRun2_asymptotic_preVFP_v11-v1/80000/F5B19374-705F-084B-B288-0E970B5B33A8.root?tried=.
%MSG
10-Jun-2024 19:30:44 CEST  Fallback request to file root://xrootd-cms.infn.it//store/mc/RunIISummer20UL16MiniAODAPVv2/QCD_HT200to300_TuneCP5_PSWeights_13TeV-madgraph-pythia8/MINIAODSIM/106X_mcRun2_asymptotic_preVFP_v11-v1/80000/F5B19374-705F-084B-B288-0E970B5B33A8.root
%MSG-w XrdAdaptor:  file_open 10-Jun-2024 19:30:46 CEST PostProcessEvent
Data is served from T2_HU_Budapest instead of original site T2_IT_Pisa
%MSG
10-Jun-2024 19:30:47 CEST  Successfully opened file root://xrootd-cms.infn.it//store/mc/RunIISummer20UL16MiniAODAPVv2/QCD_HT200to300_TuneCP5_PSWeights_13TeV-madgraph-pythia8/MINIAODSIM/106X_mcRun2_asymptotic_preVFP_v11-v1/80000/F5B19374-705F-084B-B288-0E970B5B33A8.root
10-Jun-2024 19:30:50 CEST  Closed file root://xrootd-cms.infn.it//store/mc/RunIISummer20UL16MiniAODAPVv2/QCD_HT200to300_TuneCP5_PSWeights_13TeV-madgraph-pythia8/MINIAODSIM/106X_mcRun2_asymptotic_preVFP_v11-v1/80000/F5B19374-705F-084B-B288-0E970B5B33A8.root
10-Jun-2024 19:30:50 CEST  Initiating request to open file root://eoscms.cern.ch//eos/cms/store/mc/RunIISummer20UL16MiniAODAPVv2/QCD_HT200to300_TuneCP5_PSWeights_13TeV-madgraph-pythia8/MINIAODSIM/106X_mcRun2_asymptotic_preVFP_v11-v1/2540000/05F13BB6-3B12-BC4C-A588-75625E8892BE.root
%MSG-w XrdAdaptorInternal:  file_open 10-Jun-2024 19:30:51 CEST PostProcessEvent
Failed to open file at URL root://eoscms.cern.ch:1094//eos/cms/store/mc/RunIISummer20UL16MiniAODAPVv2/QCD_HT200to300_TuneCP5_PSWeights_13TeV-madgraph-pythia8/MINIAODSIM/106X_mcRun2_asymptotic_preVFP_v11-v1/2540000/05F13BB6-3B12-BC4C-A588-75625E8892BE.root.
%MSG
%MSG-w XrdAdaptorInternal:  file_open 10-Jun-2024 19:30:51 CEST PostProcessEvent
Failed to open file at URL root://eoscms.cern.ch:1094//eos/cms/store/mc/RunIISummer20UL16MiniAODAPVv2/QCD_HT200to300_TuneCP5_PSWeights_13TeV-madgraph-pythia8/MINIAODSIM/106X_mcRun2_asymptotic_preVFP_v11-v1/2540000/05F13BB6-3B12-BC4C-A588-75625E8892BE.root?tried=.
%MSG
10-Jun-2024 19:30:51 CEST  Fallback request to file root://xrootd-cms.infn.it//store/mc/RunIISummer20UL16MiniAODAPVv2/QCD_HT200to300_TuneCP5_PSWeights_13TeV-madgraph-pythia8/MINIAODSIM/106X_mcRun2_asymptotic_preVFP_v11-v1/2540000/05F13BB6-3B12-BC4C-A588-75625E8892BE.root
%MSG-w XrdAdaptor:  file_open 10-Jun-2024 19:31:06 CEST PostProcessEvent
Data is served from T2_US_Nebraska instead of original site T2_IT_Pisa
%MSG
10-Jun-2024 19:31:07 CEST  Successfully opened file root://xrootd-cms.infn.it//store/mc/RunIISummer20UL16MiniAODAPVv2/QCD_HT200to300_TuneCP5_PSWeights_13TeV-madgraph-pythia8/MINIAODSIM/106X_mcRun2_asymptotic_preVFP_v11-v1/2540000/05F13BB6-3B12-BC4C-A588-75625E8892BE.root
Begin processing the 200001st record. Run 1, Event 132834287, LumiSection 15941 on stream 0 at 10-Jun-2024 19:31:16.346 CEST
10-Jun-2024 19:31:17 CEST  Closed file root://xrootd-cms.infn.it//store/mc/RunIISummer20UL16MiniAODAPVv2/QCD_HT200to300_TuneCP5_PSWeights_13TeV-madgraph-pythia8/MINIAODSIM/106X_mcRun2_asymptotic_preVFP_v11-v1/2540000/05F13BB6-3B12-BC4C-A588-75625E8892BE.root
10-Jun-2024 19:31:17 CEST  Initiating request to open file root://eoscms.cern.ch//eos/cms/store/mc/RunIISummer20UL16MiniAODAPVv2/QCD_HT200to300_TuneCP5_PSWeights_13TeV-madgraph-pythia8/MINIAODSIM/106X_mcRun2_asymptotic_preVFP_v11-v1/2540000/83BAF4E3-143A-5149-A076-0AE958B22D72.root
%MSG-w XrdAdaptorInternal:  file_open 10-Jun-2024 19:31:18 CEST PostProcessEvent
Failed to open file at URL root://eoscms.cern.ch:1094//eos/cms/store/mc/RunIISummer20UL16MiniAODAPVv2/QCD_HT200to300_TuneCP5_PSWeights_13TeV-madgraph-pythia8/MINIAODSIM/106X_mcRun2_asymptotic_preVFP_v11-v1/2540000/83BAF4E3-143A-5149-A076-0AE958B22D72.root.
%MSG
%MSG-w XrdAdaptorInternal:  file_open 10-Jun-2024 19:31:18 CEST PostProcessEvent
Failed to open file at URL root://eoscms.cern.ch:1094//eos/cms/store/mc/RunIISummer20UL16MiniAODAPVv2/QCD_HT200to300_TuneCP5_PSWeights_13TeV-madgraph-pythia8/MINIAODSIM/106X_mcRun2_asymptotic_preVFP_v11-v1/2540000/83BAF4E3-143A-5149-A076-0AE958B22D72.root?tried=.
%MSG
10-Jun-2024 19:31:18 CEST  Fallback request to file root://xrootd-cms.infn.it//store/mc/RunIISummer20UL16MiniAODAPVv2/QCD_HT200to300_TuneCP5_PSWeights_13TeV-madgraph-pythia8/MINIAODSIM/106X_mcRun2_asymptotic_preVFP_v11-v1/2540000/83BAF4E3-143A-5149-A076-0AE958B22D72.root
%MSG-w XrdAdaptor:  file_open 10-Jun-2024 19:31:33 CEST PostProcessEvent
Data is served from T2_US_Nebraska instead of original site T2_IT_Pisa
%MSG
10-Jun-2024 19:31:33 CEST  Successfully opened file root://xrootd-cms.infn.it//store/mc/RunIISummer20UL16MiniAODAPVv2/QCD_HT200to300_TuneCP5_PSWeights_13TeV-madgraph-pythia8/MINIAODSIM/106X_mcRun2_asymptotic_preVFP_v11-v1/2540000/83BAF4E3-143A-5149-A076-0AE958B22D72.root
Begin processing the 300001st record. Run 1, Event 117583996, LumiSection 14111 on stream 0 at 10-Jun-2024 19:31:42.347 CEST
10-Jun-2024 19:31:43 CEST  Closed file root://xrootd-cms.infn.it//store/mc/RunIISummer20UL16MiniAODAPVv2/QCD_HT200to300_TuneCP5_PSWeights_13TeV-madgraph-pythia8/MINIAODSIM/106X_mcRun2_asymptotic_preVFP_v11-v1/2540000/83BAF4E3-143A-5149-A076-0AE958B22D72.root
10-Jun-2024 19:31:43 CEST  Initiating request to open file root://eoscms.cern.ch//eos/cms/store/mc/RunIISummer20UL16MiniAODAPVv2/QCD_HT200to300_TuneCP5_PSWeights_13TeV-madgraph-pythia8/MINIAODSIM/106X_mcRun2_asymptotic_preVFP_v11-v1/2540000/9AB5B7C7-7C15-094B-BD72-009B0C1DD303.root
%MSG-w XrdAdaptorInternal:  file_open 10-Jun-2024 19:31:44 CEST PostProcessEvent
Failed to open file at URL root://eoscms.cern.ch:1094//eos/cms/store/mc/RunIISummer20UL16MiniAODAPVv2/QCD_HT200to300_TuneCP5_PSWeights_13TeV-madgraph-pythia8/MINIAODSIM/106X_mcRun2_asymptotic_preVFP_v11-v1/2540000/9AB5B7C7-7C15-094B-BD72-009B0C1DD303.root.
%MSG
%MSG-w XrdAdaptorInternal:  file_open 10-Jun-2024 19:31:44 CEST PostProcessEvent
Failed to open file at URL root://eoscms.cern.ch:1094//eos/cms/store/mc/RunIISummer20UL16MiniAODAPVv2/QCD_HT200to300_TuneCP5_PSWeights_13TeV-madgraph-pythia8/MINIAODSIM/106X_mcRun2_asymptotic_preVFP_v11-v1/2540000/9AB5B7C7-7C15-094B-BD72-009B0C1DD303.root?tried=.
%MSG
10-Jun-2024 19:31:44 CEST  Fallback request to file root://xrootd-cms.infn.it//store/mc/RunIISummer20UL16MiniAODAPVv2/QCD_HT200to300_TuneCP5_PSWeights_13TeV-madgraph-pythia8/MINIAODSIM/106X_mcRun2_asymptotic_preVFP_v11-v1/2540000/9AB5B7C7-7C15-094B-BD72-009B0C1DD303.root
%MSG-w XrdAdaptor:  file_open 10-Jun-2024 19:31:59 CEST PostProcessEvent
Data is served from cms.rcac.purdue.edu instead of original site T2_IT_Pisa
%MSG
10-Jun-2024 19:31:59 CEST  Successfully opened file root://xrootd-cms.infn.it//store/mc/RunIISummer20UL16MiniAODAPVv2/QCD_HT200to300_TuneCP5_PSWeights_13TeV-madgraph-pythia8/MINIAODSIM/106X_mcRun2_asymptotic_preVFP_v11-v1/2540000/9AB5B7C7-7C15-094B-BD72-009B0C1DD303.root
Begin processing the 400001st record. Run 1, Event 96349895, LumiSection 11563 on stream 0 at 10-Jun-2024 19:32:09.495 CEST
10-Jun-2024 19:32:09 CEST  Closed file root://xrootd-cms.infn.it//store/mc/RunIISummer20UL16MiniAODAPVv2/QCD_HT200to300_TuneCP5_PSWeights_13TeV-madgraph-pythia8/MINIAODSIM/106X_mcRun2_asymptotic_preVFP_v11-v1/2540000/9AB5B7C7-7C15-094B-BD72-009B0C1DD303.root
10-Jun-2024 19:32:09 CEST  Initiating request to open file root://eoscms.cern.ch//eos/cms/store/mc/RunIISummer20UL16MiniAODAPVv2/QCD_HT200to300_TuneCP5_PSWeights_13TeV-madgraph-pythia8/MINIAODSIM/106X_mcRun2_asymptotic_preVFP_v11-v1/2540000/6975ABBC-928B-B943-92BA-D07FB3C1B01C.root
%MSG-w XrdAdaptorInternal:  file_open 10-Jun-2024 19:32:10 CEST PostProcessEvent
Failed to open file at URL root://eoscms.cern.ch:1094//eos/cms/store/mc/RunIISummer20UL16MiniAODAPVv2/QCD_HT200to300_TuneCP5_PSWeights_13TeV-madgraph-pythia8/MINIAODSIM/106X_mcRun2_asymptotic_preVFP_v11-v1/2540000/6975ABBC-928B-B943-92BA-D07FB3C1B01C.root.
%MSG
%MSG-w XrdAdaptorInternal:  file_open 10-Jun-2024 19:32:10 CEST PostProcessEvent
Failed to open file at URL root://eoscms.cern.ch:1094//eos/cms/store/mc/RunIISummer20UL16MiniAODAPVv2/QCD_HT200to300_TuneCP5_PSWeights_13TeV-madgraph-pythia8/MINIAODSIM/106X_mcRun2_asymptotic_preVFP_v11-v1/2540000/6975ABBC-928B-B943-92BA-D07FB3C1B01C.root?tried=.
%MSG
10-Jun-2024 19:32:10 CEST  Fallback request to file root://xrootd-cms.infn.it//store/mc/RunIISummer20UL16MiniAODAPVv2/QCD_HT200to300_TuneCP5_PSWeights_13TeV-madgraph-pythia8/MINIAODSIM/106X_mcRun2_asymptotic_preVFP_v11-v1/2540000/6975ABBC-928B-B943-92BA-D07FB3C1B01C.root
%MSG-w XrdAdaptor:  file_open 10-Jun-2024 19:32:25 CEST PostProcessEvent
Data is served from cms.rcac.purdue.edu instead of original site T2_IT_Pisa
%MSG
10-Jun-2024 19:32:25 CEST  Successfully opened file root://xrootd-cms.infn.it//store/mc/RunIISummer20UL16MiniAODAPVv2/QCD_HT200to300_TuneCP5_PSWeights_13TeV-madgraph-pythia8/MINIAODSIM/106X_mcRun2_asymptotic_preVFP_v11-v1/2540000/6975ABBC-928B-B943-92BA-D07FB3C1B01C.root
Begin processing the 500001st record. Run 1, Event 145081194, LumiSection 17411 on stream 0 at 10-Jun-2024 19:32:47.604 CEST
10-Jun-2024 19:32:47 CEST  Closed file root://xrootd-cms.infn.it//store/mc/RunIISummer20UL16MiniAODAPVv2/QCD_HT200to300_TuneCP5_PSWeights_13TeV-madgraph-pythia8/MINIAODSIM/106X_mcRun2_asymptotic_preVFP_v11-v1/2540000/6975ABBC-928B-B943-92BA-D07FB3C1B01C.root
10-Jun-2024 19:32:47 CEST  Initiating request to open file root://eoscms.cern.ch//eos/cms/store/mc/RunIISummer20UL16MiniAODAPVv2/QCD_HT200to300_TuneCP5_PSWeights_13TeV-madgraph-pythia8/MINIAODSIM/106X_mcRun2_asymptotic_preVFP_v11-v1/2540000/60336615-AB77-C846-A882-D26FB124ED38.root
%MSG-w XrdAdaptorInternal:  file_open 10-Jun-2024 19:32:48 CEST PostProcessEvent
Failed to open file at URL root://eoscms.cern.ch:1094//eos/cms/store/mc/RunIISummer20UL16MiniAODAPVv2/QCD_HT200to300_TuneCP5_PSWeights_13TeV-madgraph-pythia8/MINIAODSIM/106X_mcRun2_asymptotic_preVFP_v11-v1/2540000/60336615-AB77-C846-A882-D26FB124ED38.root.
%MSG
%MSG-w XrdAdaptorInternal:  file_open 10-Jun-2024 19:32:48 CEST PostProcessEvent
Failed to open file at URL root://eoscms.cern.ch:1094//eos/cms/store/mc/RunIISummer20UL16MiniAODAPVv2/QCD_HT200to300_TuneCP5_PSWeights_13TeV-madgraph-pythia8/MINIAODSIM/106X_mcRun2_asymptotic_preVFP_v11-v1/2540000/60336615-AB77-C846-A882-D26FB124ED38.root?tried=.
%MSG
10-Jun-2024 19:32:48 CEST  Fallback request to file root://xrootd-cms.infn.it//store/mc/RunIISummer20UL16MiniAODAPVv2/QCD_HT200to300_TuneCP5_PSWeights_13TeV-madgraph-pythia8/MINIAODSIM/106X_mcRun2_asymptotic_preVFP_v11-v1/2540000/60336615-AB77-C846-A882-D26FB124ED38.root
%MSG-w XrdAdaptor:  file_open 10-Jun-2024 19:33:03 CEST PostProcessEvent
Data is served from cms.rcac.purdue.edu instead of original site T2_IT_Pisa
%MSG
10-Jun-2024 19:33:04 CEST  Successfully opened file root://xrootd-cms.infn.it//store/mc/RunIISummer20UL16MiniAODAPVv2/QCD_HT200to300_TuneCP5_PSWeights_13TeV-madgraph-pythia8/MINIAODSIM/106X_mcRun2_asymptotic_preVFP_v11-v1/2540000/60336615-AB77-C846-A882-D26FB124ED38.root
10-Jun-2024 19:33:12 CEST  Closed file root://xrootd-cms.infn.it//store/mc/RunIISummer20UL16MiniAODAPVv2/QCD_HT200to300_TuneCP5_PSWeights_13TeV-madgraph-pythia8/MINIAODSIM/106X_mcRun2_asymptotic_preVFP_v11-v1/2540000/60336615-AB77-C846-A882-D26FB124ED38.root
10-Jun-2024 19:33:12 CEST  Initiating request to open file root://eoscms.cern.ch//eos/cms/store/mc/RunIISummer20UL16MiniAODAPVv2/QCD_HT200to300_TuneCP5_PSWeights_13TeV-madgraph-pythia8/MINIAODSIM/106X_mcRun2_asymptotic_preVFP_v11-v1/2540000/F07D0F65-A384-F146-ABB6-6D6CC2809CAB.root
%MSG-w XrdAdaptorInternal:  file_open 10-Jun-2024 19:33:13 CEST PostProcessEvent
Failed to open file at URL root://eoscms.cern.ch:1094//eos/cms/store/mc/RunIISummer20UL16MiniAODAPVv2/QCD_HT200to300_TuneCP5_PSWeights_13TeV-madgraph-pythia8/MINIAODSIM/106X_mcRun2_asymptotic_preVFP_v11-v1/2540000/F07D0F65-A384-F146-ABB6-6D6CC2809CAB.root.
%MSG
%MSG-w XrdAdaptorInternal:  file_open 10-Jun-2024 19:33:13 CEST PostProcessEvent
Failed to open file at URL root://eoscms.cern.ch:1094//eos/cms/store/mc/RunIISummer20UL16MiniAODAPVv2/QCD_HT200to300_TuneCP5_PSWeights_13TeV-madgraph-pythia8/MINIAODSIM/106X_mcRun2_asymptotic_preVFP_v11-v1/2540000/F07D0F65-A384-F146-ABB6-6D6CC2809CAB.root?tried=.
%MSG
10-Jun-2024 19:33:13 CEST  Fallback request to file root://xrootd-cms.infn.it//store/mc/RunIISummer20UL16MiniAODAPVv2/QCD_HT200to300_TuneCP5_PSWeights_13TeV-madgraph-pythia8/MINIAODSIM/106X_mcRun2_asymptotic_preVFP_v11-v1/2540000/F07D0F65-A384-F146-ABB6-6D6CC2809CAB.root
%MSG-w XrdAdaptor:  file_open 10-Jun-2024 19:33:27 CEST PostProcessEvent
Data is served from cms.rcac.purdue.edu instead of original site T2_IT_Pisa
%MSG
10-Jun-2024 19:33:28 CEST  Successfully opened file root://xrootd-cms.infn.it//store/mc/RunIISummer20UL16MiniAODAPVv2/QCD_HT200to300_TuneCP5_PSWeights_13TeV-madgraph-pythia8/MINIAODSIM/106X_mcRun2_asymptotic_preVFP_v11-v1/2540000/F07D0F65-A384-F146-ABB6-6D6CC2809CAB.root
10-Jun-2024 19:33:34 CEST  Closed file root://xrootd-cms.infn.it//store/mc/RunIISummer20UL16MiniAODAPVv2/QCD_HT200to300_TuneCP5_PSWeights_13TeV-madgraph-pythia8/MINIAODSIM/106X_mcRun2_asymptotic_preVFP_v11-v1/2540000/F07D0F65-A384-F146-ABB6-6D6CC2809CAB.root
10-Jun-2024 19:33:34 CEST  Initiating request to open file root://eoscms.cern.ch//eos/cms/store/mc/RunIISummer20UL16MiniAODAPVv2/QCD_HT200to300_TuneCP5_PSWeights_13TeV-madgraph-pythia8/MINIAODSIM/106X_mcRun2_asymptotic_preVFP_v11-v1/2540000/AE980EA5-5543-1A4B-9B66-F7B5A04461E8.root
%MSG-w XrdAdaptorInternal:  file_open 10-Jun-2024 19:33:35 CEST PostProcessEvent
Failed to open file at URL root://eoscms.cern.ch:1094//eos/cms/store/mc/RunIISummer20UL16MiniAODAPVv2/QCD_HT200to300_TuneCP5_PSWeights_13TeV-madgraph-pythia8/MINIAODSIM/106X_mcRun2_asymptotic_preVFP_v11-v1/2540000/AE980EA5-5543-1A4B-9B66-F7B5A04461E8.root.
%MSG
%MSG-w XrdAdaptorInternal:  file_open 10-Jun-2024 19:33:35 CEST PostProcessEvent
Failed to open file at URL root://eoscms.cern.ch:1094//eos/cms/store/mc/RunIISummer20UL16MiniAODAPVv2/QCD_HT200to300_TuneCP5_PSWeights_13TeV-madgraph-pythia8/MINIAODSIM/106X_mcRun2_asymptotic_preVFP_v11-v1/2540000/AE980EA5-5543-1A4B-9B66-F7B5A04461E8.root?tried=.
%MSG
10-Jun-2024 19:33:35 CEST  Fallback request to file root://xrootd-cms.infn.it//store/mc/RunIISummer20UL16MiniAODAPVv2/QCD_HT200to300_TuneCP5_PSWeights_13TeV-madgraph-pythia8/MINIAODSIM/106X_mcRun2_asymptotic_preVFP_v11-v1/2540000/AE980EA5-5543-1A4B-9B66-F7B5A04461E8.root
Unable to load sec.protocol plugin libXrdSecztn.so
%MSG-w XrdAdaptor:  file_open 10-Jun-2024 19:33:51 CEST PostProcessEvent
Data is served from fnal.gov instead of original site T2_IT_Pisa
%MSG
10-Jun-2024 19:33:52 CEST  Successfully opened file root://xrootd-cms.infn.it//store/mc/RunIISummer20UL16MiniAODAPVv2/QCD_HT200to300_TuneCP5_PSWeights_13TeV-madgraph-pythia8/MINIAODSIM/106X_mcRun2_asymptotic_preVFP_v11-v1/2540000/AE980EA5-5543-1A4B-9B66-F7B5A04461E8.root
Unable to load sec.protocol plugin libXrdSecztn.so
Begin processing the 600001st record. Run 1, Event 148504935, LumiSection 17822 on stream 0 at 10-Jun-2024 19:34:02.965 CEST
10-Jun-2024 19:34:05 CEST  Closed file root://xrootd-cms.infn.it//store/mc/RunIISummer20UL16MiniAODAPVv2/QCD_HT200to300_TuneCP5_PSWeights_13TeV-madgraph-pythia8/MINIAODSIM/106X_mcRun2_asymptotic_preVFP_v11-v1/2540000/AE980EA5-5543-1A4B-9B66-F7B5A04461E8.root
10-Jun-2024 19:34:05 CEST  Initiating request to open file root://eoscms.cern.ch//eos/cms/store/mc/RunIISummer20UL16MiniAODAPVv2/QCD_HT200to300_TuneCP5_PSWeights_13TeV-madgraph-pythia8/MINIAODSIM/106X_mcRun2_asymptotic_preVFP_v11-v1/2540000/0997D351-9B80-4947-B4DF-D27E5BED657A.root
%MSG-w XrdAdaptorInternal:  file_open 10-Jun-2024 19:34:06 CEST PostProcessEvent
Failed to open file at URL root://eoscms.cern.ch:1094//eos/cms/store/mc/RunIISummer20UL16MiniAODAPVv2/QCD_HT200to300_TuneCP5_PSWeights_13TeV-madgraph-pythia8/MINIAODSIM/106X_mcRun2_asymptotic_preVFP_v11-v1/2540000/0997D351-9B80-4947-B4DF-D27E5BED657A.root.
%MSG
%MSG-w XrdAdaptorInternal:  file_open 10-Jun-2024 19:34:06 CEST PostProcessEvent
Failed to open file at URL root://eoscms.cern.ch:1094//eos/cms/store/mc/RunIISummer20UL16MiniAODAPVv2/QCD_HT200to300_TuneCP5_PSWeights_13TeV-madgraph-pythia8/MINIAODSIM/106X_mcRun2_asymptotic_preVFP_v11-v1/2540000/0997D351-9B80-4947-B4DF-D27E5BED657A.root?tried=.
%MSG
10-Jun-2024 19:34:06 CEST  Fallback request to file root://xrootd-cms.infn.it//store/mc/RunIISummer20UL16MiniAODAPVv2/QCD_HT200to300_TuneCP5_PSWeights_13TeV-madgraph-pythia8/MINIAODSIM/106X_mcRun2_asymptotic_preVFP_v11-v1/2540000/0997D351-9B80-4947-B4DF-D27E5BED657A.root
%MSG-w XrdAdaptor:  file_open 10-Jun-2024 19:34:19 CEST PostProcessEvent
Data is served from fnal.gov instead of original site T2_IT_Pisa
%MSG
10-Jun-2024 19:34:20 CEST  Successfully opened file root://xrootd-cms.infn.it//store/mc/RunIISummer20UL16MiniAODAPVv2/QCD_HT200to300_TuneCP5_PSWeights_13TeV-madgraph-pythia8/MINIAODSIM/106X_mcRun2_asymptotic_preVFP_v11-v1/2540000/0997D351-9B80-4947-B4DF-D27E5BED657A.root
Unable to load sec.protocol plugin libXrdSecztn.so
Begin processing the 700001st record. Run 1, Event 159967484, LumiSection 19197 on stream 0 at 10-Jun-2024 19:34:26.282 CEST
10-Jun-2024 19:34:26 CEST  Closed file root://xrootd-cms.infn.it//store/mc/RunIISummer20UL16MiniAODAPVv2/QCD_HT200to300_TuneCP5_PSWeights_13TeV-madgraph-pythia8/MINIAODSIM/106X_mcRun2_asymptotic_preVFP_v11-v1/2540000/0997D351-9B80-4947-B4DF-D27E5BED657A.root
10-Jun-2024 19:34:26 CEST  Initiating request to open file root://eoscms.cern.ch//eos/cms/store/mc/RunIISummer20UL16MiniAODAPVv2/QCD_HT200to300_TuneCP5_PSWeights_13TeV-madgraph-pythia8/MINIAODSIM/106X_mcRun2_asymptotic_preVFP_v11-v1/80000/D650D1E5-F7A7-CF4B-8BCB-B9F087035495.root
%MSG-w XrdAdaptorInternal:  file_open 10-Jun-2024 19:34:27 CEST PostProcessEvent
Failed to open file at URL root://eoscms.cern.ch:1094//eos/cms/store/mc/RunIISummer20UL16MiniAODAPVv2/QCD_HT200to300_TuneCP5_PSWeights_13TeV-madgraph-pythia8/MINIAODSIM/106X_mcRun2_asymptotic_preVFP_v11-v1/80000/D650D1E5-F7A7-CF4B-8BCB-B9F087035495.root.
%MSG
%MSG-w XrdAdaptorInternal:  file_open 10-Jun-2024 19:34:27 CEST PostProcessEvent
Failed to open file at URL root://eoscms.cern.ch:1094//eos/cms/store/mc/RunIISummer20UL16MiniAODAPVv2/QCD_HT200to300_TuneCP5_PSWeights_13TeV-madgraph-pythia8/MINIAODSIM/106X_mcRun2_asymptotic_preVFP_v11-v1/80000/D650D1E5-F7A7-CF4B-8BCB-B9F087035495.root?tried=.
%MSG
10-Jun-2024 19:34:27 CEST  Fallback request to file root://xrootd-cms.infn.it//store/mc/RunIISummer20UL16MiniAODAPVv2/QCD_HT200to300_TuneCP5_PSWeights_13TeV-madgraph-pythia8/MINIAODSIM/106X_mcRun2_asymptotic_preVFP_v11-v1/80000/D650D1E5-F7A7-CF4B-8BCB-B9F087035495.root
%MSG-w XrdAdaptor:  file_open 10-Jun-2024 19:34:40 CEST PostProcessEvent
Data is served from fnal.gov instead of original site T2_IT_Pisa
%MSG
10-Jun-2024 19:34:40 CEST  Successfully opened file root://xrootd-cms.infn.it//store/mc/RunIISummer20UL16MiniAODAPVv2/QCD_HT200to300_TuneCP5_PSWeights_13TeV-madgraph-pythia8/MINIAODSIM/106X_mcRun2_asymptotic_preVFP_v11-v1/80000/D650D1E5-F7A7-CF4B-8BCB-B9F087035495.root
Begin processing the 800001st record. Run 1, Event 101893162, LumiSection 12228 on stream 0 at 10-Jun-2024 19:34:49.779 CEST
10-Jun-2024 19:34:50 CEST  Closed file root://xrootd-cms.infn.it//store/mc/RunIISummer20UL16MiniAODAPVv2/QCD_HT200to300_TuneCP5_PSWeights_13TeV-madgraph-pythia8/MINIAODSIM/106X_mcRun2_asymptotic_preVFP_v11-v1/80000/D650D1E5-F7A7-CF4B-8BCB-B9F087035495.root
10-Jun-2024 19:34:50 CEST  Initiating request to open file root://eoscms.cern.ch//eos/cms/store/mc/RunIISummer20UL16MiniAODAPVv2/QCD_HT200to300_TuneCP5_PSWeights_13TeV-madgraph-pythia8/MINIAODSIM/106X_mcRun2_asymptotic_preVFP_v11-v1/80000/C0441267-25C0-734C-9E64-67F0F27C50B6.root
%MSG-w XrdAdaptorInternal:  file_open 10-Jun-2024 19:34:51 CEST PostProcessEvent
Failed to open file at URL root://eoscms.cern.ch:1094//eos/cms/store/mc/RunIISummer20UL16MiniAODAPVv2/QCD_HT200to300_TuneCP5_PSWeights_13TeV-madgraph-pythia8/MINIAODSIM/106X_mcRun2_asymptotic_preVFP_v11-v1/80000/C0441267-25C0-734C-9E64-67F0F27C50B6.root.
%MSG
%MSG-w XrdAdaptorInternal:  file_open 10-Jun-2024 19:34:51 CEST PostProcessEvent
Failed to open file at URL root://eoscms.cern.ch:1094//eos/cms/store/mc/RunIISummer20UL16MiniAODAPVv2/QCD_HT200to300_TuneCP5_PSWeights_13TeV-madgraph-pythia8/MINIAODSIM/106X_mcRun2_asymptotic_preVFP_v11-v1/80000/C0441267-25C0-734C-9E64-67F0F27C50B6.root?tried=.
%MSG
10-Jun-2024 19:34:51 CEST  Fallback request to file root://xrootd-cms.infn.it//store/mc/RunIISummer20UL16MiniAODAPVv2/QCD_HT200to300_TuneCP5_PSWeights_13TeV-madgraph-pythia8/MINIAODSIM/106X_mcRun2_asymptotic_preVFP_v11-v1/80000/C0441267-25C0-734C-9E64-67F0F27C50B6.root
%MSG-w XrdAdaptor:  file_open 10-Jun-2024 19:35:04 CEST PostProcessEvent
Data is served from fnal.gov instead of original site T2_IT_Pisa
%MSG
10-Jun-2024 19:35:04 CEST  Successfully opened file root://xrootd-cms.infn.it//store/mc/RunIISummer20UL16MiniAODAPVv2/QCD_HT200to300_TuneCP5_PSWeights_13TeV-madgraph-pythia8/MINIAODSIM/106X_mcRun2_asymptotic_preVFP_v11-v1/80000/C0441267-25C0-734C-9E64-67F0F27C50B6.root
Begin processing the 900001st record. Run 1, Event 104360344, LumiSection 12524 on stream 0 at 10-Jun-2024 19:35:13.990 CEST
10-Jun-2024 19:35:15 CEST  Closed file root://xrootd-cms.infn.it//store/mc/RunIISummer20UL16MiniAODAPVv2/QCD_HT200to300_TuneCP5_PSWeights_13TeV-madgraph-pythia8/MINIAODSIM/106X_mcRun2_asymptotic_preVFP_v11-v1/80000/C0441267-25C0-734C-9E64-67F0F27C50B6.root
10-Jun-2024 19:35:15 CEST  Initiating request to open file root://eoscms.cern.ch//eos/cms/store/mc/RunIISummer20UL16MiniAODAPVv2/QCD_HT200to300_TuneCP5_PSWeights_13TeV-madgraph-pythia8/MINIAODSIM/106X_mcRun2_asymptotic_preVFP_v11-v1/80000/218BC789-129E-3B40-A6EF-6A1881C31736.root
%MSG-w XrdAdaptorInternal:  file_open 10-Jun-2024 19:35:16 CEST PostProcessEvent
Failed to open file at URL root://eoscms.cern.ch:1094//eos/cms/store/mc/RunIISummer20UL16MiniAODAPVv2/QCD_HT200to300_TuneCP5_PSWeights_13TeV-madgraph-pythia8/MINIAODSIM/106X_mcRun2_asymptotic_preVFP_v11-v1/80000/218BC789-129E-3B40-A6EF-6A1881C31736.root.
%MSG
%MSG-w XrdAdaptorInternal:  file_open 10-Jun-2024 19:35:16 CEST PostProcessEvent
Failed to open file at URL root://eoscms.cern.ch:1094//eos/cms/store/mc/RunIISummer20UL16MiniAODAPVv2/QCD_HT200to300_TuneCP5_PSWeights_13TeV-madgraph-pythia8/MINIAODSIM/106X_mcRun2_asymptotic_preVFP_v11-v1/80000/218BC789-129E-3B40-A6EF-6A1881C31736.root?tried=.
%MSG
10-Jun-2024 19:35:16 CEST  Fallback request to file root://xrootd-cms.infn.it//store/mc/RunIISummer20UL16MiniAODAPVv2/QCD_HT200to300_TuneCP5_PSWeights_13TeV-madgraph-pythia8/MINIAODSIM/106X_mcRun2_asymptotic_preVFP_v11-v1/80000/218BC789-129E-3B40-A6EF-6A1881C31736.root
%MSG-w XrdAdaptor:  file_open 10-Jun-2024 19:35:28 CEST PostProcessEvent
Data is served from fnal.gov instead of original site T2_IT_Pisa
%MSG
10-Jun-2024 19:35:28 CEST  Successfully opened file root://xrootd-cms.infn.it//store/mc/RunIISummer20UL16MiniAODAPVv2/QCD_HT200to300_TuneCP5_PSWeights_13TeV-madgraph-pythia8/MINIAODSIM/106X_mcRun2_asymptotic_preVFP_v11-v1/80000/218BC789-129E-3B40-A6EF-6A1881C31736.root
10-Jun-2024 19:35:35 CEST  Closed file root://xrootd-cms.infn.it//store/mc/RunIISummer20UL16MiniAODAPVv2/QCD_HT200to300_TuneCP5_PSWeights_13TeV-madgraph-pythia8/MINIAODSIM/106X_mcRun2_asymptotic_preVFP_v11-v1/80000/218BC789-129E-3B40-A6EF-6A1881C31736.root
10-Jun-2024 19:35:35 CEST  Initiating request to open file root://eoscms.cern.ch//eos/cms/store/mc/RunIISummer20UL16MiniAODAPVv2/QCD_HT200to300_TuneCP5_PSWeights_13TeV-madgraph-pythia8/MINIAODSIM/106X_mcRun2_asymptotic_preVFP_v11-v1/2540000/007D0043-2173-D04B-AEEE-61A3D23B7A1C.root
%MSG-w XrdAdaptorInternal:  file_open 10-Jun-2024 19:35:36 CEST PostProcessEvent
Failed to open file at URL root://eoscms.cern.ch:1094//eos/cms/store/mc/RunIISummer20UL16MiniAODAPVv2/QCD_HT200to300_TuneCP5_PSWeights_13TeV-madgraph-pythia8/MINIAODSIM/106X_mcRun2_asymptotic_preVFP_v11-v1/2540000/007D0043-2173-D04B-AEEE-61A3D23B7A1C.root.
%MSG
%MSG-w XrdAdaptorInternal:  file_open 10-Jun-2024 19:35:36 CEST PostProcessEvent
Failed to open file at URL root://eoscms.cern.ch:1094//eos/cms/store/mc/RunIISummer20UL16MiniAODAPVv2/QCD_HT200to300_TuneCP5_PSWeights_13TeV-madgraph-pythia8/MINIAODSIM/106X_mcRun2_asymptotic_preVFP_v11-v1/2540000/007D0043-2173-D04B-AEEE-61A3D23B7A1C.root?tried=.
%MSG
10-Jun-2024 19:35:36 CEST  Fallback request to file root://xrootd-cms.infn.it//store/mc/RunIISummer20UL16MiniAODAPVv2/QCD_HT200to300_TuneCP5_PSWeights_13TeV-madgraph-pythia8/MINIAODSIM/106X_mcRun2_asymptotic_preVFP_v11-v1/2540000/007D0043-2173-D04B-AEEE-61A3D23B7A1C.root
%MSG-w XrdAdaptor:  file_open 10-Jun-2024 19:35:49 CEST PostProcessEvent
Data is served from fnal.gov instead of original site T2_IT_Pisa
%MSG
10-Jun-2024 19:35:49 CEST  Successfully opened file root://xrootd-cms.infn.it//store/mc/RunIISummer20UL16MiniAODAPVv2/QCD_HT200to300_TuneCP5_PSWeights_13TeV-madgraph-pythia8/MINIAODSIM/106X_mcRun2_asymptotic_preVFP_v11-v1/2540000/007D0043-2173-D04B-AEEE-61A3D23B7A1C.root
3998465.000000  30475.960000   1546.664000             1
 940202.500000   9698.119000   1546.664000             0
7949683.000000  34121.700000   1546.664000             2
 
10-Jun-2024 19:35:57 CEST  Closed file root://xrootd-cms.infn.it//store/mc/RunIISummer20UL16MiniAODAPVv2/QCD_HT200to300_TuneCP5_PSWeights_13TeV-madgraph-pythia8/MINIAODSIM/106X_mcRun2_asymptotic_preVFP_v11-v1/2540000/007D0043-2173-D04B-AEEE-61A3D23B7A1C.root

------------------------------------
GenXsecAnalyzer:
------------------------------------
-------------------------------------------------------------------------------------------------------------------------------------------------------------------------- 
Overall cross-section summary 
--------------------------------------------------------------------------------------------------------------------------------------------------------------------------
Process		xsec_before [pb]		passed	nposw	nnegw	tried	nposw	nnegw 	xsec_match [pb]			accepted [%]	 event_eff [%]
0		9.361e+05 +/- 3.060e+02		63688	63688	0	610981	610981	0	9.758e+04 +/- 3.673e+02		10.4 +/- 0.0	10.4 +/- 0.0
1		4.004e+06 +/- 9.452e+02		185052	185052	0	2595261	2595261	0	2.855e+05 +/- 6.431e+02		7.1 +/- 0.0	7.1 +/- 0.0
2		7.955e+06 +/- 1.041e+03		751527	751527	0	5126758	5126758	0	1.166e+06 +/- 1.252e+03		14.7 +/- 0.0	14.7 +/- 0.0
-------------------------------------------------------------------------------------------------------------------------------------------------------------------------- 
Total		1.289e+07 +/- 1.439e+03		1000267	1000267	0	8333000	8333000	0	1.548e+06 +/- 1.462e+03		12.0 +/- 0.0	12.0 +/- 0.0
--------------------------------------------------------------------------------------------------------------------------------------------------------------------------
Before matching: total cross section = 1.289e+07 +- 1.439e+03 pb
After matching: total cross section = 1.548e+06 +- 1.462e+03 pb
Matching efficiency = 0.1 +/- 0.0   [TO BE USED IN MCM]
Filter efficiency (taking into account weights)= (1.00027e+06) / (1.00027e+06) = 1.000e+00 +- 0.000e+00
Filter efficiency (event-level)= (1.00027e+06) / (1.00027e+06) = 1.000e+00 +- 0.000e+00    [TO BE USED IN MCM]

After filter: final cross section = 1.548e+06 +- 1.462e+03 pb
After filter: final fraction of events with negative weights = 0.000e+00 +- 0.000e+00
After filter: final equivalent lumi for 1M events (1/fb) = 6.461e-04 +- 8.887e-07

=============================================

MessageLogger Summary

 type     category        sev    module        subroutine        count    total
 ---- -------------------- -- ---------------- ----------------  -----    -----
    1 GenXSecAnalyzer      -w GenXSecAnalyzer:                      17       17
    2 XrdAdaptor           -w file_open                             15       15
    3 XrdAdaptorInternal   -w file_open                             30       30
    4 fileAction           -s file_close                            15       15
    5 fileAction           -s file_open                             45       45

 type    category    Examples: run/evt        run/evt          run/evt
 ---- -------------------- ---------------- ---------------- ----------------
    1 GenXSecAnalyzer      PostGlobalEndRun PostGlobalEndRun PostGlobalEndRun
    2 XrdAdaptor           pre-events       PostProcessEvent PostProcessEvent
    3 XrdAdaptorInternal   pre-events       pre-events       PostProcessEvent
    4 fileAction           PostProcessEvent PostProcessEvent PostGlobalEndRun
    5 fileAction           pre-events       pre-events       PostProcessEvent

Severity    # Occurrences   Total Occurrences
--------    -------------   -----------------
Warning                62                  62
System                 60                  60

dropped waiting message count 0
