10-Jun-2024 20:29:24 CEST  Initiating request to open file root://eoscms.cern.ch//eos/cms/store/mc/RunIISummer20UL16MiniAODAPVv2/QCD_Pt-15to7000_TuneCP5_Flat2018_13TeV_pythia8/MINIAODSIM/106X_mcRun2_asymptotic_preVFP_v11-v1/270000/44E31898-6A77-3C46-93C5-94015143397E.root
%MSG-w XrdAdaptorInternal:  file_open 10-Jun-2024 20:29:25 CEST pre-events
Failed to open file at URL root://eoscms.cern.ch:1094//eos/cms/store/mc/RunIISummer20UL16MiniAODAPVv2/QCD_Pt-15to7000_TuneCP5_Flat2018_13TeV_pythia8/MINIAODSIM/106X_mcRun2_asymptotic_preVFP_v11-v1/270000/44E31898-6A77-3C46-93C5-94015143397E.root.
%MSG
%MSG-w XrdAdaptorInternal:  file_open 10-Jun-2024 20:29:25 CEST pre-events
Failed to open file at URL root://eoscms.cern.ch:1094//eos/cms/store/mc/RunIISummer20UL16MiniAODAPVv2/QCD_Pt-15to7000_TuneCP5_Flat2018_13TeV_pythia8/MINIAODSIM/106X_mcRun2_asymptotic_preVFP_v11-v1/270000/44E31898-6A77-3C46-93C5-94015143397E.root?tried=.
%MSG
10-Jun-2024 20:29:25 CEST  Fallback request to file root://xrootd-cms.infn.it//store/mc/RunIISummer20UL16MiniAODAPVv2/QCD_Pt-15to7000_TuneCP5_Flat2018_13TeV_pythia8/MINIAODSIM/106X_mcRun2_asymptotic_preVFP_v11-v1/270000/44E31898-6A77-3C46-93C5-94015143397E.root
Unable to load sec.protocol plugin libXrdSecztn.so
%MSG-w XrdAdaptor:  file_open 10-Jun-2024 20:29:41 CEST pre-events
Data is served from fnal.gov instead of original site infn.it
%MSG
10-Jun-2024 20:29:49 CEST  Successfully opened file root://xrootd-cms.infn.it//store/mc/RunIISummer20UL16MiniAODAPVv2/QCD_Pt-15to7000_TuneCP5_Flat2018_13TeV_pythia8/MINIAODSIM/106X_mcRun2_asymptotic_preVFP_v11-v1/270000/44E31898-6A77-3C46-93C5-94015143397E.root
Unable to load sec.protocol plugin libXrdSecztn.so
Begin processing the 1st record. Run 1, Event 12798216, LumiSection 127983 on stream 0 at 10-Jun-2024 20:29:55.978 CEST
10-Jun-2024 20:29:56 CEST  Closed file root://xrootd-cms.infn.it//store/mc/RunIISummer20UL16MiniAODAPVv2/QCD_Pt-15to7000_TuneCP5_Flat2018_13TeV_pythia8/MINIAODSIM/106X_mcRun2_asymptotic_preVFP_v11-v1/270000/44E31898-6A77-3C46-93C5-94015143397E.root
10-Jun-2024 20:29:56 CEST  Initiating request to open file root://eoscms.cern.ch//eos/cms/store/mc/RunIISummer20UL16MiniAODAPVv2/QCD_Pt-15to7000_TuneCP5_Flat2018_13TeV_pythia8/MINIAODSIM/106X_mcRun2_asymptotic_preVFP_v11-v1/140000/888D6A9C-6073-354C-80AC-B99BC1ECAE88.root
%MSG-w XrdAdaptorInternal:  file_open 10-Jun-2024 20:29:57 CEST PostProcessEvent
Failed to open file at URL root://eoscms.cern.ch:1094//eos/cms/store/mc/RunIISummer20UL16MiniAODAPVv2/QCD_Pt-15to7000_TuneCP5_Flat2018_13TeV_pythia8/MINIAODSIM/106X_mcRun2_asymptotic_preVFP_v11-v1/140000/888D6A9C-6073-354C-80AC-B99BC1ECAE88.root.
%MSG
%MSG-w XrdAdaptorInternal:  file_open 10-Jun-2024 20:29:57 CEST PostProcessEvent
Failed to open file at URL root://eoscms.cern.ch:1094//eos/cms/store/mc/RunIISummer20UL16MiniAODAPVv2/QCD_Pt-15to7000_TuneCP5_Flat2018_13TeV_pythia8/MINIAODSIM/106X_mcRun2_asymptotic_preVFP_v11-v1/140000/888D6A9C-6073-354C-80AC-B99BC1ECAE88.root?tried=.
%MSG
10-Jun-2024 20:29:57 CEST  Fallback request to file root://xrootd-cms.infn.it//store/mc/RunIISummer20UL16MiniAODAPVv2/QCD_Pt-15to7000_TuneCP5_Flat2018_13TeV_pythia8/MINIAODSIM/106X_mcRun2_asymptotic_preVFP_v11-v1/140000/888D6A9C-6073-354C-80AC-B99BC1ECAE88.root
%MSG-w XrdAdaptor:  file_open 10-Jun-2024 20:30:09 CEST PostProcessEvent
Data is served from fnal.gov instead of original site infn.it
%MSG
10-Jun-2024 20:30:10 CEST  Successfully opened file root://xrootd-cms.infn.it//store/mc/RunIISummer20UL16MiniAODAPVv2/QCD_Pt-15to7000_TuneCP5_Flat2018_13TeV_pythia8/MINIAODSIM/106X_mcRun2_asymptotic_preVFP_v11-v1/140000/888D6A9C-6073-354C-80AC-B99BC1ECAE88.root
Unable to load sec.protocol plugin libXrdSecztn.so
10-Jun-2024 20:30:18 CEST  Closed file root://xrootd-cms.infn.it//store/mc/RunIISummer20UL16MiniAODAPVv2/QCD_Pt-15to7000_TuneCP5_Flat2018_13TeV_pythia8/MINIAODSIM/106X_mcRun2_asymptotic_preVFP_v11-v1/140000/888D6A9C-6073-354C-80AC-B99BC1ECAE88.root
10-Jun-2024 20:30:18 CEST  Initiating request to open file root://eoscms.cern.ch//eos/cms/store/mc/RunIISummer20UL16MiniAODAPVv2/QCD_Pt-15to7000_TuneCP5_Flat2018_13TeV_pythia8/MINIAODSIM/106X_mcRun2_asymptotic_preVFP_v11-v1/140000/48D6DB2F-3412-A246-8D73-3C47ABFFAB1D.root
%MSG-w XrdAdaptorInternal:  file_open 10-Jun-2024 20:30:19 CEST PostProcessEvent
Failed to open file at URL root://eoscms.cern.ch:1094//eos/cms/store/mc/RunIISummer20UL16MiniAODAPVv2/QCD_Pt-15to7000_TuneCP5_Flat2018_13TeV_pythia8/MINIAODSIM/106X_mcRun2_asymptotic_preVFP_v11-v1/140000/48D6DB2F-3412-A246-8D73-3C47ABFFAB1D.root.
%MSG
%MSG-w XrdAdaptorInternal:  file_open 10-Jun-2024 20:30:19 CEST PostProcessEvent
Failed to open file at URL root://eoscms.cern.ch:1094//eos/cms/store/mc/RunIISummer20UL16MiniAODAPVv2/QCD_Pt-15to7000_TuneCP5_Flat2018_13TeV_pythia8/MINIAODSIM/106X_mcRun2_asymptotic_preVFP_v11-v1/140000/48D6DB2F-3412-A246-8D73-3C47ABFFAB1D.root?tried=.
%MSG
10-Jun-2024 20:30:19 CEST  Fallback request to file root://xrootd-cms.infn.it//store/mc/RunIISummer20UL16MiniAODAPVv2/QCD_Pt-15to7000_TuneCP5_Flat2018_13TeV_pythia8/MINIAODSIM/106X_mcRun2_asymptotic_preVFP_v11-v1/140000/48D6DB2F-3412-A246-8D73-3C47ABFFAB1D.root
%MSG-w XrdAdaptor:  file_open 10-Jun-2024 20:30:33 CEST PostProcessEvent
Data is served from fnal.gov instead of original site infn.it
%MSG
10-Jun-2024 20:30:33 CEST  Successfully opened file root://xrootd-cms.infn.it//store/mc/RunIISummer20UL16MiniAODAPVv2/QCD_Pt-15to7000_TuneCP5_Flat2018_13TeV_pythia8/MINIAODSIM/106X_mcRun2_asymptotic_preVFP_v11-v1/140000/48D6DB2F-3412-A246-8D73-3C47ABFFAB1D.root
Begin processing the 100001st record. Run 1, Event 14491214, LumiSection 144913 on stream 0 at 10-Jun-2024 20:30:42.224 CEST
10-Jun-2024 20:30:43 CEST  Closed file root://xrootd-cms.infn.it//store/mc/RunIISummer20UL16MiniAODAPVv2/QCD_Pt-15to7000_TuneCP5_Flat2018_13TeV_pythia8/MINIAODSIM/106X_mcRun2_asymptotic_preVFP_v11-v1/140000/48D6DB2F-3412-A246-8D73-3C47ABFFAB1D.root
10-Jun-2024 20:30:43 CEST  Initiating request to open file root://eoscms.cern.ch//eos/cms/store/mc/RunIISummer20UL16MiniAODAPVv2/QCD_Pt-15to7000_TuneCP5_Flat2018_13TeV_pythia8/MINIAODSIM/106X_mcRun2_asymptotic_preVFP_v11-v1/140000/9D2C5306-41E5-1649-882F-47F891D7296E.root
%MSG-w XrdAdaptorInternal:  file_open 10-Jun-2024 20:30:44 CEST PostProcessEvent
Failed to open file at URL root://eoscms.cern.ch:1094//eos/cms/store/mc/RunIISummer20UL16MiniAODAPVv2/QCD_Pt-15to7000_TuneCP5_Flat2018_13TeV_pythia8/MINIAODSIM/106X_mcRun2_asymptotic_preVFP_v11-v1/140000/9D2C5306-41E5-1649-882F-47F891D7296E.root.
%MSG
%MSG-w XrdAdaptorInternal:  file_open 10-Jun-2024 20:30:44 CEST PostProcessEvent
Failed to open file at URL root://eoscms.cern.ch:1094//eos/cms/store/mc/RunIISummer20UL16MiniAODAPVv2/QCD_Pt-15to7000_TuneCP5_Flat2018_13TeV_pythia8/MINIAODSIM/106X_mcRun2_asymptotic_preVFP_v11-v1/140000/9D2C5306-41E5-1649-882F-47F891D7296E.root?tried=.
%MSG
10-Jun-2024 20:30:44 CEST  Fallback request to file root://xrootd-cms.infn.it//store/mc/RunIISummer20UL16MiniAODAPVv2/QCD_Pt-15to7000_TuneCP5_Flat2018_13TeV_pythia8/MINIAODSIM/106X_mcRun2_asymptotic_preVFP_v11-v1/140000/9D2C5306-41E5-1649-882F-47F891D7296E.root
%MSG-w XrdAdaptor:  file_open 10-Jun-2024 20:30:58 CEST PostProcessEvent
Data is served from fnal.gov instead of original site infn.it
%MSG
10-Jun-2024 20:30:59 CEST  Successfully opened file root://xrootd-cms.infn.it//store/mc/RunIISummer20UL16MiniAODAPVv2/QCD_Pt-15to7000_TuneCP5_Flat2018_13TeV_pythia8/MINIAODSIM/106X_mcRun2_asymptotic_preVFP_v11-v1/140000/9D2C5306-41E5-1649-882F-47F891D7296E.root
Begin processing the 200001st record. Run 1, Event 16148917, LumiSection 161490 on stream 0 at 10-Jun-2024 20:31:07.611 CEST
10-Jun-2024 20:31:08 CEST  Closed file root://xrootd-cms.infn.it//store/mc/RunIISummer20UL16MiniAODAPVv2/QCD_Pt-15to7000_TuneCP5_Flat2018_13TeV_pythia8/MINIAODSIM/106X_mcRun2_asymptotic_preVFP_v11-v1/140000/9D2C5306-41E5-1649-882F-47F891D7296E.root
10-Jun-2024 20:31:08 CEST  Initiating request to open file root://eoscms.cern.ch//eos/cms/store/mc/RunIISummer20UL16MiniAODAPVv2/QCD_Pt-15to7000_TuneCP5_Flat2018_13TeV_pythia8/MINIAODSIM/106X_mcRun2_asymptotic_preVFP_v11-v1/140000/6533B06D-7CFA-814F-BDEF-6DF8EC1FB867.root
%MSG-w XrdAdaptorInternal:  file_open 10-Jun-2024 20:31:09 CEST PostProcessEvent
Failed to open file at URL root://eoscms.cern.ch:1094//eos/cms/store/mc/RunIISummer20UL16MiniAODAPVv2/QCD_Pt-15to7000_TuneCP5_Flat2018_13TeV_pythia8/MINIAODSIM/106X_mcRun2_asymptotic_preVFP_v11-v1/140000/6533B06D-7CFA-814F-BDEF-6DF8EC1FB867.root.
%MSG
%MSG-w XrdAdaptorInternal:  file_open 10-Jun-2024 20:31:09 CEST PostProcessEvent
Failed to open file at URL root://eoscms.cern.ch:1094//eos/cms/store/mc/RunIISummer20UL16MiniAODAPVv2/QCD_Pt-15to7000_TuneCP5_Flat2018_13TeV_pythia8/MINIAODSIM/106X_mcRun2_asymptotic_preVFP_v11-v1/140000/6533B06D-7CFA-814F-BDEF-6DF8EC1FB867.root?tried=.
%MSG
10-Jun-2024 20:31:09 CEST  Fallback request to file root://xrootd-cms.infn.it//store/mc/RunIISummer20UL16MiniAODAPVv2/QCD_Pt-15to7000_TuneCP5_Flat2018_13TeV_pythia8/MINIAODSIM/106X_mcRun2_asymptotic_preVFP_v11-v1/140000/6533B06D-7CFA-814F-BDEF-6DF8EC1FB867.root
%MSG-w XrdAdaptor:  file_open 10-Jun-2024 20:31:21 CEST PostProcessEvent
Data is served from fnal.gov instead of original site infn.it
%MSG
10-Jun-2024 20:31:22 CEST  Successfully opened file root://xrootd-cms.infn.it//store/mc/RunIISummer20UL16MiniAODAPVv2/QCD_Pt-15to7000_TuneCP5_Flat2018_13TeV_pythia8/MINIAODSIM/106X_mcRun2_asymptotic_preVFP_v11-v1/140000/6533B06D-7CFA-814F-BDEF-6DF8EC1FB867.root
10-Jun-2024 20:31:30 CEST  Closed file root://xrootd-cms.infn.it//store/mc/RunIISummer20UL16MiniAODAPVv2/QCD_Pt-15to7000_TuneCP5_Flat2018_13TeV_pythia8/MINIAODSIM/106X_mcRun2_asymptotic_preVFP_v11-v1/140000/6533B06D-7CFA-814F-BDEF-6DF8EC1FB867.root
10-Jun-2024 20:31:30 CEST  Initiating request to open file root://eoscms.cern.ch//eos/cms/store/mc/RunIISummer20UL16MiniAODAPVv2/QCD_Pt-15to7000_TuneCP5_Flat2018_13TeV_pythia8/MINIAODSIM/106X_mcRun2_asymptotic_preVFP_v11-v1/140000/B561C548-ECF3-2E43-8E13-20E6782F24D1.root
%MSG-w XrdAdaptorInternal:  file_open 10-Jun-2024 20:31:31 CEST PostProcessEvent
Failed to open file at URL root://eoscms.cern.ch:1094//eos/cms/store/mc/RunIISummer20UL16MiniAODAPVv2/QCD_Pt-15to7000_TuneCP5_Flat2018_13TeV_pythia8/MINIAODSIM/106X_mcRun2_asymptotic_preVFP_v11-v1/140000/B561C548-ECF3-2E43-8E13-20E6782F24D1.root.
%MSG
%MSG-w XrdAdaptorInternal:  file_open 10-Jun-2024 20:31:31 CEST PostProcessEvent
Failed to open file at URL root://eoscms.cern.ch:1094//eos/cms/store/mc/RunIISummer20UL16MiniAODAPVv2/QCD_Pt-15to7000_TuneCP5_Flat2018_13TeV_pythia8/MINIAODSIM/106X_mcRun2_asymptotic_preVFP_v11-v1/140000/B561C548-ECF3-2E43-8E13-20E6782F24D1.root?tried=.
%MSG
10-Jun-2024 20:31:31 CEST  Fallback request to file root://xrootd-cms.infn.it//store/mc/RunIISummer20UL16MiniAODAPVv2/QCD_Pt-15to7000_TuneCP5_Flat2018_13TeV_pythia8/MINIAODSIM/106X_mcRun2_asymptotic_preVFP_v11-v1/140000/B561C548-ECF3-2E43-8E13-20E6782F24D1.root
%MSG-w XrdAdaptor:  file_open 10-Jun-2024 20:31:45 CEST PostProcessEvent
Data is served from fnal.gov instead of original site infn.it
%MSG
10-Jun-2024 20:31:46 CEST  Successfully opened file root://xrootd-cms.infn.it//store/mc/RunIISummer20UL16MiniAODAPVv2/QCD_Pt-15to7000_TuneCP5_Flat2018_13TeV_pythia8/MINIAODSIM/106X_mcRun2_asymptotic_preVFP_v11-v1/140000/B561C548-ECF3-2E43-8E13-20E6782F24D1.root
Begin processing the 300001st record. Run 1, Event 17302505, LumiSection 173026 on stream 0 at 10-Jun-2024 20:31:54.824 CEST
10-Jun-2024 20:31:56 CEST  Closed file root://xrootd-cms.infn.it//store/mc/RunIISummer20UL16MiniAODAPVv2/QCD_Pt-15to7000_TuneCP5_Flat2018_13TeV_pythia8/MINIAODSIM/106X_mcRun2_asymptotic_preVFP_v11-v1/140000/B561C548-ECF3-2E43-8E13-20E6782F24D1.root
10-Jun-2024 20:31:56 CEST  Initiating request to open file root://eoscms.cern.ch//eos/cms/store/mc/RunIISummer20UL16MiniAODAPVv2/QCD_Pt-15to7000_TuneCP5_Flat2018_13TeV_pythia8/MINIAODSIM/106X_mcRun2_asymptotic_preVFP_v11-v1/140000/32982A6C-1CCC-844C-BC33-B8499DAF9140.root
%MSG-w XrdAdaptorInternal:  file_open 10-Jun-2024 20:31:57 CEST PostProcessEvent
Failed to open file at URL root://eoscms.cern.ch:1094//eos/cms/store/mc/RunIISummer20UL16MiniAODAPVv2/QCD_Pt-15to7000_TuneCP5_Flat2018_13TeV_pythia8/MINIAODSIM/106X_mcRun2_asymptotic_preVFP_v11-v1/140000/32982A6C-1CCC-844C-BC33-B8499DAF9140.root.
%MSG
%MSG-w XrdAdaptorInternal:  file_open 10-Jun-2024 20:31:57 CEST PostProcessEvent
Failed to open file at URL root://eoscms.cern.ch:1094//eos/cms/store/mc/RunIISummer20UL16MiniAODAPVv2/QCD_Pt-15to7000_TuneCP5_Flat2018_13TeV_pythia8/MINIAODSIM/106X_mcRun2_asymptotic_preVFP_v11-v1/140000/32982A6C-1CCC-844C-BC33-B8499DAF9140.root?tried=.
%MSG
10-Jun-2024 20:31:57 CEST  Fallback request to file root://xrootd-cms.infn.it//store/mc/RunIISummer20UL16MiniAODAPVv2/QCD_Pt-15to7000_TuneCP5_Flat2018_13TeV_pythia8/MINIAODSIM/106X_mcRun2_asymptotic_preVFP_v11-v1/140000/32982A6C-1CCC-844C-BC33-B8499DAF9140.root
%MSG-w XrdAdaptor:  file_open 10-Jun-2024 20:32:10 CEST PostProcessEvent
Data is served from fnal.gov instead of original site infn.it
%MSG
10-Jun-2024 20:32:11 CEST  Successfully opened file root://xrootd-cms.infn.it//store/mc/RunIISummer20UL16MiniAODAPVv2/QCD_Pt-15to7000_TuneCP5_Flat2018_13TeV_pythia8/MINIAODSIM/106X_mcRun2_asymptotic_preVFP_v11-v1/140000/32982A6C-1CCC-844C-BC33-B8499DAF9140.root
Begin processing the 400001st record. Run 1, Event 16380702, LumiSection 163808 on stream 0 at 10-Jun-2024 20:32:20.281 CEST
10-Jun-2024 20:32:21 CEST  Closed file root://xrootd-cms.infn.it//store/mc/RunIISummer20UL16MiniAODAPVv2/QCD_Pt-15to7000_TuneCP5_Flat2018_13TeV_pythia8/MINIAODSIM/106X_mcRun2_asymptotic_preVFP_v11-v1/140000/32982A6C-1CCC-844C-BC33-B8499DAF9140.root
10-Jun-2024 20:32:21 CEST  Initiating request to open file root://eoscms.cern.ch//eos/cms/store/mc/RunIISummer20UL16MiniAODAPVv2/QCD_Pt-15to7000_TuneCP5_Flat2018_13TeV_pythia8/MINIAODSIM/106X_mcRun2_asymptotic_preVFP_v11-v1/140000/42EB0AB6-C53C-5846-8638-DDFDE9A38103.root
%MSG-w XrdAdaptorInternal:  file_open 10-Jun-2024 20:32:22 CEST PostProcessEvent
Failed to open file at URL root://eoscms.cern.ch:1094//eos/cms/store/mc/RunIISummer20UL16MiniAODAPVv2/QCD_Pt-15to7000_TuneCP5_Flat2018_13TeV_pythia8/MINIAODSIM/106X_mcRun2_asymptotic_preVFP_v11-v1/140000/42EB0AB6-C53C-5846-8638-DDFDE9A38103.root.
%MSG
%MSG-w XrdAdaptorInternal:  file_open 10-Jun-2024 20:32:22 CEST PostProcessEvent
Failed to open file at URL root://eoscms.cern.ch:1094//eos/cms/store/mc/RunIISummer20UL16MiniAODAPVv2/QCD_Pt-15to7000_TuneCP5_Flat2018_13TeV_pythia8/MINIAODSIM/106X_mcRun2_asymptotic_preVFP_v11-v1/140000/42EB0AB6-C53C-5846-8638-DDFDE9A38103.root?tried=.
%MSG
10-Jun-2024 20:32:22 CEST  Fallback request to file root://xrootd-cms.infn.it//store/mc/RunIISummer20UL16MiniAODAPVv2/QCD_Pt-15to7000_TuneCP5_Flat2018_13TeV_pythia8/MINIAODSIM/106X_mcRun2_asymptotic_preVFP_v11-v1/140000/42EB0AB6-C53C-5846-8638-DDFDE9A38103.root
%MSG-w XrdAdaptor:  file_open 10-Jun-2024 20:32:34 CEST PostProcessEvent
Data is served from fnal.gov instead of original site infn.it
%MSG
10-Jun-2024 20:32:34 CEST  Successfully opened file root://xrootd-cms.infn.it//store/mc/RunIISummer20UL16MiniAODAPVv2/QCD_Pt-15to7000_TuneCP5_Flat2018_13TeV_pythia8/MINIAODSIM/106X_mcRun2_asymptotic_preVFP_v11-v1/140000/42EB0AB6-C53C-5846-8638-DDFDE9A38103.root
Begin processing the 500001st record. Run 1, Event 17180216, LumiSection 171803 on stream 0 at 10-Jun-2024 20:32:42.996 CEST
10-Jun-2024 20:32:43 CEST  Closed file root://xrootd-cms.infn.it//store/mc/RunIISummer20UL16MiniAODAPVv2/QCD_Pt-15to7000_TuneCP5_Flat2018_13TeV_pythia8/MINIAODSIM/106X_mcRun2_asymptotic_preVFP_v11-v1/140000/42EB0AB6-C53C-5846-8638-DDFDE9A38103.root
10-Jun-2024 20:32:43 CEST  Initiating request to open file root://eoscms.cern.ch//eos/cms/store/mc/RunIISummer20UL16MiniAODAPVv2/QCD_Pt-15to7000_TuneCP5_Flat2018_13TeV_pythia8/MINIAODSIM/106X_mcRun2_asymptotic_preVFP_v11-v1/140000/CCBDDB43-DC3D-E74E-B40E-73569B0399E5.root
%MSG-w XrdAdaptorInternal:  file_open 10-Jun-2024 20:32:44 CEST PostProcessEvent
Failed to open file at URL root://eoscms.cern.ch:1094//eos/cms/store/mc/RunIISummer20UL16MiniAODAPVv2/QCD_Pt-15to7000_TuneCP5_Flat2018_13TeV_pythia8/MINIAODSIM/106X_mcRun2_asymptotic_preVFP_v11-v1/140000/CCBDDB43-DC3D-E74E-B40E-73569B0399E5.root.
%MSG
%MSG-w XrdAdaptorInternal:  file_open 10-Jun-2024 20:32:44 CEST PostProcessEvent
Failed to open file at URL root://eoscms.cern.ch:1094//eos/cms/store/mc/RunIISummer20UL16MiniAODAPVv2/QCD_Pt-15to7000_TuneCP5_Flat2018_13TeV_pythia8/MINIAODSIM/106X_mcRun2_asymptotic_preVFP_v11-v1/140000/CCBDDB43-DC3D-E74E-B40E-73569B0399E5.root?tried=.
%MSG
10-Jun-2024 20:32:44 CEST  Fallback request to file root://xrootd-cms.infn.it//store/mc/RunIISummer20UL16MiniAODAPVv2/QCD_Pt-15to7000_TuneCP5_Flat2018_13TeV_pythia8/MINIAODSIM/106X_mcRun2_asymptotic_preVFP_v11-v1/140000/CCBDDB43-DC3D-E74E-B40E-73569B0399E5.root
%MSG-w XrdAdaptor:  file_open 10-Jun-2024 20:32:57 CEST PostProcessEvent
Data is served from fnal.gov instead of original site infn.it
%MSG
10-Jun-2024 20:32:58 CEST  Successfully opened file root://xrootd-cms.infn.it//store/mc/RunIISummer20UL16MiniAODAPVv2/QCD_Pt-15to7000_TuneCP5_Flat2018_13TeV_pythia8/MINIAODSIM/106X_mcRun2_asymptotic_preVFP_v11-v1/140000/CCBDDB43-DC3D-E74E-B40E-73569B0399E5.root
10-Jun-2024 20:33:08 CEST  Closed file root://xrootd-cms.infn.it//store/mc/RunIISummer20UL16MiniAODAPVv2/QCD_Pt-15to7000_TuneCP5_Flat2018_13TeV_pythia8/MINIAODSIM/106X_mcRun2_asymptotic_preVFP_v11-v1/140000/CCBDDB43-DC3D-E74E-B40E-73569B0399E5.root
10-Jun-2024 20:33:08 CEST  Initiating request to open file root://eoscms.cern.ch//eos/cms/store/mc/RunIISummer20UL16MiniAODAPVv2/QCD_Pt-15to7000_TuneCP5_Flat2018_13TeV_pythia8/MINIAODSIM/106X_mcRun2_asymptotic_preVFP_v11-v1/140000/07A4822F-0E78-5145-80D5-1F0203172973.root
%MSG-w XrdAdaptorInternal:  file_open 10-Jun-2024 20:33:09 CEST PostProcessEvent
Failed to open file at URL root://eoscms.cern.ch:1094//eos/cms/store/mc/RunIISummer20UL16MiniAODAPVv2/QCD_Pt-15to7000_TuneCP5_Flat2018_13TeV_pythia8/MINIAODSIM/106X_mcRun2_asymptotic_preVFP_v11-v1/140000/07A4822F-0E78-5145-80D5-1F0203172973.root.
%MSG
%MSG-w XrdAdaptorInternal:  file_open 10-Jun-2024 20:33:09 CEST PostProcessEvent
Failed to open file at URL root://eoscms.cern.ch:1094//eos/cms/store/mc/RunIISummer20UL16MiniAODAPVv2/QCD_Pt-15to7000_TuneCP5_Flat2018_13TeV_pythia8/MINIAODSIM/106X_mcRun2_asymptotic_preVFP_v11-v1/140000/07A4822F-0E78-5145-80D5-1F0203172973.root?tried=.
%MSG
10-Jun-2024 20:33:09 CEST  Fallback request to file root://xrootd-cms.infn.it//store/mc/RunIISummer20UL16MiniAODAPVv2/QCD_Pt-15to7000_TuneCP5_Flat2018_13TeV_pythia8/MINIAODSIM/106X_mcRun2_asymptotic_preVFP_v11-v1/140000/07A4822F-0E78-5145-80D5-1F0203172973.root
%MSG-w XrdAdaptor:  file_open 10-Jun-2024 20:33:23 CEST PostProcessEvent
Data is served from fnal.gov instead of original site infn.it
%MSG
10-Jun-2024 20:33:24 CEST  Successfully opened file root://xrootd-cms.infn.it//store/mc/RunIISummer20UL16MiniAODAPVv2/QCD_Pt-15to7000_TuneCP5_Flat2018_13TeV_pythia8/MINIAODSIM/106X_mcRun2_asymptotic_preVFP_v11-v1/140000/07A4822F-0E78-5145-80D5-1F0203172973.root
Begin processing the 600001st record. Run 1, Event 16163407, LumiSection 161635 on stream 0 at 10-Jun-2024 20:33:32.700 CEST
10-Jun-2024 20:33:34 CEST  Closed file root://xrootd-cms.infn.it//store/mc/RunIISummer20UL16MiniAODAPVv2/QCD_Pt-15to7000_TuneCP5_Flat2018_13TeV_pythia8/MINIAODSIM/106X_mcRun2_asymptotic_preVFP_v11-v1/140000/07A4822F-0E78-5145-80D5-1F0203172973.root
10-Jun-2024 20:33:34 CEST  Initiating request to open file root://eoscms.cern.ch//eos/cms/store/mc/RunIISummer20UL16MiniAODAPVv2/QCD_Pt-15to7000_TuneCP5_Flat2018_13TeV_pythia8/MINIAODSIM/106X_mcRun2_asymptotic_preVFP_v11-v1/140000/BE23917F-8BE7-1349-BDEA-6C1F270653F2.root
%MSG-w XrdAdaptorInternal:  file_open 10-Jun-2024 20:33:35 CEST PostProcessEvent
Failed to open file at URL root://eoscms.cern.ch:1094//eos/cms/store/mc/RunIISummer20UL16MiniAODAPVv2/QCD_Pt-15to7000_TuneCP5_Flat2018_13TeV_pythia8/MINIAODSIM/106X_mcRun2_asymptotic_preVFP_v11-v1/140000/BE23917F-8BE7-1349-BDEA-6C1F270653F2.root.
%MSG
%MSG-w XrdAdaptorInternal:  file_open 10-Jun-2024 20:33:35 CEST PostProcessEvent
Failed to open file at URL root://eoscms.cern.ch:1094//eos/cms/store/mc/RunIISummer20UL16MiniAODAPVv2/QCD_Pt-15to7000_TuneCP5_Flat2018_13TeV_pythia8/MINIAODSIM/106X_mcRun2_asymptotic_preVFP_v11-v1/140000/BE23917F-8BE7-1349-BDEA-6C1F270653F2.root?tried=.
%MSG
10-Jun-2024 20:33:35 CEST  Fallback request to file root://xrootd-cms.infn.it//store/mc/RunIISummer20UL16MiniAODAPVv2/QCD_Pt-15to7000_TuneCP5_Flat2018_13TeV_pythia8/MINIAODSIM/106X_mcRun2_asymptotic_preVFP_v11-v1/140000/BE23917F-8BE7-1349-BDEA-6C1F270653F2.root
%MSG-w XrdAdaptor:  file_open 10-Jun-2024 20:33:49 CEST PostProcessEvent
Data is served from fnal.gov instead of original site infn.it
%MSG
10-Jun-2024 20:33:50 CEST  Successfully opened file root://xrootd-cms.infn.it//store/mc/RunIISummer20UL16MiniAODAPVv2/QCD_Pt-15to7000_TuneCP5_Flat2018_13TeV_pythia8/MINIAODSIM/106X_mcRun2_asymptotic_preVFP_v11-v1/140000/BE23917F-8BE7-1349-BDEA-6C1F270653F2.root
Begin processing the 700001st record. Run 1, Event 18719116, LumiSection 187192 on stream 0 at 10-Jun-2024 20:33:59.521 CEST
10-Jun-2024 20:34:00 CEST  Closed file root://xrootd-cms.infn.it//store/mc/RunIISummer20UL16MiniAODAPVv2/QCD_Pt-15to7000_TuneCP5_Flat2018_13TeV_pythia8/MINIAODSIM/106X_mcRun2_asymptotic_preVFP_v11-v1/140000/BE23917F-8BE7-1349-BDEA-6C1F270653F2.root
10-Jun-2024 20:34:00 CEST  Initiating request to open file root://eoscms.cern.ch//eos/cms/store/mc/RunIISummer20UL16MiniAODAPVv2/QCD_Pt-15to7000_TuneCP5_Flat2018_13TeV_pythia8/MINIAODSIM/106X_mcRun2_asymptotic_preVFP_v11-v1/140000/40E5748F-9B23-1642-95C5-57A64DC6B5B1.root
%MSG-w XrdAdaptorInternal:  file_open 10-Jun-2024 20:34:01 CEST PostProcessEvent
Failed to open file at URL root://eoscms.cern.ch:1094//eos/cms/store/mc/RunIISummer20UL16MiniAODAPVv2/QCD_Pt-15to7000_TuneCP5_Flat2018_13TeV_pythia8/MINIAODSIM/106X_mcRun2_asymptotic_preVFP_v11-v1/140000/40E5748F-9B23-1642-95C5-57A64DC6B5B1.root.
%MSG
%MSG-w XrdAdaptorInternal:  file_open 10-Jun-2024 20:34:01 CEST PostProcessEvent
Failed to open file at URL root://eoscms.cern.ch:1094//eos/cms/store/mc/RunIISummer20UL16MiniAODAPVv2/QCD_Pt-15to7000_TuneCP5_Flat2018_13TeV_pythia8/MINIAODSIM/106X_mcRun2_asymptotic_preVFP_v11-v1/140000/40E5748F-9B23-1642-95C5-57A64DC6B5B1.root?tried=.
%MSG
10-Jun-2024 20:34:01 CEST  Fallback request to file root://xrootd-cms.infn.it//store/mc/RunIISummer20UL16MiniAODAPVv2/QCD_Pt-15to7000_TuneCP5_Flat2018_13TeV_pythia8/MINIAODSIM/106X_mcRun2_asymptotic_preVFP_v11-v1/140000/40E5748F-9B23-1642-95C5-57A64DC6B5B1.root
%MSG-w XrdAdaptor:  file_open 10-Jun-2024 20:34:14 CEST PostProcessEvent
Data is served from fnal.gov instead of original site infn.it
%MSG
10-Jun-2024 20:34:14 CEST  Successfully opened file root://xrootd-cms.infn.it//store/mc/RunIISummer20UL16MiniAODAPVv2/QCD_Pt-15to7000_TuneCP5_Flat2018_13TeV_pythia8/MINIAODSIM/106X_mcRun2_asymptotic_preVFP_v11-v1/140000/40E5748F-9B23-1642-95C5-57A64DC6B5B1.root
10-Jun-2024 20:34:22 CEST  Closed file root://xrootd-cms.infn.it//store/mc/RunIISummer20UL16MiniAODAPVv2/QCD_Pt-15to7000_TuneCP5_Flat2018_13TeV_pythia8/MINIAODSIM/106X_mcRun2_asymptotic_preVFP_v11-v1/140000/40E5748F-9B23-1642-95C5-57A64DC6B5B1.root
10-Jun-2024 20:34:22 CEST  Initiating request to open file root://eoscms.cern.ch//eos/cms/store/mc/RunIISummer20UL16MiniAODAPVv2/QCD_Pt-15to7000_TuneCP5_Flat2018_13TeV_pythia8/MINIAODSIM/106X_mcRun2_asymptotic_preVFP_v11-v1/270000/363C19CF-D0B9-9C4A-AC42-916AEADDF6F7.root
%MSG-w XrdAdaptorInternal:  file_open 10-Jun-2024 20:34:23 CEST PostProcessEvent
Failed to open file at URL root://eoscms.cern.ch:1094//eos/cms/store/mc/RunIISummer20UL16MiniAODAPVv2/QCD_Pt-15to7000_TuneCP5_Flat2018_13TeV_pythia8/MINIAODSIM/106X_mcRun2_asymptotic_preVFP_v11-v1/270000/363C19CF-D0B9-9C4A-AC42-916AEADDF6F7.root.
%MSG
%MSG-w XrdAdaptorInternal:  file_open 10-Jun-2024 20:34:23 CEST PostProcessEvent
Failed to open file at URL root://eoscms.cern.ch:1094//eos/cms/store/mc/RunIISummer20UL16MiniAODAPVv2/QCD_Pt-15to7000_TuneCP5_Flat2018_13TeV_pythia8/MINIAODSIM/106X_mcRun2_asymptotic_preVFP_v11-v1/270000/363C19CF-D0B9-9C4A-AC42-916AEADDF6F7.root?tried=.
%MSG
10-Jun-2024 20:34:23 CEST  Fallback request to file root://xrootd-cms.infn.it//store/mc/RunIISummer20UL16MiniAODAPVv2/QCD_Pt-15to7000_TuneCP5_Flat2018_13TeV_pythia8/MINIAODSIM/106X_mcRun2_asymptotic_preVFP_v11-v1/270000/363C19CF-D0B9-9C4A-AC42-916AEADDF6F7.root
%MSG-w XrdAdaptor:  file_open 10-Jun-2024 20:34:37 CEST PostProcessEvent
Data is served from fnal.gov instead of original site infn.it
%MSG
10-Jun-2024 20:34:38 CEST  Successfully opened file root://xrootd-cms.infn.it//store/mc/RunIISummer20UL16MiniAODAPVv2/QCD_Pt-15to7000_TuneCP5_Flat2018_13TeV_pythia8/MINIAODSIM/106X_mcRun2_asymptotic_preVFP_v11-v1/270000/363C19CF-D0B9-9C4A-AC42-916AEADDF6F7.root
Begin processing the 800001st record. Run 1, Event 8683103, LumiSection 86832 on stream 0 at 10-Jun-2024 20:34:44.871 CEST
10-Jun-2024 20:34:45 CEST  Closed file root://xrootd-cms.infn.it//store/mc/RunIISummer20UL16MiniAODAPVv2/QCD_Pt-15to7000_TuneCP5_Flat2018_13TeV_pythia8/MINIAODSIM/106X_mcRun2_asymptotic_preVFP_v11-v1/270000/363C19CF-D0B9-9C4A-AC42-916AEADDF6F7.root
10-Jun-2024 20:34:45 CEST  Initiating request to open file root://eoscms.cern.ch//eos/cms/store/mc/RunIISummer20UL16MiniAODAPVv2/QCD_Pt-15to7000_TuneCP5_Flat2018_13TeV_pythia8/MINIAODSIM/106X_mcRun2_asymptotic_preVFP_v11-v1/270000/3B0FDA0B-23B1-DD4F-AA18-B973AC248352.root
%MSG-w XrdAdaptorInternal:  file_open 10-Jun-2024 20:34:46 CEST PostProcessEvent
Failed to open file at URL root://eoscms.cern.ch:1094//eos/cms/store/mc/RunIISummer20UL16MiniAODAPVv2/QCD_Pt-15to7000_TuneCP5_Flat2018_13TeV_pythia8/MINIAODSIM/106X_mcRun2_asymptotic_preVFP_v11-v1/270000/3B0FDA0B-23B1-DD4F-AA18-B973AC248352.root.
%MSG
%MSG-w XrdAdaptorInternal:  file_open 10-Jun-2024 20:34:46 CEST PostProcessEvent
Failed to open file at URL root://eoscms.cern.ch:1094//eos/cms/store/mc/RunIISummer20UL16MiniAODAPVv2/QCD_Pt-15to7000_TuneCP5_Flat2018_13TeV_pythia8/MINIAODSIM/106X_mcRun2_asymptotic_preVFP_v11-v1/270000/3B0FDA0B-23B1-DD4F-AA18-B973AC248352.root?tried=.
%MSG
10-Jun-2024 20:34:46 CEST  Fallback request to file root://xrootd-cms.infn.it//store/mc/RunIISummer20UL16MiniAODAPVv2/QCD_Pt-15to7000_TuneCP5_Flat2018_13TeV_pythia8/MINIAODSIM/106X_mcRun2_asymptotic_preVFP_v11-v1/270000/3B0FDA0B-23B1-DD4F-AA18-B973AC248352.root
%MSG-w XrdAdaptor:  file_open 10-Jun-2024 20:35:00 CEST PostProcessEvent
Data is served from fnal.gov instead of original site infn.it
%MSG
10-Jun-2024 20:35:00 CEST  Successfully opened file root://xrootd-cms.infn.it//store/mc/RunIISummer20UL16MiniAODAPVv2/QCD_Pt-15to7000_TuneCP5_Flat2018_13TeV_pythia8/MINIAODSIM/106X_mcRun2_asymptotic_preVFP_v11-v1/270000/3B0FDA0B-23B1-DD4F-AA18-B973AC248352.root
10-Jun-2024 20:35:08 CEST  Closed file root://xrootd-cms.infn.it//store/mc/RunIISummer20UL16MiniAODAPVv2/QCD_Pt-15to7000_TuneCP5_Flat2018_13TeV_pythia8/MINIAODSIM/106X_mcRun2_asymptotic_preVFP_v11-v1/270000/3B0FDA0B-23B1-DD4F-AA18-B973AC248352.root
10-Jun-2024 20:35:08 CEST  Initiating request to open file root://eoscms.cern.ch//eos/cms/store/mc/RunIISummer20UL16MiniAODAPVv2/QCD_Pt-15to7000_TuneCP5_Flat2018_13TeV_pythia8/MINIAODSIM/106X_mcRun2_asymptotic_preVFP_v11-v1/280000/145AEAC2-7E4A-A643-BC34-803931C561E8.root
%MSG-w XrdAdaptorInternal:  file_open 10-Jun-2024 20:35:09 CEST PostProcessEvent
Failed to open file at URL root://eoscms.cern.ch:1094//eos/cms/store/mc/RunIISummer20UL16MiniAODAPVv2/QCD_Pt-15to7000_TuneCP5_Flat2018_13TeV_pythia8/MINIAODSIM/106X_mcRun2_asymptotic_preVFP_v11-v1/280000/145AEAC2-7E4A-A643-BC34-803931C561E8.root.
%MSG
%MSG-w XrdAdaptorInternal:  file_open 10-Jun-2024 20:35:09 CEST PostProcessEvent
Failed to open file at URL root://eoscms.cern.ch:1094//eos/cms/store/mc/RunIISummer20UL16MiniAODAPVv2/QCD_Pt-15to7000_TuneCP5_Flat2018_13TeV_pythia8/MINIAODSIM/106X_mcRun2_asymptotic_preVFP_v11-v1/280000/145AEAC2-7E4A-A643-BC34-803931C561E8.root?tried=.
%MSG
10-Jun-2024 20:35:09 CEST  Fallback request to file root://xrootd-cms.infn.it//store/mc/RunIISummer20UL16MiniAODAPVv2/QCD_Pt-15to7000_TuneCP5_Flat2018_13TeV_pythia8/MINIAODSIM/106X_mcRun2_asymptotic_preVFP_v11-v1/280000/145AEAC2-7E4A-A643-BC34-803931C561E8.root
%MSG-w XrdAdaptor:  file_open 10-Jun-2024 20:35:23 CEST PostProcessEvent
Data is served from fnal.gov instead of original site infn.it
%MSG
10-Jun-2024 20:35:23 CEST  Successfully opened file root://xrootd-cms.infn.it//store/mc/RunIISummer20UL16MiniAODAPVv2/QCD_Pt-15to7000_TuneCP5_Flat2018_13TeV_pythia8/MINIAODSIM/106X_mcRun2_asymptotic_preVFP_v11-v1/280000/145AEAC2-7E4A-A643-BC34-803931C561E8.root
Begin processing the 900001st record. Run 1, Event 6402201, LumiSection 64023 on stream 0 at 10-Jun-2024 20:35:30.823 CEST
10-Jun-2024 20:35:31 CEST  Closed file root://xrootd-cms.infn.it//store/mc/RunIISummer20UL16MiniAODAPVv2/QCD_Pt-15to7000_TuneCP5_Flat2018_13TeV_pythia8/MINIAODSIM/106X_mcRun2_asymptotic_preVFP_v11-v1/280000/145AEAC2-7E4A-A643-BC34-803931C561E8.root
10-Jun-2024 20:35:31 CEST  Initiating request to open file root://eoscms.cern.ch//eos/cms/store/mc/RunIISummer20UL16MiniAODAPVv2/QCD_Pt-15to7000_TuneCP5_Flat2018_13TeV_pythia8/MINIAODSIM/106X_mcRun2_asymptotic_preVFP_v11-v1/280000/7213BE1A-B5D6-2A41-94A4-49B3947BFE0E.root
%MSG-w XrdAdaptorInternal:  file_open 10-Jun-2024 20:35:32 CEST PostProcessEvent
Failed to open file at URL root://eoscms.cern.ch:1094//eos/cms/store/mc/RunIISummer20UL16MiniAODAPVv2/QCD_Pt-15to7000_TuneCP5_Flat2018_13TeV_pythia8/MINIAODSIM/106X_mcRun2_asymptotic_preVFP_v11-v1/280000/7213BE1A-B5D6-2A41-94A4-49B3947BFE0E.root.
%MSG
%MSG-w XrdAdaptorInternal:  file_open 10-Jun-2024 20:35:32 CEST PostProcessEvent
Failed to open file at URL root://eoscms.cern.ch:1094//eos/cms/store/mc/RunIISummer20UL16MiniAODAPVv2/QCD_Pt-15to7000_TuneCP5_Flat2018_13TeV_pythia8/MINIAODSIM/106X_mcRun2_asymptotic_preVFP_v11-v1/280000/7213BE1A-B5D6-2A41-94A4-49B3947BFE0E.root?tried=.
%MSG
10-Jun-2024 20:35:32 CEST  Fallback request to file root://xrootd-cms.infn.it//store/mc/RunIISummer20UL16MiniAODAPVv2/QCD_Pt-15to7000_TuneCP5_Flat2018_13TeV_pythia8/MINIAODSIM/106X_mcRun2_asymptotic_preVFP_v11-v1/280000/7213BE1A-B5D6-2A41-94A4-49B3947BFE0E.root
%MSG-w XrdAdaptor:  file_open 10-Jun-2024 20:35:46 CEST PostProcessEvent
Data is served from fnal.gov instead of original site infn.it
%MSG
10-Jun-2024 20:35:47 CEST  Successfully opened file root://xrootd-cms.infn.it//store/mc/RunIISummer20UL16MiniAODAPVv2/QCD_Pt-15to7000_TuneCP5_Flat2018_13TeV_pythia8/MINIAODSIM/106X_mcRun2_asymptotic_preVFP_v11-v1/280000/7213BE1A-B5D6-2A41-94A4-49B3947BFE0E.root
10-Jun-2024 20:35:56 CEST  Closed file root://xrootd-cms.infn.it//store/mc/RunIISummer20UL16MiniAODAPVv2/QCD_Pt-15to7000_TuneCP5_Flat2018_13TeV_pythia8/MINIAODSIM/106X_mcRun2_asymptotic_preVFP_v11-v1/280000/7213BE1A-B5D6-2A41-94A4-49B3947BFE0E.root
10-Jun-2024 20:35:56 CEST  Initiating request to open file root://eoscms.cern.ch//eos/cms/store/mc/RunIISummer20UL16MiniAODAPVv2/QCD_Pt-15to7000_TuneCP5_Flat2018_13TeV_pythia8/MINIAODSIM/106X_mcRun2_asymptotic_preVFP_v11-v1/280000/36A44762-C516-2E4E-A56B-F5D6A7AF8626.root
%MSG-w XrdAdaptorInternal:  file_open 10-Jun-2024 20:35:57 CEST PostProcessEvent
Failed to open file at URL root://eoscms.cern.ch:1094//eos/cms/store/mc/RunIISummer20UL16MiniAODAPVv2/QCD_Pt-15to7000_TuneCP5_Flat2018_13TeV_pythia8/MINIAODSIM/106X_mcRun2_asymptotic_preVFP_v11-v1/280000/36A44762-C516-2E4E-A56B-F5D6A7AF8626.root.
%MSG
%MSG-w XrdAdaptorInternal:  file_open 10-Jun-2024 20:35:57 CEST PostProcessEvent
Failed to open file at URL root://eoscms.cern.ch:1094//eos/cms/store/mc/RunIISummer20UL16MiniAODAPVv2/QCD_Pt-15to7000_TuneCP5_Flat2018_13TeV_pythia8/MINIAODSIM/106X_mcRun2_asymptotic_preVFP_v11-v1/280000/36A44762-C516-2E4E-A56B-F5D6A7AF8626.root?tried=.
%MSG
10-Jun-2024 20:35:57 CEST  Fallback request to file root://xrootd-cms.infn.it//store/mc/RunIISummer20UL16MiniAODAPVv2/QCD_Pt-15to7000_TuneCP5_Flat2018_13TeV_pythia8/MINIAODSIM/106X_mcRun2_asymptotic_preVFP_v11-v1/280000/36A44762-C516-2E4E-A56B-F5D6A7AF8626.root
%MSG-w XrdAdaptor:  file_open 10-Jun-2024 20:36:11 CEST PostProcessEvent
Data is served from fnal.gov instead of original site infn.it
%MSG
10-Jun-2024 20:36:12 CEST  Successfully opened file root://xrootd-cms.infn.it//store/mc/RunIISummer20UL16MiniAODAPVv2/QCD_Pt-15to7000_TuneCP5_Flat2018_13TeV_pythia8/MINIAODSIM/106X_mcRun2_asymptotic_preVFP_v11-v1/280000/36A44762-C516-2E4E-A56B-F5D6A7AF8626.root
10-Jun-2024 20:36:18 CEST  Closed file root://xrootd-cms.infn.it//store/mc/RunIISummer20UL16MiniAODAPVv2/QCD_Pt-15to7000_TuneCP5_Flat2018_13TeV_pythia8/MINIAODSIM/106X_mcRun2_asymptotic_preVFP_v11-v1/280000/36A44762-C516-2E4E-A56B-F5D6A7AF8626.root

------------------------------------
GenXsecAnalyzer:
------------------------------------
Before Filter: total cross section = 1.347e+09 +- 8.560e+05 pb
Filter efficiency (taking into account weights)= (12645.9) / (12645.9) = 1.000e+00 +- 0.000e+00
Filter efficiency (event-level)= (1e+06) / (1e+06) = 1.000e+00 +- 0.000e+00    [TO BE USED IN MCM]

After filter: final cross section = 1.347e+09 +- 8.560e+05 pb
After filter: final fraction of events with negative weights = 0.000e+00 +- 0.000e+00
After filter: final equivalent lumi for 1M events (1/fb) = 7.426e-07 +- 8.799e-10

=============================================

MessageLogger Summary

 type     category        sev    module        subroutine        count    total
 ---- -------------------- -- ---------------- ----------------  -----    -----
    1 GenXSecAnalyzer      -w GenXSecAnalyzer:                       7        7
    2 XrdAdaptor           -w file_open                             17       17
    3 XrdAdaptorInternal   -w file_open                             34       34
    4 fileAction           -s file_close                            17       17
    5 fileAction           -s file_open                             51       51

 type    category    Examples: run/evt        run/evt          run/evt
 ---- -------------------- ---------------- ---------------- ----------------
    1 GenXSecAnalyzer      PostGlobalEndRun PostGlobalEndRun PostGlobalEndRun
    2 XrdAdaptor           pre-events       PostProcessEvent PostProcessEvent
    3 XrdAdaptorInternal   pre-events       pre-events       PostProcessEvent
    4 fileAction           PostProcessEvent PostProcessEvent PostGlobalEndRun
    5 fileAction           pre-events       pre-events       PostProcessEvent

Severity    # Occurrences   Total Occurrences
--------    -------------   -----------------
Warning                58                  58
System                 68                  68

dropped waiting message count 0
