10-Jun-2024 19:19:09 CEST  Initiating request to open file root://eoscms.cern.ch//eos/cms/store/mc/RunIISummer20UL16MiniAODAPVv2/QCD_Pt_30to50_TuneCP5_13TeV_pythia8/MINIAODSIM/106X_mcRun2_asymptotic_preVFP_v11-v1/70000/EFA0F3D0-8DE5-8646-9BF6-B48976C5A676.root
%MSG-w XrdAdaptorInternal:  file_open 10-Jun-2024 19:19:10 CEST pre-events
Failed to open file at URL root://eoscms.cern.ch:1094//eos/cms/store/mc/RunIISummer20UL16MiniAODAPVv2/QCD_Pt_30to50_TuneCP5_13TeV_pythia8/MINIAODSIM/106X_mcRun2_asymptotic_preVFP_v11-v1/70000/EFA0F3D0-8DE5-8646-9BF6-B48976C5A676.root.
%MSG
%MSG-w XrdAdaptorInternal:  file_open 10-Jun-2024 19:19:10 CEST pre-events
Failed to open file at URL root://eoscms.cern.ch:1094//eos/cms/store/mc/RunIISummer20UL16MiniAODAPVv2/QCD_Pt_30to50_TuneCP5_13TeV_pythia8/MINIAODSIM/106X_mcRun2_asymptotic_preVFP_v11-v1/70000/EFA0F3D0-8DE5-8646-9BF6-B48976C5A676.root?tried=.
%MSG
10-Jun-2024 19:19:10 CEST  Fallback request to file root://xrootd-cms.infn.it//store/mc/RunIISummer20UL16MiniAODAPVv2/QCD_Pt_30to50_TuneCP5_13TeV_pythia8/MINIAODSIM/106X_mcRun2_asymptotic_preVFP_v11-v1/70000/EFA0F3D0-8DE5-8646-9BF6-B48976C5A676.root
%MSG-w XrdAdaptor:  file_open 10-Jun-2024 19:19:24 CEST pre-events
Data is served from T2_US_Florida instead of original site T2_FR_GRIF_LLR
%MSG
10-Jun-2024 19:19:28 CEST  Successfully opened file root://xrootd-cms.infn.it//store/mc/RunIISummer20UL16MiniAODAPVv2/QCD_Pt_30to50_TuneCP5_13TeV_pythia8/MINIAODSIM/106X_mcRun2_asymptotic_preVFP_v11-v1/70000/EFA0F3D0-8DE5-8646-9BF6-B48976C5A676.root
Begin processing the 1st record. Run 1, Event 3000016, LumiSection 3001 on stream 0 at 10-Jun-2024 19:19:37.643 CEST
Begin processing the 100001st record. Run 1, Event 17680006, LumiSection 17681 on stream 0 at 10-Jun-2024 19:19:41.087 CEST
10-Jun-2024 19:19:42 CEST  Closed file root://xrootd-cms.infn.it//store/mc/RunIISummer20UL16MiniAODAPVv2/QCD_Pt_30to50_TuneCP5_13TeV_pythia8/MINIAODSIM/106X_mcRun2_asymptotic_preVFP_v11-v1/70000/EFA0F3D0-8DE5-8646-9BF6-B48976C5A676.root
10-Jun-2024 19:19:42 CEST  Initiating request to open file root://eoscms.cern.ch//eos/cms/store/mc/RunIISummer20UL16MiniAODAPVv2/QCD_Pt_30to50_TuneCP5_13TeV_pythia8/MINIAODSIM/106X_mcRun2_asymptotic_preVFP_v11-v1/70000/8F5F0C24-8628-484A-903B-CBC9F5E2AB0D.root
%MSG-w XrdAdaptorInternal:  file_open 10-Jun-2024 19:19:43 CEST PostProcessEvent
Failed to open file at URL root://eoscms.cern.ch:1094//eos/cms/store/mc/RunIISummer20UL16MiniAODAPVv2/QCD_Pt_30to50_TuneCP5_13TeV_pythia8/MINIAODSIM/106X_mcRun2_asymptotic_preVFP_v11-v1/70000/8F5F0C24-8628-484A-903B-CBC9F5E2AB0D.root.
%MSG
%MSG-w XrdAdaptorInternal:  file_open 10-Jun-2024 19:19:43 CEST PostProcessEvent
Failed to open file at URL root://eoscms.cern.ch:1094//eos/cms/store/mc/RunIISummer20UL16MiniAODAPVv2/QCD_Pt_30to50_TuneCP5_13TeV_pythia8/MINIAODSIM/106X_mcRun2_asymptotic_preVFP_v11-v1/70000/8F5F0C24-8628-484A-903B-CBC9F5E2AB0D.root?tried=.
%MSG
10-Jun-2024 19:19:43 CEST  Fallback request to file root://xrootd-cms.infn.it//store/mc/RunIISummer20UL16MiniAODAPVv2/QCD_Pt_30to50_TuneCP5_13TeV_pythia8/MINIAODSIM/106X_mcRun2_asymptotic_preVFP_v11-v1/70000/8F5F0C24-8628-484A-903B-CBC9F5E2AB0D.root
%MSG-w XrdAdaptor:  file_open 10-Jun-2024 19:19:55 CEST PostProcessEvent
Data is served from T2_US_Florida instead of original site T2_FR_GRIF_LLR
%MSG
10-Jun-2024 19:19:56 CEST  Successfully opened file root://xrootd-cms.infn.it//store/mc/RunIISummer20UL16MiniAODAPVv2/QCD_Pt_30to50_TuneCP5_13TeV_pythia8/MINIAODSIM/106X_mcRun2_asymptotic_preVFP_v11-v1/70000/8F5F0C24-8628-484A-903B-CBC9F5E2AB0D.root
Begin processing the 200001st record. Run 1, Event 3320007, LumiSection 3321 on stream 0 at 10-Jun-2024 19:20:06.615 CEST
10-Jun-2024 19:20:09 CEST  Closed file root://xrootd-cms.infn.it//store/mc/RunIISummer20UL16MiniAODAPVv2/QCD_Pt_30to50_TuneCP5_13TeV_pythia8/MINIAODSIM/106X_mcRun2_asymptotic_preVFP_v11-v1/70000/8F5F0C24-8628-484A-903B-CBC9F5E2AB0D.root
10-Jun-2024 19:20:09 CEST  Initiating request to open file root://eoscms.cern.ch//eos/cms/store/mc/RunIISummer20UL16MiniAODAPVv2/QCD_Pt_30to50_TuneCP5_13TeV_pythia8/MINIAODSIM/106X_mcRun2_asymptotic_preVFP_v11-v1/70000/55EE442B-D8A5-8743-870D-D8B7ACFA016A.root
%MSG-w XrdAdaptorInternal:  file_open 10-Jun-2024 19:20:10 CEST PostProcessEvent
Failed to open file at URL root://eoscms.cern.ch:1094//eos/cms/store/mc/RunIISummer20UL16MiniAODAPVv2/QCD_Pt_30to50_TuneCP5_13TeV_pythia8/MINIAODSIM/106X_mcRun2_asymptotic_preVFP_v11-v1/70000/55EE442B-D8A5-8743-870D-D8B7ACFA016A.root.
%MSG
%MSG-w XrdAdaptorInternal:  file_open 10-Jun-2024 19:20:10 CEST PostProcessEvent
Failed to open file at URL root://eoscms.cern.ch:1094//eos/cms/store/mc/RunIISummer20UL16MiniAODAPVv2/QCD_Pt_30to50_TuneCP5_13TeV_pythia8/MINIAODSIM/106X_mcRun2_asymptotic_preVFP_v11-v1/70000/55EE442B-D8A5-8743-870D-D8B7ACFA016A.root?tried=.
%MSG
10-Jun-2024 19:20:10 CEST  Fallback request to file root://xrootd-cms.infn.it//store/mc/RunIISummer20UL16MiniAODAPVv2/QCD_Pt_30to50_TuneCP5_13TeV_pythia8/MINIAODSIM/106X_mcRun2_asymptotic_preVFP_v11-v1/70000/55EE442B-D8A5-8743-870D-D8B7ACFA016A.root
%MSG-w XrdAdaptor:  file_open 10-Jun-2024 19:20:23 CEST PostProcessEvent
Data is served from T2_US_Florida instead of original site T2_FR_GRIF_LLR
%MSG
10-Jun-2024 19:20:24 CEST  Successfully opened file root://xrootd-cms.infn.it//store/mc/RunIISummer20UL16MiniAODAPVv2/QCD_Pt_30to50_TuneCP5_13TeV_pythia8/MINIAODSIM/106X_mcRun2_asymptotic_preVFP_v11-v1/70000/55EE442B-D8A5-8743-870D-D8B7ACFA016A.root
Begin processing the 300001st record. Run 1, Event 5097005, LumiSection 5098 on stream 0 at 10-Jun-2024 19:20:33.416 CEST
Begin processing the 400001st record. Run 1, Event 5892015, LumiSection 5893 on stream 0 at 10-Jun-2024 19:20:36.428 CEST
10-Jun-2024 19:20:37 CEST  Closed file root://xrootd-cms.infn.it//store/mc/RunIISummer20UL16MiniAODAPVv2/QCD_Pt_30to50_TuneCP5_13TeV_pythia8/MINIAODSIM/106X_mcRun2_asymptotic_preVFP_v11-v1/70000/55EE442B-D8A5-8743-870D-D8B7ACFA016A.root
10-Jun-2024 19:20:37 CEST  Initiating request to open file root://eoscms.cern.ch//eos/cms/store/mc/RunIISummer20UL16MiniAODAPVv2/QCD_Pt_30to50_TuneCP5_13TeV_pythia8/MINIAODSIM/106X_mcRun2_asymptotic_preVFP_v11-v1/70000/3CB3EB69-C7AD-3544-8DAD-8B627D24975E.root
%MSG-w XrdAdaptorInternal:  file_open 10-Jun-2024 19:20:38 CEST PostProcessEvent
Failed to open file at URL root://eoscms.cern.ch:1094//eos/cms/store/mc/RunIISummer20UL16MiniAODAPVv2/QCD_Pt_30to50_TuneCP5_13TeV_pythia8/MINIAODSIM/106X_mcRun2_asymptotic_preVFP_v11-v1/70000/3CB3EB69-C7AD-3544-8DAD-8B627D24975E.root.
%MSG
%MSG-w XrdAdaptorInternal:  file_open 10-Jun-2024 19:20:38 CEST PostProcessEvent
Failed to open file at URL root://eoscms.cern.ch:1094//eos/cms/store/mc/RunIISummer20UL16MiniAODAPVv2/QCD_Pt_30to50_TuneCP5_13TeV_pythia8/MINIAODSIM/106X_mcRun2_asymptotic_preVFP_v11-v1/70000/3CB3EB69-C7AD-3544-8DAD-8B627D24975E.root?tried=.
%MSG
10-Jun-2024 19:20:38 CEST  Fallback request to file root://xrootd-cms.infn.it//store/mc/RunIISummer20UL16MiniAODAPVv2/QCD_Pt_30to50_TuneCP5_13TeV_pythia8/MINIAODSIM/106X_mcRun2_asymptotic_preVFP_v11-v1/70000/3CB3EB69-C7AD-3544-8DAD-8B627D24975E.root
%MSG-w XrdAdaptor:  file_open 10-Jun-2024 19:20:50 CEST PostProcessEvent
Data is served from T2_US_Florida instead of original site T2_FR_GRIF_LLR
%MSG
10-Jun-2024 19:20:51 CEST  Successfully opened file root://xrootd-cms.infn.it//store/mc/RunIISummer20UL16MiniAODAPVv2/QCD_Pt_30to50_TuneCP5_13TeV_pythia8/MINIAODSIM/106X_mcRun2_asymptotic_preVFP_v11-v1/70000/3CB3EB69-C7AD-3544-8DAD-8B627D24975E.root
Begin processing the 500001st record. Run 1, Event 3505006, LumiSection 3506 on stream 0 at 10-Jun-2024 19:21:02.551 CEST
10-Jun-2024 19:21:04 CEST  Closed file root://xrootd-cms.infn.it//store/mc/RunIISummer20UL16MiniAODAPVv2/QCD_Pt_30to50_TuneCP5_13TeV_pythia8/MINIAODSIM/106X_mcRun2_asymptotic_preVFP_v11-v1/70000/3CB3EB69-C7AD-3544-8DAD-8B627D24975E.root
10-Jun-2024 19:21:04 CEST  Initiating request to open file root://eoscms.cern.ch//eos/cms/store/mc/RunIISummer20UL16MiniAODAPVv2/QCD_Pt_30to50_TuneCP5_13TeV_pythia8/MINIAODSIM/106X_mcRun2_asymptotic_preVFP_v11-v1/70000/89A1A6C8-5ADC-9646-A7FE-DAC58E622E7C.root
%MSG-w XrdAdaptorInternal:  file_open 10-Jun-2024 19:21:05 CEST PostProcessEvent
Failed to open file at URL root://eoscms.cern.ch:1094//eos/cms/store/mc/RunIISummer20UL16MiniAODAPVv2/QCD_Pt_30to50_TuneCP5_13TeV_pythia8/MINIAODSIM/106X_mcRun2_asymptotic_preVFP_v11-v1/70000/89A1A6C8-5ADC-9646-A7FE-DAC58E622E7C.root.
%MSG
%MSG-w XrdAdaptorInternal:  file_open 10-Jun-2024 19:21:05 CEST PostProcessEvent
Failed to open file at URL root://eoscms.cern.ch:1094//eos/cms/store/mc/RunIISummer20UL16MiniAODAPVv2/QCD_Pt_30to50_TuneCP5_13TeV_pythia8/MINIAODSIM/106X_mcRun2_asymptotic_preVFP_v11-v1/70000/89A1A6C8-5ADC-9646-A7FE-DAC58E622E7C.root?tried=.
%MSG
10-Jun-2024 19:21:05 CEST  Fallback request to file root://xrootd-cms.infn.it//store/mc/RunIISummer20UL16MiniAODAPVv2/QCD_Pt_30to50_TuneCP5_13TeV_pythia8/MINIAODSIM/106X_mcRun2_asymptotic_preVFP_v11-v1/70000/89A1A6C8-5ADC-9646-A7FE-DAC58E622E7C.root
%MSG-w XrdAdaptor:  file_open 10-Jun-2024 19:21:18 CEST PostProcessEvent
Data is served from T2_US_Florida instead of original site T2_FR_GRIF_LLR
%MSG
10-Jun-2024 19:21:18 CEST  Successfully opened file root://xrootd-cms.infn.it//store/mc/RunIISummer20UL16MiniAODAPVv2/QCD_Pt_30to50_TuneCP5_13TeV_pythia8/MINIAODSIM/106X_mcRun2_asymptotic_preVFP_v11-v1/70000/89A1A6C8-5ADC-9646-A7FE-DAC58E622E7C.root
Begin processing the 600001st record. Run 1, Event 5284013, LumiSection 5285 on stream 0 at 10-Jun-2024 19:21:27.570 CEST
10-Jun-2024 19:21:30 CEST  Closed file root://xrootd-cms.infn.it//store/mc/RunIISummer20UL16MiniAODAPVv2/QCD_Pt_30to50_TuneCP5_13TeV_pythia8/MINIAODSIM/106X_mcRun2_asymptotic_preVFP_v11-v1/70000/89A1A6C8-5ADC-9646-A7FE-DAC58E622E7C.root
10-Jun-2024 19:21:30 CEST  Initiating request to open file root://eoscms.cern.ch//eos/cms/store/mc/RunIISummer20UL16MiniAODAPVv2/QCD_Pt_30to50_TuneCP5_13TeV_pythia8/MINIAODSIM/106X_mcRun2_asymptotic_preVFP_v11-v1/70000/8393B86F-806D-E04A-B3BE-F3586833B63C.root
%MSG-w XrdAdaptorInternal:  file_open 10-Jun-2024 19:21:31 CEST PostProcessEvent
Failed to open file at URL root://eoscms.cern.ch:1094//eos/cms/store/mc/RunIISummer20UL16MiniAODAPVv2/QCD_Pt_30to50_TuneCP5_13TeV_pythia8/MINIAODSIM/106X_mcRun2_asymptotic_preVFP_v11-v1/70000/8393B86F-806D-E04A-B3BE-F3586833B63C.root.
%MSG
%MSG-w XrdAdaptorInternal:  file_open 10-Jun-2024 19:21:31 CEST PostProcessEvent
Failed to open file at URL root://eoscms.cern.ch:1094//eos/cms/store/mc/RunIISummer20UL16MiniAODAPVv2/QCD_Pt_30to50_TuneCP5_13TeV_pythia8/MINIAODSIM/106X_mcRun2_asymptotic_preVFP_v11-v1/70000/8393B86F-806D-E04A-B3BE-F3586833B63C.root?tried=.
%MSG
10-Jun-2024 19:21:31 CEST  Fallback request to file root://xrootd-cms.infn.it//store/mc/RunIISummer20UL16MiniAODAPVv2/QCD_Pt_30to50_TuneCP5_13TeV_pythia8/MINIAODSIM/106X_mcRun2_asymptotic_preVFP_v11-v1/70000/8393B86F-806D-E04A-B3BE-F3586833B63C.root
%MSG-w XrdAdaptor:  file_open 10-Jun-2024 19:21:45 CEST PostProcessEvent
Data is served from T2_US_Florida instead of original site T2_FR_GRIF_LLR
%MSG
10-Jun-2024 19:21:46 CEST  Successfully opened file root://xrootd-cms.infn.it//store/mc/RunIISummer20UL16MiniAODAPVv2/QCD_Pt_30to50_TuneCP5_13TeV_pythia8/MINIAODSIM/106X_mcRun2_asymptotic_preVFP_v11-v1/70000/8393B86F-806D-E04A-B3BE-F3586833B63C.root
Begin processing the 700001st record. Run 1, Event 5716006, LumiSection 5717 on stream 0 at 10-Jun-2024 19:21:53.544 CEST
Begin processing the 800001st record. Run 1, Event 6085006, LumiSection 6086 on stream 0 at 10-Jun-2024 19:21:56.943 CEST
10-Jun-2024 19:21:58 CEST  Closed file root://xrootd-cms.infn.it//store/mc/RunIISummer20UL16MiniAODAPVv2/QCD_Pt_30to50_TuneCP5_13TeV_pythia8/MINIAODSIM/106X_mcRun2_asymptotic_preVFP_v11-v1/70000/8393B86F-806D-E04A-B3BE-F3586833B63C.root
10-Jun-2024 19:21:58 CEST  Initiating request to open file root://eoscms.cern.ch//eos/cms/store/mc/RunIISummer20UL16MiniAODAPVv2/QCD_Pt_30to50_TuneCP5_13TeV_pythia8/MINIAODSIM/106X_mcRun2_asymptotic_preVFP_v11-v1/70000/BC6CA023-E43C-6E43-B15D-343475903498.root
%MSG-w XrdAdaptorInternal:  file_open 10-Jun-2024 19:21:59 CEST PostProcessEvent
Failed to open file at URL root://eoscms.cern.ch:1094//eos/cms/store/mc/RunIISummer20UL16MiniAODAPVv2/QCD_Pt_30to50_TuneCP5_13TeV_pythia8/MINIAODSIM/106X_mcRun2_asymptotic_preVFP_v11-v1/70000/BC6CA023-E43C-6E43-B15D-343475903498.root.
%MSG
%MSG-w XrdAdaptorInternal:  file_open 10-Jun-2024 19:21:59 CEST PostProcessEvent
Failed to open file at URL root://eoscms.cern.ch:1094//eos/cms/store/mc/RunIISummer20UL16MiniAODAPVv2/QCD_Pt_30to50_TuneCP5_13TeV_pythia8/MINIAODSIM/106X_mcRun2_asymptotic_preVFP_v11-v1/70000/BC6CA023-E43C-6E43-B15D-343475903498.root?tried=.
%MSG
10-Jun-2024 19:21:59 CEST  Fallback request to file root://xrootd-cms.infn.it//store/mc/RunIISummer20UL16MiniAODAPVv2/QCD_Pt_30to50_TuneCP5_13TeV_pythia8/MINIAODSIM/106X_mcRun2_asymptotic_preVFP_v11-v1/70000/BC6CA023-E43C-6E43-B15D-343475903498.root
%MSG-w XrdAdaptor:  file_open 10-Jun-2024 19:22:11 CEST PostProcessEvent
Data is served from T2_US_Florida instead of original site T2_FR_GRIF_LLR
%MSG
10-Jun-2024 19:22:12 CEST  Successfully opened file root://xrootd-cms.infn.it//store/mc/RunIISummer20UL16MiniAODAPVv2/QCD_Pt_30to50_TuneCP5_13TeV_pythia8/MINIAODSIM/106X_mcRun2_asymptotic_preVFP_v11-v1/70000/BC6CA023-E43C-6E43-B15D-343475903498.root
Begin processing the 900001st record. Run 1, Event 6313009, LumiSection 6314 on stream 0 at 10-Jun-2024 19:22:21.680 CEST
10-Jun-2024 19:22:24 CEST  Closed file root://xrootd-cms.infn.it//store/mc/RunIISummer20UL16MiniAODAPVv2/QCD_Pt_30to50_TuneCP5_13TeV_pythia8/MINIAODSIM/106X_mcRun2_asymptotic_preVFP_v11-v1/70000/BC6CA023-E43C-6E43-B15D-343475903498.root
10-Jun-2024 19:22:24 CEST  Initiating request to open file root://eoscms.cern.ch//eos/cms/store/mc/RunIISummer20UL16MiniAODAPVv2/QCD_Pt_30to50_TuneCP5_13TeV_pythia8/MINIAODSIM/106X_mcRun2_asymptotic_preVFP_v11-v1/70000/9EF54B5A-B5DE-B040-9DFD-D0F2ABD5FC66.root
%MSG-w XrdAdaptorInternal:  file_open 10-Jun-2024 19:22:25 CEST PostProcessEvent
Failed to open file at URL root://eoscms.cern.ch:1094//eos/cms/store/mc/RunIISummer20UL16MiniAODAPVv2/QCD_Pt_30to50_TuneCP5_13TeV_pythia8/MINIAODSIM/106X_mcRun2_asymptotic_preVFP_v11-v1/70000/9EF54B5A-B5DE-B040-9DFD-D0F2ABD5FC66.root.
%MSG
%MSG-w XrdAdaptorInternal:  file_open 10-Jun-2024 19:22:25 CEST PostProcessEvent
Failed to open file at URL root://eoscms.cern.ch:1094//eos/cms/store/mc/RunIISummer20UL16MiniAODAPVv2/QCD_Pt_30to50_TuneCP5_13TeV_pythia8/MINIAODSIM/106X_mcRun2_asymptotic_preVFP_v11-v1/70000/9EF54B5A-B5DE-B040-9DFD-D0F2ABD5FC66.root?tried=.
%MSG
10-Jun-2024 19:22:25 CEST  Fallback request to file root://xrootd-cms.infn.it//store/mc/RunIISummer20UL16MiniAODAPVv2/QCD_Pt_30to50_TuneCP5_13TeV_pythia8/MINIAODSIM/106X_mcRun2_asymptotic_preVFP_v11-v1/70000/9EF54B5A-B5DE-B040-9DFD-D0F2ABD5FC66.root
%MSG-w XrdAdaptor:  file_open 10-Jun-2024 19:22:37 CEST PostProcessEvent
Data is served from T2_US_Florida instead of original site T2_FR_GRIF_LLR
%MSG
10-Jun-2024 19:22:38 CEST  Successfully opened file root://xrootd-cms.infn.it//store/mc/RunIISummer20UL16MiniAODAPVv2/QCD_Pt_30to50_TuneCP5_13TeV_pythia8/MINIAODSIM/106X_mcRun2_asymptotic_preVFP_v11-v1/70000/9EF54B5A-B5DE-B040-9DFD-D0F2ABD5FC66.root
10-Jun-2024 19:22:45 CEST  Closed file root://xrootd-cms.infn.it//store/mc/RunIISummer20UL16MiniAODAPVv2/QCD_Pt_30to50_TuneCP5_13TeV_pythia8/MINIAODSIM/106X_mcRun2_asymptotic_preVFP_v11-v1/70000/9EF54B5A-B5DE-B040-9DFD-D0F2ABD5FC66.root

------------------------------------
GenXsecAnalyzer:
------------------------------------
Before Filter: total cross section = 1.068e+08 +- 5.541e+04 pb
Filter efficiency (taking into account weights)= (1e+06) / (1e+06) = 1.000e+00 +- 0.000e+00
Filter efficiency (event-level)= (1e+06) / (1e+06) = 1.000e+00 +- 0.000e+00    [TO BE USED IN MCM]

After filter: final cross section = 1.068e+08 +- 5.541e+04 pb
After filter: final fraction of events with negative weights = 0.000e+00 +- 0.000e+00
After filter: final equivalent lumi for 1M events (1/fb) = 9.360e-06 +- 1.054e-08

=============================================

MessageLogger Summary

 type     category        sev    module        subroutine        count    total
 ---- -------------------- -- ---------------- ----------------  -----    -----
    1 GenXSecAnalyzer      -w GenXSecAnalyzer:                       7        7
    2 XrdAdaptor           -w file_open                              8        8
    3 XrdAdaptorInternal   -w file_open                             16       16
    4 fileAction           -s file_close                             8        8
    5 fileAction           -s file_open                             24       24

 type    category    Examples: run/evt        run/evt          run/evt
 ---- -------------------- ---------------- ---------------- ----------------
    1 GenXSecAnalyzer      PostGlobalEndRun PostGlobalEndRun PostGlobalEndRun
    2 XrdAdaptor           pre-events       PostProcessEvent PostProcessEvent
    3 XrdAdaptorInternal   pre-events       pre-events       PostProcessEvent
    4 fileAction           PostProcessEvent PostProcessEvent PostGlobalEndRun
    5 fileAction           pre-events       pre-events       PostProcessEvent

Severity    # Occurrences   Total Occurrences
--------    -------------   -----------------
Warning                31                  31
System                 32                  32

dropped waiting message count 0
