10-Jun-2024 19:33:05 CEST  Initiating request to open file root://eoscms.cern.ch//eos/cms/store/mc/RunIISummer20UL16MiniAODAPVv2/QCD_Pt_120to170_TuneCP5_13TeV_pythia8/MINIAODSIM/106X_mcRun2_asymptotic_preVFP_v11-v1/70000/FF2F55D7-6705-E34B-857D-57276662E5D0.root
%MSG-w XrdAdaptorInternal:  file_open 10-Jun-2024 19:33:06 CEST pre-events
Failed to open file at URL root://eoscms.cern.ch:1094//eos/cms/store/mc/RunIISummer20UL16MiniAODAPVv2/QCD_Pt_120to170_TuneCP5_13TeV_pythia8/MINIAODSIM/106X_mcRun2_asymptotic_preVFP_v11-v1/70000/FF2F55D7-6705-E34B-857D-57276662E5D0.root.
%MSG
%MSG-w XrdAdaptorInternal:  file_open 10-Jun-2024 19:33:06 CEST pre-events
Failed to open file at URL root://eoscms.cern.ch:1094//eos/cms/store/mc/RunIISummer20UL16MiniAODAPVv2/QCD_Pt_120to170_TuneCP5_13TeV_pythia8/MINIAODSIM/106X_mcRun2_asymptotic_preVFP_v11-v1/70000/FF2F55D7-6705-E34B-857D-57276662E5D0.root?tried=.
%MSG
10-Jun-2024 19:33:06 CEST  Fallback request to file root://xrootd-cms.infn.it//store/mc/RunIISummer20UL16MiniAODAPVv2/QCD_Pt_120to170_TuneCP5_13TeV_pythia8/MINIAODSIM/106X_mcRun2_asymptotic_preVFP_v11-v1/70000/FF2F55D7-6705-E34B-857D-57276662E5D0.root
%MSG-w XrdAdaptor:  file_open 10-Jun-2024 19:33:22 CEST pre-events
Data is served from T2_US_Wisconsin instead of original site T2_FR_GRIF_LLR
%MSG
10-Jun-2024 19:33:26 CEST  Successfully opened file root://xrootd-cms.infn.it//store/mc/RunIISummer20UL16MiniAODAPVv2/QCD_Pt_120to170_TuneCP5_13TeV_pythia8/MINIAODSIM/106X_mcRun2_asymptotic_preVFP_v11-v1/70000/FF2F55D7-6705-E34B-857D-57276662E5D0.root
Begin processing the 1st record. Run 1, Event 24648009, LumiSection 24649 on stream 0 at 10-Jun-2024 19:33:32.559 CEST
10-Jun-2024 19:33:33 CEST  Closed file root://xrootd-cms.infn.it//store/mc/RunIISummer20UL16MiniAODAPVv2/QCD_Pt_120to170_TuneCP5_13TeV_pythia8/MINIAODSIM/106X_mcRun2_asymptotic_preVFP_v11-v1/70000/FF2F55D7-6705-E34B-857D-57276662E5D0.root
10-Jun-2024 19:33:33 CEST  Initiating request to open file root://eoscms.cern.ch//eos/cms/store/mc/RunIISummer20UL16MiniAODAPVv2/QCD_Pt_120to170_TuneCP5_13TeV_pythia8/MINIAODSIM/106X_mcRun2_asymptotic_preVFP_v11-v1/130000/BBA8D99C-2A90-0C43-BFC5-DAAE018B5B2C.root
%MSG-w XrdAdaptorInternal:  file_open 10-Jun-2024 19:33:34 CEST PostProcessEvent
Failed to open file at URL root://eoscms.cern.ch:1094//eos/cms/store/mc/RunIISummer20UL16MiniAODAPVv2/QCD_Pt_120to170_TuneCP5_13TeV_pythia8/MINIAODSIM/106X_mcRun2_asymptotic_preVFP_v11-v1/130000/BBA8D99C-2A90-0C43-BFC5-DAAE018B5B2C.root.
%MSG
%MSG-w XrdAdaptorInternal:  file_open 10-Jun-2024 19:33:34 CEST PostProcessEvent
Failed to open file at URL root://eoscms.cern.ch:1094//eos/cms/store/mc/RunIISummer20UL16MiniAODAPVv2/QCD_Pt_120to170_TuneCP5_13TeV_pythia8/MINIAODSIM/106X_mcRun2_asymptotic_preVFP_v11-v1/130000/BBA8D99C-2A90-0C43-BFC5-DAAE018B5B2C.root?tried=.
%MSG
10-Jun-2024 19:33:34 CEST  Fallback request to file root://xrootd-cms.infn.it//store/mc/RunIISummer20UL16MiniAODAPVv2/QCD_Pt_120to170_TuneCP5_13TeV_pythia8/MINIAODSIM/106X_mcRun2_asymptotic_preVFP_v11-v1/130000/BBA8D99C-2A90-0C43-BFC5-DAAE018B5B2C.root
Unable to load sec.protocol plugin libXrdSecztn.so
%MSG-w XrdAdaptor:  file_open 10-Jun-2024 19:33:49 CEST PostProcessEvent
Data is served from fnal.gov instead of original site T2_FR_GRIF_LLR
%MSG
10-Jun-2024 19:33:50 CEST  Successfully opened file root://xrootd-cms.infn.it//store/mc/RunIISummer20UL16MiniAODAPVv2/QCD_Pt_120to170_TuneCP5_13TeV_pythia8/MINIAODSIM/106X_mcRun2_asymptotic_preVFP_v11-v1/130000/BBA8D99C-2A90-0C43-BFC5-DAAE018B5B2C.root
Unable to load sec.protocol plugin libXrdSecztn.so
Begin processing the 100001st record. Run 1, Event 13737014, LumiSection 13738 on stream 0 at 10-Jun-2024 19:34:00.273 CEST
10-Jun-2024 19:34:01 CEST  Closed file root://xrootd-cms.infn.it//store/mc/RunIISummer20UL16MiniAODAPVv2/QCD_Pt_120to170_TuneCP5_13TeV_pythia8/MINIAODSIM/106X_mcRun2_asymptotic_preVFP_v11-v1/130000/BBA8D99C-2A90-0C43-BFC5-DAAE018B5B2C.root
10-Jun-2024 19:34:01 CEST  Initiating request to open file root://eoscms.cern.ch//eos/cms/store/mc/RunIISummer20UL16MiniAODAPVv2/QCD_Pt_120to170_TuneCP5_13TeV_pythia8/MINIAODSIM/106X_mcRun2_asymptotic_preVFP_v11-v1/130000/0D37F9B6-369C-094D-9FD5-D734997D66F3.root
%MSG-w XrdAdaptorInternal:  file_open 10-Jun-2024 19:34:02 CEST PostProcessEvent
Failed to open file at URL root://eoscms.cern.ch:1094//eos/cms/store/mc/RunIISummer20UL16MiniAODAPVv2/QCD_Pt_120to170_TuneCP5_13TeV_pythia8/MINIAODSIM/106X_mcRun2_asymptotic_preVFP_v11-v1/130000/0D37F9B6-369C-094D-9FD5-D734997D66F3.root.
%MSG
%MSG-w XrdAdaptorInternal:  file_open 10-Jun-2024 19:34:02 CEST PostProcessEvent
Failed to open file at URL root://eoscms.cern.ch:1094//eos/cms/store/mc/RunIISummer20UL16MiniAODAPVv2/QCD_Pt_120to170_TuneCP5_13TeV_pythia8/MINIAODSIM/106X_mcRun2_asymptotic_preVFP_v11-v1/130000/0D37F9B6-369C-094D-9FD5-D734997D66F3.root?tried=.
%MSG
10-Jun-2024 19:34:02 CEST  Fallback request to file root://xrootd-cms.infn.it//store/mc/RunIISummer20UL16MiniAODAPVv2/QCD_Pt_120to170_TuneCP5_13TeV_pythia8/MINIAODSIM/106X_mcRun2_asymptotic_preVFP_v11-v1/130000/0D37F9B6-369C-094D-9FD5-D734997D66F3.root
Unable to load sec.protocol plugin libXrdSecztn.so
%MSG-w XrdAdaptor:  file_open 10-Jun-2024 19:34:15 CEST PostProcessEvent
Data is served from fnal.gov instead of original site T2_FR_GRIF_LLR
%MSG
10-Jun-2024 19:34:16 CEST  Successfully opened file root://xrootd-cms.infn.it//store/mc/RunIISummer20UL16MiniAODAPVv2/QCD_Pt_120to170_TuneCP5_13TeV_pythia8/MINIAODSIM/106X_mcRun2_asymptotic_preVFP_v11-v1/130000/0D37F9B6-369C-094D-9FD5-D734997D66F3.root
Begin processing the 200001st record. Run 1, Event 14066003, LumiSection 14067 on stream 0 at 10-Jun-2024 19:34:24.755 CEST
10-Jun-2024 19:34:25 CEST  Closed file root://xrootd-cms.infn.it//store/mc/RunIISummer20UL16MiniAODAPVv2/QCD_Pt_120to170_TuneCP5_13TeV_pythia8/MINIAODSIM/106X_mcRun2_asymptotic_preVFP_v11-v1/130000/0D37F9B6-369C-094D-9FD5-D734997D66F3.root
10-Jun-2024 19:34:25 CEST  Initiating request to open file root://eoscms.cern.ch//eos/cms/store/mc/RunIISummer20UL16MiniAODAPVv2/QCD_Pt_120to170_TuneCP5_13TeV_pythia8/MINIAODSIM/106X_mcRun2_asymptotic_preVFP_v11-v1/130000/40D3ADEC-BB8C-114C-B1D3-7BBD163FD034.root
%MSG-w XrdAdaptorInternal:  file_open 10-Jun-2024 19:34:26 CEST PostProcessEvent
Failed to open file at URL root://eoscms.cern.ch:1094//eos/cms/store/mc/RunIISummer20UL16MiniAODAPVv2/QCD_Pt_120to170_TuneCP5_13TeV_pythia8/MINIAODSIM/106X_mcRun2_asymptotic_preVFP_v11-v1/130000/40D3ADEC-BB8C-114C-B1D3-7BBD163FD034.root.
%MSG
%MSG-w XrdAdaptorInternal:  file_open 10-Jun-2024 19:34:26 CEST PostProcessEvent
Failed to open file at URL root://eoscms.cern.ch:1094//eos/cms/store/mc/RunIISummer20UL16MiniAODAPVv2/QCD_Pt_120to170_TuneCP5_13TeV_pythia8/MINIAODSIM/106X_mcRun2_asymptotic_preVFP_v11-v1/130000/40D3ADEC-BB8C-114C-B1D3-7BBD163FD034.root?tried=.
%MSG
10-Jun-2024 19:34:26 CEST  Fallback request to file root://xrootd-cms.infn.it//store/mc/RunIISummer20UL16MiniAODAPVv2/QCD_Pt_120to170_TuneCP5_13TeV_pythia8/MINIAODSIM/106X_mcRun2_asymptotic_preVFP_v11-v1/130000/40D3ADEC-BB8C-114C-B1D3-7BBD163FD034.root
%MSG-w XrdAdaptor:  file_open 10-Jun-2024 19:34:39 CEST PostProcessEvent
Data is served from fnal.gov instead of original site T2_FR_GRIF_LLR
%MSG
10-Jun-2024 19:34:40 CEST  Successfully opened file root://xrootd-cms.infn.it//store/mc/RunIISummer20UL16MiniAODAPVv2/QCD_Pt_120to170_TuneCP5_13TeV_pythia8/MINIAODSIM/106X_mcRun2_asymptotic_preVFP_v11-v1/130000/40D3ADEC-BB8C-114C-B1D3-7BBD163FD034.root
Begin processing the 300001st record. Run 1, Event 14196011, LumiSection 14197 on stream 0 at 10-Jun-2024 19:34:49.110 CEST
10-Jun-2024 19:34:50 CEST  Closed file root://xrootd-cms.infn.it//store/mc/RunIISummer20UL16MiniAODAPVv2/QCD_Pt_120to170_TuneCP5_13TeV_pythia8/MINIAODSIM/106X_mcRun2_asymptotic_preVFP_v11-v1/130000/40D3ADEC-BB8C-114C-B1D3-7BBD163FD034.root
10-Jun-2024 19:34:50 CEST  Initiating request to open file root://eoscms.cern.ch//eos/cms/store/mc/RunIISummer20UL16MiniAODAPVv2/QCD_Pt_120to170_TuneCP5_13TeV_pythia8/MINIAODSIM/106X_mcRun2_asymptotic_preVFP_v11-v1/130000/40896F4E-5894-F544-956A-D9486EDA8236.root
%MSG-w XrdAdaptorInternal:  file_open 10-Jun-2024 19:34:51 CEST PostProcessEvent
Failed to open file at URL root://eoscms.cern.ch:1094//eos/cms/store/mc/RunIISummer20UL16MiniAODAPVv2/QCD_Pt_120to170_TuneCP5_13TeV_pythia8/MINIAODSIM/106X_mcRun2_asymptotic_preVFP_v11-v1/130000/40896F4E-5894-F544-956A-D9486EDA8236.root.
%MSG
%MSG-w XrdAdaptorInternal:  file_open 10-Jun-2024 19:34:51 CEST PostProcessEvent
Failed to open file at URL root://eoscms.cern.ch:1094//eos/cms/store/mc/RunIISummer20UL16MiniAODAPVv2/QCD_Pt_120to170_TuneCP5_13TeV_pythia8/MINIAODSIM/106X_mcRun2_asymptotic_preVFP_v11-v1/130000/40896F4E-5894-F544-956A-D9486EDA8236.root?tried=.
%MSG
10-Jun-2024 19:34:51 CEST  Fallback request to file root://xrootd-cms.infn.it//store/mc/RunIISummer20UL16MiniAODAPVv2/QCD_Pt_120to170_TuneCP5_13TeV_pythia8/MINIAODSIM/106X_mcRun2_asymptotic_preVFP_v11-v1/130000/40896F4E-5894-F544-956A-D9486EDA8236.root
%MSG-w XrdAdaptor:  file_open 10-Jun-2024 19:35:03 CEST PostProcessEvent
Data is served from fnal.gov instead of original site T2_FR_GRIF_LLR
%MSG
10-Jun-2024 19:35:04 CEST  Successfully opened file root://xrootd-cms.infn.it//store/mc/RunIISummer20UL16MiniAODAPVv2/QCD_Pt_120to170_TuneCP5_13TeV_pythia8/MINIAODSIM/106X_mcRun2_asymptotic_preVFP_v11-v1/130000/40896F4E-5894-F544-956A-D9486EDA8236.root
Begin processing the 400001st record. Run 1, Event 16288009, LumiSection 16289 on stream 0 at 10-Jun-2024 19:35:12.874 CEST
10-Jun-2024 19:35:14 CEST  Closed file root://xrootd-cms.infn.it//store/mc/RunIISummer20UL16MiniAODAPVv2/QCD_Pt_120to170_TuneCP5_13TeV_pythia8/MINIAODSIM/106X_mcRun2_asymptotic_preVFP_v11-v1/130000/40896F4E-5894-F544-956A-D9486EDA8236.root
10-Jun-2024 19:35:14 CEST  Initiating request to open file root://eoscms.cern.ch//eos/cms/store/mc/RunIISummer20UL16MiniAODAPVv2/QCD_Pt_120to170_TuneCP5_13TeV_pythia8/MINIAODSIM/106X_mcRun2_asymptotic_preVFP_v11-v1/130000/C588F35C-72EF-964F-A503-554545AA26F6.root
%MSG-w XrdAdaptorInternal:  file_open 10-Jun-2024 19:35:15 CEST PostProcessEvent
Failed to open file at URL root://eoscms.cern.ch:1094//eos/cms/store/mc/RunIISummer20UL16MiniAODAPVv2/QCD_Pt_120to170_TuneCP5_13TeV_pythia8/MINIAODSIM/106X_mcRun2_asymptotic_preVFP_v11-v1/130000/C588F35C-72EF-964F-A503-554545AA26F6.root.
%MSG
%MSG-w XrdAdaptorInternal:  file_open 10-Jun-2024 19:35:15 CEST PostProcessEvent
Failed to open file at URL root://eoscms.cern.ch:1094//eos/cms/store/mc/RunIISummer20UL16MiniAODAPVv2/QCD_Pt_120to170_TuneCP5_13TeV_pythia8/MINIAODSIM/106X_mcRun2_asymptotic_preVFP_v11-v1/130000/C588F35C-72EF-964F-A503-554545AA26F6.root?tried=.
%MSG
10-Jun-2024 19:35:15 CEST  Fallback request to file root://xrootd-cms.infn.it//store/mc/RunIISummer20UL16MiniAODAPVv2/QCD_Pt_120to170_TuneCP5_13TeV_pythia8/MINIAODSIM/106X_mcRun2_asymptotic_preVFP_v11-v1/130000/C588F35C-72EF-964F-A503-554545AA26F6.root
%MSG-w XrdAdaptor:  file_open 10-Jun-2024 19:35:27 CEST PostProcessEvent
Data is served from fnal.gov instead of original site T2_FR_GRIF_LLR
%MSG
10-Jun-2024 19:35:28 CEST  Successfully opened file root://xrootd-cms.infn.it//store/mc/RunIISummer20UL16MiniAODAPVv2/QCD_Pt_120to170_TuneCP5_13TeV_pythia8/MINIAODSIM/106X_mcRun2_asymptotic_preVFP_v11-v1/130000/C588F35C-72EF-964F-A503-554545AA26F6.root
Begin processing the 500001st record. Run 1, Event 14820002, LumiSection 14821 on stream 0 at 10-Jun-2024 19:35:35.871 CEST
10-Jun-2024 19:35:37 CEST  Closed file root://xrootd-cms.infn.it//store/mc/RunIISummer20UL16MiniAODAPVv2/QCD_Pt_120to170_TuneCP5_13TeV_pythia8/MINIAODSIM/106X_mcRun2_asymptotic_preVFP_v11-v1/130000/C588F35C-72EF-964F-A503-554545AA26F6.root
10-Jun-2024 19:35:37 CEST  Initiating request to open file root://eoscms.cern.ch//eos/cms/store/mc/RunIISummer20UL16MiniAODAPVv2/QCD_Pt_120to170_TuneCP5_13TeV_pythia8/MINIAODSIM/106X_mcRun2_asymptotic_preVFP_v11-v1/130000/75B1C51D-BEF9-2B42-B4AC-91AD3E8A1962.root
%MSG-w XrdAdaptorInternal:  file_open 10-Jun-2024 19:35:38 CEST PostProcessEvent
Failed to open file at URL root://eoscms.cern.ch:1094//eos/cms/store/mc/RunIISummer20UL16MiniAODAPVv2/QCD_Pt_120to170_TuneCP5_13TeV_pythia8/MINIAODSIM/106X_mcRun2_asymptotic_preVFP_v11-v1/130000/75B1C51D-BEF9-2B42-B4AC-91AD3E8A1962.root.
%MSG
%MSG-w XrdAdaptorInternal:  file_open 10-Jun-2024 19:35:38 CEST PostProcessEvent
Failed to open file at URL root://eoscms.cern.ch:1094//eos/cms/store/mc/RunIISummer20UL16MiniAODAPVv2/QCD_Pt_120to170_TuneCP5_13TeV_pythia8/MINIAODSIM/106X_mcRun2_asymptotic_preVFP_v11-v1/130000/75B1C51D-BEF9-2B42-B4AC-91AD3E8A1962.root?tried=.
%MSG
10-Jun-2024 19:35:38 CEST  Fallback request to file root://xrootd-cms.infn.it//store/mc/RunIISummer20UL16MiniAODAPVv2/QCD_Pt_120to170_TuneCP5_13TeV_pythia8/MINIAODSIM/106X_mcRun2_asymptotic_preVFP_v11-v1/130000/75B1C51D-BEF9-2B42-B4AC-91AD3E8A1962.root
%MSG-w XrdAdaptor:  file_open 10-Jun-2024 19:35:50 CEST PostProcessEvent
Data is served from fnal.gov instead of original site T2_FR_GRIF_LLR
%MSG
10-Jun-2024 19:35:51 CEST  Successfully opened file root://xrootd-cms.infn.it//store/mc/RunIISummer20UL16MiniAODAPVv2/QCD_Pt_120to170_TuneCP5_13TeV_pythia8/MINIAODSIM/106X_mcRun2_asymptotic_preVFP_v11-v1/130000/75B1C51D-BEF9-2B42-B4AC-91AD3E8A1962.root
Begin processing the 600001st record. Run 1, Event 16472015, LumiSection 16473 on stream 0 at 10-Jun-2024 19:35:59.774 CEST
10-Jun-2024 19:36:01 CEST  Closed file root://xrootd-cms.infn.it//store/mc/RunIISummer20UL16MiniAODAPVv2/QCD_Pt_120to170_TuneCP5_13TeV_pythia8/MINIAODSIM/106X_mcRun2_asymptotic_preVFP_v11-v1/130000/75B1C51D-BEF9-2B42-B4AC-91AD3E8A1962.root
10-Jun-2024 19:36:01 CEST  Initiating request to open file root://eoscms.cern.ch//eos/cms/store/mc/RunIISummer20UL16MiniAODAPVv2/QCD_Pt_120to170_TuneCP5_13TeV_pythia8/MINIAODSIM/106X_mcRun2_asymptotic_preVFP_v11-v1/130000/02359162-7E01-F840-99AA-280A4C70546E.root
%MSG-w XrdAdaptorInternal:  file_open 10-Jun-2024 19:36:02 CEST PostProcessEvent
Failed to open file at URL root://eoscms.cern.ch:1094//eos/cms/store/mc/RunIISummer20UL16MiniAODAPVv2/QCD_Pt_120to170_TuneCP5_13TeV_pythia8/MINIAODSIM/106X_mcRun2_asymptotic_preVFP_v11-v1/130000/02359162-7E01-F840-99AA-280A4C70546E.root.
%MSG
%MSG-w XrdAdaptorInternal:  file_open 10-Jun-2024 19:36:02 CEST PostProcessEvent
Failed to open file at URL root://eoscms.cern.ch:1094//eos/cms/store/mc/RunIISummer20UL16MiniAODAPVv2/QCD_Pt_120to170_TuneCP5_13TeV_pythia8/MINIAODSIM/106X_mcRun2_asymptotic_preVFP_v11-v1/130000/02359162-7E01-F840-99AA-280A4C70546E.root?tried=.
%MSG
10-Jun-2024 19:36:02 CEST  Fallback request to file root://xrootd-cms.infn.it//store/mc/RunIISummer20UL16MiniAODAPVv2/QCD_Pt_120to170_TuneCP5_13TeV_pythia8/MINIAODSIM/106X_mcRun2_asymptotic_preVFP_v11-v1/130000/02359162-7E01-F840-99AA-280A4C70546E.root
%MSG-w XrdAdaptor:  file_open 10-Jun-2024 19:36:15 CEST PostProcessEvent
Data is served from fnal.gov instead of original site T2_FR_GRIF_LLR
%MSG
10-Jun-2024 19:36:16 CEST  Successfully opened file root://xrootd-cms.infn.it//store/mc/RunIISummer20UL16MiniAODAPVv2/QCD_Pt_120to170_TuneCP5_13TeV_pythia8/MINIAODSIM/106X_mcRun2_asymptotic_preVFP_v11-v1/130000/02359162-7E01-F840-99AA-280A4C70546E.root
Begin processing the 700001st record. Run 1, Event 16593005, LumiSection 16594 on stream 0 at 10-Jun-2024 19:36:25.299 CEST
10-Jun-2024 19:36:26 CEST  Closed file root://xrootd-cms.infn.it//store/mc/RunIISummer20UL16MiniAODAPVv2/QCD_Pt_120to170_TuneCP5_13TeV_pythia8/MINIAODSIM/106X_mcRun2_asymptotic_preVFP_v11-v1/130000/02359162-7E01-F840-99AA-280A4C70546E.root
10-Jun-2024 19:36:26 CEST  Initiating request to open file root://eoscms.cern.ch//eos/cms/store/mc/RunIISummer20UL16MiniAODAPVv2/QCD_Pt_120to170_TuneCP5_13TeV_pythia8/MINIAODSIM/106X_mcRun2_asymptotic_preVFP_v11-v1/130000/28AC2EDF-B5E8-EA47-BF2B-884F4CEF0585.root
%MSG-w XrdAdaptorInternal:  file_open 10-Jun-2024 19:36:27 CEST PostProcessEvent
Failed to open file at URL root://eoscms.cern.ch:1094//eos/cms/store/mc/RunIISummer20UL16MiniAODAPVv2/QCD_Pt_120to170_TuneCP5_13TeV_pythia8/MINIAODSIM/106X_mcRun2_asymptotic_preVFP_v11-v1/130000/28AC2EDF-B5E8-EA47-BF2B-884F4CEF0585.root.
%MSG
%MSG-w XrdAdaptorInternal:  file_open 10-Jun-2024 19:36:27 CEST PostProcessEvent
Failed to open file at URL root://eoscms.cern.ch:1094//eos/cms/store/mc/RunIISummer20UL16MiniAODAPVv2/QCD_Pt_120to170_TuneCP5_13TeV_pythia8/MINIAODSIM/106X_mcRun2_asymptotic_preVFP_v11-v1/130000/28AC2EDF-B5E8-EA47-BF2B-884F4CEF0585.root?tried=.
%MSG
10-Jun-2024 19:36:27 CEST  Fallback request to file root://xrootd-cms.infn.it//store/mc/RunIISummer20UL16MiniAODAPVv2/QCD_Pt_120to170_TuneCP5_13TeV_pythia8/MINIAODSIM/106X_mcRun2_asymptotic_preVFP_v11-v1/130000/28AC2EDF-B5E8-EA47-BF2B-884F4CEF0585.root
%MSG-w XrdAdaptor:  file_open 10-Jun-2024 19:36:40 CEST PostProcessEvent
Data is served from fnal.gov instead of original site T2_FR_GRIF_LLR
%MSG
10-Jun-2024 19:36:41 CEST  Successfully opened file root://xrootd-cms.infn.it//store/mc/RunIISummer20UL16MiniAODAPVv2/QCD_Pt_120to170_TuneCP5_13TeV_pythia8/MINIAODSIM/106X_mcRun2_asymptotic_preVFP_v11-v1/130000/28AC2EDF-B5E8-EA47-BF2B-884F4CEF0585.root
Begin processing the 800001st record. Run 1, Event 18020008, LumiSection 18021 on stream 0 at 10-Jun-2024 19:36:49.488 CEST
10-Jun-2024 19:36:49 CEST  Closed file root://xrootd-cms.infn.it//store/mc/RunIISummer20UL16MiniAODAPVv2/QCD_Pt_120to170_TuneCP5_13TeV_pythia8/MINIAODSIM/106X_mcRun2_asymptotic_preVFP_v11-v1/130000/28AC2EDF-B5E8-EA47-BF2B-884F4CEF0585.root
10-Jun-2024 19:36:49 CEST  Initiating request to open file root://eoscms.cern.ch//eos/cms/store/mc/RunIISummer20UL16MiniAODAPVv2/QCD_Pt_120to170_TuneCP5_13TeV_pythia8/MINIAODSIM/106X_mcRun2_asymptotic_preVFP_v11-v1/130000/78031177-C879-7A47-96E5-3C1580962FA7.root
%MSG-w XrdAdaptorInternal:  file_open 10-Jun-2024 19:36:50 CEST PostProcessEvent
Failed to open file at URL root://eoscms.cern.ch:1094//eos/cms/store/mc/RunIISummer20UL16MiniAODAPVv2/QCD_Pt_120to170_TuneCP5_13TeV_pythia8/MINIAODSIM/106X_mcRun2_asymptotic_preVFP_v11-v1/130000/78031177-C879-7A47-96E5-3C1580962FA7.root.
%MSG
%MSG-w XrdAdaptorInternal:  file_open 10-Jun-2024 19:36:50 CEST PostProcessEvent
Failed to open file at URL root://eoscms.cern.ch:1094//eos/cms/store/mc/RunIISummer20UL16MiniAODAPVv2/QCD_Pt_120to170_TuneCP5_13TeV_pythia8/MINIAODSIM/106X_mcRun2_asymptotic_preVFP_v11-v1/130000/78031177-C879-7A47-96E5-3C1580962FA7.root?tried=.
%MSG
10-Jun-2024 19:36:50 CEST  Fallback request to file root://xrootd-cms.infn.it//store/mc/RunIISummer20UL16MiniAODAPVv2/QCD_Pt_120to170_TuneCP5_13TeV_pythia8/MINIAODSIM/106X_mcRun2_asymptotic_preVFP_v11-v1/130000/78031177-C879-7A47-96E5-3C1580962FA7.root
%MSG-w XrdAdaptor:  file_open 10-Jun-2024 19:37:03 CEST PostProcessEvent
Data is served from fnal.gov instead of original site T2_FR_GRIF_LLR
%MSG
10-Jun-2024 19:37:04 CEST  Successfully opened file root://xrootd-cms.infn.it//store/mc/RunIISummer20UL16MiniAODAPVv2/QCD_Pt_120to170_TuneCP5_13TeV_pythia8/MINIAODSIM/106X_mcRun2_asymptotic_preVFP_v11-v1/130000/78031177-C879-7A47-96E5-3C1580962FA7.root
10-Jun-2024 19:37:13 CEST  Closed file root://xrootd-cms.infn.it//store/mc/RunIISummer20UL16MiniAODAPVv2/QCD_Pt_120to170_TuneCP5_13TeV_pythia8/MINIAODSIM/106X_mcRun2_asymptotic_preVFP_v11-v1/130000/78031177-C879-7A47-96E5-3C1580962FA7.root
10-Jun-2024 19:37:13 CEST  Initiating request to open file root://eoscms.cern.ch//eos/cms/store/mc/RunIISummer20UL16MiniAODAPVv2/QCD_Pt_120to170_TuneCP5_13TeV_pythia8/MINIAODSIM/106X_mcRun2_asymptotic_preVFP_v11-v1/130000/7317BF2F-9BA2-C949-B2A7-D1CFF13B4CD3.root
%MSG-w XrdAdaptorInternal:  file_open 10-Jun-2024 19:37:14 CEST PostProcessEvent
Failed to open file at URL root://eoscms.cern.ch:1094//eos/cms/store/mc/RunIISummer20UL16MiniAODAPVv2/QCD_Pt_120to170_TuneCP5_13TeV_pythia8/MINIAODSIM/106X_mcRun2_asymptotic_preVFP_v11-v1/130000/7317BF2F-9BA2-C949-B2A7-D1CFF13B4CD3.root.
%MSG
%MSG-w XrdAdaptorInternal:  file_open 10-Jun-2024 19:37:14 CEST PostProcessEvent
Failed to open file at URL root://eoscms.cern.ch:1094//eos/cms/store/mc/RunIISummer20UL16MiniAODAPVv2/QCD_Pt_120to170_TuneCP5_13TeV_pythia8/MINIAODSIM/106X_mcRun2_asymptotic_preVFP_v11-v1/130000/7317BF2F-9BA2-C949-B2A7-D1CFF13B4CD3.root?tried=.
%MSG
10-Jun-2024 19:37:14 CEST  Fallback request to file root://xrootd-cms.infn.it//store/mc/RunIISummer20UL16MiniAODAPVv2/QCD_Pt_120to170_TuneCP5_13TeV_pythia8/MINIAODSIM/106X_mcRun2_asymptotic_preVFP_v11-v1/130000/7317BF2F-9BA2-C949-B2A7-D1CFF13B4CD3.root
%MSG-w XrdAdaptor:  file_open 10-Jun-2024 19:37:27 CEST PostProcessEvent
Data is served from fnal.gov instead of original site T2_FR_GRIF_LLR
%MSG
10-Jun-2024 19:37:28 CEST  Successfully opened file root://xrootd-cms.infn.it//store/mc/RunIISummer20UL16MiniAODAPVv2/QCD_Pt_120to170_TuneCP5_13TeV_pythia8/MINIAODSIM/106X_mcRun2_asymptotic_preVFP_v11-v1/130000/7317BF2F-9BA2-C949-B2A7-D1CFF13B4CD3.root
Begin processing the 900001st record. Run 1, Event 28602004, LumiSection 28603 on stream 0 at 10-Jun-2024 19:37:34.490 CEST
10-Jun-2024 19:37:36 CEST  Closed file root://xrootd-cms.infn.it//store/mc/RunIISummer20UL16MiniAODAPVv2/QCD_Pt_120to170_TuneCP5_13TeV_pythia8/MINIAODSIM/106X_mcRun2_asymptotic_preVFP_v11-v1/130000/7317BF2F-9BA2-C949-B2A7-D1CFF13B4CD3.root
10-Jun-2024 19:37:36 CEST  Initiating request to open file root://eoscms.cern.ch//eos/cms/store/mc/RunIISummer20UL16MiniAODAPVv2/QCD_Pt_120to170_TuneCP5_13TeV_pythia8/MINIAODSIM/106X_mcRun2_asymptotic_preVFP_v11-v1/130000/18691E8E-3291-6B45-B428-D73B8A9ED173.root
%MSG-w XrdAdaptorInternal:  file_open 10-Jun-2024 19:37:37 CEST PostProcessEvent
Failed to open file at URL root://eoscms.cern.ch:1094//eos/cms/store/mc/RunIISummer20UL16MiniAODAPVv2/QCD_Pt_120to170_TuneCP5_13TeV_pythia8/MINIAODSIM/106X_mcRun2_asymptotic_preVFP_v11-v1/130000/18691E8E-3291-6B45-B428-D73B8A9ED173.root.
%MSG
%MSG-w XrdAdaptorInternal:  file_open 10-Jun-2024 19:37:37 CEST PostProcessEvent
Failed to open file at URL root://eoscms.cern.ch:1094//eos/cms/store/mc/RunIISummer20UL16MiniAODAPVv2/QCD_Pt_120to170_TuneCP5_13TeV_pythia8/MINIAODSIM/106X_mcRun2_asymptotic_preVFP_v11-v1/130000/18691E8E-3291-6B45-B428-D73B8A9ED173.root?tried=.
%MSG
10-Jun-2024 19:37:37 CEST  Fallback request to file root://xrootd-cms.infn.it//store/mc/RunIISummer20UL16MiniAODAPVv2/QCD_Pt_120to170_TuneCP5_13TeV_pythia8/MINIAODSIM/106X_mcRun2_asymptotic_preVFP_v11-v1/130000/18691E8E-3291-6B45-B428-D73B8A9ED173.root
%MSG-w XrdAdaptor:  file_open 10-Jun-2024 19:37:49 CEST PostProcessEvent
Data is served from fnal.gov instead of original site T2_FR_GRIF_LLR
%MSG
10-Jun-2024 19:37:50 CEST  Successfully opened file root://xrootd-cms.infn.it//store/mc/RunIISummer20UL16MiniAODAPVv2/QCD_Pt_120to170_TuneCP5_13TeV_pythia8/MINIAODSIM/106X_mcRun2_asymptotic_preVFP_v11-v1/130000/18691E8E-3291-6B45-B428-D73B8A9ED173.root
10-Jun-2024 19:37:59 CEST  Closed file root://xrootd-cms.infn.it//store/mc/RunIISummer20UL16MiniAODAPVv2/QCD_Pt_120to170_TuneCP5_13TeV_pythia8/MINIAODSIM/106X_mcRun2_asymptotic_preVFP_v11-v1/130000/18691E8E-3291-6B45-B428-D73B8A9ED173.root

------------------------------------
GenXsecAnalyzer:
------------------------------------
Before Filter: total cross section = 4.074e+05 +- 2.002e+02 pb
Filter efficiency (taking into account weights)= (1.00001e+06) / (1.00001e+06) = 1.000e+00 +- 0.000e+00
Filter efficiency (event-level)= (1e+06) / (1e+06) = 1.000e+00 +- 0.000e+00    [TO BE USED IN MCM]

After filter: final cross section = 4.074e+05 +- 2.002e+02 pb
After filter: final fraction of events with negative weights = 0.000e+00 +- 0.000e+00
After filter: final equivalent lumi for 1M events (1/fb) = 2.454e-03 +- 2.735e-06

=============================================

MessageLogger Summary

 type     category        sev    module        subroutine        count    total
 ---- -------------------- -- ---------------- ----------------  -----    -----
    1 GenXSecAnalyzer      -w GenXSecAnalyzer:                       7        7
    2 XrdAdaptor           -w file_open                             12       12
    3 XrdAdaptorInternal   -w file_open                             24       24
    4 fileAction           -s file_close                            12       12
    5 fileAction           -s file_open                             36       36

 type    category    Examples: run/evt        run/evt          run/evt
 ---- -------------------- ---------------- ---------------- ----------------
    1 GenXSecAnalyzer      PostGlobalEndRun PostGlobalEndRun PostGlobalEndRun
    2 XrdAdaptor           pre-events       PostProcessEvent PostProcessEvent
    3 XrdAdaptorInternal   pre-events       pre-events       PostProcessEvent
    4 fileAction           PostProcessEvent PostProcessEvent PostGlobalEndRun
    5 fileAction           pre-events       pre-events       PostProcessEvent

Severity    # Occurrences   Total Occurrences
--------    -------------   -----------------
Warning                43                  43
System                 48                  48

dropped waiting message count 0
