10-Jun-2024 20:23:51 CEST  Initiating request to open file root://eoscms.cern.ch//eos/cms/store/mc/RunIISummer20UL16MiniAODAPVv2/QCD_Pt_1800to2400_TuneCP5_13TeV_pythia8/MINIAODSIM/106X_mcRun2_asymptotic_preVFP_v11-v1/140000/91BF0F7F-DF53-974A-840A-CD0A748CB781.root
%MSG-w XrdAdaptorInternal:  file_open 10-Jun-2024 20:23:52 CEST pre-events
Failed to open file at URL root://eoscms.cern.ch:1094//eos/cms/store/mc/RunIISummer20UL16MiniAODAPVv2/QCD_Pt_1800to2400_TuneCP5_13TeV_pythia8/MINIAODSIM/106X_mcRun2_asymptotic_preVFP_v11-v1/140000/91BF0F7F-DF53-974A-840A-CD0A748CB781.root.
%MSG
%MSG-w XrdAdaptorInternal:  file_open 10-Jun-2024 20:23:52 CEST pre-events
Failed to open file at URL root://eoscms.cern.ch:1094//eos/cms/store/mc/RunIISummer20UL16MiniAODAPVv2/QCD_Pt_1800to2400_TuneCP5_13TeV_pythia8/MINIAODSIM/106X_mcRun2_asymptotic_preVFP_v11-v1/140000/91BF0F7F-DF53-974A-840A-CD0A748CB781.root?tried=.
%MSG
10-Jun-2024 20:23:52 CEST  Fallback request to file root://xrootd-cms.infn.it//store/mc/RunIISummer20UL16MiniAODAPVv2/QCD_Pt_1800to2400_TuneCP5_13TeV_pythia8/MINIAODSIM/106X_mcRun2_asymptotic_preVFP_v11-v1/140000/91BF0F7F-DF53-974A-840A-CD0A748CB781.root
%MSG-w XrdAdaptor:  file_open 10-Jun-2024 20:24:07 CEST pre-events
Data is served from T2_US_Nebraska instead of original site T2_IT_Pisa
%MSG
10-Jun-2024 20:24:11 CEST  Successfully opened file root://xrootd-cms.infn.it//store/mc/RunIISummer20UL16MiniAODAPVv2/QCD_Pt_1800to2400_TuneCP5_13TeV_pythia8/MINIAODSIM/106X_mcRun2_asymptotic_preVFP_v11-v1/140000/91BF0F7F-DF53-974A-840A-CD0A748CB781.root
Begin processing the 1st record. Run 1, Event 2, LumiSection 1 on stream 0 at 10-Jun-2024 20:24:20.167 CEST
10-Jun-2024 20:24:22 CEST  Closed file root://xrootd-cms.infn.it//store/mc/RunIISummer20UL16MiniAODAPVv2/QCD_Pt_1800to2400_TuneCP5_13TeV_pythia8/MINIAODSIM/106X_mcRun2_asymptotic_preVFP_v11-v1/140000/91BF0F7F-DF53-974A-840A-CD0A748CB781.root
10-Jun-2024 20:24:22 CEST  Initiating request to open file root://eoscms.cern.ch//eos/cms/store/mc/RunIISummer20UL16MiniAODAPVv2/QCD_Pt_1800to2400_TuneCP5_13TeV_pythia8/MINIAODSIM/106X_mcRun2_asymptotic_preVFP_v11-v1/140000/09C5C16B-EBB0-9040-B299-043E75F9D3FD.root
%MSG-w XrdAdaptorInternal:  file_open 10-Jun-2024 20:24:23 CEST PostProcessEvent
Failed to open file at URL root://eoscms.cern.ch:1094//eos/cms/store/mc/RunIISummer20UL16MiniAODAPVv2/QCD_Pt_1800to2400_TuneCP5_13TeV_pythia8/MINIAODSIM/106X_mcRun2_asymptotic_preVFP_v11-v1/140000/09C5C16B-EBB0-9040-B299-043E75F9D3FD.root.
%MSG
%MSG-w XrdAdaptorInternal:  file_open 10-Jun-2024 20:24:23 CEST PostProcessEvent
Failed to open file at URL root://eoscms.cern.ch:1094//eos/cms/store/mc/RunIISummer20UL16MiniAODAPVv2/QCD_Pt_1800to2400_TuneCP5_13TeV_pythia8/MINIAODSIM/106X_mcRun2_asymptotic_preVFP_v11-v1/140000/09C5C16B-EBB0-9040-B299-043E75F9D3FD.root?tried=.
%MSG
10-Jun-2024 20:24:23 CEST  Fallback request to file root://xrootd-cms.infn.it//store/mc/RunIISummer20UL16MiniAODAPVv2/QCD_Pt_1800to2400_TuneCP5_13TeV_pythia8/MINIAODSIM/106X_mcRun2_asymptotic_preVFP_v11-v1/140000/09C5C16B-EBB0-9040-B299-043E75F9D3FD.root
%MSG-w XrdAdaptor:  file_open 10-Jun-2024 20:24:37 CEST PostProcessEvent
Data is served from T2_US_Nebraska instead of original site T2_IT_Pisa
%MSG
10-Jun-2024 20:24:38 CEST  Successfully opened file root://xrootd-cms.infn.it//store/mc/RunIISummer20UL16MiniAODAPVv2/QCD_Pt_1800to2400_TuneCP5_13TeV_pythia8/MINIAODSIM/106X_mcRun2_asymptotic_preVFP_v11-v1/140000/09C5C16B-EBB0-9040-B299-043E75F9D3FD.root
Begin processing the 100001st record. Run 1, Event 215010, LumiSection 216 on stream 0 at 10-Jun-2024 20:24:46.509 CEST
10-Jun-2024 20:24:48 CEST  Closed file root://xrootd-cms.infn.it//store/mc/RunIISummer20UL16MiniAODAPVv2/QCD_Pt_1800to2400_TuneCP5_13TeV_pythia8/MINIAODSIM/106X_mcRun2_asymptotic_preVFP_v11-v1/140000/09C5C16B-EBB0-9040-B299-043E75F9D3FD.root
10-Jun-2024 20:24:48 CEST  Initiating request to open file root://eoscms.cern.ch//eos/cms/store/mc/RunIISummer20UL16MiniAODAPVv2/QCD_Pt_1800to2400_TuneCP5_13TeV_pythia8/MINIAODSIM/106X_mcRun2_asymptotic_preVFP_v11-v1/140000/B85A031D-2E21-1D44-828F-8780E4CE5E42.root
%MSG-w XrdAdaptorInternal:  file_open 10-Jun-2024 20:24:49 CEST PostProcessEvent
Failed to open file at URL root://eoscms.cern.ch:1094//eos/cms/store/mc/RunIISummer20UL16MiniAODAPVv2/QCD_Pt_1800to2400_TuneCP5_13TeV_pythia8/MINIAODSIM/106X_mcRun2_asymptotic_preVFP_v11-v1/140000/B85A031D-2E21-1D44-828F-8780E4CE5E42.root.
%MSG
%MSG-w XrdAdaptorInternal:  file_open 10-Jun-2024 20:24:49 CEST PostProcessEvent
Failed to open file at URL root://eoscms.cern.ch:1094//eos/cms/store/mc/RunIISummer20UL16MiniAODAPVv2/QCD_Pt_1800to2400_TuneCP5_13TeV_pythia8/MINIAODSIM/106X_mcRun2_asymptotic_preVFP_v11-v1/140000/B85A031D-2E21-1D44-828F-8780E4CE5E42.root?tried=.
%MSG
10-Jun-2024 20:24:49 CEST  Fallback request to file root://xrootd-cms.infn.it//store/mc/RunIISummer20UL16MiniAODAPVv2/QCD_Pt_1800to2400_TuneCP5_13TeV_pythia8/MINIAODSIM/106X_mcRun2_asymptotic_preVFP_v11-v1/140000/B85A031D-2E21-1D44-828F-8780E4CE5E42.root
%MSG-w XrdAdaptor:  file_open 10-Jun-2024 20:25:01 CEST PostProcessEvent
Data is served from T2_US_Nebraska instead of original site T2_IT_Pisa
%MSG
10-Jun-2024 20:25:02 CEST  Successfully opened file root://xrootd-cms.infn.it//store/mc/RunIISummer20UL16MiniAODAPVv2/QCD_Pt_1800to2400_TuneCP5_13TeV_pythia8/MINIAODSIM/106X_mcRun2_asymptotic_preVFP_v11-v1/140000/B85A031D-2E21-1D44-828F-8780E4CE5E42.root
Begin processing the 200001st record. Run 1, Event 389008, LumiSection 390 on stream 0 at 10-Jun-2024 20:25:12.859 CEST
10-Jun-2024 20:25:13 CEST  Closed file root://xrootd-cms.infn.it//store/mc/RunIISummer20UL16MiniAODAPVv2/QCD_Pt_1800to2400_TuneCP5_13TeV_pythia8/MINIAODSIM/106X_mcRun2_asymptotic_preVFP_v11-v1/140000/B85A031D-2E21-1D44-828F-8780E4CE5E42.root
10-Jun-2024 20:25:13 CEST  Initiating request to open file root://eoscms.cern.ch//eos/cms/store/mc/RunIISummer20UL16MiniAODAPVv2/QCD_Pt_1800to2400_TuneCP5_13TeV_pythia8/MINIAODSIM/106X_mcRun2_asymptotic_preVFP_v11-v1/140000/CDAD4608-ECC4-5543-9BF4-8C188A384012.root
%MSG-w XrdAdaptorInternal:  file_open 10-Jun-2024 20:25:14 CEST PostProcessEvent
Failed to open file at URL root://eoscms.cern.ch:1094//eos/cms/store/mc/RunIISummer20UL16MiniAODAPVv2/QCD_Pt_1800to2400_TuneCP5_13TeV_pythia8/MINIAODSIM/106X_mcRun2_asymptotic_preVFP_v11-v1/140000/CDAD4608-ECC4-5543-9BF4-8C188A384012.root.
%MSG
%MSG-w XrdAdaptorInternal:  file_open 10-Jun-2024 20:25:14 CEST PostProcessEvent
Failed to open file at URL root://eoscms.cern.ch:1094//eos/cms/store/mc/RunIISummer20UL16MiniAODAPVv2/QCD_Pt_1800to2400_TuneCP5_13TeV_pythia8/MINIAODSIM/106X_mcRun2_asymptotic_preVFP_v11-v1/140000/CDAD4608-ECC4-5543-9BF4-8C188A384012.root?tried=.
%MSG
10-Jun-2024 20:25:14 CEST  Fallback request to file root://xrootd-cms.infn.it//store/mc/RunIISummer20UL16MiniAODAPVv2/QCD_Pt_1800to2400_TuneCP5_13TeV_pythia8/MINIAODSIM/106X_mcRun2_asymptotic_preVFP_v11-v1/140000/CDAD4608-ECC4-5543-9BF4-8C188A384012.root
%MSG-w XrdAdaptor:  file_open 10-Jun-2024 20:25:26 CEST PostProcessEvent
Data is served from T2_US_Nebraska instead of original site T2_IT_Pisa
%MSG
10-Jun-2024 20:25:27 CEST  Successfully opened file root://xrootd-cms.infn.it//store/mc/RunIISummer20UL16MiniAODAPVv2/QCD_Pt_1800to2400_TuneCP5_13TeV_pythia8/MINIAODSIM/106X_mcRun2_asymptotic_preVFP_v11-v1/140000/CDAD4608-ECC4-5543-9BF4-8C188A384012.root
10-Jun-2024 20:25:36 CEST  Closed file root://xrootd-cms.infn.it//store/mc/RunIISummer20UL16MiniAODAPVv2/QCD_Pt_1800to2400_TuneCP5_13TeV_pythia8/MINIAODSIM/106X_mcRun2_asymptotic_preVFP_v11-v1/140000/CDAD4608-ECC4-5543-9BF4-8C188A384012.root
10-Jun-2024 20:25:36 CEST  Initiating request to open file root://eoscms.cern.ch//eos/cms/store/mc/RunIISummer20UL16MiniAODAPVv2/QCD_Pt_1800to2400_TuneCP5_13TeV_pythia8/MINIAODSIM/106X_mcRun2_asymptotic_preVFP_v11-v1/140000/A517ACE8-4C8F-4440-9055-968654118FB6.root
%MSG-w XrdAdaptorInternal:  file_open 10-Jun-2024 20:25:37 CEST PostProcessEvent
Failed to open file at URL root://eoscms.cern.ch:1094//eos/cms/store/mc/RunIISummer20UL16MiniAODAPVv2/QCD_Pt_1800to2400_TuneCP5_13TeV_pythia8/MINIAODSIM/106X_mcRun2_asymptotic_preVFP_v11-v1/140000/A517ACE8-4C8F-4440-9055-968654118FB6.root.
%MSG
%MSG-w XrdAdaptorInternal:  file_open 10-Jun-2024 20:25:37 CEST PostProcessEvent
Failed to open file at URL root://eoscms.cern.ch:1094//eos/cms/store/mc/RunIISummer20UL16MiniAODAPVv2/QCD_Pt_1800to2400_TuneCP5_13TeV_pythia8/MINIAODSIM/106X_mcRun2_asymptotic_preVFP_v11-v1/140000/A517ACE8-4C8F-4440-9055-968654118FB6.root?tried=.
%MSG
10-Jun-2024 20:25:37 CEST  Fallback request to file root://xrootd-cms.infn.it//store/mc/RunIISummer20UL16MiniAODAPVv2/QCD_Pt_1800to2400_TuneCP5_13TeV_pythia8/MINIAODSIM/106X_mcRun2_asymptotic_preVFP_v11-v1/140000/A517ACE8-4C8F-4440-9055-968654118FB6.root
%MSG-w XrdAdaptor:  file_open 10-Jun-2024 20:25:50 CEST PostProcessEvent
Data is served from T2_US_Nebraska instead of original site T2_IT_Pisa
%MSG
10-Jun-2024 20:25:51 CEST  Successfully opened file root://xrootd-cms.infn.it//store/mc/RunIISummer20UL16MiniAODAPVv2/QCD_Pt_1800to2400_TuneCP5_13TeV_pythia8/MINIAODSIM/106X_mcRun2_asymptotic_preVFP_v11-v1/140000/A517ACE8-4C8F-4440-9055-968654118FB6.root
Begin processing the 300001st record. Run 1, Event 1966017, LumiSection 1967 on stream 0 at 10-Jun-2024 20:25:59.497 CEST
10-Jun-2024 20:26:01 CEST  Closed file root://xrootd-cms.infn.it//store/mc/RunIISummer20UL16MiniAODAPVv2/QCD_Pt_1800to2400_TuneCP5_13TeV_pythia8/MINIAODSIM/106X_mcRun2_asymptotic_preVFP_v11-v1/140000/A517ACE8-4C8F-4440-9055-968654118FB6.root
10-Jun-2024 20:26:01 CEST  Initiating request to open file root://eoscms.cern.ch//eos/cms/store/mc/RunIISummer20UL16MiniAODAPVv2/QCD_Pt_1800to2400_TuneCP5_13TeV_pythia8/MINIAODSIM/106X_mcRun2_asymptotic_preVFP_v11-v1/140000/63AD9F76-E38F-4040-B59A-AABCD45B7E66.root
%MSG-w XrdAdaptorInternal:  file_open 10-Jun-2024 20:26:02 CEST PostProcessEvent
Failed to open file at URL root://eoscms.cern.ch:1094//eos/cms/store/mc/RunIISummer20UL16MiniAODAPVv2/QCD_Pt_1800to2400_TuneCP5_13TeV_pythia8/MINIAODSIM/106X_mcRun2_asymptotic_preVFP_v11-v1/140000/63AD9F76-E38F-4040-B59A-AABCD45B7E66.root.
%MSG
%MSG-w XrdAdaptorInternal:  file_open 10-Jun-2024 20:26:02 CEST PostProcessEvent
Failed to open file at URL root://eoscms.cern.ch:1094//eos/cms/store/mc/RunIISummer20UL16MiniAODAPVv2/QCD_Pt_1800to2400_TuneCP5_13TeV_pythia8/MINIAODSIM/106X_mcRun2_asymptotic_preVFP_v11-v1/140000/63AD9F76-E38F-4040-B59A-AABCD45B7E66.root?tried=.
%MSG
10-Jun-2024 20:26:02 CEST  Fallback request to file root://xrootd-cms.infn.it//store/mc/RunIISummer20UL16MiniAODAPVv2/QCD_Pt_1800to2400_TuneCP5_13TeV_pythia8/MINIAODSIM/106X_mcRun2_asymptotic_preVFP_v11-v1/140000/63AD9F76-E38F-4040-B59A-AABCD45B7E66.root
%MSG-w XrdAdaptor:  file_open 10-Jun-2024 20:26:15 CEST PostProcessEvent
Data is served from T2_US_Nebraska instead of original site T2_IT_Pisa
%MSG
10-Jun-2024 20:26:16 CEST  Successfully opened file root://xrootd-cms.infn.it//store/mc/RunIISummer20UL16MiniAODAPVv2/QCD_Pt_1800to2400_TuneCP5_13TeV_pythia8/MINIAODSIM/106X_mcRun2_asymptotic_preVFP_v11-v1/140000/63AD9F76-E38F-4040-B59A-AABCD45B7E66.root
Begin processing the 400001st record. Run 1, Event 1676001, LumiSection 1677 on stream 0 at 10-Jun-2024 20:26:24.840 CEST
10-Jun-2024 20:26:25 CEST  Closed file root://xrootd-cms.infn.it//store/mc/RunIISummer20UL16MiniAODAPVv2/QCD_Pt_1800to2400_TuneCP5_13TeV_pythia8/MINIAODSIM/106X_mcRun2_asymptotic_preVFP_v11-v1/140000/63AD9F76-E38F-4040-B59A-AABCD45B7E66.root
10-Jun-2024 20:26:25 CEST  Initiating request to open file root://eoscms.cern.ch//eos/cms/store/mc/RunIISummer20UL16MiniAODAPVv2/QCD_Pt_1800to2400_TuneCP5_13TeV_pythia8/MINIAODSIM/106X_mcRun2_asymptotic_preVFP_v11-v1/140000/0776E21B-938E-3D45-9987-7A905B4C5DC6.root
%MSG-w XrdAdaptorInternal:  file_open 10-Jun-2024 20:26:26 CEST PostProcessEvent
Failed to open file at URL root://eoscms.cern.ch:1094//eos/cms/store/mc/RunIISummer20UL16MiniAODAPVv2/QCD_Pt_1800to2400_TuneCP5_13TeV_pythia8/MINIAODSIM/106X_mcRun2_asymptotic_preVFP_v11-v1/140000/0776E21B-938E-3D45-9987-7A905B4C5DC6.root.
%MSG
%MSG-w XrdAdaptorInternal:  file_open 10-Jun-2024 20:26:26 CEST PostProcessEvent
Failed to open file at URL root://eoscms.cern.ch:1094//eos/cms/store/mc/RunIISummer20UL16MiniAODAPVv2/QCD_Pt_1800to2400_TuneCP5_13TeV_pythia8/MINIAODSIM/106X_mcRun2_asymptotic_preVFP_v11-v1/140000/0776E21B-938E-3D45-9987-7A905B4C5DC6.root?tried=.
%MSG
10-Jun-2024 20:26:26 CEST  Fallback request to file root://xrootd-cms.infn.it//store/mc/RunIISummer20UL16MiniAODAPVv2/QCD_Pt_1800to2400_TuneCP5_13TeV_pythia8/MINIAODSIM/106X_mcRun2_asymptotic_preVFP_v11-v1/140000/0776E21B-938E-3D45-9987-7A905B4C5DC6.root
%MSG-w XrdAdaptor:  file_open 10-Jun-2024 20:26:39 CEST PostProcessEvent
Data is served from T2_US_Nebraska instead of original site T2_IT_Pisa
%MSG
10-Jun-2024 20:26:40 CEST  Successfully opened file root://xrootd-cms.infn.it//store/mc/RunIISummer20UL16MiniAODAPVv2/QCD_Pt_1800to2400_TuneCP5_13TeV_pythia8/MINIAODSIM/106X_mcRun2_asymptotic_preVFP_v11-v1/140000/0776E21B-938E-3D45-9987-7A905B4C5DC6.root
10-Jun-2024 20:26:50 CEST  Closed file root://xrootd-cms.infn.it//store/mc/RunIISummer20UL16MiniAODAPVv2/QCD_Pt_1800to2400_TuneCP5_13TeV_pythia8/MINIAODSIM/106X_mcRun2_asymptotic_preVFP_v11-v1/140000/0776E21B-938E-3D45-9987-7A905B4C5DC6.root
10-Jun-2024 20:26:50 CEST  Initiating request to open file root://eoscms.cern.ch//eos/cms/store/mc/RunIISummer20UL16MiniAODAPVv2/QCD_Pt_1800to2400_TuneCP5_13TeV_pythia8/MINIAODSIM/106X_mcRun2_asymptotic_preVFP_v11-v1/140000/EABDBDAA-FF42-0B41-8C9E-8E0BBB7B709D.root
%MSG-w XrdAdaptorInternal:  file_open 10-Jun-2024 20:26:51 CEST PostProcessEvent
Failed to open file at URL root://eoscms.cern.ch:1094//eos/cms/store/mc/RunIISummer20UL16MiniAODAPVv2/QCD_Pt_1800to2400_TuneCP5_13TeV_pythia8/MINIAODSIM/106X_mcRun2_asymptotic_preVFP_v11-v1/140000/EABDBDAA-FF42-0B41-8C9E-8E0BBB7B709D.root.
%MSG
%MSG-w XrdAdaptorInternal:  file_open 10-Jun-2024 20:26:51 CEST PostProcessEvent
Failed to open file at URL root://eoscms.cern.ch:1094//eos/cms/store/mc/RunIISummer20UL16MiniAODAPVv2/QCD_Pt_1800to2400_TuneCP5_13TeV_pythia8/MINIAODSIM/106X_mcRun2_asymptotic_preVFP_v11-v1/140000/EABDBDAA-FF42-0B41-8C9E-8E0BBB7B709D.root?tried=.
%MSG
10-Jun-2024 20:26:51 CEST  Fallback request to file root://xrootd-cms.infn.it//store/mc/RunIISummer20UL16MiniAODAPVv2/QCD_Pt_1800to2400_TuneCP5_13TeV_pythia8/MINIAODSIM/106X_mcRun2_asymptotic_preVFP_v11-v1/140000/EABDBDAA-FF42-0B41-8C9E-8E0BBB7B709D.root
%MSG-w XrdAdaptor:  file_open 10-Jun-2024 20:27:03 CEST PostProcessEvent
Data is served from T2_US_Nebraska instead of original site T2_IT_Pisa
%MSG
10-Jun-2024 20:27:04 CEST  Successfully opened file root://xrootd-cms.infn.it//store/mc/RunIISummer20UL16MiniAODAPVv2/QCD_Pt_1800to2400_TuneCP5_13TeV_pythia8/MINIAODSIM/106X_mcRun2_asymptotic_preVFP_v11-v1/140000/EABDBDAA-FF42-0B41-8C9E-8E0BBB7B709D.root
Begin processing the 500001st record. Run 1, Event 411005, LumiSection 412 on stream 0 at 10-Jun-2024 20:27:13.407 CEST
10-Jun-2024 20:27:15 CEST  Closed file root://xrootd-cms.infn.it//store/mc/RunIISummer20UL16MiniAODAPVv2/QCD_Pt_1800to2400_TuneCP5_13TeV_pythia8/MINIAODSIM/106X_mcRun2_asymptotic_preVFP_v11-v1/140000/EABDBDAA-FF42-0B41-8C9E-8E0BBB7B709D.root
10-Jun-2024 20:27:15 CEST  Initiating request to open file root://eoscms.cern.ch//eos/cms/store/mc/RunIISummer20UL16MiniAODAPVv2/QCD_Pt_1800to2400_TuneCP5_13TeV_pythia8/MINIAODSIM/106X_mcRun2_asymptotic_preVFP_v11-v1/140000/AF96D1F8-84E0-AA42-8DF2-6E1EA29C2881.root
%MSG-w XrdAdaptorInternal:  file_open 10-Jun-2024 20:27:16 CEST PostProcessEvent
Failed to open file at URL root://eoscms.cern.ch:1094//eos/cms/store/mc/RunIISummer20UL16MiniAODAPVv2/QCD_Pt_1800to2400_TuneCP5_13TeV_pythia8/MINIAODSIM/106X_mcRun2_asymptotic_preVFP_v11-v1/140000/AF96D1F8-84E0-AA42-8DF2-6E1EA29C2881.root.
%MSG
%MSG-w XrdAdaptorInternal:  file_open 10-Jun-2024 20:27:16 CEST PostProcessEvent
Failed to open file at URL root://eoscms.cern.ch:1094//eos/cms/store/mc/RunIISummer20UL16MiniAODAPVv2/QCD_Pt_1800to2400_TuneCP5_13TeV_pythia8/MINIAODSIM/106X_mcRun2_asymptotic_preVFP_v11-v1/140000/AF96D1F8-84E0-AA42-8DF2-6E1EA29C2881.root?tried=.
%MSG
10-Jun-2024 20:27:16 CEST  Fallback request to file root://xrootd-cms.infn.it//store/mc/RunIISummer20UL16MiniAODAPVv2/QCD_Pt_1800to2400_TuneCP5_13TeV_pythia8/MINIAODSIM/106X_mcRun2_asymptotic_preVFP_v11-v1/140000/AF96D1F8-84E0-AA42-8DF2-6E1EA29C2881.root
%MSG-w XrdAdaptor:  file_open 10-Jun-2024 20:27:30 CEST PostProcessEvent
Data is served from T2_US_Nebraska instead of original site T2_IT_Pisa
%MSG
10-Jun-2024 20:27:31 CEST  Successfully opened file root://xrootd-cms.infn.it//store/mc/RunIISummer20UL16MiniAODAPVv2/QCD_Pt_1800to2400_TuneCP5_13TeV_pythia8/MINIAODSIM/106X_mcRun2_asymptotic_preVFP_v11-v1/140000/AF96D1F8-84E0-AA42-8DF2-6E1EA29C2881.root
Begin processing the 600001st record. Run 1, Event 1562001, LumiSection 1563 on stream 0 at 10-Jun-2024 20:27:40.684 CEST
10-Jun-2024 20:27:41 CEST  Closed file root://xrootd-cms.infn.it//store/mc/RunIISummer20UL16MiniAODAPVv2/QCD_Pt_1800to2400_TuneCP5_13TeV_pythia8/MINIAODSIM/106X_mcRun2_asymptotic_preVFP_v11-v1/140000/AF96D1F8-84E0-AA42-8DF2-6E1EA29C2881.root
10-Jun-2024 20:27:41 CEST  Initiating request to open file root://eoscms.cern.ch//eos/cms/store/mc/RunIISummer20UL16MiniAODAPVv2/QCD_Pt_1800to2400_TuneCP5_13TeV_pythia8/MINIAODSIM/106X_mcRun2_asymptotic_preVFP_v11-v1/140000/44BC7ABB-F676-1042-8571-9E90BF5A0E3F.root
%MSG-w XrdAdaptorInternal:  file_open 10-Jun-2024 20:27:42 CEST PostProcessEvent
Failed to open file at URL root://eoscms.cern.ch:1094//eos/cms/store/mc/RunIISummer20UL16MiniAODAPVv2/QCD_Pt_1800to2400_TuneCP5_13TeV_pythia8/MINIAODSIM/106X_mcRun2_asymptotic_preVFP_v11-v1/140000/44BC7ABB-F676-1042-8571-9E90BF5A0E3F.root.
%MSG
%MSG-w XrdAdaptorInternal:  file_open 10-Jun-2024 20:27:42 CEST PostProcessEvent
Failed to open file at URL root://eoscms.cern.ch:1094//eos/cms/store/mc/RunIISummer20UL16MiniAODAPVv2/QCD_Pt_1800to2400_TuneCP5_13TeV_pythia8/MINIAODSIM/106X_mcRun2_asymptotic_preVFP_v11-v1/140000/44BC7ABB-F676-1042-8571-9E90BF5A0E3F.root?tried=.
%MSG
10-Jun-2024 20:27:42 CEST  Fallback request to file root://xrootd-cms.infn.it//store/mc/RunIISummer20UL16MiniAODAPVv2/QCD_Pt_1800to2400_TuneCP5_13TeV_pythia8/MINIAODSIM/106X_mcRun2_asymptotic_preVFP_v11-v1/140000/44BC7ABB-F676-1042-8571-9E90BF5A0E3F.root
%MSG-w XrdAdaptor:  file_open 10-Jun-2024 20:27:55 CEST PostProcessEvent
Data is served from T2_US_Nebraska instead of original site T2_IT_Pisa
%MSG
10-Jun-2024 20:27:56 CEST  Successfully opened file root://xrootd-cms.infn.it//store/mc/RunIISummer20UL16MiniAODAPVv2/QCD_Pt_1800to2400_TuneCP5_13TeV_pythia8/MINIAODSIM/106X_mcRun2_asymptotic_preVFP_v11-v1/140000/44BC7ABB-F676-1042-8571-9E90BF5A0E3F.root
10-Jun-2024 20:28:05 CEST  Closed file root://xrootd-cms.infn.it//store/mc/RunIISummer20UL16MiniAODAPVv2/QCD_Pt_1800to2400_TuneCP5_13TeV_pythia8/MINIAODSIM/106X_mcRun2_asymptotic_preVFP_v11-v1/140000/44BC7ABB-F676-1042-8571-9E90BF5A0E3F.root
10-Jun-2024 20:28:05 CEST  Initiating request to open file root://eoscms.cern.ch//eos/cms/store/mc/RunIISummer20UL16MiniAODAPVv2/QCD_Pt_1800to2400_TuneCP5_13TeV_pythia8/MINIAODSIM/106X_mcRun2_asymptotic_preVFP_v11-v1/140000/2C9AEDC2-5BE3-994C-B707-8AF089B15363.root
%MSG-w XrdAdaptorInternal:  file_open 10-Jun-2024 20:28:06 CEST PostProcessEvent
Failed to open file at URL root://eoscms.cern.ch:1094//eos/cms/store/mc/RunIISummer20UL16MiniAODAPVv2/QCD_Pt_1800to2400_TuneCP5_13TeV_pythia8/MINIAODSIM/106X_mcRun2_asymptotic_preVFP_v11-v1/140000/2C9AEDC2-5BE3-994C-B707-8AF089B15363.root.
%MSG
%MSG-w XrdAdaptorInternal:  file_open 10-Jun-2024 20:28:06 CEST PostProcessEvent
Failed to open file at URL root://eoscms.cern.ch:1094//eos/cms/store/mc/RunIISummer20UL16MiniAODAPVv2/QCD_Pt_1800to2400_TuneCP5_13TeV_pythia8/MINIAODSIM/106X_mcRun2_asymptotic_preVFP_v11-v1/140000/2C9AEDC2-5BE3-994C-B707-8AF089B15363.root?tried=.
%MSG
10-Jun-2024 20:28:06 CEST  Fallback request to file root://xrootd-cms.infn.it//store/mc/RunIISummer20UL16MiniAODAPVv2/QCD_Pt_1800to2400_TuneCP5_13TeV_pythia8/MINIAODSIM/106X_mcRun2_asymptotic_preVFP_v11-v1/140000/2C9AEDC2-5BE3-994C-B707-8AF089B15363.root
%MSG-w XrdAdaptor:  file_open 10-Jun-2024 20:28:19 CEST PostProcessEvent
Data is served from T2_US_Nebraska instead of original site T2_IT_Pisa
%MSG
10-Jun-2024 20:28:20 CEST  Successfully opened file root://xrootd-cms.infn.it//store/mc/RunIISummer20UL16MiniAODAPVv2/QCD_Pt_1800to2400_TuneCP5_13TeV_pythia8/MINIAODSIM/106X_mcRun2_asymptotic_preVFP_v11-v1/140000/2C9AEDC2-5BE3-994C-B707-8AF089B15363.root
Begin processing the 700001st record. Run 1, Event 2623001, LumiSection 2624 on stream 0 at 10-Jun-2024 20:28:27.371 CEST
10-Jun-2024 20:28:29 CEST  Closed file root://xrootd-cms.infn.it//store/mc/RunIISummer20UL16MiniAODAPVv2/QCD_Pt_1800to2400_TuneCP5_13TeV_pythia8/MINIAODSIM/106X_mcRun2_asymptotic_preVFP_v11-v1/140000/2C9AEDC2-5BE3-994C-B707-8AF089B15363.root
10-Jun-2024 20:28:29 CEST  Initiating request to open file root://eoscms.cern.ch//eos/cms/store/mc/RunIISummer20UL16MiniAODAPVv2/QCD_Pt_1800to2400_TuneCP5_13TeV_pythia8/MINIAODSIM/106X_mcRun2_asymptotic_preVFP_v11-v1/140000/377D49E1-7F46-6744-AF12-B3748777FC66.root
%MSG-w XrdAdaptorInternal:  file_open 10-Jun-2024 20:28:30 CEST PostProcessEvent
Failed to open file at URL root://eoscms.cern.ch:1094//eos/cms/store/mc/RunIISummer20UL16MiniAODAPVv2/QCD_Pt_1800to2400_TuneCP5_13TeV_pythia8/MINIAODSIM/106X_mcRun2_asymptotic_preVFP_v11-v1/140000/377D49E1-7F46-6744-AF12-B3748777FC66.root.
%MSG
%MSG-w XrdAdaptorInternal:  file_open 10-Jun-2024 20:28:30 CEST PostProcessEvent
Failed to open file at URL root://eoscms.cern.ch:1094//eos/cms/store/mc/RunIISummer20UL16MiniAODAPVv2/QCD_Pt_1800to2400_TuneCP5_13TeV_pythia8/MINIAODSIM/106X_mcRun2_asymptotic_preVFP_v11-v1/140000/377D49E1-7F46-6744-AF12-B3748777FC66.root?tried=.
%MSG
10-Jun-2024 20:28:30 CEST  Fallback request to file root://xrootd-cms.infn.it//store/mc/RunIISummer20UL16MiniAODAPVv2/QCD_Pt_1800to2400_TuneCP5_13TeV_pythia8/MINIAODSIM/106X_mcRun2_asymptotic_preVFP_v11-v1/140000/377D49E1-7F46-6744-AF12-B3748777FC66.root
%MSG-w XrdAdaptor:  file_open 10-Jun-2024 20:28:43 CEST PostProcessEvent
Data is served from T2_US_Nebraska instead of original site T2_IT_Pisa
%MSG
10-Jun-2024 20:28:44 CEST  Successfully opened file root://xrootd-cms.infn.it//store/mc/RunIISummer20UL16MiniAODAPVv2/QCD_Pt_1800to2400_TuneCP5_13TeV_pythia8/MINIAODSIM/106X_mcRun2_asymptotic_preVFP_v11-v1/140000/377D49E1-7F46-6744-AF12-B3748777FC66.root
Begin processing the 800001st record. Run 1, Event 1776016, LumiSection 1777 on stream 0 at 10-Jun-2024 20:28:53.527 CEST
10-Jun-2024 20:28:54 CEST  Closed file root://xrootd-cms.infn.it//store/mc/RunIISummer20UL16MiniAODAPVv2/QCD_Pt_1800to2400_TuneCP5_13TeV_pythia8/MINIAODSIM/106X_mcRun2_asymptotic_preVFP_v11-v1/140000/377D49E1-7F46-6744-AF12-B3748777FC66.root
10-Jun-2024 20:28:54 CEST  Initiating request to open file root://eoscms.cern.ch//eos/cms/store/mc/RunIISummer20UL16MiniAODAPVv2/QCD_Pt_1800to2400_TuneCP5_13TeV_pythia8/MINIAODSIM/106X_mcRun2_asymptotic_preVFP_v11-v1/140000/2ED26468-2D3E-CA41-A70C-EDDC61726B6D.root
%MSG-w XrdAdaptorInternal:  file_open 10-Jun-2024 20:28:55 CEST PostProcessEvent
Failed to open file at URL root://eoscms.cern.ch:1094//eos/cms/store/mc/RunIISummer20UL16MiniAODAPVv2/QCD_Pt_1800to2400_TuneCP5_13TeV_pythia8/MINIAODSIM/106X_mcRun2_asymptotic_preVFP_v11-v1/140000/2ED26468-2D3E-CA41-A70C-EDDC61726B6D.root.
%MSG
%MSG-w XrdAdaptorInternal:  file_open 10-Jun-2024 20:28:55 CEST PostProcessEvent
Failed to open file at URL root://eoscms.cern.ch:1094//eos/cms/store/mc/RunIISummer20UL16MiniAODAPVv2/QCD_Pt_1800to2400_TuneCP5_13TeV_pythia8/MINIAODSIM/106X_mcRun2_asymptotic_preVFP_v11-v1/140000/2ED26468-2D3E-CA41-A70C-EDDC61726B6D.root?tried=.
%MSG
10-Jun-2024 20:28:55 CEST  Fallback request to file root://xrootd-cms.infn.it//store/mc/RunIISummer20UL16MiniAODAPVv2/QCD_Pt_1800to2400_TuneCP5_13TeV_pythia8/MINIAODSIM/106X_mcRun2_asymptotic_preVFP_v11-v1/140000/2ED26468-2D3E-CA41-A70C-EDDC61726B6D.root
%MSG-w XrdAdaptor:  file_open 10-Jun-2024 20:29:08 CEST PostProcessEvent
Data is served from T2_US_Nebraska instead of original site T2_IT_Pisa
%MSG
10-Jun-2024 20:29:09 CEST  Successfully opened file root://xrootd-cms.infn.it//store/mc/RunIISummer20UL16MiniAODAPVv2/QCD_Pt_1800to2400_TuneCP5_13TeV_pythia8/MINIAODSIM/106X_mcRun2_asymptotic_preVFP_v11-v1/140000/2ED26468-2D3E-CA41-A70C-EDDC61726B6D.root
Begin processing the 900001st record. Run 1, Event 361010, LumiSection 362 on stream 0 at 10-Jun-2024 20:29:19.053 CEST
10-Jun-2024 20:29:19 CEST  Closed file root://xrootd-cms.infn.it//store/mc/RunIISummer20UL16MiniAODAPVv2/QCD_Pt_1800to2400_TuneCP5_13TeV_pythia8/MINIAODSIM/106X_mcRun2_asymptotic_preVFP_v11-v1/140000/2ED26468-2D3E-CA41-A70C-EDDC61726B6D.root
10-Jun-2024 20:29:19 CEST  Initiating request to open file root://eoscms.cern.ch//eos/cms/store/mc/RunIISummer20UL16MiniAODAPVv2/QCD_Pt_1800to2400_TuneCP5_13TeV_pythia8/MINIAODSIM/106X_mcRun2_asymptotic_preVFP_v11-v1/140000/26DCD04C-84E4-0B4D-AE97-BD45716039AF.root
%MSG-w XrdAdaptorInternal:  file_open 10-Jun-2024 20:29:20 CEST PostProcessEvent
Failed to open file at URL root://eoscms.cern.ch:1094//eos/cms/store/mc/RunIISummer20UL16MiniAODAPVv2/QCD_Pt_1800to2400_TuneCP5_13TeV_pythia8/MINIAODSIM/106X_mcRun2_asymptotic_preVFP_v11-v1/140000/26DCD04C-84E4-0B4D-AE97-BD45716039AF.root.
%MSG
%MSG-w XrdAdaptorInternal:  file_open 10-Jun-2024 20:29:20 CEST PostProcessEvent
Failed to open file at URL root://eoscms.cern.ch:1094//eos/cms/store/mc/RunIISummer20UL16MiniAODAPVv2/QCD_Pt_1800to2400_TuneCP5_13TeV_pythia8/MINIAODSIM/106X_mcRun2_asymptotic_preVFP_v11-v1/140000/26DCD04C-84E4-0B4D-AE97-BD45716039AF.root?tried=.
%MSG
10-Jun-2024 20:29:20 CEST  Fallback request to file root://xrootd-cms.infn.it//store/mc/RunIISummer20UL16MiniAODAPVv2/QCD_Pt_1800to2400_TuneCP5_13TeV_pythia8/MINIAODSIM/106X_mcRun2_asymptotic_preVFP_v11-v1/140000/26DCD04C-84E4-0B4D-AE97-BD45716039AF.root
%MSG-w XrdAdaptor:  file_open 10-Jun-2024 20:29:32 CEST PostProcessEvent
Data is served from T2_US_Nebraska instead of original site T2_IT_Pisa
%MSG
10-Jun-2024 20:29:33 CEST  Successfully opened file root://xrootd-cms.infn.it//store/mc/RunIISummer20UL16MiniAODAPVv2/QCD_Pt_1800to2400_TuneCP5_13TeV_pythia8/MINIAODSIM/106X_mcRun2_asymptotic_preVFP_v11-v1/140000/26DCD04C-84E4-0B4D-AE97-BD45716039AF.root
10-Jun-2024 20:29:43 CEST  Closed file root://xrootd-cms.infn.it//store/mc/RunIISummer20UL16MiniAODAPVv2/QCD_Pt_1800to2400_TuneCP5_13TeV_pythia8/MINIAODSIM/106X_mcRun2_asymptotic_preVFP_v11-v1/140000/26DCD04C-84E4-0B4D-AE97-BD45716039AF.root
10-Jun-2024 20:29:43 CEST  Initiating request to open file root://eoscms.cern.ch//eos/cms/store/mc/RunIISummer20UL16MiniAODAPVv2/QCD_Pt_1800to2400_TuneCP5_13TeV_pythia8/MINIAODSIM/106X_mcRun2_asymptotic_preVFP_v11-v1/140000/04B903BE-E94A-0F4F-92E3-19DEB467103B.root
%MSG-w XrdAdaptorInternal:  file_open 10-Jun-2024 20:29:44 CEST PostProcessEvent
Failed to open file at URL root://eoscms.cern.ch:1094//eos/cms/store/mc/RunIISummer20UL16MiniAODAPVv2/QCD_Pt_1800to2400_TuneCP5_13TeV_pythia8/MINIAODSIM/106X_mcRun2_asymptotic_preVFP_v11-v1/140000/04B903BE-E94A-0F4F-92E3-19DEB467103B.root.
%MSG
%MSG-w XrdAdaptorInternal:  file_open 10-Jun-2024 20:29:44 CEST PostProcessEvent
Failed to open file at URL root://eoscms.cern.ch:1094//eos/cms/store/mc/RunIISummer20UL16MiniAODAPVv2/QCD_Pt_1800to2400_TuneCP5_13TeV_pythia8/MINIAODSIM/106X_mcRun2_asymptotic_preVFP_v11-v1/140000/04B903BE-E94A-0F4F-92E3-19DEB467103B.root?tried=.
%MSG
10-Jun-2024 20:29:44 CEST  Fallback request to file root://xrootd-cms.infn.it//store/mc/RunIISummer20UL16MiniAODAPVv2/QCD_Pt_1800to2400_TuneCP5_13TeV_pythia8/MINIAODSIM/106X_mcRun2_asymptotic_preVFP_v11-v1/140000/04B903BE-E94A-0F4F-92E3-19DEB467103B.root
%MSG-w XrdAdaptor:  file_open 10-Jun-2024 20:29:57 CEST PostProcessEvent
Data is served from T2_US_Nebraska instead of original site T2_IT_Pisa
%MSG
10-Jun-2024 20:29:58 CEST  Successfully opened file root://xrootd-cms.infn.it//store/mc/RunIISummer20UL16MiniAODAPVv2/QCD_Pt_1800to2400_TuneCP5_13TeV_pythia8/MINIAODSIM/106X_mcRun2_asymptotic_preVFP_v11-v1/140000/04B903BE-E94A-0F4F-92E3-19DEB467103B.root
10-Jun-2024 20:30:05 CEST  Closed file root://xrootd-cms.infn.it//store/mc/RunIISummer20UL16MiniAODAPVv2/QCD_Pt_1800to2400_TuneCP5_13TeV_pythia8/MINIAODSIM/106X_mcRun2_asymptotic_preVFP_v11-v1/140000/04B903BE-E94A-0F4F-92E3-19DEB467103B.root

------------------------------------
GenXsecAnalyzer:
------------------------------------
Before Filter: total cross section = 8.750e-02 +- 4.315e-05 pb
Filter efficiency (taking into account weights)= (1e+06) / (1e+06) = 1.000e+00 +- 0.000e+00
Filter efficiency (event-level)= (1e+06) / (1e+06) = 1.000e+00 +- 0.000e+00    [TO BE USED IN MCM]

After filter: final cross section = 8.750e-02 +- 4.315e-05 pb
After filter: final fraction of events with negative weights = 0.000e+00 +- 0.000e+00
After filter: final equivalent lumi for 1M events (1/fb) = 1.143e+04 +- 1.274e+01

=============================================

MessageLogger Summary

 type     category        sev    module        subroutine        count    total
 ---- -------------------- -- ---------------- ----------------  -----    -----
    1 GenXSecAnalyzer      -w GenXSecAnalyzer:                       7        7
    2 XrdAdaptor           -w file_open                             15       15
    3 XrdAdaptorInternal   -w file_open                             30       30
    4 fileAction           -s file_close                            15       15
    5 fileAction           -s file_open                             45       45

 type    category    Examples: run/evt        run/evt          run/evt
 ---- -------------------- ---------------- ---------------- ----------------
    1 GenXSecAnalyzer      PostGlobalEndRun PostGlobalEndRun PostGlobalEndRun
    2 XrdAdaptor           pre-events       PostProcessEvent PostProcessEvent
    3 XrdAdaptorInternal   pre-events       pre-events       PostProcessEvent
    4 fileAction           PostProcessEvent PostProcessEvent PostGlobalEndRun
    5 fileAction           pre-events       pre-events       PostProcessEvent

Severity    # Occurrences   Total Occurrences
--------    -------------   -----------------
Warning                52                  52
System                 60                  60

dropped waiting message count 0
