10-Jun-2024 19:18:31 CEST  Initiating request to open file root://eoscms.cern.ch//eos/cms/store/mc/RunIISummer20UL16MiniAODAPVv2/QCD_HT50to100_TuneCP5_PSWeights_13TeV-madgraph-pythia8/MINIAODSIM/106X_mcRun2_asymptotic_preVFP_v11-v1/30000/93DD8579-4B8B-A049-8BD5-570F8404AB15.root
%MSG-w XrdAdaptorInternal:  file_open 10-Jun-2024 19:18:32 CEST pre-events
Failed to open file at URL root://eoscms.cern.ch:1094//eos/cms/store/mc/RunIISummer20UL16MiniAODAPVv2/QCD_HT50to100_TuneCP5_PSWeights_13TeV-madgraph-pythia8/MINIAODSIM/106X_mcRun2_asymptotic_preVFP_v11-v1/30000/93DD8579-4B8B-A049-8BD5-570F8404AB15.root.
%MSG
%MSG-w XrdAdaptorInternal:  file_open 10-Jun-2024 19:18:32 CEST pre-events
Failed to open file at URL root://eoscms.cern.ch:1094//eos/cms/store/mc/RunIISummer20UL16MiniAODAPVv2/QCD_HT50to100_TuneCP5_PSWeights_13TeV-madgraph-pythia8/MINIAODSIM/106X_mcRun2_asymptotic_preVFP_v11-v1/30000/93DD8579-4B8B-A049-8BD5-570F8404AB15.root?tried=.
%MSG
10-Jun-2024 19:18:32 CEST  Fallback request to file root://xrootd-cms.infn.it//store/mc/RunIISummer20UL16MiniAODAPVv2/QCD_HT50to100_TuneCP5_PSWeights_13TeV-madgraph-pythia8/MINIAODSIM/106X_mcRun2_asymptotic_preVFP_v11-v1/30000/93DD8579-4B8B-A049-8BD5-570F8404AB15.root
%MSG-w XrdAdaptor:  file_open 10-Jun-2024 19:18:55 CEST pre-events
Data is served from cms.rcac.purdue.edu instead of original site infn.it
%MSG
10-Jun-2024 19:19:01 CEST  Successfully opened file root://xrootd-cms.infn.it//store/mc/RunIISummer20UL16MiniAODAPVv2/QCD_HT50to100_TuneCP5_PSWeights_13TeV-madgraph-pythia8/MINIAODSIM/106X_mcRun2_asymptotic_preVFP_v11-v1/30000/93DD8579-4B8B-A049-8BD5-570F8404AB15.root
Begin processing the 1st record. Run 1, Event 15648029, LumiSection 3913 on stream 0 at 10-Jun-2024 19:19:11.341 CEST
Begin processing the 100001st record. Run 1, Event 49555699, LumiSection 12389 on stream 0 at 10-Jun-2024 19:19:16.085 CEST
10-Jun-2024 19:19:16 CEST  Closed file root://xrootd-cms.infn.it//store/mc/RunIISummer20UL16MiniAODAPVv2/QCD_HT50to100_TuneCP5_PSWeights_13TeV-madgraph-pythia8/MINIAODSIM/106X_mcRun2_asymptotic_preVFP_v11-v1/30000/93DD8579-4B8B-A049-8BD5-570F8404AB15.root
10-Jun-2024 19:19:16 CEST  Initiating request to open file root://eoscms.cern.ch//eos/cms/store/mc/RunIISummer20UL16MiniAODAPVv2/QCD_HT50to100_TuneCP5_PSWeights_13TeV-madgraph-pythia8/MINIAODSIM/106X_mcRun2_asymptotic_preVFP_v11-v1/30000/0D8FBD61-922A-184F-A8AD-382ABAE76C0A.root
%MSG-w XrdAdaptorInternal:  file_open 10-Jun-2024 19:19:17 CEST PostProcessEvent
Failed to open file at URL root://eoscms.cern.ch:1094//eos/cms/store/mc/RunIISummer20UL16MiniAODAPVv2/QCD_HT50to100_TuneCP5_PSWeights_13TeV-madgraph-pythia8/MINIAODSIM/106X_mcRun2_asymptotic_preVFP_v11-v1/30000/0D8FBD61-922A-184F-A8AD-382ABAE76C0A.root.
%MSG
%MSG-w XrdAdaptorInternal:  file_open 10-Jun-2024 19:19:17 CEST PostProcessEvent
Failed to open file at URL root://eoscms.cern.ch:1094//eos/cms/store/mc/RunIISummer20UL16MiniAODAPVv2/QCD_HT50to100_TuneCP5_PSWeights_13TeV-madgraph-pythia8/MINIAODSIM/106X_mcRun2_asymptotic_preVFP_v11-v1/30000/0D8FBD61-922A-184F-A8AD-382ABAE76C0A.root?tried=.
%MSG
10-Jun-2024 19:19:17 CEST  Fallback request to file root://xrootd-cms.infn.it//store/mc/RunIISummer20UL16MiniAODAPVv2/QCD_HT50to100_TuneCP5_PSWeights_13TeV-madgraph-pythia8/MINIAODSIM/106X_mcRun2_asymptotic_preVFP_v11-v1/30000/0D8FBD61-922A-184F-A8AD-382ABAE76C0A.root
%MSG-w XrdAdaptor:  file_open 10-Jun-2024 19:19:33 CEST PostProcessEvent
Data is served from cms.rcac.purdue.edu instead of original site infn.it
%MSG
10-Jun-2024 19:19:34 CEST  Successfully opened file root://xrootd-cms.infn.it//store/mc/RunIISummer20UL16MiniAODAPVv2/QCD_HT50to100_TuneCP5_PSWeights_13TeV-madgraph-pythia8/MINIAODSIM/106X_mcRun2_asymptotic_preVFP_v11-v1/30000/0D8FBD61-922A-184F-A8AD-382ABAE76C0A.root
Begin processing the 200001st record. Run 1, Event 21418640, LumiSection 5355 on stream 0 at 10-Jun-2024 19:19:45.192 CEST
10-Jun-2024 19:19:45 CEST  Closed file root://xrootd-cms.infn.it//store/mc/RunIISummer20UL16MiniAODAPVv2/QCD_HT50to100_TuneCP5_PSWeights_13TeV-madgraph-pythia8/MINIAODSIM/106X_mcRun2_asymptotic_preVFP_v11-v1/30000/0D8FBD61-922A-184F-A8AD-382ABAE76C0A.root
10-Jun-2024 19:19:45 CEST  Initiating request to open file root://eoscms.cern.ch//eos/cms/store/mc/RunIISummer20UL16MiniAODAPVv2/QCD_HT50to100_TuneCP5_PSWeights_13TeV-madgraph-pythia8/MINIAODSIM/106X_mcRun2_asymptotic_preVFP_v11-v1/30000/945CD3EB-0624-8D4A-B7EE-E5816123564E.root
%MSG-w XrdAdaptorInternal:  file_open 10-Jun-2024 19:19:46 CEST PostProcessEvent
Failed to open file at URL root://eoscms.cern.ch:1094//eos/cms/store/mc/RunIISummer20UL16MiniAODAPVv2/QCD_HT50to100_TuneCP5_PSWeights_13TeV-madgraph-pythia8/MINIAODSIM/106X_mcRun2_asymptotic_preVFP_v11-v1/30000/945CD3EB-0624-8D4A-B7EE-E5816123564E.root.
%MSG
%MSG-w XrdAdaptorInternal:  file_open 10-Jun-2024 19:19:46 CEST PostProcessEvent
Failed to open file at URL root://eoscms.cern.ch:1094//eos/cms/store/mc/RunIISummer20UL16MiniAODAPVv2/QCD_HT50to100_TuneCP5_PSWeights_13TeV-madgraph-pythia8/MINIAODSIM/106X_mcRun2_asymptotic_preVFP_v11-v1/30000/945CD3EB-0624-8D4A-B7EE-E5816123564E.root?tried=.
%MSG
10-Jun-2024 19:19:46 CEST  Fallback request to file root://xrootd-cms.infn.it//store/mc/RunIISummer20UL16MiniAODAPVv2/QCD_HT50to100_TuneCP5_PSWeights_13TeV-madgraph-pythia8/MINIAODSIM/106X_mcRun2_asymptotic_preVFP_v11-v1/30000/945CD3EB-0624-8D4A-B7EE-E5816123564E.root
%MSG-w XrdAdaptor:  file_open 10-Jun-2024 19:19:59 CEST PostProcessEvent
Data is served from cms.rcac.purdue.edu instead of original site infn.it
%MSG
10-Jun-2024 19:20:00 CEST  Successfully opened file root://xrootd-cms.infn.it//store/mc/RunIISummer20UL16MiniAODAPVv2/QCD_HT50to100_TuneCP5_PSWeights_13TeV-madgraph-pythia8/MINIAODSIM/106X_mcRun2_asymptotic_preVFP_v11-v1/30000/945CD3EB-0624-8D4A-B7EE-E5816123564E.root
10-Jun-2024 19:20:13 CEST  Closed file root://xrootd-cms.infn.it//store/mc/RunIISummer20UL16MiniAODAPVv2/QCD_HT50to100_TuneCP5_PSWeights_13TeV-madgraph-pythia8/MINIAODSIM/106X_mcRun2_asymptotic_preVFP_v11-v1/30000/945CD3EB-0624-8D4A-B7EE-E5816123564E.root
10-Jun-2024 19:20:13 CEST  Initiating request to open file root://eoscms.cern.ch//eos/cms/store/mc/RunIISummer20UL16MiniAODAPVv2/QCD_HT50to100_TuneCP5_PSWeights_13TeV-madgraph-pythia8/MINIAODSIM/106X_mcRun2_asymptotic_preVFP_v11-v1/30000/39249761-D4DA-B845-BF3B-0B90E0A66B83.root
%MSG-w XrdAdaptorInternal:  file_open 10-Jun-2024 19:20:14 CEST PostProcessEvent
Failed to open file at URL root://eoscms.cern.ch:1094//eos/cms/store/mc/RunIISummer20UL16MiniAODAPVv2/QCD_HT50to100_TuneCP5_PSWeights_13TeV-madgraph-pythia8/MINIAODSIM/106X_mcRun2_asymptotic_preVFP_v11-v1/30000/39249761-D4DA-B845-BF3B-0B90E0A66B83.root.
%MSG
%MSG-w XrdAdaptorInternal:  file_open 10-Jun-2024 19:20:14 CEST PostProcessEvent
Failed to open file at URL root://eoscms.cern.ch:1094//eos/cms/store/mc/RunIISummer20UL16MiniAODAPVv2/QCD_HT50to100_TuneCP5_PSWeights_13TeV-madgraph-pythia8/MINIAODSIM/106X_mcRun2_asymptotic_preVFP_v11-v1/30000/39249761-D4DA-B845-BF3B-0B90E0A66B83.root?tried=.
%MSG
10-Jun-2024 19:20:14 CEST  Fallback request to file root://xrootd-cms.infn.it//store/mc/RunIISummer20UL16MiniAODAPVv2/QCD_HT50to100_TuneCP5_PSWeights_13TeV-madgraph-pythia8/MINIAODSIM/106X_mcRun2_asymptotic_preVFP_v11-v1/30000/39249761-D4DA-B845-BF3B-0B90E0A66B83.root
%MSG-w XrdAdaptor:  file_open 10-Jun-2024 19:20:27 CEST PostProcessEvent
Data is served from cms.rcac.purdue.edu instead of original site infn.it
%MSG
10-Jun-2024 19:20:28 CEST  Successfully opened file root://xrootd-cms.infn.it//store/mc/RunIISummer20UL16MiniAODAPVv2/QCD_HT50to100_TuneCP5_PSWeights_13TeV-madgraph-pythia8/MINIAODSIM/106X_mcRun2_asymptotic_preVFP_v11-v1/30000/39249761-D4DA-B845-BF3B-0B90E0A66B83.root
Begin processing the 300001st record. Run 1, Event 14883564, LumiSection 3721 on stream 0 at 10-Jun-2024 19:20:39.434 CEST
10-Jun-2024 19:20:43 CEST  Closed file root://xrootd-cms.infn.it//store/mc/RunIISummer20UL16MiniAODAPVv2/QCD_HT50to100_TuneCP5_PSWeights_13TeV-madgraph-pythia8/MINIAODSIM/106X_mcRun2_asymptotic_preVFP_v11-v1/30000/39249761-D4DA-B845-BF3B-0B90E0A66B83.root
10-Jun-2024 19:20:43 CEST  Initiating request to open file root://eoscms.cern.ch//eos/cms/store/mc/RunIISummer20UL16MiniAODAPVv2/QCD_HT50to100_TuneCP5_PSWeights_13TeV-madgraph-pythia8/MINIAODSIM/106X_mcRun2_asymptotic_preVFP_v11-v1/80000/ECEC9F5F-3A27-F04D-9497-BD65ABDFC0FB.root
%MSG-w XrdAdaptorInternal:  file_open 10-Jun-2024 19:20:44 CEST PostProcessEvent
Failed to open file at URL root://eoscms.cern.ch:1094//eos/cms/store/mc/RunIISummer20UL16MiniAODAPVv2/QCD_HT50to100_TuneCP5_PSWeights_13TeV-madgraph-pythia8/MINIAODSIM/106X_mcRun2_asymptotic_preVFP_v11-v1/80000/ECEC9F5F-3A27-F04D-9497-BD65ABDFC0FB.root.
%MSG
%MSG-w XrdAdaptorInternal:  file_open 10-Jun-2024 19:20:44 CEST PostProcessEvent
Failed to open file at URL root://eoscms.cern.ch:1094//eos/cms/store/mc/RunIISummer20UL16MiniAODAPVv2/QCD_HT50to100_TuneCP5_PSWeights_13TeV-madgraph-pythia8/MINIAODSIM/106X_mcRun2_asymptotic_preVFP_v11-v1/80000/ECEC9F5F-3A27-F04D-9497-BD65ABDFC0FB.root?tried=.
%MSG
10-Jun-2024 19:20:44 CEST  Fallback request to file root://xrootd-cms.infn.it//store/mc/RunIISummer20UL16MiniAODAPVv2/QCD_HT50to100_TuneCP5_PSWeights_13TeV-madgraph-pythia8/MINIAODSIM/106X_mcRun2_asymptotic_preVFP_v11-v1/80000/ECEC9F5F-3A27-F04D-9497-BD65ABDFC0FB.root
%MSG-w XrdAdaptor:  file_open 10-Jun-2024 19:20:59 CEST PostProcessEvent
Data is served from T2_US_Wisconsin instead of original site infn.it
%MSG
10-Jun-2024 19:21:00 CEST  Successfully opened file root://xrootd-cms.infn.it//store/mc/RunIISummer20UL16MiniAODAPVv2/QCD_HT50to100_TuneCP5_PSWeights_13TeV-madgraph-pythia8/MINIAODSIM/106X_mcRun2_asymptotic_preVFP_v11-v1/80000/ECEC9F5F-3A27-F04D-9497-BD65ABDFC0FB.root
[2024-06-10 19:21:09.143415 +0200][Error  ][AsyncSock         ] [g34n06.hep.wisc.edu:1094 #0.0] Unable to connect: No route to host
[2024-06-10 19:21:09.143540 +0200][Error  ][PostMaster        ] [g34n06.hep.wisc.edu:1094 #0] elapsed = 2, pConnectionWindow = 31 seconds.
Begin processing the 400001st record. Run 1, Event 31672890, LumiSection 7919 on stream 0 at 10-Jun-2024 19:21:09.175 CEST
10-Jun-2024 19:21:09 CEST  Closed file root://xrootd-cms.infn.it//store/mc/RunIISummer20UL16MiniAODAPVv2/QCD_HT50to100_TuneCP5_PSWeights_13TeV-madgraph-pythia8/MINIAODSIM/106X_mcRun2_asymptotic_preVFP_v11-v1/80000/ECEC9F5F-3A27-F04D-9497-BD65ABDFC0FB.root
10-Jun-2024 19:21:09 CEST  Initiating request to open file root://eoscms.cern.ch//eos/cms/store/mc/RunIISummer20UL16MiniAODAPVv2/QCD_HT50to100_TuneCP5_PSWeights_13TeV-madgraph-pythia8/MINIAODSIM/106X_mcRun2_asymptotic_preVFP_v11-v1/80000/01256ADD-F245-A441-BD43-A873BD39E99A.root
%MSG-w XrdAdaptorInternal:  file_open 10-Jun-2024 19:21:10 CEST PostProcessEvent
Failed to open file at URL root://eoscms.cern.ch:1094//eos/cms/store/mc/RunIISummer20UL16MiniAODAPVv2/QCD_HT50to100_TuneCP5_PSWeights_13TeV-madgraph-pythia8/MINIAODSIM/106X_mcRun2_asymptotic_preVFP_v11-v1/80000/01256ADD-F245-A441-BD43-A873BD39E99A.root.
%MSG
%MSG-w XrdAdaptorInternal:  file_open 10-Jun-2024 19:21:10 CEST PostProcessEvent
Failed to open file at URL root://eoscms.cern.ch:1094//eos/cms/store/mc/RunIISummer20UL16MiniAODAPVv2/QCD_HT50to100_TuneCP5_PSWeights_13TeV-madgraph-pythia8/MINIAODSIM/106X_mcRun2_asymptotic_preVFP_v11-v1/80000/01256ADD-F245-A441-BD43-A873BD39E99A.root?tried=.
%MSG
10-Jun-2024 19:21:10 CEST  Fallback request to file root://xrootd-cms.infn.it//store/mc/RunIISummer20UL16MiniAODAPVv2/QCD_HT50to100_TuneCP5_PSWeights_13TeV-madgraph-pythia8/MINIAODSIM/106X_mcRun2_asymptotic_preVFP_v11-v1/80000/01256ADD-F245-A441-BD43-A873BD39E99A.root
Unable to load sec.protocol plugin libXrdSecztn.so
%MSG-w XrdAdaptor:  file_open 10-Jun-2024 19:21:25 CEST PostProcessEvent
Data is served from fnal.gov instead of original site infn.it
%MSG
10-Jun-2024 19:21:26 CEST  Successfully opened file root://xrootd-cms.infn.it//store/mc/RunIISummer20UL16MiniAODAPVv2/QCD_HT50to100_TuneCP5_PSWeights_13TeV-madgraph-pythia8/MINIAODSIM/106X_mcRun2_asymptotic_preVFP_v11-v1/80000/01256ADD-F245-A441-BD43-A873BD39E99A.root
Unable to load sec.protocol plugin libXrdSecztn.so
10-Jun-2024 19:21:33 CEST  Closed file root://xrootd-cms.infn.it//store/mc/RunIISummer20UL16MiniAODAPVv2/QCD_HT50to100_TuneCP5_PSWeights_13TeV-madgraph-pythia8/MINIAODSIM/106X_mcRun2_asymptotic_preVFP_v11-v1/80000/01256ADD-F245-A441-BD43-A873BD39E99A.root
10-Jun-2024 19:21:33 CEST  Initiating request to open file root://eoscms.cern.ch//eos/cms/store/mc/RunIISummer20UL16MiniAODAPVv2/QCD_HT50to100_TuneCP5_PSWeights_13TeV-madgraph-pythia8/MINIAODSIM/106X_mcRun2_asymptotic_preVFP_v11-v1/30000/8E6EC7A4-4EA2-8D4A-B95B-1819563868BE.root
%MSG-w XrdAdaptorInternal:  file_open 10-Jun-2024 19:21:34 CEST PostProcessEvent
Failed to open file at URL root://eoscms.cern.ch:1094//eos/cms/store/mc/RunIISummer20UL16MiniAODAPVv2/QCD_HT50to100_TuneCP5_PSWeights_13TeV-madgraph-pythia8/MINIAODSIM/106X_mcRun2_asymptotic_preVFP_v11-v1/30000/8E6EC7A4-4EA2-8D4A-B95B-1819563868BE.root.
%MSG
%MSG-w XrdAdaptorInternal:  file_open 10-Jun-2024 19:21:34 CEST PostProcessEvent
Failed to open file at URL root://eoscms.cern.ch:1094//eos/cms/store/mc/RunIISummer20UL16MiniAODAPVv2/QCD_HT50to100_TuneCP5_PSWeights_13TeV-madgraph-pythia8/MINIAODSIM/106X_mcRun2_asymptotic_preVFP_v11-v1/30000/8E6EC7A4-4EA2-8D4A-B95B-1819563868BE.root?tried=.
%MSG
10-Jun-2024 19:21:34 CEST  Fallback request to file root://xrootd-cms.infn.it//store/mc/RunIISummer20UL16MiniAODAPVv2/QCD_HT50to100_TuneCP5_PSWeights_13TeV-madgraph-pythia8/MINIAODSIM/106X_mcRun2_asymptotic_preVFP_v11-v1/30000/8E6EC7A4-4EA2-8D4A-B95B-1819563868BE.root
%MSG-w XrdAdaptor:  file_open 10-Jun-2024 19:21:46 CEST PostProcessEvent
Data is served from T2_US_Wisconsin instead of original site infn.it
%MSG
10-Jun-2024 19:21:47 CEST  Successfully opened file root://xrootd-cms.infn.it//store/mc/RunIISummer20UL16MiniAODAPVv2/QCD_HT50to100_TuneCP5_PSWeights_13TeV-madgraph-pythia8/MINIAODSIM/106X_mcRun2_asymptotic_preVFP_v11-v1/30000/8E6EC7A4-4EA2-8D4A-B95B-1819563868BE.root
Begin processing the 500001st record. Run 1, Event 42958540, LumiSection 10740 on stream 0 at 10-Jun-2024 19:21:58.564 CEST
10-Jun-2024 19:22:01 CEST  Closed file root://xrootd-cms.infn.it//store/mc/RunIISummer20UL16MiniAODAPVv2/QCD_HT50to100_TuneCP5_PSWeights_13TeV-madgraph-pythia8/MINIAODSIM/106X_mcRun2_asymptotic_preVFP_v11-v1/30000/8E6EC7A4-4EA2-8D4A-B95B-1819563868BE.root
10-Jun-2024 19:22:01 CEST  Initiating request to open file root://eoscms.cern.ch//eos/cms/store/mc/RunIISummer20UL16MiniAODAPVv2/QCD_HT50to100_TuneCP5_PSWeights_13TeV-madgraph-pythia8/MINIAODSIM/106X_mcRun2_asymptotic_preVFP_v11-v1/30000/9B44E3A7-707D-CD41-AFA1-F7F4CCC8D08B.root
%MSG-w XrdAdaptorInternal:  file_open 10-Jun-2024 19:22:02 CEST PostProcessEvent
Failed to open file at URL root://eoscms.cern.ch:1094//eos/cms/store/mc/RunIISummer20UL16MiniAODAPVv2/QCD_HT50to100_TuneCP5_PSWeights_13TeV-madgraph-pythia8/MINIAODSIM/106X_mcRun2_asymptotic_preVFP_v11-v1/30000/9B44E3A7-707D-CD41-AFA1-F7F4CCC8D08B.root.
%MSG
%MSG-w XrdAdaptorInternal:  file_open 10-Jun-2024 19:22:02 CEST PostProcessEvent
Failed to open file at URL root://eoscms.cern.ch:1094//eos/cms/store/mc/RunIISummer20UL16MiniAODAPVv2/QCD_HT50to100_TuneCP5_PSWeights_13TeV-madgraph-pythia8/MINIAODSIM/106X_mcRun2_asymptotic_preVFP_v11-v1/30000/9B44E3A7-707D-CD41-AFA1-F7F4CCC8D08B.root?tried=.
%MSG
10-Jun-2024 19:22:02 CEST  Fallback request to file root://xrootd-cms.infn.it//store/mc/RunIISummer20UL16MiniAODAPVv2/QCD_HT50to100_TuneCP5_PSWeights_13TeV-madgraph-pythia8/MINIAODSIM/106X_mcRun2_asymptotic_preVFP_v11-v1/30000/9B44E3A7-707D-CD41-AFA1-F7F4CCC8D08B.root
%MSG-w XrdAdaptor:  file_open 10-Jun-2024 19:22:16 CEST PostProcessEvent
Data is served from T2_US_Wisconsin instead of original site infn.it
%MSG
10-Jun-2024 19:22:17 CEST  Successfully opened file root://xrootd-cms.infn.it//store/mc/RunIISummer20UL16MiniAODAPVv2/QCD_HT50to100_TuneCP5_PSWeights_13TeV-madgraph-pythia8/MINIAODSIM/106X_mcRun2_asymptotic_preVFP_v11-v1/30000/9B44E3A7-707D-CD41-AFA1-F7F4CCC8D08B.root
Begin processing the 600001st record. Run 1, Event 46888690, LumiSection 11723 on stream 0 at 10-Jun-2024 19:22:25.927 CEST
10-Jun-2024 19:22:27 CEST  Closed file root://xrootd-cms.infn.it//store/mc/RunIISummer20UL16MiniAODAPVv2/QCD_HT50to100_TuneCP5_PSWeights_13TeV-madgraph-pythia8/MINIAODSIM/106X_mcRun2_asymptotic_preVFP_v11-v1/30000/9B44E3A7-707D-CD41-AFA1-F7F4CCC8D08B.root
10-Jun-2024 19:22:27 CEST  Initiating request to open file root://eoscms.cern.ch//eos/cms/store/mc/RunIISummer20UL16MiniAODAPVv2/QCD_HT50to100_TuneCP5_PSWeights_13TeV-madgraph-pythia8/MINIAODSIM/106X_mcRun2_asymptotic_preVFP_v11-v1/30000/BF44EFBD-5881-8C46-BDD5-7E5E2807DA08.root
%MSG-w XrdAdaptorInternal:  file_open 10-Jun-2024 19:22:28 CEST PostProcessEvent
Failed to open file at URL root://eoscms.cern.ch:1094//eos/cms/store/mc/RunIISummer20UL16MiniAODAPVv2/QCD_HT50to100_TuneCP5_PSWeights_13TeV-madgraph-pythia8/MINIAODSIM/106X_mcRun2_asymptotic_preVFP_v11-v1/30000/BF44EFBD-5881-8C46-BDD5-7E5E2807DA08.root.
%MSG
%MSG-w XrdAdaptorInternal:  file_open 10-Jun-2024 19:22:28 CEST PostProcessEvent
Failed to open file at URL root://eoscms.cern.ch:1094//eos/cms/store/mc/RunIISummer20UL16MiniAODAPVv2/QCD_HT50to100_TuneCP5_PSWeights_13TeV-madgraph-pythia8/MINIAODSIM/106X_mcRun2_asymptotic_preVFP_v11-v1/30000/BF44EFBD-5881-8C46-BDD5-7E5E2807DA08.root?tried=.
%MSG
10-Jun-2024 19:22:28 CEST  Fallback request to file root://xrootd-cms.infn.it//store/mc/RunIISummer20UL16MiniAODAPVv2/QCD_HT50to100_TuneCP5_PSWeights_13TeV-madgraph-pythia8/MINIAODSIM/106X_mcRun2_asymptotic_preVFP_v11-v1/30000/BF44EFBD-5881-8C46-BDD5-7E5E2807DA08.root
%MSG-w XrdAdaptor:  file_open 10-Jun-2024 19:22:41 CEST PostProcessEvent
Data is served from T2_US_Wisconsin instead of original site infn.it
%MSG
10-Jun-2024 19:22:42 CEST  Successfully opened file root://xrootd-cms.infn.it//store/mc/RunIISummer20UL16MiniAODAPVv2/QCD_HT50to100_TuneCP5_PSWeights_13TeV-madgraph-pythia8/MINIAODSIM/106X_mcRun2_asymptotic_preVFP_v11-v1/30000/BF44EFBD-5881-8C46-BDD5-7E5E2807DA08.root
Begin processing the 700001st record. Run 1, Event 48443380, LumiSection 12111 on stream 0 at 10-Jun-2024 19:22:51.922 CEST
10-Jun-2024 19:22:52 CEST  Closed file root://xrootd-cms.infn.it//store/mc/RunIISummer20UL16MiniAODAPVv2/QCD_HT50to100_TuneCP5_PSWeights_13TeV-madgraph-pythia8/MINIAODSIM/106X_mcRun2_asymptotic_preVFP_v11-v1/30000/BF44EFBD-5881-8C46-BDD5-7E5E2807DA08.root
10-Jun-2024 19:22:52 CEST  Initiating request to open file root://eoscms.cern.ch//eos/cms/store/mc/RunIISummer20UL16MiniAODAPVv2/QCD_HT50to100_TuneCP5_PSWeights_13TeV-madgraph-pythia8/MINIAODSIM/106X_mcRun2_asymptotic_preVFP_v11-v1/30000/EFC25BCB-EFB4-D747-99C3-1386F07E7559.root
%MSG-w XrdAdaptorInternal:  file_open 10-Jun-2024 19:22:53 CEST PostProcessEvent
Failed to open file at URL root://eoscms.cern.ch:1094//eos/cms/store/mc/RunIISummer20UL16MiniAODAPVv2/QCD_HT50to100_TuneCP5_PSWeights_13TeV-madgraph-pythia8/MINIAODSIM/106X_mcRun2_asymptotic_preVFP_v11-v1/30000/EFC25BCB-EFB4-D747-99C3-1386F07E7559.root.
%MSG
%MSG-w XrdAdaptorInternal:  file_open 10-Jun-2024 19:22:53 CEST PostProcessEvent
Failed to open file at URL root://eoscms.cern.ch:1094//eos/cms/store/mc/RunIISummer20UL16MiniAODAPVv2/QCD_HT50to100_TuneCP5_PSWeights_13TeV-madgraph-pythia8/MINIAODSIM/106X_mcRun2_asymptotic_preVFP_v11-v1/30000/EFC25BCB-EFB4-D747-99C3-1386F07E7559.root?tried=.
%MSG
10-Jun-2024 19:22:53 CEST  Fallback request to file root://xrootd-cms.infn.it//store/mc/RunIISummer20UL16MiniAODAPVv2/QCD_HT50to100_TuneCP5_PSWeights_13TeV-madgraph-pythia8/MINIAODSIM/106X_mcRun2_asymptotic_preVFP_v11-v1/30000/EFC25BCB-EFB4-D747-99C3-1386F07E7559.root
%MSG-w XrdAdaptor:  file_open 10-Jun-2024 19:23:05 CEST PostProcessEvent
Data is served from T2_US_Wisconsin instead of original site infn.it
%MSG
10-Jun-2024 19:23:06 CEST  Successfully opened file root://xrootd-cms.infn.it//store/mc/RunIISummer20UL16MiniAODAPVv2/QCD_HT50to100_TuneCP5_PSWeights_13TeV-madgraph-pythia8/MINIAODSIM/106X_mcRun2_asymptotic_preVFP_v11-v1/30000/EFC25BCB-EFB4-D747-99C3-1386F07E7559.root
Begin processing the 800001st record. Run 1, Event 48701576, LumiSection 12176 on stream 0 at 10-Jun-2024 19:23:17.823 CEST
10-Jun-2024 19:23:18 CEST  Closed file root://xrootd-cms.infn.it//store/mc/RunIISummer20UL16MiniAODAPVv2/QCD_HT50to100_TuneCP5_PSWeights_13TeV-madgraph-pythia8/MINIAODSIM/106X_mcRun2_asymptotic_preVFP_v11-v1/30000/EFC25BCB-EFB4-D747-99C3-1386F07E7559.root
10-Jun-2024 19:23:18 CEST  Initiating request to open file root://eoscms.cern.ch//eos/cms/store/mc/RunIISummer20UL16MiniAODAPVv2/QCD_HT50to100_TuneCP5_PSWeights_13TeV-madgraph-pythia8/MINIAODSIM/106X_mcRun2_asymptotic_preVFP_v11-v1/30000/FFF3A237-DC88-0A4F-90D2-4DC736D99363.root
%MSG-w XrdAdaptorInternal:  file_open 10-Jun-2024 19:23:19 CEST PostProcessEvent
Failed to open file at URL root://eoscms.cern.ch:1094//eos/cms/store/mc/RunIISummer20UL16MiniAODAPVv2/QCD_HT50to100_TuneCP5_PSWeights_13TeV-madgraph-pythia8/MINIAODSIM/106X_mcRun2_asymptotic_preVFP_v11-v1/30000/FFF3A237-DC88-0A4F-90D2-4DC736D99363.root.
%MSG
%MSG-w XrdAdaptorInternal:  file_open 10-Jun-2024 19:23:19 CEST PostProcessEvent
Failed to open file at URL root://eoscms.cern.ch:1094//eos/cms/store/mc/RunIISummer20UL16MiniAODAPVv2/QCD_HT50to100_TuneCP5_PSWeights_13TeV-madgraph-pythia8/MINIAODSIM/106X_mcRun2_asymptotic_preVFP_v11-v1/30000/FFF3A237-DC88-0A4F-90D2-4DC736D99363.root?tried=.
%MSG
10-Jun-2024 19:23:19 CEST  Fallback request to file root://xrootd-cms.infn.it//store/mc/RunIISummer20UL16MiniAODAPVv2/QCD_HT50to100_TuneCP5_PSWeights_13TeV-madgraph-pythia8/MINIAODSIM/106X_mcRun2_asymptotic_preVFP_v11-v1/30000/FFF3A237-DC88-0A4F-90D2-4DC736D99363.root
%MSG-w XrdAdaptor:  file_open 10-Jun-2024 19:23:31 CEST PostProcessEvent
Data is served from T2_US_Wisconsin instead of original site infn.it
%MSG
10-Jun-2024 19:23:32 CEST  Successfully opened file root://xrootd-cms.infn.it//store/mc/RunIISummer20UL16MiniAODAPVv2/QCD_HT50to100_TuneCP5_PSWeights_13TeV-madgraph-pythia8/MINIAODSIM/106X_mcRun2_asymptotic_preVFP_v11-v1/30000/FFF3A237-DC88-0A4F-90D2-4DC736D99363.root
10-Jun-2024 19:23:40 CEST  Closed file root://xrootd-cms.infn.it//store/mc/RunIISummer20UL16MiniAODAPVv2/QCD_HT50to100_TuneCP5_PSWeights_13TeV-madgraph-pythia8/MINIAODSIM/106X_mcRun2_asymptotic_preVFP_v11-v1/30000/FFF3A237-DC88-0A4F-90D2-4DC736D99363.root
10-Jun-2024 19:23:40 CEST  Initiating request to open file root://eoscms.cern.ch//eos/cms/store/mc/RunIISummer20UL16MiniAODAPVv2/QCD_HT50to100_TuneCP5_PSWeights_13TeV-madgraph-pythia8/MINIAODSIM/106X_mcRun2_asymptotic_preVFP_v11-v1/30000/179E21FC-8239-1145-9E7D-656342236BA0.root
%MSG-w XrdAdaptorInternal:  file_open 10-Jun-2024 19:23:41 CEST PostProcessEvent
Failed to open file at URL root://eoscms.cern.ch:1094//eos/cms/store/mc/RunIISummer20UL16MiniAODAPVv2/QCD_HT50to100_TuneCP5_PSWeights_13TeV-madgraph-pythia8/MINIAODSIM/106X_mcRun2_asymptotic_preVFP_v11-v1/30000/179E21FC-8239-1145-9E7D-656342236BA0.root.
%MSG
%MSG-w XrdAdaptorInternal:  file_open 10-Jun-2024 19:23:41 CEST PostProcessEvent
Failed to open file at URL root://eoscms.cern.ch:1094//eos/cms/store/mc/RunIISummer20UL16MiniAODAPVv2/QCD_HT50to100_TuneCP5_PSWeights_13TeV-madgraph-pythia8/MINIAODSIM/106X_mcRun2_asymptotic_preVFP_v11-v1/30000/179E21FC-8239-1145-9E7D-656342236BA0.root?tried=.
%MSG
10-Jun-2024 19:23:41 CEST  Fallback request to file root://xrootd-cms.infn.it//store/mc/RunIISummer20UL16MiniAODAPVv2/QCD_HT50to100_TuneCP5_PSWeights_13TeV-madgraph-pythia8/MINIAODSIM/106X_mcRun2_asymptotic_preVFP_v11-v1/30000/179E21FC-8239-1145-9E7D-656342236BA0.root
%MSG-w XrdAdaptor:  file_open 10-Jun-2024 19:23:56 CEST PostProcessEvent
Data is served from T2_US_Nebraska instead of original site infn.it
%MSG
10-Jun-2024 19:23:57 CEST  Successfully opened file root://xrootd-cms.infn.it//store/mc/RunIISummer20UL16MiniAODAPVv2/QCD_HT50to100_TuneCP5_PSWeights_13TeV-madgraph-pythia8/MINIAODSIM/106X_mcRun2_asymptotic_preVFP_v11-v1/30000/179E21FC-8239-1145-9E7D-656342236BA0.root
10-Jun-2024 19:24:03 CEST  Closed file root://xrootd-cms.infn.it//store/mc/RunIISummer20UL16MiniAODAPVv2/QCD_HT50to100_TuneCP5_PSWeights_13TeV-madgraph-pythia8/MINIAODSIM/106X_mcRun2_asymptotic_preVFP_v11-v1/30000/179E21FC-8239-1145-9E7D-656342236BA0.root
10-Jun-2024 19:24:03 CEST  Initiating request to open file root://eoscms.cern.ch//eos/cms/store/mc/RunIISummer20UL16MiniAODAPVv2/QCD_HT50to100_TuneCP5_PSWeights_13TeV-madgraph-pythia8/MINIAODSIM/106X_mcRun2_asymptotic_preVFP_v11-v1/30000/B44BDB89-6E17-8549-B8C9-65129BB88874.root
%MSG-w XrdAdaptorInternal:  file_open 10-Jun-2024 19:24:04 CEST PostProcessEvent
Failed to open file at URL root://eoscms.cern.ch:1094//eos/cms/store/mc/RunIISummer20UL16MiniAODAPVv2/QCD_HT50to100_TuneCP5_PSWeights_13TeV-madgraph-pythia8/MINIAODSIM/106X_mcRun2_asymptotic_preVFP_v11-v1/30000/B44BDB89-6E17-8549-B8C9-65129BB88874.root.
%MSG
%MSG-w XrdAdaptorInternal:  file_open 10-Jun-2024 19:24:04 CEST PostProcessEvent
Failed to open file at URL root://eoscms.cern.ch:1094//eos/cms/store/mc/RunIISummer20UL16MiniAODAPVv2/QCD_HT50to100_TuneCP5_PSWeights_13TeV-madgraph-pythia8/MINIAODSIM/106X_mcRun2_asymptotic_preVFP_v11-v1/30000/B44BDB89-6E17-8549-B8C9-65129BB88874.root?tried=.
%MSG
10-Jun-2024 19:24:04 CEST  Fallback request to file root://xrootd-cms.infn.it//store/mc/RunIISummer20UL16MiniAODAPVv2/QCD_HT50to100_TuneCP5_PSWeights_13TeV-madgraph-pythia8/MINIAODSIM/106X_mcRun2_asymptotic_preVFP_v11-v1/30000/B44BDB89-6E17-8549-B8C9-65129BB88874.root
%MSG-w XrdAdaptor:  file_open 10-Jun-2024 19:24:17 CEST PostProcessEvent
Data is served from T2_US_Nebraska instead of original site infn.it
%MSG
10-Jun-2024 19:24:18 CEST  Successfully opened file root://xrootd-cms.infn.it//store/mc/RunIISummer20UL16MiniAODAPVv2/QCD_HT50to100_TuneCP5_PSWeights_13TeV-madgraph-pythia8/MINIAODSIM/106X_mcRun2_asymptotic_preVFP_v11-v1/30000/B44BDB89-6E17-8549-B8C9-65129BB88874.root
10-Jun-2024 19:24:23 CEST  Closed file root://xrootd-cms.infn.it//store/mc/RunIISummer20UL16MiniAODAPVv2/QCD_HT50to100_TuneCP5_PSWeights_13TeV-madgraph-pythia8/MINIAODSIM/106X_mcRun2_asymptotic_preVFP_v11-v1/30000/B44BDB89-6E17-8549-B8C9-65129BB88874.root
10-Jun-2024 19:24:23 CEST  Initiating request to open file root://eoscms.cern.ch//eos/cms/store/mc/RunIISummer20UL16MiniAODAPVv2/QCD_HT50to100_TuneCP5_PSWeights_13TeV-madgraph-pythia8/MINIAODSIM/106X_mcRun2_asymptotic_preVFP_v11-v1/80000/D01B280F-00A3-EB44-B0E4-FEEC44C78DA5.root
%MSG-w XrdAdaptorInternal:  file_open 10-Jun-2024 19:24:24 CEST PostProcessEvent
Failed to open file at URL root://eoscms.cern.ch:1094//eos/cms/store/mc/RunIISummer20UL16MiniAODAPVv2/QCD_HT50to100_TuneCP5_PSWeights_13TeV-madgraph-pythia8/MINIAODSIM/106X_mcRun2_asymptotic_preVFP_v11-v1/80000/D01B280F-00A3-EB44-B0E4-FEEC44C78DA5.root.
%MSG
%MSG-w XrdAdaptorInternal:  file_open 10-Jun-2024 19:24:24 CEST PostProcessEvent
Failed to open file at URL root://eoscms.cern.ch:1094//eos/cms/store/mc/RunIISummer20UL16MiniAODAPVv2/QCD_HT50to100_TuneCP5_PSWeights_13TeV-madgraph-pythia8/MINIAODSIM/106X_mcRun2_asymptotic_preVFP_v11-v1/80000/D01B280F-00A3-EB44-B0E4-FEEC44C78DA5.root?tried=.
%MSG
10-Jun-2024 19:24:24 CEST  Fallback request to file root://xrootd-cms.infn.it//store/mc/RunIISummer20UL16MiniAODAPVv2/QCD_HT50to100_TuneCP5_PSWeights_13TeV-madgraph-pythia8/MINIAODSIM/106X_mcRun2_asymptotic_preVFP_v11-v1/80000/D01B280F-00A3-EB44-B0E4-FEEC44C78DA5.root
%MSG-w XrdAdaptor:  file_open 10-Jun-2024 19:24:37 CEST PostProcessEvent
Data is served from fnal.gov instead of original site infn.it
%MSG
10-Jun-2024 19:24:38 CEST  Successfully opened file root://xrootd-cms.infn.it//store/mc/RunIISummer20UL16MiniAODAPVv2/QCD_HT50to100_TuneCP5_PSWeights_13TeV-madgraph-pythia8/MINIAODSIM/106X_mcRun2_asymptotic_preVFP_v11-v1/80000/D01B280F-00A3-EB44-B0E4-FEEC44C78DA5.root
Unable to load sec.protocol plugin libXrdSecztn.so
Begin processing the 900001st record. Run 1, Event 33076417, LumiSection 8270 on stream 0 at 10-Jun-2024 19:24:43.689 CEST
10-Jun-2024 19:24:44 CEST  Closed file root://xrootd-cms.infn.it//store/mc/RunIISummer20UL16MiniAODAPVv2/QCD_HT50to100_TuneCP5_PSWeights_13TeV-madgraph-pythia8/MINIAODSIM/106X_mcRun2_asymptotic_preVFP_v11-v1/80000/D01B280F-00A3-EB44-B0E4-FEEC44C78DA5.root
10-Jun-2024 19:24:44 CEST  Initiating request to open file root://eoscms.cern.ch//eos/cms/store/mc/RunIISummer20UL16MiniAODAPVv2/QCD_HT50to100_TuneCP5_PSWeights_13TeV-madgraph-pythia8/MINIAODSIM/106X_mcRun2_asymptotic_preVFP_v11-v1/80000/F62392F5-26BE-0E46-A2F8-17E3EF022CAB.root
%MSG-w XrdAdaptorInternal:  file_open 10-Jun-2024 19:24:45 CEST PostProcessEvent
Failed to open file at URL root://eoscms.cern.ch:1094//eos/cms/store/mc/RunIISummer20UL16MiniAODAPVv2/QCD_HT50to100_TuneCP5_PSWeights_13TeV-madgraph-pythia8/MINIAODSIM/106X_mcRun2_asymptotic_preVFP_v11-v1/80000/F62392F5-26BE-0E46-A2F8-17E3EF022CAB.root.
%MSG
%MSG-w XrdAdaptorInternal:  file_open 10-Jun-2024 19:24:45 CEST PostProcessEvent
Failed to open file at URL root://eoscms.cern.ch:1094//eos/cms/store/mc/RunIISummer20UL16MiniAODAPVv2/QCD_HT50to100_TuneCP5_PSWeights_13TeV-madgraph-pythia8/MINIAODSIM/106X_mcRun2_asymptotic_preVFP_v11-v1/80000/F62392F5-26BE-0E46-A2F8-17E3EF022CAB.root?tried=.
%MSG
10-Jun-2024 19:24:45 CEST  Fallback request to file root://xrootd-cms.infn.it//store/mc/RunIISummer20UL16MiniAODAPVv2/QCD_HT50to100_TuneCP5_PSWeights_13TeV-madgraph-pythia8/MINIAODSIM/106X_mcRun2_asymptotic_preVFP_v11-v1/80000/F62392F5-26BE-0E46-A2F8-17E3EF022CAB.root
%MSG-w XrdAdaptor:  file_open 10-Jun-2024 19:24:50 CEST PostProcessEvent
Data is served from T2_KR_KISTI instead of original site infn.it
%MSG
10-Jun-2024 19:24:51 CEST  Successfully opened file root://xrootd-cms.infn.it//store/mc/RunIISummer20UL16MiniAODAPVv2/QCD_HT50to100_TuneCP5_PSWeights_13TeV-madgraph-pythia8/MINIAODSIM/106X_mcRun2_asymptotic_preVFP_v11-v1/80000/F62392F5-26BE-0E46-A2F8-17E3EF022CAB.root
Unable to load sec.protocol plugin libXrdSecztn.so
%MSG-w XrdAdaptor:  (NoModuleName) 10-Jun-2024 19:25:05 CEST pre-events
Data is now served from T2_KR_KISTI, T2_US_UCSD-ceph instead of previous T2_KR_KISTI
%MSG
388850900.0000002761141.000000  94924.380000             1
220630000.0000001068158.000000  94924.380000             0
149914100.000000 981131.200000  94924.380000             2
 
10-Jun-2024 19:25:10 CEST  Closed file root://xrootd-cms.infn.it//store/mc/RunIISummer20UL16MiniAODAPVv2/QCD_HT50to100_TuneCP5_PSWeights_13TeV-madgraph-pythia8/MINIAODSIM/106X_mcRun2_asymptotic_preVFP_v11-v1/80000/F62392F5-26BE-0E46-A2F8-17E3EF022CAB.root

------------------------------------
GenXsecAnalyzer:
------------------------------------
-------------------------------------------------------------------------------------------------------------------------------------------------------------------------- 
Overall cross-section summary 
--------------------------------------------------------------------------------------------------------------------------------------------------------------------------
Process		xsec_before [pb]		passed	nposw	nnegw	tried	nposw	nnegw 	xsec_match [pb]			accepted [%]	 event_eff [%]
0		2.193e+08 +/- 5.569e+04		532858	532858	0	1182809	1182809	0	9.879e+07 +/- 1.034e+05		45.1 +/- 0.0	45.1 +/- 0.0
1		3.940e+08 +/- 8.075e+04		403799	403799	0	2116935	2116935	0	7.516e+07 +/- 1.075e+05		19.1 +/- 0.0	19.1 +/- 0.0
2		1.500e+08 +/- 3.804e+04		63580	63580	0	800256	800256	0	1.192e+07 +/- 4.545e+04		7.9 +/- 0.0	7.9 +/- 0.0
-------------------------------------------------------------------------------------------------------------------------------------------------------------------------- 
Total		7.633e+08 +/- 1.052e+05		1000237	1000237	0	4100000	4100000	0	1.862e+08 +/- 1.639e+05		24.4 +/- 0.0	24.4 +/- 0.0
--------------------------------------------------------------------------------------------------------------------------------------------------------------------------
Before matching: total cross section = 7.633e+08 +- 1.052e+05 pb
After matching: total cross section = 1.862e+08 +- 1.639e+05 pb
Matching efficiency = 0.2 +/- 0.0   [TO BE USED IN MCM]
Filter efficiency (taking into account weights)= (1.00024e+06) / (1.00024e+06) = 1.000e+00 +- 0.000e+00
Filter efficiency (event-level)= (1.00024e+06) / (1.00024e+06) = 1.000e+00 +- 0.000e+00    [TO BE USED IN MCM]

After filter: final cross section = 1.862e+08 +- 1.639e+05 pb
After filter: final fraction of events with negative weights = 0.000e+00 +- 0.000e+00
After filter: final equivalent lumi for 1M events (1/fb) = 5.370e-06 +- 7.154e-09

=============================================

MessageLogger Summary

 type     category        sev    module        subroutine        count    total
 ---- -------------------- -- ---------------- ----------------  -----    -----
    1 GenXSecAnalyzer      -w GenXSecAnalyzer:                      17       17
    2 XrdAdaptor           -w (NoModuleName)                         1        1
    3 XrdAdaptor           -w file_open                             15       15
    4 XrdAdaptorInternal   -w file_open                             30       30
    5 fileAction           -s file_close                            15       15
    6 fileAction           -s file_open                             45       45

 type    category    Examples: run/evt        run/evt          run/evt
 ---- -------------------- ---------------- ---------------- ----------------
    1 GenXSecAnalyzer      PostGlobalEndRun PostGlobalEndRun PostGlobalEndRun
    2 XrdAdaptor           pre-events                        
    3 XrdAdaptor           pre-events       PostProcessEvent PostProcessEvent
    4 XrdAdaptorInternal   pre-events       pre-events       PostProcessEvent
    5 fileAction           PostProcessEvent PostProcessEvent PostGlobalEndRun
    6 fileAction           pre-events       pre-events       PostProcessEvent

Severity    # Occurrences   Total Occurrences
--------    -------------   -----------------
Warning                63                  63
System                 60                  60

dropped waiting message count 0
