10-Jun-2024 19:50:43 CEST  Initiating request to open file root://eoscms.cern.ch//eos/cms/store/mc/RunIISummer20UL16MiniAODAPVv2/QCD_Pt_470to600_TuneCP5_13TeV_pythia8/MINIAODSIM/106X_mcRun2_asymptotic_preVFP_v11-v1/140000/50CB4002-B5E6-BC48-9014-C3539353F98B.root
%MSG-w XrdAdaptorInternal:  file_open 10-Jun-2024 19:50:45 CEST pre-events
Failed to open file at URL root://eoscms.cern.ch:1094//eos/cms/store/mc/RunIISummer20UL16MiniAODAPVv2/QCD_Pt_470to600_TuneCP5_13TeV_pythia8/MINIAODSIM/106X_mcRun2_asymptotic_preVFP_v11-v1/140000/50CB4002-B5E6-BC48-9014-C3539353F98B.root.
%MSG
%MSG-w XrdAdaptorInternal:  file_open 10-Jun-2024 19:50:45 CEST pre-events
Failed to open file at URL root://eoscms.cern.ch:1094//eos/cms/store/mc/RunIISummer20UL16MiniAODAPVv2/QCD_Pt_470to600_TuneCP5_13TeV_pythia8/MINIAODSIM/106X_mcRun2_asymptotic_preVFP_v11-v1/140000/50CB4002-B5E6-BC48-9014-C3539353F98B.root?tried=.
%MSG
10-Jun-2024 19:50:45 CEST  Fallback request to file root://xrootd-cms.infn.it//store/mc/RunIISummer20UL16MiniAODAPVv2/QCD_Pt_470to600_TuneCP5_13TeV_pythia8/MINIAODSIM/106X_mcRun2_asymptotic_preVFP_v11-v1/140000/50CB4002-B5E6-BC48-9014-C3539353F98B.root
%MSG-w XrdAdaptor:  file_open 10-Jun-2024 19:51:01 CEST pre-events
Data is served from T2_US_MIT instead of original site T2_IT_Pisa
%MSG
10-Jun-2024 19:51:05 CEST  Successfully opened file root://xrootd-cms.infn.it//store/mc/RunIISummer20UL16MiniAODAPVv2/QCD_Pt_470to600_TuneCP5_13TeV_pythia8/MINIAODSIM/106X_mcRun2_asymptotic_preVFP_v11-v1/140000/50CB4002-B5E6-BC48-9014-C3539353F98B.root
Begin processing the 1st record. Run 1, Event 13022003, LumiSection 13023 on stream 0 at 10-Jun-2024 19:51:11.123 CEST
10-Jun-2024 19:51:12 CEST  Closed file root://xrootd-cms.infn.it//store/mc/RunIISummer20UL16MiniAODAPVv2/QCD_Pt_470to600_TuneCP5_13TeV_pythia8/MINIAODSIM/106X_mcRun2_asymptotic_preVFP_v11-v1/140000/50CB4002-B5E6-BC48-9014-C3539353F98B.root
10-Jun-2024 19:51:12 CEST  Initiating request to open file root://eoscms.cern.ch//eos/cms/store/mc/RunIISummer20UL16MiniAODAPVv2/QCD_Pt_470to600_TuneCP5_13TeV_pythia8/MINIAODSIM/106X_mcRun2_asymptotic_preVFP_v11-v1/140000/C5FFB2AF-3584-4C4C-87E0-84AF29D082C9.root
%MSG-w XrdAdaptorInternal:  file_open 10-Jun-2024 19:51:13 CEST PostProcessEvent
Failed to open file at URL root://eoscms.cern.ch:1094//eos/cms/store/mc/RunIISummer20UL16MiniAODAPVv2/QCD_Pt_470to600_TuneCP5_13TeV_pythia8/MINIAODSIM/106X_mcRun2_asymptotic_preVFP_v11-v1/140000/C5FFB2AF-3584-4C4C-87E0-84AF29D082C9.root.
%MSG
%MSG-w XrdAdaptorInternal:  file_open 10-Jun-2024 19:51:13 CEST PostProcessEvent
Failed to open file at URL root://eoscms.cern.ch:1094//eos/cms/store/mc/RunIISummer20UL16MiniAODAPVv2/QCD_Pt_470to600_TuneCP5_13TeV_pythia8/MINIAODSIM/106X_mcRun2_asymptotic_preVFP_v11-v1/140000/C5FFB2AF-3584-4C4C-87E0-84AF29D082C9.root?tried=.
%MSG
10-Jun-2024 19:51:13 CEST  Fallback request to file root://xrootd-cms.infn.it//store/mc/RunIISummer20UL16MiniAODAPVv2/QCD_Pt_470to600_TuneCP5_13TeV_pythia8/MINIAODSIM/106X_mcRun2_asymptotic_preVFP_v11-v1/140000/C5FFB2AF-3584-4C4C-87E0-84AF29D082C9.root
%MSG-w XrdAdaptor:  file_open 10-Jun-2024 19:51:29 CEST PostProcessEvent
Data is served from T2_US_MIT instead of original site T2_IT_Pisa
%MSG
10-Jun-2024 19:51:30 CEST  Successfully opened file root://xrootd-cms.infn.it//store/mc/RunIISummer20UL16MiniAODAPVv2/QCD_Pt_470to600_TuneCP5_13TeV_pythia8/MINIAODSIM/106X_mcRun2_asymptotic_preVFP_v11-v1/140000/C5FFB2AF-3584-4C4C-87E0-84AF29D082C9.root
Begin processing the 100001st record. Run 1, Event 13089005, LumiSection 13090 on stream 0 at 10-Jun-2024 19:51:36.908 CEST
10-Jun-2024 19:51:37 CEST  Closed file root://xrootd-cms.infn.it//store/mc/RunIISummer20UL16MiniAODAPVv2/QCD_Pt_470to600_TuneCP5_13TeV_pythia8/MINIAODSIM/106X_mcRun2_asymptotic_preVFP_v11-v1/140000/C5FFB2AF-3584-4C4C-87E0-84AF29D082C9.root
10-Jun-2024 19:51:37 CEST  Initiating request to open file root://eoscms.cern.ch//eos/cms/store/mc/RunIISummer20UL16MiniAODAPVv2/QCD_Pt_470to600_TuneCP5_13TeV_pythia8/MINIAODSIM/106X_mcRun2_asymptotic_preVFP_v11-v1/140000/13ECD3A7-B5C9-C640-9FCB-4FAE338AC110.root
%MSG-w XrdAdaptorInternal:  file_open 10-Jun-2024 19:51:38 CEST PostProcessEvent
Failed to open file at URL root://eoscms.cern.ch:1094//eos/cms/store/mc/RunIISummer20UL16MiniAODAPVv2/QCD_Pt_470to600_TuneCP5_13TeV_pythia8/MINIAODSIM/106X_mcRun2_asymptotic_preVFP_v11-v1/140000/13ECD3A7-B5C9-C640-9FCB-4FAE338AC110.root.
%MSG
%MSG-w XrdAdaptorInternal:  file_open 10-Jun-2024 19:51:38 CEST PostProcessEvent
Failed to open file at URL root://eoscms.cern.ch:1094//eos/cms/store/mc/RunIISummer20UL16MiniAODAPVv2/QCD_Pt_470to600_TuneCP5_13TeV_pythia8/MINIAODSIM/106X_mcRun2_asymptotic_preVFP_v11-v1/140000/13ECD3A7-B5C9-C640-9FCB-4FAE338AC110.root?tried=.
%MSG
10-Jun-2024 19:51:38 CEST  Fallback request to file root://xrootd-cms.infn.it//store/mc/RunIISummer20UL16MiniAODAPVv2/QCD_Pt_470to600_TuneCP5_13TeV_pythia8/MINIAODSIM/106X_mcRun2_asymptotic_preVFP_v11-v1/140000/13ECD3A7-B5C9-C640-9FCB-4FAE338AC110.root
%MSG-w XrdAdaptor:  file_open 10-Jun-2024 19:51:54 CEST PostProcessEvent
Data is served from T2_US_MIT instead of original site T2_IT_Pisa
%MSG
10-Jun-2024 19:51:55 CEST  Successfully opened file root://xrootd-cms.infn.it//store/mc/RunIISummer20UL16MiniAODAPVv2/QCD_Pt_470to600_TuneCP5_13TeV_pythia8/MINIAODSIM/106X_mcRun2_asymptotic_preVFP_v11-v1/140000/13ECD3A7-B5C9-C640-9FCB-4FAE338AC110.root
10-Jun-2024 19:52:05 CEST  Closed file root://xrootd-cms.infn.it//store/mc/RunIISummer20UL16MiniAODAPVv2/QCD_Pt_470to600_TuneCP5_13TeV_pythia8/MINIAODSIM/106X_mcRun2_asymptotic_preVFP_v11-v1/140000/13ECD3A7-B5C9-C640-9FCB-4FAE338AC110.root
10-Jun-2024 19:52:05 CEST  Initiating request to open file root://eoscms.cern.ch//eos/cms/store/mc/RunIISummer20UL16MiniAODAPVv2/QCD_Pt_470to600_TuneCP5_13TeV_pythia8/MINIAODSIM/106X_mcRun2_asymptotic_preVFP_v11-v1/140000/66B2B425-1CC3-2E49-8FFB-21837B7011D6.root
%MSG-w XrdAdaptorInternal:  file_open 10-Jun-2024 19:52:06 CEST PostProcessEvent
Failed to open file at URL root://eoscms.cern.ch:1094//eos/cms/store/mc/RunIISummer20UL16MiniAODAPVv2/QCD_Pt_470to600_TuneCP5_13TeV_pythia8/MINIAODSIM/106X_mcRun2_asymptotic_preVFP_v11-v1/140000/66B2B425-1CC3-2E49-8FFB-21837B7011D6.root.
%MSG
%MSG-w XrdAdaptorInternal:  file_open 10-Jun-2024 19:52:06 CEST PostProcessEvent
Failed to open file at URL root://eoscms.cern.ch:1094//eos/cms/store/mc/RunIISummer20UL16MiniAODAPVv2/QCD_Pt_470to600_TuneCP5_13TeV_pythia8/MINIAODSIM/106X_mcRun2_asymptotic_preVFP_v11-v1/140000/66B2B425-1CC3-2E49-8FFB-21837B7011D6.root?tried=.
%MSG
10-Jun-2024 19:52:06 CEST  Fallback request to file root://xrootd-cms.infn.it//store/mc/RunIISummer20UL16MiniAODAPVv2/QCD_Pt_470to600_TuneCP5_13TeV_pythia8/MINIAODSIM/106X_mcRun2_asymptotic_preVFP_v11-v1/140000/66B2B425-1CC3-2E49-8FFB-21837B7011D6.root
%MSG-w XrdAdaptor:  file_open 10-Jun-2024 19:52:20 CEST PostProcessEvent
Data is served from T2_US_MIT instead of original site T2_IT_Pisa
%MSG
10-Jun-2024 19:52:20 CEST  Successfully opened file root://xrootd-cms.infn.it//store/mc/RunIISummer20UL16MiniAODAPVv2/QCD_Pt_470to600_TuneCP5_13TeV_pythia8/MINIAODSIM/106X_mcRun2_asymptotic_preVFP_v11-v1/140000/66B2B425-1CC3-2E49-8FFB-21837B7011D6.root
Begin processing the 200001st record. Run 1, Event 13329009, LumiSection 13330 on stream 0 at 10-Jun-2024 19:52:26.413 CEST
10-Jun-2024 19:52:28 CEST  Closed file root://xrootd-cms.infn.it//store/mc/RunIISummer20UL16MiniAODAPVv2/QCD_Pt_470to600_TuneCP5_13TeV_pythia8/MINIAODSIM/106X_mcRun2_asymptotic_preVFP_v11-v1/140000/66B2B425-1CC3-2E49-8FFB-21837B7011D6.root
10-Jun-2024 19:52:28 CEST  Initiating request to open file root://eoscms.cern.ch//eos/cms/store/mc/RunIISummer20UL16MiniAODAPVv2/QCD_Pt_470to600_TuneCP5_13TeV_pythia8/MINIAODSIM/106X_mcRun2_asymptotic_preVFP_v11-v1/140000/E66C6AE6-E439-1544-9777-843D24311843.root
%MSG-w XrdAdaptorInternal:  file_open 10-Jun-2024 19:52:29 CEST PostProcessEvent
Failed to open file at URL root://eoscms.cern.ch:1094//eos/cms/store/mc/RunIISummer20UL16MiniAODAPVv2/QCD_Pt_470to600_TuneCP5_13TeV_pythia8/MINIAODSIM/106X_mcRun2_asymptotic_preVFP_v11-v1/140000/E66C6AE6-E439-1544-9777-843D24311843.root.
%MSG
%MSG-w XrdAdaptorInternal:  file_open 10-Jun-2024 19:52:29 CEST PostProcessEvent
Failed to open file at URL root://eoscms.cern.ch:1094//eos/cms/store/mc/RunIISummer20UL16MiniAODAPVv2/QCD_Pt_470to600_TuneCP5_13TeV_pythia8/MINIAODSIM/106X_mcRun2_asymptotic_preVFP_v11-v1/140000/E66C6AE6-E439-1544-9777-843D24311843.root?tried=.
%MSG
10-Jun-2024 19:52:29 CEST  Fallback request to file root://xrootd-cms.infn.it//store/mc/RunIISummer20UL16MiniAODAPVv2/QCD_Pt_470to600_TuneCP5_13TeV_pythia8/MINIAODSIM/106X_mcRun2_asymptotic_preVFP_v11-v1/140000/E66C6AE6-E439-1544-9777-843D24311843.root
%MSG-w XrdAdaptor:  file_open 10-Jun-2024 19:52:43 CEST PostProcessEvent
Data is served from T2_US_MIT instead of original site T2_IT_Pisa
%MSG
10-Jun-2024 19:52:44 CEST  Successfully opened file root://xrootd-cms.infn.it//store/mc/RunIISummer20UL16MiniAODAPVv2/QCD_Pt_470to600_TuneCP5_13TeV_pythia8/MINIAODSIM/106X_mcRun2_asymptotic_preVFP_v11-v1/140000/E66C6AE6-E439-1544-9777-843D24311843.root
Begin processing the 300001st record. Run 1, Event 13840003, LumiSection 13841 on stream 0 at 10-Jun-2024 19:52:50.781 CEST
10-Jun-2024 19:52:51 CEST  Closed file root://xrootd-cms.infn.it//store/mc/RunIISummer20UL16MiniAODAPVv2/QCD_Pt_470to600_TuneCP5_13TeV_pythia8/MINIAODSIM/106X_mcRun2_asymptotic_preVFP_v11-v1/140000/E66C6AE6-E439-1544-9777-843D24311843.root
10-Jun-2024 19:52:51 CEST  Initiating request to open file root://eoscms.cern.ch//eos/cms/store/mc/RunIISummer20UL16MiniAODAPVv2/QCD_Pt_470to600_TuneCP5_13TeV_pythia8/MINIAODSIM/106X_mcRun2_asymptotic_preVFP_v11-v1/140000/16CB2A8E-0195-1E40-BD14-E85C1D3B268D.root
%MSG-w XrdAdaptorInternal:  file_open 10-Jun-2024 19:52:52 CEST PostProcessEvent
Failed to open file at URL root://eoscms.cern.ch:1094//eos/cms/store/mc/RunIISummer20UL16MiniAODAPVv2/QCD_Pt_470to600_TuneCP5_13TeV_pythia8/MINIAODSIM/106X_mcRun2_asymptotic_preVFP_v11-v1/140000/16CB2A8E-0195-1E40-BD14-E85C1D3B268D.root.
%MSG
%MSG-w XrdAdaptorInternal:  file_open 10-Jun-2024 19:52:52 CEST PostProcessEvent
Failed to open file at URL root://eoscms.cern.ch:1094//eos/cms/store/mc/RunIISummer20UL16MiniAODAPVv2/QCD_Pt_470to600_TuneCP5_13TeV_pythia8/MINIAODSIM/106X_mcRun2_asymptotic_preVFP_v11-v1/140000/16CB2A8E-0195-1E40-BD14-E85C1D3B268D.root?tried=.
%MSG
10-Jun-2024 19:52:52 CEST  Fallback request to file root://xrootd-cms.infn.it//store/mc/RunIISummer20UL16MiniAODAPVv2/QCD_Pt_470to600_TuneCP5_13TeV_pythia8/MINIAODSIM/106X_mcRun2_asymptotic_preVFP_v11-v1/140000/16CB2A8E-0195-1E40-BD14-E85C1D3B268D.root
%MSG-w XrdAdaptor:  file_open 10-Jun-2024 19:53:06 CEST PostProcessEvent
Data is served from T2_US_MIT instead of original site T2_IT_Pisa
%MSG
10-Jun-2024 19:53:07 CEST  Successfully opened file root://xrootd-cms.infn.it//store/mc/RunIISummer20UL16MiniAODAPVv2/QCD_Pt_470to600_TuneCP5_13TeV_pythia8/MINIAODSIM/106X_mcRun2_asymptotic_preVFP_v11-v1/140000/16CB2A8E-0195-1E40-BD14-E85C1D3B268D.root
10-Jun-2024 19:53:12 CEST  Closed file root://xrootd-cms.infn.it//store/mc/RunIISummer20UL16MiniAODAPVv2/QCD_Pt_470to600_TuneCP5_13TeV_pythia8/MINIAODSIM/106X_mcRun2_asymptotic_preVFP_v11-v1/140000/16CB2A8E-0195-1E40-BD14-E85C1D3B268D.root
10-Jun-2024 19:53:12 CEST  Initiating request to open file root://eoscms.cern.ch//eos/cms/store/mc/RunIISummer20UL16MiniAODAPVv2/QCD_Pt_470to600_TuneCP5_13TeV_pythia8/MINIAODSIM/106X_mcRun2_asymptotic_preVFP_v11-v1/280000/B9FFFC33-40FA-D342-B5B6-BEBEC30F6251.root
%MSG-w XrdAdaptorInternal:  file_open 10-Jun-2024 19:53:13 CEST PostProcessEvent
Failed to open file at URL root://eoscms.cern.ch:1094//eos/cms/store/mc/RunIISummer20UL16MiniAODAPVv2/QCD_Pt_470to600_TuneCP5_13TeV_pythia8/MINIAODSIM/106X_mcRun2_asymptotic_preVFP_v11-v1/280000/B9FFFC33-40FA-D342-B5B6-BEBEC30F6251.root.
%MSG
%MSG-w XrdAdaptorInternal:  file_open 10-Jun-2024 19:53:13 CEST PostProcessEvent
Failed to open file at URL root://eoscms.cern.ch:1094//eos/cms/store/mc/RunIISummer20UL16MiniAODAPVv2/QCD_Pt_470to600_TuneCP5_13TeV_pythia8/MINIAODSIM/106X_mcRun2_asymptotic_preVFP_v11-v1/280000/B9FFFC33-40FA-D342-B5B6-BEBEC30F6251.root?tried=.
%MSG
10-Jun-2024 19:53:13 CEST  Fallback request to file root://xrootd-cms.infn.it//store/mc/RunIISummer20UL16MiniAODAPVv2/QCD_Pt_470to600_TuneCP5_13TeV_pythia8/MINIAODSIM/106X_mcRun2_asymptotic_preVFP_v11-v1/280000/B9FFFC33-40FA-D342-B5B6-BEBEC30F6251.root
[2024-06-10 19:53:28.466877 +0200][Error  ][AsyncSock         ] [g34n06.hep.wisc.edu:1094 #0.0] Unable to connect: No route to host
[2024-06-10 19:53:28.466972 +0200][Error  ][PostMaster        ] [g34n06.hep.wisc.edu:1094 #0] elapsed = 2, pConnectionWindow = 31 seconds.
%MSG-w XrdAdaptor:  file_open 10-Jun-2024 19:53:30 CEST PostProcessEvent
Data is served from T2_US_Wisconsin instead of original site T2_IT_Pisa
%MSG
10-Jun-2024 19:53:31 CEST  Successfully opened file root://xrootd-cms.infn.it//store/mc/RunIISummer20UL16MiniAODAPVv2/QCD_Pt_470to600_TuneCP5_13TeV_pythia8/MINIAODSIM/106X_mcRun2_asymptotic_preVFP_v11-v1/280000/B9FFFC33-40FA-D342-B5B6-BEBEC30F6251.root
Begin processing the 400001st record. Run 1, Event 28078009, LumiSection 28079 on stream 0 at 10-Jun-2024 19:53:40.441 CEST
10-Jun-2024 19:53:41 CEST  Closed file root://xrootd-cms.infn.it//store/mc/RunIISummer20UL16MiniAODAPVv2/QCD_Pt_470to600_TuneCP5_13TeV_pythia8/MINIAODSIM/106X_mcRun2_asymptotic_preVFP_v11-v1/280000/B9FFFC33-40FA-D342-B5B6-BEBEC30F6251.root
10-Jun-2024 19:53:41 CEST  Initiating request to open file root://eoscms.cern.ch//eos/cms/store/mc/RunIISummer20UL16MiniAODAPVv2/QCD_Pt_470to600_TuneCP5_13TeV_pythia8/MINIAODSIM/106X_mcRun2_asymptotic_preVFP_v11-v1/280000/277E3C94-74F6-A94C-BC0E-8701F58ADB21.root
%MSG-w XrdAdaptorInternal:  file_open 10-Jun-2024 19:53:42 CEST PostProcessEvent
Failed to open file at URL root://eoscms.cern.ch:1094//eos/cms/store/mc/RunIISummer20UL16MiniAODAPVv2/QCD_Pt_470to600_TuneCP5_13TeV_pythia8/MINIAODSIM/106X_mcRun2_asymptotic_preVFP_v11-v1/280000/277E3C94-74F6-A94C-BC0E-8701F58ADB21.root.
%MSG
%MSG-w XrdAdaptorInternal:  file_open 10-Jun-2024 19:53:42 CEST PostProcessEvent
Failed to open file at URL root://eoscms.cern.ch:1094//eos/cms/store/mc/RunIISummer20UL16MiniAODAPVv2/QCD_Pt_470to600_TuneCP5_13TeV_pythia8/MINIAODSIM/106X_mcRun2_asymptotic_preVFP_v11-v1/280000/277E3C94-74F6-A94C-BC0E-8701F58ADB21.root?tried=.
%MSG
10-Jun-2024 19:53:42 CEST  Fallback request to file root://xrootd-cms.infn.it//store/mc/RunIISummer20UL16MiniAODAPVv2/QCD_Pt_470to600_TuneCP5_13TeV_pythia8/MINIAODSIM/106X_mcRun2_asymptotic_preVFP_v11-v1/280000/277E3C94-74F6-A94C-BC0E-8701F58ADB21.root
%MSG-w XrdAdaptor:  file_open 10-Jun-2024 19:53:55 CEST PostProcessEvent
Data is served from T2_US_Wisconsin instead of original site T2_IT_Pisa
%MSG
10-Jun-2024 19:53:56 CEST  Successfully opened file root://xrootd-cms.infn.it//store/mc/RunIISummer20UL16MiniAODAPVv2/QCD_Pt_470to600_TuneCP5_13TeV_pythia8/MINIAODSIM/106X_mcRun2_asymptotic_preVFP_v11-v1/280000/277E3C94-74F6-A94C-BC0E-8701F58ADB21.root
Begin processing the 500001st record. Run 1, Event 30903009, LumiSection 30904 on stream 0 at 10-Jun-2024 19:54:05.769 CEST
10-Jun-2024 19:54:06 CEST  Closed file root://xrootd-cms.infn.it//store/mc/RunIISummer20UL16MiniAODAPVv2/QCD_Pt_470to600_TuneCP5_13TeV_pythia8/MINIAODSIM/106X_mcRun2_asymptotic_preVFP_v11-v1/280000/277E3C94-74F6-A94C-BC0E-8701F58ADB21.root
10-Jun-2024 19:54:06 CEST  Initiating request to open file root://eoscms.cern.ch//eos/cms/store/mc/RunIISummer20UL16MiniAODAPVv2/QCD_Pt_470to600_TuneCP5_13TeV_pythia8/MINIAODSIM/106X_mcRun2_asymptotic_preVFP_v11-v1/280000/74B296A1-104B-ED46-B3F5-722C085CB46A.root
%MSG-w XrdAdaptorInternal:  file_open 10-Jun-2024 19:54:07 CEST PostProcessEvent
Failed to open file at URL root://eoscms.cern.ch:1094//eos/cms/store/mc/RunIISummer20UL16MiniAODAPVv2/QCD_Pt_470to600_TuneCP5_13TeV_pythia8/MINIAODSIM/106X_mcRun2_asymptotic_preVFP_v11-v1/280000/74B296A1-104B-ED46-B3F5-722C085CB46A.root.
%MSG
%MSG-w XrdAdaptorInternal:  file_open 10-Jun-2024 19:54:07 CEST PostProcessEvent
Failed to open file at URL root://eoscms.cern.ch:1094//eos/cms/store/mc/RunIISummer20UL16MiniAODAPVv2/QCD_Pt_470to600_TuneCP5_13TeV_pythia8/MINIAODSIM/106X_mcRun2_asymptotic_preVFP_v11-v1/280000/74B296A1-104B-ED46-B3F5-722C085CB46A.root?tried=.
%MSG
10-Jun-2024 19:54:07 CEST  Fallback request to file root://xrootd-cms.infn.it//store/mc/RunIISummer20UL16MiniAODAPVv2/QCD_Pt_470to600_TuneCP5_13TeV_pythia8/MINIAODSIM/106X_mcRun2_asymptotic_preVFP_v11-v1/280000/74B296A1-104B-ED46-B3F5-722C085CB46A.root
%MSG-w XrdAdaptor:  file_open 10-Jun-2024 19:54:20 CEST PostProcessEvent
Data is served from T2_US_Wisconsin instead of original site T2_IT_Pisa
%MSG
10-Jun-2024 19:54:21 CEST  Successfully opened file root://xrootd-cms.infn.it//store/mc/RunIISummer20UL16MiniAODAPVv2/QCD_Pt_470to600_TuneCP5_13TeV_pythia8/MINIAODSIM/106X_mcRun2_asymptotic_preVFP_v11-v1/280000/74B296A1-104B-ED46-B3F5-722C085CB46A.root
10-Jun-2024 19:54:29 CEST  Closed file root://xrootd-cms.infn.it//store/mc/RunIISummer20UL16MiniAODAPVv2/QCD_Pt_470to600_TuneCP5_13TeV_pythia8/MINIAODSIM/106X_mcRun2_asymptotic_preVFP_v11-v1/280000/74B296A1-104B-ED46-B3F5-722C085CB46A.root
10-Jun-2024 19:54:29 CEST  Initiating request to open file root://eoscms.cern.ch//eos/cms/store/mc/RunIISummer20UL16MiniAODAPVv2/QCD_Pt_470to600_TuneCP5_13TeV_pythia8/MINIAODSIM/106X_mcRun2_asymptotic_preVFP_v11-v1/280000/55975858-350C-2D41-84A5-6FDB45952098.root
%MSG-w XrdAdaptorInternal:  file_open 10-Jun-2024 19:54:30 CEST PostProcessEvent
Failed to open file at URL root://eoscms.cern.ch:1094//eos/cms/store/mc/RunIISummer20UL16MiniAODAPVv2/QCD_Pt_470to600_TuneCP5_13TeV_pythia8/MINIAODSIM/106X_mcRun2_asymptotic_preVFP_v11-v1/280000/55975858-350C-2D41-84A5-6FDB45952098.root.
%MSG
%MSG-w XrdAdaptorInternal:  file_open 10-Jun-2024 19:54:30 CEST PostProcessEvent
Failed to open file at URL root://eoscms.cern.ch:1094//eos/cms/store/mc/RunIISummer20UL16MiniAODAPVv2/QCD_Pt_470to600_TuneCP5_13TeV_pythia8/MINIAODSIM/106X_mcRun2_asymptotic_preVFP_v11-v1/280000/55975858-350C-2D41-84A5-6FDB45952098.root?tried=.
%MSG
10-Jun-2024 19:54:30 CEST  Fallback request to file root://xrootd-cms.infn.it//store/mc/RunIISummer20UL16MiniAODAPVv2/QCD_Pt_470to600_TuneCP5_13TeV_pythia8/MINIAODSIM/106X_mcRun2_asymptotic_preVFP_v11-v1/280000/55975858-350C-2D41-84A5-6FDB45952098.root
%MSG-w XrdAdaptor:  file_open 10-Jun-2024 19:54:42 CEST PostProcessEvent
Data is served from T2_US_Wisconsin instead of original site T2_IT_Pisa
%MSG
10-Jun-2024 19:54:43 CEST  Successfully opened file root://xrootd-cms.infn.it//store/mc/RunIISummer20UL16MiniAODAPVv2/QCD_Pt_470to600_TuneCP5_13TeV_pythia8/MINIAODSIM/106X_mcRun2_asymptotic_preVFP_v11-v1/280000/55975858-350C-2D41-84A5-6FDB45952098.root
Begin processing the 600001st record. Run 1, Event 40132012, LumiSection 40133 on stream 0 at 10-Jun-2024 19:54:50.054 CEST
10-Jun-2024 19:54:51 CEST  Closed file root://xrootd-cms.infn.it//store/mc/RunIISummer20UL16MiniAODAPVv2/QCD_Pt_470to600_TuneCP5_13TeV_pythia8/MINIAODSIM/106X_mcRun2_asymptotic_preVFP_v11-v1/280000/55975858-350C-2D41-84A5-6FDB45952098.root
10-Jun-2024 19:54:51 CEST  Initiating request to open file root://eoscms.cern.ch//eos/cms/store/mc/RunIISummer20UL16MiniAODAPVv2/QCD_Pt_470to600_TuneCP5_13TeV_pythia8/MINIAODSIM/106X_mcRun2_asymptotic_preVFP_v11-v1/280000/D18122A9-90D4-174F-BA4E-2B6172EE5A19.root
%MSG-w XrdAdaptorInternal:  file_open 10-Jun-2024 19:54:52 CEST PostProcessEvent
Failed to open file at URL root://eoscms.cern.ch:1094//eos/cms/store/mc/RunIISummer20UL16MiniAODAPVv2/QCD_Pt_470to600_TuneCP5_13TeV_pythia8/MINIAODSIM/106X_mcRun2_asymptotic_preVFP_v11-v1/280000/D18122A9-90D4-174F-BA4E-2B6172EE5A19.root.
%MSG
%MSG-w XrdAdaptorInternal:  file_open 10-Jun-2024 19:54:52 CEST PostProcessEvent
Failed to open file at URL root://eoscms.cern.ch:1094//eos/cms/store/mc/RunIISummer20UL16MiniAODAPVv2/QCD_Pt_470to600_TuneCP5_13TeV_pythia8/MINIAODSIM/106X_mcRun2_asymptotic_preVFP_v11-v1/280000/D18122A9-90D4-174F-BA4E-2B6172EE5A19.root?tried=.
%MSG
10-Jun-2024 19:54:52 CEST  Fallback request to file root://xrootd-cms.infn.it//store/mc/RunIISummer20UL16MiniAODAPVv2/QCD_Pt_470to600_TuneCP5_13TeV_pythia8/MINIAODSIM/106X_mcRun2_asymptotic_preVFP_v11-v1/280000/D18122A9-90D4-174F-BA4E-2B6172EE5A19.root
%MSG-w XrdAdaptor:  file_open 10-Jun-2024 19:55:05 CEST PostProcessEvent
Data is served from T2_US_Wisconsin instead of original site T2_IT_Pisa
%MSG
10-Jun-2024 19:55:06 CEST  Successfully opened file root://xrootd-cms.infn.it//store/mc/RunIISummer20UL16MiniAODAPVv2/QCD_Pt_470to600_TuneCP5_13TeV_pythia8/MINIAODSIM/106X_mcRun2_asymptotic_preVFP_v11-v1/280000/D18122A9-90D4-174F-BA4E-2B6172EE5A19.root
Begin processing the 700001st record. Run 1, Event 27604003, LumiSection 27605 on stream 0 at 10-Jun-2024 19:55:13.517 CEST
10-Jun-2024 19:55:14 CEST  Closed file root://xrootd-cms.infn.it//store/mc/RunIISummer20UL16MiniAODAPVv2/QCD_Pt_470to600_TuneCP5_13TeV_pythia8/MINIAODSIM/106X_mcRun2_asymptotic_preVFP_v11-v1/280000/D18122A9-90D4-174F-BA4E-2B6172EE5A19.root
10-Jun-2024 19:55:14 CEST  Initiating request to open file root://eoscms.cern.ch//eos/cms/store/mc/RunIISummer20UL16MiniAODAPVv2/QCD_Pt_470to600_TuneCP5_13TeV_pythia8/MINIAODSIM/106X_mcRun2_asymptotic_preVFP_v11-v1/280000/927485C6-C8BF-2946-AAEB-6B55492BD971.root
%MSG-w XrdAdaptorInternal:  file_open 10-Jun-2024 19:55:15 CEST PostProcessEvent
Failed to open file at URL root://eoscms.cern.ch:1094//eos/cms/store/mc/RunIISummer20UL16MiniAODAPVv2/QCD_Pt_470to600_TuneCP5_13TeV_pythia8/MINIAODSIM/106X_mcRun2_asymptotic_preVFP_v11-v1/280000/927485C6-C8BF-2946-AAEB-6B55492BD971.root.
%MSG
%MSG-w XrdAdaptorInternal:  file_open 10-Jun-2024 19:55:15 CEST PostProcessEvent
Failed to open file at URL root://eoscms.cern.ch:1094//eos/cms/store/mc/RunIISummer20UL16MiniAODAPVv2/QCD_Pt_470to600_TuneCP5_13TeV_pythia8/MINIAODSIM/106X_mcRun2_asymptotic_preVFP_v11-v1/280000/927485C6-C8BF-2946-AAEB-6B55492BD971.root?tried=.
%MSG
10-Jun-2024 19:55:15 CEST  Fallback request to file root://xrootd-cms.infn.it//store/mc/RunIISummer20UL16MiniAODAPVv2/QCD_Pt_470to600_TuneCP5_13TeV_pythia8/MINIAODSIM/106X_mcRun2_asymptotic_preVFP_v11-v1/280000/927485C6-C8BF-2946-AAEB-6B55492BD971.root
%MSG-w XrdAdaptor:  file_open 10-Jun-2024 19:55:27 CEST PostProcessEvent
Data is served from T2_US_Wisconsin instead of original site T2_IT_Pisa
%MSG
10-Jun-2024 19:55:28 CEST  Successfully opened file root://xrootd-cms.infn.it//store/mc/RunIISummer20UL16MiniAODAPVv2/QCD_Pt_470to600_TuneCP5_13TeV_pythia8/MINIAODSIM/106X_mcRun2_asymptotic_preVFP_v11-v1/280000/927485C6-C8BF-2946-AAEB-6B55492BD971.root
10-Jun-2024 19:55:37 CEST  Closed file root://xrootd-cms.infn.it//store/mc/RunIISummer20UL16MiniAODAPVv2/QCD_Pt_470to600_TuneCP5_13TeV_pythia8/MINIAODSIM/106X_mcRun2_asymptotic_preVFP_v11-v1/280000/927485C6-C8BF-2946-AAEB-6B55492BD971.root
10-Jun-2024 19:55:37 CEST  Initiating request to open file root://eoscms.cern.ch//eos/cms/store/mc/RunIISummer20UL16MiniAODAPVv2/QCD_Pt_470to600_TuneCP5_13TeV_pythia8/MINIAODSIM/106X_mcRun2_asymptotic_preVFP_v11-v1/280000/60F006DC-181A-8E48-BC6B-4463C340AA6B.root
%MSG-w XrdAdaptorInternal:  file_open 10-Jun-2024 19:55:38 CEST PostProcessEvent
Failed to open file at URL root://eoscms.cern.ch:1094//eos/cms/store/mc/RunIISummer20UL16MiniAODAPVv2/QCD_Pt_470to600_TuneCP5_13TeV_pythia8/MINIAODSIM/106X_mcRun2_asymptotic_preVFP_v11-v1/280000/60F006DC-181A-8E48-BC6B-4463C340AA6B.root.
%MSG
%MSG-w XrdAdaptorInternal:  file_open 10-Jun-2024 19:55:38 CEST PostProcessEvent
Failed to open file at URL root://eoscms.cern.ch:1094//eos/cms/store/mc/RunIISummer20UL16MiniAODAPVv2/QCD_Pt_470to600_TuneCP5_13TeV_pythia8/MINIAODSIM/106X_mcRun2_asymptotic_preVFP_v11-v1/280000/60F006DC-181A-8E48-BC6B-4463C340AA6B.root?tried=.
%MSG
10-Jun-2024 19:55:38 CEST  Fallback request to file root://xrootd-cms.infn.it//store/mc/RunIISummer20UL16MiniAODAPVv2/QCD_Pt_470to600_TuneCP5_13TeV_pythia8/MINIAODSIM/106X_mcRun2_asymptotic_preVFP_v11-v1/280000/60F006DC-181A-8E48-BC6B-4463C340AA6B.root
%MSG-w XrdAdaptor:  file_open 10-Jun-2024 19:55:51 CEST PostProcessEvent
Data is served from T2_US_Wisconsin instead of original site T2_IT_Pisa
%MSG
10-Jun-2024 19:55:52 CEST  Successfully opened file root://xrootd-cms.infn.it//store/mc/RunIISummer20UL16MiniAODAPVv2/QCD_Pt_470to600_TuneCP5_13TeV_pythia8/MINIAODSIM/106X_mcRun2_asymptotic_preVFP_v11-v1/280000/60F006DC-181A-8E48-BC6B-4463C340AA6B.root
Begin processing the 800001st record. Run 1, Event 35539006, LumiSection 35540 on stream 0 at 10-Jun-2024 19:55:57.877 CEST
10-Jun-2024 19:55:59 CEST  Closed file root://xrootd-cms.infn.it//store/mc/RunIISummer20UL16MiniAODAPVv2/QCD_Pt_470to600_TuneCP5_13TeV_pythia8/MINIAODSIM/106X_mcRun2_asymptotic_preVFP_v11-v1/280000/60F006DC-181A-8E48-BC6B-4463C340AA6B.root
10-Jun-2024 19:55:59 CEST  Initiating request to open file root://eoscms.cern.ch//eos/cms/store/mc/RunIISummer20UL16MiniAODAPVv2/QCD_Pt_470to600_TuneCP5_13TeV_pythia8/MINIAODSIM/106X_mcRun2_asymptotic_preVFP_v11-v1/280000/81E73303-CD9B-A44C-8CA4-8E8D4DBAA8CA.root
%MSG-w XrdAdaptorInternal:  file_open 10-Jun-2024 19:56:00 CEST PostProcessEvent
Failed to open file at URL root://eoscms.cern.ch:1094//eos/cms/store/mc/RunIISummer20UL16MiniAODAPVv2/QCD_Pt_470to600_TuneCP5_13TeV_pythia8/MINIAODSIM/106X_mcRun2_asymptotic_preVFP_v11-v1/280000/81E73303-CD9B-A44C-8CA4-8E8D4DBAA8CA.root.
%MSG
%MSG-w XrdAdaptorInternal:  file_open 10-Jun-2024 19:56:00 CEST PostProcessEvent
Failed to open file at URL root://eoscms.cern.ch:1094//eos/cms/store/mc/RunIISummer20UL16MiniAODAPVv2/QCD_Pt_470to600_TuneCP5_13TeV_pythia8/MINIAODSIM/106X_mcRun2_asymptotic_preVFP_v11-v1/280000/81E73303-CD9B-A44C-8CA4-8E8D4DBAA8CA.root?tried=.
%MSG
10-Jun-2024 19:56:00 CEST  Fallback request to file root://xrootd-cms.infn.it//store/mc/RunIISummer20UL16MiniAODAPVv2/QCD_Pt_470to600_TuneCP5_13TeV_pythia8/MINIAODSIM/106X_mcRun2_asymptotic_preVFP_v11-v1/280000/81E73303-CD9B-A44C-8CA4-8E8D4DBAA8CA.root
%MSG-w XrdAdaptor:  file_open 10-Jun-2024 19:56:13 CEST PostProcessEvent
Data is served from T2_US_Wisconsin instead of original site T2_IT_Pisa
%MSG
10-Jun-2024 19:56:14 CEST  Successfully opened file root://xrootd-cms.infn.it//store/mc/RunIISummer20UL16MiniAODAPVv2/QCD_Pt_470to600_TuneCP5_13TeV_pythia8/MINIAODSIM/106X_mcRun2_asymptotic_preVFP_v11-v1/280000/81E73303-CD9B-A44C-8CA4-8E8D4DBAA8CA.root
Begin processing the 900001st record. Run 1, Event 43062007, LumiSection 43063 on stream 0 at 10-Jun-2024 19:56:23.351 CEST
10-Jun-2024 19:56:24 CEST  Closed file root://xrootd-cms.infn.it//store/mc/RunIISummer20UL16MiniAODAPVv2/QCD_Pt_470to600_TuneCP5_13TeV_pythia8/MINIAODSIM/106X_mcRun2_asymptotic_preVFP_v11-v1/280000/81E73303-CD9B-A44C-8CA4-8E8D4DBAA8CA.root
10-Jun-2024 19:56:24 CEST  Initiating request to open file root://eoscms.cern.ch//eos/cms/store/mc/RunIISummer20UL16MiniAODAPVv2/QCD_Pt_470to600_TuneCP5_13TeV_pythia8/MINIAODSIM/106X_mcRun2_asymptotic_preVFP_v11-v1/280000/6B54751E-03DF-494B-A6E4-DA79E0ABF1DA.root
%MSG-w XrdAdaptorInternal:  file_open 10-Jun-2024 19:56:25 CEST PostProcessEvent
Failed to open file at URL root://eoscms.cern.ch:1094//eos/cms/store/mc/RunIISummer20UL16MiniAODAPVv2/QCD_Pt_470to600_TuneCP5_13TeV_pythia8/MINIAODSIM/106X_mcRun2_asymptotic_preVFP_v11-v1/280000/6B54751E-03DF-494B-A6E4-DA79E0ABF1DA.root.
%MSG
%MSG-w XrdAdaptorInternal:  file_open 10-Jun-2024 19:56:25 CEST PostProcessEvent
Failed to open file at URL root://eoscms.cern.ch:1094//eos/cms/store/mc/RunIISummer20UL16MiniAODAPVv2/QCD_Pt_470to600_TuneCP5_13TeV_pythia8/MINIAODSIM/106X_mcRun2_asymptotic_preVFP_v11-v1/280000/6B54751E-03DF-494B-A6E4-DA79E0ABF1DA.root?tried=.
%MSG
10-Jun-2024 19:56:25 CEST  Fallback request to file root://xrootd-cms.infn.it//store/mc/RunIISummer20UL16MiniAODAPVv2/QCD_Pt_470to600_TuneCP5_13TeV_pythia8/MINIAODSIM/106X_mcRun2_asymptotic_preVFP_v11-v1/280000/6B54751E-03DF-494B-A6E4-DA79E0ABF1DA.root
%MSG-w XrdAdaptor:  file_open 10-Jun-2024 19:56:38 CEST PostProcessEvent
Data is served from T2_US_Wisconsin instead of original site T2_IT_Pisa
%MSG
10-Jun-2024 19:56:39 CEST  Successfully opened file root://xrootd-cms.infn.it//store/mc/RunIISummer20UL16MiniAODAPVv2/QCD_Pt_470to600_TuneCP5_13TeV_pythia8/MINIAODSIM/106X_mcRun2_asymptotic_preVFP_v11-v1/280000/6B54751E-03DF-494B-A6E4-DA79E0ABF1DA.root
10-Jun-2024 19:56:47 CEST  Closed file root://xrootd-cms.infn.it//store/mc/RunIISummer20UL16MiniAODAPVv2/QCD_Pt_470to600_TuneCP5_13TeV_pythia8/MINIAODSIM/106X_mcRun2_asymptotic_preVFP_v11-v1/280000/6B54751E-03DF-494B-A6E4-DA79E0ABF1DA.root

------------------------------------
GenXsecAnalyzer:
------------------------------------
Before Filter: total cross section = 5.522e+02 +- 2.619e-01 pb
Filter efficiency (taking into account weights)= (1e+06) / (1e+06) = 1.000e+00 +- 0.000e+00
Filter efficiency (event-level)= (1e+06) / (1e+06) = 1.000e+00 +- 0.000e+00    [TO BE USED IN MCM]

After filter: final cross section = 5.522e+02 +- 2.619e-01 pb
After filter: final fraction of events with negative weights = 0.000e+00 +- 0.000e+00
After filter: final equivalent lumi for 1M events (1/fb) = 1.811e+00 +- 2.004e-03

=============================================

MessageLogger Summary

 type     category        sev    module        subroutine        count    total
 ---- -------------------- -- ---------------- ----------------  -----    -----
    1 GenXSecAnalyzer      -w GenXSecAnalyzer:                       7        7
    2 XrdAdaptor           -w file_open                             15       15
    3 XrdAdaptorInternal   -w file_open                             30       30
    4 fileAction           -s file_close                            15       15
    5 fileAction           -s file_open                             45       45

 type    category    Examples: run/evt        run/evt          run/evt
 ---- -------------------- ---------------- ---------------- ----------------
    1 GenXSecAnalyzer      PostGlobalEndRun PostGlobalEndRun PostGlobalEndRun
    2 XrdAdaptor           pre-events       PostProcessEvent PostProcessEvent
    3 XrdAdaptorInternal   pre-events       pre-events       PostProcessEvent
    4 fileAction           PostProcessEvent PostProcessEvent PostGlobalEndRun
    5 fileAction           pre-events       pre-events       PostProcessEvent

Severity    # Occurrences   Total Occurrences
--------    -------------   -----------------
Warning                52                  52
System                 60                  60

dropped waiting message count 0
